Standardize ...
Stratifying 1-th numerical feature ...
Standardize ...
Stratifying 1-th numerical feature ...
Standardize ...
Stratifying 1-th numerical feature ...
Standardize ...
Stratifying 1-th numerical feature ...
Standardize ...
Stratifying 1-th numerical feature ...
Standardize ...
Stratifying 1-th numerical feature ...
Standardize ...
Stratifying 1-th numerical feature ...
Standardize ...
Stratifying 1-th numerical feature ...
Standardize ...
Stratifying 1-th numerical feature ...
Standardize ...
Stratifying 1-th numerical feature ...
Standardize ...
Stratifying 1-th numerical feature ...
Standardize ...
Stratifying 1-th numerical feature ...
Standardize ...
Stratifying 1-th numerical feature ...
Standardize ...
Stratifying 1-th numerical feature ...
dp[2][467]=-333.217
dp[3][467]=-2.9e+11
dp[4][467]=-2.9e+11
dp[5][467]=-5.3e+11
dp[6][467]=-5.3e+11
dp[7][467]=-7.6e+11
dp[8][467]=-7.6e+11
dp[9][467]=-7.6e+11
dp[10][467]=-7.6e+11
dp[11][467]=-7.6e+11
dp[12][467]=-7.6e+11
dp[13][467]=-7.6e+11
dp[14][467]=-7.6e+11
dp[15][467]=-7.6e+11
dp[16][467]=-7.6e+11
dp[17][467]=-7.6e+11
dp[18][467]=-7.6e+11
dp[19][467]=-7.6e+11
dp[20][467]=-5.2e+11
dp[21][467]=-2.3e+11
Select best dp
Best k=12
dp[2][467]=-333.217
dp[3][467]=-2.9e+11
dp[4][467]=-2.9e+11
dp[5][467]=-5.3e+11
dp[6][467]=-5.3e+11
dp[7][467]=-7.6e+11
dp[8][467]=-7.6e+11
dp[9][467]=-7.6e+11
dp[10][467]=-7.6e+11
dp[11][467]=-7.6e+11
dp[12][467]=-7.6e+11
dp[13][467]=-7.6e+11
dp[14][467]=-7.6e+11
dp[15][467]=-7.6e+11
dp[16][467]=-7.6e+11
dp[17][467]=-7.6e+11
dp[18][467]=-7.6e+11
dp[19][467]=-7.6e+11
dp[20][467]=-5.2e+11
dp[21][467]=-2.3e+11
Select best dp
Best k=12
dp[2][467]=-333.217
dp[3][467]=-2.9e+11
dp[4][467]=-2.9e+11
dp[5][467]=-5.3e+11
dp[6][467]=-5.3e+11
dp[7][467]=-7.6e+11
dp[8][467]=-7.6e+11
dp[9][467]=-7.6e+11
dp[10][467]=-7.6e+11
dp[11][467]=-7.6e+11
dp[12][467]=-7.6e+11
dp[13][467]=-7.6e+11
dp[14][467]=-7.6e+11
dp[15][467]=-7.6e+11
dp[16][467]=-7.6e+11
dp[17][467]=-7.6e+11
dp[18][467]=-7.6e+11
dp[19][467]=-7.6e+11
dp[20][467]=-5.2e+11
dp[21][467]=-2.3e+11
Select best dp
Best k=12
dp[2][467]=-875.483
dp[3][467]=-5.8e+11
dp[4][467]=-5.8e+11
dp[5][467]=-1.06e+12
dp[6][467]=-1.06e+12
dp[7][467]=-1.52e+12
dp[8][467]=-1.52e+12
dp[9][467]=-1.52e+12
dp[10][467]=-1.52e+12
dp[11][467]=-1.52e+12
dp[12][467]=-1.52e+12
dp[13][467]=-1.52e+12
dp[14][467]=-1.52e+12
dp[15][467]=-1.52e+12
dp[16][467]=-1.52e+12
dp[17][467]=-1.52e+12
dp[18][467]=-1.52e+12
dp[19][467]=-1.52e+12
dp[20][467]=-1.04e+12
dp[21][467]=-4.6e+11
Select best dp
Best k=15
dp[2][467]=184.454
dp[3][467]=276.681
dp[4][467]=368.908
dp[5][467]=461.135
dp[6][467]=553.362
dp[7][467]=645.589
dp[8][467]=737.816
dp[9][467]=830.043
dp[10][467]=922.27
dp[11][467]=1014.5
dp[12][467]=1106.72
dp[13][467]=1198.95
dp[14][467]=1291.18
dp[15][467]=1383.41
dp[16][467]=1475.63
dp[17][467]=1567.86
dp[18][467]=1660.09
dp[19][467]=1752.31
dp[20][467]=1844.54
dp[21][467]=1936.77
Select best dp
Best k=2
dp[2][467]=-333.217
dp[3][467]=-598.704
dp[4][467]=-766.559
dp[5][467]=-888.497
dp[6][467]=-970.081
dp[7][467]=-1045.64
dp[8][467]=-1101.42
dp[9][467]=-1103.99
dp[10][467]=-1097.37
dp[11][467]=-1082.03
dp[12][467]=-1061.26
dp[13][467]=-1011.76
dp[14][467]=-834.389
Select best dp
Best k=9
dp[2][467]=-62.0847
dp[3][467]=-1.45e+11
dp[4][467]=-1.45e+11
dp[5][467]=-2.65e+11
dp[6][467]=-2.65e+11
dp[7][467]=-3.8e+11
dp[8][467]=-3.8e+11
dp[9][467]=-3.8e+11
dp[10][467]=-3.8e+11
dp[11][467]=-3.8e+11
dp[12][467]=-3.8e+11
dp[13][467]=-3.8e+11
dp[14][467]=-3.8e+11
dp[15][467]=-3.8e+11
dp[16][467]=-3.8e+11
dp[17][467]=-3.8e+11
dp[18][467]=-3.8e+11
dp[19][467]=-3.8e+11
dp[20][467]=-2.6e+11
dp[21][467]=-1.15e+11
Select best dp
Best k=8
dp[2][467]=-333.217
dp[3][467]=-2.9e+11
dp[4][467]=-4.3e+11
dp[5][467]=-5.5e+11
dp[6][467]=-7.2e+11
dp[7][467]=-8.4e+11
dp[8][467]=-9.8e+11
dp[9][467]=-1.09e+12
dp[10][467]=-1.27e+12
dp[11][467]=-1.37e+12
dp[12][467]=-1.51e+12
dp[13][467]=-1.62e+12
dp[14][467]=-1.8e+12
dp[15][467]=-1.86e+12
dp[16][467]=-2.04e+12
dp[17][467]=-2.07e+12
dp[18][467]=-2.25e+12
dp[19][467]=-2.3e+12
dp[20][467]=-2.41e+12
dp[21][467]=-2.51e+12
Select best dp
Best k=21
dp[2][467]=-333.217
dp[3][467]=-2.9e+11
dp[4][467]=-2.9e+11
dp[5][467]=-5.3e+11
dp[6][467]=-5.3e+11
dp[7][467]=-7.6e+11
dp[8][467]=-7.6e+11
dp[9][467]=-7.6e+11
dp[10][467]=-7.6e+11
dp[11][467]=-7.6e+11
dp[12][467]=-7.6e+11
dp[13][467]=-7.6e+11
dp[14][467]=-7.6e+11
dp[15][467]=-7.6e+11
dp[16][467]=-7.6e+11
dp[17][467]=-7.6e+11
dp[18][467]=-7.6e+11
dp[19][467]=-7.6e+11
dp[20][467]=-5.2e+11
dp[21][467]=-2.3e+11
Select best dp
Best k=12
dp[2][467]=-333.217
dp[3][467]=-2.9e+11
dp[4][467]=-2.9e+11
dp[5][467]=-5.3e+11
dp[6][467]=-5.3e+11
dp[7][467]=-7.6e+11
dp[8][467]=-7.6e+11
dp[9][467]=-7.6e+11
dp[10][467]=-7.6e+11
dp[11][467]=-7.6e+11
dp[12][467]=-7.6e+11
dp[13][467]=-7.6e+11
dp[14][467]=-7.6e+11
dp[15][467]=-7.6e+11
dp[16][467]=-7.6e+11
dp[17][467]=-7.6e+11
dp[18][467]=-7.6e+11
dp[19][467]=-7.6e+11
dp[20][467]=-5.2e+11
dp[21][467]=-2.3e+11
Select best dp
Best k=12
dp[2][467]=-333.217
dp[3][467]=-2.9e+11
dp[4][467]=-2.9e+11
dp[5][467]=-5.3e+11
dp[6][467]=-5.3e+11
dp[7][467]=-7.6e+11
dp[8][467]=-7.6e+11
dp[9][467]=-7.6e+11
dp[10][467]=-7.6e+11
dp[11][467]=-7.6e+11
dp[12][467]=-7.6e+11
dp[13][467]=-7.6e+11
dp[14][467]=-7.6e+11
dp[15][467]=-7.6e+11
dp[16][467]=-7.6e+11
dp[17][467]=-7.6e+11
dp[18][467]=-7.6e+11
dp[19][467]=-7.6e+11
dp[20][467]=-5.2e+11
dp[21][467]=-2.3e+11
Select best dp
Best k=12
dp[2][467]=-333.217
dp[3][467]=-2.9e+11
dp[4][467]=-4.3e+11
dp[5][467]=-5.5e+11
dp[6][467]=-7.2e+11
dp[7][467]=-8.4e+11
dp[8][467]=-9.9e+11
dp[9][467]=-1.09e+12
dp[10][467]=-1.27e+12
dp[11][467]=-1.42e+12
dp[12][467]=-1.52e+12
dp[13][467]=-1.67e+12
dp[14][467]=-1.8e+12
dp[15][467]=-1.95e+12
dp[16][467]=-2.05e+12
dp[17][467]=-2.2e+12
dp[18][467]=-2.32e+12
dp[19][467]=-2.47e+12
dp[20][467]=-2.56e+12
dp[21][467]=-2.71e+12
Select best dp
Best k=21
dp[2][467]=-333.217
dp[3][467]=-2.9e+11
dp[4][467]=-4.3e+11
dp[5][467]=-5.5e+11
dp[6][467]=-7.2e+11
dp[7][467]=-8.4e+11
dp[8][467]=-9.8e+11
dp[9][467]=-1.09e+12
dp[10][467]=-1.27e+12
dp[11][467]=-1.37e+12
dp[12][467]=-1.51e+12
dp[13][467]=-1.62e+12
dp[14][467]=-1.8e+12
dp[15][467]=-1.86e+12
dp[16][467]=-2.04e+12
dp[17][467]=-2.07e+12
dp[18][467]=-2.25e+12
dp[19][467]=-2.3e+12
dp[20][467]=-2.41e+12
dp[21][467]=-2.51e+12
Select best dp
Best k=21
dp[2][467]=255.271
dp[3][467]=-2.9e+11
dp[4][467]=-2.9e+11
dp[5][467]=-5.3e+11
dp[6][467]=-5.3e+11
dp[7][467]=-7.6e+11
dp[8][467]=-7.6e+11
dp[9][467]=-7.6e+11
dp[10][467]=-7.6e+11
dp[11][467]=-7.6e+11
dp[12][467]=-7.6e+11
dp[13][467]=-7.6e+11
dp[14][467]=-7.6e+11
dp[15][467]=-7.6e+11
dp[16][467]=-7.6e+11
dp[17][467]=-7.6e+11
dp[18][467]=-7.6e+11
dp[19][467]=-7.6e+11
dp[20][467]=-5.2e+11
dp[21][467]=-2.3e+11
Select best dp
Best k=13
