Standardize ...
Stratifying 1-th numerical feature ...
Standardize ...
Stratifying 1-th numerical feature ...
Standardize ...
Stratifying 1-th numerical feature ...
Standardize ...
Stratifying 1-th numerical feature ...
Standardize ...
Stratifying 1-th numerical feature ...
Standardize ...
Stratifying 1-th numerical feature ...
Standardize ...
Stratifying 1-th numerical feature ...
Standardize ...
Stratifying 1-th numerical feature ...
Standardize ...
Stratifying 1-th numerical feature ...
Standardize ...
Stratifying 1-th numerical feature ...
Standardize ...
Stratifying 1-th numerical feature ...
Standardize ...
Stratifying 1-th numerical feature ...
Standardize ...
Stratifying 1-th numerical feature ...
Standardize ...
Stratifying 1-th numerical feature ...
dp[2][268]=-74.9693
dp[3][268]=-3.2e+11
dp[4][268]=-3.2e+11
dp[5][268]=-5.6e+11
dp[6][268]=-5.6e+11
dp[7][268]=-7.7e+11
dp[8][268]=-7.7e+11
dp[9][268]=-9.5e+11
dp[10][268]=-9.5e+11
dp[11][268]=-1.11e+12
dp[12][268]=-1.11e+12
dp[13][268]=-1.11e+12
dp[14][268]=-1.11e+12
dp[15][268]=-1.11e+12
dp[16][268]=-6.9e+11
Select best dp
Best k=11
Stratifying 2-th numerical feature ...
dp[2][268]=-74.9693
dp[3][268]=-3.2e+11
dp[4][268]=-3.2e+11
dp[5][268]=-5.6e+11
dp[6][268]=-5.6e+11
dp[7][268]=-7.7e+11
dp[8][268]=-7.7e+11
dp[9][268]=-9.5e+11
dp[10][268]=-9.5e+11
dp[11][268]=-1.11e+12
dp[12][268]=-1.11e+12
dp[13][268]=-1.11e+12
dp[14][268]=-1.11e+12
dp[15][268]=-1.11e+12
dp[16][268]=-6.9e+11
Select best dp
Best k=11
Stratifying 2-th numerical feature ...
dp[2][268]=-362.538
dp[3][268]=-6.4e+11
dp[4][268]=-6.4e+11
dp[5][268]=-1.12e+12
dp[6][268]=-1.12e+12
dp[7][268]=-1.54e+12
dp[8][268]=-1.54e+12
dp[9][268]=-1.9e+12
dp[10][268]=-1.9e+12
dp[11][268]=-2.22e+12
dp[12][268]=-2.22e+12
dp[13][268]=-2.22e+12
dp[14][268]=-2.22e+12
dp[15][268]=-2.22e+12
dp[16][268]=-1.38e+12
Select best dp
Best k=12
Stratifying 2-th numerical feature ...
dp[2][268]=-74.9693
dp[3][268]=-3.2e+11
dp[4][268]=-3.2e+11
dp[5][268]=-5.6e+11
dp[6][268]=-5.6e+11
dp[7][268]=-7.7e+11
dp[8][268]=-7.7e+11
dp[9][268]=-9.5e+11
dp[10][268]=-9.5e+11
dp[11][268]=-1.11e+12
dp[12][268]=-1.11e+12
dp[13][268]=-1.11e+12
dp[14][268]=-1.11e+12
dp[15][268]=-1.11e+12
dp[16][268]=-6.9e+11
Select best dp
Best k=11
Stratifying 2-th numerical feature ...
dp[2][268]=-74.9693
dp[3][268]=-3.2e+11
dp[4][268]=-3.2e+11
dp[5][268]=-5.6e+11
dp[6][268]=-5.6e+11
dp[7][268]=-7.9e+11
dp[8][268]=-7.9e+11
dp[9][268]=-1e+12
dp[10][268]=-1e+12
dp[11][268]=-1.17e+12
dp[12][268]=-1.17e+12
dp[13][268]=-1.33e+12
dp[14][268]=-1.33e+12
dp[15][268]=-1.44e+12
dp[16][268]=-1.44e+12
Select best dp
Best k=15
Stratifying 2-th numerical feature ...
dp[2][268]=-74.9693
dp[3][268]=-3.2e+11
dp[4][268]=-3.2e+11
dp[5][268]=-5.6e+11
dp[6][268]=-5.6e+11
dp[7][268]=-7.7e+11
dp[8][268]=-7.7e+11
dp[9][268]=-9.5e+11
dp[10][268]=-9.5e+11
dp[11][268]=-1.11e+12
dp[12][268]=-1.11e+12
dp[13][268]=-1.11e+12
dp[14][268]=-1.11e+12
dp[15][268]=-1.11e+12
dp[16][268]=-6.9e+11
Select best dp
Best k=11
Stratifying 2-th numerical feature ...
dp[2][268]=-74.9693
dp[3][268]=-3.2e+11
dp[4][268]=-3.2e+11
dp[5][268]=-5.6e+11
dp[6][268]=-5.6e+11
dp[7][268]=-5.6e+11
dp[8][268]=-5.6e+11
dp[9][268]=-5.6e+11
dp[10][268]=-5.6e+11
Select best dp
Best k=7
Stratifying 2-th numerical feature ...
dp[2][268]=-512.379
dp[3][268]=-4.2e+11
dp[4][268]=-4.2e+11
dp[5][268]=-4.2e+11
dp[6][268]=-4.2e+11
dp[7][268]=-4.2e+11
dp[8][268]=-4.2e+11
dp[9][268]=-4.2e+11
dp[10][268]=-4.2e+11
dp[11][268]=-4.2e+11
dp[12][268]=-4.2e+11
dp[13][268]=-4.2e+11
dp[14][268]=-4.2e+11
dp[15][268]=-4.2e+11
dp[16][268]=-3.6e+11
Select best dp
Best k=6
Stratifying 3-th numerical feature ...
dp[2][268]=-74.9693
dp[3][268]=-3.2e+11
dp[4][268]=-3.2e+11
dp[2][268]=212.599
dp[5][268]=-5.6e+11
dp[6][268]=-5.6e+11
dp[3][268]=318.899
dp[7][268]=-7.7e+11
dp[4][268]=425.198
dp[8][268]=-7.7e+11
dp[5][268]=531.498
dp[9][268]=-9.5e+11
dp[6][268]=637.797
dp[10][268]=-9.5e+11
dp[7][268]=744.097
dp[11][268]=-1.11e+12
dp[8][268]=850.396
dp[12][268]=-1.11e+12
dp[9][268]=956.696
dp[13][268]=-1.11e+12
dp[10][268]=1063
dp[14][268]=-1.11e+12
dp[11][268]=1169.29
dp[15][268]=-1.11e+12
dp[12][268]=1275.59
dp[16][268]=-6.9e+11
Select best dp
dp[13][268]=1381.89
Best k=11
dp[14][268]=1488.19
dp[15][268]=1594.49
dp[16][268]=1700.79
Select best dp
Best k=2
dp[2][268]=-512.379
dp[3][268]=-4.2e+11
dp[4][268]=-4.2e+11
dp[5][268]=-4.2e+11
dp[6][268]=-4.2e+11
dp[7][268]=-4.2e+11
dp[8][268]=-4.2e+11
dp[9][268]=-4.2e+11
dp[10][268]=-4.2e+11
dp[11][268]=-4.2e+11
dp[12][268]=-4.2e+11
dp[13][268]=-4.2e+11
dp[14][268]=-4.2e+11
dp[15][268]=-4.2e+11
dp[16][268]=-3.6e+11
Select best dp
Best k=6
Stratifying 2-th numerical feature ...
Stratifying 2-th numerical feature ...
Stratifying 3-th numerical feature ...
dp[2][268]=-74.9693
dp[3][268]=-3.2e+11
dp[4][268]=-3.2e+11
dp[5][268]=-5.6e+11
dp[6][268]=-5.6e+11
dp[7][268]=-7.7e+11
dp[8][268]=-7.7e+11
dp[9][268]=-9.5e+11
dp[10][268]=-9.5e+11
dp[11][268]=-1.11e+12
dp[12][268]=-1.11e+12
dp[13][268]=-1.11e+12
dp[14][268]=-1.11e+12
dp[15][268]=-1.11e+12
dp[16][268]=-6.9e+11
Select best dp
Best k=11
dp[2][268]=68.8149
dp[3][268]=-1.6e+11
dp[4][268]=-1.6e+11
dp[5][268]=-2.8e+11
dp[6][268]=-2.8e+11
dp[7][268]=-3.85e+11
dp[8][268]=-3.85e+11
dp[9][268]=-4.75e+11
dp[10][268]=-4.75e+11
dp[11][268]=-5.55e+11
dp[12][268]=-5.55e+11
dp[13][268]=-5.55e+11
dp[14][268]=-5.55e+11
dp[15][268]=-5.55e+11
dp[16][268]=-3.45e+11
Select best dp
Best k=11
Stratifying 2-th numerical feature ...
dp[2][268]=-1237.36
dp[3][268]=-8.4e+11
dp[4][268]=-8.4e+11
dp[5][268]=-8.4e+11
dp[6][268]=-8.4e+11
dp[7][268]=-8.4e+11
dp[8][268]=-8.4e+11
dp[9][268]=-8.4e+11
dp[10][268]=-8.4e+11
dp[11][268]=-8.4e+11
dp[12][268]=-8.4e+11
dp[13][268]=-8.4e+11
dp[14][268]=-8.4e+11
dp[15][268]=-8.4e+11
dp[16][268]=-7.2e+11
Select best dp
Best k=9
Stratifying 2-th numerical feature ...
Stratifying 3-th numerical feature ...
dp[2][268]=-512.379
dp[3][268]=-4.2e+11
dp[4][268]=-4.2e+11
dp[5][268]=-4.2e+11
dp[6][268]=-4.2e+11
dp[7][268]=-4.2e+11
dp[8][268]=-4.2e+11
dp[9][268]=-4.2e+11
dp[10][268]=-4.2e+11
dp[11][268]=-4.2e+11
dp[12][268]=-4.2e+11
dp[13][268]=-4.2e+11
dp[14][268]=-4.2e+11
dp[15][268]=-4.2e+11
dp[16][268]=-3.6e+11
Select best dp
Best k=6
Stratifying 3-th numerical feature ...
dp[2][268]=-74.9693
dp[3][268]=-3.2e+11
dp[4][268]=-3.2e+11
dp[5][268]=-5.6e+11
dp[6][268]=-5.6e+11
dp[7][268]=-7.9e+11
dp[8][268]=-7.9e+11
dp[9][268]=-1e+12
dp[10][268]=-1e+12
dp[11][268]=-1.17e+12
dp[12][268]=-1.17e+12
dp[13][268]=-1.31e+12
dp[14][268]=-1.31e+12
dp[15][268]=-1.42e+12
dp[16][268]=-1.42e+12
Select best dp
Best k=15
Stratifying 2-th numerical feature ...
dp[2][268]=-512.379
dp[3][268]=-4.2e+11
dp[4][268]=-4.2e+11
dp[5][268]=-4.2e+11
dp[6][268]=-4.2e+11
dp[7][268]=-4.2e+11
dp[8][268]=-4.2e+11
dp[9][268]=-4.2e+11
dp[10][268]=-4.2e+11
dp[11][268]=-4.2e+11
dp[12][268]=-4.2e+11
dp[13][268]=-4.2e+11
dp[14][268]=-4.2e+11
dp[15][268]=-4.2e+11
dp[16][268]=-4.2e+11
Select best dp
Best k=6
Stratifying 3-th numerical feature ...
dp[2][268]=-69.8003
dp[3][268]=-4.6e+11
dp[4][268]=-8.2e+11
dp[5][268]=-1.17e+12
dp[6][268]=-1.48e+12
dp[7][268]=-1.79e+12
dp[8][268]=-1.98e+12
dp[9][268]=-1.98e+12
dp[10][268]=-2.14e+12
dp[11][268]=-2.14e+12
dp[12][268]=-2.14e+12
dp[13][268]=-2.14e+12
dp[14][268]=-2.03e+12
dp[15][268]=-1.87e+12
dp[16][268]=-1.71e+12
Select best dp
Best k=10
Stratifying 4-th numerical feature ...
dp[2][268]=-69.8003
dp[3][268]=-4.6e+11
dp[4][268]=-8.2e+11
dp[5][268]=-1.17e+12
dp[6][268]=-1.48e+12
dp[7][268]=-1.79e+12
dp[8][268]=-1.98e+12
dp[9][268]=-1.98e+12
dp[10][268]=-2.14e+12
dp[11][268]=-2.14e+12
dp[12][268]=-2.14e+12
dp[13][268]=-2.14e+12
dp[14][268]=-2.03e+12
dp[15][268]=-1.87e+12
dp[16][268]=-1.71e+12
Select best dp
Best k=10
Stratifying 4-th numerical feature ...
dp[2][268]=-69.8003
dp[3][268]=-4.6e+11
dp[4][268]=-8.2e+11
dp[5][268]=-1.17e+12
dp[6][268]=-1.48e+12
dp[7][268]=-1.79e+12
dp[8][268]=-1.98e+12
dp[9][268]=-1.98e+12
dp[10][268]=-2.14e+12
dp[11][268]=-2.14e+12
dp[12][268]=-2.14e+12
dp[13][268]=-2.14e+12
dp[14][268]=-2.03e+12
dp[15][268]=-1.87e+12
dp[16][268]=-1.71e+12
Select best dp
Best k=10
dp[2][268]=-352.2
dp[3][268]=-9.2e+11
dp[4][268]=-1.64e+12
dp[5][268]=-2.34e+12
dp[6][268]=-2.96e+12
dp[7][268]=-3.58e+12
dp[8][268]=-3.96e+12
dp[9][268]=-3.96e+12
dp[10][268]=-4.28e+12
dp[11][268]=-4.28e+12
dp[12][268]=-4.28e+12
dp[13][268]=-4.28e+12
dp[14][268]=-4.06e+12
dp[15][268]=-3.74e+12
dp[16][268]=-3.42e+12
Select best dp
Best k=10
Stratifying 4-th numerical feature ...
Stratifying 4-th numerical feature ...
dp[2][268]=-5e+10
dp[3][268]=-3.2e+11
dp[4][268]=-3.7e+11
dp[5][268]=-5.6e+11
dp[6][268]=-6.3e+11
dp[7][268]=-7.9e+11
dp[8][268]=-8.6e+11
dp[9][268]=-1e+12
dp[10][268]=-1.07e+12
dp[11][268]=-1.17e+12
dp[12][268]=-1.24e+12
dp[13][268]=-1.34e+12
dp[14][268]=-1.41e+12
dp[15][268]=-1.46e+12
dp[16][268]=-1.51e+12
Select best dp
Best k=16
Stratifying 2-th numerical feature ...
dp[2][268]=-512.379
dp[3][268]=-4.2e+11
dp[4][268]=-4.2e+11
dp[5][268]=-4.2e+11
dp[6][268]=-4.2e+11
dp[7][268]=-4.2e+11
dp[8][268]=-4.2e+11
dp[9][268]=-4.2e+11
dp[10][268]=-4.2e+11
Select best dp
Best k=6
Stratifying 3-th numerical feature ...
dp[2][268]=-512.379
dp[3][268]=-4.2e+11
dp[4][268]=-4.2e+11
dp[5][268]=-4.2e+11
dp[6][268]=-4.2e+11
dp[7][268]=-4.2e+11
dp[8][268]=-4.2e+11
dp[9][268]=-4.2e+11
dp[10][268]=-4.2e+11
dp[11][268]=-4.2e+11
dp[12][268]=-4.2e+11
dp[13][268]=-4.2e+11
dp[14][268]=-4.2e+11
dp[15][268]=-4.2e+11
dp[16][268]=-3.6e+11
Select best dp
Best k=6
Stratifying 3-th numerical feature ...
dp[2][268]=-512.379
dp[3][268]=-4.2e+11
dp[4][268]=-4.2e+11
dp[5][268]=-4.2e+11
dp[6][268]=-4.2e+11
dp[7][268]=-4.2e+11
dp[8][268]=-4.2e+11
dp[9][268]=-4.2e+11
dp[10][268]=-4.2e+11
dp[11][268]=-4.2e+11
dp[12][268]=-4.2e+11
dp[13][268]=-4.2e+11
dp[14][268]=-4.2e+11
dp[15][268]=-4.2e+11
dp[16][268]=-4.2e+11
Select best dp
Best k=6
Stratifying 3-th numerical feature ...
dp[2][268]=-23.362
dp[3][268]=-2.2e+11
dp[4][268]=-2.2e+11
dp[5][268]=-2.2e+11
dp[6][268]=-2.2e+11
dp[7][268]=-2.2e+11
dp[8][268]=-2.2e+11
dp[9][268]=-2.2e+11
dp[10][268]=-2.2e+11
dp[11][268]=-2.2e+11
dp[12][268]=-2.2e+11
dp[13][268]=-2.2e+11
dp[14][268]=-2.2e+11
dp[15][268]=-2.2e+11
dp[16][268]=-1.9e+11
Select best dp
Best k=7
Stratifying 5-th numerical feature ...
dp[2][268]=-23.362
dp[3][268]=-2.2e+11
dp[4][268]=-2.2e+11
dp[5][268]=-2.2e+11
dp[6][268]=-2.2e+11
dp[7][268]=-2.2e+11
dp[8][268]=-2.2e+11
dp[9][268]=-2.2e+11
dp[10][268]=-2.2e+11
dp[11][268]=-2.2e+11
dp[12][268]=-2.2e+11
dp[13][268]=-2.2e+11
dp[14][268]=-2.2e+11
dp[15][268]=-2.2e+11
dp[16][268]=-1.9e+11
Select best dp
Best k=7
Stratifying 5-th numerical feature ...
dp[2][268]=212.599
dp[3][268]=318.899
dp[4][268]=425.198
dp[5][268]=531.498
dp[6][268]=637.797
dp[7][268]=744.097
dp[8][268]=850.396
dp[9][268]=956.696
dp[10][268]=1063
dp[11][268]=1169.29
dp[12][268]=1275.59
dp[13][268]=1381.89
dp[14][268]=1488.19
dp[15][268]=1594.49
dp[16][268]=1700.79
Select best dp
Best k=2
dp[2][268]=-40.6105
dp[3][268]=-3.2e+11
dp[4][268]=-3.2e+11
dp[5][268]=-5.6e+11
dp[6][268]=-5.6e+11
dp[7][268]=-7.7e+11
dp[8][268]=-7.7e+11
dp[9][268]=-9.5e+11
dp[10][268]=-9.5e+11
dp[11][268]=-1.11e+12
dp[12][268]=-1.11e+12
dp[13][268]=-1.11e+12
dp[14][268]=-1.11e+12
dp[15][268]=-1.11e+12
dp[16][268]=-6.9e+11
Select best dp
Best k=11
Stratifying 3-th numerical feature ...
dp[2][268]=-512.379
dp[3][268]=-4.2e+11
dp[4][268]=-4.2e+11
dp[5][268]=-4.2e+11
dp[6][268]=-4.2e+11
dp[7][268]=-4.2e+11
dp[8][268]=-4.2e+11
dp[9][268]=-4.2e+11
dp[10][268]=-4.2e+11
dp[11][268]=-4.2e+11
dp[12][268]=-4.2e+11
dp[13][268]=-4.2e+11
dp[14][268]=-4.2e+11
dp[15][268]=-4.2e+11
dp[16][268]=-3.6e+11
Select best dp
Best k=6
dp[2][268]=-512.379
Stratifying 2-th numerical feature ...
dp[3][268]=-4.2e+11
dp[4][268]=-4.2e+11
dp[5][268]=-4.2e+11
dp[6][268]=-4.2e+11
dp[7][268]=-4.2e+11
dp[8][268]=-4.2e+11
dp[9][268]=-4.2e+11
dp[10][268]=-4.2e+11
dp[11][268]=-4.2e+11
dp[12][268]=-4.2e+11
dp[13][268]=-4.2e+11
dp[14][268]=-4.2e+11
dp[15][268]=-4.2e+11
dp[16][268]=-3.6e+11
Select best dp
Best k=6
Stratifying 3-th numerical feature ...
Stratifying 3-th numerical feature ...
dp[2][268]=-69.8003
dp[2][268]=-23.362
dp[3][268]=-4.6e+11
dp[3][268]=-2.2e+11
dp[4][268]=-8.2e+11
dp[4][268]=-2.2e+11
dp[5][268]=-1.17e+12
dp[5][268]=-2.2e+11
dp[6][268]=-1.48e+12
dp[6][268]=-2.2e+11
dp[7][268]=-1.79e+12
dp[7][268]=-2.2e+11
dp[8][268]=-1.98e+12
dp[8][268]=-2.2e+11
dp[9][268]=-2.13e+12
dp[9][268]=-2.2e+11
dp[10][268]=-2.26e+12
dp[10][268]=-2.2e+11
dp[11][268]=-2.35e+12
dp[11][268]=-2.2e+11
dp[12][268]=-2.45e+12
dp[12][268]=-2.2e+11
dp[13][268]=-2.45e+12
dp[13][268]=-2.2e+11
dp[14][268]=-2.45e+12
dp[14][268]=-2.2e+11
dp[15][268]=-2.45e+12
dp[15][268]=-2.2e+11
dp[16][268]=-2.45e+12
dp[16][268]=-1.9e+11
Select best dp
Select best dp
Best k=12
Best k=7
dp[2][268]=-259.323
dp[3][268]=-4.4e+11
dp[4][268]=-4.4e+11
dp[5][268]=-4.4e+11
dp[6][268]=-4.4e+11
dp[7][268]=-4.4e+11
dp[8][268]=-4.4e+11
dp[9][268]=-4.4e+11
dp[10][268]=-4.4e+11
dp[11][268]=-4.4e+11
dp[12][268]=-4.4e+11
dp[13][268]=-4.4e+11
dp[14][268]=-4.4e+11
dp[15][268]=-4.4e+11
dp[16][268]=-3.8e+11
Select best dp
Best k=12
Stratifying 5-th numerical feature ...
Stratifying 4-th numerical feature ...
Stratifying 5-th numerical feature ...
dp[2][268]=-149.89
dp[3][268]=-2.1e+11
dp[4][268]=-2.1e+11
dp[5][268]=-2.1e+11
dp[6][268]=-2.1e+11
dp[7][268]=-2.1e+11
dp[8][268]=-2.1e+11
dp[9][268]=-2.1e+11
dp[10][268]=-2.1e+11
dp[11][268]=-2.1e+11
dp[12][268]=-2.1e+11
dp[13][268]=-2.1e+11
dp[14][268]=-2.1e+11
dp[15][268]=-2.1e+11
dp[16][268]=-1.8e+11
Select best dp
Best k=4
Stratifying 3-th numerical feature ...
dp[2][268]=-69.8003
dp[3][268]=-4.6e+11
dp[4][268]=-8.2e+11
dp[5][268]=-1.17e+12
dp[6][268]=-1.48e+12
dp[7][268]=-1.76e+12
dp[8][268]=-1.76e+12
dp[9][268]=-1.73e+12
dp[10][268]=-1.49e+12
Select best dp
Best k=8
Stratifying 4-th numerical feature ...
dp[2][268]=-412.308
dp[3][268]=-4.5e+11
dp[4][268]=-7.3e+11
dp[5][268]=-1e+12
dp[6][268]=-1.21e+12
dp[7][268]=-1.21e+12
dp[8][268]=-1.4e+12
dp[9][268]=-1.57e+12
dp[10][268]=-1.57e+12
dp[11][268]=-1.57e+12
dp[12][268]=-1.57e+12
dp[13][268]=-1.57e+12
dp[14][268]=-1.41e+12
dp[15][268]=-1.25e+12
dp[16][268]=-1.03e+12
Select best dp
Best k=10
Stratifying 6-th numerical feature ...
dp[2][268]=-412.308
dp[3][268]=-4.5e+11
dp[4][268]=-7.3e+11
dp[5][268]=-1e+12
dp[6][268]=-1.21e+12
dp[7][268]=-1.21e+12
dp[8][268]=-1.4e+12
dp[9][268]=-1.57e+12
dp[10][268]=-1.57e+12
dp[11][268]=-1.57e+12
dp[12][268]=-1.57e+12
dp[13][268]=-1.57e+12
dp[14][268]=-1.41e+12
dp[15][268]=-1.25e+12
dp[16][268]=-1.03e+12
Select best dp
Best k=10
Stratifying 6-th numerical feature ...
dp[2][268]=-69.8003
dp[3][268]=-4.6e+11
dp[4][268]=-8.2e+11
dp[5][268]=-1.17e+12
dp[6][268]=-1.48e+12
dp[7][268]=-1.79e+12
dp[8][268]=-1.98e+12
dp[9][268]=-2.13e+12
dp[10][268]=-2.24e+12
dp[11][268]=-2.31e+12
dp[12][268]=-2.39e+12
dp[13][268]=-2.39e+12
dp[14][268]=-2.39e+12
dp[15][268]=-2.39e+12
dp[16][268]=-2.39e+12
Select best dp
Best k=12
Stratifying 4-th numerical feature ...
dp[2][268]=-412.308
dp[3][268]=-4.5e+11
dp[4][268]=-7.3e+11
dp[5][268]=-1e+12
dp[6][268]=-1.21e+12
dp[7][268]=-1.21e+12
dp[8][268]=-1.4e+12
dp[9][268]=-1.57e+12
dp[10][268]=-1.57e+12
dp[11][268]=-1.57e+12
dp[12][268]=-1.57e+12
dp[13][268]=-1.57e+12
dp[14][268]=-1.41e+12
dp[15][268]=-1.25e+12
dp[16][268]=-1.03e+12
Select best dp
Best k=10
dp[2][268]=-1037.22
dp[3][268]=-9e+11
dp[4][268]=-1.46e+12
dp[5][268]=-2e+12
dp[6][268]=-2.42e+12
dp[7][268]=-2.42e+12
dp[8][268]=-2.8e+12
dp[9][268]=-3.14e+12
dp[10][268]=-3.14e+12
dp[11][268]=-3.14e+12
dp[12][268]=-3.14e+12
dp[13][268]=-3.14e+12
dp[14][268]=-2.82e+12
dp[15][268]=-2.5e+12
dp[16][268]=-2.06e+12
Select best dp
Best k=12
Stratifying 6-th numerical feature ...
Stratifying 6-th numerical feature ...
dp[2][268]=-69.8003
dp[3][268]=-4.6e+11
dp[4][268]=-8.2e+11
dp[5][268]=-1.17e+12
dp[6][268]=-1.48e+12
dp[7][268]=-1.79e+12
dp[8][268]=-1.98e+12
dp[9][268]=-1.98e+12
dp[10][268]=-2.14e+12
dp[11][268]=-2.14e+12
dp[12][268]=-2.14e+12
dp[13][268]=-2.14e+12
dp[14][268]=-2.03e+12
dp[15][268]=-1.87e+12
dp[16][268]=-1.71e+12
Select best dp
Best k=10
Stratifying 4-th numerical feature ...
dp[2][268]=-23.362
dp[3][268]=-2.2e+11
dp[4][268]=-2.2e+11
dp[5][268]=-2.2e+11
dp[6][268]=-2.2e+11
dp[7][268]=-2.2e+11
dp[8][268]=-2.2e+11
dp[9][268]=-2.2e+11
dp[10][268]=-2.2e+11
dp[11][268]=-2.2e+11
dp[12][268]=-2.2e+11
dp[13][268]=-2.2e+11
dp[14][268]=-2.2e+11
dp[15][268]=-2.2e+11
dp[16][268]=-2.2e+11
Select best dp
Best k=7
Stratifying 5-th numerical feature ...
dp[2][268]=-18.9018
dp[3][268]=-3.5e+11
dp[4][268]=-6.9e+11
dp[5][268]=-8.8e+11
dp[6][268]=-1.1e+12
dp[7][268]=-1.4e+12
dp[8][268]=-1.4e+12
dp[9][268]=-1.65e+12
dp[10][268]=-1.65e+12
dp[11][268]=-1.65e+12
dp[12][268]=-1.65e+12
dp[13][268]=-1.65e+12
dp[14][268]=-1.65e+12
dp[15][268]=-1.56e+12
dp[16][268]=-1.08e+12
Select best dp
Best k=9
Stratifying 7-th numerical feature ...
dp[2][268]=-18.9018
dp[3][268]=-3.5e+11
dp[4][268]=-6.9e+11
dp[5][268]=-8.8e+11
dp[6][268]=-1.1e+12
dp[7][268]=-1.4e+12
dp[8][268]=-1.4e+12
dp[9][268]=-1.65e+12
dp[10][268]=-1.65e+12
dp[11][268]=-1.65e+12
dp[12][268]=-1.65e+12
dp[13][268]=-1.65e+12
dp[14][268]=-1.65e+12
dp[15][268]=-1.56e+12
dp[16][268]=-1.08e+12
Select best dp
Best k=9
Stratifying 7-th numerical feature ...
dp[2][268]=-69.8003
dp[3][268]=-4.6e+11
dp[4][268]=-8.2e+11
dp[5][268]=-1.17e+12
dp[6][268]=-1.48e+12
dp[7][268]=-1.79e+12
dp[8][268]=-1.98e+12
dp[9][268]=-1.98e+12
dp[10][268]=-2.14e+12
dp[11][268]=-2.14e+12
dp[12][268]=-2.14e+12
dp[13][268]=-2.14e+12
dp[14][268]=-2.03e+12
dp[15][268]=-1.87e+12
dp[16][268]=-1.71e+12
Select best dp
Best k=10
dp[2][268]=212.599
dp[3][268]=318.899
dp[4][268]=425.198
dp[5][268]=531.498
dp[6][268]=637.797
dp[7][268]=744.097
dp[8][268]=850.396
dp[9][268]=956.696
dp[10][268]=1063
dp[11][268]=1169.29
dp[12][268]=1275.59
dp[13][268]=1381.89
dp[14][268]=1488.19
dp[15][268]=1594.49
dp[16][268]=1700.79
Select best dp
Best k=2
Stratifying 4-th numerical feature ...
Stratifying 4-th numerical feature ...
dp[2][268]=-69.8003
dp[3][268]=-4.6e+11
dp[4][268]=-8.2e+11
dp[5][268]=-1.17e+12
dp[6][268]=-1.48e+12
dp[7][268]=-1.79e+12
dp[8][268]=-1.98e+12
dp[9][268]=-1.98e+12
dp[10][268]=-2.14e+12
dp[11][268]=-2.14e+12
dp[12][268]=-2.14e+12
dp[13][268]=-2.14e+12
dp[14][268]=-2.03e+12
dp[15][268]=-1.87e+12
dp[16][268]=-1.71e+12
Select best dp
Best k=10
Stratifying 4-th numerical feature ...
dp[2][268]=-250.403
dp[3][268]=-7e+11
dp[4][268]=-1.38e+12
dp[5][268]=-1.76e+12
dp[6][268]=-2.2e+12
dp[7][268]=-2.8e+12
dp[8][268]=-2.8e+12
dp[9][268]=-3.3e+12
dp[10][268]=-3.3e+12
dp[11][268]=-3.3e+12
dp[12][268]=-3.3e+12
dp[13][268]=-3.3e+12
dp[14][268]=-3.3e+12
dp[15][268]=-3.12e+12
dp[16][268]=-2.16e+12
Select best dp
Best k=11
Stratifying 7-th numerical feature ...
dp[2][268]=-18.9018
dp[3][268]=-3.5e+11
dp[4][268]=-6.9e+11
dp[5][268]=-8.8e+11
dp[6][268]=-1.1e+12
dp[7][268]=-1.4e+12
dp[8][268]=-1.4e+12
dp[9][268]=-1.65e+12
dp[10][268]=-1.65e+12
dp[11][268]=-1.65e+12
dp[12][268]=-1.65e+12
dp[13][268]=-1.65e+12
dp[14][268]=-1.65e+12
dp[15][268]=-1.56e+12
dp[16][268]=-1.08e+12
Select best dp
Best k=9
Stratifying 7-th numerical feature ...
dp[2][268]=71.3994
dp[3][268]=-2.3e+11
dp[4][268]=-4.1e+11
dp[5][268]=-5.85e+11
dp[6][268]=-7.4e+11
dp[7][268]=-8.95e+11
dp[8][268]=-9.9e+11
dp[9][268]=-9.9e+11
dp[10][268]=-1.07e+12
dp[11][268]=-1.07e+12
dp[12][268]=-1.07e+12
dp[13][268]=-1.07e+12
dp[14][268]=-1.015e+12
dp[15][268]=-9.35e+11
dp[16][268]=-8.55e+11
Select best dp
Best k=10
Stratifying 4-th numerical feature ...
dp[2][268]=-23.362
dp[3][268]=-2.2e+11
dp[4][268]=-2.2e+11
dp[5][268]=-2.2e+11
dp[6][268]=-2.2e+11
dp[7][268]=-2.2e+11
dp[8][268]=-2.2e+11
dp[9][268]=-2.2e+11
dp[10][268]=-2.2e+11
dp[11][268]=-2.2e+11
dp[12][268]=-2.2e+11
dp[13][268]=-2.2e+11
dp[14][268]=-2.2e+11
dp[15][268]=-2.2e+11
dp[16][268]=-2.2e+11
Select best dp
Best k=7
Stratifying 5-th numerical feature ...
dp[2][268]=-23.362
dp[3][268]=-204.373
dp[4][268]=-293.134
dp[5][268]=-367.288
dp[6][268]=-371.377
dp[7][268]=-371.934
dp[8][268]=-356.805
dp[9][268]=-321.427
dp[10][268]=-273.013
Select best dp
Best k=7
dp[2][268]=-512.379
dp[3][268]=-4.2e+11
dp[4][268]=-4.2e+11
dp[5][268]=-4.2e+11
dp[6][268]=-4.2e+11
dp[7][268]=-4.2e+11
dp[8][268]=-4.2e+11
dp[9][268]=-4.2e+11
dp[10][268]=-4.2e+11
dp[11][268]=-4.2e+11
dp[12][268]=-4.2e+11
dp[13][268]=-4.2e+11
dp[14][268]=-4.2e+11
dp[15][268]=-4.2e+11
dp[16][268]=-4.2e+11
Select best dp
Best k=6
Stratifying 5-th numerical feature ...
Stratifying 3-th numerical feature ...
dp[2][268]=-412.308
dp[3][268]=-4.5e+11
dp[4][268]=-7.3e+11
dp[5][268]=-1e+12
dp[6][268]=-1.21e+12
dp[7][268]=-1.33e+12
dp[8][268]=-1.54e+12
dp[9][268]=-1.73e+12
dp[10][268]=-1.82e+12
dp[11][268]=-1.82e+12
dp[12][268]=-1.91e+12
dp[13][268]=-1.91e+12
dp[14][268]=-1.97e+12
dp[15][268]=-1.97e+12
dp[16][268]=-1.97e+12
Select best dp
Best k=15
Stratifying 6-th numerical feature ...
dp[2][268]=-207.251
dp[3][268]=-328.345
dp[4][268]=-379.562
dp[5][268]=-422.457
dp[6][268]=-433.853
dp[7][268]=-416.383
dp[8][268]=-396.38
dp[9][268]=-366.928
dp[10][268]=-316.882
dp[11][268]=-263.445
dp[12][268]=-199.762
dp[13][268]=-130.279
dp[14][268]=-57.8342
dp[15][268]=14.9049
dp[16][268]=112.574
Select best dp
Best k=6
dp[2][268]=-207.251
dp[3][268]=-328.345
dp[4][268]=-379.562
dp[5][268]=-422.457
dp[6][268]=-433.853
dp[7][268]=-416.383
dp[8][268]=-396.38
dp[9][268]=-366.928
dp[10][268]=-316.882
dp[11][268]=-263.445
dp[12][268]=-199.762
dp[13][268]=-130.279
dp[14][268]=-57.8342
dp[15][268]=14.9049
dp[16][268]=112.574
Select best dp
Best k=6
dp[2][268]=-627.102
dp[3][268]=-975.589
dp[4][268]=-1184.32
dp[5][268]=-1376.41
dp[6][268]=-1505.5
dp[7][268]=-1576.86
dp[8][268]=-1643.16
dp[9][268]=-1690.55
dp[10][268]=-1696.76
dp[11][268]=-1696.18
dp[12][268]=-1675.12
dp[13][268]=-1642.45
dp[14][268]=-1603.86
dp[15][268]=-1564.68
dp[16][268]=-1475.64
Select best dp
Best k=10
dp[2][268]=-207.251
dp[3][268]=-328.345
dp[4][268]=-379.562
dp[5][268]=-422.457
dp[6][268]=-433.853
dp[7][268]=-416.383
dp[8][268]=-396.38
dp[9][268]=-366.928
dp[10][268]=-316.882
dp[11][268]=-263.445
dp[12][268]=-199.762
dp[13][268]=-130.279
dp[14][268]=-57.8342
dp[15][268]=14.9049
dp[16][268]=112.574
Select best dp
Best k=6
dp[2][268]=-23.362
dp[3][268]=-2.2e+11
dp[4][268]=-2.2e+11
dp[5][268]=-2.2e+11
dp[6][268]=-2.2e+11
dp[7][268]=-2.2e+11
dp[8][268]=-2.2e+11
dp[9][268]=-2.2e+11
dp[10][268]=-2.2e+11
dp[11][268]=-2.2e+11
dp[12][268]=-2.2e+11
dp[13][268]=-2.2e+11
dp[14][268]=-2.2e+11
dp[15][268]=-2.2e+11
dp[16][268]=-1.9e+11
Select best dp
Best k=7
Stratifying 5-th numerical feature ...
dp[2][268]=-412.308
dp[3][268]=-4.5e+11
dp[4][268]=-7.3e+11
dp[5][268]=-1e+12
dp[6][268]=-1.21e+12
dp[7][268]=-1.23e+12
dp[8][268]=-1.44e+12
dp[9][268]=-1.63e+12
dp[10][268]=-1.63e+12
dp[11][268]=-1.65e+12
dp[12][268]=-1.65e+12
dp[13][268]=-1.65e+12
dp[14][268]=-1.65e+12
dp[15][268]=-1.65e+12
dp[16][268]=-1.65e+12
Select best dp
Best k=12
Stratifying 6-th numerical feature ...
dp[2][268]=-412.308
dp[3][268]=-4.5e+11
dp[4][268]=-7.3e+11
dp[5][268]=-1e+12
dp[6][268]=-1e+12
dp[7][268]=-1e+12
dp[8][268]=-1e+12
dp[9][268]=-1e+12
dp[10][268]=-7.6e+11
Select best dp
Best k=8
Stratifying 6-th numerical feature ...
dp[2][268]=212.599
dp[3][268]=318.899
dp[4][268]=425.198
dp[5][268]=531.498
dp[6][268]=637.797
dp[7][268]=744.097
dp[8][268]=850.396
dp[9][268]=956.696
dp[10][268]=1063
dp[11][268]=1169.29
dp[12][268]=1275.59
dp[13][268]=1381.89
dp[14][268]=1488.19
dp[15][268]=1594.49
dp[16][268]=1700.79
Select best dp
Best k=2
Stratifying 5-th numerical feature ...
dp[2][268]=-23.362
dp[3][268]=-2.2e+11
dp[4][268]=-2.2e+11
dp[5][268]=-2.2e+11
dp[6][268]=-2.2e+11
dp[7][268]=-2.2e+11
dp[8][268]=-2.2e+11
dp[9][268]=-2.2e+11
dp[10][268]=-2.2e+11
dp[11][268]=-2.2e+11
dp[12][268]=-2.2e+11
dp[13][268]=-2.2e+11
dp[14][268]=-2.2e+11
dp[15][268]=-2.2e+11
dp[16][268]=-1.9e+11
Select best dp
Best k=7
dp[2][268]=-452.233
dp[3][268]=-4.2e+11
Stratifying 5-th numerical feature ...
dp[4][268]=-4.2e+11
dp[5][268]=-4.2e+11
dp[6][268]=-4.2e+11
dp[7][268]=-4.2e+11
dp[8][268]=-4.2e+11
dp[9][268]=-4.2e+11
dp[10][268]=-4.2e+11
dp[11][268]=-4.2e+11
dp[12][268]=-4.2e+11
dp[13][268]=-4.2e+11
dp[14][268]=-4.2e+11
dp[15][268]=-4.2e+11
dp[16][268]=-3.6e+11
Select best dp
Best k=7
dp[2][268]=-23.362
dp[3][268]=-2.2e+11
dp[4][268]=-2.2e+11
dp[5][268]=-2.2e+11
dp[6][268]=-2.2e+11
dp[7][268]=-2.2e+11
dp[8][268]=-2.2e+11
dp[9][268]=-2.2e+11
dp[10][268]=-2.2e+11
dp[11][268]=-2.2e+11
dp[12][268]=-2.2e+11
dp[13][268]=-2.2e+11
dp[14][268]=-2.2e+11
dp[15][268]=-2.2e+11
dp[16][268]=-1.9e+11
Select best dp
Best k=7
Stratifying 3-th numerical feature ...
Stratifying 5-th numerical feature ...
dp[2][268]=-18.9018
dp[3][268]=-3.5e+11
dp[4][268]=-6.9e+11
dp[5][268]=-8.8e+11
dp[6][268]=-1.1e+12
dp[7][268]=-1.4e+12
dp[8][268]=-1.52e+12
dp[9][268]=-1.81e+12
dp[10][268]=-1.93e+12
dp[11][268]=-2.04e+12
dp[12][268]=-2.16e+12
dp[13][268]=-2.26e+12
dp[14][268]=-2.26e+12
dp[15][268]=-2.32e+12
dp[16][268]=-2.32e+12
Select best dp
Best k=15
Stratifying 7-th numerical feature ...
dp[2][268]=-69.8003
dp[3][268]=-4.6e+11
dp[4][268]=-8.2e+11
dp[5][268]=-1.17e+12
dp[6][268]=-1.48e+12
dp[7][268]=-1.79e+12
dp[8][268]=-1.98e+12
dp[9][268]=-2.14e+12
dp[10][268]=-2.29e+12
dp[11][268]=-2.41e+12
dp[12][268]=-2.54e+12
dp[13][268]=-2.54e+12
dp[14][268]=-2.54e+12
dp[15][268]=-2.54e+12
dp[16][268]=-2.54e+12
Select best dp
Best k=12
Stratifying 4-th numerical feature ...
dp[2][268]=94.6185
dp[3][268]=-1.1e+11
dp[4][268]=-1.1e+11
dp[5][268]=-1.1e+11
dp[6][268]=-1.1e+11
dp[7][268]=-1.1e+11
dp[8][268]=-1.1e+11
dp[9][268]=-1.1e+11
dp[10][268]=-1.1e+11
dp[11][268]=-1.1e+11
dp[12][268]=-1.1e+11
dp[13][268]=-1.1e+11
dp[14][268]=-1.1e+11
dp[15][268]=-1.1e+11
dp[16][268]=-9.5e+10
Select best dp
Best k=3
Stratifying 5-th numerical feature ...
dp[2][268]=-18.9018
dp[3][268]=-3.5e+11
dp[4][268]=-6.9e+11
dp[5][268]=-8.8e+11
dp[6][268]=-1.1e+12
dp[7][268]=-1.4e+12
dp[8][268]=-1.52e+12
dp[9][268]=-1.81e+12
dp[10][268]=-1.93e+12
dp[11][268]=-2.04e+12
dp[12][268]=-2.16e+12
dp[13][268]=-2.26e+12
dp[14][268]=-2.26e+12
dp[15][268]=-2.26e+12
dp[16][268]=-2.26e+12
Select best dp
Best k=13
Stratifying 7-th numerical feature ...
dp[2][268]=-99.8547
dp[3][268]=-2.25e+11
dp[4][268]=-3.65e+11
dp[5][268]=-5e+11
dp[6][268]=-6.05e+11
dp[7][268]=-6.05e+11
dp[8][268]=-7e+11
dp[9][268]=-7.85e+11
dp[10][268]=-7.85e+11
dp[11][268]=-7.85e+11
dp[12][268]=-7.85e+11
dp[13][268]=-7.85e+11
dp[14][268]=-7.05e+11
dp[15][268]=-6.25e+11
dp[16][268]=-5.15e+11
Select best dp
Best k=9
dp[2][268]=-412.308
dp[3][268]=-4.5e+11
dp[4][268]=-7.3e+11
dp[5][268]=-1e+12
dp[6][268]=-1.21e+12
dp[7][268]=-1.21e+12
dp[8][268]=-1.4e+12
dp[9][268]=-1.57e+12
dp[10][268]=-1.57e+12
dp[11][268]=-1.57e+12
dp[12][268]=-1.57e+12
dp[13][268]=-1.57e+12
dp[14][268]=-1.41e+12
dp[15][268]=-1.25e+12
dp[16][268]=-1.03e+12
Select best dp
Best k=10
Stratifying 6-th numerical feature ...
Stratifying 6-th numerical feature ...
dp[2][268]=-207.251
dp[3][268]=-328.345
dp[4][268]=-379.562
dp[5][268]=-422.457
dp[6][268]=-433.853
dp[7][268]=-416.433
dp[8][268]=-396.429
dp[9][268]=-366.977
dp[10][268]=-325.314
dp[11][268]=-278.564
dp[12][268]=-228.973
dp[13][268]=-178.927
dp[14][268]=-126.777
dp[15][268]=-67.2247
dp[16][268]=-3.27511
Select best dp
Best k=6
dp[2][268]=-18.9018
dp[3][268]=-3.5e+11
dp[4][268]=-6.9e+11
dp[5][268]=-6.9e+11
dp[6][268]=-9.9e+11
dp[7][268]=-9.9e+11
dp[8][268]=-1.16e+12
dp[9][268]=-1.16e+12
dp[10][268]=-1.09e+12
Select best dp
Best k=8
Stratifying 7-th numerical feature ...
dp[2][268]=-23.362
dp[3][268]=-2.2e+11
dp[4][268]=-2.2e+11
dp[5][268]=-2.2e+11
dp[6][268]=-2.2e+11
dp[7][268]=-2.2e+11
dp[8][268]=-2.2e+11
dp[9][268]=-2.2e+11
dp[10][268]=-2.2e+11
dp[11][268]=-2.2e+11
dp[12][268]=-2.2e+11
dp[13][268]=-2.2e+11
dp[14][268]=-2.2e+11
dp[15][268]=-2.2e+11
dp[16][268]=-2.2e+11
Select best dp
Best k=7
Stratifying 5-th numerical feature ...
dp[2][268]=-207.251
dp[3][268]=-328.345
dp[4][268]=-379.562
dp[5][268]=-422.457
dp[6][268]=-433.853
dp[7][268]=-416.433
dp[8][268]=-396.429
dp[9][268]=-366.977
dp[10][268]=-325.314
dp[11][268]=-278.564
dp[12][268]=-228.973
dp[13][268]=-178.927
dp[14][268]=-119.375
dp[15][268]=-57.2804
dp[16][268]=6.00582
Select best dp
Best k=6
dp[2][268]=212.599
dp[3][268]=318.899
dp[4][268]=425.198
dp[5][268]=531.498
dp[6][268]=637.797
dp[7][268]=744.097
dp[8][268]=850.396
dp[9][268]=956.696
dp[10][268]=1063
dp[11][268]=1169.29
dp[12][268]=1275.59
dp[13][268]=1381.89
dp[14][268]=1488.19
dp[15][268]=1594.49
dp[16][268]=1700.79
Select best dp
Best k=2
Stratifying 6-th numerical feature ...
dp[2][268]=-412.308
dp[3][268]=-4.5e+11
dp[4][268]=-7.3e+11
dp[5][268]=-1e+12
dp[6][268]=-1.21e+12
dp[7][268]=-1.21e+12
dp[8][268]=-1.4e+12
dp[9][268]=-1.57e+12
dp[10][268]=-1.57e+12
dp[11][268]=-1.57e+12
dp[12][268]=-1.57e+12
dp[13][268]=-1.57e+12
dp[14][268]=-1.41e+12
dp[15][268]=-1.25e+12
dp[16][268]=-1.03e+12
Select best dp
Best k=10
dp[2][268]=-412.308
dp[3][268]=-4.5e+11
dp[4][268]=-7.3e+11
dp[5][268]=-1e+12
dp[6][268]=-1.21e+12
dp[7][268]=-1.21e+12
dp[8][268]=-1.4e+12
dp[9][268]=-1.57e+12
dp[10][268]=-1.57e+12
dp[11][268]=-1.57e+12
dp[12][268]=-1.57e+12
dp[13][268]=-1.57e+12
dp[14][268]=-1.41e+12
Stratifying 6-th numerical feature ...
dp[15][268]=-1.25e+12
dp[16][268]=-1.03e+12
Select best dp
Best k=10
Stratifying 6-th numerical feature ...
dp[2][268]=96.8486
dp[3][268]=-1.75e+11
dp[4][268]=-3.45e+11
dp[5][268]=-4.4e+11
dp[6][268]=-5.5e+11
dp[7][268]=-7e+11
dp[8][268]=-7e+11
dp[9][268]=-8.25e+11
dp[10][268]=-8.25e+11
dp[11][268]=-8.25e+11
dp[12][268]=-8.25e+11
dp[13][268]=-8.25e+11
dp[14][268]=-8.25e+11
dp[15][268]=-7.8e+11
dp[16][268]=-5.4e+11
Select best dp
Best k=9
Stratifying 7-th numerical feature ...
dp[2][268]=-36.317
dp[3][268]=-4.6e+11
dp[4][268]=-8.2e+11
dp[5][268]=-1.17e+12
dp[6][268]=-1.48e+12
dp[7][268]=-1.79e+12
dp[8][268]=-1.98e+12
dp[9][268]=-1.98e+12
dp[10][268]=-2.14e+12
dp[11][268]=-2.14e+12
dp[12][268]=-2.14e+12
dp[13][268]=-2.14e+12
dp[14][268]=-2.03e+12
dp[15][268]=-1.87e+12
dp[16][268]=-1.71e+12
Select best dp
Best k=10
Stratifying 4-th numerical feature ...
dp[2][268]=-18.9018
dp[3][268]=-3.5e+11
dp[4][268]=-6.9e+11
dp[5][268]=-8.8e+11
dp[6][268]=-1.1e+12
dp[7][268]=-1.4e+12
dp[8][268]=-1.4e+12
dp[9][268]=-1.65e+12
dp[10][268]=-1.65e+12
dp[11][268]=-1.65e+12
dp[12][268]=-1.65e+12
dp[13][268]=-1.65e+12
dp[14][268]=-1.65e+12
dp[15][268]=-1.56e+12
dp[16][268]=-1.08e+12
Select best dp
Best k=9
Stratifying 7-th numerical feature ...
dp[2][268]=-207.251
dp[3][268]=-328.345
dp[4][268]=-379.562
dp[5][268]=-422.457
dp[6][268]=-433.853
dp[7][268]=-413.85
dp[8][268]=-389.434
dp[9][268]=-349.975
dp[10][268]=-262.855
Select best dp
Best k=6
dp[2][268]=-412.308
dp[3][268]=-4.5e+11
dp[4][268]=-7.3e+11
dp[5][268]=-1e+12
dp[6][268]=-1.21e+12
dp[7][268]=-1.33e+12
dp[8][268]=-1.54e+12
dp[9][268]=-1.73e+12
dp[10][268]=-1.82e+12
dp[11][268]=-1.85e+12
dp[12][268]=-1.94e+12
dp[13][268]=-1.94e+12
dp[14][268]=-2.03e+12
dp[15][268]=-2.03e+12
dp[16][268]=-2.1e+12
Select best dp
Best k=16
Stratifying 6-th numerical feature ...
dp[2][268]=2.6738
dp[3][268]=-4.72327
dp[4][268]=22.8181
dp[5][268]=54.5202
dp[6][268]=101.972
dp[7][268]=163.857
dp[8][268]=227.008
dp[9][268]=294.884
dp[10][268]=373.057
dp[11][268]=452.925
dp[12][268]=537.916
dp[13][268]=625.807
dp[14][268]=715.179
dp[15][268]=804.699
dp[16][268]=906.683
Select best dp
Best k=3
dp[2][268]=-18.9018
dp[3][268]=-3.5e+11
dp[4][268]=-6.9e+11
dp[5][268]=-8.8e+11
dp[6][268]=-1.1e+12
dp[7][268]=-1.4e+12
dp[8][268]=-1.4e+12
dp[9][268]=-1.65e+12
dp[10][268]=-1.65e+12
dp[11][268]=-1.65e+12
dp[12][268]=-1.65e+12
dp[13][268]=-1.65e+12
dp[14][268]=-1.65e+12
dp[15][268]=-1.56e+12
dp[16][268]=-1.08e+12
Select best dp
Best k=9
Stratifying 7-th numerical feature ...
dp[2][268]=212.599
dp[3][268]=318.899
dp[4][268]=425.198
dp[5][268]=531.498
dp[6][268]=637.797
dp[7][268]=744.097
dp[8][268]=850.396
dp[9][268]=956.696
dp[10][268]=1063
dp[11][268]=1169.29
dp[12][268]=1275.59
dp[13][268]=1381.89
dp[14][268]=1488.19
dp[15][268]=1594.49
dp[16][268]=1700.79
Select best dp
Best k=2
Stratifying 7-th numerical feature ...
dp[2][268]=-18.9018
dp[3][268]=-3.5e+11
dp[4][268]=-6.9e+11
dp[5][268]=-8.8e+11
dp[6][268]=-1.1e+12
dp[7][268]=-1.4e+12
dp[8][268]=-1.4e+12
dp[9][268]=-1.65e+12
dp[10][268]=-1.65e+12
dp[11][268]=-1.65e+12
dp[12][268]=-1.65e+12
dp[13][268]=-1.65e+12
dp[14][268]=-1.65e+12
dp[15][268]=-1.56e+12
dp[16][268]=-1.08e+12
Select best dp
Best k=9
Stratifying 7-th numerical feature ...
dp[2][268]=-207.251
dp[3][268]=-328.345
dp[4][268]=-379.562
dp[5][268]=-422.457
dp[6][268]=-433.853
dp[7][268]=-416.383
dp[8][268]=-396.38
dp[9][268]=-366.928
dp[10][268]=-316.882
dp[11][268]=-263.445
dp[12][268]=-199.762
dp[13][268]=-130.279
dp[14][268]=-57.8342
dp[15][268]=14.9049
dp[16][268]=112.574
Select best dp
Best k=6
dp[2][268]=-18.9018
dp[3][268]=-3.5e+11
dp[4][268]=-6.9e+11
dp[5][268]=-8.8e+11
dp[6][268]=-1.1e+12
dp[7][268]=-1.4e+12
dp[8][268]=-1.52e+12
dp[9][268]=-1.81e+12
dp[10][268]=-1.93e+12
dp[11][268]=-2.04e+12
dp[12][268]=-2.16e+12
dp[13][268]=-2.26e+12
dp[14][268]=-2.31e+12
dp[15][268]=-2.4e+12
dp[16][268]=-2.4e+12
Select best dp
Best k=15
Stratifying 7-th numerical feature ...
dp[2][268]=24.2108
dp[3][268]=-2.2e+11
dp[4][268]=-2.2e+11
dp[5][268]=-2.2e+11
dp[6][268]=-2.2e+11
dp[7][268]=-2.2e+11
dp[8][268]=-2.2e+11
dp[9][268]=-2.2e+11
dp[10][268]=-2.2e+11
dp[11][268]=-2.2e+11
dp[12][268]=-2.2e+11
dp[13][268]=-2.2e+11
dp[14][268]=-2.2e+11
dp[15][268]=-2.2e+11
dp[16][268]=-1.9e+11
Select best dp
Best k=7
Stratifying 5-th numerical feature ...
dp[2][268]=-207.251
dp[3][268]=-328.345
dp[4][268]=-379.562
dp[5][268]=-422.457
dp[6][268]=-433.853
dp[7][268]=-416.383
dp[8][268]=-396.38
dp[9][268]=-366.928
dp[10][268]=-316.882
dp[11][268]=-263.445
dp[12][268]=-199.762
dp[13][268]=-130.279
dp[14][268]=-57.8342
dp[15][268]=14.9049
dp[16][268]=112.574
Select best dp
Best k=6
dp[2][268]=-207.251
dp[3][268]=-328.345
dp[4][268]=-379.562
dp[5][268]=-422.457
dp[6][268]=-433.853
dp[7][268]=-416.383
dp[8][268]=-396.38
dp[9][268]=-366.928
dp[10][268]=-316.882
dp[11][268]=-263.445
dp[12][268]=-199.762
dp[13][268]=-130.279
dp[14][268]=-57.8342
dp[15][268]=14.9049
dp[16][268]=112.574
Select best dp
Best k=6
dp[2][268]=212.599
dp[3][268]=318.899
dp[4][268]=425.198
dp[5][268]=531.498
dp[6][268]=637.797
dp[7][268]=744.097
dp[8][268]=850.396
dp[9][268]=956.696
dp[10][268]=1063
dp[11][268]=1169.29
dp[12][268]=1275.59
dp[13][268]=1381.89
dp[14][268]=1488.19
dp[15][268]=1594.49
dp[16][268]=1700.79
Select best dp
Best k=2
dp[2][268]=-207.251
dp[3][268]=-7e+10
dp[4][268]=-1.3e+11
dp[5][268]=-1.4e+11
dp[6][268]=-2e+11
dp[7][268]=-2e+11
dp[8][268]=-2.5e+11
dp[9][268]=-2.5e+11
dp[10][268]=-3e+11
dp[11][268]=-3e+11
dp[12][268]=-3.5e+11
dp[13][268]=-3.5e+11
dp[14][268]=-4e+11
dp[15][268]=-4e+11
dp[16][268]=-4.5e+11
Select best dp
Best k=16
dp[2][268]=-369.135
dp[3][268]=-4.5e+11
dp[4][268]=-7.3e+11
dp[5][268]=-1e+12
dp[6][268]=-1.21e+12
dp[7][268]=-1.21e+12
dp[8][268]=-1.4e+12
dp[9][268]=-1.57e+12
dp[10][268]=-1.57e+12
dp[11][268]=-1.57e+12
dp[12][268]=-1.57e+12
dp[13][268]=-1.57e+12
dp[14][268]=-1.41e+12
dp[15][268]=-1.25e+12
dp[16][268]=-1.03e+12
Select best dp
Best k=10
Stratifying 6-th numerical feature ...
dp[2][268]=8.17041
dp[3][268]=-3.5e+11
dp[4][268]=-6.9e+11
dp[5][268]=-8.8e+11
dp[6][268]=-1.1e+12
dp[7][268]=-1.4e+12
dp[8][268]=-1.4e+12
dp[9][268]=-1.65e+12
dp[10][268]=-1.65e+12
dp[11][268]=-1.65e+12
dp[12][268]=-1.65e+12
dp[13][268]=-1.65e+12
dp[14][268]=-1.65e+12
dp[15][268]=-1.56e+12
dp[16][268]=-1.08e+12
Select best dp
Best k=9
Stratifying 7-th numerical feature ...
dp[2][268]=-160.649
dp[3][268]=-293.936
dp[4][268]=-350.829
dp[5][268]=-398.254
dp[6][268]=-412.374
dp[7][268]=-397.778
dp[8][268]=-381.443
dp[9][268]=-356.729
dp[10][268]=-315.34
dp[11][268]=-267.426
dp[12][268]=-210.218
dp[13][268]=-146.132
dp[14][268]=-77.3166
dp[15][268]=-6.48568
dp[16][268]=82.2841
Select best dp
Best k=6
