Standardize ...
Stratifying 1-th numerical feature ...
Standardize ...
Stratifying 1-th numerical feature ...
Standardize ...
Stratifying 1-th numerical feature ...
Standardize ...
Stratifying 1-th numerical feature ...
Standardize ...
Stratifying 1-th numerical feature ...
Standardize ...
Stratifying 1-th numerical feature ...
Standardize ...
Stratifying 1-th numerical feature ...
Standardize ...
Stratifying 1-th numerical feature ...
Standardize ...
Stratifying 1-th numerical feature ...
Standardize ...
Stratifying 1-th numerical feature ...
Standardize ...
Stratifying 1-th numerical feature ...
Standardize ...
Stratifying 1-th numerical feature ...
Standardize ...
Stratifying 1-th numerical feature ...
Standardize ...
Stratifying 1-th numerical feature ...
dp[2][422]=-178.245
dp[3][422]=-324.144
dp[4][422]=-417.761
dp[5][422]=-425.708
dp[6][422]=-422.284
dp[7][422]=-395.433
dp[8][422]=-357.753
dp[9][422]=-303.21
dp[10][422]=-243.344
dp[11][422]=-159.748
dp[12][422]=-63.1388
dp[13][422]=41.7169
Select best dp
Best k=5
Stratifying 2-th numerical feature ...
dp[2][422]=-178.245
dp[3][422]=-324.144
dp[4][422]=-417.761
dp[5][422]=-425.708
dp[6][422]=-422.284
dp[7][422]=-395.433
dp[8][422]=-357.753
dp[9][422]=-303.21
dp[10][422]=-243.39
dp[11][422]=-169.453
dp[12][422]=-85.4382
dp[13][422]=0.843249
dp[14][422]=93.3914
dp[15][422]=187.569
dp[16][422]=284.821
dp[17][422]=399.318
dp[18][422]=519.77
dp[19][422]=653.725
dp[20][422]=902.656
Select best dp
Best k=5
Stratifying 2-th numerical feature ...
dp[2][422]=-178.245
dp[3][422]=-1.3e+11
dp[4][422]=-1.3e+11
dp[5][422]=-2.4e+11
dp[6][422]=-2.4e+11
dp[7][422]=-3.4e+11
dp[8][422]=-3.4e+11
dp[9][422]=-4.4e+11
dp[10][422]=-4.4e+11
dp[11][422]=-5.1e+11
dp[12][422]=-5.1e+11
dp[13][422]=-5.1e+11
dp[14][422]=-5.1e+11
dp[15][422]=-5.1e+11
dp[16][422]=-5.1e+11
dp[17][422]=-5.1e+11
dp[18][422]=-5.1e+11
dp[19][422]=-5.1e+11
dp[20][422]=-5.1e+11
Select best dp
Best k=12
Stratifying 2-th numerical feature ...
dp[2][422]=-178.245
dp[3][422]=-1.3e+11
dp[4][422]=-1.3e+11
dp[5][422]=-2.4e+11
dp[6][422]=-2.4e+11
dp[7][422]=-3.4e+11
dp[8][422]=-3.4e+11
dp[9][422]=-4.4e+11
dp[10][422]=-4.4e+11
dp[11][422]=-5.1e+11
dp[12][422]=-5.1e+11
dp[13][422]=-5.1e+11
dp[14][422]=-5.1e+11
dp[15][422]=-5.1e+11
dp[16][422]=-5.1e+11
dp[17][422]=-5.1e+11
dp[18][422]=-5.1e+11
dp[19][422]=-5.1e+11
dp[20][422]=-5.1e+11
Select best dp
Best k=12
Stratifying 2-th numerical feature ...
dp[2][422]=-178.245
dp[3][422]=-324.144
dp[4][422]=-417.761
dp[5][422]=-425.708
dp[6][422]=-422.284
dp[7][422]=-395.433
dp[8][422]=-357.753
dp[9][422]=-303.21
dp[10][422]=-243.39
dp[11][422]=-169.453
dp[12][422]=-85.4382
dp[13][422]=0.843249
dp[14][422]=93.3914
dp[15][422]=187.569
dp[16][422]=284.821
dp[17][422]=399.318
dp[18][422]=519.77
dp[19][422]=653.725
dp[20][422]=902.656
Select best dp
Best k=5
Stratifying 2-th numerical feature ...
dp[2][422]=-1891.65
dp[3][422]=-2175.33
dp[4][422]=-2306.7
dp[5][422]=-2378.65
dp[6][422]=-2400.85
dp[7][422]=-2378.14
dp[8][422]=-2345.43
dp[9][422]=-2303.3
dp[10][422]=-2245.96
dp[11][422]=-2172.58
dp[12][422]=-2091.86
dp[13][422]=-1967.34
Select best dp
Best k=6
Stratifying 3-th numerical feature ...
dp[2][422]=-178.245
dp[3][422]=-324.144
dp[4][422]=-417.761
dp[5][422]=-425.708
dp[6][422]=-422.284
dp[7][422]=-395.433
dp[8][422]=-357.753
dp[9][422]=-303.21
dp[10][422]=-243.39
dp[11][422]=-169.453
dp[12][422]=-85.4382
dp[13][422]=0.843249
dp[14][422]=93.3914
dp[15][422]=187.569
dp[16][422]=284.821
dp[17][422]=399.318
dp[18][422]=519.77
dp[19][422]=653.725
dp[20][422]=902.656
Select best dp
Best k=5
Stratifying 2-th numerical feature ...
dp[2][422]=-178.245
dp[3][422]=-324.144
dp[4][422]=-417.761
dp[5][422]=-425.708
dp[6][422]=-422.284
dp[7][422]=-395.433
dp[8][422]=-357.753
dp[9][422]=-303.21
dp[10][422]=-243.39
dp[11][422]=-169.453
dp[12][422]=-85.4382
dp[13][422]=0.843249
dp[14][422]=93.3914
dp[15][422]=187.569
dp[16][422]=284.821
dp[17][422]=399.318
dp[18][422]=519.77
dp[19][422]=653.725
dp[20][422]=902.656
Select best dp
Best k=5
Stratifying 2-th numerical feature ...
dp[2][422]=-178.245
dp[3][422]=-324.144
dp[4][422]=-417.761
dp[5][422]=-425.708
dp[6][422]=-422.284
dp[7][422]=-395.433
dp[8][422]=-357.753
dp[9][422]=-303.21
dp[10][422]=-243.39
dp[11][422]=-169.453
dp[12][422]=-85.4382
dp[13][422]=0.843249
dp[14][422]=93.3914
dp[2][422]=326.558
dp[15][422]=187.569
dp[16][422]=284.821
dp[3][422]=489.837
dp[17][422]=399.318
dp[4][422]=653.116
dp[18][422]=519.77
dp[5][422]=816.395
dp[19][422]=653.725
dp[6][422]=979.674
dp[20][422]=902.656
dp[7][422]=1142.95
Select best dp
dp[8][422]=1306.23
Best k=5
dp[9][422]=1469.51
dp[10][422]=1632.79
dp[11][422]=1796.07
dp[12][422]=1959.35
dp[13][422]=2122.63
dp[14][422]=2285.91
dp[15][422]=2449.19
dp[16][422]=2612.46
dp[17][422]=2775.74
dp[18][422]=2939.02
dp[19][422]=3102.3
dp[20][422]=3265.58
Select best dp
Best k=2
Stratifying 2-th numerical feature ...
Stratifying 2-th numerical feature ...
dp[2][422]=-1910.58
dp[3][422]=-2201.76
dp[4][422]=-2337.29
dp[5][422]=-2422.74
dp[6][422]=-2445.47
dp[7][422]=-2430.08
dp[8][422]=-2399.33
dp[9][422]=-2363.1
dp[10][422]=-2311.53
dp[11][422]=-2239.25
dp[12][422]=-2158.53
dp[13][422]=-2067.52
dp[14][422]=-1974.41
dp[15][422]=-1872.59
dp[16][422]=-1768.48
dp[17][422]=-1660.25
dp[18][422]=-1542.38
dp[19][422]=-1414.63
dp[20][422]=-1199.04
Select best dp
Best k=6
Stratifying 3-th numerical feature ...
dp[2][422]=74.1565
dp[3][422]=82.8468
dp[4][422]=117.678
dp[5][422]=195.343
dp[6][422]=278.695
dp[7][422]=373.76
dp[8][422]=474.24
dp[9][422]=583.151
dp[10][422]=694.7
dp[11][422]=813.308
dp[12][422]=936.955
dp[13][422]=1061.74
dp[14][422]=1189.65
dp[15][422]=1318.38
dp[2][422]=-178.245
dp[16][422]=1448.64
dp[17][422]=1587.53
dp[3][422]=-324.144
dp[18][422]=1729.4
dp[4][422]=-417.761
dp[19][422]=1878.01
dp[5][422]=-425.708
dp[20][422]=2084.12
dp[6][422]=-422.284
Select best dp
dp[7][422]=-395.433
Best k=2
dp[8][422]=-357.753
dp[9][422]=-303.21
dp[10][422]=-243.39
dp[11][422]=-169.453
dp[12][422]=-85.4382
dp[13][422]=0.843249
dp[14][422]=93.3914
dp[15][422]=187.569
dp[16][422]=284.821
dp[17][422]=399.318
dp[18][422]=519.77
dp[19][422]=653.725
dp[20][422]=902.656
Select best dp
Best k=5
Stratifying 2-th numerical feature ...
Stratifying 2-th numerical feature ...
dp[2][422]=-683.048
dp[3][422]=-1138.12
dp[4][422]=-1488.64
dp[5][422]=-1667.81
dp[6][422]=-1824.24
dp[7][422]=-1933.82
dp[8][422]=-2021.74
dp[9][422]=-2075.93
dp[10][422]=-2119.57
dp[11][422]=-2134.98
dp[12][422]=-2130.22
dp[13][422]=-2120.94
dp[14][422]=-2099.12
dp[15][422]=-2074.05
dp[16][422]=-2042.82
dp[17][422]=-1977.11
dp[18][422]=-1899.48
dp[19][422]=-1794.85
dp[20][422]=-1460.27
Select best dp
Best k=11
Stratifying 2-th numerical feature ...
dp[2][422]=-127.649
dp[3][422]=-308.49
dp[4][422]=-363.29
dp[5][422]=-401.497
dp[6][422]=-417.607
dp[7][422]=-383.507
dp[8][422]=-347.29
dp[9][422]=-296.922
dp[10][422]=-228.674
dp[11][422]=-157.049
dp[12][422]=-26.257
dp[13][422]=118.481
Select best dp
Best k=6
dp[2][422]=-1910.58
dp[3][422]=-2201.76
dp[4][422]=-2337.29
dp[5][422]=-2422.74
dp[6][422]=-2445.47
dp[7][422]=-2430.08
dp[8][422]=-2399.33
dp[9][422]=-2363.1
dp[10][422]=-2311.53
dp[11][422]=-2239.25
dp[12][422]=-2158.53
dp[13][422]=-2067.52
dp[14][422]=-1974.41
dp[15][422]=-1872.59
dp[16][422]=-1768.48
dp[17][422]=-1660.25
dp[18][422]=-1542.38
dp[19][422]=-1414.63
dp[20][422]=-1199.04
Select best dp
Best k=6
Stratifying 3-th numerical feature ...
dp[2][422]=-1910.58
dp[3][422]=-2201.76
dp[4][422]=-2337.29
dp[5][422]=-2422.74
dp[6][422]=-2445.47
dp[7][422]=-2430.08
dp[8][422]=-2399.33
dp[9][422]=-2363.1
dp[10][422]=-2311.53
dp[11][422]=-2239.25
dp[12][422]=-2158.53
dp[13][422]=-2067.52
dp[14][422]=-1974.41
dp[15][422]=-1872.59
dp[16][422]=-1768.48
dp[17][422]=-1660.25
dp[18][422]=-1542.38
dp[19][422]=-1414.63
dp[20][422]=-1199.04
Select best dp
Best k=6
Stratifying 3-th numerical feature ...
dp[2][422]=-127.649
dp[3][422]=-2.4e+11
dp[4][422]=-4.7e+11
dp[5][422]=-4.7e+11
dp[6][422]=-6.9e+11
dp[7][422]=-9.1e+11
dp[8][422]=-9.1e+11
dp[9][422]=-9.1e+11
dp[10][422]=-9.1e+11
dp[11][422]=-9.1e+11
dp[12][422]=-9.1e+11
dp[13][422]=-9.1e+11
dp[14][422]=-9.1e+11
dp[15][422]=-9.1e+11
dp[16][422]=-9.1e+11
dp[17][422]=-9.1e+11
dp[18][422]=-9.1e+11
dp[19][422]=-9.1e+11
dp[20][422]=986.324
Select best dp
Best k=9
dp[2][422]=-1937.23
dp[3][422]=-1.5e+11
dp[4][422]=-1.5e+11
dp[5][422]=-2.8e+11
dp[6][422]=-2.8e+11
dp[7][422]=-3.9e+11
dp[8][422]=-3.9e+11
dp[9][422]=-5e+11
dp[10][422]=-5e+11
dp[11][422]=-6.1e+11
dp[12][422]=-6.1e+11
dp[13][422]=-7.1e+11
dp[14][422]=-7.1e+11
dp[15][422]=-7.1e+11
dp[16][422]=-7.1e+11
dp[17][422]=-7.1e+11
dp[18][422]=-7.1e+11
dp[19][422]=-7.1e+11
dp[20][422]=-7.1e+11
Select best dp
Best k=15
Stratifying 3-th numerical feature ...
dp[2][422]=-1937.23
dp[3][422]=-1.5e+11
dp[4][422]=-1.5e+11
dp[5][422]=-2.8e+11
dp[6][422]=-2.8e+11
dp[7][422]=-3.9e+11
dp[8][422]=-3.9e+11
dp[9][422]=-5e+11
dp[10][422]=-5e+11
dp[11][422]=-6.1e+11
dp[12][422]=-6.1e+11
dp[13][422]=-7.1e+11
dp[14][422]=-7.1e+11
dp[15][422]=-7.1e+11
dp[16][422]=-7.1e+11
dp[17][422]=-7.1e+11
dp[18][422]=-7.1e+11
dp[19][422]=-7.1e+11
dp[20][422]=-7.1e+11
Select best dp
Best k=15
Stratifying 3-th numerical feature ...
dp[2][422]=-1910.58
dp[3][422]=-2201.76
dp[4][422]=-2337.29
dp[5][422]=-2422.74
dp[6][422]=-2445.47
dp[7][422]=-2430.08
dp[8][422]=-2399.33
dp[9][422]=-2363.1
dp[10][422]=-2311.53
dp[11][422]=-2239.25
dp[12][422]=-2158.53
dp[13][422]=-2067.52
dp[14][422]=-1974.41
dp[15][422]=-1872.59
dp[16][422]=-1768.48
dp[17][422]=-1660.25
dp[18][422]=-1542.38
dp[19][422]=-1414.63
dp[20][422]=-1199.04
Select best dp
Best k=6
Stratifying 3-th numerical feature ...
dp[2][422]=-127.649
dp[3][422]=-2.4e+11
dp[4][422]=-4.7e+11
dp[5][422]=-4.7e+11
dp[6][422]=-6.9e+11
dp[7][422]=-9.1e+11
dp[8][422]=-9.1e+11
dp[9][422]=-9.1e+11
dp[10][422]=-9.1e+11
dp[11][422]=-9.1e+11
dp[12][422]=-9.1e+11
dp[13][422]=-9.1e+11
dp[14][422]=-9.1e+11
dp[15][422]=-9.1e+11
dp[16][422]=-9.1e+11
dp[17][422]=-9.1e+11
dp[18][422]=-9.1e+11
dp[19][422]=-9.1e+11
dp[20][422]=986.324
Select best dp
Best k=9
dp[2][422]=-127.649
dp[3][422]=-2.4e+11
dp[4][422]=-4.7e+11
dp[5][422]=-4.7e+11
dp[6][422]=-6.9e+11
dp[7][422]=-9.1e+11
dp[8][422]=-9.1e+11
dp[9][422]=-9.1e+11
dp[10][422]=-9.1e+11
dp[11][422]=-9.1e+11
dp[12][422]=-9.1e+11
dp[13][422]=-9.1e+11
dp[14][422]=-9.1e+11
dp[15][422]=-9.1e+11
dp[16][422]=-9.1e+11
dp[17][422]=-9.1e+11
dp[18][422]=-9.1e+11
dp[19][422]=-9.1e+11
dp[20][422]=986.324
Select best dp
Best k=9
dp[2][422]=326.558
dp[3][422]=489.837
dp[4][422]=653.116
dp[5][422]=816.395
dp[6][422]=979.674
dp[7][422]=1142.95
dp[8][422]=1306.23
dp[9][422]=1469.51
dp[10][422]=1632.79
dp[11][422]=1796.07
dp[12][422]=1959.35
dp[13][422]=2122.63
dp[14][422]=2285.91
dp[15][422]=2449.19
dp[16][422]=2612.46
dp[17][422]=2775.74
dp[18][422]=2939.02
dp[19][422]=3102.3
dp[20][422]=3265.58
Select best dp
Best k=2
Stratifying 3-th numerical feature ...
dp[2][422]=-4147.73
dp[3][422]=-4893.37
dp[4][422]=-5327.7
dp[5][422]=-5661.87
dp[6][422]=-5870.61
dp[7][422]=-6003.12
dp[8][422]=-6104.89
dp[9][422]=-6195.7
dp[10][422]=-6255.85
dp[11][422]=-6274.58
dp[12][422]=-6276.41
dp[13][422]=-6257.67
dp[14][422]=-6234.74
dp[15][422]=-6194.37
dp[16][422]=-6149.43
dp[17][422]=-6096.24
dp[18][422]=-6023.78
dp[19][422]=-5931.57
dp[20][422]=-5663.66
Select best dp
Best k=12
Stratifying 3-th numerical feature ...
dp[2][422]=-1910.58
dp[3][422]=-2201.76
dp[4][422]=-2337.29
dp[5][422]=-2422.74
dp[6][422]=-2445.47
dp[7][422]=-2430.08
dp[8][422]=-2399.33
dp[9][422]=-2363.1
dp[10][422]=-2311.53
dp[11][422]=-2239.25
dp[12][422]=-2158.53
dp[13][422]=-2067.52
dp[14][422]=-1974.41
dp[15][422]=-1872.59
dp[16][422]=-1768.48
dp[17][422]=-1660.25
dp[18][422]=-1542.38
dp[19][422]=-1414.63
dp[20][422]=-1199.04
Select best dp
Best k=6
Stratifying 3-th numerical feature ...
dp[2][422]=-1910.58
dp[3][422]=-2201.76
dp[4][422]=-2337.29
dp[5][422]=-2422.74
dp[6][422]=-2445.47
dp[7][422]=-2430.08
dp[8][422]=-2399.33
dp[9][422]=-2363.1
dp[10][422]=-2311.53
dp[11][422]=-2239.25
dp[12][422]=-2158.53
dp[13][422]=-2067.52
dp[14][422]=-1974.41
dp[15][422]=-1872.59
dp[16][422]=-1768.48
dp[17][422]=-1660.25
dp[18][422]=-1542.38
dp[19][422]=-1414.63
dp[20][422]=-1199.04
Select best dp
Best k=6
dp[2][422]=-792.013
dp[3][422]=-855.964
dp[4][422]=-842.087
dp[5][422]=-803.172
dp[6][422]=-732.897
dp[7][422]=-643.565
dp[8][422]=-546.549
dp[9][422]=-446.792
dp[10][422]=-339.369
dp[11][422]=-221.592
dp[12][422]=-99.5916
dp[13][422]=27.5536
dp[14][422]=155.746
dp[15][422]=288.298
dp[16][422]=421.991
dp[17][422]=557.747
dp[18][422]=698.323
dp[19][422]=843.835
dp[20][422]=1033.27
Select best dp
Best k=3
Stratifying 3-th numerical feature ...
Stratifying 3-th numerical feature ...
dp[2][422]=-178.245
dp[3][422]=-1.3e+11
dp[4][422]=-1.7e+11
dp[5][422]=-2.4e+11
dp[6][422]=-3e+11
dp[7][422]=-3.5e+11
dp[8][422]=-4.1e+11
dp[9][422]=-4.5e+11
dp[10][422]=-5.2e+11
dp[11][422]=-5.8e+11
dp[12][422]=-6.3e+11
dp[13][422]=-6.9e+11
dp[14][422]=-7.3e+11
dp[15][422]=-8e+11
dp[16][422]=-8.3e+11
dp[17][422]=-9e+11
dp[18][422]=-9.4e+11
dp[19][422]=-9.9e+11
dp[20][422]=-1.04e+12
Select best dp
Best k=20
Stratifying 2-th numerical feature ...
dp[2][422]=-127.649
dp[3][422]=-2.4e+11
dp[4][422]=-4.7e+11
dp[5][422]=-4.7e+11
dp[6][422]=-6.9e+11
dp[7][422]=-9.1e+11
dp[8][422]=-9.1e+11
dp[9][422]=-9.1e+11
dp[10][422]=-9.1e+11
dp[11][422]=-9.1e+11
dp[12][422]=-9.1e+11
dp[13][422]=-9.1e+11
dp[14][422]=-9.1e+11
dp[15][422]=-9.1e+11
dp[16][422]=-9.1e+11
dp[17][422]=-9.1e+11
dp[18][422]=-9.1e+11
dp[19][422]=-9.1e+11
dp[20][422]=986.324
Select best dp
Best k=9
dp[2][422]=-127.649
dp[3][422]=-2.4e+11
dp[4][422]=-4.7e+11
dp[5][422]=-6.7e+11
dp[6][422]=-9e+11
dp[7][422]=-1.12e+12
dp[8][422]=-1.31e+12
dp[9][422]=-1.49e+12
dp[10][422]=-1.63e+12
dp[11][422]=-1.82e+12
dp[12][422]=-2.01e+12
dp[13][422]=-2.17e+12
dp[14][422]=-2.19e+12
dp[15][422]=-2.35e+12
dp[16][422]=-2.47e+12
dp[17][422]=-2.63e+12
dp[18][422]=-2.74e+12
dp[19][422]=-2.85e+12
dp[20][422]=-2.99e+12
Select best dp
Best k=20
dp[2][422]=-127.649
dp[3][422]=-2.4e+11
dp[4][422]=-4.7e+11
dp[5][422]=-6.7e+11
dp[6][422]=-9e+11
dp[7][422]=-1.12e+12
dp[8][422]=-1.31e+12
dp[9][422]=-1.49e+12
dp[10][422]=-1.63e+12
dp[11][422]=-1.82e+12
dp[12][422]=-2.01e+12
dp[13][422]=-2.17e+12
dp[14][422]=-2.19e+12
dp[15][422]=-2.35e+12
dp[16][422]=-2.47e+12
dp[17][422]=-2.63e+12
dp[18][422]=-2.74e+12
dp[19][422]=-2.85e+12
dp[20][422]=-2.99e+12
Select best dp
Best k=20
dp[2][422]=-581.855
dp[3][422]=-4.8e+11
dp[4][422]=-9.4e+11
dp[5][422]=-9.4e+11
dp[6][422]=-1.38e+12
dp[7][422]=-1.82e+12
dp[8][422]=-1.82e+12
dp[9][422]=-1.82e+12
dp[10][422]=-1.82e+12
dp[11][422]=-1.82e+12
dp[12][422]=-1.82e+12
dp[13][422]=-1.82e+12
dp[14][422]=-1.82e+12
dp[15][422]=-1.82e+12
dp[16][422]=-1.82e+12
dp[17][422]=-1.82e+12
dp[18][422]=-1.82e+12
dp[19][422]=-1.82e+12
dp[20][422]=-1292.93
Select best dp
Best k=15
dp[2][422]=-127.649
dp[3][422]=-2.4e+11
dp[4][422]=-4.7e+11
dp[5][422]=-4.7e+11
dp[6][422]=-6.9e+11
dp[7][422]=-9.1e+11
dp[8][422]=-9.1e+11
dp[9][422]=-9.1e+11
dp[10][422]=-9.1e+11
dp[11][422]=-9.1e+11
dp[12][422]=-9.1e+11
dp[13][422]=-9.1e+11
dp[14][422]=-9.1e+11
dp[15][422]=-9.1e+11
dp[16][422]=-9.1e+11
dp[17][422]=-9.1e+11
dp[18][422]=-9.1e+11
dp[19][422]=-9.1e+11
dp[20][422]=986.324
Select best dp
Best k=9
dp[2][422]=326.558
dp[3][422]=489.837
dp[4][422]=653.116
dp[5][422]=816.395
dp[6][422]=979.674
dp[7][422]=1142.95
dp[8][422]=1306.23
dp[9][422]=1469.51
dp[10][422]=1632.79
dp[11][422]=1796.07
dp[12][422]=1959.35
dp[13][422]=2122.63
dp[14][422]=2285.91
dp[15][422]=2449.19
dp[16][422]=2612.46
dp[17][422]=2775.74
dp[18][422]=2939.02
dp[19][422]=3102.3
dp[20][422]=3265.58
Select best dp
Best k=2
dp[2][422]=-127.649
dp[3][422]=-2.4e+11
dp[4][422]=-4.7e+11
dp[5][422]=-4.7e+11
dp[6][422]=-6.9e+11
dp[7][422]=-9.1e+11
dp[8][422]=-9.1e+11
dp[9][422]=-9.1e+11
dp[10][422]=-9.1e+11
dp[11][422]=-9.1e+11
dp[12][422]=-9.1e+11
dp[13][422]=-9.1e+11
dp[14][422]=-9.1e+11
dp[15][422]=-9.1e+11
dp[16][422]=-9.1e+11
dp[17][422]=-9.1e+11
dp[18][422]=-9.1e+11
dp[19][422]=-9.1e+11
dp[20][422]=986.324
Select best dp
Best k=9
dp[2][422]=99.4547
dp[3][422]=-1.2e+11
dp[4][422]=-2.35e+11
dp[5][422]=-2.35e+11
dp[6][422]=-3.45e+11
dp[7][422]=-4.55e+11
dp[8][422]=-4.55e+11
dp[9][422]=-4.55e+11
dp[10][422]=-4.55e+11
dp[11][422]=-4.55e+11
dp[12][422]=-4.55e+11
dp[13][422]=-4.55e+11
dp[14][422]=-4.55e+11
dp[15][422]=-4.55e+11
dp[16][422]=-4.55e+11
dp[17][422]=-4.55e+11
dp[18][422]=-4.55e+11
dp[19][422]=-4.55e+11
dp[20][422]=2125.95
Select best dp
Best k=7
dp[2][422]=-1937.23
dp[3][422]=-1.5e+11
dp[4][422]=-2.2e+11
dp[5][422]=-2.8e+11
dp[6][422]=-3.7e+11
dp[7][422]=-4.1e+11
dp[8][422]=-5e+11
dp[9][422]=-5.5e+11
dp[10][422]=-6.2e+11
dp[11][422]=-6.9e+11
dp[12][422]=-7.5e+11
dp[13][422]=-8.2e+11
dp[14][422]=-8.6e+11
dp[15][422]=-9.3e+11
dp[16][422]=-9.9e+11
dp[17][422]=-1.04e+12
dp[18][422]=-1.1e+12
dp[19][422]=-1.15e+12
dp[20][422]=-1.21e+12
Select best dp
Best k=20
Stratifying 3-th numerical feature ...
dp[2][422]=115.433
dp[3][422]=-40.3964
dp[4][422]=-131.45
dp[5][422]=-167.245
dp[6][422]=-181.838
dp[7][422]=-190.227
dp[8][422]=-152.436
dp[9][422]=-120.213
dp[10][422]=-82.422
dp[11][422]=-14.5387
dp[12][422]=55.6058
dp[13][422]=140.06
dp[14][422]=225.248
dp[15][422]=313.285
dp[16][422]=401.823
dp[17][422]=506.858
dp[18][422]=620.404
dp[19][422]=745.524
dp[20][422]=1028.51
Select best dp
Best k=7
Stratifying 2-th numerical feature ...
dp[2][422]=-127.649
dp[3][422]=-2.4e+11
dp[4][422]=-4.7e+11
dp[5][422]=-6.7e+11
dp[6][422]=-9e+11
dp[7][422]=-1.12e+12
dp[8][422]=-1.31e+12
dp[9][422]=-1.49e+12
dp[10][422]=-1.63e+12
dp[11][422]=-1.82e+12
dp[12][422]=-2.01e+12
dp[13][422]=-2.17e+12
dp[14][422]=-2.25e+12
dp[15][422]=-2.35e+12
dp[16][422]=-2.47e+12
dp[17][422]=-2.63e+12
dp[18][422]=-2.74e+12
dp[19][422]=-2.85e+12
dp[20][422]=-2.99e+12
Select best dp
Best k=20
dp[2][422]=-1585.14
dp[3][422]=-1909.45
dp[4][422]=-2057.58
dp[5][422]=-2152.34
dp[6][422]=-2179.89
dp[7][422]=-2168.89
dp[8][422]=-2141.64
dp[9][422]=-2106.84
dp[10][422]=-2055.93
dp[11][422]=-1986.03
dp[12][422]=-1906.61
dp[13][422]=-1821.63
dp[14][422]=-1730.28
dp[15][422]=-1629.01
dp[16][422]=-1527.49
dp[17][422]=-1420.46
dp[18][422]=-1304.44
dp[19][422]=-1179.77
dp[20][422]=-965.053
Select best dp
Best k=6
Stratifying 3-th numerical feature ...
dp[2][422]=171.315
dp[3][422]=-2.4e+11
dp[4][422]=-4.7e+11
dp[5][422]=-4.7e+11
dp[6][422]=-6.9e+11
dp[7][422]=-9.1e+11
dp[8][422]=-9.1e+11
dp[9][422]=-9.1e+11
dp[10][422]=-9.1e+11
dp[11][422]=-9.1e+11
dp[12][422]=-9.1e+11
dp[13][422]=-9.1e+11
dp[14][422]=-9.1e+11
dp[15][422]=-9.1e+11
dp[16][422]=-9.1e+11
dp[17][422]=-9.1e+11
dp[18][422]=-9.1e+11
dp[19][422]=-9.1e+11
dp[20][422]=1130.52
Select best dp
Best k=10
