Standardize ...
Stratifying 1-th numerical feature ...
Standardize ...
Stratifying 1-th numerical feature ...
Standardize ...
Stratifying 1-th numerical feature ...
Standardize ...
Stratifying 1-th numerical feature ...
Standardize ...
Stratifying 1-th numerical feature ...
Standardize ...
Stratifying 1-th numerical feature ...
Standardize ...
Stratifying 1-th numerical feature ...
Standardize ...
Stratifying 1-th numerical feature ...
Standardize ...
Stratifying 1-th numerical feature ...
Standardize ...
Stratifying 1-th numerical feature ...
Standardize ...
Stratifying 1-th numerical feature ...
Standardize ...
Stratifying 1-th numerical feature ...
Standardize ...
Stratifying 1-th numerical feature ...
Standardize ...
Stratifying 1-th numerical feature ...
dp[2][188]=103.124
dp[3][188]=121.67
dp[4][188]=198.419
dp[5][188]=285.902
dp[6][188]=390.596
dp[7][188]=508.094
dp[8][188]=638.747
dp[9][188]=774.549
dp[10][188]=910.616
dp[11][188]=1061.15
dp[12][188]=1213.41
dp[13][188]=1384.71
Select best dp
Best k=2
Stratifying 2-th numerical feature ...
dp[2][188]=103.124
dp[3][188]=121.67
dp[4][188]=198.419
dp[5][188]=285.902
dp[6][188]=390.596
dp[7][188]=508.094
dp[8][188]=638.747
dp[9][188]=774.549
dp[10][188]=910.616
dp[11][188]=1061.15
dp[12][188]=1213.41
dp[13][188]=1384.71
Select best dp
Best k=2
Stratifying 2-th numerical feature ...
dp[2][188]=103.124
dp[3][188]=-5e+10
dp[4][188]=-5e+10
dp[5][188]=-5e+10
dp[6][188]=-5e+10
dp[7][188]=-5e+10
dp[8][188]=-5e+10
dp[9][188]=-5e+10
dp[10][188]=-5e+10
dp[11][188]=-5e+10
dp[12][188]=-5e+10
dp[13][188]=-5e+10
Select best dp
Best k=3
Stratifying 2-th numerical feature ...
dp[2][188]=103.124
dp[3][188]=121.67
dp[4][188]=198.419
dp[5][188]=285.902
dp[6][188]=390.596
dp[7][188]=508.094
dp[8][188]=638.747
dp[9][188]=774.549
dp[10][188]=910.616
dp[11][188]=1061.15
dp[12][188]=1213.41
dp[13][188]=1384.71
Select best dp
Best k=2
Stratifying 2-th numerical feature ...
dp[2][188]=103.124
dp[3][188]=121.67
dp[4][188]=198.419
dp[5][188]=285.902
dp[6][188]=390.596
dp[7][188]=508.094
dp[8][188]=638.747
dp[9][188]=774.549
dp[10][188]=910.616
dp[11][188]=1061.15
dp[12][188]=1213.41
dp[13][188]=1384.71
Select best dp
Best k=2
Stratifying 2-th numerical feature ...
dp[2][188]=103.124
dp[3][188]=121.67
dp[4][188]=198.419
dp[5][188]=285.902
dp[6][188]=390.596
dp[7][188]=512.262
dp[8][188]=655.438
dp[9][188]=817.256
Select best dp
Best k=2
Stratifying 2-th numerical feature ...
dp[2][188]=148.631
dp[3][188]=157.674
dp[4][188]=226.928
dp[5][188]=327.68
dp[6][188]=431.333
dp[7][188]=551.611
dp[8][188]=676.098
dp[9][188]=815.128
dp[10][188]=954.534
dp[11][188]=1095.71
dp[12][188]=1252.83
dp[13][188]=1417.33
Select best dp
Best k=2
Stratifying 3-th numerical feature ...
dp[2][188]=148.631
dp[3][188]=157.674
dp[4][188]=226.928
dp[5][188]=327.68
dp[6][188]=431.333
dp[7][188]=551.611
dp[8][188]=676.098
dp[9][188]=815.128
dp[10][188]=954.534
dp[11][188]=1095.71
dp[12][188]=1252.83
dp[13][188]=1417.33
Select best dp
Best k=2
Stratifying 3-th numerical feature ...
dp[2][188]=103.124
dp[3][188]=121.67
dp[4][188]=198.419
dp[5][188]=285.902
dp[6][188]=390.596
dp[7][188]=508.094
dp[8][188]=638.747
dp[9][188]=774.549
dp[10][188]=910.616
dp[11][188]=1061.15
dp[12][188]=1213.41
dp[13][188]=1384.71
Select best dp
Best k=2
Stratifying 2-th numerical feature ...
dp[2][188]=366.922
dp[3][188]=550.383
dp[4][188]=733.845
dp[5][188]=917.306
dp[6][188]=1100.77
dp[7][188]=1284.23
dp[8][188]=1467.69
dp[9][188]=1651.15
dp[10][188]=1834.61
dp[11][188]=2018.07
dp[12][188]=2201.53
dp[13][188]=2384.99
Select best dp
Best k=2
Stratifying 2-th numerical feature ...
dp[2][188]=235.023
dp[3][188]=336.027
dp[4][188]=466.132
dp[5][188]=601.604
dp[6][188]=745.681
dp[7][188]=896.161
dp[8][188]=1053.22
dp[9][188]=1212.85
dp[10][188]=1372.61
dp[11][188]=1539.61
dp[12][188]=1707.47
dp[13][188]=1884.85
Select best dp
Best k=2
dp[2][188]=-160.675
dp[3][188]=-307.043
dp[4][188]=-337.007
dp[5][188]=-345.501
dp[6][188]=-319.575
dp[7][188]=-268.039
dp[8][188]=-190.195
dp[9][188]=-102.052
dp[10][188]=-13.3789
dp[11][188]=104.231
dp[12][188]=225.286
dp[13][188]=384.433
Select best dp
Best k=5
Stratifying 2-th numerical feature ...
Stratifying 2-th numerical feature ...
dp[2][188]=103.124
dp[3][188]=121.67
dp[4][188]=198.419
dp[5][188]=285.902
dp[6][188]=390.596
dp[7][188]=508.094
dp[8][188]=638.747
dp[9][188]=774.549
dp[10][188]=910.616
dp[11][188]=1061.15
dp[12][188]=1213.41
dp[13][188]=1384.71
Select best dp
Best k=2
Stratifying 2-th numerical feature ...
dp[2][188]=92.3251
dp[3][188]=92.503
dp[4][188]=167.621
dp[5][188]=254.953
dp[6][188]=348.196
dp[7][188]=466.299
dp[8][188]=585.226
dp[9][188]=714.022
dp[10][188]=847.846
dp[11][188]=988.103
dp[12][188]=1135.44
dp[13][188]=1303.34
Select best dp
Best k=2
Stratifying 2-th numerical feature ...
dp[2][188]=103.124
dp[3][188]=121.67
dp[4][188]=198.419
dp[5][188]=285.902
dp[6][188]=390.596
dp[7][188]=508.094
dp[8][188]=638.747
dp[9][188]=770.611
dp[10][188]=906.414
dp[11][188]=1049.49
dp[12][188]=1194.41
dp[13][188]=1344.36
Select best dp
Best k=2
Stratifying 2-th numerical feature ...
dp[2][188]=103.124
dp[3][188]=121.67
dp[4][188]=198.419
dp[5][188]=285.902
dp[6][188]=390.596
dp[7][188]=508.094
dp[8][188]=638.747
dp[9][188]=770.611
dp[10][188]=906.414
dp[11][188]=1049.49
dp[12][188]=1194.41
dp[13][188]=1344.42
Select best dp
Best k=2
Stratifying 2-th numerical feature ...
dp[2][188]=148.631
dp[3][188]=-5e+10
dp[4][188]=-5e+10
dp[5][188]=-5e+10
dp[6][188]=-5e+10
dp[7][188]=-5e+10
dp[8][188]=-5e+10
dp[9][188]=-5e+10
dp[10][188]=-5e+10
dp[11][188]=-5e+10
dp[12][188]=-5e+10
dp[13][188]=-5e+10
Select best dp
Best k=3
Stratifying 3-th numerical feature ...
dp[2][188]=-143.08
dp[3][188]=-164.944
dp[4][188]=-97.7883
dp[5][188]=-11.2024
dp[6][188]=84.9925
dp[7][188]=187.817
dp[8][188]=314.583
dp[9][188]=451.155
dp[10][188]=590.669
dp[11][188]=731.685
dp[12][188]=889.266
dp[13][188]=1062.95
Select best dp
Best k=3
Stratifying 4-th numerical feature ...
dp[2][188]=-143.08
dp[3][188]=-164.944
dp[4][188]=-97.7883
dp[5][188]=-11.2024
dp[6][188]=84.9925
dp[7][188]=187.817
dp[8][188]=314.583
dp[9][188]=451.155
dp[10][188]=590.669
dp[11][188]=731.685
dp[12][188]=889.266
dp[13][188]=1062.95
Select best dp
Best k=3
Stratifying 4-th numerical feature ...
dp[2][188]=148.631
dp[3][188]=157.674
dp[4][188]=226.928
dp[5][188]=327.68
dp[6][188]=431.333
dp[7][188]=551.611
dp[8][188]=676.098
dp[9][188]=815.128
dp[10][188]=954.534
dp[11][188]=1095.71
dp[12][188]=1252.83
dp[13][188]=1417.33
Select best dp
Best k=2
Stratifying 3-th numerical feature ...
dp[2][188]=47.3037
dp[3][188]=-2.19113
dp[4][188]=50.2131
dp[5][188]=138.988
dp[6][188]=234.585
dp[7][188]=347.655
dp[8][188]=469.735
dp[9][188]=597.517
dp[10][188]=729.286
dp[11][188]=865.293
dp[12][188]=1020.34
dp[13][188]=1176.25
Select best dp
Best k=3
Stratifying 3-th numerical feature ...
dp[2][188]=148.631
dp[3][188]=157.674
dp[4][188]=226.928
dp[5][188]=327.68
dp[6][188]=431.333
dp[7][188]=551.611
dp[8][188]=676.098
dp[9][188]=815.128
dp[10][188]=954.534
dp[11][188]=1095.71
dp[12][188]=1252.83
dp[13][188]=1417.33
Select best dp
Best k=2
Stratifying 3-th numerical feature ...
dp[2][188]=148.631
dp[3][188]=157.674
dp[4][188]=226.928
dp[5][188]=327.68
dp[6][188]=439.505
dp[7][188]=559.949
dp[8][188]=688.692
dp[9][188]=836.49
Select best dp
Best k=2
Stratifying 3-th numerical feature ...
dp[2][188]=148.631
dp[3][188]=157.674
dp[4][188]=226.928
dp[5][188]=327.68
dp[6][188]=431.333
dp[7][188]=551.611
dp[8][188]=676.098
dp[9][188]=815.128
dp[10][188]=954.374
dp[11][188]=1093.78
dp[12][188]=1240.97
dp[13][188]=1389.43
Select best dp
Best k=2
Stratifying 3-th numerical feature ...
dp[2][188]=-948.085
dp[3][188]=-1025.57
dp[4][188]=-993.277
dp[5][188]=-927.374
dp[6][188]=-838.48
dp[7][188]=-727.176
dp[8][188]=-604.067
dp[9][188]=-478.199
dp[10][188]=-343.598
dp[11][188]=-196.601
dp[12][188]=-44.8028
dp[13][188]=124.371
Select best dp
Best k=3
Stratifying 5-th numerical feature ...
dp[2][188]=-1638.45
dp[3][188]=-2038.11
dp[4][188]=-2052.62
dp[5][188]=-2080.19
dp[6][188]=-2057.66
dp[7][188]=-2014.2
dp[8][188]=-1930.8
dp[9][188]=-1832.64
dp[10][188]=-1707.88
dp[11][188]=-1565.38
dp[12][188]=-1413.39
dp[13][188]=-1257.59
Select best dp
Best k=5
Stratifying 5-th numerical feature ...
dp[2][188]=-143.08
dp[3][188]=-164.944
dp[4][188]=-97.7883
dp[5][188]=-11.2024
dp[6][188]=84.9925
dp[7][188]=187.817
dp[8][188]=314.583
dp[9][188]=451.155
dp[10][188]=590.669
dp[11][188]=731.685
dp[12][188]=889.266
dp[13][188]=1062.95
Select best dp
Best k=3
Stratifying 4-th numerical feature ...
dp[2][188]=366.922
dp[3][188]=550.383
dp[4][188]=733.845
dp[5][188]=917.306
dp[6][188]=1100.77
dp[7][188]=1284.23
dp[8][188]=1467.69
dp[9][188]=1651.15
dp[10][188]=1834.61
dp[11][188]=2018.07
dp[12][188]=2201.53
dp[13][188]=2384.99
Select best dp
Best k=2
Stratifying 3-th numerical feature ...
dp[2][188]=-69.6608
dp[3][188]=-235.036
dp[4][188]=-279.989
dp[5][188]=-261.946
dp[6][188]=-238.101
dp[7][188]=-181.006
dp[8][188]=-115.492
dp[9][188]=-20.8948
dp[2][188]=257.777
dp[10][188]=74.4559
dp[3][188]=354.028
dp[11][188]=173.351
dp[4][188]=480.386
dp[12][188]=304.135
dp[5][188]=622.493
dp[13][188]=449.659
Select best dp
dp[6][188]=766.05
Best k=4
dp[7][188]=917.919
dp[8][188]=1071.89
dp[9][188]=1233.14
dp[10][188]=1394.57
dp[11][188]=1556.89
dp[12][188]=1727.18
dp[13][188]=1901.16
Select best dp
Best k=2
Stratifying 3-th numerical feature ...
Stratifying 3-th numerical feature ...
dp[2][188]=-5e+10
dp[3][188]=-1e+11
dp[4][188]=-1.6e+11
dp[5][188]=-2.2e+11
dp[6][188]=-2.7e+11
dp[7][188]=-3.2e+11
dp[8][188]=-3.6e+11
dp[9][188]=-4.1e+11
dp[10][188]=-4.5e+11
dp[11][188]=-5e+11
dp[12][188]=-5.4e+11
dp[13][188]=-5.6e+11
Select best dp
Best k=13
Stratifying 4-th numerical feature ...
dp[2][188]=148.631
dp[3][188]=157.674
dp[4][188]=226.928
dp[5][188]=327.68
dp[6][188]=431.333
dp[7][188]=551.611
dp[8][188]=676.098
dp[9][188]=815.128
dp[10][188]=954.534
dp[11][188]=1095.71
dp[12][188]=1252.83
dp[13][188]=1417.33
Select best dp
Best k=2
Stratifying 3-th numerical feature ...
dp[2][188]=-143.08
dp[3][188]=-164.944
dp[4][188]=-97.7883
dp[5][188]=-11.2024
dp[6][188]=84.9925
dp[7][188]=187.817
dp[8][188]=314.583
dp[9][188]=451.155
dp[10][188]=590.669
dp[11][188]=731.685
dp[12][188]=889.266
dp[13][188]=1062.95
Select best dp
Best k=3
Stratifying 4-th numerical feature ...
dp[2][188]=148.631
dp[3][188]=157.674
dp[4][188]=226.928
dp[5][188]=327.68
dp[6][188]=431.333
dp[7][188]=551.611
dp[8][188]=676.098
dp[9][188]=815.128
dp[10][188]=954.374
dp[11][188]=1093.78
dp[12][188]=1242.24
dp[13][188]=1390.8
Select best dp
Best k=2
Stratifying 3-th numerical feature ...
dp[2][188]=54.8881
dp[3][188]=12.265
dp[4][188]=55.9174
dp[5][188]=147.719
dp[6][188]=244.09
dp[7][188]=358.763
dp[8][188]=478.654
dp[9][188]=600.675
dp[10][188]=731.369
dp[11][188]=866.86
dp[12][188]=1021.76
dp[13][188]=1178.37
Select best dp
Best k=3
Stratifying 3-th numerical feature ...
dp[2][188]=-143.08
dp[3][188]=-1e+11
dp[4][188]=-1.6e+11
dp[5][188]=-2.2e+11
dp[6][188]=-2.5e+11
dp[7][188]=-3.1e+11
dp[8][188]=-3.6e+11
dp[9][188]=-3.9e+11
dp[10][188]=-4.5e+11
dp[11][188]=-4.5e+11
dp[12][188]=-5.1e+11
dp[13][188]=-5.1e+11
Select best dp
Best k=12
Stratifying 4-th numerical feature ...
dp[2][188]=-170.378
dp[3][188]=-228.912
dp[4][188]=-168.715
dp[5][188]=-90.3782
dp[6][188]=16.5631
dp[7][188]=139.737
dp[8][188]=262.199
dp[9][188]=393.092
dp[10][188]=530.527
dp[11][188]=670.946
dp[12][188]=813.62
dp[13][188]=967.965
Select best dp
Best k=3
Stratifying 6-th numerical feature ...
dp[2][188]=-170.378
dp[3][188]=-228.912
dp[4][188]=-168.715
dp[5][188]=-90.3782
dp[6][188]=16.5631
dp[7][188]=139.737
dp[8][188]=262.199
dp[9][188]=393.092
dp[10][188]=530.527
dp[11][188]=670.946
dp[12][188]=813.62
dp[13][188]=967.965
Select best dp
Best k=3
Stratifying 6-th numerical feature ...
dp[2][188]=-1638.45
dp[3][188]=-2038.11
dp[4][188]=-2052.62
dp[5][188]=-2080.19
dp[6][188]=-2057.66
dp[7][188]=-2014.2
dp[8][188]=-1930.8
dp[9][188]=-1832.64
dp[10][188]=-1707.88
dp[11][188]=-1565.38
dp[12][188]=-1413.39
dp[13][188]=-1257.59
Select best dp
Best k=5
Stratifying 5-th numerical feature ...
dp[2][188]=-143.08
dp[3][188]=-164.944
dp[4][188]=-97.7883
dp[5][188]=-1.71023
dp[6][188]=99.613
dp[7][188]=205.096
dp[8][188]=339.105
dp[9][188]=486.539
Select best dp
Best k=3
Stratifying 4-th numerical feature ...
dp[2][188]=-332.44
dp[3][188]=-434.129
dp[4][188]=-400.468
dp[5][188]=-348.693
dp[6][188]=-279.736
dp[7][188]=-203.189
dp[8][188]=-109.071
dp[9][188]=10.5011
dp[10][188]=147.744
dp[11][188]=286.846
dp[12][188]=439.628
dp[13][188]=616.183
Select best dp
Best k=3
Stratifying 4-th numerical feature ...
dp[2][188]=-1638.45
dp[3][188]=-2038.11
dp[4][188]=-2052.62
dp[5][188]=-2080.19
dp[6][188]=-2057.66
dp[7][188]=-2014.2
dp[8][188]=-1930.8
dp[9][188]=-1832.64
dp[10][188]=-1707.88
dp[11][188]=-1565.38
dp[12][188]=-1413.39
dp[13][188]=-1257.59
Select best dp
Best k=5
Stratifying 5-th numerical feature ...
dp[2][188]=-5e+10
dp[3][188]=-5e+10
dp[4][188]=-5e+10
dp[5][188]=-5e+10
dp[6][188]=-5e+10
dp[7][188]=-5e+10
dp[8][188]=-5e+10
dp[9][188]=-5e+10
dp[10][188]=-5e+10
dp[11][188]=-5e+10
dp[12][188]=-5e+10
dp[13][188]=-5e+10
Select best dp
Best k=6
Stratifying 5-th numerical feature ...
dp[2][188]=-1190.44
dp[3][188]=-1267.16
dp[4][188]=-1236.34
dp[5][188]=-1149.02
dp[6][188]=-1054.45
dp[7][188]=-946.294
dp[8][188]=-821.143
dp[9][188]=-694.553
dp[10][188]=-556.946
dp[11][188]=-414.565
dp[12][188]=-260.841
dp[13][188]=-102.97
Select best dp
Best k=3
Stratifying 7-th numerical feature ...
dp[2][188]=-2248.48
dp[3][188]=-2426.77
dp[4][188]=-2407.07
dp[5][188]=-2363.88
dp[6][188]=-2279.94
dp[7][188]=-2192.26
dp[8][188]=-2084.26
dp[9][188]=-1974.1
dp[10][188]=-1857.43
dp[11][188]=-1720.38
dp[12][188]=-1572.07
dp[13][188]=-1420.33
Select best dp
Best k=3
Stratifying 7-th numerical feature ...
dp[2][188]=-170.378
dp[3][188]=-228.912
dp[4][188]=-168.715
dp[5][188]=-90.3782
dp[6][188]=16.5631
dp[7][188]=139.737
dp[8][188]=262.199
dp[9][188]=393.092
dp[10][188]=530.527
dp[11][188]=670.946
dp[12][188]=813.62
dp[13][188]=967.965
Select best dp
Best k=3
dp[2][188]=366.922
dp[3][188]=550.383
dp[4][188]=733.845
dp[5][188]=917.306
dp[6][188]=1100.77
dp[7][188]=1284.23
dp[8][188]=1467.69
dp[9][188]=1651.15
dp[10][188]=1834.61
dp[11][188]=2018.07
dp[12][188]=2201.53
dp[13][188]=2384.99
Select best dp
Stratifying 6-th numerical feature ...
Best k=2
Stratifying 4-th numerical feature ...
dp[2][188]=111.921
dp[3][188]=192.72
dp[4][188]=318.028
dp[5][188]=453.052
dp[6][188]=592.88
dp[7][188]=736.023
dp[8][188]=891.136
dp[9][188]=1051.15
dp[10][188]=1212.64
dp[11][188]=1374.88
dp[12][188]=1545.4
dp[13][188]=1723.97
Select best dp
Best k=2
dp[2][188]=-653.082
dp[3][188]=-880.271
dp[4][188]=-929.421
dp[5][188]=-939.711
dp[6][188]=-930.782
dp[7][188]=-908.594
dp[8][188]=-838.524
dp[9][188]=-748.839
dp[10][188]=-653.273
dp[11][188]=-554.702
dp[12][188]=-423.002
dp[13][188]=-259.099
Select best dp
Best k=5
Stratifying 4-th numerical feature ...
Stratifying 4-th numerical feature ...
dp[2][188]=-143.08
dp[3][188]=-164.944
dp[4][188]=-97.7883
dp[5][188]=-11.2024
dp[2][188]=-1638.45
dp[3][188]=-2041.37
dp[4][188]=-2074.57
dp[5][188]=-2133.48
dp[6][188]=-2110.95
dp[7][188]=-2078.65
dp[8][188]=-2005.9
dp[9][188]=-1909.56
dp[10][188]=-1797.55
dp[11][188]=-1672.4
dp[12][188]=-1547.15
dp[13][188]=-1412.23
Select best dp
Best k=5
Stratifying 5-th numerical feature ...
dp[6][188]=84.9925
dp[7][188]=187.817
dp[8][188]=314.583
dp[9][188]=451.155
dp[10][188]=590.669
dp[11][188]=731.685
dp[12][188]=889.266
dp[13][188]=1062.95
Select best dp
Best k=3
Stratifying 4-th numerical feature ...
dp[2][188]=-170.378
dp[3][188]=-228.912
dp[4][188]=-168.715
dp[5][188]=-90.3782
dp[6][188]=16.5631
dp[7][188]=139.737
dp[8][188]=262.199
dp[9][188]=393.092
dp[10][188]=530.527
dp[11][188]=670.946
dp[12][188]=813.62
dp[13][188]=967.965
Select best dp
Best k=3
Stratifying 6-th numerical feature ...
dp[2][188]=-1638.45
dp[3][188]=-2038.11
dp[4][188]=-2052.62
dp[5][188]=-2057.06
dp[6][188]=-2028.48
dp[7][188]=-1941.81
dp[8][188]=-1847.51
dp[9][188]=-1722.72
Select best dp
Best k=5
Stratifying 5-th numerical feature ...
dp[2][188]=-5e+10
dp[3][188]=-8e+10
dp[4][188]=-1.5e+11
dp[5][188]=-2e+11
dp[6][188]=-2.7e+11
dp[7][188]=-3.2e+11
dp[8][188]=-3.5e+11
dp[9][188]=-4.2e+11
dp[10][188]=-4.7e+11
dp[11][188]=-4.7e+11
dp[12][188]=-5.2e+11
dp[13][188]=-5.2e+11
Select best dp
Best k=13
dp[2][188]=13.1929
dp[3][188]=-0.469791
dp[4][188]=-4.20113
dp[5][188]=78.555
dp[6][188]=196.226
dp[7][188]=315.414
dp[8][188]=448.14
dp[9][188]=586.404
dp[10][188]=724.716
dp[11][188]=883.12
dp[12][188]=1045.57
dp[13][188]=1217.49
Select best dp
Best k=4
Stratifying 6-th numerical feature ...
Stratifying 8-th numerical feature ...
dp[2][188]=-264.144
dp[3][188]=-408.213
dp[4][188]=-549.142
dp[5][188]=-519.823
dp[6][188]=-445.343
dp[7][188]=-360.313
dp[8][188]=-255.972
dp[9][188]=-149.445
dp[10][188]=-25.8398
dp[11][188]=118.027
dp[12][188]=266.777
dp[13][188]=423.295
Select best dp
Best k=4
Stratifying 8-th numerical feature ...
dp[2][188]=-2248.48
dp[3][188]=-2426.77
dp[4][188]=-2407.07
dp[5][188]=-2363.88
dp[6][188]=-2279.94
dp[7][188]=-2192.26
dp[8][188]=-2084.26
dp[9][188]=-1974.1
dp[10][188]=-1857.43
dp[11][188]=-1720.38
dp[12][188]=-1572.07
dp[13][188]=-1420.33
Select best dp
Best k=3
Stratifying 7-th numerical feature ...
dp[2][188]=-143.08
dp[3][188]=-1e+11
dp[4][188]=-1e+11
dp[5][188]=-1e+11
dp[6][188]=-1e+11
dp[7][188]=-1e+11
dp[8][188]=-1e+11
dp[9][188]=-1e+11
dp[10][188]=-1e+11
dp[11][188]=-1e+11
dp[12][188]=-1e+11
dp[13][188]=-1e+11
Select best dp
Best k=4
Stratifying 4-th numerical feature ...
dp[2][188]=-279.784
dp[3][188]=-340.675
dp[4][188]=-301.305
dp[5][188]=-235.305
dp[6][188]=-158.032
dp[7][188]=-63.1415
dp[8][188]=40.6451
dp[9][188]=166.028
dp[10][188]=301.044
dp[11][188]=436.843
dp[12][188]=592.941
dp[13][188]=759.806
Select best dp
Best k=3
Stratifying 4-th numerical feature ...
dp[2][188]=-1638.45
dp[3][188]=-2038.11
dp[4][188]=-2052.62
dp[5][188]=-2080.19
dp[6][188]=-2057.66
dp[7][188]=-2014.2
dp[8][188]=-1930.8
dp[9][188]=-1832.64
dp[10][188]=-1707.88
dp[11][188]=-1565.38
dp[12][188]=-1413.39
dp[13][188]=-1257.59
Select best dp
Best k=5
Stratifying 5-th numerical feature ...
dp[2][188]=-2248.48
dp[3][188]=-2426.77
dp[4][188]=-2407.07
dp[5][188]=-2363.88
dp[6][188]=-2279.94
dp[7][188]=-2192.26
dp[8][188]=-2084.26
dp[9][188]=-1974.1
dp[10][188]=-1857.43
dp[11][188]=-1720.38
dp[12][188]=-1572.07
dp[13][188]=-1420.33
Select best dp
Best k=3
Stratifying 7-th numerical feature ...
dp[2][188]=-170.378
dp[3][188]=-8e+10
dp[4][188]=-1.5e+11
dp[5][188]=-1.6e+11
dp[6][188]=-2.3e+11
dp[7][188]=-3e+11
dp[8][188]=-3e+11
dp[9][188]=-3.6e+11
dp[10][188]=-3.6e+11
dp[11][188]=-3.6e+11
dp[12][188]=-3.6e+11
dp[13][188]=-3.6e+11
Select best dp
Best k=10
Stratifying 6-th numerical feature ...
dp[2][188]=6.82691
dp[3][188]=-7.61111
dp[4][188]=-3.55764
dp[5][188]=59.6128
dp[6][188]=177.222
dp[7][188]=295.32
dp[8][188]=417.973
dp[9][188]=551.618
dp[10][188]=685.81
dp[11][188]=824.539
dp[12][188]=981.248
dp[13][188]=1145.41
Select best dp
Best k=3
Stratifying 9-th numerical feature ...
dp[2][188]=-269.067
dp[3][188]=-403.906
dp[4][188]=-518.447
dp[5][188]=-530.118
dp[6][188]=-456.116
dp[7][188]=-367.618
dp[8][188]=-255.313
dp[9][188]=-142.592
dp[10][188]=-25.9752
dp[11][188]=103.101
dp[12][188]=245.046
dp[13][188]=413.956
Select best dp
Best k=5
Stratifying 9-th numerical feature ...
dp[2][188]=-264.144
dp[3][188]=-408.213
dp[4][188]=-549.142
dp[5][188]=-519.823
dp[6][188]=-445.343
dp[7][188]=-360.313
dp[8][188]=-255.972
dp[9][188]=-149.445
dp[10][188]=-25.8398
dp[11][188]=118.027
dp[12][188]=266.777
dp[13][188]=423.295
Select best dp
Best k=4
Stratifying 8-th numerical feature ...
dp[2][188]=-338.562
dp[3][188]=-496.207
dp[4][188]=-420.166
dp[5][188]=-332.835
dp[6][188]=-199.933
dp[7][188]=-45.0061
dp[8][188]=90.931
dp[9][188]=248.819
dp[10][188]=418.798
dp[11][188]=598.194
dp[12][188]=785.94
dp[13][188]=989.423
Select best dp
Best k=3
Stratifying 5-th numerical feature ...
dp[2][188]=-988.508
dp[3][188]=-1267.16
dp[4][188]=-1230.4
dp[5][188]=-1203.84
dp[6][188]=-1125.6
dp[7][188]=-1028.83
dp[8][188]=-918.583
dp[9][188]=-789.102
dp[10][188]=-643.925
dp[11][188]=-482.849
dp[12][188]=-311.079
dp[13][188]=-134.084
Select best dp
Best k=3
dp[2][188]=-2938.35
dp[3][188]=-3580.02
dp[4][188]=-3752.63
dp[5][188]=-3887.55
dp[6][188]=-3978.17
dp[7][188]=-3987.98
dp[8][188]=-3958.44
dp[9][188]=-3923.18
dp[10][188]=-3836.83
dp[11][188]=-3741.64
dp[12][188]=-3629.24
dp[13][188]=-3504.61
Select best dp
Best k=7
Stratifying 5-th numerical feature ...
Stratifying 5-th numerical feature ...
dp[2][188]=-5e+10
dp[3][188]=-5e+10
dp[4][188]=-5e+10
dp[5][188]=-5e+10
dp[6][188]=-5e+10
dp[7][188]=-5e+10
dp[8][188]=-5e+10
dp[9][188]=-5e+10
dp[10][188]=-5e+10
dp[11][188]=-5e+10
dp[12][188]=-5e+10
dp[13][188]=-5e+10
Select best dp
Best k=4
Stratifying 7-th numerical feature ...
dp[2][188]=-1638.45
dp[3][188]=-2038.11
dp[4][188]=-2052.62
dp[5][188]=-2080.19
dp[6][188]=-2057.66
dp[7][188]=-2014.2
dp[8][188]=-1930.8
dp[9][188]=-1832.64
dp[10][188]=-1707.88
dp[11][188]=-1565.38
dp[12][188]=-1413.39
dp[13][188]=-1257.59
Select best dp
Best k=5
Stratifying 5-th numerical feature ...
dp[2][188]=-264.144
dp[3][188]=-408.213
dp[4][188]=-549.142
dp[5][188]=-519.823
dp[6][188]=-445.343
dp[7][188]=-360.313
dp[8][188]=-255.972
dp[9][188]=-149.445
dp[10][188]=-25.8398
dp[11][188]=118.027
dp[12][188]=266.777
dp[13][188]=423.295
Select best dp
Best k=4
Stratifying 8-th numerical feature ...
dp[2][188]=-170.378
dp[3][188]=-228.912
dp[4][188]=-168.715
dp[5][188]=-90.3782
dp[6][188]=16.5631
dp[7][188]=140.647
dp[8][188]=273.605
dp[9][188]=427.89
Select best dp
Best k=3
Stratifying 6-th numerical feature ...
dp[2][188]=10.2761
dp[3][188]=-16.4497
dp[4][188]=19.3034
dp[5][188]=116.717
dp[6][188]=219.441
dp[7][188]=339.671
dp[8][188]=466.224
dp[9][188]=603.925
dp[10][188]=748.297
dp[11][188]=893.629
dp[12][188]=1065.9
dp[13][188]=1241.43
Select best dp
Best k=3
Stratifying 10-th numerical feature ...
dp[2][188]=-261.703
dp[3][188]=-408.527
dp[4][188]=-499.741
dp[5][188]=-452.7
dp[6][188]=-398.52
dp[7][188]=-322.132
dp[8][188]=-228.806
dp[9][188]=-105.978
dp[10][188]=18.3894
dp[11][188]=151.417
dp[12][188]=309.254
dp[13][188]=497.848
Select best dp
Best k=4
Stratifying 10-th numerical feature ...
dp[2][188]=-2248.48
dp[3][188]=-2426.77
dp[4][188]=-2412.88
dp[5][188]=-2389.36
dp[6][188]=-2346.61
dp[7][188]=-2260.25
dp[8][188]=-2164.44
dp[9][188]=-2059.18
dp[10][188]=-1952.71
dp[11][188]=-1830.49
dp[12][188]=-1707.65
dp[13][188]=-1576.28
Select best dp
Best k=3
Stratifying 7-th numerical feature ...
dp[2][188]=-269.067
dp[3][188]=-403.906
dp[4][188]=-518.447
dp[5][188]=-530.118
dp[6][188]=-456.116
dp[7][188]=-367.618
dp[8][188]=-255.313
dp[9][188]=-142.592
dp[10][188]=-25.9752
dp[11][188]=103.101
dp[12][188]=245.046
dp[13][188]=413.956
Select best dp
Best k=5
Stratifying 9-th numerical feature ...
dp[2][188]=-269.067
dp[3][188]=-403.906
dp[4][188]=-518.447
dp[5][188]=-530.118
dp[6][188]=-456.116
dp[7][188]=-367.618
dp[8][188]=-255.313
dp[9][188]=-142.592
dp[10][188]=-25.9752
dp[11][188]=103.101
dp[12][188]=245.046
dp[13][188]=413.956
Select best dp
Best k=5
Stratifying 9-th numerical feature ...
dp[2][188]=-1638.45
dp[3][188]=-2041.37
dp[4][188]=-2060.74
dp[5][188]=-2117.99
dp[6][188]=-2095.46
dp[7][188]=-2059.19
dp[8][188]=-1987.65
dp[9][188]=-1891.3
dp[10][188]=-1775.88
dp[11][188]=-1648.65
dp[12][188]=-1512.57
dp[13][188]=-1371.42
Select best dp
Best k=5
Stratifying 5-th numerical feature ...
dp[2][188]=-5e+10
dp[3][188]=-5e+10
dp[4][188]=-5e+10
dp[5][188]=-5e+10
dp[6][188]=-5e+10
dp[7][188]=-5e+10
dp[8][188]=-5e+10
dp[9][188]=-5e+10
dp[10][188]=-5e+10
dp[11][188]=-5e+10
dp[12][188]=-5e+10
dp[13][188]=-5e+10
Select best dp
Best k=5
Stratifying 8-th numerical feature ...
dp[2][188]=-698.692
dp[3][188]=-862.645
dp[4][188]=-844.664
dp[5][188]=-793.936
dp[6][188]=-694.472
dp[7][188]=-585.682
dp[8][188]=-474.014
dp[9][188]=-356.793
dp[10][188]=-224.657
dp[11][188]=-88.1059
dp[12][188]=49.1097
dp[13][188]=205.312
Select best dp
Best k=3
Stratifying 6-th numerical feature ...
dp[2][188]=39.6286
dp[3][188]=-21.756
dp[4][188]=-24.1846
dp[5][188]=61.1408
dp[6][188]=176.74
dp[7][188]=292.122
dp[8][188]=412.547
dp[9][188]=548.358
dp[10][188]=689.538
dp[11][188]=835.203
dp[12][188]=988.192
dp[13][188]=1162.81
Select best dp
Best k=4
Stratifying 11-th numerical feature ...
dp[2][188]=-230.379
dp[3][188]=-414.962
dp[4][188]=-558.147
dp[5][188]=-527.976
dp[6][188]=-456.974
dp[7][188]=-356.779
dp[8][188]=-241.548
dp[9][188]=-124.8
dp[10][188]=-2.89
dp[11][188]=133.322
dp[12][188]=271.857
dp[13][188]=438.781
Select best dp
Best k=4
Stratifying 11-th numerical feature ...
dp[2][188]=-1317.42
dp[3][188]=-1570.02
dp[4][188]=-1572.5
dp[5][188]=-1551.23
dp[6][188]=-1509.45
dp[7][188]=-1425.15
dp[8][188]=-1322.02
dp[9][188]=-1214.49
dp[10][188]=-1081.21
dp[11][188]=-944.45
dp[12][188]=-799.864
dp[13][188]=-647.179
Select best dp
Best k=4
Stratifying 5-th numerical feature ...
dp[2][188]=-261.703
dp[3][188]=-408.527
dp[4][188]=-499.741
dp[5][188]=-452.7
dp[6][188]=-398.52
dp[7][188]=-322.132
dp[8][188]=-228.806
dp[9][188]=-105.978
dp[10][188]=18.3894
dp[11][188]=151.417
dp[12][188]=309.254
dp[13][188]=497.848
Select best dp
Best k=4
Stratifying 10-th numerical feature ...
dp[2][188]=366.922
dp[3][188]=550.383
dp[4][188]=733.845
dp[5][188]=917.306
dp[6][188]=1100.77
dp[7][188]=1284.23
dp[8][188]=1467.69
dp[9][188]=1651.15
dp[10][188]=1834.61
dp[11][188]=2018.07
dp[12][188]=2201.53
dp[13][188]=2384.99
Select best dp
Best k=2
Stratifying 6-th numerical feature ...
dp[2][188]=-707.678
dp[2][188]=98.2722
dp[3][188]=-1008.21
dp[3][188]=160.736
dp[4][188]=-1071.27
dp[4][188]=282.565
dp[5][188]=-1098.06
dp[5][188]=413.464
dp[6][188]=-1067.64
dp[6][188]=558.665
dp[7][188]=-1004.75
dp[7][188]=711.983
dp[8][188]=-943.291
dp[8][188]=864.944
dp[9][188]=-864.966
dp[9][188]=1022.12
dp[10][188]=-773.557
dp[10][188]=1182.57
dp[11][188]=-676.181
dp[11][188]=1344.51
dp[2][188]=-2245.32
dp[12][188]=-574.293
dp[12][188]=1507.58
dp[3][188]=-2419.24
dp[13][188]=-449.065
dp[13][188]=1676.48
Select best dp
Select best dp
dp[4][188]=-2398.69
Best k=5
Best k=2
dp[5][188]=-2355.26
dp[6][188]=-2267.33
dp[7][188]=-2165.57
dp[8][188]=-2055.4
dp[9][188]=-1912.36
Select best dp
Best k=3
Stratifying 6-th numerical feature ...
Stratifying 6-th numerical feature ...
Stratifying 7-th numerical feature ...
dp[2][188]=-1.88474e+10
dp[3][188]=-1.88474e+10
dp[4][188]=-1.88474e+10
dp[5][188]=-1.88474e+10
dp[6][188]=-1.88474e+10
dp[7][188]=-1.88474e+10
dp[8][188]=-1.88474e+10
dp[9][188]=-1.88474e+10
dp[10][188]=-1.88474e+10
dp[11][188]=-1.88474e+10
dp[12][188]=-1.88474e+10
dp[13][188]=-1.88474e+10
Select best dp
Best k=5
Stratifying 8-th numerical feature ...
dp[2][188]=-261.703
dp[3][188]=-408.527
dp[4][188]=-499.741
dp[5][188]=-452.7
dp[6][188]=-398.52
dp[7][188]=-322.132
dp[8][188]=-228.806
dp[9][188]=-105.978
dp[10][188]=18.3894
dp[11][188]=151.417
dp[12][188]=309.254
dp[13][188]=497.848
Select best dp
Best k=4
Stratifying 10-th numerical feature ...
dp[2][188]=-170.378
dp[3][188]=-228.912
dp[4][188]=-168.715
dp[5][188]=-90.3782
dp[6][188]=16.5631
dp[7][188]=139.737
dp[8][188]=262.199
dp[9][188]=393.092
dp[10][188]=530.527
dp[11][188]=670.946
dp[12][188]=813.62
dp[13][188]=967.965
Select best dp
Best k=3
Stratifying 6-th numerical feature ...
dp[2][188]=150.687
dp[3][188]=168.446
dp[4][188]=230.344
dp[5][188]=320.193
dp[6][188]=411.435
dp[7][188]=510.967
dp[8][188]=641.087
dp[9][188]=778.284
dp[10][188]=916.413
dp[11][188]=1055.39
dp[12][188]=1217.69
dp[13][188]=1385.75
Select best dp
Best k=2
Stratifying 12-th numerical feature ...
dp[2][188]=-80.0345
dp[3][188]=-121.811
dp[4][188]=-99.7818
dp[5][188]=-43.2737
dp[6][188]=34.624
dp[7][188]=123.07
dp[8][188]=251.904
dp[9][188]=384.203
dp[10][188]=519.736
dp[11][188]=662.764
dp[12][188]=827.19
dp[13][188]=999.48
Select best dp
Best k=3
Stratifying 12-th numerical feature ...
dp[2][188]=-230.379
dp[3][188]=-414.962
dp[4][188]=-558.147
dp[5][188]=-527.976
dp[6][188]=-456.974
dp[7][188]=-356.779
dp[8][188]=-241.548
dp[9][188]=-124.8
dp[10][188]=-2.89
dp[11][188]=133.322
dp[12][188]=271.857
dp[13][188]=438.781
Select best dp
Best k=4
Stratifying 11-th numerical feature ...
dp[2][188]=-9e+10
dp[3][188]=-9e+10
dp[4][188]=-9e+10
dp[5][188]=-9e+10
dp[6][188]=-9e+10
dp[7][188]=-9e+10
dp[8][188]=-9e+10
dp[9][188]=-9e+10
dp[10][188]=-9e+10
dp[11][188]=-9e+10
dp[12][188]=-9e+10
dp[13][188]=-9e+10
Select best dp
Best k=5
Stratifying 9-th numerical feature ...
dp[2][188]=-230.379
dp[3][188]=-414.962
dp[4][188]=-558.147
dp[5][188]=-527.976
dp[6][188]=-456.974
dp[7][188]=-356.779
dp[8][188]=-241.548
dp[9][188]=-124.8
dp[10][188]=-2.89
dp[11][188]=133.322
dp[12][188]=271.857
dp[13][188]=438.781
Select best dp
Best k=4
Stratifying 11-th numerical feature ...
dp[2][188]=-9e+10
dp[3][188]=-9e+10
dp[4][188]=-9e+10
dp[5][188]=-9e+10
dp[6][188]=-9e+10
dp[7][188]=-9e+10
dp[8][188]=-9e+10
dp[9][188]=-9e+10
dp[10][188]=-9e+10
dp[11][188]=-9e+10
dp[12][188]=-9e+10
dp[13][188]=-9e+10
Select best dp
Best k=5
Stratifying 9-th numerical feature ...
dp[2][188]=115.568
dp[3][188]=147.932
dp[4][188]=222.958
dp[5][188]=320.547
dp[6][188]=419.808
dp[7][188]=539.778
dp[8][188]=662.128
dp[9][188]=801.959
dp[10][188]=945.475
dp[11][188]=1099.64
dp[12][188]=1254.7
dp[13][188]=1437.97
Select best dp
Best k=2
Stratifying 13-th numerical feature ...
dp[2][188]=-2072.53
dp[3][188]=-2268.23
dp[4][188]=-2258.16
dp[5][188]=-2204.96
dp[6][188]=-2133.97
dp[7][188]=-2042.98
dp[8][188]=-1933.15
dp[9][188]=-1816.07
dp[10][188]=-1695.72
dp[11][188]=-1560.92
dp[12][188]=-1412.15
dp[13][188]=-1262.41
Select best dp
Best k=3
Stratifying 7-th numerical feature ...
dp[2][188]=-139.909
dp[3][188]=-141.897
dp[4][188]=-103.225
dp[5][188]=-48.6057
dp[6][188]=16.3974
dp[7][188]=118.622
dp[8][188]=226.811
dp[9][188]=356.441
dp[10][188]=496.121
dp[11][188]=655.196
dp[12][188]=818.921
dp[13][188]=991.337
Select best dp
Best k=3
Stratifying 13-th numerical feature ...
dp[2][188]=-278.577
dp[3][188]=-431.042
dp[4][188]=-582.854
dp[5][188]=-556.267
dp[6][188]=-484.856
dp[7][188]=-402.082
dp[8][188]=-271.833
dp[9][188]=-104.98
Select best dp
Best k=4
Stratifying 8-th numerical feature ...
dp[2][188]=-170.378
dp[2][188]=-80.0345
dp[3][188]=-121.811
dp[3][188]=-228.912
dp[4][188]=-99.7818
dp[5][188]=-43.2737
dp[4][188]=-168.715
dp[6][188]=34.624
dp[7][188]=123.07
dp[5][188]=-90.3782
dp[8][188]=251.904
dp[9][188]=384.203
dp[6][188]=16.5631
dp[10][188]=519.736
dp[11][188]=662.764
dp[7][188]=137.874
dp[12][188]=827.19
dp[13][188]=999.48
dp[8][188]=260.482
Select best dp
Best k=3
dp[9][188]=391.375
dp[10][188]=527.797
dp[11][188]=666.004
dp[12][188]=808.678
dp[13][188]=954.069
Select best dp
Best k=3
Stratifying 12-th numerical feature ...
Stratifying 6-th numerical feature ...
dp[2][188]=-712.284
dp[3][188]=-633.279
dp[4][188]=-494.142
dp[5][188]=-354.359
dp[6][188]=-200.991
dp[7][188]=-31.7818
dp[8][188]=143.744
dp[9][188]=321.487
dp[10][188]=502.566
dp[11][188]=684.307
dp[12][188]=867.449
dp[13][188]=1051.1
Select best dp
Best k=2
Stratifying 7-th numerical feature ...
dp[2][188]=-3798.28
dp[3][188]=-4234.12
dp[4][188]=-4366.48
dp[5][188]=-4398.66
dp[6][188]=-4414.29
dp[7][188]=-4401.89
dp[8][188]=-4354.91
dp[9][188]=-4298.38
dp[10][188]=-4237.68
dp[11][188]=-4147.64
dp[12][188]=-4024.88
dp[13][188]=-3898.73
Select best dp
Best k=6
dp[2][188]=-1479.08
dp[3][188]=-1525
dp[4][188]=-1443.51
dp[5][188]=-1352.43
dp[6][188]=-1236.86
dp[7][188]=-1101.47
dp[8][188]=-965.971
dp[9][188]=-821.738
dp[10][188]=-672.018
dp[11][188]=-512.623
dp[12][188]=-348.094
dp[13][188]=-183.38
Select best dp
Best k=3
Stratifying 7-th numerical feature ...
Stratifying 7-th numerical feature ...
dp[2][188]=-80.0345
dp[3][188]=-121.811
dp[4][188]=-99.7818
dp[5][188]=-43.2737
dp[6][188]=34.624
dp[7][188]=123.07
dp[8][188]=251.904
dp[9][188]=384.203
dp[10][188]=519.736
dp[11][188]=662.764
dp[12][188]=827.19
dp[13][188]=999.48
Select best dp
Best k=3
Stratifying 12-th numerical feature ...
dp[2][188]=-5e+10
dp[3][188]=-5e+10
dp[4][188]=-5e+10
dp[5][188]=-5e+10
dp[6][188]=-5e+10
dp[7][188]=-5e+10
dp[8][188]=-5e+10
dp[9][188]=-5e+10
dp[10][188]=-5e+10
dp[11][188]=-5e+10
dp[12][188]=-5e+10
dp[13][188]=-5e+10
Select best dp
Best k=5
Stratifying 10-th numerical feature ...
dp[2][188]=-437.867
dp[3][188]=-540.666
dp[4][188]=-502.208
dp[5][188]=-441.236
dp[6][188]=-339.999
dp[7][188]=-234.866
dp[8][188]=-122.058
dp[9][188]=-1.25282
dp[10][188]=131.453
dp[11][188]=266.946
dp[12][188]=403.535
dp[13][188]=558.585
Select best dp
Best k=3
Stratifying 6-th numerical feature ...
dp[2][188]=-2248.48
dp[3][188]=-2426.77
dp[4][188]=-2407.07
dp[5][188]=-2363.88
dp[6][188]=-2279.94
dp[7][188]=-2192.26
dp[8][188]=-2084.26
dp[9][188]=-1974.1
dp[10][188]=-1857.43
dp[11][188]=-1720.38
dp[12][188]=-1572.07
dp[13][188]=-1420.33
Select best dp
Best k=3
Stratifying 7-th numerical feature ...
dp[2][188]=144.509
dp[3][188]=132.795
dp[4][188]=191.608
dp[5][188]=262.387
dp[6][188]=366.585
dp[7][188]=490.766
dp[8][188]=625.729
dp[9][188]=761.504
dp[10][188]=902.739
dp[11][188]=1044.74
dp[12][188]=1227
dp[13][188]=1428.9
Select best dp
Best k=3
Stratifying 14-th numerical feature ...
dp[2][188]=-33.467
dp[3][188]=-126.434
dp[4][188]=-91.9667
dp[5][188]=-38.9358
dp[6][188]=33.1651
dp[7][188]=126.815
dp[8][188]=237.011
dp[9][188]=364.41
dp[10][188]=507.504
dp[11][188]=657.31
dp[12][188]=827.102
dp[13][188]=1005.47
Select best dp
Best k=3
Stratifying 14-th numerical feature ...
dp[2][188]=-9.16116e+09
dp[3][188]=-9.16116e+09
dp[4][188]=-9.16116e+09
dp[5][188]=-9.16116e+09
dp[6][188]=-9.16116e+09
dp[7][188]=-9.16116e+09
dp[8][188]=-9.16116e+09
dp[9][188]=-9.16116e+09
dp[10][188]=-9.16116e+09
dp[11][188]=-9.16116e+09
dp[12][188]=-9.16116e+09
dp[13][188]=-9.16116e+09
Select best dp
Best k=5
Stratifying 10-th numerical feature ...
dp[2][188]=-139.909
dp[3][188]=-141.897
dp[4][188]=-103.225
dp[5][188]=-48.6057
dp[6][188]=16.3974
dp[7][188]=118.622
dp[8][188]=226.811
dp[9][188]=356.441
dp[10][188]=496.121
dp[11][188]=655.196
dp[12][188]=818.921
dp[13][188]=991.337
Select best dp
Best k=3
Stratifying 13-th numerical feature ...
dp[2][188]=-298.167
dp[3][188]=-452.509
dp[4][188]=-576.917
dp[5][188]=-599.512
dp[6][188]=-531.543
dp[7][188]=-445.993
dp[8][188]=-311.34
dp[9][188]=-160.953
Select best dp
Best k=5
Stratifying 9-th numerical feature ...
dp[2][188]=30.7787
dp[3][188]=19.6428
dp[4][188]=17.3409
dp[5][188]=125.344
dp[6][188]=235.342
dp[7][188]=355.6
dp[8][188]=482.152
dp[9][188]=615.953
dp[10][188]=759.088
dp[11][188]=902.606
dp[12][188]=1065.61
dp[13][188]=1237.96
Select best dp
Best k=4
Stratifying 15-th numerical feature ...
dp[2][188]=-252.578
dp[3][188]=-384.885
dp[4][188]=-518.077
dp[5][188]=-483.845
dp[6][188]=-404.877
dp[7][188]=-317.087
dp[8][188]=-211.067
dp[9][188]=-102.484
dp[10][188]=23.1503
dp[11][188]=168.132
dp[12][188]=317.456
dp[13][188]=474.124
Select best dp
Best k=4
Stratifying 8-th numerical feature ...
dp[2][188]=-139.909
dp[3][188]=-141.897
dp[4][188]=-103.225
dp[5][188]=-48.6057
dp[6][188]=16.3974
dp[7][188]=118.622
dp[8][188]=226.811
dp[9][188]=356.441
dp[10][188]=496.121
dp[11][188]=655.196
dp[12][188]=818.921
dp[13][188]=991.337
Select best dp
Best k=3
Stratifying 13-th numerical feature ...
dp[2][188]=-8e+10
dp[3][188]=-8e+10
dp[4][188]=-8e+10
dp[5][188]=-8e+10
dp[6][188]=-8e+10
dp[7][188]=-8e+10
dp[8][188]=-8e+10
dp[9][188]=-8e+10
dp[10][188]=-8e+10
dp[11][188]=-8e+10
dp[12][188]=-8e+10
dp[13][188]=-8e+10
Select best dp
Best k=5
Stratifying 11-th numerical feature ...
dp[2][188]=-251.007
dp[3][188]=-398.284
dp[4][188]=-532.23
dp[5][188]=-478.142
dp[6][188]=-402.62
dp[7][188]=-325.169
dp[8][188]=-232.48
dp[9][188]=-119.957
dp[10][188]=4.82192
dp[11][188]=132.478
dp[12][188]=282.332
dp[13][188]=441.112
Select best dp
Best k=4
Stratifying 15-th numerical feature ...
dp[2][188]=89.5854
dp[3][188]=136.705
dp[4][188]=188.903
dp[5][188]=314.178
dp[6][188]=452.776
dp[7][188]=602.472
dp[8][188]=755.346
dp[9][188]=909.226
dp[10][188]=1075.08
dp[11][188]=1241.06
dp[12][188]=1411.56
dp[13][188]=1588.27
Select best dp
Best k=2
Stratifying 8-th numerical feature ...
dp[2][188]=-33.467
dp[3][188]=-126.434
dp[4][188]=-91.9667
dp[5][188]=-38.9358
dp[6][188]=33.1651
dp[7][188]=126.815
dp[8][188]=237.011
dp[9][188]=364.41
dp[10][188]=507.504
dp[11][188]=657.31
dp[12][188]=827.102
dp[13][188]=1005.47
Select best dp
Best k=3
Stratifying 14-th numerical feature ...
dp[2][188]=-617.873
dp[3][188]=-959.066
dp[4][188]=-1287.19
dp[5][188]=-1355.4
dp[6][188]=-1345.19
dp[7][188]=-1324.67
dp[8][188]=-1268.66
dp[9][188]=-1210.46
dp[10][188]=-1135.61
dp[11][188]=-1012.76
dp[12][188]=-886.385
dp[13][188]=-744.212
Select best dp
Best k=5
Stratifying 8-th numerical feature ...
dp[2][188]=-87.2793
dp[3][188]=-133.545
dp[4][188]=-180.12
dp[5][188]=-102.052
dp[6][188]=4.5647
dp[7][188]=121.85
dp[8][188]=250.219
dp[9][188]=380.542
dp[10][188]=528.636
dp[11][188]=683.011
dp[12][188]=841.563
dp[13][188]=1007.03
Select best dp
Best k=4
Stratifying 8-th numerical feature ...
dp[2][188]=-8e+10
dp[3][188]=-8e+10
dp[4][188]=-8e+10
dp[5][188]=-8e+10
dp[6][188]=-8e+10
dp[7][188]=-8e+10
dp[8][188]=-8e+10
dp[9][188]=-8e+10
dp[10][188]=-8e+10
dp[11][188]=-8e+10
dp[12][188]=-8e+10
dp[13][188]=-8e+10
Select best dp
Best k=5
Stratifying 11-th numerical feature ...
dp[2][188]=-2248.48
dp[3][188]=-2426.77
dp[4][188]=-2407.07
dp[5][188]=-2363.88
dp[6][188]=-2307.45
dp[7][188]=-2219.99
dp[8][188]=-2115.84
dp[9][188]=-2009.48
dp[10][188]=-1903
dp[11][188]=-1778.32
dp[12][188]=-1650.99
dp[13][188]=-1517.6
Select best dp
Best k=3
Stratifying 7-th numerical feature ...
dp[2][188]=-327.451
dp[3][188]=-520.334
dp[4][188]=-706.338
dp[5][188]=-698.786
dp[6][188]=-643.022
dp[7][188]=-570.912
dp[8][188]=-471.979
dp[9][188]=-365.958
dp[10][188]=-253.57
dp[11][188]=-110.743
dp[12][188]=33.9604
dp[13][188]=187.045
Select best dp
Best k=4
Stratifying 8-th numerical feature ...
dp[2][188]=139.758
dp[3][188]=159.327
dp[4][188]=192.327
dp[5][188]=256.209
dp[6][188]=354.584
dp[7][188]=481.807
dp[8][188]=615.109
dp[9][188]=749.153
dp[10][188]=887.25
dp[11][188]=1036.14
dp[12][188]=1195.3
dp[13][188]=1367.71
Select best dp
Best k=2
Stratifying 16-th numerical feature ...
dp[2][188]=-33.467
dp[3][188]=-126.434
dp[4][188]=-91.9667
dp[5][188]=-38.9358
dp[6][188]=33.1651
dp[7][188]=126.815
dp[8][188]=237.011
dp[9][188]=364.41
dp[10][188]=507.504
dp[11][188]=657.31
dp[12][188]=827.102
dp[13][188]=1005.47
Select best dp
Best k=3
Stratifying 14-th numerical feature ...
dp[2][188]=-134.696
dp[3][188]=-214.337
dp[4][188]=-234.323
dp[5][188]=-229.839
dp[6][188]=-134.924
dp[7][188]=-22.4055
dp[8][188]=99.8826
dp[9][188]=229.055
dp[10][188]=351.343
dp[11][188]=492.946
dp[12][188]=653.396
dp[13][188]=843.433
Select best dp
Best k=4
Stratifying 16-th numerical feature ...
dp[2][188]=-251.007
dp[3][188]=-398.284
dp[4][188]=-532.23
dp[5][188]=-478.142
dp[6][188]=-402.62
dp[7][188]=-325.169
dp[8][188]=-232.48
dp[9][188]=-119.957
dp[10][188]=4.82192
dp[11][188]=132.478
dp[12][188]=282.332
dp[13][188]=441.112
Select best dp
Best k=4
Stratifying 15-th numerical feature ...
dp[2][188]=-275.813
dp[3][188]=-434.344
dp[4][188]=-532.872
dp[5][188]=-486.82
dp[6][188]=-413.467
dp[7][188]=-339.178
dp[8][188]=-217.439
dp[9][188]=-43.1658
Select best dp
Best k=4
Stratifying 10-th numerical feature ...
dp[2][188]=-1735.58
dp[3][188]=-1891.68
dp[4][188]=-1878.53
dp[5][188]=-1812.4
dp[6][188]=-1740.86
dp[7][188]=-1645.52
dp[8][188]=-1534.82
dp[9][188]=-1414.57
dp[10][188]=-1294.28
dp[11][188]=-1159.76
dp[12][188]=-1007.95
dp[13][188]=-854.422
Select best dp
Best k=3
Stratifying 7-th numerical feature ...
dp[2][188]=-80.0345
dp[3][188]=-5e+10
dp[4][188]=-5e+10
dp[5][188]=-5e+10
dp[6][188]=-5e+10
dp[7][188]=-5e+10
dp[8][188]=-5e+10
dp[9][188]=-5e+10
dp[10][188]=-5e+10
dp[11][188]=-5e+10
dp[12][188]=-5e+10
dp[13][188]=-5e+10
Select best dp
Best k=5
Stratifying 12-th numerical feature ...
dp[2][188]=-80.0345
dp[3][188]=-121.811
dp[4][188]=-99.7818
dp[5][188]=-43.2737
dp[6][188]=34.624
dp[7][188]=123.07
dp[8][188]=249.178
dp[9][188]=376.288
dp[10][188]=505.121
dp[11][188]=637.42
dp[12][188]=770.725
dp[13][188]=906.384
Select best dp
Best k=3
Stratifying 12-th numerical feature ...
dp[2][188]=-205.557
dp[3][188]=-195.758
dp[4][188]=-189.402
dp[5][188]=-101.284
dp[6][188]=7.16722
dp[7][188]=125.442
dp[8][188]=252.069
dp[9][188]=389.408
dp[10][188]=530.928
dp[11][188]=675.734
dp[12][188]=840.628
dp[13][188]=1007.05
Select best dp
Best k=2
dp[2][188]=-255.804
dp[3][188]=-382.413
dp[4][188]=-489.379
dp[5][188]=-492.671
dp[6][188]=-413.441
dp[7][188]=-323.773
dp[8][188]=-212.312
dp[9][188]=-97.2683
dp[10][188]=18.9917
dp[11][188]=146.742
dp[12][188]=290.343
dp[13][188]=458.849
Select best dp
Best k=5
Stratifying 9-th numerical feature ...
dp[2][188]=-251.007
dp[3][188]=-398.284
dp[4][188]=-532.23
dp[5][188]=-478.142
dp[6][188]=-402.62
dp[7][188]=-325.169
dp[8][188]=-232.48
dp[9][188]=-119.957
dp[10][188]=4.82192
dp[11][188]=132.478
dp[12][188]=282.332
dp[13][188]=441.112
Select best dp
Best k=4
Stratifying 15-th numerical feature ...
dp[2][188]=-343.052
dp[3][188]=-417.181
dp[4][188]=-419.085
dp[5][188]=-343.008
dp[6][188]=-248.34
dp[7][188]=-142.248
dp[8][188]=-24.0197
dp[9][188]=101.595
dp[10][188]=228.511
dp[11][188]=365.965
dp[12][188]=509.529
dp[13][188]=680.766
Select best dp
Best k=4
dp[2][188]=90.8607
dp[3][188]=135.429
dp[4][188]=184.99
dp[5][188]=321.009
dp[6][188]=459.271
dp[7][188]=611.629
dp[8][188]=771.719
dp[9][188]=940.144
dp[10][188]=1109.89
dp[11][188]=1279.71
dp[12][188]=1454.89
dp[13][188]=1644.04
Select best dp
Best k=2
Stratifying 9-th numerical feature ...
dp[2][188]=-134.696
dp[3][188]=-214.337
dp[4][188]=-234.323
dp[5][188]=-229.839
dp[6][188]=-134.924
dp[7][188]=-22.4055
dp[8][188]=99.8826
dp[9][188]=229.055
dp[10][188]=351.343
dp[11][188]=492.946
dp[12][188]=653.396
dp[13][188]=843.433
Select best dp
Best k=4
Stratifying 16-th numerical feature ...
dp[2][188]=-628.995
dp[3][188]=-943.242
dp[4][188]=-1255.85
dp[5][188]=-1382.99
dp[6][188]=-1372.98
dp[7][188]=-1355.27
dp[8][188]=-1303.77
dp[9][188]=-1238.98
dp[10][188]=-1169.32
dp[11][188]=-1085.27
dp[12][188]=-970.236
dp[13][188]=-823.689
Select best dp
Best k=5
Stratifying 9-th numerical feature ...
dp[2][188]=-89.1032
dp[3][188]=-134.238
dp[4][188]=-160.914
dp[5][188]=-103.899
dp[6][188]=2.3164
dp[7][188]=125.889
dp[8][188]=259.911
dp[9][188]=402.134
dp[10][188]=544.747
dp[11][188]=696.335
dp[12][188]=851.456
dp[13][188]=1031.51
Select best dp
Best k=4
Stratifying 9-th numerical feature ...
dp[2][188]=-331.872
dp[3][188]=-519.608
dp[4][188]=-665.83
dp[5][188]=-700.815
dp[6][188]=-645.434
dp[7][188]=-564.645
dp[8][188]=-462.002
dp[9][188]=-352.682
dp[10][188]=-241.961
dp[11][188]=-106.178
dp[12][188]=37.1912
dp[13][188]=209.664
Select best dp
Best k=5
Stratifying 9-th numerical feature ...
dp[2][188]=-139.909
dp[3][188]=-5e+10
dp[4][188]=-5e+10
dp[5][188]=-5e+10
dp[6][188]=-5e+10
dp[7][188]=-5e+10
dp[8][188]=-5e+10
dp[9][188]=-5e+10
dp[10][188]=-5e+10
dp[11][188]=-5e+10
dp[12][188]=-5e+10
dp[13][188]=-5e+10
Select best dp
Best k=5
Stratifying 13-th numerical feature ...
dp[2][188]=-264.144
dp[3][188]=-408.213
dp[4][188]=-549.142
dp[5][188]=-519.823
dp[6][188]=-445.343
dp[7][188]=-360.313
dp[8][188]=-260.46
dp[9][188]=-156.119
dp[10][188]=-48.4291
dp[11][188]=63.7073
dp[12][188]=193.046
dp[13][188]=330.981
Select best dp
Best k=4
Stratifying 8-th numerical feature ...
dp[2][188]=-243.825
dp[3][188]=-431.058
dp[4][188]=-584.474
dp[5][188]=-556.004
dp[6][188]=-487.828
dp[7][188]=-385.224
dp[8][188]=-263.196
dp[9][188]=-79.3885
Select best dp
Best k=4
Stratifying 11-th numerical feature ...
dp[2][188]=-134.696
dp[3][188]=-214.337
dp[4][188]=-234.323
dp[5][188]=-229.839
dp[6][188]=-134.924
dp[7][188]=-22.4055
dp[8][188]=99.8826
dp[9][188]=229.055
dp[10][188]=351.343
dp[11][188]=492.946
dp[12][188]=653.396
dp[13][188]=843.433
Select best dp
Best k=4
Stratifying 16-th numerical feature ...
dp[2][188]=-139.909
dp[3][188]=-141.897
dp[4][188]=-103.225
dp[5][188]=-48.6057
dp[6][188]=16.3974
dp[7][188]=113.04
dp[8][188]=215.264
dp[9][188]=332.389
dp[10][188]=464.689
dp[11][188]=604.369
dp[12][188]=744.4
dp[13][188]=888.509
Select best dp
Best k=3
Stratifying 13-th numerical feature ...
dp[2][188]=-232.804
dp[3][188]=-361.029
dp[4][188]=-486.838
dp[5][188]=-449.315
dp[6][188]=-368.987
dp[7][188]=-279.82
dp[8][188]=-172.344
dp[9][188]=-61.4296
dp[10][188]=64.1625
dp[11][188]=212.312
dp[12][188]=362.215
dp[13][188]=519.397
Select best dp
Best k=4
Stratifying 8-th numerical feature ...
dp[2][188]=-343.052
dp[3][188]=-417.181
dp[4][188]=-419.085
dp[5][188]=-343.008
dp[6][188]=-248.34
dp[7][188]=-142.248
dp[8][188]=-24.0197
dp[9][188]=101.595
dp[10][188]=228.511
dp[11][188]=365.965
dp[12][188]=509.529
dp[13][188]=680.766
Select best dp
Best k=4
dp[2][188]=-343.052
dp[3][188]=-417.181
dp[4][188]=-419.085
dp[5][188]=-343.008
dp[6][188]=-248.34
dp[7][188]=-142.248
dp[8][188]=-24.0197
dp[9][188]=101.595
dp[10][188]=228.511
dp[11][188]=365.965
dp[12][188]=509.529
dp[13][188]=680.766
Select best dp
Best k=4
dp[2][188]=-249.339
dp[3][188]=-388.166
dp[4][188]=-468.369
dp[5][188]=-418.388
dp[6][188]=-358.467
dp[7][188]=-278.083
dp[8][188]=-182.167
dp[9][188]=-59.3831
dp[10][188]=65.8316
dp[11][188]=199.204
dp[12][188]=358.287
dp[13][188]=545.34
Select best dp
Best k=4
Stratifying 10-th numerical feature ...
dp[2][188]=87.7907
dp[3][188]=135.422
dp[4][188]=197.606
dp[5][188]=326.829
dp[6][188]=464.141
dp[7][188]=610.027
dp[8][188]=762.178
dp[9][188]=922.049
dp[10][188]=1088.03
dp[11][188]=1256.19
dp[12][188]=1432.77
dp[13][188]=1620.28
Select best dp
Best k=2
dp[2][188]=-33.467
dp[3][188]=-5e+10
dp[4][188]=-5e+10
dp[5][188]=-5e+10
dp[6][188]=-5e+10
dp[7][188]=-5e+10
dp[8][188]=-5e+10
dp[9][188]=-5e+10
dp[10][188]=-5e+10
dp[11][188]=-5e+10
dp[12][188]=-5e+10
dp[13][188]=-5e+10
Select best dp
Best k=4
Stratifying 10-th numerical feature ...
Stratifying 14-th numerical feature ...
dp[2][188]=-612.115
dp[3][188]=-971.736
dp[4][188]=-1204.5
dp[5][188]=-1251.46
dp[6][188]=-1272.32
dp[7][188]=-1259.26
dp[8][188]=-1224.39
dp[9][188]=-1141.72
dp[10][188]=-1056.05
dp[11][188]=-965.375
dp[12][188]=-817.32
dp[13][188]=-641.089
Select best dp
Best k=6
Stratifying 10-th numerical feature ...
dp[2][188]=-324.295
dp[3][188]=-522.811
dp[4][188]=-650.851
dp[5][188]=-614.203
dp[6][188]=-577.322
dp[7][188]=-517.866
dp[8][188]=-428.331
dp[9][188]=-310.161
dp[10][188]=-190.046
dp[11][188]=-56.8314
dp[12][188]=100.032
dp[13][188]=289.772
Select best dp
Best k=4
dp[2][188]=-33.467
dp[3][188]=-126.434
dp[4][188]=-91.9667
dp[5][188]=-38.9358
dp[6][188]=33.1651
dp[7][188]=126.815
dp[8][188]=237.011
dp[9][188]=363.47
dp[10][188]=485.749
dp[11][188]=609.137
dp[12][188]=742.345
dp[13][188]=878.015
Select best dp
Best k=3
Stratifying 10-th numerical feature ...
dp[2][188]=-86.9244
dp[3][188]=-136.552
dp[4][188]=-150.506
dp[5][188]=-58.8051
dp[6][188]=37.8072
dp[7][188]=144.675
dp[8][188]=268.986
dp[9][188]=410.335
dp[10][188]=553.952
dp[11][188]=709.758
dp[12][188]=872.016
dp[13][188]=1059.63
Stratifying 14-th numerical feature ...
Select best dp
Best k=4
Stratifying 10-th numerical feature ...
dp[2][188]=-238.013
dp[3][188]=-360.18
dp[4][188]=-461.669
dp[5][188]=-459.541
dp[6][188]=-378.488
dp[7][188]=-287.837
dp[8][188]=-176.456
dp[9][188]=-60.0802
dp[10][188]=57.4425
dp[11][188]=185.792
dp[12][188]=329.986
dp[13][188]=497.054
Select best dp
Best k=4
Stratifying 9-th numerical feature ...
dp[2][188]=-78.8369
dp[3][188]=-120.203
dp[4][188]=-100.205
dp[5][188]=-31.3599
dp[6][188]=48.632
dp[7][188]=149.956
dp[8][188]=286.904
dp[9][188]=428.125
Select best dp
Best k=3
Stratifying 12-th numerical feature ...
dp[2][188]=-217.076
dp[3][188]=-392.295
dp[4][188]=-527.632
dp[5][188]=-491.699
dp[6][188]=-416.382
dp[7][188]=-314.684
dp[8][188]=-199.124
dp[9][188]=-81.4179
dp[10][188]=40.7972
dp[11][188]=177.699
dp[12][188]=315.711
dp[13][188]=484.452
Select best dp
Best k=4
Stratifying 11-th numerical feature ...
dp[2][188]=-269.067
dp[3][188]=-403.906
dp[4][188]=-518.447
dp[5][188]=-530.118
dp[6][188]=-456.116
dp[7][188]=-367.618
dp[8][188]=-260.295
dp[9][188]=-151.057
dp[10][188]=-41.1543
dp[11][188]=73.2678
dp[12][188]=196.908
dp[13][188]=342.949
Select best dp
Best k=5
Stratifying 9-th numerical feature ...
dp[2][188]=-298.246
dp[3][188]=-523.49
dp[4][188]=-712.031
dp[5][188]=-703.588
dp[6][188]=-649.367
dp[7][188]=-554.465
dp[8][188]=-452.859
dp[9][188]=-333.843
dp[10][188]=-214.773
dp[11][188]=-79.2488
dp[12][188]=57.4309
dp[13][188]=222.056
Select best dp
Best k=4
Stratifying 11-th numerical feature ...
dp[2][188]=-5e+10
dp[3][188]=-5e+10
dp[4][188]=-5e+10
dp[5][188]=-5e+10
dp[6][188]=-5e+10
dp[7][188]=-5e+10
dp[8][188]=-5e+10
dp[9][188]=-5e+10
dp[10][188]=-5e+10
dp[11][188]=-5e+10
dp[12][188]=-5e+10
dp[13][188]=-5e+10
Select best dp
Best k=5
Stratifying 15-th numerical feature ...
dp[2][188]=92.3472
dp[3][188]=141.69
dp[4][188]=196.214
dp[5][188]=323.797
dp[6][188]=464.425
dp[7][188]=620.804
dp[8][188]=786.189
dp[9][188]=952.996
dp[10][188]=1121.31
dp[11][188]=1290.74
dp[12][188]=1465.41
dp[13][188]=1655.06
Select best dp
Best k=2
Stratifying 11-th numerical feature ...
dp[2][188]=-9.05214e+09
dp[3][188]=-9.05214e+09
dp[4][188]=-9.05214e+09
dp[5][188]=-9.05214e+09
dp[6][188]=-9.05214e+09
dp[7][188]=-9.05214e+09
dp[8][188]=-9.05214e+09
dp[9][188]=-9.05214e+09
dp[10][188]=-9.05214e+09
dp[11][188]=-9.05214e+09
dp[12][188]=-9.05214e+09
dp[13][188]=-9.05214e+09
Select best dp
Best k=5
Stratifying 15-th numerical feature ...
dp[2][188]=-230.066
dp[3][188]=-364.863
dp[4][188]=-439.939
dp[5][188]=-388.381
dp[6][188]=-324.951
dp[7][188]=-242.939
dp[8][188]=-144.783
dp[9][188]=-20.646
dp[10][188]=104.726
dp[11][188]=237.74
dp[12][188]=398.024
dp[13][188]=585.321
Select best dp
Best k=4
Stratifying 10-th numerical feature ...
dp[2][188]=-21.1959
dp[3][188]=-51.8838
dp[4][188]=-18.9737
dp[5][188]=33.129
dp[6][188]=113.084
dp[7][188]=200.156
dp[8][188]=327.496
dp[9][188]=456.447
dp[10][188]=591.57
dp[11][188]=732.396
dp[12][188]=893.527
dp[13][188]=1065.07
Select best dp
Best k=3
Stratifying 12-th numerical feature ...
dp[2][188]=-140.464
dp[3][188]=-142.435
dp[4][188]=-103.414
dp[5][188]=-37.1752
dp[6][188]=33.0606
dp[7][188]=135.915
dp[8][188]=261.099
dp[9][188]=444.629
Select best dp
Best k=3
Stratifying 13-th numerical feature ...
dp[2][188]=-553.105
dp[3][188]=-980.506
dp[4][188]=-1312.51
dp[5][188]=-1380.47
dp[6][188]=-1379.77
dp[7][188]=-1348.65
dp[8][188]=-1294.29
dp[9][188]=-1221.22
dp[10][188]=-1146.29
dp[11][188]=-1042.81
dp[12][188]=-937.191
dp[13][188]=-782.58
Select best dp
Best k=5
Stratifying 11-th numerical feature ...
dp[2][188]=150.687
dp[3][188]=168.446
dp[4][188]=230.344
dp[5][188]=320.193
dp[6][188]=411.435
dp[7][188]=510.967
dp[8][188]=641.087
dp[9][188]=778.284
dp[10][188]=916.413
dp[11][188]=1055.39
dp[12][188]=1217.69
dp[13][188]=1385.75
Select best dp
Best k=2
Stratifying 12-th numerical feature ...
dp[2][188]=-69.0158
dp[3][188]=-134.045
dp[4][188]=-180.966
dp[5][188]=-101.728
dp[6][188]=4.42258
dp[7][188]=138.209
dp[8][188]=273.719
dp[9][188]=421.536
dp[10][188]=565.946
dp[11][188]=717.456
dp[12][188]=871.61
dp[13][188]=1047.44
Select best dp
Best k=4
Stratifying 11-th numerical feature ...
dp[2][188]=136.073
dp[3][188]=241.742
dp[4][188]=376.313
dp[5][188]=536.475
dp[6][188]=704.348
dp[7][188]=880.275
dp[8][188]=1057.72
dp[9][188]=1238.51
dp[10][188]=1419.45
dp[11][188]=1600.55
dp[12][188]=1784.82
dp[13][188]=1980.89
Select best dp
Best k=2
Stratifying 12-th numerical feature ...
dp[2][188]=-5e+10
dp[3][188]=-5e+10
dp[4][188]=-5e+10
dp[5][188]=-5e+10
dp[6][188]=-5e+10
dp[7][188]=-5e+10
dp[8][188]=-5e+10
dp[9][188]=-5e+10
dp[10][188]=-5e+10
dp[11][188]=-5e+10
dp[12][188]=-5e+10
dp[13][188]=-5e+10
Select best dp
Best k=5
Stratifying 16-th numerical feature ...
dp[2][188]=-120.765
dp[3][188]=-122.736
dp[4][188]=-93.5865
dp[5][188]=-31.3307
dp[6][188]=34.7317
dp[7][188]=137.759
dp[8][188]=246.326
dp[9][188]=376.999
dp[10][188]=517.108
dp[11][188]=673.175
dp[12][188]=835.626
dp[13][188]=1006.89
Select best dp
Best k=3
Stratifying 13-th numerical feature ...
dp[2][188]=-134.696
dp[3][188]=-214.337
dp[4][188]=-234.323
dp[5][188]=-229.839
dp[6][188]=-134.924
dp[7][188]=-22.4055
dp[8][188]=99.8826
dp[9][188]=224.786
dp[10][188]=347.074
dp[11][188]=472.816
dp[12][188]=600.009
dp[13][188]=734.329
Select best dp
Best k=4
Stratifying 16-th numerical feature ...
dp[2][188]=-197.464
dp[3][188]=-364.756
dp[4][188]=-496.026
dp[5][188]=-457.238
dp[6][188]=-380.747
dp[7][188]=-278.715
dp[8][188]=-164.59
dp[9][188]=-44.7025
dp[10][188]=77.4543
dp[11][188]=215.513
dp[12][188]=357.318
dp[13][188]=525.813
Select best dp
Best k=4
Stratifying 11-th numerical feature ...
dp[2][188]=115.568
dp[3][188]=147.932
dp[4][188]=222.958
dp[5][188]=320.547
dp[6][188]=419.808
dp[7][188]=539.778
dp[8][188]=662.128
dp[9][188]=801.959
dp[10][188]=945.475
dp[11][188]=1099.64
dp[12][188]=1254.7
dp[13][188]=1437.97
Select best dp
Best k=2
Stratifying 13-th numerical feature ...
dp[2][188]=-261.703
dp[3][188]=-408.527
dp[4][188]=-499.741
dp[5][188]=-452.7
dp[6][188]=-398.52
dp[7][188]=-322.132
dp[8][188]=-232.874
dp[9][188]=-136.094
dp[10][188]=-16.8072
dp[11][188]=106.021
dp[12][188]=239.049
dp[13][188]=374.193
Select best dp
Best k=4
Stratifying 10-th numerical feature ...
dp[2][188]=104.922
dp[3][188]=237.542
dp[4][188]=375.054
dp[5][188]=518.165
dp[6][188]=668.47
dp[7][188]=830.675
dp[8][188]=1003.55
dp[9][188]=1178.36
dp[10][188]=1355.83
dp[11][188]=1538.77
dp[12][188]=1725.47
dp[13][188]=1928.85
Select best dp
Best k=2
Stratifying 13-th numerical feature ...
dp[2][188]=-53.3064
dp[3][188]=-141.978
dp[4][188]=-98.8438
dp[5][188]=-21.5452
dp[6][188]=81.0969
dp[7][188]=184.973
dp[8][188]=295.635
dp[9][188]=417.947
Select best dp
Best k=3
Stratifying 14-th numerical feature ...
dp[2][188]=-7.15456
dp[3][188]=-94.517
dp[4][188]=-59.2072
dp[5][188]=3.64845
dp[6][188]=79.3909
dp[7][188]=174.371
dp[8][188]=288.187
dp[9][188]=415.56
dp[10][188]=558.325
dp[11][188]=705.239
dp[12][188]=875.61
dp[13][188]=1059.25
Select best dp
Best k=3
Stratifying 14-th numerical feature ...
dp[2][188]=-343.052
dp[3][188]=-5e+10
dp[4][188]=-5e+10
dp[5][188]=-5e+10
dp[6][188]=-5e+10
dp[7][188]=-5e+10
dp[8][188]=-5e+10
dp[9][188]=-5e+10
dp[10][188]=-5e+10
dp[11][188]=-5e+10
dp[12][188]=-5e+10
dp[13][188]=-5e+10
Select best dp
Best k=5
dp[2][188]=144.509
dp[3][188]=132.795
dp[4][188]=191.608
dp[5][188]=262.387
dp[6][188]=366.585
dp[7][188]=490.766
dp[8][188]=625.729
dp[2][188]=-296.142
dp[9][188]=761.504
dp[10][188]=902.739
dp[3][188]=-498.25
dp[11][188]=1044.74
dp[4][188]=-577.905
dp[12][188]=1227
dp[5][188]=-629.26
dp[13][188]=1428.9
Select best dp
dp[6][188]=-642.361
Best k=3
dp[7][188]=-643.811
dp[8][188]=-568.549
dp[9][188]=-482.402
dp[10][188]=-392.934
dp[11][188]=-296.949
dp[12][188]=-153.645
dp[13][188]=1.14652
Select best dp
Best k=7
Stratifying 14-th numerical feature ...
Stratifying 12-th numerical feature ...
dp[2][188]=-8.56115
dp[3][188]=-40.4697
dp[4][188]=-7.93549
dp[5][188]=44.4388
dp[6][188]=123.951
dp[7][188]=210.215
dp[8][188]=335.508
dp[9][188]=463.231
dp[10][188]=597.213
dp[11][188]=736.974
dp[12][188]=898.722
dp[13][188]=1069.07
Select best dp
Best k=3
Stratifying 12-th numerical feature ...
dp[2][188]=-343.052
dp[3][188]=-417.181
dp[4][188]=-419.085
dp[5][188]=-343.008
dp[6][188]=-251.83
dp[7][188]=-176.831
dp[8][188]=-70.7396
dp[9][188]=47.4891
dp[10][188]=173.104
dp[11][188]=298.945
dp[12][188]=435.011
dp[13][188]=578.641
Select best dp
Best k=4
dp[2][188]=28.0191
dp[3][188]=66.0579
dp[4][188]=138.848
dp[5][188]=246.995
dp[6][188]=369.819
dp[7][188]=504.083
dp[8][188]=658.413
dp[9][188]=814.457
dp[10][188]=972.224
dp[11][188]=1136.85
dp[12][188]=1310.33
dp[13][188]=1493.18
Select best dp
Best k=2
Stratifying 12-th numerical feature ...
dp[2][188]=170.269
dp[3][188]=277.154
dp[4][188]=396.733
dp[5][188]=539.842
dp[6][188]=700.094
dp[7][188]=857.124
dp[8][188]=1029.46
dp[9][188]=1206.88
dp[10][188]=1388.06
dp[11][188]=1571.08
dp[12][188]=1755.86
dp[13][188]=1949.29
Select best dp
Best k=2
Stratifying 14-th numerical feature ...
dp[2][188]=-238.417
dp[3][188]=-378.006
dp[4][188]=-500.608
dp[5][188]=-440.921
dp[6][188]=-361.723
dp[7][188]=-281.634
dp[8][188]=-185.709
dp[9][188]=-72.1733
dp[10][188]=53.3687
dp[11][188]=183.332
dp[12][188]=333.786
dp[13][188]=493.709
Select best dp
Best k=4
Stratifying 15-th numerical feature ...
dp[2][188]=-314.818
dp[3][188]=-513.74
dp[4][188]=-688.208
dp[5][188]=-653.668
dp[6][188]=-593.33
dp[7][188]=-525.945
dp[8][188]=-439.873
dp[9][188]=-328.997
dp[10][188]=-209.062
dp[11][188]=-86.2082
dp[12][188]=59.9501
dp[13][188]=217.01
Select best dp
Best k=4
Stratifying 15-th numerical feature ...
dp[2][188]=-262.964
dp[3][188]=-420.581
dp[4][188]=-559.947
dp[5][188]=-494.061
dp[6][188]=-420.722
dp[7][188]=-343.975
dp[8][188]=-213.929
dp[9][188]=-72.5606
Select best dp
Best k=4
Stratifying 15-th numerical feature ...
dp[2][188]=-17.4212
dp[3][188]=57.7049
dp[4][188]=141.162
dp[5][188]=234.78
dp[6][188]=345.744
dp[7][188]=480.51
dp[8][188]=615.706
dp[9][188]=768.177
dp[10][188]=927.429
dp[11][188]=1099
dp[12][188]=1274.22
dp[13][188]=1461.93
Select best dp
Best k=2
Stratifying 13-th numerical feature ...
dp[2][188]=85.0186
dp[3][188]=132.25
dp[4][188]=181.824
dp[5][188]=307.923
dp[6][188]=445.225
dp[7][188]=594.084
dp[8][188]=746.321
dp[9][188]=907.651
dp[10][188]=1072.19
dp[11][188]=1237.24
dp[12][188]=1405.4
dp[13][188]=1585.08
Select best dp
Best k=2
Stratifying 15-th numerical feature ...
dp[2][188]=-107.734
dp[3][188]=-105.555
dp[4][188]=-71.0142
dp[5][188]=-12.5723
dp[6][188]=51.6826
dp[7][188]=156.513
dp[8][188]=266.224
dp[9][188]=397.827
dp[10][188]=536.49
dp[11][188]=690.932
dp[12][188]=852.062
dp[13][188]=1021.8
Select best dp
Best k=2
Stratifying 13-th numerical feature ...
dp[2][188]=-230.379
dp[3][188]=-414.962
dp[4][188]=-558.147
dp[5][188]=-527.976
dp[6][188]=-456.974
dp[7][188]=-356.779
dp[8][188]=-247.764
dp[9][188]=-135.979
dp[10][188]=-23.6642
dp[11][188]=89.8125
dp[12][188]=220.621
dp[13][188]=355.184
Select best dp
Best k=4
Stratifying 11-th numerical feature ...
dp[2][188]=-40.5437
dp[3][188]=-104.03
dp[4][188]=-102.245
dp[5][188]=-78.1316
dp[6][188]=7.59215
dp[7][188]=119.411
dp[8][188]=240.893
dp[9][188]=369.124
dp[10][188]=492.279
dp[11][188]=633.169
dp[12][188]=792.045
dp[13][188]=976.265
Select best dp
Best k=3
Stratifying 16-th numerical feature ...
dp[2][188]=139.758
dp[3][188]=159.327
dp[4][188]=192.327
dp[5][188]=256.209
dp[6][188]=354.584
dp[7][188]=481.807
dp[8][188]=615.109
dp[9][188]=749.153
dp[10][188]=887.25
dp[11][188]=1036.14
dp[12][188]=1195.3
dp[13][188]=1367.71
Select best dp
Best k=2
Stratifying 16-th numerical feature ...
dp[2][188]=-385.917
dp[3][188]=-543.44
dp[4][188]=-597.338
dp[5][188]=-624.011
dp[6][188]=-647.805
dp[7][188]=-609.534
dp[8][188]=-558.465
dp[9][188]=-470.621
dp[10][188]=-371.061
dp[11][188]=-244.429
dp[12][188]=-110.418
dp[13][188]=49.3793
Select best dp
Best k=6
Stratifying 13-th numerical feature ...
dp[2][188]=68.4008
dp[3][188]=76.3103
dp[4][188]=161.665
dp[5][188]=260.021
dp[6][188]=373.3
dp[7][188]=505.027
dp[8][188]=640.252
dp[9][188]=792.583
dp[10][188]=952.967
dp[11][188]=1116.55
dp[12][188]=1297.16
dp[13][188]=1477.91
Select best dp
Best k=2
Stratifying 14-th numerical feature ...
dp[2][188]=82.4788
dp[3][188]=171.409
dp[4][188]=286.497
dp[5][188]=412.985
dp[6][188]=588.295
dp[7][188]=760.741
dp[8][188]=936.052
dp[9][188]=1109.38
dp[10][188]=1288
dp[11][188]=1470.14
dp[12][188]=1654.39
dp[13][188]=1858.93
Select best dp
Best k=2
Stratifying 16-th numerical feature ...
dp[2][188]=-321.664
dp[3][188]=-358.165
dp[4][188]=-395.867
dp[5][188]=-318.882
dp[6][188]=-238.535
dp[7][188]=-130.438
dp[8][188]=-7.85719
dp[9][188]=115.693
dp[10][188]=239.591
dp[11][188]=375.477
dp[12][188]=522.47
dp[13][188]=698.938
Select best dp
Best k=4
dp[2][188]=7.31672
dp[3][188]=-75.2586
dp[4][188]=-45.0623
dp[5][188]=18.1955
dp[6][188]=96.585
dp[7][188]=190.29
dp[8][188]=304.351
dp[9][188]=430.252
dp[10][188]=572.226
dp[11][188]=718.225
dp[12][188]=886.984
dp[13][188]=1071.82
Select best dp
Best k=3
Stratifying 14-th numerical feature ...
dp[2][188]=-134.556
dp[3][188]=-214.127
dp[4][188]=-233.918
dp[5][188]=-229.241
dp[6][188]=-134.306
dp[7][188]=-15.3254
dp[8][188]=124.251
dp[9][188]=288.835
Select best dp
Best k=4
Stratifying 16-th numerical feature ...
dp[2][188]=-205.557
dp[3][188]=-195.758
dp[4][188]=-189.402
dp[5][188]=-101.284
dp[6][188]=7.16722
dp[7][188]=125.442
dp[8][188]=252.069
dp[9][188]=389.408
dp[10][188]=530.928
dp[11][188]=675.734
dp[12][188]=840.628
dp[13][188]=1007.05
Select best dp
Best k=2
dp[2][188]=-82.9355
dp[3][188]=-132.914
dp[2][188]=144.509
dp[4][188]=-174.022
dp[3][188]=295.895
dp[5][188]=-83.9279
dp[4][188]=458.374
dp[6][188]=22.7095
dp[5][188]=621.573
dp[7][188]=136.651
dp[6][188]=788.662
dp[8][188]=259.562
dp[7][188]=960.626
dp[9][188]=396.993
dp[8][188]=1134.71
dp[10][188]=541.678
dp[9][188]=1309.92
dp[11][188]=686.78
dp[10][188]=1488.17
dp[12][188]=848.978
dp[11][188]=1666.97
dp[13][188]=1013.11
dp[12][188]=1851.2
Select best dp
dp[13][188]=2048.29
Best k=4
Select best dp
Best k=2
Stratifying 15-th numerical feature ...
dp[2][188]=-237.203
dp[3][188]=-531.921
dp[4][188]=-625.231
dp[5][188]=-665.022
dp[6][188]=-657.573
dp[7][188]=-644.741
dp[8][188]=-584.73
dp[9][188]=-506.362
dp[10][188]=-407.954
dp[11][188]=-304.378
dp[12][188]=-139.395
dp[13][188]=59.9638
Select best dp
Best k=5
Stratifying 14-th numerical feature ...
dp[2][188]=-205.557
dp[3][188]=-195.758
dp[4][188]=-189.402
dp[5][188]=-101.284
dp[6][188]=7.16722
dp[7][188]=125.623
dp[8][188]=255.187
dp[9][188]=410.101
Select best dp
Best k=2
dp[2][188]=-218.608
dp[3][188]=-353.803
dp[4][188]=-468.055
dp[5][188]=-405.328
dp[6][188]=-325.228
dp[7][188]=-243.246
dp[8][188]=-145.047
dp[9][188]=-31.0063
dp[10][188]=95.6923
dp[11][188]=225.549
dp[12][188]=377.595
dp[13][188]=538.301
Select best dp
Best k=4
Stratifying 15-th numerical feature ...
dp[2][188]=-80.0345
dp[3][188]=-121.811
dp[4][188]=-99.7818
dp[5][188]=-43.2737
dp[6][188]=34.624
dp[7][188]=123.07
dp[8][188]=251.904
dp[9][188]=384.203
dp[10][188]=519.662
dp[11][188]=655.194
dp[12][188]=796.086
dp[13][188]=938.949
Select best dp
Best k=3
Stratifying 12-th numerical feature ...
dp[2][188]=-26.1088
dp[3][188]=-18.8091
dp[4][188]=29.6829
dp[5][188]=92.5137
dp[6][188]=232.378
dp[7][188]=374.84
dp[8][188]=520.246
dp[9][188]=673.733
dp[10][188]=820.381
dp[11][188]=982.26
dp[12][188]=1155.24
dp[13][188]=1351.18
Select best dp
Best k=2
Stratifying 16-th numerical feature ...
dp[2][188]=-587.151
dp[3][188]=-929.025
dp[4][188]=-1248.65
dp[5][188]=-1268.6
dp[6][188]=-1265.33
dp[7][188]=-1252.17
dp[8][188]=-1217.24
dp[9][188]=-1154.75
dp[10][188]=-1070.24
dp[11][188]=-980.102
dp[12][188]=-853.45
dp[13][188]=-705.109
Select best dp
Best k=5
Stratifying 15-th numerical feature ...
dp[2][188]=-75.5141
dp[3][188]=-46.8857
dp[4][188]=38.0918
dp[5][188]=160.734
dp[6][188]=284.385
dp[7][188]=429.905
dp[8][188]=570.543
dp[9][188]=717.391
dp[10][188]=864.411
dp[11][188]=1018.68
dp[12][188]=1181.9
dp[13][188]=1364.97
Select best dp
Best k=2
dp[2][188]=-25.895
dp[3][188]=-83.9433
dp[4][188]=-81.8348
dp[5][188]=-57.1152
dp[6][188]=27.5755
dp[7][188]=139.877
dp[8][188]=261.907
dp[9][188]=389.18
dp[10][188]=511.245
dp[11][188]=651.642
dp[12][188]=809.729
dp[13][188]=992.617
Select best dp
Best k=3
Stratifying 16-th numerical feature ...
dp[2][188]=-351.872
dp[3][188]=-605.393
dp[4][188]=-762.336
dp[5][188]=-874.543
dp[6][188]=-869.963
dp[7][188]=-816.896
dp[8][188]=-740.845
dp[9][188]=-663.998
dp[10][188]=-587.947
dp[11][188]=-485.681
dp[12][188]=-350.287
dp[13][188]=-172.075
Select best dp
Best k=5
Stratifying 16-th numerical feature ...
dp[2][188]=-139.909
dp[3][188]=-141.897
dp[4][188]=-103.225
dp[5][188]=-48.6057
dp[6][188]=16.3974
dp[7][188]=113.04
dp[8][188]=215.264
dp[9][188]=344.419
dp[10][188]=484.099
dp[11][188]=624.131
dp[12][188]=768.781
dp[13][188]=914.354
Select best dp
Best k=3
Stratifying 13-th numerical feature ...
dp[2][188]=-912.3
dp[3][188]=-1163.15
dp[4][188]=-1340.37
dp[5][188]=-1354.59
dp[6][188]=-1330.38
dp[7][188]=-1299.64
dp[8][188]=-1227.14
dp[9][188]=-1150.8
dp[10][188]=-1069.8
dp[11][188]=-963.785
dp[12][188]=-836.305
dp[13][188]=-687.649
Select best dp
Best k=5
dp[2][188]=-315.336
dp[3][188]=-349.187
dp[4][188]=-386.436
dp[5][188]=-309.434
dp[6][188]=-226.033
dp[7][188]=-120.705
dp[8][188]=1.25221
dp[9][188]=125.856
dp[10][188]=251.48
dp[11][188]=390.6
dp[12][188]=535.756
dp[13][188]=709.928
Select best dp
Best k=4
dp[2][188]=-33.467
dp[3][188]=-126.434
dp[4][188]=-91.9667
dp[5][188]=-38.9358
dp[6][188]=33.1651
dp[7][188]=126.815
dp[8][188]=237.011
dp[9][188]=364.41
dp[10][188]=493.339
dp[11][188]=624.878
dp[12][188]=766.459
dp[13][188]=908.121
Select best dp
Best k=3
Stratifying 14-th numerical feature ...
dp[2][188]=-251.007
dp[3][188]=-398.284
dp[4][188]=-532.23
dp[5][188]=-478.142
dp[6][188]=-402.62
dp[7][188]=-325.169
dp[8][188]=-236.506
dp[9][188]=-139.754
dp[10][188]=-36.3422
dp[11][188]=81.6212
dp[12][188]=202.671
dp[13][188]=337.758
Select best dp
Best k=4
Stratifying 15-th numerical feature ...
dp[2][188]=-134.696
dp[3][188]=-214.337
dp[4][188]=-234.323
dp[5][188]=-229.839
dp[6][188]=-134.924
dp[7][188]=-22.4055
dp[8][188]=99.8826
dp[9][188]=224.786
dp[10][188]=347.074
dp[11][188]=475.016
dp[12][188]=610.49
dp[13][188]=747.739
Select best dp
Best k=4
Stratifying 16-th numerical feature ...
dp[2][188]=-343.052
dp[3][188]=-417.181
dp[4][188]=-419.085
dp[5][188]=-343.008
dp[6][188]=-248.34
dp[7][188]=-146.648
dp[8][188]=-40.5566
dp[9][188]=77.6721
dp[10][188]=203.287
dp[11][188]=330.203
dp[12][188]=465.642
dp[13][188]=615.296
Select best dp
Best k=4
