Standardize ...
Stratifying 1-th numerical feature ...
Standardize ...
Stratifying 1-th numerical feature ...
Standardize ...
Stratifying 1-th numerical feature ...
Standardize ...
Stratifying 1-th numerical feature ...
Standardize ...
Stratifying 1-th numerical feature ...
Standardize ...
Stratifying 1-th numerical feature ...
Standardize ...
Stratifying 1-th numerical feature ...
Standardize ...
Stratifying 1-th numerical feature ...
Standardize ...
Stratifying 1-th numerical feature ...
Standardize ...
Stratifying 1-th numerical feature ...
Standardize ...
Stratifying 1-th numerical feature ...
Standardize ...
Stratifying 1-th numerical feature ...
Standardize ...
Stratifying 1-th numerical feature ...
Standardize ...
Stratifying 1-th numerical feature ...
dp[2][620]=514.506
dp[3][620]=771.76
dp[4][620]=1029.01
dp[5][620]=1286.27
dp[6][620]=1543.52
dp[7][620]=1800.77
dp[8][620]=2058.03
dp[9][620]=2315.28
dp[10][620]=2572.53
dp[11][620]=2829.79
dp[12][620]=3087.04
dp[13][620]=3344.29
dp[14][620]=3601.55
dp[15][620]=3858.8
dp[16][620]=4116.05
dp[17][620]=4373.31
dp[18][620]=4630.56
dp[19][620]=4887.81
dp[20][620]=5145.06
dp[21][620]=5402.32
dp[22][620]=5659.57
dp[23][620]=5916.82
dp[24][620]=6174.08
Select best dp
Best k=2
Stratifying 2-th numerical feature ...
dp[2][620]=-348.697
dp[3][620]=-596.732
dp[4][620]=-672.784
dp[5][620]=-720.203
dp[6][620]=-732.753
dp[7][620]=-683.95
dp[8][620]=-588.483
dp[9][620]=-486.028
dp[10][620]=-360.109
dp[11][620]=-218.231
dp[12][620]=-76.3965
dp[13][620]=79.3596
dp[14][620]=238.695
dp[15][620]=403.293
dp[16][620]=577.792
dp[17][620]=758.021
dp[18][620]=940.278
dp[19][620]=1126.37
dp[20][620]=1313.84
dp[21][620]=1509.44
dp[22][620]=1706.72
dp[23][620]=1925.23
dp[24][620]=2149.91
Select best dp
Best k=6
Stratifying 2-th numerical feature ...
dp[2][620]=-348.697
dp[3][620]=-596.732
dp[4][620]=-672.784
dp[5][620]=-720.203
dp[6][620]=-732.753
dp[7][620]=-683.95
dp[8][620]=-588.483
dp[9][620]=-486.028
dp[10][620]=-360.109
dp[11][620]=-218.231
dp[12][620]=-76.3965
dp[13][620]=79.3596
dp[14][620]=238.695
dp[15][620]=403.293
dp[16][620]=577.792
dp[17][620]=758.021
dp[18][620]=940.278
dp[19][620]=1126.37
dp[20][620]=1313.84
dp[21][620]=1509.44
dp[22][620]=1706.72
dp[23][620]=1925.23
dp[24][620]=2149.91
Select best dp
Best k=6
Stratifying 2-th numerical feature ...
dp[2][620]=-348.697
dp[3][620]=-596.732
dp[4][620]=-672.784
dp[5][620]=-720.203
dp[6][620]=-732.753
dp[7][620]=-683.95
dp[8][620]=-588.483
dp[9][620]=-486.028
dp[10][620]=-360.109
dp[11][620]=-218.231
dp[12][620]=-76.3965
dp[13][620]=79.3596
dp[14][620]=238.695
dp[15][620]=403.293
dp[16][620]=577.792
dp[17][620]=758.021
dp[18][620]=940.278
dp[19][620]=1126.37
dp[20][620]=1313.84
dp[21][620]=1509.44
dp[22][620]=1706.72
dp[23][620]=1925.23
dp[24][620]=2149.91
Select best dp
Best k=6
Stratifying 2-th numerical feature ...
dp[2][620]=-348.697
dp[3][620]=-596.732
dp[4][620]=-672.784
dp[5][620]=-720.203
dp[6][620]=-732.753
dp[7][620]=-683.95
dp[8][620]=-588.483
dp[9][620]=-486.028
dp[10][620]=-360.109
dp[11][620]=-229.077
dp[12][620]=-91.0079
dp[13][620]=55.6902
dp[14][620]=211.446
dp[15][620]=370.782
dp[16][620]=535.304
dp[17][620]=709.803
dp[18][620]=889.559
dp[19][620]=1070.86
dp[20][620]=1253.98
dp[21][620]=1442.62
dp[22][620]=1634.72
dp[23][620]=1829.28
dp[24][620]=2027.01
Select best dp
Best k=6
Stratifying 2-th numerical feature ...
dp[2][620]=-348.697
dp[3][620]=-596.732
dp[4][620]=-672.784
dp[5][620]=-720.203
dp[6][620]=-732.753
dp[7][620]=-683.95
dp[8][620]=-588.483
dp[9][620]=-486.028
dp[10][620]=-360.109
dp[11][620]=-217.856
dp[12][620]=-71.9113
dp[13][620]=87.1598
dp[14][620]=246.456
dp[15][620]=422.591
dp[16][620]=615.597
Select best dp
Best k=6
Stratifying 2-th numerical feature ...
dp[2][620]=-348.697
dp[3][620]=-1.1e+11
dp[4][620]=-1.1e+11
dp[5][620]=-1.1e+11
dp[6][620]=-1.1e+11
dp[7][620]=-1.1e+11
dp[8][620]=-1.1e+11
dp[9][620]=-1.1e+11
dp[10][620]=-1.1e+11
dp[11][620]=-1.1e+11
dp[12][620]=-1.1e+11
dp[13][620]=-1.1e+11
dp[14][620]=-1.1e+11
dp[15][620]=-1.1e+11
dp[16][620]=-1.1e+11
dp[17][620]=-1.1e+11
dp[18][620]=-1.1e+11
dp[19][620]=-1.1e+11
dp[20][620]=-1.1e+11
dp[21][620]=-1.1e+11
dp[22][620]=-1.1e+11
dp[23][620]=-1.1e+11
dp[24][620]=-1.1e+11
Select best dp
Best k=7
Stratifying 2-th numerical feature ...
dp[2][620]=-348.697
dp[3][620]=-596.732
dp[4][620]=-672.784
dp[5][620]=-720.203
dp[6][620]=-732.753
dp[7][620]=-683.95
dp[8][620]=-588.483
dp[9][620]=-486.028
dp[10][620]=-360.109
dp[11][620]=-218.231
dp[12][620]=-76.3965
dp[13][620]=79.3596
dp[14][620]=238.695
dp[15][620]=403.293
dp[16][620]=577.792
dp[17][620]=758.021
dp[18][620]=940.278
dp[19][620]=1126.37
dp[20][620]=1313.84
dp[21][620]=1509.44
dp[22][620]=1706.72
dp[23][620]=1925.23
dp[24][620]=2149.91
Select best dp
Best k=6
dp[2][620]=82.9049
dp[3][620]=87.514
dp[4][620]=178.114
dp[5][620]=283.032
dp[6][620]=405.383
dp[7][620]=558.411
dp[8][620]=734.771
dp[9][620]=914.626
dp[10][620]=1106.21
dp[11][620]=1305.78
dp[12][620]=1505.32
dp[13][620]=1711.83
dp[14][620]=1920.12
dp[15][620]=2131.05
dp[16][620]=2346.92
dp[17][620]=2565.66
dp[18][620]=2785.42
dp[19][620]=3007.09
dp[20][620]=3229.45
dp[21][620]=3455.88
dp[22][620]=3683.14
dp[23][620]=3921.03
dp[24][620]=4161.99
Select best dp
Best k=2
dp[2][620]=-348.697
dp[2][620]=514.506
dp[3][620]=771.76
dp[3][620]=-596.732
dp[4][620]=1029.01
dp[5][620]=1286.27
dp[4][620]=-672.784
dp[6][620]=1543.52
dp[7][620]=1800.77
dp[5][620]=-720.203
dp[8][620]=2058.03
dp[9][620]=2315.28
dp[6][620]=-732.753
dp[10][620]=2572.53
dp[11][620]=2829.79
dp[7][620]=-683.95
dp[12][620]=3087.04
dp[13][620]=3344.29
dp[8][620]=-588.483
dp[14][620]=3601.55
dp[15][620]=3858.8
dp[9][620]=-486.028
dp[16][620]=4116.05
dp[17][620]=4373.31
dp[10][620]=-360.109
dp[18][620]=4630.56
dp[19][620]=4887.81
dp[11][620]=-218.231
dp[20][620]=5145.06
dp[21][620]=5402.32
dp[12][620]=-76.3965
dp[22][620]=5659.57
dp[23][620]=5916.82
dp[13][620]=79.3596
dp[24][620]=6174.08
Select best dp
dp[14][620]=238.695
Best k=2
dp[15][620]=403.293
dp[16][620]=577.792
dp[17][620]=758.021
dp[18][620]=940.278
dp[19][620]=1126.37
dp[20][620]=1313.84
dp[21][620]=1509.44
dp[22][620]=1706.72
dp[23][620]=1925.23
dp[24][620]=2149.91
Select best dp
Best k=6
Stratifying 2-th numerical feature ...
Stratifying 3-th numerical feature ...
Stratifying 2-th numerical feature ...
Stratifying 2-th numerical feature ...
dp[2][620]=-1211.9
dp[3][620]=-1965.22
dp[4][620]=-2374.58
dp[5][620]=-2726.67
dp[6][620]=-3009.03
dp[7][620]=-3168.67
dp[8][620]=-3234.99
dp[9][620]=-3287.34
dp[10][620]=-3292.75
dp[11][620]=-3266.25
dp[12][620]=-3239.83
dp[13][620]=-3185.57
dp[14][620]=-3124.16
dp[15][620]=-3052.21
dp[16][620]=-2960.47
dp[17][620]=-2857.26
dp[18][620]=-2750
dp[19][620]=-2635.06
dp[20][620]=-2517.39
dp[21][620]=-2383.44
dp[22][620]=-2246.14
dp[23][620]=-2066.37
dp[24][620]=-1874.27
Select best dp
Best k=10
Stratifying 2-th numerical feature ...
dp[2][620]=-348.697
dp[3][620]=-596.732
dp[4][620]=-672.784
dp[5][620]=-720.203
dp[6][620]=-732.753
dp[7][620]=-683.95
dp[8][620]=-588.483
dp[9][620]=-486.028
dp[10][620]=-360.109
dp[11][620]=-218.231
dp[12][620]=-76.3965
dp[13][620]=79.3596
dp[14][620]=238.695
dp[15][620]=403.293
dp[16][620]=577.792
dp[17][620]=758.021
dp[18][620]=940.278
dp[19][620]=1126.37
dp[20][620]=1313.84
dp[21][620]=1509.44
dp[22][620]=1706.72
dp[23][620]=1925.23
dp[24][620]=2149.91
Select best dp
Best k=6
dp[2][620]=-658.196
dp[3][620]=-940.7
dp[4][620]=-1050.91
dp[5][620]=-1099.98
dp[6][620]=-1056.58
dp[7][620]=-995.515
dp[8][620]=-912.037
dp[9][620]=-818.267
dp[10][620]=-711.79
dp[11][620]=-597.496
dp[12][620]=-476.978
dp[13][620]=-357.212
dp[14][620]=-221.62
dp[15][620]=-74.4514
dp[16][620]=84.1854
dp[17][620]=263.575
dp[18][620]=446.682
dp[19][620]=632.021
dp[20][620]=819.432
dp[21][620]=1011.03
dp[22][620]=1203.38
dp[23][620]=1432.99
dp[24][620]=1735.23
Select best dp
Best k=5
Stratifying 3-th numerical feature ...
Stratifying 2-th numerical feature ...
dp[2][620]=-658.196
dp[3][620]=-940.7
dp[4][620]=-1050.91
dp[5][620]=-1099.98
dp[6][620]=-1056.58
dp[7][620]=-995.515
dp[8][620]=-912.037
dp[9][620]=-818.267
dp[10][620]=-711.79
dp[11][620]=-597.496
dp[12][620]=-476.978
dp[13][620]=-357.212
dp[14][620]=-221.62
dp[15][620]=-74.4514
dp[16][620]=84.1854
dp[17][620]=263.575
dp[18][620]=446.682
dp[19][620]=632.021
dp[20][620]=819.432
dp[21][620]=1011.03
dp[22][620]=1203.38
dp[23][620]=1432.99
dp[24][620]=1735.23
Select best dp
Best k=5
Stratifying 3-th numerical feature ...
dp[2][620]=-658.196
dp[3][620]=-940.7
dp[4][620]=-1050.91
dp[5][620]=-1099.98
dp[6][620]=-1056.58
dp[7][620]=-995.515
dp[8][620]=-912.037
dp[9][620]=-818.267
dp[10][620]=-711.79
dp[11][620]=-597.496
dp[12][620]=-476.978
dp[13][620]=-357.212
dp[14][620]=-221.62
dp[15][620]=-74.4514
dp[16][620]=84.1854
dp[17][620]=263.575
dp[18][620]=446.682
dp[19][620]=632.021
dp[20][620]=819.432
dp[21][620]=1011.03
dp[22][620]=1203.38
dp[23][620]=1432.99
dp[24][620]=1735.23
Select best dp
Best k=5
Stratifying 3-th numerical feature ...
dp[2][620]=-1.9e+11
dp[3][620]=-1.9e+11
dp[4][620]=-3.8e+11
dp[5][620]=-3.8e+11
dp[6][620]=-5.7e+11
dp[7][620]=-5.7e+11
dp[8][620]=-7.5e+11
dp[9][620]=-7.5e+11
dp[10][620]=-8.9e+11
dp[11][620]=-8.9e+11
dp[12][620]=-1.02e+12
dp[13][620]=-1.02e+12
dp[14][620]=-1.15e+12
dp[15][620]=-1.15e+12
dp[16][620]=-1.26e+12
dp[17][620]=-1.26e+12
dp[18][620]=-1.26e+12
dp[19][620]=-1.26e+12
dp[20][620]=-1.26e+12
dp[21][620]=-1.26e+12
dp[22][620]=-1.26e+12
dp[23][620]=-1.26e+12
dp[24][620]=-1.26e+12
Select best dp
Best k=16
Stratifying 3-th numerical feature ...
dp[2][620]=514.506
dp[3][620]=771.76
dp[4][620]=1029.01
dp[5][620]=1286.27
dp[6][620]=1543.52
dp[7][620]=1800.77
dp[8][620]=2058.03
dp[9][620]=2315.28
dp[10][620]=2572.53
dp[11][620]=2829.79
dp[12][620]=3087.04
dp[13][620]=3344.29
dp[14][620]=3601.55
dp[15][620]=3858.8
dp[16][620]=4116.05
dp[17][620]=4373.31
dp[18][620]=4630.56
dp[19][620]=4887.81
dp[20][620]=5145.06
dp[21][620]=5402.32
dp[22][620]=5659.57
dp[23][620]=5916.82
dp[24][620]=6174.08
Select best dp
Best k=2
Stratifying 4-th numerical feature ...
dp[2][620]=-6.5e+11
dp[3][620]=-9.2e+11
dp[4][620]=-9.6e+11
dp[5][620]=-1.23e+12
dp[6][620]=-1.24e+12
dp[7][620]=-1.51e+12
dp[8][620]=-1.51e+12
dp[9][620]=-1.78e+12
dp[10][620]=-1.78e+12
dp[11][620]=-2.03e+12
dp[12][620]=-2.03e+12
dp[13][620]=-2.26e+12
dp[14][620]=-2.26e+12
dp[15][620]=-2.26e+12
dp[16][620]=-2.26e+12
dp[17][620]=-2.26e+12
dp[18][620]=-2.26e+12
dp[19][620]=-2.26e+12
dp[20][620]=-2.26e+12
dp[21][620]=-2.26e+12
dp[22][620]=-2.26e+12
dp[23][620]=-1.99e+12
dp[24][620]=-1.71e+12
Select best dp
Best k=14
Stratifying 4-th numerical feature ...
dp[2][620]=-6.5e+11
dp[3][620]=-9.2e+11
dp[4][620]=-9.6e+11
dp[5][620]=-1.23e+12
dp[6][620]=-1.24e+12
dp[7][620]=-1.51e+12
dp[8][620]=-1.51e+12
dp[9][620]=-1.78e+12
dp[10][620]=-1.78e+12
dp[11][620]=-2.03e+12
dp[12][620]=-2.03e+12
dp[13][620]=-2.26e+12
dp[14][620]=-2.26e+12
dp[15][620]=-2.26e+12
dp[16][620]=-2.26e+12
dp[17][620]=-2.26e+12
dp[18][620]=-2.26e+12
dp[19][620]=-2.26e+12
dp[20][620]=-2.26e+12
dp[21][620]=-2.26e+12
dp[22][620]=-2.26e+12
dp[23][620]=-1.99e+12
dp[24][620]=-1.71e+12
Select best dp
Best k=14
Stratifying 4-th numerical feature ...
dp[2][620]=-1.9e+11
dp[3][620]=-1.9e+11
dp[4][620]=-3.8e+11
dp[5][620]=-3.8e+11
dp[6][620]=-5.7e+11
dp[7][620]=-5.7e+11
dp[8][620]=-7.5e+11
dp[9][620]=-7.5e+11
dp[10][620]=-8.9e+11
dp[11][620]=-8.9e+11
dp[12][620]=-1.02e+12
dp[13][620]=-1.02e+12
dp[14][620]=-1.15e+12
dp[15][620]=-1.15e+12
dp[16][620]=-1.28e+12
dp[17][620]=-1.28e+12
dp[18][620]=-1.39e+12
dp[19][620]=-1.39e+12
dp[20][620]=-1.49e+12
dp[21][620]=-1.49e+12
dp[22][620]=-1.59e+12
dp[23][620]=-1.59e+12
dp[24][620]=-1.59e+12
Select best dp
Best k=22
Stratifying 3-th numerical feature ...
dp[2][620]=-658.196
dp[3][620]=-940.7
dp[4][620]=-1050.91
dp[5][620]=-1099.98
dp[6][620]=-1056.57
dp[7][620]=-995.512
dp[8][620]=-912.029
dp[9][620]=-818.259
dp[10][620]=-710.719
dp[11][620]=-596.425
dp[12][620]=-473.456
dp[13][620]=-337.77
dp[14][620]=-178.295
dp[15][620]=-6.81314
dp[16][620]=183.656
Select best dp
Best k=5
Stratifying 3-th numerical feature ...
dp[2][620]=-6.5e+11
dp[3][620]=-9.2e+11
dp[4][620]=-9.6e+11
dp[5][620]=-1.23e+12
dp[6][620]=-1.24e+12
dp[7][620]=-1.51e+12
dp[8][620]=-1.51e+12
dp[9][620]=-1.78e+12
dp[10][620]=-1.78e+12
dp[11][620]=-2.03e+12
dp[12][620]=-2.03e+12
dp[13][620]=-2.26e+12
dp[14][620]=-2.26e+12
dp[15][620]=-2.26e+12
dp[16][620]=-2.26e+12
dp[17][620]=-2.26e+12
dp[18][620]=-2.26e+12
dp[19][620]=-2.26e+12
dp[20][620]=-2.26e+12
dp[21][620]=-2.26e+12
dp[22][620]=-2.26e+12
dp[23][620]=-1.99e+12
dp[24][620]=-1.71e+12
Select best dp
Best k=14
Stratifying 4-th numerical feature ...
dp[2][620]=-348.697
dp[3][620]=-1.1e+11
dp[4][620]=-1.1e+11
dp[5][620]=-1.9e+11
dp[6][620]=-1.9e+11
dp[7][620]=-2.6e+11
dp[8][620]=-2.6e+11
dp[9][620]=-3.2e+11
dp[10][620]=-3.2e+11
dp[11][620]=-3.7e+11
dp[12][620]=-3.7e+11
dp[13][620]=-4.2e+11
dp[14][620]=-4.2e+11
dp[15][620]=-4.7e+11
dp[16][620]=-4.7e+11
dp[17][620]=-5.2e+11
dp[18][620]=-5.2e+11
dp[19][620]=-5.7e+11
dp[20][620]=-5.7e+11
dp[21][620]=-6e+11
dp[22][620]=-6e+11
dp[23][620]=-6e+11
dp[24][620]=-6e+11
Select best dp
Best k=23
Stratifying 2-th numerical feature ...
dp[2][620]=-3.63e+12
dp[3][620]=-4.29e+12
dp[4][620]=-4.68e+12
dp[5][620]=-4.68e+12
dp[6][620]=-4.68e+12
dp[7][620]=-4.68e+12
dp[8][620]=-4.68e+12
dp[9][620]=-4.68e+12
dp[10][620]=-4.68e+12
dp[11][620]=-4.68e+12
dp[12][620]=-4.68e+12
dp[13][620]=-4.68e+12
dp[14][620]=-4.68e+12
dp[15][620]=-4.68e+12
dp[16][620]=-4.68e+12
dp[17][620]=-4.68e+12
dp[18][620]=-4.68e+12
dp[19][620]=-4.68e+12
dp[20][620]=-4.68e+12
dp[21][620]=-4.68e+12
dp[22][620]=-4.68e+12
dp[23][620]=-4.68e+12
dp[24][620]=-4.43e+12
Select best dp
Best k=4
Stratifying 5-th numerical feature ...
dp[2][620]=-3.63e+12
dp[3][620]=-4.29e+12
dp[4][620]=-4.68e+12
dp[5][620]=-4.68e+12
dp[6][620]=-4.68e+12
dp[7][620]=-4.68e+12
dp[8][620]=-4.68e+12
dp[9][620]=-4.68e+12
dp[10][620]=-4.68e+12
dp[11][620]=-4.68e+12
dp[12][620]=-4.68e+12
dp[13][620]=-4.68e+12
dp[14][620]=-4.68e+12
dp[15][620]=-4.68e+12
dp[16][620]=-4.68e+12
dp[17][620]=-4.68e+12
dp[18][620]=-4.68e+12
dp[19][620]=-4.68e+12
dp[20][620]=-4.68e+12
dp[21][620]=-4.68e+12
dp[22][620]=-4.68e+12
dp[23][620]=-4.68e+12
dp[24][620]=-4.43e+12
Select best dp
Best k=4
Stratifying 5-th numerical feature ...
dp[2][620]=-71.8445
dp[3][620]=-84.4704
dp[4][620]=-10.9501
dp[5][620]=93.1442
dp[6][620]=243.472
dp[7][620]=402.629
dp[8][620]=572.994
dp[9][620]=748.506
dp[10][620]=930.371
dp[11][620]=1116.14
dp[12][620]=1305.03
dp[13][620]=1493.54
dp[14][620]=1689.96
dp[15][620]=1892.17
dp[16][620]=2100.12
dp[17][620]=2318.44
dp[18][620]=2538.62
dp[19][620]=2759.92
dp[20][620]=2982.25
dp[21][620]=3206.68
dp[22][620]=3431.48
dp[23][620]=3674.91
dp[24][620]=3954.65
Select best dp
Best k=3
dp[2][620]=-658.196
dp[3][620]=-940.7
dp[4][620]=-1050.91
dp[5][620]=-1099.98
dp[6][620]=-1056.58
dp[7][620]=-995.515
dp[8][620]=-912.037
dp[9][620]=-818.267
dp[10][620]=-711.79
dp[11][620]=-597.496
dp[12][620]=-476.978
dp[13][620]=-357.212
dp[14][620]=-221.62
dp[15][620]=-74.4514
dp[16][620]=84.1854
dp[17][620]=263.575
dp[18][620]=446.682
dp[19][620]=632.021
dp[20][620]=819.432
dp[21][620]=1011.03
dp[22][620]=1203.38
dp[23][620]=1432.99
dp[24][620]=1735.23
Select best dp
Best k=5
dp[2][620]=-658.196
dp[3][620]=-940.7
dp[4][620]=-1050.91
dp[5][620]=-1099.98
dp[6][620]=-1056.58
dp[7][620]=-995.515
dp[8][620]=-912.037
dp[9][620]=-818.267
dp[10][620]=-711.79
dp[11][620]=-597.496
dp[12][620]=-476.978
dp[13][620]=-357.212
dp[14][620]=-221.62
dp[15][620]=-74.4514
dp[16][620]=84.1854
dp[17][620]=263.575
dp[18][620]=446.682
dp[19][620]=632.021
dp[20][620]=819.432
dp[21][620]=1011.03
dp[22][620]=1203.38
dp[23][620]=1432.99
dp[24][620]=1735.23
Select best dp
Best k=5
Stratifying 3-th numerical feature ...
Stratifying 3-th numerical feature ...
Stratifying 3-th numerical feature ...
dp[2][620]=514.506
dp[3][620]=771.76
dp[4][620]=1029.01
dp[5][620]=1286.27
dp[6][620]=1543.52
dp[7][620]=1800.77
dp[8][620]=2058.03
dp[9][620]=2315.28
dp[10][620]=2572.53
dp[11][620]=2829.79
dp[12][620]=3087.04
dp[13][620]=3344.29
dp[14][620]=3601.55
dp[15][620]=3858.8
dp[16][620]=4116.05
dp[17][620]=4373.31
dp[18][620]=4630.56
dp[19][620]=4887.81
dp[20][620]=5145.06
dp[21][620]=5402.32
dp[22][620]=5659.57
dp[23][620]=5916.82
dp[24][620]=6174.08
Select best dp
Best k=2
Stratifying 5-th numerical feature ...
dp[2][620]=-1830.9
dp[3][620]=-2653.16
dp[4][620]=-3130.84
dp[5][620]=-3486.22
dp[6][620]=-3656.67
dp[7][620]=-3791.8
dp[8][620]=-3882.1
dp[9][620]=-3951.81
dp[10][620]=-3996.11
dp[11][620]=-4024.78
dp[12][620]=-4040.99
dp[13][620]=-4058.72
dp[14][620]=-4044.78
dp[15][620]=-4007.7
dp[16][620]=-3947.68
dp[17][620]=-3846.16
dp[18][620]=-3737.19
dp[19][620]=-3623.77
dp[20][620]=-3506.2
dp[21][620]=-3380.25
dp[22][620]=-3252.8
dp[23][620]=-3050.85
dp[24][620]=-2703.61
Select best dp
Best k=13
Stratifying 3-th numerical feature ...
dp[2][620]=-3.63e+12
dp[3][620]=-4.29e+12
dp[4][620]=-4.68e+12
dp[5][620]=-4.68e+12
dp[6][620]=-4.68e+12
dp[7][620]=-4.68e+12
dp[8][620]=-4.68e+12
dp[9][620]=-4.68e+12
dp[10][620]=-4.68e+12
dp[11][620]=-4.68e+12
dp[12][620]=-4.68e+12
dp[13][620]=-4.68e+12
dp[14][620]=-4.68e+12
dp[15][620]=-4.68e+12
dp[16][620]=-4.68e+12
dp[17][620]=-4.68e+12
dp[18][620]=-4.68e+12
dp[19][620]=-4.68e+12
dp[20][620]=-4.68e+12
dp[21][620]=-4.68e+12
dp[22][620]=-4.68e+12
dp[23][620]=-4.68e+12
dp[24][620]=-4.43e+12
Select best dp
Best k=4
dp[2][620]=-658.196
dp[3][620]=-940.7
dp[4][620]=-1050.91
dp[5][620]=-1099.98
dp[6][620]=-1056.58
dp[7][620]=-995.515
dp[8][620]=-912.037
dp[9][620]=-818.267
dp[10][620]=-711.79
dp[11][620]=-597.496
dp[12][620]=-476.978
dp[13][620]=-357.212
dp[14][620]=-221.62
dp[15][620]=-74.4514
dp[16][620]=84.1854
dp[17][620]=263.575
dp[18][620]=446.682
dp[19][620]=632.021
dp[20][620]=819.432
dp[21][620]=1011.03
dp[22][620]=1203.38
dp[23][620]=1432.99
dp[24][620]=1735.23
Select best dp
Best k=5
Stratifying 5-th numerical feature ...
Stratifying 3-th numerical feature ...
dp[2][620]=-6.5e+11
dp[3][620]=-9.2e+11
dp[4][620]=-1.13e+12
dp[5][620]=-1.4e+12
dp[6][620]=-1.59e+12
dp[7][620]=-1.71e+12
dp[8][620]=-1.87e+12
dp[9][620]=-1.99e+12
dp[10][620]=-2.14e+12
dp[11][620]=-2.26e+12
dp[12][620]=-2.39e+12
dp[13][620]=-2.51e+12
dp[14][620]=-2.64e+12
dp[15][620]=-2.66e+12
dp[16][620]=-2.79e+12
dp[17][620]=-2.81e+12
dp[18][620]=-2.94e+12
dp[19][620]=-2.94e+12
dp[20][620]=-2.94e+12
dp[21][620]=-2.94e+12
dp[22][620]=-2.94e+12
dp[23][620]=-2.94e+12
dp[24][620]=-2.94e+12
Select best dp
Best k=19
Stratifying 4-th numerical feature ...
dp[2][620]=-6.5e+11
dp[3][620]=-9.2e+11
dp[4][620]=-1.13e+12
dp[5][620]=-1.4e+12
dp[6][620]=-1.59e+12
dp[7][620]=-1.71e+12
dp[8][620]=-1.87e+12
dp[9][620]=-1.99e+12
dp[10][620]=-2.14e+12
dp[11][620]=-2.26e+12
dp[12][620]=-2.41e+12
dp[13][620]=-2.51e+12
dp[14][620]=-2.66e+12
dp[15][620]=-2.76e+12
dp[16][620]=-2.81e+12
dp[17][620]=-2.91e+12
dp[18][620]=-2.96e+12
dp[19][620]=-3.06e+12
dp[20][620]=-3.07e+12
dp[21][620]=-3.17e+12
dp[22][620]=-3.18e+12
dp[23][620]=-3.28e+12
dp[24][620]=-3.28e+12
Select best dp
Best k=23
Stratifying 4-th numerical feature ...
dp[2][620]=-6.5e+11
dp[3][620]=-6.5e+11
dp[4][620]=-6.5e+11
dp[5][620]=-6.5e+11
dp[6][620]=-6.5e+11
dp[7][620]=-6.5e+11
dp[8][620]=-6.5e+11
dp[9][620]=-6.5e+11
dp[10][620]=-6.5e+11
dp[11][620]=-6.5e+11
dp[12][620]=-6.5e+11
dp[13][620]=-6.5e+11
dp[14][620]=-6.5e+11
dp[15][620]=-6.5e+11
dp[16][620]=-6.5e+11
Select best dp
Best k=6
Stratifying 4-th numerical feature ...
dp[2][620]=-1.16e+12
dp[3][620]=-1.16e+12
dp[4][620]=-1.5e+12
dp[5][620]=-1.5e+12
dp[6][620]=-1.84e+12
dp[7][620]=-1.84e+12
dp[8][620]=-2.13e+12
dp[9][620]=-2.13e+12
dp[10][620]=-2.39e+12
dp[11][620]=-2.39e+12
dp[12][620]=-2.39e+12
dp[13][620]=-2.39e+12
dp[14][620]=-2.39e+12
dp[15][620]=-2.39e+12
dp[16][620]=-2.39e+12
dp[17][620]=-2.39e+12
dp[18][620]=-2.39e+12
dp[19][620]=-2.39e+12
dp[20][620]=-2.39e+12
dp[21][620]=-2.36e+12
dp[22][620]=-2.32e+12
dp[23][620]=-2.23e+12
dp[24][620]=-2.06e+12
Select best dp
Best k=11
Stratifying 6-th numerical feature ...
dp[2][620]=-1.16e+12
dp[3][620]=-1.16e+12
dp[4][620]=-1.5e+12
dp[5][620]=-1.5e+12
dp[6][620]=-1.84e+12
dp[7][620]=-1.84e+12
dp[8][620]=-2.13e+12
dp[9][620]=-2.13e+12
dp[10][620]=-2.39e+12
dp[11][620]=-2.39e+12
dp[12][620]=-2.39e+12
dp[13][620]=-2.39e+12
dp[14][620]=-2.39e+12
dp[15][620]=-2.39e+12
dp[16][620]=-2.39e+12
dp[17][620]=-2.39e+12
dp[18][620]=-2.39e+12
dp[19][620]=-2.39e+12
dp[20][620]=-2.39e+12
dp[21][620]=-2.36e+12
dp[22][620]=-2.32e+12
dp[23][620]=-2.23e+12
dp[24][620]=-2.06e+12
Select best dp
Best k=11
Stratifying 6-th numerical feature ...
dp[2][620]=514.506
dp[3][620]=771.76
dp[4][620]=1029.01
dp[5][620]=1286.27
dp[6][620]=1543.52
dp[7][620]=1800.77
dp[8][620]=2058.03
dp[9][620]=2315.28
dp[10][620]=2572.53
dp[11][620]=2829.79
dp[12][620]=3087.04
dp[13][620]=3344.29
dp[14][620]=3601.55
dp[15][620]=3858.8
dp[16][620]=4116.05
dp[17][620]=4373.31
dp[18][620]=4630.56
dp[19][620]=4887.81
dp[20][620]=5145.06
dp[21][620]=5402.32
dp[22][620]=5659.57
dp[23][620]=5916.82
dp[24][620]=6174.08
Select best dp
Best k=2
Stratifying 6-th numerical feature ...
dp[2][620]=-1.16e+12
dp[3][620]=-1.16e+12
dp[4][620]=-1.5e+12
dp[5][620]=-1.5e+12
dp[6][620]=-1.84e+12
dp[7][620]=-1.84e+12
dp[8][620]=-2.13e+12
dp[9][620]=-2.13e+12
dp[10][620]=-2.39e+12
dp[11][620]=-2.39e+12
dp[12][620]=-2.39e+12
dp[13][620]=-2.39e+12
dp[14][620]=-2.39e+12
dp[15][620]=-2.39e+12
dp[16][620]=-2.39e+12
dp[17][620]=-2.39e+12
dp[18][620]=-2.39e+12
dp[19][620]=-2.39e+12
dp[20][620]=-2.39e+12
dp[21][620]=-2.36e+12
dp[22][620]=-2.32e+12
dp[23][620]=-2.23e+12
dp[24][620]=-2.06e+12
Select best dp
Best k=11
Stratifying 6-th numerical feature ...
dp[2][620]=-3.63e+12
dp[3][620]=-4.29e+12
dp[4][620]=-4.68e+12
dp[5][620]=-4.91e+12
dp[6][620]=-5.03e+12
dp[7][620]=-5.2e+12
dp[8][620]=-5.41e+12
dp[9][620]=-5.55e+12
dp[10][620]=-5.56e+12
dp[11][620]=-5.7e+12
dp[12][620]=-5.7e+12
dp[13][620]=-5.7e+12
dp[14][620]=-5.7e+12
dp[15][620]=-5.7e+12
dp[16][620]=-5.7e+12
dp[17][620]=-5.7e+12
dp[18][620]=-5.7e+12
dp[19][620]=-5.7e+12
dp[20][620]=-5.7e+12
dp[21][620]=-5.7e+12
dp[22][620]=-5.7e+12
dp[23][620]=-5.7e+12
dp[24][620]=-5.7e+12
Select best dp
Best k=11
Stratifying 5-th numerical feature ...
dp[2][620]=-2.73e+12
dp[3][620]=-2.99e+12
dp[4][620]=-2.99e+12
dp[5][620]=-2.99e+12
dp[6][620]=-2.99e+12
dp[7][620]=-2.99e+12
dp[8][620]=-2.99e+12
dp[9][620]=-2.99e+12
dp[10][620]=-2.99e+12
dp[11][620]=-2.99e+12
dp[12][620]=-2.99e+12
dp[13][620]=-2.99e+12
dp[14][620]=-2.99e+12
dp[15][620]=-2.99e+12
dp[16][620]=-2.99e+12
dp[17][620]=-2.99e+12
dp[18][620]=-2.99e+12
dp[19][620]=-2.99e+12
dp[20][620]=-2.99e+12
dp[21][620]=-2.99e+12
dp[22][620]=-2.99e+12
dp[23][620]=-2.99e+12
dp[24][620]=-2.71e+12
Select best dp
Best k=6
dp[2][620]=-2.73e+12
dp[3][620]=-2.99e+12
dp[4][620]=-2.99e+12
dp[5][620]=-2.99e+12
dp[6][620]=-2.99e+12
dp[7][620]=-2.99e+12
dp[8][620]=-2.99e+12
dp[9][620]=-2.99e+12
dp[10][620]=-2.99e+12
dp[11][620]=-2.99e+12
dp[12][620]=-2.99e+12
dp[13][620]=-2.99e+12
dp[14][620]=-2.99e+12
dp[15][620]=-2.99e+12
dp[16][620]=-2.99e+12
dp[17][620]=-2.99e+12
dp[18][620]=-2.99e+12
dp[19][620]=-2.99e+12
dp[20][620]=-2.99e+12
dp[21][620]=-2.99e+12
dp[22][620]=-2.99e+12
dp[23][620]=-2.99e+12
dp[24][620]=-2.71e+12
Select best dp
Best k=6
dp[2][620]=-6.5e+11
dp[3][620]=-9.2e+11
dp[4][620]=-9.6e+11
dp[5][620]=-1.23e+12
dp[6][620]=-1.24e+12
dp[7][620]=-1.51e+12
dp[8][620]=-1.51e+12
dp[9][620]=-1.78e+12
dp[10][620]=-1.78e+12
dp[11][620]=-2.03e+12
dp[12][620]=-2.03e+12
dp[13][620]=-2.26e+12
dp[14][620]=-2.26e+12
dp[15][620]=-2.26e+12
dp[16][620]=-2.26e+12
dp[17][620]=-2.26e+12
dp[18][620]=-2.26e+12
dp[19][620]=-2.26e+12
dp[20][620]=-2.26e+12
dp[21][620]=-2.26e+12
dp[22][620]=-2.26e+12
dp[23][620]=-1.99e+12
dp[24][620]=-1.71e+12
Select best dp
Best k=14
Stratifying 4-th numerical feature ...
dp[2][620]=-3.25e+11
dp[3][620]=-4.6e+11
dp[4][620]=-4.8e+11
dp[5][620]=-6.15e+11
dp[6][620]=-6.2e+11
dp[7][620]=-7.55e+11
dp[8][620]=-7.55e+11
dp[9][620]=-8.9e+11
dp[10][620]=-8.9e+11
dp[11][620]=-1.015e+12
dp[12][620]=-1.015e+12
dp[13][620]=-1.13e+12
dp[14][620]=-1.13e+12
dp[15][620]=-1.13e+12
dp[16][620]=-1.13e+12
dp[17][620]=-1.13e+12
dp[18][620]=-1.13e+12
dp[19][620]=-1.13e+12
dp[20][620]=-1.13e+12
dp[21][620]=-1.13e+12
dp[22][620]=-1.13e+12
dp[23][620]=-9.95e+11
dp[24][620]=-8.55e+11
Select best dp
Best k=13
dp[2][620]=-6.5e+11
dp[3][620]=-9.2e+11
dp[4][620]=-9.6e+11
dp[5][620]=-1.23e+12
dp[6][620]=-1.24e+12
dp[7][620]=-1.51e+12
dp[8][620]=-1.51e+12
dp[9][620]=-1.78e+12
dp[10][620]=-1.78e+12
dp[11][620]=-2.03e+12
dp[12][620]=-2.03e+12
dp[13][620]=-2.26e+12
dp[14][620]=-2.26e+12
dp[15][620]=-2.26e+12
dp[16][620]=-2.26e+12
dp[17][620]=-2.26e+12
dp[18][620]=-2.26e+12
dp[19][620]=-2.26e+12
dp[20][620]=-2.26e+12
dp[21][620]=-2.26e+12
dp[22][620]=-2.26e+12
dp[23][620]=-1.99e+12
dp[24][620]=-1.71e+12
Select best dp
Best k=14
Stratifying 4-th numerical feature ...
Stratifying 4-th numerical feature ...
dp[2][620]=-3.63e+12
dp[3][620]=-4.29e+12
dp[4][620]=-4.68e+12
dp[5][620]=-4.68e+12
dp[6][620]=-4.68e+12
dp[7][620]=-4.68e+12
dp[8][620]=-4.68e+12
dp[9][620]=-4.68e+12
dp[10][620]=-4.68e+12
dp[11][620]=-4.68e+12
dp[12][620]=-4.68e+12
dp[13][620]=-4.68e+12
dp[14][620]=-4.68e+12
dp[15][620]=-4.68e+12
dp[16][620]=-4.31e+12
Select best dp
Best k=4
Stratifying 5-th numerical feature ...
dp[2][620]=-1.3e+12
dp[3][620]=-1.84e+12
dp[4][620]=-1.92e+12
dp[5][620]=-2.46e+12
dp[6][620]=-2.48e+12
dp[7][620]=-3.02e+12
dp[8][620]=-3.02e+12
dp[9][620]=-3.56e+12
dp[10][620]=-3.56e+12
dp[11][620]=-4.06e+12
dp[12][620]=-4.06e+12
dp[13][620]=-4.52e+12
dp[14][620]=-4.52e+12
dp[15][620]=-4.52e+12
dp[16][620]=-4.52e+12
dp[17][620]=-4.52e+12
dp[18][620]=-4.52e+12
dp[19][620]=-4.52e+12
dp[20][620]=-4.52e+12
dp[21][620]=-4.52e+12
dp[22][620]=-4.52e+12
dp[23][620]=-3.98e+12
dp[24][620]=-3.42e+12
Select best dp
Best k=17
Stratifying 4-th numerical feature ...
dp[2][620]=-3.63e+12
dp[3][620]=-4.29e+12
dp[4][620]=-4.68e+12
dp[5][620]=-4.91e+12
dp[6][620]=-5.03e+12
dp[7][620]=-5.2e+12
dp[8][620]=-5.41e+12
dp[9][620]=-5.55e+12
dp[10][620]=-5.65e+12
dp[11][620]=-5.7e+12
dp[12][620]=-5.8e+12
dp[13][620]=-5.8e+12
dp[14][620]=-5.8e+12
dp[15][620]=-5.8e+12
dp[16][620]=-5.8e+12
dp[17][620]=-5.8e+12
dp[18][620]=-5.8e+12
dp[19][620]=-5.8e+12
dp[20][620]=-5.8e+12
dp[21][620]=-5.8e+12
dp[22][620]=-5.8e+12
dp[23][620]=-5.8e+12
dp[24][620]=-5.8e+12
Select best dp
Best k=12
dp[2][620]=-2.73e+12
dp[3][620]=-2.99e+12
dp[4][620]=-2.99e+12
dp[5][620]=-2.99e+12
dp[6][620]=-2.99e+12
dp[7][620]=-2.99e+12
dp[8][620]=-2.99e+12
dp[9][620]=-2.99e+12
dp[10][620]=-2.99e+12
dp[11][620]=-2.99e+12
dp[12][620]=-2.99e+12
dp[13][620]=-2.99e+12
dp[14][620]=-2.99e+12
dp[15][620]=-2.99e+12
dp[16][620]=-2.99e+12
dp[17][620]=-2.99e+12
dp[18][620]=-2.99e+12
dp[19][620]=-2.99e+12
dp[20][620]=-2.99e+12
dp[21][620]=-2.99e+12
dp[22][620]=-2.99e+12
dp[23][620]=-2.99e+12
dp[24][620]=-2.71e+12
Select best dp
Best k=6
Stratifying 5-th numerical feature ...
dp[2][620]=514.506
dp[3][620]=771.76
dp[4][620]=1029.01
dp[5][620]=1286.27
dp[6][620]=1543.52
dp[7][620]=1800.77
dp[8][620]=2058.03
dp[9][620]=2315.28
dp[10][620]=2572.53
dp[11][620]=2829.79
dp[12][620]=3087.04
dp[13][620]=3344.29
dp[14][620]=3601.55
dp[15][620]=3858.8
dp[16][620]=4116.05
dp[17][620]=4373.31
dp[18][620]=4630.56
dp[19][620]=4887.81
dp[20][620]=5145.06
dp[21][620]=5402.32
dp[22][620]=5659.57
dp[23][620]=5916.82
dp[24][620]=6174.08
Select best dp
Best k=2
dp[2][620]=-6.5e+11
dp[3][620]=-9.2e+11
dp[4][620]=-9.6e+11
dp[5][620]=-1.23e+12
dp[6][620]=-1.24e+12
dp[7][620]=-1.51e+12
dp[8][620]=-1.51e+12
dp[9][620]=-1.78e+12
dp[10][620]=-1.78e+12
dp[11][620]=-2.03e+12
dp[12][620]=-2.03e+12
dp[13][620]=-2.26e+12
dp[14][620]=-2.26e+12
dp[15][620]=-2.26e+12
dp[16][620]=-2.26e+12
dp[17][620]=-2.26e+12
dp[18][620]=-2.26e+12
dp[19][620]=-2.26e+12
dp[20][620]=-2.26e+12
dp[21][620]=-2.26e+12
dp[22][620]=-2.26e+12
dp[23][620]=-1.99e+12
dp[24][620]=-1.71e+12
Select best dp
Best k=14
Stratifying 4-th numerical feature ...
dp[2][620]=-1.16e+12
dp[3][620]=-1.16e+12
dp[4][620]=-1.16e+12
dp[5][620]=-1.16e+12
dp[6][620]=-1.16e+12
dp[7][620]=-1.16e+12
dp[8][620]=-1.16e+12
dp[9][620]=-1.16e+12
dp[10][620]=-1.16e+12
dp[11][620]=-1.16e+12
dp[12][620]=-1.16e+12
dp[13][620]=-1.16e+12
dp[14][620]=-1.16e+12
dp[15][620]=-1.16e+12
dp[16][620]=-1.16e+12
Select best dp
Best k=6
Stratifying 6-th numerical feature ...
dp[2][620]=-3.63e+12
dp[3][620]=-4.29e+12
dp[4][620]=-4.68e+12
dp[5][620]=-4.68e+12
dp[6][620]=-4.68e+12
dp[7][620]=-4.68e+12
dp[8][620]=-4.68e+12
dp[9][620]=-4.68e+12
dp[10][620]=-4.68e+12
dp[11][620]=-4.68e+12
dp[12][620]=-4.68e+12
dp[13][620]=-4.68e+12
dp[14][620]=-4.68e+12
dp[15][620]=-4.68e+12
dp[16][620]=-4.68e+12
dp[17][620]=-4.68e+12
dp[18][620]=-4.68e+12
dp[19][620]=-4.68e+12
dp[20][620]=-4.68e+12
dp[21][620]=-4.68e+12
dp[22][620]=-4.68e+12
dp[23][620]=-4.68e+12
dp[24][620]=-4.43e+12
Select best dp
Best k=4
Stratifying 5-th numerical feature ...
dp[2][620]=-3.63e+12
dp[3][620]=-4.29e+12
dp[4][620]=-4.68e+12
dp[5][620]=-4.68e+12
dp[6][620]=-4.68e+12
dp[7][620]=-4.68e+12
dp[8][620]=-4.68e+12
dp[9][620]=-4.68e+12
dp[10][620]=-4.68e+12
dp[11][620]=-4.68e+12
dp[12][620]=-4.68e+12
dp[13][620]=-4.68e+12
dp[14][620]=-4.68e+12
dp[15][620]=-4.68e+12
dp[16][620]=-4.68e+12
dp[17][620]=-4.68e+12
dp[18][620]=-4.68e+12
dp[19][620]=-4.68e+12
dp[20][620]=-4.68e+12
dp[21][620]=-4.68e+12
dp[22][620]=-4.68e+12
dp[23][620]=-4.68e+12
dp[24][620]=-4.43e+12
Select best dp
Best k=4
Stratifying 5-th numerical feature ...
dp[2][620]=266.968
dp[3][620]=-21.586
dp[4][620]=-127.407
dp[5][620]=-204.198
dp[6][620]=-221.678
dp[7][620]=-189.342
dp[8][620]=-102.945
dp[9][620]=-12.9059
dp[10][620]=104.679
dp[11][620]=234.723
dp[12][620]=371.841
dp[13][620]=517.284
dp[14][620]=671.552
dp[15][620]=831.628
dp[16][620]=997.458
dp[17][620]=1169.64
dp[18][620]=1342.3
dp[19][620]=1516.47
dp[20][620]=1697.33
dp[21][620]=1882.15
dp[22][620]=2068.3
dp[23][620]=2281.6
dp[24][620]=2500.07
Select best dp
Best k=6
Stratifying 2-th numerical feature ...
dp[2][620]=-1.16e+12
dp[3][620]=-1.16e+12
dp[4][620]=-1.5e+12
dp[5][620]=-1.5e+12
dp[6][620]=-1.84e+12
dp[7][620]=-1.84e+12
dp[8][620]=-2.13e+12
dp[9][620]=-2.13e+12
dp[10][620]=-2.39e+12
dp[11][620]=-2.39e+12
dp[12][620]=-2.61e+12
dp[13][620]=-2.61e+12
dp[14][620]=-2.81e+12
dp[15][620]=-2.81e+12
dp[16][620]=-2.97e+12
dp[17][620]=-2.97e+12
dp[18][620]=-3.11e+12
dp[19][620]=-3.11e+12
dp[20][620]=-3.24e+12
dp[21][620]=-3.24e+12
dp[22][620]=-3.24e+12
dp[23][620]=-3.24e+12
dp[24][620]=-3.24e+12
Select best dp
Best k=20
Stratifying 6-th numerical feature ...
dp[2][620]=-1.9e+11
dp[3][620]=-1.9e+11
dp[4][620]=-3.8e+11
dp[5][620]=-4.4e+11
dp[6][620]=-5.7e+11
dp[7][620]=-6.3e+11
dp[8][620]=-7.5e+11
dp[9][620]=-8.1e+11
dp[10][620]=-9e+11
dp[11][620]=-9.6e+11
dp[12][620]=-1.04e+12
dp[13][620]=-1.11e+12
dp[14][620]=-1.17e+12
dp[15][620]=-1.25e+12
dp[16][620]=-1.31e+12
dp[17][620]=-1.38e+12
dp[18][620]=-1.44e+12
dp[19][620]=-1.49e+12
dp[20][620]=-1.55e+12
dp[21][620]=-1.59e+12
dp[22][620]=-1.65e+12
dp[23][620]=-1.69e+12
dp[24][620]=-1.75e+12
Select best dp
Best k=24
Stratifying 3-th numerical feature ...
dp[2][620]=-1.16e+12
dp[3][620]=-1.16e+12
dp[4][620]=-1.5e+12
dp[5][620]=-1.5e+12
dp[6][620]=-1.84e+12
dp[7][620]=-1.84e+12
dp[8][620]=-2.13e+12
dp[9][620]=-2.13e+12
dp[10][620]=-2.39e+12
dp[11][620]=-2.39e+12
dp[12][620]=-2.64e+12
dp[13][620]=-2.64e+12
dp[14][620]=-2.84e+12
dp[15][620]=-2.84e+12
dp[16][620]=-3e+12
dp[17][620]=-3e+12
dp[18][620]=-3.14e+12
dp[19][620]=-3.14e+12
dp[20][620]=-3.27e+12
dp[21][620]=-3.27e+12
dp[22][620]=-3.38e+12
dp[23][620]=-3.38e+12
dp[24][620]=-3.38e+12
Select best dp
Best k=22
Stratifying 6-th numerical feature ...
dp[2][620]=-2.73e+12
dp[3][620]=-2.73e+12
dp[4][620]=-2.73e+12
dp[5][620]=-2.73e+12
dp[6][620]=-2.73e+12
dp[7][620]=-2.73e+12
dp[8][620]=-2.73e+12
dp[9][620]=-2.73e+12
dp[10][620]=-2.73e+12
dp[11][620]=-2.73e+12
dp[12][620]=-2.73e+12
dp[13][620]=-2.73e+12
dp[14][620]=-2.73e+12
dp[15][620]=-2.73e+12
dp[16][620]=-2.73e+12
Select best dp
Best k=5
dp[2][620]=-1.815e+12
dp[3][620]=-2.145e+12
dp[4][620]=-2.34e+12
dp[5][620]=-2.34e+12
dp[6][620]=-2.34e+12
dp[7][620]=-2.34e+12
dp[8][620]=-2.34e+12
dp[9][620]=-2.34e+12
dp[10][620]=-2.34e+12
dp[11][620]=-2.34e+12
dp[12][620]=-2.34e+12
dp[13][620]=-2.34e+12
dp[14][620]=-2.34e+12
dp[15][620]=-2.34e+12
dp[16][620]=-2.34e+12
dp[17][620]=-2.34e+12
dp[18][620]=-2.34e+12
dp[19][620]=-2.34e+12
dp[20][620]=-2.34e+12
dp[21][620]=-2.34e+12
dp[22][620]=-2.34e+12
dp[23][620]=-2.34e+12
dp[24][620]=-2.215e+12
Select best dp
Best k=4
Stratifying 5-th numerical feature ...
dp[2][620]=-7.26e+12
dp[3][620]=-8.58e+12
dp[4][620]=-9.36e+12
dp[5][620]=-9.36e+12
dp[6][620]=-9.36e+12
dp[7][620]=-9.36e+12
dp[8][620]=-9.36e+12
dp[9][620]=-9.36e+12
dp[10][620]=-9.36e+12
dp[11][620]=-9.36e+12
dp[12][620]=-9.36e+12
dp[13][620]=-9.36e+12
dp[14][620]=-9.36e+12
dp[15][620]=-9.36e+12
dp[16][620]=-9.36e+12
dp[17][620]=-9.36e+12
dp[18][620]=-9.36e+12
dp[19][620]=-9.36e+12
dp[20][620]=-9.36e+12
dp[21][620]=-9.36e+12
dp[22][620]=-9.36e+12
dp[23][620]=-9.36e+12
dp[24][620]=-8.86e+12
Select best dp
Best k=6
Stratifying 5-th numerical feature ...
dp[2][620]=-1.16e+12
dp[3][620]=-1.16e+12
dp[4][620]=-1.5e+12
dp[5][620]=-1.5e+12
dp[6][620]=-1.84e+12
dp[7][620]=-1.84e+12
dp[8][620]=-2.13e+12
dp[9][620]=-2.13e+12
dp[10][620]=-2.39e+12
dp[11][620]=-2.39e+12
dp[12][620]=-2.39e+12
dp[13][620]=-2.39e+12
dp[14][620]=-2.39e+12
dp[15][620]=-2.39e+12
dp[16][620]=-2.39e+12
dp[17][620]=-2.39e+12
dp[18][620]=-2.39e+12
dp[19][620]=-2.39e+12
dp[20][620]=-2.39e+12
dp[21][620]=-2.36e+12
dp[22][620]=-2.32e+12
dp[23][620]=-2.23e+12
dp[24][620]=-2.06e+12
Select best dp
Best k=11
Stratifying 6-th numerical feature ...
dp[2][620]=-3.63e+12
dp[3][620]=-4.29e+12
dp[4][620]=-4.68e+12
dp[5][620]=-4.68e+12
dp[6][620]=-4.68e+12
dp[7][620]=-4.68e+12
dp[8][620]=-4.68e+12
dp[9][620]=-4.68e+12
dp[10][620]=-4.68e+12
dp[11][620]=-4.68e+12
dp[12][620]=-4.68e+12
dp[13][620]=-4.68e+12
dp[14][620]=-4.68e+12
dp[15][620]=-4.68e+12
dp[16][620]=-4.68e+12
dp[17][620]=-4.68e+12
dp[18][620]=-4.68e+12
dp[19][620]=-4.68e+12
dp[20][620]=-4.68e+12
dp[21][620]=-4.68e+12
dp[22][620]=-4.68e+12
dp[23][620]=-4.68e+12
dp[24][620]=-4.43e+12
Select best dp
Best k=4
Stratifying 5-th numerical feature ...
dp[2][620]=-1.16e+12
dp[3][620]=-1.16e+12
dp[4][620]=-1.5e+12
dp[5][620]=-1.5e+12
dp[6][620]=-1.84e+12
dp[7][620]=-1.84e+12
dp[8][620]=-2.13e+12
dp[9][620]=-2.13e+12
dp[10][620]=-2.39e+12
dp[11][620]=-2.39e+12
dp[12][620]=-2.39e+12
dp[13][620]=-2.39e+12
dp[14][620]=-2.39e+12
dp[15][620]=-2.39e+12
dp[16][620]=-2.39e+12
dp[17][620]=-2.39e+12
dp[18][620]=-2.39e+12
dp[19][620]=-2.39e+12
dp[20][620]=-2.39e+12
dp[21][620]=-2.36e+12
dp[22][620]=-2.32e+12
dp[23][620]=-2.23e+12
dp[24][620]=-2.06e+12
Select best dp
Best k=11
Stratifying 6-th numerical feature ...
dp[2][620]=-2.73e+12
dp[3][620]=-2.99e+12
dp[4][620]=-2.99e+12
dp[5][620]=-2.99e+12
dp[6][620]=-2.99e+12
dp[7][620]=-2.99e+12
dp[8][620]=-2.99e+12
dp[9][620]=-2.99e+12
dp[10][620]=-2.99e+12
dp[11][620]=-2.99e+12
dp[12][620]=-2.99e+12
dp[13][620]=-2.99e+12
dp[14][620]=-2.99e+12
dp[15][620]=-2.99e+12
dp[16][620]=-2.99e+12
dp[17][620]=-2.99e+12
dp[18][620]=-2.99e+12
dp[19][620]=-2.99e+12
dp[20][620]=-2.99e+12
dp[21][620]=-2.99e+12
dp[22][620]=-2.99e+12
dp[23][620]=-2.99e+12
dp[24][620]=-2.99e+12
Select best dp
Best k=6
dp[2][620]=-5.8e+11
dp[3][620]=-5.8e+11
dp[4][620]=-7.5e+11
dp[5][620]=-7.5e+11
dp[6][620]=-9.2e+11
dp[7][620]=-9.2e+11
dp[8][620]=-1.065e+12
dp[9][620]=-1.065e+12
dp[10][620]=-1.195e+12
dp[11][620]=-1.195e+12
dp[12][620]=-1.195e+12
dp[13][620]=-1.195e+12
dp[14][620]=-1.195e+12
dp[15][620]=-1.195e+12
dp[16][620]=-1.195e+12
dp[17][620]=-1.195e+12
dp[18][620]=-1.195e+12
dp[19][620]=-1.195e+12
dp[20][620]=-1.195e+12
dp[21][620]=-1.18e+12
dp[22][620]=-1.16e+12
dp[23][620]=-1.115e+12
dp[24][620]=-1.03e+12
Select best dp
Best k=10
Stratifying 6-th numerical feature ...
dp[2][620]=-2.73e+12
dp[3][620]=-2.99e+12
dp[4][620]=-2.99e+12
dp[5][620]=-2.99e+12
dp[6][620]=-2.99e+12
dp[7][620]=-2.99e+12
dp[8][620]=-2.99e+12
dp[9][620]=-2.99e+12
dp[10][620]=-2.99e+12
dp[11][620]=-2.99e+12
dp[12][620]=-2.99e+12
dp[13][620]=-2.99e+12
dp[14][620]=-2.99e+12
dp[15][620]=-2.99e+12
dp[16][620]=-2.99e+12
dp[17][620]=-2.99e+12
dp[18][620]=-2.99e+12
dp[19][620]=-2.99e+12
dp[20][620]=-2.99e+12
dp[21][620]=-2.99e+12
dp[22][620]=-2.99e+12
dp[23][620]=-2.99e+12
dp[24][620]=-2.71e+12
Select best dp
Best k=6
dp[2][620]=-2.73e+12
dp[3][620]=-2.99e+12
dp[4][620]=-2.99e+12
dp[5][620]=-2.99e+12
dp[6][620]=-2.99e+12
dp[7][620]=-2.99e+12
dp[8][620]=-2.99e+12
dp[9][620]=-2.99e+12
dp[10][620]=-2.99e+12
dp[11][620]=-2.99e+12
dp[12][620]=-2.99e+12
dp[13][620]=-2.99e+12
dp[14][620]=-2.99e+12
dp[15][620]=-2.99e+12
dp[16][620]=-2.99e+12
dp[17][620]=-2.99e+12
dp[18][620]=-2.99e+12
dp[19][620]=-2.99e+12
dp[20][620]=-2.99e+12
dp[21][620]=-2.99e+12
dp[22][620]=-2.99e+12
dp[23][620]=-2.99e+12
dp[24][620]=-2.71e+12
Select best dp
Best k=6
dp[2][620]=-2.73e+12
dp[3][620]=-2.99e+12
dp[4][620]=-2.99e+12
dp[5][620]=-2.99e+12
dp[6][620]=-2.99e+12
dp[7][620]=-2.99e+12
dp[8][620]=-2.99e+12
dp[9][620]=-2.99e+12
dp[10][620]=-2.99e+12
dp[11][620]=-2.99e+12
dp[12][620]=-2.99e+12
dp[13][620]=-2.99e+12
dp[14][620]=-2.99e+12
dp[15][620]=-2.99e+12
dp[16][620]=-2.99e+12
dp[17][620]=-2.99e+12
dp[18][620]=-2.99e+12
dp[19][620]=-2.99e+12
dp[20][620]=-2.99e+12
dp[21][620]=-2.99e+12
dp[22][620]=-2.99e+12
dp[23][620]=-2.99e+12
dp[24][620]=-2.99e+12
Select best dp
Best k=6
dp[2][620]=-2.32e+12
dp[3][620]=-2.32e+12
dp[4][620]=-3e+12
dp[5][620]=-3e+12
dp[6][620]=-3.68e+12
dp[7][620]=-3.68e+12
dp[8][620]=-4.26e+12
dp[9][620]=-4.26e+12
dp[10][620]=-4.78e+12
dp[11][620]=-4.78e+12
dp[12][620]=-4.78e+12
dp[13][620]=-4.78e+12
dp[14][620]=-4.78e+12
dp[15][620]=-4.78e+12
dp[16][620]=-4.78e+12
dp[17][620]=-4.78e+12
dp[18][620]=-4.78e+12
dp[19][620]=-4.78e+12
dp[20][620]=-4.78e+12
dp[21][620]=-4.72e+12
dp[22][620]=-4.64e+12
dp[23][620]=-4.46e+12
dp[24][620]=-4.12e+12
Select best dp
Best k=13
Stratifying 6-th numerical feature ...
dp[2][620]=-1.16e+12
dp[3][620]=-1.16e+12
dp[4][620]=-1.5e+12
dp[5][620]=-1.5e+12
dp[6][620]=-1.84e+12
dp[7][620]=-1.84e+12
dp[8][620]=-2.13e+12
dp[9][620]=-2.13e+12
dp[10][620]=-2.39e+12
dp[11][620]=-2.39e+12
dp[12][620]=-2.39e+12
dp[13][620]=-2.39e+12
dp[14][620]=-2.39e+12
dp[15][620]=-2.39e+12
dp[16][620]=-2.39e+12
dp[17][620]=-2.39e+12
dp[18][620]=-2.39e+12
dp[19][620]=-2.39e+12
dp[20][620]=-2.39e+12
dp[21][620]=-2.36e+12
dp[22][620]=-2.32e+12
dp[23][620]=-2.23e+12
dp[24][620]=-2.06e+12
Select best dp
Best k=11
Stratifying 6-th numerical feature ...
dp[2][620]=-1.365e+12
dp[3][620]=-1.495e+12
dp[4][620]=-1.495e+12
dp[5][620]=-1.495e+12
dp[6][620]=-1.495e+12
dp[7][620]=-1.495e+12
dp[8][620]=-1.495e+12
dp[9][620]=-1.495e+12
dp[10][620]=-1.495e+12
dp[11][620]=-1.495e+12
dp[12][620]=-1.495e+12
dp[13][620]=-1.495e+12
dp[14][620]=-1.495e+12
dp[15][620]=-1.495e+12
dp[16][620]=-1.495e+12
dp[17][620]=-1.495e+12
dp[18][620]=-1.495e+12
dp[19][620]=-1.495e+12
dp[20][620]=-1.495e+12
dp[21][620]=-1.495e+12
dp[22][620]=-1.495e+12
dp[23][620]=-1.495e+12
dp[24][620]=-1.355e+12
Select best dp
Best k=5
dp[2][620]=-6.5e+11
dp[3][620]=-9.2e+11
dp[4][620]=-1.13e+12
dp[5][620]=-1.4e+12
dp[6][620]=-1.59e+12
dp[7][620]=-1.71e+12
dp[8][620]=-1.96e+12
dp[9][620]=-2.06e+12
dp[10][620]=-2.24e+12
dp[11][620]=-2.34e+12
dp[12][620]=-2.51e+12
dp[13][620]=-2.61e+12
dp[14][620]=-2.76e+12
dp[15][620]=-2.86e+12
dp[16][620]=-2.92e+12
dp[17][620]=-3.01e+12
dp[18][620]=-3.07e+12
dp[19][620]=-3.16e+12
dp[20][620]=-3.22e+12
dp[21][620]=-3.29e+12
dp[22][620]=-3.35e+12
dp[23][620]=-3.41e+12
dp[24][620]=-3.46e+12
Select best dp
Best k=24
Stratifying 4-th numerical feature ...
dp[2][620]=-5.46e+12
dp[3][620]=-5.98e+12
dp[4][620]=-5.98e+12
dp[5][620]=-5.98e+12
dp[6][620]=-5.98e+12
dp[7][620]=-5.98e+12
dp[8][620]=-5.98e+12
dp[9][620]=-5.98e+12
dp[10][620]=-5.98e+12
dp[11][620]=-5.98e+12
dp[12][620]=-5.98e+12
dp[13][620]=-5.98e+12
dp[14][620]=-5.98e+12
dp[15][620]=-5.98e+12
dp[16][620]=-5.98e+12
dp[17][620]=-5.98e+12
dp[18][620]=-5.98e+12
dp[19][620]=-5.98e+12
dp[20][620]=-5.98e+12
dp[21][620]=-5.98e+12
dp[22][620]=-5.98e+12
dp[23][620]=-5.98e+12
dp[24][620]=-5.42e+12
Select best dp
Best k=9
dp[2][620]=-2.73e+12
dp[3][620]=-2.99e+12
dp[4][620]=-2.99e+12
dp[5][620]=-2.99e+12
dp[6][620]=-2.99e+12
dp[7][620]=-2.99e+12
dp[8][620]=-2.99e+12
dp[9][620]=-2.99e+12
dp[10][620]=-2.99e+12
dp[11][620]=-2.99e+12
dp[12][620]=-2.99e+12
dp[13][620]=-2.99e+12
dp[14][620]=-2.99e+12
dp[15][620]=-2.99e+12
dp[16][620]=-2.99e+12
dp[17][620]=-2.99e+12
dp[18][620]=-2.99e+12
dp[19][620]=-2.99e+12
dp[20][620]=-2.99e+12
dp[21][620]=-2.99e+12
dp[22][620]=-2.99e+12
dp[23][620]=-2.99e+12
dp[24][620]=-2.71e+12
Select best dp
Best k=6
dp[2][620]=-3.63e+12
dp[3][620]=-4.29e+12
dp[4][620]=-4.68e+12
dp[5][620]=-4.91e+12
dp[6][620]=-5.03e+12
dp[7][620]=-5.2e+12
dp[8][620]=-5.41e+12
dp[9][620]=-5.55e+12
dp[10][620]=-5.65e+12
dp[11][620]=-5.71e+12
dp[12][620]=-5.8e+12
dp[13][620]=-5.94e+12
dp[14][620]=-6e+12
dp[15][620]=-6.02e+12
dp[16][620]=-6.04e+12
dp[17][620]=-6.04e+12
dp[18][620]=-6.04e+12
dp[19][620]=-6.04e+12
dp[20][620]=-6.04e+12
dp[21][620]=-6.04e+12
dp[22][620]=-6.04e+12
dp[23][620]=-6.04e+12
dp[24][620]=-6.04e+12
Select best dp
Best k=16
Stratifying 5-th numerical feature ...
dp[2][620]=-95.7306
dp[3][620]=-408.726
dp[4][620]=-534.462
dp[5][620]=-594.609
dp[6][620]=-570.681
dp[7][620]=-523.879
dp[8][620]=-460.707
dp[9][620]=-367.684
dp[10][620]=-269.39
dp[11][620]=-161.426
dp[12][620]=-53.4039
dp[13][620]=58.0917
dp[14][620]=192.593
dp[15][620]=333.063
dp[16][620]=486.942
dp[17][620]=659.559
dp[18][620]=834.255
dp[19][620]=1012.04
dp[20][620]=1190.45
dp[21][620]=1374.28
dp[22][620]=1558.93
dp[23][620]=1785.15
dp[24][620]=2085.27
Select best dp
Best k=5
Stratifying 3-th numerical feature ...
dp[2][620]=-1.16e+12
dp[3][620]=-1.16e+12
dp[4][620]=-1.5e+12
dp[5][620]=-1.5e+12
dp[6][620]=-1.84e+12
dp[7][620]=-1.84e+12
dp[8][620]=-2.13e+12
dp[9][620]=-2.13e+12
dp[10][620]=-2.4e+12
dp[11][620]=-2.4e+12
dp[12][620]=-2.66e+12
dp[13][620]=-2.66e+12
dp[14][620]=-2.86e+12
dp[15][620]=-2.86e+12
dp[16][620]=-3.02e+12
dp[17][620]=-3.02e+12
dp[18][620]=-3.16e+12
dp[19][620]=-3.16e+12
dp[20][620]=-3.29e+12
dp[21][620]=-3.29e+12
dp[22][620]=-3.4e+12
dp[23][620]=-3.4e+12
dp[24][620]=-3.49e+12
Select best dp
Best k=24
Stratifying 6-th numerical feature ...
dp[2][620]=-2.73e+12
dp[3][620]=-2.99e+12
dp[4][620]=-3.08e+12
dp[5][620]=-3.08e+12
dp[6][620]=-3.17e+12
dp[7][620]=-3.22e+12
dp[8][620]=-3.26e+12
dp[9][620]=-3.31e+12
dp[10][620]=-3.34e+12
dp[11][620]=-3.4e+12
dp[12][620]=-3.42e+12
dp[13][620]=-3.48e+12
dp[14][620]=-3.48e+12
dp[15][620]=-3.53e+12
dp[16][620]=-3.53e+12
dp[17][620]=-3.58e+12
dp[18][620]=-3.58e+12
dp[19][620]=-3.63e+12
dp[20][620]=-3.63e+12
dp[21][620]=-3.63e+12
dp[22][620]=-3.63e+12
dp[23][620]=-3.63e+12
dp[24][620]=-3.63e+12
Select best dp
Best k=20
dp[2][620]=-6.5e+11
dp[3][620]=-9.2e+11
dp[4][620]=-9.6e+11
dp[5][620]=-1.23e+12
dp[6][620]=-1.24e+12
dp[7][620]=-1.51e+12
dp[8][620]=-1.51e+12
dp[9][620]=-1.78e+12
dp[10][620]=-1.78e+12
dp[11][620]=-2.03e+12
dp[12][620]=-2.03e+12
dp[13][620]=-2.26e+12
dp[14][620]=-2.26e+12
dp[15][620]=-2.26e+12
dp[16][620]=-2.26e+12
dp[17][620]=-2.26e+12
dp[18][620]=-2.26e+12
dp[19][620]=-2.26e+12
dp[20][620]=-2.26e+12
dp[21][620]=-2.26e+12
dp[22][620]=-2.26e+12
dp[23][620]=-1.99e+12
dp[24][620]=-1.71e+12
Select best dp
Best k=14
Stratifying 4-th numerical feature ...
dp[2][620]=-3.63e+12
dp[3][620]=-4.29e+12
dp[4][620]=-4.68e+12
dp[5][620]=-4.68e+12
dp[6][620]=-4.68e+12
dp[7][620]=-4.68e+12
dp[8][620]=-4.68e+12
dp[9][620]=-4.68e+12
dp[10][620]=-4.68e+12
dp[11][620]=-4.68e+12
dp[12][620]=-4.68e+12
dp[13][620]=-4.68e+12
dp[14][620]=-4.68e+12
dp[15][620]=-4.68e+12
dp[16][620]=-4.68e+12
dp[17][620]=-4.68e+12
dp[18][620]=-4.68e+12
dp[19][620]=-4.68e+12
dp[20][620]=-4.68e+12
dp[21][620]=-4.68e+12
dp[22][620]=-4.68e+12
dp[23][620]=-4.68e+12
dp[24][620]=-4.43e+12
Select best dp
Best k=4
Stratifying 5-th numerical feature ...
dp[2][620]=-1.16e+12
dp[3][620]=-1.16e+12
dp[4][620]=-1.5e+12
dp[5][620]=-1.5e+12
dp[6][620]=-1.84e+12
dp[7][620]=-1.84e+12
dp[8][620]=-2.13e+12
dp[9][620]=-2.13e+12
dp[10][620]=-2.39e+12
dp[11][620]=-2.39e+12
dp[12][620]=-2.39e+12
dp[13][620]=-2.39e+12
dp[14][620]=-2.39e+12
dp[15][620]=-2.39e+12
dp[16][620]=-2.39e+12
dp[17][620]=-2.39e+12
dp[18][620]=-2.39e+12
dp[19][620]=-2.39e+12
dp[20][620]=-2.39e+12
dp[21][620]=-2.36e+12
dp[22][620]=-2.32e+12
dp[23][620]=-2.23e+12
dp[24][620]=-2.06e+12
Select best dp
Best k=11
Stratifying 6-th numerical feature ...
dp[2][620]=-2.73e+12
dp[3][620]=-2.99e+12
dp[4][620]=-2.99e+12
dp[5][620]=-2.99e+12
dp[6][620]=-2.99e+12
dp[7][620]=-2.99e+12
dp[8][620]=-2.99e+12
dp[9][620]=-2.99e+12
dp[10][620]=-2.99e+12
dp[11][620]=-2.99e+12
dp[12][620]=-2.99e+12
dp[13][620]=-2.99e+12
dp[14][620]=-2.99e+12
dp[15][620]=-2.99e+12
dp[16][620]=-2.99e+12
dp[17][620]=-2.99e+12
dp[18][620]=-2.99e+12
dp[19][620]=-2.99e+12
dp[20][620]=-2.99e+12
dp[21][620]=-2.99e+12
dp[22][620]=-2.99e+12
dp[23][620]=-2.99e+12
dp[24][620]=-2.71e+12
Select best dp
Best k=6
