Standardize ...
Stratifying 1-th numerical feature ...
Standardize ...
Stratifying 1-th numerical feature ...
Standardize ...
Stratifying 1-th numerical feature ...
Standardize ...
Stratifying 1-th numerical feature ...
Standardize ...
Stratifying 1-th numerical feature ...
Standardize ...
Stratifying 1-th numerical feature ...
Standardize ...
Stratifying 1-th numerical feature ...
Standardize ...
Stratifying 1-th numerical feature ...
Standardize ...
Stratifying 1-th numerical feature ...
Standardize ...
Stratifying 1-th numerical feature ...
Standardize ...
Stratifying 1-th numerical feature ...
Standardize ...
Stratifying 1-th numerical feature ...
Standardize ...
Stratifying 1-th numerical feature ...
Standardize ...
Stratifying 1-th numerical feature ...
dp[2][395]=-472.343
dp[3][395]=-776.126
dp[4][395]=-941.36
dp[5][395]=-1080.38
dp[6][395]=-1186.08
dp[7][395]=-1249.06
dp[8][395]=-1278.54
dp[9][395]=-1298.06
dp[10][395]=-1306.41
dp[11][395]=-1304.81
dp[12][395]=-1292.62
dp[13][395]=-1255.35
Select best dp
Best k=10
Stratifying 2-th numerical feature ...
dp[2][395]=-472.343
dp[3][395]=-776.126
dp[4][395]=-941.36
dp[5][395]=-1080.38
dp[6][395]=-1186.08
dp[7][395]=-1249.06
dp[8][395]=-1280.03
dp[9][395]=-1299.55
dp[10][395]=-1307.9
dp[11][395]=-1314.75
dp[12][395]=-1314.36
dp[13][395]=-1306.77
dp[14][395]=-1296.14
dp[15][395]=-1272.24
dp[16][395]=-1246.6
dp[17][395]=-1219.1
dp[18][395]=-1179.33
dp[19][395]=-1126.21
Select best dp
Best k=11
dp[2][395]=-472.343
dp[3][395]=-776.126
dp[4][395]=-941.36
dp[5][395]=-1080.38
dp[6][395]=-1186.08
dp[7][395]=-1249.06
dp[8][395]=-1280.03
dp[9][395]=-1299.55
dp[10][395]=-1307.9
dp[11][395]=-1314.75
dp[12][395]=-1314.36
dp[13][395]=-1306.77
dp[14][395]=-1296.14
dp[15][395]=-1272.24
dp[16][395]=-1246.6
dp[17][395]=-1219.1
dp[18][395]=-1179.33
dp[19][395]=-1126.21
Select best dp
Best k=11
Stratifying 2-th numerical feature ...
Stratifying 2-th numerical feature ...
dp[2][395]=-472.343
dp[3][395]=-776.126
dp[4][395]=-941.36
dp[5][395]=-1080.38
dp[6][395]=-1186.08
dp[7][395]=-1249.06
dp[8][395]=-1280.03
dp[9][395]=-1299.55
dp[10][395]=-1307.9
dp[11][395]=-1314.75
dp[12][395]=-1314.36
dp[13][395]=-1306.77
dp[14][395]=-1296.14
dp[15][395]=-1273.88
dp[16][395]=-1249.98
dp[17][395]=-1224.07
dp[18][395]=-1193.78
dp[19][395]=-1163.38
Select best dp
Best k=11
Stratifying 2-th numerical feature ...
dp[2][395]=-472.343
dp[3][395]=-776.126
dp[4][395]=-941.36
dp[5][395]=-1080.38
dp[6][395]=-1186.08
dp[7][395]=-1249.06
dp[8][395]=-1280.03
dp[9][395]=-1299.55
dp[10][395]=-1307.9
dp[11][395]=-1314.75
dp[12][395]=-1314.36
dp[13][395]=-1306.77
dp[14][395]=-1296.14
dp[15][395]=-1272.24
dp[16][395]=-1246.6
dp[17][395]=-1219.1
dp[18][395]=-1179.33
dp[19][395]=-1126.21
Select best dp
Best k=11
Stratifying 2-th numerical feature ...
dp[2][395]=-623.711
dp[3][395]=-992.116
dp[4][395]=-1177.6
dp[5][395]=-1285.41
dp[6][395]=-1375.94
dp[7][395]=-1441.43
dp[8][395]=-1475.12
dp[9][395]=-1495.63
dp[10][395]=-1514.95
dp[11][395]=-1524.31
dp[12][395]=-1511.9
dp[13][395]=-1465.51
Select best dp
Best k=11
Stratifying 3-th numerical feature ...
dp[2][395]=-158.413
dp[3][395]=-271.425
dp[4][395]=-315.163
dp[5][395]=-345.795
dp[6][395]=-359.767
dp[7][395]=-352.377
dp[8][395]=-328.982
dp[9][395]=-299.864
dp[10][395]=-265.156
dp[11][395]=-229.705
dp[12][395]=-190.631
dp[13][395]=-147.954
dp[14][395]=-103.759
dp[15][395]=-52.9315
dp[16][395]=-1.23505
dp[17][395]=51.3957
dp[18][395]=110.162
dp[19][395]=175.6
Select best dp
Best k=6
Stratifying 2-th numerical feature ...
dp[2][395]=-472.343
dp[3][395]=-776.126
dp[4][395]=-941.36
dp[5][395]=-1080.38
dp[6][395]=-1186.08
dp[7][395]=-1249.06
dp[8][395]=-1280.03
dp[9][395]=-1299.55
dp[10][395]=-1307.9
dp[11][395]=-1314.75
dp[12][395]=-1314.36
dp[13][395]=-1306.77
dp[14][395]=-1296.14
dp[15][395]=-1273.88
dp[16][395]=-1249.98
dp[17][395]=-1224.07
dp[18][395]=-1193.78
dp[19][395]=-1163.38
Select best dp
Best k=11
Stratifying 2-th numerical feature ...
dp[2][395]=-623.711
dp[3][395]=-992.116
dp[4][395]=-1177.6
dp[5][395]=-1285.41
dp[6][395]=-1375.94
dp[7][395]=-1441.44
dp[8][395]=-1475.13
dp[9][395]=-1495.64
dp[10][395]=-1515.39
dp[11][395]=-1525.55
dp[12][395]=-1526.01
dp[13][395]=-1515.07
dp[14][395]=-1503.4
dp[15][395]=-1484.02
dp[16][395]=-1460.59
dp[17][395]=-1423.31
dp[18][395]=-1377.23
dp[19][395]=-1317.48
Select best dp
Best k=12
dp[2][395]=-623.711
dp[3][395]=-992.116
dp[4][395]=-1177.6
dp[5][395]=-1285.41
dp[6][395]=-1375.94
dp[7][395]=-1441.44
dp[8][395]=-1475.13
dp[9][395]=-1495.64
dp[10][395]=-1515.39
dp[11][395]=-1525.55
dp[12][395]=-1526.01
dp[13][395]=-1515.07
dp[14][395]=-1503.4
dp[15][395]=-1484.02
dp[16][395]=-1460.59
dp[17][395]=-1423.31
dp[18][395]=-1377.23
dp[19][395]=-1317.48
Select best dp
Best k=12
Stratifying 3-th numerical feature ...
Stratifying 3-th numerical feature ...
dp[2][395]=-472.343
dp[3][395]=-776.126
dp[4][395]=-941.36
dp[5][395]=-1080.38
dp[6][395]=-1186.08
dp[7][395]=-1249.06
dp[8][395]=-1280.03
dp[9][395]=-1299.55
dp[10][395]=-1307.9
dp[11][395]=-1314.75
dp[12][395]=-1314.36
dp[13][395]=-1306.77
dp[14][395]=-1296.14
dp[15][395]=-1272.24
dp[16][395]=-1246.6
dp[17][395]=-1219.1
dp[18][395]=-1179.33
dp[19][395]=-1126.21
Select best dp
Best k=11
dp[2][395]=-472.343
dp[3][395]=-776.126
dp[4][395]=-941.36
dp[5][395]=-1080.38
dp[6][395]=-1186.08
dp[7][395]=-1249.06
dp[8][395]=-1280.03
dp[9][395]=-1299.55
dp[10][395]=-1307.9
dp[11][395]=-1314.75
dp[12][395]=-1314.36
dp[13][395]=-1306.77
dp[14][395]=-1296.14
dp[15][395]=-1272.24
dp[16][395]=-1246.6
dp[17][395]=-1219.1
dp[18][395]=-1179.33
dp[19][395]=-1126.21
Select best dp
Best k=11
Stratifying 2-th numerical feature ...
Stratifying 2-th numerical feature ...
dp[2][395]=155.517
dp[3][395]=233.275
dp[4][395]=311.034
dp[5][395]=388.792
dp[6][395]=466.55
dp[7][395]=544.309
dp[8][395]=622.067
dp[9][395]=699.825
dp[10][395]=777.584
dp[11][395]=855.342
dp[12][395]=933.101
dp[13][395]=1010.86
dp[14][395]=1088.62
dp[15][395]=1166.38
dp[16][395]=1244.13
dp[17][395]=1321.89
dp[18][395]=1399.65
dp[19][395]=1477.41
Select best dp
Best k=2
dp[2][395]=-1100.2
dp[3][395]=-1785.53
dp[4][395]=-2193.75
dp[5][395]=-2549.56
dp[6][395]=-2838.72
dp[7][395]=-3042.43
dp[8][395]=-3182.13
dp[9][395]=-3298.93
dp[10][395]=-3393.38
dp[11][395]=-3484.85
dp[12][395]=-3561.82
dp[13][395]=-3624.39
dp[14][395]=-3680.89
dp[15][395]=-3710.85
dp[16][395]=-3737.34
dp[17][395]=-3760.09
dp[18][395]=-3758.3
dp[19][395]=-3729.83
Select best dp
Best k=17
Stratifying 2-th numerical feature ...
Stratifying 2-th numerical feature ...
dp[2][395]=-472.343
dp[3][395]=-776.126
dp[4][395]=-941.36
dp[5][395]=-1080.38
dp[6][395]=-1186.08
dp[7][395]=-1249.06
dp[8][395]=-1280.03
dp[9][395]=-1299.55
dp[10][395]=-1307.9
dp[11][395]=-1314.75
dp[12][395]=-1314.36
dp[13][395]=-1306.77
dp[14][395]=-1296.14
dp[15][395]=-1272.24
dp[16][395]=-1246.6
dp[17][395]=-1219.1
dp[18][395]=-1179.33
dp[19][395]=-1126.21
Select best dp
Best k=11
Stratifying 2-th numerical feature ...
dp[2][395]=-1482.92
dp[3][395]=-1952.79
dp[4][395]=-2188.14
dp[5][395]=-2336.51
dp[6][395]=-2464.88
dp[7][395]=-2544.33
dp[8][395]=-2621.77
dp[9][395]=-2696.72
dp[10][395]=-2729.1
dp[11][395]=-2730.49
dp[12][395]=-2712.08
dp[13][395]=-2682.15
Select best dp
Best k=11
Stratifying 4-th numerical feature ...
dp[2][395]=-549.48
dp[3][395]=-889.194
dp[4][395]=-1088.28
dp[5][395]=-1243.28
dp[6][395]=-1361.25
dp[7][395]=-1436.15
dp[8][395]=-1485.46
dp[9][395]=-1522.28
dp[10][395]=-1551.92
dp[11][395]=-1571.55
dp[12][395]=-1578.44
dp[13][395]=-1583.5
dp[14][395]=-1578.43
dp[15][395]=-1562.39
dp[16][395]=-1541.22
dp[17][395]=-1517.79
dp[18][395]=-1490.83
dp[19][395]=-1437.72
Select best dp
Best k=13
Stratifying 2-th numerical feature ...
dp[2][395]=-623.711
dp[3][395]=-992.116
dp[4][395]=-1177.6
dp[5][395]=-1285.41
dp[6][395]=-1375.94
dp[7][395]=-1441.44
dp[8][395]=-1475.13
dp[9][395]=-1495.64
dp[10][395]=-1515.39
dp[11][395]=-1525.55
dp[12][395]=-1526.01
dp[13][395]=-1515.07
dp[14][395]=-1503.4
dp[15][395]=-1484.02
dp[16][395]=-1460.59
dp[17][395]=-1423.31
dp[18][395]=-1377.23
dp[19][395]=-1317.48
Select best dp
Best k=12
Stratifying 3-th numerical feature ...
dp[2][395]=-623.711
dp[3][395]=-992.116
dp[4][395]=-1177.6
dp[5][395]=-1285.41
dp[6][395]=-1375.94
dp[7][395]=-1441.44
dp[8][395]=-1475.13
dp[9][395]=-1495.64
dp[10][395]=-1515.39
dp[11][395]=-1525.55
dp[12][395]=-1526.01
dp[13][395]=-1517.29
dp[14][395]=-1505.62
dp[15][395]=-1488.38
dp[16][395]=-1466.73
dp[17][395]=-1442.92
dp[18][395]=-1415.55
dp[19][395]=-1385.11
Select best dp
Best k=12
Stratifying 3-th numerical feature ...
dp[2][395]=-652.763
dp[3][395]=-940.496
dp[4][395]=-1095.74
dp[5][395]=-1207.25
dp[6][395]=-1295.68
dp[7][395]=-1358.52
dp[8][395]=-1401.37
dp[9][395]=-1438.42
dp[10][395]=-1458.07
dp[11][395]=-1469.55
dp[12][395]=-1470.98
dp[13][395]=-1463.17
dp[14][395]=-1452.42
dp[15][395]=-1425.01
dp[16][395]=-1397.45
dp[17][395]=-1365.64
dp[18][395]=-1322.34
dp[19][395]=-1257.82
Select best dp
Best k=12
Stratifying 4-th numerical feature ...
dp[2][395]=-1482.92
dp[3][395]=-1952.79
dp[4][395]=-2188.14
dp[5][395]=-2336.51
dp[6][395]=-2464.88
dp[7][395]=-2562.67
dp[8][395]=-2642.12
dp[9][395]=-2719.56
dp[10][395]=-2751.94
dp[11][395]=-2768.29
dp[12][395]=-2769.81
dp[13][395]=-2769.44
dp[14][395]=-2768.76
dp[15][395]=-2744.12
dp[16][395]=-2719.26
dp[17][395]=-2684.57
dp[18][395]=-2645.14
dp[19][395]=-2566.36
Select best dp
Best k=12
Stratifying 4-th numerical feature ...
dp[2][395]=-472.343
dp[3][395]=-776.126
dp[4][395]=-941.36
dp[5][395]=-1080.38
dp[6][395]=-1186.08
dp[7][395]=-1249.06
dp[8][395]=-1280.03
dp[9][395]=-1299.55
dp[10][395]=-1307.9
dp[11][395]=-1314.75
dp[12][395]=-1314.36
dp[13][395]=-1306.77
dp[14][395]=-1296.14
dp[15][395]=-1273.88
dp[16][395]=-1249.98
dp[17][395]=-1224.07
dp[18][395]=-1193.78
dp[19][395]=-1163.38
Select best dp
Best k=11
Stratifying 2-th numerical feature ...
dp[2][395]=-786.268
dp[3][395]=-1114.75
dp[4][395]=-1313.89
dp[5][395]=-1428.16
dp[6][395]=-1505.5
dp[7][395]=-1566.84
dp[8][395]=-1621.85
dp[9][395]=-1655.95
dp[10][395]=-1665.88
dp[11][395]=-1669.03
dp[12][395]=-1653.2
dp[13][395]=-1618.95
Select best dp
Best k=11
Stratifying 5-th numerical feature ...
dp[2][395]=-623.711
dp[3][395]=-992.116
dp[4][395]=-1177.6
dp[5][395]=-1285.41
dp[6][395]=-1375.94
dp[7][395]=-1441.44
dp[8][395]=-1475.13
dp[9][395]=-1495.64
dp[10][395]=-1515.39
dp[11][395]=-1525.55
dp[12][395]=-1526.01
dp[13][395]=-1517.29
dp[14][395]=-1505.62
dp[15][395]=-1488.38
dp[16][395]=-1466.73
dp[17][395]=-1442.92
dp[18][395]=-1415.55
dp[19][395]=-1385.11
Select best dp
Best k=12
Stratifying 3-th numerical feature ...
dp[2][395]=-1482.92
dp[3][395]=-1952.79
dp[4][395]=-2188.14
dp[5][395]=-2336.51
dp[6][395]=-2464.88
dp[7][395]=-2562.67
dp[8][395]=-2642.12
dp[9][395]=-2719.56
dp[10][395]=-2751.94
dp[11][395]=-2768.29
dp[12][395]=-2769.81
dp[13][395]=-2769.44
dp[14][395]=-2768.76
dp[15][395]=-2744.12
dp[16][395]=-2719.26
dp[17][395]=-2684.57
dp[18][395]=-2645.14
dp[19][395]=-2566.36
Select best dp
Best k=12
Stratifying 4-th numerical feature ...
dp[2][395]=-234.097
dp[3][395]=-379.42
dp[4][395]=-433.281
dp[5][395]=-448.307
dp[6][395]=-454.693
dp[7][395]=-448.564
dp[8][395]=-426.53
dp[9][395]=-397.908
dp[10][395]=-368.902
dp[11][395]=-335.103
dp[12][395]=-296.455
dp[13][395]=-252.104
dp[14][395]=-207.389
dp[15][395]=-158.822
dp[16][395]=-108.229
dp[17][395]=-50.7104
dp[18][395]=11.2091
dp[19][395]=79.9631
Select best dp
Best k=6
Stratifying 3-th numerical feature ...
dp[2][395]=-786.268
dp[3][395]=-1114.75
dp[4][395]=-1313.89
dp[5][395]=-1428.16
dp[6][395]=-1509.3
dp[7][395]=-1570.73
dp[8][395]=-1631.56
dp[9][395]=-1665.67
dp[10][395]=-1680.54
dp[11][395]=-1684.36
dp[12][395]=-1683.53
dp[13][395]=-1680.16
dp[14][395]=-1676.01
dp[15][395]=-1660.56
dp[16][395]=-1639.14
dp[17][395]=-1615.01
dp[18][395]=-1566.91
dp[19][395]=-1501.7
Select best dp
Best k=11
Stratifying 5-th numerical feature ...
dp[2][395]=-786.268
dp[3][395]=-1114.75
dp[4][395]=-1313.89
dp[5][395]=-1428.16
dp[6][395]=-1509.3
dp[7][395]=-1570.73
dp[8][395]=-1631.56
dp[9][395]=-1665.67
dp[10][395]=-1680.54
dp[11][395]=-1684.36
dp[12][395]=-1683.53
dp[13][395]=-1680.16
dp[14][395]=-1676.01
dp[15][395]=-1660.56
dp[16][395]=-1639.14
dp[17][395]=-1615.01
dp[18][395]=-1566.91
dp[19][395]=-1501.7
Select best dp
Best k=11
Stratifying 5-th numerical feature ...
dp[2][395]=-623.711
dp[3][395]=-992.116
dp[4][395]=-1177.6
dp[5][395]=-1285.41
dp[6][395]=-1375.94
dp[7][395]=-1441.44
dp[8][395]=-1475.13
dp[9][395]=-1495.64
dp[10][395]=-1515.39
dp[11][395]=-1525.55
dp[12][395]=-1526.01
dp[13][395]=-1515.07
dp[14][395]=-1503.4
dp[15][395]=-1484.02
dp[16][395]=-1460.59
dp[17][395]=-1423.31
dp[18][395]=-1377.23
dp[19][395]=-1317.48
Select best dp
Best k=12
Stratifying 3-th numerical feature ...
dp[2][395]=-1451.84
dp[3][395]=-1903.4
dp[4][395]=-2170.03
dp[5][395]=-2333.19
dp[6][395]=-2491.69
dp[7][395]=-2599.45
dp[8][395]=-2688.61
dp[9][395]=-2712.79
dp[10][395]=-2726.93
dp[11][395]=-2725.26
dp[12][395]=-2720.36
dp[13][395]=-2706.78
Select best dp
Best k=10
Stratifying 6-th numerical feature ...
dp[2][395]=-1098.31
dp[3][395]=-1504.41
dp[4][395]=-1760.41
dp[5][395]=-1900.44
dp[6][395]=-2021.07
dp[7][395]=-2098.77
dp[8][395]=-2160.17
dp[9][395]=-2201.96
dp[10][395]=-2230.25
dp[11][395]=-2258.49
dp[12][395]=-2266.19
dp[13][395]=-2272.77
dp[14][395]=-2267.98
dp[15][395]=-2261.95
dp[16][395]=-2243.38
dp[17][395]=-2218.47
dp[18][395]=-2167.25
dp[19][395]=-2105.32
Select best dp
Best k=13
Stratifying 3-th numerical feature ...
dp[2][395]=155.517
dp[3][395]=233.275
dp[4][395]=311.034
dp[5][395]=388.792
dp[6][395]=466.55
dp[7][395]=544.309
dp[8][395]=622.067
dp[9][395]=699.825
dp[10][395]=777.584
dp[11][395]=855.342
dp[12][395]=933.101
dp[13][395]=1010.86
dp[14][395]=1088.62
dp[15][395]=1166.38
dp[16][395]=1244.13
dp[17][395]=1321.89
dp[18][395]=1399.65
dp[19][395]=1477.41
Select best dp
Best k=2
Stratifying 3-th numerical feature ...
dp[2][395]=-1402.94
dp[3][395]=-2217.51
dp[4][395]=-2666.23
dp[5][395]=-2959.61
dp[6][395]=-3218.42
dp[7][395]=-3427.18
dp[8][395]=-3572.32
dp[9][395]=-3691.11
dp[10][395]=-3808.36
dp[11][395]=-3906.44
dp[12][395]=-3985.12
dp[13][395]=-4040.99
dp[14][395]=-4095.41
dp[15][395]=-4134.42
dp[16][395]=-4165.32
dp[17][395]=-4168.52
dp[18][395]=-4154.12
dp[19][395]=-4112.38
Select best dp
Best k=17
Stratifying 3-th numerical feature ...
dp[2][395]=-623.711
dp[3][395]=-992.116
dp[4][395]=-1177.6
dp[5][395]=-1285.41
dp[6][395]=-1375.94
dp[7][395]=-1441.44
dp[8][395]=-1475.13
dp[9][395]=-1495.64
dp[10][395]=-1515.39
dp[11][395]=-1525.55
dp[12][395]=-1526.01
dp[13][395]=-1515.07
dp[14][395]=-1503.4
dp[15][395]=-1484.02
dp[16][395]=-1460.59
dp[17][395]=-1423.31
dp[18][395]=-1377.23
dp[19][395]=-1317.48
Select best dp
Best k=12
Stratifying 3-th numerical feature ...
dp[2][395]=-1482.92
dp[3][395]=-1952.79
dp[4][395]=-2188.14
dp[5][395]=-2336.51
dp[6][395]=-2464.88
dp[7][395]=-2562.67
dp[8][395]=-2642.12
dp[9][395]=-2719.56
dp[10][395]=-2751.94
dp[11][395]=-2770.3
dp[12][395]=-2781.67
dp[13][395]=-2783.19
dp[14][395]=-2782.5
dp[15][395]=-2779.34
dp[16][395]=-2768.24
dp[17][395]=-2751.5
dp[18][395]=-2731.19
dp[19][395]=-2709.36
Select best dp
Best k=13
Stratifying 4-th numerical feature ...
dp[2][395]=-786.268
dp[3][395]=-1114.75
dp[4][395]=-1313.89
dp[5][395]=-1428.16
dp[6][395]=-1509.3
dp[7][395]=-1570.73
dp[8][395]=-1631.56
dp[9][395]=-1665.67
dp[10][395]=-1680.54
dp[11][395]=-1684.36
dp[12][395]=-1683.53
dp[13][395]=-1680.16
dp[14][395]=-1676.01
dp[15][395]=-1660.56
dp[16][395]=-1639.14
dp[17][395]=-1615.01
dp[18][395]=-1566.91
dp[19][395]=-1501.7
Select best dp
Best k=11
Stratifying 5-th numerical feature ...
dp[2][395]=-778.961
dp[3][395]=-1163.28
dp[4][395]=-1387.3
dp[5][395]=-1520.47
dp[6][395]=-1602.09
dp[7][395]=-1678.1
dp[8][395]=-1722.12
dp[9][395]=-1759.26
dp[10][395]=-1776.6
dp[11][395]=-1783.91
dp[12][395]=-1768.87
dp[13][395]=-1738.82
Select best dp
Best k=11
dp[2][395]=-1044.41
dp[3][395]=-1317.98
dp[4][395]=-1509.98
dp[5][395]=-1629.96
dp[6][395]=-1721.91
dp[7][395]=-1794.51
dp[8][395]=-1866.49
dp[9][395]=-1879.43
dp[10][395]=-1887.18
dp[11][395]=-1891.07
dp[12][395]=-1879.7
dp[13][395]=-1866.49
dp[14][395]=-1847.98
dp[15][395]=-1828.39
dp[16][395]=-1807.19
dp[17][395]=-1779.38
dp[18][395]=-1748.84
dp[19][395]=-1693.28
Select best dp
Best k=11
Stratifying 6-th numerical feature ...
dp[2][395]=-1451.84
dp[3][395]=-1903.4
dp[4][395]=-2170.03
dp[5][395]=-2333.19
dp[6][395]=-2491.69
dp[7][395]=-2599.45
dp[8][395]=-2691.7
dp[9][395]=-2715.87
dp[10][395]=-2730.05
dp[11][395]=-2739.18
dp[12][395]=-2746
dp[13][395]=-2744.55
dp[14][395]=-2742.15
dp[15][395]=-2738.61
dp[16][395]=-2728.26
dp[17][395]=-2712.01
dp[18][395]=-2672.87
dp[19][395]=-2626.66
Select best dp
Best k=12
Stratifying 6-th numerical feature ...
dp[2][395]=-858.396
dp[3][395]=-1265.52
dp[4][395]=-1500.42
dp[5][395]=-1631.43
dp[6][395]=-1755.91
dp[7][395]=-1832.12
dp[8][395]=-1887.05
dp[9][395]=-1915.85
dp[10][395]=-1943.41
dp[11][395]=-1969.94
dp[12][395]=-1977.69
dp[13][395]=-1974.73
dp[14][395]=-1967.62
dp[15][395]=-1958.95
dp[16][395]=-1937.11
dp[17][395]=-1906.45
dp[18][395]=-1865.45
dp[19][395]=-1812.17
Select best dp
Best k=12
Stratifying 3-th numerical feature ...
dp[2][395]=-1482.92
dp[3][395]=-1952.79
dp[4][395]=-2188.14
dp[5][395]=-2336.51
dp[6][395]=-2464.88
dp[7][395]=-2562.67
dp[8][395]=-2642.12
dp[9][395]=-2719.56
dp[10][395]=-2751.94
dp[11][395]=-2770.3
dp[12][395]=-2781.67
dp[13][395]=-2783.19
dp[14][395]=-2784.03
dp[15][395]=-2783.34
dp[16][395]=-2776.49
dp[17][395]=-2759.75
dp[18][395]=-2741.39
dp[19][395]=-2718.34
Select best dp
Best k=14
Stratifying 4-th numerical feature ...
dp[2][395]=-1451.84
dp[3][395]=-1903.4
dp[4][395]=-2170.03
dp[5][395]=-2333.19
dp[6][395]=-2491.69
dp[7][395]=-2599.45
dp[8][395]=-2691.7
dp[9][395]=-2715.87
dp[10][395]=-2730.05
dp[11][395]=-2739.18
dp[12][395]=-2746
dp[13][395]=-2744.55
dp[14][395]=-2742.15
dp[15][395]=-2738.61
dp[16][395]=-2728.26
dp[17][395]=-2712.01
dp[18][395]=-2672.87
dp[19][395]=-2626.66
Select best dp
Best k=12
Stratifying 6-th numerical feature ...
dp[2][395]=-1054.64
dp[3][395]=-1495.28
dp[4][395]=-1697.18
dp[5][395]=-1829.37
dp[6][395]=-1938.9
dp[7][395]=-2015.23
dp[8][395]=-2086.17
dp[9][395]=-2154.17
dp[10][395]=-2179.34
dp[11][395]=-2197.78
dp[12][395]=-2198.36
dp[13][395]=-2197.78
dp[14][395]=-2196.6
dp[15][395]=-2175.49
dp[16][395]=-2147.98
dp[17][395]=-2112.46
dp[18][395]=-2073.99
dp[19][395]=-2002.37
Select best dp
Best k=12
Stratifying 4-th numerical feature ...
dp[2][395]=-778.961
dp[3][395]=-1163.28
dp[4][395]=-1387.3
dp[5][395]=-1521.12
dp[6][395]=-1604.72
dp[7][395]=-1680.72
dp[8][395]=-1724.74
dp[9][395]=-1764.13
dp[10][395]=-1783.69
dp[11][395]=-1793.04
dp[12][395]=-1792.37
dp[13][395]=-1786.61
dp[14][395]=-1771.48
dp[15][395]=-1754.01
dp[16][395]=-1735.48
dp[17][395]=-1712.57
dp[18][395]=-1663.56
dp[19][395]=-1594.15
Select best dp
Best k=11
dp[2][395]=-623.711
dp[3][395]=-992.116
dp[4][395]=-1177.6
dp[5][395]=-1285.41
dp[6][395]=-1375.94
dp[7][395]=-1441.44
dp[8][395]=-1475.13
dp[9][395]=-1495.64
dp[10][395]=-1515.39
dp[11][395]=-1525.55
dp[12][395]=-1526.01
dp[13][395]=-1517.29
dp[14][395]=-1505.62
dp[15][395]=-1488.38
dp[16][395]=-1466.73
dp[17][395]=-1442.92
dp[18][395]=-1415.55
dp[19][395]=-1385.11
Select best dp
Best k=12
dp[2][395]=-778.961
dp[3][395]=-1163.28
dp[4][395]=-1387.3
dp[5][395]=-1521.12
dp[6][395]=-1604.72
dp[7][395]=-1680.72
dp[8][395]=-1724.74
dp[9][395]=-1764.13
dp[10][395]=-1783.69
dp[11][395]=-1793.04
dp[12][395]=-1792.37
dp[13][395]=-1786.61
dp[14][395]=-1771.48
dp[15][395]=-1754.01
dp[16][395]=-1735.48
dp[17][395]=-1712.57
dp[18][395]=-1663.56
dp[19][395]=-1594.15
Select best dp
Best k=11
Stratifying 3-th numerical feature ...
dp[2][395]=-1482.92
dp[3][395]=-1952.79
dp[4][395]=-2188.14
dp[5][395]=-2336.51
dp[6][395]=-2464.88
dp[7][395]=-2562.67
dp[8][395]=-2642.12
dp[9][395]=-2719.56
dp[10][395]=-2751.94
dp[11][395]=-2768.29
dp[12][395]=-2769.81
dp[13][395]=-2769.44
dp[14][395]=-2768.76
dp[15][395]=-2744.12
dp[16][395]=-2719.26
dp[17][395]=-2684.57
dp[18][395]=-2645.14
dp[19][395]=-2566.36
Select best dp
Best k=12
dp[2][395]=-1078.78
dp[3][395]=-1378.46
dp[4][395]=-1500.69
dp[5][395]=-1551.49
dp[6][395]=-1595.1
dp[7][395]=-1623.88
dp[8][395]=-1646.33
dp[9][395]=-1653.46
dp[10][395]=-1638.98
dp[11][395]=-1610.45
dp[12][395]=-1579.83
dp[13][395]=-1544.45
dp[14][395]=-1507.55
dp[15][395]=-1457.21
dp[16][395]=-1406.52
dp[17][395]=-1349.52
dp[18][395]=-1290.95
dp[19][395]=-1206.95
Select best dp
Best k=9
Stratifying 4-th numerical feature ...
Stratifying 4-th numerical feature ...
dp[2][395]=-674.639
dp[3][395]=-813.218
dp[4][395]=-824.682
dp[5][395]=-787.705
dp[6][395]=-756.434
dp[7][395]=-714.536
dp[8][395]=-666.378
dp[9][395]=-604.355
dp[10][395]=-539.751
dp[11][395]=-474.014
dp[12][395]=-400.857
dp[13][395]=-326.875
dp[14][395]=-252.727
dp[15][395]=-176.931
dp[16][395]=-100.549
dp[17][395]=-22.6353
dp[18][395]=58.4994
dp[19][395]=150.181
Select best dp
Best k=4
dp[2][395]=-2291.2
dp[3][395]=-3122.27
dp[4][395]=-3579.17
dp[5][395]=-3923.45
dp[6][395]=-4222.79
dp[7][395]=-4440.25
dp[8][395]=-4652.9
dp[9][395]=-4853.05
dp[10][395]=-4978.28
dp[11][395]=-5084.38
dp[12][395]=-5165.09
dp[13][395]=-5237.41
dp[14][395]=-5298.32
dp[15][395]=-5325.87
dp[16][395]=-5351.94
dp[17][395]=-5360.68
dp[18][395]=-5356.48
dp[19][395]=-5286.32
Select best dp
Best k=17
dp[2][395]=-652.763
dp[3][395]=-940.496
dp[4][395]=-1095.74
dp[5][395]=-1207.25
dp[6][395]=-1295.68
dp[7][395]=-1358.52
dp[8][395]=-1401.37
dp[9][395]=-1438.42
dp[10][395]=-1458.07
dp[11][395]=-1469.55
dp[12][395]=-1470.98
dp[13][395]=-1463.17
dp[14][395]=-1452.42
dp[15][395]=-1425.01
dp[16][395]=-1397.45
dp[17][395]=-1365.64
dp[18][395]=-1322.34
dp[19][395]=-1257.82
Select best dp
Best k=12
Stratifying 4-th numerical feature ...
Stratifying 4-th numerical feature ...
Stratifying 4-th numerical feature ...
dp[2][395]=-1006.97
dp[3][395]=-1430.69
dp[4][395]=-1624.15
dp[5][395]=-1754.11
dp[6][395]=-1861.74
dp[7][395]=-1938.66
dp[8][395]=-2009.59
dp[9][395]=-2073.76
dp[10][395]=-2098.6
dp[11][395]=-2120.16
dp[12][395]=-2124.35
dp[13][395]=-2123.84
dp[14][395]=-2122.2
dp[15][395]=-2100.04
dp[16][395]=-2072.71
dp[17][395]=-2040.71
dp[18][395]=-2002.79
dp[19][395]=-1932.88
Select best dp
Best k=12
Stratifying 4-th numerical feature ...
dp[2][395]=-786.268
dp[3][395]=-1114.75
dp[4][395]=-1313.89
dp[5][395]=-1428.16
dp[6][395]=-1510.92
dp[7][395]=-1572.8
dp[8][395]=-1633.86
dp[9][395]=-1667.97
dp[10][395]=-1686.18
dp[11][395]=-1690
dp[12][395]=-1689.17
dp[13][395]=-1686.23
dp[14][395]=-1682.85
dp[15][395]=-1667.61
dp[16][395]=-1647.28
dp[17][395]=-1625.03
dp[18][395]=-1598.32
dp[19][395]=-1567.92
Select best dp
Best k=11
dp[2][395]=-778.961
dp[3][395]=-1163.28
dp[4][395]=-1387.3
dp[5][395]=-1521.12
dp[6][395]=-1604.72
dp[7][395]=-1680.72
dp[8][395]=-1724.74
dp[9][395]=-1764.13
dp[10][395]=-1783.69
dp[11][395]=-1793.04
dp[12][395]=-1792.37
dp[13][395]=-1786.61
dp[14][395]=-1771.48
dp[15][395]=-1754.01
Stratifying 5-th numerical feature ...
dp[16][395]=-1735.48
dp[17][395]=-1712.57
dp[18][395]=-1663.56
dp[19][395]=-1594.15
Select best dp
Best k=11
dp[2][395]=-786.268
dp[3][395]=-1114.75
dp[4][395]=-1313.89
dp[5][395]=-1428.16
dp[6][395]=-1509.3
dp[7][395]=-1570.73
dp[8][395]=-1631.56
dp[9][395]=-1665.67
dp[10][395]=-1680.54
dp[11][395]=-1684.36
dp[12][395]=-1683.53
dp[13][395]=-1680.16
dp[14][395]=-1676.01
dp[15][395]=-1660.56
dp[16][395]=-1639.14
dp[17][395]=-1615.01
dp[18][395]=-1566.91
dp[19][395]=-1501.7
Select best dp
Best k=11
Stratifying 5-th numerical feature ...
dp[2][395]=-786.268
dp[3][395]=-1114.75
dp[4][395]=-1313.89
dp[5][395]=-1428.16
dp[6][395]=-1510.92
dp[7][395]=-1572.8
dp[8][395]=-1633.86
dp[9][395]=-1667.97
dp[10][395]=-1686.18
dp[11][395]=-1690
dp[12][395]=-1689.17
dp[13][395]=-1686.23
dp[14][395]=-1682.85
dp[15][395]=-1667.61
dp[16][395]=-1647.28
dp[17][395]=-1625.03
dp[18][395]=-1598.32
dp[19][395]=-1567.92
Select best dp
Best k=11
Stratifying 5-th numerical feature ...
dp[2][395]=-315.375
dp[3][395]=-440.737
dp[4][395]=-501.429
dp[5][395]=-519.683
dp[6][395]=-521.373
dp[7][395]=-513.209
dp[8][395]=-504.748
dp[9][395]=-482.921
dp[10][395]=-451.476
dp[11][395]=-414.508
dp[12][395]=-375.216
dp[13][395]=-334.649
dp[14][395]=-293.697
dp[15][395]=-247.094
dp[16][395]=-197.501
dp[17][395]=-146.558
dp[18][395]=-83.6282
dp[19][395]=-12.1444
Select best dp
Best k=6
Stratifying 5-th numerical feature ...
dp[2][395]=-843.379
dp[3][395]=-1211.22
dp[4][395]=-1425.23
dp[5][395]=-1553.11
dp[6][395]=-1648.26
dp[7][395]=-1716.93
dp[8][395]=-1783.33
dp[9][395]=-1830.8
dp[10][395]=-1857.14
dp[11][395]=-1871.13
dp[12][395]=-1880.84
dp[13][395]=-1884.83
dp[14][395]=-1886.1
dp[15][395]=-1876.38
dp[16][395]=-1855.03
dp[17][395]=-1832.7
dp[18][395]=-1796.82
dp[19][395]=-1732.62
Select best dp
Best k=14
Stratifying 5-th numerical feature ...
dp[2][395]=-1451.84
dp[3][395]=-1903.4
dp[4][395]=-2170.03
dp[5][395]=-2333.19
dp[6][395]=-2491.69
dp[7][395]=-2599.45
dp[8][395]=-2691.7
dp[9][395]=-2718.39
dp[10][395]=-2742.56
dp[11][395]=-2756.74
dp[12][395]=-2765.56
dp[13][395]=-2772.39
dp[14][395]=-2772.38
dp[15][395]=-2778.06
dp[16][395]=-2777.07
dp[17][395]=-2766.14
dp[18][395]=-2742.39
dp[19][395]=-2717.99
Select best dp
Best k=15
Stratifying 6-th numerical feature ...
dp[2][395]=-1166.27
dp[3][395]=-1527.27
dp[4][395]=-1790.54
dp[5][395]=-1939.24
dp[6][395]=-2059.32
dp[7][395]=-2147.64
dp[8][395]=-2230.67
dp[9][395]=-2257.29
dp[10][395]=-2277.92
dp[11][395]=-2297.35
dp[12][395]=-2297.43
dp[13][395]=-2291.09
dp[14][395]=-2280.83
dp[15][395]=-2268.3
dp[16][395]=-2254.43
dp[17][395]=-2234
dp[18][395]=-2201.34
dp[19][395]=-2161.21
Select best dp
Best k=12
Stratifying 6-th numerical feature ...
dp[2][395]=-786.268
dp[3][395]=-1114.75
dp[4][395]=-1313.89
dp[5][395]=-1428.16
dp[6][395]=-1509.3
dp[7][395]=-1570.73
dp[8][395]=-1631.56
dp[9][395]=-1665.67
dp[10][395]=-1680.54
dp[11][395]=-1684.36
dp[12][395]=-1683.53
dp[13][395]=-1680.16
dp[14][395]=-1676.01
dp[15][395]=-1660.56
dp[16][395]=-1639.14
dp[17][395]=-1615.01
dp[18][395]=-1566.91
dp[19][395]=-1501.7
Select best dp
Best k=11
Stratifying 5-th numerical feature ...
dp[2][395]=155.517
dp[3][395]=233.275
dp[4][395]=311.034
dp[5][395]=388.792
dp[6][395]=466.55
dp[7][395]=544.309
dp[8][395]=622.067
dp[9][395]=699.825
dp[10][395]=777.584
dp[11][395]=855.342
dp[12][395]=933.101
dp[13][395]=1010.86
dp[14][395]=1088.62
dp[15][395]=1166.38
dp[16][395]=1244.13
dp[17][395]=1321.89
dp[18][395]=1399.65
dp[19][395]=1477.41
Select best dp
Best k=2
Stratifying 5-th numerical feature ...
dp[2][395]=-786.268
dp[3][395]=-1114.75
dp[4][395]=-1313.89
dp[5][395]=-1428.16
dp[6][395]=-1509.3
dp[7][395]=-1570.73
dp[8][395]=-1631.56
dp[9][395]=-1665.67
dp[10][395]=-1680.54
dp[11][395]=-1684.36
dp[12][395]=-1683.53
dp[13][395]=-1680.16
dp[14][395]=-1676.01
dp[15][395]=-1660.56
dp[16][395]=-1639.14
dp[17][395]=-1615.01
dp[18][395]=-1566.91
dp[19][395]=-1501.7
Select best dp
Best k=11
Stratifying 5-th numerical feature ...
dp[2][395]=-1728.05
dp[3][395]=-2462.77
dp[4][395]=-2938.82
dp[5][395]=-3245.11
dp[6][395]=-3485.14
dp[7][395]=-3685.76
dp[8][395]=-3885.19
dp[9][395]=-4031.16
dp[10][395]=-4138.65
dp[11][395]=-4224.06
dp[12][395]=-4300.16
dp[13][395]=-4371.17
dp[14][395]=-4440.64
dp[15][395]=-4487.5
dp[16][395]=-4522.41
dp[17][395]=-4551.91
dp[18][395]=-4533.47
dp[19][395]=-4480.81
Select best dp
Best k=17
Stratifying 5-th numerical feature ...
dp[2][395]=-870.502
dp[3][395]=-1149.53
dp[4][395]=-1278.14
dp[5][395]=-1348.75
dp[6][395]=-1407.64
dp[7][395]=-1457.95
dp[8][395]=-1466.45
dp[9][395]=-1447.84
dp[10][395]=-1424.24
dp[11][395]=-1395.94
dp[12][395]=-1364.49
dp[13][395]=-1330.75
dp[14][395]=-1295.75
dp[15][395]=-1260.74
dp[16][395]=-1220.24
dp[17][395]=-1175.8
dp[18][395]=-1112.05
dp[19][395]=-1048.17
Select best dp
Best k=8
Stratifying 6-th numerical feature ...
dp[2][395]=-1451.84
dp[3][395]=-1903.4
dp[4][395]=-2170.03
dp[5][395]=-2333.19
dp[6][395]=-2491.69
dp[7][395]=-2599.45
dp[8][395]=-2691.7
dp[9][395]=-2718.39
dp[10][395]=-2742.56
dp[11][395]=-2756.74
dp[12][395]=-2765.56
dp[13][395]=-2772.39
dp[14][395]=-2772.38
dp[15][395]=-2778.06
dp[16][395]=-2777.07
dp[17][395]=-2766.14
dp[18][395]=-2742.39
dp[19][395]=-2717.99
Select best dp
Best k=15
Stratifying 6-th numerical feature ...
dp[2][395]=-1152.7
dp[3][395]=-1496.88
dp[4][395]=-1759.32
dp[5][395]=-1914.96
dp[6][395]=-2030.8
dp[7][395]=-2124.34
dp[8][395]=-2209.95
dp[9][395]=-2236.51
dp[10][395]=-2258.67
dp[11][395]=-2280.66
dp[12][395]=-2282.44
dp[13][395]=-2276
dp[14][395]=-2264.75
dp[15][395]=-2251.7
dp[16][395]=-2238.16
dp[17][395]=-2216.78
dp[18][395]=-2182.89
dp[19][395]=-2141.11
Select best dp
Best k=12
Stratifying 6-th numerical feature ...
dp[2][395]=-1482.92
dp[3][395]=-1952.79
dp[4][395]=-2188.14
dp[5][395]=-2336.51
dp[6][395]=-2464.88
dp[7][395]=-2562.67
dp[8][395]=-2642.12
dp[9][395]=-2719.56
dp[10][395]=-2751.94
dp[11][395]=-2770.3
dp[12][395]=-2771.82
dp[13][395]=-2772.58
dp[14][395]=-2771.89
dp[15][395]=-2765.45
dp[16][395]=-2754.35
dp[17][395]=-2737.61
dp[18][395]=-2714.59
dp[19][395]=-2692.41
Select best dp
Best k=13
dp[2][395]=-778.961
dp[3][395]=-1163.28
dp[4][395]=-1387.3
dp[5][395]=-1521.12
dp[6][395]=-1604.72
dp[7][395]=-1680.72
dp[8][395]=-1724.74
dp[9][395]=-1764.13
dp[10][395]=-1783.69
dp[11][395]=-1793.04
dp[12][395]=-1792.37
dp[13][395]=-1786.61
dp[14][395]=-1771.48
dp[15][395]=-1754.01
dp[16][395]=-1735.48
dp[17][395]=-1712.57
dp[18][395]=-1663.56
dp[19][395]=-1594.15
Select best dp
Best k=11
Stratifying 4-th numerical feature ...
dp[2][395]=-1044.41
dp[3][395]=-1317.98
dp[4][395]=-1509.98
dp[5][395]=-1629.96
dp[6][395]=-1721.91
dp[7][395]=-1794.51
dp[8][395]=-1866.49
dp[9][395]=-1879.43
dp[10][395]=-1887.18
dp[11][395]=-1891.07
dp[12][395]=-1879.7
dp[13][395]=-1866.49
dp[14][395]=-1847.98
dp[15][395]=-1828.39
dp[16][395]=-1807.19
dp[17][395]=-1779.38
dp[18][395]=-1748.84
dp[19][395]=-1693.28
Select best dp
Best k=11
Stratifying 6-th numerical feature ...
dp[2][395]=-311.722
dp[3][395]=-465.003
dp[4][395]=-538.134
dp[5][395]=-566.162
dp[6][395]=-569.083
dp[7][395]=-568.206
dp[8][395]=-551.338
dp[9][395]=-532.152
dp[10][395]=-503.052
dp[11][395]=-468.851
dp[12][395]=-429.635
dp[13][395]=-387.873
dp[14][395]=-341.432
dp[15][395]=-293.815
dp[16][395]=-245.672
dp[17][395]=-195.338
dp[18][395]=-131.954
dp[19][395]=-58.3725
Select best dp
Best k=6
dp[2][395]=-778.961
dp[3][395]=-1163.28
dp[4][395]=-1387.3
dp[5][395]=-1521.12
dp[6][395]=-1604.72
dp[7][395]=-1680.72
dp[8][395]=-1724.74
dp[9][395]=-1764.13
dp[10][395]=-1783.69
dp[11][395]=-1793.29
dp[12][395]=-1801.44
dp[13][395]=-1800.76
dp[14][395]=-1795
dp[15][395]=-1780.37
dp[16][395]=-1765.44
dp[17][395]=-1750.31
dp[18][395]=-1727.16
dp[19][395]=-1695.93
Select best dp
Best k=12
dp[2][395]=-2646.77
dp[3][395]=-3412.28
dp[4][395]=-3978.28
dp[5][395]=-4337.96
dp[6][395]=-4661.77
dp[7][395]=-4917.65
dp[8][395]=-5152.78
dp[9][395]=-5281.89
dp[10][395]=-5376.81
dp[11][395]=-5466.98
dp[12][395]=-5541.05
dp[13][395]=-5602.62
dp[14][395]=-5663.59
dp[15][395]=-5717.36
dp[16][395]=-5765.95
dp[17][395]=-5797.81
dp[18][395]=-5808.14
dp[19][395]=-5789.09
Select best dp
Best k=18
Stratifying 6-th numerical feature ...
dp[2][395]=-1451.84
dp[3][395]=-1903.4
dp[4][395]=-2170.03
dp[5][395]=-2333.19
dp[6][395]=-2491.69
dp[7][395]=-2599.45
dp[8][395]=-2691.7
dp[9][395]=-2715.87
dp[10][395]=-2730.05
dp[11][395]=-2739.18
dp[12][395]=-2746
dp[13][395]=-2744.55
dp[14][395]=-2742.15
dp[15][395]=-2738.61
dp[16][395]=-2728.26
dp[17][395]=-2712.01
dp[18][395]=-2672.87
dp[19][395]=-2626.66
Select best dp
Best k=12
Stratifying 6-th numerical feature ...
dp[2][395]=-855.604
dp[3][395]=-1294.88
dp[4][395]=-1500.87
dp[5][395]=-1657.42
dp[6][395]=-1750.23
dp[7][395]=-1835.47
dp[8][395]=-1884.6
dp[9][395]=-1930.24
dp[10][395]=-1954.61
dp[11][395]=-1973.79
dp[12][395]=-1977.92
dp[13][395]=-1979.83
dp[14][395]=-1975.39
dp[15][395]=-1962.74
dp[16][395]=-1948.65
dp[17][395]=-1931.16
dp[18][395]=-1890.11
dp[19][395]=-1823.29
Select best dp
Best k=13
dp[2][395]=-778.961
dp[3][395]=-1163.28
dp[4][395]=-1387.3
dp[5][395]=-1521.12
dp[6][395]=-1604.72
dp[7][395]=-1680.72
dp[8][395]=-1724.74
dp[9][395]=-1764.13
dp[10][395]=-1783.69
dp[11][395]=-1797.85
dp[12][395]=-1807.45
dp[13][395]=-1806.78
dp[14][395]=-1801.02
dp[15][395]=-1786.38
dp[16][395]=-1771.46
dp[17][395]=-1756.33
dp[18][395]=-1733.18
dp[19][395]=-1701.95
Select best dp
Best k=12
dp[2][395]=-778.961
dp[3][395]=-1163.28
dp[4][395]=-1387.3
dp[5][395]=-1521.12
dp[6][395]=-1604.72
dp[7][395]=-1680.72
dp[8][395]=-1724.74
dp[9][395]=-1764.13
dp[10][395]=-1783.69
dp[11][395]=-1793.04
dp[12][395]=-1792.37
dp[13][395]=-1786.61
dp[14][395]=-1771.48
dp[15][395]=-1754.01
dp[16][395]=-1735.48
dp[17][395]=-1712.57
dp[18][395]=-1663.56
dp[19][395]=-1594.15
Select best dp
Best k=11
dp[2][395]=-374.762
dp[3][395]=-426.846
dp[4][395]=-431.787
dp[5][395]=-403.34
dp[6][395]=-361.803
dp[7][395]=-320.433
dp[8][395]=-267.619
dp[9][395]=-210.666
dp[10][395]=-146.346
dp[11][395]=-79.8893
dp[12][395]=-9.86509
dp[13][395]=61.605
dp[14][395]=133.137
dp[15][395]=205.434
dp[16][395]=278.333
dp[17][395]=353.411
dp[18][395]=439.119
dp[19][395]=527.93
Select best dp
Best k=4
Stratifying 6-th numerical feature ...
dp[2][395]=-1713.44
dp[3][395]=-2559.84
dp[4][395]=-3085.64
dp[5][395]=-3431.02
dp[6][395]=-3675.98
dp[7][395]=-3905.75
dp[8][395]=-4071.55
dp[9][395]=-4228.08
dp[10][395]=-4344.96
dp[11][395]=-4441.43
dp[12][395]=-4517.84
dp[13][395]=-4584.07
dp[14][395]=-4631.58
dp[15][395]=-4674.39
dp[16][395]=-4715.09
dp[17][395]=-4747.03
dp[18][395]=-4726.77
dp[19][395]=-4665.72
Select best dp
Best k=17
dp[2][395]=-778.961
dp[3][395]=-1163.28
dp[4][395]=-1387.3
dp[5][395]=-1521.12
dp[6][395]=-1604.72
dp[7][395]=-1680.72
dp[8][395]=-1724.74
dp[9][395]=-1764.13
dp[10][395]=-1783.69
dp[11][395]=-1793.04
dp[12][395]=-1792.37
dp[13][395]=-1786.61
dp[14][395]=-1771.48
dp[15][395]=-1754.01
dp[16][395]=-1735.48
dp[17][395]=-1712.57
dp[18][395]=-1663.56
dp[19][395]=-1594.15
Select best dp
Best k=11
dp[2][395]=-786.268
dp[3][395]=-1114.75
dp[4][395]=-1313.89
dp[5][395]=-1428.16
dp[6][395]=-1510.92
dp[7][395]=-1572.8
dp[8][395]=-1633.86
dp[9][395]=-1667.97
dp[10][395]=-1686.18
dp[11][395]=-1690
dp[12][395]=-1689.17
dp[13][395]=-1686.23
dp[14][395]=-1682.85
dp[15][395]=-1667.61
dp[16][395]=-1647.28
dp[17][395]=-1625.03
dp[18][395]=-1597.83
dp[19][395]=-1567.43
Select best dp
Best k=11
Stratifying 5-th numerical feature ...
dp[2][395]=155.517
dp[3][395]=233.275
dp[4][395]=311.034
dp[5][395]=388.792
dp[6][395]=466.55
dp[7][395]=544.309
dp[8][395]=622.067
dp[9][395]=699.825
dp[10][395]=777.584
dp[11][395]=855.342
dp[12][395]=933.101
dp[13][395]=1010.86
dp[14][395]=1088.62
dp[15][395]=1166.38
dp[16][395]=1244.13
dp[17][395]=1321.89
dp[18][395]=1399.65
dp[19][395]=1477.41
Select best dp
Best k=2
dp[2][395]=-1451.84
dp[3][395]=-1903.4
dp[4][395]=-2170.03
dp[5][395]=-2333.19
dp[6][395]=-2491.69
dp[7][395]=-2599.45
dp[8][395]=-2691.7
dp[9][395]=-2718.39
dp[10][395]=-2742.56
dp[11][395]=-2756.74
dp[12][395]=-2765.56
dp[13][395]=-2772.39
dp[14][395]=-2772.38
dp[15][395]=-2778.06
dp[16][395]=-2777.07
dp[17][395]=-2766.14
dp[18][395]=-2742.39
dp[19][395]=-2717.99
Select best dp
Best k=15
Stratifying 6-th numerical feature ...
dp[2][395]=-778.961
dp[3][395]=-1163.28
dp[4][395]=-1387.3
dp[5][395]=-1521.12
dp[6][395]=-1604.72
dp[7][395]=-1680.72
dp[8][395]=-1724.74
dp[9][395]=-1764.13
dp[10][395]=-1783.69
dp[11][395]=-1793.29
dp[12][395]=-1800.07
dp[13][395]=-1799.4
dp[14][395]=-1793.64
dp[15][395]=-1779
dp[16][395]=-1764.07
dp[17][395]=-1748.95
dp[18][395]=-1725.8
dp[19][395]=-1694.57
Select best dp
Best k=12
