Standardize ...
Stratifying 1-th numerical feature ...
Standardize ...
Stratifying 1-th numerical feature ...
Standardize ...
Stratifying 1-th numerical feature ...
Standardize ...
Stratifying 1-th numerical feature ...
Standardize ...
Stratifying 1-th numerical feature ...
Standardize ...
Stratifying 1-th numerical feature ...
Standardize ...
Stratifying 1-th numerical feature ...
Standardize ...
Stratifying 1-th numerical feature ...
Standardize ...
Stratifying 1-th numerical feature ...
Standardize ...
Stratifying 1-th numerical feature ...
Standardize ...
Stratifying 1-th numerical feature ...
Standardize ...
Stratifying 1-th numerical feature ...
Standardize ...
Stratifying 1-th numerical feature ...
Standardize ...
Stratifying 1-th numerical feature ...
dp[2][1325]=-1448.54
dp[3][1325]=-6.9e+11
dp[4][1325]=-1.34e+12
dp[5][1325]=-1.9e+12
dp[6][1325]=-1.93e+12
dp[7][1325]=-2.5e+12
dp[8][1325]=-3.06e+12
dp[9][1325]=-3.6e+12
dp[10][1325]=-3.62e+12
dp[11][1325]=-4.16e+12
dp[12][1325]=-4.7e+12
dp[13][1325]=-4.7e+12
dp[14][1325]=-4.7e+12
dp[15][1325]=-4.7e+12
dp[16][1325]=-4.7e+12
dp[17][1325]=-4.7e+12
dp[18][1325]=-4.7e+12
dp[19][1325]=-4.7e+12
dp[20][1325]=-4.7e+12
dp[21][1325]=-4.7e+12
dp[22][1325]=-4.7e+12
dp[23][1325]=-3.6e+12
dp[24][1325]=-2.28e+12
Select best dp
Best k=19
Stratifying 2-th numerical feature ...
dp[2][1325]=-1448.54
dp[3][1325]=-6.9e+11
dp[4][1325]=-1.34e+12
dp[5][1325]=-1.9e+12
dp[6][1325]=-2.42e+12
dp[7][1325]=-2.99e+12
dp[8][1325]=-3.58e+12
dp[9][1325]=-4.14e+12
dp[10][1325]=-4.54e+12
dp[11][1325]=-5.1e+12
dp[12][1325]=-5.61e+12
dp[13][1325]=-6.08e+12
dp[14][1325]=-6.62e+12
dp[15][1325]=-7.18e+12
dp[16][1325]=-7.65e+12
dp[17][1325]=-8.11e+12
dp[18][1325]=-8.58e+12
dp[19][1325]=-9e+12
dp[20][1325]=-9.39e+12
dp[21][1325]=-9.39e+12
dp[22][1325]=-9.76e+12
dp[23][1325]=-1.011e+13
dp[24][1325]=-1.013e+13
dp[25][1325]=-1.013e+13
dp[26][1325]=-1.013e+13
dp[27][1325]=-1.013e+13
dp[28][1325]=-9.77e+12
dp[29][1325]=-9.41e+12
dp[30][1325]=-9.05e+12
dp[31][1325]=-8.69e+12
dp[32][1325]=-8.33e+12
dp[33][1325]=-7.94e+12
dp[34][1325]=-7.43e+12
dp[35][1325]=-6.71e+12
dp[36][1325]=-5.27e+12
Select best dp
Best k=25
Stratifying 2-th numerical feature ...
dp[2][1325]=-1448.54
dp[3][1325]=-6.9e+11
dp[4][1325]=-1.34e+12
dp[5][1325]=-1.9e+12
dp[6][1325]=-2.42e+12
dp[7][1325]=-2.99e+12
dp[8][1325]=-3.58e+12
dp[9][1325]=-4.14e+12
dp[10][1325]=-4.54e+12
dp[11][1325]=-5.1e+12
dp[12][1325]=-5.61e+12
dp[13][1325]=-6.08e+12
dp[14][1325]=-6.62e+12
dp[15][1325]=-7.18e+12
dp[16][1325]=-7.65e+12
dp[17][1325]=-8.11e+12
dp[18][1325]=-8.58e+12
dp[19][1325]=-9e+12
dp[20][1325]=-9.39e+12
dp[21][1325]=-9.39e+12
dp[22][1325]=-9.76e+12
dp[23][1325]=-1.011e+13
dp[24][1325]=-1.013e+13
dp[25][1325]=-1.013e+13
dp[26][1325]=-1.013e+13
dp[27][1325]=-1.013e+13
dp[28][1325]=-9.77e+12
dp[29][1325]=-9.41e+12
dp[30][1325]=-9.05e+12
dp[31][1325]=-8.69e+12
dp[32][1325]=-8.33e+12
dp[33][1325]=-7.94e+12
dp[34][1325]=-7.43e+12
dp[35][1325]=-6.71e+12
dp[36][1325]=-5.27e+12
Select best dp
Best k=25
Stratifying 2-th numerical feature ...
dp[2][1325]=-8.8e+11
dp[3][1325]=-3.33e+12
dp[4][1325]=-5.88e+12
dp[5][1325]=-8.18e+12
dp[6][1325]=-9.95e+12
dp[7][1325]=-1.113e+13
dp[8][1325]=-1.2e+13
dp[9][1325]=-1.2e+13
dp[10][1325]=-1.2e+13
dp[11][1325]=-1.2e+13
dp[12][1325]=-1.2e+13
dp[13][1325]=-1.2e+13
dp[14][1325]=-1.2e+13
dp[15][1325]=-1.2e+13
dp[16][1325]=-1.2e+13
dp[17][1325]=-1.2e+13
dp[18][1325]=-1.2e+13
dp[19][1325]=-1.2e+13
dp[20][1325]=-1.2e+13
dp[21][1325]=-1.2e+13
dp[22][1325]=-1.146e+13
dp[23][1325]=-1.056e+13
dp[24][1325]=-9.48e+12
Select best dp
Best k=9
dp[2][1325]=-1448.54
dp[3][1325]=-6.9e+11
dp[4][1325]=-1.34e+12
dp[5][1325]=-1.9e+12
dp[6][1325]=-2.42e+12
dp[7][1325]=-2.99e+12
dp[8][1325]=-3.58e+12
dp[9][1325]=-4.14e+12
dp[10][1325]=-4.54e+12
dp[11][1325]=-5.1e+12
dp[12][1325]=-5.61e+12
dp[13][1325]=-6.08e+12
dp[14][1325]=-6.62e+12
dp[15][1325]=-7.18e+12
dp[16][1325]=-7.65e+12
dp[17][1325]=-8.11e+12
dp[18][1325]=-8.58e+12
dp[19][1325]=-9e+12
dp[20][1325]=-9.39e+12
dp[21][1325]=-9.39e+12
dp[22][1325]=-9.76e+12
dp[23][1325]=-1.011e+13
dp[24][1325]=-1.013e+13
dp[25][1325]=-1.013e+13
dp[26][1325]=-1.013e+13
dp[27][1325]=-1.013e+13
dp[28][1325]=-9.77e+12
dp[29][1325]=-9.41e+12
dp[30][1325]=-9.05e+12
dp[31][1325]=-8.69e+12
dp[32][1325]=-8.33e+12
dp[33][1325]=-7.94e+12
dp[34][1325]=-7.43e+12
dp[35][1325]=-6.71e+12
dp[36][1325]=-5.27e+12
Select best dp
Best k=25
Stratifying 2-th numerical feature ...
dp[2][1325]=-1.9e+11
dp[3][1325]=-6.9e+11
dp[4][1325]=-1.34e+12
dp[5][1325]=-1.9e+12
dp[6][1325]=-2.42e+12
dp[7][1325]=-2.99e+12
dp[8][1325]=-3.58e+12
dp[9][1325]=-4.14e+12
dp[10][1325]=-4.54e+12
dp[11][1325]=-5.1e+12
dp[12][1325]=-5.61e+12
dp[13][1325]=-6.08e+12
dp[14][1325]=-6.62e+12
dp[15][1325]=-7.18e+12
dp[16][1325]=-7.65e+12
dp[17][1325]=-8.11e+12
dp[18][1325]=-8.58e+12
dp[19][1325]=-9e+12
dp[20][1325]=-9.39e+12
dp[21][1325]=-9.71e+12
dp[22][1325]=-9.98e+12
dp[23][1325]=-1.029e+13
dp[24][1325]=-1.066e+13
dp[25][1325]=-1.097e+13
dp[26][1325]=-1.133e+13
dp[27][1325]=-1.169e+13
dp[28][1325]=-1.194e+13
dp[29][1325]=-1.227e+13
dp[30][1325]=-1.269e+13
dp[31][1325]=-1.294e+13
dp[32][1325]=-1.294e+13
dp[33][1325]=-1.294e+13
dp[34][1325]=-1.294e+13
dp[35][1325]=-1.294e+13
dp[36][1325]=-1.294e+13
Select best dp
Best k=31
Stratifying 2-th numerical feature ...
dp[2][1325]=-1448.54
dp[3][1325]=-6.9e+11
dp[4][1325]=-1.34e+12
dp[5][1325]=-1.9e+12
dp[6][1325]=-2.42e+12
dp[7][1325]=-2.99e+12
dp[8][1325]=-3.58e+12
dp[9][1325]=-4.14e+12
dp[10][1325]=-4.54e+12
dp[11][1325]=-5.1e+12
dp[12][1325]=-5.61e+12
dp[13][1325]=-6.08e+12
dp[14][1325]=-6.62e+12
dp[15][1325]=-7.18e+12
dp[16][1325]=-7.65e+12
dp[17][1325]=-8.11e+12
dp[18][1325]=-8.58e+12
dp[19][1325]=-9e+12
dp[20][1325]=-9.39e+12
dp[21][1325]=-9.39e+12
dp[22][1325]=-9.76e+12
dp[23][1325]=-1.011e+13
dp[24][1325]=-1.013e+13
dp[25][1325]=-1.013e+13
dp[26][1325]=-1.013e+13
dp[27][1325]=-1.013e+13
dp[28][1325]=-9.77e+12
dp[29][1325]=-9.41e+12
dp[30][1325]=-9.05e+12
dp[31][1325]=-8.69e+12
dp[32][1325]=-8.33e+12
dp[33][1325]=-7.94e+12
dp[34][1325]=-7.43e+12
dp[35][1325]=-6.71e+12
dp[36][1325]=-5.27e+12
Select best dp
Best k=25
Stratifying 2-th numerical feature ...
dp[2][1325]=-587.663
dp[3][1325]=-3.45e+11
dp[4][1325]=-6.7e+11
dp[5][1325]=-9.5e+11
dp[6][1325]=-1.21e+12
dp[7][1325]=-1.495e+12
dp[8][1325]=-1.79e+12
dp[9][1325]=-2.07e+12
dp[10][1325]=-2.27e+12
dp[11][1325]=-2.55e+12
dp[12][1325]=-2.805e+12
dp[13][1325]=-3.04e+12
dp[14][1325]=-3.31e+12
dp[15][1325]=-3.59e+12
dp[16][1325]=-3.825e+12
dp[17][1325]=-4.055e+12
dp[18][1325]=-4.29e+12
dp[19][1325]=-4.5e+12
dp[20][1325]=-4.695e+12
dp[21][1325]=-4.695e+12
dp[22][1325]=-4.88e+12
dp[23][1325]=-5.055e+12
dp[24][1325]=-5.065e+12
dp[25][1325]=-5.065e+12
dp[26][1325]=-5.065e+12
dp[27][1325]=-5.065e+12
dp[28][1325]=-4.885e+12
dp[29][1325]=-4.705e+12
dp[30][1325]=-4.525e+12
dp[31][1325]=-4.345e+12
dp[32][1325]=-4.165e+12
dp[33][1325]=-3.97e+12
dp[34][1325]=-3.715e+12
dp[35][1325]=-3.355e+12
dp[36][1325]=-2.635e+12
Select best dp
Best k=24
dp[2][1325]=-1448.54
dp[3][1325]=-6.9e+11
dp[4][1325]=-1.34e+12
dp[5][1325]=-1.9e+12
dp[6][1325]=-2.42e+12
dp[7][1325]=-2.99e+12
dp[8][1325]=-3.58e+12
dp[9][1325]=-4.14e+12
dp[10][1325]=-4.54e+12
dp[11][1325]=-5.1e+12
dp[12][1325]=-5.61e+12
dp[13][1325]=-6.08e+12
dp[14][1325]=-6.62e+12
dp[15][1325]=-7.18e+12
dp[16][1325]=-7.65e+12
dp[17][1325]=-8.11e+12
dp[18][1325]=-8.58e+12
dp[19][1325]=-9e+12
dp[20][1325]=-9.39e+12
dp[21][1325]=-9.39e+12
dp[22][1325]=-9.76e+12
dp[23][1325]=-1.011e+13
dp[24][1325]=-1.013e+13
dp[25][1325]=-1.013e+13
dp[26][1325]=-1.013e+13
dp[27][1325]=-1.013e+13
dp[28][1325]=-9.77e+12
dp[29][1325]=-9.41e+12
dp[30][1325]=-9.05e+12
dp[31][1325]=-8.69e+12
dp[32][1325]=-8.33e+12
dp[33][1325]=-7.94e+12
dp[34][1325]=-7.43e+12
dp[35][1325]=-6.71e+12
dp[36][1325]=-5.27e+12
Select best dp
Best k=25
Stratifying 2-th numerical feature ...
dp[2][1325]=-3170.3
dp[3][1325]=-1.38e+12
dp[4][1325]=-2.68e+12
dp[5][1325]=-3.8e+12
dp[6][1325]=-4.84e+12
dp[7][1325]=-5.98e+12
dp[8][1325]=-7.16e+12
dp[9][1325]=-8.28e+12
dp[10][1325]=-9.08e+12
dp[11][1325]=-1.02e+13
dp[12][1325]=-1.122e+13
dp[13][1325]=-1.216e+13
dp[14][1325]=-1.324e+13
dp[15][1325]=-1.436e+13
dp[16][1325]=-1.53e+13
dp[17][1325]=-1.622e+13
dp[18][1325]=-1.716e+13
dp[19][1325]=-1.8e+13
dp[20][1325]=-1.878e+13
dp[21][1325]=-1.878e+13
dp[22][1325]=-1.952e+13
dp[23][1325]=-2.022e+13
dp[24][1325]=-2.026e+13
dp[25][1325]=-2.026e+13
dp[26][1325]=-2.026e+13
dp[27][1325]=-2.026e+13
dp[28][1325]=-1.954e+13
dp[29][1325]=-1.882e+13
dp[30][1325]=-1.81e+13
dp[31][1325]=-1.738e+13
dp[32][1325]=-1.666e+13
dp[33][1325]=-1.588e+13
dp[34][1325]=-1.486e+13
dp[35][1325]=-1.342e+13
dp[36][1325]=-1.054e+13
Select best dp
Best k=26
dp[2][1325]=273.217
dp[3][1325]=409.826
dp[4][1325]=546.434
dp[5][1325]=683.043
dp[6][1325]=819.651
dp[7][1325]=956.26
dp[8][1325]=1092.87
dp[9][1325]=1229.48
dp[10][1325]=1366.09
dp[11][1325]=1502.69
dp[12][1325]=1639.3
dp[13][1325]=1775.91
dp[14][1325]=1912.52
dp[15][1325]=2049.13
dp[16][1325]=2185.74
dp[17][1325]=2322.34
dp[18][1325]=2458.95
dp[19][1325]=2595.56
dp[20][1325]=2732.17
dp[21][1325]=2868.78
dp[22][1325]=3005.39
dp[23][1325]=3142
dp[24][1325]=3278.6
dp[25][1325]=3415.21
dp[26][1325]=3551.82
dp[27][1325]=3688.43
dp[28][1325]=3825.04
dp[29][1325]=3961.65
dp[30][1325]=4098.26
dp[31][1325]=4234.86
dp[32][1325]=4371.47
dp[33][1325]=4508.08
dp[34][1325]=4644.69
dp[35][1325]=4781.3
dp[36][1325]=4917.91
Select best dp
Best k=2
Stratifying 2-th numerical feature ...
Stratifying 2-th numerical feature ...
Stratifying 2-th numerical feature ...
dp[2][1325]=-1448.54
dp[3][1325]=-6.9e+11
dp[4][1325]=-1.34e+12
dp[5][1325]=-1.9e+12
dp[6][1325]=-2.42e+12
dp[7][1325]=-2.99e+12
dp[8][1325]=-3.58e+12
dp[9][1325]=-4.14e+12
dp[10][1325]=-4.54e+12
dp[11][1325]=-5.1e+12
dp[12][1325]=-5.61e+12
dp[13][1325]=-6.08e+12
dp[14][1325]=-6.62e+12
dp[15][1325]=-7.18e+12
dp[16][1325]=-7.65e+12
dp[17][1325]=-8.11e+12
dp[18][1325]=-8.58e+12
dp[19][1325]=-9e+12
dp[20][1325]=-9.39e+12
dp[21][1325]=-9.39e+12
dp[22][1325]=-9.76e+12
dp[23][1325]=-1.011e+13
dp[24][1325]=-1.013e+13
dp[25][1325]=-1.013e+13
dp[26][1325]=-1.013e+13
dp[27][1325]=-1.013e+13
dp[28][1325]=-9.77e+12
dp[29][1325]=-9.41e+12
dp[30][1325]=-9.05e+12
dp[31][1325]=-8.69e+12
dp[32][1325]=-8.33e+12
dp[33][1325]=-7.94e+12
dp[34][1325]=-7.43e+12
dp[35][1325]=-6.71e+12
dp[36][1325]=-5.27e+12
Select best dp
Best k=25
Stratifying 2-th numerical feature ...
dp[2][1325]=-8.8e+11
dp[3][1325]=-3.33e+12
dp[4][1325]=-5.88e+12
dp[5][1325]=-8.18e+12
dp[6][1325]=-9.95e+12
dp[7][1325]=-1.113e+13
dp[8][1325]=-1.2e+13
dp[9][1325]=-1.242e+13
dp[10][1325]=-1.285e+13
dp[11][1325]=-1.285e+13
dp[12][1325]=-1.285e+13
dp[13][1325]=-1.285e+13
dp[14][1325]=-1.285e+13
dp[15][1325]=-1.285e+13
dp[16][1325]=-1.285e+13
dp[17][1325]=-1.285e+13
dp[18][1325]=-1.285e+13
dp[19][1325]=-1.285e+13
dp[20][1325]=-1.285e+13
dp[21][1325]=-1.285e+13
dp[22][1325]=-1.285e+13
dp[23][1325]=-1.285e+13
dp[24][1325]=-1.285e+13
dp[25][1325]=-1.285e+13
dp[26][1325]=-1.285e+13
dp[27][1325]=-1.285e+13
dp[28][1325]=-1.285e+13
dp[29][1325]=-1.285e+13
dp[30][1325]=-1.285e+13
dp[31][1325]=-1.285e+13
dp[32][1325]=-1.285e+13
dp[33][1325]=-1.285e+13
dp[34][1325]=-1.249e+13
dp[35][1325]=-1.213e+13
dp[36][1325]=-1.141e+13
Select best dp
Best k=10
dp[2][1325]=-8.8e+11
dp[3][1325]=-3.33e+12
dp[4][1325]=-5.88e+12
dp[5][1325]=-8.18e+12
dp[6][1325]=-9.95e+12
dp[7][1325]=-1.113e+13
dp[8][1325]=-1.2e+13
dp[9][1325]=-1.242e+13
dp[10][1325]=-1.285e+13
dp[11][1325]=-1.285e+13
dp[12][1325]=-1.285e+13
dp[13][1325]=-1.285e+13
dp[14][1325]=-1.285e+13
dp[15][1325]=-1.285e+13
dp[16][1325]=-1.285e+13
dp[17][1325]=-1.285e+13
dp[18][1325]=-1.285e+13
dp[19][1325]=-1.285e+13
dp[20][1325]=-1.285e+13
dp[21][1325]=-1.285e+13
dp[22][1325]=-1.285e+13
dp[23][1325]=-1.285e+13
dp[24][1325]=-1.285e+13
dp[25][1325]=-1.285e+13
dp[26][1325]=-1.285e+13
dp[27][1325]=-1.285e+13
dp[28][1325]=-1.285e+13
dp[29][1325]=-1.285e+13
dp[30][1325]=-1.285e+13
dp[31][1325]=-1.285e+13
dp[32][1325]=-1.285e+13
dp[33][1325]=-1.285e+13
dp[34][1325]=-1.249e+13
dp[35][1325]=-1.213e+13
dp[36][1325]=-1.141e+13
Select best dp
Best k=10
dp[2][1325]=-1.9e+11
dp[3][1325]=-6.9e+11
dp[4][1325]=-1.34e+12
dp[5][1325]=-1.9e+12
dp[6][1325]=-2.42e+12
dp[7][1325]=-2.99e+12
dp[8][1325]=-3.58e+12
dp[9][1325]=-4.14e+12
dp[10][1325]=-4.54e+12
dp[11][1325]=-5.1e+12
dp[12][1325]=-5.61e+12
dp[13][1325]=-6.08e+12
dp[14][1325]=-6.62e+12
dp[15][1325]=-7.18e+12
dp[16][1325]=-7.65e+12
dp[17][1325]=-8.11e+12
dp[18][1325]=-8.58e+12
dp[19][1325]=-9e+12
dp[20][1325]=-9.39e+12
dp[21][1325]=-9.71e+12
dp[22][1325]=-9.98e+12
dp[23][1325]=-1.029e+13
dp[24][1325]=-1.066e+13
dp[25][1325]=-1.097e+13
dp[26][1325]=-1.133e+13
dp[27][1325]=-1.169e+13
dp[28][1325]=-1.194e+13
dp[29][1325]=-1.227e+13
dp[30][1325]=-1.269e+13
dp[31][1325]=-1.294e+13
dp[32][1325]=-1.312e+13
dp[33][1325]=-1.312e+13
dp[34][1325]=-1.312e+13
dp[35][1325]=-1.312e+13
dp[36][1325]=-1.312e+13
Select best dp
Best k=32
Stratifying 2-th numerical feature ...
dp[2][1325]=-1.9e+11
dp[3][1325]=-6.9e+11
dp[4][1325]=-1.34e+12
dp[5][1325]=-1.9e+12
dp[6][1325]=-2.42e+12
dp[7][1325]=-2.99e+12
dp[8][1325]=-3.58e+12
dp[9][1325]=-4.14e+12
dp[10][1325]=-4.54e+12
dp[11][1325]=-5.1e+12
dp[12][1325]=-5.61e+12
dp[13][1325]=-6.08e+12
dp[14][1325]=-6.62e+12
dp[15][1325]=-7.18e+12
dp[16][1325]=-7.65e+12
dp[17][1325]=-8.11e+12
dp[18][1325]=-8.58e+12
dp[19][1325]=-9e+12
dp[20][1325]=-9.39e+12
dp[21][1325]=-9.71e+12
dp[22][1325]=-9.98e+12
dp[23][1325]=-1.029e+13
dp[24][1325]=-1.066e+13
dp[25][1325]=-1.097e+13
dp[26][1325]=-1.133e+13
dp[27][1325]=-1.169e+13
dp[28][1325]=-1.194e+13
dp[29][1325]=-1.227e+13
dp[30][1325]=-1.269e+13
dp[31][1325]=-1.294e+13
dp[32][1325]=-1.312e+13
dp[33][1325]=-1.317e+13
dp[34][1325]=-1.317e+13
dp[35][1325]=-1.317e+13
dp[36][1325]=-1.317e+13
Select best dp
Best k=33
Stratifying 2-th numerical feature ...
dp[2][1325]=-8.8e+11
dp[3][1325]=-3.33e+12
dp[4][1325]=-5.88e+12
dp[5][1325]=-8.18e+12
dp[6][1325]=-9.95e+12
dp[7][1325]=-1.113e+13
dp[8][1325]=-1.2e+13
dp[9][1325]=-1.242e+13
dp[10][1325]=-1.285e+13
dp[11][1325]=-1.285e+13
dp[12][1325]=-1.285e+13
dp[13][1325]=-1.285e+13
dp[14][1325]=-1.285e+13
dp[15][1325]=-1.285e+13
dp[16][1325]=-1.285e+13
dp[17][1325]=-1.285e+13
dp[18][1325]=-1.285e+13
dp[19][1325]=-1.285e+13
dp[20][1325]=-1.285e+13
dp[21][1325]=-1.285e+13
dp[22][1325]=-1.285e+13
dp[23][1325]=-1.285e+13
dp[24][1325]=-1.285e+13
dp[25][1325]=-1.285e+13
dp[26][1325]=-1.285e+13
dp[27][1325]=-1.285e+13
dp[28][1325]=-1.285e+13
dp[29][1325]=-1.285e+13
dp[30][1325]=-1.285e+13
dp[31][1325]=-1.285e+13
dp[32][1325]=-1.285e+13
dp[33][1325]=-1.285e+13
dp[34][1325]=-1.249e+13
dp[35][1325]=-1.213e+13
dp[36][1325]=-1.141e+13
Select best dp
Best k=10
dp[2][1325]=273.217
dp[3][1325]=409.826
dp[4][1325]=546.434
dp[5][1325]=683.043
dp[6][1325]=819.651
dp[7][1325]=956.26
dp[8][1325]=1092.87
dp[9][1325]=1229.48
dp[10][1325]=1366.09
dp[11][1325]=1502.69
dp[12][1325]=1639.3
dp[13][1325]=1775.91
dp[14][1325]=1912.52
dp[15][1325]=2049.13
dp[16][1325]=2185.74
dp[17][1325]=2322.34
dp[18][1325]=2458.95
dp[19][1325]=2595.56
dp[20][1325]=2732.17
dp[21][1325]=2868.78
dp[22][1325]=3005.39
dp[23][1325]=3142
dp[24][1325]=3278.6
dp[25][1325]=3415.21
dp[26][1325]=3551.82
dp[27][1325]=3688.43
dp[28][1325]=3825.04
dp[29][1325]=3961.65
dp[30][1325]=4098.26
dp[31][1325]=4234.86
dp[32][1325]=4371.47
dp[33][1325]=4508.08
dp[34][1325]=4644.69
dp[35][1325]=4781.3
dp[36][1325]=4917.91
Select best dp
Best k=2
dp[2][1325]=-8.8e+11
dp[3][1325]=-3.33e+12
dp[4][1325]=-5.88e+12
dp[5][1325]=-8.18e+12
dp[6][1325]=-9.95e+12
dp[7][1325]=-1.113e+13
dp[8][1325]=-1.2e+13
dp[9][1325]=-1.242e+13
dp[10][1325]=-1.285e+13
dp[11][1325]=-1.285e+13
dp[12][1325]=-1.285e+13
dp[13][1325]=-1.285e+13
dp[14][1325]=-1.285e+13
dp[15][1325]=-1.285e+13
dp[16][1325]=-1.285e+13
dp[17][1325]=-1.285e+13
dp[18][1325]=-1.285e+13
dp[19][1325]=-1.285e+13
dp[20][1325]=-1.285e+13
dp[21][1325]=-1.285e+13
dp[22][1325]=-1.285e+13
dp[23][1325]=-1.285e+13
dp[24][1325]=-1.285e+13
dp[25][1325]=-1.285e+13
dp[26][1325]=-1.285e+13
dp[27][1325]=-1.285e+13
dp[28][1325]=-1.285e+13
dp[29][1325]=-1.285e+13
dp[30][1325]=-1.285e+13
dp[31][1325]=-1.285e+13
dp[32][1325]=-1.285e+13
dp[33][1325]=-1.285e+13
dp[34][1325]=-1.249e+13
dp[35][1325]=-1.213e+13
dp[36][1325]=-1.141e+13
Select best dp
Best k=10
dp[2][1325]=-8.8e+11
dp[3][1325]=-3.33e+12
dp[4][1325]=-5.88e+12
dp[5][1325]=-8.18e+12
dp[6][1325]=-9.95e+12
dp[7][1325]=-1.113e+13
dp[8][1325]=-1.2e+13
dp[9][1325]=-1.242e+13
dp[10][1325]=-1.285e+13
dp[11][1325]=-1.285e+13
dp[12][1325]=-1.285e+13
dp[13][1325]=-1.285e+13
dp[14][1325]=-1.285e+13
dp[15][1325]=-1.285e+13
dp[16][1325]=-1.285e+13
dp[17][1325]=-1.285e+13
dp[18][1325]=-1.285e+13
dp[19][1325]=-1.285e+13
dp[20][1325]=-1.285e+13
dp[21][1325]=-1.285e+13
dp[22][1325]=-1.285e+13
dp[23][1325]=-1.285e+13
dp[24][1325]=-1.285e+13
dp[25][1325]=-1.285e+13
dp[26][1325]=-1.285e+13
dp[27][1325]=-1.285e+13
dp[28][1325]=-1.285e+13
dp[29][1325]=-1.285e+13
dp[30][1325]=-1.285e+13
dp[31][1325]=-1.285e+13
dp[32][1325]=-1.285e+13
dp[33][1325]=-1.285e+13
dp[34][1325]=-1.249e+13
dp[35][1325]=-1.213e+13
dp[36][1325]=-1.141e+13
Select best dp
Best k=10
dp[2][1325]=-8.8e+11
dp[3][1325]=-3.33e+12
dp[4][1325]=-5.88e+12
dp[5][1325]=-8.18e+12
dp[6][1325]=-9.95e+12
dp[7][1325]=-1.113e+13
dp[8][1325]=-1.2e+13
dp[9][1325]=-1.242e+13
dp[10][1325]=-1.285e+13
dp[11][1325]=-1.285e+13
dp[12][1325]=-1.285e+13
dp[13][1325]=-1.285e+13
dp[14][1325]=-1.285e+13
dp[15][1325]=-1.285e+13
dp[16][1325]=-1.285e+13
dp[17][1325]=-1.285e+13
dp[18][1325]=-1.285e+13
dp[19][1325]=-1.285e+13
dp[20][1325]=-1.285e+13
dp[21][1325]=-1.285e+13
dp[22][1325]=-1.285e+13
dp[23][1325]=-1.285e+13
dp[24][1325]=-1.285e+13
dp[25][1325]=-1.285e+13
dp[26][1325]=-1.285e+13
dp[27][1325]=-1.285e+13
dp[28][1325]=-1.285e+13
dp[29][1325]=-1.285e+13
dp[30][1325]=-1.285e+13
dp[31][1325]=-1.285e+13
dp[32][1325]=-1.285e+13
dp[33][1325]=-1.285e+13
dp[34][1325]=-1.285e+13
dp[35][1325]=-1.285e+13
dp[36][1325]=-1.285e+13
Select best dp
Best k=10
dp[2][1325]=-8.8e+11
dp[3][1325]=-3.33e+12
dp[4][1325]=-5.88e+12
dp[5][1325]=-8.18e+12
dp[6][1325]=-9.95e+12
dp[7][1325]=-1.113e+13
dp[8][1325]=-1.2e+13
dp[9][1325]=-1.242e+13
dp[10][1325]=-1.285e+13
dp[11][1325]=-1.285e+13
dp[12][1325]=-1.285e+13
dp[13][1325]=-1.285e+13
dp[14][1325]=-1.285e+13
dp[15][1325]=-1.285e+13
dp[16][1325]=-1.285e+13
dp[17][1325]=-1.285e+13
dp[18][1325]=-1.285e+13
dp[19][1325]=-1.285e+13
dp[20][1325]=-1.285e+13
dp[21][1325]=-1.285e+13
dp[22][1325]=-1.285e+13
dp[23][1325]=-1.285e+13
dp[24][1325]=-1.285e+13
dp[25][1325]=-1.285e+13
dp[26][1325]=-1.285e+13
dp[27][1325]=-1.285e+13
dp[28][1325]=-1.285e+13
dp[29][1325]=-1.285e+13
dp[30][1325]=-1.285e+13
dp[31][1325]=-1.285e+13
dp[32][1325]=-1.285e+13
dp[33][1325]=-1.285e+13
dp[34][1325]=-1.249e+13
dp[35][1325]=-1.213e+13
dp[36][1325]=-1.141e+13
Select best dp
Best k=10
dp[2][1325]=-1.76e+12
dp[3][1325]=-6.66e+12
dp[4][1325]=-1.176e+13
dp[5][1325]=-1.636e+13
dp[6][1325]=-1.99e+13
dp[7][1325]=-2.226e+13
dp[8][1325]=-2.4e+13
dp[9][1325]=-2.484e+13
dp[10][1325]=-2.57e+13
dp[11][1325]=-2.57e+13
dp[12][1325]=-2.57e+13
dp[13][1325]=-2.57e+13
dp[14][1325]=-2.57e+13
dp[15][1325]=-2.57e+13
dp[16][1325]=-2.57e+13
dp[17][1325]=-2.57e+13
dp[18][1325]=-2.57e+13
dp[19][1325]=-2.57e+13
dp[20][1325]=-2.57e+13
dp[21][1325]=-2.57e+13
dp[22][1325]=-2.57e+13
dp[23][1325]=-2.57e+13
dp[24][1325]=-2.57e+13
dp[25][1325]=-2.57e+13
dp[26][1325]=-2.57e+13
dp[27][1325]=-2.57e+13
dp[28][1325]=-2.57e+13
dp[29][1325]=-2.57e+13
dp[30][1325]=-2.57e+13
dp[31][1325]=-2.57e+13
dp[32][1325]=-2.57e+13
dp[33][1325]=-2.57e+13
dp[34][1325]=-2.498e+13
dp[35][1325]=-2.426e+13
dp[36][1325]=-2.282e+13
Select best dp
Best k=10
dp[2][1325]=-4.4e+11
dp[3][1325]=-1.665e+12
dp[4][1325]=-2.94e+12
dp[5][1325]=-4.09e+12
dp[6][1325]=-4.975e+12
dp[7][1325]=-5.565e+12
dp[8][1325]=-6e+12
dp[9][1325]=-6.21e+12
dp[10][1325]=-6.425e+12
dp[11][1325]=-6.425e+12
dp[12][1325]=-6.425e+12
dp[13][1325]=-6.425e+12
dp[14][1325]=-6.425e+12
dp[15][1325]=-6.425e+12
dp[16][1325]=-6.425e+12
dp[17][1325]=-6.425e+12
dp[18][1325]=-6.425e+12
dp[19][1325]=-6.425e+12
dp[20][1325]=-6.425e+12
dp[21][1325]=-6.425e+12
dp[22][1325]=-6.425e+12
dp[23][1325]=-6.425e+12
dp[24][1325]=-6.425e+12
dp[25][1325]=-6.425e+12
dp[26][1325]=-6.425e+12
dp[27][1325]=-6.425e+12
dp[28][1325]=-6.425e+12
dp[29][1325]=-6.425e+12
dp[30][1325]=-6.425e+12
dp[31][1325]=-6.425e+12
dp[32][1325]=-6.425e+12
dp[33][1325]=-6.425e+12
dp[34][1325]=-6.245e+12
dp[35][1325]=-6.065e+12
dp[36][1325]=-5.705e+12
Select best dp
Best k=10
dp[2][1325]=-346.002
dp[3][1325]=-6.9e+11
dp[4][1325]=-1.34e+12
dp[5][1325]=-1.9e+12
dp[6][1325]=-2.42e+12
dp[7][1325]=-2.99e+12
dp[8][1325]=-3.58e+12
dp[9][1325]=-4.14e+12
dp[10][1325]=-4.54e+12
dp[11][1325]=-5.1e+12
dp[12][1325]=-5.61e+12
dp[13][1325]=-6.08e+12
dp[14][1325]=-6.62e+12
dp[15][1325]=-7.18e+12
dp[16][1325]=-7.65e+12
dp[17][1325]=-8.11e+12
dp[18][1325]=-8.58e+12
dp[19][1325]=-9e+12
dp[20][1325]=-9.39e+12
dp[21][1325]=-9.39e+12
dp[22][1325]=-9.76e+12
dp[23][1325]=-1.011e+13
dp[24][1325]=-1.013e+13
dp[25][1325]=-1.013e+13
dp[26][1325]=-1.013e+13
dp[27][1325]=-1.013e+13
dp[28][1325]=-9.77e+12
dp[29][1325]=-9.41e+12
dp[30][1325]=-9.05e+12
dp[31][1325]=-8.69e+12
dp[32][1325]=-8.33e+12
dp[33][1325]=-7.94e+12
dp[34][1325]=-7.43e+12
dp[35][1325]=-6.71e+12
dp[36][1325]=-5.27e+12
Select best dp
Best k=25
Stratifying 2-th numerical feature ...
dp[2][1325]=-8.8e+11
dp[3][1325]=-3.33e+12
dp[4][1325]=-5.88e+12
dp[5][1325]=-8.18e+12
dp[6][1325]=-9.95e+12
dp[7][1325]=-1.113e+13
dp[8][1325]=-1.2e+13
dp[9][1325]=-1.242e+13
dp[10][1325]=-1.285e+13
dp[11][1325]=-1.299e+13
dp[12][1325]=-1.31e+13
dp[13][1325]=-1.31e+13
dp[14][1325]=-1.31e+13
dp[15][1325]=-1.31e+13
dp[16][1325]=-1.31e+13
dp[17][1325]=-1.31e+13
dp[18][1325]=-1.31e+13
dp[19][1325]=-1.31e+13
dp[20][1325]=-1.31e+13
dp[21][1325]=-1.31e+13
dp[22][1325]=-1.31e+13
dp[23][1325]=-1.31e+13
dp[24][1325]=-1.31e+13
dp[25][1325]=-1.31e+13
dp[26][1325]=-1.31e+13
dp[27][1325]=-1.31e+13
dp[28][1325]=-1.31e+13
dp[29][1325]=-1.31e+13
dp[30][1325]=-1.31e+13
dp[31][1325]=-1.31e+13
dp[32][1325]=-1.31e+13
dp[33][1325]=-1.31e+13
dp[34][1325]=-1.31e+13
dp[35][1325]=-1.31e+13
dp[36][1325]=-1.31e+13
Select best dp
Best k=12
dp[2][1325]=-8.8e+11
dp[3][1325]=-3.33e+12
dp[4][1325]=-5.88e+12
dp[5][1325]=-8.18e+12
dp[6][1325]=-9.95e+12
dp[7][1325]=-1.113e+13
dp[8][1325]=-1.2e+13
dp[9][1325]=-1.242e+13
dp[10][1325]=-1.285e+13
dp[11][1325]=-1.299e+13
dp[12][1325]=-1.31e+13
dp[13][1325]=-1.319e+13
dp[14][1325]=-1.319e+13
dp[15][1325]=-1.319e+13
dp[16][1325]=-1.319e+13
dp[17][1325]=-1.319e+13
dp[18][1325]=-1.319e+13
dp[19][1325]=-1.319e+13
dp[20][1325]=-1.319e+13
dp[21][1325]=-1.319e+13
dp[22][1325]=-1.319e+13
dp[23][1325]=-1.319e+13
dp[24][1325]=-1.319e+13
dp[25][1325]=-1.319e+13
dp[26][1325]=-1.319e+13
dp[27][1325]=-1.319e+13
dp[28][1325]=-1.319e+13
dp[29][1325]=-1.319e+13
dp[30][1325]=-1.319e+13
dp[31][1325]=-1.319e+13
dp[32][1325]=-1.319e+13
dp[33][1325]=-1.319e+13
dp[34][1325]=-1.319e+13
dp[35][1325]=-1.319e+13
dp[36][1325]=-1.319e+13
Select best dp
Best k=13
dp[2][1325]=-8.8e+11
dp[3][1325]=-3.33e+12
dp[4][1325]=-5.88e+12
dp[5][1325]=-8.18e+12
dp[6][1325]=-9.95e+12
dp[7][1325]=-1.113e+13
dp[8][1325]=-1.2e+13
dp[9][1325]=-1.242e+13
dp[10][1325]=-1.285e+13
dp[11][1325]=-1.285e+13
dp[12][1325]=-1.285e+13
dp[13][1325]=-1.285e+13
dp[14][1325]=-1.285e+13
dp[15][1325]=-1.285e+13
dp[16][1325]=-1.285e+13
dp[17][1325]=-1.285e+13
dp[18][1325]=-1.285e+13
dp[19][1325]=-1.285e+13
dp[20][1325]=-1.285e+13
dp[21][1325]=-1.285e+13
dp[22][1325]=-1.285e+13
dp[23][1325]=-1.285e+13
dp[24][1325]=-1.285e+13
dp[25][1325]=-1.285e+13
dp[26][1325]=-1.285e+13
dp[27][1325]=-1.285e+13
dp[28][1325]=-1.285e+13
dp[29][1325]=-1.285e+13
dp[30][1325]=-1.285e+13
dp[31][1325]=-1.285e+13
dp[32][1325]=-1.285e+13
dp[33][1325]=-1.285e+13
dp[34][1325]=-1.249e+13
dp[35][1325]=-1.213e+13
dp[36][1325]=-1.141e+13
Select best dp
Best k=10
