Standardize ...
Stratifying 1-th numerical feature ...
Standardize ...
Stratifying 1-th numerical feature ...
Standardize ...
Stratifying 1-th numerical feature ...
Standardize ...
Stratifying 1-th numerical feature ...
Standardize ...
Stratifying 1-th numerical feature ...
Standardize ...
Stratifying 1-th numerical feature ...
Standardize ...
Stratifying 1-th numerical feature ...
Standardize ...
Stratifying 1-th numerical feature ...
Standardize ...
Stratifying 1-th numerical feature ...
Standardize ...
Stratifying 1-th numerical feature ...
Standardize ...
Stratifying 1-th numerical feature ...
Standardize ...
Stratifying 1-th numerical feature ...
Standardize ...
Stratifying 1-th numerical feature ...
Standardize ...
Stratifying 1-th numerical feature ...
dp[2][754]=-597.023
dp[3][754]=-997.227
dp[4][754]=-1217.46
dp[5][754]=-1404.62
dp[6][754]=-1503.9
dp[7][754]=-1576.63
dp[8][754]=-1616.17
dp[9][754]=-1612.21
dp[10][754]=-1600.74
dp[11][754]=-1586
dp[12][754]=-1553.35
dp[13][754]=-1499.46
dp[14][754]=-1442.45
dp[15][754]=-1384.9
dp[16][754]=-1305.75
dp[17][754]=-1219.27
dp[18][754]=-1121.14
Select best dp
Best k=8
dp[2][754]=-597.023
dp[3][754]=-997.227
dp[4][754]=-1217.46
dp[5][754]=-1404.62
dp[6][754]=-1503.9
dp[7][754]=-1576.63
dp[8][754]=-1616.17
dp[9][754]=-1612.21
dp[10][754]=-1600.74
dp[11][754]=-1586
dp[12][754]=-1553.35
dp[13][754]=-1502.95
dp[14][754]=-1449.06
dp[15][754]=-1391.51
dp[16][754]=-1330.33
dp[17][754]=-1262.13
dp[18][754]=-1180.58
dp[19][754]=-1092.84
dp[20][754]=-999.6
dp[21][754]=-901.635
dp[22][754]=-802.746
dp[23][754]=-696.142
dp[24][754]=-589.039
dp[25][754]=-475.827
dp[26][754]=-344.077
dp[27][754]=-197.134
Select best dp
Best k=8
dp[2][754]=-126.217
dp[3][754]=-240.171
dp[4][754]=-264.14
dp[5][754]=-271.574
dp[6][754]=-235.067
dp[7][754]=-185.281
dp[8][754]=-118.905
dp[9][754]=-30.7796
dp[10][754]=61.1052
dp[11][754]=154.622
dp[12][754]=257.094
dp[13][754]=368.44
dp[14][754]=481.533
dp[15][754]=596.457
dp[16][754]=713.191
dp[17][754]=833.438
dp[18][754]=960.363
dp[19][754]=1090.38
dp[20][754]=1223.15
dp[21][754]=1358.28
dp[22][754]=1493.87
dp[23][754]=1633.32
dp[24][754]=1773.02
dp[25][754]=1915.77
dp[26][754]=2067.79
dp[27][754]=2227.41
Select best dp
Best k=5
dp[2][754]=-597.023
dp[3][754]=-997.227
dp[4][754]=-1217.46
dp[5][754]=-1404.62
dp[6][754]=-1503.9
dp[7][754]=-1576.63
dp[8][754]=-1616.17
dp[9][754]=-1612.21
dp[10][754]=-1600.74
dp[11][754]=-1586
dp[12][754]=-1553.35
dp[13][754]=-1502.95
dp[14][754]=-1449.06
dp[15][754]=-1391.51
dp[16][754]=-1330.33
dp[17][754]=-1262.13
dp[18][754]=-1180.58
dp[19][754]=-1092.84
dp[20][754]=-999.6
dp[21][754]=-901.635
dp[22][754]=-802.746
dp[23][754]=-696.142
dp[24][754]=-589.039
dp[25][754]=-475.827
dp[26][754]=-344.077
dp[27][754]=-197.134
Select best dp
Best k=8
dp[2][754]=318.082
dp[3][754]=477.124
dp[4][754]=636.165
dp[5][754]=795.206
dp[6][754]=954.247
dp[7][754]=1113.29
dp[8][754]=1272.33
dp[9][754]=1431.37
dp[10][754]=1590.41
dp[11][754]=1749.45
dp[12][754]=1908.49
dp[13][754]=2067.54
dp[14][754]=2226.58
dp[15][754]=2385.62
dp[16][754]=2544.66
dp[17][754]=2703.7
dp[18][754]=2862.74
dp[19][754]=3021.78
dp[20][754]=3180.82
dp[21][754]=3339.87
dp[22][754]=3498.91
dp[23][754]=3657.95
dp[24][754]=3816.99
dp[25][754]=3976.03
dp[26][754]=4135.07
dp[27][754]=4294.11
Select best dp
Best k=2
dp[2][754]=-597.023
dp[3][754]=-997.227
dp[4][754]=-1217.46
dp[5][754]=-1404.62
dp[6][754]=-1503.9
dp[7][754]=-1576.63
dp[8][754]=-1616.17
dp[9][754]=-1612.21
dp[10][754]=-1600.74
dp[11][754]=-1586
dp[12][754]=-1553.35
dp[13][754]=-1502.95
dp[14][754]=-1449.06
dp[15][754]=-1391.51
dp[16][754]=-1330.33
dp[17][754]=-1262.13
dp[18][754]=-1180.58
dp[19][754]=-1092.84
dp[20][754]=-999.6
dp[21][754]=-901.635
dp[22][754]=-802.746
dp[23][754]=-696.142
dp[24][754]=-589.039
dp[25][754]=-475.827
dp[26][754]=-344.077
dp[27][754]=-197.134
Select best dp
Best k=8
dp[2][754]=-1538.64
dp[3][754]=-2511.34
dp[4][754]=-3124.09
dp[5][754]=-3670.72
dp[6][754]=-4041.57
dp[7][754]=-4359.31
dp[8][754]=-4610.69
dp[9][754]=-4775.07
dp[10][754]=-4924.42
dp[11][754]=-5067.24
dp[12][754]=-5174.23
dp[13][754]=-5245.73
dp[14][754]=-5310.24
dp[15][754]=-5367.43
dp[16][754]=-5417.38
dp[17][754]=-5453.28
dp[18][754]=-5462.46
dp[19][754]=-5459.28
dp[20][754]=-5445.09
dp[21][754]=-5421.46
dp[22][754]=-5395.97
dp[23][754]=-5355.06
dp[24][754]=-5313.15
dp[25][754]=-5259.02
dp[26][754]=-5167.82
dp[27][754]=-5046.22
Select best dp
Best k=18
dp[2][754]=-597.023
dp[3][754]=-997.227
dp[4][754]=-1217.46
dp[5][754]=-1404.62
dp[6][754]=-1503.9
dp[7][754]=-1576.63
dp[8][754]=-1616.17
dp[9][754]=-1612.21
dp[10][754]=-1600.74
dp[11][754]=-1586
dp[12][754]=-1553.35
dp[13][754]=-1502.95
dp[14][754]=-1449.06
dp[15][754]=-1391.51
dp[16][754]=-1330.33
dp[17][754]=-1262.13
dp[18][754]=-1180.58
dp[19][754]=-1092.84
dp[20][754]=-999.6
dp[21][754]=-901.635
dp[22][754]=-802.746
dp[23][754]=-696.142
dp[24][754]=-589.039
dp[25][754]=-475.827
dp[26][754]=-344.077
dp[27][754]=-197.134
Select best dp
Best k=8
dp[2][754]=-597.023
dp[3][754]=-997.227
dp[4][754]=-1217.46
dp[5][754]=-1404.62
dp[6][754]=-1503.9
dp[7][754]=-1576.63
dp[8][754]=-1616.17
dp[9][754]=-1612.21
dp[10][754]=-1600.74
dp[11][754]=-1586
dp[12][754]=-1553.35
dp[13][754]=-1502.95
dp[14][754]=-1449.06
dp[15][754]=-1391.51
dp[16][754]=-1330.33
dp[17][754]=-1262.13
dp[18][754]=-1181.34
dp[19][754]=-1093.66
dp[20][754]=-1000.42
dp[21][754]=-902.974
dp[22][754]=-804.085
dp[23][754]=-701.846
dp[24][754]=-599.133
dp[25][754]=-494.962
dp[26][754]=-386.595
dp[27][754]=-276.74
Select best dp
Best k=8
dp[2][754]=-597.023
dp[3][754]=-997.227
dp[4][754]=-1217.46
dp[5][754]=-1404.62
dp[6][754]=-1503.9
dp[7][754]=-1576.63
dp[8][754]=-1616.17
dp[9][754]=-1612.21
dp[10][754]=-1600.74
dp[11][754]=-1586
dp[12][754]=-1553.35
dp[13][754]=-1502.95
dp[14][754]=-1449.06
dp[15][754]=-1391.51
dp[16][754]=-1330.33
dp[17][754]=-1262.13
dp[18][754]=-1180.58
dp[19][754]=-1092.84
dp[20][754]=-999.6
dp[21][754]=-901.635
dp[22][754]=-802.746
dp[23][754]=-696.142
dp[24][754]=-589.039
dp[25][754]=-475.827
dp[26][754]=-344.077
dp[27][754]=-197.134
Select best dp
Best k=8
dp[2][754]=-597.023
dp[3][754]=-997.227
dp[4][754]=-1217.46
dp[5][754]=-1404.62
dp[6][754]=-1503.9
dp[7][754]=-1576.63
dp[8][754]=-1616.17
dp[9][754]=-1612.21
dp[10][754]=-1600.74
dp[11][754]=-1586
dp[12][754]=-1553.35
dp[13][754]=-1502.95
dp[14][754]=-1449.06
dp[15][754]=-1391.51
dp[16][754]=-1330.33
dp[17][754]=-1262.13
dp[18][754]=-1180.58
dp[19][754]=-1092.84
dp[20][754]=-999.6
dp[21][754]=-901.635
dp[22][754]=-802.746
dp[23][754]=-696.142
dp[24][754]=-589.039
dp[25][754]=-475.827
dp[26][754]=-344.077
dp[27][754]=-197.134
Select best dp
Best k=8
dp[2][754]=-597.023
dp[3][754]=-997.227
dp[4][754]=-1217.46
dp[5][754]=-1404.62
dp[6][754]=-1503.9
dp[7][754]=-1576.63
dp[8][754]=-1616.17
dp[9][754]=-1612.21
dp[10][754]=-1600.74
dp[11][754]=-1586
dp[12][754]=-1553.35
dp[13][754]=-1502.95
dp[14][754]=-1449.06
dp[15][754]=-1391.51
dp[16][754]=-1330.33
dp[17][754]=-1262.13
dp[18][754]=-1181.34
dp[19][754]=-1093.66
dp[20][754]=-1000.42
dp[21][754]=-902.974
dp[22][754]=-804.085
dp[23][754]=-701.846
dp[24][754]=-599.133
dp[25][754]=-494.962
dp[26][754]=-386.595
dp[27][754]=-277.968
Select best dp
Best k=8
dp[2][754]=-597.023
dp[3][754]=-997.227
dp[4][754]=-1217.46
dp[5][754]=-1404.62
dp[6][754]=-1503.9
dp[7][754]=-1576.63
dp[8][754]=-1616.17
dp[9][754]=-1612.21
dp[10][754]=-1600.74
dp[11][754]=-1586
dp[12][754]=-1553.35
dp[13][754]=-1502.95
dp[14][754]=-1449.06
dp[15][754]=-1391.51
dp[16][754]=-1330.33
dp[17][754]=-1262.13
dp[18][754]=-1181.34
dp[19][754]=-1093.66
dp[20][754]=-1000.42
dp[21][754]=-902.974
dp[22][754]=-804.085
dp[23][754]=-701.846
dp[24][754]=-599.133
dp[25][754]=-494.962
dp[26][754]=-386.595
dp[27][754]=-277.968
Select best dp
Best k=8
dp[2][754]=-15.5067
dp[3][754]=-429.167
dp[4][754]=-648.807
dp[5][754]=-842.728
dp[6][754]=-940.341
dp[7][754]=-1014.46
dp[8][754]=-1055.16
dp[9][754]=-1054.25
dp[10][754]=-1043.62
dp[11][754]=-1030.33
dp[12][754]=-998.769
dp[13][754]=-950.044
dp[14][754]=-897.359
dp[15][754]=-841.918
dp[16][754]=-781.247
dp[17][754]=-713.218
dp[18][754]=-633.832
dp[19][754]=-546.951
dp[20][754]=-453.86
dp[21][754]=-357.618
dp[22][754]=-259.81
dp[23][754]=-154.822
dp[24][754]=-48.1958
dp[25][754]=64.6304
dp[26][754]=195.605
dp[27][754]=339.541
Select best dp
Best k=8
