Standardize ...
Stratifying 1-th numerical feature ...
Standardize ...
Stratifying 1-th numerical feature ...
Standardize ...
Stratifying 1-th numerical feature ...
Standardize ...
Stratifying 1-th numerical feature ...
Standardize ...
Stratifying 1-th numerical feature ...
Standardize ...
Stratifying 1-th numerical feature ...
Standardize ...
Stratifying 1-th numerical feature ...
Standardize ...
Stratifying 1-th numerical feature ...
Standardize ...
Stratifying 1-th numerical feature ...
Standardize ...
Stratifying 1-th numerical feature ...
Standardize ...
Stratifying 1-th numerical feature ...
Standardize ...
Stratifying 1-th numerical feature ...
Standardize ...
Stratifying 1-th numerical feature ...
Standardize ...
Stratifying 1-th numerical feature ...
dp[2][1324]=-1462.31
dp[3][1324]=-7.1e+11
dp[4][1324]=-1.33e+12
dp[5][1324]=-1.9e+12
dp[6][1324]=-2.46e+12
dp[7][1324]=-3.01e+12
dp[8][1324]=-3.59e+12
dp[9][1324]=-4.14e+12
dp[10][1324]=-4.14e+12
dp[11][1324]=-4.14e+12
dp[12][1324]=-4.14e+12
dp[13][1324]=-4.14e+12
dp[14][1324]=-4.14e+12
dp[15][1324]=-4.14e+12
dp[16][1324]=-4.14e+12
dp[17][1324]=-4.14e+12
dp[18][1324]=-4.14e+12
dp[19][1324]=-4.14e+12
dp[20][1324]=-4.14e+12
dp[21][1324]=-4.14e+12
dp[22][1324]=-4.14e+12
dp[23][1324]=-4.14e+12
dp[24][1324]=-2.83e+12
Select best dp
Best k=19
Stratifying 2-th numerical feature ...
dp[2][1324]=-1462.31
dp[3][1324]=-7.1e+11
dp[4][1324]=-1.33e+12
dp[5][1324]=-1.9e+12
dp[6][1324]=-2.46e+12
dp[7][1324]=-3.01e+12
dp[8][1324]=-3.59e+12
dp[9][1324]=-4.14e+12
dp[10][1324]=-4.6e+12
dp[11][1324]=-5.15e+12
dp[12][1324]=-5.66e+12
dp[13][1324]=-6.09e+12
dp[14][1324]=-6.6e+12
dp[15][1324]=-7.08e+12
dp[16][1324]=-7.54e+12
dp[17][1324]=-8.02e+12
dp[18][1324]=-8.48e+12
dp[19][1324]=-8.91e+12
dp[20][1324]=-9.3e+12
dp[21][1324]=-9.3e+12
dp[22][1324]=-9.69e+12
dp[23][1324]=-9.69e+12
dp[24][1324]=-1.005e+13
dp[25][1324]=-1.005e+13
dp[26][1324]=-1.005e+13
dp[27][1324]=-1.005e+13
dp[28][1324]=-9.69e+12
dp[29][1324]=-9.33e+12
dp[30][1324]=-8.97e+12
dp[31][1324]=-8.61e+12
dp[32][1324]=-8.25e+12
dp[33][1324]=-7.86e+12
dp[34][1324]=-7.34e+12
dp[35][1324]=-6.62e+12
dp[36][1324]=-4.82e+12
Select best dp
Best k=25
Stratifying 2-th numerical feature ...
dp[2][1324]=-3197.8
dp[3][1324]=-1.42e+12
dp[4][1324]=-2.66e+12
dp[5][1324]=-3.8e+12
dp[6][1324]=-4.92e+12
dp[7][1324]=-6.02e+12
dp[8][1324]=-7.18e+12
dp[9][1324]=-8.28e+12
dp[10][1324]=-9.2e+12
dp[11][1324]=-1.03e+13
dp[12][1324]=-1.132e+13
dp[13][1324]=-1.218e+13
dp[14][1324]=-1.32e+13
dp[15][1324]=-1.416e+13
dp[16][1324]=-1.508e+13
dp[17][1324]=-1.604e+13
dp[18][1324]=-1.696e+13
dp[19][1324]=-1.782e+13
dp[20][1324]=-1.86e+13
dp[21][1324]=-1.86e+13
dp[22][1324]=-1.938e+13
dp[23][1324]=-1.938e+13
dp[24][1324]=-2.01e+13
dp[25][1324]=-2.01e+13
dp[26][1324]=-2.01e+13
dp[27][1324]=-2.01e+13
dp[28][1324]=-1.938e+13
dp[29][1324]=-1.866e+13
dp[30][1324]=-1.794e+13
dp[31][1324]=-1.722e+13
dp[32][1324]=-1.65e+13
dp[33][1324]=-1.572e+13
dp[34][1324]=-1.468e+13
dp[35][1324]=-1.324e+13
dp[36][1324]=-9.64e+12
Select best dp
Best k=26
Stratifying 2-th numerical feature ...
dp[2][1324]=-1462.31
dp[3][1324]=-7.1e+11
dp[4][1324]=-1.33e+12
dp[5][1324]=-1.9e+12
dp[6][1324]=-2.46e+12
dp[7][1324]=-3.01e+12
dp[8][1324]=-3.59e+12
dp[9][1324]=-4.14e+12
dp[10][1324]=-4.6e+12
dp[11][1324]=-5.15e+12
dp[12][1324]=-5.66e+12
dp[13][1324]=-6.09e+12
dp[14][1324]=-6.6e+12
dp[15][1324]=-7.08e+12
dp[16][1324]=-7.54e+12
dp[17][1324]=-8.02e+12
dp[18][1324]=-8.48e+12
dp[19][1324]=-8.91e+12
dp[20][1324]=-9.3e+12
dp[21][1324]=-9.3e+12
dp[22][1324]=-9.69e+12
dp[23][1324]=-9.69e+12
dp[24][1324]=-1.005e+13
dp[25][1324]=-1.005e+13
dp[26][1324]=-1.005e+13
dp[27][1324]=-1.005e+13
dp[28][1324]=-9.69e+12
dp[29][1324]=-9.33e+12
dp[30][1324]=-8.97e+12
dp[31][1324]=-8.61e+12
dp[32][1324]=-8.25e+12
dp[33][1324]=-7.86e+12
dp[34][1324]=-7.34e+12
dp[35][1324]=-6.62e+12
dp[36][1324]=-4.82e+12
Select best dp
Best k=25
Stratifying 2-th numerical feature ...
dp[2][1324]=-8.6e+11
dp[3][1324]=-3.37e+12
dp[4][1324]=-5.83e+12
dp[5][1324]=-8.23e+12
dp[6][1324]=-9.96e+12
dp[7][1324]=-1.122e+13
dp[8][1324]=-1.199e+13
dp[9][1324]=-1.199e+13
dp[10][1324]=-1.199e+13
dp[11][1324]=-1.199e+13
dp[12][1324]=-1.199e+13
dp[13][1324]=-1.199e+13
dp[14][1324]=-1.199e+13
dp[15][1324]=-1.199e+13
dp[16][1324]=-1.199e+13
dp[17][1324]=-1.199e+13
dp[18][1324]=-1.199e+13
dp[19][1324]=-1.199e+13
dp[20][1324]=-1.199e+13
dp[21][1324]=-1.199e+13
dp[22][1324]=-1.145e+13
dp[23][1324]=-1.091e+13
dp[24][1324]=-1.001e+13
Select best dp
Best k=9
dp[2][1324]=-1462.31
dp[3][1324]=-7.1e+11
dp[4][1324]=-1.33e+12
dp[5][1324]=-1.9e+12
dp[6][1324]=-2.46e+12
dp[7][1324]=-3.01e+12
dp[8][1324]=-3.59e+12
dp[9][1324]=-4.14e+12
dp[10][1324]=-4.6e+12
dp[11][1324]=-5.15e+12
dp[12][1324]=-5.66e+12
dp[13][1324]=-6.09e+12
dp[14][1324]=-6.6e+12
dp[15][1324]=-7.08e+12
dp[16][1324]=-7.54e+12
dp[17][1324]=-8.02e+12
dp[18][1324]=-8.48e+12
dp[19][1324]=-8.91e+12
dp[20][1324]=-9.3e+12
dp[21][1324]=-9.3e+12
dp[22][1324]=-9.69e+12
dp[23][1324]=-9.69e+12
dp[24][1324]=-1.005e+13
dp[25][1324]=-1.005e+13
dp[26][1324]=-1.005e+13
dp[27][1324]=-1.005e+13
dp[28][1324]=-9.69e+12
dp[29][1324]=-9.33e+12
dp[30][1324]=-8.97e+12
dp[31][1324]=-8.61e+12
dp[32][1324]=-8.25e+12
dp[33][1324]=-7.86e+12
dp[34][1324]=-7.34e+12
dp[35][1324]=-6.62e+12
dp[36][1324]=-4.82e+12
Select best dp
Best k=25
Stratifying 2-th numerical feature ...
dp[2][1324]=-1462.31
dp[3][1324]=-7.1e+11
dp[4][1324]=-1.33e+12
dp[5][1324]=-1.9e+12
dp[6][1324]=-2.46e+12
dp[7][1324]=-3.01e+12
dp[8][1324]=-3.59e+12
dp[9][1324]=-4.14e+12
dp[10][1324]=-4.6e+12
dp[11][1324]=-5.15e+12
dp[12][1324]=-5.66e+12
dp[13][1324]=-6.09e+12
dp[14][1324]=-6.6e+12
dp[15][1324]=-7.08e+12
dp[16][1324]=-7.54e+12
dp[17][1324]=-8.02e+12
dp[18][1324]=-8.48e+12
dp[19][1324]=-8.91e+12
dp[20][1324]=-9.3e+12
dp[21][1324]=-9.3e+12
dp[22][1324]=-9.69e+12
dp[23][1324]=-9.69e+12
dp[24][1324]=-1.005e+13
dp[25][1324]=-1.005e+13
dp[26][1324]=-1.005e+13
dp[27][1324]=-1.005e+13
dp[28][1324]=-9.69e+12
dp[29][1324]=-9.33e+12
dp[30][1324]=-8.97e+12
dp[31][1324]=-8.61e+12
dp[32][1324]=-8.25e+12
dp[33][1324]=-7.86e+12
dp[34][1324]=-7.34e+12
dp[35][1324]=-6.62e+12
dp[36][1324]=-4.82e+12
Select best dp
Best k=25
dp[2][1324]=-1462.31
dp[3][1324]=-7.1e+11
dp[4][1324]=-1.33e+12
dp[5][1324]=-1.9e+12
dp[6][1324]=-2.46e+12
dp[7][1324]=-3.01e+12
dp[8][1324]=-3.59e+12
dp[9][1324]=-4.14e+12
dp[10][1324]=-4.6e+12
dp[11][1324]=-5.15e+12
dp[12][1324]=-5.66e+12
dp[13][1324]=-6.09e+12
dp[14][1324]=-6.6e+12
dp[15][1324]=-7.08e+12
dp[16][1324]=-7.54e+12
dp[17][1324]=-8.02e+12
dp[18][1324]=-8.48e+12
dp[19][1324]=-8.91e+12
dp[20][1324]=-9.3e+12
dp[21][1324]=-9.3e+12
dp[22][1324]=-9.69e+12
dp[23][1324]=-9.69e+12
dp[24][1324]=-1.005e+13
dp[25][1324]=-1.005e+13
dp[26][1324]=-1.005e+13
dp[27][1324]=-1.005e+13
dp[28][1324]=-9.69e+12
dp[29][1324]=-9.33e+12
dp[30][1324]=-8.97e+12
dp[31][1324]=-8.61e+12
dp[32][1324]=-8.25e+12
dp[33][1324]=-7.86e+12
dp[34][1324]=-7.34e+12
dp[35][1324]=-6.62e+12
dp[36][1324]=-4.82e+12
Select best dp
Best k=25
dp[2][1324]=273.188
dp[3][1324]=409.783
dp[4][1324]=546.377
dp[5][1324]=682.971
dp[6][1324]=819.565
dp[7][1324]=956.159
dp[8][1324]=1092.75
dp[9][1324]=1229.35
dp[10][1324]=1365.94
dp[11][1324]=1502.54
dp[12][1324]=1639.13
dp[13][1324]=1775.72
dp[14][1324]=1912.32
dp[15][1324]=2048.91
dp[16][1324]=2185.51
dp[17][1324]=2322.1
dp[18][1324]=2458.7
dp[19][1324]=2595.29
dp[20][1324]=2731.88
dp[21][1324]=2868.48
dp[22][1324]=3005.07
dp[23][1324]=3141.67
dp[24][1324]=3278.26
dp[25][1324]=3414.85
dp[26][1324]=3551.45
dp[27][1324]=3688.04
dp[28][1324]=3824.64
dp[29][1324]=3961.23
dp[30][1324]=4097.83
dp[31][1324]=4234.42
dp[32][1324]=4371.01
dp[33][1324]=4507.61
dp[34][1324]=4644.2
dp[35][1324]=4780.8
dp[36][1324]=4917.39
Select best dp
Best k=2
Stratifying 2-th numerical feature ...
Stratifying 2-th numerical feature ...
Stratifying 2-th numerical feature ...
dp[2][1324]=-594.559
dp[3][1324]=-3.55e+11
dp[4][1324]=-6.65e+11
dp[5][1324]=-9.5e+11
dp[6][1324]=-1.23e+12
dp[7][1324]=-1.505e+12
dp[8][1324]=-1.795e+12
dp[9][1324]=-2.07e+12
dp[10][1324]=-2.3e+12
dp[11][1324]=-2.575e+12
dp[12][1324]=-2.83e+12
dp[13][1324]=-3.045e+12
dp[14][1324]=-3.3e+12
dp[15][1324]=-3.54e+12
dp[16][1324]=-3.77e+12
dp[17][1324]=-4.01e+12
dp[18][1324]=-4.24e+12
dp[19][1324]=-4.455e+12
dp[20][1324]=-4.65e+12
dp[21][1324]=-4.65e+12
dp[22][1324]=-4.845e+12
dp[23][1324]=-4.845e+12
dp[24][1324]=-5.025e+12
dp[25][1324]=-5.025e+12
dp[26][1324]=-5.025e+12
dp[27][1324]=-5.025e+12
dp[28][1324]=-4.845e+12
dp[29][1324]=-4.665e+12
dp[30][1324]=-4.485e+12
dp[31][1324]=-4.305e+12
dp[32][1324]=-4.125e+12
dp[33][1324]=-3.93e+12
dp[34][1324]=-3.67e+12
dp[35][1324]=-3.31e+12
dp[36][1324]=-2.41e+12
Select best dp
Best k=24
dp[2][1324]=-1462.31
dp[3][1324]=-7.1e+11
dp[4][1324]=-1.33e+12
dp[5][1324]=-1.9e+12
dp[6][1324]=-2.46e+12
dp[7][1324]=-3.01e+12
dp[8][1324]=-3.59e+12
dp[9][1324]=-4.14e+12
dp[10][1324]=-4.6e+12
dp[11][1324]=-5.15e+12
dp[12][1324]=-5.66e+12
dp[13][1324]=-6.09e+12
dp[14][1324]=-6.6e+12
dp[15][1324]=-7.08e+12
dp[16][1324]=-7.54e+12
dp[17][1324]=-8.02e+12
dp[18][1324]=-8.48e+12
dp[19][1324]=-8.91e+12
dp[20][1324]=-9.3e+12
dp[21][1324]=-9.3e+12
dp[22][1324]=-9.69e+12
dp[23][1324]=-9.69e+12
dp[24][1324]=-1.005e+13
dp[25][1324]=-1.005e+13
dp[26][1324]=-1.005e+13
dp[27][1324]=-1.005e+13
dp[28][1324]=-9.69e+12
dp[29][1324]=-9.33e+12
dp[30][1324]=-8.97e+12
dp[31][1324]=-8.61e+12
dp[32][1324]=-8.25e+12
dp[33][1324]=-7.86e+12
dp[34][1324]=-7.34e+12
dp[35][1324]=-6.62e+12
dp[36][1324]=-4.82e+12
Select best dp
Best k=25
Stratifying 2-th numerical feature ...
Stratifying 2-th numerical feature ...
dp[2][1324]=-8.6e+11
dp[3][1324]=-3.37e+12
dp[4][1324]=-5.83e+12
dp[5][1324]=-8.23e+12
dp[6][1324]=-9.96e+12
dp[7][1324]=-1.122e+13
dp[8][1324]=-1.199e+13
dp[9][1324]=-1.243e+13
dp[10][1324]=-1.282e+13
dp[11][1324]=-1.282e+13
dp[12][1324]=-1.282e+13
dp[13][1324]=-1.282e+13
dp[14][1324]=-1.282e+13
dp[15][1324]=-1.282e+13
dp[16][1324]=-1.282e+13
dp[17][1324]=-1.282e+13
dp[18][1324]=-1.282e+13
dp[19][1324]=-1.282e+13
dp[20][1324]=-1.282e+13
dp[21][1324]=-1.282e+13
dp[22][1324]=-1.282e+13
dp[23][1324]=-1.282e+13
dp[24][1324]=-1.282e+13
dp[25][1324]=-1.282e+13
dp[26][1324]=-1.282e+13
dp[27][1324]=-1.282e+13
dp[28][1324]=-1.282e+13
dp[29][1324]=-1.282e+13
dp[30][1324]=-1.282e+13
dp[31][1324]=-1.282e+13
dp[32][1324]=-1.282e+13
dp[33][1324]=-1.246e+13
dp[34][1324]=-1.21e+13
dp[35][1324]=-1.174e+13
dp[36][1324]=-1.102e+13
Select best dp
Best k=10
dp[2][1324]=-1.72e+12
dp[3][1324]=-6.74e+12
dp[4][1324]=-1.166e+13
dp[5][1324]=-1.646e+13
dp[6][1324]=-1.992e+13
dp[7][1324]=-2.244e+13
dp[8][1324]=-2.398e+13
dp[9][1324]=-2.486e+13
dp[10][1324]=-2.564e+13
dp[11][1324]=-2.564e+13
dp[12][1324]=-2.564e+13
dp[13][1324]=-2.564e+13
dp[14][1324]=-2.564e+13
dp[15][1324]=-2.564e+13
dp[16][1324]=-2.564e+13
dp[17][1324]=-2.564e+13
dp[18][1324]=-2.564e+13
dp[19][1324]=-2.564e+13
dp[20][1324]=-2.564e+13
dp[21][1324]=-2.564e+13
dp[22][1324]=-2.564e+13
dp[23][1324]=-2.564e+13
dp[24][1324]=-2.564e+13
dp[25][1324]=-2.564e+13
dp[26][1324]=-2.564e+13
dp[27][1324]=-2.564e+13
dp[28][1324]=-2.564e+13
dp[29][1324]=-2.564e+13
dp[30][1324]=-2.564e+13
dp[31][1324]=-2.564e+13
dp[32][1324]=-2.564e+13
dp[33][1324]=-2.492e+13
dp[34][1324]=-2.42e+13
dp[35][1324]=-2.348e+13
dp[36][1324]=-2.204e+13
Select best dp
Best k=10
dp[2][1324]=-8.6e+11
dp[3][1324]=-3.37e+12
dp[4][1324]=-5.83e+12
dp[5][1324]=-8.23e+12
dp[6][1324]=-9.96e+12
dp[7][1324]=-1.122e+13
dp[8][1324]=-1.199e+13
dp[9][1324]=-1.243e+13
dp[10][1324]=-1.282e+13
dp[11][1324]=-1.282e+13
dp[12][1324]=-1.282e+13
dp[13][1324]=-1.282e+13
dp[14][1324]=-1.282e+13
dp[15][1324]=-1.282e+13
dp[16][1324]=-1.282e+13
dp[17][1324]=-1.282e+13
dp[18][1324]=-1.282e+13
dp[19][1324]=-1.282e+13
dp[20][1324]=-1.282e+13
dp[21][1324]=-1.282e+13
dp[22][1324]=-1.282e+13
dp[23][1324]=-1.282e+13
dp[24][1324]=-1.282e+13
dp[25][1324]=-1.282e+13
dp[26][1324]=-1.282e+13
dp[27][1324]=-1.282e+13
dp[28][1324]=-1.282e+13
dp[29][1324]=-1.282e+13
dp[30][1324]=-1.282e+13
dp[31][1324]=-1.282e+13
dp[32][1324]=-1.282e+13
dp[33][1324]=-1.246e+13
dp[34][1324]=-1.21e+13
dp[35][1324]=-1.174e+13
dp[36][1324]=-1.102e+13
Select best dp
Best k=10
dp[2][1324]=-2.2e+11
dp[3][1324]=-7.1e+11
dp[4][1324]=-1.33e+12
dp[5][1324]=-1.9e+12
dp[6][1324]=-2.46e+12
dp[7][1324]=-3.01e+12
dp[8][1324]=-3.59e+12
dp[9][1324]=-4.14e+12
dp[10][1324]=-4.6e+12
dp[11][1324]=-5.15e+12
dp[12][1324]=-5.66e+12
dp[13][1324]=-6.09e+12
dp[14][1324]=-6.6e+12
dp[15][1324]=-7.08e+12
dp[16][1324]=-7.54e+12
dp[17][1324]=-8.02e+12
dp[18][1324]=-8.48e+12
dp[19][1324]=-8.91e+12
dp[20][1324]=-9.3e+12
dp[21][1324]=-9.6e+12
dp[22][1324]=-9.92e+12
dp[23][1324]=-1.024e+13
dp[24][1324]=-1.06e+13
dp[25][1324]=-1.089e+13
dp[26][1324]=-1.124e+13
dp[27][1324]=-1.16e+13
dp[28][1324]=-1.185e+13
dp[29][1324]=-1.226e+13
dp[30][1324]=-1.269e+13
dp[31][1324]=-1.294e+13
dp[32][1324]=-1.294e+13
dp[33][1324]=-1.294e+13
dp[34][1324]=-1.294e+13
dp[35][1324]=-1.294e+13
dp[36][1324]=-1.294e+13
Select best dp
Best k=31
Stratifying 2-th numerical feature ...
dp[2][1324]=-2.2e+11
dp[3][1324]=-7.1e+11
dp[4][1324]=-1.33e+12
dp[5][1324]=-1.9e+12
dp[6][1324]=-2.46e+12
dp[7][1324]=-3.01e+12
dp[8][1324]=-3.59e+12
dp[9][1324]=-4.14e+12
dp[10][1324]=-4.6e+12
dp[11][1324]=-5.15e+12
dp[12][1324]=-5.66e+12
dp[13][1324]=-6.09e+12
dp[14][1324]=-6.6e+12
dp[15][1324]=-7.08e+12
dp[16][1324]=-7.54e+12
dp[17][1324]=-8.02e+12
dp[18][1324]=-8.48e+12
dp[19][1324]=-8.91e+12
dp[20][1324]=-9.3e+12
dp[21][1324]=-9.6e+12
dp[22][1324]=-9.92e+12
dp[23][1324]=-1.024e+13
dp[24][1324]=-1.06e+13
dp[25][1324]=-1.089e+13
dp[26][1324]=-1.124e+13
dp[27][1324]=-1.16e+13
dp[28][1324]=-1.185e+13
dp[29][1324]=-1.226e+13
dp[30][1324]=-1.269e+13
dp[31][1324]=-1.294e+13
dp[32][1324]=-1.31e+13
dp[33][1324]=-1.31e+13
dp[34][1324]=-1.31e+13
dp[35][1324]=-1.31e+13
dp[36][1324]=-1.31e+13
Select best dp
Best k=32
Stratifying 2-th numerical feature ...
dp[2][1324]=-8.6e+11
dp[3][1324]=-3.37e+12
dp[4][1324]=-5.83e+12
dp[5][1324]=-8.23e+12
dp[6][1324]=-9.96e+12
dp[7][1324]=-1.122e+13
dp[8][1324]=-1.199e+13
dp[9][1324]=-1.243e+13
dp[10][1324]=-1.282e+13
dp[11][1324]=-1.282e+13
dp[12][1324]=-1.282e+13
dp[13][1324]=-1.282e+13
dp[14][1324]=-1.282e+13
dp[15][1324]=-1.282e+13
dp[16][1324]=-1.282e+13
dp[17][1324]=-1.282e+13
dp[18][1324]=-1.282e+13
dp[19][1324]=-1.282e+13
dp[20][1324]=-1.282e+13
dp[21][1324]=-1.282e+13
dp[22][1324]=-1.282e+13
dp[23][1324]=-1.282e+13
dp[24][1324]=-1.282e+13
dp[25][1324]=-1.282e+13
dp[26][1324]=-1.282e+13
dp[27][1324]=-1.282e+13
dp[28][1324]=-1.282e+13
dp[29][1324]=-1.282e+13
dp[30][1324]=-1.282e+13
dp[31][1324]=-1.282e+13
dp[32][1324]=-1.282e+13
dp[33][1324]=-1.246e+13
dp[34][1324]=-1.21e+13
dp[35][1324]=-1.174e+13
dp[36][1324]=-1.102e+13
Select best dp
Best k=10
dp[2][1324]=273.188
dp[3][1324]=409.783
dp[4][1324]=546.377
dp[5][1324]=682.971
dp[6][1324]=819.565
dp[7][1324]=956.159
dp[8][1324]=1092.75
dp[9][1324]=1229.35
dp[10][1324]=1365.94
dp[11][1324]=1502.54
dp[12][1324]=1639.13
dp[13][1324]=1775.72
dp[14][1324]=1912.32
dp[15][1324]=2048.91
dp[16][1324]=2185.51
dp[17][1324]=2322.1
dp[18][1324]=2458.7
dp[19][1324]=2595.29
dp[20][1324]=2731.88
dp[21][1324]=2868.48
dp[22][1324]=3005.07
dp[23][1324]=3141.67
dp[24][1324]=3278.26
dp[25][1324]=3414.85
dp[26][1324]=3551.45
dp[27][1324]=3688.04
dp[28][1324]=3824.64
dp[29][1324]=3961.23
dp[30][1324]=4097.83
dp[31][1324]=4234.42
dp[32][1324]=4371.01
dp[33][1324]=4507.61
dp[34][1324]=4644.2
dp[35][1324]=4780.8
dp[36][1324]=4917.39
Select best dp
Best k=2
dp[2][1324]=-8.6e+11
dp[3][1324]=-3.37e+12
dp[4][1324]=-5.83e+12
dp[5][1324]=-8.23e+12
dp[6][1324]=-9.96e+12
dp[7][1324]=-1.122e+13
dp[8][1324]=-1.199e+13
dp[9][1324]=-1.243e+13
dp[10][1324]=-1.282e+13
dp[11][1324]=-1.282e+13
dp[12][1324]=-1.282e+13
dp[13][1324]=-1.282e+13
dp[14][1324]=-1.282e+13
dp[15][1324]=-1.282e+13
dp[16][1324]=-1.282e+13
dp[17][1324]=-1.282e+13
dp[18][1324]=-1.282e+13
dp[19][1324]=-1.282e+13
dp[20][1324]=-1.282e+13
dp[21][1324]=-1.282e+13
dp[22][1324]=-1.282e+13
dp[23][1324]=-1.282e+13
dp[24][1324]=-1.282e+13
dp[25][1324]=-1.282e+13
dp[26][1324]=-1.282e+13
dp[27][1324]=-1.282e+13
dp[28][1324]=-1.282e+13
dp[29][1324]=-1.282e+13
dp[30][1324]=-1.282e+13
dp[31][1324]=-1.282e+13
dp[32][1324]=-1.282e+13
dp[33][1324]=-1.246e+13
dp[34][1324]=-1.21e+13
dp[35][1324]=-1.174e+13
dp[36][1324]=-1.102e+13
Select best dp
Best k=10
dp[2][1324]=-4.3e+11
dp[3][1324]=-1.685e+12
dp[4][1324]=-2.915e+12
dp[5][1324]=-4.115e+12
dp[6][1324]=-4.98e+12
dp[7][1324]=-5.61e+12
dp[8][1324]=-5.995e+12
dp[9][1324]=-6.215e+12
dp[10][1324]=-6.41e+12
dp[11][1324]=-6.41e+12
dp[12][1324]=-6.41e+12
dp[13][1324]=-6.41e+12
dp[14][1324]=-6.41e+12
dp[15][1324]=-6.41e+12
dp[16][1324]=-6.41e+12
dp[17][1324]=-6.41e+12
dp[18][1324]=-6.41e+12
dp[19][1324]=-6.41e+12
dp[20][1324]=-6.41e+12
dp[21][1324]=-6.41e+12
dp[22][1324]=-6.41e+12
dp[23][1324]=-6.41e+12
dp[24][1324]=-6.41e+12
dp[25][1324]=-6.41e+12
dp[26][1324]=-6.41e+12
dp[27][1324]=-6.41e+12
dp[28][1324]=-6.41e+12
dp[29][1324]=-6.41e+12
dp[30][1324]=-6.41e+12
dp[31][1324]=-6.41e+12
dp[32][1324]=-6.41e+12
dp[33][1324]=-6.23e+12
dp[34][1324]=-6.05e+12
dp[35][1324]=-5.87e+12
dp[36][1324]=-5.51e+12
Select best dp
Best k=10
dp[2][1324]=-370.249
dp[3][1324]=-7.1e+11
dp[4][1324]=-1.33e+12
dp[5][1324]=-1.9e+12
dp[6][1324]=-2.46e+12
dp[7][1324]=-3.01e+12
dp[8][1324]=-3.59e+12
dp[9][1324]=-4.14e+12
dp[10][1324]=-4.6e+12
dp[11][1324]=-5.15e+12
dp[12][1324]=-5.66e+12
dp[13][1324]=-6.09e+12
dp[14][1324]=-6.6e+12
dp[15][1324]=-7.08e+12
dp[16][1324]=-7.54e+12
dp[17][1324]=-8.02e+12
dp[18][1324]=-8.48e+12
dp[19][1324]=-8.91e+12
dp[20][1324]=-9.3e+12
dp[21][1324]=-9.3e+12
dp[22][1324]=-9.69e+12
dp[23][1324]=-9.69e+12
dp[24][1324]=-1.005e+13
dp[25][1324]=-1.005e+13
dp[26][1324]=-1.005e+13
dp[27][1324]=-1.005e+13
dp[28][1324]=-9.69e+12
dp[29][1324]=-9.33e+12
dp[30][1324]=-8.97e+12
dp[31][1324]=-8.61e+12
dp[32][1324]=-8.25e+12
dp[33][1324]=-7.86e+12
dp[34][1324]=-7.34e+12
dp[35][1324]=-6.62e+12
dp[36][1324]=-4.82e+12
Select best dp
Best k=25
Stratifying 2-th numerical feature ...
dp[2][1324]=-8.6e+11
dp[3][1324]=-3.37e+12
dp[4][1324]=-5.83e+12
dp[5][1324]=-8.23e+12
dp[6][1324]=-9.96e+12
dp[7][1324]=-1.122e+13
dp[8][1324]=-1.199e+13
dp[9][1324]=-1.243e+13
dp[10][1324]=-1.282e+13
dp[11][1324]=-1.282e+13
dp[12][1324]=-1.282e+13
dp[13][1324]=-1.282e+13
dp[14][1324]=-1.282e+13
dp[15][1324]=-1.282e+13
dp[16][1324]=-1.282e+13
dp[17][1324]=-1.282e+13
dp[18][1324]=-1.282e+13
dp[19][1324]=-1.282e+13
dp[20][1324]=-1.282e+13
dp[21][1324]=-1.282e+13
dp[22][1324]=-1.282e+13
dp[23][1324]=-1.282e+13
dp[24][1324]=-1.282e+13
dp[25][1324]=-1.282e+13
dp[26][1324]=-1.282e+13
dp[27][1324]=-1.282e+13
dp[28][1324]=-1.282e+13
dp[29][1324]=-1.282e+13
dp[30][1324]=-1.282e+13
dp[31][1324]=-1.282e+13
dp[32][1324]=-1.282e+13
dp[33][1324]=-1.246e+13
dp[34][1324]=-1.21e+13
dp[35][1324]=-1.174e+13
dp[36][1324]=-1.102e+13
Select best dp
Best k=10
dp[2][1324]=-8.6e+11
dp[3][1324]=-3.37e+12
dp[4][1324]=-5.83e+12
dp[5][1324]=-8.23e+12
dp[6][1324]=-9.96e+12
dp[7][1324]=-1.122e+13
dp[8][1324]=-1.199e+13
dp[9][1324]=-1.243e+13
dp[10][1324]=-1.282e+13
dp[11][1324]=-1.282e+13
dp[12][1324]=-1.282e+13
dp[13][1324]=-1.282e+13
dp[14][1324]=-1.282e+13
dp[15][1324]=-1.282e+13
dp[16][1324]=-1.282e+13
dp[17][1324]=-1.282e+13
dp[18][1324]=-1.282e+13
dp[19][1324]=-1.282e+13
dp[20][1324]=-1.282e+13
dp[21][1324]=-1.282e+13
dp[22][1324]=-1.282e+13
dp[23][1324]=-1.282e+13
dp[24][1324]=-1.282e+13
dp[25][1324]=-1.282e+13
dp[26][1324]=-1.282e+13
dp[27][1324]=-1.282e+13
dp[28][1324]=-1.282e+13
dp[29][1324]=-1.282e+13
dp[30][1324]=-1.282e+13
dp[31][1324]=-1.282e+13
dp[32][1324]=-1.282e+13
dp[33][1324]=-1.246e+13
dp[34][1324]=-1.21e+13
dp[35][1324]=-1.174e+13
dp[36][1324]=-1.102e+13
Select best dp
Best k=10
dp[2][1324]=-2.2e+11
dp[3][1324]=-7.1e+11
dp[4][1324]=-1.33e+12
dp[5][1324]=-1.9e+12
dp[6][1324]=-2.46e+12
dp[7][1324]=-3.01e+12
dp[8][1324]=-3.59e+12
dp[9][1324]=-4.14e+12
dp[10][1324]=-4.6e+12
dp[11][1324]=-5.15e+12
dp[12][1324]=-5.66e+12
dp[13][1324]=-6.09e+12
dp[14][1324]=-6.6e+12
dp[15][1324]=-7.08e+12
dp[16][1324]=-7.54e+12
dp[17][1324]=-8.02e+12
dp[18][1324]=-8.48e+12
dp[19][1324]=-8.91e+12
dp[20][1324]=-9.3e+12
dp[21][1324]=-9.6e+12
dp[22][1324]=-9.92e+12
dp[23][1324]=-1.024e+13
dp[24][1324]=-1.06e+13
dp[25][1324]=-1.089e+13
dp[26][1324]=-1.124e+13
dp[27][1324]=-1.16e+13
dp[28][1324]=-1.185e+13
dp[29][1324]=-1.226e+13
dp[30][1324]=-1.269e+13
dp[31][1324]=-1.294e+13
dp[32][1324]=-1.31e+13
dp[33][1324]=-1.317e+13
dp[34][1324]=-1.317e+13
dp[35][1324]=-1.317e+13
dp[36][1324]=-1.317e+13
Select best dp
Best k=33
Stratifying 2-th numerical feature ...
dp[2][1324]=-8.6e+11
dp[3][1324]=-3.37e+12
dp[4][1324]=-5.83e+12
dp[5][1324]=-8.23e+12
dp[6][1324]=-9.96e+12
dp[7][1324]=-1.122e+13
dp[8][1324]=-1.199e+13
dp[9][1324]=-1.243e+13
dp[10][1324]=-1.282e+13
dp[11][1324]=-1.282e+13
dp[12][1324]=-1.282e+13
dp[13][1324]=-1.282e+13
dp[14][1324]=-1.282e+13
dp[15][1324]=-1.282e+13
dp[16][1324]=-1.282e+13
dp[17][1324]=-1.282e+13
dp[18][1324]=-1.282e+13
dp[19][1324]=-1.282e+13
dp[20][1324]=-1.282e+13
dp[21][1324]=-1.282e+13
dp[22][1324]=-1.282e+13
dp[23][1324]=-1.282e+13
dp[24][1324]=-1.282e+13
dp[25][1324]=-1.282e+13
dp[26][1324]=-1.282e+13
dp[27][1324]=-1.282e+13
dp[28][1324]=-1.282e+13
dp[29][1324]=-1.282e+13
dp[30][1324]=-1.282e+13
dp[31][1324]=-1.282e+13
dp[32][1324]=-1.282e+13
dp[33][1324]=-1.282e+13
dp[34][1324]=-1.282e+13
dp[35][1324]=-1.282e+13
dp[36][1324]=-1.282e+13
Select best dp
Best k=10
dp[2][1324]=-8.6e+11
dp[3][1324]=-3.37e+12
dp[4][1324]=-5.83e+12
dp[5][1324]=-8.23e+12
dp[6][1324]=-9.96e+12
dp[7][1324]=-1.122e+13
dp[8][1324]=-1.199e+13
dp[9][1324]=-1.243e+13
dp[10][1324]=-1.282e+13
dp[11][1324]=-1.297e+13
dp[12][1324]=-1.308e+13
dp[13][1324]=-1.308e+13
dp[14][1324]=-1.308e+13
dp[15][1324]=-1.308e+13
dp[16][1324]=-1.308e+13
dp[17][1324]=-1.308e+13
dp[18][1324]=-1.308e+13
dp[19][1324]=-1.308e+13
dp[20][1324]=-1.308e+13
dp[21][1324]=-1.308e+13
dp[22][1324]=-1.308e+13
dp[23][1324]=-1.308e+13
dp[24][1324]=-1.308e+13
dp[25][1324]=-1.308e+13
dp[26][1324]=-1.308e+13
dp[27][1324]=-1.308e+13
dp[28][1324]=-1.308e+13
dp[29][1324]=-1.308e+13
dp[30][1324]=-1.308e+13
dp[31][1324]=-1.308e+13
dp[32][1324]=-1.308e+13
dp[33][1324]=-1.308e+13
dp[34][1324]=-1.308e+13
dp[35][1324]=-1.308e+13
dp[36][1324]=-1.308e+13
Select best dp
Best k=12
dp[2][1324]=-8.6e+11
dp[3][1324]=-3.37e+12
dp[4][1324]=-5.83e+12
dp[5][1324]=-8.23e+12
dp[6][1324]=-9.96e+12
dp[7][1324]=-1.122e+13
dp[8][1324]=-1.199e+13
dp[9][1324]=-1.243e+13
dp[10][1324]=-1.282e+13
dp[11][1324]=-1.297e+13
dp[12][1324]=-1.308e+13
dp[13][1324]=-1.318e+13
dp[14][1324]=-1.318e+13
dp[15][1324]=-1.318e+13
dp[16][1324]=-1.318e+13
dp[17][1324]=-1.318e+13
dp[18][1324]=-1.318e+13
dp[19][1324]=-1.318e+13
dp[20][1324]=-1.318e+13
dp[21][1324]=-1.318e+13
dp[22][1324]=-1.318e+13
dp[23][1324]=-1.318e+13
dp[24][1324]=-1.318e+13
dp[25][1324]=-1.318e+13
dp[26][1324]=-1.318e+13
dp[27][1324]=-1.318e+13
dp[28][1324]=-1.318e+13
dp[29][1324]=-1.318e+13
dp[30][1324]=-1.318e+13
dp[31][1324]=-1.318e+13
dp[32][1324]=-1.318e+13
dp[33][1324]=-1.318e+13
dp[34][1324]=-1.318e+13
dp[35][1324]=-1.318e+13
dp[36][1324]=-1.318e+13
Select best dp
Best k=13
dp[2][1324]=-8.6e+11
dp[3][1324]=-3.37e+12
dp[4][1324]=-5.83e+12
dp[5][1324]=-8.23e+12
dp[6][1324]=-9.96e+12
dp[7][1324]=-1.122e+13
dp[8][1324]=-1.199e+13
dp[9][1324]=-1.243e+13
dp[10][1324]=-1.282e+13
dp[11][1324]=-1.282e+13
dp[12][1324]=-1.282e+13
dp[13][1324]=-1.282e+13
dp[14][1324]=-1.282e+13
dp[15][1324]=-1.282e+13
dp[16][1324]=-1.282e+13
dp[17][1324]=-1.282e+13
dp[18][1324]=-1.282e+13
dp[19][1324]=-1.282e+13
dp[20][1324]=-1.282e+13
dp[21][1324]=-1.282e+13
dp[22][1324]=-1.282e+13
dp[23][1324]=-1.282e+13
dp[24][1324]=-1.282e+13
dp[25][1324]=-1.282e+13
dp[26][1324]=-1.282e+13
dp[27][1324]=-1.282e+13
dp[28][1324]=-1.282e+13
dp[29][1324]=-1.282e+13
dp[30][1324]=-1.282e+13
dp[31][1324]=-1.282e+13
dp[32][1324]=-1.282e+13
dp[33][1324]=-1.246e+13
dp[34][1324]=-1.21e+13
dp[35][1324]=-1.174e+13
dp[36][1324]=-1.102e+13
Select best dp
Best k=10
