Standardize ...
Stratifying 1-th numerical feature ...
Standardize ...
Stratifying 1-th numerical feature ...
Standardize ...
Stratifying 1-th numerical feature ...
Standardize ...
Stratifying 1-th numerical feature ...
Standardize ...
Stratifying 1-th numerical feature ...
Standardize ...
Stratifying 1-th numerical feature ...
Standardize ...
Stratifying 1-th numerical feature ...
Standardize ...
Stratifying 1-th numerical feature ...
Standardize ...
Stratifying 1-th numerical feature ...
Standardize ...
Stratifying 1-th numerical feature ...
Standardize ...
Stratifying 1-th numerical feature ...
Standardize ...
Stratifying 1-th numerical feature ...
Standardize ...
Stratifying 1-th numerical feature ...
Standardize ...
Stratifying 1-th numerical feature ...
dp[2][188]=100.566
dp[3][188]=110.89
dp[4][188]=178.13
dp[5][188]=265.681
dp[6][188]=380.999
dp[7][188]=500.953
dp[8][188]=633.21
dp[9][188]=767.309
dp[10][188]=905.012
dp[11][188]=1059.04
dp[12][188]=1213.14
dp[13][188]=1376.22
Select best dp
Best k=2
Stratifying 2-th numerical feature ...
dp[2][188]=100.566
dp[3][188]=110.89
dp[4][188]=178.13
dp[5][188]=265.681
dp[6][188]=380.999
dp[7][188]=500.953
dp[8][188]=633.21
dp[9][188]=767.309
dp[10][188]=905.012
dp[11][188]=1059.04
dp[12][188]=1213.14
dp[13][188]=1376.22
Select best dp
Best k=2
Stratifying 2-th numerical feature ...
dp[2][188]=100.566
dp[3][188]=110.89
dp[4][188]=178.13
dp[5][188]=265.681
dp[6][188]=380.999
dp[7][188]=505.629
dp[8][188]=648.441
dp[9][188]=800.407
Select best dp
Best k=2
Stratifying 2-th numerical feature ...
dp[2][188]=100.566
dp[3][188]=-5e+10
dp[4][188]=-5e+10
dp[5][188]=-5e+10
dp[6][188]=-5e+10
dp[7][188]=-5e+10
dp[8][188]=-5e+10
dp[9][188]=-5e+10
dp[10][188]=-5e+10
dp[11][188]=-5e+10
dp[12][188]=-5e+10
dp[13][188]=-5e+10
Select best dp
Best k=3
Stratifying 2-th numerical feature ...
dp[2][188]=100.566
dp[3][188]=110.89
dp[4][188]=178.13
dp[5][188]=265.681
dp[6][188]=380.999
dp[7][188]=500.953
dp[8][188]=633.21
dp[9][188]=767.309
dp[10][188]=905.012
dp[11][188]=1059.04
dp[12][188]=1213.14
dp[13][188]=1376.22
Select best dp
Best k=2
Stratifying 2-th numerical feature ...
dp[2][188]=100.566
dp[3][188]=110.89
dp[4][188]=178.13
dp[5][188]=265.681
dp[6][188]=380.999
dp[7][188]=500.953
dp[8][188]=633.21
dp[9][188]=766.41
dp[10][188]=901.831
dp[11][188]=1041.93
dp[12][188]=1192.9
dp[13][188]=1344.69
Select best dp
Best k=2
Stratifying 2-th numerical feature ...
dp[2][188]=100.566
dp[3][188]=110.89
dp[4][188]=178.13
dp[5][188]=265.681
dp[6][188]=380.999
dp[7][188]=500.953
dp[8][188]=633.21
dp[9][188]=767.309
dp[10][188]=905.012
dp[11][188]=1059.04
dp[12][188]=1213.14
dp[13][188]=1376.22
Select best dp
Best k=2
Stratifying 2-th numerical feature ...
dp[2][188]=149.05
dp[3][188]=156.294
dp[4][188]=226.733
dp[5][188]=331.756
dp[6][188]=439.212
dp[7][188]=557.831
dp[8][188]=683.276
dp[9][188]=820.204
dp[10][188]=959.302
dp[11][188]=1101.35
dp[12][188]=1263.64
dp[13][188]=1426.11
Select best dp
Best k=2
dp[2][188]=149.05
dp[3][188]=156.294
dp[4][188]=226.733
dp[5][188]=331.756
dp[6][188]=442.547
dp[7][188]=561.166
dp[8][188]=690.183
dp[9][188]=843.393
Select best dp
Best k=2
Stratifying 3-th numerical feature ...
Stratifying 3-th numerical feature ...
dp[2][188]=49.7972
dp[3][188]=1.66844
dp[4][188]=45.4815
dp[5][188]=144.373
dp[6][188]=245.166
dp[7][188]=356.922
dp[8][188]=477.384
dp[9][188]=608.216
dp[10][188]=739.6
dp[11][188]=875.546
dp[12][188]=1031.36
dp[13][188]=1190.29
Select best dp
Best k=3
Stratifying 3-th numerical feature ...
dp[2][188]=233.744
dp[3][188]=330.637
dp[4][188]=455.987
dp[5][188]=591.494
dp[6][188]=740.883
dp[7][188]=892.591
dp[8][188]=1050.45
dp[9][188]=1209.23
dp[10][188]=1369.81
dp[11][188]=1538.56
dp[12][188]=1707.34
dp[13][188]=1880.61
Select best dp
Best k=2
Stratifying 2-th numerical feature ...
dp[2][188]=100.566
dp[3][188]=110.89
dp[4][188]=178.13
dp[5][188]=265.681
dp[6][188]=380.999
dp[7][188]=500.953
dp[8][188]=633.21
dp[9][188]=767.309
dp[10][188]=905.012
dp[11][188]=1059.04
dp[12][188]=1213.14
dp[13][188]=1376.22
Select best dp
Best k=2
dp[2][188]=366.922
Stratifying 2-th numerical feature ...
dp[3][188]=550.383
dp[4][188]=733.845
dp[5][188]=917.306
dp[6][188]=1100.77
dp[7][188]=1284.23
dp[8][188]=1467.69
dp[9][188]=1651.15
dp[10][188]=1834.61
dp[11][188]=2018.07
dp[12][188]=2201.53
dp[13][188]=2384.99
Select best dp
Best k=2
Stratifying 2-th numerical feature ...
dp[2][188]=-165.791
dp[3][188]=-328.603
dp[4][188]=-377.584
dp[5][188]=-385.943
dp[6][188]=-338.769
dp[7][188]=-282.321
dp[8][188]=-201.269
dp[9][188]=-116.533
dp[10][188]=-24.5869
dp[11][188]=100.01
dp[12][188]=224.752
dp[13][188]=367.443
Select best dp
Best k=5
Stratifying 2-th numerical feature ...
dp[2][188]=100.566
dp[3][188]=110.89
dp[4][188]=178.13
dp[5][188]=265.681
dp[6][188]=380.999
dp[7][188]=500.953
dp[8][188]=633.21
dp[9][188]=767.309
dp[10][188]=905.012
dp[11][188]=1059.04
dp[12][188]=1213.14
dp[13][188]=1376.22
Select best dp
Best k=2
Stratifying 2-th numerical feature ...
dp[2][188]=100.566
dp[3][188]=110.89
dp[4][188]=178.13
dp[5][188]=265.681
dp[6][188]=380.999
dp[7][188]=500.953
dp[8][188]=633.21
dp[9][188]=766.41
dp[10][188]=901.831
dp[11][188]=1041.93
dp[12][188]=1192.08
dp[13][188]=1342.98
Select best dp
Best k=2
Stratifying 2-th numerical feature ...
dp[2][188]=89.0717
dp[3][188]=81.8273
dp[4][188]=140.086
dp[5][188]=226.842
dp[6][188]=330.167
dp[7][188]=449.381
dp[8][188]=569.958
dp[9][188]=698.894
dp[10][188]=829.586
dp[11][188]=975.016
dp[12][188]=1121.77
dp[13][188]=1281.63
Select best dp
Best k=3
Stratifying 2-th numerical feature ...
dp[2][188]=149.05
dp[3][188]=-5e+10
dp[4][188]=-5e+10
dp[5][188]=-5e+10
dp[6][188]=-5e+10
dp[7][188]=-5e+10
dp[8][188]=-5e+10
dp[9][188]=-5e+10
dp[10][188]=-5e+10
dp[11][188]=-5e+10
dp[12][188]=-5e+10
dp[13][188]=-5e+10
Select best dp
Best k=3
Stratifying 3-th numerical feature ...
dp[2][188]=-126.137
dp[3][188]=-143.796
dp[4][188]=-82.7587
dp[5][188]=8.56123
dp[6][188]=117.305
dp[7][188]=234.783
dp[8][188]=363.518
dp[9][188]=504.236
Select best dp
Best k=3
Stratifying 4-th numerical feature ...
dp[2][188]=-126.137
dp[3][188]=-143.796
dp[4][188]=-82.9184
dp[5][188]=-2.11046
dp[6][188]=100.468
dp[7][188]=209.211
dp[8][188]=327.859
dp[9][188]=459.806
dp[10][188]=598.799
dp[11][188]=738.335
dp[12][188]=902.085
dp[13][188]=1071.88
Select best dp
Best k=3
Stratifying 4-th numerical feature ...
dp[2][188]=-300.45
dp[3][188]=-398.574
dp[4][188]=-368.35
dp[5][188]=-293.692
dp[6][188]=-224.354
dp[7][188]=-153.47
dp[8][188]=-65.3516
dp[9][188]=50.1605
dp[10][188]=176.25
dp[11][188]=311.938
dp[12][188]=473.73
dp[13][188]=644.401
Select best dp
Best k=3
Stratifying 4-th numerical feature ...
dp[2][188]=149.05
dp[3][188]=156.294
dp[4][188]=226.733
dp[5][188]=331.756
dp[6][188]=439.212
dp[7][188]=557.831
dp[8][188]=683.276
dp[9][188]=820.204
dp[10][188]=959.302
dp[11][188]=1101.35
dp[12][188]=1263.64
dp[13][188]=1426.11
Select best dp
Best k=2
Stratifying 3-th numerical feature ...
dp[2][188]=-1674.51
dp[3][188]=-2051.3
dp[4][188]=-2056.59
dp[5][188]=-2085.08
dp[6][188]=-2057.69
dp[7][188]=-1953.26
dp[8][188]=-1845.97
dp[9][188]=-1722.37
Select best dp
Best k=5
Stratifying 5-th numerical feature ...
dp[2][188]=149.05
dp[3][188]=156.294
dp[4][188]=226.733
dp[5][188]=331.756
dp[6][188]=439.212
dp[7][188]=557.831
dp[8][188]=683.276
dp[9][188]=820.204
dp[10][188]=959.302
dp[11][188]=1101.35
dp[12][188]=1263.64
dp[13][188]=1426.11
Select best dp
Best k=2
Stratifying 3-th numerical feature ...
dp[2][188]=149.05
dp[3][188]=156.294
dp[4][188]=226.733
dp[5][188]=331.756
dp[6][188]=437.642
dp[7][188]=556.261
dp[8][188]=681.706
dp[9][188]=816.984
dp[10][188]=953.092
dp[11][188]=1092.43
dp[12][188]=1238.54
dp[13][188]=1387.66
Select best dp
Best k=2
Stratifying 3-th numerical feature ...
dp[2][188]=-1674.51
dp[3][188]=-2051.3
dp[4][188]=-2056.59
dp[5][188]=-2101.41
dp[6][188]=-2082.34
dp[7][188]=-2028.25
dp[8][188]=-1944.78
dp[9][188]=-1827.4
dp[10][188]=-1715.27
dp[11][188]=-1569.22
dp[12][188]=-1418.39
dp[13][188]=-1240.91
Select best dp
Best k=5
Stratifying 5-th numerical feature ...
dp[2][188]=-1674.51
dp[3][188]=-2051.3
dp[4][188]=-2056.59
dp[5][188]=-2101.41
dp[6][188]=-2082.34
dp[7][188]=-2028.25
dp[8][188]=-1944.78
dp[9][188]=-1827.4
dp[10][188]=-1715.27
dp[11][188]=-1569.22
dp[12][188]=-1418.39
dp[13][188]=-1240.91
Select best dp
Best k=5
Stratifying 5-th numerical feature ...
dp[2][188]=149.05
dp[3][188]=156.294
dp[4][188]=226.733
dp[5][188]=331.756
dp[6][188]=439.212
dp[7][188]=557.831
dp[8][188]=683.276
dp[9][188]=820.204
dp[10][188]=959.302
dp[11][188]=1101.35
dp[12][188]=1263.64
dp[13][188]=1426.11
Select best dp
Best k=2
Stratifying 3-th numerical feature ...
dp[2][188]=366.922
dp[3][188]=550.383
dp[4][188]=733.845
dp[5][188]=917.306
dp[6][188]=1100.77
dp[7][188]=1284.23
dp[8][188]=1467.69
dp[9][188]=1651.15
dp[10][188]=1834.61
dp[11][188]=2018.07
dp[2][188]=-5e+10
dp[12][188]=2201.53
dp[3][188]=-1e+11
dp[13][188]=2384.99
dp[4][188]=-1.7e+11
Select best dp
dp[5][188]=-2.2e+11
Best k=2
dp[6][188]=-2.6e+11
dp[7][188]=-3.1e+11
dp[8][188]=-3.6e+11
dp[9][188]=-4e+11
dp[10][188]=-4.4e+11
dp[11][188]=-4.9e+11
dp[12][188]=-5.4e+11
dp[13][188]=-5.8e+11
Select best dp
Best k=13
dp[2][188]=257.986
dp[3][188]=353.339
dp[4][188]=480.289
dp[5][188]=624.531
dp[6][188]=769.99
dp[7][188]=921.03
dp[8][188]=1075.48
dp[9][188]=1235.68
dp[10][188]=1396.96
dp[11][188]=1559.71
Stratifying 4-th numerical feature ...
dp[12][188]=1732.59
dp[13][188]=1905.55
Select best dp
Best k=2
Stratifying 3-th numerical feature ...
Stratifying 3-th numerical feature ...
dp[2][188]=-68.822
dp[3][188]=-237.795
dp[4][188]=-280.379
dp[5][188]=-253.795
dp[6][188]=-222.342
dp[7][188]=-168.565
dp[8][188]=-101.137
dp[9][188]=-10.7416
dp[10][188]=83.9921
dp[11][188]=184.625
dp[12][188]=325.75
dp[13][188]=467.219
Select best dp
Best k=4
Stratifying 3-th numerical feature ...
dp[2][188]=-126.137
dp[3][188]=-143.796
dp[4][188]=-82.9184
dp[5][188]=-2.11046
dp[6][188]=100.468
dp[7][188]=209.211
dp[8][188]=327.859
dp[9][188]=459.806
dp[10][188]=598.799
dp[11][188]=738.335
dp[12][188]=902.085
dp[13][188]=1071.88
Select best dp
Best k=3
Stratifying 4-th numerical feature ...
dp[2][188]=149.05
dp[3][188]=156.294
dp[4][188]=226.733
dp[5][188]=331.756
dp[6][188]=437.642
dp[7][188]=556.261
dp[8][188]=681.706
dp[9][188]=816.984
dp[10][188]=953.092
dp[11][188]=1093.43
dp[12][188]=1239.54
dp[13][188]=1390.56
Select best dp
Best k=2
Stratifying 3-th numerical feature ...
dp[2][188]=149.05
dp[3][188]=156.294
dp[4][188]=226.733
dp[5][188]=331.756
dp[6][188]=439.212
dp[7][188]=557.831
dp[8][188]=683.276
dp[9][188]=820.204
dp[10][188]=959.302
dp[11][188]=1101.35
dp[12][188]=1263.64
dp[13][188]=1426.11
Select best dp
Best k=2
Stratifying 3-th numerical feature ...
dp[2][188]=-147.866
dp[3][188]=-201.702
dp[4][188]=-144.133
dp[5][188]=-56.1582
dp[6][188]=47.0715
dp[7][188]=167.273
dp[8][188]=306.501
dp[9][188]=455.249
Select best dp
Best k=3
Stratifying 6-th numerical feature ...
dp[2][188]=-147.866
dp[3][188]=-201.702
dp[4][188]=-144.133
dp[5][188]=-56.1582
dp[6][188]=47.0715
dp[7][188]=167.273
dp[8][188]=289.587
dp[9][188]=423.19
dp[10][188]=559.176
dp[11][188]=696.791
dp[12][188]=844.06
dp[13][188]=1001.11
Select best dp
Best k=3
Stratifying 6-th numerical feature ...
dp[2][188]=-126.137
dp[3][188]=-1e+11
dp[4][188]=-1.7e+11
dp[5][188]=-1.9e+11
dp[6][188]=-2.6e+11
dp[7][188]=-3e+11
dp[8][188]=-3.3e+11
dp[9][188]=-3.9e+11
dp[10][188]=-3.9e+11
dp[11][188]=-4.5e+11
dp[12][188]=-4.5e+11
dp[13][188]=-4.9e+11
Select best dp
Best k=13
Stratifying 4-th numerical feature ...
dp[2][188]=-975.4
dp[3][188]=-1031.8
dp[4][188]=-1005.38
dp[5][188]=-941.167
dp[6][188]=-844.577
dp[7][188]=-735.386
dp[8][188]=-607.134
dp[9][188]=-475.163
dp[10][188]=-337.282
dp[11][188]=-195.56
dp[12][188]=-43.5085
dp[13][188]=119.924
Select best dp
Best k=3
Stratifying 5-th numerical feature ...
dp[2][188]=-642.915
dp[3][188]=-797.875
dp[4][188]=-785.853
dp[5][188]=-730.522
dp[6][188]=-637.668
dp[7][188]=-524.173
dp[8][188]=-409.657
dp[9][188]=-292.429
dp[10][188]=-169.881
dp[11][188]=-35.7507
dp[12][188]=106.146
dp[13][188]=261.668
Select best dp
Best k=3
Stratifying 6-th numerical feature ...
dp[2][188]=59.3695
dp[3][188]=18.2103
dp[4][188]=57.2176
dp[5][188]=155.706
dp[6][188]=258.155
dp[7][188]=367.413
dp[8][188]=486.201
dp[9][188]=611.973
dp[10][188]=742.816
dp[11][188]=878.004
dp[12][188]=1033.11
dp[13][188]=1193.06
Select best dp
Best k=3
Stratifying 3-th numerical feature ...
dp[2][188]=-2219.5
dp[3][188]=-2421.47
dp[4][188]=-2437.23
dp[5][188]=-2392.24
dp[6][188]=-2309.98
dp[7][188]=-2210.29
dp[8][188]=-2089.26
dp[9][188]=-1961.33
Select best dp
Best k=4
Stratifying 7-th numerical feature ...
dp[2][188]=-5e+10
dp[3][188]=-5e+10
dp[4][188]=-5e+10
dp[5][188]=-5e+10
dp[6][188]=-5e+10
dp[7][188]=-5e+10
dp[8][188]=-5e+10
dp[9][188]=-5e+10
dp[10][188]=-5e+10
dp[11][188]=-5e+10
dp[12][188]=-5e+10
dp[13][188]=-5e+10
Select best dp
Best k=6
Stratifying 5-th numerical feature ...
dp[2][188]=-126.137
dp[3][188]=-143.796
dp[4][188]=-82.9184
dp[5][188]=-2.11046
dp[6][188]=100.468
dp[7][188]=209.211
dp[8][188]=327.859
dp[9][188]=459.806
dp[10][188]=598.799
dp[11][188]=738.335
dp[12][188]=902.085
dp[13][188]=1071.88
Select best dp
Best k=3
Stratifying 4-th numerical feature ...
dp[2][188]=-2225.27
dp[3][188]=-2435.85
dp[4][188]=-2454.12
dp[5][188]=-2409.13
dp[6][188]=-2326.87
dp[7][188]=-2230.47
dp[8][188]=-2118.15
dp[9][188]=-2001.87
dp[10][188]=-1873.84
dp[11][188]=-1733.94
dp[12][188]=-1580.92
dp[13][188]=-1418.8
Select best dp
Best k=4
Stratifying 7-th numerical feature ...
dp[2][188]=-287.143
dp[3][188]=-432.56
dp[4][188]=-579.036
dp[5][188]=-560.546
dp[6][188]=-488.54
dp[7][188]=-407.516
dp[8][188]=-272.817
dp[9][188]=-105.129
Select best dp
Best k=4
Stratifying 8-th numerical feature ...
dp[2][188]=366.922
dp[3][188]=550.383
dp[4][188]=733.845
dp[5][188]=917.306
dp[6][188]=1100.77
dp[7][188]=1284.23
dp[8][188]=1467.69
dp[9][188]=1651.15
dp[10][188]=1834.61
dp[11][188]=2018.07
dp[12][188]=2201.53
dp[13][188]=2384.99
Select best dp
Best k=2
Stratifying 4-th numerical feature ...
dp[2][188]=-147.866
dp[2][188]=-126.137
dp[3][188]=-201.702
dp[4][188]=-144.133
dp[3][188]=-143.796
dp[5][188]=-56.1582
dp[4][188]=-82.9184
dp[6][188]=47.0715
dp[5][188]=-2.11046
dp[7][188]=167.273
dp[8][188]=289.587
dp[6][188]=100.468
dp[9][188]=423.19
dp[10][188]=559.176
dp[7][188]=209.211
dp[11][188]=696.791
dp[8][188]=327.859
dp[12][188]=844.06
dp[9][188]=459.806
dp[13][188]=1001.11
Select best dp
dp[10][188]=598.799
Best k=3
dp[11][188]=738.335
dp[12][188]=902.085
dp[13][188]=1071.88
Select best dp
Best k=3
Stratifying 6-th numerical feature ...
dp[2][188]=120.393
dp[3][188]=203.294
Stratifying 4-th numerical feature ...
dp[4][188]=325.463
dp[5][188]=457.598
dp[6][188]=600.617
dp[7][188]=746.72
dp[8][188]=897.774
dp[9][188]=1055.48
dp[10][188]=1216.71
dp[11][188]=1378.2
dp[12][188]=1551.81
dp[13][188]=1728.44
Select best dp
Best k=2
dp[2][188]=-2047.57
dp[3][188]=-2265.45
dp[4][188]=-2274.46
dp[5][188]=-2228.77
dp[6][188]=-2141.42
dp[7][188]=-2052.66
Stratifying 4-th numerical feature ...
dp[8][188]=-1935.06
dp[9][188]=-1816.98
dp[10][188]=-1693.82
dp[11][188]=-1555.05
dp[12][188]=-1403.62
dp[13][188]=-1248.35
Select best dp
Best k=4
Stratifying 7-th numerical feature ...
dp[2][188]=-126.137
dp[3][188]=-143.796
dp[4][188]=-82.9184
dp[5][188]=-2.11046
dp[6][188]=100.468
dp[7][188]=209.211
dp[8][188]=327.859
dp[9][188]=459.806
dp[10][188]=598.799
dp[11][188]=738.335
dp[12][188]=902.085
dp[13][188]=1071.88
Select best dp
Best k=3
Stratifying 4-th numerical feature ...
dp[2][188]=-619.196
dp[3][188]=-837.975
dp[4][188]=-899.681
dp[5][188]=-921.527
dp[6][188]=-899.832
dp[7][188]=-865.805
dp[8][188]=-811.971
dp[9][188]=-731.539
dp[10][188]=-637.012
dp[11][188]=-541.402
dp[12][188]=-397.365
dp[13][188]=-241.24
Select best dp
Best k=5
dp[2][188]=-1674.51
dp[3][188]=-2051.3
dp[4][188]=-2064.41
dp[5][188]=-2143.41
dp[6][188]=-2125.71
dp[7][188]=-2100.6
Stratifying 4-th numerical feature ...
dp[8][188]=-2032.06
dp[9][188]=-1917.38
dp[10][188]=-1809.04
dp[11][188]=-1682.47
dp[12][188]=-1548.33
dp[13][188]=-1411.35
Select best dp
Best k=5
Stratifying 5-th numerical feature ...
dp[2][188]=-126.137
dp[3][188]=-1e+11
dp[4][188]=-1e+11
dp[5][188]=-1e+11
dp[6][188]=-1e+11
dp[7][188]=-1e+11
dp[8][188]=-1e+11
dp[9][188]=-1e+11
dp[10][188]=-1e+11
dp[11][188]=-1e+11
dp[12][188]=-1e+11
dp[13][188]=-1e+11
Select best dp
Best k=4
Stratifying 4-th numerical feature ...
dp[2][188]=-5e+10
dp[3][188]=-8e+10
dp[4][188]=-1.5e+11
dp[5][188]=-2e+11
dp[6][188]=-2.4e+11
dp[7][188]=-2.9e+11
dp[8][188]=-3.3e+11
dp[9][188]=-3.9e+11
dp[10][188]=-4.4e+11
dp[11][188]=-4.4e+11
dp[12][188]=-4.9e+11
dp[13][188]=-4.9e+11
Select best dp
Best k=13
Stratifying 6-th numerical feature ...
dp[2][188]=-290.268
dp[3][188]=-429.56
dp[4][188]=-555.074
dp[5][188]=-575.089
dp[6][188]=-503.062
dp[7][188]=-413.167
dp[8][188]=-277.023
dp[9][188]=-134.589
Select best dp
Best k=5
Stratifying 9-th numerical feature ...
dp[2][188]=-337.585
dp[3][188]=-521.418
dp[4][188]=-702.818
dp[5][188]=-705.329
dp[6][188]=-647.015
dp[7][188]=-576.074
dp[8][188]=-481.324
dp[9][188]=-383.112
dp[10][188]=-272.968
dp[11][188]=-143.13
dp[12][188]=-6.23443
dp[13][188]=153.132
Select best dp
Best k=5
Stratifying 8-th numerical feature ...
dp[2][188]=-260.535
dp[3][188]=-386.786
dp[4][188]=-514.25
dp[5][188]=-488.109
dp[6][188]=-408.824
dp[7][188]=-324.153
dp[8][188]=-229.038
dp[9][188]=-116.439
dp[10][188]=5.30949
dp[11][188]=138.06
dp[12][188]=275.253
dp[13][188]=440.817
Select best dp
Best k=4
Stratifying 8-th numerical feature ...
dp[2][188]=-1194.62
dp[3][188]=-1275.85
dp[4][188]=-1252.13
dp[5][188]=-1161.97
dp[6][188]=-1067.79
dp[7][188]=-958.281
dp[8][188]=-830.831
dp[9][188]=-698.749
dp[10][188]=-559.456
dp[11][188]=-412.29
dp[12][188]=-261.293
dp[13][188]=-98.2029
Select best dp
Best k=3
Stratifying 7-th numerical feature ...
dp[2][188]=-284.55
dp[3][188]=-437.605
dp[4][188]=-535.76
dp[5][188]=-486.233
dp[6][188]=-419.091
dp[7][188]=-342.77
dp[8][188]=-212.258
dp[9][188]=-24.859
Select best dp
Best k=4
Stratifying 10-th numerical feature ...
dp[2][188]=-1674.51
dp[3][188]=-2051.3
dp[4][188]=-2056.59
dp[5][188]=-2101.41
dp[6][188]=-2082.34
dp[7][188]=-2028.25
dp[8][188]=-1944.78
dp[9][188]=-1827.4
dp[10][188]=-1715.27
dp[11][188]=-1569.22
dp[12][188]=-1418.39
dp[13][188]=-1240.91
Select best dp
Best k=5
Stratifying 5-th numerical feature ...
dp[2][188]=-147.866
dp[3][188]=-8e+10
dp[4][188]=-1.5e+11
dp[5][188]=-1.5e+11
dp[6][188]=-2.2e+11
dp[7][188]=-2.7e+11
dp[8][188]=-2.8e+11
dp[9][188]=-3.3e+11
dp[10][188]=-3.3e+11
dp[11][188]=-3.3e+11
dp[12][188]=-3.3e+11
dp[13][188]=-3.3e+11
Select best dp
Best k=10
Stratifying 6-th numerical feature ...
dp[2][188]=-263.099
dp[3][188]=-317.748
dp[4][188]=-284.077
dp[5][188]=-218.455
dp[6][188]=-131.677
dp[7][188]=-37.4451
dp[8][188]=65.0849
dp[9][188]=182.619
dp[10][188]=314.164
dp[11][188]=450.877
dp[12][188]=609.253
dp[13][188]=770.495
Select best dp
Best k=3
Stratifying 4-th numerical feature ...
dp[2][188]=-339.881
dp[3][188]=-517.28
dp[4][188]=-666.484
dp[5][188]=-712.527
dp[6][188]=-654.454
dp[7][188]=-572.494
dp[8][188]=-472.26
dp[9][188]=-370.035
dp[10][188]=-257.223
dp[11][188]=-125.852
dp[12][188]=10.1661
dp[13][188]=172.136
Select best dp
Best k=5
Stratifying 9-th numerical feature ...
dp[2][188]=-262.579
dp[3][188]=-382.705
dp[4][188]=-497.477
dp[5][188]=-503.908
dp[6][188]=-424.667
dp[7][188]=-332.288
dp[8][188]=-228.338
dp[9][188]=-116.796
dp[10][188]=3.23538
dp[11][188]=129.784
dp[12][188]=265.181
dp[13][188]=426.496
Select best dp
Best k=5
Stratifying 9-th numerical feature ...
dp[2][188]=8.33371
dp[3][188]=-4.33044
dp[4][188]=-3.27656
dp[5][188]=77.4348
dp[6][188]=192.572
dp[7][188]=312.271
dp[8][188]=443.384
dp[9][188]=577.344
dp[10][188]=716.194
dp[11][188]=865.262
dp[12][188]=1021.64
dp[13][188]=1189.94
Select best dp
Best k=3
dp[2][188]=-345.198
dp[3][188]=-483.526
dp[4][188]=-415.554
dp[5][188]=-328.569
dp[6][188]=-201.919
dp[7][188]=-48.8335
dp[8][188]=90.4751
dp[9][188]=264.049
dp[10][188]=422.928
dp[11][188]=596.293
dp[12][188]=783.266
dp[13][188]=1013.41
Select best dp
Best k=3
Stratifying 8-th numerical feature ...
Stratifying 5-th numerical feature ...
dp[2][188]=-1674.51
dp[3][188]=-2051.3
dp[4][188]=-2056.59
dp[5][188]=-2101.41
dp[6][188]=-2082.34
dp[7][188]=-2028.25
dp[8][188]=-1944.78
dp[9][188]=-1827.4
dp[10][188]=-1715.27
dp[11][188]=-1569.22
dp[12][188]=-1418.39
dp[13][188]=-1240.91
Select best dp
Best k=5
Stratifying 5-th numerical feature ...
dp[2][188]=-5e+10
dp[3][188]=-5e+10
dp[4][188]=-5e+10
dp[5][188]=-5e+10
dp[6][188]=-5e+10
dp[7][188]=-5e+10
dp[8][188]=-5e+10
dp[9][188]=-5e+10
dp[10][188]=-5e+10
dp[11][188]=-5e+10
dp[12][188]=-5e+10
dp[13][188]=-5e+10
Select best dp
Best k=5
dp[2][188]=-1009.85
dp[3][188]=-1267.41
dp[4][188]=-1230.94
dp[5][188]=-1214.04
dp[6][188]=-1139.95
dp[7][188]=-1036.35
dp[8][188]=-923.698
dp[9][188]=-778.199
dp[10][188]=-644.601
dp[11][188]=-484.064
dp[12][188]=-315.479
dp[13][188]=-113.669
Select best dp
Best k=3
Stratifying 7-th numerical feature ...
Stratifying 5-th numerical feature ...
dp[2][188]=-1674.51
dp[3][188]=-2051.3
dp[4][188]=-2056.59
dp[5][188]=-2101.41
dp[6][188]=-2082.34
dp[7][188]=-2028.25
dp[8][188]=-1944.78
dp[9][188]=-1827.4
dp[10][188]=-1715.27
dp[11][188]=-1569.22
dp[12][188]=-1418.39
dp[13][188]=-1240.91
Select best dp
Best k=5
Stratifying 5-th numerical feature ...
dp[2][188]=-253.816
dp[3][188]=-436.892
dp[4][188]=-582.123
dp[5][188]=-551.865
dp[6][188]=-477.042
dp[7][188]=-383.936
dp[8][188]=-264.261
dp[9][188]=-72.6802
Select best dp
Best k=4
Stratifying 11-th numerical feature ...
dp[2][188]=-3010.35
dp[3][188]=-3619.08
dp[4][188]=-3773.04
dp[5][188]=-3899.49
dp[6][188]=-3993.55
dp[7][188]=-4012.25
dp[8][188]=-3986.95
dp[9][188]=-3929.63
dp[10][188]=-3857.88
dp[11][188]=-3746.48
dp[12][188]=-3629.86
dp[13][188]=-3495.39
Select best dp
Best k=7
Stratifying 5-th numerical feature ...
dp[2][188]=-335.124
dp[3][188]=-526.312
dp[4][188]=-654.9
dp[5][188]=-629.021
dp[6][188]=-587.653
dp[7][188]=-530.298
dp[8][188]=-439.596
dp[9][188]=-326.817
dp[10][188]=-193.785
dp[11][188]=-56.4676
dp[12][188]=87.0668
dp[13][188]=251.511
Select best dp
Best k=4
Stratifying 10-th numerical feature ...
dp[2][188]=-1674.51
dp[3][188]=-2051.3
dp[4][188]=-2056.59
dp[5][188]=-2123.14
dp[6][188]=-2105.44
dp[7][188]=-2078.24
dp[8][188]=-2011.7
dp[9][188]=-1897.03
dp[10][188]=-1788.68
dp[11][188]=-1653.9
dp[12][188]=-1517.88
dp[13][188]=-1377.67
Select best dp
Best k=5
Stratifying 5-th numerical feature ...
dp[2][188]=-2225.27
dp[3][188]=-2435.85
dp[4][188]=-2454.12
dp[5][188]=-2426.76
dp[6][188]=-2381.78
dp[7][188]=-2299.52
dp[8][188]=-2203.64
dp[9][188]=-2105.36
dp[10][188]=-1983.55
dp[11][188]=-1859.18
dp[12][188]=-1733.4
dp[13][188]=-1600.25
Select best dp
Best k=4
Stratifying 7-th numerical feature ...
dp[2][188]=-259.913
dp[3][188]=-395.876
dp[4][188]=-476.302
dp[5][188]=-425.534
dp[6][188]=-375.549
dp[7][188]=-303.039
dp[8][188]=-197.173
dp[9][188]=-77.1703
dp[10][188]=57.7443
dp[11][188]=196.743
dp[12][188]=340.527
dp[13][188]=504.443
Select best dp
Best k=4
Stratifying 10-th numerical feature ...
dp[2][188]=4.92361
dp[3][188]=-14.7227
dp[4][188]=-4.38425
dp[5][188]=51.657
dp[6][188]=169.337
dp[7][188]=287.029
dp[8][188]=407.621
dp[9][188]=541.738
dp[10][188]=679.421
dp[11][188]=818.712
dp[12][188]=972.836
dp[13][188]=1134.02
Select best dp
Best k=3
Stratifying 9-th numerical feature ...
dp[2][188]=-96.8403
dp[3][188]=-146.171
dp[4][188]=-111.584
dp[5][188]=-56.5972
dp[6][188]=23.9651
dp[7][188]=125.598
dp[8][188]=265.643
dp[9][188]=413.675
Select best dp
Best k=3
Stratifying 12-th numerical feature ...
dp[2][188]=-5e+10
dp[3][188]=-5e+10
dp[4][188]=-5e+10
dp[5][188]=-5e+10
dp[6][188]=-5e+10
dp[7][188]=-5e+10
dp[8][188]=-5e+10
dp[9][188]=-5e+10
dp[10][188]=-5e+10
dp[11][188]=-5e+10
dp[12][188]=-5e+10
dp[13][188]=-5e+10
Select best dp
Best k=5
Stratifying 8-th numerical feature ...
dp[2][188]=-147.866
dp[3][188]=-201.702
dp[4][188]=-144.133
dp[5][188]=-56.1582
dp[6][188]=47.0715
dp[7][188]=167.273
dp[8][188]=289.587
dp[9][188]=423.19
dp[10][188]=559.176
dp[11][188]=696.791
dp[12][188]=844.06
dp[13][188]=1001.11
Select best dp
Best k=3
Stratifying 6-th numerical feature ...
dp[2][188]=-309.49
dp[3][188]=-524.882
dp[4][188]=-709.96
dp[5][188]=-701.554
dp[6][188]=-640.566
dp[7][188]=-555.183
dp[8][188]=-455.633
dp[9][188]=-342.54
dp[10][188]=-242.057
dp[11][188]=-118.475
dp[12][188]=18.1652
dp[13][188]=194.721
Select best dp
Best k=4
Stratifying 11-th numerical feature ...
dp[2][188]=-146.126
dp[3][188]=-142.056
dp[4][188]=-102.521
dp[5][188]=-50.1085
dp[6][188]=30.1372
dp[7][188]=133.711
dp[8][188]=254.868
dp[9][188]=428.079
Select best dp
Best k=2
Stratifying 13-th numerical feature ...
dp[2][188]=-225.037
dp[3][188]=-396.295
dp[4][188]=-523.269
dp[5][188]=-487.787
dp[6][188]=-405.655
dp[7][188]=-310.295
dp[8][188]=-197.133
dp[9][188]=-92.6385
dp[10][188]=23.9298
dp[11][188]=149.694
dp[12][188]=286.562
dp[13][188]=461.867
Select best dp
Best k=4
Stratifying 11-th numerical feature ...
dp[2][188]=11.1726
dp[3][188]=-16.5996
dp[4][188]=12.7145
dp[5][188]=109.189
dp[6][188]=206.851
dp[7][188]=322.021
dp[8][188]=456.245
dp[9][188]=593.944
dp[10][188]=735.932
dp[11][188]=878.496
dp[12][188]=1038.64
dp[13][188]=1207.8
Select best dp
Best k=3
Stratifying 10-th numerical feature ...
dp[2][188]=366.922
dp[3][188]=550.383
dp[4][188]=733.845
dp[5][188]=917.306
dp[6][188]=1100.77
dp[7][188]=1284.23
dp[8][188]=1467.69
dp[9][188]=1651.15
dp[10][188]=1834.61
dp[11][188]=2018.07
dp[12][188]=2201.53
dp[13][188]=2384.99
Select best dp
Best k=2
Stratifying 6-th numerical feature ...
dp[2][188]=-147.866
dp[3][188]=-201.702
dp[4][188]=-144.133
dp[5][188]=-56.1582
dp[6][188]=47.0715
dp[7][188]=167.273
dp[8][188]=289.587
dp[9][188]=423.19
dp[10][188]=559.176
dp[11][188]=696.791
dp[12][188]=844.06
dp[13][188]=1001.11
Select best dp
Best k=3
Stratifying 6-th numerical feature ...
dp[2][188]=109.528
dp[3][188]=174.34
dp[4][188]=294.856
dp[5][188]=430.574
dp[6][188]=573.919
dp[7][188]=725.75
dp[8][188]=878.638
dp[9][188]=1037.17
dp[10][188]=1196.89
dp[11][188]=1357.43
dp[12][188]=1522.8
dp[13][188]=1693.05
Select best dp
Best k=2
Stratifying 6-th numerical feature ...
dp[2][188]=-1351.24
dp[3][188]=-1588.61
dp[4][188]=-1580.03
dp[5][188]=-1555.36
dp[6][188]=-1514.27
dp[7][188]=-1431.93
dp[8][188]=-1331.06
dp[9][188]=-1213.13
dp[10][188]=-1088.96
dp[11][188]=-942.701
dp[12][188]=-794.912
dp[13][188]=-637.423
Select best dp
Best k=3
Stratifying 5-th numerical feature ...
dp[2][188]=-2.20256e+10
dp[3][188]=-2.20256e+10
dp[4][188]=-2.20256e+10
dp[5][188]=-2.20256e+10
dp[6][188]=-2.20256e+10
dp[7][188]=-2.20256e+10
dp[8][188]=-2.20256e+10
dp[9][188]=-2.20256e+10
dp[10][188]=-2.20256e+10
dp[11][188]=-2.20256e+10
dp[12][188]=-2.20256e+10
dp[13][188]=-2.20256e+10
Select best dp
Best k=5
Stratifying 8-th numerical feature ...
dp[2][188]=-147.866
dp[3][188]=-201.702
dp[4][188]=-144.133
dp[5][188]=-56.1582
dp[6][188]=47.0715
dp[7][188]=167.273
dp[8][188]=289.587
dp[9][188]=423.19
dp[10][188]=559.176
dp[11][188]=696.791
dp[12][188]=844.06
dp[13][188]=1001.11
Select best dp
Best k=3
Stratifying 6-th numerical feature ...
dp[2][188]=-662.655
dp[3][188]=-953.788
dp[4][188]=-1022.11
dp[5][188]=-1029.62
dp[6][188]=-1006.62
dp[7][188]=-949.683
dp[8][188]=-888.515
dp[9][188]=-804.77
dp[10][188]=-716.259
dp[11][188]=-624.491
dp[12][188]=-513.414
dp[13][188]=-382.768
Select best dp
Best k=5
Stratifying 6-th numerical feature ...
dp[2][188]=-49.5656
dp[3][188]=-138.216
dp[4][188]=-96.8459
dp[5][188]=-26.7846
dp[6][188]=79.0881
dp[7][188]=185.708
dp[8][188]=299.86
dp[9][188]=433.975
Select best dp
Best k=3
Stratifying 14-th numerical feature ...
dp[2][188]=144.172
dp[3][188]=166.29
dp[4][188]=222.411
dp[5][188]=314.463
dp[6][188]=408.038
dp[7][188]=510.939
dp[8][188]=641.625
dp[9][188]=776.524
dp[10][188]=914.344
dp[11][188]=1059.58
dp[12][188]=1213.04
dp[13][188]=1385.52
Select best dp
Best k=2
Stratifying 12-th numerical feature ...
dp[2][188]=-1e+11
dp[3][188]=-1e+11
dp[4][188]=-1e+11
dp[5][188]=-1e+11
dp[6][188]=-1e+11
dp[7][188]=-1e+11
dp[8][188]=-1e+11
dp[9][188]=-1e+11
dp[10][188]=-1e+11
dp[11][188]=-1e+11
dp[12][188]=-1e+11
dp[13][188]=-1e+11
Select best dp
Best k=5
Stratifying 9-th numerical feature ...
dp[2][188]=-36.2356
dp[3][188]=-73.1069
dp[4][188]=-38.0691
dp[5][188]=21.7658
dp[6][188]=98.3648
dp[7][188]=181.707
dp[8][188]=310.847
dp[9][188]=441.471
dp[10][188]=573.317
dp[11][188]=712.554
dp[12][188]=860.739
dp[13][188]=1045.3
Select best dp
Best k=3
Stratifying 12-th numerical feature ...
dp[2][188]=34.3687
dp[3][188]=-22.7964
dp[4][188]=-25.9855
dp[5][188]=60.9136
dp[6][188]=175.819
dp[7][188]=294.695
dp[8][188]=413.972
dp[9][188]=541.459
dp[10][188]=684.012
dp[11][188]=830.757
dp[12][188]=978.973
dp[13][188]=1148.96
Select best dp
Best k=4
Stratifying 11-th numerical feature ...
dp[2][188]=-147.866
dp[3][188]=-201.702
dp[4][188]=-144.133
dp[5][188]=-56.1582
dp[6][188]=47.0715
dp[7][188]=167.273
dp[8][188]=287.319
dp[9][188]=413.565
dp[10][188]=547.359
dp[11][188]=684.973
dp[12][188]=827.022
dp[13][188]=972.268
Select best dp
Best k=3
Stratifying 6-th numerical feature ...
dp[2][188]=-273.177
dp[3][188]=-425.333
dp[4][188]=-557.85
dp[5][188]=-496.597
dp[6][188]=-429.013
dp[7][188]=-353.048
dp[8][188]=-231.252
dp[9][188]=-75.03
Select best dp
Best k=4
Stratifying 15-th numerical feature ...
dp[2][188]=-1e+11
dp[3][188]=-1e+11
dp[4][188]=-1e+11
dp[5][188]=-1e+11
dp[6][188]=-1e+11
dp[7][188]=-1e+11
dp[8][188]=-1e+11
dp[9][188]=-1e+11
dp[10][188]=-1e+11
dp[11][188]=-1e+11
dp[12][188]=-1e+11
dp[13][188]=-1e+11
Select best dp
Best k=5
Stratifying 9-th numerical feature ...
dp[2][188]=-2225.27
dp[3][188]=-2435.85
dp[4][188]=-2454.12
dp[5][188]=-2409.13
dp[6][188]=-2326.87
dp[7][188]=-2230.47
dp[8][188]=-2118.15
dp[9][188]=-2001.87
dp[10][188]=-1873.84
dp[11][188]=-1733.94
dp[12][188]=-1580.92
dp[13][188]=-1418.8
Select best dp
Best k=4
Stratifying 7-th numerical feature ...
dp[2][188]=117.088
dp[3][188]=152.485
dp[4][188]=221.469
dp[5][188]=321.338
dp[6][188]=423.75
dp[7][188]=539.247
dp[8][188]=656.221
dp[9][188]=792.141
dp[10][188]=938.69
dp[11][188]=1094.73
dp[12][188]=1252.31
dp[13][188]=1421.36
Select best dp
Best k=2
Stratifying 13-th numerical feature ...
dp[2][188]=-121.822
dp[3][188]=-119.153
dp[4][188]=-84.0787
dp[5][188]=-29.4067
dp[6][188]=38.4764
dp[7][188]=133.89
dp[8][188]=234.222
dp[9][188]=368.359
dp[10][188]=513.803
dp[11][188]=670.012
dp[12][188]=828.055
dp[13][188]=989.548
Select best dp
Best k=2
Stratifying 13-th numerical feature ...
dp[2][188]=144.172
dp[3][188]=166.29
dp[4][188]=222.411
dp[5][188]=314.463
dp[6][188]=408.038
dp[7][188]=510.939
dp[8][188]=641.625
dp[9][188]=776.524
dp[10][188]=914.344
dp[11][188]=1059.58
dp[12][188]=1213.04
dp[13][188]=1385.52
Select best dp
Best k=2
Stratifying 12-th numerical feature ...
dp[2][188]=-683.287
dp[3][188]=-624.706
dp[4][188]=-525.018
dp[5][188]=-376.851
dp[6][188]=-221.005
dp[7][188]=-55.4379
dp[8][188]=119.701
dp[9][188]=301.21
dp[10][188]=478.867
dp[11][188]=664.075
dp[12][188]=851.945
dp[13][188]=1045.19
Select best dp
Best k=2
Stratifying 7-th numerical feature ...
dp[2][188]=-2225.27
dp[3][188]=-2435.85
dp[4][188]=-2454.12
dp[5][188]=-2409.13
dp[6][188]=-2326.87
dp[7][188]=-2230.47
dp[8][188]=-2118.15
dp[9][188]=-2001.87
dp[10][188]=-1873.84
dp[11][188]=-1733.94
dp[12][188]=-1580.92
dp[13][188]=-1418.8
Select best dp
Best k=4
dp[2][188]=-5e+10
dp[3][188]=-5e+10
dp[4][188]=-5e+10
dp[5][188]=-5e+10
dp[6][188]=-5e+10
dp[7][188]=-5e+10
dp[8][188]=-5e+10
dp[9][188]=-5e+10
dp[10][188]=-5e+10
dp[11][188]=-5e+10
dp[12][188]=-5e+10
dp[13][188]=-5e+10
Select best dp
Best k=5
Stratifying 7-th numerical feature ...
Stratifying 10-th numerical feature ...
dp[2][188]=-1452.41
dp[3][188]=-1530.28
dp[4][188]=-1487.05
dp[5][188]=-1390.09
dp[6][188]=-1270.89
dp[7][188]=-1142.39
dp[8][188]=-995.728
dp[9][188]=-846.126
dp[10][188]=-692.738
dp[11][188]=-529.344
dp[12][188]=-361.226
dp[13][188]=-183.211
Select best dp
Best k=3
Stratifying 7-th numerical feature ...
dp[2][188]=-137.121
dp[3][188]=-208.741
dp[4][188]=-219.07
dp[5][188]=-212.111
dp[6][188]=-112.77
dp[7][188]=8.98389
dp[8][188]=153.334
dp[9][188]=305.628
Select best dp
Best k=4
Stratifying 16-th numerical feature ...
dp[2][188]=-2225.27
dp[3][188]=-2435.85
dp[4][188]=-2454.12
dp[5][188]=-2409.13
dp[6][188]=-2326.87
dp[7][188]=-2230.47
dp[8][188]=-2118.15
dp[9][188]=-2001.87
dp[10][188]=-1873.84
dp[11][188]=-1733.94
dp[12][188]=-1580.92
dp[13][188]=-1418.8
Select best dp
Best k=4
Stratifying 7-th numerical feature ...
dp[2][188]=-3777.11
dp[3][188]=-4249.17
dp[4][188]=-4414.16
dp[5][188]=-4459.34
dp[6][188]=-4462.28
dp[7][188]=-4449.03
dp[8][188]=-4386.71
dp[9][188]=-4324.2
dp[10][188]=-4249.55
dp[11][188]=-4152.11
dp[12][188]=-4030.07
dp[13][188]=-3893.88
Select best dp
Best k=6
Stratifying 7-th numerical feature ...
dp[2][188]=147.259
dp[3][188]=135.337
dp[4][188]=187.659
dp[5][188]=259.689
dp[6][188]=367.044
dp[7][188]=489.171
dp[8][188]=625.47
dp[9][188]=765.823
dp[10][188]=910.862
dp[11][188]=1058.67
dp[12][188]=1236.51
dp[13][188]=1420.66
Select best dp
Best k=3
Stratifying 14-th numerical feature ...
dp[2][188]=-401.331
dp[3][188]=-492.512
dp[4][188]=-463.103
dp[5][188]=-394.041
dp[6][188]=-291.627
dp[7][188]=-186.778
dp[8][188]=-74.2837
dp[9][188]=43.1154
dp[10][188]=169.659
dp[11][188]=302.434
dp[12][188]=443.296
dp[13][188]=597.962
Select best dp
Best k=3
Stratifying 6-th numerical feature ...
dp[2][188]=-9.50283e+09
dp[3][188]=-9.50283e+09
dp[4][188]=-9.50283e+09
dp[5][188]=-9.50283e+09
dp[6][188]=-9.50283e+09
dp[7][188]=-9.50283e+09
dp[8][188]=-9.50283e+09
dp[9][188]=-9.50283e+09
dp[10][188]=-9.50283e+09
dp[11][188]=-9.50283e+09
dp[12][188]=-9.50283e+09
dp[13][188]=-9.50283e+09
Select best dp
Best k=5
Stratifying 10-th numerical feature ...
dp[2][188]=-4.54611
dp[3][188]=-89.9879
dp[4][188]=-57.1316
dp[5][188]=-8.73227
dp[6][188]=65.871
dp[7][188]=165.331
dp[8][188]=282.427
dp[9][188]=408.6
dp[10][188]=545.708
dp[11][188]=700.08
dp[12][188]=868.972
dp[13][188]=1052.69
Select best dp
Best k=3
Stratifying 14-th numerical feature ...
dp[2][188]=117.088
dp[3][188]=152.485
dp[4][188]=221.469
dp[5][188]=321.338
dp[6][188]=423.75
dp[7][188]=539.247
dp[8][188]=656.221
dp[9][188]=792.141
dp[10][188]=938.69
dp[11][188]=1094.73
dp[12][188]=1252.31
dp[13][188]=1421.36
Select best dp
Best k=2
Stratifying 13-th numerical feature ...
dp[2][188]=-209.412
dp[3][188]=-201.898
dp[4][188]=-195.441
dp[5][188]=-105.718
dp[6][188]=6.7688
dp[7][188]=124.41
dp[8][188]=243.264
dp[9][188]=397.633
Select best dp
Best k=2
dp[2][188]=-9e+10
dp[3][188]=-9e+10
dp[4][188]=-9e+10
dp[5][188]=-9e+10
dp[6][188]=-9e+10
dp[7][188]=-9e+10
dp[8][188]=-9e+10
dp[9][188]=-9e+10
dp[10][188]=-9e+10
dp[11][188]=-9e+10
dp[12][188]=-9e+10
dp[13][188]=-9e+10
Select best dp
Best k=5
Stratifying 11-th numerical feature ...
dp[2][188]=-2225.27
dp[3][188]=-2435.85
dp[4][188]=-2454.12
dp[5][188]=-2409.13
dp[6][188]=-2340.41
dp[7][188]=-2258.15
dp[8][188]=-2159.88
dp[9][188]=-2046.29
dp[10][188]=-1924.49
dp[11][188]=-1797.74
dp[12][188]=-1667.99
dp[13][188]=-1534.63
Select best dp
Best k=4
Stratifying 7-th numerical feature ...
dp[2][188]=-273.355
dp[3][188]=-412.223
dp[4][188]=-546.764
dp[5][188]=-525.855
dp[6][188]=-451.216
dp[7][188]=-368.458
dp[8][188]=-275.76
dp[9][188]=-165.952
dp[10][188]=-46.7493
dp[11][188]=85.1337
dp[12][188]=221.807
dp[13][188]=385.803
Select best dp
Best k=4
Stratifying 8-th numerical feature ...
dp[2][188]=-326.434
dp[3][188]=-517.698
dp[4][188]=-687.009
dp[5][188]=-659.399
dp[6][188]=-601.986
dp[7][188]=-536.138
dp[8][188]=-445.367
dp[9][188]=-347.724
dp[10][188]=-242.197
dp[11][188]=-124.759
dp[12][188]=18.8204
dp[13][188]=164.525
Select best dp
Best k=4
Stratifying 15-th numerical feature ...
dp[2][188]=147.259
dp[3][188]=135.337
dp[4][188]=187.659
dp[5][188]=259.689
dp[6][188]=367.044
dp[7][188]=489.171
dp[8][188]=625.47
dp[9][188]=765.823
dp[10][188]=910.862
dp[11][188]=1058.67
dp[12][188]=1236.51
dp[13][188]=1420.66
Select best dp
Best k=3
dp[2][188]=-249.516
dp[3][188]=-385.84
dp[4][188]=-501.651
dp[5][188]=-449.091
dp[6][188]=-376.552
dp[7][188]=-298.069
dp[8][188]=-196.653
dp[9][188]=-90.8004
dp[10][188]=18.2412
dp[11][188]=146.845
dp[12][188]=290.635
dp[13][188]=436.628
Select best dp
Best k=4
Stratifying 14-th numerical feature ...
Stratifying 15-th numerical feature ...
dp[2][188]=85.2139
dp[3][188]=133.89
dp[4][188]=188.884
dp[5][188]=311.369
dp[6][188]=448.578
dp[7][188]=593.555
dp[8][188]=742.792
dp[9][188]=896.416
dp[10][188]=1055.47
dp[11][188]=1222.37
dp[12][188]=1391.19
dp[13][188]=1570.4
Select best dp
Best k=2
Stratifying 8-th numerical feature ...
dp[2][188]=-9e+10
dp[3][188]=-9e+10
dp[4][188]=-9e+10
dp[5][188]=-9e+10
dp[6][188]=-9e+10
dp[7][188]=-9e+10
dp[8][188]=-9e+10
dp[9][188]=-9e+10
dp[10][188]=-9e+10
dp[11][188]=-9e+10
dp[12][188]=-9e+10
dp[13][188]=-9e+10
Select best dp
Best k=5
Stratifying 11-th numerical feature ...
dp[2][188]=-273.355
dp[3][188]=-412.223
dp[4][188]=-546.764
dp[5][188]=-525.855
dp[6][188]=-451.216
dp[7][188]=-368.458
dp[8][188]=-275.76
dp[9][188]=-165.952
dp[10][188]=-46.7493
dp[11][188]=85.1337
dp[12][188]=221.807
dp[13][188]=385.803
Select best dp
Best k=4
Stratifying 8-th numerical feature ...
dp[2][188]=-94.061
dp[3][188]=-136.459
dp[4][188]=-178.556
dp[5][188]=-107.206
dp[6][188]=-0.806249
dp[7][188]=116.114
dp[8][188]=236.272
dp[9][188]=367.746
dp[10][188]=512.413
dp[11][188]=657.839
dp[12][188]=811.016
dp[13][188]=981.831
Select best dp
Best k=4
Stratifying 8-th numerical feature ...
dp[2][188]=-273.355
dp[3][188]=-412.223
dp[4][188]=-546.764
dp[5][188]=-525.855
dp[6][188]=-451.216
dp[7][188]=-368.458
dp[8][188]=-275.76
dp[9][188]=-165.952
dp[10][188]=-46.7493
dp[11][188]=85.1337
dp[12][188]=221.807
dp[13][188]=385.803
Select best dp
Best k=4
Stratifying 8-th numerical feature ...
dp[2][188]=132.896
dp[3][188]=172.031
dp[4][188]=215.556
dp[5][188]=274.464
dp[6][188]=377.645
dp[7][188]=502.789
dp[8][188]=636.321
dp[9][188]=772.656
dp[10][188]=910.142
dp[11][188]=1057.91
dp[12][188]=1206.11
dp[13][188]=1374.25
Select best dp
Best k=2
Stratifying 16-th numerical feature ...
dp[2][188]=-631.944
dp[3][188]=-966.937
dp[4][188]=-1283.88
dp[5][188]=-1363.15
dp[6][188]=-1352.22
dp[7][188]=-1337.78
dp[8][188]=-1300.01
dp[9][188]=-1235.18
dp[10][188]=-1165.17
dp[11][188]=-1062.37
dp[12][188]=-957.573
dp[13][188]=-809.253
Select best dp
Best k=5
Stratifying 8-th numerical feature ...
dp[2][188]=23.9809
dp[3][188]=15.9521
dp[4][188]=16.5334
dp[5][188]=122.246
dp[6][188]=229.977
dp[7][188]=345.173
dp[8][188]=469.624
dp[9][188]=603.848
dp[10][188]=742.439
dp[11][188]=885.24
dp[12][188]=1042.22
dp[13][188]=1202.36
Select best dp
Best k=3
Stratifying 15-th numerical feature ...
dp[2][188]=-40.2344
dp[3][188]=-93.7431
dp[4][188]=-84.3363
dp[5][188]=-56.5259
dp[6][188]=31.774
dp[7][188]=143.674
dp[8][188]=265.442
dp[9][188]=392.948
dp[10][188]=519.284
dp[11][188]=666.047
dp[12][188]=815.335
dp[13][188]=992.493
Select best dp
Best k=3
Stratifying 16-th numerical feature ...
dp[2][188]=-97.0673
dp[3][188]=-5e+10
dp[4][188]=-5e+10
dp[5][188]=-5e+10
dp[6][188]=-5e+10
dp[7][188]=-5e+10
dp[8][188]=-5e+10
dp[9][188]=-5e+10
dp[10][188]=-5e+10
dp[11][188]=-5e+10
dp[12][188]=-5e+10
dp[13][188]=-5e+10
Select best dp
Best k=5
Stratifying 12-th numerical feature ...
dp[2][188]=-1720.17
dp[3][188]=-1895.46
dp[4][188]=-1897.31
dp[5][188]=-1834.19
dp[6][188]=-1747.58
dp[7][188]=-1659.49
dp[8][188]=-1539.79
dp[9][188]=-1416.77
dp[10][188]=-1291.25
dp[11][188]=-1152.73
dp[12][188]=-1001.82
dp[13][188]=-850.028
Select best dp
Best k=4
Stratifying 7-th numerical feature ...
dp[2][188]=-97.0673
dp[3][188]=-146.497
dp[4][188]=-112.014
dp[5][188]=-56.9647
dp[6][188]=23.0045
dp[7][188]=101.95
dp[8][188]=222.591
dp[9][188]=343.424
dp[10][188]=473.733
dp[11][188]=607.333
dp[12][188]=747.677
dp[13][188]=881.277
Select best dp
Best k=3
Stratifying 12-th numerical feature ...
dp[2][188]=-209.412
dp[3][188]=-201.898
dp[4][188]=-195.441
dp[5][188]=-105.718
dp[6][188]=6.7688
dp[7][188]=123.546
dp[8][188]=242.209
dp[9][188]=378.409
dp[10][188]=524.182
dp[11][188]=681.794
dp[12][188]=847.447
dp[13][188]=1015.94
Select best dp
Best k=2
dp[2][188]=-276.597
dp[3][188]=-404.165
dp[4][188]=-527.032
dp[5][188]=-541.807
dp[6][188]=-467.325
dp[7][188]=-376.383
dp[8][188]=-271.153
dp[9][188]=-162.15
dp[10][188]=-41.7743
dp[11][188]=86.4327
dp[12][188]=219.61
dp[13][188]=380.142
Select best dp
Best k=5
Stratifying 9-th numerical feature ...
dp[2][188]=132.896
dp[3][188]=172.031
dp[4][188]=215.556
dp[5][188]=274.464
dp[6][188]=377.645
dp[7][188]=502.789
dp[8][188]=636.321
dp[9][188]=772.656
dp[10][188]=910.142
dp[11][188]=1057.91
dp[12][188]=1206.11
dp[13][188]=1374.25
Select best dp
Best k=2
dp[2][188]=-325.79
dp[3][188]=-366.703
dp[4][188]=-409.364
dp[5][188]=-333.879
dp[6][188]=-254.27
dp[7][188]=-145.378
dp[8][188]=-30.4826
dp[9][188]=93.7826
dp[10][188]=228.965
dp[11][188]=384.251
dp[12][188]=552.387
dp[13][188]=732.309
Select best dp
Best k=4
Stratifying 16-th numerical feature ...
dp[2][188]=-273.355
dp[3][188]=-412.223
dp[4][188]=-546.764
dp[5][188]=-525.855
dp[6][188]=-451.216
dp[7][188]=-368.458
dp[8][188]=-275.76
dp[9][188]=-169.682
dp[10][188]=-62.2991
dp[11][188]=46.7997
dp[12][188]=170.286
dp[13][188]=311.063
Select best dp
Best k=4
Stratifying 8-th numerical feature ...
dp[2][188]=85.3963
dp[3][188]=130.951
dp[4][188]=184.523
dp[5][188]=315.418
dp[6][188]=453.355
dp[7][188]=608.696
dp[8][188]=768.713
dp[9][188]=930.832
dp[10][188]=1098.88
dp[11][188]=1268.08
dp[12][188]=1442.42
dp[13][188]=1627.13
Select best dp
Best k=2
Stratifying 9-th numerical feature ...
dp[2][188]=-276.597
dp[3][188]=-404.165
dp[4][188]=-527.032
dp[5][188]=-541.807
dp[6][188]=-467.325
dp[7][188]=-376.383
dp[8][188]=-271.153
dp[9][188]=-162.15
dp[10][188]=-41.7743
dp[11][188]=86.4327
dp[12][188]=219.61
dp[13][188]=380.142
Select best dp
Best k=5
Stratifying 9-th numerical feature ...
dp[2][188]=-95.6002
dp[2][188]=-143.695
dp[3][188]=-5e+10
dp[3][188]=-136.607
dp[4][188]=-5e+10
dp[5][188]=-5e+10
dp[4][188]=-161.579
dp[6][188]=-5e+10
dp[7][188]=-5e+10
dp[5][188]=-113.12
dp[8][188]=-5e+10
dp[9][188]=-5e+10
dp[6][188]=-6.91101
dp[10][188]=-5e+10
dp[11][188]=-5e+10
dp[7][188]=118.931
dp[12][188]=-5e+10
dp[13][188]=-5e+10
dp[8][188]=251.184
Select best dp
Best k=4
dp[9][188]=389.305
dp[10][188]=533.699
dp[11][188]=681.545
dp[12][188]=831.837
dp[13][188]=1003.74
Select best dp
Best k=4
Stratifying 13-th numerical feature ...
Stratifying 9-th numerical feature ...
dp[2][188]=-276.597
dp[3][188]=-404.165
dp[4][188]=-527.032
dp[5][188]=-541.807
dp[6][188]=-467.325
dp[7][188]=-376.383
dp[8][188]=-271.153
dp[9][188]=-162.15
dp[10][188]=-41.7743
dp[11][188]=86.4327
dp[12][188]=219.61
dp[13][188]=380.142
Select best dp
Best k=5
Stratifying 9-th numerical feature ...
dp[2][188]=-272.417
dp[3][188]=-415.302
dp[4][188]=-507.172
dp[5][188]=-462.544
dp[6][188]=-414.334
dp[7][188]=-346.395
dp[8][188]=-243.727
dp[9][188]=-123.897
dp[10][188]=10.5588
dp[11][188]=149.23
dp[12][188]=291.015
dp[13][188]=454.43
Select best dp
Best k=4
Stratifying 10-th numerical feature ...
dp[2][188]=-209.412
dp[3][188]=-201.898
dp[4][188]=-195.441
dp[5][188]=-105.718
dp[6][188]=6.7688
dp[7][188]=123.546
dp[8][188]=242.209
dp[9][188]=378.409
dp[10][188]=524.182
dp[11][188]=681.794
dp[12][188]=847.447
dp[13][188]=1015.94
Select best dp
Best k=2
dp[2][188]=-143.695
dp[3][188]=-140.034
dp[4][188]=-100.366
dp[5][188]=-48.3463
dp[6][188]=15.7144
dp[7][188]=108.009
dp[8][188]=211.688
dp[9][188]=331.582
dp[10][188]=462.65
dp[11][188]=601.786
dp[12][188]=747.19
dp[13][188]=892.702
Select best dp
Best k=2
Stratifying 13-th numerical feature ...
dp[2][188]=-638.59
dp[3][188]=-964.569
dp[4][188]=-1265.26
dp[5][188]=-1400.03
dp[6][188]=-1388.9
dp[7][188]=-1368.44
dp[8][188]=-1328.99
dp[9][188]=-1265.65
dp[10][188]=-1194
dp[11][188]=-1109.96
dp[12][188]=-1006.12
dp[13][188]=-867.05
Select best dp
Best k=5
Stratifying 9-th numerical feature ...
dp[2][188]=-31.0221
dp[3][188]=-5e+10
dp[4][188]=-5e+10
dp[5][188]=-5e+10
dp[6][188]=-5e+10
dp[7][188]=-5e+10
dp[8][188]=-5e+10
dp[9][188]=-5e+10
dp[10][188]=-5e+10
dp[11][188]=-5e+10
dp[12][188]=-5e+10
dp[13][188]=-5e+10
Select best dp
Best k=4
Stratifying 14-th numerical feature ...
dp[2][188]=-240.425
dp[3][188]=-422.019
dp[4][188]=-556.35
dp[5][188]=-525.724
dp[6][188]=-448.304
dp[7][188]=-355.89
dp[8][188]=-242.584
dp[9][188]=-139.677
dp[10][188]=-26.3712
dp[11][188]=98.5718
dp[12][188]=235.368
dp[13][188]=410.541
Select best dp
Best k=4
Stratifying 11-th numerical feature ...
dp[2][188]=-628.051
dp[3][188]=-976.204
dp[4][188]=-1220.69
dp[5][188]=-1264.77
dp[6][188]=-1304.23
dp[7][188]=-1304.48
dp[8][188]=-1251.15
dp[9][188]=-1174.75
dp[10][188]=-1083.9
dp[11][188]=-984.594
dp[12][188]=-866.13
dp[13][188]=-721.792
Select best dp
Best k=7
Stratifying 10-th numerical feature ...
dp[2][188]=-238.983
dp[3][188]=-361.067
dp[4][188]=-480.941
dp[5][188]=-450.868
dp[6][188]=-369.736
dp[7][188]=-283.606
dp[8][188]=-186.542
dp[9][188]=-72.2921
dp[10][188]=49.937
dp[11][188]=186.154
dp[12][188]=324.036
dp[13][188]=489.279
Select best dp
Best k=4
Stratifying 8-th numerical feature ...
dp[2][188]=-31.0221
dp[3][188]=-122.257
dp[4][188]=-89.1866
dp[5][188]=-56.0813
dp[6][188]=15.8079
dp[7][188]=114.561
dp[8][188]=227.238
dp[9][188]=353.225
dp[10][188]=479.383
dp[11][188]=605.399
dp[12][188]=737.728
dp[13][188]=873.658
Select best dp
Best k=3
Stratifying 14-th numerical feature ...
dp[2][188]=82.6359
dp[3][188]=131.332
dp[4][188]=201.814
dp[5][188]=323.81
dp[6][188]=461.479
dp[7][188]=609.962
dp[8][188]=762.546
dp[9][188]=925.203
dp[10][188]=1090.24
dp[11][188]=1266.33
dp[12][188]=1442.47
dp[13][188]=1626.87
Select best dp
Best k=2
Stratifying 10-th numerical feature ...
dp[2][188]=-1e+11
dp[3][188]=-1e+11
dp[4][188]=-1e+11
dp[5][188]=-1e+11
dp[6][188]=-1e+11
dp[7][188]=-1e+11
dp[8][188]=-1e+11
dp[9][188]=-1e+11
dp[10][188]=-1e+11
dp[11][188]=-1e+11
dp[12][188]=-1e+11
dp[13][188]=-1e+11
Select best dp
Best k=5
Stratifying 9-th numerical feature ...
dp[2][188]=-272.417
dp[3][188]=-415.302
dp[4][188]=-507.172
dp[5][188]=-462.544
dp[6][188]=-414.334
dp[7][188]=-346.395
dp[8][188]=-243.727
dp[9][188]=-123.897
dp[10][188]=10.5588
dp[11][188]=149.23
dp[12][188]=291.015
dp[13][188]=454.43
Select best dp
Best k=4
Stratifying 10-th numerical feature ...
dp[2][188]=-94.8315
dp[3][188]=-141.985
dp[4][188]=-151.614
dp[5][188]=-68.203
dp[6][188]=30.1041
dp[7][188]=132.647
dp[8][188]=259.984
dp[9][188]=401.407
dp[10][188]=554.748
dp[11][188]=711.127
dp[12][188]=868.573
dp[13][188]=1042.27
Select best dp
Best k=4
Stratifying 10-th numerical feature ...
dp[2][188]=-272.417
dp[3][188]=-415.302
dp[4][188]=-507.172
dp[5][188]=-462.544
dp[6][188]=-414.334
dp[7][188]=-346.395
dp[8][188]=-243.727
dp[9][188]=-123.897
dp[10][188]=10.5588
dp[11][188]=149.23
dp[12][188]=291.015
dp[13][188]=454.43
Select best dp
Best k=4
Stratifying 10-th numerical feature ...
dp[2][188]=-569.366
dp[3][188]=-988.762
dp[4][188]=-1309.64
dp[5][188]=-1374.4
dp[6][188]=-1361.57
dp[7][188]=-1345.07
dp[8][188]=-1295.03
dp[9][188]=-1248.67
dp[10][188]=-1175.03
dp[11][188]=-1085.33
dp[12][188]=-984.421
dp[13][188]=-825.495
Select best dp
Best k=5
Stratifying 11-th numerical feature ...
dp[2][188]=-97.0673
dp[3][188]=-146.497
dp[4][188]=-112.014
dp[5][188]=-56.9647
dp[6][188]=23.0045
dp[7][188]=101.95
dp[8][188]=232.258
dp[9][188]=364.613
dp[10][188]=498.572
dp[11][188]=641.489
dp[12][188]=794.066
dp[13][188]=980.076
Select best dp
Best k=3
Stratifying 12-th numerical feature ...
dp[2][188]=-5e+10
dp[3][188]=-5e+10
dp[4][188]=-5e+10
dp[5][188]=-5e+10
dp[6][188]=-5e+10
dp[7][188]=-5e+10
dp[8][188]=-5e+10
dp[9][188]=-5e+10
dp[10][188]=-5e+10
dp[11][188]=-5e+10
dp[12][188]=-5e+10
dp[13][188]=-5e+10
Select best dp
Best k=5
Stratifying 15-th numerical feature ...
dp[2][188]=-9.35015e+09
dp[3][188]=-9.35015e+09
dp[4][188]=-9.35015e+09
dp[5][188]=-9.35015e+09
dp[6][188]=-9.35015e+09
dp[7][188]=-9.35015e+09
dp[8][188]=-9.35015e+09
dp[9][188]=-9.35015e+09
dp[10][188]=-9.35015e+09
dp[11][188]=-9.35015e+09
dp[12][188]=-9.35015e+09
dp[13][188]=-9.35015e+09
Select best dp
Best k=5
Stratifying 15-th numerical feature ...
dp[2][188]=-319.722
dp[3][188]=-524.348
dp[4][188]=-604.314
dp[5][188]=-656.077
dp[6][188]=-665.714
dp[7][188]=-666.93
dp[8][188]=-588.068
dp[9][188]=-505.677
dp[10][188]=-414.214
dp[11][188]=-306.699
dp[12][188]=-184.122
dp[13][188]=-19.3938
Select best dp
Best k=7
Stratifying 12-th numerical feature ...
dp[2][188]=-143.695
dp[3][188]=-140.034
dp[4][188]=-100.366
dp[5][188]=-48.3463
dp[6][188]=15.7144
dp[7][188]=108.009
dp[8][188]=211.688
dp[9][188]=345.771
dp[10][188]=491.283
dp[11][188]=647.608
dp[12][188]=806.412
dp[13][188]=968.918
Select best dp
Best k=2
Stratifying 13-th numerical feature ...
dp[2][188]=88.5173
dp[3][188]=140.734
dp[4][188]=196.941
dp[5][188]=320.822
dp[6][188]=461.101
dp[7][188]=615.276
dp[8][188]=775.57
dp[9][188]=936.527
dp[10][188]=1102.29
dp[11][188]=1270.77
dp[12][188]=1448.97
dp[13][188]=1639.57
Select best dp
Best k=2
Stratifying 11-th numerical feature ...
dp[2][188]=-243.417
dp[3][188]=-358.488
dp[4][188]=-467.529
dp[5][188]=-468.589
dp[6][188]=-387.132
dp[7][188]=-294.48
dp[8][188]=-190.319
dp[9][188]=-77.4299
dp[10][188]=43.7468
dp[11][188]=171.067
dp[12][188]=307.536
dp[13][188]=468.428
Select best dp
Best k=5
Stratifying 9-th numerical feature ...
dp[2][188]=-240.425
dp[3][188]=-422.019
dp[4][188]=-556.35
dp[5][188]=-525.724
dp[6][188]=-448.304
dp[7][188]=-355.89
dp[8][188]=-242.584
dp[9][188]=-139.677
dp[10][188]=-26.3712
dp[11][188]=98.5718
dp[12][188]=235.368
dp[13][188]=410.541
Select best dp
Best k=4
dp[2][188]=-75.9536
dp[3][188]=-138.647
dp[4][188]=-179.704
dp[5][188]=-101.997
dp[6][188]=7.37568
dp[7][188]=136.48
dp[8][188]=269.822
dp[9][188]=408.118
dp[10][188]=543.861
dp[11][188]=686.427
dp[12][188]=843.092
Stratifying 11-th numerical feature ...
dp[13][188]=1025.36
Select best dp
Best k=4
Stratifying 11-th numerical feature ...
dp[2][188]=-5e+10
dp[3][188]=-5e+10
dp[4][188]=-5e+10
dp[5][188]=-5e+10
dp[6][188]=-5e+10
dp[7][188]=-5e+10
dp[8][188]=-5e+10
dp[9][188]=-5e+10
dp[10][188]=-5e+10
dp[11][188]=-5e+10
dp[12][188]=-5e+10
dp[13][188]=-5e+10
Select best dp
Best k=4
Stratifying 16-th numerical feature ...
dp[2][188]=-240.425
dp[3][188]=-422.019
dp[4][188]=-556.35
dp[5][188]=-525.724
dp[6][188]=-448.304
dp[7][188]=-355.89
dp[8][188]=-242.584
dp[9][188]=-139.677
dp[10][188]=-26.3712
dp[11][188]=98.5718
dp[12][188]=235.368
dp[13][188]=410.541
Select best dp
Best k=4
Stratifying 11-th numerical feature ...
dp[2][188]=-272.417
dp[3][188]=-415.302
dp[4][188]=-507.172
dp[5][188]=-462.544
dp[6][188]=-414.334
dp[7][188]=-346.395
dp[8][188]=-250.264
dp[9][188]=-151.369
dp[10][188]=-31.5392
dp[11][188]=100.785
dp[12][188]=234.074
dp[13][188]=372.745
Select best dp
Best k=4
Stratifying 10-th numerical feature ...
dp[2][188]=-137.466
dp[3][188]=-209.538
dp[4][188]=-220.17
dp[5][188]=-213.512
dp[6][188]=-114.206
dp[7][188]=-5.09127
dp[8][188]=116.103
dp[9][188]=240.396
dp[10][188]=368.719
dp[11][188]=495.855
dp[12][188]=628.887
dp[13][188]=764.196
Select best dp
Best k=4
Stratifying 16-th numerical feature ...
dp[2][188]=-390.031
dp[3][188]=-536.511
dp[4][188]=-605.263
dp[5][188]=-626.147
dp[6][188]=-645.302
dp[7][188]=-615.369
dp[8][188]=-581.399
dp[9][188]=-492.933
dp[10][188]=-384.143
dp[11][188]=-252.252
dp[12][188]=-124.025
dp[13][188]=9.02895
Select best dp
Best k=6
Stratifying 13-th numerical feature ...
dp[2][188]=-31.0221
dp[3][188]=-122.257
dp[4][188]=-89.1866
dp[5][188]=-56.0813
dp[6][188]=15.8079
dp[7][188]=114.561
dp[8][188]=227.238
dp[9][188]=353.395
dp[10][188]=490.233
dp[11][188]=641.021
dp[12][188]=812.261
dp[13][188]=997.113
Select best dp
Best k=3
Stratifying 14-th numerical feature ...
dp[2][188]=-238.572
dp[3][188]=-369.742
dp[4][188]=-444.247
dp[5][188]=-392.124
dp[6][188]=-339.626
dp[7][188]=-264.317
dp[8][188]=-156.845
dp[9][188]=-36.5977
dp[10][188]=97.6998
dp[11][188]=236.692
dp[12][188]=381.984
dp[13][188]=545.312
Select best dp
Best k=4
Stratifying 10-th numerical feature ...
dp[2][188]=-340.276
dp[3][188]=-5e+10
dp[4][188]=-5e+10
dp[5][188]=-5e+10
dp[6][188]=-5e+10
dp[7][188]=-5e+10
dp[8][188]=-5e+10
dp[9][188]=-5e+10
dp[10][188]=-5e+10
dp[11][188]=-5e+10
dp[12][188]=-5e+10
dp[13][188]=-5e+10
Select best dp
Best k=5
dp[2][188]=-235.817
dp[3][188]=-527.833
dp[4][188]=-624.115
dp[5][188]=-671.426
dp[6][188]=-674.614
dp[7][188]=-654.93
dp[8][188]=-590.09
dp[9][188]=-510.076
dp[10][188]=-412.546
dp[11][188]=-288.423
dp[12][188]=-133.859
dp[13][188]=46.0385
Select best dp
Best k=6
Stratifying 14-th numerical feature ...
dp[2][188]=-262.706
dp[3][188]=-405.696
dp[4][188]=-533.648
dp[5][188]=-487.328
dp[6][188]=-419.324
dp[7][188]=-342.644
dp[8][188]=-242.304
dp[9][188]=-139.626
dp[10][188]=-32.493
dp[11][188]=93.495
dp[12][188]=235.311
dp[13][188]=381.19
Select best dp
Best k=4
Stratifying 15-th numerical feature ...
dp[2][188]=14.2601
dp[3][188]=35.645
dp[4][188]=124.831
dp[5][188]=240.563
dp[6][188]=361.376
dp[7][188]=485.806
dp[8][188]=640.713
dp[9][188]=797.233
dp[10][188]=954.146
dp[11][188]=1114.74
dp[12][188]=1282.84
dp[13][188]=1479.76
Select best dp
Best k=2
Stratifying 12-th numerical feature ...
dp[2][188]=-340.276
dp[3][188]=-422.417
dp[4][188]=-423.184
dp[5][188]=-351.887
dp[6][188]=-253.696
dp[7][188]=-171.724
dp[8][188]=-62.0109
dp[9][188]=55.2394
dp[10][188]=172.65
dp[11][188]=293.935
dp[12][188]=428.106
dp[13][188]=574.544
Select best dp
Best k=4
dp[2][188]=125.587
dp[3][188]=217.787
dp[4][188]=360.111
dp[5][188]=523.269
dp[6][188]=691.941
dp[7][188]=865.466
dp[8][188]=1041.32
dp[9][188]=1218.41
dp[10][188]=1398.9
dp[11][188]=1580.11
dp[12][188]=1763.49
dp[13][188]=1973.59
Select best dp
Best k=2
Stratifying 12-th numerical feature ...
dp[2][188]=-97.0673
dp[3][188]=-146.497
dp[4][188]=-112.014
dp[5][188]=-56.9647
dp[6][188]=23.0045
dp[7][188]=101.95
dp[8][188]=232.258
dp[9][188]=364.613
dp[10][188]=498.572
dp[11][188]=641.489
dp[12][188]=794.066
dp[13][188]=980.076
Select best dp
Best k=3
Stratifying 12-th numerical feature ...
dp[2][188]=-97.0673
dp[3][188]=-146.497
dp[4][188]=-112.014
dp[5][188]=-56.9647
dp[6][188]=23.0045
dp[7][188]=101.95
dp[8][188]=232.258
dp[9][188]=364.613
dp[10][188]=498.572
dp[11][188]=641.489
dp[12][188]=794.066
dp[13][188]=980.076
Select best dp
Best k=3
Stratifying 12-th numerical feature ...
dp[2][188]=-605.648
dp[3][188]=-940.092
dp[4][188]=-1250.96
dp[5][188]=-1280.2
dp[6][188]=-1281.27
dp[7][188]=-1281.44
dp[8][188]=-1239.61
dp[9][188]=-1186.27
dp[10][188]=-1124.67
dp[11][188]=-1038.81
dp[12][188]=-920.319
dp[13][188]=-801.447
Select best dp
Best k=7
Stratifying 15-th numerical feature ...
dp[2][188]=-204.444
dp[3][188]=-367.87
dp[4][188]=-490.453
dp[5][188]=-451.652
dp[6][188]=-368.011
dp[7][188]=-272.814
dp[8][188]=-160.543
dp[9][188]=-55.4932
dp[10][188]=63.5448
dp[11][188]=193.933
dp[12][188]=330.072
dp[13][188]=503.459
Select best dp
Best k=4
Stratifying 11-th numerical feature ...
dp[2][188]=-240.425
dp[3][188]=-422.019
dp[4][188]=-556.35
dp[5][188]=-525.724
dp[6][188]=-448.304
dp[7][188]=-355.89
dp[8][188]=-259.634
dp[9][188]=-155.006
dp[10][188]=-46.4775
dp[11][188]=63.546
dp[12][188]=199.343
dp[13][188]=339.221
Select best dp
Best k=4
dp[2][188]=-137.466
dp[3][188]=-209.538
dp[4][188]=-220.17
dp[5][188]=-213.512
dp[6][188]=-114.206
dp[7][188]=-0.64231
dp[8][188]=123.51
dp[9][188]=256.04
dp[10][188]=381.898
dp[11][188]=528.509
dp[12][188]=675.916
dp[13][188]=859.727
Select best dp
Best k=4
Stratifying 16-th numerical feature ...
Stratifying 11-th numerical feature ...
dp[2][188]=-20.5262
dp[3][188]=53.8812
dp[4][188]=147.512
dp[5][188]=238.693
dp[6][188]=346.222
dp[7][188]=467.679
dp[8][188]=604.927
dp[9][188]=764.383
dp[10][188]=928.256
dp[11][188]=1096.47
dp[12][188]=1268.25
dp[13][188]=1448.63
Select best dp
Best k=2
Stratifying 13-th numerical feature ...
dp[2][188]=-143.695
dp[3][188]=-140.034
dp[4][188]=-100.366
dp[5][188]=-48.3463
dp[6][188]=15.7144
dp[7][188]=108.009
dp[8][188]=211.688
dp[9][188]=345.771
dp[10][188]=491.283
dp[11][188]=647.608
dp[12][188]=806.412
dp[13][188]=968.918
Select best dp
Best k=2
Stratifying 13-th numerical feature ...
dp[2][188]=-143.695
dp[3][188]=-140.034
dp[4][188]=-100.366
dp[5][188]=-48.3463
dp[6][188]=15.7144
dp[7][188]=108.009
dp[8][188]=211.688
dp[9][188]=345.771
dp[10][188]=491.283
dp[11][188]=647.608
dp[12][188]=806.412
dp[13][188]=968.918
Select best dp
Best k=2
Stratifying 13-th numerical feature ...
dp[2][188]=-357.255
dp[3][188]=-587.593
dp[4][188]=-729.182
dp[5][188]=-839.651
dp[6][188]=-827.123
dp[7][188]=-773.19
dp[8][188]=-696.873
dp[9][188]=-611.289
dp[10][188]=-534.973
dp[11][188]=-423.511
dp[12][188]=-307.338
dp[13][188]=-144.3
Select best dp
Best k=5
Stratifying 16-th numerical feature ...
dp[2][188]=-340.276
dp[3][188]=-422.417
dp[4][188]=-423.184
dp[5][188]=-351.887
dp[6][188]=-253.696
dp[7][188]=-143.983
dp[8][188]=-26.7324
dp[9][188]=95.0395
dp[10][188]=218.826
dp[11][188]=370.904
dp[12][188]=538.877
dp[13][188]=716.613
Select best dp
Best k=4
dp[2][188]=71.3752
dp[3][188]=80.5304
dp[4][188]=149.227
dp[5][188]=244.378
dp[6][188]=359.266
dp[7][188]=492.977
dp[8][188]=630.697
dp[9][188]=781.159
dp[10][188]=940.157
dp[11][188]=1100.81
dp[12][188]=1284.99
dp[13][188]=1472.26
Select best dp
Best k=2
Stratifying 14-th numerical feature ...
dp[2][188]=-20.2316
dp[3][188]=-59.6002
dp[4][188]=-24.688
dp[5][188]=32.1905
dp[6][188]=110.549
dp[7][188]=196.688
dp[8][188]=325.581
dp[9][188]=455.935
dp[10][188]=586.571
dp[11][188]=724.369
dp[12][188]=872.814
dp[13][188]=1057.35
Select best dp
Best k=3
Stratifying 12-th numerical feature ...
dp[2][188]=-31.0221
dp[3][188]=-122.257
dp[4][188]=-89.1866
dp[5][188]=-56.0813
dp[6][188]=15.8079
dp[7][188]=114.561
dp[8][188]=227.238
dp[9][188]=353.395
dp[10][188]=490.233
dp[11][188]=641.021
dp[12][188]=812.261
dp[13][188]=997.113
Select best dp
Best k=3
Stratifying 14-th numerical feature ...
dp[2][188]=102.642
dp[3][188]=231.97
dp[4][188]=373.936
dp[5][188]=519.957
dp[6][188]=676.304
dp[7][188]=827.349
dp[8][188]=997.315
dp[9][188]=1174.55
dp[10][188]=1354.02
dp[11][188]=1535.13
dp[12][188]=1717.86
dp[13][188]=1922.71
Select best dp
Best k=2
Stratifying 13-th numerical feature ...
dp[2][188]=-31.0221
dp[3][188]=-122.257
dp[4][188]=-89.1866
dp[5][188]=-56.0813
dp[6][188]=15.8079
dp[7][188]=114.561
dp[8][188]=227.238
dp[9][188]=353.395
dp[10][188]=490.233
dp[11][188]=641.021
dp[12][188]=812.261
dp[13][188]=997.113
Select best dp
Best k=3
Stratifying 14-th numerical feature ...
dp[2][188]=-97.0673
dp[3][188]=-146.497
dp[4][188]=-112.014
dp[5][188]=-56.9647
dp[6][188]=23.0045
dp[7][188]=101.95
dp[8][188]=222.591
dp[9][188]=352.899
dp[10][188]=485.254
dp[11][188]=618.854
dp[12][188]=759.256
dp[13][188]=901.507
Select best dp
Best k=3
Stratifying 12-th numerical feature ...
dp[2][188]=-909.627
dp[3][188]=-1174.7
dp[4][188]=-1351.34
dp[5][188]=-1372.34
dp[6][188]=-1336.65
dp[7][188]=-1298.63
dp[8][188]=-1247.89
dp[9][188]=-1171.74
dp[10][188]=-1085.71
dp[11][188]=-955.804
dp[12][188]=-806.46
dp[13][188]=-646.27
Select best dp
Best k=5
dp[2][188]=-91.2354
dp[3][188]=-138.607
dp[4][188]=-174.992
dp[5][188]=-90.8909
dp[6][188]=11.1982
dp[7][188]=125.382
dp[8][188]=252.726
dp[9][188]=380.566
dp[10][188]=513.068
dp[11][188]=656.662
dp[12][188]=810.018
dp[13][188]=971.341
Select best dp
Best k=4
Stratifying 15-th numerical feature ...
dp[2][188]=-262.706
dp[3][188]=-405.696
dp[4][188]=-533.648
dp[5][188]=-487.328
dp[6][188]=-419.324
dp[7][188]=-342.644
dp[8][188]=-242.304
dp[9][188]=-139.626
dp[10][188]=-32.493
dp[11][188]=93.495
dp[12][188]=235.311
dp[13][188]=381.19
Select best dp
Best k=4
Stratifying 15-th numerical feature ...
dp[2][188]=-262.706
dp[3][188]=-405.696
dp[4][188]=-533.648
dp[5][188]=-487.328
dp[6][188]=-419.324
dp[7][188]=-342.644
dp[8][188]=-242.304
dp[9][188]=-139.626
dp[10][188]=-32.493
dp[11][188]=93.495
dp[12][188]=235.311
dp[13][188]=381.19
Select best dp
Best k=4
Stratifying 15-th numerical feature ...
dp[2][188]=-108.658
dp[3][188]=-101.237
dp[4][188]=-69.7741
dp[5][188]=-14.1304
dp[6][188]=55.5527
dp[7][188]=152.359
dp[8][188]=253.784
dp[9][188]=387.863
dp[10][188]=531.885
dp[11][188]=687.432
dp[12][188]=844.668
dp[13][188]=1006.42
Select best dp
Best k=2
Stratifying 13-th numerical feature ...
dp[2][188]=-143.695
dp[3][188]=-140.034
dp[4][188]=-100.366
dp[5][188]=-48.3463
dp[6][188]=15.7144
dp[7][188]=108.009
dp[8][188]=211.688
dp[9][188]=345.383
dp[10][188]=483.612
dp[11][188]=629.124
dp[12][188]=777.244
dp[13][188]=925.378
Select best dp
Best k=2
Stratifying 13-th numerical feature ...
dp[2][188]=-27.5718
dp[3][188]=-20.5101
dp[4][188]=34.2912
dp[5][188]=99.5123
dp[6][188]=240.961
dp[7][188]=383.155
dp[8][188]=531.238
dp[9][188]=686.878
dp[10][188]=835.543
dp[11][188]=999.592
dp[12][188]=1164.97
dp[13][188]=1361.74
Select best dp
Best k=2
Stratifying 16-th numerical feature ...
dp[2][188]=-137.466
dp[3][188]=-209.538
dp[4][188]=-220.17
dp[5][188]=-213.512
dp[6][188]=-114.206
dp[7][188]=-0.64231
dp[8][188]=123.51
dp[9][188]=256.04
dp[10][188]=381.898
dp[11][188]=528.509
dp[12][188]=675.916
dp[13][188]=859.727
Select best dp
Best k=4
Stratifying 16-th numerical feature ...
dp[2][188]=-137.466
dp[3][188]=-209.538
dp[4][188]=-220.17
dp[5][188]=-213.512
dp[6][188]=-114.206
dp[7][188]=-0.64231
dp[8][188]=123.51
dp[9][188]=256.04
dp[10][188]=381.898
dp[11][188]=528.509
dp[12][188]=675.916
dp[13][188]=859.727
Select best dp
Best k=4
Stratifying 16-th numerical feature ...
dp[2][188]=173.772
dp[3][188]=281.141
dp[4][188]=386.622
dp[5][188]=534.633
dp[6][188]=691.865
dp[7][188]=846.609
dp[8][188]=1022.22
dp[9][188]=1197.47
dp[10][188]=1375.62
dp[11][188]=1557.23
dp[12][188]=1745.51
dp[13][188]=1946.6
Select best dp
Best k=2
Stratifying 14-th numerical feature ...
dp[2][188]=11.3317
dp[3][188]=-69.0472
dp[4][188]=-38.6743
dp[5][188]=11.1258
dp[6][188]=88.4476
dp[7][188]=184.243
dp[8][188]=302.324
dp[9][188]=428.403
dp[10][188]=564.265
dp[11][188]=718.986
dp[12][188]=886.238
dp[13][188]=1069.18
Select best dp
Best k=3
Stratifying 14-th numerical feature ...
dp[2][188]=-74.0224
dp[3][188]=-46.2764
dp[4][188]=38.324
dp[5][188]=158.34
dp[6][188]=284.715
dp[7][188]=427.129
dp[8][188]=568.664
dp[9][188]=711.862
dp[10][188]=863.769
dp[11][188]=1029.53
dp[12][188]=1202.95
dp[13][188]=1393.71
Select best dp
Best k=2
dp[2][188]=-31.0221
dp[3][188]=-122.257
dp[4][188]=-89.1866
dp[5][188]=-56.0813
dp[6][188]=15.8079
dp[7][188]=114.561
dp[8][188]=227.238
dp[9][188]=353.395
dp[10][188]=479.411
dp[11][188]=608.733
dp[12][188]=744.663
dp[13][188]=892.842
Select best dp
Best k=3
Stratifying 14-th numerical feature ...
dp[2][188]=-340.276
dp[3][188]=-422.417
dp[4][188]=-423.184
dp[5][188]=-351.887
dp[6][188]=-253.696
dp[7][188]=-143.983
dp[8][188]=-26.7324
dp[9][188]=95.0395
dp[10][188]=218.826
dp[11][188]=370.904
dp[12][188]=538.877
dp[13][188]=716.613
Select best dp
Best k=4
dp[2][188]=-340.276
dp[3][188]=-422.417
dp[4][188]=-423.184
dp[5][188]=-351.887
dp[6][188]=-253.696
dp[7][188]=-143.983
dp[8][188]=-26.7324
dp[9][188]=95.0395
dp[10][188]=218.826
dp[11][188]=370.904
dp[12][188]=538.877
dp[13][188]=716.613
Select best dp
Best k=4
dp[2][188]=80.1852
dp[3][188]=128.482
dp[4][188]=181.974
dp[5][188]=303.474
dp[6][188]=441.134
dp[7][188]=588.764
dp[8][188]=737.079
dp[9][188]=889.735
dp[10][188]=1052.16
dp[11][188]=1214.79
dp[12][188]=1379.91
dp[13][188]=1560.3
Select best dp
Best k=2
Stratifying 15-th numerical feature ...
dp[2][188]=-262.706
dp[3][188]=-405.696
dp[4][188]=-533.648
dp[5][188]=-487.328
dp[6][188]=-419.324
dp[7][188]=-342.644
dp[8][188]=-248.154
dp[9][188]=-152.039
dp[10][188]=-53.0609
dp[11][188]=58.4037
dp[12][188]=181.881
dp[13][188]=314.179
Select best dp
Best k=4
Stratifying 15-th numerical feature ...
dp[2][188]=-227.821
dp[3][188]=-358.919
dp[4][188]=-466.681
dp[5][188]=-410.546
dp[6][188]=-335.149
dp[7][188]=-255.901
dp[8][188]=-154.107
dp[9][188]=-46.5815
dp[10][188]=65.0251
dp[11][188]=193.082
dp[12][188]=338.389
dp[13][188]=484.624
Select best dp
Best k=4
Stratifying 15-th numerical feature ...
dp[2][188]=82.3224
dp[3][188]=168.517
dp[4][188]=286.975
dp[5][188]=410.759
dp[6][188]=585.44
dp[7][188]=759.036
dp[8][188]=935.663
dp[9][188]=1109.26
dp[10][188]=1288.06
dp[11][188]=1468.44
dp[12][188]=1649.92
dp[13][188]=1862.68
Select best dp
Best k=2
Stratifying 16-th numerical feature ...
dp[2][188]=-137.466
dp[3][188]=-209.538
dp[4][188]=-220.17
dp[5][188]=-213.512
dp[6][188]=-114.206
dp[7][188]=-5.09127
dp[8][188]=119.133
dp[9][188]=247.257
dp[10][188]=374.593
dp[11][188]=502.717
dp[12][188]=646.103
dp[13][188]=792.802
Select best dp
Best k=4
Stratifying 16-th numerical feature ...
dp[2][188]=-24.5338
dp[3][188]=-71.973
dp[4][188]=-62.6877
dp[5][188]=-34.552
dp[6][188]=54.0791
dp[7][188]=166.087
dp[8][188]=287.853
dp[9][188]=415.271
dp[10][188]=540.427
dp[11][188]=685.844
dp[12][188]=834.54
dp[13][188]=1009.47
Select best dp
Best k=3
Stratifying 16-th numerical feature ...
dp[2][188]=147.259
dp[3][188]=300.096
dp[4][188]=467.223
dp[5][188]=629.049
dp[6][188]=799.084
dp[7][188]=963.018
dp[8][188]=1135.31
dp[9][188]=1314.82
dp[10][188]=1495.14
dp[11][188]=1675.64
dp[12][188]=1862.29
dp[13][188]=2059.78
Select best dp
Best k=2
dp[2][188]=-340.276
dp[3][188]=-422.417
dp[4][188]=-423.184
dp[5][188]=-351.887
dp[6][188]=-253.696
dp[7][188]=-143.983
dp[8][188]=-30.3888
dp[9][188]=86.8615
dp[10][188]=204.272
dp[11][188]=325.557
dp[12][188]=459.728
dp[13][188]=611.265
Select best dp
Best k=4
dp[2][188]=-318.605
dp[3][188]=-356.508
dp[4][188]=-397.569
dp[5][188]=-321.6
dp[6][188]=-239.368
dp[7][188]=-132.585
dp[8][188]=-18.4337
dp[9][188]=106.208
dp[10][188]=241.475
dp[11][188]=395.051
dp[12][188]=563.875
dp[13][188]=741.881
Select best dp
Best k=4
