Standardize ...
Stratifying 1-th numerical feature ...
Standardize ...
Stratifying 1-th numerical feature ...
Standardize ...
Stratifying 1-th numerical feature ...
Standardize ...
Stratifying 1-th numerical feature ...
Standardize ...
Stratifying 1-th numerical feature ...
Standardize ...
Stratifying 1-th numerical feature ...
Standardize ...
Stratifying 1-th numerical feature ...
Standardize ...
Stratifying 1-th numerical feature ...
Standardize ...
Stratifying 1-th numerical feature ...
Standardize ...
Stratifying 1-th numerical feature ...
Standardize ...
Stratifying 1-th numerical feature ...
Standardize ...
Stratifying 1-th numerical feature ...
Standardize ...
Stratifying 1-th numerical feature ...
Standardize ...
Stratifying 1-th numerical feature ...
dp[2][467]=184.454
dp[3][467]=276.681
dp[4][467]=368.908
dp[5][467]=461.135
dp[6][467]=553.362
dp[7][467]=645.589
dp[8][467]=737.816
dp[9][467]=830.043
dp[10][467]=922.27
dp[11][467]=1014.5
dp[12][467]=1106.72
dp[13][467]=1198.95
dp[14][467]=1291.18
dp[15][467]=1383.41
dp[16][467]=1475.63
dp[17][467]=1567.86
dp[18][467]=1660.09
dp[19][467]=1752.31
dp[20][467]=1844.54
dp[21][467]=1936.77
Select best dp
Best k=2
dp[2][467]=-332.748
dp[3][467]=-2.8e+11
dp[4][467]=-2.8e+11
dp[5][467]=-5.3e+11
dp[6][467]=-5.3e+11
dp[7][467]=-7.5e+11
dp[8][467]=-7.5e+11
dp[9][467]=-7.5e+11
dp[10][467]=-7.5e+11
dp[11][467]=-7.5e+11
dp[12][467]=-7.5e+11
dp[13][467]=-7.5e+11
dp[14][467]=-7.5e+11
dp[15][467]=-7.5e+11
dp[16][467]=-7.5e+11
dp[17][467]=-7.5e+11
dp[18][467]=-7.5e+11
dp[19][467]=-7.5e+11
dp[20][467]=-5e+11
dp[21][467]=-2.2e+11
Select best dp
Best k=11
dp[2][467]=-332.748
dp[3][467]=-2.8e+11
dp[4][467]=-2.8e+11
dp[5][467]=-5.3e+11
dp[6][467]=-5.3e+11
dp[7][467]=-7.5e+11
dp[8][467]=-7.5e+11
dp[9][467]=-7.5e+11
dp[10][467]=-7.5e+11
dp[11][467]=-7.5e+11
dp[12][467]=-7.5e+11
dp[13][467]=-7.5e+11
dp[14][467]=-7.5e+11
dp[15][467]=-7.5e+11
dp[16][467]=-7.5e+11
dp[17][467]=-7.5e+11
dp[18][467]=-7.5e+11
dp[19][467]=-7.5e+11
dp[20][467]=-5e+11
dp[21][467]=-2.2e+11
Select best dp
Best k=11
dp[2][467]=-332.748
dp[3][467]=-2.8e+11
dp[4][467]=-2.8e+11
dp[5][467]=-5.3e+11
dp[6][467]=-5.3e+11
dp[7][467]=-7.5e+11
dp[8][467]=-7.5e+11
dp[9][467]=-7.5e+11
dp[10][467]=-7.5e+11
dp[11][467]=-7.5e+11
dp[12][467]=-7.5e+11
dp[13][467]=-7.5e+11
dp[14][467]=-7.5e+11
dp[15][467]=-7.5e+11
dp[16][467]=-7.5e+11
dp[17][467]=-7.5e+11
dp[18][467]=-7.5e+11
dp[19][467]=-7.5e+11
dp[20][467]=-5e+11
dp[21][467]=-2.2e+11
Select best dp
Best k=11
dp[2][467]=-332.748
dp[3][467]=-602.002
dp[4][467]=-768.228
dp[5][467]=-897.374
dp[6][467]=-983.678
dp[7][467]=-1058.02
dp[8][467]=-1106.09
dp[9][467]=-1105.93
dp[10][467]=-1092
dp[11][467]=-1066.72
dp[12][467]=-1041.52
dp[13][467]=-1004.36
dp[14][467]=-846.258
Select best dp
Best k=8
dp[2][467]=-332.748
dp[3][467]=-2.8e+11
dp[4][467]=-2.8e+11
dp[5][467]=-5.3e+11
dp[6][467]=-5.3e+11
dp[7][467]=-7.5e+11
dp[8][467]=-7.5e+11
dp[9][467]=-7.5e+11
dp[10][467]=-7.5e+11
dp[11][467]=-7.5e+11
dp[12][467]=-7.5e+11
dp[13][467]=-7.5e+11
dp[14][467]=-7.5e+11
dp[15][467]=-7.5e+11
dp[16][467]=-7.5e+11
dp[17][467]=-7.5e+11
dp[18][467]=-7.5e+11
dp[19][467]=-7.5e+11
dp[20][467]=-5e+11
dp[21][467]=-2.2e+11
Select best dp
Best k=11
dp[2][467]=-332.748
dp[3][467]=-2.8e+11
dp[4][467]=-2.8e+11
dp[5][467]=-5.3e+11
dp[6][467]=-5.3e+11
dp[7][467]=-7.5e+11
dp[8][467]=-7.5e+11
dp[9][467]=-7.5e+11
dp[10][467]=-7.5e+11
dp[11][467]=-7.5e+11
dp[12][467]=-7.5e+11
dp[13][467]=-7.5e+11
dp[14][467]=-7.5e+11
dp[15][467]=-7.5e+11
dp[16][467]=-7.5e+11
dp[17][467]=-7.5e+11
dp[18][467]=-7.5e+11
dp[19][467]=-7.5e+11
dp[20][467]=-5e+11
dp[21][467]=-2.2e+11
Select best dp
Best k=11
dp[2][467]=-332.748
dp[3][467]=-2.8e+11
dp[4][467]=-2.8e+11
dp[5][467]=-5.3e+11
dp[6][467]=-5.3e+11
dp[7][467]=-7.5e+11
dp[8][467]=-7.5e+11
dp[9][467]=-7.5e+11
dp[10][467]=-7.5e+11
dp[11][467]=-7.5e+11
dp[12][467]=-7.5e+11
dp[13][467]=-7.5e+11
dp[14][467]=-7.5e+11
dp[15][467]=-7.5e+11
dp[16][467]=-7.5e+11
dp[17][467]=-7.5e+11
dp[18][467]=-7.5e+11
dp[19][467]=-7.5e+11
dp[20][467]=-5e+11
dp[21][467]=-2.2e+11
Select best dp
Best k=11
dp[2][467]=-874.543
dp[3][467]=-5.6e+11
dp[4][467]=-5.6e+11
dp[5][467]=-1.06e+12
dp[6][467]=-1.06e+12
dp[7][467]=-1.5e+12
dp[8][467]=-1.5e+12
dp[9][467]=-1.5e+12
dp[10][467]=-1.5e+12
dp[11][467]=-1.5e+12
dp[12][467]=-1.5e+12
dp[13][467]=-1.5e+12
dp[14][467]=-1.5e+12
dp[15][467]=-1.5e+12
dp[16][467]=-1.5e+12
dp[17][467]=-1.5e+12
dp[18][467]=-1.5e+12
dp[19][467]=-1.5e+12
dp[20][467]=-1e+12
dp[21][467]=-4.4e+11
Select best dp
Best k=15
dp[2][467]=-61.8499
dp[3][467]=-1.4e+11
dp[4][467]=-1.4e+11
dp[5][467]=-2.65e+11
dp[6][467]=-2.65e+11
dp[7][467]=-3.75e+11
dp[8][467]=-3.75e+11
dp[9][467]=-3.75e+11
dp[10][467]=-3.75e+11
dp[11][467]=-3.75e+11
dp[12][467]=-3.75e+11
dp[13][467]=-3.75e+11
dp[14][467]=-3.75e+11
dp[15][467]=-3.75e+11
dp[16][467]=-3.75e+11
dp[17][467]=-3.75e+11
dp[18][467]=-3.75e+11
dp[19][467]=-3.75e+11
dp[20][467]=-2.5e+11
dp[21][467]=-1.1e+11
Select best dp
Best k=8
dp[2][467]=-332.748
dp[3][467]=-2.8e+11
dp[4][467]=-4.3e+11
dp[5][467]=-5.5e+11
dp[6][467]=-7.1e+11
dp[7][467]=-8.3e+11
dp[8][467]=-9.8e+11
dp[9][467]=-1.08e+12
dp[10][467]=-1.26e+12
dp[11][467]=-1.39e+12
dp[12][467]=-1.51e+12
dp[13][467]=-1.64e+12
dp[14][467]=-1.77e+12
dp[15][467]=-1.9e+12
dp[16][467]=-2.02e+12
dp[17][467]=-2.15e+12
dp[18][467]=-2.28e+12
dp[19][467]=-2.41e+12
dp[20][467]=-2.53e+12
dp[21][467]=-2.66e+12
Select best dp
Best k=21
dp[2][467]=-332.748
dp[3][467]=-2.8e+11
dp[4][467]=-4.3e+11
dp[5][467]=-5.5e+11
dp[6][467]=-7.1e+11
dp[7][467]=-8.3e+11
dp[8][467]=-9.8e+11
dp[9][467]=-1.08e+12
dp[10][467]=-1.26e+12
dp[11][467]=-1.34e+12
dp[12][467]=-1.49e+12
dp[13][467]=-1.59e+12
dp[14][467]=-1.77e+12
dp[15][467]=-1.82e+12
dp[16][467]=-2e+12
dp[17][467]=-2.04e+12
dp[18][467]=-2.22e+12
dp[19][467]=-2.26e+12
dp[20][467]=-2.39e+12
dp[21][467]=-2.48e+12
Select best dp
Best k=21
dp[2][467]=-332.748
dp[3][467]=-2.8e+11
dp[4][467]=-4.3e+11
dp[5][467]=-5.5e+11
dp[6][467]=-7.1e+11
dp[7][467]=-8.3e+11
dp[8][467]=-9.8e+11
dp[9][467]=-1.08e+12
dp[10][467]=-1.26e+12
dp[11][467]=-1.34e+12
dp[12][467]=-1.49e+12
dp[13][467]=-1.59e+12
dp[14][467]=-1.77e+12
dp[15][467]=-1.82e+12
dp[16][467]=-2e+12
dp[17][467]=-2.04e+12
dp[18][467]=-2.22e+12
dp[19][467]=-2.26e+12
dp[20][467]=-2.39e+12
dp[21][467]=-2.48e+12
Select best dp
Best k=21
dp[2][467]=251.983
dp[3][467]=-2.8e+11
dp[4][467]=-2.8e+11
dp[5][467]=-5.3e+11
dp[6][467]=-5.3e+11
dp[7][467]=-7.5e+11
dp[8][467]=-7.5e+11
dp[9][467]=-7.5e+11
dp[10][467]=-7.5e+11
dp[11][467]=-7.5e+11
dp[12][467]=-7.5e+11
dp[13][467]=-7.5e+11
dp[14][467]=-7.5e+11
dp[15][467]=-7.5e+11
dp[16][467]=-7.5e+11
dp[17][467]=-7.5e+11
dp[18][467]=-7.5e+11
dp[19][467]=-7.5e+11
dp[20][467]=-5e+11
dp[21][467]=-2.2e+11
Select best dp
Best k=11
