Standardize ...
Stratifying 1-th numerical feature ...
Standardize ...
Stratifying 1-th numerical feature ...
Standardize ...
Stratifying 1-th numerical feature ...
Standardize ...
Stratifying 1-th numerical feature ...
Standardize ...
Stratifying 1-th numerical feature ...
Standardize ...
Stratifying 1-th numerical feature ...
Standardize ...
Stratifying 1-th numerical feature ...
Standardize ...
Stratifying 1-th numerical feature ...
Standardize ...
Stratifying 1-th numerical feature ...
Standardize ...
Stratifying 1-th numerical feature ...
Standardize ...
Stratifying 1-th numerical feature ...
Standardize ...
Stratifying 1-th numerical feature ...
Standardize ...
Stratifying 1-th numerical feature ...
Standardize ...
Stratifying 1-th numerical feature ...
dp[2][422]=-191.874
dp[3][422]=-337.98
dp[4][422]=-430.759
dp[5][422]=-439.283
dp[6][422]=-439.336
dp[7][422]=-413.243
dp[8][422]=-382.637
dp[9][422]=-318.115
dp[10][422]=-249.455
dp[11][422]=-173.682
dp[12][422]=-83.4693
dp[13][422]=21.663
Select best dp
Best k=6
Stratifying 2-th numerical feature ...
dp[2][422]=326.558
dp[3][422]=489.837
dp[4][422]=653.116
dp[5][422]=816.395
dp[6][422]=979.674
dp[7][422]=1142.95
dp[8][422]=1306.23
dp[9][422]=1469.51
dp[10][422]=1632.79
dp[11][422]=1796.07
dp[12][422]=1959.35
dp[13][422]=2122.63
dp[14][422]=2285.91
dp[15][422]=2449.19
dp[16][422]=2612.46
dp[17][422]=2775.74
dp[18][422]=2939.02
dp[19][422]=3102.3
dp[20][422]=3265.58
Select best dp
Best k=2
Stratifying 2-th numerical feature ...
dp[2][422]=-191.874
dp[3][422]=-337.98
dp[4][422]=-430.759
dp[5][422]=-439.283
dp[6][422]=-439.336
dp[7][422]=-413.243
dp[8][422]=-382.637
dp[9][422]=-318.115
dp[10][422]=-249.455
dp[11][422]=-179.35
dp[12][422]=-97.9433
dp[13][422]=-10.5174
dp[14][422]=82.3806
dp[15][422]=177.929
dp[16][422]=276.618
dp[17][422]=384.182
dp[18][422]=518.804
dp[19][422]=663.767
dp[20][422]=869.841
Select best dp
Best k=6
Stratifying 2-th numerical feature ...
dp[2][422]=-191.874
dp[3][422]=-337.98
dp[4][422]=-430.759
dp[5][422]=-439.283
dp[6][422]=-439.336
dp[7][422]=-413.243
dp[8][422]=-382.637
dp[9][422]=-318.115
dp[10][422]=-249.455
dp[11][422]=-179.35
dp[12][422]=-97.9433
dp[13][422]=-10.5174
dp[14][422]=82.3806
dp[15][422]=177.929
dp[16][422]=276.618
dp[17][422]=384.182
dp[18][422]=518.804
dp[19][422]=663.767
dp[20][422]=869.841
Select best dp
Best k=6
Stratifying 2-th numerical feature ...
dp[2][422]=-191.874
dp[3][422]=-337.98
dp[4][422]=-430.759
dp[5][422]=-439.283
dp[6][422]=-439.336
dp[7][422]=-413.243
dp[8][422]=-382.637
dp[9][422]=-318.115
dp[10][422]=-249.455
dp[11][422]=-179.35
dp[12][422]=-97.9433
dp[13][422]=-10.5174
dp[14][422]=82.3806
dp[15][422]=177.929
dp[16][422]=276.618
dp[17][422]=384.182
dp[18][422]=518.804
dp[19][422]=663.767
dp[20][422]=869.841
Select best dp
Best k=6
Stratifying 2-th numerical feature ...
dp[2][422]=-191.874
dp[3][422]=-1.2e+11
dp[4][422]=-1.2e+11
dp[5][422]=-2.4e+11
dp[6][422]=-2.4e+11
dp[7][422]=-3.5e+11
dp[8][422]=-3.5e+11
dp[9][422]=-4.6e+11
dp[10][422]=-4.6e+11
dp[11][422]=-5.6e+11
dp[12][422]=-5.6e+11
dp[13][422]=-5.6e+11
dp[14][422]=-5.6e+11
dp[15][422]=-5.6e+11
dp[16][422]=-5.6e+11
dp[17][422]=-5.6e+11
dp[18][422]=-5.6e+11
dp[19][422]=-5.6e+11
dp[20][422]=-5.6e+11
Select best dp
Best k=12
Stratifying 2-th numerical feature ...
dp[2][422]=-1877.2
dp[3][422]=-2180.2
dp[4][422]=-2303.34
dp[5][422]=-2378.52
dp[6][422]=-2386.65
dp[7][422]=-2361.14
dp[8][422]=-2330.38
dp[9][422]=-2289.46
dp[10][422]=-2243.59
dp[11][422]=-2164.81
dp[12][422]=-2079.86
dp[13][422]=-1960.06
Select best dp
Best k=6
Stratifying 3-th numerical feature ...
dp[2][422]=326.558
dp[3][422]=489.837
dp[4][422]=653.116
dp[5][422]=816.395
dp[6][422]=979.674
dp[7][422]=1142.95
dp[8][422]=1306.23
dp[9][422]=1469.51
dp[10][422]=1632.79
dp[11][422]=1796.07
dp[12][422]=1959.35
dp[13][422]=2122.63
dp[14][422]=2285.91
dp[15][422]=2449.19
dp[16][422]=2612.46
dp[17][422]=2775.74
dp[18][422]=2939.02
dp[19][422]=3102.3
dp[20][422]=3265.58
Select best dp
Best k=2
dp[2][422]=67.3419
dp[3][422]=75.9284
dp[4][422]=111.178
dp[5][422]=188.556
dp[6][422]=270.169
dp[7][422]=364.855
dp[2][422]=-191.874
dp[8][422]=461.797
dp[9][422]=575.698
dp[3][422]=-337.98
dp[10][422]=691.668
dp[4][422]=-430.759
dp[11][422]=808.36
dp[5][422]=-439.283
dp[12][422]=930.703
dp[6][422]=-439.336
dp[13][422]=1056.06
dp[7][422]=-413.243
dp[14][422]=1184.14
dp[8][422]=-382.637
dp[15][422]=1313.56
dp[9][422]=-318.115
dp[16][422]=1444.54
dp[10][422]=-249.455
dp[17][422]=1579.96
dp[11][422]=-179.35
dp[18][422]=1728.91
dp[12][422]=-97.9433
dp[19][422]=1883.03
dp[13][422]=-10.5174
dp[20][422]=2067.71
dp[14][422]=82.3806
Select best dp
dp[15][422]=177.929
Best k=2
dp[16][422]=276.618
dp[17][422]=384.182
dp[18][422]=518.804
dp[19][422]=663.767
dp[20][422]=869.841
Select best dp
Best k=6
Stratifying 3-th numerical feature ...
dp[2][422]=-191.874
dp[3][422]=-337.98
dp[4][422]=-430.759
Stratifying 2-th numerical feature ...
dp[5][422]=-439.283
dp[6][422]=-439.336
dp[7][422]=-413.243
dp[8][422]=-382.637
dp[9][422]=-318.115
dp[10][422]=-249.455
dp[11][422]=-179.35
dp[12][422]=-97.9433
dp[13][422]=-10.5174
dp[14][422]=82.3806
dp[15][422]=177.929
dp[16][422]=276.618
dp[17][422]=384.182
dp[18][422]=518.804
dp[19][422]=663.767
dp[20][422]=869.841
Select best dp
Best k=6
Stratifying 2-th numerical feature ...
Stratifying 2-th numerical feature ...
dp[2][422]=-710.307
dp[3][422]=-1165.8
dp[4][422]=-1514.63
dp[5][422]=-1694.96
dp[6][422]=-1858.35
dp[7][422]=-1969.44
dp[8][422]=-2071.51
dp[9][422]=-2105.74
dp[10][422]=-2131.7
dp[11][422]=-2154.77
dp[12][422]=-2155.24
dp[13][422]=-2143.66
dp[14][422]=-2121.15
dp[15][422]=-2093.33
dp[16][422]=-2059.23
dp[17][422]=-2007.38
dp[18][422]=-1901.41
dp[19][422]=-1774.77
dp[20][422]=-1525.9
Select best dp
Best k=12
Stratifying 2-th numerical feature ...
dp[2][422]=-191.874
dp[3][422]=-337.98
dp[4][422]=-430.759
dp[5][422]=-439.283
dp[6][422]=-439.336
dp[7][422]=-413.243
dp[8][422]=-382.637
dp[9][422]=-318.115
dp[10][422]=-249.455
dp[11][422]=-179.35
dp[12][422]=-97.9433
dp[13][422]=-10.5174
dp[14][422]=82.3806
dp[15][422]=177.929
dp[16][422]=276.618
dp[17][422]=384.182
dp[18][422]=518.804
dp[19][422]=663.767
dp[20][422]=869.841
Select best dp
Best k=6
Stratifying 2-th numerical feature ...
dp[2][422]=-1898.03
dp[3][422]=-2211.49
dp[4][422]=-2337.83
dp[5][422]=-2423.42
dp[6][422]=-2431.66
dp[7][422]=-2421.77
dp[8][422]=-2391.01
dp[9][422]=-2351.86
dp[10][422]=-2306
dp[11][422]=-2227.43
dp[12][422]=-2148.65
dp[13][422]=-2065.78
dp[14][422]=-1972.23
dp[15][422]=-1878.37
dp[16][422]=-1778.03
dp[17][422]=-1666.04
dp[18][422]=-1542.95
dp[19][422]=-1391.72
dp[20][422]=-1199.76
Select best dp
Best k=6
dp[2][422]=-1898.03
dp[3][422]=-2211.49
dp[4][422]=-2337.83
dp[5][422]=-2423.42
dp[6][422]=-2431.66
dp[7][422]=-2421.77
dp[8][422]=-2391.01
dp[9][422]=-2351.86
dp[10][422]=-2306
dp[11][422]=-2227.43
dp[12][422]=-2148.65
dp[13][422]=-2065.78
dp[14][422]=-1972.23
dp[15][422]=-1878.37
dp[16][422]=-1778.03
dp[17][422]=-1666.04
dp[18][422]=-1542.95
dp[19][422]=-1391.72
dp[20][422]=-1199.76
Select best dp
Best k=6
Stratifying 3-th numerical feature ...
Stratifying 3-th numerical feature ...
dp[2][422]=-1898.03
dp[3][422]=-2211.49
dp[4][422]=-2337.83
dp[5][422]=-2423.42
dp[6][422]=-2431.66
dp[7][422]=-2421.77
dp[8][422]=-2391.01
dp[9][422]=-2351.86
dp[10][422]=-2306
dp[11][422]=-2227.43
dp[12][422]=-2148.65
dp[13][422]=-2065.78
dp[14][422]=-1972.23
dp[15][422]=-1878.37
dp[16][422]=-1778.03
dp[17][422]=-1666.04
dp[18][422]=-1542.95
dp[19][422]=-1391.72
dp[20][422]=-1199.76
Select best dp
Best k=6
Stratifying 3-th numerical feature ...
dp[2][422]=-124.784
dp[3][422]=-322.863
dp[4][422]=-371.597
dp[5][422]=-403.351
dp[6][422]=-424.915
dp[7][422]=-400.15
dp[8][422]=-358.597
dp[9][422]=-308.752
dp[10][422]=-243.138
dp[11][422]=-166.695
dp[12][422]=-38.0315
dp[13][422]=109.903
Select best dp
Best k=6
dp[2][422]=326.558
dp[3][422]=489.837
dp[4][422]=653.116
dp[5][422]=816.395
dp[6][422]=979.674
dp[7][422]=1142.95
dp[8][422]=1306.23
dp[9][422]=1469.51
dp[10][422]=1632.79
dp[11][422]=1796.07
dp[12][422]=1959.35
dp[13][422]=2122.63
dp[14][422]=2285.91
dp[15][422]=2449.19
dp[16][422]=2612.46
dp[17][422]=2775.74
dp[18][422]=2939.02
dp[19][422]=3102.3
dp[20][422]=3265.58
Select best dp
Best k=2
dp[2][422]=-124.784
dp[3][422]=-2.6e+11
dp[4][422]=-4.8e+11
dp[5][422]=-7.3e+11
dp[6][422]=-9.5e+11
dp[7][422]=-9.5e+11
dp[8][422]=-9.5e+11
dp[9][422]=-9.5e+11
dp[10][422]=-9.5e+11
dp[11][422]=-9.5e+11
dp[12][422]=-9.5e+11
dp[13][422]=-9.5e+11
dp[14][422]=-9.5e+11
dp[15][422]=-9.5e+11
dp[16][422]=-9.5e+11
dp[17][422]=-9.5e+11
dp[18][422]=-9.5e+11
dp[19][422]=-9.5e+11
dp[20][422]=998.633
Select best dp
Best k=8
dp[2][422]=-191.874
dp[3][422]=-1.2e+11
dp[4][422]=-1.8e+11
dp[5][422]=-2.4e+11
dp[6][422]=-3e+11
dp[7][422]=-3.5e+11
dp[8][422]=-4.1e+11
dp[9][422]=-4.6e+11
dp[10][422]=-5.2e+11
dp[11][422]=-5.7e+11
dp[12][422]=-6.2e+11
dp[13][422]=-6.8e+11
dp[14][422]=-7.3e+11
dp[15][422]=-7.9e+11
dp[16][422]=-8.3e+11
dp[17][422]=-8.9e+11
dp[18][422]=-9.4e+11
dp[19][422]=-9.9e+11
dp[20][422]=-1.04e+12
Select best dp
Best k=20
Stratifying 2-th numerical feature ...
dp[2][422]=-124.784
dp[3][422]=-2.6e+11
dp[4][422]=-4.8e+11
dp[5][422]=-7.3e+11
dp[6][422]=-9.5e+11
dp[7][422]=-9.5e+11
dp[8][422]=-9.5e+11
dp[9][422]=-9.5e+11
dp[10][422]=-9.5e+11
dp[11][422]=-9.5e+11
dp[12][422]=-9.5e+11
dp[13][422]=-9.5e+11
dp[14][422]=-9.5e+11
dp[15][422]=-9.5e+11
dp[16][422]=-9.5e+11
dp[17][422]=-9.5e+11
dp[18][422]=-9.5e+11
dp[19][422]=-9.5e+11
dp[20][422]=998.633
Select best dp
Best k=8
dp[2][422]=-191.874
dp[3][422]=-1.2e+11
dp[4][422]=-1.2e+11
dp[5][422]=-2.4e+11
dp[6][422]=-2.4e+11
dp[7][422]=-3.5e+11
dp[8][422]=-3.5e+11
dp[9][422]=-4.6e+11
dp[10][422]=-4.6e+11
dp[11][422]=-5.6e+11
dp[12][422]=-5.6e+11
dp[13][422]=-5.6e+11
dp[14][422]=-5.6e+11
dp[2][422]=-124.784
dp[15][422]=-5.6e+11
dp[16][422]=-5.6e+11
dp[3][422]=-2.6e+11
dp[17][422]=-5.6e+11
dp[4][422]=-4.8e+11
dp[18][422]=-5.6e+11
dp[5][422]=-7.3e+11
dp[19][422]=-5.6e+11
dp[6][422]=-9.5e+11
dp[20][422]=-5.6e+11
dp[7][422]=-9.5e+11
Select best dp
dp[8][422]=-9.5e+11
Best k=12
dp[9][422]=-9.5e+11
dp[10][422]=-9.5e+11
dp[11][422]=-9.5e+11
dp[12][422]=-9.5e+11
dp[13][422]=-9.5e+11
dp[14][422]=-9.5e+11
dp[15][422]=-9.5e+11
dp[16][422]=-9.5e+11
dp[17][422]=-9.5e+11
dp[18][422]=-9.5e+11
dp[19][422]=-9.5e+11
dp[20][422]=998.633
Select best dp
Best k=8
Stratifying 2-th numerical feature ...
dp[2][422]=-1908.68
dp[3][422]=-1.3e+11
dp[4][422]=-2.4e+11
dp[5][422]=-2.6e+11
dp[6][422]=-3.7e+11
dp[7][422]=-3.7e+11
dp[8][422]=-4.8e+11
dp[9][422]=-4.8e+11
dp[10][422]=-5.8e+11
dp[11][422]=-5.8e+11
dp[12][422]=-6.8e+11
dp[13][422]=-6.8e+11
dp[14][422]=-7.8e+11
dp[15][422]=-7.8e+11
dp[16][422]=-7.8e+11
dp[17][422]=-7.8e+11
dp[18][422]=-7.8e+11
dp[19][422]=-7.8e+11
dp[20][422]=-7.8e+11
Select best dp
Best k=16
Stratifying 3-th numerical feature ...
dp[2][422]=-1898.03
dp[3][422]=-2211.49
dp[4][422]=-2337.83
dp[5][422]=-2423.42
dp[6][422]=-2431.66
dp[7][422]=-2421.77
dp[8][422]=-2391.01
dp[9][422]=-2351.86
dp[10][422]=-2306
dp[11][422]=-2227.43
dp[12][422]=-2148.65
dp[13][422]=-2065.78
dp[14][422]=-1972.23
dp[15][422]=-1878.37
dp[16][422]=-1778.03
dp[17][422]=-1666.04
dp[18][422]=-1542.95
dp[19][422]=-1391.72
dp[20][422]=-1199.76
Select best dp
Best k=6
Stratifying 3-th numerical feature ...
dp[2][422]=-1898.03
dp[3][422]=-2211.49
dp[4][422]=-2337.83
dp[5][422]=-2423.42
dp[6][422]=-2431.66
dp[7][422]=-2421.77
dp[8][422]=-2391.01
dp[9][422]=-2351.86
dp[10][422]=-2306
dp[11][422]=-2227.43
dp[12][422]=-2148.65
dp[13][422]=-2065.78
dp[14][422]=-1972.23
dp[15][422]=-1878.37
dp[16][422]=-1778.03
dp[17][422]=-1666.04
dp[18][422]=-1542.95
dp[19][422]=-1391.72
dp[20][422]=-1199.76
Select best dp
Best k=6
Stratifying 3-th numerical feature ...
dp[2][422]=-4122.61
dp[3][422]=-4912.83
dp[4][422]=-5328.78
dp[5][422]=-5663.23
dp[6][422]=-5842.98
dp[7][422]=-5986.49
dp[8][422]=-6088.25
dp[9][422]=-6173.23
dp[10][422]=-6244.78
dp[11][422]=-6250.94
dp[12][422]=-6256.65
dp[13][422]=-6254.19
dp[14][422]=-6230.36
dp[15][422]=-6205.92
dp[16][422]=-6168.53
dp[17][422]=-6107.82
dp[18][422]=-6024.92
dp[19][422]=-5885.75
dp[20][422]=-5665.1
Select best dp
Best k=12
Stratifying 3-th numerical feature ...
dp[2][422]=-785.735
dp[3][422]=-860.828
dp[4][422]=-842.357
dp[5][422]=-803.51
dp[6][422]=-725.99
dp[7][422]=-639.407
dp[8][422]=-542.388
dp[9][422]=-441.175
dp[10][422]=-336.603
dp[11][422]=-215.682
dp[12][422]=-94.6519
dp[13][422]=28.4241
dp[14][422]=156.84
dp[15][422]=285.409
dp[16][422]=417.216
dp[17][422]=554.852
dp[18][422]=698.038
dp[19][422]=855.288
dp[20][422]=1032.91
Select best dp
Best k=3
dp[2][422]=-1898.03
dp[3][422]=-2211.49
dp[4][422]=-2337.83
dp[5][422]=-2423.42
dp[6][422]=-2431.66
dp[7][422]=-2421.77
dp[8][422]=-2391.01
dp[9][422]=-2351.86
dp[10][422]=-2306
dp[11][422]=-2227.43
dp[12][422]=-2148.65
dp[13][422]=-2065.78
dp[14][422]=-1972.23
dp[15][422]=-1878.37
dp[16][422]=-1778.03
dp[17][422]=-1666.04
dp[18][422]=-1542.95
dp[19][422]=-1391.72
dp[20][422]=-1199.76
Select best dp
Best k=6
Stratifying 3-th numerical feature ...
Stratifying 3-th numerical feature ...
dp[2][422]=-124.784
dp[3][422]=-2.6e+11
dp[4][422]=-4.8e+11
dp[5][422]=-7.3e+11
dp[6][422]=-9.5e+11
dp[7][422]=-9.5e+11
dp[8][422]=-9.5e+11
dp[9][422]=-9.5e+11
dp[10][422]=-9.5e+11
dp[11][422]=-9.5e+11
dp[12][422]=-9.5e+11
dp[13][422]=-9.5e+11
dp[14][422]=-9.5e+11
dp[15][422]=-9.5e+11
dp[16][422]=-9.5e+11
dp[17][422]=-9.5e+11
dp[18][422]=-9.5e+11
dp[19][422]=-9.5e+11
dp[20][422]=998.633
Select best dp
Best k=8
dp[2][422]=-124.784
dp[3][422]=-2.6e+11
dp[4][422]=-4.8e+11
dp[5][422]=-7.3e+11
dp[6][422]=-9.5e+11
dp[7][422]=-9.5e+11
dp[8][422]=-9.5e+11
dp[9][422]=-9.5e+11
dp[10][422]=-9.5e+11
dp[11][422]=-9.5e+11
dp[12][422]=-9.5e+11
dp[13][422]=-9.5e+11
dp[14][422]=-9.5e+11
dp[15][422]=-9.5e+11
dp[16][422]=-9.5e+11
dp[17][422]=-9.5e+11
dp[18][422]=-9.5e+11
dp[19][422]=-9.5e+11
dp[20][422]=998.633
Select best dp
Best k=8
dp[2][422]=-576.127
dp[3][422]=-5.2e+11
dp[4][422]=-9.6e+11
dp[5][422]=-1.46e+12
dp[6][422]=-1.9e+12
dp[7][422]=-1.9e+12
dp[8][422]=-1.9e+12
dp[9][422]=-1.9e+12
dp[10][422]=-1.9e+12
dp[11][422]=-1.9e+12
dp[12][422]=-1.9e+12
dp[13][422]=-1.9e+12
dp[14][422]=-1.9e+12
dp[15][422]=-1.9e+12
dp[16][422]=-1.9e+12
dp[17][422]=-1.9e+12
dp[18][422]=-1.9e+12
dp[19][422]=-1.9e+12
dp[20][422]=-1268.31
Select best dp
Best k=14
dp[2][422]=-124.784
dp[3][422]=-2.6e+11
dp[4][422]=-4.8e+11
dp[5][422]=-7.3e+11
dp[6][422]=-9.5e+11
dp[7][422]=-1.15e+12
dp[8][422]=-1.35e+12
dp[9][422]=-1.53e+12
dp[10][422]=-1.66e+12
dp[11][422]=-1.82e+12
dp[12][422]=-2.02e+12
dp[13][422]=-2.16e+12
dp[14][422]=-2.21e+12
dp[15][422]=-2.35e+12
dp[16][422]=-2.48e+12
dp[17][422]=-2.62e+12
dp[18][422]=-2.74e+12
dp[19][422]=-2.87e+12
dp[20][422]=-3e+12
Select best dp
Best k=20
dp[2][422]=-1908.68
dp[3][422]=-1.3e+11
dp[4][422]=-2.4e+11
dp[5][422]=-2.6e+11
dp[6][422]=-3.7e+11
dp[7][422]=-3.7e+11
dp[8][422]=-4.8e+11
dp[9][422]=-4.8e+11
dp[10][422]=-5.8e+11
dp[11][422]=-5.8e+11
dp[12][422]=-6.8e+11
dp[13][422]=-6.8e+11
dp[14][422]=-7.8e+11
dp[15][422]=-7.8e+11
dp[16][422]=-7.8e+11
dp[17][422]=-7.8e+11
dp[18][422]=-7.8e+11
dp[19][422]=-7.8e+11
dp[20][422]=-7.8e+11
Select best dp
Best k=16
Stratifying 3-th numerical feature ...
dp[2][422]=-1908.68
dp[3][422]=-1.3e+11
dp[4][422]=-2.4e+11
dp[5][422]=-2.8e+11
dp[6][422]=-3.7e+11
dp[7][422]=-4.4e+11
dp[8][422]=-5.2e+11
dp[9][422]=-6.1e+11
dp[10][422]=-6.3e+11
dp[11][422]=-7.2e+11
dp[12][422]=-7.9e+11
dp[13][422]=-8.5e+11
dp[14][422]=-9.1e+11
dp[15][422]=-9.6e+11
dp[16][422]=-1.03e+12
dp[17][422]=-1.09e+12
dp[18][422]=-1.15e+12
dp[19][422]=-1.2e+12
dp[20][422]=-1.26e+12
Select best dp
Best k=20
Stratifying 3-th numerical feature ...
dp[2][422]=-124.784
dp[2][422]=100.887
dp[3][422]=-2.6e+11
dp[4][422]=-4.8e+11
dp[3][422]=-1.3e+11
dp[5][422]=-7.3e+11
dp[6][422]=-9.5e+11
dp[4][422]=-2.4e+11
dp[7][422]=-9.5e+11
dp[5][422]=-3.65e+11
dp[8][422]=-9.5e+11
dp[6][422]=-4.75e+11
dp[9][422]=-9.5e+11
dp[7][422]=-4.75e+11
dp[10][422]=-9.5e+11
dp[8][422]=-4.75e+11
dp[11][422]=-9.5e+11
dp[9][422]=-4.75e+11
dp[12][422]=-9.5e+11
dp[10][422]=-4.75e+11
dp[13][422]=-9.5e+11
dp[11][422]=-4.75e+11
dp[14][422]=-9.5e+11
dp[12][422]=-4.75e+11
dp[15][422]=-9.5e+11
dp[13][422]=-4.75e+11
dp[16][422]=-9.5e+11
dp[14][422]=-4.75e+11
dp[17][422]=-9.5e+11
dp[15][422]=-4.75e+11
dp[18][422]=-9.5e+11
dp[16][422]=-4.75e+11
dp[19][422]=-9.5e+11
dp[17][422]=-4.75e+11
dp[20][422]=998.633
dp[18][422]=-4.75e+11
Select best dp
dp[19][422]=-4.75e+11
Best k=8
dp[20][422]=2132.11
Select best dp
Best k=6
dp[2][422]=-124.784
dp[3][422]=-2.6e+11
dp[4][422]=-4.8e+11
dp[5][422]=-7.3e+11
dp[6][422]=-9.5e+11
dp[7][422]=-1.15e+12
dp[8][422]=-1.35e+12
dp[9][422]=-1.53e+12
dp[10][422]=-1.66e+12
dp[11][422]=-1.82e+12
dp[12][422]=-2.02e+12
dp[13][422]=-2.16e+12
dp[14][422]=-2.21e+12
dp[15][422]=-2.35e+12
dp[16][422]=-2.48e+12
dp[17][422]=-2.62e+12
dp[18][422]=-2.74e+12
dp[19][422]=-2.87e+12
dp[20][422]=-3e+12
Select best dp
Best k=20
dp[2][422]=-124.784
dp[3][422]=-2.6e+11
dp[4][422]=-4.8e+11
dp[5][422]=-7.3e+11
dp[6][422]=-9.5e+11
dp[7][422]=-1.15e+12
dp[8][422]=-1.35e+12
dp[9][422]=-1.53e+12
dp[10][422]=-1.66e+12
dp[11][422]=-1.82e+12
dp[12][422]=-2.02e+12
dp[13][422]=-2.16e+12
dp[14][422]=-2.23e+12
dp[15][422]=-2.35e+12
dp[16][422]=-2.48e+12
dp[17][422]=-2.62e+12
dp[18][422]=-2.74e+12
dp[19][422]=-2.87e+12
dp[20][422]=-3e+12
Select best dp
Best k=20
dp[2][422]=96.4324
dp[3][422]=-60.8909
dp[4][422]=-148.94
dp[5][422]=-180.52
dp[6][422]=-201.111
dp[7][422]=-213.788
dp[8][422]=-186.117
dp[9][422]=-155.952
dp[10][422]=-106.828
dp[11][422]=-39.1437
dp[12][422]=33.2469
dp[13][422]=113.968
dp[14][422]=203.294
dp[15][422]=293.811
dp[16][422]=384.795
dp[17][422]=483.436
dp[18][422]=600.625
dp[19][422]=733.676
dp[20][422]=972.865
Select best dp
Best k=7
Stratifying 2-th numerical feature ...
dp[2][422]=-1569.89
dp[3][422]=-1918.72
dp[4][422]=-2058.1
dp[5][422]=-2151.81
dp[6][422]=-2165.43
dp[7][422]=-2159.98
dp[8][422]=-2130.74
dp[9][422]=-2094.09
dp[10][422]=-2050.33
dp[11][422]=-1974.6
dp[12][422]=-1897.05
dp[13][422]=-1815.71
dp[14][422]=-1725.06
dp[15][422]=-1633.83
dp[16][422]=-1535.09
dp[17][422]=-1424.47
dp[18][422]=-1303.18
dp[19][422]=-1154.53
dp[20][422]=-965.064
Select best dp
Best k=6
Stratifying 3-th numerical feature ...
dp[2][422]=158.185
dp[3][422]=-2.6e+11
dp[4][422]=-4.8e+11
dp[5][422]=-7.3e+11
dp[6][422]=-9.5e+11
dp[7][422]=-9.5e+11
dp[8][422]=-9.5e+11
dp[9][422]=-9.5e+11
dp[10][422]=-9.5e+11
dp[11][422]=-9.5e+11
dp[12][422]=-9.5e+11
dp[13][422]=-9.5e+11
dp[14][422]=-9.5e+11
dp[15][422]=-9.5e+11
dp[16][422]=-9.5e+11
dp[17][422]=-9.5e+11
dp[18][422]=-9.5e+11
dp[19][422]=-9.5e+11
dp[20][422]=1105.96
Select best dp
Best k=10
