Standardize ...
Stratifying 1-th numerical feature ...
Standardize ...
Stratifying 1-th numerical feature ...
Standardize ...
Stratifying 1-th numerical feature ...
Standardize ...
Stratifying 1-th numerical feature ...
Standardize ...
Stratifying 1-th numerical feature ...
Standardize ...
Stratifying 1-th numerical feature ...
Standardize ...
Stratifying 1-th numerical feature ...
Standardize ...
Stratifying 1-th numerical feature ...
Standardize ...
Stratifying 1-th numerical feature ...
Standardize ...
Stratifying 1-th numerical feature ...
Standardize ...
Stratifying 1-th numerical feature ...
Standardize ...
Stratifying 1-th numerical feature ...
Standardize ...
Stratifying 1-th numerical feature ...
Standardize ...
Stratifying 1-th numerical feature ...
dp[2][620]=-366.637
dp[3][620]=-609.218
dp[4][620]=-694.706
dp[5][620]=-738.11
dp[6][620]=-742.321
dp[7][620]=-692.235
dp[8][620]=-601.808
dp[9][620]=-497.463
dp[10][620]=-368.868
dp[11][620]=-222.813
dp[12][620]=-72.8031
dp[13][620]=77.2171
dp[14][620]=232.211
dp[15][620]=397.287
dp[16][620]=571.876
dp[17][620]=748.403
dp[18][620]=935.998
dp[19][620]=1125.32
dp[20][620]=1315.9
dp[21][620]=1506.3
dp[22][620]=1699
dp[23][620]=1918.7
dp[24][620]=2148.79
Select best dp
Best k=6
Stratifying 2-th numerical feature ...
dp[2][620]=-366.637
dp[3][620]=-609.218
dp[4][620]=-694.706
dp[5][620]=-738.11
dp[6][620]=-742.321
dp[7][620]=-692.235
dp[8][620]=-601.808
dp[9][620]=-497.463
dp[10][620]=-368.868
dp[11][620]=-222.813
dp[12][620]=-72.8031
dp[13][620]=77.2171
dp[14][620]=232.211
dp[15][620]=397.287
dp[16][620]=571.876
dp[17][620]=748.403
dp[18][620]=935.998
dp[19][620]=1125.32
dp[20][620]=1315.9
dp[21][620]=1506.3
dp[22][620]=1699
dp[23][620]=1918.7
dp[24][620]=2148.79
Select best dp
Best k=6
Stratifying 2-th numerical feature ...
dp[2][620]=-366.637
dp[3][620]=-609.218
dp[4][620]=-694.706
dp[5][620]=-738.11
dp[6][620]=-742.321
dp[7][620]=-692.235
dp[8][620]=-601.808
dp[9][620]=-497.463
dp[10][620]=-368.868
dp[11][620]=-222.813
dp[12][620]=-72.8031
dp[13][620]=77.2171
dp[14][620]=232.211
dp[15][620]=397.287
dp[16][620]=571.876
dp[17][620]=748.403
dp[18][620]=935.998
dp[19][620]=1125.32
dp[20][620]=1315.9
dp[21][620]=1506.3
dp[22][620]=1699
dp[23][620]=1918.7
dp[24][620]=2148.79
Select best dp
Best k=6
dp[2][620]=-1247.78
dp[3][620]=-1990.19
dp[4][620]=-2418.43
dp[5][620]=-2762.49
dp[6][620]=-3028.16
dp[7][620]=-3185.24
dp[8][620]=-3261.64
dp[9][620]=-3310.2
dp[10][620]=-3310.27
dp[11][620]=-3275.41
dp[12][620]=-3232.65
dp[13][620]=-3189.86
dp[14][620]=-3137.12
dp[15][620]=-3064.22
dp[16][620]=-2972.3
dp[17][620]=-2876.5
dp[18][620]=-2758.56
dp[19][620]=-2637.16
dp[20][620]=-2513.26
dp[21][620]=-2389.71
dp[22][620]=-2261.57
dp[23][620]=-2079.42
dp[24][620]=-1876.51
Select best dp
Best k=10
Stratifying 2-th numerical feature ...
Stratifying 2-th numerical feature ...
dp[2][620]=-366.637
dp[3][620]=-609.218
dp[4][620]=-694.706
dp[5][620]=-738.11
dp[6][620]=-742.321
dp[7][620]=-692.235
dp[8][620]=-601.808
dp[9][620]=-497.463
dp[10][620]=-368.868
dp[11][620]=-222.787
dp[12][620]=-72.7774
dp[13][620]=81.7755
dp[14][620]=237.593
dp[15][620]=420.302
dp[16][620]=608.659
Select best dp
Best k=6
Stratifying 2-th numerical feature ...
dp[2][620]=-366.637
dp[3][620]=-609.218
dp[4][620]=-694.706
dp[5][620]=-738.11
dp[6][620]=-742.321
dp[7][620]=-692.235
dp[8][620]=-601.808
dp[9][620]=-497.463
dp[10][620]=-368.868
dp[11][620]=-222.813
dp[12][620]=-77.0286
dp[13][620]=72.9811
dp[14][620]=227.975
dp[15][620]=393.051
dp[16][620]=560.172
dp[17][620]=734.553
dp[18][620]=909.142
dp[19][620]=1093.46
dp[20][620]=1280.8
dp[21][620]=1468.58
dp[22][620]=1657.31
dp[23][620]=1852.2
dp[24][620]=2048.8
Select best dp
Best k=6
Stratifying 2-th numerical feature ...
dp[2][620]=73.9346
dp[3][620]=81.2711
dp[4][620]=167.153
dp[5][620]=274.078
dp[6][620]=400.599
dp[7][620]=554.269
dp[8][620]=728.109
dp[9][620]=908.908
dp[10][620]=1101.83
dp[11][620]=1303.49
dp[12][620]=1507.12
dp[13][620]=1710.75
dp[14][620]=1916.88
dp[15][620]=2128.04
dp[16][620]=2343.96
dp[17][620]=2560.85
dp[18][620]=2783.28
dp[19][620]=3006.57
dp[20][620]=3230.48
dp[21][620]=3454.31
dp[22][620]=3679.29
dp[23][620]=3917.76
dp[24][620]=4161.43
Select best dp
Best k=2
dp[2][620]=-366.637
dp[3][620]=-609.218
dp[4][620]=-694.706
dp[5][620]=-738.11
dp[6][620]=-742.321
dp[7][620]=-692.235
dp[8][620]=-601.808
dp[9][620]=-497.463
dp[10][620]=-368.868
dp[11][620]=-222.813
dp[12][620]=-72.8031
dp[13][620]=77.2171
dp[14][620]=232.211
dp[15][620]=397.287
dp[16][620]=571.876
dp[17][620]=748.403
dp[18][620]=935.998
dp[19][620]=1125.32
dp[20][620]=1315.9
dp[21][620]=1506.3
dp[22][620]=1699
dp[23][620]=1918.7
dp[24][620]=2148.79
Select best dp
Best k=6
dp[2][620]=514.506
dp[3][620]=771.76
dp[4][620]=1029.01
dp[5][620]=1286.27
dp[6][620]=1543.52
dp[7][620]=1800.77
dp[8][620]=2058.03
dp[9][620]=2315.28
dp[10][620]=2572.53
dp[11][620]=2829.79
dp[12][620]=3087.04
dp[13][620]=3344.29
dp[14][620]=3601.55
dp[15][620]=3858.8
dp[16][620]=4116.05
dp[17][620]=4373.31
dp[18][620]=4630.56
dp[19][620]=4887.81
dp[20][620]=5145.06
dp[21][620]=5402.32
dp[22][620]=5659.57
dp[23][620]=5916.82
dp[24][620]=6174.08
Select best dp
Best k=2
dp[2][620]=-366.637
dp[3][620]=-609.218
dp[4][620]=-694.706
dp[5][620]=-738.11
dp[6][620]=-742.321
dp[7][620]=-692.235
dp[8][620]=-601.808
dp[9][620]=-497.463
dp[10][620]=-368.868
dp[11][620]=-222.813
dp[12][620]=-72.8031
dp[13][620]=77.2171
dp[14][620]=232.211
dp[15][620]=397.287
dp[16][620]=571.876
dp[17][620]=748.403
dp[18][620]=935.998
dp[19][620]=1125.32
dp[20][620]=1315.9
dp[21][620]=1506.3
dp[22][620]=1699
dp[23][620]=1918.7
dp[24][620]=2148.79
Select best dp
Best k=6
Stratifying 2-th numerical feature ...
Stratifying 2-th numerical feature ...
Stratifying 2-th numerical feature ...
Stratifying 2-th numerical feature ...
dp[2][620]=-366.637
dp[3][620]=-609.218
dp[4][620]=-694.706
dp[5][620]=-738.11
dp[6][620]=-742.321
dp[7][620]=-692.235
dp[8][620]=-601.808
dp[9][620]=-497.463
dp[10][620]=-368.868
dp[11][620]=-222.813
dp[12][620]=-72.8031
dp[13][620]=77.2171
dp[14][620]=232.211
dp[15][620]=397.287
dp[16][620]=571.876
dp[17][620]=748.403
dp[18][620]=935.998
dp[19][620]=1125.32
dp[20][620]=1315.9
dp[21][620]=1506.3
dp[22][620]=1699
dp[23][620]=1918.7
dp[24][620]=2148.79
Select best dp
Best k=6
Stratifying 2-th numerical feature ...
dp[2][620]=-657.992
dp[3][620]=-943.321
dp[4][620]=-1068.38
dp[5][620]=-1101.46
dp[6][620]=-1069.98
dp[7][620]=-1012.52
dp[8][620]=-922.285
dp[9][620]=-829.333
dp[10][620]=-715.037
dp[11][620]=-599.723
dp[12][620]=-476.346
dp[13][620]=-343.317
dp[14][620]=-203.833
dp[15][620]=-44.2622
dp[16][620]=118.206
dp[17][620]=289.278
dp[18][620]=463.507
dp[19][620]=646.524
dp[20][620]=835.362
dp[21][620]=1026.85
dp[22][620]=1220.32
dp[23][620]=1447.92
dp[24][620]=1722.66
Select best dp
Best k=5
Stratifying 3-th numerical feature ...
dp[2][620]=-657.992
dp[3][620]=-943.321
dp[4][620]=-1068.38
dp[5][620]=-1101.46
dp[6][620]=-1069.98
dp[7][620]=-1012.52
dp[8][620]=-922.285
dp[9][620]=-829.333
dp[10][620]=-715.037
dp[11][620]=-599.723
dp[12][620]=-476.346
dp[13][620]=-343.317
dp[14][620]=-203.833
dp[15][620]=-44.2622
dp[16][620]=118.206
dp[17][620]=289.278
dp[18][620]=463.507
dp[19][620]=646.524
dp[20][620]=835.362
dp[21][620]=1026.85
dp[22][620]=1220.32
dp[23][620]=1447.92
dp[24][620]=1722.66
Select best dp
Best k=5
dp[2][620]=-657.992
dp[3][620]=-943.321
dp[4][620]=-1068.38
dp[5][620]=-1101.46
dp[6][620]=-1069.98
dp[7][620]=-1012.52
dp[8][620]=-922.285
dp[9][620]=-829.333
dp[10][620]=-715.037
dp[11][620]=-599.723
dp[12][620]=-476.346
dp[13][620]=-343.317
dp[14][620]=-203.833
dp[15][620]=-44.2622
dp[16][620]=118.206
dp[17][620]=289.278
dp[18][620]=463.507
dp[19][620]=646.524
dp[20][620]=835.362
dp[21][620]=1026.85
dp[22][620]=1220.32
dp[23][620]=1447.92
dp[24][620]=1722.66
Select best dp
Best k=5
Stratifying 3-th numerical feature ...
Stratifying 3-th numerical feature ...
dp[2][620]=-1830.49
dp[3][620]=-2658.4
dp[4][620]=-3165.77
dp[5][620]=-3489.19
dp[6][620]=-3683.48
dp[7][620]=-3825.8
dp[8][620]=-3902.6
dp[9][620]=-3973.95
dp[10][620]=-4002.61
dp[11][620]=-4029.23
dp[12][620]=-4039.73
dp[13][620]=-4030.93
dp[14][620]=-4009.21
dp[15][620]=-3947.32
dp[16][620]=-3879.64
dp[17][620]=-3794.75
dp[18][620]=-3703.55
dp[19][620]=-3594.76
dp[20][620]=-3474.34
dp[21][620]=-3348.61
dp[22][620]=-3218.94
dp[23][620]=-3020.98
dp[24][620]=-2728.76
Select best dp
Best k=12
Stratifying 3-th numerical feature ...
dp[2][620]=-366.637
dp[3][620]=-609.218
dp[4][620]=-694.706
dp[5][620]=-738.11
dp[6][620]=-742.321
dp[7][620]=-692.235
dp[8][620]=-601.808
dp[9][620]=-497.463
dp[10][620]=-368.868
dp[11][620]=-222.813
dp[12][620]=-72.8031
dp[13][620]=77.2171
dp[14][620]=232.211
dp[15][620]=397.287
dp[16][620]=571.668
dp[17][620]=746.257
dp[18][620]=930.574
dp[19][620]=1117.91
dp[20][620]=1305.69
dp[21][620]=1494.42
dp[22][620]=1683.57
dp[23][620]=1880.17
dp[24][620]=2080.33
Select best dp
Best k=6
Stratifying 2-th numerical feature ...
dp[2][620]=-6.2e+11
dp[3][620]=-9.1e+11
dp[4][620]=-9.2e+11
dp[5][620]=-1.21e+12
dp[6][620]=-1.21e+12
dp[7][620]=-1.48e+12
dp[8][620]=-1.48e+12
dp[9][620]=-1.74e+12
dp[10][620]=-1.74e+12
dp[11][620]=-1.99e+12
dp[12][620]=-1.99e+12
dp[13][620]=-1.99e+12
dp[14][620]=-1.99e+12
dp[15][620]=-1.99e+12
dp[16][620]=-1.99e+12
dp[17][620]=-1.99e+12
dp[18][620]=-1.99e+12
dp[19][620]=-1.99e+12
dp[20][620]=-1.99e+12
dp[21][620]=-1.99e+12
dp[22][620]=-1.99e+12
dp[23][620]=-1.73e+12
dp[24][620]=-1.46e+12
Select best dp
Best k=13
Stratifying 4-th numerical feature ...
dp[2][620]=-6.2e+11
dp[3][620]=-9.1e+11
dp[4][620]=-9.2e+11
dp[5][620]=-1.21e+12
dp[6][620]=-1.21e+12
dp[7][620]=-1.48e+12
dp[8][620]=-1.48e+12
dp[9][620]=-1.74e+12
dp[10][620]=-1.74e+12
dp[11][620]=-1.99e+12
dp[12][620]=-1.99e+12
dp[13][620]=-1.99e+12
dp[14][620]=-1.99e+12
dp[15][620]=-1.99e+12
dp[16][620]=-1.99e+12
dp[17][620]=-1.99e+12
dp[18][620]=-1.99e+12
dp[19][620]=-1.99e+12
dp[20][620]=-1.99e+12
dp[21][620]=-1.99e+12
dp[22][620]=-1.99e+12
dp[23][620]=-1.73e+12
dp[24][620]=-1.46e+12
Select best dp
Best k=13
dp[2][620]=-6.2e+11
dp[3][620]=-9.1e+11
dp[4][620]=-9.2e+11
dp[5][620]=-1.21e+12
dp[6][620]=-1.21e+12
dp[7][620]=-1.48e+12
dp[8][620]=-1.48e+12
dp[9][620]=-1.74e+12
dp[10][620]=-1.74e+12
dp[11][620]=-1.99e+12
dp[12][620]=-1.99e+12
dp[13][620]=-1.99e+12
dp[14][620]=-1.99e+12
dp[15][620]=-1.99e+12
dp[16][620]=-1.99e+12
dp[17][620]=-1.99e+12
dp[18][620]=-1.99e+12
dp[19][620]=-1.99e+12
dp[20][620]=-1.99e+12
dp[21][620]=-1.99e+12
dp[22][620]=-1.99e+12
dp[23][620]=-1.73e+12
dp[24][620]=-1.46e+12
Select best dp
Best k=13
Stratifying 4-th numerical feature ...
Stratifying 4-th numerical feature ...
dp[2][620]=-1.24e+12
dp[3][620]=-1.82e+12
dp[4][620]=-1.84e+12
dp[5][620]=-2.42e+12
dp[6][620]=-2.42e+12
dp[7][620]=-2.96e+12
dp[8][620]=-2.96e+12
dp[9][620]=-3.48e+12
dp[10][620]=-3.48e+12
dp[11][620]=-3.98e+12
dp[12][620]=-3.98e+12
dp[13][620]=-3.98e+12
dp[14][620]=-3.98e+12
dp[15][620]=-3.98e+12
dp[16][620]=-3.98e+12
dp[17][620]=-3.98e+12
dp[18][620]=-3.98e+12
dp[19][620]=-3.98e+12
dp[20][620]=-3.98e+12
dp[21][620]=-3.98e+12
dp[22][620]=-3.98e+12
dp[23][620]=-3.46e+12
dp[24][620]=-2.92e+12
Select best dp
Best k=17
Stratifying 4-th numerical feature ...
dp[2][620]=-657.992
dp[3][620]=-943.321
dp[4][620]=-1068.38
dp[5][620]=-1101.46
dp[6][620]=-1069.98
dp[7][620]=-1012.52
dp[8][620]=-922.285
dp[9][620]=-829.333
dp[10][620]=-715.037
dp[11][620]=-599.723
dp[12][620]=-474.127
dp[13][620]=-334.144
dp[14][620]=-176.196
dp[15][620]=5.84912
dp[16][620]=190.606
Select best dp
Best k=5
dp[2][620]=-1.6e+11
dp[3][620]=-2e+11
dp[4][620]=-3.6e+11
dp[5][620]=-3.6e+11
dp[6][620]=-5.2e+11
dp[7][620]=-5.2e+11
dp[8][620]=-6.8e+11
dp[9][620]=-6.8e+11
dp[10][620]=-8.3e+11
dp[11][620]=-8.3e+11
dp[12][620]=-9.7e+11
dp[13][620]=-9.7e+11
dp[14][620]=-1.1e+12
dp[15][620]=-1.1e+12
dp[16][620]=-1.22e+12
dp[17][620]=-1.22e+12
dp[18][620]=-1.34e+12
dp[19][620]=-1.34e+12
dp[20][620]=-1.46e+12
dp[21][620]=-1.46e+12
dp[22][620]=-1.56e+12
dp[23][620]=-1.56e+12
dp[24][620]=-1.66e+12
Select best dp
Best k=24
Stratifying 3-th numerical feature ...
Stratifying 3-th numerical feature ...
dp[2][620]=-366.637
dp[3][620]=-9e+10
dp[4][620]=-1e+11
dp[5][620]=-1.7e+11
dp[6][620]=-1.9e+11
dp[7][620]=-2.3e+11
dp[8][620]=-2.7e+11
dp[9][620]=-2.9e+11
dp[10][620]=-3.3e+11
dp[11][620]=-3.5e+11
dp[12][620]=-3.9e+11
dp[13][620]=-4.1e+11
dp[14][620]=-4.5e+11
dp[15][620]=-4.7e+11
dp[16][620]=-5.1e+11
dp[17][620]=-5.2e+11
dp[18][620]=-5.7e+11
dp[19][620]=-5.7e+11
dp[20][620]=-6.2e+11
dp[21][620]=-6.2e+11
dp[22][620]=-6.6e+11
dp[23][620]=-6.6e+11
dp[24][620]=-6.9e+11
Select best dp
Best k=24
Stratifying 2-th numerical feature ...
dp[2][620]=-3.53e+12
dp[3][620]=-4.12e+12
dp[4][620]=-4.53e+12
dp[5][620]=-4.8e+12
dp[6][620]=-4.8e+12
dp[7][620]=-4.8e+12
dp[8][620]=-4.8e+12
dp[9][620]=-4.8e+12
dp[10][620]=-4.8e+12
dp[11][620]=-4.8e+12
dp[12][620]=-4.8e+12
dp[13][620]=-4.8e+12
dp[14][620]=-4.8e+12
dp[15][620]=-4.8e+12
dp[16][620]=-4.8e+12
dp[17][620]=-4.8e+12
dp[18][620]=-4.8e+12
dp[19][620]=-4.8e+12
dp[20][620]=-4.8e+12
dp[21][620]=-4.8e+12
dp[22][620]=-4.8e+12
dp[23][620]=-4.8e+12
dp[24][620]=-4.55e+12
Select best dp
Best k=5
Stratifying 5-th numerical feature ...
dp[2][620]=-3.53e+12
dp[3][620]=-4.12e+12
dp[4][620]=-4.53e+12
dp[5][620]=-4.8e+12
dp[6][620]=-4.8e+12
dp[7][620]=-4.8e+12
dp[8][620]=-4.8e+12
dp[9][620]=-4.8e+12
dp[10][620]=-4.8e+12
dp[11][620]=-4.8e+12
dp[12][620]=-4.8e+12
dp[13][620]=-4.8e+12
dp[14][620]=-4.8e+12
dp[15][620]=-4.8e+12
dp[16][620]=-4.8e+12
dp[17][620]=-4.8e+12
dp[18][620]=-4.8e+12
dp[19][620]=-4.8e+12
dp[20][620]=-4.8e+12
dp[21][620]=-4.8e+12
dp[22][620]=-4.8e+12
dp[23][620]=-4.8e+12
dp[24][620]=-4.55e+12
Select best dp
Best k=5
Stratifying 5-th numerical feature ...
dp[2][620]=514.506
dp[3][620]=771.76
dp[4][620]=1029.01
dp[5][620]=1286.27
dp[6][620]=1543.52
dp[7][620]=1800.77
dp[8][620]=2058.03
dp[9][620]=2315.28
dp[10][620]=2572.53
dp[11][620]=2829.79
dp[12][620]=3087.04
dp[13][620]=3344.29
dp[14][620]=3601.55
dp[15][620]=3858.8
dp[16][620]=4116.05
dp[17][620]=4373.31
dp[18][620]=4630.56
dp[19][620]=4887.81
dp[20][620]=5145.06
dp[21][620]=5402.32
dp[22][620]=5659.57
dp[23][620]=5916.82
dp[24][620]=6174.08
Select best dp
Best k=2
dp[2][620]=-3.53e+12
dp[3][620]=-4.12e+12
dp[4][620]=-4.53e+12
dp[5][620]=-4.8e+12
dp[6][620]=-4.8e+12
dp[7][620]=-4.8e+12
dp[8][620]=-4.8e+12
dp[9][620]=-4.8e+12
dp[10][620]=-4.8e+12
dp[11][620]=-4.8e+12
dp[12][620]=-4.8e+12
dp[13][620]=-4.8e+12
dp[14][620]=-4.8e+12
dp[15][620]=-4.8e+12
dp[16][620]=-4.8e+12
dp[17][620]=-4.8e+12
dp[18][620]=-4.8e+12
dp[19][620]=-4.8e+12
dp[20][620]=-4.8e+12
dp[21][620]=-4.8e+12
dp[22][620]=-4.8e+12
dp[23][620]=-4.8e+12
dp[24][620]=-4.55e+12
Select best dp
Best k=5
Stratifying 5-th numerical feature ...
Stratifying 3-th numerical feature ...
dp[2][620]=-7.06e+12
dp[3][620]=-8.24e+12
dp[4][620]=-9.06e+12
dp[5][620]=-9.6e+12
dp[6][620]=-9.6e+12
dp[7][620]=-9.6e+12
dp[8][620]=-9.6e+12
dp[9][620]=-9.6e+12
dp[10][620]=-9.6e+12
dp[11][620]=-9.6e+12
dp[12][620]=-9.6e+12
dp[13][620]=-9.6e+12
dp[14][620]=-9.6e+12
dp[15][620]=-9.6e+12
dp[16][620]=-9.6e+12
dp[17][620]=-9.6e+12
dp[18][620]=-9.6e+12
dp[19][620]=-9.6e+12
dp[20][620]=-9.6e+12
dp[21][620]=-9.6e+12
dp[22][620]=-9.6e+12
dp[23][620]=-9.6e+12
dp[24][620]=-9.1e+12
Select best dp
Best k=7
dp[2][620]=-657.992
dp[3][620]=-943.321
dp[4][620]=-1068.38
dp[5][620]=-1101.46
dp[6][620]=-1069.98
dp[7][620]=-1012.52
dp[8][620]=-922.285
dp[9][620]=-829.333
dp[10][620]=-715.037
dp[11][620]=-599.723
dp[12][620]=-476.346
dp[13][620]=-343.317
dp[14][620]=-203.833
dp[15][620]=-44.2622
dp[16][620]=118.206
dp[17][620]=289.278
dp[18][620]=463.507
dp[19][620]=646.524
dp[20][620]=835.362
dp[21][620]=1026.85
dp[22][620]=1220.32
dp[23][620]=1447.92
dp[24][620]=1722.66
Select best dp
Best k=5
Stratifying 5-th numerical feature ...
dp[2][620]=-71.7428
dp[3][620]=-85.7807
dp[4][620]=-19.6818
dp[5][620]=92.4019
dp[6][620]=236.768
dp[7][620]=394.129
dp[8][620]=567.87
dp[9][620]=742.973
dp[10][620]=928.748
dp[11][620]=1115.03
dp[12][620]=1305.35
dp[13][620]=1500.49
dp[14][620]=1698.86
dp[15][620]=1907.27
dp[16][620]=2117.13
dp[17][620]=2331.29
dp[18][620]=2547.03
dp[19][620]=2767.17
dp[20][620]=2990.21
dp[21][620]=3214.59
dp[22][620]=3439.94
dp[23][620]=3682.37
dp[24][620]=3948.37
Select best dp
Best k=3
Stratifying 3-th numerical feature ...
Stratifying 3-th numerical feature ...
dp[2][620]=-657.992
dp[3][620]=-943.321
dp[4][620]=-1068.38
dp[5][620]=-1101.46
dp[6][620]=-1069.98
dp[7][620]=-1012.52
dp[8][620]=-922.285
dp[9][620]=-829.333
dp[10][620]=-715.037
dp[11][620]=-599.723
dp[12][620]=-476.346
dp[13][620]=-343.317
dp[14][620]=-203.833
dp[15][620]=-44.2622
dp[16][620]=118.206
dp[17][620]=289.278
dp[18][620]=463.507
dp[19][620]=646.524
dp[20][620]=835.362
dp[21][620]=1026.85
dp[22][620]=1220.32
dp[23][620]=1447.92
dp[24][620]=1722.66
Select best dp
Best k=5
Stratifying 3-th numerical feature ...
dp[2][620]=-657.992
dp[3][620]=-943.321
dp[4][620]=-1068.38
dp[5][620]=-1101.46
dp[6][620]=-1069.98
dp[7][620]=-1012.52
dp[8][620]=-922.285
dp[9][620]=-829.333
dp[10][620]=-715.037
dp[11][620]=-599.723
dp[12][620]=-476.346
dp[13][620]=-343.317
dp[14][620]=-203.833
dp[15][620]=-44.2622
dp[16][620]=118.206
dp[17][620]=289.278
dp[18][620]=463.507
dp[19][620]=646.524
dp[20][620]=835.362
dp[21][620]=1026.85
dp[22][620]=1220.32
dp[23][620]=1447.92
dp[24][620]=1722.66
Select best dp
Best k=5
Stratifying 3-th numerical feature ...
dp[2][620]=169.111
dp[3][620]=-122.204
dp[4][620]=-236.807
dp[5][620]=-304.237
dp[6][620]=-312.077
dp[7][620]=-275.299
dp[8][620]=-202.806
dp[9][620]=-106.435
dp[10][620]=12.093
dp[11][620]=148.548
dp[12][620]=286.232
dp[13][620]=431.191
dp[14][620]=576.953
dp[15][620]=738.788
dp[16][620]=906.061
dp[17][620]=1076.15
dp[18][620]=1257.46
dp[19][620]=1440.87
dp[20][620]=1625.64
dp[21][620]=1811.46
dp[22][620]=1997.63
dp[23][620]=2213.88
dp[24][620]=2433.59
Select best dp
Best k=6
Stratifying 2-th numerical feature ...
dp[2][620]=-6.2e+11
dp[3][620]=-9.1e+11
dp[4][620]=-1.13e+12
dp[5][620]=-1.41e+12
dp[6][620]=-1.6e+12
dp[7][620]=-1.71e+12
dp[8][620]=-1.87e+12
dp[9][620]=-1.98e+12
dp[10][620]=-2.13e+12
dp[11][620]=-2.24e+12
dp[12][620]=-2.39e+12
dp[13][620]=-2.49e+12
dp[14][620]=-2.62e+12
dp[15][620]=-2.72e+12
dp[16][620]=-2.78e+12
dp[17][620]=-2.88e+12
dp[18][620]=-2.92e+12
dp[19][620]=-3.02e+12
dp[20][620]=-3.05e+12
dp[21][620]=-3.15e+12
dp[22][620]=-3.16e+12
dp[23][620]=-3.26e+12
dp[24][620]=-3.26e+12
Select best dp
Best k=23
Stratifying 4-th numerical feature ...
dp[2][620]=-6.2e+11
dp[3][620]=-6.2e+11
dp[4][620]=-6.2e+11
dp[5][620]=-6.2e+11
dp[6][620]=-6.2e+11
dp[7][620]=-6.2e+11
dp[8][620]=-6.2e+11
dp[9][620]=-6.2e+11
dp[10][620]=-6.2e+11
dp[11][620]=-6.2e+11
dp[12][620]=-6.2e+11
dp[13][620]=-6.2e+11
dp[14][620]=-6.2e+11
dp[15][620]=-6.2e+11
dp[16][620]=-6.2e+11
Select best dp
Best k=6
Stratifying 4-th numerical feature ...
dp[2][620]=-1.17e+12
dp[3][620]=-1.17e+12
dp[4][620]=-1.51e+12
dp[5][620]=-1.51e+12
dp[6][620]=-1.83e+12
dp[7][620]=-1.83e+12
dp[8][620]=-2.14e+12
dp[9][620]=-2.14e+12
dp[10][620]=-2.41e+12
dp[11][620]=-2.41e+12
dp[12][620]=-2.41e+12
dp[13][620]=-2.41e+12
dp[14][620]=-2.41e+12
dp[15][620]=-2.41e+12
dp[16][620]=-2.41e+12
dp[17][620]=-2.41e+12
dp[18][620]=-2.41e+12
dp[19][620]=-2.41e+12
dp[20][620]=-2.41e+12
dp[21][620]=-2.35e+12
dp[22][620]=-2.28e+12
dp[23][620]=-2.19e+12
dp[24][620]=-2.05e+12
Select best dp
Best k=11
Stratifying 6-th numerical feature ...
dp[2][620]=-1.17e+12
dp[3][620]=-1.17e+12
dp[4][620]=-1.51e+12
dp[5][620]=-1.51e+12
dp[6][620]=-1.83e+12
dp[7][620]=-1.83e+12
dp[8][620]=-2.14e+12
dp[9][620]=-2.14e+12
dp[10][620]=-2.41e+12
dp[11][620]=-2.41e+12
dp[12][620]=-2.41e+12
dp[13][620]=-2.41e+12
dp[14][620]=-2.41e+12
dp[15][620]=-2.41e+12
dp[16][620]=-2.41e+12
dp[17][620]=-2.41e+12
dp[18][620]=-2.41e+12
dp[19][620]=-2.41e+12
dp[20][620]=-2.41e+12
dp[21][620]=-2.35e+12
dp[22][620]=-2.28e+12
dp[23][620]=-2.19e+12
dp[24][620]=-2.05e+12
Select best dp
Best k=11
Stratifying 6-th numerical feature ...
dp[2][620]=-1.17e+12
dp[3][620]=-1.17e+12
dp[4][620]=-1.51e+12
dp[5][620]=-1.51e+12
dp[6][620]=-1.83e+12
dp[7][620]=-1.83e+12
dp[8][620]=-2.14e+12
dp[9][620]=-2.14e+12
dp[10][620]=-2.41e+12
dp[11][620]=-2.41e+12
dp[12][620]=-2.41e+12
dp[13][620]=-2.41e+12
dp[14][620]=-2.41e+12
dp[15][620]=-2.41e+12
dp[16][620]=-2.41e+12
dp[17][620]=-2.41e+12
dp[18][620]=-2.41e+12
dp[19][620]=-2.41e+12
dp[20][620]=-2.41e+12
dp[21][620]=-2.35e+12
dp[22][620]=-2.28e+12
dp[23][620]=-2.19e+12
dp[24][620]=-2.05e+12
Select best dp
Best k=11
Stratifying 6-th numerical feature ...
dp[2][620]=-2.34e+12
dp[3][620]=-2.34e+12
dp[4][620]=-3.02e+12
dp[5][620]=-3.02e+12
dp[6][620]=-3.66e+12
dp[7][620]=-3.66e+12
dp[8][620]=-4.28e+12
dp[9][620]=-4.28e+12
dp[10][620]=-4.82e+12
dp[11][620]=-4.82e+12
dp[12][620]=-4.82e+12
dp[13][620]=-4.82e+12
dp[14][620]=-4.82e+12
dp[15][620]=-4.82e+12
dp[16][620]=-4.82e+12
dp[17][620]=-4.82e+12
dp[18][620]=-4.82e+12
dp[19][620]=-4.82e+12
dp[20][620]=-4.82e+12
dp[21][620]=-4.7e+12
dp[22][620]=-4.56e+12
dp[23][620]=-4.38e+12
dp[24][620]=-4.1e+12
Select best dp
Best k=14
Stratifying 6-th numerical feature ...
dp[2][620]=-1.6e+11
dp[3][620]=-2e+11
dp[4][620]=-3.6e+11
dp[5][620]=-3.6e+11
dp[6][620]=-5.2e+11
dp[7][620]=-5.2e+11
dp[8][620]=-6.8e+11
dp[9][620]=-6.8e+11
dp[10][620]=-8.3e+11
dp[11][620]=-8.3e+11
dp[12][620]=-9.7e+11
dp[13][620]=-9.7e+11
dp[14][620]=-1.1e+12
dp[15][620]=-1.1e+12
dp[16][620]=-1.22e+12
dp[17][620]=-1.22e+12
dp[18][620]=-1.34e+12
dp[19][620]=-1.34e+12
dp[20][620]=-1.46e+12
dp[21][620]=-1.46e+12
dp[22][620]=-1.54e+12
dp[23][620]=-1.54e+12
dp[24][620]=-1.54e+12
Select best dp
Best k=22
Stratifying 3-th numerical feature ...
dp[2][620]=-2.64e+12
dp[3][620]=-2.91e+12
dp[4][620]=-2.91e+12
dp[5][620]=-2.91e+12
dp[6][620]=-2.91e+12
dp[7][620]=-2.91e+12
dp[8][620]=-2.91e+12
dp[9][620]=-2.91e+12
dp[10][620]=-2.91e+12
dp[11][620]=-2.91e+12
dp[12][620]=-2.91e+12
dp[13][620]=-2.91e+12
dp[14][620]=-2.91e+12
dp[15][620]=-2.91e+12
dp[16][620]=-2.91e+12
dp[17][620]=-2.91e+12
dp[18][620]=-2.91e+12
dp[19][620]=-2.91e+12
dp[20][620]=-2.91e+12
dp[21][620]=-2.91e+12
dp[22][620]=-2.91e+12
dp[23][620]=-2.91e+12
dp[24][620]=-2.91e+12
Select best dp
Best k=6
dp[2][620]=514.506
dp[3][620]=771.76
dp[4][620]=1029.01
dp[5][620]=1286.27
dp[6][620]=1543.52
dp[7][620]=1800.77
dp[8][620]=2058.03
dp[9][620]=2315.28
dp[10][620]=2572.53
dp[11][620]=2829.79
dp[12][620]=3087.04
dp[13][620]=3344.29
dp[14][620]=3601.55
dp[15][620]=3858.8
dp[16][620]=4116.05
dp[17][620]=4373.31
dp[18][620]=4630.56
dp[19][620]=4887.81
dp[20][620]=5145.06
dp[21][620]=5402.32
dp[22][620]=5659.57
dp[23][620]=5916.82
dp[24][620]=6174.08
Select best dp
Best k=2
dp[2][620]=-6.2e+11
dp[3][620]=-9.1e+11
dp[4][620]=-9.2e+11
dp[5][620]=-1.21e+12
dp[6][620]=-1.21e+12
dp[7][620]=-1.48e+12
dp[8][620]=-1.48e+12
dp[9][620]=-1.74e+12
dp[10][620]=-1.74e+12
dp[11][620]=-1.99e+12
dp[12][620]=-1.99e+12
dp[13][620]=-1.99e+12
dp[14][620]=-1.99e+12
dp[15][620]=-1.99e+12
dp[16][620]=-1.99e+12
dp[17][620]=-1.99e+12
dp[18][620]=-1.99e+12
dp[19][620]=-1.99e+12
dp[20][620]=-1.99e+12
dp[21][620]=-1.99e+12
dp[22][620]=-1.99e+12
dp[23][620]=-1.73e+12
dp[24][620]=-1.46e+12
Select best dp
Best k=13
dp[2][620]=-3.1e+11
dp[3][620]=-4.55e+11
dp[4][620]=-4.6e+11
dp[5][620]=-6.05e+11
dp[6][620]=-6.05e+11
dp[7][620]=-7.4e+11
dp[8][620]=-7.4e+11
dp[9][620]=-8.7e+11
dp[10][620]=-8.7e+11
dp[11][620]=-9.95e+11
dp[12][620]=-9.95e+11
dp[13][620]=-9.95e+11
dp[14][620]=-9.95e+11
dp[15][620]=-9.95e+11
dp[16][620]=-9.95e+11
dp[17][620]=-9.95e+11
dp[18][620]=-9.95e+11
dp[19][620]=-9.95e+11
dp[20][620]=-9.95e+11
dp[21][620]=-9.95e+11
dp[22][620]=-9.95e+11
dp[23][620]=-8.65e+11
dp[24][620]=-7.3e+11
Select best dp
Best k=12
Stratifying 4-th numerical feature ...
Stratifying 4-th numerical feature ...
Stratifying 4-th numerical feature ...
dp[2][620]=-2.64e+12
dp[3][620]=-2.91e+12
dp[4][620]=-2.91e+12
dp[5][620]=-2.91e+12
dp[6][620]=-2.91e+12
dp[7][620]=-2.91e+12
dp[8][620]=-2.91e+12
dp[9][620]=-2.91e+12
dp[10][620]=-2.91e+12
dp[11][620]=-2.91e+12
dp[12][620]=-2.91e+12
dp[13][620]=-2.91e+12
dp[14][620]=-2.91e+12
dp[15][620]=-2.91e+12
dp[16][620]=-2.91e+12
dp[17][620]=-2.91e+12
dp[18][620]=-2.91e+12
dp[19][620]=-2.91e+12
dp[20][620]=-2.91e+12
dp[21][620]=-2.91e+12
dp[22][620]=-2.91e+12
dp[23][620]=-2.91e+12
dp[24][620]=-2.91e+12
Select best dp
Best k=6
dp[2][620]=-3.53e+12
dp[3][620]=-4.12e+12
dp[4][620]=-4.53e+12
dp[5][620]=-4.53e+12
dp[6][620]=-4.53e+12
dp[7][620]=-4.53e+12
dp[8][620]=-4.53e+12
dp[9][620]=-4.53e+12
dp[10][620]=-4.53e+12
dp[11][620]=-4.53e+12
dp[12][620]=-4.53e+12
dp[13][620]=-4.53e+12
dp[14][620]=-4.53e+12
dp[15][620]=-4.53e+12
dp[16][620]=-4.16e+12
Select best dp
Best k=5
dp[2][620]=-6.2e+11
dp[3][620]=-9.1e+11
dp[4][620]=-9.2e+11
dp[5][620]=-1.21e+12
dp[6][620]=-1.21e+12
dp[7][620]=-1.48e+12
dp[8][620]=-1.48e+12
dp[9][620]=-1.74e+12
dp[10][620]=-1.74e+12
dp[11][620]=-1.99e+12
dp[12][620]=-1.99e+12
dp[13][620]=-1.99e+12
dp[14][620]=-1.99e+12
dp[15][620]=-1.99e+12
dp[16][620]=-1.99e+12
dp[17][620]=-1.99e+12
dp[18][620]=-1.99e+12
dp[19][620]=-1.99e+12
dp[20][620]=-1.99e+12
dp[21][620]=-1.99e+12
dp[22][620]=-1.99e+12
dp[23][620]=-1.73e+12
dp[24][620]=-1.46e+12
Select best dp
Best k=13
Stratifying 5-th numerical feature ...
dp[2][620]=-5.28e+12
dp[3][620]=-5.82e+12
dp[4][620]=-5.82e+12
dp[5][620]=-5.82e+12
dp[6][620]=-5.82e+12
dp[7][620]=-5.82e+12
dp[8][620]=-5.82e+12
dp[9][620]=-5.82e+12
dp[10][620]=-5.82e+12
dp[11][620]=-5.82e+12
dp[12][620]=-5.82e+12
dp[13][620]=-5.82e+12
dp[14][620]=-5.82e+12
dp[15][620]=-5.82e+12
dp[16][620]=-5.82e+12
dp[17][620]=-5.82e+12
dp[18][620]=-5.82e+12
dp[19][620]=-5.82e+12
dp[20][620]=-5.82e+12
dp[21][620]=-5.82e+12
dp[22][620]=-5.82e+12
dp[23][620]=-5.82e+12
dp[24][620]=-5.82e+12
Select best dp
Best k=9
Stratifying 4-th numerical feature ...
dp[2][620]=-2.64e+12
dp[3][620]=-2.91e+12
dp[4][620]=-2.91e+12
dp[5][620]=-2.91e+12
dp[6][620]=-2.91e+12
dp[7][620]=-2.91e+12
dp[8][620]=-2.91e+12
dp[9][620]=-2.91e+12
dp[10][620]=-2.91e+12
dp[11][620]=-2.91e+12
dp[12][620]=-2.91e+12
dp[13][620]=-2.91e+12
dp[14][620]=-2.91e+12
dp[15][620]=-2.91e+12
dp[16][620]=-2.91e+12
dp[17][620]=-2.91e+12
dp[18][620]=-2.91e+12
dp[19][620]=-2.91e+12
dp[20][620]=-2.91e+12
dp[21][620]=-2.91e+12
dp[22][620]=-2.91e+12
dp[23][620]=-2.91e+12
dp[24][620]=-2.91e+12
Select best dp
Best k=6
dp[2][620]=-6.2e+11
dp[3][620]=-9.1e+11
dp[4][620]=-9.2e+11
dp[5][620]=-1.21e+12
dp[6][620]=-1.21e+12
dp[7][620]=-1.48e+12
dp[8][620]=-1.48e+12
dp[9][620]=-1.74e+12
dp[10][620]=-1.74e+12
dp[11][620]=-1.99e+12
dp[12][620]=-1.99e+12
dp[13][620]=-1.99e+12
dp[14][620]=-1.99e+12
dp[15][620]=-1.99e+12
dp[16][620]=-1.99e+12
dp[17][620]=-1.99e+12
dp[18][620]=-1.99e+12
dp[19][620]=-1.99e+12
dp[20][620]=-1.99e+12
dp[21][620]=-1.99e+12
dp[22][620]=-1.99e+12
dp[23][620]=-1.73e+12
dp[24][620]=-1.46e+12
Select best dp
Best k=13
dp[2][620]=-3.53e+12
dp[3][620]=-4.12e+12
dp[4][620]=-4.53e+12
dp[5][620]=-4.8e+12
dp[6][620]=-4.95e+12
dp[7][620]=-5.11e+12
dp[8][620]=-5.32e+12
dp[9][620]=-5.47e+12
dp[10][620]=-5.48e+12
dp[11][620]=-5.63e+12
dp[12][620]=-5.63e+12
dp[13][620]=-5.63e+12
dp[14][620]=-5.63e+12
dp[15][620]=-5.63e+12
dp[16][620]=-5.63e+12
dp[17][620]=-5.63e+12
dp[18][620]=-5.63e+12
dp[19][620]=-5.63e+12
dp[20][620]=-5.63e+12
dp[21][620]=-5.63e+12
dp[22][620]=-5.63e+12
dp[23][620]=-5.63e+12
dp[24][620]=-5.63e+12
Select best dp
Best k=11
Stratifying 5-th numerical feature ...
Stratifying 4-th numerical feature ...
dp[2][620]=-1.6e+11
dp[3][620]=-2e+11
dp[4][620]=-3.6e+11
dp[5][620]=-4.1e+11
dp[6][620]=-5.2e+11
dp[7][620]=-5.7e+11
dp[8][620]=-6.8e+11
dp[9][620]=-7.3e+11
dp[10][620]=-8.3e+11
dp[11][620]=-8.9e+11
dp[12][620]=-9.7e+11
dp[13][620]=-1.04e+12
dp[14][620]=-1.1e+12
dp[15][620]=-1.18e+12
dp[16][620]=-1.23e+12
dp[17][620]=-1.31e+12
dp[18][620]=-1.36e+12
dp[19][620]=-1.43e+12
dp[20][620]=-1.48e+12
dp[21][620]=-1.55e+12
dp[22][620]=-1.6e+12
dp[23][620]=-1.67e+12
dp[24][620]=-1.72e+12
Select best dp
Best k=24
Stratifying 3-th numerical feature ...
dp[2][620]=-1.17e+12
dp[3][620]=-1.17e+12
dp[4][620]=-1.17e+12
dp[5][620]=-1.17e+12
dp[6][620]=-1.17e+12
dp[7][620]=-1.17e+12
dp[8][620]=-1.17e+12
dp[9][620]=-1.17e+12
dp[10][620]=-1.17e+12
dp[11][620]=-1.17e+12
dp[12][620]=-1.17e+12
dp[13][620]=-1.17e+12
dp[14][620]=-1.17e+12
dp[15][620]=-1.17e+12
dp[16][620]=-1.17e+12
Select best dp
Best k=6
Stratifying 6-th numerical feature ...
dp[2][620]=-1.765e+12
dp[3][620]=-2.06e+12
dp[4][620]=-2.265e+12
dp[5][620]=-2.4e+12
dp[6][620]=-2.4e+12
dp[7][620]=-2.4e+12
dp[8][620]=-2.4e+12
dp[9][620]=-2.4e+12
dp[10][620]=-2.4e+12
dp[11][620]=-2.4e+12
dp[12][620]=-2.4e+12
dp[13][620]=-2.4e+12
dp[14][620]=-2.4e+12
dp[15][620]=-2.4e+12
dp[16][620]=-2.4e+12
dp[17][620]=-2.4e+12
dp[18][620]=-2.4e+12
dp[19][620]=-2.4e+12
dp[20][620]=-2.4e+12
dp[21][620]=-2.4e+12
dp[22][620]=-2.4e+12
dp[23][620]=-2.4e+12
dp[24][620]=-2.275e+12
Select best dp
Best k=5
Stratifying 5-th numerical feature ...
dp[2][620]=-6.2e+11
dp[3][620]=-9.1e+11
dp[4][620]=-1.13e+12
dp[5][620]=-1.41e+12
dp[6][620]=-1.6e+12
dp[7][620]=-1.71e+12
dp[8][620]=-1.87e+12
dp[9][620]=-1.98e+12
dp[10][620]=-2.13e+12
dp[11][620]=-2.24e+12
dp[12][620]=-2.37e+12
dp[13][620]=-2.47e+12
dp[14][620]=-2.6e+12
dp[15][620]=-2.63e+12
dp[16][620]=-2.76e+12
dp[17][620]=-2.77e+12
dp[18][620]=-2.9e+12
dp[19][620]=-2.9e+12
dp[20][620]=-3.03e+12
dp[21][620]=-3.03e+12
dp[22][620]=-3.03e+12
dp[23][620]=-3.03e+12
dp[24][620]=-3.03e+12
Select best dp
Best k=20
Stratifying 4-th numerical feature ...
dp[2][620]=-2.64e+12
dp[3][620]=-2.64e+12
dp[4][620]=-2.64e+12
dp[5][620]=-2.64e+12
dp[6][620]=-2.64e+12
dp[7][620]=-2.64e+12
dp[8][620]=-2.64e+12
dp[9][620]=-2.64e+12
dp[10][620]=-2.64e+12
dp[11][620]=-2.64e+12
dp[12][620]=-2.64e+12
dp[13][620]=-2.64e+12
dp[14][620]=-2.64e+12
dp[15][620]=-2.64e+12
dp[16][620]=-2.64e+12
Select best dp
Best k=5
dp[2][620]=-1.17e+12
dp[3][620]=-1.17e+12
dp[4][620]=-1.51e+12
dp[5][620]=-1.51e+12
dp[6][620]=-1.83e+12
dp[7][620]=-1.83e+12
dp[8][620]=-2.14e+12
dp[9][620]=-2.14e+12
dp[10][620]=-2.41e+12
dp[11][620]=-2.41e+12
dp[12][620]=-2.64e+12
dp[13][620]=-2.64e+12
dp[14][620]=-2.85e+12
dp[15][620]=-2.85e+12
dp[16][620]=-3.01e+12
dp[17][620]=-3.01e+12
dp[18][620]=-3.17e+12
dp[19][620]=-3.17e+12
dp[20][620]=-3.3e+12
dp[21][620]=-3.3e+12
dp[22][620]=-3.41e+12
dp[23][620]=-3.41e+12
dp[24][620]=-3.41e+12
Select best dp
Best k=22
Stratifying 6-th numerical feature ...
dp[2][620]=-3.53e+12
dp[3][620]=-4.12e+12
dp[4][620]=-4.53e+12
dp[5][620]=-4.8e+12
dp[6][620]=-4.8e+12
dp[7][620]=-4.8e+12
dp[8][620]=-4.8e+12
dp[9][620]=-4.8e+12
dp[10][620]=-4.8e+12
dp[11][620]=-4.8e+12
dp[12][620]=-4.8e+12
dp[13][620]=-4.8e+12
dp[14][620]=-4.8e+12
dp[15][620]=-4.8e+12
dp[16][620]=-4.8e+12
dp[17][620]=-4.8e+12
dp[18][620]=-4.8e+12
dp[19][620]=-4.8e+12
dp[20][620]=-4.8e+12
dp[21][620]=-4.8e+12
dp[22][620]=-4.8e+12
dp[23][620]=-4.8e+12
dp[24][620]=-4.55e+12
Select best dp
Best k=5
Stratifying 5-th numerical feature ...
dp[2][620]=-3.53e+12
dp[3][620]=-4.12e+12
dp[4][620]=-4.53e+12
dp[5][620]=-4.8e+12
dp[6][620]=-4.8e+12
dp[7][620]=-4.8e+12
dp[8][620]=-4.8e+12
dp[9][620]=-4.8e+12
dp[10][620]=-4.8e+12
dp[11][620]=-4.8e+12
dp[12][620]=-4.8e+12
dp[13][620]=-4.8e+12
dp[14][620]=-4.8e+12
dp[15][620]=-4.8e+12
dp[16][620]=-4.8e+12
dp[17][620]=-4.8e+12
dp[18][620]=-4.8e+12
dp[19][620]=-4.8e+12
dp[20][620]=-4.8e+12
dp[21][620]=-4.8e+12
dp[22][620]=-4.8e+12
dp[23][620]=-4.8e+12
dp[24][620]=-4.55e+12
Select best dp
Best k=5
Stratifying 5-th numerical feature ...
dp[2][620]=514.506
dp[3][620]=771.76
dp[4][620]=1029.01
dp[5][620]=1286.27
dp[6][620]=1543.52
dp[7][620]=1800.77
dp[8][620]=2058.03
dp[9][620]=2315.28
dp[10][620]=2572.53
dp[11][620]=2829.79
dp[12][620]=3087.04
dp[13][620]=3344.29
dp[14][620]=3601.55
dp[15][620]=3858.8
dp[16][620]=4116.05
dp[17][620]=4373.31
dp[18][620]=4630.56
dp[19][620]=4887.81
dp[20][620]=5145.06
dp[21][620]=5402.32
dp[22][620]=5659.57
dp[23][620]=5916.82
dp[24][620]=6174.08
Select best dp
Best k=2
Stratifying 5-th numerical feature ...
dp[2][620]=-3.53e+12
dp[3][620]=-4.12e+12
dp[4][620]=-4.53e+12
dp[5][620]=-4.8e+12
dp[6][620]=-4.8e+12
dp[7][620]=-4.8e+12
dp[8][620]=-4.8e+12
dp[9][620]=-4.8e+12
dp[10][620]=-4.8e+12
dp[11][620]=-4.8e+12
dp[12][620]=-4.8e+12
dp[13][620]=-4.8e+12
dp[14][620]=-4.8e+12
dp[15][620]=-4.8e+12
dp[16][620]=-4.8e+12
dp[17][620]=-4.8e+12
dp[18][620]=-4.8e+12
dp[19][620]=-4.8e+12
dp[20][620]=-4.8e+12
dp[21][620]=-4.8e+12
dp[22][620]=-4.8e+12
dp[23][620]=-4.8e+12
dp[24][620]=-4.55e+12
Select best dp
Best k=5
Stratifying 5-th numerical feature ...
dp[2][620]=-5.85e+11
dp[3][620]=-5.85e+11
dp[4][620]=-7.55e+11
dp[5][620]=-7.55e+11
dp[6][620]=-9.15e+11
dp[7][620]=-9.15e+11
dp[8][620]=-1.07e+12
dp[9][620]=-1.07e+12
dp[10][620]=-1.205e+12
dp[11][620]=-1.205e+12
dp[12][620]=-1.205e+12
dp[13][620]=-1.205e+12
dp[14][620]=-1.205e+12
dp[15][620]=-1.205e+12
dp[16][620]=-1.205e+12
dp[17][620]=-1.205e+12
dp[18][620]=-1.205e+12
dp[19][620]=-1.205e+12
dp[20][620]=-1.205e+12
dp[21][620]=-1.175e+12
dp[22][620]=-1.14e+12
dp[23][620]=-1.095e+12
dp[24][620]=-1.025e+12
Select best dp
Best k=10
Stratifying 6-th numerical feature ...
dp[2][620]=-6.2e+11
dp[3][620]=-9.1e+11
dp[4][620]=-1.13e+12
dp[5][620]=-1.41e+12
dp[6][620]=-1.6e+12
dp[7][620]=-1.71e+12
dp[8][620]=-1.96e+12
dp[9][620]=-2.06e+12
dp[10][620]=-2.23e+12
dp[11][620]=-2.33e+12
dp[12][620]=-2.49e+12
dp[13][620]=-2.59e+12
dp[14][620]=-2.72e+12
dp[15][620]=-2.82e+12
dp[16][620]=-2.88e+12
dp[17][620]=-2.98e+12
dp[18][620]=-3.04e+12
dp[19][620]=-3.12e+12
dp[20][620]=-3.18e+12
dp[21][620]=-3.25e+12
dp[22][620]=-3.31e+12
dp[23][620]=-3.37e+12
dp[24][620]=-3.43e+12
Select best dp
Best k=24
Stratifying 4-th numerical feature ...
dp[2][620]=-3.53e+12
dp[3][620]=-4.12e+12
dp[4][620]=-4.53e+12
dp[5][620]=-4.8e+12
dp[6][620]=-4.95e+12
dp[7][620]=-5.11e+12
dp[8][620]=-5.32e+12
dp[9][620]=-5.47e+12
dp[10][620]=-5.48e+12
dp[11][620]=-5.63e+12
dp[12][620]=-5.63e+12
dp[13][620]=-5.63e+12
dp[14][620]=-5.63e+12
dp[15][620]=-5.63e+12
dp[16][620]=-5.63e+12
dp[17][620]=-5.63e+12
dp[18][620]=-5.63e+12
dp[19][620]=-5.63e+12
dp[20][620]=-5.63e+12
dp[21][620]=-5.63e+12
dp[22][620]=-5.63e+12
dp[23][620]=-5.63e+12
dp[24][620]=-5.63e+12
Select best dp
Best k=11
Stratifying 5-th numerical feature ...
dp[2][620]=-1.17e+12
dp[3][620]=-1.17e+12
dp[4][620]=-1.51e+12
dp[5][620]=-1.51e+12
dp[6][620]=-1.83e+12
dp[7][620]=-1.83e+12
dp[8][620]=-2.14e+12
dp[9][620]=-2.14e+12
dp[10][620]=-2.41e+12
dp[11][620]=-2.41e+12
dp[12][620]=-2.41e+12
dp[13][620]=-2.41e+12
dp[14][620]=-2.41e+12
dp[15][620]=-2.41e+12
dp[16][620]=-2.41e+12
dp[17][620]=-2.41e+12
dp[18][620]=-2.41e+12
dp[19][620]=-2.41e+12
dp[20][620]=-2.41e+12
dp[21][620]=-2.35e+12
dp[22][620]=-2.28e+12
dp[23][620]=-2.19e+12
dp[24][620]=-2.05e+12
Select best dp
Best k=11
Stratifying 6-th numerical feature ...
dp[2][620]=-195.199
dp[3][620]=-515.435
dp[4][620]=-652.647
dp[5][620]=-697.41
dp[6][620]=-702.394
dp[7][620]=-654.787
dp[8][620]=-575.788
dp[9][620]=-488.617
dp[10][620]=-382.755
dp[11][620]=-273.865
dp[12][620]=-160.179
dp[13][620]=-32.4491
dp[14][620]=103.271
dp[15][620]=257.362
dp[16][620]=418.895
dp[17][620]=580.819
dp[18][620]=750.187
dp[19][620]=929.678
dp[20][620]=1109.49
dp[21][620]=1290.47
dp[22][620]=1479.8
dp[23][620]=1703.38
dp[24][620]=1972.62
Select best dp
Best k=6
Stratifying 3-th numerical feature ...
dp[2][620]=-2.64e+12
dp[3][620]=-2.91e+12
dp[4][620]=-2.91e+12
dp[5][620]=-2.91e+12
dp[6][620]=-2.91e+12
dp[7][620]=-2.91e+12
dp[8][620]=-2.91e+12
dp[9][620]=-2.91e+12
dp[10][620]=-2.91e+12
dp[11][620]=-2.91e+12
dp[12][620]=-2.91e+12
dp[13][620]=-2.91e+12
dp[14][620]=-2.91e+12
dp[15][620]=-2.91e+12
dp[16][620]=-2.91e+12
dp[17][620]=-2.91e+12
dp[18][620]=-2.91e+12
dp[19][620]=-2.91e+12
dp[20][620]=-2.91e+12
dp[21][620]=-2.91e+12
dp[22][620]=-2.91e+12
dp[23][620]=-2.91e+12
dp[24][620]=-2.91e+12
Select best dp
Best k=6
dp[2][620]=-1.32e+12
dp[3][620]=-1.455e+12
dp[4][620]=-1.455e+12
dp[5][620]=-1.455e+12
dp[6][620]=-1.455e+12
dp[7][620]=-1.455e+12
dp[8][620]=-1.455e+12
dp[9][620]=-1.455e+12
dp[10][620]=-1.455e+12
dp[11][620]=-1.455e+12
dp[12][620]=-1.455e+12
dp[13][620]=-1.455e+12
dp[14][620]=-1.455e+12
dp[15][620]=-1.455e+12
dp[16][620]=-1.455e+12
dp[17][620]=-1.455e+12
dp[18][620]=-1.455e+12
dp[19][620]=-1.455e+12
dp[20][620]=-1.455e+12
dp[21][620]=-1.455e+12
dp[22][620]=-1.455e+12
dp[23][620]=-1.455e+12
dp[24][620]=-1.455e+12
Select best dp
Best k=5
dp[2][620]=-1.17e+12
dp[3][620]=-1.17e+12
dp[4][620]=-1.51e+12
dp[5][620]=-1.51e+12
dp[6][620]=-1.83e+12
dp[7][620]=-1.83e+12
dp[8][620]=-2.14e+12
dp[9][620]=-2.14e+12
dp[10][620]=-2.41e+12
dp[11][620]=-2.41e+12
dp[12][620]=-2.41e+12
dp[13][620]=-2.41e+12
dp[14][620]=-2.41e+12
dp[15][620]=-2.41e+12
dp[16][620]=-2.41e+12
dp[17][620]=-2.41e+12
dp[18][620]=-2.41e+12
dp[19][620]=-2.41e+12
dp[20][620]=-2.41e+12
dp[21][620]=-2.35e+12
dp[22][620]=-2.28e+12
dp[23][620]=-2.19e+12
dp[24][620]=-2.05e+12
Select best dp
Best k=11
Stratifying 6-th numerical feature ...
dp[2][620]=-1.17e+12
dp[3][620]=-1.17e+12
dp[4][620]=-1.51e+12
dp[5][620]=-1.51e+12
dp[6][620]=-1.83e+12
dp[7][620]=-1.83e+12
dp[8][620]=-2.14e+12
dp[9][620]=-2.14e+12
dp[10][620]=-2.41e+12
dp[11][620]=-2.41e+12
dp[12][620]=-2.41e+12
dp[13][620]=-2.41e+12
dp[14][620]=-2.41e+12
dp[15][620]=-2.41e+12
dp[16][620]=-2.41e+12
dp[17][620]=-2.41e+12
dp[18][620]=-2.41e+12
dp[19][620]=-2.41e+12
dp[20][620]=-2.41e+12
dp[21][620]=-2.35e+12
dp[22][620]=-2.28e+12
dp[23][620]=-2.19e+12
dp[24][620]=-2.05e+12
Select best dp
Best k=11
Stratifying 6-th numerical feature ...
dp[2][620]=-2.64e+12
dp[3][620]=-2.91e+12
dp[4][620]=-2.91e+12
dp[5][620]=-2.91e+12
dp[6][620]=-2.91e+12
dp[7][620]=-2.91e+12
dp[8][620]=-2.91e+12
dp[9][620]=-2.91e+12
dp[10][620]=-2.91e+12
dp[11][620]=-2.91e+12
dp[12][620]=-2.91e+12
dp[13][620]=-2.91e+12
dp[14][620]=-2.91e+12
dp[15][620]=-2.91e+12
dp[16][620]=-2.91e+12
dp[17][620]=-2.91e+12
dp[18][620]=-2.91e+12
dp[19][620]=-2.91e+12
dp[20][620]=-2.91e+12
dp[21][620]=-2.91e+12
dp[22][620]=-2.91e+12
dp[23][620]=-2.91e+12
dp[24][620]=-2.91e+12
Select best dp
Best k=6
dp[2][620]=514.506
dp[3][620]=771.76
dp[4][620]=1029.01
dp[5][620]=1286.27
dp[6][620]=1543.52
dp[7][620]=1800.77
dp[8][620]=2058.03
dp[9][620]=2315.28
dp[10][620]=2572.53
dp[11][620]=2829.79
dp[12][620]=3087.04
dp[13][620]=3344.29
dp[14][620]=3601.55
dp[15][620]=3858.8
dp[16][620]=4116.05
dp[17][620]=4373.31
dp[18][620]=4630.56
dp[19][620]=4887.81
dp[20][620]=5145.06
dp[21][620]=5402.32
dp[22][620]=5659.57
dp[23][620]=5916.82
dp[24][620]=6174.08
Select best dp
Best k=2
Stratifying 6-th numerical feature ...
dp[2][620]=-1.17e+12
dp[3][620]=-1.17e+12
dp[4][620]=-1.51e+12
dp[5][620]=-1.51e+12
dp[6][620]=-1.83e+12
dp[7][620]=-1.83e+12
dp[8][620]=-2.14e+12
dp[9][620]=-2.14e+12
dp[10][620]=-2.41e+12
dp[11][620]=-2.41e+12
dp[12][620]=-2.62e+12
dp[13][620]=-2.62e+12
dp[14][620]=-2.81e+12
dp[15][620]=-2.81e+12
dp[16][620]=-2.97e+12
dp[17][620]=-2.97e+12
dp[18][620]=-3.13e+12
dp[19][620]=-3.13e+12
dp[20][620]=-3.26e+12
dp[21][620]=-3.26e+12
dp[22][620]=-3.26e+12
dp[23][620]=-3.26e+12
dp[24][620]=-3.26e+12
Select best dp
Best k=20
Stratifying 6-th numerical feature ...
dp[2][620]=-3.53e+12
dp[3][620]=-4.12e+12
dp[4][620]=-4.53e+12
dp[5][620]=-4.8e+12
dp[6][620]=-4.95e+12
dp[7][620]=-5.11e+12
dp[8][620]=-5.32e+12
dp[9][620]=-5.47e+12
dp[10][620]=-5.56e+12
dp[11][620]=-5.65e+12
dp[12][620]=-5.73e+12
dp[13][620]=-5.89e+12
dp[14][620]=-5.97e+12
dp[15][620]=-5.97e+12
dp[16][620]=-6.01e+12
dp[17][620]=-6.01e+12
dp[18][620]=-6.01e+12
dp[19][620]=-6.01e+12
dp[20][620]=-6.01e+12
dp[21][620]=-6.01e+12
dp[22][620]=-6.01e+12
dp[23][620]=-6.01e+12
dp[24][620]=-6.01e+12
Select best dp
Best k=16
Stratifying 5-th numerical feature ...
dp[2][620]=-2.64e+12
dp[3][620]=-2.91e+12
dp[4][620]=-2.91e+12
dp[5][620]=-2.91e+12
dp[6][620]=-2.91e+12
dp[7][620]=-2.91e+12
dp[8][620]=-2.91e+12
dp[9][620]=-2.91e+12
dp[10][620]=-2.91e+12
dp[11][620]=-2.91e+12
dp[12][620]=-2.91e+12
dp[13][620]=-2.91e+12
dp[14][620]=-2.91e+12
dp[15][620]=-2.91e+12
dp[16][620]=-2.91e+12
dp[17][620]=-2.91e+12
dp[18][620]=-2.91e+12
dp[19][620]=-2.91e+12
dp[20][620]=-2.91e+12
dp[21][620]=-2.91e+12
dp[22][620]=-2.91e+12
dp[23][620]=-2.91e+12
dp[24][620]=-2.91e+12
Select best dp
Best k=6
dp[2][620]=-2.64e+12
dp[3][620]=-2.91e+12
dp[4][620]=-2.91e+12
dp[5][620]=-2.91e+12
dp[6][620]=-2.91e+12
dp[7][620]=-2.91e+12
dp[8][620]=-2.91e+12
dp[9][620]=-2.91e+12
dp[10][620]=-2.91e+12
dp[11][620]=-2.91e+12
dp[12][620]=-2.91e+12
dp[13][620]=-2.91e+12
dp[14][620]=-2.91e+12
dp[15][620]=-2.91e+12
dp[16][620]=-2.91e+12
dp[17][620]=-2.91e+12
dp[18][620]=-2.91e+12
dp[19][620]=-2.91e+12
dp[20][620]=-2.91e+12
dp[21][620]=-2.91e+12
dp[22][620]=-2.91e+12
dp[23][620]=-2.91e+12
dp[24][620]=-2.91e+12
Select best dp
Best k=6
dp[2][620]=514.506
dp[3][620]=771.76
dp[4][620]=1029.01
dp[5][620]=1286.27
dp[6][620]=1543.52
dp[7][620]=1800.77
dp[8][620]=2058.03
dp[9][620]=2315.28
dp[10][620]=2572.53
dp[11][620]=2829.79
dp[12][620]=3087.04
dp[13][620]=3344.29
dp[14][620]=3601.55
dp[15][620]=3858.8
dp[16][620]=4116.05
dp[17][620]=4373.31
dp[18][620]=4630.56
dp[19][620]=4887.81
dp[20][620]=5145.06
dp[21][620]=5402.32
dp[22][620]=5659.57
dp[23][620]=5916.82
dp[24][620]=6174.08
Select best dp
Best k=2
dp[2][620]=-2.64e+12
dp[3][620]=-2.91e+12
dp[4][620]=-2.91e+12
dp[5][620]=-2.91e+12
dp[6][620]=-2.91e+12
dp[7][620]=-2.91e+12
dp[8][620]=-2.91e+12
dp[9][620]=-2.91e+12
dp[10][620]=-2.91e+12
dp[11][620]=-2.91e+12
dp[12][620]=-2.91e+12
dp[13][620]=-2.91e+12
dp[14][620]=-2.91e+12
dp[15][620]=-2.91e+12
dp[16][620]=-2.91e+12
dp[17][620]=-2.91e+12
dp[18][620]=-2.91e+12
dp[19][620]=-2.91e+12
dp[20][620]=-2.91e+12
dp[21][620]=-2.91e+12
dp[22][620]=-2.91e+12
dp[23][620]=-2.91e+12
dp[24][620]=-2.91e+12
Select best dp
Best k=6
dp[2][620]=-1.17e+12
dp[3][620]=-1.17e+12
dp[4][620]=-1.51e+12
dp[5][620]=-1.51e+12
dp[6][620]=-1.83e+12
dp[7][620]=-1.83e+12
dp[8][620]=-2.14e+12
dp[9][620]=-2.14e+12
dp[10][620]=-2.41e+12
dp[11][620]=-2.41e+12
dp[12][620]=-2.66e+12
dp[13][620]=-2.66e+12
dp[14][620]=-2.87e+12
dp[15][620]=-2.87e+12
dp[16][620]=-3.03e+12
dp[17][620]=-3.03e+12
dp[18][620]=-3.19e+12
dp[19][620]=-3.19e+12
dp[20][620]=-3.32e+12
dp[21][620]=-3.32e+12
dp[22][620]=-3.43e+12
dp[23][620]=-3.43e+12
dp[24][620]=-3.54e+12
Select best dp
Best k=24
Stratifying 6-th numerical feature ...
dp[2][620]=-6.2e+11
dp[3][620]=-9.1e+11
dp[4][620]=-9.2e+11
dp[5][620]=-1.21e+12
dp[6][620]=-1.21e+12
dp[7][620]=-1.48e+12
dp[8][620]=-1.48e+12
dp[9][620]=-1.74e+12
dp[10][620]=-1.74e+12
dp[11][620]=-1.99e+12
dp[12][620]=-1.99e+12
dp[13][620]=-1.99e+12
dp[14][620]=-1.99e+12
dp[15][620]=-1.99e+12
dp[16][620]=-1.99e+12
dp[17][620]=-1.99e+12
dp[18][620]=-1.99e+12
dp[19][620]=-1.99e+12
dp[20][620]=-1.99e+12
dp[21][620]=-1.99e+12
dp[22][620]=-1.99e+12
dp[23][620]=-1.73e+12
dp[24][620]=-1.46e+12
Select best dp
Best k=13
Stratifying 4-th numerical feature ...
dp[2][620]=-2.64e+12
dp[3][620]=-2.91e+12
dp[4][620]=-2.98e+12
dp[5][620]=-3.03e+12
dp[6][620]=-3.08e+12
dp[7][620]=-3.16e+12
dp[8][620]=-3.24e+12
dp[9][620]=-3.25e+12
dp[10][620]=-3.33e+12
dp[11][620]=-3.34e+12
dp[12][620]=-3.42e+12
dp[13][620]=-3.42e+12
dp[14][620]=-3.48e+12
dp[15][620]=-3.48e+12
dp[16][620]=-3.54e+12
dp[17][620]=-3.54e+12
dp[18][620]=-3.59e+12
dp[19][620]=-3.59e+12
dp[20][620]=-3.59e+12
dp[21][620]=-3.59e+12
dp[22][620]=-3.59e+12
dp[23][620]=-3.59e+12
dp[24][620]=-3.59e+12
Select best dp
Best k=19
dp[2][620]=-3.53e+12
dp[3][620]=-4.12e+12
dp[4][620]=-4.53e+12
dp[5][620]=-4.8e+12
dp[6][620]=-4.8e+12
dp[7][620]=-4.8e+12
dp[8][620]=-4.8e+12
dp[9][620]=-4.8e+12
dp[10][620]=-4.8e+12
dp[11][620]=-4.8e+12
dp[12][620]=-4.8e+12
dp[13][620]=-4.8e+12
dp[14][620]=-4.8e+12
dp[15][620]=-4.8e+12
dp[16][620]=-4.8e+12
dp[17][620]=-4.8e+12
dp[18][620]=-4.8e+12
dp[19][620]=-4.8e+12
dp[20][620]=-4.8e+12
dp[21][620]=-4.8e+12
dp[22][620]=-4.8e+12
dp[23][620]=-4.8e+12
dp[24][620]=-4.55e+12
Select best dp
Best k=5
Stratifying 5-th numerical feature ...
dp[2][620]=-1.17e+12
dp[3][620]=-1.17e+12
dp[4][620]=-1.51e+12
dp[5][620]=-1.51e+12
dp[6][620]=-1.83e+12
dp[7][620]=-1.83e+12
dp[8][620]=-2.14e+12
dp[9][620]=-2.14e+12
dp[10][620]=-2.41e+12
dp[11][620]=-2.41e+12
dp[12][620]=-2.41e+12
dp[13][620]=-2.41e+12
dp[14][620]=-2.41e+12
dp[15][620]=-2.41e+12
dp[16][620]=-2.41e+12
dp[17][620]=-2.41e+12
dp[18][620]=-2.41e+12
dp[19][620]=-2.41e+12
dp[20][620]=-2.41e+12
dp[21][620]=-2.35e+12
dp[22][620]=-2.28e+12
dp[23][620]=-2.19e+12
dp[24][620]=-2.05e+12
Select best dp
Best k=11
Stratifying 6-th numerical feature ...
dp[2][620]=-2.64e+12
dp[3][620]=-2.91e+12
dp[4][620]=-2.91e+12
dp[5][620]=-2.91e+12
dp[6][620]=-2.91e+12
dp[7][620]=-2.91e+12
dp[8][620]=-2.91e+12
dp[9][620]=-2.91e+12
dp[10][620]=-2.91e+12
dp[11][620]=-2.91e+12
dp[12][620]=-2.91e+12
dp[13][620]=-2.91e+12
dp[14][620]=-2.91e+12
dp[15][620]=-2.91e+12
dp[16][620]=-2.91e+12
dp[17][620]=-2.91e+12
dp[18][620]=-2.91e+12
dp[19][620]=-2.91e+12
dp[20][620]=-2.91e+12
dp[21][620]=-2.91e+12
dp[22][620]=-2.91e+12
dp[23][620]=-2.91e+12
dp[24][620]=-2.91e+12
Select best dp
Best k=6
