Standardize ...
Stratifying 1-th numerical feature ...
Standardize ...
Stratifying 1-th numerical feature ...
Standardize ...
Stratifying 1-th numerical feature ...
Standardize ...
Stratifying 1-th numerical feature ...
Standardize ...
Stratifying 1-th numerical feature ...
Standardize ...
Stratifying 1-th numerical feature ...
Standardize ...
Stratifying 1-th numerical feature ...
Standardize ...
Stratifying 1-th numerical feature ...
Standardize ...
Stratifying 1-th numerical feature ...
Standardize ...
Stratifying 1-th numerical feature ...
Standardize ...
Stratifying 1-th numerical feature ...
Standardize ...
Stratifying 1-th numerical feature ...
Standardize ...
Stratifying 1-th numerical feature ...
Standardize ...
Stratifying 1-th numerical feature ...
dp[2][395]=-474.348
dp[3][395]=-767.705
dp[4][395]=-955.313
dp[5][395]=-1081.81
dp[6][395]=-1177.26
dp[7][395]=-1233.44
dp[8][395]=-1260.43
dp[9][395]=-1274.98
dp[10][395]=-1289.1
dp[11][395]=-1293.86
dp[12][395]=-1286.69
dp[13][395]=-1276.84
Select best dp
Best k=11
Stratifying 2-th numerical feature ...
dp[2][395]=-474.348
dp[2][395]=-474.348
dp[3][395]=-767.705
dp[3][395]=-767.705
dp[4][395]=-955.313
dp[4][395]=-955.313
dp[5][395]=-1081.81
dp[5][395]=-1081.81
dp[6][395]=-1177.26
dp[6][395]=-1177.26
dp[7][395]=-1233.44
dp[7][395]=-1233.44
dp[8][395]=-1262.28
dp[8][395]=-1262.28
dp[9][395]=-1277.02
dp[9][395]=-1277.02
dp[10][395]=-1291.15
dp[10][395]=-1291.15
dp[11][395]=-1300.84
dp[11][395]=-1300.84
dp[12][395]=-1297.75
dp[12][395]=-1297.75
dp[13][395]=-1293.26
dp[13][395]=-1293.26
dp[14][395]=-1273.52
dp[14][395]=-1273.52
dp[15][395]=-1252.7
dp[15][395]=-1252.7
dp[16][395]=-1230.29
dp[16][395]=-1230.29
dp[17][395]=-1205.79
dp[17][395]=-1205.79
dp[18][395]=-1169.35
dp[18][395]=-1169.35
dp[19][395]=-1128.92
dp[19][395]=-1128.92
Select best dp
Select best dp
Best k=11
Best k=11
Stratifying 2-th numerical feature ...
Stratifying 2-th numerical feature ...
dp[2][395]=-474.348
dp[3][395]=-767.705
dp[4][395]=-955.313
dp[5][395]=-1081.81
dp[6][395]=-1177.26
dp[7][395]=-1233.44
dp[8][395]=-1262.28
dp[9][395]=-1277.02
dp[10][395]=-1291.15
dp[11][395]=-1300.84
dp[12][395]=-1297.75
dp[13][395]=-1293.26
dp[14][395]=-1273.64
dp[15][395]=-1252.82
dp[16][395]=-1231.97
dp[17][395]=-1210.98
dp[18][395]=-1188.76
dp[19][395]=-1162.13
Select best dp
Best k=11
Stratifying 2-th numerical feature ...
dp[2][395]=-474.348
dp[3][395]=-767.705
dp[4][395]=-955.313
dp[5][395]=-1081.81
dp[6][395]=-1177.26
dp[7][395]=-1233.44
dp[8][395]=-1262.28
dp[9][395]=-1277.02
dp[10][395]=-1291.15
dp[11][395]=-1300.84
dp[12][395]=-1297.75
dp[13][395]=-1293.26
dp[14][395]=-1273.64
dp[15][395]=-1252.82
dp[16][395]=-1231.97
dp[17][395]=-1210.98
dp[18][395]=-1188.76
dp[19][395]=-1162.91
Select best dp
Best k=11
Stratifying 2-th numerical feature ...
dp[2][395]=-474.348
dp[3][395]=-767.705
dp[4][395]=-955.313
dp[5][395]=-1081.81
dp[6][395]=-1177.26
dp[7][395]=-1233.44
dp[8][395]=-1262.28
dp[9][395]=-1277.02
dp[10][395]=-1291.15
dp[11][395]=-1300.84
dp[12][395]=-1297.75
dp[13][395]=-1293.26
dp[14][395]=-1273.64
dp[15][395]=-1252.82
dp[16][395]=-1231.97
dp[17][395]=-1210.98
dp[18][395]=-1188.76
dp[19][395]=-1162.91
Select best dp
Best k=11
Stratifying 2-th numerical feature ...
dp[2][395]=-640.112
dp[3][395]=-988.092
dp[4][395]=-1182.89
dp[5][395]=-1304.74
dp[6][395]=-1391.21
dp[7][395]=-1443.94
dp[8][395]=-1488.76
dp[9][395]=-1508.23
dp[10][395]=-1526.95
dp[11][395]=-1541.29
dp[12][395]=-1520.81
dp[13][395]=-1480.38
Select best dp
Best k=11
Stratifying 3-th numerical feature ...
dp[2][395]=-640.112
dp[3][395]=-988.092
dp[4][395]=-1182.89
dp[5][395]=-1304.74
dp[6][395]=-1391.21
dp[7][395]=-1443.94
dp[8][395]=-1488.76
dp[9][395]=-1508.37
dp[10][395]=-1527.09
dp[11][395]=-1541.42
dp[12][395]=-1537.96
dp[13][395]=-1531.6
dp[14][395]=-1521.58
dp[15][395]=-1503.68
dp[16][395]=-1477.38
dp[17][395]=-1447.79
dp[18][395]=-1403.2
dp[19][395]=-1337.71
Select best dp
Best k=11
Stratifying 3-th numerical feature ...
dp[2][395]=-1104.21
dp[3][395]=-1768.69
dp[4][395]=-2221.66
dp[5][395]=-2552.41
dp[6][395]=-2821.07
dp[7][395]=-3011.2
dp[8][395]=-3146.63
dp[9][395]=-3253.87
dp[10][395]=-3359.88
dp[11][395]=-3457.02
dp[12][395]=-3528.61
dp[13][395]=-3597.39
dp[14][395]=-3635.65
dp[15][395]=-3671.78
dp[16][395]=-3704.72
dp[17][395]=-3733.47
dp[18][395]=-3738.35
dp[19][395]=-3735.24
Select best dp
Best k=18
dp[2][395]=-640.112
dp[3][395]=-988.092
dp[4][395]=-1182.89
dp[5][395]=-1304.74
dp[6][395]=-1391.21
dp[7][395]=-1443.94
dp[8][395]=-1488.76
dp[9][395]=-1508.37
dp[10][395]=-1527.09
dp[11][395]=-1541.42
dp[12][395]=-1537.96
dp[13][395]=-1531.6
dp[14][395]=-1521.58
dp[15][395]=-1503.68
dp[16][395]=-1477.38
dp[17][395]=-1447.79
dp[18][395]=-1403.2
dp[19][395]=-1337.71
Select best dp
Best k=11
Stratifying 3-th numerical feature ...
dp[2][395]=155.517
dp[3][395]=233.275
dp[4][395]=311.034
dp[5][395]=388.792
dp[6][395]=466.55
dp[7][395]=544.309
dp[8][395]=622.067
dp[9][395]=699.825
dp[10][395]=777.584
dp[11][395]=855.342
dp[12][395]=933.101
dp[13][395]=1010.86
dp[14][395]=1088.62
dp[15][395]=1166.38
dp[16][395]=1244.13
dp[17][395]=1321.89
dp[18][395]=1399.65
dp[19][395]=1477.41
Select best dp
Best k=2
Stratifying 2-th numerical feature ...
dp[2][395]=-474.348
dp[3][395]=-767.705
dp[4][395]=-955.313
dp[5][395]=-1081.81
dp[6][395]=-1177.26
dp[7][395]=-1233.44
dp[8][395]=-1262.28
dp[9][395]=-1277.02
dp[10][395]=-1291.15
dp[11][395]=-1300.84
dp[12][395]=-1297.75
dp[13][395]=-1293.26
dp[14][395]=-1273.52
dp[15][395]=-1252.7
dp[16][395]=-1230.29
dp[17][395]=-1205.79
dp[18][395]=-1169.35
dp[19][395]=-1128.92
Select best dp
Best k=11
Stratifying 2-th numerical feature ...
dp[2][395]=-159.416
dp[3][395]=-267.215
dp[4][395]=-322.14
dp[5][395]=-346.509
dp[6][395]=-355.355
dp[7][395]=-344.567
dp[8][395]=-320.107
dp[9][395]=-288.6
dp[10][395]=-256.782
dp[11][395]=-222.749
dp[12][395]=-182.327
dp[13][395]=-141.202
dp[14][395]=-92.4501
dp[15][395]=-43.1629
dp[16][395]=6.91977
dp[17][395]=58.0523
dp[18][395]=115.149
dp[19][395]=174.247
Select best dp
Best k=6
Stratifying 2-th numerical feature ...
dp[2][395]=-474.348
dp[3][395]=-767.705
dp[4][395]=-955.313
dp[5][395]=-1081.81
dp[6][395]=-1177.26
dp[7][395]=-1233.44
dp[8][395]=-1262.28
dp[9][395]=-1277.02
dp[10][395]=-1291.15
dp[11][395]=-1300.84
dp[12][395]=-1297.75
dp[13][395]=-1293.26
dp[14][395]=-1273.52
dp[15][395]=-1252.7
dp[16][395]=-1230.29
dp[17][395]=-1205.79
dp[18][395]=-1169.35
dp[19][395]=-1128.92
Select best dp
Best k=11
Stratifying 2-th numerical feature ...
Stratifying 2-th numerical feature ...
dp[2][395]=-474.348
dp[3][395]=-767.705
dp[4][395]=-955.313
dp[5][395]=-1081.81
dp[6][395]=-1177.26
dp[7][395]=-1233.44
dp[8][395]=-1262.28
dp[9][395]=-1277.02
dp[10][395]=-1291.15
dp[11][395]=-1300.84
dp[12][395]=-1297.75
dp[13][395]=-1293.26
dp[14][395]=-1273.52
dp[15][395]=-1252.7
dp[16][395]=-1230.29
dp[17][395]=-1205.79
dp[18][395]=-1169.35
dp[19][395]=-1128.92
Select best dp
Best k=11
dp[2][395]=-474.348
dp[3][395]=-767.705
dp[4][395]=-955.313
dp[5][395]=-1081.81
dp[6][395]=-1177.26
dp[7][395]=-1233.44
dp[8][395]=-1262.28
dp[9][395]=-1277.02
dp[10][395]=-1291.15
dp[11][395]=-1300.84
dp[12][395]=-1297.75
dp[13][395]=-1293.26
dp[14][395]=-1273.52
dp[15][395]=-1252.7
dp[16][395]=-1230.29
dp[17][395]=-1205.79
dp[18][395]=-1169.35
dp[19][395]=-1128.92
Select best dp
Best k=11
Stratifying 2-th numerical feature ...
Stratifying 2-th numerical feature ...
dp[2][395]=-549.058
dp[3][395]=-872.2
dp[4][395]=-1097.55
dp[5][395]=-1238.56
dp[6][395]=-1340.26
dp[7][395]=-1411.63
dp[8][395]=-1457.69
dp[9][395]=-1502.57
dp[10][395]=-1532.24
dp[11][395]=-1553.96
dp[12][395]=-1560.87
dp[13][395]=-1565.37
dp[14][395]=-1555.7
dp[15][395]=-1539.85
dp[16][395]=-1519.81
dp[17][395]=-1494.98
dp[18][395]=-1466.52
dp[19][395]=-1429.91
Select best dp
Best k=13
Stratifying 2-th numerical feature ...
dp[2][395]=-1455.47
dp[3][395]=-1929.48
dp[4][395]=-2156.74
dp[5][395]=-2298.93
dp[6][395]=-2438.25
dp[7][395]=-2522.14
dp[8][395]=-2595.74
dp[9][395]=-2654.31
dp[10][395]=-2699.97
dp[11][395]=-2709.06
dp[12][395]=-2669.65
dp[13][395]=-2625.62
Select best dp
Best k=11
Stratifying 4-th numerical feature ...
dp[2][395]=-640.112
dp[3][395]=-988.092
dp[4][395]=-1182.89
dp[5][395]=-1304.74
dp[6][395]=-1391.21
dp[7][395]=-1443.94
dp[8][395]=-1488.76
dp[9][395]=-1508.37
dp[10][395]=-1527.09
dp[11][395]=-1541.42
dp[12][395]=-1537.96
dp[13][395]=-1531.6
dp[14][395]=-1524.22
dp[15][395]=-1507.54
dp[16][395]=-1489.5
dp[17][395]=-1460.97
dp[18][395]=-1432.37
dp[19][395]=-1399.68
Select best dp
Best k=11
Stratifying 3-th numerical feature ...
dp[2][395]=-640.112
dp[3][395]=-988.092
dp[4][395]=-1182.89
dp[5][395]=-1304.74
dp[6][395]=-1391.21
dp[7][395]=-1443.94
dp[8][395]=-1488.76
dp[9][395]=-1508.37
dp[10][395]=-1527.09
dp[11][395]=-1541.42
dp[12][395]=-1537.96
dp[13][395]=-1531.6
dp[14][395]=-1524.22
dp[15][395]=-1507.54
dp[16][395]=-1489.5
dp[17][395]=-1460.97
dp[18][395]=-1432.37
dp[19][395]=-1399.68
Select best dp
Best k=11
Stratifying 3-th numerical feature ...
dp[2][395]=-1455.47
dp[3][395]=-1929.48
dp[4][395]=-2156.74
dp[5][395]=-2298.93
dp[6][395]=-2438.25
dp[7][395]=-2526.01
dp[8][395]=-2609.9
dp[9][395]=-2683.5
dp[10][395]=-2729.16
dp[11][395]=-2738.75
dp[12][395]=-2747.84
dp[13][395]=-2743.89
dp[14][395]=-2733.38
dp[15][395]=-2711.6
dp[16][395]=-2687.8
dp[17][395]=-2657.46
dp[18][395]=-2626.44
dp[19][395]=-2542.79
Select best dp
Best k=12
Stratifying 4-th numerical feature ...
dp[2][395]=-1455.47
dp[3][395]=-1929.48
dp[4][395]=-2156.74
dp[5][395]=-2298.93
dp[6][395]=-2438.25
dp[7][395]=-2526.01
dp[8][395]=-2609.9
dp[9][395]=-2683.5
dp[10][395]=-2729.16
dp[11][395]=-2738.75
dp[12][395]=-2747.84
dp[13][395]=-2743.89
dp[14][395]=-2733.38
dp[15][395]=-2711.6
dp[16][395]=-2687.8
dp[17][395]=-2657.46
dp[18][395]=-2626.44
dp[19][395]=-2542.79
Select best dp
Best k=12
Stratifying 4-th numerical feature ...
dp[2][395]=-784.158
dp[3][395]=-1109.6
dp[4][395]=-1298.53
dp[5][395]=-1418.2
dp[6][395]=-1505.73
dp[7][395]=-1564.54
dp[8][395]=-1622.45
dp[9][395]=-1659.83
dp[10][395]=-1664.78
dp[11][395]=-1668.13
dp[12][395]=-1666.52
dp[13][395]=-1641.02
Select best dp
Best k=11
Stratifying 5-th numerical feature ...
dp[2][395]=-640.112
dp[3][395]=-988.092
dp[4][395]=-1182.89
dp[5][395]=-1304.74
dp[6][395]=-1391.21
dp[7][395]=-1443.94
dp[8][395]=-1488.76
dp[9][395]=-1508.37
dp[10][395]=-1527.09
dp[11][395]=-1541.42
dp[12][395]=-1537.96
dp[13][395]=-1531.6
dp[14][395]=-1524.22
dp[15][395]=-1507.54
dp[16][395]=-1489.5
dp[17][395]=-1460.97
dp[18][395]=-1432.37
dp[19][395]=-1399.68
Select best dp
Best k=11
Stratifying 3-th numerical feature ...
dp[2][395]=-784.158
dp[3][395]=-1109.6
dp[4][395]=-1298.53
dp[5][395]=-1418.2
dp[6][395]=-1509.48
dp[7][395]=-1573.93
dp[8][395]=-1631.84
dp[9][395]=-1669.22
dp[10][395]=-1680.82
dp[11][395]=-1688.05
dp[12][395]=-1693.48
dp[13][395]=-1682.76
dp[14][395]=-1672
dp[15][395]=-1658.9
dp[16][395]=-1631.29
dp[17][395]=-1598.5
dp[18][395]=-1555.88
dp[19][395]=-1489.85
Select best dp
Best k=12
Stratifying 5-th numerical feature ...
dp[2][395]=-784.158
dp[3][395]=-1109.6
dp[4][395]=-1298.53
dp[5][395]=-1418.2
dp[6][395]=-1509.48
dp[7][395]=-1573.93
dp[8][395]=-1631.84
dp[9][395]=-1669.22
dp[10][395]=-1680.82
dp[11][395]=-1688.05
dp[12][395]=-1693.48
dp[13][395]=-1682.76
dp[14][395]=-1672
dp[15][395]=-1658.9
dp[16][395]=-1631.29
dp[17][395]=-1598.5
dp[18][395]=-1555.88
dp[19][395]=-1489.85
Select best dp
Best k=12
Stratifying 5-th numerical feature ...
dp[2][395]=155.517
dp[3][395]=233.275
dp[4][395]=311.034
dp[5][395]=388.792
dp[6][395]=466.55
dp[7][395]=544.309
dp[8][395]=622.067
dp[9][395]=699.825
dp[10][395]=777.584
dp[11][395]=855.342
dp[12][395]=933.101
dp[13][395]=1010.86
dp[14][395]=1088.62
dp[15][395]=1166.38
dp[16][395]=1244.13
dp[17][395]=1321.89
dp[18][395]=1399.65
dp[19][395]=1477.41
Select best dp
Best k=2
dp[2][395]=-1435.74
dp[3][395]=-2209.46
dp[4][395]=-2676.82
dp[5][395]=-2998.27
dp[6][395]=-3248.96
dp[7][395]=-3432.2
dp[8][395]=-3599.59
dp[9][395]=-3716.56
dp[10][395]=-3831.76
dp[11][395]=-3938.19
dp[12][395]=-4009.01
dp[13][395]=-4074.05
dp[14][395]=-4131.78
dp[15][395]=-4173.74
dp[16][395]=-4198.89
dp[17][395]=-4217.47
dp[18][395]=-4206.05
dp[19][395]=-4152.84
Select best dp
Best k=17
dp[2][395]=-242.298
dp[3][395]=-377.408
dp[4][395]=-435.93
dp[5][395]=-457.975
dp[6][395]=-462.328
dp[7][395]=-449.817
dp[8][395]=-433.348
dp[9][395]=-404.272
dp[10][395]=-374.751
dp[11][395]=-343.041
dp[12][395]=-302.428
dp[13][395]=-260.369
dp[14][395]=-216.482
dp[15][395]=-168.653
dp[16][395]=-116.621
dp[17][395]=-62.9492
dp[18][395]=-1.77441
dp[19][395]=69.8474
Select best dp
Best k=6
dp[2][395]=-1405.08
dp[3][395]=-1867.25
dp[4][395]=-2144.18
dp[5][395]=-2317.79
dp[6][395]=-2464.11
dp[7][395]=-2593.94
dp[8][395]=-2668.7
dp[9][395]=-2698.67
dp[10][395]=-2722.41
dp[11][395]=-2728.06
dp[12][395]=-2720.69
dp[13][395]=-2705.26
Select best dp
Best k=11
Stratifying 3-th numerical feature ...
Stratifying 3-th numerical feature ...
Stratifying 6-th numerical feature ...
Stratifying 3-th numerical feature ...
dp[2][395]=-640.112
dp[3][395]=-988.092
dp[4][395]=-1182.89
dp[5][395]=-1304.74
dp[6][395]=-1391.21
dp[7][395]=-1443.94
dp[8][395]=-1488.76
dp[9][395]=-1508.37
dp[10][395]=-1527.09
dp[11][395]=-1541.42
dp[12][395]=-1537.96
dp[13][395]=-1531.6
dp[14][395]=-1521.58
dp[15][395]=-1503.68
dp[16][395]=-1477.38
dp[17][395]=-1447.79
dp[18][395]=-1403.2
dp[19][395]=-1337.71
Select best dp
Best k=11
Stratifying 3-th numerical feature ...
dp[2][395]=-640.112
dp[3][395]=-988.092
dp[4][395]=-1182.89
dp[5][395]=-1304.74
dp[6][395]=-1391.21
dp[7][395]=-1443.94
dp[8][395]=-1488.76
dp[9][395]=-1508.37
dp[10][395]=-1527.09
dp[11][395]=-1541.42
dp[12][395]=-1537.96
dp[13][395]=-1531.6
dp[14][395]=-1521.58
dp[15][395]=-1503.68
dp[16][395]=-1477.38
dp[17][395]=-1447.79
dp[18][395]=-1403.2
dp[19][395]=-1337.71
Select best dp
Best k=11
Stratifying 3-th numerical feature ...
dp[2][395]=-1455.47
dp[3][395]=-1929.48
dp[4][395]=-2156.74
dp[5][395]=-2298.93
dp[6][395]=-2438.25
dp[7][395]=-2533.52
dp[8][395]=-2617.41
dp[9][395]=-2691
dp[10][395]=-2736.66
dp[11][395]=-2753.44
dp[12][395]=-2762.53
dp[13][395]=-2758.95
dp[14][395]=-2755.27
dp[15][395]=-2741.95
dp[16][395]=-2724.62
dp[17][395]=-2704.36
dp[18][395]=-2682.68
dp[19][395]=-2657.17
Select best dp
Best k=12
Stratifying 4-th numerical feature ...
dp[2][395]=-640.112
dp[3][395]=-988.092
dp[4][395]=-1182.89
dp[5][395]=-1304.74
dp[6][395]=-1391.21
dp[7][395]=-1443.94
dp[8][395]=-1488.76
dp[9][395]=-1508.37
dp[10][395]=-1527.09
dp[11][395]=-1541.42
dp[12][395]=-1537.96
dp[13][395]=-1531.6
dp[14][395]=-1521.58
dp[15][395]=-1503.68
dp[16][395]=-1477.38
dp[17][395]=-1447.79
dp[18][395]=-1403.2
dp[19][395]=-1337.71
Select best dp
Best k=11
dp[2][395]=-1455.47
dp[3][395]=-1929.48
dp[4][395]=-2156.74
dp[5][395]=-2298.93
dp[6][395]=-2438.25
dp[7][395]=-2533.52
dp[8][395]=-2617.41
dp[9][395]=-2691
dp[10][395]=-2736.66
dp[11][395]=-2753.44
dp[12][395]=-2762.53
dp[13][395]=-2758.95
dp[14][395]=-2755.27
dp[15][395]=-2743.63
dp[16][395]=-2726.29
dp[17][395]=-2706.04
dp[18][395]=-2684.35
dp[19][395]=-2658.85
Select best dp
Best k=12
Stratifying 4-th numerical feature ...
Stratifying 3-th numerical feature ...
dp[2][395]=-860.098
dp[3][395]=-1261.71
dp[4][395]=-1502.26
dp[5][395]=-1639.08
dp[6][395]=-1754.84
dp[7][395]=-1825.34
dp[8][395]=-1893.82
dp[9][395]=-1929.88
dp[10][395]=-1957.98
dp[11][395]=-1981.01
dp[12][395]=-1992.7
dp[13][395]=-1986.7
dp[14][395]=-1978.62
dp[15][395]=-1966.16
dp[16][395]=-1949.34
dp[17][395]=-1926.18
dp[18][395]=-1891.74
dp[19][395]=-1831.5
Select best dp
Best k=12
Stratifying 3-th numerical feature ...
dp[2][395]=-796.94
dp[3][395]=-1179.02
dp[4][395]=-1404.69
dp[5][395]=-1548.53
dp[6][395]=-1625.46
dp[7][395]=-1695.59
dp[8][395]=-1743.16
dp[9][395]=-1775.58
dp[10][395]=-1784.17
dp[11][395]=-1789.55
dp[12][395]=-1782.49
dp[13][395]=-1749.05
Select best dp
Best k=11
dp[2][395]=-832.798
dp[3][395]=-1241.78
dp[4][395]=-1481.76
dp[5][395]=-1619.45
dp[6][395]=-1738.76
dp[7][395]=-1809.83
dp[8][395]=-1879.53
dp[9][395]=-1912.72
dp[10][395]=-1940.33
dp[11][395]=-1964
dp[12][395]=-1975.38
dp[13][395]=-1973.99
dp[14][395]=-1965.99
dp[15][395]=-1952.62
dp[16][395]=-1936.31
dp[17][395]=-1914.28
dp[18][395]=-1881.24
dp[19][395]=-1816.56
Select best dp
Best k=12
Stratifying 3-th numerical feature ...
dp[2][395]=-1405.08
dp[3][395]=-1867.25
dp[4][395]=-2146.83
dp[5][395]=-2320.62
dp[6][395]=-2476.87
dp[7][395]=-2606.7
dp[8][395]=-2684.7
dp[9][395]=-2715.91
dp[10][395]=-2739.65
dp[11][395]=-2763.19
dp[12][395]=-2761.27
dp[13][395]=-2758.74
dp[14][395]=-2750.64
dp[15][395]=-2741.43
dp[16][395]=-2716.58
dp[17][395]=-2689.1
dp[18][395]=-2651.98
dp[19][395]=-2604.2
Select best dp
Best k=11
Stratifying 6-th numerical feature ...
dp[2][395]=-1405.08
dp[3][395]=-1867.25
dp[4][395]=-2146.83
dp[5][395]=-2320.62
dp[6][395]=-2476.87
dp[7][395]=-2606.7
dp[8][395]=-2684.7
dp[9][395]=-2715.91
dp[10][395]=-2739.65
dp[11][395]=-2763.19
dp[12][395]=-2761.27
dp[13][395]=-2758.74
dp[14][395]=-2750.64
dp[15][395]=-2741.43
dp[16][395]=-2716.58
dp[17][395]=-2689.1
dp[18][395]=-2651.98
dp[19][395]=-2604.2
Select best dp
Best k=11
Stratifying 6-th numerical feature ...
dp[2][395]=-1455.47
dp[3][395]=-1929.48
dp[4][395]=-2156.74
dp[5][395]=-2298.93
dp[6][395]=-2438.25
dp[7][395]=-2533.52
dp[8][395]=-2617.41
dp[9][395]=-2691
dp[10][395]=-2736.66
dp[11][395]=-2753.44
dp[12][395]=-2762.53
dp[13][395]=-2762.86
dp[14][395]=-2765.31
dp[15][395]=-2761.64
dp[16][395]=-2744.3
dp[17][395]=-2724.05
dp[18][395]=-2702.85
dp[19][395]=-2681.42
Select best dp
Best k=14
Stratifying 4-th numerical feature ...
dp[2][395]=-784.158
dp[3][395]=-1109.6
dp[4][395]=-1298.53
dp[5][395]=-1418.2
dp[6][395]=-1509.95
dp[7][395]=-1575.46
dp[8][395]=-1633.37
dp[9][395]=-1670.75
dp[10][395]=-1685.7
dp[11][395]=-1692.92
dp[12][395]=-1698.36
dp[13][395]=-1687.81
dp[14][395]=-1677.08
dp[15][395]=-1663.98
dp[16][395]=-1640.91
dp[17][395]=-1614.52
dp[18][395]=-1587.36
dp[19][395]=-1557.53
Select best dp
Best k=12
Stratifying 5-th numerical feature ...
dp[2][395]=-784.158
dp[3][395]=-1109.6
dp[4][395]=-1298.53
dp[5][395]=-1418.2
dp[6][395]=-1509.95
dp[7][395]=-1575.46
dp[8][395]=-1633.37
dp[9][395]=-1670.75
dp[10][395]=-1685.7
dp[11][395]=-1692.92
dp[12][395]=-1698.36
dp[13][395]=-1687.81
dp[14][395]=-1677.08
dp[15][395]=-1663.98
dp[16][395]=-1640.91
dp[17][395]=-1614.52
dp[18][395]=-1587.36
dp[19][395]=-1557.53
Select best dp
Best k=12
Stratifying 5-th numerical feature ...
dp[2][395]=-796.94
dp[3][395]=-1179.02
dp[4][395]=-1404.69
dp[5][395]=-1548.53
dp[6][395]=-1627.83
dp[7][395]=-1697.97
dp[8][395]=-1745.53
dp[9][395]=-1780.22
dp[10][395]=-1794.61
dp[11][395]=-1802.27
dp[12][395]=-1801.19
dp[13][395]=-1797.98
dp[14][395]=-1788.81
dp[15][395]=-1774.06
dp[16][395]=-1750.95
dp[17][395]=-1722.62
dp[18][395]=-1679.14
dp[19][395]=-1632.43
Select best dp
Best k=11
dp[2][395]=-796.94
dp[3][395]=-1179.02
dp[4][395]=-1404.69
dp[5][395]=-1548.53
dp[6][395]=-1627.83
dp[7][395]=-1697.97
dp[8][395]=-1745.53
dp[9][395]=-1780.22
dp[10][395]=-1794.61
dp[11][395]=-1802.27
dp[12][395]=-1801.19
dp[13][395]=-1797.98
dp[14][395]=-1788.81
dp[15][395]=-1774.06
dp[16][395]=-1750.95
dp[17][395]=-1722.62
dp[18][395]=-1679.14
dp[19][395]=-1632.43
Select best dp
Best k=11
dp[2][395]=-1055.56
dp[3][395]=-1358.57
dp[4][395]=-1461.85
dp[5][395]=-1515.71
dp[6][395]=-1562.88
dp[7][395]=-1591.14
dp[8][395]=-1614.93
dp[9][395]=-1621.75
dp[10][395]=-1611.66
dp[11][395]=-1580.25
dp[12][395]=-1548.49
dp[13][395]=-1514.32
dp[14][395]=-1470.8
dp[15][395]=-1421.06
dp[16][395]=-1370.03
dp[17][395]=-1318.32
dp[18][395]=-1262.96
dp[19][395]=-1174.05
Select best dp
Best k=9
Stratifying 4-th numerical feature ...
dp[2][395]=-2255.3
dp[3][395]=-3092.2
dp[4][395]=-3560.79
dp[5][395]=-3884.23
dp[6][395]=-4189.51
dp[7][395]=-4407.15
dp[8][395]=-4610.74
dp[9][395]=-4816.43
dp[10][395]=-4971.66
dp[11][395]=-5065.98
dp[12][395]=-5157.92
dp[13][395]=-5214.13
dp[14][395]=-5267.79
dp[15][395]=-5301.25
dp[16][395]=-5331.91
dp[17][395]=-5345.49
dp[18][395]=-5356.51
dp[19][395]=-5286
Select best dp
Best k=18
Stratifying 4-th numerical feature ...
dp[2][395]=-1455.47
dp[3][395]=-1929.48
dp[4][395]=-2156.74
dp[5][395]=-2298.93
dp[6][395]=-2438.25
dp[7][395]=-2526.01
dp[8][395]=-2609.9
dp[9][395]=-2683.5
dp[10][395]=-2729.16
dp[11][395]=-2738.75
dp[12][395]=-2747.84
dp[13][395]=-2743.89
dp[14][395]=-2733.38
dp[15][395]=-2711.6
dp[16][395]=-2687.8
dp[17][395]=-2657.46
dp[18][395]=-2626.44
dp[19][395]=-2542.79
Select best dp
Best k=12
dp[2][395]=-644.311
dp[3][395]=-935.537
dp[4][395]=-1097.9
dp[5][395]=-1204.97
dp[6][395]=-1287.6
dp[7][395]=-1347.79
dp[8][395]=-1398.6
dp[9][395]=-1436.09
dp[10][395]=-1467.18
dp[11][395]=-1475.46
dp[12][395]=-1480.05
dp[13][395]=-1468.24
dp[14][395]=-1452.41
dp[15][395]=-1429.75
dp[16][395]=-1406.49
dp[17][395]=-1374.46
dp[18][395]=-1337.89
dp[19][395]=-1272.33
Select best dp
Best k=12
Stratifying 4-th numerical feature ...
Stratifying 4-th numerical feature ...
dp[2][395]=-655.644
dp[3][395]=-798.155
dp[4][395]=-787.709
dp[5][395]=-749.026
dp[6][395]=-726.826
dp[7][395]=-682.989
dp[8][395]=-637.874
dp[9][395]=-575.054
dp[10][395]=-507.268
dp[11][395]=-438.66
dp[12][395]=-364.828
dp[13][395]=-290.988
dp[14][395]=-216.083
dp[15][395]=-139.164
dp[16][395]=-62.006
dp[17][395]=15.6459
dp[18][395]=96.5747
dp[19][395]=184.062
Select best dp
Best k=3
dp[2][395]=-644.311
dp[3][395]=-935.537
dp[4][395]=-1097.9
dp[5][395]=-1204.97
dp[6][395]=-1287.6
dp[7][395]=-1347.79
dp[8][395]=-1398.6
dp[9][395]=-1436.09
dp[10][395]=-1467.18
dp[11][395]=-1475.46
dp[12][395]=-1480.05
dp[13][395]=-1468.24
dp[14][395]=-1452.41
dp[15][395]=-1429.75
dp[16][395]=-1406.49
dp[17][395]=-1374.46
dp[18][395]=-1337.89
dp[19][395]=-1272.33
Select best dp
Best k=12
Stratifying 4-th numerical feature ...
Stratifying 4-th numerical feature ...
dp[2][395]=-784.158
dp[3][395]=-1109.6
dp[4][395]=-1298.53
dp[5][395]=-1418.2
dp[6][395]=-1509.95
dp[7][395]=-1575.46
dp[8][395]=-1633.37
dp[9][395]=-1670.75
dp[10][395]=-1685.7
dp[11][395]=-1692.92
dp[12][395]=-1698.36
dp[13][395]=-1687.81
dp[14][395]=-1677.08
dp[15][395]=-1663.98
dp[16][395]=-1640.91
dp[17][395]=-1614.52
dp[18][395]=-1587.36
dp[19][395]=-1557.53
Select best dp
Best k=12
Stratifying 5-th numerical feature ...
dp[2][395]=-1405.08
dp[3][395]=-1867.25
dp[4][395]=-2146.83
dp[5][395]=-2320.62
dp[6][395]=-2476.87
dp[7][395]=-2606.7
dp[8][395]=-2684.7
dp[9][395]=-2715.91
dp[10][395]=-2739.65
dp[11][395]=-2763.19
dp[12][395]=-2773.8
dp[13][395]=-2771.88
dp[14][395]=-2766.11
dp[15][395]=-2759.22
dp[16][395]=-2750.98
dp[17][395]=-2742.41
dp[18][395]=-2727.41
dp[19][395]=-2709.16
Select best dp
Best k=12
Stratifying 6-th numerical feature ...
dp[2][395]=-314.321
dp[3][395]=-438.162
dp[4][395]=-493.746
dp[5][395]=-514.702
dp[6][395]=-521.464
dp[7][395]=-514.812
dp[8][395]=-504.887
dp[9][395]=-484.698
dp[10][395]=-451.619
dp[11][395]=-416.352
dp[12][395]=-380.19
dp[13][395]=-335.95
dp[14][395]=-291.694
dp[15][395]=-246.264
dp[16][395]=-193.579
dp[17][395]=-138.305
dp[18][395]=-78.1151
dp[19][395]=-6.22213
Select best dp
Best k=6
Stratifying 5-th numerical feature ...
dp[2][395]=-1028.42
dp[3][395]=-1479.09
dp[4][395]=-1672.23
dp[5][395]=-1803.73
dp[6][395]=-1918.07
dp[7][395]=-1993.68
dp[8][395]=-2062.3
dp[9][395]=-2133.49
dp[10][395]=-2173.2
dp[11][395]=-2185.9
dp[12][395]=-2194.95
dp[13][395]=-2190.13
dp[14][395]=-2181.08
dp[15][395]=-2162.19
dp[16][395]=-2136.24
dp[17][395]=-2105.02
dp[18][395]=-2072.35
dp[19][395]=-2004.11
Select best dp
Best k=12
dp[2][395]=-1723.83
dp[3][395]=-2452.47
dp[4][395]=-2908.09
dp[5][395]=-3225.18
dp[6][395]=-3485.51
dp[7][395]=-3692.17
dp[8][395]=-3885.75
dp[9][395]=-4038.27
dp[10][395]=-4139.23
dp[11][395]=-4231.43
dp[12][395]=-4320.06
dp[13][395]=-4376.38
dp[14][395]=-4432.63
dp[15][395]=-4484.18
dp[16][395]=-4506.72
dp[17][395]=-4518.9
dp[18][395]=-4511.41
dp[19][395]=-4457.12
Select best dp
Best k=17
Stratifying 5-th numerical feature ...
Stratifying 4-th numerical feature ...
dp[2][395]=-784.158
dp[3][395]=-1109.6
dp[4][395]=-1298.53
dp[5][395]=-1418.2
dp[6][395]=-1509.48
dp[7][395]=-1573.93
dp[8][395]=-1631.84
dp[9][395]=-1669.22
dp[10][395]=-1680.82
dp[11][395]=-1688.05
dp[12][395]=-1693.48
dp[13][395]=-1682.76
dp[14][395]=-1672
dp[15][395]=-1658.9
dp[16][395]=-1631.29
dp[17][395]=-1598.5
dp[18][395]=-1555.88
dp[19][395]=-1489.85
Select best dp
Best k=12
Stratifying 5-th numerical feature ...
dp[2][395]=-1405.08
dp[3][395]=-1867.25
dp[4][395]=-2146.83
dp[5][395]=-2320.62
dp[6][395]=-2476.87
dp[7][395]=-2606.7
dp[8][395]=-2684.7
dp[9][395]=-2715.91
dp[10][395]=-2739.65
dp[11][395]=-2763.19
dp[12][395]=-2773.8
dp[13][395]=-2771.88
dp[14][395]=-2766.87
dp[15][395]=-2761.09
dp[16][395]=-2754.21
dp[17][395]=-2745.63
dp[18][395]=-2730.63
dp[19][395]=-2712.39
Select best dp
Best k=12
Stratifying 6-th numerical feature ...
dp[2][395]=-984.515
dp[3][395]=-1417.94
dp[4][395]=-1603.12
dp[5][395]=-1731.89
dp[6][395]=-1845.61
dp[7][395]=-1923.81
dp[8][395]=-1991.72
dp[9][395]=-2057.89
dp[10][395]=-2096.92
dp[11][395]=-2113.72
dp[12][395]=-2124.7
dp[13][395]=-2120.56
dp[14][395]=-2111.63
dp[15][395]=-2094.37
dp[16][395]=-2068.9
dp[17][395]=-2040.07
dp[18][395]=-2007.27
dp[19][395]=-1940.07
Select best dp
Best k=12
Stratifying 4-th numerical feature ...
dp[2][395]=-841.452
dp[3][395]=-1121.99
dp[4][395]=-1257.15
dp[5][395]=-1332.69
dp[6][395]=-1397.46
dp[7][395]=-1455.7
dp[8][395]=-1455.97
dp[9][395]=-1447.16
dp[10][395]=-1434.53
dp[11][395]=-1408.37
dp[12][395]=-1371.98
dp[13][395]=-1334.82
dp[14][395]=-1296.14
dp[15][395]=-1256.56
dp[16][395]=-1208.96
dp[17][395]=-1158.99
dp[18][395]=-1094.21
dp[19][395]=-1019.62
Select best dp
Best k=8
dp[2][395]=-2567.8
dp[3][395]=-3358.12
dp[4][395]=-3945.98
dp[5][395]=-4329.53
dp[6][395]=-4645.76
dp[7][395]=-4935.85
dp[8][395]=-5167.62
dp[9][395]=-5289.01
dp[10][395]=-5402.22
dp[11][395]=-5490.27
dp[12][395]=-5563.92
dp[13][395]=-5632.04
dp[14][395]=-5687.25
dp[15][395]=-5731.37
dp[16][395]=-5749.54
dp[17][395]=-5767.04
dp[18][395]=-5782.97
dp[19][395]=-5776.76
Select best dp
Best k=18
Stratifying 6-th numerical feature ...
Stratifying 6-th numerical feature ...
dp[2][395]=-1010.92
dp[3][395]=-1302.04
dp[4][395]=-1503.41
dp[5][395]=-1631.5
dp[6][395]=-1725.96
dp[7][395]=-1804.91
dp[8][395]=-1871.49
dp[9][395]=-1889.99
dp[10][395]=-1897.67
dp[11][395]=-1894.81
dp[12][395]=-1889.14
dp[13][395]=-1873.5
dp[14][395]=-1855.64
dp[15][395]=-1832.85
dp[16][395]=-1808.2
dp[17][395]=-1777.54
dp[18][395]=-1744.77
dp[19][395]=-1698.89
Select best dp
Best k=10
Stratifying 6-th numerical feature ...
dp[2][395]=-784.158
dp[3][395]=-1109.6
dp[4][395]=-1298.53
dp[5][395]=-1418.2
dp[2][395]=155.517
dp[6][395]=-1509.48
dp[3][395]=233.275
dp[7][395]=-1573.93
dp[4][395]=311.034
dp[8][395]=-1631.84
dp[5][395]=388.792
dp[9][395]=-1669.22
dp[6][395]=466.55
dp[10][395]=-1680.82
dp[7][395]=544.309
dp[11][395]=-1688.05
dp[8][395]=622.067
dp[12][395]=-1693.48
dp[9][395]=699.825
dp[13][395]=-1682.76
dp[10][395]=777.584
dp[14][395]=-1672
dp[11][395]=855.342
dp[15][395]=-1658.9
dp[12][395]=933.101
dp[16][395]=-1631.29
dp[13][395]=1010.86
dp[17][395]=-1598.5
dp[14][395]=1088.62
dp[18][395]=-1555.88
dp[15][395]=1166.38
dp[19][395]=-1489.85
dp[16][395]=1244.13
Select best dp
dp[17][395]=1321.89
Best k=12
dp[18][395]=1399.65
dp[19][395]=1477.41
Select best dp
Best k=2
dp[2][395]=-784.158
dp[3][395]=-1109.6
dp[4][395]=-1298.53
dp[5][395]=-1418.2
dp[6][395]=-1509.48
dp[7][395]=-1573.93
dp[8][395]=-1631.84
dp[9][395]=-1669.22
dp[10][395]=-1680.82
dp[11][395]=-1688.05
dp[12][395]=-1693.48
dp[13][395]=-1682.76
dp[14][395]=-1672
dp[15][395]=-1658.9
dp[16][395]=-1631.29
dp[17][395]=-1598.5
dp[18][395]=-1555.88
dp[19][395]=-1489.85
Select best dp
Best k=12
Stratifying 5-th numerical feature ...
Stratifying 5-th numerical feature ...
Stratifying 5-th numerical feature ...
dp[2][395]=-796.94
dp[3][395]=-1179.02
dp[4][395]=-1404.69
dp[5][395]=-1548.53
dp[6][395]=-1627.83
dp[7][395]=-1697.97
dp[8][395]=-1745.53
dp[9][395]=-1780.22
dp[10][395]=-1794.61
dp[11][395]=-1802.27
dp[12][395]=-1808.55
dp[13][395]=-1807.47
dp[14][395]=-1804.26
dp[15][395]=-1796.36
dp[16][395]=-1781.61
dp[17][395]=-1760.57
dp[18][395]=-1735.19
dp[19][395]=-1707.16
Select best dp
Best k=12
dp[2][395]=-1405.08
dp[3][395]=-1867.25
dp[4][395]=-2146.83
dp[5][395]=-2320.62
dp[6][395]=-2476.87
dp[7][395]=-2606.7
dp[8][395]=-2684.7
dp[9][395]=-2715.91
dp[10][395]=-2739.65
dp[11][395]=-2763.19
dp[12][395]=-2773.8
dp[13][395]=-2773.35
dp[14][395]=-2771.44
dp[15][395]=-2765.66
dp[16][395]=-2758.78
dp[17][395]=-2750.2
dp[18][395]=-2735.2
dp[19][395]=-2716.96
Select best dp
Best k=12
Stratifying 6-th numerical feature ...
dp[2][395]=-796.94
dp[3][395]=-1179.02
dp[4][395]=-1404.69
dp[5][395]=-1548.53
dp[6][395]=-1627.83
dp[7][395]=-1697.97
dp[8][395]=-1745.53
dp[9][395]=-1780.22
dp[10][395]=-1794.61
dp[11][395]=-1803.52
dp[12][395]=-1809.97
dp[13][395]=-1808.89
dp[14][395]=-1805.68
dp[15][395]=-1797.79
dp[16][395]=-1783.03
dp[17][395]=-1762
dp[18][395]=-1736.62
dp[19][395]=-1708.59
Select best dp
Best k=12
dp[2][395]=-320.712
dp[3][395]=-472.873
dp[4][395]=-546.83
dp[5][395]=-579.867
dp[6][395]=-580.64
dp[7][395]=-576.83
dp[8][395]=-561.731
dp[9][395]=-540.197
dp[10][395]=-508.513
dp[11][395]=-473.465
dp[12][395]=-434.046
dp[13][395]=-393.562
dp[14][395]=-350.099
dp[15][395]=-303.841
dp[16][395]=-253.41
dp[17][395]=-200.365
dp[18][395]=-139.746
dp[19][395]=-77.5108
Select best dp
Best k=6
dp[2][395]=-1749.4
dp[3][395]=-2591.32
dp[4][395]=-3120.42
dp[5][395]=-3485.84
dp[6][395]=-3722.21
dp[7][395]=-3940.24
dp[8][395]=-4113.13
dp[9][395]=-4260.26
dp[10][395]=-4366.8
dp[11][395]=-4459.89
dp[12][395]=-4535.49
dp[13][395]=-4606.82
dp[14][395]=-4666.25
dp[15][395]=-4714.49
dp[16][395]=-4746.04
dp[17][395]=-4767.14
dp[18][395]=-4757.94
dp[19][395]=-4742.27
Select best dp
Best k=17
dp[2][395]=-784.158
dp[3][395]=-1109.6
dp[4][395]=-1298.53
dp[5][395]=-1418.2
dp[6][395]=-1509.48
dp[7][395]=-1573.93
dp[8][395]=-1631.84
dp[9][395]=-1669.22
dp[10][395]=-1680.82
dp[11][395]=-1688.05
dp[12][395]=-1693.48
dp[13][395]=-1682.76
dp[14][395]=-1672
dp[15][395]=-1658.9
dp[16][395]=-1631.29
dp[17][395]=-1598.5
dp[18][395]=-1555.88
dp[19][395]=-1489.85
Select best dp
Best k=12
Stratifying 5-th numerical feature ...
dp[2][395]=-796.94
dp[3][395]=-1179.02
dp[4][395]=-1404.69
dp[5][395]=-1548.53
dp[6][395]=-1627.83
dp[7][395]=-1697.97
dp[8][395]=-1745.53
dp[9][395]=-1780.22
dp[10][395]=-1794.61
dp[11][395]=-1802.27
dp[12][395]=-1801.19
dp[13][395]=-1797.98
dp[14][395]=-1788.81
dp[15][395]=-1774.06
dp[16][395]=-1750.95
dp[17][395]=-1722.62
dp[18][395]=-1679.14
dp[19][395]=-1632.43
Select best dp
Best k=11
dp[2][395]=-828.132
dp[3][395]=-1179.96
dp[4][395]=-1380.73
dp[5][395]=-1517.7
dp[6][395]=-1616.65
dp[7][395]=-1691.51
dp[8][395]=-1755.69
dp[9][395]=-1815.04
dp[10][395]=-1839.39
dp[11][395]=-1849.34
dp[12][395]=-1858.41
dp[13][395]=-1862.49
dp[14][395]=-1856.86
dp[15][395]=-1847.07
dp[16][395]=-1820.19
dp[17][395]=-1793.16
dp[18][395]=-1758.1
dp[19][395]=-1706.99
Select best dp
Best k=13
Stratifying 5-th numerical feature ...
dp[2][395]=-1405.08
dp[3][395]=-1867.25
dp[4][395]=-2146.83
dp[5][395]=-2320.62
dp[6][395]=-2476.87
dp[7][395]=-2606.7
dp[8][395]=-2684.7
dp[9][395]=-2715.91
dp[10][395]=-2739.65
dp[11][395]=-2763.19
dp[12][395]=-2761.27
dp[13][395]=-2758.74
dp[14][395]=-2750.64
dp[15][395]=-2741.43
dp[16][395]=-2716.58
dp[17][395]=-2689.1
dp[18][395]=-2651.98
dp[19][395]=-2604.2
Select best dp
Best k=11
Stratifying 6-th numerical feature ...
dp[2][395]=-796.94
dp[3][395]=-1179.02
dp[4][395]=-1404.69
dp[5][395]=-1548.53
dp[6][395]=-1627.83
dp[7][395]=-1697.97
dp[8][395]=-1745.53
dp[9][395]=-1780.22
dp[10][395]=-1795.25
dp[11][395]=-1809.64
dp[12][395]=-1816.1
dp[13][395]=-1815.02
dp[14][395]=-1811.81
dp[15][395]=-1803.92
dp[16][395]=-1789.16
dp[17][395]=-1768.13
dp[18][395]=-1742.75
dp[19][395]=-1714.72
Select best dp
Best k=12
dp[2][395]=-1010.92
dp[3][395]=-1302.04
dp[4][395]=-1503.41
dp[5][395]=-1631.5
dp[6][395]=-1725.96
dp[7][395]=-1804.91
dp[8][395]=-1871.49
dp[9][395]=-1889.99
dp[10][395]=-1897.67
dp[11][395]=-1894.81
dp[12][395]=-1889.14
dp[13][395]=-1873.5
dp[14][395]=-1855.64
dp[15][395]=-1832.85
dp[16][395]=-1808.2
dp[17][395]=-1777.54
dp[18][395]=-1744.77
dp[19][395]=-1698.89
Select best dp
Best k=10
dp[2][395]=-353.805
dp[3][395]=-406.885
dp[4][395]=-414.089
dp[5][395]=-392.268
dp[6][395]=-344.082
dp[7][395]=-304.774
dp[8][395]=-256.664
dp[9][395]=-197.929
dp[10][395]=-134.483
dp[11][395]=-67.8943
dp[12][395]=3.86724
dp[13][395]=75.3445
dp[14][395]=145.98
dp[15][395]=218.957
dp[16][395]=293.328
dp[17][395]=367.735
dp[18][395]=449.38
dp[19][395]=549.211
Select best dp
Best k=4
Stratifying 6-th numerical feature ...
Stratifying 6-th numerical feature ...
dp[2][395]=-1112.92
dp[3][395]=-1460.62
dp[4][395]=-1738.73
dp[5][395]=-1899.75
dp[6][395]=-2016.13
dp[7][395]=-2128.18
dp[8][395]=-2204.89
dp[9][395]=-2235.86
dp[10][395]=-2263.09
dp[11][395]=-2275.27
dp[12][395]=-2286.75
dp[13][395]=-2280.01
dp[14][395]=-2269.61
dp[15][395]=-2249.97
dp[16][395]=-2223.75
dp[17][395]=-2196.74
dp[18][395]=-2169.41
dp[19][395]=-2122.37
Select best dp
Best k=12
Stratifying 6-th numerical feature ...
dp[2][395]=-796.94
dp[3][395]=-1179.02
dp[4][395]=-1404.69
dp[5][395]=-1548.53
dp[6][395]=-1627.83
dp[7][395]=-1697.97
dp[8][395]=-1745.53
dp[9][395]=-1780.22
dp[10][395]=-1794.61
dp[11][395]=-1802.27
dp[12][395]=-1801.19
dp[13][395]=-1797.98
dp[14][395]=-1788.81
dp[15][395]=-1774.06
dp[16][395]=-1750.95
dp[17][395]=-1722.62
dp[18][395]=-1679.14
dp[19][395]=-1632.43
Select best dp
Best k=11
dp[2][395]=-796.94
dp[3][395]=-1179.02
dp[4][395]=-1404.69
dp[5][395]=-1548.53
dp[6][395]=-1627.83
dp[7][395]=-1697.97
dp[8][395]=-1745.53
dp[9][395]=-1780.22
dp[10][395]=-1794.61
dp[11][395]=-1802.27
dp[12][395]=-1801.19
dp[13][395]=-1797.98
dp[14][395]=-1788.81
dp[15][395]=-1774.06
dp[16][395]=-1750.95
dp[17][395]=-1722.62
dp[18][395]=-1679.14
dp[19][395]=-1632.43
Select best dp
Best k=11
dp[2][395]=155.517
dp[3][395]=233.275
dp[4][395]=311.034
dp[5][395]=388.792
dp[6][395]=466.55
dp[7][395]=544.309
dp[8][395]=622.067
dp[9][395]=699.825
dp[10][395]=777.584
dp[11][395]=855.342
dp[12][395]=933.101
dp[13][395]=1010.86
dp[14][395]=1088.62
dp[15][395]=1166.38
dp[16][395]=1244.13
dp[17][395]=1321.89
dp[18][395]=1399.65
dp[19][395]=1477.41
Select best dp
Best k=2
dp[2][395]=-1124.39
dp[3][395]=-1490.01
dp[4][395]=-1769.31
dp[5][395]=-1926.52
dp[6][395]=-2045.5
dp[7][395]=-2148.24
dp[8][395]=-2225.02
dp[9][395]=-2257.14
dp[10][395]=-2283.44
dp[11][395]=-2293.04
dp[12][395]=-2301.64
dp[13][395]=-2296.21
dp[14][395]=-2285.81
dp[15][395]=-2266.94
dp[16][395]=-2240.84
dp[17][395]=-2214.19
dp[18][395]=-2186.15
dp[19][395]=-2135.28
Select best dp
Best k=12
Stratifying 6-th numerical feature ...
dp[2][395]=-874.364
dp[3][395]=-1303.52
dp[4][395]=-1517.68
dp[5][395]=-1674.08
dp[6][395]=-1768.56
dp[7][395]=-1845.39
dp[8][395]=-1899.16
dp[9][395]=-1937.16
dp[10][395]=-1962.86
dp[11][395]=-1982.77
dp[12][395]=-1995.9
dp[13][395]=-1994.5
dp[14][395]=-1987.97
dp[15][395]=-1977.82
dp[16][395]=-1966.43
dp[17][395]=-1945.42
dp[18][395]=-1911.41
dp[19][395]=-1862.74
Select best dp
Best k=12
dp[2][395]=-796.94
dp[3][395]=-1179.02
dp[4][395]=-1404.69
dp[5][395]=-1548.53
dp[6][395]=-1627.83
dp[7][395]=-1697.97
dp[8][395]=-1745.53
dp[9][395]=-1780.22
dp[10][395]=-1794.61
dp[11][395]=-1802.27
dp[12][395]=-1801.19
dp[13][395]=-1797.98
dp[14][395]=-1788.81
dp[15][395]=-1774.06
dp[16][395]=-1750.95
dp[17][395]=-1722.62
dp[18][395]=-1679.14
dp[19][395]=-1632.43
Select best dp
Best k=11
