Standardize ...
Stratifying 1-th numerical feature ...
Standardize ...
Stratifying 1-th numerical feature ...
Standardize ...
Stratifying 1-th numerical feature ...
Standardize ...
Stratifying 1-th numerical feature ...
Standardize ...
Stratifying 1-th numerical feature ...
Standardize ...
Stratifying 1-th numerical feature ...
Standardize ...
Stratifying 1-th numerical feature ...
Standardize ...
Stratifying 1-th numerical feature ...
Standardize ...
Stratifying 1-th numerical feature ...
Standardize ...
Stratifying 1-th numerical feature ...
Standardize ...
Stratifying 1-th numerical feature ...
Standardize ...
Stratifying 1-th numerical feature ...
Standardize ...
Stratifying 1-th numerical feature ...
Standardize ...
Stratifying 1-th numerical feature ...
dp[2][754]=-613.273
dp[3][754]=-1011.88
dp[4][754]=-1237.92
dp[5][754]=-1424.2
dp[6][754]=-1505.1
dp[7][754]=-1573.89
dp[8][754]=-1622.81
dp[9][754]=-1623.27
dp[10][754]=-1613.17
dp[11][754]=-1597.24
dp[12][754]=-1559.3
dp[13][754]=-1511.56
dp[14][754]=-1454.03
dp[15][754]=-1394.79
dp[16][754]=-1311.84
dp[17][754]=-1224.89
dp[18][754]=-1126.94
Select best dp
Best k=9
dp[2][754]=-613.273
dp[3][754]=-1011.88
dp[4][754]=-1237.92
dp[5][754]=-1424.2
dp[6][754]=-1505.1
dp[7][754]=-1573.89
dp[8][754]=-1622.81
dp[9][754]=-1623.27
dp[10][754]=-1613.17
dp[11][754]=-1597.24
dp[12][754]=-1559.3
dp[13][754]=-1515.91
dp[14][754]=-1463.34
dp[15][754]=-1404.1
dp[16][754]=-1336.79
dp[17][754]=-1265.43
dp[18][754]=-1181.68
dp[19][754]=-1093.75
dp[20][754]=-1004.76
dp[21][754]=-911.625
dp[22][754]=-817.516
dp[23][754]=-722.163
dp[24][754]=-621.446
dp[25][754]=-501.099
dp[26][754]=-371.401
dp[27][754]=-232.445
Select best dp
Best k=9
dp[2][754]=-613.273
dp[3][754]=-1011.88
dp[4][754]=-1237.92
dp[5][754]=-1424.2
dp[6][754]=-1505.1
dp[7][754]=-1573.89
dp[8][754]=-1622.81
dp[9][754]=-1623.27
dp[10][754]=-1613.17
dp[11][754]=-1597.24
dp[12][754]=-1559.3
dp[13][754]=-1515.91
dp[14][754]=-1463.34
dp[15][754]=-1404.1
dp[16][754]=-1336.79
dp[17][754]=-1265.43
dp[18][754]=-1181.68
dp[19][754]=-1093.75
dp[20][754]=-1004.76
dp[21][754]=-911.625
dp[22][754]=-817.516
dp[23][754]=-722.163
dp[24][754]=-621.446
dp[25][754]=-501.099
dp[26][754]=-371.401
dp[27][754]=-232.445
Select best dp
Best k=9
dp[2][754]=318.082
dp[3][754]=477.124
dp[4][754]=636.165
dp[5][754]=795.206
dp[6][754]=954.247
dp[7][754]=1113.29
dp[8][754]=1272.33
dp[9][754]=1431.37
dp[10][754]=1590.41
dp[11][754]=1749.45
dp[12][754]=1908.49
dp[13][754]=2067.54
dp[14][754]=2226.58
dp[15][754]=2385.62
dp[16][754]=2544.66
dp[17][754]=2703.7
dp[18][754]=2862.74
dp[19][754]=3021.78
dp[20][754]=3180.82
dp[21][754]=3339.87
dp[22][754]=3498.91
dp[23][754]=3657.95
dp[24][754]=3816.99
dp[25][754]=3976.03
dp[26][754]=4135.07
dp[27][754]=4294.11
Select best dp
Best k=2
dp[2][754]=-613.273
dp[3][754]=-1011.88
dp[4][754]=-1237.92
dp[5][754]=-1424.2
dp[6][754]=-1505.1
dp[7][754]=-1573.89
dp[8][754]=-1622.81
dp[9][754]=-1623.27
dp[10][754]=-1613.17
dp[11][754]=-1597.24
dp[12][754]=-1559.3
dp[13][754]=-1515.91
dp[14][754]=-1463.34
dp[15][754]=-1404.1
dp[16][754]=-1336.79
dp[17][754]=-1265.43
dp[18][754]=-1181.68
dp[19][754]=-1093.75
dp[20][754]=-1004.76
dp[21][754]=-911.625
dp[22][754]=-817.516
dp[23][754]=-722.163
dp[24][754]=-621.446
dp[25][754]=-501.099
dp[26][754]=-371.401
dp[27][754]=-232.445
Select best dp
Best k=9
dp[2][754]=-1571.14
dp[3][754]=-2540.64
dp[4][754]=-3165.02
dp[5][754]=-3709.87
dp[6][754]=-4043.97
dp[7][754]=-4353.84
dp[8][754]=-4623.98
dp[9][754]=-4797.19
dp[10][754]=-4949.29
dp[11][754]=-5089.72
dp[12][754]=-5186.14
dp[13][754]=-5271.66
dp[14][754]=-5338.8
dp[15][754]=-5392.62
dp[16][754]=-5430.3
dp[17][754]=-5459.87
dp[18][754]=-5464.67
dp[19][754]=-5461.1
dp[20][754]=-5455.41
dp[21][754]=-5441.44
dp[22][754]=-5425.51
dp[23][754]=-5407.1
dp[24][754]=-5377.96
dp[25][754]=-5309.56
dp[26][754]=-5222.46
dp[27][754]=-5116.85
Select best dp
Best k=18
dp[2][754]=-134.342
dp[3][754]=-247.496
dp[4][754]=-274.371
dp[5][754]=-281.362
dp[6][754]=-235.667
dp[7][754]=-183.914
dp[8][754]=-122.227
dp[9][754]=-36.3091
dp[10][754]=54.8867
dp[11][754]=149
dp[12][754]=254.117
dp[13][754]=361.958
dp[14][754]=474.394
dp[15][754]=590.161
dp[16][754]=709.961
dp[17][754]=831.789
dp[18][754]=959.811
dp[19][754]=1089.92
dp[20][754]=1220.57
dp[21][754]=1353.28
dp[22][754]=1486.48
dp[23][754]=1620.31
dp[24][754]=1756.81
dp[25][754]=1903.13
dp[26][754]=2054.13
dp[27][754]=2209.76
Select best dp
Best k=5
dp[2][754]=-613.273
dp[3][754]=-1011.88
dp[4][754]=-1237.92
dp[5][754]=-1424.2
dp[6][754]=-1505.1
dp[7][754]=-1573.89
dp[8][754]=-1622.81
dp[9][754]=-1623.27
dp[10][754]=-1613.17
dp[11][754]=-1597.24
dp[12][754]=-1559.3
dp[13][754]=-1515.91
dp[14][754]=-1463.34
dp[15][754]=-1404.1
dp[16][754]=-1336.79
dp[17][754]=-1265.43
dp[18][754]=-1181.68
dp[19][754]=-1093.75
dp[20][754]=-1004.76
dp[21][754]=-911.625
dp[22][754]=-817.516
dp[23][754]=-722.163
dp[24][754]=-621.446
dp[25][754]=-501.099
dp[26][754]=-371.401
dp[27][754]=-232.445
Select best dp
Best k=9
dp[2][754]=-613.273
dp[3][754]=-1011.88
dp[4][754]=-1237.92
dp[5][754]=-1424.2
dp[6][754]=-1505.1
dp[7][754]=-1573.89
dp[8][754]=-1622.81
dp[9][754]=-1623.27
dp[10][754]=-1613.17
dp[11][754]=-1597.24
dp[12][754]=-1559.3
dp[13][754]=-1515.91
dp[14][754]=-1463.34
dp[15][754]=-1404.1
dp[16][754]=-1336.79
dp[17][754]=-1265.43
dp[18][754]=-1181.68
dp[19][754]=-1093.75
dp[20][754]=-1004.76
dp[21][754]=-911.625
dp[22][754]=-817.516
dp[23][754]=-722.163
dp[24][754]=-621.446
dp[25][754]=-501.099
dp[26][754]=-371.401
dp[27][754]=-232.445
Select best dp
Best k=9
dp[2][754]=-613.273
dp[3][754]=-1011.88
dp[4][754]=-1237.92
dp[5][754]=-1424.2
dp[6][754]=-1505.1
dp[7][754]=-1573.89
dp[8][754]=-1622.81
dp[9][754]=-1623.27
dp[10][754]=-1613.17
dp[11][754]=-1597.24
dp[12][754]=-1559.3
dp[13][754]=-1515.91
dp[14][754]=-1463.34
dp[15][754]=-1404.1
dp[16][754]=-1336.79
dp[17][754]=-1265.43
dp[18][754]=-1181.68
dp[19][754]=-1093.75
dp[20][754]=-1004.76
dp[21][754]=-911.625
dp[22][754]=-817.516
dp[23][754]=-722.163
dp[24][754]=-621.446
dp[25][754]=-501.099
dp[26][754]=-371.401
dp[27][754]=-232.445
Select best dp
Best k=9
dp[2][754]=-613.273
dp[3][754]=-1011.88
dp[4][754]=-1237.92
dp[5][754]=-1424.2
dp[6][754]=-1505.1
dp[7][754]=-1573.89
dp[8][754]=-1622.81
dp[9][754]=-1623.27
dp[10][754]=-1613.17
dp[11][754]=-1597.24
dp[12][754]=-1559.3
dp[13][754]=-1515.91
dp[14][754]=-1463.34
dp[15][754]=-1404.1
dp[16][754]=-1336.85
dp[17][754]=-1265.49
dp[18][754]=-1183.77
dp[19][754]=-1095.84
dp[20][754]=-1006.79
dp[21][754]=-916.314
dp[22][754]=-823.3
dp[23][754]=-729.191
dp[24][754]=-629.967
dp[25][754]=-523.783
dp[26][754]=-413.344
dp[27][754]=-302.35
Select best dp
Best k=9
dp[2][754]=-613.273
dp[3][754]=-1011.88
dp[4][754]=-1237.92
dp[5][754]=-1424.2
dp[6][754]=-1505.1
dp[7][754]=-1573.89
dp[8][754]=-1622.81
dp[9][754]=-1623.27
dp[10][754]=-1613.17
dp[11][754]=-1597.24
dp[12][754]=-1559.3
dp[13][754]=-1515.91
dp[14][754]=-1463.34
dp[15][754]=-1404.1
dp[16][754]=-1336.85
dp[17][754]=-1265.49
dp[18][754]=-1183.77
dp[19][754]=-1095.84
dp[20][754]=-1006.79
dp[21][754]=-916.314
dp[22][754]=-823.3
dp[23][754]=-729.191
dp[24][754]=-629.967
dp[25][754]=-523.783
dp[26][754]=-413.344
dp[27][754]=-302.35
Select best dp
Best k=9
dp[2][754]=-613.273
dp[3][754]=-1011.88
dp[4][754]=-1237.92
dp[5][754]=-1424.2
dp[6][754]=-1505.1
dp[7][754]=-1573.89
dp[8][754]=-1622.81
dp[9][754]=-1623.27
dp[10][754]=-1613.17
dp[11][754]=-1597.24
dp[12][754]=-1559.3
dp[13][754]=-1515.91
dp[14][754]=-1463.34
dp[15][754]=-1404.1
dp[16][754]=-1336.85
dp[17][754]=-1265.49
dp[18][754]=-1183.77
dp[19][754]=-1095.84
dp[20][754]=-1006.79
dp[21][754]=-916.314
dp[22][754]=-823.3
dp[23][754]=-729.191
dp[24][754]=-629.967
dp[25][754]=-523.783
dp[26][754]=-413.344
dp[27][754]=-301.874
Select best dp
Best k=9
dp[2][754]=-28.4159
dp[3][754]=-439.079
dp[4][754]=-668.607
dp[5][754]=-857.442
dp[6][754]=-937.728
dp[7][754]=-1007.29
dp[8][754]=-1057.21
dp[9][754]=-1061.21
dp[10][754]=-1052.4
dp[11][754]=-1038.5
dp[12][754]=-1001.69
dp[13][754]=-958.837
dp[14][754]=-908.858
dp[15][754]=-850.677
dp[16][754]=-783.852
dp[17][754]=-714.105
dp[18][754]=-630.569
dp[19][754]=-543.99
dp[20][754]=-456.735
dp[21][754]=-364.845
dp[22][754]=-272.261
dp[23][754]=-177.235
dp[24][754]=-77.3578
dp[25][754]=44.0969
dp[26][754]=170.372
dp[27][754]=307.21
Select best dp
Best k=9
