Standardize ...
Stratifying 1-th numerical feature ...
Standardize ...
Stratifying 1-th numerical feature ...
Standardize ...
Stratifying 1-th numerical feature ...
Standardize ...
Stratifying 1-th numerical feature ...
Standardize ...
Stratifying 1-th numerical feature ...
Standardize ...
Stratifying 1-th numerical feature ...
Standardize ...
Stratifying 1-th numerical feature ...
Standardize ...
Stratifying 1-th numerical feature ...
Standardize ...
Stratifying 1-th numerical feature ...
Standardize ...
Stratifying 1-th numerical feature ...
Standardize ...
Stratifying 1-th numerical feature ...
Standardize ...
Stratifying 1-th numerical feature ...
Standardize ...
Stratifying 1-th numerical feature ...
Standardize ...
Stratifying 1-th numerical feature ...
dp[2][268]=-91.3173
dp[3][268]=-3.1e+11
dp[4][268]=-3.1e+11
dp[5][268]=-5.7e+11
dp[6][268]=-5.7e+11
dp[7][268]=-8.1e+11
dp[8][268]=-8.1e+11
dp[9][268]=-9.9e+11
dp[10][268]=-9.9e+11
dp[11][268]=-1.15e+12
dp[12][268]=-1.15e+12
dp[13][268]=-1.26e+12
dp[14][268]=-1.26e+12
dp[15][268]=-1.15e+12
dp[16][268]=-9e+11
Select best dp
Best k=13
Stratifying 2-th numerical feature ...
dp[2][268]=-91.3173
dp[3][268]=-3.1e+11
dp[4][268]=-3.1e+11
dp[5][268]=-5.7e+11
dp[6][268]=-5.7e+11
dp[7][268]=-8.1e+11
dp[8][268]=-8.1e+11
dp[9][268]=-9.9e+11
dp[10][268]=-9.9e+11
dp[11][268]=-1.15e+12
dp[12][268]=-1.15e+12
dp[13][268]=-1.26e+12
dp[14][268]=-1.26e+12
dp[15][268]=-1.15e+12
dp[16][268]=-9e+11
Select best dp
Best k=13
Stratifying 2-th numerical feature ...
dp[2][268]=-395.234
dp[3][268]=-6.2e+11
dp[4][268]=-6.2e+11
dp[5][268]=-1.14e+12
dp[6][268]=-1.14e+12
dp[7][268]=-1.62e+12
dp[8][268]=-1.62e+12
dp[9][268]=-1.98e+12
dp[10][268]=-1.98e+12
dp[11][268]=-2.3e+12
dp[12][268]=-2.3e+12
dp[13][268]=-2.52e+12
dp[14][268]=-2.52e+12
dp[15][268]=-2.3e+12
dp[16][268]=-1.8e+12
Select best dp
Best k=14
Stratifying 2-th numerical feature ...
dp[2][268]=-91.3173
dp[3][268]=-3.1e+11
dp[4][268]=-3.1e+11
dp[5][268]=-5.7e+11
dp[6][268]=-5.7e+11
dp[7][268]=-8.1e+11
dp[8][268]=-8.1e+11
dp[9][268]=-9.9e+11
dp[10][268]=-9.9e+11
dp[11][268]=-1.15e+12
dp[12][268]=-1.15e+12
dp[13][268]=-1.26e+12
dp[14][268]=-1.26e+12
dp[15][268]=-1.15e+12
dp[16][268]=-9e+11
Select best dp
Best k=13
Stratifying 2-th numerical feature ...
dp[2][268]=-91.3173
dp[3][268]=-3.1e+11
dp[4][268]=-3.1e+11
dp[5][268]=-5.7e+11
dp[6][268]=-5.7e+11
dp[7][268]=-7.8e+11
dp[8][268]=-7.8e+11
dp[9][268]=-7.8e+11
dp[10][268]=-7.8e+11
Select best dp
Best k=8
Stratifying 2-th numerical feature ...
dp[2][268]=-7e+10
dp[3][268]=-3.1e+11
dp[4][268]=-3.8e+11
dp[5][268]=-5.7e+11
dp[6][268]=-6.4e+11
dp[7][268]=-8.1e+11
dp[8][268]=-8.8e+11
dp[9][268]=-1.03e+12
dp[10][268]=-1.1e+12
dp[11][268]=-1.21e+12
dp[12][268]=-1.28e+12
dp[13][268]=-1.37e+12
dp[14][268]=-1.44e+12
dp[15][268]=-1.5e+12
dp[16][268]=-1.51e+12
Select best dp
Best k=16
Stratifying 2-th numerical feature ...
dp[2][268]=212.599
dp[3][268]=318.899
dp[4][268]=425.198
dp[5][268]=531.498
dp[6][268]=637.797
dp[7][268]=744.097
dp[8][268]=850.396
dp[9][268]=956.696
dp[10][268]=1063
dp[11][268]=1169.29
dp[12][268]=1275.59
dp[13][268]=1381.89
dp[14][268]=1488.19
dp[15][268]=1594.49
dp[16][268]=1700.79
Select best dp
Best k=2
Stratifying 2-th numerical feature ...
dp[2][268]=-91.3173
dp[3][268]=-3.1e+11
dp[4][268]=-3.1e+11
dp[5][268]=-5.7e+11
dp[6][268]=-5.7e+11
dp[7][268]=-8.1e+11
dp[8][268]=-8.1e+11
dp[9][268]=-9.9e+11
dp[10][268]=-9.9e+11
dp[11][268]=-1.15e+12
dp[12][268]=-1.15e+12
dp[13][268]=-1.26e+12
dp[14][268]=-1.26e+12
dp[15][268]=-1.15e+12
dp[16][268]=-9e+11
Select best dp
Best k=13
dp[2][268]=-91.3173
dp[2][268]=-91.3173
dp[3][268]=-3.1e+11
Stratifying 2-th numerical feature ...
dp[3][268]=-3.1e+11
dp[4][268]=-3.1e+11
dp[4][268]=-3.1e+11
dp[5][268]=-5.7e+11
dp[5][268]=-5.7e+11
dp[6][268]=-5.7e+11
dp[6][268]=-5.7e+11
dp[7][268]=-8.1e+11
dp[7][268]=-8.1e+11
dp[8][268]=-8.1e+11
dp[8][268]=-8.1e+11
dp[9][268]=-9.9e+11
dp[9][268]=-9.9e+11
dp[10][268]=-9.9e+11
dp[10][268]=-9.9e+11
dp[11][268]=-1.15e+12
dp[11][268]=-1.15e+12
dp[12][268]=-1.15e+12
dp[12][268]=-1.15e+12
dp[13][268]=-1.26e+12
dp[13][268]=-1.26e+12
dp[14][268]=-1.26e+12
dp[14][268]=-1.26e+12
dp[15][268]=-1.15e+12
dp[15][268]=-1.15e+12
dp[16][268]=-9e+11
dp[16][268]=-9e+11
Select best dp
Select best dp
Best k=13
Best k=13
dp[2][268]=60.6408
dp[3][268]=-1.55e+11
dp[4][268]=-1.55e+11
dp[5][268]=-2.85e+11
dp[6][268]=-2.85e+11
dp[7][268]=-4.05e+11
dp[8][268]=-4.05e+11
dp[9][268]=-4.95e+11
dp[10][268]=-4.95e+11
dp[11][268]=-5.75e+11
dp[12][268]=-5.75e+11
dp[13][268]=-6.3e+11
dp[14][268]=-6.3e+11
dp[15][268]=-5.75e+11
dp[16][268]=-4.5e+11
Select best dp
Best k=13
Stratifying 2-th numerical feature ...
Stratifying 2-th numerical feature ...
dp[2][268]=-511.09
dp[3][268]=-4.2e+11
dp[4][268]=-4.2e+11
dp[5][268]=-4.2e+11
dp[6][268]=-4.2e+11
dp[7][268]=-4.2e+11
dp[8][268]=-4.2e+11
dp[9][268]=-4.2e+11
dp[10][268]=-4.2e+11
dp[11][268]=-4.2e+11
dp[12][268]=-4.2e+11
dp[13][268]=-4.2e+11
dp[14][268]=-4.2e+11
dp[15][268]=-4.2e+11
dp[16][268]=-3.8e+11
Select best dp
Best k=6
Stratifying 2-th numerical feature ...
Stratifying 3-th numerical feature ...
dp[2][268]=-511.09
dp[3][268]=-4.2e+11
dp[4][268]=-4.2e+11
dp[5][268]=-4.2e+11
dp[6][268]=-4.2e+11
dp[7][268]=-4.2e+11
dp[8][268]=-4.2e+11
dp[9][268]=-4.2e+11
dp[10][268]=-4.2e+11
dp[11][268]=-4.2e+11
dp[12][268]=-4.2e+11
dp[13][268]=-4.2e+11
dp[14][268]=-4.2e+11
dp[15][268]=-4.2e+11
dp[16][268]=-3.8e+11
Select best dp
Best k=6
Stratifying 3-th numerical feature ...
dp[2][268]=-56.7785
dp[3][268]=-3.1e+11
dp[4][268]=-3.1e+11
dp[5][268]=-5.7e+11
dp[6][268]=-5.7e+11
dp[7][268]=-8.1e+11
dp[8][268]=-8.1e+11
dp[9][268]=-9.9e+11
dp[10][268]=-9.9e+11
dp[11][268]=-1.15e+12
dp[12][268]=-1.15e+12
dp[13][268]=-1.26e+12
dp[14][268]=-1.26e+12
dp[15][268]=-1.15e+12
dp[16][268]=-9e+11
Select best dp
Best k=13
Stratifying 2-th numerical feature ...
dp[2][268]=-1234.78
dp[3][268]=-8.4e+11
dp[4][268]=-8.4e+11
dp[5][268]=-8.4e+11
dp[6][268]=-8.4e+11
dp[7][268]=-8.4e+11
dp[8][268]=-8.4e+11
dp[9][268]=-8.4e+11
dp[10][268]=-8.4e+11
dp[11][268]=-8.4e+11
dp[12][268]=-8.4e+11
dp[13][268]=-8.4e+11
dp[14][268]=-8.4e+11
dp[15][268]=-8.4e+11
dp[16][268]=-7.6e+11
Select best dp
Best k=9
Stratifying 3-th numerical feature ...
dp[2][268]=-511.09
dp[3][268]=-4.2e+11
dp[4][268]=-4.2e+11
dp[5][268]=-4.2e+11
dp[6][268]=-4.2e+11
dp[7][268]=-4.2e+11
dp[8][268]=-4.2e+11
dp[9][268]=-4.2e+11
dp[10][268]=-4.2e+11
dp[11][268]=-4.2e+11
dp[12][268]=-4.2e+11
dp[13][268]=-4.2e+11
dp[14][268]=-4.2e+11
dp[15][268]=-4.2e+11
dp[16][268]=-3.8e+11
Select best dp
Best k=6
Stratifying 3-th numerical feature ...
dp[2][268]=-91.3173
dp[3][268]=-3.1e+11
dp[4][268]=-3.1e+11
dp[5][268]=-5.7e+11
dp[6][268]=-5.7e+11
dp[7][268]=-8.1e+11
dp[8][268]=-8.1e+11
dp[9][268]=-1.03e+12
dp[10][268]=-1.03e+12
dp[11][268]=-1.21e+12
dp[12][268]=-1.21e+12
dp[13][268]=-1.37e+12
dp[14][268]=-1.37e+12
dp[15][268]=-1.37e+12
dp[16][268]=-1.37e+12
Select best dp
Best k=13
Stratifying 2-th numerical feature ...
dp[2][268]=-77.0409
dp[3][268]=-4.4e+11
dp[4][268]=-7.7e+11
dp[5][268]=-1.1e+12
dp[6][268]=-1.43e+12
dp[7][268]=-1.76e+12
dp[8][268]=-1.93e+12
dp[9][268]=-2.11e+12
dp[10][268]=-2.11e+12
dp[11][268]=-2.11e+12
dp[12][268]=-2.11e+12
dp[13][268]=-2.11e+12
dp[14][268]=-2.11e+12
dp[15][268]=-2.11e+12
dp[16][268]=-1.7e+12
Select best dp
Best k=9
Stratifying 4-th numerical feature ...
dp[2][268]=-91.3173
dp[3][268]=-3.1e+11
dp[4][268]=-3.1e+11
dp[5][268]=-5.7e+11
dp[6][268]=-5.7e+11
dp[7][268]=-8.1e+11
dp[8][268]=-8.1e+11
dp[9][268]=-1.03e+12
dp[10][268]=-1.03e+12
dp[11][268]=-1.21e+12
dp[12][268]=-1.21e+12
dp[13][268]=-1.37e+12
dp[14][268]=-1.37e+12
dp[15][268]=-1.4e+12
dp[16][268]=-1.4e+12
Select best dp
Best k=15
Stratifying 2-th numerical feature ...
dp[2][268]=-77.0409
dp[3][268]=-4.4e+11
dp[4][268]=-7.7e+11
dp[5][268]=-1.1e+12
dp[6][268]=-1.43e+12
dp[7][268]=-1.76e+12
dp[8][268]=-1.93e+12
dp[9][268]=-2.11e+12
dp[10][268]=-2.11e+12
dp[11][268]=-2.11e+12
dp[12][268]=-2.11e+12
dp[13][268]=-2.11e+12
dp[14][268]=-2.11e+12
dp[15][268]=-2.11e+12
dp[16][268]=-1.7e+12
Select best dp
Best k=9
Stratifying 4-th numerical feature ...
dp[2][268]=-366.681
dp[3][268]=-8.8e+11
dp[4][268]=-1.54e+12
dp[5][268]=-2.2e+12
dp[6][268]=-2.86e+12
dp[7][268]=-3.52e+12
dp[8][268]=-3.86e+12
dp[9][268]=-4.22e+12
dp[10][268]=-4.22e+12
dp[11][268]=-4.22e+12
dp[12][268]=-4.22e+12
dp[13][268]=-4.22e+12
dp[14][268]=-4.22e+12
dp[15][268]=-4.22e+12
dp[16][268]=-3.4e+12
Select best dp
Best k=9
Stratifying 4-th numerical feature ...
dp[2][268]=-511.09
dp[3][268]=-4.2e+11
dp[4][268]=-4.2e+11
dp[5][268]=-4.2e+11
dp[6][268]=-4.2e+11
dp[7][268]=-4.2e+11
dp[8][268]=-4.2e+11
dp[9][268]=-4.2e+11
dp[10][268]=-4.1e+11
Select best dp
Best k=6
Stratifying 3-th numerical feature ...
dp[2][268]=-511.09
dp[3][268]=-4.2e+11
dp[4][268]=-4.2e+11
dp[5][268]=-4.2e+11
dp[6][268]=-4.2e+11
dp[7][268]=-4.2e+11
dp[8][268]=-4.2e+11
dp[9][268]=-4.2e+11
dp[10][268]=-4.2e+11
dp[11][268]=-4.2e+11
dp[12][268]=-4.2e+11
dp[13][268]=-4.2e+11
dp[14][268]=-4.2e+11
dp[15][268]=-4.2e+11
dp[16][268]=-4.2e+11
Select best dp
Best k=6
Stratifying 3-th numerical feature ...
dp[2][268]=-77.0409
dp[3][268]=-4.4e+11
dp[4][268]=-7.7e+11
dp[5][268]=-1.1e+12
dp[6][268]=-1.43e+12
dp[7][268]=-1.76e+12
dp[8][268]=-1.93e+12
dp[9][268]=-2.11e+12
dp[10][268]=-2.11e+12
dp[11][268]=-2.11e+12
dp[12][268]=-2.11e+12
dp[13][268]=-2.11e+12
dp[14][268]=-2.11e+12
dp[15][268]=-2.11e+12
dp[16][268]=-1.7e+12
Select best dp
Best k=9
Stratifying 4-th numerical feature ...
dp[2][268]=212.599
dp[3][268]=318.899
dp[4][268]=425.198
dp[5][268]=531.498
dp[6][268]=637.797
dp[7][268]=744.097
dp[8][268]=850.396
dp[9][268]=956.696
dp[10][268]=1063
dp[11][268]=1169.29
dp[12][268]=1275.59
dp[13][268]=1381.89
dp[14][268]=1488.19
dp[15][268]=1594.49
dp[16][268]=1700.79
Select best dp
Best k=2
Stratifying 3-th numerical feature ...
dp[2][268]=-511.09
dp[3][268]=-4.2e+11
dp[4][268]=-4.2e+11
dp[5][268]=-4.2e+11
dp[6][268]=-4.2e+11
dp[7][268]=-4.2e+11
dp[8][268]=-4.2e+11
dp[9][268]=-4.2e+11
dp[10][268]=-4.2e+11
dp[11][268]=-4.2e+11
dp[12][268]=-4.2e+11
dp[13][268]=-4.2e+11
dp[14][268]=-4.2e+11
dp[15][268]=-4.2e+11
dp[16][268]=-3.8e+11
Select best dp
Best k=6
Stratifying 3-th numerical feature ...
dp[2][268]=-511.09
dp[3][268]=-4.2e+11
dp[4][268]=-4.2e+11
dp[5][268]=-4.2e+11
dp[6][268]=-4.2e+11
dp[7][268]=-4.2e+11
dp[8][268]=-4.2e+11
dp[9][268]=-4.2e+11
dp[10][268]=-4.2e+11
dp[11][268]=-4.2e+11
dp[12][268]=-4.2e+11
dp[13][268]=-4.2e+11
dp[14][268]=-4.2e+11
dp[15][268]=-4.2e+11
dp[16][268]=-3.8e+11
Select best dp
Best k=6
dp[2][268]=-15.0014
dp[3][268]=-2.1e+11
dp[4][268]=-2.1e+11
dp[5][268]=-2.1e+11
dp[6][268]=-2.1e+11
dp[7][268]=-2.1e+11
dp[8][268]=-2.1e+11
dp[9][268]=-2.1e+11
dp[10][268]=-2.1e+11
dp[11][268]=-2.1e+11
dp[12][268]=-2.1e+11
dp[13][268]=-2.1e+11
dp[14][268]=-2.1e+11
dp[15][268]=-2.1e+11
dp[16][268]=-2.1e+11
Select best dp
Best k=6
Stratifying 3-th numerical feature ...
Stratifying 5-th numerical feature ...
dp[2][268]=-149.246
dp[3][268]=-2.1e+11
dp[4][268]=-2.1e+11
dp[5][268]=-2.1e+11
dp[6][268]=-2.1e+11
dp[7][268]=-2.1e+11
dp[8][268]=-2.1e+11
dp[9][268]=-2.1e+11
dp[10][268]=-2.1e+11
dp[11][268]=-2.1e+11
dp[12][268]=-2.1e+11
dp[13][268]=-2.1e+11
dp[14][268]=-2.1e+11
dp[15][268]=-2.1e+11
dp[16][268]=-1.9e+11
Select best dp
Best k=4
dp[2][268]=-15.0014
dp[3][268]=-2.1e+11
dp[4][268]=-2.1e+11
dp[5][268]=-2.1e+11
dp[6][268]=-2.1e+11
dp[7][268]=-2.1e+11
dp[8][268]=-2.1e+11
dp[9][268]=-2.1e+11
dp[10][268]=-2.1e+11
dp[11][268]=-2.1e+11
dp[12][268]=-2.1e+11
dp[13][268]=-2.1e+11
dp[14][268]=-2.1e+11
dp[15][268]=-2.1e+11
dp[16][268]=-2.1e+11
Select best dp
Best k=6
Stratifying 3-th numerical feature ...
Stratifying 5-th numerical feature ...
dp[2][268]=-511.09
dp[3][268]=-4.2e+11
dp[4][268]=-4.2e+11
dp[5][268]=-4.2e+11
dp[6][268]=-4.2e+11
dp[7][268]=-4.2e+11
dp[8][268]=-4.2e+11
dp[9][268]=-4.2e+11
dp[10][268]=-4.2e+11
dp[11][268]=-4.2e+11
dp[12][268]=-4.2e+11
dp[13][268]=-4.2e+11
dp[14][268]=-4.2e+11
dp[15][268]=-4.2e+11
dp[16][268]=-3.8e+11
Select best dp
Best k=6
Stratifying 3-th numerical feature ...
dp[2][268]=-242.602
dp[3][268]=-4.2e+11
dp[4][268]=-4.2e+11
dp[5][268]=-4.2e+11
dp[6][268]=-4.2e+11
dp[7][268]=-4.2e+11
dp[8][268]=-4.2e+11
dp[9][268]=-4.2e+11
dp[10][268]=-4.2e+11
dp[11][268]=-4.2e+11
dp[12][268]=-4.2e+11
dp[13][268]=-4.2e+11
dp[14][268]=-4.2e+11
dp[15][268]=-4.2e+11
dp[16][268]=-4.2e+11
Select best dp
Best k=11
Stratifying 5-th numerical feature ...
dp[2][268]=-15.0014
dp[3][268]=-2.1e+11
dp[4][268]=-2.1e+11
dp[5][268]=-2.1e+11
dp[6][268]=-2.1e+11
dp[7][268]=-2.1e+11
dp[8][268]=-2.1e+11
dp[9][268]=-2.1e+11
dp[10][268]=-2.1e+11
dp[11][268]=-2.1e+11
dp[12][268]=-2.1e+11
dp[13][268]=-2.1e+11
dp[14][268]=-2.1e+11
dp[15][268]=-2.1e+11
dp[16][268]=-2.1e+11
Select best dp
Best k=6
dp[2][268]=-454.513
dp[3][268]=-4.2e+11
dp[4][268]=-4.2e+11
dp[5][268]=-4.2e+11
dp[6][268]=-4.2e+11
dp[7][268]=-4.2e+11
dp[8][268]=-4.2e+11
dp[9][268]=-4.2e+11
dp[10][268]=-4.2e+11
dp[11][268]=-4.2e+11
dp[12][268]=-4.2e+11
dp[13][268]=-4.2e+11
dp[14][268]=-4.2e+11
dp[15][268]=-4.2e+11
dp[16][268]=-3.8e+11
Select best dp
Best k=7
Stratifying 5-th numerical feature ...
Stratifying 3-th numerical feature ...
dp[2][268]=-77.0409
dp[3][268]=-4.4e+11
dp[4][268]=-7.7e+11
dp[5][268]=-1.1e+12
dp[6][268]=-1.43e+12
dp[7][268]=-1.76e+12
dp[8][268]=-1.94e+12
dp[9][268]=-2.11e+12
dp[10][268]=-2.29e+12
dp[11][268]=-2.38e+12
dp[12][268]=-2.54e+12
dp[13][268]=-2.54e+12
dp[14][268]=-2.54e+12
dp[15][268]=-2.54e+12
dp[16][268]=-2.54e+12
Select best dp
Best k=12
Stratifying 4-th numerical feature ...
dp[2][268]=-77.0409
dp[3][268]=-4.4e+11
dp[4][268]=-7.7e+11
dp[5][268]=-1.1e+12
dp[6][268]=-1.42e+12
dp[7][268]=-1.75e+12
dp[8][268]=-1.75e+12
dp[9][268]=-1.73e+12
dp[10][268]=-1.49e+12
Select best dp
Best k=8
Stratifying 4-th numerical feature ...
dp[2][268]=-431.043
dp[3][268]=-4.6e+11
dp[4][268]=-7.6e+11
dp[5][268]=-1.05e+12
dp[6][268]=-1.28e+12
dp[7][268]=-1.28e+12
dp[8][268]=-1.46e+12
dp[9][268]=-1.59e+12
dp[10][268]=-1.59e+12
dp[11][268]=-1.59e+12
dp[12][268]=-1.59e+12
dp[13][268]=-1.59e+12
dp[14][268]=-1.43e+12
dp[15][268]=-1.27e+12
dp[16][268]=-1.01e+12
Select best dp
Best k=10
Stratifying 6-th numerical feature ...
dp[2][268]=-431.043
dp[3][268]=-4.6e+11
dp[4][268]=-7.6e+11
dp[5][268]=-1.05e+12
dp[6][268]=-1.28e+12
dp[7][268]=-1.28e+12
dp[8][268]=-1.46e+12
dp[9][268]=-1.59e+12
dp[10][268]=-1.59e+12
dp[11][268]=-1.59e+12
dp[12][268]=-1.59e+12
dp[13][268]=-1.59e+12
dp[14][268]=-1.43e+12
dp[15][268]=-1.27e+12
dp[16][268]=-1.01e+12
Select best dp
Best k=10
Stratifying 6-th numerical feature ...
dp[2][268]=-511.09
dp[2][268]=-1074.68
dp[3][268]=-9.2e+11
dp[3][268]=-4.2e+11
dp[4][268]=-1.52e+12
dp[5][268]=-2.1e+12
dp[4][268]=-4.2e+11
dp[6][268]=-2.56e+12
dp[7][268]=-2.56e+12
dp[5][268]=-4.2e+11
dp[8][268]=-2.92e+12
dp[9][268]=-3.18e+12
dp[6][268]=-4.2e+11
dp[10][268]=-3.18e+12
dp[11][268]=-3.18e+12
dp[7][268]=-4.2e+11
dp[12][268]=-3.18e+12
dp[13][268]=-3.18e+12
dp[8][268]=-4.2e+11
dp[14][268]=-2.86e+12
dp[9][268]=-4.2e+11
dp[15][268]=-2.54e+12
dp[10][268]=-4.2e+11
dp[16][268]=-2.02e+12
Select best dp
dp[11][268]=-4.2e+11
Best k=12
dp[12][268]=-4.2e+11
dp[13][268]=-4.2e+11
dp[14][268]=-4.2e+11
dp[15][268]=-4.2e+11
dp[16][268]=-4.2e+11
Select best dp
Best k=6
Stratifying 6-th numerical feature ...
Stratifying 3-th numerical feature ...
dp[2][268]=-431.043
dp[3][268]=-4.6e+11
dp[4][268]=-7.6e+11
dp[5][268]=-1.05e+12
dp[6][268]=-1.28e+12
dp[7][268]=-1.28e+12
dp[8][268]=-1.46e+12
dp[9][268]=-1.59e+12
dp[10][268]=-1.59e+12
dp[11][268]=-1.59e+12
dp[12][268]=-1.59e+12
dp[13][268]=-1.59e+12
dp[14][268]=-1.43e+12
dp[15][268]=-1.27e+12
dp[16][268]=-1.01e+12
Select best dp
Best k=10
Stratifying 6-th numerical feature ...
dp[2][268]=212.599
dp[3][268]=318.899
dp[4][268]=425.198
dp[5][268]=531.498
dp[6][268]=637.797
dp[7][268]=744.097
dp[8][268]=850.396
dp[9][268]=956.696
dp[10][268]=1063
dp[11][268]=1169.29
dp[12][268]=1275.59
dp[13][268]=1381.89
dp[14][268]=1488.19
dp[15][268]=1594.49
dp[16][268]=1700.79
Select best dp
Best k=2
Stratifying 4-th numerical feature ...
dp[2][268]=-77.0409
dp[3][268]=-4.4e+11
dp[4][268]=-7.7e+11
dp[5][268]=-1.1e+12
dp[6][268]=-1.43e+12
dp[7][268]=-1.76e+12
dp[8][268]=-1.93e+12
dp[9][268]=-2.11e+12
dp[10][268]=-2.11e+12
dp[2][268]=67.7791
dp[11][268]=-2.11e+12
dp[12][268]=-2.11e+12
dp[2][268]=-77.0409
dp[3][268]=-2.2e+11
dp[13][268]=-2.11e+12
dp[3][268]=-4.4e+11
dp[4][268]=-3.85e+11
dp[14][268]=-2.11e+12
dp[4][268]=-7.7e+11
dp[15][268]=-2.11e+12
dp[5][268]=-5.5e+11
dp[5][268]=-1.1e+12
dp[16][268]=-1.7e+12
dp[6][268]=-7.15e+11
dp[6][268]=-1.43e+12
Select best dp
dp[7][268]=-8.8e+11
Best k=9
dp[7][268]=-1.76e+12
dp[8][268]=-9.65e+11
dp[8][268]=-1.93e+12
dp[9][268]=-1.055e+12
dp[9][268]=-2.11e+12
dp[10][268]=-1.055e+12
dp[10][268]=-2.11e+12
dp[11][268]=-1.055e+12
dp[11][268]=-2.11e+12
dp[12][268]=-1.055e+12
dp[12][268]=-2.11e+12
dp[13][268]=-1.055e+12
dp[13][268]=-2.11e+12
dp[14][268]=-1.055e+12
dp[14][268]=-2.11e+12
dp[15][268]=-1.055e+12
dp[15][268]=-2.11e+12
dp[16][268]=-8.5e+11
dp[16][268]=-1.7e+12
Select best dp
Select best dp
Best k=9
Best k=9
Stratifying 4-th numerical feature ...
Stratifying 4-th numerical feature ...
Stratifying 4-th numerical feature ...
dp[2][268]=-22.9787
dp[3][268]=-3.6e+11
dp[4][268]=-7e+11
dp[5][268]=-9.3e+11
dp[6][268]=-1.12e+12
dp[7][268]=-1.47e+12
dp[8][268]=-1.47e+12
dp[9][268]=-1.72e+12
dp[10][268]=-1.72e+12
dp[11][268]=-1.72e+12
dp[12][268]=-1.72e+12
dp[13][268]=-1.72e+12
dp[14][268]=-1.72e+12
dp[15][268]=-1.69e+12
dp[16][268]=-1.25e+12
Select best dp
Best k=9
Stratifying 7-th numerical feature ...
dp[2][268]=-22.9787
dp[3][268]=-3.6e+11
dp[4][268]=-7e+11
dp[5][268]=-9.3e+11
dp[6][268]=-1.12e+12
dp[7][268]=-1.47e+12
dp[8][268]=-1.47e+12
dp[9][268]=-1.72e+12
dp[10][268]=-1.72e+12
dp[11][268]=-1.72e+12
dp[12][268]=-1.72e+12
dp[13][268]=-1.72e+12
dp[14][268]=-1.72e+12
dp[15][268]=-1.69e+12
dp[16][268]=-1.25e+12
Select best dp
Best k=9
Stratifying 7-th numerical feature ...
dp[2][268]=-511.09
dp[3][268]=-4.2e+11
dp[4][268]=-4.2e+11
dp[5][268]=-4.2e+11
dp[2][268]=-77.0409
dp[6][268]=-4.2e+11
dp[3][268]=-4.4e+11
dp[7][268]=-4.2e+11
dp[4][268]=-7.7e+11
dp[8][268]=-4.2e+11
dp[5][268]=-1.1e+12
dp[9][268]=-4.2e+11
dp[6][268]=-1.43e+12
dp[10][268]=-4.2e+11
dp[7][268]=-1.76e+12
dp[11][268]=-4.2e+11
dp[8][268]=-1.93e+12
dp[12][268]=-4.2e+11
dp[9][268]=-2.11e+12
dp[13][268]=-4.2e+11
dp[10][268]=-2.11e+12
dp[14][268]=-4.2e+11
dp[11][268]=-2.11e+12
dp[15][268]=-4.2e+11
dp[12][268]=-2.11e+12
dp[16][268]=-4.2e+11
dp[13][268]=-2.11e+12
Select best dp
dp[14][268]=-2.11e+12
Best k=6
dp[15][268]=-2.11e+12
dp[16][268]=-1.7e+12
Select best dp
Best k=9
Stratifying 4-th numerical feature ...
Stratifying 3-th numerical feature ...
dp[2][268]=-258.557
dp[3][268]=-7.2e+11
dp[4][268]=-1.4e+12
dp[5][268]=-1.86e+12
dp[6][268]=-2.24e+12
dp[7][268]=-2.94e+12
dp[8][268]=-2.94e+12
dp[9][268]=-3.44e+12
dp[10][268]=-3.44e+12
dp[11][268]=-3.44e+12
dp[12][268]=-3.44e+12
dp[13][268]=-3.44e+12
dp[14][268]=-3.44e+12
dp[15][268]=-3.38e+12
dp[16][268]=-2.5e+12
Select best dp
Best k=11
Stratifying 7-th numerical feature ...
dp[2][268]=-15.0014
dp[3][268]=-196.268
dp[4][268]=-265.926
dp[5][268]=-315.231
dp[6][268]=-325.381
dp[7][268]=-320.502
dp[8][268]=-303.614
dp[9][268]=-262.203
dp[10][268]=-206.433
Select best dp
Best k=6
Stratifying 5-th numerical feature ...
dp[2][268]=-15.0014
dp[3][268]=-2.1e+11
dp[4][268]=-2.1e+11
dp[5][268]=-2.1e+11
dp[6][268]=-2.1e+11
dp[7][268]=-2.1e+11
dp[8][268]=-2.1e+11
dp[9][268]=-2.1e+11
dp[10][268]=-2.1e+11
dp[11][268]=-2.1e+11
dp[12][268]=-2.1e+11
dp[13][268]=-2.1e+11
dp[14][268]=-2.1e+11
dp[15][268]=-2.1e+11
dp[16][268]=-2.1e+11
Select best dp
Best k=6
Stratifying 5-th numerical feature ...
dp[2][268]=-22.9787
dp[3][268]=-3.6e+11
dp[4][268]=-7e+11
dp[5][268]=-9.3e+11
dp[6][268]=-1.12e+12
dp[7][268]=-1.47e+12
dp[8][268]=-1.47e+12
dp[9][268]=-1.72e+12
dp[10][268]=-1.72e+12
dp[11][268]=-1.72e+12
dp[12][268]=-1.72e+12
dp[13][268]=-1.72e+12
dp[14][268]=-1.72e+12
dp[15][268]=-1.69e+12
dp[16][268]=-1.25e+12
Select best dp
Best k=9
Stratifying 7-th numerical feature ...
dp[2][268]=-34.8912
dp[3][268]=-4.4e+11
dp[4][268]=-7.7e+11
dp[5][268]=-1.1e+12
dp[6][268]=-1.43e+12
dp[7][268]=-1.76e+12
dp[8][268]=-1.93e+12
dp[9][268]=-2.11e+12
dp[10][268]=-2.11e+12
dp[11][268]=-2.11e+12
dp[12][268]=-2.11e+12
dp[13][268]=-2.11e+12
dp[14][268]=-2.11e+12
dp[15][268]=-2.11e+12
dp[16][268]=-1.7e+12
Select best dp
Best k=9
Stratifying 4-th numerical feature ...
dp[2][268]=-192.693
dp[3][268]=-322.06
dp[4][268]=-366.464
dp[5][268]=-409.881
dp[6][268]=-408.353
dp[7][268]=-403.135
dp[8][268]=-382.824
dp[9][268]=-361.216
dp[10][268]=-317.753
dp[11][268]=-262.07
dp[12][268]=-197.792
dp[13][268]=-126.12
dp[14][268]=-51.9766
dp[15][268]=23.4226
dp[16][268]=109.456
Select best dp
Best k=5
dp[2][268]=-192.693
dp[3][268]=-322.06
dp[4][268]=-366.464
dp[5][268]=-409.881
dp[6][268]=-408.353
dp[7][268]=-403.135
dp[8][268]=-382.824
dp[9][268]=-361.216
dp[10][268]=-317.753
dp[11][268]=-262.07
dp[12][268]=-197.792
dp[13][268]=-126.12
dp[14][268]=-51.9766
dp[15][268]=23.4226
dp[16][268]=109.456
Select best dp
Best k=5
dp[2][268]=-597.986
dp[3][268]=-963.018
dp[4][268]=-1158.13
dp[5][268]=-1351.26
dp[6][268]=-1454.5
dp[7][268]=-1550.37
dp[8][268]=-1616.04
dp[9][268]=-1679.13
dp[10][268]=-1698.5
dp[11][268]=-1693.43
dp[12][268]=-1671.18
dp[13][268]=-1634.13
dp[14][268]=-1592.15
dp[15][268]=-1547.65
dp[16][268]=-1481.88
Select best dp
Best k=10
dp[2][268]=-192.693
dp[3][268]=-322.06
dp[4][268]=-366.464
dp[5][268]=-409.881
dp[6][268]=-408.353
dp[7][268]=-403.135
dp[8][268]=-382.824
dp[9][268]=-361.216
dp[10][268]=-317.753
dp[11][268]=-262.07
dp[12][268]=-197.792
dp[13][268]=-126.12
dp[14][268]=-51.9766
dp[15][268]=23.4226
dp[16][268]=109.456
Select best dp
Best k=5
dp[2][268]=-431.043
dp[3][268]=-4.6e+11
dp[4][268]=-7.6e+11
dp[5][268]=-1.05e+12
dp[6][268]=-1.05e+12
dp[7][268]=-1.05e+12
dp[8][268]=-1.05e+12
dp[9][268]=-1.04e+12
dp[10][268]=-1.01e+12
Select best dp
Best k=8
Stratifying 6-th numerical feature ...
dp[2][268]=98.7988
dp[3][268]=-1.05e+11
dp[4][268]=-1.05e+11
dp[5][268]=-1.05e+11
dp[6][268]=-1.05e+11
dp[7][268]=-1.05e+11
dp[8][268]=-1.05e+11
dp[9][268]=-1.05e+11
dp[10][268]=-1.05e+11
dp[11][268]=-1.05e+11
dp[12][268]=-1.05e+11
dp[13][268]=-1.05e+11
dp[14][268]=-1.05e+11
dp[15][268]=-1.05e+11
dp[16][268]=-1.05e+11
Select best dp
Best k=3
Stratifying 5-th numerical feature ...
dp[2][268]=-77.0409
dp[3][268]=-4.4e+11
dp[4][268]=-7.7e+11
dp[5][268]=-1.1e+12
dp[6][268]=-1.43e+12
dp[7][268]=-1.76e+12
dp[8][268]=-1.93e+12
dp[9][268]=-2.11e+12
dp[10][268]=-2.24e+12
dp[11][268]=-2.28e+12
dp[12][268]=-2.39e+12
dp[13][268]=-2.39e+12
dp[14][268]=-2.39e+12
dp[15][268]=-2.39e+12
dp[16][268]=-2.39e+12
Select best dp
Best k=12
Stratifying 4-th numerical feature ...
dp[2][268]=-431.043
dp[3][268]=-4.6e+11
dp[4][268]=-7.6e+11
dp[5][268]=-1.05e+12
dp[6][268]=-1.28e+12
dp[7][268]=-1.37e+12
dp[8][268]=-1.57e+12
dp[9][268]=-1.75e+12
dp[10][268]=-1.84e+12
dp[11][268]=-1.87e+12
dp[12][268]=-1.96e+12
dp[13][268]=-1.97e+12
dp[14][268]=-2.04e+12
dp[15][268]=-2.09e+12
dp[16][268]=-2.09e+12
Select best dp
Best k=16
dp[2][268]=212.599
dp[3][268]=318.899
Stratifying 6-th numerical feature ...
dp[4][268]=425.198
dp[5][268]=531.498
dp[6][268]=637.797
dp[7][268]=744.097
dp[8][268]=850.396
dp[9][268]=956.696
dp[10][268]=1063
dp[11][268]=1169.29
dp[12][268]=1275.59
dp[13][268]=1381.89
dp[14][268]=1488.19
dp[15][268]=1594.49
dp[16][268]=1700.79
Select best dp
Best k=2
dp[2][268]=-77.0409
dp[3][268]=-4.4e+11
dp[4][268]=-7.7e+11
dp[5][268]=-1.1e+12
dp[6][268]=-1.43e+12
dp[7][268]=-1.76e+12
dp[8][268]=-1.93e+12
dp[9][268]=-2.11e+12
dp[10][268]=-2.26e+12
dp[11][268]=-2.32e+12
dp[12][268]=-2.45e+12
dp[13][268]=-2.45e+12
dp[14][268]=-2.45e+12
dp[15][268]=-2.45e+12
dp[16][268]=-2.45e+12
Select best dp
Best k=12
Stratifying 5-th numerical feature ...
Stratifying 4-th numerical feature ...
dp[2][268]=-15.0014
dp[3][268]=-2.1e+11
dp[4][268]=-2.1e+11
dp[5][268]=-2.1e+11
dp[6][268]=-2.1e+11
dp[7][268]=-2.1e+11
dp[8][268]=-2.1e+11
dp[9][268]=-2.1e+11
dp[10][268]=-2.1e+11
dp[2][268]=-15.0014
dp[11][268]=-2.1e+11
dp[3][268]=-2.1e+11
dp[12][268]=-2.1e+11
dp[4][268]=-2.1e+11
dp[13][268]=-2.1e+11
dp[5][268]=-2.1e+11
dp[14][268]=-2.1e+11
dp[6][268]=-2.1e+11
dp[15][268]=-2.1e+11
dp[7][268]=-2.1e+11
dp[16][268]=-2.1e+11
dp[8][268]=-2.1e+11
Select best dp
dp[9][268]=-2.1e+11
Best k=6
dp[10][268]=-2.1e+11
dp[11][268]=-2.1e+11
dp[12][268]=-2.1e+11
dp[13][268]=-2.1e+11
dp[14][268]=-2.1e+11
dp[15][268]=-2.1e+11
dp[16][268]=-2.1e+11
Select best dp
Best k=6
Stratifying 5-th numerical feature ...
Stratifying 5-th numerical feature ...
dp[2][268]=-15.0014
dp[3][268]=-2.1e+11
dp[4][268]=-2.1e+11
dp[5][268]=-2.1e+11
dp[6][268]=-2.1e+11
dp[7][268]=-2.1e+11
dp[8][268]=-2.1e+11
dp[9][268]=-2.1e+11
dp[10][268]=-2.1e+11
dp[11][268]=-2.1e+11
dp[12][268]=-2.1e+11
dp[13][268]=-2.1e+11
dp[14][268]=-2.1e+11
dp[15][268]=-2.1e+11
dp[16][268]=-2.1e+11
Select best dp
Best k=6
Stratifying 5-th numerical feature ...
dp[2][268]=-22.9787
dp[3][268]=-3.6e+11
dp[4][268]=-7e+11
dp[5][268]=-7.1e+11
dp[6][268]=-1.05e+12
dp[7][268]=-1.05e+12
dp[8][268]=-1.22e+12
dp[9][268]=-1.19e+12
dp[10][268]=-1.13e+12
Select best dp
Best k=8
Stratifying 7-th numerical feature ...
dp[2][268]=31.3027
dp[3][268]=-2.1e+11
dp[4][268]=-2.1e+11
dp[5][268]=-2.1e+11
dp[6][268]=-2.1e+11
dp[7][268]=-2.1e+11
dp[8][268]=-2.1e+11
dp[9][268]=-2.1e+11
dp[10][268]=-2.1e+11
dp[11][268]=-2.1e+11
dp[12][268]=-2.1e+11
dp[13][268]=-2.1e+11
dp[14][268]=-2.1e+11
dp[15][268]=-2.1e+11
dp[16][268]=-2.1e+11
Select best dp
Best k=7
Stratifying 5-th numerical feature ...
dp[2][268]=-109.222
dp[3][268]=-2.3e+11
dp[4][268]=-3.8e+11
dp[5][268]=-5.25e+11
dp[6][268]=-6.4e+11
dp[7][268]=-6.4e+11
dp[8][268]=-7.3e+11
dp[9][268]=-7.95e+11
dp[10][268]=-7.95e+11
dp[11][268]=-7.95e+11
dp[12][268]=-7.95e+11
dp[13][268]=-7.95e+11
dp[14][268]=-7.15e+11
dp[15][268]=-6.35e+11
dp[16][268]=-5.05e+11
Select best dp
Best k=9
Stratifying 6-th numerical feature ...
dp[2][268]=-192.693
dp[3][268]=-322.06
dp[4][268]=-366.464
dp[5][268]=-409.881
dp[6][268]=-408.353
dp[7][268]=-392.286
dp[8][268]=-371.975
dp[9][268]=-342.977
dp[10][268]=-254.309
Select best dp
Best k=5
dp[2][268]=-431.043
dp[3][268]=-4.6e+11
dp[4][268]=-7.6e+11
dp[5][268]=-1.05e+12
dp[6][268]=-1.28e+12
dp[7][268]=-1.28e+12
dp[8][268]=-1.46e+12
dp[9][268]=-1.59e+12
dp[10][268]=-1.59e+12
dp[11][268]=-1.59e+12
dp[12][268]=-1.59e+12
dp[13][268]=-1.59e+12
dp[14][268]=-1.43e+12
dp[15][268]=-1.27e+12
dp[16][268]=-1.01e+12
Select best dp
Best k=10
Stratifying 6-th numerical feature ...
dp[2][268]=-15.0014
dp[3][268]=-2.1e+11
dp[4][268]=-2.1e+11
dp[5][268]=-2.1e+11
dp[6][268]=-2.1e+11
dp[7][268]=-2.1e+11
dp[8][268]=-2.1e+11
dp[9][268]=-2.1e+11
dp[10][268]=-2.1e+11
dp[11][268]=-2.1e+11
dp[12][268]=-2.1e+11
dp[13][268]=-2.1e+11
dp[14][268]=-2.1e+11
dp[15][268]=-2.1e+11
dp[16][268]=-2.1e+11
Select best dp
Best k=6
Stratifying 5-th numerical feature ...
dp[2][268]=-22.9787
dp[3][268]=-3.6e+11
dp[4][268]=-7e+11
dp[5][268]=-9.3e+11
dp[6][268]=-1.12e+12
dp[7][268]=-1.47e+12
dp[8][268]=-1.61e+12
dp[9][268]=-1.88e+12
dp[10][268]=-1.98e+12
dp[11][268]=-2.09e+12
dp[12][268]=-2.19e+12
dp[13][268]=-2.29e+12
dp[14][268]=-2.29e+12
dp[15][268]=-2.35e+12
dp[16][268]=-2.35e+12
Select best dp
Best k=15
Stratifying 7-th numerical feature ...
dp[2][268]=94.8101
dp[3][268]=-1.8e+11
dp[4][268]=-3.5e+11
dp[5][268]=-4.65e+11
dp[6][268]=-5.6e+11
dp[7][268]=-7.35e+11
dp[8][268]=-7.35e+11
dp[9][268]=-8.6e+11
dp[10][268]=-8.6e+11
dp[11][268]=-8.6e+11
dp[12][268]=-8.6e+11
dp[13][268]=-8.6e+11
dp[14][268]=-8.6e+11
dp[15][268]=-8.45e+11
dp[16][268]=-6.25e+11
Select best dp
Best k=9
Stratifying 7-th numerical feature ...
dp[2][268]=-431.043
dp[3][268]=-4.6e+11
dp[4][268]=-7.6e+11
dp[5][268]=-1.05e+12
dp[6][268]=-1.28e+12
dp[7][268]=-1.28e+12
dp[8][268]=-1.46e+12
dp[9][268]=-1.59e+12
dp[10][268]=-1.59e+12
dp[11][268]=-1.59e+12
dp[12][268]=-1.59e+12
dp[13][268]=-1.59e+12
dp[14][268]=-1.43e+12
dp[15][268]=-1.27e+12
dp[16][268]=-1.01e+12
Select best dp
Best k=10
Stratifying 6-th numerical feature ...
dp[2][268]=212.599
dp[3][268]=318.899
dp[4][268]=425.198
dp[5][268]=531.498
dp[6][268]=637.797
dp[7][268]=744.097
dp[8][268]=850.396
dp[9][268]=956.696
dp[10][268]=1063
dp[11][268]=1169.29
dp[12][268]=1275.59
dp[13][268]=1381.89
dp[14][268]=1488.19
dp[15][268]=1594.49
dp[16][268]=1700.79
Select best dp
Best k=2
Stratifying 6-th numerical feature ...
dp[2][268]=-431.043
dp[3][268]=-4.6e+11
dp[4][268]=-7.6e+11
dp[5][268]=-1.05e+12
dp[6][268]=-1.28e+12
dp[7][268]=-1.28e+12
dp[8][268]=-1.46e+12
dp[9][268]=-1.59e+12
dp[10][268]=-1.59e+12
dp[11][268]=-1.59e+12
dp[12][268]=-1.59e+12
dp[13][268]=-1.59e+12
dp[14][268]=-1.43e+12
dp[15][268]=-1.27e+12
dp[16][268]=-1.01e+12
Select best dp
Best k=10
Stratifying 6-th numerical feature ...
dp[2][268]=-22.9787
dp[3][268]=-3.6e+11
dp[4][268]=-7e+11
dp[5][268]=-9.3e+11
dp[6][268]=-1.12e+12
dp[7][268]=-1.47e+12
dp[8][268]=-1.47e+12
dp[9][268]=-1.72e+12
dp[10][268]=-1.72e+12
dp[11][268]=-1.72e+12
dp[12][268]=-1.72e+12
dp[13][268]=-1.72e+12
dp[14][268]=-1.72e+12
dp[15][268]=-1.69e+12
dp[16][268]=-1.25e+12
Select best dp
Best k=9
Stratifying 7-th numerical feature ...
dp[2][268]=-15.0014
dp[3][268]=-2.1e+11
dp[4][268]=-2.1e+11
dp[5][268]=-2.1e+11
dp[6][268]=-2.1e+11
dp[7][268]=-2.1e+11
dp[8][268]=-2.1e+11
dp[9][268]=-2.1e+11
dp[10][268]=-2.1e+11
dp[11][268]=-2.1e+11
dp[12][268]=-2.1e+11
dp[13][268]=-2.1e+11
dp[14][268]=-2.1e+11
dp[15][268]=-2.1e+11
dp[16][268]=-2.1e+11
Select best dp
Best k=6
Stratifying 5-th numerical feature ...
dp[2][268]=-431.043
dp[3][268]=-4.6e+11
dp[4][268]=-7.6e+11
dp[5][268]=-1.05e+12
dp[6][268]=-1.28e+12
dp[7][268]=-1.37e+12
dp[8][268]=-1.57e+12
dp[9][268]=-1.75e+12
dp[10][268]=-1.84e+12
dp[11][268]=-1.84e+12
dp[12][268]=-1.92e+12
dp[13][268]=-1.92e+12
dp[14][268]=-1.98e+12
dp[15][268]=-1.98e+12
dp[16][268]=-1.98e+12
Select best dp
Best k=14
Stratifying 6-th numerical feature ...
dp[2][268]=9.95289
dp[3][268]=-1.58056
dp[4][268]=29.3668
dp[5][268]=60.8081
dp[6][268]=114.722
dp[7][268]=170.481
dp[8][268]=233.786
dp[9][268]=297.74
dp[10][268]=372.621
dp[11][268]=453.613
dp[12][268]=538.901
dp[13][268]=627.887
dp[14][268]=718.108
dp[15][268]=808.958
dp[16][268]=905.124
Select best dp
Best k=3
dp[2][268]=-22.9787
dp[3][268]=-3.6e+11
dp[4][268]=-7e+11
dp[5][268]=-9.3e+11
dp[6][268]=-1.12e+12
dp[7][268]=-1.47e+12
dp[8][268]=-1.47e+12
dp[9][268]=-1.72e+12
dp[10][268]=-1.72e+12
dp[11][268]=-1.72e+12
dp[12][268]=-1.72e+12
dp[13][268]=-1.72e+12
dp[14][268]=-1.72e+12
dp[15][268]=-1.69e+12
dp[16][268]=-1.25e+12
Select best dp
Best k=9
Stratifying 7-th numerical feature ...
dp[2][268]=-393.466
dp[3][268]=-4.6e+11
dp[4][268]=-7.6e+11
dp[5][268]=-1.05e+12
dp[6][268]=-1.28e+12
dp[7][268]=-1.28e+12
dp[8][268]=-1.46e+12
dp[9][268]=-1.59e+12
dp[10][268]=-1.59e+12
dp[11][268]=-1.59e+12
dp[12][268]=-1.59e+12
dp[13][268]=-1.59e+12
dp[14][268]=-1.43e+12
dp[15][268]=-1.27e+12
dp[16][268]=-1.01e+12
Select best dp
Best k=10
Stratifying 6-th numerical feature ...
dp[2][268]=-192.693
dp[3][268]=-7e+10
dp[4][268]=-1.2e+11
dp[5][268]=-1.3e+11
dp[6][268]=-1.9e+11
dp[7][268]=-2.2e+11
dp[8][268]=-2.5e+11
dp[9][268]=-2.8e+11
dp[10][268]=-3e+11
dp[11][268]=-3.3e+11
dp[12][268]=-3.5e+11
dp[13][268]=-3.8e+11
dp[14][268]=-4e+11
dp[15][268]=-4.3e+11
dp[16][268]=-4.5e+11
Select best dp
Best k=16
dp[2][268]=-192.693
dp[3][268]=-322.06
dp[4][268]=-366.464
dp[5][268]=-409.881
dp[6][268]=-408.353
dp[7][268]=-403.135
dp[8][268]=-382.824
dp[9][268]=-361.216
dp[10][268]=-317.753
dp[11][268]=-262.07
dp[12][268]=-197.792
dp[13][268]=-126.12
dp[14][268]=-51.9766
dp[15][268]=23.4226
dp[16][268]=109.456
Select best dp
Best k=5
dp[2][268]=-192.693
dp[3][268]=-322.06
dp[4][268]=-366.464
dp[5][268]=-409.881
dp[6][268]=-408.353
dp[7][268]=-403.135
dp[8][268]=-382.824
dp[9][268]=-361.216
dp[10][268]=-317.753
dp[11][268]=-262.07
dp[12][268]=-197.792
dp[13][268]=-126.12
dp[14][268]=-51.9766
dp[15][268]=23.4226
dp[16][268]=109.456
Select best dp
Best k=5
dp[2][268]=-22.9787
dp[3][268]=-3.6e+11
dp[4][268]=-7e+11
dp[5][268]=-9.3e+11
dp[6][268]=-1.12e+12
dp[7][268]=-1.47e+12
dp[8][268]=-1.47e+12
dp[9][268]=-1.72e+12
dp[10][268]=-1.72e+12
dp[11][268]=-1.72e+12
dp[12][268]=-1.72e+12
dp[13][268]=-1.72e+12
dp[14][268]=-1.72e+12
dp[15][268]=-1.69e+12
dp[16][268]=-1.25e+12
Select best dp
Best k=9
Stratifying 7-th numerical feature ...
dp[2][268]=-22.9787
dp[3][268]=-3.6e+11
dp[4][268]=-7e+11
dp[5][268]=-9.3e+11
dp[6][268]=-1.12e+12
dp[7][268]=-1.47e+12
dp[8][268]=-1.61e+12
dp[9][268]=-1.88e+12
dp[10][268]=-1.98e+12
dp[11][268]=-2.09e+12
dp[12][268]=-2.19e+12
dp[13][268]=-2.29e+12
dp[14][268]=-2.29e+12
dp[15][268]=-2.29e+12
dp[16][268]=-2.29e+12
Select best dp
Best k=13
dp[2][268]=212.599
dp[3][268]=318.899
dp[4][268]=425.198
dp[5][268]=531.498
dp[6][268]=637.797
dp[7][268]=744.097
dp[8][268]=850.396
dp[9][268]=956.696
Stratifying 7-th numerical feature ...
dp[10][268]=1063
dp[11][268]=1169.29
dp[12][268]=1275.59
dp[13][268]=1381.89
dp[14][268]=1488.19
dp[15][268]=1594.49
dp[16][268]=1700.79
Select best dp
Best k=2
Stratifying 7-th numerical feature ...
dp[2][268]=-431.043
dp[3][268]=-4.6e+11
dp[4][268]=-7.6e+11
dp[5][268]=-1.05e+12
dp[6][268]=-1.28e+12
dp[7][268]=-1.28e+12
dp[8][268]=-1.47e+12
dp[9][268]=-1.65e+12
dp[10][268]=-1.65e+12
dp[11][268]=-1.67e+12
dp[12][268]=-1.67e+12
dp[13][268]=-1.67e+12
dp[14][268]=-1.67e+12
dp[15][268]=-1.67e+12
dp[16][268]=-1.67e+12
Select best dp
Best k=12
Stratifying 6-th numerical feature ...
dp[2][268]=-192.693
dp[3][268]=-322.06
dp[4][268]=-366.464
dp[5][268]=-409.881
dp[6][268]=-408.353
dp[7][268]=-403.135
dp[8][268]=-382.824
dp[9][268]=-361.216
dp[10][268]=-317.753
dp[11][268]=-262.07
dp[12][268]=-197.792
dp[13][268]=-126.12
dp[14][268]=-51.9766
dp[15][268]=23.4226
dp[16][268]=109.456
Select best dp
Best k=5
dp[2][268]=2.67904
dp[3][268]=-3.6e+11
dp[4][268]=-7e+11
dp[5][268]=-9.3e+11
dp[6][268]=-1.12e+12
dp[7][268]=-1.47e+12
dp[8][268]=-1.47e+12
dp[9][268]=-1.72e+12
dp[10][268]=-1.72e+12
dp[11][268]=-1.72e+12
dp[12][268]=-1.72e+12
dp[13][268]=-1.72e+12
dp[14][268]=-1.72e+12
dp[15][268]=-1.69e+12
dp[16][268]=-1.25e+12
Select best dp
Best k=9
Stratifying 7-th numerical feature ...
dp[2][268]=-22.9787
dp[3][268]=-3.6e+11
dp[4][268]=-7e+11
dp[5][268]=-9.3e+11
dp[6][268]=-1.12e+12
dp[7][268]=-1.47e+12
dp[8][268]=-1.61e+12
dp[9][268]=-1.88e+12
dp[10][268]=-1.98e+12
dp[11][268]=-2.09e+12
dp[12][268]=-2.19e+12
dp[13][268]=-2.29e+12
dp[14][268]=-2.29e+12
dp[15][268]=-2.29e+12
dp[16][268]=-2.29e+12
Select best dp
Best k=13
Stratifying 7-th numerical feature ...
dp[2][268]=212.599
dp[3][268]=318.899
dp[4][268]=425.198
dp[5][268]=531.498
dp[6][268]=637.797
dp[7][268]=744.097
dp[8][268]=850.396
dp[9][268]=956.696
dp[10][268]=1063
dp[11][268]=1169.29
dp[12][268]=1275.59
dp[13][268]=1381.89
dp[14][268]=1488.19
dp[15][268]=1594.49
dp[16][268]=1700.79
Select best dp
Best k=2
dp[2][268]=-192.693
dp[3][268]=-322.06
dp[4][268]=-366.464
dp[5][268]=-409.881
dp[6][268]=-408.353
dp[7][268]=-405.286
dp[8][268]=-384.975
dp[9][268]=-363.368
dp[10][268]=-322.83
dp[11][268]=-275.172
dp[12][268]=-226.493
dp[13][268]=-174.288
dp[14][268]=-116.091
dp[15][268]=-61.3028
dp[16][268]=-3.10547
Select best dp
Best k=5
dp[2][268]=-192.693
dp[3][268]=-322.06
dp[4][268]=-366.464
dp[5][268]=-409.881
dp[6][268]=-408.353
dp[7][268]=-405.286
dp[8][268]=-384.975
dp[9][268]=-363.368
dp[10][268]=-322.83
dp[11][268]=-275.172
dp[12][268]=-226.493
dp[13][268]=-174.288
dp[14][268]=-113.508
dp[15][268]=-61.3028
dp[16][268]=0.474589
Select best dp
Best k=5
dp[2][268]=-140.836
dp[3][268]=-281.451
dp[4][268]=-330.548
dp[5][268]=-377.652
dp[6][268]=-379.015
dp[7][268]=-376.851
dp[8][268]=-359.858
dp[9][268]=-341.857
dp[10][268]=-302.546
dp[11][268]=-255.5
dp[12][268]=-197.64
dp[13][268]=-133.97
dp[14][268]=-66.4079
dp[15][268]=6.64744
dp[16][268]=93.2658
Select best dp
Best k=6
