Standardize ...
Stratifying 1-th numerical feature ...
dp[2][266]=711.566
dp[3][266]=-1.9e+11
dp[4][266]=-3.5e+11
dp[5][266]=-3.7e+11
dp[6][266]=-5e+11
dp[7][266]=-5.2e+11
dp[8][266]=-5.2e+11
dp[9][266]=-5.2e+11
dp[10][266]=-5.2e+11
dp[11][266]=-5.2e+11
dp[12][266]=-5.2e+11
dp[13][266]=-5.2e+11
dp[14][266]=-5.2e+11
dp[15][266]=-5.2e+11
dp[16][266]=-5e+11
Select best dp
Best k=7
Stratifying 2-th numerical feature ...
dp[2][266]=701.059
dp[3][266]=-1.9e+11
dp[4][266]=-1.9e+11
dp[5][266]=-1.9e+11
dp[6][266]=-1.9e+11
dp[7][266]=-1.9e+11
dp[8][266]=-1.9e+11
dp[9][266]=-1.9e+11
dp[10][266]=-1.9e+11
dp[11][266]=-1.9e+11
dp[12][266]=-1.9e+11
dp[13][266]=-1.9e+11
dp[14][266]=-1.9e+11
dp[15][266]=-1.9e+11
dp[16][266]=6442.79
Select best dp
Best k=3
Stratifying 3-th numerical feature ...
dp[2][266]=710.516
dp[3][266]=-2.2e+11
dp[4][266]=-4.2e+11
dp[5][266]=-5.8e+11
dp[6][266]=-5.8e+11
dp[7][266]=-5.8e+11
dp[8][266]=-5.8e+11
dp[9][266]=-5.8e+11
dp[10][266]=-5.8e+11
dp[11][266]=-5.8e+11
dp[12][266]=-5.8e+11
dp[13][266]=-5.8e+11
dp[14][266]=-5.8e+11
dp[15][266]=-5.8e+11
dp[16][266]=-4e+11
Select best dp
Best k=5
Stratifying 4-th numerical feature ...
dp[2][266]=671.568
dp[3][266]=-2.9e+11
dp[4][266]=-4.5e+11
dp[5][266]=-4.5e+11
dp[6][266]=-6.1e+11
dp[7][266]=-6.1e+11
dp[8][266]=-7.4e+11
dp[9][266]=-7.4e+11
dp[10][266]=-7.4e+11
dp[11][266]=-7.4e+11
dp[12][266]=-7.4e+11
dp[13][266]=-7.4e+11
dp[14][266]=-7.4e+11
dp[15][266]=-7.4e+11
dp[16][266]=-7.4e+11
Select best dp
Best k=8
Stratifying 5-th numerical feature ...
dp[2][266]=723.065
dp[3][266]=-2e+11
dp[4][266]=-2e+11
dp[5][266]=-3.7e+11
dp[6][266]=-3.7e+11
dp[7][266]=-5e+11
dp[8][266]=-5e+11
dp[9][266]=-5e+11
dp[10][266]=-5e+11
dp[11][266]=-5e+11
dp[12][266]=-5e+11
dp[13][266]=-5e+11
dp[14][266]=-5e+11
dp[15][266]=-5e+11
dp[16][266]=-3.4e+11
Select best dp
Best k=7
Stratifying 6-th numerical feature ...
dp[2][266]=683.949
dp[3][266]=-2e+11
dp[4][266]=-3.6e+11
dp[5][266]=-5.2e+11
dp[6][266]=-5.2e+11
dp[7][266]=-6.8e+11
dp[8][266]=-6.8e+11
dp[9][266]=-6.8e+11
dp[10][266]=-6.8e+11
dp[11][266]=-6.8e+11
dp[12][266]=-6.8e+11
dp[13][266]=-6.8e+11
dp[14][266]=-6.8e+11
dp[15][266]=-6.8e+11
dp[16][266]=-3.2e+11
Select best dp
Best k=7
Stratifying 7-th numerical feature ...
dp[2][266]=637.594
dp[3][266]=-2.3e+11
dp[4][266]=-4.5e+11
dp[5][266]=-6.7e+11
dp[6][266]=-8.3e+11
dp[7][266]=-1.05e+12
dp[8][266]=-1.05e+12
dp[9][266]=-1.22e+12
dp[10][266]=-1.22e+12
dp[11][266]=-1.22e+12
dp[12][266]=-1.22e+12
dp[13][266]=-1.22e+12
dp[14][266]=-1.22e+12
dp[15][266]=-1.15e+12
dp[16][266]=-8.9e+11
Select best dp
Best k=9
Stratifying 8-th numerical feature ...
dp[2][266]=602.472
dp[3][266]=-2.2e+11
dp[4][266]=-4.2e+11
dp[5][266]=-6e+11
dp[6][266]=-8.1e+11
dp[7][266]=-1.01e+12
dp[8][266]=-1.17e+12
dp[9][266]=-1.17e+12
dp[10][266]=-1.17e+12
dp[11][266]=-1.17e+12
dp[12][266]=-1.17e+12
dp[13][266]=-1.17e+12
dp[14][266]=-1.17e+12
dp[15][266]=-9.9e+11
dp[16][266]=-7.5e+11
Select best dp
Best k=8
Stratifying 9-th numerical feature ...
dp[2][266]=652.279
dp[3][266]=-2.3e+11
dp[4][266]=-4.2e+11
dp[5][266]=-5.8e+11
dp[6][266]=-6.5e+11
dp[7][266]=-8.2e+11
dp[8][266]=-9.8e+11
dp[9][266]=-1.02e+12
dp[10][266]=-1.18e+12
dp[11][266]=-1.18e+12
dp[12][266]=-1.18e+12
dp[13][266]=-1.18e+12
dp[14][266]=-1.18e+12
dp[15][266]=-1.16e+12
dp[16][266]=-9e+11
Select best dp
Best k=10
Stratifying 10-th numerical feature ...
dp[2][266]=663.415
dp[3][266]=-2e+11
dp[4][266]=-3.9e+11
dp[5][266]=-5.7e+11
dp[6][266]=-5.7e+11
dp[7][266]=-7.4e+11
dp[8][266]=-7.4e+11
dp[9][266]=-7.4e+11
dp[10][266]=-7.4e+11
dp[11][266]=-7.4e+11
dp[12][266]=-7.4e+11
dp[13][266]=-7.4e+11
dp[14][266]=-7.4e+11
dp[15][266]=-5.7e+11
dp[16][266]=-3.7e+11
Select best dp
Best k=7
Stratifying 11-th numerical feature ...
dp[2][266]=652.713
dp[3][266]=-2.6e+11
dp[4][266]=-4.7e+11
dp[5][266]=-6.3e+11
dp[6][266]=-8.5e+11
dp[7][266]=-1.06e+12
dp[8][266]=-1.22e+12
dp[9][266]=-1.22e+12
dp[10][266]=-1.36e+12
dp[11][266]=-1.36e+12
dp[12][266]=-1.36e+12
dp[13][266]=-1.36e+12
dp[14][266]=-1.36e+12
dp[15][266]=-1.35e+12
dp[16][266]=-9.1e+11
Select best dp
Best k=10
Stratifying 12-th numerical feature ...
dp[2][266]=626.031
dp[3][266]=-2.4e+11
dp[4][266]=-4e+11
dp[5][266]=-5.9e+11
dp[6][266]=-7.6e+11
dp[7][266]=-8.3e+11
dp[8][266]=-9.5e+11
dp[9][266]=-1.02e+12
dp[10][266]=-1.12e+12
dp[11][266]=-1.17e+12
dp[12][266]=-1.27e+12
dp[13][266]=-1.27e+12
dp[14][266]=-1.27e+12
dp[15][266]=-1.27e+12
dp[16][266]=-7.2e+11
Select best dp
Best k=12
Stratifying 13-th numerical feature ...
dp[2][266]=641.053
dp[3][266]=-2.5e+11
dp[4][266]=-4.8e+11
dp[5][266]=-6.8e+11
dp[6][266]=-8.6e+11
dp[7][266]=-1.02e+12
dp[8][266]=-1.18e+12
dp[9][266]=-1.18e+12
dp[10][266]=-1.18e+12
dp[11][266]=-1.18e+12
dp[12][266]=-1.18e+12
dp[13][266]=-1.18e+12
dp[14][266]=-1.18e+12
dp[15][266]=-1.02e+12
dp[16][266]=-5e+11
Select best dp
Best k=8
Stratifying 14-th numerical feature ...
dp[2][266]=655.647
dp[3][266]=-2.4e+11
dp[4][266]=-4.1e+11
dp[5][266]=-4.6e+11
dp[6][266]=-6.3e+11
dp[7][266]=-7.9e+11
dp[8][266]=-8.2e+11
dp[9][266]=-9.8e+11
dp[10][266]=-1.14e+12
dp[11][266]=-1.14e+12
dp[12][266]=-1.14e+12
dp[13][266]=-1.14e+12
dp[14][266]=-1.14e+12
dp[15][266]=-1.08e+12
dp[16][266]=-6.6e+11
Select best dp
Best k=10
Stratifying 15-th numerical feature ...
dp[2][266]=673.152
dp[3][266]=-1.8e+11
dp[4][266]=-1.8e+11
dp[5][266]=-3.6e+11
dp[6][266]=-3.6e+11
dp[7][266]=-5.2e+11
dp[8][266]=-5.2e+11
dp[9][266]=-5.2e+11
dp[10][266]=-5.2e+11
dp[11][266]=-5.2e+11
dp[12][266]=-5.2e+11
dp[13][266]=-5.2e+11
dp[14][266]=-5.2e+11
dp[15][266]=-5.2e+11
dp[16][266]=-3.2e+11
Select best dp
Best k=7
Stratifying 16-th numerical feature ...
dp[2][266]=647.127
dp[3][266]=-1.8e+11
dp[4][266]=-1.8e+11
dp[5][266]=-1.8e+11
dp[6][266]=-1.8e+11
dp[7][266]=-1.8e+11
dp[8][266]=-1.8e+11
dp[9][266]=-1.8e+11
dp[10][266]=-1.8e+11
dp[11][266]=-1.8e+11
dp[12][266]=-1.8e+11
dp[13][266]=-1.8e+11
dp[14][266]=-1.8e+11
dp[15][266]=-1.8e+11
dp[16][266]=6358.36
Select best dp
Best k=3
Stratifying 17-th numerical feature ...
dp[2][266]=592.998
dp[3][266]=-2.4e+11
dp[4][266]=-4.6e+11
dp[5][266]=-6.6e+11
dp[6][266]=-8.2e+11
dp[7][266]=-1.01e+12
dp[8][266]=-1.17e+12
dp[9][266]=-1.33e+12
dp[10][266]=-1.49e+12
dp[11][266]=-1.49e+12
dp[12][266]=-1.49e+12
dp[13][266]=-1.49e+12
dp[14][266]=-1.49e+12
dp[15][266]=-1.49e+12
dp[16][266]=-1.17e+12
Select best dp
Best k=10
Stratifying 18-th numerical feature ...
dp[2][266]=615.283
dp[3][266]=-2.6e+11
dp[4][266]=-5e+11
dp[5][266]=-7e+11
dp[6][266]=-8.6e+11
dp[7][266]=-9e+11
dp[8][266]=-1.06e+12
dp[9][266]=-1.06e+12
dp[10][266]=-1.06e+12
dp[11][266]=-1.06e+12
dp[12][266]=-1.06e+12
dp[13][266]=-1.06e+12
dp[14][266]=-1.06e+12
dp[15][266]=-9e+11
dp[16][266]=-5.7e+11
Select best dp
Best k=8
Stratifying 19-th numerical feature ...
dp[2][266]=708.756
dp[3][266]=-1.9e+11
dp[4][266]=-3.3e+11
dp[5][266]=-3.7e+11
dp[6][266]=-5.1e+11
dp[7][266]=-5.4e+11
dp[8][266]=-5.4e+11
dp[9][266]=-5.4e+11
dp[10][266]=-5.4e+11
dp[11][266]=-5.4e+11
dp[12][266]=-5.4e+11
dp[13][266]=-5.4e+11
dp[14][266]=-5.4e+11
dp[15][266]=-5.4e+11
dp[16][266]=-3.4e+11
Select best dp
Best k=7
Stratifying 20-th numerical feature ...
dp[2][266]=711.851
dp[3][266]=-1.8e+11
dp[4][266]=-1.8e+11
dp[5][266]=-3.5e+11
dp[6][266]=-3.5e+11
dp[7][266]=-5.1e+11
dp[8][266]=-5.1e+11
dp[9][266]=-5.1e+11
dp[10][266]=-5.1e+11
dp[11][266]=-5.1e+11
dp[12][266]=-5.1e+11
dp[13][266]=-5.1e+11
dp[14][266]=-5.1e+11
dp[15][266]=-5.1e+11
dp[16][266]=-3.5e+11
Select best dp
Best k=7
Stratifying 21-th numerical feature ...
dp[2][266]=674.482
dp[3][266]=-2.7e+11
dp[4][266]=-5.2e+11
dp[5][266]=-7.5e+11
dp[6][266]=-9.7e+11
dp[7][266]=-1.18e+12
dp[8][266]=-1.36e+12
dp[9][266]=-1.36e+12
dp[10][266]=-1.51e+12
dp[11][266]=-1.51e+12
dp[12][266]=-1.51e+12
dp[13][266]=-1.51e+12
dp[14][266]=-1.35e+12
dp[15][266]=-1.16e+12
dp[16][266]=-8.4e+11
Select best dp
Best k=10
Stratifying 22-th numerical feature ...
dp[2][266]=654.143
dp[3][266]=-2.8e+11
dp[4][266]=-4.4e+11
dp[5][266]=-4.9e+11
dp[6][266]=-7e+11
dp[7][266]=-8.5e+11
dp[8][266]=-8.5e+11
dp[9][266]=-8.5e+11
dp[10][266]=-8.5e+11
dp[11][266]=-8.5e+11
dp[12][266]=-8.5e+11
dp[13][266]=-8.5e+11
dp[14][266]=-8.5e+11
dp[15][266]=-8e+11
dp[16][266]=-7.5e+11
Select best dp
Best k=7
Stratifying 23-th numerical feature ...
dp[2][266]=696.897
dp[3][266]=-2e+11
dp[4][266]=-4e+11
dp[5][266]=-4e+11
dp[6][266]=-5.6e+11
dp[7][266]=-5.6e+11
dp[8][266]=-7.1e+11
dp[9][266]=-7.1e+11
dp[10][266]=-7.1e+11
dp[11][266]=-7.1e+11
dp[12][266]=-7.1e+11
dp[13][266]=-7.1e+11
dp[14][266]=-7.1e+11
dp[15][266]=-7.1e+11
dp[16][266]=-7e+11
Select best dp
Best k=8
Stratifying 24-th numerical feature ...
dp[2][266]=669.256
dp[3][266]=-1.8e+11
dp[4][266]=-3.4e+11
dp[5][266]=-3.4e+11
dp[6][266]=-5e+11
dp[7][266]=-6.6e+11
dp[8][266]=-6.6e+11
dp[9][266]=-6.6e+11
dp[10][266]=-6.6e+11
dp[11][266]=-6.6e+11
dp[12][266]=-6.6e+11
dp[13][266]=-6.6e+11
dp[14][266]=-6.6e+11
dp[15][266]=-6.6e+11
dp[16][266]=-3.2e+11
Select best dp
Best k=7
Stratifying 25-th numerical feature ...
dp[2][266]=638.206
dp[3][266]=-1.6e+11
dp[4][266]=-1.6e+11
dp[5][266]=-1.6e+11
dp[6][266]=-1.6e+11
dp[7][266]=-1.6e+11
dp[8][266]=-1.6e+11
dp[9][266]=-1.6e+11
dp[10][266]=-1.6e+11
dp[11][266]=-1.6e+11
dp[12][266]=-1.6e+11
dp[13][266]=-1.6e+11
dp[14][266]=-1.6e+11
dp[15][266]=-1.6e+11
dp[16][266]=-1.6e+11
Select best dp
Best k=3
Stratifying 26-th numerical feature ...
dp[2][266]=633.928
dp[3][266]=-1.7e+11
dp[4][266]=-1.7e+11
dp[5][266]=-1.7e+11
dp[6][266]=-1.7e+11
dp[7][266]=-1.7e+11
dp[8][266]=-1.7e+11
dp[9][266]=-1.7e+11
dp[10][266]=-1.7e+11
dp[11][266]=-1.7e+11
dp[12][266]=-1.7e+11
dp[13][266]=-1.7e+11
dp[14][266]=-1.7e+11
dp[15][266]=-1.7e+11
dp[16][266]=-1.7e+11
Select best dp
Best k=3
Stratifying 27-th numerical feature ...
dp[2][266]=710.368
dp[3][266]=-2e+11
dp[4][266]=-3.7e+11
dp[5][266]=-5.5e+11
dp[6][266]=-7.2e+11
dp[7][266]=-7.4e+11
dp[8][266]=-9.1e+11
dp[9][266]=-9.1e+11
dp[10][266]=-9.1e+11
dp[11][266]=-9.1e+11
dp[12][266]=-9.1e+11
dp[13][266]=-9.1e+11
dp[14][266]=-9.1e+11
dp[15][266]=-9.1e+11
dp[16][266]=-7.2e+11
Select best dp
Best k=8
Stratifying 28-th numerical feature ...
dp[2][266]=708.095
dp[3][266]=-2e+11
dp[4][266]=-3.6e+11
dp[5][266]=-5.3e+11
dp[6][266]=-5.3e+11
dp[7][266]=-5.3e+11
dp[8][266]=-5.3e+11
dp[9][266]=-5.3e+11
dp[10][266]=-5.3e+11
dp[11][266]=-5.3e+11
dp[12][266]=-5.3e+11
dp[13][266]=-5.3e+11
dp[14][266]=-5.3e+11
dp[15][266]=-5.3e+11
dp[16][266]=-5.3e+11
Select best dp
Best k=5
Stratifying 29-th numerical feature ...
dp[2][266]=543.811
dp[3][266]=-2.7e+11
dp[4][266]=-4.4e+11
dp[5][266]=-6.2e+11
dp[6][266]=-7.9e+11
dp[7][266]=-9.7e+11
dp[8][266]=-9.7e+11
dp[9][266]=-1.11e+12
dp[10][266]=-1.11e+12
dp[11][266]=-1.11e+12
dp[12][266]=-1.11e+12
dp[13][266]=-1.11e+12
dp[14][266]=-1.11e+12
dp[15][266]=-1.11e+12
dp[16][266]=-7.3e+11
Select best dp
Best k=9
Stratifying 30-th numerical feature ...
dp[2][266]=496.33
dp[3][266]=-2.8e+11
dp[4][266]=-4.5e+11
dp[5][266]=-6.4e+11
dp[6][266]=-8.1e+11
dp[7][266]=-9.8e+11
dp[8][266]=-9.8e+11
dp[9][266]=-9.8e+11
dp[10][266]=-9.8e+11
dp[11][266]=-9.8e+11
dp[12][266]=-9.8e+11
dp[13][266]=-9.8e+11
dp[14][266]=-9.8e+11
dp[15][266]=-8e+11
dp[16][266]=-4.3e+11
Select best dp
Best k=7
Stratifying 31-th numerical feature ...
dp[2][266]=632.5
dp[3][266]=-3e+11
dp[4][266]=-5.6e+11
dp[5][266]=-8.1e+11
dp[6][266]=-1e+12
dp[7][266]=-1.29e+12
dp[8][266]=-1.56e+12
dp[9][266]=-1.76e+12
dp[10][266]=-1.76e+12
dp[11][266]=-1.76e+12
dp[12][266]=-1.76e+12
dp[13][266]=-1.65e+12
dp[14][266]=-1.49e+12
dp[15][266]=-1.33e+12
dp[16][266]=-1.07e+12
Select best dp
Best k=9
Stratifying 32-th numerical feature ...
dp[2][266]=548.658
dp[3][266]=-3.6e+11
dp[4][266]=-6.6e+11
dp[5][266]=-9.1e+11
dp[6][266]=-1.1e+12
dp[7][266]=-1.29e+12
dp[8][266]=-1.48e+12
dp[9][266]=-1.66e+12
dp[10][266]=-1.66e+12
dp[11][266]=-1.66e+12
dp[12][266]=-1.66e+12
dp[13][266]=-1.66e+12
dp[14][266]=-1.66e+12
dp[15][266]=-1.5e+12
dp[16][266]=-1.02e+12
Select best dp
Best k=9
Stratifying 33-th numerical feature ...
dp[2][266]=763.629
dp[3][266]=-2.4e+11
dp[4][266]=-4.5e+11
dp[5][266]=-6.7e+11
dp[6][266]=-8.4e+11
dp[7][266]=-1.08e+12
dp[8][266]=-1.08e+12
dp[9][266]=-1.3e+12
dp[10][266]=-1.46e+12
dp[11][266]=-1.46e+12
dp[12][266]=-1.46e+12
dp[13][266]=-1.46e+12
dp[14][266]=-1.46e+12
dp[15][266]=-1.23e+12
dp[16][266]=-9.1e+11
Select best dp
Best k=10
Stratifying 34-th numerical feature ...
dp[2][266]=734.685
dp[3][266]=-2.4e+11
dp[4][266]=-4.7e+11
dp[5][266]=-6.6e+11
dp[6][266]=-8.8e+11
dp[7][266]=-1.07e+12
dp[8][266]=-1.23e+12
dp[9][266]=-1.39e+12
dp[10][266]=-1.56e+12
dp[11][266]=-1.56e+12
dp[12][266]=-1.56e+12
dp[13][266]=-1.56e+12
dp[14][266]=-1.56e+12
dp[15][266]=-1.55e+12
dp[16][266]=-1.23e+12
Select best dp
Best k=10
Stratifying 35-th numerical feature ...
dp[2][266]=613.294
dp[3][266]=-3.5e+11
dp[4][266]=-5.7e+11
dp[5][266]=-7.7e+11
dp[6][266]=-9.7e+11
dp[7][266]=-1.16e+12
dp[8][266]=-1.35e+12
dp[9][266]=-1.35e+12
dp[10][266]=-1.35e+12
dp[11][266]=-1.35e+12
dp[12][266]=-1.35e+12
dp[13][266]=-1.35e+12
dp[14][266]=-1.35e+12
dp[15][266]=-1.33e+12
dp[16][266]=-8.5e+11
Select best dp
Best k=8
Stratifying 36-th numerical feature ...
dp[2][266]=533.649
dp[3][266]=-2.3e+11
dp[4][266]=-4.5e+11
dp[5][266]=-6.5e+11
dp[6][266]=-8.3e+11
dp[7][266]=-1.01e+12
dp[8][266]=-1.21e+12
dp[9][266]=-1.41e+12
dp[10][266]=-1.41e+12
dp[11][266]=-1.41e+12
dp[12][266]=-1.41e+12
dp[13][266]=-1.41e+12
dp[14][266]=-1.41e+12
dp[15][266]=-1.37e+12
dp[16][266]=-8.9e+11
Select best dp
Best k=9
Stratifying 37-th numerical feature ...
dp[2][266]=684.624
dp[3][266]=-2.2e+11
dp[4][266]=-2.2e+11
dp[5][266]=-4.3e+11
dp[6][266]=-4.3e+11
dp[7][266]=-4.3e+11
dp[8][266]=-4.3e+11
dp[9][266]=-4.3e+11
dp[10][266]=-4.3e+11
dp[11][266]=-4.3e+11
dp[12][266]=-4.3e+11
dp[13][266]=-4.3e+11
dp[14][266]=-4.3e+11
dp[15][266]=-4.3e+11
dp[16][266]=-3.4e+11
Select best dp
Best k=5
Stratifying 38-th numerical feature ...
dp[2][266]=644.189
dp[3][266]=-2.1e+11
dp[4][266]=-3.8e+11
dp[5][266]=-5.7e+11
dp[6][266]=-5.7e+11
dp[7][266]=-5.7e+11
dp[8][266]=-5.7e+11
dp[9][266]=-5.7e+11
dp[10][266]=-5.7e+11
dp[11][266]=-5.7e+11
dp[12][266]=-5.7e+11
dp[13][266]=-5.7e+11
dp[14][266]=-5.7e+11
dp[15][266]=-5.7e+11
dp[16][266]=-5.7e+11
Select best dp
Best k=5
Stratifying 39-th numerical feature ...
dp[2][266]=583.672
dp[3][266]=-1.9e+11
dp[4][266]=-3.6e+11
dp[5][266]=-3.7e+11
dp[6][266]=-5.5e+11
dp[7][266]=-7e+11
dp[8][266]=-7e+11
dp[9][266]=-7e+11
dp[10][266]=-7e+11
dp[11][266]=-7e+11
dp[12][266]=-7e+11
dp[13][266]=-7e+11
dp[14][266]=-7e+11
dp[15][266]=-7e+11
dp[16][266]=-6.7e+11
Select best dp
Best k=7
Stratifying 40-th numerical feature ...
dp[2][266]=604.361
dp[3][266]=847.381
dp[4][266]=1172.21
dp[5][266]=1521.52
dp[6][266]=1917.14
dp[7][266]=2330.09
dp[8][266]=2747.72
dp[9][266]=3166.75
dp[10][266]=3588.09
dp[11][266]=4010.98
dp[12][266]=4463.87
dp[13][266]=4916.77
dp[14][266]=5378.24
dp[15][266]=5840.1
dp[16][266]=6352.11
Select best dp
Best k=2
Stratifying 41-th numerical feature ...
dp[2][266]=555.429
dp[3][266]=-1.9e+11
dp[4][266]=-3.5e+11
dp[5][266]=-3.7e+11
dp[6][266]=-3.7e+11
dp[7][266]=-3.7e+11
dp[8][266]=-3.7e+11
dp[9][266]=-3.7e+11
dp[10][266]=-3.7e+11
dp[11][266]=-3.7e+11
dp[12][266]=-3.7e+11
dp[13][266]=-3.7e+11
dp[14][266]=-3.7e+11
dp[15][266]=-3.5e+11
dp[16][266]=-3.2e+11
Select best dp
Best k=5
Stratifying 42-th numerical feature ...
dp[2][266]=558.191
dp[3][266]=-1.8e+11
dp[4][266]=-3.5e+11
dp[5][266]=-3.5e+11
dp[6][266]=-3.5e+11
dp[7][266]=-3.5e+11
dp[8][266]=-3.5e+11
dp[9][266]=-3.5e+11
dp[10][266]=-3.5e+11
dp[11][266]=-3.5e+11
dp[12][266]=-3.5e+11
dp[13][266]=-3.5e+11
dp[14][266]=-3.5e+11
dp[15][266]=-3.5e+11
dp[16][266]=-3.5e+11
Select best dp
Best k=4
Stratifying 43-th numerical feature ...
dp[2][266]=624.663
dp[3][266]=-1.7e+11
dp[4][266]=-1.7e+11
dp[5][266]=-1.7e+11
dp[6][266]=-1.7e+11
dp[7][266]=-1.7e+11
dp[8][266]=-1.7e+11
dp[9][266]=-1.7e+11
dp[10][266]=-1.7e+11
dp[11][266]=-1.7e+11
dp[12][266]=-1.7e+11
dp[13][266]=-1.7e+11
dp[14][266]=-1.7e+11
dp[15][266]=-1.7e+11
dp[16][266]=-1.6e+11
Select best dp
Best k=3
Stratifying 44-th numerical feature ...
dp[2][266]=585.317
dp[3][266]=-1.6e+11
dp[4][266]=-1.6e+11
dp[5][266]=-1.6e+11
dp[6][266]=-1.6e+11
dp[7][266]=-1.6e+11
dp[8][266]=-1.6e+11
dp[9][266]=-1.6e+11
dp[10][266]=-1.6e+11
dp[11][266]=-1.6e+11
dp[12][266]=-1.6e+11
dp[13][266]=-1.6e+11
dp[14][266]=-1.6e+11
dp[15][266]=-1.6e+11
dp[16][266]=-1.6e+11
Select best dp
Best k=3
