Standardize ...
Stratifying 1-th numerical feature ...
dp[2][2110]=-2573.67
dp[3][2110]=-1.28e+12
dp[4][2110]=-1.28e+12
dp[5][2110]=-2.31e+12
dp[6][2110]=-2.31e+12
dp[7][2110]=-3.27e+12
dp[8][2110]=-3.27e+12
dp[9][2110]=-4.16e+12
dp[10][2110]=-4.16e+12
dp[11][2110]=-4.75e+12
dp[12][2110]=-4.75e+12
dp[13][2110]=-5.23e+12
dp[14][2110]=-5.23e+12
dp[15][2110]=-5.23e+12
dp[16][2110]=-5.23e+12
dp[17][2110]=-5.23e+12
dp[18][2110]=-5.23e+12
dp[19][2110]=-5.23e+12
dp[20][2110]=-5.23e+12
dp[21][2110]=-5.23e+12
dp[22][2110]=-5.23e+12
dp[23][2110]=-5.23e+12
dp[24][2110]=-5.23e+12
dp[25][2110]=-5.23e+12
dp[26][2110]=-5.23e+12
dp[27][2110]=-5.23e+12
dp[28][2110]=-5.23e+12
dp[29][2110]=-5.23e+12
dp[30][2110]=-5.23e+12
dp[31][2110]=-5.23e+12
dp[32][2110]=-5.23e+12
dp[33][2110]=-5.23e+12
dp[34][2110]=-5.23e+12
dp[35][2110]=-5.23e+12
dp[36][2110]=-5.23e+12
dp[37][2110]=-5.23e+12
dp[38][2110]=-5.23e+12
dp[39][2110]=-5.23e+12
dp[40][2110]=-5.2e+12
dp[41][2110]=-5.13e+12
dp[42][2110]=-5.05e+12
dp[43][2110]=-4.94e+12
dp[44][2110]=-4.69e+12
dp[45][2110]=-4.37e+12
Select best dp
Best k=22
Stratifying 2-th numerical feature ...
dp[2][2110]=-1974.63
dp[3][2110]=-6.1e+11
dp[4][2110]=-6.1e+11
dp[5][2110]=-1.11e+12
dp[6][2110]=-1.11e+12
dp[7][2110]=-1.11e+12
dp[8][2110]=-1.11e+12
dp[9][2110]=-1.11e+12
dp[10][2110]=-1.11e+12
dp[11][2110]=-1.11e+12
dp[12][2110]=-1.11e+12
dp[13][2110]=-1.11e+12
dp[14][2110]=-1.11e+12
dp[15][2110]=-1.11e+12
dp[16][2110]=-1.11e+12
dp[17][2110]=-1.11e+12
dp[18][2110]=-1.11e+12
dp[19][2110]=-1.11e+12
dp[20][2110]=-1.11e+12
dp[21][2110]=-1.11e+12
dp[22][2110]=-1.11e+12
dp[23][2110]=-1.11e+12
dp[24][2110]=-1.11e+12
dp[25][2110]=-1.11e+12
dp[26][2110]=-1.11e+12
dp[27][2110]=-1.11e+12
dp[28][2110]=-1.11e+12
dp[29][2110]=-1.11e+12
dp[30][2110]=-1.11e+12
dp[31][2110]=-1.11e+12
dp[32][2110]=-1.11e+12
dp[33][2110]=-1.11e+12
dp[34][2110]=-1.11e+12
dp[35][2110]=-1.11e+12
dp[36][2110]=-1.11e+12
dp[37][2110]=-1.11e+12
dp[38][2110]=-1.11e+12
dp[39][2110]=-1.11e+12
dp[40][2110]=-1.11e+12
dp[41][2110]=-1.11e+12
dp[42][2110]=-1.11e+12
dp[43][2110]=-1.11e+12
dp[44][2110]=-1.11e+12
dp[45][2110]=-1.11e+12
Select best dp
Best k=23
Stratifying 3-th numerical feature ...
dp[2][2110]=-2184.89
dp[3][2110]=-5.9e+11
dp[4][2110]=-5.9e+11
dp[5][2110]=-5.9e+11
dp[6][2110]=-5.9e+11
dp[7][2110]=-5.9e+11
dp[8][2110]=-5.9e+11
dp[9][2110]=-5.9e+11
dp[10][2110]=-5.9e+11
dp[11][2110]=-5.9e+11
dp[12][2110]=-5.9e+11
dp[13][2110]=-5.9e+11
dp[14][2110]=-5.9e+11
dp[15][2110]=-5.9e+11
dp[16][2110]=-5.9e+11
dp[17][2110]=-5.9e+11
dp[18][2110]=-5.9e+11
dp[19][2110]=-5.9e+11
dp[20][2110]=-5.9e+11
dp[21][2110]=-5.9e+11
dp[22][2110]=-5.9e+11
dp[23][2110]=-5.9e+11
dp[24][2110]=-5.9e+11
dp[25][2110]=-5.9e+11
dp[26][2110]=-5.9e+11
dp[27][2110]=-5.9e+11
dp[28][2110]=-5.9e+11
dp[29][2110]=-5.9e+11
dp[30][2110]=-5.9e+11
dp[31][2110]=-5.9e+11
dp[32][2110]=-5.9e+11
dp[33][2110]=-5.9e+11
dp[34][2110]=-5.9e+11
dp[35][2110]=-5.9e+11
dp[36][2110]=-5.9e+11
dp[37][2110]=-5.9e+11
dp[38][2110]=-5.9e+11
dp[39][2110]=-5.9e+11
dp[40][2110]=-5.9e+11
dp[41][2110]=-5.9e+11
dp[42][2110]=-5.9e+11
dp[43][2110]=-5.9e+11
dp[44][2110]=-5.9e+11
dp[45][2110]=-5.9e+11
Select best dp
Best k=24
Stratifying 4-th numerical feature ...
dp[2][2110]=-6.52e+12
dp[3][2110]=-6.52e+12
dp[4][2110]=-1.252e+13
dp[5][2110]=-1.252e+13
dp[6][2110]=-1.252e+13
dp[7][2110]=-1.252e+13
dp[8][2110]=-1.252e+13
dp[9][2110]=-1.252e+13
dp[10][2110]=-1.252e+13
dp[11][2110]=-1.252e+13
dp[12][2110]=-1.252e+13
dp[13][2110]=-1.252e+13
dp[14][2110]=-1.252e+13
dp[15][2110]=-1.252e+13
dp[16][2110]=-1.252e+13
dp[17][2110]=-1.252e+13
dp[18][2110]=-1.252e+13
dp[19][2110]=-1.252e+13
dp[20][2110]=-1.252e+13
dp[21][2110]=-1.252e+13
dp[22][2110]=-1.252e+13
dp[23][2110]=-1.252e+13
dp[24][2110]=-1.252e+13
dp[25][2110]=-1.252e+13
dp[26][2110]=-1.252e+13
dp[27][2110]=-1.252e+13
dp[28][2110]=-1.252e+13
dp[29][2110]=-1.252e+13
dp[30][2110]=-1.252e+13
dp[31][2110]=-1.252e+13
dp[32][2110]=-1.252e+13
dp[33][2110]=-1.252e+13
dp[34][2110]=-1.252e+13
dp[35][2110]=-1.252e+13
dp[36][2110]=-1.252e+13
dp[37][2110]=-1.252e+13
dp[38][2110]=-1.252e+13
dp[39][2110]=-1.252e+13
dp[40][2110]=-1.252e+13
dp[41][2110]=-1.252e+13
dp[42][2110]=-1.252e+13
dp[43][2110]=-1.252e+13
dp[44][2110]=-1.252e+13
dp[45][2110]=-1.252e+13
Select best dp
Best k=9
Stratifying 5-th numerical feature ...
dp[2][2110]=-1.99e+12
dp[3][2110]=-1.203e+13
dp[4][2110]=-1.402e+13
dp[5][2110]=-1.471e+13
dp[6][2110]=-1.471e+13
dp[7][2110]=-1.471e+13
dp[8][2110]=-1.471e+13
dp[9][2110]=-1.471e+13
dp[10][2110]=-1.471e+13
dp[11][2110]=-1.471e+13
dp[12][2110]=-1.471e+13
dp[13][2110]=-1.471e+13
dp[14][2110]=-1.471e+13
dp[15][2110]=-1.471e+13
dp[16][2110]=-1.471e+13
dp[17][2110]=-1.471e+13
dp[18][2110]=-1.471e+13
dp[19][2110]=-1.471e+13
dp[20][2110]=-1.471e+13
dp[21][2110]=-1.471e+13
dp[22][2110]=-1.471e+13
dp[23][2110]=-1.471e+13
dp[24][2110]=-1.471e+13
dp[25][2110]=-1.471e+13
dp[26][2110]=-1.471e+13
dp[27][2110]=-1.471e+13
dp[28][2110]=-1.471e+13
dp[29][2110]=-1.471e+13
dp[30][2110]=-1.471e+13
dp[31][2110]=-1.471e+13
dp[32][2110]=-1.471e+13
dp[33][2110]=-1.471e+13
dp[34][2110]=-1.471e+13
dp[35][2110]=-1.471e+13
dp[36][2110]=-1.471e+13
dp[37][2110]=-1.471e+13
dp[38][2110]=-1.471e+13
dp[39][2110]=-1.471e+13
dp[40][2110]=-1.471e+13
dp[41][2110]=-1.471e+13
dp[42][2110]=-1.471e+13
dp[43][2110]=-1.471e+13
dp[44][2110]=-1.471e+13
dp[45][2110]=-1.446e+13
Select best dp
Best k=9
Stratifying 6-th numerical feature ...
dp[2][2110]=-2.11e+12
dp[3][2110]=-4.49e+12
dp[4][2110]=-6.6e+12
dp[5][2110]=-8.22e+12
dp[6][2110]=-8.22e+12
dp[7][2110]=-8.22e+12
dp[8][2110]=-8.22e+12
dp[9][2110]=-8.22e+12
dp[10][2110]=-8.22e+12
dp[11][2110]=-8.22e+12
dp[12][2110]=-8.22e+12
dp[13][2110]=-8.22e+12
dp[14][2110]=-8.22e+12
dp[15][2110]=-8.22e+12
dp[16][2110]=-8.22e+12
dp[17][2110]=-8.22e+12
dp[18][2110]=-8.22e+12
dp[19][2110]=-8.22e+12
dp[20][2110]=-8.22e+12
dp[21][2110]=-8.22e+12
dp[22][2110]=-8.22e+12
dp[23][2110]=-8.22e+12
dp[24][2110]=-8.22e+12
dp[25][2110]=-8.22e+12
dp[26][2110]=-8.22e+12
dp[27][2110]=-8.22e+12
dp[28][2110]=-8.22e+12
dp[29][2110]=-8.22e+12
dp[30][2110]=-8.22e+12
dp[31][2110]=-8.22e+12
dp[32][2110]=-8.22e+12
dp[33][2110]=-8.22e+12
dp[34][2110]=-8.22e+12
dp[35][2110]=-8.22e+12
dp[36][2110]=-8.22e+12
dp[37][2110]=-8.21e+12
dp[38][2110]=-8.21e+12
dp[39][2110]=-8.21e+12
dp[40][2110]=-8.21e+12
dp[41][2110]=-8.21e+12
dp[42][2110]=-8.21e+12
dp[43][2110]=-8.21e+12
dp[44][2110]=-8.17e+12
dp[45][2110]=-7.77e+12
Select best dp
Best k=14
Stratifying 7-th numerical feature ...
dp[2][2110]=-4.12e+12
dp[3][2110]=-4.87e+12
dp[4][2110]=-6.46e+12
dp[5][2110]=-7.21e+12
dp[6][2110]=-8.3e+12
dp[7][2110]=-9.05e+12
dp[8][2110]=-9.05e+12
dp[9][2110]=-9.05e+12
dp[10][2110]=-9.05e+12
dp[11][2110]=-9.05e+12
dp[12][2110]=-9.05e+12
dp[13][2110]=-9.05e+12
dp[14][2110]=-9.05e+12
dp[15][2110]=-9.05e+12
dp[16][2110]=-9.05e+12
dp[17][2110]=-9.05e+12
dp[18][2110]=-9.05e+12
dp[19][2110]=-9.05e+12
dp[20][2110]=-9.05e+12
dp[21][2110]=-9.05e+12
dp[22][2110]=-9.05e+12
dp[23][2110]=-9.05e+12
dp[24][2110]=-9.05e+12
dp[25][2110]=-9.05e+12
dp[26][2110]=-9.05e+12
dp[27][2110]=-9.05e+12
dp[28][2110]=-9.05e+12
dp[29][2110]=-9.05e+12
dp[30][2110]=-9.05e+12
dp[31][2110]=-9.05e+12
dp[32][2110]=-9.05e+12
dp[33][2110]=-9.05e+12
dp[34][2110]=-9.05e+12
dp[35][2110]=-9.05e+12
dp[36][2110]=-9.05e+12
dp[37][2110]=-9.05e+12
dp[38][2110]=-9.05e+12
dp[39][2110]=-9.05e+12
dp[40][2110]=-9.05e+12
dp[41][2110]=-9.04e+12
dp[42][2110]=-9.03e+12
dp[43][2110]=-8.87e+12
dp[44][2110]=-8.67e+12
dp[45][2110]=-8.23e+12
Select best dp
Best k=16
Stratifying 8-th numerical feature ...
dp[2][2110]=-5.58e+12
dp[3][2110]=-6.67e+12
dp[4][2110]=-8.5e+12
dp[5][2110]=-9.59e+12
dp[6][2110]=-9.59e+12
dp[7][2110]=-9.59e+12
dp[8][2110]=-9.59e+12
dp[9][2110]=-9.59e+12
dp[10][2110]=-9.59e+12
dp[11][2110]=-9.59e+12
dp[12][2110]=-9.59e+12
dp[13][2110]=-9.59e+12
dp[14][2110]=-9.59e+12
dp[15][2110]=-9.59e+12
dp[16][2110]=-9.59e+12
dp[17][2110]=-9.59e+12
dp[18][2110]=-9.59e+12
dp[19][2110]=-9.59e+12
dp[20][2110]=-9.59e+12
dp[21][2110]=-9.59e+12
dp[22][2110]=-9.59e+12
dp[23][2110]=-9.59e+12
dp[24][2110]=-9.59e+12
dp[25][2110]=-9.59e+12
dp[26][2110]=-9.59e+12
dp[27][2110]=-9.59e+12
dp[28][2110]=-9.59e+12
dp[29][2110]=-9.59e+12
dp[30][2110]=-9.59e+12
dp[31][2110]=-9.59e+12
dp[32][2110]=-9.59e+12
dp[33][2110]=-9.59e+12
dp[34][2110]=-9.59e+12
dp[35][2110]=-9.59e+12
dp[36][2110]=-9.59e+12
dp[37][2110]=-9.59e+12
dp[38][2110]=-9.59e+12
dp[39][2110]=-9.59e+12
dp[40][2110]=-9.59e+12
dp[41][2110]=-9.59e+12
dp[42][2110]=-9.59e+12
dp[43][2110]=-9.58e+12
dp[44][2110]=-9.58e+12
dp[45][2110]=-9.42e+12
Select best dp
Best k=12
