Standardize ...
Stratifying 1-th numerical feature ...
dp[2][568]=-731.065
dp[3][568]=-1223.82
dp[4][568]=-1437.82
dp[5][568]=-1533.56
dp[6][568]=-1498.7
dp[7][568]=-1408.87
dp[8][568]=-1275.14
dp[9][568]=-1129.55
dp[10][568]=-946.252
dp[11][568]=-743.142
dp[12][568]=-524.271
dp[13][568]=-276.792
dp[14][568]=-20.3543
dp[15][568]=240.849
dp[16][568]=503.166
dp[17][568]=777.382
dp[18][568]=1067.67
dp[19][568]=1358.93
dp[20][568]=1653.34
dp[21][568]=1954.07
dp[22][568]=2273.81
dp[23][568]=2615.78
Select best dp
Best k=5
Stratifying 2-th numerical feature ...
dp[2][568]=158.12
dp[3][568]=88.5773
dp[4][568]=112.782
dp[5][568]=237.876
dp[6][568]=401.229
dp[7][568]=584.651
dp[8][568]=803.265
dp[9][568]=1052.75
dp[10][568]=1310.76
dp[11][568]=1578.77
dp[12][568]=1855.61
dp[13][568]=2137.99
dp[14][568]=2429.43
dp[15][568]=2722.56
dp[16][568]=3020.22
dp[17][568]=3329.04
dp[18][568]=3650.59
dp[19][568]=3975.53
dp[20][568]=4304.15
dp[21][568]=4633.87
dp[22][568]=4971.18
dp[23][568]=5328.14
Select best dp
Best k=3
Stratifying 3-th numerical feature ...
dp[2][568]=-746.611
dp[3][568]=-1238.21
dp[4][568]=-1448.08
dp[5][568]=-1556.11
dp[6][568]=-1496.44
dp[7][568]=-1427.33
dp[8][568]=-1307.59
dp[9][568]=-1160.48
dp[10][568]=-961.923
dp[11][568]=-758.326
dp[12][568]=-526.17
dp[13][568]=-269.489
dp[14][568]=-1.51601
dp[15][568]=273.814
dp[16][568]=551.451
dp[17][568]=835.108
dp[18][568]=1124.53
dp[19][568]=1420.42
dp[20][568]=1728.57
dp[21][568]=2039.41
dp[22][568]=2365.28
dp[23][568]=2700.9
Select best dp
Best k=5
Stratifying 4-th numerical feature ...
dp[2][568]=-856.324
dp[3][568]=-1352.97
dp[4][568]=-1557.92
dp[5][568]=-1646.13
dp[6][568]=-1624.05
dp[7][568]=-1547.76
dp[8][568]=-1413.9
dp[9][568]=-1270.65
dp[10][568]=-1081.7
dp[11][568]=-883.805
dp[12][568]=-661.791
dp[13][568]=-413.767
dp[14][568]=-151.303
dp[15][568]=113.25
dp[16][568]=378.594
dp[17][568]=644.833
dp[18][568]=926.166
dp[19][568]=1219.21
dp[20][568]=1516.59
dp[21][568]=1823.37
dp[22][568]=2135.2
dp[23][568]=2464.3
Select best dp
Best k=5
Stratifying 5-th numerical feature ...
dp[2][568]=170.788
dp[3][568]=124.756
dp[4][568]=194.452
dp[5][568]=304.017
dp[6][568]=456.118
dp[7][568]=659.358
dp[8][568]=887.337
dp[9][568]=1120.45
dp[10][568]=1358.06
dp[11][568]=1601.59
dp[12][568]=1854.08
dp[13][568]=2148.11
dp[14][568]=2446.77
dp[15][568]=2749.55
dp[16][568]=3062.49
dp[17][568]=3375.55
dp[18][568]=3688.63
dp[19][568]=4005.68
dp[20][568]=4323.67
dp[21][568]=4653.63
dp[22][568]=5001.36
dp[23][568]=5351.4
Select best dp
Best k=3
Stratifying 6-th numerical feature ...
dp[2][568]=6.88227
dp[3][568]=-71.3144
dp[4][568]=-56.2827
dp[5][568]=83.7899
dp[6][568]=251.562
dp[7][568]=444.884
dp[8][568]=661.435
dp[9][568]=890.024
dp[10][568]=1134.31
dp[11][568]=1383.94
dp[12][568]=1667.76
dp[13][568]=1957.69
dp[14][568]=2249.49
dp[15][568]=2551.41
dp[16][568]=2856.06
dp[17][568]=3168.23
dp[18][568]=3485.98
dp[19][568]=3805.75
dp[20][568]=4131.9
dp[21][568]=4462.95
dp[22][568]=4807.02
dp[23][568]=5171.56
Select best dp
Best k=3
Stratifying 7-th numerical feature ...
dp[2][568]=-879.55
dp[3][568]=-1164.51
dp[4][568]=-1262.87
dp[5][568]=-1234.71
dp[6][568]=-1139.94
dp[7][568]=-1027.31
dp[8][568]=-856.081
dp[9][568]=-633.089
dp[10][568]=-402.086
dp[11][568]=-166.712
dp[12][568]=92.9053
dp[13][568]=363.483
dp[14][568]=638.07
dp[15][568]=914.769
dp[16][568]=1203.41
dp[17][568]=1502.75
dp[18][568]=1810.49
dp[19][568]=2118.78
dp[20][568]=2430.89
dp[21][568]=2753.95
dp[22][568]=3088.69
dp[23][568]=3428.59
Select best dp
Best k=4
Stratifying 8-th numerical feature ...
dp[2][568]=-867.699
dp[3][568]=-1029.87
dp[4][568]=-1152.23
dp[5][568]=-1097.93
dp[6][568]=-1017.52
dp[7][568]=-853.909
dp[8][568]=-674.652
dp[9][568]=-451.556
dp[10][568]=-210.956
dp[11][568]=36.9526
dp[12][568]=287.22
dp[13][568]=550.847
dp[14][568]=814.751
dp[15][568]=1099.21
dp[16][568]=1390.41
dp[17][568]=1684.16
dp[18][568]=1987.46
dp[19][568]=2295.46
dp[20][568]=2616.53
dp[21][568]=2954.64
dp[22][568]=3295.18
dp[23][568]=3637.06
Select best dp
Best k=4
Stratifying 9-th numerical feature ...
dp[2][568]=191.623
dp[3][568]=117.462
dp[4][568]=156.077
dp[5][568]=266.75
dp[6][568]=411.818
dp[7][568]=600.297
dp[8][568]=811.325
dp[9][568]=1039.4
dp[10][568]=1299.62
dp[11][568]=1560.68
dp[12][568]=1841.75
dp[13][568]=2127.88
dp[14][568]=2420.48
dp[15][568]=2716.78
dp[16][568]=3014.04
dp[17][568]=3313.23
dp[18][568]=3627.29
dp[19][568]=3953.43
dp[20][568]=4281.11
dp[21][568]=4615.13
dp[22][568]=4957.67
dp[23][568]=5314.66
Select best dp
Best k=3
Stratifying 10-th numerical feature ...
dp[2][568]=118.515
dp[3][568]=16.4897
dp[4][568]=59.1166
dp[5][568]=174.985
dp[6][568]=343.793
dp[7][568]=519.943
dp[8][568]=723.855
dp[9][568]=977.99
dp[10][568]=1232.14
dp[11][568]=1487.43
dp[12][568]=1754.07
dp[13][568]=2026.59
dp[14][568]=2310.47
dp[15][568]=2607.13
dp[16][568]=2909.08
dp[17][568]=3220.07
dp[18][568]=3535.36
dp[19][568]=3857.39
dp[20][568]=4180.88
dp[21][568]=4513.1
dp[22][568]=4849.98
dp[23][568]=5222.4
Select best dp
Best k=3
Stratifying 11-th numerical feature ...
dp[2][568]=-1270.71
dp[3][568]=-1759.38
dp[4][568]=-1912.25
dp[5][568]=-1931.53
dp[6][568]=-1893.23
dp[7][568]=-1760.62
dp[8][568]=-1588.3
dp[9][568]=-1385.35
dp[10][568]=-1153.12
dp[11][568]=-906.836
dp[12][568]=-656.241
dp[13][568]=-390.597
dp[14][568]=-112.351
dp[15][568]=170.975
dp[16][568]=465.72
dp[17][568]=765.423
dp[18][568]=1065.53
dp[19][568]=1366.35
dp[20][568]=1680.05
dp[21][568]=1997.34
dp[22][568]=2324.41
dp[23][568]=2691.43
Select best dp
Best k=5
Stratifying 12-th numerical feature ...
dp[2][568]=89.8888
dp[3][568]=12.5242
dp[4][568]=3.1296
dp[5][568]=131.989
dp[6][568]=274.461
dp[7][568]=468.844
dp[8][568]=682.313
dp[9][568]=906.444
dp[10][568]=1152.25
dp[11][568]=1417.62
dp[12][568]=1695.63
dp[13][568]=1977.05
dp[14][568]=2269.47
dp[15][568]=2566.92
dp[16][568]=2873.14
dp[17][568]=3188.38
dp[18][568]=3504.61
dp[19][568]=3821.7
dp[20][568]=4147.77
dp[21][568]=4478.53
dp[22][568]=4817.01
dp[23][568]=5167.98
Select best dp
Best k=4
Stratifying 13-th numerical feature ...
dp[2][568]=-1245.75
dp[3][568]=-1755.01
dp[4][568]=-1931.33
dp[5][568]=-1936
dp[6][568]=-1919.2
dp[7][568]=-1796.01
dp[8][568]=-1609.9
dp[9][568]=-1393.73
dp[10][568]=-1169.28
dp[11][568]=-916.637
dp[12][568]=-653.914
dp[13][568]=-385.923
dp[14][568]=-92.5464
dp[15][568]=202.054
dp[16][568]=497.32
dp[17][568]=798.156
dp[18][568]=1099.41
dp[19][568]=1404.14
dp[20][568]=1715.62
dp[21][568]=2041.22
dp[22][568]=2392.39
dp[23][568]=2754.47
Select best dp
Best k=5
Stratifying 14-th numerical feature ...
dp[2][568]=-1473.97
dp[3][568]=-1880.42
dp[4][568]=-2024.71
dp[5][568]=-2081.95
dp[6][568]=-1976.85
dp[7][568]=-1863.71
dp[8][568]=-1693.5
dp[9][568]=-1468.92
dp[10][568]=-1234
dp[11][568]=-990.176
dp[12][568]=-735.343
dp[13][568]=-462.881
dp[14][568]=-183.85
dp[15][568]=96.4209
dp[16][568]=383.195
dp[17][568]=673.67
dp[18][568]=972.219
dp[19][568]=1287.7
dp[20][568]=1607.06
dp[21][568]=1927.42
dp[22][568]=2256.71
dp[23][568]=2603.6
Select best dp
Best k=5
Stratifying 15-th numerical feature ...
dp[2][568]=26.155
dp[3][568]=-41.0304
dp[4][568]=-32.7846
dp[5][568]=78.5514
dp[6][568]=228.77
dp[7][568]=413.993
dp[8][568]=619.122
dp[9][568]=846.731
dp[10][568]=1099.3
dp[11][568]=1364.3
dp[12][568]=1639.23
dp[13][568]=1929.59
dp[14][568]=2225.31
dp[15][568]=2521.27
dp[16][568]=2826.72
dp[17][568]=3138.36
dp[18][568]=3452.31
dp[19][568]=3766.45
dp[20][568]=4088.61
dp[21][568]=4418.39
dp[22][568]=4759.62
dp[23][568]=5120.92
Select best dp
Best k=3
Stratifying 16-th numerical feature ...
dp[2][568]=-96.2416
dp[3][568]=-176.303
dp[4][568]=-140.55
dp[5][568]=-31.7885
dp[6][568]=139.507
dp[7][568]=322.794
dp[8][568]=523.875
dp[9][568]=767.058
dp[10][568]=1025.6
dp[11][568]=1285.91
dp[12][568]=1559.9
dp[13][568]=1839.18
dp[14][568]=2120.33
dp[15][568]=2416.43
dp[16][568]=2714.38
dp[17][568]=3019.56
dp[18][568]=3340.27
dp[19][568]=3662.34
dp[20][568]=3984.97
dp[21][568]=4310.62
dp[22][568]=4640.16
dp[23][568]=4996.98
Select best dp
Best k=3
Stratifying 17-th numerical feature ...
dp[2][568]=-60.6387
dp[3][568]=-181.502
dp[4][568]=-172.533
dp[5][568]=-124.946
dp[6][568]=24.4235
dp[7][568]=207.224
dp[8][568]=436.769
dp[9][568]=674.531
dp[10][568]=918.474
dp[11][568]=1170.2
dp[12][568]=1435.85
dp[13][568]=1706.55
dp[14][568]=1985.84
dp[15][568]=2273.36
dp[16][568]=2561.33
dp[17][568]=2866.5
dp[18][568]=3178.34
dp[19][568]=3498.96
dp[20][568]=3820.65
dp[21][568]=4143.86
dp[22][568]=4467.32
dp[23][568]=4805.18
Select best dp
Best k=3
Stratifying 18-th numerical feature ...
dp[2][568]=180.355
dp[3][568]=98.8694
dp[4][568]=139.676
dp[5][568]=251.79
dp[6][568]=394.757
dp[7][568]=554.935
dp[8][568]=779.886
dp[9][568]=1005.75
dp[10][568]=1241.05
dp[11][568]=1490.92
dp[12][568]=1756.78
dp[13][568]=2035.94
dp[14][568]=2325.82
dp[15][568]=2621.29
dp[16][568]=2925.54
dp[17][568]=3231.57
dp[18][568]=3538.68
dp[19][568]=3857.18
dp[20][568]=4194.24
dp[21][568]=4533.4
dp[22][568]=4875.76
dp[23][568]=5219.03
Select best dp
Best k=3
Stratifying 19-th numerical feature ...
dp[2][568]=-14.2624
dp[3][568]=-152.165
dp[4][568]=-72.2366
dp[5][568]=21.4416
dp[6][568]=172.921
dp[7][568]=355.128
dp[8][568]=578.25
dp[9][568]=814.661
dp[10][568]=1065.9
dp[11][568]=1320.76
dp[12][568]=1580.01
dp[13][568]=1864.48
dp[14][568]=2156.16
dp[15][568]=2451.39
dp[16][568]=2753.41
dp[17][568]=3068.49
dp[18][568]=3385.56
dp[19][568]=3705.76
dp[20][568]=4032.58
dp[21][568]=4366.89
dp[22][568]=4702.73
dp[23][568]=5039.83
Select best dp
Best k=3
Stratifying 20-th numerical feature ...
dp[2][568]=-116.371
dp[3][568]=-290.802
dp[4][568]=-267.178
dp[5][568]=-171.062
dp[6][568]=-8.70741
dp[7][568]=166.287
dp[8][568]=387.726
dp[9][568]=625.258
dp[10][568]=880.173
dp[11][568]=1135.75
dp[12][568]=1409.73
dp[13][568]=1687.32
dp[14][568]=1965.98
dp[15][568]=2250.85
dp[16][568]=2553.97
dp[17][568]=2858.45
dp[18][568]=3174.93
dp[19][568]=3493.85
dp[20][568]=3813.24
dp[21][568]=4139.55
dp[22][568]=4471.02
dp[23][568]=4837.16
Select best dp
Best k=3
Stratifying 21-th numerical feature ...
dp[2][568]=-832.543
dp[3][568]=-1306.9
dp[4][568]=-1573.88
dp[5][568]=-1619.02
dp[6][568]=-1561.28
dp[7][568]=-1483.95
dp[8][568]=-1357.51
dp[9][568]=-1201.38
dp[10][568]=-1016.9
dp[11][568]=-820.406
dp[12][568]=-596.551
dp[13][568]=-339.845
dp[14][568]=-82.9744
dp[15][568]=175.2
dp[16][568]=441.457
dp[17][568]=718.142
dp[18][568]=1016.9
dp[19][568]=1327.05
dp[20][568]=1645.93
dp[21][568]=1967.11
dp[22][568]=2296.52
dp[23][568]=2629.55
Select best dp
Best k=5
Stratifying 22-th numerical feature ...
dp[2][568]=141.232
dp[3][568]=49.7981
dp[4][568]=114.48
dp[5][568]=236.004
dp[6][568]=392.434
dp[7][568]=577.771
dp[8][568]=813.841
dp[9][568]=1057.41
dp[10][568]=1313.4
dp[11][568]=1584.31
dp[12][568]=1855.43
dp[13][568]=2128.65
dp[14][568]=2410.08
dp[15][568]=2696.06
dp[16][568]=2983.15
dp[17][568]=3293.15
dp[18][568]=3610.43
dp[19][568]=3929.17
dp[20][568]=4252.99
dp[21][568]=4592.96
dp[22][568]=4947.06
dp[23][568]=5306.59
Select best dp
Best k=3
Stratifying 23-th numerical feature ...
dp[2][568]=-820.865
dp[3][568]=-1274.47
dp[4][568]=-1538.81
dp[5][568]=-1559.86
dp[6][568]=-1506.18
dp[7][568]=-1405.91
dp[8][568]=-1262.97
dp[9][568]=-1087.11
dp[10][568]=-879.526
dp[11][568]=-671.787
dp[12][568]=-437.595
dp[13][568]=-199.371
dp[14][568]=78.0189
dp[15][568]=363.269
dp[16][568]=649.677
dp[17][568]=940.541
dp[18][568]=1240.12
dp[19][568]=1539.8
dp[20][568]=1840.16
dp[21][568]=2156.7
dp[22][568]=2511.32
dp[23][568]=2877.87
Select best dp
Best k=5
Stratifying 24-th numerical feature ...
dp[2][568]=-986.335
dp[3][568]=-1469.94
dp[4][568]=-1727.13
dp[5][568]=-1761.02
dp[6][568]=-1717.59
dp[7][568]=-1641.27
dp[8][568]=-1528.01
dp[9][568]=-1382.83
dp[10][568]=-1192.94
dp[11][568]=-1002.39
dp[12][568]=-768.756
dp[13][568]=-523.258
dp[14][568]=-262.247
dp[15][568]=0.914079
dp[16][568]=264.875
dp[17][568]=540.602
dp[18][568]=828.858
dp[19][568]=1131.75
dp[20][568]=1440.32
dp[21][568]=1759.97
dp[22][568]=2090.28
dp[23][568]=2434.12
Select best dp
Best k=5
Stratifying 25-th numerical feature ...
dp[2][568]=194.777
dp[3][568]=124.515
dp[4][568]=127.307
dp[5][568]=263.512
dp[6][568]=417.174
dp[7][568]=593.918
dp[8][568]=805.521
dp[9][568]=1067.14
dp[10][568]=1333.34
dp[11][568]=1611.12
dp[12][568]=1891.58
dp[13][568]=2173.11
dp[14][568]=2456.7
dp[15][568]=2748.67
dp[16][568]=3044.56
dp[17][568]=3350.36
dp[18][568]=3665.94
dp[19][568]=3986.74
dp[20][568]=4312.25
dp[21][568]=4640.08
dp[22][568]=4982.03
dp[23][568]=5337.48
Select best dp
Best k=3
Stratifying 26-th numerical feature ...
dp[2][568]=-5.49239
dp[3][568]=-80.2398
dp[4][568]=-36.7907
dp[5][568]=66.2598
dp[6][568]=227.957
dp[7][568]=420.464
dp[8][568]=642.285
dp[9][568]=881.92
dp[10][568]=1127.43
dp[11][568]=1391.99
dp[12][568]=1664.87
dp[13][568]=1952.56
dp[14][568]=2253.01
dp[15][568]=2554.28
dp[16][568]=2857.72
dp[17][568]=3164.11
dp[18][568]=3478.86
dp[19][568]=3793.95
dp[20][568]=4118.03
dp[21][568]=4454.3
dp[22][568]=4794.23
dp[23][568]=5140.13
Select best dp
Best k=3
Stratifying 27-th numerical feature ...
dp[2][568]=-785.445
dp[3][568]=-1043.22
dp[4][568]=-1214.58
dp[5][568]=-1180.05
dp[6][568]=-1121.22
dp[7][568]=-951.269
dp[8][568]=-765.451
dp[9][568]=-564.264
dp[10][568]=-340.384
dp[11][568]=-81.7277
dp[12][568]=192.993
dp[13][568]=470.253
dp[14][568]=753.882
dp[15][568]=1039.86
dp[16][568]=1328.33
dp[17][568]=1635.09
dp[18][568]=1944.98
dp[19][568]=2260.84
dp[20][568]=2579.33
dp[21][568]=2903.26
dp[22][568]=3243.06
dp[23][568]=3583.85
Select best dp
Best k=4
Stratifying 28-th numerical feature ...
dp[2][568]=-743.808
dp[3][568]=-1010.04
dp[4][568]=-1067.64
dp[5][568]=-1039.1
dp[6][568]=-973.216
dp[7][568]=-822.937
dp[8][568]=-620.165
dp[9][568]=-399.765
dp[10][568]=-164.622
dp[11][568]=80.9738
dp[12][568]=347.501
dp[13][568]=619.948
dp[14][568]=902.864
dp[15][568]=1190.26
dp[16][568]=1491.4
dp[17][568]=1794.87
dp[18][568]=2098.49
dp[19][568]=2407.76
dp[20][568]=2724.24
dp[21][568]=3045.35
dp[22][568]=3395.13
dp[23][568]=3748.15
Select best dp
Best k=4
Stratifying 29-th numerical feature ...
dp[2][568]=191.882
dp[3][568]=88.8245
dp[4][568]=75.6332
dp[5][568]=195.461
dp[6][568]=359.738
dp[7][568]=556.295
dp[8][568]=766.653
dp[9][568]=977.707
dp[10][568]=1227.61
dp[11][568]=1489.3
dp[12][568]=1759.48
dp[13][568]=2036.63
dp[14][568]=2320.87
dp[15][568]=2621.85
dp[16][568]=2928.47
dp[17][568]=3236.21
dp[18][568]=3545.33
dp[19][568]=3858.72
dp[20][568]=4183.92
dp[21][568]=4517.75
dp[22][568]=4865.72
dp[23][568]=5215.18
Select best dp
Best k=4
Stratifying 30-th numerical feature ...
dp[2][568]=45.5307
dp[3][568]=-55.9229
dp[4][568]=-6.78676
dp[5][568]=122.919
dp[6][568]=271.928
dp[7][568]=448.803
dp[8][568]=664.483
dp[9][568]=898.753
dp[10][568]=1153.2
dp[11][568]=1416.52
dp[12][568]=1692.66
dp[13][568]=1969.83
dp[14][568]=2261.45
dp[15][568]=2553.64
dp[16][568]=2853.54
dp[17][568]=3163.97
dp[18][568]=3475.02
dp[19][568]=3791.35
dp[20][568]=4107.78
dp[21][568]=4430.98
dp[22][568]=4757.54
dp[23][568]=5096.76
Select best dp
Best k=3
