Standardize ...
Stratifying 1-th numerical feature ...
dp[2][337]=-1.8e+11
dp[3][337]=-1.8e+11
dp[4][337]=-1.8e+11
dp[5][337]=-1.8e+11
dp[6][337]=-1.8e+11
dp[7][337]=-1.8e+11
dp[8][337]=-1.8e+11
dp[9][337]=-1.8e+11
dp[10][337]=-1.8e+11
dp[11][337]=-1.8e+11
dp[12][337]=-1.8e+11
dp[13][337]=-1.8e+11
dp[14][337]=-1.8e+11
dp[15][337]=-1.8e+11
dp[16][337]=-1.8e+11
dp[17][337]=-1.8e+11
dp[18][337]=-1.8e+11
Select best dp
Best k=14
Stratifying 2-th numerical feature ...
dp[2][337]=-2.7e+11
dp[3][337]=-5.5e+11
dp[4][337]=-8.4e+11
dp[5][337]=-1.13e+12
dp[6][337]=-1.43e+12
dp[7][337]=-1.73e+12
dp[8][337]=-2.02e+12
dp[9][337]=-2.31e+12
dp[10][337]=-2.59e+12
dp[11][337]=-2.89e+12
dp[12][337]=-3.38e+12
dp[13][337]=-3.2e+12
dp[14][337]=-3.02e+12
dp[15][337]=-2.84e+12
dp[16][337]=-2.66e+12
dp[17][337]=-2.48e+12
dp[18][337]=-2.12e+12
Select best dp
Best k=12
