Standardize ...
Stratifying 1-th numerical feature ...
dp[2][269]=-33.8983
dp[3][269]=-1.6e+11
dp[4][269]=-1.6e+11
dp[5][269]=-1.6e+11
dp[6][269]=-1.6e+11
dp[7][269]=-1.6e+11
dp[8][269]=-1.6e+11
dp[9][269]=-1.6e+11
dp[10][269]=-1.6e+11
dp[11][269]=-1.6e+11
dp[12][269]=-1.6e+11
dp[13][269]=-1.6e+11
dp[14][269]=-1.6e+11
dp[15][269]=-1.6e+11
dp[16][269]=-1.6e+11
Select best dp
Best k=5
Stratifying 2-th numerical feature ...
dp[2][269]=-0.555778
dp[3][269]=-3.4e+11
dp[4][269]=-3.4e+11
dp[5][269]=-6.5e+11
dp[6][269]=-6.5e+11
dp[7][269]=-9.5e+11
dp[8][269]=-9.5e+11
dp[9][269]=-1.12e+12
dp[10][269]=-1.12e+12
dp[11][269]=-1.24e+12
dp[12][269]=-1.24e+12
dp[13][269]=-1.24e+12
dp[14][269]=-1.2e+12
dp[15][269]=-1.04e+12
dp[16][269]=-8.6e+11
Select best dp
Best k=11
Stratifying 3-th numerical feature ...
dp[2][269]=15.4557
dp[3][269]=-54.3364
dp[4][269]=-78.9177
dp[5][269]=-61.7124
dp[6][269]=-38.9621
dp[7][269]=-2.10989
dp[8][269]=61.6814
dp[9][269]=127.672
dp[10][269]=194.232
dp[11][269]=276.016
dp[12][269]=373.663
dp[13][269]=472.637
dp[14][269]=574.407
dp[15][269]=682.39
dp[16][269]=794.88
Select best dp
Best k=4
Stratifying 4-th numerical feature ...
dp[2][269]=-37.7721
dp[3][269]=-102.972
dp[4][269]=-151.169
dp[5][269]=-118.848
dp[6][269]=-83.0937
dp[7][269]=-43.7639
dp[8][269]=25.596
dp[9][269]=99.6255
dp[10][269]=182.544
dp[11][269]=266.991
dp[12][269]=353.28
dp[13][269]=450.503
dp[14][269]=549.627
dp[15][269]=655.871
dp[16][269]=777.29
Select best dp
Best k=4
Stratifying 5-th numerical feature ...
dp[2][269]=-8.5e+11
dp[3][269]=-8.5e+11
dp[4][269]=-8.5e+11
dp[5][269]=-8.5e+11
dp[6][269]=-8.5e+11
dp[7][269]=-8.5e+11
dp[8][269]=-8.5e+11
dp[9][269]=-8.5e+11
dp[10][269]=-8.5e+11
dp[11][269]=-8.5e+11
dp[12][269]=-8.5e+11
dp[13][269]=-8.5e+11
dp[14][269]=-8.5e+11
dp[15][269]=-8.5e+11
dp[16][269]=-8.5e+11
Select best dp
Best k=4
