Standardize ...
Stratifying 1-th numerical feature ...
dp[2][1384]=-5e+11
dp[3][1384]=-1.06e+12
dp[4][1384]=-1.54e+12
dp[5][1384]=-1.98e+12
dp[6][1384]=-2.49e+12
dp[7][1384]=-2.95e+12
dp[8][1384]=-3.43e+12
dp[9][1384]=-3.97e+12
dp[10][1384]=-4.38e+12
dp[11][1384]=-4.82e+12
dp[12][1384]=-5.33e+12
dp[13][1384]=-5.79e+12
dp[14][1384]=-6.27e+12
dp[15][1384]=-6.81e+12
dp[16][1384]=-7.25e+12
dp[17][1384]=-7.71e+12
dp[18][1384]=-8.2e+12
dp[19][1384]=-8.65e+12
dp[20][1384]=-9.12e+12
dp[21][1384]=-9.5e+12
dp[22][1384]=-9.97e+12
dp[23][1384]=-1.041e+13
dp[24][1384]=-1.088e+13
dp[25][1384]=-1.133e+13
dp[26][1384]=-1.178e+13
dp[27][1384]=-1.184e+13
dp[28][1384]=-1.228e+13
dp[29][1384]=-1.267e+13
dp[30][1384]=-1.311e+13
dp[31][1384]=-1.237e+13
dp[32][1384]=-1.163e+13
dp[33][1384]=-1.089e+13
dp[34][1384]=-9.78e+12
dp[35][1384]=-8.67e+12
dp[36][1384]=-7.56e+12
dp[37][1384]=-5.71e+12
Select best dp
Best k=30
Stratifying 2-th numerical feature ...
dp[2][1384]=-1e+12
dp[3][1384]=-2.18e+12
dp[4][1384]=-3.22e+12
dp[5][1384]=-4.18e+12
dp[6][1384]=-5.23e+12
dp[7][1384]=-6.27e+12
dp[8][1384]=-7.19e+12
dp[9][1384]=-8.21e+12
dp[10][1384]=-9.16e+12
dp[11][1384]=-1.009e+13
dp[12][1384]=-1.116e+13
dp[13][1384]=-1.215e+13
dp[14][1384]=-1.385e+13
dp[15][1384]=-1.385e+13
dp[16][1384]=-1.385e+13
dp[17][1384]=-1.385e+13
dp[18][1384]=-1.385e+13
dp[19][1384]=-1.385e+13
dp[20][1384]=-1.385e+13
dp[21][1384]=-1.385e+13
dp[22][1384]=-1.385e+13
dp[23][1384]=-1.385e+13
dp[24][1384]=-1.385e+13
dp[25][1384]=-1.385e+13
dp[26][1384]=-1.385e+13
dp[27][1384]=-1.385e+13
dp[28][1384]=-1.385e+13
dp[29][1384]=-1.385e+13
dp[30][1384]=-1.385e+13
dp[31][1384]=-1.348e+13
dp[32][1384]=-1.311e+13
dp[33][1384]=-1.274e+13
dp[34][1384]=-1.237e+13
dp[35][1384]=-1.2e+13
dp[36][1384]=-1.126e+13
dp[37][1384]=-1.015e+13
Select best dp
Best k=14
Stratifying 3-th numerical feature ...
dp[2][1384]=-1035.34
dp[3][1384]=-1756.46
dp[4][1384]=-2086.16
dp[5][1384]=-2242.05
dp[6][1384]=-2322.56
dp[7][1384]=-2325.08
dp[8][1384]=-2286.31
dp[9][1384]=-2156.89
dp[10][1384]=-2021.77
dp[11][1384]=-1855.94
dp[12][1384]=-1659.9
dp[13][1384]=-1456.66
dp[14][1384]=-1207.41
dp[15][1384]=-953.464
dp[16][1384]=-683.998
dp[17][1384]=-400.698
dp[18][1384]=-108.407
dp[19][1384]=184.231
dp[20][1384]=477.272
dp[21][1384]=790.449
dp[22][1384]=1107.9
dp[23][1384]=1427.55
dp[24][1384]=1749.07
dp[25][1384]=2089.25
dp[26][1384]=2431
dp[27][1384]=2774.2
dp[28][1384]=3117.86
dp[29][1384]=3466.77
dp[30][1384]=3819.89
dp[31][1384]=4174.61
dp[32][1384]=4529.62
dp[33][1384]=4895.73
dp[34][1384]=5264.68
dp[35][1384]=5650.22
dp[36][1384]=6058.59
dp[37][1384]=6479.04
Select best dp
Best k=7
Stratifying 4-th numerical feature ...
dp[2][1384]=-1032.3
dp[3][1384]=-1704.25
dp[4][1384]=-2027.41
dp[5][1384]=-2209.82
dp[6][1384]=-2280.57
dp[7][1384]=-2273.05
dp[8][1384]=-2218.12
dp[9][1384]=-2076.19
dp[10][1384]=-1926.66
dp[11][1384]=-1740.38
dp[12][1384]=-1538.62
dp[13][1384]=-1331.24
dp[14][1384]=-1112.24
dp[15][1384]=-867.28
dp[16][1384]=-602.585
dp[17][1384]=-336.133
dp[18][1384]=-53.3203
dp[19][1384]=234.389
dp[20][1384]=531.38
dp[21][1384]=834.348
dp[22][1384]=1148.73
dp[23][1384]=1472.6
dp[24][1384]=1799.04
dp[25][1384]=2130.29
dp[26][1384]=2466.58
dp[27][1384]=2806.24
dp[28][1384]=3147.57
dp[29][1384]=3492.08
dp[30][1384]=3838.88
dp[31][1384]=4190.11
dp[32][1384]=4543.1
dp[33][1384]=4911.6
dp[34][1384]=5288.07
dp[35][1384]=5673.47
dp[36][1384]=6080.96
dp[37][1384]=6493.51
Select best dp
Best k=6
Stratifying 5-th numerical feature ...
dp[2][1384]=-1029
dp[3][1384]=-1731.36
dp[4][1384]=-2078.23
dp[5][1384]=-2289.66
dp[6][1384]=-2322.67
dp[7][1384]=-2349.75
dp[8][1384]=-2295.13
dp[9][1384]=-2176.81
dp[10][1384]=-2026.85
dp[11][1384]=-1866.41
dp[12][1384]=-1690.17
dp[13][1384]=-1450.9
dp[14][1384]=-1201.93
dp[15][1384]=-945.367
dp[16][1384]=-672.813
dp[17][1384]=-379.952
dp[18][1384]=-86.7648
dp[19][1384]=210.858
dp[20][1384]=511.311
dp[21][1384]=823.717
dp[22][1384]=1139.95
dp[23][1384]=1456.82
dp[24][1384]=1778.19
dp[25][1384]=2100.36
dp[26][1384]=2427.31
dp[27][1384]=2762.96
dp[28][1384]=3107.41
dp[29][1384]=3456.37
dp[30][1384]=3806.01
dp[31][1384]=4156.06
dp[32][1384]=4509.99
dp[33][1384]=4868.73
dp[34][1384]=5241.25
dp[35][1384]=5631.41
dp[36][1384]=6026.41
dp[37][1384]=6450.85
Select best dp
Best k=7
Stratifying 6-th numerical feature ...
dp[2][1384]=-1050.19
dp[3][1384]=-1728.71
dp[4][1384]=-2064.24
dp[5][1384]=-2214.96
dp[6][1384]=-2308.92
dp[7][1384]=-2341.11
dp[8][1384]=-2265.06
dp[9][1384]=-2153.75
dp[10][1384]=-2017.25
dp[11][1384]=-1817.03
dp[12][1384]=-1599.02
dp[13][1384]=-1372.78
dp[14][1384]=-1128.3
dp[15][1384]=-880.786
dp[16][1384]=-619.309
dp[17][1384]=-348.753
dp[18][1384]=-74.266
dp[19][1384]=212.747
dp[20][1384]=509.157
dp[21][1384]=813.933
dp[22][1384]=1122.65
dp[23][1384]=1434.29
dp[24][1384]=1750.24
dp[25][1384]=2068.03
dp[26][1384]=2397.94
dp[27][1384]=2736.66
dp[28][1384]=3075.75
dp[29][1384]=3420.61
dp[30][1384]=3769.33
dp[31][1384]=4124.1
dp[32][1384]=4483.92
dp[33][1384]=4863.57
dp[34][1384]=5260.09
dp[35][1384]=5688.85
dp[36][1384]=6139.72
dp[37][1384]=6595.9
Select best dp
Best k=7
Stratifying 7-th numerical feature ...
dp[2][1384]=-997.619
dp[3][1384]=-1655.4
dp[4][1384]=-1991.01
dp[5][1384]=-2231.99
dp[6][1384]=-2306.13
dp[7][1384]=-2279.64
dp[8][1384]=-2219.93
dp[9][1384]=-2116.11
dp[10][1384]=-1976.51
dp[11][1384]=-1813.53
dp[12][1384]=-1632.59
dp[13][1384]=-1401.52
dp[14][1384]=-1162.32
dp[15][1384]=-902.933
dp[16][1384]=-637.909
dp[17][1384]=-352.883
dp[18][1384]=-66.6963
dp[19][1384]=220.236
dp[20][1384]=514.421
dp[21][1384]=817.194
dp[22][1384]=1121.23
dp[23][1384]=1428.89
dp[24][1384]=1750.05
dp[25][1384]=2074.89
dp[26][1384]=2400.94
dp[27][1384]=2730.18
dp[28][1384]=3063.34
dp[29][1384]=3400.16
dp[30][1384]=3748.3
dp[31][1384]=4100.47
dp[32][1384]=4468.01
dp[33][1384]=4838.06
dp[34][1384]=5236.67
dp[35][1384]=5653.51
dp[36][1384]=6098.27
dp[37][1384]=6613.46
Select best dp
Best k=6
Stratifying 8-th numerical feature ...
dp[2][1384]=-1078.66
dp[3][1384]=-1773.96
dp[4][1384]=-2130.95
dp[5][1384]=-2328.06
dp[6][1384]=-2369.14
dp[7][1384]=-2344.43
dp[8][1384]=-2285.13
dp[9][1384]=-2183.23
dp[10][1384]=-2043.69
dp[11][1384]=-1852.22
dp[12][1384]=-1660.03
dp[13][1384]=-1422.85
dp[14][1384]=-1175.04
dp[15][1384]=-920.545
dp[16][1384]=-658.017
dp[17][1384]=-393.041
dp[18][1384]=-116.475
dp[19][1384]=162.799
dp[20][1384]=445.216
dp[21][1384]=730.422
dp[22][1384]=1031.9
dp[23][1384]=1348.07
dp[24][1384]=1668.26
dp[25][1384]=1994.07
dp[26][1384]=2327.13
dp[27][1384]=2662.2
dp[28][1384]=2999.03
dp[29][1384]=3339.04
dp[30][1384]=3682.21
dp[31][1384]=4029.12
dp[32][1384]=4384.09
dp[33][1384]=4758.6
dp[34][1384]=5156.54
dp[35][1384]=5554.87
dp[36][1384]=5988.78
dp[37][1384]=6557.72
Select best dp
Best k=6
Stratifying 9-th numerical feature ...
dp[2][1384]=-1003.92
dp[3][1384]=-1748.36
dp[4][1384]=-2076.33
dp[5][1384]=-2273.44
dp[6][1384]=-2339.06
dp[7][1384]=-2283.29
dp[8][1384]=-2195.66
dp[9][1384]=-2100.36
dp[10][1384]=-1982.84
dp[11][1384]=-1809.81
dp[12][1384]=-1605.43
dp[13][1384]=-1377.4
dp[14][1384]=-1148.96
dp[15][1384]=-909.271
dp[16][1384]=-651.481
dp[17][1384]=-389.149
dp[18][1384]=-105.731
dp[19][1384]=180.351
dp[20][1384]=481.99
dp[21][1384]=790.308
dp[22][1384]=1101.15
dp[23][1384]=1418.84
dp[24][1384]=1739.89
dp[25][1384]=2061.01
dp[26][1384]=2390.55
dp[27][1384]=2731.54
dp[28][1384]=3077.05
dp[29][1384]=3425.87
dp[30][1384]=3778.28
dp[31][1384]=4132.26
dp[32][1384]=4488.58
dp[33][1384]=4847.12
dp[34][1384]=5260.76
dp[35][1384]=5680.03
dp[36][1384]=6105.06
dp[37][1384]=6622.19
Select best dp
Best k=6
Stratifying 10-th numerical feature ...
dp[2][1384]=-1047.21
dp[3][1384]=-1730.8
dp[4][1384]=-2122.51
dp[5][1384]=-2272.89
dp[6][1384]=-2314.05
dp[7][1384]=-2312.12
dp[8][1384]=-2286.21
dp[9][1384]=-2182.32
dp[10][1384]=-2038.26
dp[11][1384]=-1856.29
dp[12][1384]=-1655.16
dp[13][1384]=-1435.43
dp[14][1384]=-1204.01
dp[15][1384]=-948.547
dp[16][1384]=-674.364
dp[17][1384]=-396.667
dp[18][1384]=-115.578
dp[19][1384]=165.847
dp[20][1384]=448.72
dp[21][1384]=733.69
dp[22][1384]=1031.93
dp[23][1384]=1336.91
dp[24][1384]=1648.83
dp[25][1384]=1974.29
dp[26][1384]=2310.67
dp[27][1384]=2650.74
dp[28][1384]=2999.3
dp[29][1384]=3356.21
dp[30][1384]=3719.6
dp[31][1384]=4085.21
dp[32][1384]=4457.7
dp[33][1384]=4834.45
dp[34][1384]=5223.15
dp[35][1384]=5625.44
dp[36][1384]=6059.33
dp[37][1384]=6567.76
Select best dp
Best k=6
Stratifying 11-th numerical feature ...
dp[2][1384]=-1018.4
dp[3][1384]=-1680.12
dp[4][1384]=-1968.57
dp[5][1384]=-2142.92
dp[6][1384]=-2181.09
dp[7][1384]=-2137.24
dp[8][1384]=-2045.75
dp[9][1384]=-1949.58
dp[10][1384]=-1780.86
dp[11][1384]=-1582.32
dp[12][1384]=-1382.92
dp[13][1384]=-1166.73
dp[14][1384]=-934.651
dp[15][1384]=-694.271
dp[16][1384]=-432.69
dp[17][1384]=-163.259
dp[18][1384]=122.261
dp[19][1384]=410.807
dp[20][1384]=706.973
dp[21][1384]=1011.07
dp[22][1384]=1318.22
dp[23][1384]=1627.41
dp[24][1384]=1938.12
dp[25][1384]=2256.56
dp[26][1384]=2575.67
dp[27][1384]=2900.57
dp[28][1384]=3232.02
dp[29][1384]=3568.09
dp[30][1384]=3905.57
dp[31][1384]=4266.27
dp[32][1384]=4634.71
dp[33][1384]=5021.15
dp[34][1384]=5427.42
dp[35][1384]=5849.71
dp[36][1384]=6288.65
dp[37][1384]=6796.03
Select best dp
Best k=6
Stratifying 12-th numerical feature ...
dp[2][1384]=-988.291
dp[3][1384]=-1621.88
dp[4][1384]=-1980.12
dp[5][1384]=-2140.26
dp[6][1384]=-2183.96
dp[7][1384]=-2187.02
dp[8][1384]=-2106.66
dp[9][1384]=-1976.6
dp[10][1384]=-1793.55
dp[11][1384]=-1602.46
dp[12][1384]=-1390.83
dp[13][1384]=-1174.75
dp[14][1384]=-941.611
dp[15][1384]=-686.545
dp[16][1384]=-426.533
dp[17][1384]=-154.395
dp[18][1384]=121.741
dp[19][1384]=404.241
dp[20][1384]=688.211
dp[21][1384]=982.785
dp[22][1384]=1282.02
dp[23][1384]=1582.93
dp[24][1384]=1887.84
dp[25][1384]=2223.75
dp[26][1384]=2562.78
dp[27][1384]=2905.05
dp[28][1384]=3249.06
dp[29][1384]=3593.39
dp[30][1384]=3941.08
dp[31][1384]=4293.64
dp[32][1384]=4667.27
dp[33][1384]=5040.92
dp[34][1384]=5426.85
dp[35][1384]=5833.24
dp[36][1384]=6299.65
dp[37][1384]=6796.37
Select best dp
Best k=7
Stratifying 13-th numerical feature ...
dp[2][1384]=-6.5e+11
dp[3][1384]=-1.15e+12
dp[4][1384]=-1.79e+12
dp[5][1384]=-2.35e+12
dp[6][1384]=-2.94e+12
dp[7][1384]=-3.5e+12
dp[8][1384]=-4.07e+12
dp[9][1384]=-4.56e+12
dp[10][1384]=-5.07e+12
dp[11][1384]=-5.69e+12
dp[12][1384]=-6.21e+12
dp[13][1384]=-6.93e+12
dp[14][1384]=-7.53e+12
dp[15][1384]=-8.08e+12
dp[16][1384]=-8.65e+12
dp[17][1384]=-9.33e+12
dp[18][1384]=-9.84e+12
dp[19][1384]=-1.044e+13
dp[20][1384]=-1.085e+13
dp[21][1384]=-1.134e+13
dp[22][1384]=-1.203e+13
dp[23][1384]=-1.268e+13
dp[24][1384]=-1.325e+13
dp[25][1384]=-1.311e+13
dp[26][1384]=-1.274e+13
dp[27][1384]=-1.237e+13
dp[28][1384]=-1.2e+13
dp[29][1384]=-1.163e+13
dp[30][1384]=-1.126e+13
dp[31][1384]=-1.089e+13
dp[32][1384]=-1.052e+13
dp[33][1384]=-1.015e+13
dp[34][1384]=-9.78e+12
dp[35][1384]=-9.04e+12
dp[36][1384]=-8.3e+12
dp[37][1384]=-6.45e+12
Select best dp
Best k=24
Stratifying 14-th numerical feature ...
dp[2][1384]=-994.597
dp[3][1384]=-1790.57
dp[4][1384]=-2136.33
dp[5][1384]=-2315.82
dp[6][1384]=-2408.25
dp[7][1384]=-2374.5
dp[8][1384]=-2311.21
dp[9][1384]=-2229.04
dp[10][1384]=-2096.54
dp[11][1384]=-1907.64
dp[12][1384]=-1695.69
dp[13][1384]=-1462.23
dp[14][1384]=-1216.75
dp[15][1384]=-960.948
dp[16][1384]=-697.945
dp[17][1384]=-430.007
dp[18][1384]=-141.153
dp[19][1384]=151.176
dp[20][1384]=449.097
dp[21][1384]=757.584
dp[22][1384]=1069.38
dp[23][1384]=1388.14
dp[24][1384]=1709.31
dp[25][1384]=2031.25
dp[26][1384]=2353.89
dp[27][1384]=2682.66
dp[28][1384]=3026.29
dp[29][1384]=3372.05
dp[30][1384]=3721.75
dp[31][1384]=4083.61
dp[32][1384]=4456.79
dp[33][1384]=4830.81
dp[34][1384]=5209.22
dp[35][1384]=5608.83
dp[36][1384]=6033.6
dp[37][1384]=6493.43
Select best dp
Best k=6
Stratifying 15-th numerical feature ...
dp[2][1384]=-1084.85
dp[3][1384]=-1794.35
dp[4][1384]=-2172.82
dp[5][1384]=-2383.63
dp[6][1384]=-2426.85
dp[7][1384]=-2429.27
dp[8][1384]=-2417.48
dp[9][1384]=-2280.75
dp[10][1384]=-2116.81
dp[11][1384]=-1935.5
dp[12][1384]=-1723.78
dp[13][1384]=-1504.83
dp[14][1384]=-1262.23
dp[15][1384]=-1002.95
dp[16][1384]=-724.84
dp[17][1384]=-446.632
dp[18][1384]=-157.681
dp[19][1384]=131.649
dp[20][1384]=427.401
dp[21][1384]=725.108
dp[22][1384]=1034.68
dp[23][1384]=1347.63
dp[24][1384]=1668.75
dp[25][1384]=1990.17
dp[26][1384]=2314.94
dp[27][1384]=2654.92
dp[28][1384]=2998.3
dp[29][1384]=3342.2
dp[30][1384]=3690.67
dp[31][1384]=4040.65
dp[32][1384]=4394.66
dp[33][1384]=4752.9
dp[34][1384]=5131.63
dp[35][1384]=5511.83
dp[36][1384]=5922.61
dp[37][1384]=6348.96
Select best dp
Best k=7
Stratifying 16-th numerical feature ...
dp[2][1384]=-3.85e+12
dp[3][1384]=-3.85e+12
dp[4][1384]=-3.85e+12
dp[5][1384]=-3.85e+12
dp[6][1384]=-3.85e+12
dp[7][1384]=-3.85e+12
dp[8][1384]=-3.85e+12
dp[9][1384]=-3.85e+12
dp[10][1384]=-3.85e+12
dp[11][1384]=-3.85e+12
dp[12][1384]=-3.85e+12
dp[13][1384]=-3.85e+12
dp[14][1384]=-3.85e+12
dp[15][1384]=-3.85e+12
dp[16][1384]=-3.85e+12
dp[17][1384]=-3.85e+12
dp[18][1384]=-3.85e+12
dp[19][1384]=-3.85e+12
dp[20][1384]=-3.85e+12
dp[21][1384]=-3.85e+12
dp[22][1384]=-3.85e+12
dp[23][1384]=-3.85e+12
dp[24][1384]=-3.85e+12
dp[25][1384]=-3.85e+12
dp[26][1384]=-3.85e+12
dp[27][1384]=-3.85e+12
dp[28][1384]=-3.85e+12
dp[29][1384]=-3.85e+12
dp[30][1384]=-3.85e+12
dp[31][1384]=-3.85e+12
dp[32][1384]=-3.85e+12
dp[33][1384]=-3.85e+12
dp[34][1384]=-3.85e+12
dp[35][1384]=-3.85e+12
dp[36][1384]=-3.85e+12
dp[37][1384]=-3.85e+12
Select best dp
Best k=6
Stratifying 17-th numerical feature ...
dp[2][1384]=-3.84e+12
dp[3][1384]=-3.84e+12
dp[4][1384]=-3.84e+12
dp[5][1384]=-3.84e+12
dp[6][1384]=-3.84e+12
dp[7][1384]=-3.84e+12
dp[8][1384]=-3.84e+12
dp[9][1384]=-3.84e+12
dp[10][1384]=-3.84e+12
dp[11][1384]=-3.84e+12
dp[12][1384]=-3.84e+12
dp[13][1384]=-3.84e+12
dp[14][1384]=-3.84e+12
dp[15][1384]=-3.84e+12
dp[16][1384]=-3.84e+12
dp[17][1384]=-3.84e+12
dp[18][1384]=-3.84e+12
dp[19][1384]=-3.84e+12
dp[20][1384]=-3.84e+12
dp[21][1384]=-3.84e+12
dp[22][1384]=-3.84e+12
dp[23][1384]=-3.84e+12
dp[24][1384]=-3.84e+12
dp[25][1384]=-3.84e+12
dp[26][1384]=-3.84e+12
dp[27][1384]=-3.84e+12
dp[28][1384]=-3.84e+12
dp[29][1384]=-3.84e+12
dp[30][1384]=-3.84e+12
dp[31][1384]=-3.84e+12
dp[32][1384]=-3.84e+12
dp[33][1384]=-3.84e+12
dp[34][1384]=-3.84e+12
dp[35][1384]=-3.84e+12
dp[36][1384]=-3.84e+12
dp[37][1384]=-3.84e+12
Select best dp
Best k=6
Stratifying 18-th numerical feature ...
dp[2][1384]=-3.82e+12
dp[3][1384]=-3.82e+12
dp[4][1384]=-3.82e+12
dp[5][1384]=-3.82e+12
dp[6][1384]=-3.82e+12
dp[7][1384]=-3.82e+12
dp[8][1384]=-3.82e+12
dp[9][1384]=-3.82e+12
dp[10][1384]=-3.82e+12
dp[11][1384]=-3.82e+12
dp[12][1384]=-3.82e+12
dp[13][1384]=-3.82e+12
dp[14][1384]=-3.82e+12
dp[15][1384]=-3.82e+12
dp[16][1384]=-3.82e+12
dp[17][1384]=-3.82e+12
dp[18][1384]=-3.82e+12
dp[19][1384]=-3.82e+12
dp[20][1384]=-3.82e+12
dp[21][1384]=-3.82e+12
dp[22][1384]=-3.82e+12
dp[23][1384]=-3.82e+12
dp[24][1384]=-3.82e+12
dp[25][1384]=-3.82e+12
dp[26][1384]=-3.82e+12
dp[27][1384]=-3.82e+12
dp[28][1384]=-3.82e+12
dp[29][1384]=-3.82e+12
dp[30][1384]=-3.82e+12
dp[31][1384]=-3.82e+12
dp[32][1384]=-3.82e+12
dp[33][1384]=-3.82e+12
dp[34][1384]=-3.82e+12
dp[35][1384]=-3.82e+12
dp[36][1384]=-3.82e+12
dp[37][1384]=-3.82e+12
Select best dp
Best k=6
