Standardize ...
Stratifying 1-th numerical feature ...
dp[2][298]=-120.503
dp[3][298]=-3.3e+11
dp[4][298]=-3.3e+11
dp[5][298]=-6e+11
dp[6][298]=-6e+11
dp[7][298]=-8.6e+11
dp[8][298]=-8.6e+11
dp[9][298]=-1.06e+12
dp[10][298]=-1.06e+12
dp[11][298]=-1.23e+12
dp[12][298]=-1.23e+12
dp[13][298]=-1.35e+12
dp[14][298]=-1.35e+12
dp[15][298]=-1.35e+12
dp[16][298]=-1.23e+12
dp[17][298]=-9.3e+11
Select best dp
Best k=13
Stratifying 2-th numerical feature ...
dp[2][298]=-576.598
dp[3][298]=-4.7e+11
dp[4][298]=-4.7e+11
dp[5][298]=-4.7e+11
dp[6][298]=-4.7e+11
dp[7][298]=-4.7e+11
dp[8][298]=-4.7e+11
dp[9][298]=-4.7e+11
dp[10][298]=-4.7e+11
dp[11][298]=-4.7e+11
dp[12][298]=-4.7e+11
dp[13][298]=-4.7e+11
dp[14][298]=-4.7e+11
dp[15][298]=-4.7e+11
dp[16][298]=-4.7e+11
dp[17][298]=-4.3e+11
Select best dp
Best k=7
Stratifying 3-th numerical feature ...
dp[2][298]=-104.687
dp[3][298]=-4.9e+11
dp[4][298]=-8.9e+11
dp[5][298]=-1.26e+12
dp[6][298]=-1.6e+12
dp[7][298]=-1.96e+12
dp[8][298]=-2.16e+12
dp[9][298]=-2.37e+12
dp[10][298]=-2.37e+12
dp[11][298]=-2.37e+12
dp[12][298]=-2.37e+12
dp[13][298]=-2.37e+12
dp[14][298]=-2.37e+12
dp[15][298]=-2.37e+12
dp[16][298]=-2.2e+12
dp[17][298]=-1.74e+12
Select best dp
Best k=9
Stratifying 4-th numerical feature ...
dp[2][298]=-45.7738
dp[3][298]=-2.5e+11
dp[4][298]=-2.5e+11
dp[5][298]=-2.5e+11
dp[6][298]=-2.5e+11
dp[7][298]=-2.5e+11
dp[8][298]=-2.5e+11
dp[9][298]=-2.5e+11
dp[10][298]=-2.5e+11
dp[11][298]=-2.5e+11
dp[12][298]=-2.5e+11
dp[13][298]=-2.5e+11
dp[14][298]=-2.5e+11
dp[15][298]=-2.5e+11
dp[16][298]=-2.5e+11
dp[17][298]=-2.3e+11
Select best dp
Best k=7
Stratifying 5-th numerical feature ...
dp[2][298]=-478.358
dp[3][298]=-5e+11
dp[4][298]=-8.2e+11
dp[5][298]=-1.14e+12
dp[6][298]=-1.38e+12
dp[7][298]=-1.38e+12
dp[8][298]=-1.58e+12
dp[9][298]=-1.76e+12
dp[10][298]=-1.76e+12
dp[11][298]=-1.76e+12
dp[12][298]=-1.76e+12
dp[13][298]=-1.76e+12
dp[14][298]=-1.59e+12
dp[15][298]=-1.42e+12
dp[16][298]=-1.25e+12
dp[17][298]=-1.04e+12
Select best dp
Best k=10
Stratifying 6-th numerical feature ...
dp[2][298]=-36.2072
dp[3][298]=-4e+11
dp[4][298]=-7.8e+11
dp[5][298]=-1.01e+12
dp[6][298]=-1.23e+12
dp[7][298]=-1.58e+12
dp[8][298]=-1.58e+12
dp[9][298]=-1.89e+12
dp[10][298]=-1.89e+12
dp[11][298]=-1.89e+12
dp[12][298]=-1.89e+12
dp[13][298]=-1.89e+12
dp[14][298]=-1.89e+12
dp[15][298]=-1.89e+12
dp[16][298]=-1.72e+12
dp[17][298]=-1.29e+12
Select best dp
Best k=9
Stratifying 7-th numerical feature ...
dp[2][298]=-245.052
dp[3][298]=-393.457
dp[4][298]=-448.277
dp[5][298]=-504.529
dp[6][298]=-523.805
dp[7][298]=-519.374
dp[8][298]=-504.683
dp[9][298]=-486.186
dp[10][298]=-444.165
dp[11][298]=-398.519
dp[12][298]=-336.293
dp[13][298]=-270.787
dp[14][298]=-203.589
dp[15][298]=-135.622
dp[16][298]=-60.9791
dp[17][298]=45.32
Select best dp
Best k=6
