Standardize ...
Stratifying 1-th numerical feature ...
dp[2][10991]=-2.364e+13
dp[3][10991]=-3.507e+13
dp[4][10991]=-3.507e+13
dp[5][10991]=-3.507e+13
dp[6][10991]=-3.507e+13
dp[7][10991]=-3.507e+13
dp[8][10991]=-3.507e+13
dp[9][10991]=-3.507e+13
dp[10][10991]=-3.507e+13
dp[11][10991]=-3.507e+13
dp[12][10991]=-3.507e+13
dp[13][10991]=-3.507e+13
dp[14][10991]=-3.507e+13
dp[15][10991]=-3.507e+13
dp[16][10991]=-3.507e+13
dp[17][10991]=-3.507e+13
dp[18][10991]=-3.507e+13
dp[19][10991]=-3.507e+13
dp[20][10991]=-3.507e+13
dp[21][10991]=-3.507e+13
dp[22][10991]=-3.507e+13
dp[23][10991]=-3.507e+13
dp[24][10991]=-3.507e+13
dp[25][10991]=-3.507e+13
dp[26][10991]=-3.507e+13
dp[27][10991]=-3.507e+13
dp[28][10991]=-3.507e+13
dp[29][10991]=-3.507e+13
dp[30][10991]=-3.507e+13
dp[31][10991]=-3.507e+13
dp[32][10991]=-3.507e+13
dp[33][10991]=-3.507e+13
dp[34][10991]=-3.507e+13
dp[35][10991]=-3.507e+13
dp[36][10991]=-3.507e+13
dp[37][10991]=-3.507e+13
dp[38][10991]=-3.507e+13
dp[39][10991]=-3.507e+13
dp[40][10991]=-3.507e+13
dp[41][10991]=-3.507e+13
dp[42][10991]=-3.507e+13
dp[43][10991]=-3.507e+13
dp[44][10991]=-3.507e+13
dp[45][10991]=-3.507e+13
dp[46][10991]=-3.507e+13
dp[47][10991]=-3.507e+13
dp[48][10991]=-3.507e+13
dp[49][10991]=-3.507e+13
dp[50][10991]=-3.507e+13
dp[51][10991]=-3.507e+13
dp[52][10991]=-3.507e+13
dp[53][10991]=-3.507e+13
dp[54][10991]=-3.507e+13
dp[55][10991]=-3.507e+13
dp[56][10991]=-3.507e+13
dp[57][10991]=-3.507e+13
dp[58][10991]=-3.507e+13
dp[59][10991]=-3.507e+13
dp[60][10991]=-3.507e+13
dp[61][10991]=-3.507e+13
dp[62][10991]=-3.507e+13
dp[63][10991]=-3.507e+13
dp[64][10991]=-3.507e+13
dp[65][10991]=-3.507e+13
dp[66][10991]=-3.507e+13
dp[67][10991]=-3.507e+13
dp[68][10991]=-3.507e+13
dp[69][10991]=-3.507e+13
dp[70][10991]=-3.456e+13
Select best dp
Best k=41
Stratifying 2-th numerical feature ...
dp[2][10991]=-3.115e+13
dp[3][10991]=-3.287e+13
dp[4][10991]=-3.49e+13
dp[5][10991]=-3.707e+13
dp[6][10991]=-3.954e+13
dp[7][10991]=-4.188e+13
dp[8][10991]=-4.43e+13
dp[9][10991]=-4.675e+13
dp[10][10991]=-4.91e+13
dp[11][10991]=-5.169e+13
dp[12][10991]=-5.43e+13
dp[13][10991]=-5.674e+13
dp[14][10991]=-5.928e+13
dp[15][10991]=-6.149e+13
dp[16][10991]=-6.381e+13
dp[17][10991]=-6.626e+13
dp[18][10991]=-6.831e+13
dp[19][10991]=-7.044e+13
dp[20][10991]=-7.28e+13
dp[21][10991]=-7.496e+13
dp[22][10991]=-7.696e+13
dp[23][10991]=-7.863e+13
dp[24][10991]=-8.063e+13
dp[25][10991]=-8.238e+13
dp[26][10991]=-8.41e+13
dp[27][10991]=-8.571e+13
dp[28][10991]=-8.573e+13
dp[29][10991]=-8.573e+13
dp[30][10991]=-8.573e+13
dp[31][10991]=-8.573e+13
dp[32][10991]=-8.573e+13
dp[33][10991]=-8.573e+13
dp[34][10991]=-8.573e+13
dp[35][10991]=-8.573e+13
dp[36][10991]=-8.573e+13
dp[37][10991]=-8.573e+13
dp[38][10991]=-8.573e+13
dp[39][10991]=-8.573e+13
dp[40][10991]=-8.573e+13
dp[41][10991]=-8.573e+13
dp[42][10991]=-8.573e+13
dp[43][10991]=-8.573e+13
dp[44][10991]=-8.573e+13
dp[45][10991]=-8.573e+13
dp[46][10991]=-8.573e+13
dp[47][10991]=-8.573e+13
dp[48][10991]=-8.573e+13
dp[49][10991]=-8.573e+13
dp[50][10991]=-8.573e+13
dp[51][10991]=-8.573e+13
dp[52][10991]=-8.573e+13
dp[53][10991]=-8.573e+13
dp[54][10991]=-8.573e+13
dp[55][10991]=-8.573e+13
dp[56][10991]=-8.573e+13
dp[57][10991]=-8.573e+13
dp[58][10991]=-8.573e+13
dp[59][10991]=-8.571e+13
dp[60][10991]=-8.414e+13
dp[61][10991]=-8.257e+13
dp[62][10991]=-8.1e+13
dp[63][10991]=-7.943e+13
dp[64][10991]=-7.786e+13
dp[65][10991]=-7.629e+13
dp[66][10991]=-7.315e+13
dp[67][10991]=-7.001e+13
dp[68][10991]=-6.373e+13
dp[69][10991]=-5.588e+13
dp[70][10991]=-4.555e+13
Select best dp
Best k=38
Stratifying 3-th numerical feature ...
dp[2][10991]=-9.53e+12
dp[3][10991]=-1.262e+13
dp[4][10991]=-1.262e+13
dp[5][10991]=-1.447e+13
dp[6][10991]=-1.614e+13
dp[7][10991]=-1.763e+13
dp[8][10991]=-1.791e+13
dp[9][10991]=-1.949e+13
dp[10][10991]=-2.115e+13
dp[11][10991]=-2.231e+13
dp[12][10991]=-2.292e+13
dp[13][10991]=-2.435e+13
dp[14][10991]=-2.583e+13
dp[15][10991]=-2.606e+13
dp[16][10991]=-2.749e+13
dp[17][10991]=-2.897e+13
dp[18][10991]=-2.913e+13
dp[19][10991]=-2.913e+13
dp[20][10991]=-2.913e+13
dp[21][10991]=-2.913e+13
dp[22][10991]=-2.913e+13
dp[23][10991]=-2.913e+13
dp[24][10991]=-2.913e+13
dp[25][10991]=-2.913e+13
dp[26][10991]=-2.913e+13
dp[27][10991]=-2.913e+13
dp[28][10991]=-2.913e+13
dp[29][10991]=-2.913e+13
dp[30][10991]=-2.913e+13
dp[31][10991]=-2.913e+13
dp[32][10991]=-2.913e+13
dp[33][10991]=-2.913e+13
dp[34][10991]=-2.913e+13
dp[35][10991]=-2.913e+13
dp[36][10991]=-2.913e+13
dp[37][10991]=-2.913e+13
dp[38][10991]=-2.913e+13
dp[39][10991]=-2.913e+13
dp[40][10991]=-2.913e+13
dp[41][10991]=-2.913e+13
dp[42][10991]=-2.913e+13
dp[43][10991]=-2.913e+13
dp[44][10991]=-2.913e+13
dp[45][10991]=-2.913e+13
dp[46][10991]=-2.913e+13
dp[47][10991]=-2.913e+13
dp[48][10991]=-2.913e+13
dp[49][10991]=-2.913e+13
dp[50][10991]=-2.913e+13
dp[51][10991]=-2.913e+13
dp[52][10991]=-2.913e+13
dp[53][10991]=-2.913e+13
dp[54][10991]=-2.913e+13
dp[55][10991]=-2.913e+13
dp[56][10991]=-2.913e+13
dp[57][10991]=-2.913e+13
dp[58][10991]=-2.913e+13
dp[59][10991]=-2.913e+13
dp[60][10991]=-2.913e+13
dp[61][10991]=-2.913e+13
dp[62][10991]=-2.913e+13
dp[63][10991]=-2.913e+13
dp[64][10991]=-2.913e+13
dp[65][10991]=-2.913e+13
dp[66][10991]=-2.911e+13
dp[67][10991]=-2.895e+13
dp[68][10991]=-2.694e+13
dp[69][10991]=-2.303e+13
dp[70][10991]=-1.101e+13
Select best dp
Best k=51
Stratifying 4-th numerical feature ...
dp[2][10991]=-4.387e+13
dp[3][10991]=-4.549e+13
dp[4][10991]=-4.56e+13
dp[5][10991]=-4.73e+13
dp[6][10991]=-4.897e+13
dp[7][10991]=-5.064e+13
dp[8][10991]=-5.235e+13
dp[9][10991]=-5.397e+13
dp[10][10991]=-5.568e+13
dp[11][10991]=-5.73e+13
dp[12][10991]=-5.891e+13
dp[13][10991]=-6.049e+13
dp[14][10991]=-6.049e+13
dp[15][10991]=-6.049e+13
dp[16][10991]=-6.049e+13
dp[17][10991]=-6.049e+13
dp[18][10991]=-6.049e+13
dp[19][10991]=-6.049e+13
dp[20][10991]=-6.049e+13
dp[21][10991]=-6.049e+13
dp[22][10991]=-6.049e+13
dp[23][10991]=-6.049e+13
dp[24][10991]=-6.049e+13
dp[25][10991]=-6.049e+13
dp[26][10991]=-6.049e+13
dp[27][10991]=-6.049e+13
dp[28][10991]=-6.049e+13
dp[29][10991]=-6.049e+13
dp[30][10991]=-6.049e+13
dp[31][10991]=-6.049e+13
dp[32][10991]=-6.049e+13
dp[33][10991]=-6.049e+13
dp[34][10991]=-6.049e+13
dp[35][10991]=-6.049e+13
dp[36][10991]=-6.049e+13
dp[37][10991]=-6.049e+13
dp[38][10991]=-6.049e+13
dp[39][10991]=-6.049e+13
dp[40][10991]=-6.049e+13
dp[41][10991]=-6.049e+13
dp[42][10991]=-6.049e+13
dp[43][10991]=-6.049e+13
dp[44][10991]=-6.049e+13
dp[45][10991]=-6.049e+13
dp[46][10991]=-6.049e+13
dp[47][10991]=-6.049e+13
dp[48][10991]=-6.049e+13
dp[49][10991]=-6.049e+13
dp[50][10991]=-6.049e+13
dp[51][10991]=-6.049e+13
dp[52][10991]=-6.049e+13
dp[53][10991]=-6.049e+13
dp[54][10991]=-6.049e+13
dp[55][10991]=-6.049e+13
dp[56][10991]=-6.049e+13
dp[57][10991]=-6.049e+13
dp[58][10991]=-6.049e+13
dp[59][10991]=-6.049e+13
dp[60][10991]=-6.049e+13
dp[61][10991]=-6.049e+13
dp[62][10991]=-6.049e+13
dp[63][10991]=-6.049e+13
dp[64][10991]=-6.049e+13
dp[65][10991]=-6.049e+13
dp[66][10991]=-6.049e+13
dp[67][10991]=-6.049e+13
dp[68][10991]=-5.845e+13
dp[69][10991]=-5.34e+13
dp[70][10991]=-4.398e+13
Select best dp
Best k=36
Stratifying 5-th numerical feature ...
dp[2][10991]=-1.568e+13
dp[3][10991]=-2.723e+13
dp[4][10991]=-2.723e+13
dp[5][10991]=-2.882e+13
dp[6][10991]=-2.882e+13
dp[7][10991]=-2.882e+13
dp[8][10991]=-2.882e+13
dp[9][10991]=-2.882e+13
dp[10][10991]=-2.882e+13
dp[11][10991]=-2.882e+13
dp[12][10991]=-2.882e+13
dp[13][10991]=-2.882e+13
dp[14][10991]=-2.882e+13
dp[15][10991]=-2.882e+13
dp[16][10991]=-2.882e+13
dp[17][10991]=-2.882e+13
dp[18][10991]=-2.882e+13
dp[19][10991]=-2.882e+13
dp[20][10991]=-2.882e+13
dp[21][10991]=-2.882e+13
dp[22][10991]=-2.882e+13
dp[23][10991]=-2.882e+13
dp[24][10991]=-2.882e+13
dp[25][10991]=-2.882e+13
dp[26][10991]=-2.882e+13
dp[27][10991]=-2.882e+13
dp[28][10991]=-2.882e+13
dp[29][10991]=-2.882e+13
dp[30][10991]=-2.882e+13
dp[31][10991]=-2.882e+13
dp[32][10991]=-2.882e+13
dp[33][10991]=-2.882e+13
dp[34][10991]=-2.882e+13
dp[35][10991]=-2.882e+13
dp[36][10991]=-2.882e+13
dp[37][10991]=-2.882e+13
dp[38][10991]=-2.882e+13
dp[39][10991]=-2.882e+13
dp[40][10991]=-2.882e+13
dp[41][10991]=-2.882e+13
dp[42][10991]=-2.882e+13
dp[43][10991]=-2.882e+13
dp[44][10991]=-2.882e+13
dp[45][10991]=-2.882e+13
dp[46][10991]=-2.882e+13
dp[47][10991]=-2.882e+13
dp[48][10991]=-2.882e+13
dp[49][10991]=-2.882e+13
dp[50][10991]=-2.882e+13
dp[51][10991]=-2.882e+13
dp[52][10991]=-2.882e+13
dp[53][10991]=-2.882e+13
dp[54][10991]=-2.882e+13
dp[55][10991]=-2.882e+13
dp[56][10991]=-2.882e+13
dp[57][10991]=-2.882e+13
dp[58][10991]=-2.882e+13
dp[59][10991]=-2.882e+13
dp[60][10991]=-2.882e+13
dp[61][10991]=-2.882e+13
dp[62][10991]=-2.882e+13
dp[63][10991]=-2.882e+13
dp[64][10991]=-2.882e+13
dp[65][10991]=-2.882e+13
dp[66][10991]=-2.882e+13
dp[67][10991]=-2.882e+13
dp[68][10991]=-2.882e+13
dp[69][10991]=-2.79e+13
dp[70][10991]=-2.514e+13
Select best dp
Best k=46
Stratifying 6-th numerical feature ...
dp[2][10991]=-1.115e+13
dp[3][10991]=-1.512e+13
dp[4][10991]=-1.512e+13
dp[5][10991]=-1.723e+13
dp[6][10991]=-1.928e+13
dp[7][10991]=-2.112e+13
dp[8][10991]=-2.307e+13
dp[9][10991]=-2.512e+13
dp[10][10991]=-2.695e+13
dp[11][10991]=-2.875e+13
dp[12][10991]=-3.075e+13
dp[13][10991]=-3.251e+13
dp[14][10991]=-3.429e+13
dp[15][10991]=-3.605e+13
dp[16][10991]=-3.774e+13
dp[17][10991]=-3.948e+13
dp[18][10991]=-4.118e+13
dp[19][10991]=-4.284e+13
dp[20][10991]=-4.454e+13
dp[21][10991]=-4.624e+13
dp[22][10991]=-4.624e+13
dp[23][10991]=-4.624e+13
dp[24][10991]=-4.624e+13
dp[25][10991]=-4.624e+13
dp[26][10991]=-4.624e+13
dp[27][10991]=-4.624e+13
dp[28][10991]=-4.624e+13
dp[29][10991]=-4.624e+13
dp[30][10991]=-4.624e+13
dp[31][10991]=-4.624e+13
dp[32][10991]=-4.624e+13
dp[33][10991]=-4.624e+13
dp[34][10991]=-4.624e+13
dp[35][10991]=-4.624e+13
dp[36][10991]=-4.624e+13
dp[37][10991]=-4.624e+13
dp[38][10991]=-4.624e+13
dp[39][10991]=-4.624e+13
dp[40][10991]=-4.624e+13
dp[41][10991]=-4.624e+13
dp[42][10991]=-4.624e+13
dp[43][10991]=-4.624e+13
dp[44][10991]=-4.624e+13
dp[45][10991]=-4.624e+13
dp[46][10991]=-4.624e+13
dp[47][10991]=-4.624e+13
dp[48][10991]=-4.624e+13
dp[49][10991]=-4.624e+13
dp[50][10991]=-4.624e+13
dp[51][10991]=-4.624e+13
dp[52][10991]=-4.624e+13
dp[53][10991]=-4.624e+13
dp[54][10991]=-4.624e+13
dp[55][10991]=-4.624e+13
dp[56][10991]=-4.624e+13
dp[57][10991]=-4.624e+13
dp[58][10991]=-4.624e+13
dp[59][10991]=-4.624e+13
dp[60][10991]=-4.624e+13
dp[61][10991]=-4.624e+13
dp[62][10991]=-4.624e+13
dp[63][10991]=-4.624e+13
dp[64][10991]=-4.624e+13
dp[65][10991]=-4.624e+13
dp[66][10991]=-4.603e+13
dp[67][10991]=-4.555e+13
dp[68][10991]=-4.084e+13
dp[69][10991]=-3.456e+13
dp[70][10991]=-2.043e+13
Select best dp
Best k=50
Stratifying 7-th numerical feature ...
dp[2][10991]=-9.88e+12
dp[3][10991]=-1.887e+13
dp[4][10991]=-1.887e+13
dp[5][10991]=-1.887e+13
dp[6][10991]=-1.887e+13
dp[7][10991]=-1.887e+13
dp[8][10991]=-1.887e+13
dp[9][10991]=-1.887e+13
dp[10][10991]=-1.887e+13
dp[11][10991]=-1.887e+13
dp[12][10991]=-1.887e+13
dp[13][10991]=-1.887e+13
dp[14][10991]=-1.887e+13
dp[15][10991]=-1.887e+13
dp[16][10991]=-1.887e+13
dp[17][10991]=-1.887e+13
dp[18][10991]=-1.887e+13
dp[19][10991]=-1.887e+13
dp[20][10991]=-1.887e+13
dp[21][10991]=-1.887e+13
dp[22][10991]=-1.887e+13
dp[23][10991]=-1.887e+13
dp[24][10991]=-1.887e+13
dp[25][10991]=-1.887e+13
dp[26][10991]=-1.887e+13
dp[27][10991]=-1.887e+13
dp[28][10991]=-1.887e+13
dp[29][10991]=-1.887e+13
dp[30][10991]=-1.887e+13
dp[31][10991]=-1.887e+13
dp[32][10991]=-1.887e+13
dp[33][10991]=-1.887e+13
dp[34][10991]=-1.887e+13
dp[35][10991]=-1.887e+13
dp[36][10991]=-1.887e+13
dp[37][10991]=-1.887e+13
dp[38][10991]=-1.887e+13
dp[39][10991]=-1.887e+13
dp[40][10991]=-1.887e+13
dp[41][10991]=-1.887e+13
dp[42][10991]=-1.887e+13
dp[43][10991]=-1.887e+13
dp[44][10991]=-1.887e+13
dp[45][10991]=-1.887e+13
dp[46][10991]=-1.887e+13
dp[47][10991]=-1.887e+13
dp[48][10991]=-1.887e+13
dp[49][10991]=-1.887e+13
dp[50][10991]=-1.887e+13
dp[51][10991]=-1.887e+13
dp[52][10991]=-1.887e+13
dp[53][10991]=-1.887e+13
dp[54][10991]=-1.887e+13
dp[55][10991]=-1.887e+13
dp[56][10991]=-1.887e+13
dp[57][10991]=-1.887e+13
dp[58][10991]=-1.887e+13
dp[59][10991]=-1.887e+13
dp[60][10991]=-1.887e+13
dp[61][10991]=-1.887e+13
dp[62][10991]=-1.887e+13
dp[63][10991]=-1.887e+13
dp[64][10991]=-1.887e+13
dp[65][10991]=-1.887e+13
dp[66][10991]=-1.887e+13
dp[67][10991]=-1.887e+13
dp[68][10991]=-1.887e+13
dp[69][10991]=-1.886e+13
dp[70][10991]=-1.729e+13
Select best dp
Best k=47
Stratifying 8-th numerical feature ...
dp[2][10991]=-1.556e+13
dp[3][10991]=-2.284e+13
dp[4][10991]=-2.284e+13
dp[5][10991]=-2.467e+13
dp[6][10991]=-2.644e+13
dp[7][10991]=-2.813e+13
dp[8][10991]=-2.972e+13
dp[9][10991]=-2.995e+13
dp[10][10991]=-3.164e+13
dp[11][10991]=-3.326e+13
dp[12][10991]=-3.485e+13
dp[13][10991]=-3.499e+13
dp[14][10991]=-3.658e+13
dp[15][10991]=-3.658e+13
dp[16][10991]=-3.658e+13
dp[17][10991]=-3.658e+13
dp[18][10991]=-3.658e+13
dp[19][10991]=-3.658e+13
dp[20][10991]=-3.658e+13
dp[21][10991]=-3.658e+13
dp[22][10991]=-3.658e+13
dp[23][10991]=-3.658e+13
dp[24][10991]=-3.658e+13
dp[25][10991]=-3.658e+13
dp[26][10991]=-3.658e+13
dp[27][10991]=-3.658e+13
dp[28][10991]=-3.658e+13
dp[29][10991]=-3.658e+13
dp[30][10991]=-3.658e+13
dp[31][10991]=-3.658e+13
dp[32][10991]=-3.658e+13
dp[33][10991]=-3.658e+13
dp[34][10991]=-3.658e+13
dp[35][10991]=-3.658e+13
dp[36][10991]=-3.658e+13
dp[37][10991]=-3.658e+13
dp[38][10991]=-3.658e+13
dp[39][10991]=-3.658e+13
dp[40][10991]=-3.658e+13
dp[41][10991]=-3.658e+13
dp[42][10991]=-3.658e+13
dp[43][10991]=-3.658e+13
dp[44][10991]=-3.658e+13
dp[45][10991]=-3.658e+13
dp[46][10991]=-3.658e+13
dp[47][10991]=-3.658e+13
dp[48][10991]=-3.658e+13
dp[49][10991]=-3.658e+13
dp[50][10991]=-3.658e+13
dp[51][10991]=-3.658e+13
dp[52][10991]=-3.658e+13
dp[53][10991]=-3.658e+13
dp[54][10991]=-3.658e+13
dp[55][10991]=-3.658e+13
dp[56][10991]=-3.658e+13
dp[57][10991]=-3.658e+13
dp[58][10991]=-3.658e+13
dp[59][10991]=-3.658e+13
dp[60][10991]=-3.658e+13
dp[61][10991]=-3.658e+13
dp[62][10991]=-3.658e+13
dp[63][10991]=-3.658e+13
dp[64][10991]=-3.658e+13
dp[65][10991]=-3.658e+13
dp[66][10991]=-3.658e+13
dp[67][10991]=-3.624e+13
dp[68][10991]=-3.559e+13
dp[69][10991]=-3.456e+13
dp[70][10991]=-2.043e+13
Select best dp
Best k=47
Stratifying 9-th numerical feature ...
dp[2][10991]=-1.764e+13
dp[3][10991]=-2.792e+13
dp[4][10991]=-2.792e+13
dp[5][10991]=-2.792e+13
dp[6][10991]=-2.792e+13
dp[7][10991]=-2.792e+13
dp[8][10991]=-2.792e+13
dp[9][10991]=-2.792e+13
dp[10][10991]=-2.792e+13
dp[11][10991]=-2.792e+13
dp[12][10991]=-2.792e+13
dp[13][10991]=-2.792e+13
dp[14][10991]=-2.792e+13
dp[15][10991]=-2.792e+13
dp[16][10991]=-2.792e+13
dp[17][10991]=-2.792e+13
dp[18][10991]=-2.792e+13
dp[19][10991]=-2.792e+13
dp[20][10991]=-2.792e+13
dp[21][10991]=-2.792e+13
dp[22][10991]=-2.792e+13
dp[23][10991]=-2.792e+13
dp[24][10991]=-2.792e+13
dp[25][10991]=-2.792e+13
dp[26][10991]=-2.792e+13
dp[27][10991]=-2.792e+13
dp[28][10991]=-2.792e+13
dp[29][10991]=-2.792e+13
dp[30][10991]=-2.792e+13
dp[31][10991]=-2.792e+13
dp[32][10991]=-2.792e+13
dp[33][10991]=-2.792e+13
dp[34][10991]=-2.792e+13
dp[35][10991]=-2.792e+13
dp[36][10991]=-2.792e+13
dp[37][10991]=-2.792e+13
dp[38][10991]=-2.792e+13
dp[39][10991]=-2.792e+13
dp[40][10991]=-2.792e+13
dp[41][10991]=-2.792e+13
dp[42][10991]=-2.792e+13
dp[43][10991]=-2.792e+13
dp[44][10991]=-2.792e+13
dp[45][10991]=-2.792e+13
dp[46][10991]=-2.792e+13
dp[47][10991]=-2.792e+13
dp[48][10991]=-2.792e+13
dp[49][10991]=-2.792e+13
dp[50][10991]=-2.792e+13
dp[51][10991]=-2.792e+13
dp[52][10991]=-2.792e+13
dp[53][10991]=-2.792e+13
dp[54][10991]=-2.792e+13
dp[55][10991]=-2.792e+13
dp[56][10991]=-2.792e+13
dp[57][10991]=-2.792e+13
dp[58][10991]=-2.792e+13
dp[59][10991]=-2.792e+13
dp[60][10991]=-2.792e+13
dp[61][10991]=-2.792e+13
dp[62][10991]=-2.792e+13
dp[63][10991]=-2.792e+13
dp[64][10991]=-2.792e+13
dp[65][10991]=-2.792e+13
dp[66][10991]=-2.792e+13
dp[67][10991]=-2.792e+13
dp[68][10991]=-2.792e+13
dp[69][10991]=-2.792e+13
dp[70][10991]=-2.671e+13
Select best dp
Best k=47
Stratifying 10-th numerical feature ...
dp[2][10991]=-2.239e+13
dp[3][10991]=-2.239e+13
dp[4][10991]=-2.476e+13
dp[5][10991]=-2.476e+13
dp[6][10991]=-2.655e+13
dp[7][10991]=-2.655e+13
dp[8][10991]=-2.814e+13
dp[9][10991]=-2.814e+13
dp[10][10991]=-2.814e+13
dp[11][10991]=-2.814e+13
dp[12][10991]=-2.814e+13
dp[13][10991]=-2.814e+13
dp[14][10991]=-2.814e+13
dp[15][10991]=-2.814e+13
dp[16][10991]=-2.814e+13
dp[17][10991]=-2.814e+13
dp[18][10991]=-2.814e+13
dp[19][10991]=-2.814e+13
dp[20][10991]=-2.814e+13
dp[21][10991]=-2.814e+13
dp[22][10991]=-2.814e+13
dp[23][10991]=-2.814e+13
dp[24][10991]=-2.814e+13
dp[25][10991]=-2.814e+13
dp[26][10991]=-2.814e+13
dp[27][10991]=-2.814e+13
dp[28][10991]=-2.814e+13
dp[29][10991]=-2.814e+13
dp[30][10991]=-2.814e+13
dp[31][10991]=-2.814e+13
dp[32][10991]=-2.814e+13
dp[33][10991]=-2.814e+13
dp[34][10991]=-2.814e+13
dp[35][10991]=-2.814e+13
dp[36][10991]=-2.814e+13
dp[37][10991]=-2.814e+13
dp[38][10991]=-2.814e+13
dp[39][10991]=-2.814e+13
dp[40][10991]=-2.814e+13
dp[41][10991]=-2.814e+13
dp[42][10991]=-2.814e+13
dp[43][10991]=-2.814e+13
dp[44][10991]=-2.814e+13
dp[45][10991]=-2.814e+13
dp[46][10991]=-2.814e+13
dp[47][10991]=-2.814e+13
dp[48][10991]=-2.814e+13
dp[49][10991]=-2.814e+13
dp[50][10991]=-2.814e+13
dp[51][10991]=-2.814e+13
dp[52][10991]=-2.814e+13
dp[53][10991]=-2.814e+13
dp[54][10991]=-2.814e+13
dp[55][10991]=-2.814e+13
dp[56][10991]=-2.814e+13
dp[57][10991]=-2.814e+13
dp[58][10991]=-2.814e+13
dp[59][10991]=-2.814e+13
dp[60][10991]=-2.814e+13
dp[61][10991]=-2.814e+13
dp[62][10991]=-2.814e+13
dp[63][10991]=-2.814e+13
dp[64][10991]=-2.814e+13
dp[65][10991]=-2.814e+13
dp[66][10991]=-2.814e+13
dp[67][10991]=-2.814e+13
dp[68][10991]=-2.801e+13
dp[69][10991]=-2.778e+13
dp[70][10991]=-2.2e+13
Select best dp
Best k=47
Stratifying 11-th numerical feature ...
dp[2][10991]=-2.482e+13
dp[3][10991]=-3.782e+13
dp[4][10991]=-3.782e+13
dp[5][10991]=-3.782e+13
dp[6][10991]=-3.782e+13
dp[7][10991]=-3.782e+13
dp[8][10991]=-3.782e+13
dp[9][10991]=-3.782e+13
dp[10][10991]=-3.782e+13
dp[11][10991]=-3.782e+13
dp[12][10991]=-3.782e+13
dp[13][10991]=-3.782e+13
dp[14][10991]=-3.782e+13
dp[15][10991]=-3.782e+13
dp[16][10991]=-3.782e+13
dp[17][10991]=-3.782e+13
dp[18][10991]=-3.782e+13
dp[19][10991]=-3.782e+13
dp[20][10991]=-3.782e+13
dp[21][10991]=-3.782e+13
dp[22][10991]=-3.782e+13
dp[23][10991]=-3.782e+13
dp[24][10991]=-3.782e+13
dp[25][10991]=-3.782e+13
dp[26][10991]=-3.782e+13
dp[27][10991]=-3.782e+13
dp[28][10991]=-3.782e+13
dp[29][10991]=-3.782e+13
dp[30][10991]=-3.782e+13
dp[31][10991]=-3.782e+13
dp[32][10991]=-3.782e+13
dp[33][10991]=-3.782e+13
dp[34][10991]=-3.782e+13
dp[35][10991]=-3.782e+13
dp[36][10991]=-3.782e+13
dp[37][10991]=-3.782e+13
dp[38][10991]=-3.782e+13
dp[39][10991]=-3.782e+13
dp[40][10991]=-3.782e+13
dp[41][10991]=-3.782e+13
dp[42][10991]=-3.782e+13
dp[43][10991]=-3.782e+13
dp[44][10991]=-3.782e+13
dp[45][10991]=-3.782e+13
dp[46][10991]=-3.782e+13
dp[47][10991]=-3.782e+13
dp[48][10991]=-3.782e+13
dp[49][10991]=-3.782e+13
dp[50][10991]=-3.782e+13
dp[51][10991]=-3.782e+13
dp[52][10991]=-3.782e+13
dp[53][10991]=-3.782e+13
dp[54][10991]=-3.782e+13
dp[55][10991]=-3.782e+13
dp[56][10991]=-3.782e+13
dp[57][10991]=-3.782e+13
dp[58][10991]=-3.782e+13
dp[59][10991]=-3.782e+13
dp[60][10991]=-3.782e+13
dp[61][10991]=-3.782e+13
dp[62][10991]=-3.782e+13
dp[63][10991]=-3.782e+13
dp[64][10991]=-3.782e+13
dp[65][10991]=-3.782e+13
dp[66][10991]=-3.782e+13
dp[67][10991]=-3.782e+13
dp[68][10991]=-3.782e+13
dp[69][10991]=-3.77e+13
dp[70][10991]=-3.613e+13
Select best dp
Best k=39
Stratifying 12-th numerical feature ...
dp[2][10991]=-1.227e+13
dp[3][10991]=-1.419e+13
dp[4][10991]=-1.451e+13
dp[5][10991]=-1.643e+13
dp[6][10991]=-1.792e+13
dp[7][10991]=-1.953e+13
dp[8][10991]=-2.12e+13
dp[9][10991]=-2.177e+13
dp[10][10991]=-2.344e+13
dp[11][10991]=-2.345e+13
dp[12][10991]=-2.512e+13
dp[13][10991]=-2.512e+13
dp[14][10991]=-2.673e+13
dp[15][10991]=-2.673e+13
dp[16][10991]=-2.673e+13
dp[17][10991]=-2.673e+13
dp[18][10991]=-2.673e+13
dp[19][10991]=-2.673e+13
dp[20][10991]=-2.673e+13
dp[21][10991]=-2.673e+13
dp[22][10991]=-2.673e+13
dp[23][10991]=-2.673e+13
dp[24][10991]=-2.673e+13
dp[25][10991]=-2.673e+13
dp[26][10991]=-2.673e+13
dp[27][10991]=-2.673e+13
dp[28][10991]=-2.673e+13
dp[29][10991]=-2.673e+13
dp[30][10991]=-2.673e+13
dp[31][10991]=-2.673e+13
dp[32][10991]=-2.673e+13
dp[33][10991]=-2.673e+13
dp[34][10991]=-2.673e+13
dp[35][10991]=-2.673e+13
dp[36][10991]=-2.673e+13
dp[37][10991]=-2.673e+13
dp[38][10991]=-2.673e+13
dp[39][10991]=-2.673e+13
dp[40][10991]=-2.673e+13
dp[41][10991]=-2.673e+13
dp[42][10991]=-2.673e+13
dp[43][10991]=-2.673e+13
dp[44][10991]=-2.673e+13
dp[45][10991]=-2.673e+13
dp[46][10991]=-2.673e+13
dp[47][10991]=-2.673e+13
dp[48][10991]=-2.673e+13
dp[49][10991]=-2.673e+13
dp[50][10991]=-2.673e+13
dp[51][10991]=-2.673e+13
dp[52][10991]=-2.673e+13
dp[53][10991]=-2.673e+13
dp[54][10991]=-2.673e+13
dp[55][10991]=-2.673e+13
dp[56][10991]=-2.673e+13
dp[57][10991]=-2.673e+13
dp[58][10991]=-2.673e+13
dp[59][10991]=-2.673e+13
dp[60][10991]=-2.673e+13
dp[61][10991]=-2.673e+13
dp[62][10991]=-2.673e+13
dp[63][10991]=-2.673e+13
dp[64][10991]=-2.673e+13
dp[65][10991]=-2.66e+13
dp[66][10991]=-2.631e+13
dp[67][10991]=-2.593e+13
dp[68][10991]=-2.53e+13
dp[69][10991]=-2.357e+13
dp[70][10991]=-1.258e+13
Select best dp
Best k=49
Stratifying 13-th numerical feature ...
dp[2][10991]=-5.09e+12
dp[3][10991]=-6.95e+12
dp[4][10991]=-9.52e+12
dp[5][10991]=-1.265e+13
dp[6][10991]=-1.563e+13
dp[7][10991]=-1.818e+13
dp[8][10991]=-2.074e+13
dp[9][10991]=-2.324e+13
dp[10][10991]=-2.533e+13
dp[11][10991]=-2.758e+13
dp[12][10991]=-2.975e+13
dp[13][10991]=-3.174e+13
dp[14][10991]=-3.385e+13
dp[15][10991]=-3.59e+13
dp[16][10991]=-3.789e+13
dp[17][10991]=-3.994e+13
dp[18][10991]=-4.18e+13
dp[19][10991]=-4.361e+13
dp[20][10991]=-4.545e+13
dp[21][10991]=-4.733e+13
dp[22][10991]=-4.919e+13
dp[23][10991]=-5.076e+13
dp[24][10991]=-5.125e+13
dp[25][10991]=-5.31e+13
dp[26][10991]=-5.496e+13
dp[27][10991]=-5.653e+13
dp[28][10991]=-5.657e+13
dp[29][10991]=-5.657e+13
dp[30][10991]=-5.657e+13
dp[31][10991]=-5.657e+13
dp[32][10991]=-5.657e+13
dp[33][10991]=-5.657e+13
dp[34][10991]=-5.657e+13
dp[35][10991]=-5.657e+13
dp[36][10991]=-5.657e+13
dp[37][10991]=-5.657e+13
dp[38][10991]=-5.657e+13
dp[39][10991]=-5.657e+13
dp[40][10991]=-5.657e+13
dp[41][10991]=-5.657e+13
dp[42][10991]=-5.657e+13
dp[43][10991]=-5.657e+13
dp[44][10991]=-5.657e+13
dp[45][10991]=-5.657e+13
dp[46][10991]=-5.657e+13
dp[47][10991]=-5.657e+13
dp[48][10991]=-5.657e+13
dp[49][10991]=-5.657e+13
dp[50][10991]=-5.657e+13
dp[51][10991]=-5.657e+13
dp[52][10991]=-5.657e+13
dp[53][10991]=-5.657e+13
dp[54][10991]=-5.657e+13
dp[55][10991]=-5.657e+13
dp[56][10991]=-5.657e+13
dp[57][10991]=-5.657e+13
dp[58][10991]=-5.657e+13
dp[59][10991]=-5.657e+13
dp[60][10991]=-5.653e+13
dp[61][10991]=-5.612e+13
dp[62][10991]=-5.455e+13
dp[63][10991]=-5.298e+13
dp[64][10991]=-5.141e+13
dp[65][10991]=-4.984e+13
dp[66][10991]=-4.67e+13
dp[67][10991]=-4.356e+13
dp[68][10991]=-3.927e+13
dp[69][10991]=-3.299e+13
dp[70][10991]=-2.2e+13
Select best dp
Best k=52
Stratifying 14-th numerical feature ...
dp[2][10991]=-1.756e+13
dp[3][10991]=-2.65e+13
dp[4][10991]=-2.896e+13
dp[5][10991]=-3.129e+13
dp[6][10991]=-3.291e+13
dp[7][10991]=-3.492e+13
dp[8][10991]=-3.654e+13
dp[9][10991]=-3.853e+13
dp[10][10991]=-4.055e+13
dp[11][10991]=-4.254e+13
dp[12][10991]=-4.443e+13
dp[13][10991]=-4.629e+13
dp[14][10991]=-4.812e+13
dp[15][10991]=-5.04e+13
dp[16][10991]=-5.229e+13
dp[17][10991]=-5.403e+13
dp[18][10991]=-5.592e+13
dp[19][10991]=-5.766e+13
dp[20][10991]=-5.955e+13
dp[21][10991]=-6.114e+13
dp[22][10991]=-6.114e+13
dp[23][10991]=-6.114e+13
dp[24][10991]=-6.114e+13
dp[25][10991]=-6.114e+13
dp[26][10991]=-6.114e+13
dp[27][10991]=-6.114e+13
dp[28][10991]=-6.114e+13
dp[29][10991]=-6.114e+13
dp[30][10991]=-6.114e+13
dp[31][10991]=-6.114e+13
dp[32][10991]=-6.114e+13
dp[33][10991]=-6.114e+13
dp[34][10991]=-6.114e+13
dp[35][10991]=-6.114e+13
dp[36][10991]=-6.114e+13
dp[37][10991]=-6.114e+13
dp[38][10991]=-6.114e+13
dp[39][10991]=-6.114e+13
dp[40][10991]=-6.114e+13
dp[41][10991]=-6.114e+13
dp[42][10991]=-6.114e+13
dp[43][10991]=-6.114e+13
dp[44][10991]=-6.114e+13
dp[45][10991]=-6.114e+13
dp[46][10991]=-6.114e+13
dp[47][10991]=-6.114e+13
dp[48][10991]=-6.114e+13
dp[49][10991]=-6.114e+13
dp[50][10991]=-6.114e+13
dp[51][10991]=-6.114e+13
dp[52][10991]=-6.114e+13
dp[53][10991]=-6.114e+13
dp[54][10991]=-6.114e+13
dp[55][10991]=-6.114e+13
dp[56][10991]=-6.114e+13
dp[57][10991]=-6.114e+13
dp[58][10991]=-6.114e+13
dp[59][10991]=-6.114e+13
dp[60][10991]=-6.114e+13
dp[61][10991]=-6.114e+13
dp[62][10991]=-6.114e+13
dp[63][10991]=-6.114e+13
dp[64][10991]=-6.11e+13
dp[65][10991]=-5.953e+13
dp[66][10991]=-5.796e+13
dp[67][10991]=-5.34e+13
dp[68][10991]=-4.869e+13
dp[69][10991]=-4.241e+13
dp[70][10991]=-3.299e+13
Select best dp
Best k=46
Stratifying 15-th numerical feature ...
dp[2][10991]=-2.988e+13
dp[3][10991]=-5.905e+13
dp[4][10991]=-5.905e+13
dp[5][10991]=-5.905e+13
dp[6][10991]=-5.905e+13
dp[7][10991]=-5.905e+13
dp[8][10991]=-5.905e+13
dp[9][10991]=-5.905e+13
dp[10][10991]=-5.905e+13
dp[11][10991]=-5.905e+13
dp[12][10991]=-5.905e+13
dp[13][10991]=-5.905e+13
dp[14][10991]=-5.905e+13
dp[15][10991]=-5.905e+13
dp[16][10991]=-5.905e+13
dp[17][10991]=-5.905e+13
dp[18][10991]=-5.905e+13
dp[19][10991]=-5.905e+13
dp[20][10991]=-5.905e+13
dp[21][10991]=-5.905e+13
dp[22][10991]=-5.905e+13
dp[23][10991]=-5.905e+13
dp[24][10991]=-5.905e+13
dp[25][10991]=-5.905e+13
dp[26][10991]=-5.905e+13
dp[27][10991]=-5.905e+13
dp[28][10991]=-5.905e+13
dp[29][10991]=-5.905e+13
dp[30][10991]=-5.905e+13
dp[31][10991]=-5.905e+13
dp[32][10991]=-5.905e+13
dp[33][10991]=-5.905e+13
dp[34][10991]=-5.905e+13
dp[35][10991]=-5.905e+13
dp[36][10991]=-5.905e+13
dp[37][10991]=-5.905e+13
dp[38][10991]=-5.905e+13
dp[39][10991]=-5.905e+13
dp[40][10991]=-5.905e+13
dp[41][10991]=-5.905e+13
dp[42][10991]=-5.905e+13
dp[43][10991]=-5.905e+13
dp[44][10991]=-5.905e+13
dp[45][10991]=-5.905e+13
dp[46][10991]=-5.905e+13
dp[47][10991]=-5.905e+13
dp[48][10991]=-5.905e+13
dp[49][10991]=-5.905e+13
dp[50][10991]=-5.905e+13
dp[51][10991]=-5.905e+13
dp[52][10991]=-5.905e+13
dp[53][10991]=-5.905e+13
dp[54][10991]=-5.905e+13
dp[55][10991]=-5.905e+13
dp[56][10991]=-5.905e+13
dp[57][10991]=-5.905e+13
dp[58][10991]=-5.905e+13
dp[59][10991]=-5.905e+13
dp[60][10991]=-5.905e+13
dp[61][10991]=-5.905e+13
dp[62][10991]=-5.905e+13
dp[63][10991]=-5.905e+13
dp[64][10991]=-5.905e+13
dp[65][10991]=-5.905e+13
dp[66][10991]=-5.905e+13
dp[67][10991]=-5.905e+13
dp[68][10991]=-5.905e+13
dp[69][10991]=-5.905e+13
dp[70][10991]=-5.811e+13
Select best dp
Best k=30
Stratifying 16-th numerical feature ...
dp[2][10991]=-4.044e+13
dp[3][10991]=-4.803e+13
dp[4][10991]=-5.031e+13
dp[5][10991]=-5.216e+13
dp[6][10991]=-5.39e+13
dp[7][10991]=-5.554e+13
dp[8][10991]=-5.729e+13
dp[9][10991]=-5.729e+13
dp[10][10991]=-5.729e+13
dp[11][10991]=-5.729e+13
dp[12][10991]=-5.729e+13
dp[13][10991]=-5.729e+13
dp[14][10991]=-5.729e+13
dp[15][10991]=-5.729e+13
dp[16][10991]=-5.729e+13
dp[17][10991]=-5.729e+13
dp[18][10991]=-5.729e+13
dp[19][10991]=-5.729e+13
dp[20][10991]=-5.729e+13
dp[21][10991]=-5.729e+13
dp[22][10991]=-5.729e+13
dp[23][10991]=-5.729e+13
dp[24][10991]=-5.729e+13
dp[25][10991]=-5.729e+13
dp[26][10991]=-5.729e+13
dp[27][10991]=-5.729e+13
dp[28][10991]=-5.729e+13
dp[29][10991]=-5.729e+13
dp[30][10991]=-5.729e+13
dp[31][10991]=-5.729e+13
dp[32][10991]=-5.729e+13
dp[33][10991]=-5.729e+13
dp[34][10991]=-5.729e+13
dp[35][10991]=-5.729e+13
dp[36][10991]=-5.729e+13
dp[37][10991]=-5.729e+13
dp[38][10991]=-5.729e+13
dp[39][10991]=-5.729e+13
dp[40][10991]=-5.729e+13
dp[41][10991]=-5.729e+13
dp[42][10991]=-5.729e+13
dp[43][10991]=-5.729e+13
dp[44][10991]=-5.729e+13
dp[45][10991]=-5.729e+13
dp[46][10991]=-5.729e+13
dp[47][10991]=-5.729e+13
dp[48][10991]=-5.729e+13
dp[49][10991]=-5.729e+13
dp[50][10991]=-5.729e+13
dp[51][10991]=-5.729e+13
dp[52][10991]=-5.729e+13
dp[53][10991]=-5.729e+13
dp[54][10991]=-5.729e+13
dp[55][10991]=-5.729e+13
dp[56][10991]=-5.729e+13
dp[57][10991]=-5.729e+13
dp[58][10991]=-5.729e+13
dp[59][10991]=-5.729e+13
dp[60][10991]=-5.729e+13
dp[61][10991]=-5.729e+13
dp[62][10991]=-5.729e+13
dp[63][10991]=-5.729e+13
dp[64][10991]=-5.729e+13
dp[65][10991]=-5.729e+13
dp[66][10991]=-5.729e+13
dp[67][10991]=-5.729e+13
dp[68][10991]=-5.654e+13
dp[69][10991]=-5.497e+13
dp[70][10991]=-4.712e+13
Select best dp
Best k=36
