Standardize ...
Stratifying 1-th numerical feature ...
dp[2][402]=-389.566
dp[3][402]=-709.986
dp[4][402]=-905.468
dp[5][402]=-1012.88
dp[6][402]=-1097.84
dp[7][402]=-1170.39
dp[8][402]=-1215.27
dp[9][402]=-1251.51
dp[10][402]=-1272.88
dp[11][402]=-1301.41
dp[12][402]=-1316.66
dp[13][402]=-1331.47
dp[14][402]=-1338.44
dp[15][402]=-1336.75
dp[16][402]=-1330.71
dp[17][402]=-1302.05
dp[18][402]=-1266.12
dp[19][402]=-1227.46
dp[20][402]=-1163.37
Select best dp
Best k=14
Stratifying 2-th numerical feature ...
dp[2][402]=-414.296
dp[3][402]=-786.734
dp[4][402]=-939.586
dp[5][402]=-1042.04
dp[6][402]=-1134.2
dp[7][402]=-1217.37
dp[8][402]=-1287.46
dp[9][402]=-1324.85
dp[10][402]=-1357.16
dp[11][402]=-1388.27
dp[12][402]=-1408.38
dp[13][402]=-1424.07
dp[14][402]=-1430.88
dp[15][402]=-1431.12
dp[16][402]=-1422.72
dp[17][402]=-1398.23
dp[18][402]=-1368.39
dp[19][402]=-1317.22
dp[20][402]=-1181.59
Select best dp
Best k=15
Stratifying 3-th numerical feature ...
dp[2][402]=-450.125
dp[3][402]=-702.745
dp[4][402]=-928.979
dp[5][402]=-1010.93
dp[6][402]=-1090.78
dp[7][402]=-1169.27
dp[8][402]=-1216.48
dp[9][402]=-1257.31
dp[10][402]=-1278.69
dp[11][402]=-1299.72
dp[12][402]=-1316.57
dp[13][402]=-1326.35
dp[14][402]=-1334.67
dp[15][402]=-1342.12
dp[16][402]=-1344.19
dp[17][402]=-1336.5
dp[18][402]=-1310.3
dp[19][402]=-1277.95
dp[20][402]=-1192.85
Select best dp
Best k=16
Stratifying 4-th numerical feature ...
dp[2][402]=-508.604
dp[3][402]=-782.342
dp[4][402]=-972.066
dp[5][402]=-1096.87
dp[6][402]=-1177.62
dp[7][402]=-1245.08
dp[8][402]=-1300.18
dp[9][402]=-1345.97
dp[10][402]=-1384.09
dp[11][402]=-1407.24
dp[12][402]=-1417.63
dp[13][402]=-1428.01
dp[14][402]=-1421.63
dp[15][402]=-1414.75
dp[16][402]=-1406.32
dp[17][402]=-1388.15
dp[18][402]=-1356.53
dp[19][402]=-1320.08
dp[20][402]=-1230.73
Select best dp
Best k=13
Stratifying 5-th numerical feature ...
dp[2][402]=-551.21
dp[3][402]=-811.647
dp[4][402]=-1066.35
dp[5][402]=-1182.13
dp[6][402]=-1275.3
dp[7][402]=-1329.82
dp[8][402]=-1369.86
dp[9][402]=-1406.55
dp[10][402]=-1437.29
dp[11][402]=-1465.1
dp[12][402]=-1479.18
dp[13][402]=-1490.77
dp[14][402]=-1502.02
dp[15][402]=-1510.92
dp[16][402]=-1499.02
dp[17][402]=-1480.96
dp[18][402]=-1464.79
dp[19][402]=-1430.62
dp[20][402]=-1354.14
Select best dp
Best k=15
