Standardize ...
Stratifying 1-th numerical feature ...
dp[2][14979]=-254120
dp[3][14979]=-267576
dp[4][14979]=-293373
dp[5][14979]=-307579
dp[6][14979]=-317286
dp[7][14979]=-324376
dp[8][14979]=-330117
dp[9][14979]=-334755
dp[10][14979]=-338556
dp[11][14979]=-342194
dp[12][14979]=-345549
dp[13][14979]=-348412
dp[14][14979]=-350746
dp[15][14979]=-352803
dp[16][14979]=-354785
dp[17][14979]=-356630
dp[18][14979]=-358460
dp[19][14979]=-360088
dp[20][14979]=-361667
dp[21][14979]=-363215
dp[22][14979]=-364469
dp[23][14979]=-365636
dp[24][14979]=-366800
dp[25][14979]=-367879
dp[26][14979]=-368879
dp[27][14979]=-369877
dp[28][14979]=-370793
dp[29][14979]=-371687
dp[30][14979]=-372529
dp[31][14979]=-373362
dp[32][14979]=-374178
dp[33][14979]=-374973
dp[34][14979]=-375700
dp[35][14979]=-376418
dp[36][14979]=-377129
dp[37][14979]=-377754
dp[38][14979]=-378348
dp[39][14979]=-378930
dp[40][14979]=-379510
dp[41][14979]=-380080
dp[42][14979]=-380649
dp[43][14979]=-381186
dp[44][14979]=-381720
dp[45][14979]=-382242
dp[46][14979]=-382747
dp[47][14979]=-383251
dp[48][14979]=-383694
dp[49][14979]=-384115
dp[50][14979]=-384522
dp[51][14979]=-384894
dp[52][14979]=-385265
dp[53][14979]=-385619
dp[54][14979]=-385961
dp[55][14979]=-386272
dp[56][14979]=-386559
dp[57][14979]=-386841
dp[58][14979]=-387059
dp[59][14979]=-387235
dp[60][14979]=-387385
dp[61][14979]=-387446
dp[62][14979]=-387438
dp[63][14979]=-387352
dp[64][14979]=-387231
dp[65][14979]=-387090
dp[66][14979]=-386947
dp[67][14979]=-386629
dp[68][14979]=-386295
dp[69][14979]=-385599
dp[70][14979]=-384206
Select best dp
Best k=61
Stratifying 2-th numerical feature ...
dp[2][14979]=-15378.5
dp[3][14979]=-27265.6
dp[4][14979]=-37188.5
dp[5][14979]=-45848.5
dp[6][14979]=-53047.5
dp[7][14979]=-58472.3
dp[8][14979]=-63557.5
dp[9][14979]=-67372.3
dp[10][14979]=-70916.5
dp[11][14979]=-73689.6
dp[12][14979]=-76406.3
dp[13][14979]=-78855.5
dp[14][14979]=-81180.9
dp[15][14979]=-83171.5
dp[16][14979]=-85115
dp[17][14979]=-86846.9
dp[18][14979]=-88527.4
dp[19][14979]=-90005.2
dp[20][14979]=-91449
dp[21][14979]=-92848
dp[22][14979]=-94157
dp[23][14979]=-95339.2
dp[24][14979]=-96459.5
dp[25][14979]=-97516.1
dp[26][14979]=-98537.3
dp[27][14979]=-99556.5
dp[28][14979]=-100491
dp[29][14979]=-101409
dp[30][14979]=-102297
dp[31][14979]=-103115
dp[32][14979]=-103882
dp[33][14979]=-104630
dp[34][14979]=-105311
dp[35][14979]=-105985
dp[36][14979]=-106592
dp[37][14979]=-107189
dp[38][14979]=-107779
dp[39][14979]=-108351
dp[40][14979]=-108911
dp[41][14979]=-109464
dp[42][14979]=-110006
dp[43][14979]=-110525
dp[44][14979]=-111022
dp[45][14979]=-111507
dp[46][14979]=-111979
dp[47][14979]=-112423
dp[48][14979]=-112863
dp[49][14979]=-113300
dp[50][14979]=-113723
dp[51][14979]=-114119
dp[52][14979]=-114513
dp[53][14979]=-114881
dp[54][14979]=-115246
dp[55][14979]=-115597
dp[56][14979]=-115942
dp[57][14979]=-116271
dp[58][14979]=-116517
dp[59][14979]=-116712
dp[60][14979]=-116893
dp[61][14979]=-117026
dp[62][14979]=-117149
dp[63][14979]=-117196
dp[64][14979]=-117149
dp[65][14979]=-117030
dp[66][14979]=-116808
dp[67][14979]=-116531
dp[68][14979]=-116178
dp[69][14979]=-115657
dp[70][14979]=-113989
Select best dp
Best k=63
Stratifying 3-th numerical feature ...
dp[2][14979]=-8084.98
dp[3][14979]=-3.98e+12
dp[4][14979]=-7.92e+12
dp[5][14979]=-1.153e+13
dp[6][14979]=-1.516e+13
dp[7][14979]=-1.866e+13
dp[8][14979]=-2.229e+13
dp[9][14979]=-2.569e+13
dp[10][14979]=-2.865e+13
dp[11][14979]=-3.149e+13
dp[12][14979]=-3.4e+13
dp[13][14979]=-3.646e+13
dp[14][14979]=-3.877e+13
dp[15][14979]=-4.105e+13
dp[16][14979]=-4.128e+13
dp[17][14979]=-4.374e+13
dp[18][14979]=-4.606e+13
dp[19][14979]=-4.837e+13
dp[20][14979]=-5.065e+13
dp[21][14979]=-5.065e+13
dp[22][14979]=-5.275e+13
dp[23][14979]=-5.275e+13
dp[24][14979]=-5.275e+13
dp[25][14979]=-5.275e+13
dp[26][14979]=-5.275e+13
dp[27][14979]=-5.275e+13
dp[28][14979]=-5.275e+13
dp[29][14979]=-5.275e+13
dp[30][14979]=-5.275e+13
dp[31][14979]=-5.275e+13
dp[32][14979]=-5.275e+13
dp[33][14979]=-5.275e+13
dp[34][14979]=-5.275e+13
dp[35][14979]=-5.275e+13
dp[36][14979]=-5.275e+13
dp[37][14979]=-5.275e+13
dp[38][14979]=-5.275e+13
dp[39][14979]=-5.275e+13
dp[40][14979]=-5.275e+13
dp[41][14979]=-5.275e+13
dp[42][14979]=-5.275e+13
dp[43][14979]=-5.275e+13
dp[44][14979]=-5.275e+13
dp[45][14979]=-5.275e+13
dp[46][14979]=-5.275e+13
dp[47][14979]=-5.275e+13
dp[48][14979]=-5.275e+13
dp[49][14979]=-5.275e+13
dp[50][14979]=-5.275e+13
dp[51][14979]=-5.275e+13
dp[52][14979]=-5.275e+13
dp[53][14979]=-5.275e+13
dp[54][14979]=-5.275e+13
dp[55][14979]=-5.275e+13
dp[56][14979]=-5.275e+13
dp[57][14979]=-5.275e+13
dp[58][14979]=-5.275e+13
dp[59][14979]=-5.275e+13
dp[60][14979]=-5.275e+13
dp[61][14979]=-5.275e+13
dp[62][14979]=-5.275e+13
dp[63][14979]=-5.061e+13
dp[64][14979]=-4.847e+13
dp[65][14979]=-4.633e+13
dp[66][14979]=-4.419e+13
dp[67][14979]=-4.205e+13
dp[68][14979]=-3.952e+13
dp[69][14979]=-3.166e+13
dp[70][14979]=-1.498e+13
Select best dp
Best k=60
Stratifying 4-th numerical feature ...
dp[2][14979]=-242280
dp[3][14979]=-3.36e+12
dp[4][14979]=-6.45e+12
dp[5][14979]=-9.76e+12
dp[6][14979]=-1.278e+13
dp[7][14979]=-1.584e+13
dp[8][14979]=-1.873e+13
dp[9][14979]=-2.144e+13
dp[10][14979]=-2.385e+13
dp[11][14979]=-2.602e+13
dp[12][14979]=-2.645e+13
dp[13][14979]=-2.89e+13
dp[14][14979]=-3.138e+13
dp[15][14979]=-3.379e+13
dp[16][14979]=-3.613e+13
dp[17][14979]=-3.839e+13
dp[18][14979]=-4.073e+13
dp[19][14979]=-4.29e+13
dp[20][14979]=-4.505e+13
dp[21][14979]=-4.505e+13
dp[22][14979]=-4.505e+13
dp[23][14979]=-4.505e+13
dp[24][14979]=-4.505e+13
dp[25][14979]=-4.505e+13
dp[26][14979]=-4.505e+13
dp[27][14979]=-4.505e+13
dp[28][14979]=-4.505e+13
dp[29][14979]=-4.505e+13
dp[30][14979]=-4.505e+13
dp[31][14979]=-4.505e+13
dp[32][14979]=-4.505e+13
dp[33][14979]=-4.505e+13
dp[34][14979]=-4.505e+13
dp[35][14979]=-4.505e+13
dp[36][14979]=-4.505e+13
dp[37][14979]=-4.505e+13
dp[38][14979]=-4.505e+13
dp[39][14979]=-4.505e+13
dp[40][14979]=-4.505e+13
dp[41][14979]=-4.505e+13
dp[42][14979]=-4.505e+13
dp[43][14979]=-4.505e+13
dp[44][14979]=-4.505e+13
dp[45][14979]=-4.505e+13
dp[46][14979]=-4.505e+13
dp[47][14979]=-4.505e+13
dp[48][14979]=-4.505e+13
dp[49][14979]=-4.505e+13
dp[50][14979]=-4.505e+13
dp[51][14979]=-4.505e+13
dp[52][14979]=-4.505e+13
dp[53][14979]=-4.505e+13
dp[54][14979]=-4.505e+13
dp[55][14979]=-4.505e+13
dp[56][14979]=-4.505e+13
dp[57][14979]=-4.505e+13
dp[58][14979]=-4.505e+13
dp[59][14979]=-4.505e+13
dp[60][14979]=-4.505e+13
dp[61][14979]=-4.505e+13
dp[62][14979]=-4.505e+13
dp[63][14979]=-4.505e+13
dp[64][14979]=-4.505e+13
dp[65][14979]=-4.486e+13
dp[66][14979]=-4.272e+13
dp[67][14979]=-3.844e+13
dp[68][14979]=-3.339e+13
dp[69][14979]=-2.269e+13
dp[70][14979]=-8.56e+12
Select best dp
Best k=60
Stratifying 5-th numerical feature ...
dp[2][14979]=-11590.2
dp[3][14979]=-3.07e+12
dp[4][14979]=-5.75e+12
dp[5][14979]=-8.49e+12
dp[6][14979]=-1.126e+13
dp[7][14979]=-1.406e+13
dp[8][14979]=-1.683e+13
dp[9][14979]=-1.954e+13
dp[10][14979]=-2.227e+13
dp[11][14979]=-2.511e+13
dp[12][14979]=-2.788e+13
dp[13][14979]=-3.048e+13
dp[14][14979]=-3.294e+13
dp[15][14979]=-3.543e+13
dp[16][14979]=-3.788e+13
dp[17][14979]=-4.037e+13
dp[18][14979]=-4.268e+13
dp[19][14979]=-4.517e+13
dp[20][14979]=-4.747e+13
dp[21][14979]=-4.982e+13
dp[22][14979]=-5.208e+13
dp[23][14979]=-5.436e+13
dp[24][14979]=-5.682e+13
dp[25][14979]=-5.939e+13
dp[26][14979]=-6.187e+13
dp[27][14979]=-6.444e+13
dp[28][14979]=-6.701e+13
dp[29][14979]=-6.947e+13
dp[30][14979]=-7.196e+13
dp[31][14979]=-7.441e+13
dp[32][14979]=-7.69e+13
dp[33][14979]=-7.69e+13
dp[34][14979]=-7.907e+13
dp[35][14979]=-7.907e+13
dp[36][14979]=-8.116e+13
dp[37][14979]=-8.116e+13
dp[38][14979]=-8.116e+13
dp[39][14979]=-8.116e+13
dp[40][14979]=-8.116e+13
dp[41][14979]=-8.116e+13
dp[42][14979]=-8.116e+13
dp[43][14979]=-8.116e+13
dp[44][14979]=-8.116e+13
dp[45][14979]=-8.116e+13
dp[46][14979]=-8.116e+13
dp[47][14979]=-8.116e+13
dp[48][14979]=-8.116e+13
dp[49][14979]=-8.116e+13
dp[50][14979]=-8.116e+13
dp[51][14979]=-8.116e+13
dp[52][14979]=-8.116e+13
dp[53][14979]=-8.116e+13
dp[54][14979]=-8.116e+13
dp[55][14979]=-8.116e+13
dp[56][14979]=-8.116e+13
dp[57][14979]=-8.116e+13
dp[58][14979]=-8.116e+13
dp[59][14979]=-8.116e+13
dp[60][14979]=-8.116e+13
dp[61][14979]=-8.116e+13
dp[62][14979]=-8.116e+13
dp[63][14979]=-7.899e+13
dp[64][14979]=-7.372e+13
dp[65][14979]=-6.73e+13
dp[66][14979]=-6.088e+13
dp[67][14979]=-5.446e+13
dp[68][14979]=-4.708e+13
dp[69][14979]=-3.638e+13
dp[70][14979]=-1.284e+13
Select best dp
Best k=60
Stratifying 6-th numerical feature ...
dp[2][14979]=-226097
dp[3][14979]=-4.2e+12
dp[4][14979]=-8.27e+12
dp[5][14979]=-1.228e+13
dp[6][14979]=-1.629e+13
dp[7][14979]=-2.012e+13
dp[8][14979]=-2.395e+13
dp[9][14979]=-2.757e+13
dp[10][14979]=-3.068e+13
dp[11][14979]=-3.375e+13
dp[12][14979]=-3.645e+13
dp[13][14979]=-3.909e+13
dp[14][14979]=-4.153e+13
dp[15][14979]=-4.398e+13
dp[16][14979]=-4.639e+13
dp[17][14979]=-4.863e+13
dp[18][14979]=-4.863e+13
dp[19][14979]=-4.863e+13
dp[20][14979]=-4.863e+13
dp[21][14979]=-4.863e+13
dp[22][14979]=-4.863e+13
dp[23][14979]=-4.863e+13
dp[24][14979]=-4.863e+13
dp[25][14979]=-4.863e+13
dp[26][14979]=-4.863e+13
dp[27][14979]=-4.863e+13
dp[28][14979]=-4.863e+13
dp[29][14979]=-4.863e+13
dp[30][14979]=-4.863e+13
dp[31][14979]=-4.863e+13
dp[32][14979]=-4.863e+13
dp[33][14979]=-4.863e+13
dp[34][14979]=-4.863e+13
dp[35][14979]=-4.863e+13
dp[36][14979]=-4.863e+13
dp[37][14979]=-4.863e+13
dp[38][14979]=-4.863e+13
dp[39][14979]=-4.863e+13
dp[40][14979]=-4.863e+13
dp[41][14979]=-4.863e+13
dp[42][14979]=-4.863e+13
dp[43][14979]=-4.863e+13
dp[44][14979]=-4.863e+13
dp[45][14979]=-4.863e+13
dp[46][14979]=-4.863e+13
dp[47][14979]=-4.863e+13
dp[48][14979]=-4.863e+13
dp[49][14979]=-4.863e+13
dp[50][14979]=-4.863e+13
dp[51][14979]=-4.863e+13
dp[52][14979]=-4.863e+13
dp[53][14979]=-4.863e+13
dp[54][14979]=-4.863e+13
dp[55][14979]=-4.863e+13
dp[56][14979]=-4.863e+13
dp[57][14979]=-4.863e+13
dp[58][14979]=-4.863e+13
dp[59][14979]=-4.863e+13
dp[60][14979]=-4.863e+13
dp[61][14979]=-4.863e+13
dp[62][14979]=-4.82e+13
dp[63][14979]=-4.606e+13
dp[64][14979]=-4.392e+13
dp[65][14979]=-4.178e+13
dp[66][14979]=-3.964e+13
dp[67][14979]=-3.75e+13
dp[68][14979]=-3.536e+13
dp[69][14979]=-3.108e+13
dp[70][14979]=-1.712e+13
Select best dp
Best k=56
Stratifying 7-th numerical feature ...
dp[2][14979]=-242787
dp[3][14979]=-306105
dp[4][14979]=-323616
dp[5][14979]=-336439
dp[6][14979]=-344037
dp[7][14979]=-350919
dp[8][14979]=-356470
dp[9][14979]=-360880
dp[10][14979]=-364589
dp[11][14979]=-367837
dp[12][14979]=-370701
dp[13][14979]=-373207
dp[14][14979]=-375523
dp[15][14979]=-377682
dp[16][14979]=-379756
dp[17][14979]=-381635
dp[18][14979]=-383382
dp[19][14979]=-385039
dp[20][14979]=-386507
dp[21][14979]=-387842
dp[22][14979]=-389146
dp[23][14979]=-390388
dp[24][14979]=-391580
dp[25][14979]=-392711
dp[26][14979]=-393778
dp[27][14979]=-394788
dp[28][14979]=-395735
dp[29][14979]=-396632
dp[30][14979]=-397506
dp[31][14979]=-398370
dp[32][14979]=-399203
dp[33][14979]=-399964
dp[34][14979]=-400716
dp[35][14979]=-401461
dp[36][14979]=-402190
dp[37][14979]=-402919
dp[38][14979]=-403603
dp[39][14979]=-404245
dp[40][14979]=-404869
dp[41][14979]=-405469
dp[42][14979]=-406043
dp[43][14979]=-406596
dp[44][14979]=-407104
dp[45][14979]=-407594
dp[46][14979]=-408081
dp[47][14979]=-408564
dp[48][14979]=-409020
dp[49][14979]=-409456
dp[50][14979]=-409850
dp[51][14979]=-410236
dp[52][14979]=-410603
dp[53][14979]=-410965
dp[54][14979]=-411242
dp[55][14979]=-411498
dp[56][14979]=-411726
dp[57][14979]=-411848
dp[58][14979]=-411936
dp[59][14979]=-411953
dp[60][14979]=-411959
dp[61][14979]=-411945
dp[62][14979]=-411916
dp[63][14979]=-411789
dp[64][14979]=-411613
dp[65][14979]=-411377
dp[66][14979]=-411062
dp[67][14979]=-410701
dp[68][14979]=-410089
dp[69][14979]=-409272
dp[70][14979]=-407653
Select best dp
Best k=60
Stratifying 8-th numerical feature ...
dp[2][14979]=-20901.8
dp[3][14979]=-2.69e+12
dp[4][14979]=-5.27e+12
dp[5][14979]=-7.78e+12
dp[6][14979]=-1.003e+13
dp[7][14979]=-1.234e+13
dp[8][14979]=-1.47e+13
dp[9][14979]=-1.697e+13
dp[10][14979]=-1.939e+13
dp[11][14979]=-1.965e+13
dp[12][14979]=-2.207e+13
dp[13][14979]=-2.424e+13
dp[14][14979]=-2.666e+13
dp[15][14979]=-2.884e+13
dp[16][14979]=-3.108e+13
dp[17][14979]=-3.108e+13
dp[18][14979]=-3.108e+13
dp[19][14979]=-3.108e+13
dp[20][14979]=-3.108e+13
dp[21][14979]=-3.108e+13
dp[22][14979]=-3.108e+13
dp[23][14979]=-3.108e+13
dp[24][14979]=-3.108e+13
dp[25][14979]=-3.108e+13
dp[26][14979]=-3.108e+13
dp[27][14979]=-3.108e+13
dp[28][14979]=-3.108e+13
dp[29][14979]=-3.108e+13
dp[30][14979]=-3.108e+13
dp[31][14979]=-3.108e+13
dp[32][14979]=-3.108e+13
dp[33][14979]=-3.108e+13
dp[34][14979]=-3.108e+13
dp[35][14979]=-3.108e+13
dp[36][14979]=-3.108e+13
dp[37][14979]=-3.108e+13
dp[38][14979]=-3.108e+13
dp[39][14979]=-3.108e+13
dp[40][14979]=-3.108e+13
dp[41][14979]=-3.108e+13
dp[42][14979]=-3.108e+13
dp[43][14979]=-3.108e+13
dp[44][14979]=-3.108e+13
dp[45][14979]=-3.108e+13
dp[46][14979]=-3.108e+13
dp[47][14979]=-3.108e+13
dp[48][14979]=-3.108e+13
dp[49][14979]=-3.108e+13
dp[50][14979]=-3.108e+13
dp[51][14979]=-3.108e+13
dp[52][14979]=-3.108e+13
dp[53][14979]=-3.108e+13
dp[54][14979]=-3.108e+13
dp[55][14979]=-3.108e+13
dp[56][14979]=-3.108e+13
dp[57][14979]=-3.108e+13
dp[58][14979]=-3.108e+13
dp[59][14979]=-3.108e+13
dp[60][14979]=-3.108e+13
dp[61][14979]=-3.108e+13
dp[62][14979]=-3.108e+13
dp[63][14979]=-3.108e+13
dp[64][14979]=-3.108e+13
dp[65][14979]=-3.108e+13
dp[66][14979]=-3.108e+13
dp[67][14979]=-3.108e+13
dp[68][14979]=-2.665e+13
dp[69][14979]=-1.595e+13
dp[70][14979]=-4.28e+12
Select best dp
Best k=59
Stratifying 9-th numerical feature ...
dp[2][14979]=-223735
dp[3][14979]=-2.37e+12
dp[4][14979]=-4.54e+12
dp[5][14979]=-6.6e+12
dp[6][14979]=-8.76e+12
dp[7][14979]=-8.97e+12
dp[8][14979]=-1.114e+13
dp[9][14979]=-1.33e+13
dp[10][14979]=-1.35e+13
dp[11][14979]=-1.566e+13
dp[12][14979]=-1.577e+13
dp[13][14979]=-1.793e+13
dp[14][14979]=-1.801e+13
dp[15][14979]=-2.013e+13
dp[16][14979]=-2.016e+13
dp[17][14979]=-2.226e+13
dp[18][14979]=-2.226e+13
dp[19][14979]=-2.226e+13
dp[20][14979]=-2.226e+13
dp[21][14979]=-2.226e+13
dp[22][14979]=-2.226e+13
dp[23][14979]=-2.226e+13
dp[24][14979]=-2.226e+13
dp[25][14979]=-2.226e+13
dp[26][14979]=-2.226e+13
dp[27][14979]=-2.226e+13
dp[28][14979]=-2.226e+13
dp[29][14979]=-2.226e+13
dp[30][14979]=-2.226e+13
dp[31][14979]=-2.226e+13
dp[32][14979]=-2.226e+13
dp[33][14979]=-2.226e+13
dp[34][14979]=-2.226e+13
dp[35][14979]=-2.226e+13
dp[36][14979]=-2.226e+13
dp[37][14979]=-2.226e+13
dp[38][14979]=-2.226e+13
dp[39][14979]=-2.226e+13
dp[40][14979]=-2.226e+13
dp[41][14979]=-2.226e+13
dp[42][14979]=-2.226e+13
dp[43][14979]=-2.226e+13
dp[44][14979]=-2.226e+13
dp[45][14979]=-2.226e+13
dp[46][14979]=-2.226e+13
dp[47][14979]=-2.226e+13
dp[48][14979]=-2.226e+13
dp[49][14979]=-2.226e+13
dp[50][14979]=-2.226e+13
dp[51][14979]=-2.226e+13
dp[52][14979]=-2.226e+13
dp[53][14979]=-2.226e+13
dp[54][14979]=-2.226e+13
dp[55][14979]=-2.226e+13
dp[56][14979]=-2.226e+13
dp[57][14979]=-2.226e+13
dp[58][14979]=-2.226e+13
dp[59][14979]=-2.226e+13
dp[60][14979]=-2.226e+13
dp[61][14979]=-2.226e+13
dp[62][14979]=-2.226e+13
dp[63][14979]=-2.226e+13
dp[64][14979]=-2.226e+13
dp[65][14979]=-2.226e+13
dp[66][14979]=-2.226e+13
dp[67][14979]=-2.226e+13
dp[68][14979]=-1.999e+13
dp[69][14979]=-1.303e+13
dp[70][14979]=-4.28e+12
Select best dp
Best k=60
Stratifying 10-th numerical feature ...
dp[2][14979]=-10038.5
dp[3][14979]=-2.49e+12
dp[4][14979]=-4.85e+12
dp[5][14979]=-6.9e+12
dp[6][14979]=-9.19e+12
dp[7][14979]=-1.145e+13
dp[8][14979]=-1.175e+13
dp[9][14979]=-1.404e+13
dp[10][14979]=-1.623e+13
dp[11][14979]=-1.82e+13
dp[12][14979]=-1.856e+13
dp[13][14979]=-2.079e+13
dp[14][14979]=-2.298e+13
dp[15][14979]=-2.312e+13
dp[16][14979]=-2.531e+13
dp[17][14979]=-2.531e+13
dp[18][14979]=-2.737e+13
dp[19][14979]=-2.737e+13
dp[20][14979]=-2.737e+13
dp[21][14979]=-2.737e+13
dp[22][14979]=-2.737e+13
dp[23][14979]=-2.737e+13
dp[24][14979]=-2.737e+13
dp[25][14979]=-2.737e+13
dp[26][14979]=-2.737e+13
dp[27][14979]=-2.737e+13
dp[28][14979]=-2.737e+13
dp[29][14979]=-2.737e+13
dp[30][14979]=-2.737e+13
dp[31][14979]=-2.737e+13
dp[32][14979]=-2.737e+13
dp[33][14979]=-2.737e+13
dp[34][14979]=-2.737e+13
dp[35][14979]=-2.737e+13
dp[36][14979]=-2.737e+13
dp[37][14979]=-2.737e+13
dp[38][14979]=-2.737e+13
dp[39][14979]=-2.737e+13
dp[40][14979]=-2.737e+13
dp[41][14979]=-2.737e+13
dp[42][14979]=-2.737e+13
dp[43][14979]=-2.737e+13
dp[44][14979]=-2.737e+13
dp[45][14979]=-2.737e+13
dp[46][14979]=-2.737e+13
dp[47][14979]=-2.737e+13
dp[48][14979]=-2.737e+13
dp[49][14979]=-2.737e+13
dp[50][14979]=-2.737e+13
dp[51][14979]=-2.737e+13
dp[52][14979]=-2.737e+13
dp[53][14979]=-2.737e+13
dp[54][14979]=-2.737e+13
dp[55][14979]=-2.737e+13
dp[56][14979]=-2.737e+13
dp[57][14979]=-2.737e+13
dp[58][14979]=-2.737e+13
dp[59][14979]=-2.737e+13
dp[60][14979]=-2.737e+13
dp[61][14979]=-2.737e+13
dp[62][14979]=-2.737e+13
dp[63][14979]=-2.737e+13
dp[64][14979]=-2.737e+13
dp[65][14979]=-2.737e+13
dp[66][14979]=-2.737e+13
dp[67][14979]=-2.737e+13
dp[68][14979]=-2.711e+13
dp[69][14979]=-1.586e+13
dp[70][14979]=-2.14e+12
Select best dp
Best k=61
Stratifying 11-th numerical feature ...
dp[2][14979]=-16200
dp[3][14979]=-2.27e+12
dp[4][14979]=-2.27e+12
dp[5][14979]=-2.27e+12
dp[6][14979]=-2.27e+12
dp[7][14979]=-2.27e+12
dp[8][14979]=-2.27e+12
dp[9][14979]=-2.27e+12
dp[10][14979]=-2.27e+12
dp[11][14979]=-2.27e+12
dp[12][14979]=-2.27e+12
dp[13][14979]=-2.27e+12
dp[14][14979]=-2.27e+12
dp[15][14979]=-2.27e+12
dp[16][14979]=-2.27e+12
dp[17][14979]=-2.27e+12
dp[18][14979]=-2.27e+12
dp[19][14979]=-2.27e+12
dp[20][14979]=-2.27e+12
dp[21][14979]=-2.27e+12
dp[22][14979]=-2.27e+12
dp[23][14979]=-2.27e+12
dp[24][14979]=-2.27e+12
dp[25][14979]=-2.27e+12
dp[26][14979]=-2.27e+12
dp[27][14979]=-2.27e+12
dp[28][14979]=-2.27e+12
dp[29][14979]=-2.27e+12
dp[30][14979]=-2.27e+12
dp[31][14979]=-2.27e+12
dp[32][14979]=-2.27e+12
dp[33][14979]=-2.27e+12
dp[34][14979]=-2.27e+12
dp[35][14979]=-2.27e+12
dp[36][14979]=-2.27e+12
dp[37][14979]=-2.27e+12
dp[38][14979]=-2.27e+12
dp[39][14979]=-2.27e+12
dp[40][14979]=-2.27e+12
dp[41][14979]=-2.27e+12
dp[42][14979]=-2.27e+12
dp[43][14979]=-2.27e+12
dp[44][14979]=-2.27e+12
dp[45][14979]=-2.27e+12
dp[46][14979]=-2.27e+12
dp[47][14979]=-2.27e+12
dp[48][14979]=-2.27e+12
dp[49][14979]=-2.27e+12
dp[50][14979]=-2.27e+12
dp[51][14979]=-2.27e+12
dp[52][14979]=-2.27e+12
dp[53][14979]=-2.27e+12
dp[54][14979]=-2.27e+12
dp[55][14979]=-2.27e+12
dp[56][14979]=-2.27e+12
dp[57][14979]=-2.27e+12
dp[58][14979]=-2.27e+12
dp[59][14979]=-2.27e+12
dp[60][14979]=-2.27e+12
dp[61][14979]=-2.27e+12
dp[62][14979]=-2.27e+12
dp[63][14979]=-2.27e+12
dp[64][14979]=-2.27e+12
dp[65][14979]=-2.27e+12
dp[66][14979]=-2.27e+12
dp[67][14979]=-2.27e+12
dp[68][14979]=-2.27e+12
dp[69][14979]=-2.27e+12
dp[70][14979]=-115831
Select best dp
Best k=62
Stratifying 12-th numerical feature ...
dp[2][14979]=-12798.2
dp[3][14979]=-2.43e+12
dp[4][14979]=-4.65e+12
dp[5][14979]=-6.99e+12
dp[6][14979]=-7.07e+12
dp[7][14979]=-9.42e+12
dp[8][14979]=-1.156e+13
dp[9][14979]=-1.167e+13
dp[10][14979]=-1.381e+13
dp[11][14979]=-1.388e+13
dp[12][14979]=-1.602e+13
dp[13][14979]=-1.602e+13
dp[14][14979]=-1.799e+13
dp[15][14979]=-1.799e+13
dp[16][14979]=-1.799e+13
dp[17][14979]=-1.799e+13
dp[18][14979]=-1.799e+13
dp[19][14979]=-1.799e+13
dp[20][14979]=-1.799e+13
dp[21][14979]=-1.799e+13
dp[22][14979]=-1.799e+13
dp[23][14979]=-1.799e+13
dp[24][14979]=-1.799e+13
dp[25][14979]=-1.799e+13
dp[26][14979]=-1.799e+13
dp[27][14979]=-1.799e+13
dp[28][14979]=-1.799e+13
dp[29][14979]=-1.799e+13
dp[30][14979]=-1.799e+13
dp[31][14979]=-1.799e+13
dp[32][14979]=-1.799e+13
dp[33][14979]=-1.799e+13
dp[34][14979]=-1.799e+13
dp[35][14979]=-1.799e+13
dp[36][14979]=-1.799e+13
dp[37][14979]=-1.799e+13
dp[38][14979]=-1.799e+13
dp[39][14979]=-1.799e+13
dp[40][14979]=-1.799e+13
dp[41][14979]=-1.799e+13
dp[42][14979]=-1.799e+13
dp[43][14979]=-1.799e+13
dp[44][14979]=-1.799e+13
dp[45][14979]=-1.799e+13
dp[46][14979]=-1.799e+13
dp[47][14979]=-1.799e+13
dp[48][14979]=-1.799e+13
dp[49][14979]=-1.799e+13
dp[50][14979]=-1.799e+13
dp[51][14979]=-1.799e+13
dp[52][14979]=-1.799e+13
dp[53][14979]=-1.799e+13
dp[54][14979]=-1.799e+13
dp[55][14979]=-1.799e+13
dp[56][14979]=-1.799e+13
dp[57][14979]=-1.799e+13
dp[58][14979]=-1.799e+13
dp[59][14979]=-1.799e+13
dp[60][14979]=-1.799e+13
dp[61][14979]=-1.799e+13
dp[62][14979]=-1.799e+13
dp[63][14979]=-1.799e+13
dp[64][14979]=-1.799e+13
dp[65][14979]=-1.799e+13
dp[66][14979]=-1.799e+13
dp[67][14979]=-1.799e+13
dp[68][14979]=-1.799e+13
dp[69][14979]=-1.553e+13
dp[70][14979]=-2.14e+12
Select best dp
Best k=62
Stratifying 13-th numerical feature ...
dp[2][14979]=-135643
dp[3][14979]=-256692
dp[4][14979]=-273540
dp[5][14979]=-287827
dp[6][14979]=-298479
dp[7][14979]=-306872
dp[8][14979]=-312630
dp[9][14979]=-317379
dp[10][14979]=-321489
dp[11][14979]=-325090
dp[12][14979]=-328129
dp[13][14979]=-331024
dp[14][14979]=-333351
dp[15][14979]=-335465
dp[16][14979]=-337477
dp[17][14979]=-339285
dp[18][14979]=-340846
dp[19][14979]=-342372
dp[20][14979]=-343794
dp[21][14979]=-345170
dp[22][14979]=-346490
dp[23][14979]=-347796
dp[24][14979]=-348952
dp[25][14979]=-350081
dp[26][14979]=-351101
dp[27][14979]=-352103
dp[28][14979]=-353088
dp[29][14979]=-353980
dp[30][14979]=-354864
dp[31][14979]=-355682
dp[32][14979]=-356487
dp[33][14979]=-357251
dp[34][14979]=-357987
dp[35][14979]=-358704
dp[36][14979]=-359419
dp[37][14979]=-360106
dp[38][14979]=-360766
dp[39][14979]=-361383
dp[40][14979]=-361978
dp[41][14979]=-362568
dp[42][14979]=-363153
dp[43][14979]=-363730
dp[44][14979]=-364251
dp[45][14979]=-364760
dp[46][14979]=-365207
dp[47][14979]=-365644
dp[48][14979]=-366077
dp[49][14979]=-366477
dp[50][14979]=-366871
dp[51][14979]=-367264
dp[52][14979]=-367621
dp[53][14979]=-367943
dp[54][14979]=-368247
dp[55][14979]=-368535
dp[56][14979]=-368809
dp[57][14979]=-369036
dp[58][14979]=-369164
dp[59][14979]=-369199
dp[60][14979]=-369213
dp[61][14979]=-369189
dp[62][14979]=-369096
dp[63][14979]=-368991
dp[64][14979]=-368876
dp[65][14979]=-368690
dp[66][14979]=-368475
dp[67][14979]=-368223
dp[68][14979]=-367864
dp[69][14979]=-367270
dp[70][14979]=-366059
Select best dp
Best k=60
Stratifying 14-th numerical feature ...
dp[2][14979]=-279252
dp[3][14979]=-292385
dp[4][14979]=-317710
dp[5][14979]=-331131
dp[6][14979]=-341551
dp[7][14979]=-347963
dp[8][14979]=-354018
dp[9][14979]=-358732
dp[10][14979]=-362796
dp[11][14979]=-366179
dp[12][14979]=-369143
dp[13][14979]=-371831
dp[14][14979]=-374444
dp[15][14979]=-376689
dp[16][14979]=-378776
dp[17][14979]=-380734
dp[18][14979]=-382398
dp[19][14979]=-384033
dp[20][14979]=-385464
dp[21][14979]=-386813
dp[22][14979]=-388129
dp[23][14979]=-389382
dp[24][14979]=-390547
dp[25][14979]=-391694
dp[26][14979]=-392755
dp[27][14979]=-393792
dp[28][14979]=-394769
dp[29][14979]=-395721
dp[30][14979]=-396507
dp[31][14979]=-397271
dp[32][14979]=-398025
dp[33][14979]=-398758
dp[34][14979]=-399476
dp[35][14979]=-400193
dp[36][14979]=-400899
dp[37][14979]=-401556
dp[38][14979]=-402198
dp[39][14979]=-402798
dp[40][14979]=-403370
dp[41][14979]=-403936
dp[42][14979]=-404459
dp[43][14979]=-404973
dp[44][14979]=-405477
dp[45][14979]=-405960
dp[46][14979]=-406435
dp[47][14979]=-406899
dp[48][14979]=-407356
dp[49][14979]=-407811
dp[50][14979]=-408228
dp[51][14979]=-408629
dp[52][14979]=-408999
dp[53][14979]=-409367
dp[54][14979]=-409720
dp[55][14979]=-410014
dp[56][14979]=-410285
dp[57][14979]=-410512
dp[58][14979]=-410712
dp[59][14979]=-410874
dp[60][14979]=-411003
dp[61][14979]=-411110
dp[62][14979]=-411183
dp[63][14979]=-411168
dp[64][14979]=-411083
dp[65][14979]=-410981
dp[66][14979]=-410808
dp[67][14979]=-410567
dp[68][14979]=-410248
dp[69][14979]=-409799
dp[70][14979]=-408574
Select best dp
Best k=62
