Standardize ...
Stratifying 1-th numerical feature ...
dp[2][1371]=-1581.6
dp[3][1371]=-2613.25
dp[4][1371]=-3236.78
dp[5][1371]=-3814.75
dp[6][1371]=-4278.86
dp[7][1371]=-4619.57
dp[8][1371]=-4934.05
dp[9][1371]=-5219.74
dp[10][1371]=-5456.58
dp[11][1371]=-5667.27
dp[12][1371]=-5853.31
dp[13][1371]=-6038.96
dp[14][1371]=-6196.86
dp[15][1371]=-6330.05
dp[16][1371]=-6452.44
dp[17][1371]=-6567.37
dp[18][1371]=-6675.92
dp[19][1371]=-6773.39
dp[20][1371]=-6856.93
dp[21][1371]=-6940.23
dp[22][1371]=-7017.21
dp[23][1371]=-7083.03
dp[24][1371]=-7146.09
dp[25][1371]=-7204.14
dp[26][1371]=-7256.42
dp[27][1371]=-7308.33
dp[28][1371]=-7358.16
dp[29][1371]=-7402.69
dp[30][1371]=-7439.73
dp[31][1371]=-7476.66
dp[32][1371]=-7502.33
dp[33][1371]=-7516.84
dp[34][1371]=-7528.42
dp[35][1371]=-7526.05
dp[36][1371]=-7509.99
dp[37][1371]=-7432.63
Select best dp
Best k=34
Stratifying 2-th numerical feature ...
dp[2][1371]=-1457.02
dp[3][1371]=-2793.91
dp[4][1371]=-3582.91
dp[5][1371]=-4104.87
dp[6][1371]=-4484.97
dp[7][1371]=-4829.74
dp[8][1371]=-5094.9
dp[9][1371]=-5357.24
dp[10][1371]=-5587.5
dp[11][1371]=-5813.23
dp[12][1371]=-6016.92
dp[13][1371]=-6198.53
dp[14][1371]=-6352.16
dp[15][1371]=-6489.81
dp[16][1371]=-6618.96
dp[17][1371]=-6741
dp[18][1371]=-6842.17
dp[19][1371]=-6940.58
dp[20][1371]=-7037.74
dp[21][1371]=-7132.6
dp[22][1371]=-7219.22
dp[23][1371]=-7305.24
dp[24][1371]=-7372.55
dp[25][1371]=-7436.09
dp[26][1371]=-7496.91
dp[27][1371]=-7544.41
dp[28][1371]=-7590.95
dp[29][1371]=-7625.43
dp[30][1371]=-7652.28
dp[31][1371]=-7676.49
dp[32][1371]=-7695.73
dp[33][1371]=-7713.34
dp[34][1371]=-7729.26
dp[35][1371]=-7734.96
dp[36][1371]=-7724.33
dp[37][1371]=-7653.49
Select best dp
Best k=35
Stratifying 3-th numerical feature ...
dp[2][1371]=-1501.26
dp[3][1371]=-2740.72
dp[4][1371]=-3552.5
dp[5][1371]=-4068.81
dp[6][1371]=-4554.28
dp[7][1371]=-4961.74
dp[8][1371]=-5219.35
dp[9][1371]=-5462.4
dp[10][1371]=-5699.56
dp[11][1371]=-5926.32
dp[12][1371]=-6142.57
dp[13][1371]=-6338.42
dp[14][1371]=-6519.48
dp[15][1371]=-6664.2
dp[16][1371]=-6799.89
dp[17][1371]=-6907.8
dp[18][1371]=-7009.31
dp[19][1371]=-7101.52
dp[20][1371]=-7181.78
dp[21][1371]=-7260.82
dp[22][1371]=-7339.51
dp[23][1371]=-7409.16
dp[24][1371]=-7474.27
dp[25][1371]=-7537.35
dp[26][1371]=-7597
dp[27][1371]=-7653.9
dp[28][1371]=-7707.44
dp[29][1371]=-7741.06
dp[30][1371]=-7773.38
dp[31][1371]=-7804.23
dp[32][1371]=-7833.39
dp[33][1371]=-7852.74
dp[34][1371]=-7864.59
dp[35][1371]=-7846.3
dp[36][1371]=-7824.83
dp[37][1371]=-7686.89
Select best dp
Best k=34
Stratifying 4-th numerical feature ...
dp[2][1371]=-1842.36
dp[3][1371]=-2910.95
dp[4][1371]=-3579.18
dp[5][1371]=-4101.45
dp[6][1371]=-4531.24
dp[7][1371]=-4922.83
dp[8][1371]=-5278.89
dp[9][1371]=-5573.95
dp[10][1371]=-5831.12
dp[11][1371]=-6032
dp[12][1371]=-6226.43
dp[13][1371]=-6398.14
dp[14][1371]=-6556.01
dp[15][1371]=-6691.34
dp[16][1371]=-6822.1
dp[17][1371]=-6933.46
dp[18][1371]=-7041.21
dp[19][1371]=-7133.56
dp[20][1371]=-7223.55
dp[21][1371]=-7307.86
dp[22][1371]=-7390.61
dp[23][1371]=-7471.18
dp[24][1371]=-7545.66
dp[25][1371]=-7619.07
dp[26][1371]=-7676.79
dp[27][1371]=-7722.22
dp[28][1371]=-7763.98
dp[29][1371]=-7805.62
dp[30][1371]=-7843.96
dp[31][1371]=-7870.6
dp[32][1371]=-7888.49
dp[33][1371]=-7901.19
dp[34][1371]=-7912.46
dp[35][1371]=-7919.2
dp[36][1371]=-7923.92
dp[37][1371]=-7818.24
Select best dp
Best k=36
