Standardize ...
Stratifying 1-th numerical feature ...
dp[2][3149]=-7.02e+12
dp[3][3149]=-8.23e+12
dp[4][3149]=-9.6e+12
dp[5][3149]=-1.107e+13
dp[6][3149]=-1.273e+13
dp[7][3149]=-1.478e+13
dp[8][3149]=-1.639e+13
dp[9][3149]=-1.805e+13
dp[10][3149]=-1.961e+13
dp[11][3149]=-2.11e+13
dp[12][3149]=-2.234e+13
dp[13][3149]=-2.359e+13
dp[14][3149]=-2.456e+13
dp[15][3149]=-2.555e+13
dp[16][3149]=-2.64e+13
dp[17][3149]=-2.709e+13
dp[18][3149]=-2.776e+13
dp[19][3149]=-2.776e+13
dp[20][3149]=-2.776e+13
dp[21][3149]=-2.776e+13
dp[22][3149]=-2.776e+13
dp[23][3149]=-2.776e+13
dp[24][3149]=-2.776e+13
dp[25][3149]=-2.776e+13
dp[26][3149]=-2.776e+13
dp[27][3149]=-2.776e+13
dp[28][3149]=-2.776e+13
dp[29][3149]=-2.776e+13
dp[30][3149]=-2.776e+13
dp[31][3149]=-2.776e+13
dp[32][3149]=-2.776e+13
dp[33][3149]=-2.776e+13
dp[34][3149]=-2.776e+13
dp[35][3149]=-2.776e+13
dp[36][3149]=-2.776e+13
dp[37][3149]=-2.776e+13
dp[38][3149]=-2.776e+13
dp[39][3149]=-2.776e+13
dp[40][3149]=-2.776e+13
dp[41][3149]=-2.776e+13
dp[42][3149]=-2.776e+13
dp[43][3149]=-2.776e+13
dp[44][3149]=-2.776e+13
dp[45][3149]=-2.776e+13
dp[46][3149]=-2.776e+13
dp[47][3149]=-2.776e+13
dp[48][3149]=-2.72e+13
dp[49][3149]=-2.664e+13
dp[50][3149]=-2.608e+13
dp[51][3149]=-2.552e+13
dp[52][3149]=-2.496e+13
dp[53][3149]=-2.422e+13
dp[54][3149]=-2.31e+13
dp[55][3149]=-2.198e+13
dp[56][3149]=-2.03e+13
Select best dp
Best k=21
Stratifying 2-th numerical feature ...
dp[2][3149]=-4169.15
dp[3][3149]=-2.76e+12
dp[4][3149]=-5.05e+12
dp[5][3149]=-7.63e+12
dp[6][3149]=-9.91e+12
dp[7][3149]=-1.192e+13
dp[8][3149]=-1.393e+13
dp[9][3149]=-1.579e+13
dp[10][3149]=-1.731e+13
dp[11][3149]=-1.852e+13
dp[12][3149]=-1.962e+13
dp[13][3149]=-2.066e+13
dp[14][3149]=-2.146e+13
dp[15][3149]=-2.226e+13
dp[16][3149]=-2.299e+13
dp[17][3149]=-2.358e+13
dp[18][3149]=-2.415e+13
dp[19][3149]=-2.471e+13
dp[20][3149]=-2.471e+13
dp[21][3149]=-2.471e+13
dp[22][3149]=-2.471e+13
dp[23][3149]=-2.471e+13
dp[24][3149]=-2.471e+13
dp[25][3149]=-2.471e+13
dp[26][3149]=-2.471e+13
dp[27][3149]=-2.471e+13
dp[28][3149]=-2.471e+13
dp[29][3149]=-2.471e+13
dp[30][3149]=-2.471e+13
dp[31][3149]=-2.471e+13
dp[32][3149]=-2.471e+13
dp[33][3149]=-2.471e+13
dp[34][3149]=-2.471e+13
dp[35][3149]=-2.471e+13
dp[36][3149]=-2.471e+13
dp[37][3149]=-2.471e+13
dp[38][3149]=-2.471e+13
dp[39][3149]=-2.471e+13
dp[40][3149]=-2.471e+13
dp[41][3149]=-2.471e+13
dp[42][3149]=-2.471e+13
dp[43][3149]=-2.471e+13
dp[44][3149]=-2.471e+13
dp[45][3149]=-2.471e+13
dp[46][3149]=-2.471e+13
dp[47][3149]=-2.471e+13
dp[48][3149]=-2.471e+13
dp[49][3149]=-2.415e+13
dp[50][3149]=-2.359e+13
dp[51][3149]=-2.303e+13
dp[52][3149]=-2.247e+13
dp[53][3149]=-2.191e+13
dp[54][3149]=-2.061e+13
dp[55][3149]=-1.918e+13
dp[56][3149]=-1.638e+13
Select best dp
Best k=24
Stratifying 3-th numerical feature ...
dp[2][3149]=-1.768e+13
dp[3][3149]=-2.385e+13
dp[4][3149]=-2.78e+13
dp[5][3149]=-2.979e+13
dp[6][3149]=-3.055e+13
dp[7][3149]=-3.055e+13
dp[8][3149]=-3.055e+13
dp[9][3149]=-3.055e+13
dp[10][3149]=-3.055e+13
dp[11][3149]=-3.055e+13
dp[12][3149]=-3.055e+13
dp[13][3149]=-3.055e+13
dp[14][3149]=-3.055e+13
dp[15][3149]=-3.055e+13
dp[16][3149]=-3.055e+13
dp[17][3149]=-3.055e+13
dp[18][3149]=-3.055e+13
dp[19][3149]=-3.055e+13
dp[20][3149]=-3.055e+13
dp[21][3149]=-3.055e+13
dp[22][3149]=-3.055e+13
dp[23][3149]=-3.055e+13
dp[24][3149]=-3.055e+13
dp[25][3149]=-3.055e+13
dp[26][3149]=-3.055e+13
dp[27][3149]=-3.055e+13
dp[28][3149]=-3.055e+13
dp[29][3149]=-3.055e+13
dp[30][3149]=-3.055e+13
dp[31][3149]=-3.055e+13
dp[32][3149]=-3.055e+13
dp[33][3149]=-3.055e+13
dp[34][3149]=-3.055e+13
dp[35][3149]=-3.055e+13
dp[36][3149]=-3.055e+13
dp[37][3149]=-3.055e+13
dp[38][3149]=-3.055e+13
dp[39][3149]=-3.055e+13
dp[40][3149]=-3.055e+13
dp[41][3149]=-3.055e+13
dp[42][3149]=-3.055e+13
dp[43][3149]=-3.055e+13
dp[44][3149]=-3.055e+13
dp[45][3149]=-3.055e+13
dp[46][3149]=-3.055e+13
dp[47][3149]=-3.055e+13
dp[48][3149]=-3.055e+13
dp[49][3149]=-3.055e+13
dp[50][3149]=-3.055e+13
dp[51][3149]=-3.055e+13
dp[52][3149]=-3.055e+13
dp[53][3149]=-3.055e+13
dp[54][3149]=-3.055e+13
dp[55][3149]=-3.038e+13
dp[56][3149]=-2.87e+13
Select best dp
Best k=6
Stratifying 4-th numerical feature ...
dp[2][3149]=-1.54e+12
dp[3][3149]=-1.54e+12
dp[4][3149]=-1.54e+12
dp[5][3149]=-1.54e+12
dp[6][3149]=-1.54e+12
dp[7][3149]=-1.54e+12
dp[8][3149]=-1.54e+12
dp[9][3149]=-1.54e+12
dp[10][3149]=-1.54e+12
dp[11][3149]=-1.54e+12
dp[12][3149]=-1.54e+12
dp[13][3149]=-1.54e+12
dp[14][3149]=-1.54e+12
dp[15][3149]=-1.54e+12
dp[16][3149]=-1.54e+12
dp[17][3149]=-1.54e+12
dp[18][3149]=-1.54e+12
dp[19][3149]=-1.54e+12
dp[20][3149]=-1.54e+12
dp[21][3149]=-1.54e+12
dp[22][3149]=-1.54e+12
dp[23][3149]=-1.54e+12
dp[24][3149]=-1.54e+12
dp[25][3149]=-1.54e+12
dp[26][3149]=-1.54e+12
dp[27][3149]=-1.54e+12
dp[28][3149]=-1.54e+12
dp[29][3149]=-1.54e+12
dp[30][3149]=-1.54e+12
dp[31][3149]=-1.54e+12
dp[32][3149]=-1.54e+12
dp[33][3149]=-1.54e+12
dp[34][3149]=-1.54e+12
dp[35][3149]=-1.54e+12
dp[36][3149]=-1.54e+12
dp[37][3149]=-1.54e+12
dp[38][3149]=-1.54e+12
dp[39][3149]=-1.54e+12
dp[40][3149]=-1.54e+12
dp[41][3149]=-1.54e+12
dp[42][3149]=-1.54e+12
dp[43][3149]=-1.54e+12
dp[44][3149]=-1.54e+12
dp[45][3149]=-1.54e+12
dp[46][3149]=-1.54e+12
dp[47][3149]=-1.54e+12
dp[48][3149]=-1.54e+12
dp[49][3149]=-1.54e+12
dp[50][3149]=-1.54e+12
dp[51][3149]=-1.54e+12
dp[52][3149]=-1.54e+12
dp[53][3149]=-1.54e+12
dp[54][3149]=-1.54e+12
dp[55][3149]=-1.54e+12
dp[56][3149]=-1.26e+12
Select best dp
Best k=31
Stratifying 5-th numerical feature ...
dp[2][3149]=-1.54e+12
dp[3][3149]=-1.54e+12
dp[4][3149]=-1.54e+12
dp[5][3149]=-1.54e+12
dp[6][3149]=-1.54e+12
dp[7][3149]=-1.54e+12
dp[8][3149]=-1.54e+12
dp[9][3149]=-1.54e+12
dp[10][3149]=-1.54e+12
dp[11][3149]=-1.54e+12
dp[12][3149]=-1.54e+12
dp[13][3149]=-1.54e+12
dp[14][3149]=-1.54e+12
dp[15][3149]=-1.54e+12
dp[16][3149]=-1.54e+12
dp[17][3149]=-1.54e+12
dp[18][3149]=-1.54e+12
dp[19][3149]=-1.54e+12
dp[20][3149]=-1.54e+12
dp[21][3149]=-1.54e+12
dp[22][3149]=-1.54e+12
dp[23][3149]=-1.54e+12
dp[24][3149]=-1.54e+12
dp[25][3149]=-1.54e+12
dp[26][3149]=-1.54e+12
dp[27][3149]=-1.54e+12
dp[28][3149]=-1.54e+12
dp[29][3149]=-1.54e+12
dp[30][3149]=-1.54e+12
dp[31][3149]=-1.54e+12
dp[32][3149]=-1.54e+12
dp[33][3149]=-1.54e+12
dp[34][3149]=-1.54e+12
dp[35][3149]=-1.54e+12
dp[36][3149]=-1.54e+12
dp[37][3149]=-1.54e+12
dp[38][3149]=-1.54e+12
dp[39][3149]=-1.54e+12
dp[40][3149]=-1.54e+12
dp[41][3149]=-1.54e+12
dp[42][3149]=-1.54e+12
dp[43][3149]=-1.54e+12
dp[44][3149]=-1.54e+12
dp[45][3149]=-1.54e+12
dp[46][3149]=-1.54e+12
dp[47][3149]=-1.54e+12
dp[48][3149]=-1.54e+12
dp[49][3149]=-1.54e+12
dp[50][3149]=-1.54e+12
dp[51][3149]=-1.54e+12
dp[52][3149]=-1.54e+12
dp[53][3149]=-1.54e+12
dp[54][3149]=-1.54e+12
dp[55][3149]=-1.54e+12
dp[56][3149]=-1.26e+12
Select best dp
Best k=32
Stratifying 6-th numerical feature ...
dp[2][3149]=-6.03e+12
dp[3][3149]=-6.03e+12
dp[4][3149]=-7.97e+12
dp[5][3149]=-7.97e+12
dp[6][3149]=-7.97e+12
dp[7][3149]=-7.97e+12
dp[8][3149]=-7.97e+12
dp[9][3149]=-7.97e+12
dp[10][3149]=-7.97e+12
dp[11][3149]=-7.97e+12
dp[12][3149]=-7.97e+12
dp[13][3149]=-7.97e+12
dp[14][3149]=-7.97e+12
dp[15][3149]=-7.97e+12
dp[16][3149]=-7.97e+12
dp[17][3149]=-7.97e+12
dp[18][3149]=-7.97e+12
dp[19][3149]=-7.97e+12
dp[20][3149]=-7.97e+12
dp[21][3149]=-7.97e+12
dp[22][3149]=-7.97e+12
dp[23][3149]=-7.97e+12
dp[24][3149]=-7.97e+12
dp[25][3149]=-7.97e+12
dp[26][3149]=-7.97e+12
dp[27][3149]=-7.97e+12
dp[28][3149]=-7.97e+12
dp[29][3149]=-7.97e+12
dp[30][3149]=-7.97e+12
dp[31][3149]=-7.97e+12
dp[32][3149]=-7.97e+12
dp[33][3149]=-7.97e+12
dp[34][3149]=-7.97e+12
dp[35][3149]=-7.97e+12
dp[36][3149]=-7.97e+12
dp[37][3149]=-7.97e+12
dp[38][3149]=-7.97e+12
dp[39][3149]=-7.97e+12
dp[40][3149]=-7.97e+12
dp[41][3149]=-7.97e+12
dp[42][3149]=-7.97e+12
dp[43][3149]=-7.97e+12
dp[44][3149]=-7.97e+12
dp[45][3149]=-7.97e+12
dp[46][3149]=-7.97e+12
dp[47][3149]=-7.97e+12
dp[48][3149]=-7.97e+12
dp[49][3149]=-7.97e+12
dp[50][3149]=-7.97e+12
dp[51][3149]=-7.97e+12
dp[52][3149]=-7.97e+12
dp[53][3149]=-7.97e+12
dp[54][3149]=-7.97e+12
dp[55][3149]=-7.7e+12
dp[56][3149]=-6.86e+12
Select best dp
Best k=27
Stratifying 7-th numerical feature ...
dp[2][3149]=-1.54e+12
dp[3][3149]=-1.54e+12
dp[4][3149]=-2.32e+12
dp[5][3149]=-3.05e+12
dp[6][3149]=-3.81e+12
dp[7][3149]=-4.53e+12
dp[8][3149]=-5.28e+12
dp[9][3149]=-6.03e+12
dp[10][3149]=-6.75e+12
dp[11][3149]=-7.48e+12
dp[12][3149]=-8.21e+12
dp[13][3149]=-8.96e+12
dp[14][3149]=-9.7e+12
dp[15][3149]=-1.043e+13
dp[16][3149]=-1.118e+13
dp[17][3149]=-1.188e+13
dp[18][3149]=-1.261e+13
dp[19][3149]=-1.326e+13
dp[20][3149]=-1.398e+13
dp[21][3149]=-1.463e+13
dp[22][3149]=-1.535e+13
dp[23][3149]=-1.599e+13
dp[24][3149]=-1.672e+13
dp[25][3149]=-1.732e+13
dp[26][3149]=-1.797e+13
dp[27][3149]=-1.857e+13
dp[28][3149]=-1.92e+13
dp[29][3149]=-1.979e+13
dp[30][3149]=-2.042e+13
dp[31][3149]=-2.098e+13
dp[32][3149]=-2.098e+13
dp[33][3149]=-2.149e+13
dp[34][3149]=-2.149e+13
dp[35][3149]=-2.149e+13
dp[36][3149]=-2.149e+13
dp[37][3149]=-2.149e+13
dp[38][3149]=-2.149e+13
dp[39][3149]=-2.149e+13
dp[40][3149]=-2.149e+13
dp[41][3149]=-2.149e+13
dp[42][3149]=-2.149e+13
dp[43][3149]=-2.149e+13
dp[44][3149]=-2.149e+13
dp[45][3149]=-2.149e+13
dp[46][3149]=-2.149e+13
dp[47][3149]=-2.149e+13
dp[48][3149]=-2.149e+13
dp[49][3149]=-2.086e+13
dp[50][3149]=-1.974e+13
dp[51][3149]=-1.862e+13
dp[52][3149]=-1.694e+13
dp[53][3149]=-1.526e+13
dp[54][3149]=-1.302e+13
dp[55][3149]=-1.078e+13
dp[56][3149]=-6.86e+12
Select best dp
Best k=41
Stratifying 8-th numerical feature ...
dp[2][3149]=-1.33e+12
dp[3][3149]=-1.33e+12
dp[4][3149]=-1.33e+12
dp[5][3149]=-1.33e+12
dp[6][3149]=-1.33e+12
dp[7][3149]=-1.33e+12
dp[8][3149]=-1.33e+12
dp[9][3149]=-1.33e+12
dp[10][3149]=-1.33e+12
dp[11][3149]=-1.33e+12
dp[12][3149]=-1.33e+12
dp[13][3149]=-1.33e+12
dp[14][3149]=-1.33e+12
dp[15][3149]=-1.33e+12
dp[16][3149]=-1.33e+12
dp[17][3149]=-1.33e+12
dp[18][3149]=-1.33e+12
dp[19][3149]=-1.33e+12
dp[20][3149]=-1.33e+12
dp[21][3149]=-1.33e+12
dp[22][3149]=-1.33e+12
dp[23][3149]=-1.33e+12
dp[24][3149]=-1.33e+12
dp[25][3149]=-1.33e+12
dp[26][3149]=-1.33e+12
dp[27][3149]=-1.33e+12
dp[28][3149]=-1.33e+12
dp[29][3149]=-1.33e+12
dp[30][3149]=-1.33e+12
dp[31][3149]=-1.33e+12
dp[32][3149]=-1.33e+12
dp[33][3149]=-1.33e+12
dp[34][3149]=-1.33e+12
dp[35][3149]=-1.33e+12
dp[36][3149]=-1.33e+12
dp[37][3149]=-1.33e+12
dp[38][3149]=-1.33e+12
dp[39][3149]=-1.33e+12
dp[40][3149]=-1.33e+12
dp[41][3149]=-1.33e+12
dp[42][3149]=-1.33e+12
dp[43][3149]=-1.33e+12
dp[44][3149]=-1.33e+12
dp[45][3149]=-1.33e+12
dp[46][3149]=-1.33e+12
dp[47][3149]=-1.33e+12
dp[48][3149]=-1.33e+12
dp[49][3149]=-1.33e+12
dp[50][3149]=-1.33e+12
dp[51][3149]=-1.33e+12
dp[52][3149]=-1.33e+12
dp[53][3149]=-1.33e+12
dp[54][3149]=-1.33e+12
dp[55][3149]=-1.33e+12
dp[56][3149]=-1.26e+12
Select best dp
Best k=32
