Standardize ...
Stratifying 1-th numerical feature ...
dp[2][469]=-233.987
dp[3][469]=-407.454
dp[4][469]=-526.771
dp[5][469]=-553.535
dp[6][469]=-567.809
dp[7][469]=-547.922
dp[8][469]=-524.399
dp[9][469]=-472.044
dp[10][469]=-415.923
dp[11][469]=-347.324
dp[12][469]=-268.871
dp[13][469]=-184.742
dp[14][469]=-97.2394
dp[15][469]=-6.48178
dp[16][469]=85.8056
dp[17][469]=189.365
dp[18][469]=304.03
dp[19][469]=419.887
dp[20][469]=583.84
dp[21][469]=760.103
Select best dp
Best k=6
Stratifying 2-th numerical feature ...
dp[2][469]=-2126.37
dp[3][469]=-2484.49
dp[4][469]=-2650.57
dp[5][469]=-2755.67
dp[6][469]=-2790.06
dp[7][469]=-2788.89
dp[8][469]=-2776.56
dp[9][469]=-2745.63
dp[10][469]=-2706.76
dp[11][469]=-2634.18
dp[12][469]=-2561.43
dp[13][469]=-2487.65
dp[14][469]=-2400.69
dp[15][469]=-2309.22
dp[16][469]=-2211.74
dp[17][469]=-2102.8
dp[18][469]=-1992.39
dp[19][469]=-1862.59
dp[20][469]=-1711.64
dp[21][469]=-1557.58
Select best dp
Best k=6
Stratifying 3-th numerical feature ...
dp[2][469]=-168.292
dp[3][469]=-2.8e+11
dp[4][469]=-5.4e+11
dp[5][469]=-7.7e+11
dp[6][469]=-1.03e+12
dp[7][469]=-1.26e+12
dp[8][469]=-1.26e+12
dp[9][469]=-1.48e+12
dp[10][469]=-1.48e+12
dp[11][469]=-1.48e+12
dp[12][469]=-1.48e+12
dp[13][469]=-1.48e+12
dp[14][469]=-1.48e+12
dp[15][469]=-1.48e+12
dp[16][469]=-1.48e+12
dp[17][469]=-1.48e+12
dp[18][469]=-1.48e+12
dp[19][469]=-1.48e+12
dp[20][469]=-1.2e+12
dp[21][469]=-7.4e+11
Select best dp
Best k=12
