Standardize ...
Stratifying 1-th numerical feature ...
dp[2][12329]=-5.768e+13
dp[3][12329]=-7.122e+13
dp[4][12329]=-8.236e+13
dp[5][12329]=-9.151e+13
dp[6][12329]=-9.916e+13
dp[7][12329]=-1.0491e+14
dp[8][12329]=-1.0923e+14
dp[9][12329]=-1.1261e+14
dp[10][12329]=-1.1548e+14
dp[11][12329]=-1.1773e+14
dp[12][12329]=-1.1773e+14
dp[13][12329]=-1.1773e+14
dp[14][12329]=-1.1773e+14
dp[15][12329]=-1.1773e+14
dp[16][12329]=-1.1773e+14
dp[17][12329]=-1.1773e+14
dp[18][12329]=-1.1773e+14
dp[19][12329]=-1.1773e+14
dp[20][12329]=-1.1773e+14
dp[21][12329]=-1.1773e+14
dp[22][12329]=-1.1773e+14
dp[23][12329]=-1.1773e+14
dp[24][12329]=-1.1773e+14
dp[25][12329]=-1.1773e+14
dp[26][12329]=-1.1773e+14
dp[27][12329]=-1.1773e+14
dp[28][12329]=-1.1773e+14
dp[29][12329]=-1.1773e+14
dp[30][12329]=-1.1773e+14
dp[31][12329]=-1.1773e+14
dp[32][12329]=-1.1773e+14
dp[33][12329]=-1.1773e+14
dp[34][12329]=-1.1773e+14
dp[35][12329]=-1.1773e+14
dp[36][12329]=-1.1773e+14
dp[37][12329]=-1.1773e+14
dp[38][12329]=-1.1773e+14
dp[39][12329]=-1.1773e+14
dp[40][12329]=-1.1773e+14
dp[41][12329]=-1.1773e+14
dp[42][12329]=-1.1773e+14
dp[43][12329]=-1.1773e+14
dp[44][12329]=-1.1773e+14
dp[45][12329]=-1.1773e+14
dp[46][12329]=-1.1773e+14
dp[47][12329]=-1.1773e+14
dp[48][12329]=-1.1773e+14
dp[49][12329]=-1.1773e+14
dp[50][12329]=-1.1773e+14
dp[51][12329]=-1.1773e+14
dp[52][12329]=-1.1773e+14
dp[53][12329]=-1.1773e+14
dp[54][12329]=-1.1773e+14
dp[55][12329]=-1.1773e+14
dp[56][12329]=-1.1773e+14
dp[57][12329]=-1.1773e+14
dp[58][12329]=-1.1773e+14
dp[59][12329]=-1.1773e+14
dp[60][12329]=-1.1773e+14
dp[61][12329]=-1.1773e+14
dp[62][12329]=-1.1773e+14
dp[63][12329]=-1.1773e+14
dp[64][12329]=-1.1773e+14
dp[65][12329]=-1.1773e+14
dp[66][12329]=-1.1597e+14
dp[67][12329]=-1.1421e+14
dp[68][12329]=-1.1245e+14
dp[69][12329]=-1.0717e+14
dp[70][12329]=-1.0042e+14
Select best dp
Best k=12
Stratifying 2-th numerical feature ...
dp[2][12329]=-5.903e+13
dp[3][12329]=-5.903e+13
dp[4][12329]=-5.903e+13
dp[5][12329]=-5.903e+13
dp[6][12329]=-5.903e+13
dp[7][12329]=-5.903e+13
dp[8][12329]=-5.903e+13
dp[9][12329]=-5.903e+13
dp[10][12329]=-5.903e+13
dp[11][12329]=-5.903e+13
dp[12][12329]=-5.903e+13
dp[13][12329]=-5.903e+13
dp[14][12329]=-5.903e+13
dp[15][12329]=-5.903e+13
dp[16][12329]=-5.903e+13
dp[17][12329]=-5.903e+13
dp[18][12329]=-5.903e+13
dp[19][12329]=-5.903e+13
dp[20][12329]=-5.903e+13
dp[21][12329]=-5.903e+13
dp[22][12329]=-5.903e+13
dp[23][12329]=-5.903e+13
dp[24][12329]=-5.903e+13
dp[25][12329]=-5.903e+13
dp[26][12329]=-5.903e+13
dp[27][12329]=-5.903e+13
dp[28][12329]=-5.903e+13
dp[29][12329]=-5.903e+13
dp[30][12329]=-5.903e+13
dp[31][12329]=-5.903e+13
dp[32][12329]=-5.903e+13
dp[33][12329]=-5.903e+13
dp[34][12329]=-5.903e+13
dp[35][12329]=-5.903e+13
dp[36][12329]=-5.903e+13
dp[37][12329]=-5.903e+13
dp[38][12329]=-5.903e+13
dp[39][12329]=-5.903e+13
dp[40][12329]=-5.903e+13
dp[41][12329]=-5.903e+13
dp[42][12329]=-5.903e+13
dp[43][12329]=-5.903e+13
dp[44][12329]=-5.903e+13
dp[45][12329]=-5.903e+13
dp[46][12329]=-5.903e+13
dp[47][12329]=-5.903e+13
dp[48][12329]=-5.903e+13
dp[49][12329]=-5.903e+13
dp[50][12329]=-5.903e+13
dp[51][12329]=-5.903e+13
dp[52][12329]=-5.903e+13
dp[53][12329]=-5.903e+13
dp[54][12329]=-5.903e+13
dp[55][12329]=-5.903e+13
dp[56][12329]=-5.903e+13
dp[57][12329]=-5.903e+13
dp[58][12329]=-5.903e+13
dp[59][12329]=-5.903e+13
dp[60][12329]=-5.903e+13
dp[61][12329]=-5.903e+13
dp[62][12329]=-5.903e+13
dp[63][12329]=-5.903e+13
dp[64][12329]=-5.903e+13
dp[65][12329]=-5.903e+13
dp[66][12329]=-5.903e+13
dp[67][12329]=-5.903e+13
dp[68][12329]=-5.903e+13
dp[69][12329]=-5.903e+13
dp[70][12329]=-5.818e+13
Select best dp
Best k=27
Stratifying 3-th numerical feature ...
dp[2][12329]=-9.699e+13
dp[3][12329]=-1.074e+14
dp[4][12329]=-1.1468e+14
dp[5][12329]=-1.1848e+14
dp[6][12329]=-1.207e+14
dp[7][12329]=-1.207e+14
dp[8][12329]=-1.207e+14
dp[9][12329]=-1.207e+14
dp[10][12329]=-1.207e+14
dp[11][12329]=-1.207e+14
dp[12][12329]=-1.207e+14
dp[13][12329]=-1.207e+14
dp[14][12329]=-1.207e+14
dp[15][12329]=-1.207e+14
dp[16][12329]=-1.207e+14
dp[17][12329]=-1.207e+14
dp[18][12329]=-1.207e+14
dp[19][12329]=-1.207e+14
dp[20][12329]=-1.207e+14
dp[21][12329]=-1.207e+14
dp[22][12329]=-1.207e+14
dp[23][12329]=-1.207e+14
dp[24][12329]=-1.207e+14
dp[25][12329]=-1.207e+14
dp[26][12329]=-1.207e+14
dp[27][12329]=-1.207e+14
dp[28][12329]=-1.207e+14
dp[29][12329]=-1.207e+14
dp[30][12329]=-1.207e+14
dp[31][12329]=-1.207e+14
dp[32][12329]=-1.207e+14
dp[33][12329]=-1.207e+14
dp[34][12329]=-1.207e+14
dp[35][12329]=-1.207e+14
dp[36][12329]=-1.207e+14
dp[37][12329]=-1.207e+14
dp[38][12329]=-1.207e+14
dp[39][12329]=-1.207e+14
dp[40][12329]=-1.207e+14
dp[41][12329]=-1.207e+14
dp[42][12329]=-1.207e+14
dp[43][12329]=-1.207e+14
dp[44][12329]=-1.207e+14
dp[45][12329]=-1.207e+14
dp[46][12329]=-1.207e+14
dp[47][12329]=-1.207e+14
dp[48][12329]=-1.207e+14
dp[49][12329]=-1.207e+14
dp[50][12329]=-1.207e+14
dp[51][12329]=-1.207e+14
dp[52][12329]=-1.207e+14
dp[53][12329]=-1.207e+14
dp[54][12329]=-1.207e+14
dp[55][12329]=-1.207e+14
dp[56][12329]=-1.207e+14
dp[57][12329]=-1.207e+14
dp[58][12329]=-1.207e+14
dp[59][12329]=-1.207e+14
dp[60][12329]=-1.207e+14
dp[61][12329]=-1.207e+14
dp[62][12329]=-1.207e+14
dp[63][12329]=-1.207e+14
dp[64][12329]=-1.207e+14
dp[65][12329]=-1.207e+14
dp[66][12329]=-1.207e+14
dp[67][12329]=-1.207e+14
dp[68][12329]=-1.207e+14
dp[69][12329]=-1.1894e+14
dp[70][12329]=-1.145e+14
Select best dp
Best k=6
Stratifying 4-th numerical feature ...
dp[2][12329]=-9.925e+13
dp[3][12329]=-9.925e+13
dp[4][12329]=-9.925e+13
dp[5][12329]=-9.925e+13
dp[6][12329]=-9.925e+13
dp[7][12329]=-9.925e+13
dp[8][12329]=-9.925e+13
dp[9][12329]=-9.925e+13
dp[10][12329]=-9.925e+13
dp[11][12329]=-9.925e+13
dp[12][12329]=-9.925e+13
dp[13][12329]=-9.925e+13
dp[14][12329]=-9.925e+13
dp[15][12329]=-9.925e+13
dp[16][12329]=-9.925e+13
dp[17][12329]=-9.925e+13
dp[18][12329]=-9.925e+13
dp[19][12329]=-9.925e+13
dp[20][12329]=-9.925e+13
dp[21][12329]=-9.925e+13
dp[22][12329]=-9.925e+13
dp[23][12329]=-9.925e+13
dp[24][12329]=-9.925e+13
dp[25][12329]=-9.925e+13
dp[26][12329]=-9.925e+13
dp[27][12329]=-9.925e+13
dp[28][12329]=-9.925e+13
dp[29][12329]=-9.925e+13
dp[30][12329]=-9.925e+13
dp[31][12329]=-9.925e+13
dp[32][12329]=-9.925e+13
dp[33][12329]=-9.925e+13
dp[34][12329]=-9.925e+13
dp[35][12329]=-9.925e+13
dp[36][12329]=-9.925e+13
dp[37][12329]=-9.925e+13
dp[38][12329]=-9.925e+13
dp[39][12329]=-9.925e+13
dp[40][12329]=-9.925e+13
dp[41][12329]=-9.925e+13
dp[42][12329]=-9.925e+13
dp[43][12329]=-9.925e+13
dp[44][12329]=-9.925e+13
dp[45][12329]=-9.925e+13
dp[46][12329]=-9.925e+13
dp[47][12329]=-9.925e+13
dp[48][12329]=-9.925e+13
dp[49][12329]=-9.925e+13
dp[50][12329]=-9.925e+13
dp[51][12329]=-9.925e+13
dp[52][12329]=-9.925e+13
dp[53][12329]=-9.925e+13
dp[54][12329]=-9.925e+13
dp[55][12329]=-9.925e+13
dp[56][12329]=-9.925e+13
dp[57][12329]=-9.925e+13
dp[58][12329]=-9.925e+13
dp[59][12329]=-9.925e+13
dp[60][12329]=-9.925e+13
dp[61][12329]=-9.925e+13
dp[62][12329]=-9.925e+13
dp[63][12329]=-9.925e+13
dp[64][12329]=-9.925e+13
dp[65][12329]=-9.925e+13
dp[66][12329]=-9.925e+13
dp[67][12329]=-9.925e+13
dp[68][12329]=-9.925e+13
dp[69][12329]=-9.925e+13
dp[70][12329]=-9.866e+13
Select best dp
Best k=11
Stratifying 5-th numerical feature ...
dp[2][12329]=-24953.6
dp[3][12329]=-4.84e+12
dp[4][12329]=-9.49e+12
dp[5][12329]=-1.407e+13
dp[6][12329]=-1.811e+13
dp[7][12329]=-2.193e+13
dp[8][12329]=-2.589e+13
dp[9][12329]=-2.98e+13
dp[10][12329]=-3.35e+13
dp[11][12329]=-3.667e+13
dp[12][12329]=-3.997e+13
dp[13][12329]=-4.305e+13
dp[14][12329]=-4.618e+13
dp[15][12329]=-4.907e+13
dp[16][12329]=-5.158e+13
dp[17][12329]=-5.428e+13
dp[18][12329]=-5.688e+13
dp[19][12329]=-5.914e+13
dp[20][12329]=-6.114e+13
dp[21][12329]=-6.332e+13
dp[22][12329]=-6.557e+13
dp[23][12329]=-6.756e+13
dp[24][12329]=-6.969e+13
dp[25][12329]=-7.149e+13
dp[26][12329]=-7.341e+13
dp[27][12329]=-7.341e+13
dp[28][12329]=-7.518e+13
dp[29][12329]=-7.518e+13
dp[30][12329]=-7.518e+13
dp[31][12329]=-7.518e+13
dp[32][12329]=-7.518e+13
dp[33][12329]=-7.518e+13
dp[34][12329]=-7.518e+13
dp[35][12329]=-7.518e+13
dp[36][12329]=-7.518e+13
dp[37][12329]=-7.518e+13
dp[38][12329]=-7.518e+13
dp[39][12329]=-7.518e+13
dp[40][12329]=-7.518e+13
dp[41][12329]=-7.518e+13
dp[42][12329]=-7.518e+13
dp[43][12329]=-7.518e+13
dp[44][12329]=-7.518e+13
dp[45][12329]=-7.518e+13
dp[46][12329]=-7.518e+13
dp[47][12329]=-7.518e+13
dp[48][12329]=-7.518e+13
dp[49][12329]=-7.518e+13
dp[50][12329]=-7.518e+13
dp[51][12329]=-7.518e+13
dp[52][12329]=-7.518e+13
dp[53][12329]=-7.518e+13
dp[54][12329]=-7.518e+13
dp[55][12329]=-7.518e+13
dp[56][12329]=-7.518e+13
dp[57][12329]=-7.518e+13
dp[58][12329]=-7.518e+13
dp[59][12329]=-7.518e+13
dp[60][12329]=-7.342e+13
dp[61][12329]=-7.166e+13
dp[62][12329]=-6.99e+13
dp[63][12329]=-6.814e+13
dp[64][12329]=-6.638e+13
dp[65][12329]=-6.462e+13
dp[66][12329]=-6.285e+13
dp[67][12329]=-5.933e+13
dp[68][12329]=-5.229e+13
dp[69][12329]=-4.525e+13
dp[70][12329]=-3.354e+13
Select best dp
Best k=45
Stratifying 6-th numerical feature ...
dp[2][12329]=-7.56e+12
dp[3][12329]=-7.56e+12
dp[4][12329]=-7.56e+12
dp[5][12329]=-7.56e+12
dp[6][12329]=-7.56e+12
dp[7][12329]=-7.56e+12
dp[8][12329]=-7.56e+12
dp[9][12329]=-7.56e+12
dp[10][12329]=-7.56e+12
dp[11][12329]=-7.56e+12
dp[12][12329]=-7.56e+12
dp[13][12329]=-7.56e+12
dp[14][12329]=-7.56e+12
dp[15][12329]=-7.56e+12
dp[16][12329]=-7.56e+12
dp[17][12329]=-7.56e+12
dp[18][12329]=-7.56e+12
dp[19][12329]=-7.56e+12
dp[20][12329]=-7.56e+12
dp[21][12329]=-7.56e+12
dp[22][12329]=-7.56e+12
dp[23][12329]=-7.56e+12
dp[24][12329]=-7.56e+12
dp[25][12329]=-7.56e+12
dp[26][12329]=-7.56e+12
dp[27][12329]=-7.56e+12
dp[28][12329]=-7.56e+12
dp[29][12329]=-7.56e+12
dp[30][12329]=-7.56e+12
dp[31][12329]=-7.56e+12
dp[32][12329]=-7.56e+12
dp[33][12329]=-7.56e+12
dp[34][12329]=-7.56e+12
dp[35][12329]=-7.56e+12
dp[36][12329]=-7.56e+12
dp[37][12329]=-7.56e+12
dp[38][12329]=-7.56e+12
dp[39][12329]=-7.56e+12
dp[40][12329]=-7.56e+12
dp[41][12329]=-7.56e+12
dp[42][12329]=-7.56e+12
dp[43][12329]=-7.56e+12
dp[44][12329]=-7.56e+12
dp[45][12329]=-7.56e+12
dp[46][12329]=-7.56e+12
dp[47][12329]=-7.56e+12
dp[48][12329]=-7.56e+12
dp[49][12329]=-7.56e+12
dp[50][12329]=-7.56e+12
dp[51][12329]=-7.56e+12
dp[52][12329]=-7.56e+12
dp[53][12329]=-7.56e+12
dp[54][12329]=-7.56e+12
dp[55][12329]=-7.56e+12
dp[56][12329]=-7.56e+12
dp[57][12329]=-7.56e+12
dp[58][12329]=-7.56e+12
dp[59][12329]=-7.56e+12
dp[60][12329]=-7.56e+12
dp[61][12329]=-7.56e+12
dp[62][12329]=-7.56e+12
dp[63][12329]=-7.56e+12
dp[64][12329]=-7.56e+12
dp[65][12329]=-7.56e+12
dp[66][12329]=-7.56e+12
dp[67][12329]=-7.55e+12
dp[68][12329]=-7.55e+12
dp[69][12329]=-7.55e+12
dp[70][12329]=-7.14e+12
Select best dp
Best k=47
Stratifying 7-th numerical feature ...
dp[2][12329]=-5.519e+13
dp[3][12329]=-6.219e+13
dp[4][12329]=-6.219e+13
dp[5][12329]=-6.219e+13
dp[6][12329]=-6.219e+13
dp[7][12329]=-6.219e+13
dp[8][12329]=-6.219e+13
dp[9][12329]=-6.219e+13
dp[10][12329]=-6.219e+13
dp[11][12329]=-6.219e+13
dp[12][12329]=-6.219e+13
dp[13][12329]=-6.219e+13
dp[14][12329]=-6.219e+13
dp[15][12329]=-6.219e+13
dp[16][12329]=-6.219e+13
dp[17][12329]=-6.219e+13
dp[18][12329]=-6.219e+13
dp[19][12329]=-6.219e+13
dp[20][12329]=-6.219e+13
dp[21][12329]=-6.219e+13
dp[22][12329]=-6.219e+13
dp[23][12329]=-6.219e+13
dp[24][12329]=-6.219e+13
dp[25][12329]=-6.219e+13
dp[26][12329]=-6.219e+13
dp[27][12329]=-6.219e+13
dp[28][12329]=-6.219e+13
dp[29][12329]=-6.219e+13
dp[30][12329]=-6.219e+13
dp[31][12329]=-6.219e+13
dp[32][12329]=-6.219e+13
dp[33][12329]=-6.219e+13
dp[34][12329]=-6.219e+13
dp[35][12329]=-6.219e+13
dp[36][12329]=-6.219e+13
dp[37][12329]=-6.219e+13
dp[38][12329]=-6.219e+13
dp[39][12329]=-6.219e+13
dp[40][12329]=-6.219e+13
dp[41][12329]=-6.219e+13
dp[42][12329]=-6.219e+13
dp[43][12329]=-6.219e+13
dp[44][12329]=-6.219e+13
dp[45][12329]=-6.219e+13
dp[46][12329]=-6.219e+13
dp[47][12329]=-6.219e+13
dp[48][12329]=-6.219e+13
dp[49][12329]=-6.219e+13
dp[50][12329]=-6.219e+13
dp[51][12329]=-6.219e+13
dp[52][12329]=-6.218e+13
dp[53][12329]=-6.218e+13
dp[54][12329]=-6.218e+13
dp[55][12329]=-6.218e+13
dp[56][12329]=-6.218e+13
dp[57][12329]=-6.218e+13
dp[58][12329]=-6.218e+13
dp[59][12329]=-6.218e+13
dp[60][12329]=-6.218e+13
dp[61][12329]=-6.218e+13
dp[62][12329]=-6.218e+13
dp[63][12329]=-6.218e+13
dp[64][12329]=-6.218e+13
dp[65][12329]=-6.218e+13
dp[66][12329]=-6.218e+13
dp[67][12329]=-6.218e+13
dp[68][12329]=-6.218e+13
dp[69][12329]=-6.17e+13
dp[70][12329]=-5.994e+13
Select best dp
Best k=28
Stratifying 8-th numerical feature ...
dp[2][12329]=-7.1e+12
dp[3][12329]=-7.1e+12
dp[4][12329]=-1.048e+13
dp[5][12329]=-1.048e+13
dp[6][12329]=-1.377e+13
dp[7][12329]=-1.377e+13
dp[8][12329]=-1.668e+13
dp[9][12329]=-1.668e+13
dp[10][12329]=-1.935e+13
dp[11][12329]=-1.935e+13
dp[12][12329]=-2.159e+13
dp[13][12329]=-2.159e+13
dp[14][12329]=-2.373e+13
dp[15][12329]=-2.373e+13
dp[16][12329]=-2.554e+13
dp[17][12329]=-2.554e+13
dp[18][12329]=-2.554e+13
dp[19][12329]=-2.554e+13
dp[20][12329]=-2.554e+13
dp[21][12329]=-2.554e+13
dp[22][12329]=-2.554e+13
dp[23][12329]=-2.554e+13
dp[24][12329]=-2.554e+13
dp[25][12329]=-2.554e+13
dp[26][12329]=-2.554e+13
dp[27][12329]=-2.554e+13
dp[28][12329]=-2.554e+13
dp[29][12329]=-2.554e+13
dp[30][12329]=-2.554e+13
dp[31][12329]=-2.554e+13
dp[32][12329]=-2.554e+13
dp[33][12329]=-2.554e+13
dp[34][12329]=-2.554e+13
dp[35][12329]=-2.554e+13
dp[36][12329]=-2.554e+13
dp[37][12329]=-2.554e+13
dp[38][12329]=-2.554e+13
dp[39][12329]=-2.554e+13
dp[40][12329]=-2.554e+13
dp[41][12329]=-2.554e+13
dp[42][12329]=-2.554e+13
dp[43][12329]=-2.554e+13
dp[44][12329]=-2.554e+13
dp[45][12329]=-2.554e+13
dp[46][12329]=-2.554e+13
dp[47][12329]=-2.554e+13
dp[48][12329]=-2.554e+13
dp[49][12329]=-2.554e+13
dp[50][12329]=-2.554e+13
dp[51][12329]=-2.554e+13
dp[52][12329]=-2.554e+13
dp[53][12329]=-2.554e+13
dp[54][12329]=-2.554e+13
dp[55][12329]=-2.554e+13
dp[56][12329]=-2.554e+13
dp[57][12329]=-2.554e+13
dp[58][12329]=-2.554e+13
dp[59][12329]=-2.554e+13
dp[60][12329]=-2.554e+13
dp[61][12329]=-2.554e+13
dp[62][12329]=-2.554e+13
dp[63][12329]=-2.554e+13
dp[64][12329]=-2.554e+13
dp[65][12329]=-2.481e+13
dp[66][12329]=-2.402e+13
dp[67][12329]=-2.276e+13
dp[68][12329]=-2.145e+13
dp[69][12329]=-1.868e+13
dp[70][12329]=-1.066e+13
Select best dp
Best k=50
Stratifying 9-th numerical feature ...
dp[2][12329]=-9.6e+13
dp[3][12329]=-9.6e+13
dp[4][12329]=-9.6e+13
dp[5][12329]=-9.6e+13
dp[6][12329]=-9.6e+13
dp[7][12329]=-9.6e+13
dp[8][12329]=-9.6e+13
dp[9][12329]=-9.6e+13
dp[10][12329]=-9.6e+13
dp[11][12329]=-9.6e+13
dp[12][12329]=-9.6e+13
dp[13][12329]=-9.6e+13
dp[14][12329]=-9.6e+13
dp[15][12329]=-9.6e+13
dp[16][12329]=-9.6e+13
dp[17][12329]=-9.6e+13
dp[18][12329]=-9.6e+13
dp[19][12329]=-9.6e+13
dp[20][12329]=-9.6e+13
dp[21][12329]=-9.6e+13
dp[22][12329]=-9.6e+13
dp[23][12329]=-9.6e+13
dp[24][12329]=-9.6e+13
dp[25][12329]=-9.6e+13
dp[26][12329]=-9.6e+13
dp[27][12329]=-9.6e+13
dp[28][12329]=-9.6e+13
dp[29][12329]=-9.6e+13
dp[30][12329]=-9.6e+13
dp[31][12329]=-9.6e+13
dp[32][12329]=-9.6e+13
dp[33][12329]=-9.6e+13
dp[34][12329]=-9.6e+13
dp[35][12329]=-9.6e+13
dp[36][12329]=-9.6e+13
dp[37][12329]=-9.6e+13
dp[38][12329]=-9.6e+13
dp[39][12329]=-9.6e+13
dp[40][12329]=-9.6e+13
dp[41][12329]=-9.6e+13
dp[42][12329]=-9.6e+13
dp[43][12329]=-9.6e+13
dp[44][12329]=-9.6e+13
dp[45][12329]=-9.6e+13
dp[46][12329]=-9.6e+13
dp[47][12329]=-9.6e+13
dp[48][12329]=-9.6e+13
dp[49][12329]=-9.6e+13
dp[50][12329]=-9.6e+13
dp[51][12329]=-9.6e+13
dp[52][12329]=-9.6e+13
dp[53][12329]=-9.6e+13
dp[54][12329]=-9.6e+13
dp[55][12329]=-9.6e+13
dp[56][12329]=-9.6e+13
dp[57][12329]=-9.6e+13
dp[58][12329]=-9.6e+13
dp[59][12329]=-9.6e+13
dp[60][12329]=-9.6e+13
dp[61][12329]=-9.6e+13
dp[62][12329]=-9.6e+13
dp[63][12329]=-9.6e+13
dp[64][12329]=-9.6e+13
dp[65][12329]=-9.6e+13
dp[66][12329]=-9.6e+13
dp[67][12329]=-9.6e+13
dp[68][12329]=-9.6e+13
dp[69][12329]=-9.6e+13
dp[70][12329]=-9.514e+13
Select best dp
Best k=13
Stratifying 10-th numerical feature ...
dp[2][12329]=-2.462e+13
dp[3][12329]=-1.0423e+14
dp[4][12329]=-1.0423e+14
dp[5][12329]=-1.1088e+14
dp[6][12329]=-1.1555e+14
dp[7][12329]=-1.1555e+14
dp[8][12329]=-1.1555e+14
dp[9][12329]=-1.1555e+14
dp[10][12329]=-1.1555e+14
dp[11][12329]=-1.1555e+14
dp[12][12329]=-1.1555e+14
dp[13][12329]=-1.1555e+14
dp[14][12329]=-1.1555e+14
dp[15][12329]=-1.1555e+14
dp[16][12329]=-1.1555e+14
dp[17][12329]=-1.1555e+14
dp[18][12329]=-1.1555e+14
dp[19][12329]=-1.1555e+14
dp[20][12329]=-1.1555e+14
dp[21][12329]=-1.1555e+14
dp[22][12329]=-1.1555e+14
dp[23][12329]=-1.1555e+14
dp[24][12329]=-1.1555e+14
dp[25][12329]=-1.1555e+14
dp[26][12329]=-1.1555e+14
dp[27][12329]=-1.1555e+14
dp[28][12329]=-1.1555e+14
dp[29][12329]=-1.1555e+14
dp[30][12329]=-1.1555e+14
dp[31][12329]=-1.1555e+14
dp[32][12329]=-1.1555e+14
dp[33][12329]=-1.1555e+14
dp[34][12329]=-1.1555e+14
dp[35][12329]=-1.1555e+14
dp[36][12329]=-1.1555e+14
dp[37][12329]=-1.1555e+14
dp[38][12329]=-1.1555e+14
dp[39][12329]=-1.1555e+14
dp[40][12329]=-1.1555e+14
dp[41][12329]=-1.1555e+14
dp[42][12329]=-1.1555e+14
dp[43][12329]=-1.1555e+14
dp[44][12329]=-1.1555e+14
dp[45][12329]=-1.1555e+14
dp[46][12329]=-1.1555e+14
dp[47][12329]=-1.1555e+14
dp[48][12329]=-1.1555e+14
dp[49][12329]=-1.1555e+14
dp[50][12329]=-1.1555e+14
dp[51][12329]=-1.1555e+14
dp[52][12329]=-1.1555e+14
dp[53][12329]=-1.1555e+14
dp[54][12329]=-1.1555e+14
dp[55][12329]=-1.1555e+14
dp[56][12329]=-1.1555e+14
dp[57][12329]=-1.1555e+14
dp[58][12329]=-1.1555e+14
dp[59][12329]=-1.1555e+14
dp[60][12329]=-1.1555e+14
dp[61][12329]=-1.1555e+14
dp[62][12329]=-1.1555e+14
dp[63][12329]=-1.1555e+14
dp[64][12329]=-1.1555e+14
dp[65][12329]=-1.1555e+14
dp[66][12329]=-1.1555e+14
dp[67][12329]=-1.1555e+14
dp[68][12329]=-1.1555e+14
dp[69][12329]=-1.145e+14
dp[70][12329]=-1.1274e+14
Select best dp
Best k=8
Stratifying 11-th numerical feature ...
dp[2][12329]=-2.451e+13
dp[3][12329]=-6.364e+13
dp[4][12329]=-8.416e+13
dp[5][12329]=-9.485e+13
dp[6][12329]=-9.745e+13
dp[7][12329]=-1.0223e+14
dp[8][12329]=-1.0483e+14
dp[9][12329]=-1.0927e+14
dp[10][12329]=-1.1031e+14
dp[11][12329]=-1.1377e+14
dp[12][12329]=-1.1481e+14
dp[13][12329]=-1.1553e+14
dp[14][12329]=-1.1554e+14
dp[15][12329]=-1.1626e+14
dp[16][12329]=-1.1626e+14
dp[17][12329]=-1.1626e+14
dp[18][12329]=-1.1626e+14
dp[19][12329]=-1.1626e+14
dp[20][12329]=-1.1626e+14
dp[21][12329]=-1.1626e+14
dp[22][12329]=-1.1626e+14
dp[23][12329]=-1.1626e+14
dp[24][12329]=-1.1626e+14
dp[25][12329]=-1.1626e+14
dp[26][12329]=-1.1626e+14
dp[27][12329]=-1.1626e+14
dp[28][12329]=-1.1626e+14
dp[29][12329]=-1.1626e+14
dp[30][12329]=-1.1626e+14
dp[31][12329]=-1.1626e+14
dp[32][12329]=-1.1626e+14
dp[33][12329]=-1.1626e+14
dp[34][12329]=-1.1626e+14
dp[35][12329]=-1.1626e+14
dp[36][12329]=-1.1626e+14
dp[37][12329]=-1.1626e+14
dp[38][12329]=-1.1626e+14
dp[39][12329]=-1.1626e+14
dp[40][12329]=-1.1626e+14
dp[41][12329]=-1.1626e+14
dp[42][12329]=-1.1626e+14
dp[43][12329]=-1.1626e+14
dp[44][12329]=-1.1626e+14
dp[45][12329]=-1.1626e+14
dp[46][12329]=-1.1626e+14
dp[47][12329]=-1.1626e+14
dp[48][12329]=-1.1626e+14
dp[49][12329]=-1.1626e+14
dp[50][12329]=-1.1626e+14
dp[51][12329]=-1.1626e+14
dp[52][12329]=-1.1626e+14
dp[53][12329]=-1.1626e+14
dp[54][12329]=-1.1626e+14
dp[55][12329]=-1.1626e+14
dp[56][12329]=-1.1626e+14
dp[57][12329]=-1.1626e+14
dp[58][12329]=-1.1626e+14
dp[59][12329]=-1.1626e+14
dp[60][12329]=-1.1626e+14
dp[61][12329]=-1.1626e+14
dp[62][12329]=-1.1626e+14
dp[63][12329]=-1.1626e+14
dp[64][12329]=-1.1626e+14
dp[65][12329]=-1.1626e+14
dp[66][12329]=-1.1626e+14
dp[67][12329]=-1.1626e+14
dp[68][12329]=-1.145e+14
dp[69][12329]=-1.1098e+14
dp[70][12329]=-1.0394e+14
Select best dp
Best k=15
