Standardize ...
Stratifying 1-th numerical feature ...
dp[2][439]=-548.105
dp[3][439]=-888.073
dp[4][439]=-1080.42
dp[5][439]=-1229.14
dp[6][439]=-1353.41
dp[7][439]=-1429.51
dp[8][439]=-1472.51
dp[9][439]=-1495.59
dp[10][439]=-1517.55
dp[11][439]=-1527.3
dp[12][439]=-1530.97
dp[13][439]=-1531.64
dp[14][439]=-1520.35
dp[15][439]=-1502.12
dp[16][439]=-1483.87
dp[17][439]=-1459.77
dp[18][439]=-1421.88
dp[19][439]=-1379.05
dp[20][439]=-1281.6
Select best dp
Best k=13
Stratifying 2-th numerical feature ...
dp[2][439]=-708.341
dp[3][439]=-1104.43
dp[4][439]=-1316.52
dp[5][439]=-1456.72
dp[6][439]=-1567.3
dp[7][439]=-1637.68
dp[8][439]=-1689.81
dp[9][439]=-1717.75
dp[10][439]=-1743.57
dp[11][439]=-1767.48
dp[12][439]=-1771.74
dp[13][439]=-1771.89
dp[14][439]=-1764.04
dp[15][439]=-1748.63
dp[16][439]=-1730.34
dp[17][439]=-1701.92
dp[18][439]=-1663.32
dp[19][439]=-1608.71
dp[20][439]=-1517.03
Select best dp
Best k=13
Stratifying 3-th numerical feature ...
dp[2][439]=-1677.69
dp[3][439]=-2192.96
dp[4][439]=-2461.05
dp[5][439]=-2630.38
dp[6][439]=-2787.16
dp[7][439]=-2888.26
dp[8][439]=-2986.29
dp[9][439]=-3083.98
dp[10][439]=-3128.07
dp[11][439]=-3149.8
dp[12][439]=-3164.64
dp[13][439]=-3166.25
dp[14][439]=-3163.86
dp[15][439]=-3148.05
dp[16][439]=-3126.77
dp[17][439]=-3098.6
dp[18][439]=-3068.87
dp[19][439]=-2992.56
dp[20][439]=-2896.15
Select best dp
Best k=13
Stratifying 4-th numerical feature ...
dp[2][439]=-877.172
dp[3][439]=-1248.05
dp[4][439]=-1467.41
dp[5][439]=-1612.47
dp[6][439]=-1716.38
dp[7][439]=-1786.1
dp[8][439]=-1854.46
dp[9][439]=-1901.96
dp[10][439]=-1922.03
dp[11][439]=-1935.66
dp[12][439]=-1945.7
dp[13][439]=-1947.24
dp[14][439]=-1939.75
dp[15][439]=-1930.02
dp[16][439]=-1914.96
dp[17][439]=-1888.91
dp[18][439]=-1847.58
dp[19][439]=-1792.03
dp[20][439]=-1690.13
Select best dp
Best k=13
Stratifying 5-th numerical feature ...
dp[2][439]=-1637.23
dp[3][439]=-2137.18
dp[4][439]=-2454.06
dp[5][439]=-2645.64
dp[6][439]=-2823.97
dp[7][439]=-2951.47
dp[8][439]=-3034.63
dp[9][439]=-3073.55
dp[10][439]=-3111.65
dp[11][439]=-3131.1
dp[12][439]=-3141.41
dp[13][439]=-3149.84
dp[14][439]=-3156.86
dp[15][439]=-3159.85
dp[16][439]=-3153.23
dp[17][439]=-3150.4
dp[18][439]=-3107.93
dp[19][439]=-3049.96
dp[20][439]=-2958.64
Select best dp
Best k=15
Stratifying 6-th numerical feature ...
dp[2][439]=-870.863
dp[3][439]=-1299.7
dp[4][439]=-1553.75
dp[5][439]=-1722.64
dp[6][439]=-1824.55
dp[7][439]=-1913.49
dp[8][439]=-1967.68
dp[9][439]=-2012.46
dp[10][439]=-2036.51
dp[11][439]=-2054.44
dp[12][439]=-2061.43
dp[13][439]=-2064.8
dp[14][439]=-2056.19
dp[15][439]=-2042.05
dp[16][439]=-2027.88
dp[17][439]=-2009.07
dp[18][439]=-1977.92
dp[19][439]=-1927.4
dp[20][439]=-1791.29
Select best dp
Best k=13
