Standardize ...
Stratifying 1-th numerical feature ...
dp[2][350]=-9.5e+11
dp[3][350]=-9.5e+11
dp[4][350]=-1.2e+12
dp[5][350]=-1.2e+12
dp[6][350]=-1.2e+12
dp[7][350]=-1.2e+12
dp[8][350]=-1.2e+12
dp[9][350]=-1.2e+12
dp[10][350]=-1.2e+12
dp[11][350]=-1.2e+12
dp[12][350]=-1.2e+12
dp[13][350]=-1.2e+12
dp[14][350]=-1.2e+12
dp[15][350]=-1.2e+12
dp[16][350]=-1.2e+12
dp[17][350]=-1.2e+12
dp[18][350]=-1.19e+12
Select best dp
Best k=5
Stratifying 2-th numerical feature ...
dp[2][350]=-2.6e+11
dp[3][350]=-5e+11
dp[4][350]=-5.6e+11
dp[5][350]=-8e+11
dp[6][350]=-8e+11
dp[7][350]=-8e+11
dp[8][350]=-8e+11
dp[9][350]=-8e+11
dp[10][350]=-8e+11
dp[11][350]=-8e+11
dp[12][350]=-8e+11
dp[13][350]=-8e+11
dp[14][350]=-8e+11
dp[15][350]=-8e+11
dp[16][350]=-8e+11
dp[17][350]=-7.5e+11
dp[18][350]=-6.6e+11
Select best dp
Best k=5
Stratifying 3-th numerical feature ...
dp[2][350]=-9.6e+11
dp[3][350]=-9.6e+11
dp[4][350]=-1.34e+12
dp[5][350]=-1.34e+12
dp[6][350]=-1.34e+12
dp[7][350]=-1.34e+12
dp[8][350]=-1.34e+12
dp[9][350]=-1.34e+12
dp[10][350]=-1.34e+12
dp[11][350]=-1.34e+12
dp[12][350]=-1.34e+12
dp[13][350]=-1.34e+12
dp[14][350]=-1.34e+12
dp[15][350]=-1.34e+12
dp[16][350]=-1.34e+12
dp[17][350]=-1.34e+12
dp[18][350]=-1.34e+12
Select best dp
Best k=4
Stratifying 4-th numerical feature ...
dp[2][350]=-2.6e+11
dp[3][350]=-4.9e+11
dp[4][350]=-7.2e+11
dp[5][350]=-9.5e+11
dp[6][350]=-9.5e+11
dp[7][350]=-9.5e+11
dp[8][350]=-9.5e+11
dp[9][350]=-9.5e+11
dp[10][350]=-9.5e+11
dp[11][350]=-9.5e+11
dp[12][350]=-9.5e+11
dp[13][350]=-9.5e+11
dp[14][350]=-9.5e+11
dp[15][350]=-9.5e+11
dp[16][350]=-9.5e+11
dp[17][350]=-9.5e+11
dp[18][350]=-8e+11
Select best dp
Best k=5
Stratifying 5-th numerical feature ...
dp[2][350]=-7.2e+11
dp[3][350]=-7.2e+11
dp[4][350]=-1.09e+12
dp[5][350]=-1.09e+12
dp[6][350]=-1.09e+12
dp[7][350]=-1.09e+12
dp[8][350]=-1.09e+12
dp[9][350]=-1.09e+12
dp[10][350]=-1.09e+12
dp[11][350]=-1.09e+12
dp[12][350]=-1.09e+12
dp[13][350]=-1.09e+12
dp[14][350]=-1.09e+12
dp[15][350]=-1.09e+12
dp[16][350]=-1.09e+12
dp[17][350]=-1e+12
dp[18][350]=-8.5e+11
Select best dp
Best k=4
Stratifying 6-th numerical feature ...
dp[2][350]=-2.9e+11
dp[3][350]=-5.3e+11
dp[4][350]=-6.8e+11
dp[5][350]=-9.2e+11
dp[6][350]=-9.2e+11
dp[7][350]=-9.2e+11
dp[8][350]=-9.2e+11
dp[9][350]=-9.2e+11
dp[10][350]=-9.2e+11
dp[11][350]=-9.2e+11
dp[12][350]=-9.2e+11
dp[13][350]=-9.2e+11
dp[14][350]=-9.2e+11
dp[15][350]=-9.2e+11
dp[16][350]=-9.2e+11
dp[17][350]=-9.2e+11
dp[18][350]=-8.1e+11
Select best dp
Best k=5
Stratifying 7-th numerical feature ...
dp[2][350]=-6.4e+11
dp[3][350]=-6.4e+11
dp[4][350]=-9.6e+11
dp[5][350]=-9.6e+11
dp[6][350]=-9.6e+11
dp[7][350]=-9.6e+11
dp[8][350]=-9.6e+11
dp[9][350]=-9.6e+11
dp[10][350]=-9.6e+11
dp[11][350]=-9.6e+11
dp[12][350]=-9.6e+11
dp[13][350]=-9.6e+11
dp[14][350]=-9.6e+11
dp[15][350]=-9.6e+11
dp[16][350]=-9.6e+11
dp[17][350]=-9.6e+11
dp[18][350]=-8.2e+11
Select best dp
Best k=4
Stratifying 8-th numerical feature ...
dp[2][350]=-2.8e+11
dp[3][350]=-3.9e+11
dp[4][350]=-6.7e+11
dp[5][350]=-6.7e+11
dp[6][350]=-6.7e+11
dp[7][350]=-6.7e+11
dp[8][350]=-6.7e+11
dp[9][350]=-6.7e+11
dp[10][350]=-6.7e+11
dp[11][350]=-6.7e+11
dp[12][350]=-6.7e+11
dp[13][350]=-6.7e+11
dp[14][350]=-6.7e+11
dp[15][350]=-6.7e+11
dp[16][350]=-6.7e+11
dp[17][350]=-6.7e+11
dp[18][350]=-6.5e+11
Select best dp
Best k=4
Stratifying 9-th numerical feature ...
dp[2][350]=-6.6e+11
dp[3][350]=-6.6e+11
dp[4][350]=-9.4e+11
dp[5][350]=-9.4e+11
dp[6][350]=-9.4e+11
dp[7][350]=-9.4e+11
dp[8][350]=-9.4e+11
dp[9][350]=-9.4e+11
dp[10][350]=-9.4e+11
dp[11][350]=-9.4e+11
dp[12][350]=-9.4e+11
dp[13][350]=-9.4e+11
dp[14][350]=-9.4e+11
dp[15][350]=-9.4e+11
dp[16][350]=-9.4e+11
dp[17][350]=-9.3e+11
dp[18][350]=-8.5e+11
Select best dp
Best k=5
Stratifying 10-th numerical feature ...
dp[2][350]=-2.9e+11
dp[3][350]=-3.7e+11
dp[4][350]=-6.6e+11
dp[5][350]=-6.6e+11
dp[6][350]=-6.6e+11
dp[7][350]=-6.6e+11
dp[8][350]=-6.6e+11
dp[9][350]=-6.6e+11
dp[10][350]=-6.6e+11
dp[11][350]=-6.6e+11
dp[12][350]=-6.6e+11
dp[13][350]=-6.6e+11
dp[14][350]=-6.6e+11
dp[15][350]=-6.6e+11
dp[16][350]=-6.6e+11
dp[17][350]=-6.1e+11
dp[18][350]=-4.7e+11
Select best dp
Best k=4
Stratifying 11-th numerical feature ...
dp[2][350]=-6.5e+11
dp[3][350]=-6.5e+11
dp[4][350]=-9.6e+11
dp[5][350]=-9.6e+11
dp[6][350]=-9.6e+11
dp[7][350]=-9.6e+11
dp[8][350]=-9.6e+11
dp[9][350]=-9.6e+11
dp[10][350]=-9.6e+11
dp[11][350]=-9.6e+11
dp[12][350]=-9.6e+11
dp[13][350]=-9.6e+11
dp[14][350]=-9.6e+11
dp[15][350]=-9.6e+11
dp[16][350]=-9.6e+11
dp[17][350]=-9.5e+11
dp[18][350]=-8.5e+11
Select best dp
Best k=5
Stratifying 12-th numerical feature ...
dp[2][350]=-2.4e+11
dp[3][350]=-4.7e+11
dp[4][350]=-6.1e+11
dp[5][350]=-8.4e+11
dp[6][350]=-8.4e+11
dp[7][350]=-8.4e+11
dp[8][350]=-8.4e+11
dp[9][350]=-8.4e+11
dp[10][350]=-8.4e+11
dp[11][350]=-8.4e+11
dp[12][350]=-8.4e+11
dp[13][350]=-8.4e+11
dp[14][350]=-8.4e+11
dp[15][350]=-8.4e+11
dp[16][350]=-8.4e+11
dp[17][350]=-8.1e+11
dp[18][350]=-6.6e+11
Select best dp
Best k=5
Stratifying 13-th numerical feature ...
dp[2][350]=-6e+11
dp[3][350]=-7.9e+11
dp[4][350]=-9.9e+11
dp[5][350]=-1.18e+12
dp[6][350]=-1.18e+12
dp[7][350]=-1.18e+12
dp[8][350]=-1.18e+12
dp[9][350]=-1.18e+12
dp[10][350]=-1.18e+12
dp[11][350]=-1.18e+12
dp[12][350]=-1.18e+12
dp[13][350]=-1.18e+12
dp[14][350]=-1.18e+12
dp[15][350]=-1.18e+12
dp[16][350]=-1.18e+12
dp[17][350]=-1.18e+12
dp[18][350]=-1.17e+12
Select best dp
Best k=5
Stratifying 14-th numerical feature ...
dp[2][350]=-2e+11
dp[3][350]=-4.5e+11
dp[4][350]=-6.5e+11
dp[5][350]=-8.4e+11
dp[6][350]=-8.4e+11
dp[7][350]=-8.4e+11
dp[8][350]=-8.4e+11
dp[9][350]=-8.4e+11
dp[10][350]=-8.4e+11
dp[11][350]=-8.4e+11
dp[12][350]=-8.4e+11
dp[13][350]=-8.4e+11
dp[14][350]=-8.4e+11
dp[15][350]=-8.4e+11
dp[16][350]=-8.4e+11
dp[17][350]=-8.4e+11
dp[18][350]=-8.4e+11
Select best dp
Best k=5
Stratifying 15-th numerical feature ...
dp[2][350]=-5.9e+11
dp[3][350]=-5.9e+11
dp[4][350]=-8.4e+11
dp[5][350]=-8.4e+11
dp[6][350]=-8.4e+11
dp[7][350]=-8.4e+11
dp[8][350]=-8.4e+11
dp[9][350]=-8.4e+11
dp[10][350]=-8.4e+11
dp[11][350]=-8.4e+11
dp[12][350]=-8.4e+11
dp[13][350]=-8.4e+11
dp[14][350]=-8.4e+11
dp[15][350]=-8.4e+11
dp[16][350]=-8.4e+11
dp[17][350]=-8.4e+11
dp[18][350]=-7.9e+11
Select best dp
Best k=4
Stratifying 16-th numerical feature ...
dp[2][350]=-2.6e+11
dp[3][350]=-3e+11
dp[4][350]=-5.6e+11
dp[5][350]=-5.6e+11
dp[6][350]=-5.6e+11
dp[7][350]=-5.6e+11
dp[8][350]=-5.6e+11
dp[9][350]=-5.6e+11
dp[10][350]=-5.6e+11
dp[11][350]=-5.6e+11
dp[12][350]=-5.6e+11
dp[13][350]=-5.6e+11
dp[14][350]=-5.6e+11
dp[15][350]=-5.6e+11
dp[16][350]=-5.6e+11
dp[17][350]=-5.6e+11
dp[18][350]=-4.3e+11
Select best dp
Best k=4
Stratifying 17-th numerical feature ...
dp[2][350]=-5.3e+11
dp[3][350]=-7.4e+11
dp[4][350]=-7.7e+11
dp[5][350]=-9.8e+11
dp[6][350]=-9.8e+11
dp[7][350]=-9.8e+11
dp[8][350]=-9.8e+11
dp[9][350]=-9.8e+11
dp[10][350]=-9.8e+11
dp[11][350]=-9.8e+11
dp[12][350]=-9.8e+11
dp[13][350]=-9.8e+11
dp[14][350]=-9.8e+11
dp[15][350]=-9.8e+11
dp[16][350]=-9.8e+11
dp[17][350]=-9.7e+11
dp[18][350]=-7.8e+11
Select best dp
Best k=5
Stratifying 18-th numerical feature ...
dp[2][350]=-2.8e+11
dp[3][350]=-5.2e+11
dp[4][350]=-6.2e+11
dp[5][350]=-8.6e+11
dp[6][350]=-8.6e+11
dp[7][350]=-8.6e+11
dp[8][350]=-8.6e+11
dp[9][350]=-8.6e+11
dp[10][350]=-8.6e+11
dp[11][350]=-8.6e+11
dp[12][350]=-8.6e+11
dp[13][350]=-8.6e+11
dp[14][350]=-8.6e+11
dp[15][350]=-8.6e+11
dp[16][350]=-8.6e+11
dp[17][350]=-7.7e+11
dp[18][350]=-6.6e+11
Select best dp
Best k=5
Stratifying 19-th numerical feature ...
dp[2][350]=-5.4e+11
dp[3][350]=-5.4e+11
dp[4][350]=-9.1e+11
dp[5][350]=-9.1e+11
dp[6][350]=-9.1e+11
dp[7][350]=-9.1e+11
dp[8][350]=-9.1e+11
dp[9][350]=-9.1e+11
dp[10][350]=-9.1e+11
dp[11][350]=-9.1e+11
dp[12][350]=-9.1e+11
dp[13][350]=-9.1e+11
dp[14][350]=-9.1e+11
dp[15][350]=-9.1e+11
dp[16][350]=-9.1e+11
dp[17][350]=-8e+11
dp[18][350]=-6.6e+11
Select best dp
Best k=5
Stratifying 20-th numerical feature ...
dp[2][350]=-3e+11
dp[3][350]=-5.1e+11
dp[4][350]=-6.7e+11
dp[5][350]=-8.8e+11
dp[6][350]=-8.8e+11
dp[7][350]=-8.8e+11
dp[8][350]=-8.8e+11
dp[9][350]=-8.8e+11
dp[10][350]=-8.8e+11
dp[11][350]=-8.8e+11
dp[12][350]=-8.8e+11
dp[13][350]=-8.8e+11
dp[14][350]=-8.8e+11
dp[15][350]=-8.8e+11
dp[16][350]=-8.8e+11
dp[17][350]=-8e+11
dp[18][350]=-6.6e+11
Select best dp
Best k=5
Stratifying 21-th numerical feature ...
dp[2][350]=-6.2e+11
dp[3][350]=-6.2e+11
dp[4][350]=-9e+11
dp[5][350]=-9e+11
dp[6][350]=-9e+11
dp[7][350]=-9e+11
dp[8][350]=-9e+11
dp[9][350]=-9e+11
dp[10][350]=-9e+11
dp[11][350]=-9e+11
dp[12][350]=-9e+11
dp[13][350]=-9e+11
dp[14][350]=-9e+11
dp[15][350]=-9e+11
dp[16][350]=-9e+11
dp[17][350]=-9e+11
dp[18][350]=-7.7e+11
Select best dp
Best k=4
Stratifying 22-th numerical feature ...
dp[2][350]=-3.1e+11
dp[3][350]=-5.5e+11
dp[4][350]=-6.3e+11
dp[5][350]=-8.7e+11
dp[6][350]=-8.7e+11
dp[7][350]=-8.7e+11
dp[8][350]=-8.7e+11
dp[9][350]=-8.7e+11
dp[10][350]=-8.7e+11
dp[11][350]=-8.7e+11
dp[12][350]=-8.7e+11
dp[13][350]=-8.7e+11
dp[14][350]=-8.7e+11
dp[15][350]=-8.7e+11
dp[16][350]=-8.7e+11
dp[17][350]=-7.8e+11
dp[18][350]=-6.6e+11
Select best dp
Best k=5
Stratifying 23-th numerical feature ...
dp[2][350]=-5.7e+11
dp[3][350]=-5.7e+11
dp[4][350]=-8.1e+11
dp[5][350]=-8.1e+11
dp[6][350]=-8.1e+11
dp[7][350]=-8.1e+11
dp[8][350]=-8.1e+11
dp[9][350]=-8.1e+11
dp[10][350]=-8.1e+11
dp[11][350]=-8.1e+11
dp[12][350]=-8.1e+11
dp[13][350]=-8.1e+11
dp[14][350]=-8.1e+11
dp[15][350]=-8.1e+11
dp[16][350]=-8.1e+11
dp[17][350]=-8.1e+11
dp[18][350]=-7.9e+11
Select best dp
Best k=4
Stratifying 24-th numerical feature ...
dp[2][350]=-3.1e+11
dp[3][350]=-3.1e+11
dp[4][350]=-5.9e+11
dp[5][350]=-5.9e+11
dp[6][350]=-5.9e+11
dp[7][350]=-5.9e+11
dp[8][350]=-5.9e+11
dp[9][350]=-5.9e+11
dp[10][350]=-5.9e+11
dp[11][350]=-5.9e+11
dp[12][350]=-5.9e+11
dp[13][350]=-5.9e+11
dp[14][350]=-5.9e+11
dp[15][350]=-5.9e+11
dp[16][350]=-5.9e+11
dp[17][350]=-5.9e+11
dp[18][350]=-4.7e+11
Select best dp
Best k=4
Stratifying 25-th numerical feature ...
dp[2][350]=-8.8e+11
dp[3][350]=-8.8e+11
dp[4][350]=-8.8e+11
dp[5][350]=-8.8e+11
dp[6][350]=-8.8e+11
dp[7][350]=-8.8e+11
dp[8][350]=-8.8e+11
dp[9][350]=-8.8e+11
dp[10][350]=-8.8e+11
dp[11][350]=-8.8e+11
dp[12][350]=-8.8e+11
dp[13][350]=-8.8e+11
dp[14][350]=-8.8e+11
dp[15][350]=-8.8e+11
dp[16][350]=-8.8e+11
dp[17][350]=-8.8e+11
dp[18][350]=-8.5e+11
Select best dp
Best k=3
Stratifying 26-th numerical feature ...
dp[2][350]=-4e+11
dp[3][350]=-6.9e+11
dp[4][350]=-6.9e+11
dp[5][350]=-6.9e+11
dp[6][350]=-6.9e+11
dp[7][350]=-6.9e+11
dp[8][350]=-6.9e+11
dp[9][350]=-6.9e+11
dp[10][350]=-6.9e+11
dp[11][350]=-6.9e+11
dp[12][350]=-6.9e+11
dp[13][350]=-6.9e+11
dp[14][350]=-6.9e+11
dp[15][350]=-6.9e+11
dp[16][350]=-6.9e+11
dp[17][350]=-6.9e+11
dp[18][350]=-6.6e+11
Select best dp
Best k=5
Stratifying 27-th numerical feature ...
dp[2][350]=-5.7e+11
dp[3][350]=-7.9e+11
dp[4][350]=-8.7e+11
dp[5][350]=-1.09e+12
dp[6][350]=-1.09e+12
dp[7][350]=-1.09e+12
dp[8][350]=-1.09e+12
dp[9][350]=-1.09e+12
dp[10][350]=-1.09e+12
dp[11][350]=-1.09e+12
dp[12][350]=-1.09e+12
dp[13][350]=-1.09e+12
dp[14][350]=-1.09e+12
dp[15][350]=-1.09e+12
dp[16][350]=-1.09e+12
dp[17][350]=-1.09e+12
dp[18][350]=-9.9e+11
Select best dp
Best k=6
Stratifying 28-th numerical feature ...
dp[2][350]=-2.8e+11
dp[3][350]=-5.4e+11
dp[4][350]=-6.1e+11
dp[5][350]=-8.7e+11
dp[6][350]=-8.7e+11
dp[7][350]=-8.7e+11
dp[8][350]=-8.7e+11
dp[9][350]=-8.7e+11
dp[10][350]=-8.7e+11
dp[11][350]=-8.7e+11
dp[12][350]=-8.7e+11
dp[13][350]=-8.7e+11
dp[14][350]=-8.7e+11
dp[15][350]=-8.7e+11
dp[16][350]=-8.7e+11
dp[17][350]=-7.9e+11
dp[18][350]=-6.6e+11
Select best dp
Best k=5
Stratifying 29-th numerical feature ...
dp[2][350]=-5.8e+11
dp[3][350]=-8e+11
dp[4][350]=-8.9e+11
dp[5][350]=-1.11e+12
dp[6][350]=-1.11e+12
dp[7][350]=-1.11e+12
dp[8][350]=-1.11e+12
dp[9][350]=-1.11e+12
dp[10][350]=-1.11e+12
dp[11][350]=-1.11e+12
dp[12][350]=-1.11e+12
dp[13][350]=-1.11e+12
dp[14][350]=-1.11e+12
dp[15][350]=-1.11e+12
dp[16][350]=-1.11e+12
dp[17][350]=-1.11e+12
dp[18][350]=-1.02e+12
Select best dp
Best k=5
Stratifying 30-th numerical feature ...
dp[2][350]=-2.8e+11
dp[3][350]=-5.3e+11
dp[4][350]=-6.4e+11
dp[5][350]=-8.9e+11
dp[6][350]=-8.9e+11
dp[7][350]=-8.9e+11
dp[8][350]=-8.9e+11
dp[9][350]=-8.9e+11
dp[10][350]=-8.9e+11
dp[11][350]=-8.9e+11
dp[12][350]=-8.9e+11
dp[13][350]=-8.9e+11
dp[14][350]=-8.9e+11
dp[15][350]=-8.9e+11
dp[16][350]=-8.9e+11
dp[17][350]=-7.8e+11
dp[18][350]=-6.6e+11
Select best dp
Best k=5
Stratifying 31-th numerical feature ...
dp[2][350]=-4.8e+11
dp[3][350]=-4.8e+11
dp[4][350]=-9.6e+11
dp[5][350]=-9.6e+11
dp[6][350]=-9.6e+11
dp[7][350]=-9.6e+11
dp[8][350]=-9.6e+11
dp[9][350]=-9.6e+11
dp[10][350]=-9.6e+11
dp[11][350]=-9.6e+11
dp[12][350]=-9.6e+11
dp[13][350]=-9.6e+11
dp[14][350]=-9.6e+11
dp[15][350]=-9.6e+11
dp[16][350]=-9.6e+11
dp[17][350]=-9.3e+11
dp[18][350]=-8.5e+11
Select best dp
Best k=4
Stratifying 32-th numerical feature ...
dp[2][350]=-2.5e+11
dp[3][350]=-5.2e+11
dp[4][350]=-7.7e+11
dp[5][350]=-7.7e+11
dp[6][350]=-7.7e+11
dp[7][350]=-7.7e+11
dp[8][350]=-7.7e+11
dp[9][350]=-7.7e+11
dp[10][350]=-7.7e+11
dp[11][350]=-7.7e+11
dp[12][350]=-7.7e+11
dp[13][350]=-7.7e+11
dp[14][350]=-7.7e+11
dp[15][350]=-7.7e+11
dp[16][350]=-7.7e+11
dp[17][350]=-7.7e+11
dp[18][350]=-6.5e+11
Select best dp
Best k=5
