Standardize ...
Stratifying 1-th numerical feature ...
dp[2][17897]=-18308.7
dp[3][17897]=-33471.6
dp[4][17897]=-44463.6
dp[5][17897]=-53242.2
dp[6][17897]=-60152.5
dp[7][17897]=-65982.3
dp[8][17897]=-70784.2
dp[9][17897]=-75258.8
dp[10][17897]=-79104.3
dp[11][17897]=-82704.6
dp[12][17897]=-85855
dp[13][17897]=-88562.6
dp[14][17897]=-91200.1
dp[15][17897]=-93409.1
dp[16][17897]=-95580.2
dp[17][17897]=-97730
dp[18][17897]=-99720
dp[19][17897]=-101423
dp[20][17897]=-103035
dp[21][17897]=-104634
dp[22][17897]=-106213
dp[23][17897]=-107747
dp[24][17897]=-109167
dp[25][17897]=-110564
dp[26][17897]=-111910
dp[27][17897]=-113112
dp[28][17897]=-114313
dp[29][17897]=-115459
dp[30][17897]=-116516
dp[31][17897]=-117495
dp[32][17897]=-118443
dp[33][17897]=-119379
dp[34][17897]=-120295
dp[35][17897]=-121198
dp[36][17897]=-122044
dp[37][17897]=-122884
dp[38][17897]=-123711
dp[39][17897]=-124529
dp[40][17897]=-125304
dp[41][17897]=-126030
dp[42][17897]=-126743
dp[43][17897]=-127447
dp[44][17897]=-128122
dp[45][17897]=-128780
dp[46][17897]=-129428
dp[47][17897]=-130070
dp[48][17897]=-130674
dp[49][17897]=-131248
dp[50][17897]=-131819
dp[51][17897]=-132376
dp[52][17897]=-132930
dp[53][17897]=-133476
dp[54][17897]=-134011
dp[55][17897]=-134528
dp[56][17897]=-135038
dp[57][17897]=-135540
dp[58][17897]=-136028
dp[59][17897]=-136504
dp[60][17897]=-136952
dp[61][17897]=-137386
dp[62][17897]=-137808
dp[63][17897]=-138211
dp[64][17897]=-138610
dp[65][17897]=-138989
dp[66][17897]=-139340
dp[67][17897]=-139634
dp[68][17897]=-139922
dp[69][17897]=-140184
dp[70][17897]=-140171
Select best dp
Best k=69
Stratifying 2-th numerical feature ...
dp[2][17897]=-16236.1
dp[3][17897]=-29940.8
dp[4][17897]=-40303.2
dp[5][17897]=-48534.6
dp[6][17897]=-55335.5
dp[7][17897]=-61046.9
dp[8][17897]=-65774.6
dp[9][17897]=-70073.7
dp[10][17897]=-73951.4
dp[11][17897]=-77473.9
dp[12][17897]=-80529.2
dp[13][17897]=-83333.5
dp[14][17897]=-85987.6
dp[15][17897]=-88307.2
dp[16][17897]=-90546.9
dp[17][17897]=-92654.7
dp[18][17897]=-94689.7
dp[19][17897]=-96588.9
dp[20][17897]=-98308.8
dp[21][17897]=-99974.4
dp[22][17897]=-101527
dp[23][17897]=-103055
dp[24][17897]=-104494
dp[25][17897]=-105853
dp[26][17897]=-107146
dp[27][17897]=-108436
dp[28][17897]=-109577
dp[29][17897]=-110686
dp[30][17897]=-111711
dp[31][17897]=-112735
dp[32][17897]=-113755
dp[33][17897]=-114723
dp[34][17897]=-115654
dp[35][17897]=-116563
dp[36][17897]=-117460
dp[37][17897]=-118356
dp[38][17897]=-119239
dp[39][17897]=-120097
dp[40][17897]=-120852
dp[41][17897]=-121566
dp[42][17897]=-122279
dp[43][17897]=-122980
dp[44][17897]=-123668
dp[45][17897]=-124339
dp[46][17897]=-125002
dp[47][17897]=-125650
dp[48][17897]=-126272
dp[49][17897]=-126871
dp[50][17897]=-127465
dp[51][17897]=-128043
dp[52][17897]=-128615
dp[53][17897]=-129153
dp[54][17897]=-129681
dp[55][17897]=-130188
dp[56][17897]=-130673
dp[57][17897]=-131158
dp[58][17897]=-131636
dp[59][17897]=-132084
dp[60][17897]=-132528
dp[61][17897]=-132971
dp[62][17897]=-133390
dp[63][17897]=-133804
dp[64][17897]=-134162
dp[65][17897]=-134507
dp[66][17897]=-134839
dp[67][17897]=-135168
dp[68][17897]=-135455
dp[69][17897]=-135718
dp[70][17897]=-135703
Select best dp
Best k=69
Stratifying 3-th numerical feature ...
dp[2][17897]=-39620.6
dp[3][17897]=-54604.8
dp[4][17897]=-66691.1
dp[5][17897]=-76041.3
dp[6][17897]=-83555.4
dp[7][17897]=-89432.2
dp[8][17897]=-94805.5
dp[9][17897]=-99222.3
dp[10][17897]=-103064
dp[11][17897]=-106601
dp[12][17897]=-109836
dp[13][17897]=-112685
dp[14][17897]=-115332
dp[15][17897]=-117743
dp[16][17897]=-120057
dp[17][17897]=-122179
dp[18][17897]=-124249
dp[19][17897]=-126097
dp[20][17897]=-127885
dp[21][17897]=-129546
dp[22][17897]=-131095
dp[23][17897]=-132615
dp[24][17897]=-134071
dp[25][17897]=-135472
dp[26][17897]=-136805
dp[27][17897]=-138040
dp[28][17897]=-139248
dp[29][17897]=-140425
dp[30][17897]=-141515
dp[31][17897]=-142516
dp[32][17897]=-143504
dp[33][17897]=-144443
dp[34][17897]=-145344
dp[35][17897]=-146240
dp[36][17897]=-147121
dp[37][17897]=-147980
dp[38][17897]=-148804
dp[39][17897]=-149626
dp[40][17897]=-150417
dp[41][17897]=-151209
dp[42][17897]=-151968
dp[43][17897]=-152685
dp[44][17897]=-153364
dp[45][17897]=-154023
dp[46][17897]=-154670
dp[47][17897]=-155302
dp[48][17897]=-155905
dp[49][17897]=-156506
dp[50][17897]=-157084
dp[51][17897]=-157636
dp[52][17897]=-158181
dp[53][17897]=-158724
dp[54][17897]=-159263
dp[55][17897]=-159802
dp[56][17897]=-160331
dp[57][17897]=-160835
dp[58][17897]=-161315
dp[59][17897]=-161792
dp[60][17897]=-162259
dp[61][17897]=-162725
dp[62][17897]=-163167
dp[63][17897]=-163598
dp[64][17897]=-164016
dp[65][17897]=-164427
dp[66][17897]=-164778
dp[67][17897]=-165089
dp[68][17897]=-165371
dp[69][17897]=-165592
dp[70][17897]=-165551
Select best dp
Best k=69
Stratifying 4-th numerical feature ...
dp[2][17897]=-68489.6
dp[3][17897]=-85829.3
dp[4][17897]=-98266
dp[5][17897]=-107246
dp[6][17897]=-114610
dp[7][17897]=-120677
dp[8][17897]=-125786
dp[9][17897]=-130211
dp[10][17897]=-134184
dp[11][17897]=-137799
dp[12][17897]=-141065
dp[13][17897]=-143775
dp[14][17897]=-146334
dp[15][17897]=-148796
dp[16][17897]=-151086
dp[17][17897]=-153057
dp[18][17897]=-154991
dp[19][17897]=-156880
dp[20][17897]=-158591
dp[21][17897]=-160227
dp[22][17897]=-161846
dp[23][17897]=-163437
dp[24][17897]=-165008
dp[25][17897]=-166431
dp[26][17897]=-167655
dp[27][17897]=-168868
dp[28][17897]=-170037
dp[29][17897]=-171175
dp[30][17897]=-172255
dp[31][17897]=-173328
dp[32][17897]=-174399
dp[33][17897]=-175407
dp[34][17897]=-176388
dp[35][17897]=-177277
dp[36][17897]=-178146
dp[37][17897]=-178976
dp[38][17897]=-179753
dp[39][17897]=-180520
dp[40][17897]=-181275
dp[41][17897]=-181995
dp[42][17897]=-182714
dp[43][17897]=-183402
dp[44][17897]=-184090
dp[45][17897]=-184767
dp[46][17897]=-185415
dp[47][17897]=-186060
dp[48][17897]=-186697
dp[49][17897]=-187326
dp[50][17897]=-187928
dp[51][17897]=-188513
dp[52][17897]=-189056
dp[53][17897]=-189585
dp[54][17897]=-190104
dp[55][17897]=-190597
dp[56][17897]=-191073
dp[57][17897]=-191546
dp[58][17897]=-192000
dp[59][17897]=-192431
dp[60][17897]=-192856
dp[61][17897]=-193275
dp[62][17897]=-193680
dp[63][17897]=-194085
dp[64][17897]=-194472
dp[65][17897]=-194845
dp[66][17897]=-195207
dp[67][17897]=-195543
dp[68][17897]=-195838
dp[69][17897]=-196121
dp[70][17897]=-196345
Select best dp
Best k=70
Stratifying 5-th numerical feature ...
dp[2][17897]=-108121
dp[3][17897]=-138876
dp[4][17897]=-161451
dp[5][17897]=-176752
dp[6][17897]=-188485
dp[7][17897]=-197127
dp[8][17897]=-205120
dp[9][17897]=-211320
dp[10][17897]=-216487
dp[11][17897]=-221171
dp[12][17897]=-225391
dp[13][17897]=-228959
dp[14][17897]=-232247
dp[15][17897]=-235379
dp[16][17897]=-238169
dp[17][17897]=-240683
dp[18][17897]=-243083
dp[19][17897]=-245367
dp[20][17897]=-247496
dp[21][17897]=-249464
dp[22][17897]=-251306
dp[23][17897]=-253074
dp[24][17897]=-254762
dp[25][17897]=-256243
dp[26][17897]=-257723
dp[27][17897]=-259202
dp[28][17897]=-260629
dp[29][17897]=-261894
dp[30][17897]=-263156
dp[31][17897]=-264394
dp[32][17897]=-265571
dp[33][17897]=-266677
dp[34][17897]=-267721
dp[35][17897]=-268746
dp[36][17897]=-269767
dp[37][17897]=-270768
dp[38][17897]=-271680
dp[39][17897]=-272583
dp[40][17897]=-273432
dp[41][17897]=-274274
dp[42][17897]=-275074
dp[43][17897]=-275873
dp[44][17897]=-276653
dp[45][17897]=-277422
dp[46][17897]=-278171
dp[47][17897]=-278886
dp[48][17897]=-279591
dp[49][17897]=-280217
dp[50][17897]=-280820
dp[51][17897]=-281414
dp[52][17897]=-281977
dp[53][17897]=-282523
dp[54][17897]=-283049
dp[55][17897]=-283573
dp[56][17897]=-284096
dp[57][17897]=-284611
dp[58][17897]=-285125
dp[59][17897]=-285626
dp[60][17897]=-286117
dp[61][17897]=-286582
dp[62][17897]=-287022
dp[63][17897]=-287435
dp[64][17897]=-287831
dp[65][17897]=-288193
dp[66][17897]=-288552
dp[67][17897]=-288909
dp[68][17897]=-289244
dp[69][17897]=-289575
dp[70][17897]=-289581
Select best dp
Best k=70
Stratifying 6-th numerical feature ...
dp[2][17897]=-70714.6
dp[3][17897]=-100987
dp[4][17897]=-119226
dp[5][17897]=-132215
dp[6][17897]=-141556
dp[7][17897]=-149338
dp[8][17897]=-155690
dp[9][17897]=-161128
dp[10][17897]=-166189
dp[11][17897]=-170864
dp[12][17897]=-174578
dp[13][17897]=-177944
dp[14][17897]=-181112
dp[15][17897]=-184049
dp[16][17897]=-186902
dp[17][17897]=-189300
dp[18][17897]=-191684
dp[19][17897]=-193802
dp[20][17897]=-195775
dp[21][17897]=-197644
dp[22][17897]=-199436
dp[23][17897]=-201165
dp[24][17897]=-202829
dp[25][17897]=-204389
dp[26][17897]=-205867
dp[27][17897]=-207341
dp[28][17897]=-208728
dp[29][17897]=-210090
dp[30][17897]=-211419
dp[31][17897]=-212614
dp[32][17897]=-213801
dp[33][17897]=-214935
dp[34][17897]=-216028
dp[35][17897]=-217054
dp[36][17897]=-218026
dp[37][17897]=-218919
dp[38][17897]=-219761
dp[39][17897]=-220584
dp[40][17897]=-221366
dp[41][17897]=-222135
dp[42][17897]=-222901
dp[43][17897]=-223655
dp[44][17897]=-224401
dp[45][17897]=-225138
dp[46][17897]=-225856
dp[47][17897]=-226543
dp[48][17897]=-227226
dp[49][17897]=-227858
dp[50][17897]=-228475
dp[51][17897]=-229064
dp[52][17897]=-229637
dp[53][17897]=-230211
dp[54][17897]=-230770
dp[55][17897]=-231321
dp[56][17897]=-231870
dp[57][17897]=-232406
dp[58][17897]=-232942
dp[59][17897]=-233437
dp[60][17897]=-233917
dp[61][17897]=-234389
dp[62][17897]=-234846
dp[63][17897]=-235255
dp[64][17897]=-235641
dp[65][17897]=-236003
dp[66][17897]=-236364
dp[67][17897]=-236706
dp[68][17897]=-237026
dp[69][17897]=-237277
dp[70][17897]=-236638
Select best dp
Best k=69
Stratifying 7-th numerical feature ...
dp[2][17897]=-59216.6
dp[3][17897]=-91726.6
dp[4][17897]=-113749
dp[5][17897]=-129331
dp[6][17897]=-141343
dp[7][17897]=-150880
dp[8][17897]=-158261
dp[9][17897]=-165483
dp[10][17897]=-170924
dp[11][17897]=-175751
dp[12][17897]=-180077
dp[13][17897]=-183951
dp[14][17897]=-187504
dp[15][17897]=-190673
dp[16][17897]=-193469
dp[17][17897]=-196101
dp[18][17897]=-198728
dp[19][17897]=-201168
dp[20][17897]=-203533
dp[21][17897]=-205589
dp[22][17897]=-207495
dp[23][17897]=-209297
dp[24][17897]=-211075
dp[25][17897]=-212822
dp[26][17897]=-214478
dp[27][17897]=-216066
dp[28][17897]=-217594
dp[29][17897]=-219102
dp[30][17897]=-220452
dp[31][17897]=-221713
dp[32][17897]=-222920
dp[33][17897]=-224103
dp[34][17897]=-225200
dp[35][17897]=-226235
dp[36][17897]=-227270
dp[37][17897]=-228296
dp[38][17897]=-229261
dp[39][17897]=-230199
dp[40][17897]=-231113
dp[41][17897]=-231969
dp[42][17897]=-232785
dp[43][17897]=-233594
dp[44][17897]=-234327
dp[45][17897]=-235056
dp[46][17897]=-235774
dp[47][17897]=-236475
dp[48][17897]=-237161
dp[49][17897]=-237800
dp[50][17897]=-238435
dp[51][17897]=-239069
dp[52][17897]=-239689
dp[53][17897]=-240307
dp[54][17897]=-240900
dp[55][17897]=-241479
dp[56][17897]=-242052
dp[57][17897]=-242585
dp[58][17897]=-243084
dp[59][17897]=-243581
dp[60][17897]=-244074
dp[61][17897]=-244543
dp[62][17897]=-244991
dp[63][17897]=-245414
dp[64][17897]=-245834
dp[65][17897]=-246243
dp[66][17897]=-246616
dp[67][17897]=-246973
dp[68][17897]=-247267
dp[69][17897]=-247542
dp[70][17897]=-247495
Select best dp
Best k=69
Stratifying 8-th numerical feature ...
dp[2][17897]=-61022.6
dp[3][17897]=-96165.1
dp[4][17897]=-119179
dp[5][17897]=-135126
dp[6][17897]=-146404
dp[7][17897]=-155989
dp[8][17897]=-163961
dp[9][17897]=-171268
dp[10][17897]=-176890
dp[11][17897]=-181655
dp[12][17897]=-185803
dp[13][17897]=-189677
dp[14][17897]=-193391
dp[15][17897]=-196343
dp[16][17897]=-199245
dp[17][17897]=-201928
dp[18][17897]=-204347
dp[19][17897]=-206514
dp[20][17897]=-208674
dp[21][17897]=-210816
dp[22][17897]=-212702
dp[23][17897]=-214507
dp[24][17897]=-216081
dp[25][17897]=-217645
dp[26][17897]=-219178
dp[27][17897]=-220692
dp[28][17897]=-222188
dp[29][17897]=-223546
dp[30][17897]=-224794
dp[31][17897]=-226040
dp[32][17897]=-227252
dp[33][17897]=-228338
dp[34][17897]=-229401
dp[35][17897]=-230454
dp[36][17897]=-231467
dp[37][17897]=-232431
dp[38][17897]=-233314
dp[39][17897]=-234164
dp[40][17897]=-235011
dp[41][17897]=-235833
dp[42][17897]=-236637
dp[43][17897]=-237407
dp[44][17897]=-238158
dp[45][17897]=-238867
dp[46][17897]=-239575
dp[47][17897]=-240238
dp[48][17897]=-240896
dp[49][17897]=-241553
dp[50][17897]=-242196
dp[51][17897]=-242805
dp[52][17897]=-243407
dp[53][17897]=-244004
dp[54][17897]=-244544
dp[55][17897]=-245082
dp[56][17897]=-245619
dp[57][17897]=-246152
dp[58][17897]=-246678
dp[59][17897]=-247182
dp[60][17897]=-247677
dp[61][17897]=-248158
dp[62][17897]=-248637
dp[63][17897]=-249106
dp[64][17897]=-249546
dp[65][17897]=-249974
dp[66][17897]=-250397
dp[67][17897]=-250771
dp[68][17897]=-251122
dp[69][17897]=-251331
dp[70][17897]=-250854
Select best dp
Best k=69
