Standardize ...
Stratifying 1-th numerical feature ...
dp[2][838]=-702.007
dp[3][838]=-1162.46
dp[4][838]=-1427.26
dp[5][838]=-1649.93
dp[6][838]=-1755.67
dp[7][838]=-1847.5
dp[8][838]=-1912.25
dp[9][838]=-1932.4
dp[10][838]=-1938.33
dp[11][838]=-1941.6
dp[12][838]=-1921.82
dp[13][838]=-1884.75
dp[14][838]=-1843.68
dp[15][838]=-1799.75
dp[16][838]=-1742.2
dp[17][838]=-1671.01
dp[18][838]=-1598.44
dp[19][838]=-1512.06
dp[20][838]=-1423.05
dp[21][838]=-1333.67
dp[22][838]=-1240.19
dp[23][838]=-1145.46
dp[24][838]=-1050.6
dp[25][838]=-943.661
dp[26][838]=-824.52
dp[27][838]=-700.109
dp[28][838]=-570.21
Select best dp
Best k=11
