Standardize ...
Stratifying 1-th numerical feature ...
dp[2][309]=-252.266
dp[3][309]=-393.555
dp[4][309]=-498.099
dp[5][309]=-563.936
dp[6][309]=-611.882
dp[7][309]=-652.356
dp[8][309]=-672.602
dp[9][309]=-681.468
dp[10][309]=-680.236
dp[11][309]=-674.539
dp[12][309]=-666.898
dp[13][309]=-656.675
dp[14][309]=-643.891
dp[15][309]=-621.96
dp[16][309]=-589.065
dp[17][309]=-493.35
Select best dp
Best k=9
Stratifying 2-th numerical feature ...
dp[2][309]=-172.761
dp[3][309]=-367.185
dp[4][309]=-530.688
dp[5][309]=-608.399
dp[6][309]=-676.644
dp[7][309]=-710.32
dp[8][309]=-722.664
dp[9][309]=-726.095
dp[10][309]=-723.313
dp[11][309]=-717.463
dp[12][309]=-704.429
dp[13][309]=-689.739
dp[14][309]=-669.492
dp[15][309]=-647.041
dp[16][309]=-607.878
dp[17][309]=-558.6
Select best dp
Best k=9
Stratifying 3-th numerical feature ...
dp[2][309]=-228.173
dp[3][309]=-392.32
dp[4][309]=-520.645
dp[5][309]=-601.849
dp[6][309]=-656.143
dp[7][309]=-681.901
dp[8][309]=-703.501
dp[9][309]=-715.597
dp[10][309]=-723.466
dp[11][309]=-729.307
dp[12][309]=-720.83
dp[13][309]=-699.997
dp[14][309]=-667.833
dp[15][309]=-631.975
dp[16][309]=-593.58
dp[17][309]=-505.62
Select best dp
Best k=11
Stratifying 4-th numerical feature ...
dp[2][309]=-193.73
dp[3][309]=-343.899
dp[4][309]=-460.273
dp[5][309]=-553.892
dp[6][309]=-616.373
dp[7][309]=-645.533
dp[8][309]=-661.609
dp[9][309]=-670.123
dp[10][309]=-678.502
dp[11][309]=-678.994
dp[12][309]=-668.263
dp[13][309]=-653.292
dp[14][309]=-637.346
dp[15][309]=-614.286
dp[16][309]=-567.858
dp[17][309]=-498.703
Select best dp
Best k=11
Stratifying 5-th numerical feature ...
dp[2][309]=-124.492
dp[3][309]=-346.946
dp[4][309]=-463.539
dp[5][309]=-552.851
dp[6][309]=-604.573
dp[7][309]=-636.828
dp[8][309]=-656.643
dp[9][309]=-669.941
dp[10][309]=-675.667
dp[11][309]=-666.049
dp[12][309]=-656.046
dp[13][309]=-639.78
dp[14][309]=-612.355
dp[15][309]=-584.276
dp[16][309]=-554.205
dp[17][309]=-516.352
Select best dp
Best k=10
Stratifying 6-th numerical feature ...
dp[2][309]=-493.232
dp[3][309]=-670.272
dp[4][309]=-766.315
dp[5][309]=-859.177
dp[6][309]=-926.805
dp[7][309]=-953.998
dp[8][309]=-979.07
dp[9][309]=-1004.15
dp[10][309]=-1020.16
dp[11][309]=-1025.9
dp[12][309]=-1020.6
dp[13][309]=-1005.81
dp[14][309]=-982.465
dp[15][309]=-943.104
dp[16][309]=-902.338
dp[17][309]=-859.769
Select best dp
Best k=11
