Standardize ...
Stratifying 1-th numerical feature ...
dp[2][747]=-1480.27
dp[3][747]=-1.6e+12
dp[4][747]=-1.6e+12
dp[5][747]=-3.02e+12
dp[6][747]=-3.02e+12
dp[7][747]=-3.86e+12
dp[8][747]=-3.86e+12
dp[9][747]=-4.49e+12
dp[10][747]=-4.49e+12
dp[11][747]=-4.9e+12
dp[12][747]=-4.9e+12
dp[13][747]=-5.16e+12
dp[14][747]=-5.16e+12
dp[15][747]=-5.16e+12
dp[16][747]=-5.16e+12
dp[17][747]=-5.16e+12
dp[18][747]=-5.16e+12
dp[19][747]=-5.16e+12
dp[20][747]=-5.16e+12
dp[21][747]=-5.16e+12
dp[22][747]=-5.16e+12
dp[23][747]=-5.16e+12
dp[24][747]=-5.16e+12
dp[25][747]=-5.11e+12
dp[26][747]=-5.05e+12
dp[27][747]=-4.78e+12
Select best dp
Best k=13
Stratifying 2-th numerical feature ...
dp[2][747]=-1.58e+12
dp[3][747]=-2.7e+12
dp[4][747]=-3.57e+12
dp[5][747]=-4.19e+12
dp[6][747]=-4.81e+12
dp[7][747]=-5.33e+12
dp[8][747]=-5.76e+12
dp[9][747]=-6.07e+12
dp[10][747]=-6.07e+12
dp[11][747]=-6.07e+12
dp[12][747]=-6.07e+12
dp[13][747]=-6.07e+12
dp[14][747]=-6.07e+12
dp[15][747]=-6.07e+12
dp[16][747]=-6.07e+12
dp[17][747]=-6.07e+12
dp[18][747]=-6.07e+12
dp[19][747]=-6.07e+12
dp[20][747]=-6.07e+12
dp[21][747]=-6.07e+12
dp[22][747]=-6.07e+12
dp[23][747]=-6.07e+12
dp[24][747]=-6.07e+12
dp[25][747]=-5.8e+12
dp[26][747]=-5.53e+12
dp[27][747]=-4.99e+12
Select best dp
Best k=13
Stratifying 3-th numerical feature ...
dp[2][747]=-1.58e+12
dp[3][747]=-2.7e+12
dp[4][747]=-3.57e+12
dp[5][747]=-4.19e+12
dp[6][747]=-4.81e+12
dp[7][747]=-5.33e+12
dp[8][747]=-5.76e+12
dp[9][747]=-6.07e+12
dp[10][747]=-6.07e+12
dp[11][747]=-6.07e+12
dp[12][747]=-6.07e+12
dp[13][747]=-6.07e+12
dp[14][747]=-6.07e+12
dp[15][747]=-6.07e+12
dp[16][747]=-6.07e+12
dp[17][747]=-6.07e+12
dp[18][747]=-6.07e+12
dp[19][747]=-6.07e+12
dp[20][747]=-6.07e+12
dp[21][747]=-6.07e+12
dp[22][747]=-6.07e+12
dp[23][747]=-6.07e+12
dp[24][747]=-6.07e+12
dp[25][747]=-5.8e+12
dp[26][747]=-5.53e+12
dp[27][747]=-4.99e+12
Select best dp
Best k=13
Stratifying 4-th numerical feature ...
dp[2][747]=-3.6e+11
dp[3][747]=-5.7e+11
dp[4][747]=-8.7e+11
dp[5][747]=-1.08e+12
dp[6][747]=-1.23e+12
dp[7][747]=-1.44e+12
dp[8][747]=-1.58e+12
dp[9][747]=-1.79e+12
dp[10][747]=-1.89e+12
dp[11][747]=-2.09e+12
dp[12][747]=-2.19e+12
dp[13][747]=-2.29e+12
dp[14][747]=-2.39e+12
dp[15][747]=-2.39e+12
dp[16][747]=-2.39e+12
dp[17][747]=-2.39e+12
dp[18][747]=-2.39e+12
dp[19][747]=-2.39e+12
dp[20][747]=-2.39e+12
dp[21][747]=-2.39e+12
dp[22][747]=-2.39e+12
dp[23][747]=-2.39e+12
dp[24][747]=-2.29e+12
dp[25][747]=-2.19e+12
dp[26][747]=-2.06e+12
dp[27][747]=-1.76e+12
Select best dp
Best k=22
