Standardize ...
Stratifying 1-th numerical feature ...
dp[2][3809]=-8913.05
dp[3][3809]=-14358.2
dp[4][3809]=-18195.3
dp[5][3809]=-21362.5
dp[6][3809]=-23752.3
dp[7][3809]=-25920.6
dp[8][3809]=-27906.6
dp[9][3809]=-29602.2
dp[10][3809]=-30985.1
dp[11][3809]=-32297.3
dp[12][3809]=-33462.1
dp[13][3809]=-34483.2
dp[14][3809]=-35405.9
dp[15][3809]=-36240.9
dp[16][3809]=-37014.1
dp[17][3809]=-37683.7
dp[18][3809]=-38291.5
dp[19][3809]=-38882.2
dp[20][3809]=-39454.6
dp[21][3809]=-40021.6
dp[22][3809]=-40483.5
dp[23][3809]=-40920.2
dp[24][3809]=-41278
dp[25][3809]=-41618.2
dp[26][3809]=-41957.9
dp[27][3809]=-42292.2
dp[28][3809]=-42570.4
dp[29][3809]=-42838.5
dp[30][3809]=-43093.7
dp[31][3809]=-43339.4
dp[32][3809]=-43566.6
dp[33][3809]=-43786.4
dp[34][3809]=-43980.6
dp[35][3809]=-44152.9
dp[36][3809]=-44315.8
dp[37][3809]=-44474.1
dp[38][3809]=-44629.9
dp[39][3809]=-44769.4
dp[40][3809]=-44904.9
dp[41][3809]=-45039.3
dp[42][3809]=-45172.9
dp[43][3809]=-45298
dp[44][3809]=-45412.5
dp[45][3809]=-45524.1
dp[46][3809]=-45625.3
dp[47][3809]=-45710.7
dp[48][3809]=-45785.5
dp[49][3809]=-45855.7
dp[50][3809]=-45919.6
dp[51][3809]=-45981.1
dp[52][3809]=-46036.9
dp[53][3809]=-46085.8
dp[54][3809]=-46128.3
dp[55][3809]=-46159.7
dp[56][3809]=-46177.3
dp[57][3809]=-46189
dp[58][3809]=-46182.8
dp[59][3809]=-46148
dp[60][3809]=-46069.5
dp[61][3809]=-45966.9
Select best dp
Best k=57
Stratifying 2-th numerical feature ...
dp[2][3809]=-9150.42
dp[3][3809]=-13646.4
dp[4][3809]=-16686.2
dp[5][3809]=-19037.3
dp[6][3809]=-20890.1
dp[7][3809]=-22357.5
dp[8][3809]=-23574.1
dp[9][3809]=-24642.6
dp[10][3809]=-25535.7
dp[11][3809]=-26283.7
dp[12][3809]=-27028.1
dp[13][3809]=-27602.7
dp[14][3809]=-28130.6
dp[15][3809]=-28656.8
dp[16][3809]=-29124.2
dp[17][3809]=-29520.3
dp[18][3809]=-29906.8
dp[19][3809]=-30263.2
dp[20][3809]=-30607.7
dp[21][3809]=-30932.7
dp[22][3809]=-31209.7
dp[23][3809]=-31473.8
dp[24][3809]=-31689
dp[25][3809]=-31897.5
dp[26][3809]=-32102.4
dp[27][3809]=-32266.2
dp[28][3809]=-32429.4
dp[29][3809]=-32591.1
dp[30][3809]=-32745.7
dp[31][3809]=-32896.9
dp[32][3809]=-33047.1
dp[33][3809]=-33179.9
dp[34][3809]=-33306.5
dp[35][3809]=-33427.9
dp[36][3809]=-33548.9
dp[37][3809]=-33666.9
dp[38][3809]=-33775.8
dp[39][3809]=-33875.8
dp[40][3809]=-33971.9
dp[41][3809]=-34063.2
dp[42][3809]=-34151.1
dp[43][3809]=-34238.4
dp[44][3809]=-34309.1
dp[45][3809]=-34375.8
dp[46][3809]=-34441
dp[47][3809]=-34501.8
dp[48][3809]=-34555.1
dp[49][3809]=-34606.1
dp[50][3809]=-34652
dp[51][3809]=-34697.4
dp[52][3809]=-34726.5
dp[53][3809]=-34751.7
dp[54][3809]=-34770.8
dp[55][3809]=-34785.2
dp[56][3809]=-34793
dp[57][3809]=-34791.7
dp[58][3809]=-34788.5
dp[59][3809]=-34773.3
dp[60][3809]=-34703.6
dp[61][3809]=-34535.1
Select best dp
Best k=56
Stratifying 3-th numerical feature ...
dp[2][3809]=-5243.16
dp[3][3809]=-7489.37
dp[4][3809]=-9455.14
dp[5][3809]=-10908
dp[6][3809]=-12168.4
dp[7][3809]=-13223.8
dp[8][3809]=-14146.4
dp[9][3809]=-14997.7
dp[10][3809]=-15726.2
dp[11][3809]=-16329.7
dp[12][3809]=-16893.2
dp[13][3809]=-17438.9
dp[14][3809]=-17898
dp[15][3809]=-18319.1
dp[16][3809]=-18690.9
dp[17][3809]=-19052.7
dp[18][3809]=-19398.2
dp[19][3809]=-19711.7
dp[20][3809]=-19983.6
dp[21][3809]=-20239.5
dp[22][3809]=-20480.5
dp[23][3809]=-20713.1
dp[24][3809]=-20943.9
dp[25][3809]=-21144.6
dp[26][3809]=-21338
dp[27][3809]=-21529.5
dp[28][3809]=-21696.1
dp[29][3809]=-21845.7
dp[30][3809]=-21988.2
dp[31][3809]=-22129.8
dp[32][3809]=-22259.4
dp[33][3809]=-22378.2
dp[34][3809]=-22492.4
dp[35][3809]=-22602
dp[36][3809]=-22703.4
dp[37][3809]=-22804
dp[38][3809]=-22897.3
dp[39][3809]=-22990.1
dp[40][3809]=-23079.9
dp[41][3809]=-23156.7
dp[42][3809]=-23232.3
dp[43][3809]=-23307.4
dp[44][3809]=-23380.3
dp[45][3809]=-23439
dp[46][3809]=-23495
dp[47][3809]=-23544.1
dp[48][3809]=-23592
dp[49][3809]=-23636.3
dp[50][3809]=-23679.7
dp[51][3809]=-23715.3
dp[52][3809]=-23742.3
dp[53][3809]=-23768.9
dp[54][3809]=-23793.2
dp[55][3809]=-23810
dp[56][3809]=-23821.2
dp[57][3809]=-23830
dp[58][3809]=-23835.9
dp[59][3809]=-23823.9
dp[60][3809]=-23751.3
dp[61][3809]=-23642.4
Select best dp
Best k=58
Stratifying 4-th numerical feature ...
dp[2][3809]=-3362.62
dp[3][3809]=-6246.11
dp[4][3809]=-8368.63
dp[5][3809]=-9938.21
dp[6][3809]=-11325.2
dp[7][3809]=-12472.5
dp[8][3809]=-13377.8
dp[9][3809]=-14197.5
dp[10][3809]=-14935.8
dp[11][3809]=-15624
dp[12][3809]=-16170.6
dp[13][3809]=-16664.9
dp[14][3809]=-17149.8
dp[15][3809]=-17550.6
dp[16][3809]=-17949
dp[17][3809]=-18338.1
dp[18][3809]=-18672.2
dp[19][3809]=-18982.8
dp[20][3809]=-19287.6
dp[21][3809]=-19557.6
dp[22][3809]=-19798.1
dp[23][3809]=-20030.2
dp[24][3809]=-20259.4
dp[25][3809]=-20479.8
dp[26][3809]=-20677.6
dp[27][3809]=-20858.2
dp[28][3809]=-21035.7
dp[29][3809]=-21209.9
dp[30][3809]=-21370.5
dp[31][3809]=-21526.4
dp[32][3809]=-21662.2
dp[33][3809]=-21794.7
dp[34][3809]=-21913.7
dp[35][3809]=-22022.2
dp[36][3809]=-22125.6
dp[37][3809]=-22228.3
dp[38][3809]=-22328.3
dp[39][3809]=-22423.3
dp[40][3809]=-22516.5
dp[41][3809]=-22605.8
dp[42][3809]=-22687.3
dp[43][3809]=-22753.2
dp[44][3809]=-22812.7
dp[45][3809]=-22872
dp[46][3809]=-22928.9
dp[47][3809]=-22977.5
dp[48][3809]=-23025.3
dp[49][3809]=-23071.5
dp[50][3809]=-23113.9
dp[51][3809]=-23148.3
dp[52][3809]=-23174.6
dp[53][3809]=-23199.4
dp[54][3809]=-23218.2
dp[55][3809]=-23224.8
dp[56][3809]=-23230.2
dp[57][3809]=-23232.1
dp[58][3809]=-23231
dp[59][3809]=-23208.9
dp[60][3809]=-23163.3
dp[61][3809]=-23076.7
Select best dp
Best k=57
Stratifying 5-th numerical feature ...
dp[2][3809]=-4238.1
dp[3][3809]=-6730.18
dp[4][3809]=-8763.22
dp[5][3809]=-10294.9
dp[6][3809]=-11560.5
dp[7][3809]=-12618.3
dp[8][3809]=-13557.7
dp[9][3809]=-14344.6
dp[10][3809]=-15058.4
dp[11][3809]=-15752.6
dp[12][3809]=-16303.8
dp[13][3809]=-16813.6
dp[14][3809]=-17269.3
dp[15][3809]=-17716.7
dp[16][3809]=-18084.3
dp[17][3809]=-18447.6
dp[18][3809]=-18772.1
dp[19][3809]=-19095.7
dp[20][3809]=-19394.3
dp[21][3809]=-19667.6
dp[22][3809]=-19917.4
dp[23][3809]=-20158
dp[24][3809]=-20393
dp[25][3809]=-20597
dp[26][3809]=-20791.6
dp[27][3809]=-20978.9
dp[28][3809]=-21135.5
dp[29][3809]=-21289.8
dp[30][3809]=-21442.9
dp[31][3809]=-21595.7
dp[32][3809]=-21740
dp[33][3809]=-21872.9
dp[34][3809]=-21998.1
dp[35][3809]=-22113.9
dp[36][3809]=-22223.8
dp[37][3809]=-22320
dp[38][3809]=-22412.9
dp[39][3809]=-22505.5
dp[40][3809]=-22597.7
dp[41][3809]=-22678.2
dp[42][3809]=-22756.4
dp[43][3809]=-22824.8
dp[44][3809]=-22889.6
dp[45][3809]=-22953.3
dp[46][3809]=-23016.6
dp[47][3809]=-23078.5
dp[48][3809]=-23119.4
dp[49][3809]=-23160.1
dp[50][3809]=-23199.5
dp[51][3809]=-23235.9
dp[52][3809]=-23272.2
dp[53][3809]=-23303.9
dp[54][3809]=-23334.9
dp[55][3809]=-23356.7
dp[56][3809]=-23367.2
dp[57][3809]=-23366.8
dp[58][3809]=-23354.3
dp[59][3809]=-23324.8
dp[60][3809]=-23271.8
dp[61][3809]=-23170.2
Select best dp
Best k=56
Stratifying 6-th numerical feature ...
dp[2][3809]=-8946.99
dp[3][3809]=-14087.1
dp[4][3809]=-17633.6
dp[5][3809]=-20521.3
dp[6][3809]=-22662
dp[7][3809]=-24631.8
dp[8][3809]=-26375.7
dp[9][3809]=-27791.1
dp[10][3809]=-29043.7
dp[11][3809]=-30135.9
dp[12][3809]=-31161.4
dp[13][3809]=-32049.7
dp[14][3809]=-32797.7
dp[15][3809]=-33533.5
dp[16][3809]=-34166.7
dp[17][3809]=-34770.2
dp[18][3809]=-35337.3
dp[19][3809]=-35845.7
dp[20][3809]=-36341.9
dp[21][3809]=-36803.1
dp[22][3809]=-37172.6
dp[23][3809]=-37506.2
dp[24][3809]=-37826.4
dp[25][3809]=-38119.3
dp[26][3809]=-38401.5
dp[27][3809]=-38663.8
dp[28][3809]=-38895.6
dp[29][3809]=-39122
dp[30][3809]=-39348
dp[31][3809]=-39568.7
dp[32][3809]=-39773.9
dp[33][3809]=-39957.9
dp[34][3809]=-40137.8
dp[35][3809]=-40313
dp[36][3809]=-40481.9
dp[37][3809]=-40634.9
dp[38][3809]=-40775.4
dp[39][3809]=-40915.5
dp[40][3809]=-41051.8
dp[41][3809]=-41168.2
dp[42][3809]=-41276.1
dp[43][3809]=-41367.7
dp[44][3809]=-41454
dp[45][3809]=-41540.2
dp[46][3809]=-41626.2
dp[47][3809]=-41699.4
dp[48][3809]=-41767.2
dp[49][3809]=-41833.5
dp[50][3809]=-41893.2
dp[51][3809]=-41949.8
dp[52][3809]=-42002.1
dp[53][3809]=-42043
dp[54][3809]=-42074.8
dp[55][3809]=-42106
dp[56][3809]=-42135.9
dp[57][3809]=-42129.8
dp[58][3809]=-42112.3
dp[59][3809]=-42087
dp[60][3809]=-42027.2
dp[61][3809]=-41909.2
Select best dp
Best k=56
Stratifying 7-th numerical feature ...
dp[2][3809]=-5289.46
dp[3][3809]=-7860.95
dp[4][3809]=-9967.85
dp[5][3809]=-11478.9
dp[6][3809]=-12702
dp[7][3809]=-13716.5
dp[8][3809]=-14665.6
dp[9][3809]=-15380.2
dp[10][3809]=-16071.1
dp[11][3809]=-16690.5
dp[12][3809]=-17281.4
dp[13][3809]=-17791.8
dp[14][3809]=-18231.3
dp[15][3809]=-18648.7
dp[16][3809]=-19057.1
dp[17][3809]=-19403.4
dp[18][3809]=-19736.5
dp[19][3809]=-20007.6
dp[20][3809]=-20259.8
dp[21][3809]=-20503.5
dp[22][3809]=-20744
dp[23][3809]=-20979.3
dp[24][3809]=-21205.8
dp[25][3809]=-21423.5
dp[26][3809]=-21639.3
dp[27][3809]=-21839.2
dp[28][3809]=-22029.1
dp[29][3809]=-22213.1
dp[30][3809]=-22376.3
dp[31][3809]=-22520.1
dp[32][3809]=-22653
dp[33][3809]=-22783.2
dp[34][3809]=-22909.5
dp[35][3809]=-23016.3
dp[36][3809]=-23122.4
dp[37][3809]=-23218.9
dp[38][3809]=-23315.2
dp[39][3809]=-23410.3
dp[40][3809]=-23503.8
dp[41][3809]=-23585.4
dp[42][3809]=-23651
dp[43][3809]=-23709.9
dp[44][3809]=-23765
dp[45][3809]=-23819.9
dp[46][3809]=-23873.5
dp[47][3809]=-23926.2
dp[48][3809]=-23976.5
dp[49][3809]=-24019.4
dp[50][3809]=-24052.8
dp[51][3809]=-24081.8
dp[52][3809]=-24107.6
dp[53][3809]=-24132.3
dp[54][3809]=-24150.4
dp[55][3809]=-24158.7
dp[56][3809]=-24166.8
dp[57][3809]=-24170.4
dp[58][3809]=-24169.8
dp[59][3809]=-24130.3
dp[60][3809]=-24084.6
dp[61][3809]=-24024.1
Select best dp
Best k=57
