Standardize ...
Stratifying 1-th numerical feature ...
dp[2][13610]=-42155.9
dp[3][13610]=-62709.1
dp[4][13610]=-80982.7
dp[5][13610]=-94579.1
dp[6][13610]=-104383
dp[7][13610]=-112570
dp[8][13610]=-119004
dp[9][13610]=-124727
dp[10][13610]=-129923
dp[11][13610]=-134501
dp[12][13610]=-138533
dp[13][13610]=-141986
dp[14][13610]=-145150
dp[15][13610]=-148096
dp[16][13610]=-150893
dp[17][13610]=-153432
dp[18][13610]=-155675
dp[19][13610]=-157854
dp[20][13610]=-159928
dp[21][13610]=-161793
dp[22][13610]=-163619
dp[23][13610]=-165437
dp[24][13610]=-167212
dp[25][13610]=-168851
dp[26][13610]=-170269
dp[27][13610]=-171655
dp[28][13610]=-172954
dp[29][13610]=-174231
dp[30][13610]=-175417
dp[31][13610]=-176601
dp[32][13610]=-177700
dp[33][13610]=-178732
dp[34][13610]=-179703
dp[35][13610]=-180628
dp[36][13610]=-181545
dp[37][13610]=-182434
dp[38][13610]=-183287
dp[39][13610]=-184116
dp[40][13610]=-184916
dp[41][13610]=-185647
dp[42][13610]=-186357
dp[43][13610]=-187055
dp[44][13610]=-187742
dp[45][13610]=-188425
dp[46][13610]=-189097
dp[47][13610]=-189768
dp[48][13610]=-190409
dp[49][13610]=-191017
dp[50][13610]=-191584
dp[51][13610]=-192142
dp[52][13610]=-192671
dp[53][13610]=-193182
dp[54][13610]=-193677
dp[55][13610]=-194166
dp[56][13610]=-194631
dp[57][13610]=-195086
dp[58][13610]=-195535
dp[59][13610]=-195980
dp[60][13610]=-196372
dp[61][13610]=-196761
dp[62][13610]=-197146
dp[63][13610]=-197498
dp[64][13610]=-197803
dp[65][13610]=-198086
dp[66][13610]=-198313
dp[67][13610]=-198506
dp[68][13610]=-198614
dp[69][13610]=-198663
dp[70][13610]=-198627
Select best dp
Best k=69
Stratifying 2-th numerical feature ...
dp[2][13610]=-39318.3
dp[3][13610]=-58166.3
dp[4][13610]=-75109.8
dp[5][13610]=-87024.8
dp[6][13610]=-96401.1
dp[7][13610]=-103697
dp[8][13610]=-109408
dp[9][13610]=-114283
dp[10][13610]=-118487
dp[11][13610]=-121979
dp[12][13610]=-125204
dp[13][13610]=-127929
dp[14][13610]=-130520
dp[15][13610]=-132733
dp[16][13610]=-134659
dp[17][13610]=-136408
dp[18][13610]=-137952
dp[19][13610]=-139474
dp[20][13610]=-140813
dp[21][13610]=-142082
dp[22][13610]=-143296
dp[23][13610]=-144472
dp[24][13610]=-145502
dp[25][13610]=-146475
dp[26][13610]=-147410
dp[27][13610]=-148297
dp[28][13610]=-149128
dp[29][13610]=-149911
dp[30][13610]=-150643
dp[31][13610]=-151367
dp[32][13610]=-152063
dp[33][13610]=-152735
dp[34][13610]=-153373
dp[35][13610]=-153937
dp[36][13610]=-154468
dp[37][13610]=-154950
dp[38][13610]=-155428
dp[39][13610]=-155882
dp[40][13610]=-156330
dp[41][13610]=-156765
dp[42][13610]=-157188
dp[43][13610]=-157587
dp[44][13610]=-157983
dp[45][13610]=-158332
dp[46][13610]=-158675
dp[47][13610]=-159017
dp[48][13610]=-159337
dp[49][13610]=-159643
dp[50][13610]=-159946
dp[51][13610]=-160241
dp[52][13610]=-160515
dp[53][13610]=-160786
dp[54][13610]=-161054
dp[55][13610]=-161319
dp[56][13610]=-161546
dp[57][13610]=-161769
dp[58][13610]=-161970
dp[59][13610]=-162151
dp[60][13610]=-162308
dp[61][13610]=-162461
dp[62][13610]=-162602
dp[63][13610]=-162727
dp[64][13610]=-162831
dp[65][13610]=-162934
dp[66][13610]=-163006
dp[67][13610]=-163034
dp[68][13610]=-163037
dp[69][13610]=-162931
dp[70][13610]=-162755
Select best dp
Best k=68
Stratifying 3-th numerical feature ...
dp[2][13610]=-39022.2
dp[3][13610]=-55849.3
dp[4][13610]=-71852.5
dp[5][13610]=-80488.9
dp[6][13610]=-87919.2
dp[7][13610]=-93665.8
dp[8][13610]=-97908.5
dp[9][13610]=-101600
dp[10][13610]=-105073
dp[11][13610]=-107947
dp[12][13610]=-110450
dp[13][13610]=-112689
dp[14][13610]=-114652
dp[15][13610]=-116419
dp[16][13610]=-118170
dp[17][13610]=-119647
dp[18][13610]=-121036
dp[19][13610]=-122341
dp[20][13610]=-123565
dp[21][13610]=-124695
dp[22][13610]=-125795
dp[23][13610]=-126741
dp[24][13610]=-127677
dp[25][13610]=-128574
dp[26][13610]=-129457
dp[27][13610]=-130248
dp[28][13610]=-130965
dp[29][13610]=-131660
dp[30][13610]=-132343
dp[31][13610]=-132981
dp[32][13610]=-133587
dp[33][13610]=-134186
dp[34][13610]=-134761
dp[35][13610]=-135314
dp[36][13610]=-135822
dp[37][13610]=-136321
dp[38][13610]=-136797
dp[39][13610]=-137248
dp[40][13610]=-137696
dp[41][13610]=-138111
dp[42][13610]=-138516
dp[43][13610]=-138871
dp[44][13610]=-139209
dp[45][13610]=-139546
dp[46][13610]=-139856
dp[47][13610]=-140148
dp[48][13610]=-140434
dp[49][13610]=-140713
dp[50][13610]=-140976
dp[51][13610]=-141214
dp[52][13610]=-141451
dp[53][13610]=-141678
dp[54][13610]=-141880
dp[55][13610]=-142078
dp[56][13610]=-142277
dp[57][13610]=-142474
dp[58][13610]=-142666
dp[59][13610]=-142836
dp[60][13610]=-143004
dp[61][13610]=-143171
dp[62][13610]=-143321
dp[63][13610]=-143470
dp[64][13610]=-143600
dp[65][13610]=-143717
dp[66][13610]=-143830
dp[67][13610]=-143939
dp[68][13610]=-143947
dp[69][13610]=-143912
dp[70][13610]=-143772
Select best dp
Best k=68
Stratifying 4-th numerical feature ...
dp[2][13610]=-30372
dp[3][13610]=-55720.3
dp[4][13610]=-70043.3
dp[5][13610]=-84201.2
dp[6][13610]=-94693.5
dp[7][13610]=-102994
dp[8][13610]=-110219
dp[9][13610]=-116862
dp[10][13610]=-122428
dp[11][13610]=-127547
dp[12][13610]=-132102
dp[13][13610]=-136101
dp[14][13610]=-139775
dp[15][13610]=-143346
dp[16][13610]=-146189
dp[17][13610]=-148936
dp[18][13610]=-151579
dp[19][13610]=-154010
dp[20][13610]=-156332
dp[21][13610]=-158522
dp[22][13610]=-160694
dp[23][13610]=-162643
dp[24][13610]=-164250
dp[25][13610]=-165835
dp[26][13610]=-167391
dp[27][13610]=-168925
dp[28][13610]=-170322
dp[29][13610]=-171619
dp[30][13610]=-172766
dp[31][13610]=-173884
dp[32][13610]=-174955
dp[33][13610]=-176026
dp[34][13610]=-177084
dp[35][13610]=-178002
dp[36][13610]=-178873
dp[37][13610]=-179726
dp[38][13610]=-180534
dp[39][13610]=-181324
dp[40][13610]=-182071
dp[41][13610]=-182813
dp[42][13610]=-183535
dp[43][13610]=-184211
dp[44][13610]=-184881
dp[45][13610]=-185481
dp[46][13610]=-186063
dp[47][13610]=-186629
dp[48][13610]=-187185
dp[49][13610]=-187727
dp[50][13610]=-188256
dp[51][13610]=-188749
dp[52][13610]=-189224
dp[53][13610]=-189695
dp[54][13610]=-190107
dp[55][13610]=-190458
dp[56][13610]=-190807
dp[57][13610]=-191157
dp[58][13610]=-191496
dp[59][13610]=-191807
dp[60][13610]=-192105
dp[61][13610]=-192395
dp[62][13610]=-192653
dp[63][13610]=-192851
dp[64][13610]=-193048
dp[65][13610]=-193227
dp[66][13610]=-193381
dp[67][13610]=-193517
dp[68][13610]=-193559
dp[69][13610]=-193360
dp[70][13610]=-193086
Select best dp
Best k=68
Stratifying 5-th numerical feature ...
dp[2][13610]=-25882.2
dp[3][13610]=-51908.6
dp[4][13610]=-69275
dp[5][13610]=-82189.2
dp[6][13610]=-92292.4
dp[7][13610]=-100394
dp[8][13610]=-107002
dp[9][13610]=-112777
dp[10][13610]=-117980
dp[11][13610]=-122313
dp[12][13610]=-126326
dp[13][13610]=-130285
dp[14][13610]=-134083
dp[15][13610]=-137331
dp[16][13610]=-140545
dp[17][13610]=-143305
dp[18][13610]=-145968
dp[19][13610]=-148542
dp[20][13610]=-150943
dp[21][13610]=-153082
dp[22][13610]=-155187
dp[23][13610]=-157192
dp[24][13610]=-159143
dp[25][13610]=-160870
dp[26][13610]=-162551
dp[27][13610]=-164159
dp[28][13610]=-165763
dp[29][13610]=-167252
dp[30][13610]=-168580
dp[31][13610]=-169886
dp[32][13610]=-171122
dp[33][13610]=-172301
dp[34][13610]=-173469
dp[35][13610]=-174597
dp[36][13610]=-175663
dp[37][13610]=-176639
dp[38][13610]=-177608
dp[39][13610]=-178546
dp[40][13610]=-179454
dp[41][13610]=-180360
dp[42][13610]=-181265
dp[43][13610]=-182128
dp[44][13610]=-182951
dp[45][13610]=-183739
dp[46][13610]=-184512
dp[47][13610]=-185268
dp[48][13610]=-186021
dp[49][13610]=-186770
dp[50][13610]=-187401
dp[51][13610]=-187997
dp[52][13610]=-188564
dp[53][13610]=-189106
dp[54][13610]=-189623
dp[55][13610]=-190122
dp[56][13610]=-190613
dp[57][13610]=-191097
dp[58][13610]=-191577
dp[59][13610]=-192054
dp[60][13610]=-192512
dp[61][13610]=-192938
dp[62][13610]=-193342
dp[63][13610]=-193695
dp[64][13610]=-194032
dp[65][13610]=-194353
dp[66][13610]=-194611
dp[67][13610]=-194847
dp[68][13610]=-195003
dp[69][13610]=-195092
dp[70][13610]=-194842
Select best dp
Best k=69
Stratifying 6-th numerical feature ...
dp[2][13610]=-26200.3
dp[3][13610]=-53007.1
dp[4][13610]=-70151
dp[5][13610]=-83052
dp[6][13610]=-93185.5
dp[7][13610]=-101297
dp[8][13610]=-107882
dp[9][13610]=-113681
dp[10][13610]=-118884
dp[11][13610]=-123222
dp[12][13610]=-127297
dp[13][13610]=-131240
dp[14][13610]=-135043
dp[15][13610]=-138314
dp[16][13610]=-141560
dp[17][13610]=-144353
dp[18][13610]=-147004
dp[19][13610]=-149583
dp[20][13610]=-151981
dp[21][13610]=-154121
dp[22][13610]=-156209
dp[23][13610]=-158214
dp[24][13610]=-160165
dp[25][13610]=-161892
dp[26][13610]=-163589
dp[27][13610]=-165237
dp[28][13610]=-166839
dp[29][13610]=-168329
dp[30][13610]=-169657
dp[31][13610]=-170964
dp[32][13610]=-172190
dp[33][13610]=-173370
dp[34][13610]=-174537
dp[35][13610]=-175673
dp[36][13610]=-176739
dp[37][13610]=-177714
dp[38][13610]=-178684
dp[39][13610]=-179623
dp[40][13610]=-180531
dp[41][13610]=-181437
dp[42][13610]=-182331
dp[43][13610]=-183195
dp[44][13610]=-184020
dp[45][13610]=-184807
dp[46][13610]=-185581
dp[47][13610]=-186351
dp[48][13610]=-187106
dp[49][13610]=-187856
dp[50][13610]=-188488
dp[51][13610]=-189084
dp[52][13610]=-189650
dp[53][13610]=-190193
dp[54][13610]=-190713
dp[55][13610]=-191211
dp[56][13610]=-191702
dp[57][13610]=-192186
dp[58][13610]=-192666
dp[59][13610]=-193143
dp[60][13610]=-193601
dp[61][13610]=-194027
dp[62][13610]=-194431
dp[63][13610]=-194784
dp[64][13610]=-195121
dp[65][13610]=-195443
dp[66][13610]=-195701
dp[67][13610]=-195936
dp[68][13610]=-196093
dp[69][13610]=-196184
dp[70][13610]=-195929
Select best dp
Best k=69
Stratifying 7-th numerical feature ...
dp[2][13610]=-42226.5
dp[3][13610]=-62758
dp[4][13610]=-81013.5
dp[5][13610]=-94612.3
dp[6][13610]=-104433
dp[7][13610]=-112609
dp[8][13610]=-119059
dp[9][13610]=-124764
dp[10][13610]=-129961
dp[11][13610]=-134567
dp[12][13610]=-138618
dp[13][13610]=-142044
dp[14][13610]=-145199
dp[15][13610]=-148138
dp[16][13610]=-150906
dp[17][13610]=-153381
dp[18][13610]=-155655
dp[19][13610]=-157861
dp[20][13610]=-159875
dp[21][13610]=-161720
dp[22][13610]=-163540
dp[23][13610]=-165325
dp[24][13610]=-167064
dp[25][13610]=-168701
dp[26][13610]=-170162
dp[27][13610]=-171475
dp[28][13610]=-172718
dp[29][13610]=-173951
dp[30][13610]=-175133
dp[31][13610]=-176280
dp[32][13610]=-177326
dp[33][13610]=-178309
dp[34][13610]=-179272
dp[35][13610]=-180174
dp[36][13610]=-181047
dp[37][13610]=-181906
dp[38][13610]=-182742
dp[39][13610]=-183549
dp[40][13610]=-184301
dp[41][13610]=-185033
dp[42][13610]=-185765
dp[43][13610]=-186488
dp[44][13610]=-187163
dp[45][13610]=-187836
dp[46][13610]=-188449
dp[47][13610]=-189055
dp[48][13610]=-189655
dp[49][13610]=-190224
dp[50][13610]=-190746
dp[51][13610]=-191238
dp[52][13610]=-191719
dp[53][13610]=-192198
dp[54][13610]=-192661
dp[55][13610]=-193102
dp[56][13610]=-193514
dp[57][13610]=-193918
dp[58][13610]=-194302
dp[59][13610]=-194680
dp[60][13610]=-195055
dp[61][13610]=-195397
dp[62][13610]=-195714
dp[63][13610]=-196027
dp[64][13610]=-196300
dp[65][13610]=-196546
dp[66][13610]=-196760
dp[67][13610]=-196923
dp[68][13610]=-197025
dp[69][13610]=-196984
dp[70][13610]=-196936
Select best dp
Best k=68
Stratifying 8-th numerical feature ...
dp[2][13610]=-38837.8
dp[3][13610]=-59168
dp[4][13610]=-76429.7
dp[5][13610]=-90052.7
dp[6][13610]=-99872.3
dp[7][13610]=-108065
dp[8][13610]=-114496
dp[9][13610]=-120204
dp[10][13610]=-125392
dp[11][13610]=-129990
dp[12][13610]=-134024
dp[13][13610]=-137484
dp[14][13610]=-140654
dp[15][13610]=-143603
dp[16][13610]=-146405
dp[17][13610]=-148949
dp[18][13610]=-151201
dp[19][13610]=-153383
dp[20][13610]=-155456
dp[21][13610]=-157324
dp[22][13610]=-159153
dp[23][13610]=-160974
dp[24][13610]=-162757
dp[25][13610]=-164397
dp[26][13610]=-165817
dp[27][13610]=-167205
dp[28][13610]=-168507
dp[29][13610]=-169787
dp[30][13610]=-170975
dp[31][13610]=-172163
dp[32][13610]=-173264
dp[33][13610]=-174297
dp[34][13610]=-175271
dp[35][13610]=-176198
dp[36][13610]=-177119
dp[37][13610]=-178008
dp[38][13610]=-178863
dp[39][13610]=-179694
dp[40][13610]=-180495
dp[41][13610]=-181222
dp[42][13610]=-181933
dp[43][13610]=-182633
dp[44][13610]=-183321
dp[45][13610]=-184006
dp[46][13610]=-184679
dp[47][13610]=-185353
dp[48][13610]=-185995
dp[49][13610]=-186605
dp[50][13610]=-187174
dp[51][13610]=-187733
dp[52][13610]=-188264
dp[53][13610]=-188777
dp[54][13610]=-189274
dp[55][13610]=-189763
dp[56][13610]=-190230
dp[57][13610]=-190687
dp[58][13610]=-191137
dp[59][13610]=-191584
dp[60][13610]=-191978
dp[61][13610]=-192368
dp[62][13610]=-192756
dp[63][13610]=-193109
dp[64][13610]=-193415
dp[65][13610]=-193700
dp[66][13610]=-193928
dp[67][13610]=-194123
dp[68][13610]=-194227
dp[69][13610]=-194277
dp[70][13610]=-194243
Select best dp
Best k=69
Stratifying 9-th numerical feature ...
dp[2][13610]=-16775
dp[3][13610]=-26020.3
dp[4][13610]=-33211.2
dp[5][13610]=-39473.6
dp[6][13610]=-44420.9
dp[7][13610]=-48414
dp[8][13610]=-51751.4
dp[9][13610]=-54831.6
dp[10][13610]=-57581.3
dp[11][13610]=-60095.8
dp[12][13610]=-62083.9
dp[13][13610]=-64020.7
dp[14][13610]=-65705.7
dp[15][13610]=-67258.1
dp[16][13610]=-68794.7
dp[17][13610]=-70164.4
dp[18][13610]=-71482.8
dp[19][13610]=-72726
dp[20][13610]=-73800.8
dp[21][13610]=-74867.2
dp[22][13610]=-75808.6
dp[23][13610]=-76747.2
dp[24][13610]=-77594
dp[25][13610]=-78376.6
dp[26][13610]=-79145
dp[27][13610]=-79898.9
dp[28][13610]=-80638.6
dp[29][13610]=-81309
dp[30][13610]=-81945.7
dp[31][13610]=-82565.4
dp[32][13610]=-83134.1
dp[33][13610]=-83693.4
dp[34][13610]=-84227.6
dp[35][13610]=-84709.9
dp[36][13610]=-85151
dp[37][13610]=-85580.9
dp[38][13610]=-85991
dp[39][13610]=-86386.1
dp[40][13610]=-86770.2
dp[41][13610]=-87131.2
dp[42][13610]=-87477.6
dp[43][13610]=-87823.5
dp[44][13610]=-88163.2
dp[45][13610]=-88480.3
dp[46][13610]=-88763.1
dp[47][13610]=-89039
dp[48][13610]=-89303.1
dp[49][13610]=-89563.9
dp[50][13610]=-89817.9
dp[51][13610]=-90062.9
dp[52][13610]=-90298.9
dp[53][13610]=-90524.7
dp[54][13610]=-90735.4
dp[55][13610]=-90937.4
dp[56][13610]=-91136.8
dp[57][13610]=-91328.8
dp[58][13610]=-91507.8
dp[59][13610]=-91680.4
dp[60][13610]=-91829.9
dp[61][13610]=-91976.2
dp[62][13610]=-92107
dp[63][13610]=-92231.1
dp[64][13610]=-92341.2
dp[65][13610]=-92432.4
dp[66][13610]=-92517.2
dp[67][13610]=-92582.7
dp[68][13610]=-92605.6
dp[69][13610]=-92620.8
dp[70][13610]=-92368.9
Select best dp
Best k=69
Stratifying 10-th numerical feature ...
dp[2][13610]=-18215.8
dp[3][13610]=-29369.5
dp[4][13610]=-37336.1
dp[5][13610]=-43513.6
dp[6][13610]=-48244.4
dp[7][13610]=-52658.7
dp[8][13610]=-56173.9
dp[9][13610]=-59037.8
dp[10][13610]=-61872.1
dp[11][13610]=-64126.3
dp[12][13610]=-66305.9
dp[13][13610]=-68200
dp[14][13610]=-69872.9
dp[15][13610]=-71512.2
dp[16][13610]=-73070.2
dp[17][13610]=-74522.2
dp[18][13610]=-75794.4
dp[19][13610]=-77014
dp[20][13610]=-78138.7
dp[21][13610]=-79176.1
dp[22][13610]=-80198.1
dp[23][13610]=-81147.8
dp[24][13610]=-82074.7
dp[25][13610]=-82930.3
dp[26][13610]=-83695.2
dp[27][13610]=-84456.2
dp[28][13610]=-85178.1
dp[29][13610]=-85881.1
dp[30][13610]=-86495.3
dp[31][13610]=-87085.6
dp[32][13610]=-87650.1
dp[33][13610]=-88203.3
dp[34][13610]=-88734.9
dp[35][13610]=-89238.5
dp[36][13610]=-89719.3
dp[37][13610]=-90178.8
dp[38][13610]=-90590.2
dp[39][13610]=-90996.1
dp[40][13610]=-91384.4
dp[41][13610]=-91757.1
dp[42][13610]=-92122.6
dp[43][13610]=-92479.8
dp[44][13610]=-92823.7
dp[45][13610]=-93166.3
dp[46][13610]=-93480.5
dp[47][13610]=-93771.4
dp[48][13610]=-94061.4
dp[49][13610]=-94338
dp[50][13610]=-94613.9
dp[51][13610]=-94862.4
dp[52][13610]=-95099.8
dp[53][13610]=-95330.5
dp[54][13610]=-95550.8
dp[55][13610]=-95759
dp[56][13610]=-95954.2
dp[57][13610]=-96143
dp[58][13610]=-96327
dp[59][13610]=-96497.6
dp[60][13610]=-96654.7
dp[61][13610]=-96797.9
dp[62][13610]=-96938.9
dp[63][13610]=-97056.1
dp[64][13610]=-97168.2
dp[65][13610]=-97267
dp[66][13610]=-97358.7
dp[67][13610]=-97445.9
dp[68][13610]=-97501.9
dp[69][13610]=-97484.6
dp[70][13610]=-97304.5
Select best dp
Best k=68
Stratifying 11-th numerical feature ...
dp[2][13610]=-15736.8
dp[3][13610]=-25638.2
dp[4][13610]=-32990.4
dp[5][13610]=-38819.6
dp[6][13610]=-43183.9
dp[7][13610]=-47094.3
dp[8][13610]=-50439.6
dp[9][13610]=-53462.7
dp[10][13610]=-56203.3
dp[11][13610]=-58514.2
dp[12][13610]=-60676.1
dp[13][13610]=-62663.9
dp[14][13610]=-64482.8
dp[15][13610]=-66067
dp[16][13610]=-67492.3
dp[17][13610]=-68811.9
dp[18][13610]=-70080.5
dp[19][13610]=-71323.7
dp[20][13610]=-72429.9
dp[21][13610]=-73450.4
dp[22][13610]=-74457.7
dp[23][13610]=-75380.9
dp[24][13610]=-76259.5
dp[25][13610]=-77093.2
dp[26][13610]=-77860.7
dp[27][13610]=-78620.8
dp[28][13610]=-79354.9
dp[29][13610]=-80049
dp[30][13610]=-80702.6
dp[31][13610]=-81291.6
dp[32][13610]=-81858.6
dp[33][13610]=-82394
dp[34][13610]=-82923.6
dp[35][13610]=-83447.2
dp[36][13610]=-83952.4
dp[37][13610]=-84400
dp[38][13610]=-84840.7
dp[39][13610]=-85262.6
dp[40][13610]=-85645.3
dp[41][13610]=-86002.6
dp[42][13610]=-86357.5
dp[43][13610]=-86702
dp[44][13610]=-87034.9
dp[45][13610]=-87364.6
dp[46][13610]=-87675.4
dp[47][13610]=-87985.9
dp[48][13610]=-88256.4
dp[49][13610]=-88518
dp[50][13610]=-88771.2
dp[51][13610]=-89017.6
dp[52][13610]=-89262.1
dp[53][13610]=-89492.9
dp[54][13610]=-89719.3
dp[55][13610]=-89932.9
dp[56][13610]=-90144.4
dp[57][13610]=-90340.3
dp[58][13610]=-90518.7
dp[59][13610]=-90694.6
dp[60][13610]=-90853.7
dp[61][13610]=-90986.8
dp[62][13610]=-91118.2
dp[63][13610]=-91227.3
dp[64][13610]=-91327.8
dp[65][13610]=-91424.1
dp[66][13610]=-91504.6
dp[67][13610]=-91563.1
dp[68][13610]=-91579
dp[69][13610]=-91572.4
dp[70][13610]=-91544.8
Select best dp
Best k=68
Stratifying 12-th numerical feature ...
dp[2][13610]=-25270
dp[3][13610]=-51533.8
dp[4][13610]=-68721
dp[5][13610]=-81561.4
dp[6][13610]=-91707.9
dp[7][13610]=-99785.3
dp[8][13610]=-106439
dp[9][13610]=-112126
dp[10][13610]=-117274
dp[11][13610]=-121678
dp[12][13610]=-125691
dp[13][13610]=-129570
dp[14][13610]=-133365
dp[15][13610]=-136655
dp[16][13610]=-139855
dp[17][13610]=-142656
dp[18][13610]=-145295
dp[19][13610]=-147927
dp[20][13610]=-150482
dp[21][13610]=-152559
dp[22][13610]=-154601
dp[23][13610]=-156558
dp[24][13610]=-158457
dp[25][13610]=-160237
dp[26][13610]=-161917
dp[27][13610]=-163526
dp[28][13610]=-165090
dp[29][13610]=-166510
dp[30][13610]=-167837
dp[31][13610]=-169143
dp[32][13610]=-170390
dp[33][13610]=-171620
dp[34][13610]=-172832
dp[35][13610]=-173985
dp[36][13610]=-175039
dp[37][13610]=-176064
dp[38][13610]=-177031
dp[39][13610]=-177979
dp[40][13610]=-178889
dp[41][13610]=-179783
dp[42][13610]=-180642
dp[43][13610]=-181493
dp[44][13610]=-182322
dp[45][13610]=-183094
dp[46][13610]=-183855
dp[47][13610]=-184614
dp[48][13610]=-185326
dp[49][13610]=-186024
dp[50][13610]=-186690
dp[51][13610]=-187351
dp[52][13610]=-187999
dp[53][13610]=-188594
dp[54][13610]=-189154
dp[55][13610]=-189676
dp[56][13610]=-190173
dp[57][13610]=-190669
dp[58][13610]=-191162
dp[59][13610]=-191576
dp[60][13610]=-191976
dp[61][13610]=-192372
dp[62][13610]=-192766
dp[63][13610]=-193134
dp[64][13610]=-193488
dp[65][13610]=-193833
dp[66][13610]=-194149
dp[67][13610]=-194435
dp[68][13610]=-194661
dp[69][13610]=-194795
dp[70][13610]=-194242
Select best dp
Best k=69
Stratifying 13-th numerical feature ...
dp[2][13610]=-30375.6
dp[3][13610]=-55721.7
dp[4][13610]=-70019.7
dp[5][13610]=-84181.1
dp[6][13610]=-94698.2
dp[7][13610]=-102992
dp[8][13610]=-110254
dp[9][13610]=-116714
dp[10][13610]=-122420
dp[11][13610]=-127468
dp[12][13610]=-131990
dp[13][13610]=-136112
dp[14][13610]=-139812
dp[15][13610]=-143270
dp[16][13610]=-146127
dp[17][13610]=-148863
dp[18][13610]=-151492
dp[19][13610]=-153797
dp[20][13610]=-156027
dp[21][13610]=-158217
dp[22][13610]=-160359
dp[23][13610]=-162347
dp[24][13610]=-164005
dp[25][13610]=-165628
dp[26][13610]=-167233
dp[27][13610]=-168718
dp[28][13610]=-170103
dp[29][13610]=-171427
dp[30][13610]=-172546
dp[31][13610]=-173635
dp[32][13610]=-174704
dp[33][13610]=-175754
dp[34][13610]=-176652
dp[35][13610]=-177547
dp[36][13610]=-178434
dp[37][13610]=-179289
dp[38][13610]=-180094
dp[39][13610]=-180884
dp[40][13610]=-181657
dp[41][13610]=-182429
dp[42][13610]=-183160
dp[43][13610]=-183860
dp[44][13610]=-184557
dp[45][13610]=-185130
dp[46][13610]=-185700
dp[47][13610]=-186247
dp[48][13610]=-186791
dp[49][13610]=-187304
dp[50][13610]=-187804
dp[51][13610]=-188295
dp[52][13610]=-188773
dp[53][13610]=-189242
dp[54][13610]=-189636
dp[55][13610]=-190000
dp[56][13610]=-190347
dp[57][13610]=-190692
dp[58][13610]=-191024
dp[59][13610]=-191342
dp[60][13610]=-191634
dp[61][13610]=-191919
dp[62][13610]=-192197
dp[63][13610]=-192434
dp[64][13610]=-192643
dp[65][13610]=-192798
dp[66][13610]=-192949
dp[67][13610]=-193070
dp[68][13610]=-193054
dp[69][13610]=-192851
dp[70][13610]=-192608
Select best dp
Best k=67
Stratifying 14-th numerical feature ...
dp[2][13610]=-18284.8
dp[3][13610]=-28792.8
dp[4][13610]=-35523.2
dp[5][13610]=-40541.2
dp[6][13610]=-44711.5
dp[7][13610]=-48571.9
dp[8][13610]=-52007.3
dp[9][13610]=-54868.3
dp[10][13610]=-57472.1
dp[11][13610]=-59774.4
dp[12][13610]=-62016
dp[13][13610]=-63851.7
dp[14][13610]=-65652.7
dp[15][13610]=-67313.5
dp[16][13610]=-68879.8
dp[17][13610]=-70182.5
dp[18][13610]=-71474.4
dp[19][13610]=-72732.9
dp[20][13610]=-73850.1
dp[21][13610]=-74941.8
dp[22][13610]=-75921.3
dp[23][13610]=-76837.4
dp[24][13610]=-77700.7
dp[25][13610]=-78532.2
dp[26][13610]=-79299.8
dp[27][13610]=-80033.2
dp[28][13610]=-80726.6
dp[29][13610]=-81410.1
dp[30][13610]=-82010.8
dp[31][13610]=-82601.8
dp[32][13610]=-83166.6
dp[33][13610]=-83722.5
dp[34][13610]=-84239.9
dp[35][13610]=-84742.8
dp[36][13610]=-85205.5
dp[37][13610]=-85655.9
dp[38][13610]=-86088.8
dp[39][13610]=-86501.5
dp[40][13610]=-86891.8
dp[41][13610]=-87280.5
dp[42][13610]=-87632.5
dp[43][13610]=-87975
dp[44][13610]=-88300.6
dp[45][13610]=-88620.9
dp[46][13610]=-88928.9
dp[47][13610]=-89231.3
dp[48][13610]=-89522.4
dp[49][13610]=-89796.6
dp[50][13610]=-90057.1
dp[51][13610]=-90315.4
dp[52][13610]=-90543
dp[53][13610]=-90767.1
dp[54][13610]=-90971.3
dp[55][13610]=-91173.7
dp[56][13610]=-91371.3
dp[57][13610]=-91565.8
dp[58][13610]=-91751.4
dp[59][13610]=-91935.7
dp[60][13610]=-92113
dp[61][13610]=-92265.3
dp[62][13610]=-92403.6
dp[63][13610]=-92533.9
dp[64][13610]=-92643.9
dp[65][13610]=-92747
dp[66][13610]=-92840.2
dp[67][13610]=-92920.1
dp[68][13610]=-92973.6
dp[69][13610]=-92957.9
dp[70][13610]=-92890.5
Select best dp
Best k=68
Stratifying 15-th numerical feature ...
dp[2][13610]=-25283.2
dp[3][13610]=-51650.5
dp[4][13610]=-68807.7
dp[5][13610]=-81647.7
dp[6][13610]=-91794.2
dp[7][13610]=-99873.7
dp[8][13610]=-106527
dp[9][13610]=-112217
dp[10][13610]=-117366
dp[11][13610]=-121771
dp[12][13610]=-125789
dp[13][13610]=-129664
dp[14][13610]=-133459
dp[15][13610]=-136749
dp[16][13610]=-139955
dp[17][13610]=-142757
dp[18][13610]=-145393
dp[19][13610]=-148027
dp[20][13610]=-150582
dp[21][13610]=-152659
dp[22][13610]=-154699
dp[23][13610]=-156655
dp[24][13610]=-158555
dp[25][13610]=-160335
dp[26][13610]=-162015
dp[27][13610]=-163628
dp[28][13610]=-165192
dp[29][13610]=-166612
dp[30][13610]=-167940
dp[31][13610]=-169246
dp[32][13610]=-170493
dp[33][13610]=-171720
dp[34][13610]=-172932
dp[35][13610]=-174086
dp[36][13610]=-175140
dp[37][13610]=-176165
dp[38][13610]=-177132
dp[39][13610]=-178080
dp[40][13610]=-178989
dp[41][13610]=-179883
dp[42][13610]=-180742
dp[43][13610]=-181593
dp[44][13610]=-182422
dp[45][13610]=-183194
dp[46][13610]=-183955
dp[47][13610]=-184715
dp[48][13610]=-185427
dp[49][13610]=-186126
dp[50][13610]=-186791
dp[51][13610]=-187452
dp[52][13610]=-188100
dp[53][13610]=-188695
dp[54][13610]=-189255
dp[55][13610]=-189778
dp[56][13610]=-190275
dp[57][13610]=-190770
dp[58][13610]=-191264
dp[59][13610]=-191678
dp[60][13610]=-192078
dp[61][13610]=-192474
dp[62][13610]=-192868
dp[63][13610]=-193236
dp[64][13610]=-193589
dp[65][13610]=-193935
dp[66][13610]=-194251
dp[67][13610]=-194537
dp[68][13610]=-194762
dp[69][13610]=-194897
dp[70][13610]=-194344
Select best dp
Best k=69
Stratifying 16-th numerical feature ...
dp[2][13610]=-21923.3
dp[3][13610]=-33405
dp[4][13610]=-41556.5
dp[5][13610]=-47555.1
dp[6][13610]=-52603.9
dp[7][13610]=-56521.4
dp[8][13610]=-60109.9
dp[9][13610]=-63084
dp[10][13610]=-65833.6
dp[11][13610]=-68284.7
dp[12][13610]=-70403.8
dp[13][13610]=-72314
dp[14][13610]=-74008
dp[15][13610]=-75622.7
dp[16][13610]=-77149
dp[17][13610]=-78561.9
dp[18][13610]=-79792.3
dp[19][13610]=-80944.4
dp[20][13610]=-82090.9
dp[21][13610]=-83176.2
dp[22][13610]=-84257
dp[23][13610]=-85220.9
dp[24][13610]=-86067.6
dp[25][13610]=-86894.8
dp[26][13610]=-87673.7
dp[27][13610]=-88404.6
dp[28][13610]=-89097.9
dp[29][13610]=-89767.6
dp[30][13610]=-90413.1
dp[31][13610]=-91011.7
dp[32][13610]=-91597.8
dp[33][13610]=-92118.2
dp[34][13610]=-92638.4
dp[35][13610]=-93129.4
dp[36][13610]=-93605.2
dp[37][13610]=-94077.7
dp[38][13610]=-94532.9
dp[39][13610]=-94951.4
dp[40][13610]=-95345.7
dp[41][13610]=-95726.8
dp[42][13610]=-96104.8
dp[43][13610]=-96457.2
dp[44][13610]=-96803.5
dp[45][13610]=-97137.7
dp[46][13610]=-97451.3
dp[47][13610]=-97752.4
dp[48][13610]=-98049.9
dp[49][13610]=-98309.2
dp[50][13610]=-98552.7
dp[51][13610]=-98792.2
dp[52][13610]=-99021.2
dp[53][13610]=-99241.6
dp[54][13610]=-99455
dp[55][13610]=-99660
dp[56][13610]=-99862.8
dp[57][13610]=-100055
dp[58][13610]=-100242
dp[59][13610]=-100422
dp[60][13610]=-100588
dp[61][13610]=-100750
dp[62][13610]=-100910
dp[63][13610]=-101064
dp[64][13610]=-101205
dp[65][13610]=-101318
dp[66][13610]=-101408
dp[67][13610]=-101451
dp[68][13610]=-101452
dp[69][13610]=-101404
dp[70][13610]=-101224
Select best dp
Best k=68
