Standardize ...
Stratifying 1-th numerical feature ...
dp[2][1472]=-1640.66
dp[3][1472]=-8e+11
dp[4][1472]=-1.49e+12
dp[5][1472]=-2.1e+12
dp[6][1472]=-2.71e+12
dp[7][1472]=-3.32e+12
dp[8][1472]=-3.94e+12
dp[9][1472]=-4.55e+12
dp[10][1472]=-5.04e+12
dp[11][1472]=-5.65e+12
dp[12][1472]=-6.2e+12
dp[13][1472]=-6.71e+12
dp[14][1472]=-7.32e+12
dp[15][1472]=-7.89e+12
dp[16][1472]=-8.4e+12
dp[17][1472]=-8.92e+12
dp[18][1472]=-9.43e+12
dp[19][1472]=-9.91e+12
dp[20][1472]=-1.035e+13
dp[21][1472]=-1.035e+13
dp[22][1472]=-1.078e+13
dp[23][1472]=-1.115e+13
dp[24][1472]=-1.118e+13
dp[25][1472]=-1.118e+13
dp[26][1472]=-1.118e+13
dp[27][1472]=-1.118e+13
dp[28][1472]=-1.118e+13
dp[29][1472]=-1.115e+13
dp[30][1472]=-1.077e+13
dp[31][1472]=-1.039e+13
dp[32][1472]=-1.001e+13
dp[33][1472]=-9.63e+12
dp[34][1472]=-9.25e+12
dp[35][1472]=-8.75e+12
dp[36][1472]=-8.23e+12
dp[37][1472]=-7.47e+12
dp[38][1472]=-5.95e+12
Select best dp
Best k=25
Stratifying 2-th numerical feature ...
dp[2][1472]=-9.7e+11
dp[3][1472]=-3.73e+12
dp[4][1472]=-6.49e+12
dp[5][1472]=-9.08e+12
dp[6][1472]=-1.105e+13
dp[7][1472]=-1.24e+13
dp[8][1472]=-1.332e+13
dp[9][1472]=-1.381e+13
dp[10][1472]=-1.428e+13
dp[11][1472]=-1.428e+13
dp[12][1472]=-1.428e+13
dp[13][1472]=-1.428e+13
dp[14][1472]=-1.428e+13
dp[15][1472]=-1.428e+13
dp[16][1472]=-1.428e+13
dp[17][1472]=-1.428e+13
dp[18][1472]=-1.428e+13
dp[19][1472]=-1.428e+13
dp[20][1472]=-1.428e+13
dp[21][1472]=-1.428e+13
dp[22][1472]=-1.428e+13
dp[23][1472]=-1.428e+13
dp[24][1472]=-1.428e+13
dp[25][1472]=-1.428e+13
dp[26][1472]=-1.428e+13
dp[27][1472]=-1.428e+13
dp[28][1472]=-1.428e+13
dp[29][1472]=-1.428e+13
dp[30][1472]=-1.428e+13
dp[31][1472]=-1.428e+13
dp[32][1472]=-1.428e+13
dp[33][1472]=-1.428e+13
dp[34][1472]=-1.428e+13
dp[35][1472]=-1.428e+13
dp[36][1472]=-1.39e+13
dp[37][1472]=-1.314e+13
dp[38][1472]=-1.238e+13
Select best dp
Best k=10
