Standardize ...
Stratifying 1-th numerical feature ...
dp[2][4999]=-4434.1
dp[3][4999]=-7896.01
dp[4][4999]=-10523.6
dp[5][4999]=-12357
dp[6][4999]=-13785.8
dp[7][4999]=-15013.4
dp[8][4999]=-15956.1
dp[9][4999]=-16871.3
dp[10][4999]=-17513.4
dp[11][4999]=-18131.4
dp[12][4999]=-18655.9
dp[13][4999]=-19136.1
dp[14][4999]=-19562.2
dp[15][4999]=-19925
dp[16][4999]=-20234.6
dp[17][4999]=-20500.7
dp[18][4999]=-20754.8
dp[19][4999]=-20963.9
dp[20][4999]=-21136.6
dp[21][4999]=-21280.1
dp[22][4999]=-21401.6
dp[23][4999]=-21487.2
dp[24][4999]=-21562.1
dp[25][4999]=-21631.3
dp[26][4999]=-21699.7
dp[27][4999]=-21732.3
dp[28][4999]=-21753.1
dp[29][4999]=-21741.1
dp[30][4999]=-21723.1
dp[31][4999]=-21704
dp[32][4999]=-21677.1
dp[33][4999]=-21622.9
dp[34][4999]=-21564.5
dp[35][4999]=-21504.2
dp[36][4999]=-21442.5
dp[37][4999]=-21361.5
dp[38][4999]=-21279.4
dp[39][4999]=-21195.5
dp[40][4999]=-21108.9
dp[41][4999]=-21014.1
dp[42][4999]=-20913.9
dp[43][4999]=-20807.8
dp[44][4999]=-20700.7
dp[45][4999]=-20583.1
dp[46][4999]=-20452.2
dp[47][4999]=-20317.8
dp[48][4999]=-20183.1
dp[49][4999]=-20039.9
dp[50][4999]=-19894.1
dp[51][4999]=-19747.7
dp[52][4999]=-19599.5
dp[53][4999]=-19445.8
dp[54][4999]=-19285.2
dp[55][4999]=-19124.6
dp[56][4999]=-18955.1
dp[57][4999]=-18785
dp[58][4999]=-18603.3
dp[59][4999]=-18416.1
dp[60][4999]=-18217.7
dp[61][4999]=-18015.5
dp[62][4999]=-17807.2
dp[63][4999]=-17595.7
dp[64][4999]=-17380.8
dp[65][4999]=-17152.1
dp[66][4999]=-16910.6
dp[67][4999]=-16640.8
dp[68][4999]=-16352.1
dp[69][4999]=-16045.7
dp[70][4999]=-15486.5
Select best dp
Best k=28
Stratifying 2-th numerical feature ...
dp[2][4999]=-4314.99
dp[3][4999]=-7913.74
dp[4][4999]=-10302.5
dp[5][4999]=-12302.7
dp[6][4999]=-13880.7
dp[7][4999]=-15123.4
dp[8][4999]=-16077
dp[9][4999]=-16923.1
dp[10][4999]=-17678.4
dp[11][4999]=-18367.4
dp[12][4999]=-18848.7
dp[13][4999]=-19265.3
dp[14][4999]=-19643.1
dp[15][4999]=-20000.5
dp[16][4999]=-20327.9
dp[17][4999]=-20580.2
dp[18][4999]=-20815.1
dp[19][4999]=-21025.4
dp[20][4999]=-21155.8
dp[21][4999]=-21279.4
dp[22][4999]=-21362.2
dp[23][4999]=-21441.1
dp[24][4999]=-21511.5
dp[25][4999]=-21570.9
dp[26][4999]=-21617
dp[27][4999]=-21654.4
dp[28][4999]=-21685.1
dp[29][4999]=-21691.4
dp[30][4999]=-21677.8
dp[31][4999]=-21650.1
dp[32][4999]=-21614.9
dp[33][4999]=-21576.5
dp[34][4999]=-21535.5
dp[35][4999]=-21485.7
dp[36][4999]=-21433.9
dp[37][4999]=-21363.1
dp[38][4999]=-21285.4
dp[39][4999]=-21204.8
dp[40][4999]=-21120.3
dp[41][4999]=-21021.3
dp[42][4999]=-20915.1
dp[43][4999]=-20805.9
dp[44][4999]=-20695.6
dp[45][4999]=-20573.2
dp[46][4999]=-20445.6
dp[47][4999]=-20316.3
dp[48][4999]=-20177.4
dp[49][4999]=-20035.7
dp[50][4999]=-19892.5
dp[51][4999]=-19747.5
dp[52][4999]=-19591.4
dp[53][4999]=-19431
dp[54][4999]=-19269.9
dp[55][4999]=-19107.8
dp[56][4999]=-18942.5
dp[57][4999]=-18774
dp[58][4999]=-18601.1
dp[59][4999]=-18427.5
dp[60][4999]=-18244.7
dp[61][4999]=-18055.9
dp[62][4999]=-17856.5
dp[63][4999]=-17645.7
dp[64][4999]=-17425.1
dp[65][4999]=-17201.5
dp[66][4999]=-16965.7
dp[67][4999]=-16724.5
dp[68][4999]=-16411.4
dp[69][4999]=-16052.5
dp[70][4999]=-15669.7
Select best dp
Best k=29
Stratifying 3-th numerical feature ...
dp[2][4999]=-4399.38
dp[3][4999]=-7824.7
dp[4][4999]=-10348.1
dp[5][4999]=-12269
dp[6][4999]=-13820.5
dp[7][4999]=-14981.4
dp[8][4999]=-15927.3
dp[9][4999]=-16823.7
dp[10][4999]=-17597.8
dp[11][4999]=-18177.7
dp[12][4999]=-18711.5
dp[13][4999]=-19172.5
dp[14][4999]=-19598.9
dp[15][4999]=-19915.8
dp[16][4999]=-20211.3
dp[17][4999]=-20498.5
dp[18][4999]=-20746.1
dp[19][4999]=-20919.5
dp[20][4999]=-21087.3
dp[21][4999]=-21234.1
dp[22][4999]=-21375.3
dp[23][4999]=-21464.5
dp[24][4999]=-21543.2
dp[25][4999]=-21607.5
dp[26][4999]=-21670
dp[27][4999]=-21699.1
dp[28][4999]=-21714.2
dp[29][4999]=-21714.5
dp[30][4999]=-21711.1
dp[31][4999]=-21705.4
dp[32][4999]=-21690.6
dp[33][4999]=-21664.7
dp[34][4999]=-21616.8
dp[35][4999]=-21567.9
dp[36][4999]=-21504
dp[37][4999]=-21429.1
dp[38][4999]=-21341.8
dp[39][4999]=-21248.4
dp[40][4999]=-21154.1
dp[41][4999]=-21057
dp[42][4999]=-20959.4
dp[43][4999]=-20846.3
dp[44][4999]=-20727.9
dp[45][4999]=-20607.9
dp[46][4999]=-20484.6
dp[47][4999]=-20354
dp[48][4999]=-20215.1
dp[49][4999]=-20070.4
dp[50][4999]=-19925.7
dp[51][4999]=-19775.7
dp[52][4999]=-19624.3
dp[53][4999]=-19469.5
dp[54][4999]=-19311.3
dp[55][4999]=-19147.1
dp[56][4999]=-18980.4
dp[57][4999]=-18804.2
dp[58][4999]=-18621.1
dp[59][4999]=-18427.7
dp[60][4999]=-18230.3
dp[61][4999]=-18026.6
dp[62][4999]=-17811.4
dp[63][4999]=-17595.9
dp[64][4999]=-17370.8
dp[65][4999]=-17133
dp[66][4999]=-16891
dp[67][4999]=-16626.4
dp[68][4999]=-16352.7
dp[69][4999]=-16064.3
dp[70][4999]=-15656.8
Select best dp
Best k=29
Stratifying 4-th numerical feature ...
dp[2][4999]=-4712.67
dp[3][4999]=-8199.82
dp[4][4999]=-10662.5
dp[5][4999]=-12599.6
dp[6][4999]=-14074.5
dp[7][4999]=-15258.9
dp[8][4999]=-16257.8
dp[9][4999]=-17057.2
dp[10][4999]=-17739.3
dp[11][4999]=-18376
dp[12][4999]=-18866.4
dp[13][4999]=-19329.9
dp[14][4999]=-19716
dp[15][4999]=-20046.7
dp[16][4999]=-20318.1
dp[17][4999]=-20586.2
dp[18][4999]=-20836.5
dp[19][4999]=-21000.2
dp[20][4999]=-21158
dp[21][4999]=-21308.3
dp[22][4999]=-21423.6
dp[23][4999]=-21522.9
dp[24][4999]=-21601.8
dp[25][4999]=-21673
dp[26][4999]=-21716.4
dp[27][4999]=-21757.4
dp[28][4999]=-21797.4
dp[29][4999]=-21831.1
dp[30][4999]=-21845.1
dp[31][4999]=-21833.8
dp[32][4999]=-21820.1
dp[33][4999]=-21780.3
dp[34][4999]=-21733
dp[35][4999]=-21679.6
dp[36][4999]=-21598.1
dp[37][4999]=-21510.6
dp[38][4999]=-21409
dp[39][4999]=-21300.5
dp[40][4999]=-21190.8
dp[41][4999]=-21080.8
dp[42][4999]=-20967.2
dp[43][4999]=-20853.5
dp[44][4999]=-20734.6
dp[45][4999]=-20611.8
dp[46][4999]=-20485.7
dp[47][4999]=-20359.4
dp[48][4999]=-20222.3
dp[49][4999]=-20078.1
dp[50][4999]=-19933.5
dp[51][4999]=-19781
dp[52][4999]=-19625.2
dp[53][4999]=-19467.8
dp[54][4999]=-19309
dp[55][4999]=-19144.2
dp[56][4999]=-18978.9
dp[57][4999]=-18800.8
dp[58][4999]=-18620.5
dp[59][4999]=-18438
dp[60][4999]=-18251.6
dp[61][4999]=-18064.5
dp[62][4999]=-17865
dp[63][4999]=-17653.2
dp[64][4999]=-17431.2
dp[65][4999]=-17187.6
dp[66][4999]=-16943.9
dp[67][4999]=-16699.3
dp[68][4999]=-16435.8
dp[69][4999]=-16141.5
dp[70][4999]=-15761.4
Select best dp
Best k=30
Stratifying 5-th numerical feature ...
dp[2][4999]=-5269.83
dp[3][4999]=-8487.92
dp[4][4999]=-10823.1
dp[5][4999]=-12725.5
dp[6][4999]=-14258.7
dp[7][4999]=-15453.4
dp[8][4999]=-16428.3
dp[9][4999]=-17240.6
dp[10][4999]=-17971.3
dp[11][4999]=-18637.4
dp[12][4999]=-19126.6
dp[13][4999]=-19521.4
dp[14][4999]=-19906.7
dp[15][4999]=-20262.2
dp[16][4999]=-20588.5
dp[17][4999]=-20864.9
dp[18][4999]=-21123.4
dp[19][4999]=-21285.2
dp[20][4999]=-21443.5
dp[21][4999]=-21585.3
dp[22][4999]=-21704
dp[23][4999]=-21779.3
dp[24][4999]=-21853.9
dp[25][4999]=-21923.8
dp[26][4999]=-21952.9
dp[27][4999]=-21976.4
dp[28][4999]=-21998.2
dp[29][4999]=-22002.5
dp[30][4999]=-21999.3
dp[31][4999]=-21983.9
dp[32][4999]=-21948.5
dp[33][4999]=-21896.8
dp[34][4999]=-21838.9
dp[35][4999]=-21779.5
dp[36][4999]=-21717.3
dp[37][4999]=-21644.9
dp[38][4999]=-21570.5
dp[39][4999]=-21493.4
dp[40][4999]=-21406
dp[41][4999]=-21309.9
dp[42][4999]=-21210.2
dp[43][4999]=-21104
dp[44][4999]=-20995.6
dp[45][4999]=-20882.5
dp[46][4999]=-20766.4
dp[47][4999]=-20641.6
dp[48][4999]=-20512.5
dp[49][4999]=-20377.8
dp[50][4999]=-20240.9
dp[51][4999]=-20099.2
dp[52][4999]=-19946.6
dp[53][4999]=-19791.7
dp[54][4999]=-19635.8
dp[55][4999]=-19449.5
dp[56][4999]=-19260.4
dp[57][4999]=-19068.3
dp[58][4999]=-18872.9
dp[59][4999]=-18672.4
dp[60][4999]=-18470.3
dp[61][4999]=-18264.5
dp[62][4999]=-18058
dp[63][4999]=-17851.1
dp[64][4999]=-17641.3
dp[65][4999]=-17431.2
dp[66][4999]=-17191.5
dp[67][4999]=-16950.3
dp[68][4999]=-16689.1
dp[69][4999]=-16395.5
dp[70][4999]=-15927.5
Select best dp
Best k=29
Stratifying 6-th numerical feature ...
dp[2][4999]=-5206.2
dp[3][4999]=-8608.79
dp[4][4999]=-10972.5
dp[5][4999]=-12844.5
dp[6][4999]=-14211.1
dp[7][4999]=-15357.1
dp[8][4999]=-16303.8
dp[9][4999]=-17134.1
dp[10][4999]=-17846.6
dp[11][4999]=-18501.8
dp[12][4999]=-19094.6
dp[13][4999]=-19591.9
dp[14][4999]=-20062.2
dp[15][4999]=-20383.7
dp[16][4999]=-20692.7
dp[17][4999]=-20939.7
dp[18][4999]=-21108
dp[19][4999]=-21270.9
dp[20][4999]=-21428.7
dp[21][4999]=-21586
dp[22][4999]=-21704.4
dp[23][4999]=-21805.7
dp[24][4999]=-21886.8
dp[25][4999]=-21964.7
dp[26][4999]=-22027.3
dp[27][4999]=-22050
dp[28][4999]=-22066.9
dp[29][4999]=-22050.7
dp[30][4999]=-22028.3
dp[31][4999]=-22000.1
dp[32][4999]=-21964.3
dp[33][4999]=-21924.3
dp[34][4999]=-21879.5
dp[35][4999]=-21826.5
dp[36][4999]=-21773.1
dp[37][4999]=-21702.7
dp[38][4999]=-21625.4
dp[39][4999]=-21539.6
dp[40][4999]=-21445.3
dp[41][4999]=-21345.5
dp[42][4999]=-21242.4
dp[43][4999]=-21135.1
dp[44][4999]=-21019.1
dp[45][4999]=-20896.5
dp[46][4999]=-20771.7
dp[47][4999]=-20639.1
dp[48][4999]=-20499.4
dp[49][4999]=-20355.2
dp[50][4999]=-20210.3
dp[51][4999]=-20057.3
dp[52][4999]=-19903.5
dp[53][4999]=-19738.9
dp[54][4999]=-19563.5
dp[55][4999]=-19387.9
dp[56][4999]=-19207.7
dp[57][4999]=-19026.2
dp[58][4999]=-18840.9
dp[59][4999]=-18653.9
dp[60][4999]=-18462.8
dp[61][4999]=-18267.7
dp[62][4999]=-18063.9
dp[63][4999]=-17854.9
dp[64][4999]=-17640.2
dp[65][4999]=-17411.3
dp[66][4999]=-17182.3
dp[67][4999]=-16933
dp[68][4999]=-16667.8
dp[69][4999]=-16394.2
dp[70][4999]=-16010.7
Select best dp
Best k=28
Stratifying 7-th numerical feature ...
dp[2][4999]=-5317.05
dp[3][4999]=-8633.12
dp[4][4999]=-11035.2
dp[5][4999]=-12764
dp[6][4999]=-14224.8
dp[7][4999]=-15326.4
dp[8][4999]=-16317.1
dp[9][4999]=-17188.2
dp[10][4999]=-17933.5
dp[11][4999]=-18598.5
dp[12][4999]=-19061.4
dp[13][4999]=-19493.9
dp[14][4999]=-19867.2
dp[15][4999]=-20216.2
dp[16][4999]=-20505.7
dp[17][4999]=-20780.6
dp[18][4999]=-21010.4
dp[19][4999]=-21186.2
dp[20][4999]=-21335.7
dp[21][4999]=-21481.3
dp[22][4999]=-21589.3
dp[23][4999]=-21696.9
dp[24][4999]=-21793.2
dp[25][4999]=-21881.2
dp[26][4999]=-21930.4
dp[27][4999]=-21969.6
dp[28][4999]=-21993.3
dp[29][4999]=-22005.3
dp[30][4999]=-22000
dp[31][4999]=-21989.8
dp[32][4999]=-21966.4
dp[33][4999]=-21928.4
dp[34][4999]=-21873.8
dp[35][4999]=-21799.3
dp[36][4999]=-21724.3
dp[37][4999]=-21647.2
dp[38][4999]=-21552.8
dp[39][4999]=-21451.8
dp[40][4999]=-21350
dp[41][4999]=-21243.5
dp[42][4999]=-21126.2
dp[43][4999]=-21002.4
dp[44][4999]=-20876.7
dp[45][4999]=-20745.8
dp[46][4999]=-20611
dp[47][4999]=-20473.3
dp[48][4999]=-20334.1
dp[49][4999]=-20193.4
dp[50][4999]=-20044.3
dp[51][4999]=-19891.3
dp[52][4999]=-19737
dp[53][4999]=-19577.1
dp[54][4999]=-19415.9
dp[55][4999]=-19245.3
dp[56][4999]=-19070.5
dp[57][4999]=-18893
dp[58][4999]=-18715.4
dp[59][4999]=-18534.5
dp[60][4999]=-18349.5
dp[61][4999]=-18162.7
dp[62][4999]=-17970.2
dp[63][4999]=-17777.7
dp[64][4999]=-17583.6
dp[65][4999]=-17348.2
dp[66][4999]=-17105.4
dp[67][4999]=-16835.1
dp[68][4999]=-16560.4
dp[69][4999]=-16283
dp[70][4999]=-15961
Select best dp
Best k=29
Stratifying 8-th numerical feature ...
dp[2][4999]=-4963.29
dp[3][4999]=-8282.21
dp[4][4999]=-10745.7
dp[5][4999]=-12645.9
dp[6][4999]=-14078.8
dp[7][4999]=-15185.8
dp[8][4999]=-16169.9
dp[9][4999]=-17114.6
dp[10][4999]=-17789.1
dp[11][4999]=-18334.7
dp[12][4999]=-18821.8
dp[13][4999]=-19252.7
dp[14][4999]=-19653.1
dp[15][4999]=-20029.8
dp[16][4999]=-20324.4
dp[17][4999]=-20597.6
dp[18][4999]=-20831.8
dp[19][4999]=-21045.6
dp[20][4999]=-21257.9
dp[21][4999]=-21390.3
dp[22][4999]=-21501.5
dp[23][4999]=-21599.7
dp[24][4999]=-21674.2
dp[25][4999]=-21744.2
dp[26][4999]=-21809.9
dp[27][4999]=-21852.8
dp[28][4999]=-21855.6
dp[29][4999]=-21856.5
dp[30][4999]=-21843.3
dp[31][4999]=-21816.9
dp[32][4999]=-21783.1
dp[33][4999]=-21730.9
dp[34][4999]=-21678.4
dp[35][4999]=-21621.2
dp[36][4999]=-21562
dp[37][4999]=-21498.5
dp[38][4999]=-21434
dp[39][4999]=-21349.8
dp[40][4999]=-21264.7
dp[41][4999]=-21166.8
dp[42][4999]=-21060.8
dp[43][4999]=-20952.9
dp[44][4999]=-20819.5
dp[45][4999]=-20685
dp[46][4999]=-20548.2
dp[47][4999]=-20410.8
dp[48][4999]=-20269
dp[49][4999]=-20125.2
dp[50][4999]=-19977.2
dp[51][4999]=-19828.1
dp[52][4999]=-19669.3
dp[53][4999]=-19509.9
dp[54][4999]=-19346.6
dp[55][4999]=-19180.5
dp[56][4999]=-19006.7
dp[57][4999]=-18832.3
dp[58][4999]=-18648.8
dp[59][4999]=-18463.9
dp[60][4999]=-18272.9
dp[61][4999]=-18080.4
dp[62][4999]=-17886.4
dp[63][4999]=-17692
dp[64][4999]=-17494.8
dp[65][4999]=-17275.4
dp[66][4999]=-17049
dp[67][4999]=-16815.1
dp[68][4999]=-16567.3
dp[69][4999]=-16283.6
dp[70][4999]=-15943
Select best dp
Best k=29
Stratifying 9-th numerical feature ...
dp[2][4999]=-5117
dp[3][4999]=-8433.99
dp[4][4999]=-10897.7
dp[5][4999]=-12604.4
dp[6][4999]=-14128.8
dp[7][4999]=-15289.4
dp[8][4999]=-16297.7
dp[9][4999]=-17085.1
dp[10][4999]=-17762.3
dp[11][4999]=-18397.4
dp[12][4999]=-18949.5
dp[13][4999]=-19436.5
dp[14][4999]=-19855.4
dp[15][4999]=-20204.8
dp[16][4999]=-20492.8
dp[17][4999]=-20772.2
dp[18][4999]=-21043.8
dp[19][4999]=-21244.9
dp[20][4999]=-21392.9
dp[21][4999]=-21536.4
dp[22][4999]=-21631.1
dp[23][4999]=-21701.2
dp[24][4999]=-21768.8
dp[25][4999]=-21825.2
dp[26][4999]=-21862.8
dp[27][4999]=-21893.1
dp[28][4999]=-21920.5
dp[29][4999]=-21942.9
dp[30][4999]=-21958.1
dp[31][4999]=-21942.6
dp[32][4999]=-21910.7
dp[33][4999]=-21867.9
dp[34][4999]=-21803.5
dp[35][4999]=-21729.1
dp[36][4999]=-21649.2
dp[37][4999]=-21560.7
dp[38][4999]=-21470.8
dp[39][4999]=-21380.6
dp[40][4999]=-21289.1
dp[41][4999]=-21192.5
dp[42][4999]=-21087
dp[43][4999]=-20970
dp[44][4999]=-20850.9
dp[45][4999]=-20720.8
dp[46][4999]=-20588.6
dp[47][4999]=-20455.3
dp[48][4999]=-20318.4
dp[49][4999]=-20174.2
dp[50][4999]=-20029.1
dp[51][4999]=-19882.6
dp[52][4999]=-19728.7
dp[53][4999]=-19574.5
dp[54][4999]=-19417.2
dp[55][4999]=-19252.2
dp[56][4999]=-19080.7
dp[57][4999]=-18906.9
dp[58][4999]=-18719.7
dp[59][4999]=-18532.1
dp[60][4999]=-18344.1
dp[61][4999]=-18153.7
dp[62][4999]=-17958.8
dp[63][4999]=-17753.4
dp[64][4999]=-17546.2
dp[65][4999]=-17327.2
dp[66][4999]=-17103.6
dp[67][4999]=-16863.4
dp[68][4999]=-16599.7
dp[69][4999]=-16297.2
dp[70][4999]=-15971.3
Select best dp
Best k=30
Stratifying 10-th numerical feature ...
dp[2][4999]=-4706.12
dp[3][4999]=-8235.99
dp[4][4999]=-10662.2
dp[5][4999]=-12479.9
dp[6][4999]=-13901.9
dp[7][4999]=-15096.1
dp[8][4999]=-16054.7
dp[9][4999]=-16907.4
dp[10][4999]=-17643.8
dp[11][4999]=-18312
dp[12][4999]=-18832.7
dp[13][4999]=-19322
dp[14][4999]=-19779.6
dp[15][4999]=-20096.6
dp[16][4999]=-20399.4
dp[17][4999]=-20687.3
dp[18][4999]=-20916.5
dp[19][4999]=-21103
dp[20][4999]=-21242.3
dp[21][4999]=-21359.1
dp[22][4999]=-21474.3
dp[23][4999]=-21576
dp[24][4999]=-21653
dp[25][4999]=-21729.6
dp[26][4999]=-21786.1
dp[27][4999]=-21836.5
dp[28][4999]=-21849.5
dp[29][4999]=-21858.1
dp[30][4999]=-21842.1
dp[31][4999]=-21820.3
dp[32][4999]=-21791.1
dp[33][4999]=-21755.9
dp[34][4999]=-21701.1
dp[35][4999]=-21639.2
dp[36][4999]=-21575.7
dp[37][4999]=-21512.1
dp[38][4999]=-21442.4
dp[39][4999]=-21361.9
dp[40][4999]=-21265
dp[41][4999]=-21164.7
dp[42][4999]=-21063.5
dp[43][4999]=-20953.4
dp[44][4999]=-20841.8
dp[45][4999]=-20716.2
dp[46][4999]=-20587.1
dp[47][4999]=-20456.1
dp[48][4999]=-20317.3
dp[49][4999]=-20177.4
dp[50][4999]=-20028.5
dp[51][4999]=-19875
dp[52][4999]=-19720.3
dp[53][4999]=-19554.1
dp[54][4999]=-19386.5
dp[55][4999]=-19218.8
dp[56][4999]=-19048.7
dp[57][4999]=-18874.2
dp[58][4999]=-18695.8
dp[59][4999]=-18510.3
dp[60][4999]=-18323.2
dp[61][4999]=-18129.9
dp[62][4999]=-17935.6
dp[63][4999]=-17740.9
dp[64][4999]=-17528.7
dp[65][4999]=-17296
dp[66][4999]=-17041.3
dp[67][4999]=-16771.8
dp[68][4999]=-16483.9
dp[69][4999]=-16156.8
dp[70][4999]=-15771.8
Select best dp
Best k=29
Stratifying 11-th numerical feature ...
dp[2][4999]=-5091.19
dp[3][4999]=-8493.06
dp[4][4999]=-10883.9
dp[5][4999]=-12564
dp[6][4999]=-14023.6
dp[7][4999]=-15370.1
dp[8][4999]=-16305.9
dp[9][4999]=-17136.3
dp[10][4999]=-17912
dp[11][4999]=-18565.8
dp[12][4999]=-19065.7
dp[13][4999]=-19522.3
dp[14][4999]=-19880.4
dp[15][4999]=-20220.4
dp[16][4999]=-20529.2
dp[17][4999]=-20815.8
dp[18][4999]=-21047.8
dp[19][4999]=-21254.9
dp[20][4999]=-21441.8
dp[21][4999]=-21538.8
dp[22][4999]=-21628
dp[23][4999]=-21708
dp[24][4999]=-21779.8
dp[25][4999]=-21834.7
dp[26][4999]=-21885.8
dp[27][4999]=-21916.1
dp[28][4999]=-21931
dp[29][4999]=-21932.7
dp[30][4999]=-21933.5
dp[31][4999]=-21934.2
dp[32][4999]=-21924.6
dp[33][4999]=-21883.5
dp[34][4999]=-21831.1
dp[35][4999]=-21756.5
dp[36][4999]=-21680.8
dp[37][4999]=-21594.7
dp[38][4999]=-21505.5
dp[39][4999]=-21415.3
dp[40][4999]=-21319.8
dp[41][4999]=-21219.9
dp[42][4999]=-21115.9
dp[43][4999]=-21008.2
dp[44][4999]=-20883.2
dp[45][4999]=-20751.6
dp[46][4999]=-20619.1
dp[47][4999]=-20478.5
dp[48][4999]=-20335
dp[49][4999]=-20190.8
dp[50][4999]=-20046.3
dp[51][4999]=-19889.6
dp[52][4999]=-19731.1
dp[53][4999]=-19568.2
dp[54][4999]=-19401.5
dp[55][4999]=-19234.6
dp[56][4999]=-19058.5
dp[57][4999]=-18880
dp[58][4999]=-18700
dp[59][4999]=-18514.7
dp[60][4999]=-18326.5
dp[61][4999]=-18135
dp[62][4999]=-17942.1
dp[63][4999]=-17747.6
dp[64][4999]=-17532.4
dp[65][4999]=-17316.4
dp[66][4999]=-17084.4
dp[67][4999]=-16848.5
dp[68][4999]=-16590.4
dp[69][4999]=-16304.6
dp[70][4999]=-16008.5
Select best dp
Best k=31
Stratifying 12-th numerical feature ...
dp[2][4999]=-4774.09
dp[3][4999]=-8078.77
dp[4][4999]=-10620.1
dp[5][4999]=-12433.2
dp[6][4999]=-13811.8
dp[7][4999]=-15121.7
dp[8][4999]=-16079.9
dp[9][4999]=-16964.5
dp[10][4999]=-17737.6
dp[11][4999]=-18301.4
dp[12][4999]=-18833.1
dp[13][4999]=-19265.9
dp[14][4999]=-19636.7
dp[15][4999]=-19973.7
dp[16][4999]=-20279.6
dp[17][4999]=-20573.8
dp[18][4999]=-20799.2
dp[19][4999]=-21019.6
dp[20][4999]=-21211.7
dp[21][4999]=-21372.2
dp[22][4999]=-21489.4
dp[23][4999]=-21586.2
dp[24][4999]=-21657
dp[25][4999]=-21714.9
dp[26][4999]=-21751.5
dp[27][4999]=-21771.2
dp[28][4999]=-21784.4
dp[29][4999]=-21794.4
dp[30][4999]=-21782.5
dp[31][4999]=-21766.9
dp[32][4999]=-21746.5
dp[33][4999]=-21715.1
dp[34][4999]=-21669.2
dp[35][4999]=-21619.3
dp[36][4999]=-21557.2
dp[37][4999]=-21486.7
dp[38][4999]=-21416.1
dp[39][4999]=-21345.3
dp[40][4999]=-21268.8
dp[41][4999]=-21189.5
dp[42][4999]=-21081.8
dp[43][4999]=-20970.2
dp[44][4999]=-20852.9
dp[45][4999]=-20725.7
dp[46][4999]=-20597.9
dp[47][4999]=-20466.9
dp[48][4999]=-20333.3
dp[49][4999]=-20188.9
dp[50][4999]=-20038.9
dp[51][4999]=-19881.2
dp[52][4999]=-19722.3
dp[53][4999]=-19557.8
dp[54][4999]=-19390
dp[55][4999]=-19220.4
dp[56][4999]=-19045.7
dp[57][4999]=-18867.4
dp[58][4999]=-18687.4
dp[59][4999]=-18499.5
dp[60][4999]=-18311.4
dp[61][4999]=-18112.3
dp[62][4999]=-17906.9
dp[63][4999]=-17695.3
dp[64][4999]=-17474.2
dp[65][4999]=-17250
dp[66][4999]=-17000.6
dp[67][4999]=-16749.7
dp[68][4999]=-16478.6
dp[69][4999]=-16175
dp[70][4999]=-15866.3
Select best dp
Best k=29
Stratifying 13-th numerical feature ...
dp[2][4999]=-5172.26
dp[3][4999]=-8378.52
dp[4][4999]=-10862.4
dp[5][4999]=-12607.7
dp[6][4999]=-14137.4
dp[7][4999]=-15274.3
dp[8][4999]=-16275.3
dp[9][4999]=-17153.5
dp[10][4999]=-17856.4
dp[11][4999]=-18516.1
dp[12][4999]=-19010.8
dp[13][4999]=-19472.4
dp[14][4999]=-19826.1
dp[15][4999]=-20169.1
dp[16][4999]=-20441.3
dp[17][4999]=-20712.9
dp[18][4999]=-20959.2
dp[19][4999]=-21173.4
dp[20][4999]=-21386.5
dp[21][4999]=-21531.8
dp[22][4999]=-21660.7
dp[23][4999]=-21761.9
dp[24][4999]=-21827.2
dp[25][4999]=-21891.1
dp[26][4999]=-21944.9
dp[27][4999]=-21984.6
dp[28][4999]=-21983.9
dp[29][4999]=-21980.3
dp[30][4999]=-21971.6
dp[31][4999]=-21956.2
dp[32][4999]=-21929.1
dp[33][4999]=-21884.7
dp[34][4999]=-21828.7
dp[35][4999]=-21772.2
dp[36][4999]=-21695.3
dp[37][4999]=-21617.4
dp[38][4999]=-21538.3
dp[39][4999]=-21444.5
dp[40][4999]=-21344.8
dp[41][4999]=-21242.1
dp[42][4999]=-21137.2
dp[43][4999]=-21026.9
dp[44][4999]=-20910.7
dp[45][4999]=-20780.9
dp[46][4999]=-20650.9
dp[47][4999]=-20514.3
dp[48][4999]=-20377.6
dp[49][4999]=-20231.1
dp[50][4999]=-20081.8
dp[51][4999]=-19926.6
dp[52][4999]=-19770.4
dp[53][4999]=-19612.4
dp[54][4999]=-19451
dp[55][4999]=-19287.1
dp[56][4999]=-19120.6
dp[57][4999]=-18950.5
dp[58][4999]=-18780.1
dp[59][4999]=-18594.4
dp[60][4999]=-18400.9
dp[61][4999]=-18202.1
dp[62][4999]=-17995.3
dp[63][4999]=-17778.9
dp[64][4999]=-17549.5
dp[65][4999]=-17318.5
dp[66][4999]=-17078.1
dp[67][4999]=-16835.9
dp[68][4999]=-16573.6
dp[69][4999]=-16306.1
dp[70][4999]=-15993.3
Select best dp
Best k=27
Stratifying 14-th numerical feature ...
dp[2][4999]=-4956.83
dp[3][4999]=-8440.77
dp[4][4999]=-10709.6
dp[5][4999]=-12576.8
dp[6][4999]=-14045.5
dp[7][4999]=-15200.9
dp[8][4999]=-16180.9
dp[9][4999]=-17055.2
dp[10][4999]=-17827.9
dp[11][4999]=-18404.8
dp[12][4999]=-18937.4
dp[13][4999]=-19413.5
dp[14][4999]=-19825.8
dp[15][4999]=-20193.9
dp[16][4999]=-20508.2
dp[17][4999]=-20760.4
dp[18][4999]=-20991.5
dp[19][4999]=-21181.1
dp[20][4999]=-21353.4
dp[21][4999]=-21516.4
dp[22][4999]=-21655.3
dp[23][4999]=-21792.4
dp[24][4999]=-21883
dp[25][4999]=-21927
dp[26][4999]=-21936.7
dp[27][4999]=-21945.2
dp[28][4999]=-21943.5
dp[29][4999]=-21937.3
dp[30][4999]=-21909
dp[31][4999]=-21875.9
dp[32][4999]=-21832.7
dp[33][4999]=-21787.4
dp[34][4999]=-21735.1
dp[35][4999]=-21674.8
dp[36][4999]=-21607.7
dp[37][4999]=-21531.7
dp[38][4999]=-21447.4
dp[39][4999]=-21359.3
dp[40][4999]=-21265.9
dp[41][4999]=-21170.6
dp[42][4999]=-21072.5
dp[43][4999]=-20964.1
dp[44][4999]=-20843
dp[45][4999]=-20720.9
dp[46][4999]=-20597.7
dp[47][4999]=-20471.8
dp[48][4999]=-20331.9
dp[49][4999]=-20184.8
dp[50][4999]=-20037
dp[51][4999]=-19883.7
dp[52][4999]=-19729.4
dp[53][4999]=-19571.5
dp[54][4999]=-19412.5
dp[55][4999]=-19243
dp[56][4999]=-19064.3
dp[57][4999]=-18884.1
dp[58][4999]=-18703.3
dp[59][4999]=-18517.9
dp[60][4999]=-18320
dp[61][4999]=-18119.6
dp[62][4999]=-17916.6
dp[63][4999]=-17712
dp[64][4999]=-17505.2
dp[65][4999]=-17288.1
dp[66][4999]=-17060.2
dp[67][4999]=-16817.7
dp[68][4999]=-16554.3
dp[69][4999]=-16272.9
dp[70][4999]=-15873.8
Select best dp
Best k=27
Stratifying 15-th numerical feature ...
dp[2][4999]=-5269.98
dp[3][4999]=-8656.76
dp[4][4999]=-10965.8
dp[5][4999]=-12862.5
dp[6][4999]=-14249.2
dp[7][4999]=-15404.9
dp[8][4999]=-16337
dp[9][4999]=-17191.4
dp[10][4999]=-17975.7
dp[11][4999]=-18519.1
dp[12][4999]=-19038.9
dp[13][4999]=-19490.5
dp[14][4999]=-19878.7
dp[15][4999]=-20235.7
dp[16][4999]=-20526.8
dp[17][4999]=-20798.7
dp[18][4999]=-21016.9
dp[19][4999]=-21222
dp[20][4999]=-21407
dp[21][4999]=-21567.9
dp[22][4999]=-21722.9
dp[23][4999]=-21808.5
dp[24][4999]=-21877.1
dp[25][4999]=-21937.5
dp[26][4999]=-21992.9
dp[27][4999]=-22035.7
dp[28][4999]=-22053.7
dp[29][4999]=-22061.4
dp[30][4999]=-22059.9
dp[31][4999]=-22030.6
dp[32][4999]=-21997.8
dp[33][4999]=-21964.5
dp[34][4999]=-21921.9
dp[35][4999]=-21871.3
dp[36][4999]=-21816
dp[37][4999]=-21757.1
dp[38][4999]=-21680.2
dp[39][4999]=-21588.2
dp[40][4999]=-21480.3
dp[41][4999]=-21368
dp[42][4999]=-21254.5
dp[43][4999]=-21133.6
dp[44][4999]=-21011.7
dp[45][4999]=-20888.9
dp[46][4999]=-20762.6
dp[47][4999]=-20625.9
dp[48][4999]=-20482.5
dp[49][4999]=-20333
dp[50][4999]=-20170.8
dp[51][4999]=-20004.3
dp[52][4999]=-19837
dp[53][4999]=-19667.9
dp[54][4999]=-19497.3
dp[55][4999]=-19325.3
dp[56][4999]=-19152.5
dp[57][4999]=-18979.2
dp[58][4999]=-18803.3
dp[59][4999]=-18620
dp[60][4999]=-18429.5
dp[61][4999]=-18233.5
dp[62][4999]=-18033.9
dp[63][4999]=-17831.3
dp[64][4999]=-17626.7
dp[65][4999]=-17414.9
dp[66][4999]=-17190.7
dp[67][4999]=-16963.3
dp[68][4999]=-16702.3
dp[69][4999]=-16414.7
dp[70][4999]=-16015.2
Select best dp
Best k=29
Stratifying 16-th numerical feature ...
dp[2][4999]=-5190.67
dp[3][4999]=-8520.63
dp[4][4999]=-10870.3
dp[5][4999]=-12780.2
dp[6][4999]=-14131.3
dp[7][4999]=-15298.7
dp[8][4999]=-16284.7
dp[9][4999]=-17110.9
dp[10][4999]=-17881.9
dp[11][4999]=-18525.8
dp[12][4999]=-19034.4
dp[13][4999]=-19427.1
dp[14][4999]=-19819.4
dp[15][4999]=-20204.3
dp[16][4999]=-20548.4
dp[17][4999]=-20860.8
dp[18][4999]=-21074.5
dp[19][4999]=-21270.2
dp[20][4999]=-21430.7
dp[21][4999]=-21562.3
dp[22][4999]=-21690.1
dp[23][4999]=-21793.9
dp[24][4999]=-21879
dp[25][4999]=-21942
dp[26][4999]=-21993.3
dp[27][4999]=-22028.1
dp[28][4999]=-22052.5
dp[29][4999]=-22066.9
dp[30][4999]=-22072
dp[31][4999]=-22063.9
dp[32][4999]=-22044.5
dp[33][4999]=-22011.6
dp[34][4999]=-21969.3
dp[35][4999]=-21911
dp[36][4999]=-21837.9
dp[37][4999]=-21760.9
dp[38][4999]=-21662.5
dp[39][4999]=-21558.6
dp[40][4999]=-21453.1
dp[41][4999]=-21342.2
dp[42][4999]=-21229.9
dp[43][4999]=-21115.8
dp[44][4999]=-20993.2
dp[45][4999]=-20864.7
dp[46][4999]=-20730.1
dp[47][4999]=-20592.6
dp[48][4999]=-20451.3
dp[49][4999]=-20309.5
dp[50][4999]=-20163.8
dp[51][4999]=-20015.2
dp[52][4999]=-19866.6
dp[53][4999]=-19717.2
dp[54][4999]=-19559.9
dp[55][4999]=-19402.4
dp[56][4999]=-19231.5
dp[57][4999]=-19058.8
dp[58][4999]=-18881.4
dp[59][4999]=-18702.5
dp[60][4999]=-18506.7
dp[61][4999]=-18302.2
dp[62][4999]=-18097.4
dp[63][4999]=-17886.4
dp[64][4999]=-17668.2
dp[65][4999]=-17442.2
dp[66][4999]=-17206.8
dp[67][4999]=-16957.7
dp[68][4999]=-16700.4
dp[69][4999]=-16426.1
dp[70][4999]=-16038.3
Select best dp
Best k=30
Stratifying 17-th numerical feature ...
dp[2][4999]=-5116.99
dp[3][4999]=-8474.91
dp[4][4999]=-10849.6
dp[5][4999]=-12737.7
dp[6][4999]=-14121.2
dp[7][4999]=-15258.9
dp[8][4999]=-16363.4
dp[9][4999]=-17237.4
dp[10][4999]=-17959.9
dp[11][4999]=-18505.6
dp[12][4999]=-18957.8
dp[13][4999]=-19394.9
dp[14][4999]=-19794.6
dp[15][4999]=-20186.7
dp[16][4999]=-20513
dp[17][4999]=-20776.5
dp[18][4999]=-21024.9
dp[19][4999]=-21226.8
dp[20][4999]=-21403.5
dp[21][4999]=-21541.2
dp[22][4999]=-21652.1
dp[23][4999]=-21759.2
dp[24][4999]=-21849.9
dp[25][4999]=-21881
dp[26][4999]=-21907.1
dp[27][4999]=-21927.9
dp[28][4999]=-21935.5
dp[29][4999]=-21933.5
dp[30][4999]=-21923.3
dp[31][4999]=-21908.9
dp[32][4999]=-21893.2
dp[33][4999]=-21848.6
dp[34][4999]=-21796.5
dp[35][4999]=-21739.4
dp[36][4999]=-21681.4
dp[37][4999]=-21622.7
dp[38][4999]=-21539.3
dp[39][4999]=-21451.4
dp[40][4999]=-21355.3
dp[41][4999]=-21250.7
dp[42][4999]=-21140.9
dp[43][4999]=-21023
dp[44][4999]=-20899.7
dp[45][4999]=-20775.1
dp[46][4999]=-20648.2
dp[47][4999]=-20518.1
dp[48][4999]=-20384.5
dp[49][4999]=-20249.2
dp[50][4999]=-20113.7
dp[51][4999]=-19968.5
dp[52][4999]=-19819.9
dp[53][4999]=-19658.8
dp[54][4999]=-19494.2
dp[55][4999]=-19328.7
dp[56][4999]=-19156.5
dp[57][4999]=-18980.8
dp[58][4999]=-18801.2
dp[59][4999]=-18620.1
dp[60][4999]=-18426.8
dp[61][4999]=-18232.6
dp[62][4999]=-18028.9
dp[63][4999]=-17822.4
dp[64][4999]=-17610.2
dp[65][4999]=-17396.7
dp[66][4999]=-17174.2
dp[67][4999]=-16948.6
dp[68][4999]=-16677.1
dp[69][4999]=-16310.1
dp[70][4999]=-15896.4
Select best dp
Best k=28
Stratifying 18-th numerical feature ...
dp[2][4999]=-4686.4
dp[3][4999]=-8029.59
dp[4][4999]=-10547.4
dp[5][4999]=-12444.6
dp[6][4999]=-13956.1
dp[7][4999]=-15131.5
dp[8][4999]=-16088
dp[9][4999]=-17010
dp[10][4999]=-17672.9
dp[11][4999]=-18261.8
dp[12][4999]=-18823.1
dp[13][4999]=-19267.7
dp[14][4999]=-19631.2
dp[15][4999]=-19988.6
dp[16][4999]=-20269.4
dp[17][4999]=-20518.8
dp[18][4999]=-20748.1
dp[19][4999]=-20957
dp[20][4999]=-21137.6
dp[21][4999]=-21312.2
dp[22][4999]=-21451.3
dp[23][4999]=-21533
dp[24][4999]=-21612.9
dp[25][4999]=-21682.9
dp[26][4999]=-21735.1
dp[27][4999]=-21771.3
dp[28][4999]=-21789.8
dp[29][4999]=-21803.1
dp[30][4999]=-21789
dp[31][4999]=-21774.1
dp[32][4999]=-21752.5
dp[33][4999]=-21715.3
dp[34][4999]=-21667.9
dp[35][4999]=-21610.1
dp[36][4999]=-21550.3
dp[37][4999]=-21472
dp[38][4999]=-21387.2
dp[39][4999]=-21299.5
dp[40][4999]=-21208.6
dp[41][4999]=-21112.2
dp[42][4999]=-21008.2
dp[43][4999]=-20899.8
dp[44][4999]=-20771.6
dp[45][4999]=-20640.8
dp[46][4999]=-20503.5
dp[47][4999]=-20362.9
dp[48][4999]=-20221.3
dp[49][4999]=-20078
dp[50][4999]=-19927
dp[51][4999]=-19774.9
dp[52][4999]=-19621.6
dp[53][4999]=-19464.3
dp[54][4999]=-19306
dp[55][4999]=-19134.6
dp[56][4999]=-18959.8
dp[57][4999]=-18783.7
dp[58][4999]=-18595.5
dp[59][4999]=-18406.5
dp[60][4999]=-18216.4
dp[61][4999]=-18018.9
dp[62][4999]=-17818.4
dp[63][4999]=-17615.8
dp[64][4999]=-17410.6
dp[65][4999]=-17194.5
dp[66][4999]=-16961.5
dp[67][4999]=-16710.1
dp[68][4999]=-16446.8
dp[69][4999]=-16164.5
dp[70][4999]=-15810
Select best dp
Best k=29
Stratifying 19-th numerical feature ...
dp[2][4999]=-4531
dp[3][4999]=-7958.92
dp[4][4999]=-10453
dp[5][4999]=-12327.4
dp[6][4999]=-13986.7
dp[7][4999]=-15073.1
dp[8][4999]=-16018.2
dp[9][4999]=-16907.1
dp[10][4999]=-17722.6
dp[11][4999]=-18313.7
dp[12][4999]=-18875.1
dp[13][4999]=-19397.5
dp[14][4999]=-19758
dp[15][4999]=-20076.1
dp[16][4999]=-20350
dp[17][4999]=-20612.6
dp[18][4999]=-20828.3
dp[19][4999]=-21043.4
dp[20][4999]=-21181.4
dp[21][4999]=-21298.8
dp[22][4999]=-21406.3
dp[23][4999]=-21480.9
dp[24][4999]=-21555.2
dp[25][4999]=-21626.1
dp[26][4999]=-21677.4
dp[27][4999]=-21707.2
dp[28][4999]=-21708.1
dp[29][4999]=-21704.1
dp[30][4999]=-21694.4
dp[31][4999]=-21677
dp[32][4999]=-21654.2
dp[33][4999]=-21622.7
dp[34][4999]=-21577.4
dp[35][4999]=-21520.3
dp[36][4999]=-21458.1
dp[37][4999]=-21389.8
dp[38][4999]=-21317.4
dp[39][4999]=-21236.6
dp[40][4999]=-21145.9
dp[41][4999]=-21046.1
dp[42][4999]=-20939.1
dp[43][4999]=-20824.4
dp[44][4999]=-20705.4
dp[45][4999]=-20582
dp[46][4999]=-20456.5
dp[47][4999]=-20323.8
dp[48][4999]=-20183.5
dp[49][4999]=-20040.2
dp[50][4999]=-19892
dp[51][4999]=-19737.5
dp[52][4999]=-19581.2
dp[53][4999]=-19419.5
dp[54][4999]=-19257.3
dp[55][4999]=-19092.7
dp[56][4999]=-18919.7
dp[57][4999]=-18740.7
dp[58][4999]=-18561.5
dp[59][4999]=-18377.7
dp[60][4999]=-18191.4
dp[61][4999]=-18002.5
dp[62][4999]=-17796.3
dp[63][4999]=-17585.6
dp[64][4999]=-17367.4
dp[65][4999]=-17141.4
dp[66][4999]=-16914.4
dp[67][4999]=-16673.2
dp[68][4999]=-16426.6
dp[69][4999]=-16132.7
dp[70][4999]=-15744.2
Select best dp
Best k=28
Stratifying 20-th numerical feature ...
dp[2][4999]=-4221.03
dp[3][4999]=-7771.36
dp[4][4999]=-10401
dp[5][4999]=-12217.6
dp[6][4999]=-13768.9
dp[7][4999]=-15045.7
dp[8][4999]=-16095.8
dp[9][4999]=-16922.4
dp[10][4999]=-17612.5
dp[11][4999]=-18176.6
dp[12][4999]=-18713.9
dp[13][4999]=-19154
dp[14][4999]=-19568.3
dp[15][4999]=-19945.3
dp[16][4999]=-20277.2
dp[17][4999]=-20555.1
dp[18][4999]=-20793.7
dp[19][4999]=-20988.5
dp[20][4999]=-21164.4
dp[21][4999]=-21290.6
dp[22][4999]=-21405
dp[23][4999]=-21516.3
dp[24][4999]=-21605.3
dp[25][4999]=-21675.7
dp[26][4999]=-21735.9
dp[27][4999]=-21783.8
dp[28][4999]=-21817.8
dp[29][4999]=-21837
dp[30][4999]=-21845.1
dp[31][4999]=-21838.4
dp[32][4999]=-21819.6
dp[33][4999]=-21778.5
dp[34][4999]=-21729.1
dp[35][4999]=-21674
dp[36][4999]=-21617
dp[37][4999]=-21546.3
dp[38][4999]=-21461
dp[39][4999]=-21362.2
dp[40][4999]=-21262.7
dp[41][4999]=-21149.9
dp[42][4999]=-21030.4
dp[43][4999]=-20907.6
dp[44][4999]=-20782
dp[45][4999]=-20655.4
dp[46][4999]=-20525.8
dp[47][4999]=-20394.7
dp[48][4999]=-20261.3
dp[49][4999]=-20124.9
dp[50][4999]=-19979.3
dp[51][4999]=-19825.1
dp[52][4999]=-19667.6
dp[53][4999]=-19504.4
dp[54][4999]=-19338.7
dp[55][4999]=-19168.4
dp[56][4999]=-18997.7
dp[57][4999]=-18826.7
dp[58][4999]=-18646
dp[59][4999]=-18447.4
dp[60][4999]=-18243.7
dp[61][4999]=-18034.2
dp[62][4999]=-17822.7
dp[63][4999]=-17601.3
dp[64][4999]=-17362.9
dp[65][4999]=-17124.2
dp[66][4999]=-16881.9
dp[67][4999]=-16607.5
dp[68][4999]=-16320.7
dp[69][4999]=-16020.4
dp[70][4999]=-15628.9
Select best dp
Best k=30
Stratifying 21-th numerical feature ...
dp[2][4999]=-4356.63
dp[3][4999]=-7753.95
dp[4][4999]=-10344
dp[5][4999]=-12186.1
dp[6][4999]=-13768.1
dp[7][4999]=-14965
dp[8][4999]=-15950.9
dp[9][4999]=-16770.8
dp[10][4999]=-17500.6
dp[11][4999]=-18122.3
dp[12][4999]=-18686.5
dp[13][4999]=-19139.6
dp[14][4999]=-19526.3
dp[15][4999]=-19872.4
dp[16][4999]=-20168.2
dp[17][4999]=-20458.6
dp[18][4999]=-20716.8
dp[19][4999]=-20900.1
dp[20][4999]=-21081.7
dp[21][4999]=-21256.5
dp[22][4999]=-21388.8
dp[23][4999]=-21500.9
dp[24][4999]=-21581.9
dp[25][4999]=-21655.4
dp[26][4999]=-21705.7
dp[27][4999]=-21730.2
dp[28][4999]=-21752.5
dp[29][4999]=-21744.3
dp[30][4999]=-21726.4
dp[31][4999]=-21697.1
dp[32][4999]=-21664.7
dp[33][4999]=-21615.2
dp[34][4999]=-21564.7
dp[35][4999]=-21507.5
dp[36][4999]=-21434.6
dp[37][4999]=-21357.6
dp[38][4999]=-21279.9
dp[39][4999]=-21193.4
dp[40][4999]=-21102
dp[41][4999]=-21003.2
dp[42][4999]=-20896.4
dp[43][4999]=-20788.5
dp[44][4999]=-20680.4
dp[45][4999]=-20560.2
dp[46][4999]=-20438.4
dp[47][4999]=-20307.5
dp[48][4999]=-20167.3
dp[49][4999]=-20026.7
dp[50][4999]=-19882.8
dp[51][4999]=-19727.5
dp[52][4999]=-19569.4
dp[53][4999]=-19407.1
dp[54][4999]=-19244.7
dp[55][4999]=-19070
dp[56][4999]=-18890.4
dp[57][4999]=-18709.7
dp[58][4999]=-18526.4
dp[59][4999]=-18342.3
dp[60][4999]=-18157.5
dp[61][4999]=-17962
dp[62][4999]=-17766
dp[63][4999]=-17558.8
dp[64][4999]=-17343.5
dp[65][4999]=-17117.1
dp[66][4999]=-16889.4
dp[67][4999]=-16646.9
dp[68][4999]=-16353
dp[69][4999]=-16015.8
dp[70][4999]=-15659.5
Select best dp
Best k=28
