Standardize ...
Stratifying 1-th numerical feature ...
dp[2][209]=74.4519
dp[3][209]=80.672
dp[4][209]=138.272
dp[5][209]=217.707
dp[6][209]=321.965
dp[7][209]=441.228
dp[8][209]=573.051
dp[9][209]=705.07
dp[10][209]=841.116
dp[11][209]=990.042
dp[12][209]=1140.4
dp[13][209]=1293.21
dp[14][209]=1514.75
Select best dp
Best k=2
Stratifying 2-th numerical feature ...
dp[2][209]=132.165
dp[3][209]=126.27
dp[4][209]=182.731
dp[5][209]=281.312
dp[6][209]=383.144
dp[7][209]=503.601
dp[8][209]=625.89
dp[9][209]=760.917
dp[10][209]=897.928
dp[11][209]=1040.55
dp[12][209]=1194.51
dp[13][209]=1360.35
dp[14][209]=1539.83
Select best dp
Best k=3
Stratifying 3-th numerical feature ...
dp[2][209]=-171.212
dp[3][209]=-209.614
dp[4][209]=-152.623
dp[5][209]=-77.4588
dp[6][209]=16.4935
dp[7][209]=116.598
dp[8][209]=238.475
dp[9][209]=369.337
dp[10][209]=504.855
dp[11][209]=642.483
dp[12][209]=799.995
dp[13][209]=960.233
dp[14][209]=1164.38
Select best dp
Best k=3
Stratifying 4-th numerical feature ...
dp[2][209]=-1847.95
dp[3][209]=-2265.13
dp[4][209]=-2293.26
dp[5][209]=-2354.18
dp[6][209]=-2344.08
dp[7][209]=-2322.15
dp[8][209]=-2254.74
dp[9][209]=-2142.9
dp[10][209]=-2032.43
dp[11][209]=-1892.15
dp[12][209]=-1738.02
dp[13][209]=-1583.07
dp[14][209]=-1313.54
Select best dp
Best k=5
Stratifying 5-th numerical feature ...
dp[2][209]=-209.889
dp[3][209]=-280.899
dp[4][209]=-235.046
dp[5][209]=-158.606
dp[6][209]=-59.3142
dp[7][209]=61.5641
dp[8][209]=187.995
dp[9][209]=317.719
dp[10][209]=450.246
dp[11][209]=586.759
dp[12][209]=724.366
dp[13][209]=876.052
dp[14][209]=1076.85
Select best dp
Best k=3
Stratifying 6-th numerical feature ...
dp[2][209]=-2489.34
dp[3][209]=-2716.85
dp[4][209]=-2735.16
dp[5][209]=-2704.74
dp[6][209]=-2629.15
dp[7][209]=-2533.04
dp[8][209]=-2436.48
dp[9][209]=-2326.42
dp[10][209]=-2204.96
dp[11][209]=-2065.02
dp[12][209]=-1912.93
dp[13][209]=-1758.89
dp[14][209]=-1577.95
Select best dp
Best k=4
Stratifying 7-th numerical feature ...
dp[2][209]=-338.047
dp[3][209]=-513.255
dp[4][209]=-686.155
dp[5][209]=-675.045
dp[6][209]=-610.031
dp[7][209]=-530.74
dp[8][209]=-437.155
dp[9][209]=-333.183
dp[10][209]=-229.13
dp[11][209]=-106.412
dp[12][209]=20.9428
dp[13][209]=178.085
dp[14][209]=395.018
Select best dp
Best k=4
Stratifying 8-th numerical feature ...
dp[2][209]=-339.005
dp[3][209]=-507.772
dp[4][209]=-657.045
dp[5][209]=-687.346
dp[6][209]=-621.359
dp[7][209]=-540.494
dp[8][209]=-433.752
dp[9][209]=-326.689
dp[10][209]=-217.69
dp[11][209]=-98.7167
dp[12][209]=22.9461
dp[13][209]=187.2
dp[14][209]=440.51
Select best dp
Best k=5
Stratifying 9-th numerical feature ...
dp[2][209]=-335.212
dp[3][209]=-517.426
dp[4][209]=-640.587
dp[5][209]=-598.627
dp[6][209]=-559.385
dp[7][209]=-492.457
dp[8][209]=-401.867
dp[9][209]=-309.224
dp[10][209]=-185.979
dp[11][209]=-50.7197
dp[12][209]=86.8838
dp[13][209]=256.452
dp[14][209]=447.941
Select best dp
Best k=4
Stratifying 10-th numerical feature ...
dp[2][209]=-299.45
dp[3][209]=-516.123
dp[4][209]=-693.901
dp[5][209]=-674.17
dp[6][209]=-609.822
dp[7][209]=-514.571
dp[8][209]=-406.289
dp[9][209]=-296.804
dp[10][209]=-188.087
dp[11][209]=-73.4697
dp[12][209]=61.0412
dp[13][209]=230.109
dp[14][209]=462.695
Select best dp
Best k=4
Stratifying 11-th numerical feature ...
dp[2][209]=-133.833
dp[3][209]=-185.616
dp[4][209]=-178.237
dp[5][209]=-123.741
dp[6][209]=-52.2427
dp[7][209]=26.4037
dp[8][209]=153.082
dp[9][209]=283.259
dp[10][209]=414.129
dp[11][209]=552.429
dp[12][209]=705.649
dp[13][209]=883.009
dp[14][209]=1099.78
Select best dp
Best k=3
Stratifying 12-th numerical feature ...
dp[2][209]=-198.313
dp[3][209]=-204.351
dp[4][209]=-174.375
dp[5][209]=-137.268
dp[6][209]=-95.4093
dp[7][209]=6.50144
dp[8][209]=108.782
dp[9][209]=243.214
dp[10][209]=386.693
dp[11][209]=536.558
dp[12][209]=694.508
dp[13][209]=861.566
dp[14][209]=1074.63
Select best dp
Best k=3
Stratifying 13-th numerical feature ...
dp[2][209]=-52.6476
dp[3][209]=-145.535
dp[4][209]=-122.161
dp[5][209]=-90.3593
dp[6][209]=-27.2626
dp[7][209]=69.7657
dp[8][209]=168.468
dp[9][209]=296.592
dp[10][209]=438.451
dp[11][209]=588.72
dp[12][209]=745.622
dp[13][209]=910.391
dp[14][209]=1085.09
Select best dp
Best k=3
Stratifying 14-th numerical feature ...
dp[2][209]=-323.865
dp[3][209]=-506.282
dp[4][209]=-665.624
dp[5][209]=-625.82
dp[6][209]=-559.873
dp[7][209]=-485.559
dp[8][209]=-394.788
dp[9][209]=-302.459
dp[10][209]=-209.749
dp[11][209]=-96.7492
dp[12][209]=32.6755
dp[13][209]=178.974
dp[14][209]=408.926
Select best dp
Best k=4
Stratifying 15-th numerical feature ...
dp[2][209]=-194.995
dp[3][209]=-292.04
dp[4][209]=-325.752
dp[5][209]=-334.442
dp[6][209]=-242.219
dp[7][209]=-134.679
dp[8][209]=-10.8001
dp[9][209]=115.786
dp[10][209]=239.665
dp[11][209]=386.69
dp[12][209]=535.786
dp[13][209]=693.718
dp[14][209]=913.186
Select best dp
Best k=5
Stratifying 16-th numerical feature ...
dp[2][209]=-267.493
dp[3][209]=-276.506
dp[4][209]=-284.783
dp[5][209]=-201.192
dp[6][209]=-94.3059
dp[7][209]=19.5871
dp[8][209]=142.29
dp[9][209]=275.677
dp[10][209]=417.73
dp[11][209]=566.228
dp[12][209]=721.016
dp[13][209]=883.477
dp[14][209]=1076.44
Select best dp
Best k=4
