Standardize ...
Stratifying 1-th numerical feature ...
dp[2][6434]=-11768.5
dp[3][6434]=-4.95e+12
dp[4][6434]=-8.04e+12
dp[5][6434]=-9.89e+12
dp[6][6434]=-1.416e+13
dp[7][6434]=-1.725e+13
dp[8][6434]=-1.91e+13
dp[9][6434]=-2.245e+13
dp[10][6434]=-2.428e+13
dp[11][6434]=-2.617e+13
dp[12][6434]=-2.741e+13
dp[13][6434]=-2.929e+13
dp[14][6434]=-3.053e+13
dp[15][6434]=-3.22e+13
dp[16][6434]=-3.303e+13
dp[17][6434]=-3.47e+13
dp[18][6434]=-3.567e+13
dp[19][6434]=-3.696e+13
dp[20][6434]=-3.833e+13
dp[21][6434]=-3.986e+13
dp[22][6434]=-4.124e+13
dp[23][6434]=-4.249e+13
dp[24][6434]=-4.361e+13
dp[25][6434]=-4.481e+13
dp[26][6434]=-4.533e+13
dp[27][6434]=-4.653e+13
dp[28][6434]=-4.765e+13
dp[29][6434]=-4.817e+13
dp[30][6434]=-4.937e+13
dp[31][6434]=-5.028e+13
dp[32][6434]=-5.096e+13
dp[33][6434]=-5.187e+13
dp[34][6434]=-5.21e+13
dp[35][6434]=-5.301e+13
dp[36][6434]=-5.301e+13
dp[37][6434]=-5.301e+13
dp[38][6434]=-5.301e+13
dp[39][6434]=-5.301e+13
dp[40][6434]=-5.301e+13
dp[41][6434]=-5.301e+13
dp[42][6434]=-5.301e+13
dp[43][6434]=-5.301e+13
dp[44][6434]=-5.301e+13
dp[45][6434]=-5.301e+13
dp[46][6434]=-5.301e+13
dp[47][6434]=-5.301e+13
dp[48][6434]=-5.301e+13
dp[49][6434]=-5.301e+13
dp[50][6434]=-5.301e+13
dp[51][6434]=-5.301e+13
dp[52][6434]=-5.301e+13
dp[53][6434]=-5.301e+13
dp[54][6434]=-5.301e+13
dp[55][6434]=-5.301e+13
dp[56][6434]=-5.301e+13
dp[57][6434]=-5.28e+13
dp[58][6434]=-5.236e+13
dp[59][6434]=-5.161e+13
dp[60][6434]=-5.07e+13
dp[61][6434]=-4.979e+13
dp[62][6434]=-4.888e+13
dp[63][6434]=-4.797e+13
dp[64][6434]=-4.706e+13
dp[65][6434]=-4.615e+13
dp[66][6434]=-4.524e+13
dp[67][6434]=-4.388e+13
dp[68][6434]=-4.241e+13
dp[69][6434]=-3.968e+13
dp[70][6434]=-3.695e+13
Select best dp
Best k=35
Stratifying 2-th numerical feature ...
dp[2][6434]=-13836
dp[3][6434]=-3.16e+12
dp[4][6434]=-4.69e+12
dp[5][6434]=-7.8e+12
dp[6][6434]=-9.34e+12
dp[7][6434]=-1.089e+13
dp[8][6434]=-1.243e+13
dp[9][6434]=-1.375e+13
dp[10][6434]=-1.519e+13
dp[11][6434]=-1.673e+13
dp[12][6434]=-1.805e+13
dp[13][6434]=-1.945e+13
dp[14][6434]=-2.099e+13
dp[15][6434]=-2.231e+13
dp[16][6434]=-2.351e+13
dp[17][6434]=-2.497e+13
dp[18][6434]=-2.629e+13
dp[19][6434]=-2.711e+13
dp[20][6434]=-2.843e+13
dp[21][6434]=-2.923e+13
dp[22][6434]=-3.055e+13
dp[23][6434]=-3.13e+13
dp[24][6434]=-3.255e+13
dp[25][6434]=-3.33e+13
dp[26][6434]=-3.43e+13
dp[27][6434]=-3.519e+13
dp[28][6434]=-3.596e+13
dp[29][6434]=-3.694e+13
dp[30][6434]=-3.729e+13
dp[31][6434]=-3.827e+13
dp[32][6434]=-3.827e+13
dp[33][6434]=-3.903e+13
dp[34][6434]=-3.903e+13
dp[35][6434]=-3.903e+13
dp[36][6434]=-3.903e+13
dp[37][6434]=-3.903e+13
dp[38][6434]=-3.903e+13
dp[39][6434]=-3.903e+13
dp[40][6434]=-3.903e+13
dp[41][6434]=-3.903e+13
dp[42][6434]=-3.903e+13
dp[43][6434]=-3.903e+13
dp[44][6434]=-3.903e+13
dp[45][6434]=-3.903e+13
dp[46][6434]=-3.903e+13
dp[47][6434]=-3.903e+13
dp[48][6434]=-3.903e+13
dp[49][6434]=-3.903e+13
dp[50][6434]=-3.903e+13
dp[51][6434]=-3.903e+13
dp[52][6434]=-3.903e+13
dp[53][6434]=-3.903e+13
dp[54][6434]=-3.903e+13
dp[55][6434]=-3.903e+13
dp[56][6434]=-3.903e+13
dp[57][6434]=-3.903e+13
dp[58][6434]=-3.903e+13
dp[59][6434]=-3.903e+13
dp[60][6434]=-3.895e+13
dp[61][6434]=-3.875e+13
dp[62][6434]=-3.849e+13
dp[63][6434]=-3.816e+13
dp[64][6434]=-3.725e+13
dp[65][6434]=-3.634e+13
dp[66][6434]=-3.543e+13
dp[67][6434]=-3.452e+13
dp[68][6434]=-3.321e+13
dp[69][6434]=-3.159e+13
dp[70][6434]=-2.795e+13
Select best dp
Best k=36
Stratifying 3-th numerical feature ...
dp[2][6434]=-13311.8
dp[3][6434]=-2.75e+12
dp[4][6434]=-4.76e+12
dp[5][6434]=-5.9e+12
dp[6][6434]=-7.62e+12
dp[7][6434]=-9.42e+12
dp[8][6434]=-1.066e+13
dp[9][6434]=-1.228e+13
dp[10][6434]=-1.408e+13
dp[11][6434]=-1.532e+13
dp[12][6434]=-1.781e+13
dp[13][6434]=-1.905e+13
dp[14][6434]=-2.021e+13
dp[15][6434]=-2.247e+13
dp[16][6434]=-2.371e+13
dp[17][6434]=-2.464e+13
dp[18][6434]=-2.613e+13
dp[19][6434]=-2.722e+13
dp[20][6434]=-2.83e+13
dp[21][6434]=-2.953e+13
dp[22][6434]=-3.062e+13
dp[23][6434]=-3.154e+13
dp[24][6434]=-3.263e+13
dp[25][6434]=-3.358e+13
dp[26][6434]=-3.45e+13
dp[27][6434]=-3.559e+13
dp[28][6434]=-3.625e+13
dp[29][6434]=-3.729e+13
dp[30][6434]=-3.826e+13
dp[31][6434]=-3.89e+13
dp[32][6434]=-3.996e+13
dp[33][6434]=-4.091e+13
dp[34][6434]=-4.152e+13
dp[35][6434]=-4.261e+13
dp[36][6434]=-4.337e+13
dp[37][6434]=-4.415e+13
dp[38][6434]=-4.507e+13
dp[39][6434]=-4.558e+13
dp[40][6434]=-4.661e+13
dp[41][6434]=-4.661e+13
dp[42][6434]=-4.727e+13
dp[43][6434]=-4.727e+13
dp[44][6434]=-4.727e+13
dp[45][6434]=-4.727e+13
dp[46][6434]=-4.727e+13
dp[47][6434]=-4.727e+13
dp[48][6434]=-4.727e+13
dp[49][6434]=-4.727e+13
dp[50][6434]=-4.727e+13
dp[51][6434]=-4.727e+13
dp[52][6434]=-4.727e+13
dp[53][6434]=-4.727e+13
dp[54][6434]=-4.727e+13
dp[55][6434]=-4.727e+13
dp[56][6434]=-4.727e+13
dp[57][6434]=-4.723e+13
dp[58][6434]=-4.69e+13
dp[59][6434]=-4.645e+13
dp[60][6434]=-4.577e+13
dp[61][6434]=-4.505e+13
dp[62][6434]=-4.414e+13
dp[63][6434]=-4.323e+13
dp[64][6434]=-4.232e+13
dp[65][6434]=-4.141e+13
dp[66][6434]=-4.03e+13
dp[67][6434]=-3.868e+13
dp[68][6434]=-3.686e+13
dp[69][6434]=-3.432e+13
dp[70][6434]=-2.795e+13
Select best dp
Best k=42
Stratifying 4-th numerical feature ...
dp[2][6434]=-11289.9
dp[3][6434]=-3.68e+12
dp[4][6434]=-5.6e+12
dp[5][6434]=-7.47e+12
dp[6][6434]=-9.97e+12
dp[7][6434]=-1.184e+13
dp[8][6434]=-1.303e+13
dp[9][6434]=-1.484e+13
dp[10][6434]=-1.721e+13
dp[11][6434]=-1.908e+13
dp[12][6434]=-2.027e+13
dp[13][6434]=-2.207e+13
dp[14][6434]=-2.394e+13
dp[15][6434]=-2.522e+13
dp[16][6434]=-2.666e+13
dp[17][6434]=-2.829e+13
dp[18][6434]=-3.008e+13
dp[19][6434]=-3.145e+13
dp[20][6434]=-3.29e+13
dp[21][6434]=-3.299e+13
dp[22][6434]=-3.43e+13
dp[23][6434]=-3.555e+13
dp[24][6434]=-3.67e+13
dp[25][6434]=-3.695e+13
dp[26][6434]=-3.82e+13
dp[27][6434]=-3.935e+13
dp[28][6434]=-3.958e+13
dp[29][6434]=-4.073e+13
dp[30][6434]=-4.179e+13
dp[31][6434]=-4.204e+13
dp[32][6434]=-4.317e+13
dp[33][6434]=-4.318e+13
dp[34][6434]=-4.411e+13
dp[35][6434]=-4.412e+13
dp[36][6434]=-4.5e+13
dp[37][6434]=-4.5e+13
dp[38][6434]=-4.573e+13
dp[39][6434]=-4.573e+13
dp[40][6434]=-4.573e+13
dp[41][6434]=-4.573e+13
dp[42][6434]=-4.573e+13
dp[43][6434]=-4.573e+13
dp[44][6434]=-4.573e+13
dp[45][6434]=-4.573e+13
dp[46][6434]=-4.573e+13
dp[47][6434]=-4.573e+13
dp[48][6434]=-4.573e+13
dp[49][6434]=-4.573e+13
dp[50][6434]=-4.573e+13
dp[51][6434]=-4.573e+13
dp[52][6434]=-4.573e+13
dp[53][6434]=-4.573e+13
dp[54][6434]=-4.573e+13
dp[55][6434]=-4.573e+13
dp[56][6434]=-4.573e+13
dp[57][6434]=-4.573e+13
dp[58][6434]=-4.573e+13
dp[59][6434]=-4.573e+13
dp[60][6434]=-4.573e+13
dp[61][6434]=-4.556e+13
dp[62][6434]=-4.493e+13
dp[63][6434]=-4.402e+13
dp[64][6434]=-4.311e+13
dp[65][6434]=-4.22e+13
dp[66][6434]=-4.129e+13
dp[67][6434]=-4.038e+13
dp[68][6434]=-3.856e+13
dp[69][6434]=-3.607e+13
dp[70][6434]=-3.061e+13
Select best dp
Best k=41
Stratifying 5-th numerical feature ...
dp[2][6434]=-11985.4
dp[3][6434]=-5.03e+12
dp[4][6434]=-8.13e+12
dp[5][6434]=-9.91e+12
dp[6][6434]=-1.441e+13
dp[7][6434]=-1.751e+13
dp[8][6434]=-1.952e+13
dp[9][6434]=-2.259e+13
dp[10][6434]=-2.46e+13
dp[11][6434]=-2.645e+13
dp[12][6434]=-2.769e+13
dp[13][6434]=-2.954e+13
dp[14][6434]=-3.072e+13
dp[15][6434]=-3.246e+13
dp[16][6434]=-3.314e+13
dp[17][6434]=-3.488e+13
dp[18][6434]=-3.59e+13
dp[19][6434]=-3.715e+13
dp[20][6434]=-3.854e+13
dp[21][6434]=-4.002e+13
dp[22][6434]=-4.138e+13
dp[23][6434]=-4.259e+13
dp[24][6434]=-4.365e+13
dp[25][6434]=-4.481e+13
dp[26][6434]=-4.545e+13
dp[27][6434]=-4.651e+13
dp[28][6434]=-4.767e+13
dp[29][6434]=-4.821e+13
dp[30][6434]=-4.937e+13
dp[31][6434]=-4.984e+13
dp[32][6434]=-5.1e+13
dp[33][6434]=-5.102e+13
dp[34][6434]=-5.218e+13
dp[35][6434]=-5.218e+13
dp[36][6434]=-5.218e+13
dp[37][6434]=-5.218e+13
dp[38][6434]=-5.218e+13
dp[39][6434]=-5.218e+13
dp[40][6434]=-5.218e+13
dp[41][6434]=-5.218e+13
dp[42][6434]=-5.218e+13
dp[43][6434]=-5.218e+13
dp[44][6434]=-5.218e+13
dp[45][6434]=-5.218e+13
dp[46][6434]=-5.218e+13
dp[47][6434]=-5.218e+13
dp[48][6434]=-5.218e+13
dp[49][6434]=-5.218e+13
dp[50][6434]=-5.218e+13
dp[51][6434]=-5.218e+13
dp[52][6434]=-5.218e+13
dp[53][6434]=-5.218e+13
dp[54][6434]=-5.218e+13
dp[55][6434]=-5.218e+13
dp[56][6434]=-5.218e+13
dp[57][6434]=-5.201e+13
dp[58][6434]=-5.154e+13
dp[59][6434]=-5.09e+13
dp[60][6434]=-4.999e+13
dp[61][6434]=-4.908e+13
dp[62][6434]=-4.817e+13
dp[63][6434]=-4.726e+13
dp[64][6434]=-4.635e+13
dp[65][6434]=-4.544e+13
dp[66][6434]=-4.453e+13
dp[67][6434]=-4.289e+13
dp[68][6434]=-4.107e+13
dp[69][6434]=-3.925e+13
dp[70][6434]=-3.432e+13
Select best dp
Best k=34
Stratifying 6-th numerical feature ...
dp[2][6434]=-13842.7
dp[3][6434]=-3.18e+12
dp[4][6434]=-4.81e+12
dp[5][6434]=-7.84e+12
dp[6][6434]=-9.47e+12
dp[7][6434]=-1.092e+13
dp[8][6434]=-1.255e+13
dp[9][6434]=-1.394e+13
dp[10][6434]=-1.521e+13
dp[11][6434]=-1.684e+13
dp[12][6434]=-1.823e+13
dp[13][6434]=-1.949e+13
dp[14][6434]=-2.104e+13
dp[15][6434]=-2.243e+13
dp[16][6434]=-2.345e+13
dp[17][6434]=-2.49e+13
dp[18][6434]=-2.629e+13
dp[19][6434]=-2.712e+13
dp[20][6434]=-2.846e+13
dp[21][6434]=-2.924e+13
dp[22][6434]=-3.058e+13
dp[23][6434]=-3.125e+13
dp[24][6434]=-3.259e+13
dp[25][6434]=-3.319e+13
dp[26][6434]=-3.428e+13
dp[27][6434]=-3.504e+13
dp[28][6434]=-3.581e+13
dp[29][6434]=-3.673e+13
dp[30][6434]=-3.723e+13
dp[31][6434]=-3.815e+13
dp[32][6434]=-3.815e+13
dp[33][6434]=-3.815e+13
dp[34][6434]=-3.815e+13
dp[35][6434]=-3.815e+13
dp[36][6434]=-3.815e+13
dp[37][6434]=-3.815e+13
dp[38][6434]=-3.815e+13
dp[39][6434]=-3.815e+13
dp[40][6434]=-3.815e+13
dp[41][6434]=-3.815e+13
dp[42][6434]=-3.815e+13
dp[43][6434]=-3.815e+13
dp[44][6434]=-3.815e+13
dp[45][6434]=-3.815e+13
dp[46][6434]=-3.815e+13
dp[47][6434]=-3.815e+13
dp[48][6434]=-3.815e+13
dp[49][6434]=-3.815e+13
dp[50][6434]=-3.815e+13
dp[51][6434]=-3.815e+13
dp[52][6434]=-3.815e+13
dp[53][6434]=-3.815e+13
dp[54][6434]=-3.815e+13
dp[55][6434]=-3.815e+13
dp[56][6434]=-3.815e+13
dp[57][6434]=-3.815e+13
dp[58][6434]=-3.815e+13
dp[59][6434]=-3.815e+13
dp[60][6434]=-3.8e+13
dp[61][6434]=-3.777e+13
dp[62][6434]=-3.743e+13
dp[63][6434]=-3.652e+13
dp[64][6434]=-3.561e+13
dp[65][6434]=-3.47e+13
dp[66][6434]=-3.379e+13
dp[67][6434]=-3.288e+13
dp[68][6434]=-3.124e+13
dp[69][6434]=-2.959e+13
dp[70][6434]=-2.613e+13
Select best dp
Best k=34
Stratifying 7-th numerical feature ...
dp[2][6434]=-13549.4
dp[3][6434]=-2.86e+12
dp[4][6434]=-4.93e+12
dp[5][6434]=-5.95e+12
dp[6][6434]=-7.61e+12
dp[7][6434]=-9.65e+12
dp[8][6434]=-1.071e+13
dp[9][6434]=-1.233e+13
dp[10][6434]=-1.418e+13
dp[11][6434]=-1.543e+13
dp[12][6434]=-1.766e+13
dp[13][6434]=-1.891e+13
dp[14][6434]=-2.011e+13
dp[15][6434]=-2.238e+13
dp[16][6434]=-2.363e+13
dp[17][6434]=-2.453e+13
dp[18][6434]=-2.601e+13
dp[19][6434]=-2.705e+13
dp[20][6434]=-2.816e+13
dp[21][6434]=-2.942e+13
dp[22][6434]=-3.046e+13
dp[23][6434]=-3.157e+13
dp[24][6434]=-3.261e+13
dp[25][6434]=-3.344e+13
dp[26][6434]=-3.455e+13
dp[27][6434]=-3.559e+13
dp[28][6434]=-3.621e+13
dp[29][6434]=-3.725e+13
dp[30][6434]=-3.825e+13
dp[31][6434]=-3.887e+13
dp[32][6434]=-3.991e+13
dp[33][6434]=-4.084e+13
dp[34][6434]=-4.151e+13
dp[35][6434]=-4.25e+13
dp[36][6434]=-4.334e+13
dp[37][6434]=-4.41e+13
dp[38][6434]=-4.5e+13
dp[39][6434]=-4.557e+13
dp[40][6434]=-4.66e+13
dp[41][6434]=-4.66e+13
dp[42][6434]=-4.727e+13
dp[43][6434]=-4.727e+13
dp[44][6434]=-4.727e+13
dp[45][6434]=-4.727e+13
dp[46][6434]=-4.727e+13
dp[47][6434]=-4.727e+13
dp[48][6434]=-4.727e+13
dp[49][6434]=-4.727e+13
dp[50][6434]=-4.727e+13
dp[51][6434]=-4.727e+13
dp[52][6434]=-4.727e+13
dp[53][6434]=-4.727e+13
dp[54][6434]=-4.727e+13
dp[55][6434]=-4.727e+13
dp[56][6434]=-4.727e+13
dp[57][6434]=-4.693e+13
dp[58][6434]=-4.651e+13
dp[59][6434]=-4.601e+13
dp[60][6434]=-4.529e+13
dp[61][6434]=-4.456e+13
dp[62][6434]=-4.365e+13
dp[63][6434]=-4.274e+13
dp[64][6434]=-4.183e+13
dp[65][6434]=-4.092e+13
dp[66][6434]=-4.001e+13
dp[67][6434]=-3.819e+13
dp[68][6434]=-3.637e+13
dp[69][6434]=-3.426e+13
dp[70][6434]=-3.062e+13
Select best dp
Best k=42
Stratifying 8-th numerical feature ...
dp[2][6434]=-11002
dp[3][6434]=-3.64e+12
dp[4][6434]=-5.63e+12
dp[5][6434]=-7.44e+12
dp[6][6434]=-1.008e+13
dp[7][6434]=-1.189e+13
dp[8][6434]=-1.305e+13
dp[9][6434]=-1.48e+13
dp[10][6434]=-1.716e+13
dp[11][6434]=-1.897e+13
dp[12][6434]=-2.013e+13
dp[13][6434]=-2.194e+13
dp[14][6434]=-2.375e+13
dp[15][6434]=-2.507e+13
dp[16][6434]=-2.646e+13
dp[17][6434]=-2.814e+13
dp[18][6434]=-2.985e+13
dp[19][6434]=-3.122e+13
dp[20][6434]=-3.259e+13
dp[21][6434]=-3.274e+13
dp[22][6434]=-3.403e+13
dp[23][6434]=-3.534e+13
dp[24][6434]=-3.635e+13
dp[25][6434]=-3.672e+13
dp[26][6434]=-3.796e+13
dp[27][6434]=-3.91e+13
dp[28][6434]=-3.934e+13
dp[29][6434]=-4.053e+13
dp[30][6434]=-4.167e+13
dp[31][6434]=-4.191e+13
dp[32][6434]=-4.305e+13
dp[33][6434]=-4.305e+13
dp[34][6434]=-4.399e+13
dp[35][6434]=-4.399e+13
dp[36][6434]=-4.482e+13
dp[37][6434]=-4.482e+13
dp[38][6434]=-4.562e+13
dp[39][6434]=-4.562e+13
dp[40][6434]=-4.562e+13
dp[41][6434]=-4.562e+13
dp[42][6434]=-4.562e+13
dp[43][6434]=-4.562e+13
dp[44][6434]=-4.562e+13
dp[45][6434]=-4.562e+13
dp[46][6434]=-4.562e+13
dp[47][6434]=-4.562e+13
dp[48][6434]=-4.562e+13
dp[49][6434]=-4.562e+13
dp[50][6434]=-4.562e+13
dp[51][6434]=-4.562e+13
dp[52][6434]=-4.562e+13
dp[53][6434]=-4.562e+13
dp[54][6434]=-4.562e+13
dp[55][6434]=-4.562e+13
dp[56][6434]=-4.562e+13
dp[57][6434]=-4.562e+13
dp[58][6434]=-4.562e+13
dp[59][6434]=-4.552e+13
dp[60][6434]=-4.499e+13
dp[61][6434]=-4.408e+13
dp[62][6434]=-4.317e+13
dp[63][6434]=-4.226e+13
dp[64][6434]=-4.135e+13
dp[65][6434]=-4.044e+13
dp[66][6434]=-3.862e+13
dp[67][6434]=-3.68e+13
dp[68][6434]=-3.498e+13
dp[69][6434]=-3.316e+13
dp[70][6434]=-2.952e+13
Select best dp
Best k=41
Stratifying 9-th numerical feature ...
dp[2][6434]=-11672.9
dp[3][6434]=-5.04e+12
dp[4][6434]=-8.16e+12
dp[5][6434]=-1.002e+13
dp[6][6434]=-1.471e+13
dp[7][6434]=-1.783e+13
dp[8][6434]=-1.981e+13
dp[9][6434]=-2.302e+13
dp[10][6434]=-2.5e+13
dp[11][6434]=-2.685e+13
dp[12][6434]=-2.804e+13
dp[13][6434]=-2.989e+13
dp[14][6434]=-3.105e+13
dp[15][6434]=-3.285e+13
dp[16][6434]=-3.352e+13
dp[17][6434]=-3.532e+13
dp[18][6434]=-3.619e+13
dp[19][6434]=-3.743e+13
dp[20][6434]=-3.878e+13
dp[21][6434]=-4.024e+13
dp[22][6434]=-4.156e+13
dp[23][6434]=-4.274e+13
dp[24][6434]=-4.389e+13
dp[25][6434]=-4.504e+13
dp[26][6434]=-4.563e+13
dp[27][6434]=-4.678e+13
dp[28][6434]=-4.793e+13
dp[29][6434]=-4.839e+13
dp[30][6434]=-4.954e+13
dp[31][6434]=-5.046e+13
dp[32][6434]=-5.111e+13
dp[33][6434]=-5.203e+13
dp[34][6434]=-5.229e+13
dp[35][6434]=-5.229e+13
dp[36][6434]=-5.229e+13
dp[37][6434]=-5.229e+13
dp[38][6434]=-5.229e+13
dp[39][6434]=-5.229e+13
dp[40][6434]=-5.229e+13
dp[41][6434]=-5.229e+13
dp[42][6434]=-5.229e+13
dp[43][6434]=-5.229e+13
dp[44][6434]=-5.229e+13
dp[45][6434]=-5.229e+13
dp[46][6434]=-5.229e+13
dp[47][6434]=-5.229e+13
dp[48][6434]=-5.229e+13
dp[49][6434]=-5.229e+13
dp[50][6434]=-5.229e+13
dp[51][6434]=-5.229e+13
dp[52][6434]=-5.229e+13
dp[53][6434]=-5.229e+13
dp[54][6434]=-5.229e+13
dp[55][6434]=-5.229e+13
dp[56][6434]=-5.229e+13
dp[57][6434]=-5.229e+13
dp[58][6434]=-5.216e+13
dp[59][6434]=-5.171e+13
dp[60][6434]=-5.118e+13
dp[61][6434]=-5.041e+13
dp[62][6434]=-4.95e+13
dp[63][6434]=-4.859e+13
dp[64][6434]=-4.768e+13
dp[65][6434]=-4.677e+13
dp[66][6434]=-4.586e+13
dp[67][6434]=-4.419e+13
dp[68][6434]=-4.237e+13
dp[69][6434]=-4.055e+13
dp[70][6434]=-3.691e+13
Select best dp
Best k=34
Stratifying 10-th numerical feature ...
dp[2][6434]=-13813.6
dp[3][6434]=-3.32e+12
dp[4][6434]=-4.85e+12
dp[5][6434]=-7.96e+12
dp[6][6434]=-9.61e+12
dp[7][6434]=-1.117e+13
dp[8][6434]=-1.282e+13
dp[9][6434]=-1.411e+13
dp[10][6434]=-1.55e+13
dp[11][6434]=-1.709e+13
dp[12][6434]=-1.838e+13
dp[13][6434]=-1.977e+13
dp[14][6434]=-2.131e+13
dp[15][6434]=-2.26e+13
dp[16][6434]=-2.367e+13
dp[17][6434]=-2.503e+13
dp[18][6434]=-2.632e+13
dp[19][6434]=-2.718e+13
dp[20][6434]=-2.847e+13
dp[21][6434]=-2.93e+13
dp[22][6434]=-3.059e+13
dp[23][6434]=-3.132e+13
dp[24][6434]=-3.26e+13
dp[25][6434]=-3.333e+13
dp[26][6434]=-3.435e+13
dp[27][6434]=-3.515e+13
dp[28][6434]=-3.596e+13
dp[29][6434]=-3.69e+13
dp[30][6434]=-3.74e+13
dp[31][6434]=-3.834e+13
dp[32][6434]=-3.834e+13
dp[33][6434]=-3.834e+13
dp[34][6434]=-3.834e+13
dp[35][6434]=-3.834e+13
dp[36][6434]=-3.834e+13
dp[37][6434]=-3.834e+13
dp[38][6434]=-3.834e+13
dp[39][6434]=-3.834e+13
dp[40][6434]=-3.834e+13
dp[41][6434]=-3.834e+13
dp[42][6434]=-3.834e+13
dp[43][6434]=-3.834e+13
dp[44][6434]=-3.834e+13
dp[45][6434]=-3.834e+13
dp[46][6434]=-3.834e+13
dp[47][6434]=-3.834e+13
dp[48][6434]=-3.834e+13
dp[49][6434]=-3.834e+13
dp[50][6434]=-3.834e+13
dp[51][6434]=-3.834e+13
dp[52][6434]=-3.834e+13
dp[53][6434]=-3.834e+13
dp[54][6434]=-3.834e+13
dp[55][6434]=-3.834e+13
dp[56][6434]=-3.834e+13
dp[57][6434]=-3.834e+13
dp[58][6434]=-3.834e+13
dp[59][6434]=-3.829e+13
dp[60][6434]=-3.817e+13
dp[61][6434]=-3.787e+13
dp[62][6434]=-3.747e+13
dp[63][6434]=-3.656e+13
dp[64][6434]=-3.565e+13
dp[65][6434]=-3.474e+13
dp[66][6434]=-3.383e+13
dp[67][6434]=-3.292e+13
dp[68][6434]=-3.141e+13
dp[69][6434]=-2.886e+13
dp[70][6434]=-2.522e+13
Select best dp
Best k=34
Stratifying 11-th numerical feature ...
dp[2][6434]=-13383.7
dp[3][6434]=-2.9e+12
dp[4][6434]=-5.01e+12
dp[5][6434]=-5.98e+12
dp[6][6434]=-7.57e+12
dp[7][6434]=-9.68e+12
dp[8][6434]=-1.085e+13
dp[9][6434]=-1.217e+13
dp[10][6434]=-1.425e+13
dp[11][6434]=-1.552e+13
dp[12][6434]=-1.67e+13
dp[13][6434]=-1.837e+13
dp[14][6434]=-1.964e+13
dp[15][6434]=-2.136e+13
dp[16][6434]=-2.263e+13
dp[17][6434]=-2.359e+13
dp[18][6434]=-2.486e+13
dp[19][6434]=-2.605e+13
dp[20][6434]=-2.709e+13
dp[21][6434]=-2.828e+13
dp[22][6434]=-2.94e+13
dp[23][6434]=-3.051e+13
dp[24][6434]=-3.163e+13
dp[25][6434]=-3.236e+13
dp[26][6434]=-3.347e+13
dp[27][6434]=-3.459e+13
dp[28][6434]=-3.512e+13
dp[29][6434]=-3.623e+13
dp[30][6434]=-3.735e+13
dp[31][6434]=-3.782e+13
dp[32][6434]=-3.893e+13
dp[33][6434]=-4.005e+13
dp[34][6434]=-4.05e+13
dp[35][6434]=-4.162e+13
dp[36][6434]=-4.261e+13
dp[37][6434]=-4.312e+13
dp[38][6434]=-4.418e+13
dp[39][6434]=-4.456e+13
dp[40][6434]=-4.562e+13
dp[41][6434]=-4.562e+13
dp[42][6434]=-4.625e+13
dp[43][6434]=-4.625e+13
dp[44][6434]=-4.625e+13
dp[45][6434]=-4.625e+13
dp[46][6434]=-4.625e+13
dp[47][6434]=-4.625e+13
dp[48][6434]=-4.625e+13
dp[49][6434]=-4.625e+13
dp[50][6434]=-4.625e+13
dp[51][6434]=-4.625e+13
dp[52][6434]=-4.625e+13
dp[53][6434]=-4.625e+13
dp[54][6434]=-4.625e+13
dp[55][6434]=-4.625e+13
dp[56][6434]=-4.625e+13
dp[57][6434]=-4.594e+13
dp[58][6434]=-4.553e+13
dp[59][6434]=-4.501e+13
dp[60][6434]=-4.431e+13
dp[61][6434]=-4.359e+13
dp[62][6434]=-4.286e+13
dp[63][6434]=-4.195e+13
dp[64][6434]=-4.104e+13
dp[65][6434]=-4.013e+13
dp[66][6434]=-3.922e+13
dp[67][6434]=-3.831e+13
dp[68][6434]=-3.558e+13
dp[69][6434]=-3.194e+13
dp[70][6434]=-2.704e+13
Select best dp
Best k=42
Stratifying 12-th numerical feature ...
dp[2][6434]=-11334.1
dp[3][6434]=-3.67e+12
dp[4][6434]=-5.62e+12
dp[5][6434]=-7.46e+12
dp[6][6434]=-9.06e+12
dp[7][6434]=-1.09e+13
dp[8][6434]=-1.248e+13
dp[9][6434]=-1.432e+13
dp[10][6434]=-1.592e+13
dp[11][6434]=-1.776e+13
dp[12][6434]=-1.896e+13
dp[13][6434]=-2.071e+13
dp[14][6434]=-2.255e+13
dp[15][6434]=-2.397e+13
dp[16][6434]=-2.539e+13
dp[17][6434]=-2.71e+13
dp[18][6434]=-2.876e+13
dp[19][6434]=-3.013e+13
dp[20][6434]=-3.147e+13
dp[21][6434]=-3.171e+13
dp[22][6434]=-3.308e+13
dp[23][6434]=-3.442e+13
dp[24][6434]=-3.537e+13
dp[25][6434]=-3.583e+13
dp[26][6434]=-3.717e+13
dp[27][6434]=-3.832e+13
dp[28][6434]=-3.852e+13
dp[29][6434]=-3.97e+13
dp[30][6434]=-4.085e+13
dp[31][6434]=-4.098e+13
dp[32][6434]=-4.213e+13
dp[33][6434]=-4.213e+13
dp[34][6434]=-4.311e+13
dp[35][6434]=-4.311e+13
dp[36][6434]=-4.408e+13
dp[37][6434]=-4.408e+13
dp[38][6434]=-4.492e+13
dp[39][6434]=-4.492e+13
dp[40][6434]=-4.492e+13
dp[41][6434]=-4.492e+13
dp[42][6434]=-4.492e+13
dp[43][6434]=-4.492e+13
dp[44][6434]=-4.492e+13
dp[45][6434]=-4.492e+13
dp[46][6434]=-4.492e+13
dp[47][6434]=-4.492e+13
dp[48][6434]=-4.492e+13
dp[49][6434]=-4.492e+13
dp[50][6434]=-4.492e+13
dp[51][6434]=-4.492e+13
dp[52][6434]=-4.492e+13
dp[53][6434]=-4.492e+13
dp[54][6434]=-4.492e+13
dp[55][6434]=-4.492e+13
dp[56][6434]=-4.492e+13
dp[57][6434]=-4.492e+13
dp[58][6434]=-4.492e+13
dp[59][6434]=-4.492e+13
dp[60][6434]=-4.475e+13
dp[61][6434]=-4.417e+13
dp[62][6434]=-4.326e+13
dp[63][6434]=-4.235e+13
dp[64][6434]=-4.144e+13
dp[65][6434]=-4.053e+13
dp[66][6434]=-3.962e+13
dp[67][6434]=-3.78e+13
dp[68][6434]=-3.598e+13
dp[69][6434]=-3.416e+13
dp[70][6434]=-2.885e+13
Select best dp
Best k=41
Stratifying 13-th numerical feature ...
dp[2][6434]=-11700.1
dp[3][6434]=-4.98e+12
dp[4][6434]=-7.94e+12
dp[5][6434]=-9.77e+12
dp[6][6434]=-1.424e+13
dp[7][6434]=-1.72e+13
dp[8][6434]=-1.908e+13
dp[9][6434]=-2.261e+13
dp[10][6434]=-2.449e+13
dp[11][6434]=-2.634e+13
dp[12][6434]=-2.753e+13
dp[13][6434]=-2.923e+13
dp[14][6434]=-3.042e+13
dp[15][6434]=-3.211e+13
dp[16][6434]=-3.283e+13
dp[17][6434]=-3.452e+13
dp[18][6434]=-3.548e+13
dp[19][6434]=-3.681e+13
dp[20][6434]=-3.822e+13
dp[21][6434]=-3.969e+13
dp[22][6434]=-4.108e+13
dp[23][6434]=-4.232e+13
dp[24][6434]=-4.334e+13
dp[25][6434]=-4.456e+13
dp[26][6434]=-4.512e+13
dp[27][6434]=-4.624e+13
dp[28][6434]=-4.736e+13
dp[29][6434]=-4.782e+13
dp[30][6434]=-4.904e+13
dp[31][6434]=-4.999e+13
dp[32][6434]=-5.061e+13
dp[33][6434]=-5.156e+13
dp[34][6434]=-5.177e+13
dp[35][6434]=-5.272e+13
dp[36][6434]=-5.272e+13
dp[37][6434]=-5.272e+13
dp[38][6434]=-5.272e+13
dp[39][6434]=-5.272e+13
dp[40][6434]=-5.272e+13
dp[41][6434]=-5.272e+13
dp[42][6434]=-5.272e+13
dp[43][6434]=-5.272e+13
dp[44][6434]=-5.272e+13
dp[45][6434]=-5.272e+13
dp[46][6434]=-5.272e+13
dp[47][6434]=-5.272e+13
dp[48][6434]=-5.272e+13
dp[49][6434]=-5.272e+13
dp[50][6434]=-5.272e+13
dp[51][6434]=-5.272e+13
dp[52][6434]=-5.272e+13
dp[53][6434]=-5.272e+13
dp[54][6434]=-5.272e+13
dp[55][6434]=-5.272e+13
dp[56][6434]=-5.265e+13
dp[57][6434]=-5.223e+13
dp[58][6434]=-5.175e+13
dp[59][6434]=-5.102e+13
dp[60][6434]=-5.011e+13
dp[61][6434]=-4.92e+13
dp[62][6434]=-4.829e+13
dp[63][6434]=-4.738e+13
dp[64][6434]=-4.647e+13
dp[65][6434]=-4.556e+13
dp[66][6434]=-4.465e+13
dp[67][6434]=-4.374e+13
dp[68][6434]=-4.223e+13
dp[69][6434]=-3.877e+13
dp[70][6434]=-3.422e+13
Select best dp
Best k=35
Stratifying 14-th numerical feature ...
dp[2][6434]=-13789.2
dp[3][6434]=-3.39e+12
dp[4][6434]=-5e+12
dp[5][6434]=-8.18e+12
dp[6][6434]=-9.85e+12
dp[7][6434]=-1.131e+13
dp[8][6434]=-1.298e+13
dp[9][6434]=-1.428e+13
dp[10][6434]=-1.572e+13
dp[11][6434]=-1.726e+13
dp[12][6434]=-1.856e+13
dp[13][6434]=-1.997e+13
dp[14][6434]=-2.138e+13
dp[15][6434]=-2.268e+13
dp[16][6434]=-2.407e+13
dp[17][6434]=-2.543e+13
dp[18][6434]=-2.673e+13
dp[19][6434]=-2.764e+13
dp[20][6434]=-2.894e+13
dp[21][6434]=-2.977e+13
dp[22][6434]=-3.107e+13
dp[23][6434]=-3.187e+13
dp[24][6434]=-3.317e+13
dp[25][6434]=-3.387e+13
dp[26][6434]=-3.495e+13
dp[27][6434]=-3.565e+13
dp[28][6434]=-3.67e+13
dp[29][6434]=-3.743e+13
dp[30][6434]=-3.806e+13
dp[31][6434]=-3.879e+13
dp[32][6434]=-3.879e+13
dp[33][6434]=-3.952e+13
dp[34][6434]=-3.952e+13
dp[35][6434]=-3.952e+13
dp[36][6434]=-3.952e+13
dp[37][6434]=-3.952e+13
dp[38][6434]=-3.952e+13
dp[39][6434]=-3.952e+13
dp[40][6434]=-3.952e+13
dp[41][6434]=-3.952e+13
dp[42][6434]=-3.952e+13
dp[43][6434]=-3.952e+13
dp[44][6434]=-3.952e+13
dp[45][6434]=-3.952e+13
dp[46][6434]=-3.952e+13
dp[47][6434]=-3.952e+13
dp[48][6434]=-3.952e+13
dp[49][6434]=-3.952e+13
dp[50][6434]=-3.952e+13
dp[51][6434]=-3.952e+13
dp[52][6434]=-3.952e+13
dp[53][6434]=-3.952e+13
dp[54][6434]=-3.952e+13
dp[55][6434]=-3.952e+13
dp[56][6434]=-3.952e+13
dp[57][6434]=-3.952e+13
dp[58][6434]=-3.952e+13
dp[59][6434]=-3.952e+13
dp[60][6434]=-3.952e+13
dp[61][6434]=-3.945e+13
dp[62][6434]=-3.919e+13
dp[63][6434]=-3.879e+13
dp[64][6434]=-3.788e+13
dp[65][6434]=-3.697e+13
dp[66][6434]=-3.606e+13
dp[67][6434]=-3.515e+13
dp[68][6434]=-3.385e+13
dp[69][6434]=-3.25e+13
dp[70][6434]=-2.977e+13
Select best dp
Best k=36
Stratifying 15-th numerical feature ...
dp[2][6434]=-13334.2
dp[3][6434]=-2.99e+12
dp[4][6434]=-4.93e+12
dp[5][6434]=-5.91e+12
dp[6][6434]=-7.67e+12
dp[7][6434]=-9.61e+12
dp[8][6434]=-1.084e+13
dp[9][6434]=-1.201e+13
dp[10][6434]=-1.373e+13
dp[11][6434]=-1.498e+13
dp[12][6434]=-1.668e+13
dp[13][6434]=-1.781e+13
dp[14][6434]=-1.9e+13
dp[15][6434]=-2.046e+13
dp[16][6434]=-2.153e+13
dp[17][6434]=-2.278e+13
dp[18][6434]=-2.418e+13
dp[19][6434]=-2.52e+13
dp[20][6434]=-2.644e+13
dp[21][6434]=-2.77e+13
dp[22][6434]=-2.872e+13
dp[23][6434]=-2.976e+13
dp[24][6434]=-3.078e+13
dp[25][6434]=-3.162e+13
dp[26][6434]=-3.266e+13
dp[27][6434]=-3.368e+13
dp[28][6434]=-3.432e+13
dp[29][6434]=-3.534e+13
dp[30][6434]=-3.631e+13
dp[31][6434]=-3.695e+13
dp[32][6434]=-3.797e+13
dp[33][6434]=-3.888e+13
dp[34][6434]=-3.952e+13
dp[35][6434]=-4.054e+13
dp[36][6434]=-4.128e+13
dp[37][6434]=-4.205e+13
dp[38][6434]=-4.294e+13
dp[39][6434]=-4.343e+13
dp[40][6434]=-4.445e+13
dp[41][6434]=-4.445e+13
dp[42][6434]=-4.531e+13
dp[43][6434]=-4.531e+13
dp[44][6434]=-4.531e+13
dp[45][6434]=-4.531e+13
dp[46][6434]=-4.531e+13
dp[47][6434]=-4.531e+13
dp[48][6434]=-4.531e+13
dp[49][6434]=-4.531e+13
dp[50][6434]=-4.531e+13
dp[51][6434]=-4.531e+13
dp[52][6434]=-4.531e+13
dp[53][6434]=-4.531e+13
dp[54][6434]=-4.531e+13
dp[55][6434]=-4.531e+13
dp[56][6434]=-4.531e+13
dp[57][6434]=-4.501e+13
dp[58][6434]=-4.462e+13
dp[59][6434]=-4.371e+13
dp[60][6434]=-4.28e+13
dp[61][6434]=-4.189e+13
dp[62][6434]=-4.098e+13
dp[63][6434]=-4.007e+13
dp[64][6434]=-3.916e+13
dp[65][6434]=-3.802e+13
dp[66][6434]=-3.655e+13
dp[67][6434]=-3.501e+13
dp[68][6434]=-3.319e+13
dp[69][6434]=-3.046e+13
dp[70][6434]=-2.609e+13
Select best dp
Best k=42
Stratifying 16-th numerical feature ...
dp[2][6434]=-11300.8
dp[3][6434]=-3.62e+12
dp[4][6434]=-5.61e+12
dp[5][6434]=-7.57e+12
dp[6][6434]=-9.74e+12
dp[7][6434]=-1.17e+13
dp[8][6434]=-1.317e+13
dp[9][6434]=-1.513e+13
dp[10][6434]=-1.73e+13
dp[11][6434]=-1.926e+13
dp[12][6434]=-2.041e+13
dp[13][6434]=-2.201e+13
dp[14][6434]=-2.368e+13
dp[15][6434]=-2.528e+13
dp[16][6434]=-2.673e+13
dp[17][6434]=-2.82e+13
dp[18][6434]=-2.935e+13
dp[19][6434]=-2.992e+13
dp[20][6434]=-3.102e+13
dp[21][6434]=-3.207e+13
dp[22][6434]=-3.317e+13
dp[23][6434]=-3.374e+13
dp[24][6434]=-3.484e+13
dp[25][6434]=-3.581e+13
dp[26][6434]=-3.638e+13
dp[27][6434]=-3.748e+13
dp[28][6434]=-3.83e+13
dp[29][6434]=-3.887e+13
dp[30][6434]=-3.997e+13
dp[31][6434]=-4.017e+13
dp[32][6434]=-4.126e+13
dp[33][6434]=-4.135e+13
dp[34][6434]=-4.226e+13
dp[35][6434]=-4.235e+13
dp[36][6434]=-4.317e+13
dp[37][6434]=-4.317e+13
dp[38][6434]=-4.381e+13
dp[39][6434]=-4.381e+13
dp[40][6434]=-4.381e+13
dp[41][6434]=-4.381e+13
dp[42][6434]=-4.381e+13
dp[43][6434]=-4.381e+13
dp[44][6434]=-4.381e+13
dp[45][6434]=-4.381e+13
dp[46][6434]=-4.381e+13
dp[47][6434]=-4.381e+13
dp[48][6434]=-4.381e+13
dp[49][6434]=-4.381e+13
dp[50][6434]=-4.381e+13
dp[51][6434]=-4.381e+13
dp[52][6434]=-4.381e+13
dp[53][6434]=-4.381e+13
dp[54][6434]=-4.381e+13
dp[55][6434]=-4.381e+13
dp[56][6434]=-4.381e+13
dp[57][6434]=-4.381e+13
dp[58][6434]=-4.381e+13
dp[59][6434]=-4.364e+13
dp[60][6434]=-4.308e+13
dp[61][6434]=-4.217e+13
dp[62][6434]=-4.126e+13
dp[63][6434]=-4.035e+13
dp[64][6434]=-3.944e+13
dp[65][6434]=-3.853e+13
dp[66][6434]=-3.762e+13
dp[67][6434]=-3.671e+13
dp[68][6434]=-3.421e+13
dp[69][6434]=-3.057e+13
dp[70][6434]=-2.693e+13
Select best dp
Best k=41
Stratifying 17-th numerical feature ...
dp[2][6434]=-11766
dp[3][6434]=-5.08e+12
dp[4][6434]=-8.1e+12
dp[5][6434]=-1e+13
dp[6][6434]=-1.435e+13
dp[7][6434]=-1.737e+13
dp[8][6434]=-1.939e+13
dp[9][6434]=-2.285e+13
dp[10][6434]=-2.487e+13
dp[11][6434]=-2.673e+13
dp[12][6434]=-2.786e+13
dp[13][6434]=-2.962e+13
dp[14][6434]=-3.075e+13
dp[15][6434]=-3.248e+13
dp[16][6434]=-3.316e+13
dp[17][6434]=-3.489e+13
dp[18][6434]=-3.583e+13
dp[19][6434]=-3.712e+13
dp[20][6434]=-3.849e+13
dp[21][6434]=-3.992e+13
dp[22][6434]=-4.126e+13
dp[23][6434]=-4.243e+13
dp[24][6434]=-4.35e+13
dp[25][6434]=-4.466e+13
dp[26][6434]=-4.534e+13
dp[27][6434]=-4.641e+13
dp[28][6434]=-4.757e+13
dp[29][6434]=-4.802e+13
dp[30][6434]=-4.918e+13
dp[31][6434]=-5.011e+13
dp[32][6434]=-5.077e+13
dp[33][6434]=-5.172e+13
dp[34][6434]=-5.188e+13
dp[35][6434]=-5.283e+13
dp[36][6434]=-5.283e+13
dp[37][6434]=-5.283e+13
dp[38][6434]=-5.283e+13
dp[39][6434]=-5.283e+13
dp[40][6434]=-5.283e+13
dp[41][6434]=-5.283e+13
dp[42][6434]=-5.283e+13
dp[43][6434]=-5.283e+13
dp[44][6434]=-5.283e+13
dp[45][6434]=-5.283e+13
dp[46][6434]=-5.283e+13
dp[47][6434]=-5.283e+13
dp[48][6434]=-5.283e+13
dp[49][6434]=-5.283e+13
dp[50][6434]=-5.283e+13
dp[51][6434]=-5.283e+13
dp[52][6434]=-5.283e+13
dp[53][6434]=-5.283e+13
dp[54][6434]=-5.283e+13
dp[55][6434]=-5.283e+13
dp[56][6434]=-5.283e+13
dp[57][6434]=-5.283e+13
dp[58][6434]=-5.273e+13
dp[59][6434]=-5.222e+13
dp[60][6434]=-5.153e+13
dp[61][6434]=-5.062e+13
dp[62][6434]=-4.971e+13
dp[63][6434]=-4.88e+13
dp[64][6434]=-4.789e+13
dp[65][6434]=-4.698e+13
dp[66][6434]=-4.607e+13
dp[67][6434]=-4.476e+13
dp[68][6434]=-4.203e+13
dp[69][6434]=-3.873e+13
dp[70][6434]=-3.523e+13
Select best dp
Best k=35
Stratifying 18-th numerical feature ...
dp[2][6434]=-13891.9
dp[3][6434]=-3.34e+12
dp[4][6434]=-4.91e+12
dp[5][6434]=-8.13e+12
dp[6][6434]=-9.74e+12
dp[7][6434]=-1.126e+13
dp[8][6434]=-1.287e+13
dp[9][6434]=-1.415e+13
dp[10][6434]=-1.563e+13
dp[11][6434]=-1.71e+13
dp[12][6434]=-1.838e+13
dp[13][6434]=-1.986e+13
dp[14][6434]=-2.124e+13
dp[15][6434]=-2.252e+13
dp[16][6434]=-2.398e+13
dp[17][6434]=-2.534e+13
dp[18][6434]=-2.662e+13
dp[19][6434]=-2.752e+13
dp[20][6434]=-2.88e+13
dp[21][6434]=-2.958e+13
dp[22][6434]=-3.086e+13
dp[23][6434]=-3.159e+13
dp[24][6434]=-3.287e+13
dp[25][6434]=-3.352e+13
dp[26][6434]=-3.464e+13
dp[27][6434]=-3.529e+13
dp[28][6434]=-3.615e+13
dp[29][6434]=-3.701e+13
dp[30][6434]=-3.763e+13
dp[31][6434]=-3.849e+13
dp[32][6434]=-3.935e+13
dp[33][6434]=-3.935e+13
dp[34][6434]=-3.935e+13
dp[35][6434]=-3.935e+13
dp[36][6434]=-3.935e+13
dp[37][6434]=-3.935e+13
dp[38][6434]=-3.935e+13
dp[39][6434]=-3.935e+13
dp[40][6434]=-3.935e+13
dp[41][6434]=-3.935e+13
dp[42][6434]=-3.935e+13
dp[43][6434]=-3.935e+13
dp[44][6434]=-3.935e+13
dp[45][6434]=-3.935e+13
dp[46][6434]=-3.935e+13
dp[47][6434]=-3.935e+13
dp[48][6434]=-3.935e+13
dp[49][6434]=-3.935e+13
dp[50][6434]=-3.935e+13
dp[51][6434]=-3.935e+13
dp[52][6434]=-3.935e+13
dp[53][6434]=-3.935e+13
dp[54][6434]=-3.935e+13
dp[55][6434]=-3.935e+13
dp[56][6434]=-3.935e+13
dp[57][6434]=-3.935e+13
dp[58][6434]=-3.935e+13
dp[59][6434]=-3.935e+13
dp[60][6434]=-3.935e+13
dp[61][6434]=-3.914e+13
dp[62][6434]=-3.823e+13
dp[63][6434]=-3.732e+13
dp[64][6434]=-3.641e+13
dp[65][6434]=-3.55e+13
dp[66][6434]=-3.454e+13
dp[67][6434]=-3.326e+13
dp[68][6434]=-3.156e+13
dp[69][6434]=-2.886e+13
dp[70][6434]=-2.522e+13
Select best dp
Best k=35
Stratifying 19-th numerical feature ...
dp[2][6434]=-13657.8
dp[3][6434]=-2.97e+12
dp[4][6434]=-5.03e+12
dp[5][6434]=-5.95e+12
dp[6][6434]=-7.7e+12
dp[7][6434]=-9.76e+12
dp[8][6434]=-1.098e+13
dp[9][6434]=-1.214e+13
dp[10][6434]=-1.376e+13
dp[11][6434]=-1.5e+13
dp[12][6434]=-1.667e+13
dp[13][6434]=-1.783e+13
dp[14][6434]=-1.896e+13
dp[15][6434]=-2.042e+13
dp[16][6434]=-2.148e+13
dp[17][6434]=-2.271e+13
dp[18][6434]=-2.407e+13
dp[19][6434]=-2.508e+13
dp[20][6434]=-2.631e+13
dp[21][6434]=-2.75e+13
dp[22][6434]=-2.851e+13
dp[23][6434]=-2.946e+13
dp[24][6434]=-3.051e+13
dp[25][6434]=-3.152e+13
dp[26][6434]=-3.247e+13
dp[27][6434]=-3.348e+13
dp[28][6434]=-3.42e+13
dp[29][6434]=-3.515e+13
dp[30][6434]=-3.616e+13
dp[31][6434]=-3.677e+13
dp[32][6434]=-3.777e+13
dp[33][6434]=-3.873e+13
dp[34][6434]=-3.933e+13
dp[35][6434]=-4.034e+13
dp[36][6434]=-4.124e+13
dp[37][6434]=-4.189e+13
dp[38][6434]=-4.285e+13
dp[39][6434]=-4.339e+13
dp[40][6434]=-4.44e+13
dp[41][6434]=-4.44e+13
dp[42][6434]=-4.521e+13
dp[43][6434]=-4.521e+13
dp[44][6434]=-4.521e+13
dp[45][6434]=-4.521e+13
dp[46][6434]=-4.521e+13
dp[47][6434]=-4.521e+13
dp[48][6434]=-4.521e+13
dp[49][6434]=-4.521e+13
dp[50][6434]=-4.521e+13
dp[51][6434]=-4.521e+13
dp[52][6434]=-4.521e+13
dp[53][6434]=-4.521e+13
dp[54][6434]=-4.521e+13
dp[55][6434]=-4.521e+13
dp[56][6434]=-4.492e+13
dp[57][6434]=-4.456e+13
dp[58][6434]=-4.389e+13
dp[59][6434]=-4.322e+13
dp[60][6434]=-4.231e+13
dp[61][6434]=-4.14e+13
dp[62][6434]=-4.049e+13
dp[63][6434]=-3.958e+13
dp[64][6434]=-3.867e+13
dp[65][6434]=-3.776e+13
dp[66][6434]=-3.685e+13
dp[67][6434]=-3.566e+13
dp[68][6434]=-3.384e+13
dp[69][6434]=-3.159e+13
dp[70][6434]=-2.795e+13
Select best dp
Best k=42
Stratifying 20-th numerical feature ...
dp[2][6434]=-11055.6
dp[3][6434]=-3.63e+12
dp[4][6434]=-5.59e+12
dp[5][6434]=-7.51e+12
dp[6][6434]=-9.75e+12
dp[7][6434]=-1.158e+13
dp[8][6434]=-1.31e+13
dp[9][6434]=-1.493e+13
dp[10][6434]=-1.726e+13
dp[11][6434]=-1.909e+13
dp[12][6434]=-2.024e+13
dp[13][6434]=-2.18e+13
dp[14][6434]=-2.349e+13
dp[15][6434]=-2.509e+13
dp[16][6434]=-2.655e+13
dp[17][6434]=-2.796e+13
dp[18][6434]=-2.911e+13
dp[19][6434]=-3.025e+13
dp[20][6434]=-3.166e+13
dp[21][6434]=-3.186e+13
dp[22][6434]=-3.318e+13
dp[23][6434]=-3.439e+13
dp[24][6434]=-3.556e+13
dp[25][6434]=-3.591e+13
dp[26][6434]=-3.711e+13
dp[27][6434]=-3.828e+13
dp[28][6434]=-3.848e+13
dp[29][6434]=-3.96e+13
dp[30][6434]=-4.077e+13
dp[31][6434]=-4.097e+13
dp[32][6434]=-4.201e+13
dp[33][6434]=-4.206e+13
dp[34][6434]=-4.3e+13
dp[35][6434]=-4.305e+13
dp[36][6434]=-4.386e+13
dp[37][6434]=-4.388e+13
dp[38][6434]=-4.469e+13
dp[39][6434]=-4.469e+13
dp[40][6434]=-4.469e+13
dp[41][6434]=-4.469e+13
dp[42][6434]=-4.469e+13
dp[43][6434]=-4.469e+13
dp[44][6434]=-4.469e+13
dp[45][6434]=-4.469e+13
dp[46][6434]=-4.469e+13
dp[47][6434]=-4.469e+13
dp[48][6434]=-4.469e+13
dp[49][6434]=-4.469e+13
dp[50][6434]=-4.469e+13
dp[51][6434]=-4.469e+13
dp[52][6434]=-4.469e+13
dp[53][6434]=-4.469e+13
dp[54][6434]=-4.469e+13
dp[55][6434]=-4.469e+13
dp[56][6434]=-4.469e+13
dp[57][6434]=-4.469e+13
dp[58][6434]=-4.459e+13
dp[59][6434]=-4.395e+13
dp[60][6434]=-4.304e+13
dp[61][6434]=-4.213e+13
dp[62][6434]=-4.122e+13
dp[63][6434]=-4.031e+13
dp[64][6434]=-3.94e+13
dp[65][6434]=-3.849e+13
dp[66][6434]=-3.758e+13
dp[67][6434]=-3.603e+13
dp[68][6434]=-3.421e+13
dp[69][6434]=-3.239e+13
dp[70][6434]=-2.875e+13
Select best dp
Best k=41
Stratifying 21-th numerical feature ...
dp[2][6434]=-11590.9
dp[3][6434]=-5.11e+12
dp[4][6434]=-8.26e+12
dp[5][6434]=-1.013e+13
dp[6][6434]=-1.475e+13
dp[7][6434]=-1.79e+13
dp[8][6434]=-1.978e+13
dp[9][6434]=-2.334e+13
dp[10][6434]=-2.522e+13
dp[11][6434]=-2.712e+13
dp[12][6434]=-2.833e+13
dp[13][6434]=-3.015e+13
dp[14][6434]=-3.119e+13
dp[15][6434]=-3.301e+13
dp[16][6434]=-3.351e+13
dp[17][6434]=-3.533e+13
dp[18][6434]=-3.624e+13
dp[19][6434]=-3.742e+13
dp[20][6434]=-3.884e+13
dp[21][6434]=-4.02e+13
dp[22][6434]=-4.162e+13
dp[23][6434]=-4.28e+13
dp[24][6434]=-4.373e+13
dp[25][6434]=-4.491e+13
dp[26][6434]=-4.571e+13
dp[27][6434]=-4.664e+13
dp[28][6434]=-4.782e+13
dp[29][6434]=-4.823e+13
dp[30][6434]=-4.941e+13
dp[31][6434]=-4.978e+13
dp[32][6434]=-5.096e+13
dp[33][6434]=-5.096e+13
dp[34][6434]=-5.207e+13
dp[35][6434]=-5.207e+13
dp[36][6434]=-5.207e+13
dp[37][6434]=-5.207e+13
dp[38][6434]=-5.207e+13
dp[39][6434]=-5.207e+13
dp[40][6434]=-5.207e+13
dp[41][6434]=-5.207e+13
dp[42][6434]=-5.207e+13
dp[43][6434]=-5.207e+13
dp[44][6434]=-5.207e+13
dp[45][6434]=-5.207e+13
dp[46][6434]=-5.207e+13
dp[47][6434]=-5.207e+13
dp[48][6434]=-5.207e+13
dp[49][6434]=-5.207e+13
dp[50][6434]=-5.207e+13
dp[51][6434]=-5.207e+13
dp[52][6434]=-5.207e+13
dp[53][6434]=-5.207e+13
dp[54][6434]=-5.207e+13
dp[55][6434]=-5.207e+13
dp[56][6434]=-5.207e+13
dp[57][6434]=-5.207e+13
dp[58][6434]=-5.207e+13
dp[59][6434]=-5.201e+13
dp[60][6434]=-5.157e+13
dp[61][6434]=-5.104e+13
dp[62][6434]=-5.013e+13
dp[63][6434]=-4.922e+13
dp[64][6434]=-4.831e+13
dp[65][6434]=-4.74e+13
dp[66][6434]=-4.649e+13
dp[67][6434]=-4.558e+13
dp[68][6434]=-4.392e+13
dp[69][6434]=-4.045e+13
dp[70][6434]=-3.432e+13
Select best dp
Best k=34
Stratifying 22-th numerical feature ...
dp[2][6434]=-13896.7
dp[3][6434]=-3.48e+12
dp[4][6434]=-5e+12
dp[5][6434]=-8.3e+12
dp[6][6434]=-9.89e+12
dp[7][6434]=-1.161e+13
dp[8][6434]=-1.32e+13
dp[9][6434]=-1.438e+13
dp[10][6434]=-1.587e+13
dp[11][6434]=-1.737e+13
dp[12][6434]=-1.855e+13
dp[13][6434]=-2.002e+13
dp[14][6434]=-2.152e+13
dp[15][6434]=-2.27e+13
dp[16][6434]=-2.414e+13
dp[17][6434]=-2.539e+13
dp[18][6434]=-2.657e+13
dp[19][6434]=-2.755e+13
dp[20][6434]=-2.872e+13
dp[21][6434]=-2.968e+13
dp[22][6434]=-3.085e+13
dp[23][6434]=-3.17e+13
dp[24][6434]=-3.287e+13
dp[25][6434]=-3.351e+13
dp[26][6434]=-3.468e+13
dp[27][6434]=-3.525e+13
dp[28][6434]=-3.618e+13
dp[29][6434]=-3.694e+13
dp[30][6434]=-3.759e+13
dp[31][6434]=-3.835e+13
dp[32][6434]=-3.847e+13
dp[33][6434]=-3.923e+13
dp[34][6434]=-3.923e+13
dp[35][6434]=-3.923e+13
dp[36][6434]=-3.923e+13
dp[37][6434]=-3.923e+13
dp[38][6434]=-3.923e+13
dp[39][6434]=-3.923e+13
dp[40][6434]=-3.923e+13
dp[41][6434]=-3.923e+13
dp[42][6434]=-3.923e+13
dp[43][6434]=-3.923e+13
dp[44][6434]=-3.923e+13
dp[45][6434]=-3.923e+13
dp[46][6434]=-3.923e+13
dp[47][6434]=-3.923e+13
dp[48][6434]=-3.923e+13
dp[49][6434]=-3.923e+13
dp[50][6434]=-3.923e+13
dp[51][6434]=-3.923e+13
dp[52][6434]=-3.923e+13
dp[53][6434]=-3.923e+13
dp[54][6434]=-3.923e+13
dp[55][6434]=-3.923e+13
dp[56][6434]=-3.923e+13
dp[57][6434]=-3.923e+13
dp[58][6434]=-3.923e+13
dp[59][6434]=-3.923e+13
dp[60][6434]=-3.918e+13
dp[61][6434]=-3.898e+13
dp[62][6434]=-3.807e+13
dp[63][6434]=-3.716e+13
dp[64][6434]=-3.625e+13
dp[65][6434]=-3.534e+13
dp[66][6434]=-3.443e+13
dp[67][6434]=-3.352e+13
dp[68][6434]=-3.23e+13
dp[69][6434]=-2.977e+13
dp[70][6434]=-2.704e+13
Select best dp
Best k=36
Stratifying 23-th numerical feature ...
dp[2][6434]=-13494.2
dp[3][6434]=-2.82e+12
dp[4][6434]=-4.92e+12
dp[5][6434]=-5.7e+12
dp[6][6434]=-7.33e+12
dp[7][6434]=-9.43e+12
dp[8][6434]=-1.062e+13
dp[9][6434]=-1.177e+13
dp[10][6434]=-1.351e+13
dp[11][6434]=-1.48e+13
dp[12][6434]=-1.649e+13
dp[13][6434]=-1.763e+13
dp[14][6434]=-1.878e+13
dp[15][6434]=-2.012e+13
dp[16][6434]=-2.126e+13
dp[17][6434]=-2.241e+13
dp[18][6434]=-2.375e+13
dp[19][6434]=-2.477e+13
dp[20][6434]=-2.595e+13
dp[21][6434]=-2.713e+13
dp[22][6434]=-2.815e+13
dp[23][6434]=-2.926e+13
dp[24][6434]=-3.028e+13
dp[25][6434]=-3.112e+13
dp[26][6434]=-3.223e+13
dp[27][6434]=-3.325e+13
dp[28][6434]=-3.384e+13
dp[29][6434]=-3.489e+13
dp[30][6434]=-3.591e+13
dp[31][6434]=-3.65e+13
dp[32][6434]=-3.754e+13
dp[33][6434]=-3.856e+13
dp[34][6434]=-3.915e+13
dp[35][6434]=-4.017e+13
dp[36][6434]=-4.103e+13
dp[37][6434]=-4.177e+13
dp[38][6434]=-4.264e+13
dp[39][6434]=-4.322e+13
dp[40][6434]=-4.424e+13
dp[41][6434]=-4.424e+13
dp[42][6434]=-4.501e+13
dp[43][6434]=-4.501e+13
dp[44][6434]=-4.501e+13
dp[45][6434]=-4.501e+13
dp[46][6434]=-4.501e+13
dp[47][6434]=-4.501e+13
dp[48][6434]=-4.501e+13
dp[49][6434]=-4.501e+13
dp[50][6434]=-4.501e+13
dp[51][6434]=-4.501e+13
dp[52][6434]=-4.501e+13
dp[53][6434]=-4.501e+13
dp[54][6434]=-4.501e+13
dp[55][6434]=-4.501e+13
dp[56][6434]=-4.501e+13
dp[57][6434]=-4.478e+13
dp[58][6434]=-4.448e+13
dp[59][6434]=-4.4e+13
dp[60][6434]=-4.333e+13
dp[61][6434]=-4.264e+13
dp[62][6434]=-4.192e+13
dp[63][6434]=-4.101e+13
dp[64][6434]=-4.01e+13
dp[65][6434]=-3.919e+13
dp[66][6434]=-3.796e+13
dp[67][6434]=-3.614e+13
dp[68][6434]=-3.432e+13
dp[69][6434]=-3.159e+13
dp[70][6434]=-2.886e+13
Select best dp
Best k=42
Stratifying 24-th numerical feature ...
dp[2][6434]=-11424.2
dp[3][6434]=-3.49e+12
dp[4][6434]=-5.38e+12
dp[5][6434]=-7.25e+12
dp[6][6434]=-9.66e+12
dp[7][6434]=-1.141e+13
dp[8][6434]=-1.263e+13
dp[9][6434]=-1.438e+13
dp[10][6434]=-1.691e+13
dp[11][6434]=-1.866e+13
dp[12][6434]=-1.987e+13
dp[13][6434]=-2.14e+13
dp[14][6434]=-2.307e+13
dp[15][6434]=-2.472e+13
dp[16][6434]=-2.614e+13
dp[17][6434]=-2.759e+13
dp[18][6434]=-2.88e+13
dp[19][6434]=-2.995e+13
dp[20][6434]=-3.14e+13
dp[21][6434]=-3.17e+13
dp[22][6434]=-3.303e+13
dp[23][6434]=-3.43e+13
dp[24][6434]=-3.524e+13
dp[25][6434]=-3.575e+13
dp[26][6434]=-3.702e+13
dp[27][6434]=-3.814e+13
dp[28][6434]=-3.838e+13
dp[29][6434]=-3.965e+13
dp[30][6434]=-4.077e+13
dp[31][6434]=-4.088e+13
dp[32][6434]=-4.2e+13
dp[33][6434]=-4.2e+13
dp[34][6434]=-4.301e+13
dp[35][6434]=-4.301e+13
dp[36][6434]=-4.385e+13
dp[37][6434]=-4.385e+13
dp[38][6434]=-4.467e+13
dp[39][6434]=-4.467e+13
dp[40][6434]=-4.467e+13
dp[41][6434]=-4.467e+13
dp[42][6434]=-4.467e+13
dp[43][6434]=-4.467e+13
dp[44][6434]=-4.467e+13
dp[45][6434]=-4.467e+13
dp[46][6434]=-4.467e+13
dp[47][6434]=-4.467e+13
dp[48][6434]=-4.467e+13
dp[49][6434]=-4.467e+13
dp[50][6434]=-4.467e+13
dp[51][6434]=-4.467e+13
dp[52][6434]=-4.467e+13
dp[53][6434]=-4.467e+13
dp[54][6434]=-4.467e+13
dp[55][6434]=-4.467e+13
dp[56][6434]=-4.467e+13
dp[57][6434]=-4.467e+13
dp[58][6434]=-4.453e+13
dp[59][6434]=-4.399e+13
dp[60][6434]=-4.308e+13
dp[61][6434]=-4.217e+13
dp[62][6434]=-4.126e+13
dp[63][6434]=-4.035e+13
dp[64][6434]=-3.944e+13
dp[65][6434]=-3.853e+13
dp[66][6434]=-3.762e+13
dp[67][6434]=-3.58e+13
dp[68][6434]=-3.398e+13
dp[69][6434]=-3.125e+13
dp[70][6434]=-2.67e+13
Select best dp
Best k=41
Stratifying 25-th numerical feature ...
dp[2][6434]=-11539.8
dp[3][6434]=-4.99e+12
dp[4][6434]=-7.85e+12
dp[5][6434]=-9.9e+12
dp[6][6434]=-1.458e+13
dp[7][6434]=-1.744e+13
dp[8][6434]=-1.936e+13
dp[9][6434]=-2.271e+13
dp[10][6434]=-2.454e+13
dp[11][6434]=-2.64e+13
dp[12][6434]=-2.754e+13
dp[13][6434]=-2.93e+13
dp[14][6434]=-3.024e+13
dp[15][6434]=-3.2e+13
dp[16][6434]=-3.265e+13
dp[17][6434]=-3.437e+13
dp[18][6434]=-3.549e+13
dp[19][6434]=-3.689e+13
dp[20][6434]=-3.829e+13
dp[21][6434]=-3.965e+13
dp[22][6434]=-4.099e+13
dp[23][6434]=-4.235e+13
dp[24][6434]=-4.332e+13
dp[25][6434]=-4.456e+13
dp[26][6434]=-4.53e+13
dp[27][6434]=-4.627e+13
dp[28][6434]=-4.751e+13
dp[29][6434]=-4.784e+13
dp[30][6434]=-4.908e+13
dp[31][6434]=-5.004e+13
dp[32][6434]=-5.045e+13
dp[33][6434]=-5.141e+13
dp[34][6434]=-5.235e+13
dp[35][6434]=-5.254e+13
dp[36][6434]=-5.254e+13
dp[37][6434]=-5.254e+13
dp[38][6434]=-5.254e+13
dp[39][6434]=-5.254e+13
dp[40][6434]=-5.254e+13
dp[41][6434]=-5.254e+13
dp[42][6434]=-5.254e+13
dp[43][6434]=-5.254e+13
dp[44][6434]=-5.254e+13
dp[45][6434]=-5.254e+13
dp[46][6434]=-5.254e+13
dp[47][6434]=-5.254e+13
dp[48][6434]=-5.254e+13
dp[49][6434]=-5.254e+13
dp[50][6434]=-5.254e+13
dp[51][6434]=-5.254e+13
dp[52][6434]=-5.254e+13
dp[53][6434]=-5.254e+13
dp[54][6434]=-5.254e+13
dp[55][6434]=-5.254e+13
dp[56][6434]=-5.254e+13
dp[57][6434]=-5.254e+13
dp[58][6434]=-5.247e+13
dp[59][6434]=-5.208e+13
dp[60][6434]=-5.168e+13
dp[61][6434]=-5.1e+13
dp[62][6434]=-5.009e+13
dp[63][6434]=-4.918e+13
dp[64][6434]=-4.827e+13
dp[65][6434]=-4.736e+13
dp[66][6434]=-4.645e+13
dp[67][6434]=-4.554e+13
dp[68][6434]=-4.33e+13
dp[69][6434]=-4.057e+13
dp[70][6434]=-3.432e+13
Select best dp
Best k=35
Stratifying 26-th numerical feature ...
dp[2][6434]=-13641.1
dp[3][6434]=-3.35e+12
dp[4][6434]=-4.9e+12
dp[5][6434]=-8.18e+12
dp[6][6434]=-9.73e+12
dp[7][6434]=-1.144e+13
dp[8][6434]=-1.299e+13
dp[9][6434]=-1.436e+13
dp[10][6434]=-1.572e+13
dp[11][6434]=-1.72e+13
dp[12][6434]=-1.891e+13
dp[13][6434]=-2.046e+13
dp[14][6434]=-2.183e+13
dp[15][6434]=-2.32e+13
dp[16][6434]=-2.463e+13
dp[17][6434]=-2.6e+13
dp[18][6434]=-2.737e+13
dp[19][6434]=-2.821e+13
dp[20][6434]=-2.953e+13
dp[21][6434]=-3.04e+13
dp[22][6434]=-3.162e+13
dp[23][6434]=-3.256e+13
dp[24][6434]=-3.366e+13
dp[25][6434]=-3.46e+13
dp[26][6434]=-3.554e+13
dp[27][6434]=-3.648e+13
dp[28][6434]=-3.739e+13
dp[29][6434]=-3.82e+13
dp[30][6434]=-3.88e+13
dp[31][6434]=-3.971e+13
dp[32][6434]=-4.052e+13
dp[33][6434]=-4.052e+13
dp[34][6434]=-4.052e+13
dp[35][6434]=-4.052e+13
dp[36][6434]=-4.052e+13
dp[37][6434]=-4.052e+13
dp[38][6434]=-4.052e+13
dp[39][6434]=-4.052e+13
dp[40][6434]=-4.052e+13
dp[41][6434]=-4.052e+13
dp[42][6434]=-4.052e+13
dp[43][6434]=-4.052e+13
dp[44][6434]=-4.052e+13
dp[45][6434]=-4.052e+13
dp[46][6434]=-4.052e+13
dp[47][6434]=-4.052e+13
dp[48][6434]=-4.052e+13
dp[49][6434]=-4.052e+13
dp[50][6434]=-4.052e+13
dp[51][6434]=-4.052e+13
dp[52][6434]=-4.052e+13
dp[53][6434]=-4.052e+13
dp[54][6434]=-4.052e+13
dp[55][6434]=-4.052e+13
dp[56][6434]=-4.052e+13
dp[57][6434]=-4.052e+13
dp[58][6434]=-4.052e+13
dp[59][6434]=-4.052e+13
dp[60][6434]=-4.036e+13
dp[61][6434]=-3.984e+13
dp[62][6434]=-3.893e+13
dp[63][6434]=-3.802e+13
dp[64][6434]=-3.711e+13
dp[65][6434]=-3.62e+13
dp[66][6434]=-3.525e+13
dp[67][6434]=-3.405e+13
dp[68][6434]=-3.223e+13
dp[69][6434]=-2.95e+13
dp[70][6434]=-2.613e+13
Select best dp
Best k=35
Stratifying 27-th numerical feature ...
dp[2][6434]=-13260.9
dp[3][6434]=-2.93e+12
dp[4][6434]=-4.99e+12
dp[5][6434]=-5.91e+12
dp[6][6434]=-7.4e+12
dp[7][6434]=-9.46e+12
dp[8][6434]=-1.09e+13
dp[9][6434]=-1.21e+13
dp[10][6434]=-1.374e+13
dp[11][6434]=-1.515e+13
dp[12][6434]=-1.666e+13
dp[13][6434]=-1.786e+13
dp[14][6434]=-1.943e+13
dp[15][6434]=-2.07e+13
dp[16][6434]=-2.235e+13
dp[17][6434]=-2.321e+13
dp[18][6434]=-2.476e+13
dp[19][6434]=-2.613e+13
dp[20][6434]=-2.697e+13
dp[21][6434]=-2.834e+13
dp[22][6434]=-2.965e+13
dp[23][6434]=-3.038e+13
dp[24][6434]=-3.169e+13
dp[25][6434]=-3.247e+13
dp[26][6434]=-3.342e+13
dp[27][6434]=-3.451e+13
dp[28][6434]=-3.516e+13
dp[29][6434]=-3.624e+13
dp[30][6434]=-3.72e+13
dp[31][6434]=-3.779e+13
dp[32][6434]=-3.893e+13
dp[33][6434]=-3.983e+13
dp[34][6434]=-4.041e+13
dp[35][6434]=-4.156e+13
dp[36][6434]=-4.216e+13
dp[37][6434]=-4.304e+13
dp[38][6434]=-4.389e+13
dp[39][6434]=-4.431e+13
dp[40][6434]=-4.537e+13
dp[41][6434]=-4.537e+13
dp[42][6434]=-4.609e+13
dp[43][6434]=-4.609e+13
dp[44][6434]=-4.609e+13
dp[45][6434]=-4.609e+13
dp[46][6434]=-4.609e+13
dp[47][6434]=-4.609e+13
dp[48][6434]=-4.609e+13
dp[49][6434]=-4.609e+13
dp[50][6434]=-4.609e+13
dp[51][6434]=-4.609e+13
dp[52][6434]=-4.609e+13
dp[53][6434]=-4.609e+13
dp[54][6434]=-4.609e+13
dp[55][6434]=-4.609e+13
dp[56][6434]=-4.609e+13
dp[57][6434]=-4.57e+13
dp[58][6434]=-4.53e+13
dp[59][6434]=-4.439e+13
dp[60][6434]=-4.348e+13
dp[61][6434]=-4.257e+13
dp[62][6434]=-4.166e+13
dp[63][6434]=-4.075e+13
dp[64][6434]=-3.94e+13
dp[65][6434]=-3.791e+13
dp[66][6434]=-3.609e+13
dp[67][6434]=-3.427e+13
dp[68][6434]=-3.245e+13
dp[69][6434]=-3.041e+13
dp[70][6434]=-2.698e+13
Select best dp
Best k=43
Stratifying 28-th numerical feature ...
dp[2][6434]=-11277.4
dp[3][6434]=-3.71e+12
dp[4][6434]=-5.61e+12
dp[5][6434]=-7.57e+12
dp[6][6434]=-9.72e+12
dp[7][6434]=-1.162e+13
dp[8][6434]=-1.318e+13
dp[9][6434]=-1.502e+13
dp[10][6434]=-1.729e+13
dp[11][6434]=-1.919e+13
dp[12][6434]=-2.02e+13
dp[13][6434]=-2.201e+13
dp[14][6434]=-2.369e+13
dp[15][6434]=-2.532e+13
dp[16][6434]=-2.68e+13
dp[17][6434]=-2.825e+13
dp[18][6434]=-2.926e+13
dp[19][6434]=-3.044e+13
dp[20][6434]=-3.189e+13
dp[21][6434]=-3.213e+13
dp[22][6434]=-3.334e+13
dp[23][6434]=-3.467e+13
dp[24][6434]=-3.577e+13
dp[25][6434]=-3.612e+13
dp[26][6434]=-3.731e+13
dp[27][6434]=-3.841e+13
dp[28][6434]=-3.865e+13
dp[29][6434]=-3.975e+13
dp[30][6434]=-4.076e+13
dp[31][6434]=-4.102e+13
dp[32][6434]=-4.21e+13
dp[33][6434]=-4.223e+13
dp[34][6434]=-4.309e+13
dp[35][6434]=-4.322e+13
dp[36][6434]=-4.403e+13
dp[37][6434]=-4.403e+13
dp[38][6434]=-4.471e+13
dp[39][6434]=-4.471e+13
dp[40][6434]=-4.471e+13
dp[41][6434]=-4.471e+13
dp[42][6434]=-4.471e+13
dp[43][6434]=-4.471e+13
dp[44][6434]=-4.471e+13
dp[45][6434]=-4.471e+13
dp[46][6434]=-4.471e+13
dp[47][6434]=-4.471e+13
dp[48][6434]=-4.471e+13
dp[49][6434]=-4.471e+13
dp[50][6434]=-4.471e+13
dp[51][6434]=-4.471e+13
dp[52][6434]=-4.471e+13
dp[53][6434]=-4.471e+13
dp[54][6434]=-4.471e+13
dp[55][6434]=-4.471e+13
dp[56][6434]=-4.471e+13
dp[57][6434]=-4.471e+13
dp[58][6434]=-4.471e+13
dp[59][6434]=-4.471e+13
dp[60][6434]=-4.471e+13
dp[61][6434]=-4.458e+13
dp[62][6434]=-4.399e+13
dp[63][6434]=-4.308e+13
dp[64][6434]=-4.217e+13
dp[65][6434]=-4.126e+13
dp[66][6434]=-4.035e+13
dp[67][6434]=-3.853e+13
dp[68][6434]=-3.671e+13
dp[69][6434]=-3.398e+13
dp[70][6434]=-2.766e+13
Select best dp
Best k=41
Stratifying 29-th numerical feature ...
dp[2][6434]=-11803.4
dp[3][6434]=-5.08e+12
dp[4][6434]=-7.98e+12
dp[5][6434]=-9.99e+12
dp[6][6434]=-1.462e+13
dp[7][6434]=-1.752e+13
dp[8][6434]=-1.953e+13
dp[9][6434]=-2.307e+13
dp[10][6434]=-2.496e+13
dp[11][6434]=-2.681e+13
dp[12][6434]=-2.794e+13
dp[13][6434]=-2.975e+13
dp[14][6434]=-3.068e+13
dp[15][6434]=-3.249e+13
dp[16][6434]=-3.298e+13
dp[17][6434]=-3.475e+13
dp[18][6434]=-3.572e+13
dp[19][6434]=-3.711e+13
dp[20][6434]=-3.85e+13
dp[21][6434]=-3.985e+13
dp[22][6434]=-4.124e+13
dp[23][6434]=-4.254e+13
dp[24][6434]=-4.341e+13
dp[25][6434]=-4.465e+13
dp[26][6434]=-4.546e+13
dp[27][6434]=-4.633e+13
dp[28][6434]=-4.757e+13
dp[29][6434]=-4.796e+13
dp[30][6434]=-4.909e+13
dp[31][6434]=-5.007e+13
dp[32][6434]=-5.059e+13
dp[33][6434]=-5.159e+13
dp[34][6434]=-5.251e+13
dp[35][6434]=-5.263e+13
dp[36][6434]=-5.263e+13
dp[37][6434]=-5.263e+13
dp[38][6434]=-5.263e+13
dp[39][6434]=-5.263e+13
dp[40][6434]=-5.263e+13
dp[41][6434]=-5.263e+13
dp[42][6434]=-5.263e+13
dp[43][6434]=-5.263e+13
dp[44][6434]=-5.263e+13
dp[45][6434]=-5.263e+13
dp[46][6434]=-5.263e+13
dp[47][6434]=-5.263e+13
dp[48][6434]=-5.263e+13
dp[49][6434]=-5.263e+13
dp[50][6434]=-5.263e+13
dp[51][6434]=-5.263e+13
dp[52][6434]=-5.263e+13
dp[53][6434]=-5.263e+13
dp[54][6434]=-5.263e+13
dp[55][6434]=-5.263e+13
dp[56][6434]=-5.263e+13
dp[57][6434]=-5.263e+13
dp[58][6434]=-5.258e+13
dp[59][6434]=-5.227e+13
dp[60][6434]=-5.183e+13
dp[61][6434]=-5.092e+13
dp[62][6434]=-5.001e+13
dp[63][6434]=-4.91e+13
dp[64][6434]=-4.819e+13
dp[65][6434]=-4.728e+13
dp[66][6434]=-4.637e+13
dp[67][6434]=-4.546e+13
dp[68][6434]=-4.329e+13
dp[69][6434]=-4.069e+13
dp[70][6434]=-3.796e+13
Select best dp
Best k=35
Stratifying 30-th numerical feature ...
dp[2][6434]=-13749.7
dp[3][6434]=-3.41e+12
dp[4][6434]=-4.98e+12
dp[5][6434]=-8.32e+12
dp[6][6434]=-9.9e+12
dp[7][6434]=-1.142e+13
dp[8][6434]=-1.3e+13
dp[9][6434]=-1.433e+13
dp[10][6434]=-1.59e+13
dp[11][6434]=-1.748e+13
dp[12][6434]=-1.9e+13
dp[13][6434]=-2.058e+13
dp[14][6434]=-2.191e+13
dp[15][6434]=-2.329e+13
dp[16][6434]=-2.469e+13
dp[17][6434]=-2.602e+13
dp[18][6434]=-2.732e+13
dp[19][6434]=-2.825e+13
dp[20][6434]=-2.953e+13
dp[21][6434]=-3.037e+13
dp[22][6434]=-3.165e+13
dp[23][6434]=-3.235e+13
dp[24][6434]=-3.36e+13
dp[25][6434]=-3.43e+13
dp[26][6434]=-3.551e+13
dp[27][6434]=-3.621e+13
dp[28][6434]=-3.719e+13
dp[29][6434]=-3.799e+13
dp[30][6434]=-3.86e+13
dp[31][6434]=-3.954e+13
dp[32][6434]=-4.034e+13
dp[33][6434]=-4.034e+13
dp[34][6434]=-4.034e+13
dp[35][6434]=-4.034e+13
dp[36][6434]=-4.034e+13
dp[37][6434]=-4.034e+13
dp[38][6434]=-4.034e+13
dp[39][6434]=-4.034e+13
dp[40][6434]=-4.034e+13
dp[41][6434]=-4.034e+13
dp[42][6434]=-4.034e+13
dp[43][6434]=-4.034e+13
dp[44][6434]=-4.034e+13
dp[45][6434]=-4.034e+13
dp[46][6434]=-4.034e+13
dp[47][6434]=-4.034e+13
dp[48][6434]=-4.034e+13
dp[49][6434]=-4.034e+13
dp[50][6434]=-4.034e+13
dp[51][6434]=-4.034e+13
dp[52][6434]=-4.034e+13
dp[53][6434]=-4.034e+13
dp[54][6434]=-4.034e+13
dp[55][6434]=-4.034e+13
dp[56][6434]=-4.034e+13
dp[57][6434]=-4.034e+13
dp[58][6434]=-4.034e+13
dp[59][6434]=-4.034e+13
dp[60][6434]=-4.021e+13
dp[61][6434]=-3.997e+13
dp[62][6434]=-3.906e+13
dp[63][6434]=-3.815e+13
dp[64][6434]=-3.724e+13
dp[65][6434]=-3.633e+13
dp[66][6434]=-3.542e+13
dp[67][6434]=-3.447e+13
dp[68][6434]=-3.322e+13
dp[69][6434]=-2.977e+13
dp[70][6434]=-2.522e+13
Select best dp
Best k=35
Stratifying 31-th numerical feature ...
dp[2][6434]=-13612.2
dp[3][6434]=-2.84e+12
dp[4][6434]=-4.84e+12
dp[5][6434]=-5.95e+12
dp[6][6434]=-7.35e+12
dp[7][6434]=-9.35e+12
dp[8][6434]=-1.079e+13
dp[9][6434]=-1.202e+13
dp[10][6434]=-1.369e+13
dp[11][6434]=-1.497e+13
dp[12][6434]=-1.66e+13
dp[13][6434]=-1.783e+13
dp[14][6434]=-1.931e+13
dp[15][6434]=-2.066e+13
dp[16][6434]=-2.222e+13
dp[17][6434]=-2.302e+13
dp[18][6434]=-2.45e+13
dp[19][6434]=-2.593e+13
dp[20][6434]=-2.672e+13
dp[21][6434]=-2.81e+13
dp[22][6434]=-2.941e+13
dp[23][6434]=-3.016e+13
dp[24][6434]=-3.147e+13
dp[25][6434]=-3.232e+13
dp[26][6434]=-3.312e+13
dp[27][6434]=-3.438e+13
dp[28][6434]=-3.498e+13
dp[29][6434]=-3.598e+13
dp[30][6434]=-3.704e+13
dp[31][6434]=-3.761e+13
dp[32][6434]=-3.864e+13
dp[33][6434]=-3.967e+13
dp[34][6434]=-4.021e+13
dp[35][6434]=-4.127e+13
dp[36][6434]=-4.203e+13
dp[37][6434]=-4.284e+13
dp[38][6434]=-4.363e+13
dp[39][6434]=-4.412e+13
dp[40][6434]=-4.52e+13
dp[41][6434]=-4.52e+13
dp[42][6434]=-4.596e+13
dp[43][6434]=-4.596e+13
dp[44][6434]=-4.596e+13
dp[45][6434]=-4.596e+13
dp[46][6434]=-4.596e+13
dp[47][6434]=-4.596e+13
dp[48][6434]=-4.596e+13
dp[49][6434]=-4.596e+13
dp[50][6434]=-4.596e+13
dp[51][6434]=-4.596e+13
dp[52][6434]=-4.596e+13
dp[53][6434]=-4.596e+13
dp[54][6434]=-4.596e+13
dp[55][6434]=-4.596e+13
dp[56][6434]=-4.596e+13
dp[57][6434]=-4.596e+13
dp[58][6434]=-4.562e+13
dp[59][6434]=-4.52e+13
dp[60][6434]=-4.459e+13
dp[61][6434]=-4.39e+13
dp[62][6434]=-4.319e+13
dp[63][6434]=-4.228e+13
dp[64][6434]=-4.137e+13
dp[65][6434]=-4.046e+13
dp[66][6434]=-3.93e+13
dp[67][6434]=-3.796e+13
dp[68][6434]=-3.614e+13
dp[69][6434]=-3.432e+13
dp[70][6434]=-3.159e+13
Select best dp
Best k=42
Stratifying 32-th numerical feature ...
dp[2][6434]=-11018.3
dp[3][6434]=-3.7e+12
dp[4][6434]=-5.56e+12
dp[5][6434]=-7.76e+12
dp[6][6434]=-9.67e+12
dp[7][6434]=-1.146e+13
dp[8][6434]=-1.332e+13
dp[9][6434]=-1.51e+13
dp[10][6434]=-1.743e+13
dp[11][6434]=-1.921e+13
dp[12][6434]=-2.027e+13
dp[13][6434]=-2.194e+13
dp[14][6434]=-2.364e+13
dp[15][6434]=-2.524e+13
dp[16][6434]=-2.676e+13
dp[17][6434]=-2.812e+13
dp[18][6434]=-2.918e+13
dp[19][6434]=-3.046e+13
dp[20][6434]=-3.182e+13
dp[21][6434]=-3.201e+13
dp[22][6434]=-3.328e+13
dp[23][6434]=-3.457e+13
dp[24][6434]=-3.571e+13
dp[25][6434]=-3.603e+13
dp[26][6434]=-3.723e+13
dp[27][6434]=-3.837e+13
dp[28][6434]=-3.856e+13
dp[29][6434]=-3.975e+13
dp[30][6434]=-4.089e+13
dp[31][6434]=-4.108e+13
dp[32][6434]=-4.22e+13
dp[33][6434]=-4.232e+13
dp[34][6434]=-4.317e+13
dp[35][6434]=-4.329e+13
dp[36][6434]=-4.408e+13
dp[37][6434]=-4.408e+13
dp[38][6434]=-4.474e+13
dp[39][6434]=-4.474e+13
dp[40][6434]=-4.474e+13
dp[41][6434]=-4.474e+13
dp[42][6434]=-4.474e+13
dp[43][6434]=-4.474e+13
dp[44][6434]=-4.474e+13
dp[45][6434]=-4.474e+13
dp[46][6434]=-4.474e+13
dp[47][6434]=-4.474e+13
dp[48][6434]=-4.474e+13
dp[49][6434]=-4.474e+13
dp[50][6434]=-4.474e+13
dp[51][6434]=-4.474e+13
dp[52][6434]=-4.474e+13
dp[53][6434]=-4.474e+13
dp[54][6434]=-4.474e+13
dp[55][6434]=-4.474e+13
dp[56][6434]=-4.474e+13
dp[57][6434]=-4.474e+13
dp[58][6434]=-4.474e+13
dp[59][6434]=-4.474e+13
dp[60][6434]=-4.459e+13
dp[61][6434]=-4.402e+13
dp[62][6434]=-4.311e+13
dp[63][6434]=-4.22e+13
dp[64][6434]=-4.129e+13
dp[65][6434]=-4.038e+13
dp[66][6434]=-3.883e+13
dp[67][6434]=-3.701e+13
dp[68][6434]=-3.519e+13
dp[69][6434]=-3.246e+13
dp[70][6434]=-2.886e+13
Select best dp
Best k=41
Stratifying 33-th numerical feature ...
dp[2][6434]=-11471.6
dp[3][6434]=-5.12e+12
dp[4][6434]=-8.13e+12
dp[5][6434]=-1.015e+13
dp[6][6434]=-1.476e+13
dp[7][6434]=-1.777e+13
dp[8][6434]=-1.97e+13
dp[9][6434]=-2.331e+13
dp[10][6434]=-2.52e+13
dp[11][6434]=-2.718e+13
dp[12][6434]=-2.829e+13
dp[13][6434]=-3.011e+13
dp[14][6434]=-3.096e+13
dp[15][6434]=-3.278e+13
dp[16][6434]=-3.332e+13
dp[17][6434]=-3.501e+13
dp[18][6434]=-3.599e+13
dp[19][6434]=-3.737e+13
dp[20][6434]=-3.878e+13
dp[21][6434]=-4.009e+13
dp[22][6434]=-4.145e+13
dp[23][6434]=-4.276e+13
dp[24][6434]=-4.358e+13
dp[25][6434]=-4.481e+13
dp[26][6434]=-4.567e+13
dp[27][6434]=-4.649e+13
dp[28][6434]=-4.772e+13
dp[29][6434]=-4.823e+13
dp[30][6434]=-4.926e+13
dp[31][6434]=-5.028e+13
dp[32][6434]=-5.068e+13
dp[33][6434]=-5.17e+13
dp[34][6434]=-5.186e+13
dp[35][6434]=-5.186e+13
dp[36][6434]=-5.186e+13
dp[37][6434]=-5.186e+13
dp[38][6434]=-5.186e+13
dp[39][6434]=-5.186e+13
dp[40][6434]=-5.186e+13
dp[41][6434]=-5.186e+13
dp[42][6434]=-5.186e+13
dp[43][6434]=-5.186e+13
dp[44][6434]=-5.186e+13
dp[45][6434]=-5.186e+13
dp[46][6434]=-5.186e+13
dp[47][6434]=-5.186e+13
dp[48][6434]=-5.186e+13
dp[49][6434]=-5.186e+13
dp[50][6434]=-5.186e+13
dp[51][6434]=-5.186e+13
dp[52][6434]=-5.186e+13
dp[53][6434]=-5.186e+13
dp[54][6434]=-5.186e+13
dp[55][6434]=-5.186e+13
dp[56][6434]=-5.186e+13
dp[57][6434]=-5.186e+13
dp[58][6434]=-5.181e+13
dp[59][6434]=-5.151e+13
dp[60][6434]=-5.105e+13
dp[61][6434]=-5.034e+13
dp[62][6434]=-4.943e+13
dp[63][6434]=-4.852e+13
dp[64][6434]=-4.761e+13
dp[65][6434]=-4.67e+13
dp[66][6434]=-4.579e+13
dp[67][6434]=-4.397e+13
dp[68][6434]=-4.215e+13
dp[69][6434]=-4.033e+13
dp[70][6434]=-3.507e+13
Select best dp
Best k=34
Stratifying 34-th numerical feature ...
dp[2][6434]=-13830.9
dp[3][6434]=-3.37e+12
dp[4][6434]=-4.96e+12
dp[5][6434]=-8.12e+12
dp[6][6434]=-9.71e+12
dp[7][6434]=-1.143e+13
dp[8][6434]=-1.302e+13
dp[9][6434]=-1.432e+13
dp[10][6434]=-1.582e+13
dp[11][6434]=-1.741e+13
dp[12][6434]=-1.913e+13
dp[13][6434]=-2.072e+13
dp[14][6434]=-2.204e+13
dp[15][6434]=-2.334e+13
dp[16][6434]=-2.466e+13
dp[17][6434]=-2.598e+13
dp[18][6434]=-2.728e+13
dp[19][6434]=-2.813e+13
dp[20][6434]=-2.939e+13
dp[21][6434]=-3.024e+13
dp[22][6434]=-3.143e+13
dp[23][6434]=-3.228e+13
dp[24][6434]=-3.344e+13
dp[25][6434]=-3.429e+13
dp[26][6434]=-3.538e+13
dp[27][6434]=-3.623e+13
dp[28][6434]=-3.712e+13
dp[29][6434]=-3.797e+13
dp[30][6434]=-3.877e+13
dp[31][6434]=-3.946e+13
dp[32][6434]=-4.031e+13
dp[33][6434]=-4.111e+13
dp[34][6434]=-4.111e+13
dp[35][6434]=-4.111e+13
dp[36][6434]=-4.111e+13
dp[37][6434]=-4.111e+13
dp[38][6434]=-4.111e+13
dp[39][6434]=-4.111e+13
dp[40][6434]=-4.111e+13
dp[41][6434]=-4.111e+13
dp[42][6434]=-4.111e+13
dp[43][6434]=-4.111e+13
dp[44][6434]=-4.111e+13
dp[45][6434]=-4.111e+13
dp[46][6434]=-4.111e+13
dp[47][6434]=-4.111e+13
dp[48][6434]=-4.111e+13
dp[49][6434]=-4.111e+13
dp[50][6434]=-4.111e+13
dp[51][6434]=-4.111e+13
dp[52][6434]=-4.111e+13
dp[53][6434]=-4.111e+13
dp[54][6434]=-4.111e+13
dp[55][6434]=-4.111e+13
dp[56][6434]=-4.111e+13
dp[57][6434]=-4.111e+13
dp[58][6434]=-4.111e+13
dp[59][6434]=-4.111e+13
dp[60][6434]=-4.111e+13
dp[61][6434]=-4.109e+13
dp[62][6434]=-4.106e+13
dp[63][6434]=-4.015e+13
dp[64][6434]=-3.924e+13
dp[65][6434]=-3.833e+13
dp[66][6434]=-3.742e+13
dp[67][6434]=-3.651e+13
dp[68][6434]=-3.517e+13
dp[69][6434]=-3.159e+13
dp[70][6434]=-2.795e+13
Select best dp
Best k=36
Stratifying 35-th numerical feature ...
dp[2][6434]=-13497.2
dp[3][6434]=-2.81e+12
dp[4][6434]=-4.83e+12
dp[5][6434]=-5.93e+12
dp[6][6434]=-7.35e+12
dp[7][6434]=-9.37e+12
dp[8][6434]=-1.076e+13
dp[9][6434]=-1.193e+13
dp[10][6434]=-1.359e+13
dp[11][6434]=-1.484e+13
dp[12][6434]=-1.656e+13
dp[13][6434]=-1.773e+13
dp[14][6434]=-1.905e+13
dp[15][6434]=-2.048e+13
dp[16][6434]=-2.202e+13
dp[17][6434]=-2.274e+13
dp[18][6434]=-2.428e+13
dp[19][6434]=-2.565e+13
dp[20][6434]=-2.651e+13
dp[21][6434]=-2.788e+13
dp[22][6434]=-2.903e+13
dp[23][6434]=-3.006e+13
dp[24][6434]=-3.126e+13
dp[25][6434]=-3.194e+13
dp[26][6434]=-3.301e+13
dp[27][6434]=-3.417e+13
dp[28][6434]=-3.472e+13
dp[29][6434]=-3.592e+13
dp[30][6434]=-3.68e+13
dp[31][6434]=-3.749e+13
dp[32][6434]=-3.855e+13
dp[33][6434]=-3.942e+13
dp[34][6434]=-4.012e+13
dp[35][6434]=-4.117e+13
dp[36][6434]=-4.18e+13
dp[37][6434]=-4.274e+13
dp[38][6434]=-4.355e+13
dp[39][6434]=-4.405e+13
dp[40][6434]=-4.512e+13
dp[41][6434]=-4.512e+13
dp[42][6434]=-4.595e+13
dp[43][6434]=-4.595e+13
dp[44][6434]=-4.595e+13
dp[45][6434]=-4.595e+13
dp[46][6434]=-4.595e+13
dp[47][6434]=-4.595e+13
dp[48][6434]=-4.595e+13
dp[49][6434]=-4.595e+13
dp[50][6434]=-4.595e+13
dp[51][6434]=-4.595e+13
dp[52][6434]=-4.595e+13
dp[53][6434]=-4.595e+13
dp[54][6434]=-4.595e+13
dp[55][6434]=-4.595e+13
dp[56][6434]=-4.595e+13
dp[57][6434]=-4.595e+13
dp[58][6434]=-4.559e+13
dp[59][6434]=-4.519e+13
dp[60][6434]=-4.478e+13
dp[61][6434]=-4.412e+13
dp[62][6434]=-4.346e+13
dp[63][6434]=-4.255e+13
dp[64][6434]=-4.164e+13
dp[65][6434]=-4.017e+13
dp[66][6434]=-3.835e+13
dp[67][6434]=-3.653e+13
dp[68][6434]=-3.471e+13
dp[69][6434]=-3.159e+13
dp[70][6434]=-2.795e+13
Select best dp
Best k=43
Stratifying 36-th numerical feature ...
dp[2][6434]=-11385.9
dp[3][6434]=-3.66e+12
dp[4][6434]=-5.57e+12
dp[5][6434]=-7.62e+12
dp[6][6434]=-9.81e+12
dp[7][6434]=-1.149e+13
dp[8][6434]=-1.319e+13
dp[9][6434]=-1.487e+13
dp[10][6434]=-1.743e+13
dp[11][6434]=-1.911e+13
dp[12][6434]=-2.021e+13
dp[13][6434]=-2.192e+13
dp[14][6434]=-2.354e+13
dp[15][6434]=-2.512e+13
dp[16][6434]=-2.661e+13
dp[17][6434]=-2.799e+13
dp[18][6434]=-2.909e+13
dp[19][6434]=-3.028e+13
dp[20][6434]=-3.166e+13
dp[21][6434]=-3.185e+13
dp[22][6434]=-3.314e+13
dp[23][6434]=-3.442e+13
dp[24][6434]=-3.552e+13
dp[25][6434]=-3.59e+13
dp[26][6434]=-3.717e+13
dp[27][6434]=-3.827e+13
dp[28][6434]=-3.854e+13
dp[29][6434]=-3.978e+13
dp[30][6434]=-4.088e+13
dp[31][6434]=-4.099e+13
dp[32][6434]=-4.209e+13
dp[33][6434]=-4.21e+13
dp[34][6434]=-4.309e+13
dp[35][6434]=-4.31e+13
dp[36][6434]=-4.398e+13
dp[37][6434]=-4.398e+13
dp[38][6434]=-4.483e+13
dp[39][6434]=-4.483e+13
dp[40][6434]=-4.483e+13
dp[41][6434]=-4.483e+13
dp[42][6434]=-4.483e+13
dp[43][6434]=-4.483e+13
dp[44][6434]=-4.483e+13
dp[45][6434]=-4.483e+13
dp[46][6434]=-4.483e+13
dp[47][6434]=-4.483e+13
dp[48][6434]=-4.483e+13
dp[49][6434]=-4.483e+13
dp[50][6434]=-4.483e+13
dp[51][6434]=-4.483e+13
dp[52][6434]=-4.483e+13
dp[53][6434]=-4.483e+13
dp[54][6434]=-4.483e+13
dp[55][6434]=-4.483e+13
dp[56][6434]=-4.483e+13
dp[57][6434]=-4.483e+13
dp[58][6434]=-4.483e+13
dp[59][6434]=-4.46e+13
dp[60][6434]=-4.404e+13
dp[61][6434]=-4.313e+13
dp[62][6434]=-4.222e+13
dp[63][6434]=-4.131e+13
dp[64][6434]=-4.04e+13
dp[65][6434]=-3.949e+13
dp[66][6434]=-3.794e+13
dp[67][6434]=-3.612e+13
dp[68][6434]=-3.43e+13
dp[69][6434]=-3.157e+13
dp[70][6434]=-2.702e+13
Select best dp
Best k=41
