Standardize ...
Stratifying 1-th numerical feature ...
dp[2][2309]=-2687.15
dp[3][2309]=-4249.53
dp[4][2309]=-5307.45
dp[5][2309]=-6095.39
dp[6][2309]=-6678.02
dp[7][2309]=-7040.22
dp[8][2309]=-7368.82
dp[9][2309]=-7668.19
dp[10][2309]=-7875.41
dp[11][2309]=-8075.3
dp[12][2309]=-8234.85
dp[13][2309]=-8336.24
dp[14][2309]=-8366.02
dp[15][2309]=-8387.2
dp[16][2309]=-8396.37
dp[17][2309]=-8395.28
dp[18][2309]=-8377.46
dp[19][2309]=-8337.55
dp[20][2309]=-8296.16
dp[21][2309]=-8252.21
dp[22][2309]=-8197.77
dp[23][2309]=-8133.03
dp[24][2309]=-8054.36
dp[25][2309]=-7971.9
dp[26][2309]=-7879.58
dp[27][2309]=-7764.01
dp[28][2309]=-7646.13
dp[29][2309]=-7516.55
dp[30][2309]=-7384.58
dp[31][2309]=-7247.28
dp[32][2309]=-7108.89
dp[33][2309]=-6969.9
dp[34][2309]=-6823.04
dp[35][2309]=-6675.73
dp[36][2309]=-6527.97
dp[37][2309]=-6378.14
dp[38][2309]=-6221.92
dp[39][2309]=-6062.1
dp[40][2309]=-5888.07
dp[41][2309]=-5713.78
dp[42][2309]=-5532.42
dp[43][2309]=-5333.21
dp[44][2309]=-5127.17
dp[45][2309]=-4916.76
dp[46][2309]=-4706.06
dp[47][2309]=-4463.31
dp[48][2309]=-4134.74
Select best dp
Best k=16
Stratifying 2-th numerical feature ...
dp[2][2309]=-2038.84
dp[3][2309]=-3913.81
dp[4][2309]=-4907.74
dp[5][2309]=-5605.97
dp[6][2309]=-6213.93
dp[7][2309]=-6685.93
dp[8][2309]=-7055.78
dp[9][2309]=-7345.32
dp[10][2309]=-7529.87
dp[11][2309]=-7689.13
dp[12][2309]=-7821.17
dp[13][2309]=-7913.35
dp[14][2309]=-8002.74
dp[15][2309]=-8055.76
dp[16][2309]=-8052.75
dp[17][2309]=-8041.28
dp[18][2309]=-8026.35
dp[19][2309]=-8001.55
dp[20][2309]=-7974.98
dp[21][2309]=-7937.61
dp[22][2309]=-7890.38
dp[23][2309]=-7823.66
dp[24][2309]=-7748.15
dp[25][2309]=-7669.63
dp[26][2309]=-7590.42
dp[27][2309]=-7505.1
dp[28][2309]=-7398.64
dp[29][2309]=-7280.71
dp[30][2309]=-7159.34
dp[31][2309]=-7032.64
dp[32][2309]=-6903.38
dp[33][2309]=-6766.02
dp[34][2309]=-6616.78
dp[35][2309]=-6462.54
dp[36][2309]=-6305.48
dp[37][2309]=-6143.2
dp[38][2309]=-5980.27
dp[39][2309]=-5809.4
dp[40][2309]=-5630.78
dp[41][2309]=-5443.58
dp[42][2309]=-5243.37
dp[43][2309]=-5041.45
dp[44][2309]=-4826.81
dp[45][2309]=-4589.9
dp[46][2309]=-4350.05
dp[47][2309]=-4075.17
dp[48][2309]=-3707.32
Select best dp
Best k=15
Stratifying 3-th numerical feature ...
dp[2][2309]=-4.8e+11
dp[3][2309]=-6.9e+11
dp[4][2309]=-1.33e+12
dp[5][2309]=-1.97e+12
dp[6][2309]=-2.58e+12
dp[7][2309]=-3.22e+12
dp[8][2309]=-3.79e+12
dp[9][2309]=-4.46e+12
dp[10][2309]=-5e+12
dp[11][2309]=-5.64e+12
dp[12][2309]=-6.27e+12
dp[13][2309]=-6.89e+12
dp[14][2309]=-7.52e+12
dp[15][2309]=-8.05e+12
dp[16][2309]=-8.55e+12
dp[17][2309]=-9.03e+12
dp[18][2309]=-9.06e+12
dp[19][2309]=-9.54e+12
dp[20][2309]=-1.002e+13
dp[21][2309]=-1.002e+13
dp[22][2309]=-1.002e+13
dp[23][2309]=-1.002e+13
dp[24][2309]=-1.002e+13
dp[25][2309]=-1.002e+13
dp[26][2309]=-1.002e+13
dp[27][2309]=-1.002e+13
dp[28][2309]=-1.002e+13
dp[29][2309]=-1.002e+13
dp[30][2309]=-1.002e+13
dp[31][2309]=-1.002e+13
dp[32][2309]=-1.002e+13
dp[33][2309]=-1.002e+13
dp[34][2309]=-1.002e+13
dp[35][2309]=-1.002e+13
dp[36][2309]=-1.002e+13
dp[37][2309]=-1.002e+13
dp[38][2309]=-1.002e+13
dp[39][2309]=-1.002e+13
dp[40][2309]=-1.002e+13
dp[41][2309]=-1.002e+13
dp[42][2309]=-1.002e+13
dp[43][2309]=-1.002e+13
dp[44][2309]=-1e+13
dp[45][2309]=-9.04e+12
dp[46][2309]=-7.74e+12
dp[47][2309]=-6.3e+12
dp[48][2309]=-4.38e+12
Select best dp
Best k=28
Stratifying 4-th numerical feature ...
dp[2][2309]=-4.9e+11
dp[3][2309]=-4.9e+11
dp[4][2309]=-4.9e+11
dp[5][2309]=-4.9e+11
dp[6][2309]=-4.9e+11
dp[7][2309]=-4.9e+11
dp[8][2309]=-4.9e+11
dp[9][2309]=-4.9e+11
dp[10][2309]=-4.9e+11
dp[11][2309]=-4.9e+11
dp[12][2309]=-4.9e+11
dp[13][2309]=-4.9e+11
dp[14][2309]=-4.9e+11
dp[15][2309]=-4.9e+11
dp[16][2309]=-4.9e+11
dp[17][2309]=-4.9e+11
dp[18][2309]=-4.9e+11
dp[19][2309]=-4.9e+11
dp[20][2309]=-4.9e+11
dp[21][2309]=-4.9e+11
dp[22][2309]=-4.9e+11
dp[23][2309]=-4.9e+11
dp[24][2309]=-4.9e+11
dp[25][2309]=-4.9e+11
dp[26][2309]=-4.9e+11
dp[27][2309]=-4.9e+11
dp[28][2309]=-4.9e+11
dp[29][2309]=-4.9e+11
dp[30][2309]=-4.9e+11
dp[31][2309]=-4.9e+11
dp[32][2309]=-4.9e+11
dp[33][2309]=-4.9e+11
dp[34][2309]=-4.9e+11
dp[35][2309]=-4.9e+11
dp[36][2309]=-4.9e+11
dp[37][2309]=-4.9e+11
dp[38][2309]=-4.9e+11
dp[39][2309]=-4.9e+11
dp[40][2309]=-4.9e+11
dp[41][2309]=-4.9e+11
dp[42][2309]=-4.9e+11
dp[43][2309]=-4.9e+11
dp[44][2309]=-4.9e+11
dp[45][2309]=-4.9e+11
dp[46][2309]=-4.9e+11
dp[47][2309]=-4.9e+11
dp[48][2309]=-4.9e+11
Select best dp
Best k=19
Stratifying 5-th numerical feature ...
dp[2][2309]=-4.8e+11
dp[3][2309]=-6.4e+11
dp[4][2309]=-1.25e+12
dp[5][2309]=-1.86e+12
dp[6][2309]=-2.4e+12
dp[7][2309]=-2.94e+12
dp[8][2309]=-3.54e+12
dp[9][2309]=-4.15e+12
dp[10][2309]=-4.69e+12
dp[11][2309]=-5.3e+12
dp[12][2309]=-5.78e+12
dp[13][2309]=-5.82e+12
dp[14][2309]=-6.3e+12
dp[15][2309]=-6.3e+12
dp[16][2309]=-6.78e+12
dp[17][2309]=-6.78e+12
dp[18][2309]=-6.78e+12
dp[19][2309]=-6.78e+12
dp[20][2309]=-6.78e+12
dp[21][2309]=-6.78e+12
dp[22][2309]=-6.78e+12
dp[23][2309]=-6.78e+12
dp[24][2309]=-6.78e+12
dp[25][2309]=-6.78e+12
dp[26][2309]=-6.78e+12
dp[27][2309]=-6.78e+12
dp[28][2309]=-6.78e+12
dp[29][2309]=-6.78e+12
dp[30][2309]=-6.78e+12
dp[31][2309]=-6.78e+12
dp[32][2309]=-6.78e+12
dp[33][2309]=-6.78e+12
dp[34][2309]=-6.78e+12
dp[35][2309]=-6.78e+12
dp[36][2309]=-6.78e+12
dp[37][2309]=-6.78e+12
dp[38][2309]=-6.78e+12
dp[39][2309]=-6.78e+12
dp[40][2309]=-6.78e+12
dp[41][2309]=-6.78e+12
dp[42][2309]=-6.78e+12
dp[43][2309]=-6.78e+12
dp[44][2309]=-6.78e+12
dp[45][2309]=-6.62e+12
dp[46][2309]=-5.95e+12
dp[47][2309]=-4.34e+12
dp[48][2309]=-1.98e+12
Select best dp
Best k=24
Stratifying 6-th numerical feature ...
dp[2][2309]=-5e+11
dp[3][2309]=-5e+11
dp[4][2309]=-5e+11
dp[5][2309]=-5e+11
dp[6][2309]=-5e+11
dp[7][2309]=-5e+11
dp[8][2309]=-5e+11
dp[9][2309]=-5e+11
dp[10][2309]=-5e+11
dp[11][2309]=-5e+11
dp[12][2309]=-5e+11
dp[13][2309]=-5e+11
dp[14][2309]=-5e+11
dp[15][2309]=-5e+11
dp[16][2309]=-5e+11
dp[17][2309]=-5e+11
dp[18][2309]=-5e+11
dp[19][2309]=-5e+11
dp[20][2309]=-5e+11
dp[21][2309]=-5e+11
dp[22][2309]=-5e+11
dp[23][2309]=-5e+11
dp[24][2309]=-5e+11
dp[25][2309]=-5e+11
dp[26][2309]=-5e+11
dp[27][2309]=-5e+11
dp[28][2309]=-5e+11
dp[29][2309]=-5e+11
dp[30][2309]=-5e+11
dp[31][2309]=-5e+11
dp[32][2309]=-5e+11
dp[33][2309]=-5e+11
dp[34][2309]=-5e+11
dp[35][2309]=-5e+11
dp[36][2309]=-5e+11
dp[37][2309]=-5e+11
dp[38][2309]=-5e+11
dp[39][2309]=-5e+11
dp[40][2309]=-5e+11
dp[41][2309]=-5e+11
dp[42][2309]=-5e+11
dp[43][2309]=-5e+11
dp[44][2309]=-5e+11
dp[45][2309]=-5e+11
dp[46][2309]=-5e+11
dp[47][2309]=-5e+11
dp[48][2309]=-5e+11
Select best dp
Best k=18
Stratifying 7-th numerical feature ...
dp[2][2309]=-2.37387e+11
dp[3][2309]=-2.37387e+11
dp[4][2309]=-2.37387e+11
dp[5][2309]=-2.37387e+11
dp[6][2309]=-2.37387e+11
dp[7][2309]=-2.37387e+11
dp[8][2309]=-2.37387e+11
dp[9][2309]=-2.37387e+11
dp[10][2309]=-2.37387e+11
dp[11][2309]=-2.37387e+11
dp[12][2309]=-2.37387e+11
dp[13][2309]=-2.37387e+11
dp[14][2309]=-2.37387e+11
dp[15][2309]=-2.37387e+11
dp[16][2309]=-2.37387e+11
dp[17][2309]=-2.37387e+11
dp[18][2309]=-2.37387e+11
dp[19][2309]=-2.37387e+11
dp[20][2309]=-2.37387e+11
dp[21][2309]=-2.37387e+11
dp[22][2309]=-2.37387e+11
dp[23][2309]=-2.37387e+11
dp[24][2309]=-2.37387e+11
dp[25][2309]=-2.37387e+11
dp[26][2309]=-2.37387e+11
dp[27][2309]=-2.37387e+11
dp[28][2309]=-2.37387e+11
dp[29][2309]=-2.37387e+11
dp[30][2309]=-2.37387e+11
dp[31][2309]=-2.37387e+11
dp[32][2309]=-2.37387e+11
dp[33][2309]=-2.37387e+11
dp[34][2309]=-2.37387e+11
dp[35][2309]=-2.37387e+11
dp[36][2309]=-2.37387e+11
dp[37][2309]=-2.37387e+11
dp[38][2309]=-2.37387e+11
dp[39][2309]=-2.37387e+11
dp[40][2309]=-2.37387e+11
dp[41][2309]=-2.37387e+11
dp[42][2309]=-2.37387e+11
dp[43][2309]=-2.37387e+11
dp[44][2309]=-2.37387e+11
dp[45][2309]=-2.37387e+11
dp[46][2309]=-2.37387e+11
dp[47][2309]=-2.37387e+11
dp[48][2309]=-1.91326e+11
Select best dp
Best k=24
Stratifying 8-th numerical feature ...
dp[2][2309]=-1.38e+12
dp[3][2309]=-1.38e+12
dp[4][2309]=-1.38e+12
dp[5][2309]=-1.38e+12
dp[6][2309]=-1.38e+12
dp[7][2309]=-1.38e+12
dp[8][2309]=-1.38e+12
dp[9][2309]=-1.38e+12
dp[10][2309]=-1.38e+12
dp[11][2309]=-1.38e+12
dp[12][2309]=-1.38e+12
dp[13][2309]=-1.38e+12
dp[14][2309]=-1.38e+12
dp[15][2309]=-1.38e+12
dp[16][2309]=-1.38e+12
dp[17][2309]=-1.38e+12
dp[18][2309]=-1.38e+12
dp[19][2309]=-1.38e+12
dp[20][2309]=-1.38e+12
dp[21][2309]=-1.38e+12
dp[22][2309]=-1.38e+12
dp[23][2309]=-1.38e+12
dp[24][2309]=-1.38e+12
dp[25][2309]=-1.38e+12
dp[26][2309]=-1.38e+12
dp[27][2309]=-1.38e+12
dp[28][2309]=-1.38e+12
dp[29][2309]=-1.38e+12
dp[30][2309]=-1.38e+12
dp[31][2309]=-1.38e+12
dp[32][2309]=-1.38e+12
dp[33][2309]=-1.38e+12
dp[34][2309]=-1.38e+12
dp[35][2309]=-1.38e+12
dp[36][2309]=-1.38e+12
dp[37][2309]=-1.38e+12
dp[38][2309]=-1.38e+12
dp[39][2309]=-1.38e+12
dp[40][2309]=-1.38e+12
dp[41][2309]=-1.38e+12
dp[42][2309]=-1.38e+12
dp[43][2309]=-1.38e+12
dp[44][2309]=-1.38e+12
dp[45][2309]=-1.38e+12
dp[46][2309]=-1.38e+12
dp[47][2309]=-1.38e+12
dp[48][2309]=-1.02e+12
Select best dp
Best k=23
Stratifying 9-th numerical feature ...
dp[2][2309]=-1.83215e+11
dp[3][2309]=-1.83215e+11
dp[4][2309]=-1.83215e+11
dp[5][2309]=-1.83215e+11
dp[6][2309]=-1.83215e+11
dp[7][2309]=-1.83215e+11
dp[8][2309]=-1.83215e+11
dp[9][2309]=-1.83215e+11
dp[10][2309]=-1.83215e+11
dp[11][2309]=-1.83215e+11
dp[12][2309]=-1.83215e+11
dp[13][2309]=-1.83215e+11
dp[14][2309]=-1.83215e+11
dp[15][2309]=-1.83215e+11
dp[16][2309]=-1.83215e+11
dp[17][2309]=-1.83215e+11
dp[18][2309]=-1.83215e+11
dp[19][2309]=-1.83215e+11
dp[20][2309]=-1.83215e+11
dp[21][2309]=-1.83215e+11
dp[22][2309]=-1.83215e+11
dp[23][2309]=-1.83215e+11
dp[24][2309]=-1.83215e+11
dp[25][2309]=-1.83215e+11
dp[26][2309]=-1.83215e+11
dp[27][2309]=-1.83215e+11
dp[28][2309]=-1.83215e+11
dp[29][2309]=-1.83215e+11
dp[30][2309]=-1.83215e+11
dp[31][2309]=-1.83215e+11
dp[32][2309]=-1.83215e+11
dp[33][2309]=-1.83215e+11
dp[34][2309]=-1.83215e+11
dp[35][2309]=-1.83215e+11
dp[36][2309]=-1.83215e+11
dp[37][2309]=-1.83215e+11
dp[38][2309]=-1.83215e+11
dp[39][2309]=-1.83215e+11
dp[40][2309]=-1.83215e+11
dp[41][2309]=-1.83215e+11
dp[42][2309]=-1.83215e+11
dp[43][2309]=-1.83215e+11
dp[44][2309]=-1.83215e+11
dp[45][2309]=-1.83215e+11
dp[46][2309]=-1.83215e+11
dp[47][2309]=-1.83215e+11
dp[48][2309]=-1.64894e+11
Select best dp
Best k=23
Stratifying 10-th numerical feature ...
dp[2][2309]=-1.17e+12
dp[3][2309]=-1.17e+12
dp[4][2309]=-1.17e+12
dp[5][2309]=-1.17e+12
dp[6][2309]=-1.17e+12
dp[7][2309]=-1.17e+12
dp[8][2309]=-1.17e+12
dp[9][2309]=-1.17e+12
dp[10][2309]=-1.17e+12
dp[11][2309]=-1.17e+12
dp[12][2309]=-1.17e+12
dp[13][2309]=-1.17e+12
dp[14][2309]=-1.17e+12
dp[15][2309]=-1.17e+12
dp[16][2309]=-1.17e+12
dp[17][2309]=-1.17e+12
dp[18][2309]=-1.17e+12
dp[19][2309]=-1.17e+12
dp[20][2309]=-1.17e+12
dp[21][2309]=-1.17e+12
dp[22][2309]=-1.17e+12
dp[23][2309]=-1.17e+12
dp[24][2309]=-1.17e+12
dp[25][2309]=-1.17e+12
dp[26][2309]=-1.17e+12
dp[27][2309]=-1.17e+12
dp[28][2309]=-1.17e+12
dp[29][2309]=-1.17e+12
dp[30][2309]=-1.17e+12
dp[31][2309]=-1.17e+12
dp[32][2309]=-1.17e+12
dp[33][2309]=-1.17e+12
dp[34][2309]=-1.17e+12
dp[35][2309]=-1.17e+12
dp[36][2309]=-1.17e+12
dp[37][2309]=-1.17e+12
dp[38][2309]=-1.17e+12
dp[39][2309]=-1.17e+12
dp[40][2309]=-1.17e+12
dp[41][2309]=-1.17e+12
dp[42][2309]=-1.17e+12
dp[43][2309]=-1.17e+12
dp[44][2309]=-1.17e+12
dp[45][2309]=-1.17e+12
dp[46][2309]=-1.17e+12
dp[47][2309]=-1.17e+12
dp[48][2309]=-1.02e+12
Select best dp
Best k=20
Stratifying 11-th numerical feature ...
dp[2][2309]=-4683.48
dp[3][2309]=-5e+11
dp[4][2309]=-5e+11
dp[5][2309]=-5e+11
dp[6][2309]=-5e+11
dp[7][2309]=-5e+11
dp[8][2309]=-5e+11
dp[9][2309]=-5e+11
dp[10][2309]=-5e+11
dp[11][2309]=-5e+11
dp[12][2309]=-5e+11
dp[13][2309]=-5e+11
dp[14][2309]=-5e+11
dp[15][2309]=-5e+11
dp[16][2309]=-5e+11
dp[17][2309]=-5e+11
dp[18][2309]=-5e+11
dp[19][2309]=-5e+11
dp[20][2309]=-5e+11
dp[21][2309]=-5e+11
dp[22][2309]=-5e+11
dp[23][2309]=-5e+11
dp[24][2309]=-5e+11
dp[25][2309]=-5e+11
dp[26][2309]=-5e+11
dp[27][2309]=-5e+11
dp[28][2309]=-5e+11
dp[29][2309]=-5e+11
dp[30][2309]=-5e+11
dp[31][2309]=-5e+11
dp[32][2309]=-5e+11
dp[33][2309]=-5e+11
dp[34][2309]=-5e+11
dp[35][2309]=-5e+11
dp[36][2309]=-5e+11
dp[37][2309]=-5e+11
dp[38][2309]=-5e+11
dp[39][2309]=-5e+11
dp[40][2309]=-5e+11
dp[41][2309]=-5e+11
dp[42][2309]=-5e+11
dp[43][2309]=-5e+11
dp[44][2309]=-5e+11
dp[45][2309]=-5e+11
dp[46][2309]=-5e+11
dp[47][2309]=-5e+11
dp[48][2309]=-5e+11
Select best dp
Best k=18
Stratifying 12-th numerical feature ...
dp[2][2309]=-5427.18
dp[3][2309]=-4.8e+11
dp[4][2309]=-4.8e+11
dp[5][2309]=-4.8e+11
dp[6][2309]=-4.8e+11
dp[7][2309]=-4.8e+11
dp[8][2309]=-4.8e+11
dp[9][2309]=-4.8e+11
dp[10][2309]=-4.8e+11
dp[11][2309]=-4.8e+11
dp[12][2309]=-4.8e+11
dp[13][2309]=-4.8e+11
dp[14][2309]=-4.8e+11
dp[15][2309]=-4.8e+11
dp[16][2309]=-4.8e+11
dp[17][2309]=-4.8e+11
dp[18][2309]=-4.8e+11
dp[19][2309]=-4.8e+11
dp[20][2309]=-4.8e+11
dp[21][2309]=-4.8e+11
dp[22][2309]=-4.8e+11
dp[23][2309]=-4.8e+11
dp[24][2309]=-4.8e+11
dp[25][2309]=-4.8e+11
dp[26][2309]=-4.8e+11
dp[27][2309]=-4.8e+11
dp[28][2309]=-4.8e+11
dp[29][2309]=-4.8e+11
dp[30][2309]=-4.8e+11
dp[31][2309]=-4.8e+11
dp[32][2309]=-4.8e+11
dp[33][2309]=-4.8e+11
dp[34][2309]=-4.8e+11
dp[35][2309]=-4.8e+11
dp[36][2309]=-4.8e+11
dp[37][2309]=-4.8e+11
dp[38][2309]=-4.8e+11
dp[39][2309]=-4.8e+11
dp[40][2309]=-4.8e+11
dp[41][2309]=-4.8e+11
dp[42][2309]=-4.8e+11
dp[43][2309]=-4.8e+11
dp[44][2309]=-4.8e+11
dp[45][2309]=-4.8e+11
dp[46][2309]=-4.8e+11
dp[47][2309]=-4.8e+11
dp[48][2309]=-9304.43
Select best dp
Best k=20
Stratifying 13-th numerical feature ...
dp[2][2309]=-4474.1
dp[3][2309]=-7051.77
dp[4][2309]=-8612.76
dp[5][2309]=-9586.83
dp[6][2309]=-10333
dp[7][2309]=-10909.3
dp[8][2309]=-11435.2
dp[9][2309]=-11754
dp[10][2309]=-12046.1
dp[11][2309]=-12263.9
dp[12][2309]=-12470.4
dp[13][2309]=-12592.2
dp[14][2309]=-12760.3
dp[15][2309]=-12882.1
dp[16][2309]=-12956.6
dp[17][2309]=-13008.6
dp[18][2309]=-13039
dp[19][2309]=-13059.5
dp[20][2309]=-13076.5
dp[21][2309]=-13086.1
dp[22][2309]=-13053.9
dp[23][2309]=-13014.8
dp[24][2309]=-12943.8
dp[25][2309]=-12870.9
dp[26][2309]=-12790.5
dp[27][2309]=-12705.9
dp[28][2309]=-12616.6
dp[29][2309]=-12520.5
dp[30][2309]=-12423
dp[31][2309]=-12314.4
dp[32][2309]=-12188.1
dp[33][2309]=-12060.8
dp[34][2309]=-11929.5
dp[35][2309]=-11796.4
dp[36][2309]=-11662.6
dp[37][2309]=-11526.6
dp[38][2309]=-11388.4
dp[39][2309]=-11247.9
dp[40][2309]=-11090.4
dp[41][2309]=-10918
dp[42][2309]=-10743
dp[43][2309]=-10567.8
dp[44][2309]=-10375.2
dp[45][2309]=-10148.8
dp[46][2309]=-9867.15
dp[47][2309]=-9526.64
dp[48][2309]=-9160.57
Select best dp
Best k=21
Stratifying 14-th numerical feature ...
dp[2][2309]=-2.04488e+11
dp[3][2309]=-2.04488e+11
dp[4][2309]=-2.04488e+11
dp[5][2309]=-2.04488e+11
dp[6][2309]=-2.04488e+11
dp[7][2309]=-2.04488e+11
dp[8][2309]=-2.04488e+11
dp[9][2309]=-2.04488e+11
dp[10][2309]=-2.04488e+11
dp[11][2309]=-2.04488e+11
dp[12][2309]=-2.04488e+11
dp[13][2309]=-2.04488e+11
dp[14][2309]=-2.04488e+11
dp[15][2309]=-2.04488e+11
dp[16][2309]=-2.04488e+11
dp[17][2309]=-2.04488e+11
dp[18][2309]=-2.04488e+11
dp[19][2309]=-2.04488e+11
dp[20][2309]=-2.04488e+11
dp[21][2309]=-2.04488e+11
dp[22][2309]=-2.04488e+11
dp[23][2309]=-2.04488e+11
dp[24][2309]=-2.04488e+11
dp[25][2309]=-2.04488e+11
dp[26][2309]=-2.04488e+11
dp[27][2309]=-2.04488e+11
dp[28][2309]=-2.04488e+11
dp[29][2309]=-2.04488e+11
dp[30][2309]=-2.04488e+11
dp[31][2309]=-2.04488e+11
dp[32][2309]=-2.04488e+11
dp[33][2309]=-2.04488e+11
dp[34][2309]=-2.04488e+11
dp[35][2309]=-2.04488e+11
dp[36][2309]=-2.04488e+11
dp[37][2309]=-2.04488e+11
dp[38][2309]=-2.04488e+11
dp[39][2309]=-2.04488e+11
dp[40][2309]=-2.04488e+11
dp[41][2309]=-2.04488e+11
dp[42][2309]=-2.04488e+11
dp[43][2309]=-2.04488e+11
dp[44][2309]=-2.04488e+11
dp[45][2309]=-2.04488e+11
dp[46][2309]=-2.04488e+11
dp[47][2309]=-2.04488e+11
dp[48][2309]=-1.84039e+11
Select best dp
Best k=23
Stratifying 15-th numerical feature ...
dp[2][2309]=-6.6e+11
dp[3][2309]=-6.6e+11
dp[4][2309]=-6.6e+11
dp[5][2309]=-6.6e+11
dp[6][2309]=-6.6e+11
dp[7][2309]=-6.6e+11
dp[8][2309]=-6.6e+11
dp[9][2309]=-6.6e+11
dp[10][2309]=-6.6e+11
dp[11][2309]=-6.6e+11
dp[12][2309]=-6.6e+11
dp[13][2309]=-6.6e+11
dp[14][2309]=-6.6e+11
dp[15][2309]=-6.6e+11
dp[16][2309]=-6.6e+11
dp[17][2309]=-6.6e+11
dp[18][2309]=-6.6e+11
dp[19][2309]=-6.6e+11
dp[20][2309]=-6.6e+11
dp[21][2309]=-6.6e+11
dp[22][2309]=-6.6e+11
dp[23][2309]=-6.6e+11
dp[24][2309]=-6.6e+11
dp[25][2309]=-6.6e+11
dp[26][2309]=-6.6e+11
dp[27][2309]=-6.6e+11
dp[28][2309]=-6.6e+11
dp[29][2309]=-6.6e+11
dp[30][2309]=-6.6e+11
dp[31][2309]=-6.6e+11
dp[32][2309]=-6.6e+11
dp[33][2309]=-6.6e+11
dp[34][2309]=-6.6e+11
dp[35][2309]=-6.6e+11
dp[36][2309]=-6.6e+11
dp[37][2309]=-6.6e+11
dp[38][2309]=-6.6e+11
dp[39][2309]=-6.6e+11
dp[40][2309]=-6.6e+11
dp[41][2309]=-6.6e+11
dp[42][2309]=-6.6e+11
dp[43][2309]=-6.6e+11
dp[44][2309]=-6.6e+11
dp[45][2309]=-6.6e+11
dp[46][2309]=-6.6e+11
dp[47][2309]=-6.6e+11
dp[48][2309]=-5.4e+11
Select best dp
Best k=19
Stratifying 16-th numerical feature ...
dp[2][2309]=-6565.72
dp[3][2309]=-7.6e+11
dp[4][2309]=-7.6e+11
dp[5][2309]=-7.6e+11
dp[6][2309]=-7.6e+11
dp[7][2309]=-7.6e+11
dp[8][2309]=-7.6e+11
dp[9][2309]=-7.6e+11
dp[10][2309]=-7.6e+11
dp[11][2309]=-7.6e+11
dp[12][2309]=-7.6e+11
dp[13][2309]=-7.6e+11
dp[14][2309]=-7.6e+11
dp[15][2309]=-7.6e+11
dp[16][2309]=-7.6e+11
dp[17][2309]=-7.6e+11
dp[18][2309]=-7.6e+11
dp[19][2309]=-7.6e+11
dp[20][2309]=-7.6e+11
dp[21][2309]=-7.6e+11
dp[22][2309]=-7.6e+11
dp[23][2309]=-7.6e+11
dp[24][2309]=-7.6e+11
dp[25][2309]=-7.6e+11
dp[26][2309]=-7.6e+11
dp[27][2309]=-7.6e+11
dp[28][2309]=-7.6e+11
dp[29][2309]=-7.6e+11
dp[30][2309]=-7.6e+11
dp[31][2309]=-7.6e+11
dp[32][2309]=-7.6e+11
dp[33][2309]=-7.6e+11
dp[34][2309]=-7.6e+11
dp[35][2309]=-7.6e+11
dp[36][2309]=-7.6e+11
dp[37][2309]=-7.6e+11
dp[38][2309]=-7.6e+11
dp[39][2309]=-7.6e+11
dp[40][2309]=-7.6e+11
dp[41][2309]=-7.6e+11
dp[42][2309]=-7.6e+11
dp[43][2309]=-7.6e+11
dp[44][2309]=-7.6e+11
dp[45][2309]=-7.6e+11
dp[46][2309]=-7.6e+11
dp[47][2309]=-6.5e+11
dp[48][2309]=-5.4e+11
Select best dp
Best k=16
