Standardize ...
Stratifying 1-th numerical feature ...
dp[2][689]=-445.326
dp[3][689]=-754.088
dp[4][689]=-866.653
dp[5][689]=-928.126
dp[6][689]=-962.124
dp[7][689]=-925.936
dp[8][689]=-844.479
dp[9][689]=-755.587
dp[10][689]=-640.523
dp[11][689]=-506.387
dp[12][689]=-369.925
dp[13][689]=-226.468
dp[14][689]=-77.4009
dp[15][689]=87.6849
dp[16][689]=257.044
dp[17][689]=431.719
dp[18][689]=614.404
dp[19][689]=796.476
dp[20][689]=979.761
dp[21][689]=1167.85
dp[22][689]=1357.99
dp[23][689]=1565.18
dp[24][689]=1774.93
dp[25][689]=1986.45
dp[26][689]=2231.14
Select best dp
Best k=6
Stratifying 2-th numerical feature ...
dp[2][689]=-797.21
dp[3][689]=-1135.15
dp[4][689]=-1283.1
dp[5][689]=-1347.91
dp[6][689]=-1329.95
dp[7][689]=-1293.44
dp[8][689]=-1228.55
dp[9][689]=-1145.68
dp[10][689]=-1041.89
dp[11][689]=-937.551
dp[12][689]=-826.734
dp[13][689]=-719.373
dp[14][689]=-586.605
dp[15][689]=-453.425
dp[16][689]=-299.959
dp[17][689]=-128.513
dp[18][689]=44.5669
dp[19][689]=219.439
dp[20][689]=399.264
dp[21][689]=583.945
dp[22][689]=770.579
dp[23][689]=988.293
dp[24][689]=1212.75
dp[25][689]=1448.93
dp[26][689]=1707.09
Select best dp
Best k=5
Stratifying 3-th numerical feature ...
dp[2][689]=-7e+11
dp[3][689]=-1.03e+12
dp[4][689]=-1.29e+12
dp[5][689]=-1.59e+12
dp[6][689]=-1.64e+12
dp[7][689]=-1.94e+12
dp[8][689]=-1.95e+12
dp[9][689]=-2.25e+12
dp[10][689]=-2.25e+12
dp[11][689]=-2.53e+12
dp[12][689]=-2.53e+12
dp[13][689]=-2.53e+12
dp[14][689]=-2.53e+12
dp[15][689]=-2.53e+12
dp[16][689]=-2.53e+12
dp[17][689]=-2.53e+12
dp[18][689]=-2.53e+12
dp[19][689]=-2.53e+12
dp[20][689]=-2.53e+12
dp[21][689]=-2.53e+12
dp[22][689]=-2.53e+12
dp[23][689]=-2.53e+12
dp[24][689]=-2.48e+12
dp[25][689]=-1.94e+12
dp[26][689]=-1.16e+12
Select best dp
Best k=13
Stratifying 4-th numerical feature ...
dp[2][689]=-3.95e+12
dp[3][689]=-4.66e+12
dp[4][689]=-5.11e+12
dp[5][689]=-5.39e+12
dp[6][689]=-5.39e+12
dp[7][689]=-5.39e+12
dp[8][689]=-5.39e+12
dp[9][689]=-5.39e+12
dp[10][689]=-5.39e+12
dp[11][689]=-5.39e+12
dp[12][689]=-5.39e+12
dp[13][689]=-5.39e+12
dp[14][689]=-5.39e+12
dp[15][689]=-5.39e+12
dp[16][689]=-5.39e+12
dp[17][689]=-5.39e+12
dp[18][689]=-5.39e+12
dp[19][689]=-5.39e+12
dp[20][689]=-5.39e+12
dp[21][689]=-5.39e+12
dp[22][689]=-5.39e+12
dp[23][689]=-5.39e+12
dp[24][689]=-5.39e+12
dp[25][689]=-5.13e+12
dp[26][689]=-4.82e+12
Select best dp
Best k=5
Stratifying 5-th numerical feature ...
dp[2][689]=-1.32e+12
dp[3][689]=-1.32e+12
dp[4][689]=-1.67e+12
dp[5][689]=-1.67e+12
dp[6][689]=-2.02e+12
dp[7][689]=-2.02e+12
dp[8][689]=-2.36e+12
dp[9][689]=-2.36e+12
dp[10][689]=-2.66e+12
dp[11][689]=-2.66e+12
dp[12][689]=-2.66e+12
dp[13][689]=-2.66e+12
dp[14][689]=-2.66e+12
dp[15][689]=-2.66e+12
dp[16][689]=-2.66e+12
dp[17][689]=-2.66e+12
dp[18][689]=-2.66e+12
dp[19][689]=-2.66e+12
dp[20][689]=-2.66e+12
dp[21][689]=-2.66e+12
dp[22][689]=-2.66e+12
dp[23][689]=-2.65e+12
dp[24][689]=-2.64e+12
dp[25][689]=-2.56e+12
dp[26][689]=-2.17e+12
Select best dp
Best k=11
Stratifying 6-th numerical feature ...
dp[2][689]=-2.95e+12
dp[3][689]=-3.24e+12
dp[4][689]=-3.24e+12
dp[5][689]=-3.24e+12
dp[6][689]=-3.24e+12
dp[7][689]=-3.24e+12
dp[8][689]=-3.24e+12
dp[9][689]=-3.24e+12
dp[10][689]=-3.24e+12
dp[11][689]=-3.24e+12
dp[12][689]=-3.24e+12
dp[13][689]=-3.24e+12
dp[14][689]=-3.24e+12
dp[15][689]=-3.24e+12
dp[16][689]=-3.24e+12
dp[17][689]=-3.24e+12
dp[18][689]=-3.24e+12
dp[19][689]=-3.24e+12
dp[20][689]=-3.24e+12
dp[21][689]=-3.24e+12
dp[22][689]=-3.24e+12
dp[23][689]=-3.24e+12
dp[24][689]=-3.24e+12
dp[25][689]=-3.24e+12
dp[26][689]=-3.24e+12
Select best dp
Best k=6
