Standardize ...
Stratifying 1-th numerical feature ...
dp[2][519]=-385.771
dp[3][519]=-3e+11
dp[4][519]=-3e+11
dp[5][519]=-5.8e+11
dp[6][519]=-5.8e+11
dp[7][519]=-8.3e+11
dp[8][519]=-8.3e+11
dp[9][519]=-8.3e+11
dp[10][519]=-8.3e+11
dp[11][519]=-8.3e+11
dp[12][519]=-8.3e+11
dp[13][519]=-8.3e+11
dp[14][519]=-8.3e+11
dp[15][519]=-8.3e+11
dp[16][519]=-8.3e+11
dp[17][519]=-8.3e+11
dp[18][519]=-8.3e+11
dp[19][519]=-8.3e+11
dp[20][519]=-8.3e+11
dp[21][519]=-8.2e+11
dp[22][519]=-7.6e+11
Select best dp
Best k=11
