Standardize ...
Stratifying 1-th numerical feature ...
dp[2][19019]=-35569.6
dp[3][19019]=-50053.3
dp[4][19019]=-60806.2
dp[5][19019]=-69602
dp[6][19019]=-76614.4
dp[7][19019]=-82457.7
dp[8][19019]=-87846.3
dp[9][19019]=-92551.8
dp[10][19019]=-96377.3
dp[11][19019]=-100062
dp[12][19019]=-103444
dp[13][19019]=-106455
dp[14][19019]=-109147
dp[15][19019]=-111647
dp[16][19019]=-114016
dp[17][19019]=-116204
dp[18][19019]=-118199
dp[19][19019]=-120090
dp[20][19019]=-121972
dp[21][19019]=-123668
dp[22][19019]=-125334
dp[23][19019]=-126881
dp[24][19019]=-128376
dp[25][19019]=-129685
dp[26][19019]=-130982
dp[27][19019]=-132187
dp[28][19019]=-133370
dp[29][19019]=-134507
dp[30][19019]=-135609
dp[31][19019]=-136664
dp[32][19019]=-137691
dp[33][19019]=-138682
dp[34][19019]=-139644
dp[35][19019]=-140541
dp[36][19019]=-141394
dp[37][19019]=-142213
dp[38][19019]=-143019
dp[39][19019]=-143837
dp[40][19019]=-144591
dp[41][19019]=-145340
dp[42][19019]=-146086
dp[43][19019]=-146783
dp[44][19019]=-147470
dp[45][19019]=-148152
dp[46][19019]=-148828
dp[47][19019]=-149498
dp[48][19019]=-150139
dp[49][19019]=-150775
dp[50][19019]=-151403
dp[51][19019]=-152012
dp[52][19019]=-152577
dp[53][19019]=-153126
dp[54][19019]=-153656
dp[55][19019]=-154175
dp[56][19019]=-154671
dp[57][19019]=-155161
dp[58][19019]=-155651
dp[59][19019]=-156117
dp[60][19019]=-156562
dp[61][19019]=-156994
dp[62][19019]=-157415
dp[63][19019]=-157829
dp[64][19019]=-158240
dp[65][19019]=-158636
dp[66][19019]=-159031
dp[67][19019]=-159340
dp[68][19019]=-159595
dp[69][19019]=-159796
dp[70][19019]=-159485
Select best dp
Best k=69
Stratifying 2-th numerical feature ...
dp[2][19019]=-33802.9
dp[3][19019]=-51037.9
dp[4][19019]=-63012.2
dp[5][19019]=-71087.4
dp[6][19019]=-78927.2
dp[7][19019]=-84900.9
dp[8][19019]=-90603.9
dp[9][19019]=-95220.4
dp[10][19019]=-99070.8
dp[11][19019]=-102710
dp[12][19019]=-105927
dp[13][19019]=-108853
dp[14][19019]=-111603
dp[15][19019]=-114375
dp[16][19019]=-116953
dp[17][19019]=-119303
dp[18][19019]=-121398
dp[19][19019]=-123369
dp[20][19019]=-125173
dp[21][19019]=-126876
dp[22][19019]=-128543
dp[23][19019]=-130094
dp[24][19019]=-131601
dp[25][19019]=-133004
dp[26][19019]=-134407
dp[27][19019]=-135744
dp[28][19019]=-137033
dp[29][19019]=-138171
dp[30][19019]=-139276
dp[31][19019]=-140362
dp[32][19019]=-141398
dp[33][19019]=-142380
dp[34][19019]=-143334
dp[35][19019]=-144267
dp[36][19019]=-145157
dp[37][19019]=-146022
dp[38][19019]=-146865
dp[39][19019]=-147632
dp[40][19019]=-148396
dp[41][19019]=-149148
dp[42][19019]=-149874
dp[43][19019]=-150584
dp[44][19019]=-151291
dp[45][19019]=-151983
dp[46][19019]=-152667
dp[47][19019]=-153346
dp[48][19019]=-153988
dp[49][19019]=-154621
dp[50][19019]=-155223
dp[51][19019]=-155818
dp[52][19019]=-156399
dp[53][19019]=-156962
dp[54][19019]=-157448
dp[55][19019]=-157925
dp[56][19019]=-158397
dp[57][19019]=-158865
dp[58][19019]=-159328
dp[59][19019]=-159787
dp[60][19019]=-160232
dp[61][19019]=-160668
dp[62][19019]=-161092
dp[63][19019]=-161495
dp[64][19019]=-161894
dp[65][19019]=-162275
dp[66][19019]=-162604
dp[67][19019]=-162915
dp[68][19019]=-163211
dp[69][19019]=-163447
dp[70][19019]=-163565
Select best dp
Best k=70
Stratifying 3-th numerical feature ...
dp[2][19019]=-22511.1
dp[3][19019]=-37253.7
dp[4][19019]=-47908.6
dp[5][19019]=-56251.1
dp[6][19019]=-63083.8
dp[7][19019]=-68928.1
dp[8][19019]=-73757.8
dp[9][19019]=-78263.6
dp[10][19019]=-82002.8
dp[11][19019]=-85635.9
dp[12][19019]=-88804.2
dp[13][19019]=-91605.8
dp[14][19019]=-94335.5
dp[15][19019]=-96741.7
dp[16][19019]=-99091.6
dp[17][19019]=-101272
dp[18][19019]=-103347
dp[19][19019]=-105213
dp[20][19019]=-107046
dp[21][19019]=-108649
dp[22][19019]=-110186
dp[23][19019]=-111720
dp[24][19019]=-113173
dp[25][19019]=-114590
dp[26][19019]=-115892
dp[27][19019]=-117077
dp[28][19019]=-118225
dp[29][19019]=-119334
dp[30][19019]=-120443
dp[31][19019]=-121529
dp[32][19019]=-122533
dp[33][19019]=-123524
dp[34][19019]=-124452
dp[35][19019]=-125380
dp[36][19019]=-126299
dp[37][19019]=-127194
dp[38][19019]=-128044
dp[39][19019]=-128880
dp[40][19019]=-129657
dp[41][19019]=-130429
dp[42][19019]=-131148
dp[43][19019]=-131859
dp[44][19019]=-132537
dp[45][19019]=-133198
dp[46][19019]=-133845
dp[47][19019]=-134487
dp[48][19019]=-135098
dp[49][19019]=-135700
dp[50][19019]=-136260
dp[51][19019]=-136806
dp[52][19019]=-137328
dp[53][19019]=-137846
dp[54][19019]=-138360
dp[55][19019]=-138867
dp[56][19019]=-139365
dp[57][19019]=-139861
dp[58][19019]=-140334
dp[59][19019]=-140805
dp[60][19019]=-141266
dp[61][19019]=-141686
dp[62][19019]=-142104
dp[63][19019]=-142516
dp[64][19019]=-142918
dp[65][19019]=-143292
dp[66][19019]=-143612
dp[67][19019]=-143913
dp[68][19019]=-144147
dp[69][19019]=-144326
dp[70][19019]=-144342
Select best dp
Best k=70
Stratifying 4-th numerical feature ...
dp[2][19019]=-45780.9
dp[3][19019]=-72803.2
dp[4][19019]=-91382.6
dp[5][19019]=-104672
dp[6][19019]=-115708
dp[7][19019]=-124517
dp[8][19019]=-131800
dp[9][19019]=-138102
dp[10][19019]=-142979
dp[11][19019]=-147409
dp[12][19019]=-151321
dp[13][19019]=-154702
dp[14][19019]=-158015
dp[15][19019]=-160926
dp[16][19019]=-163703
dp[17][19019]=-166259
dp[18][19019]=-168490
dp[19][19019]=-170669
dp[20][19019]=-172731
dp[21][19019]=-174691
dp[22][19019]=-176365
dp[23][19019]=-178009
dp[24][19019]=-179549
dp[25][19019]=-181012
dp[26][19019]=-182422
dp[27][19019]=-183791
dp[28][19019]=-185081
dp[29][19019]=-186336
dp[30][19019]=-187537
dp[31][19019]=-188681
dp[32][19019]=-189779
dp[33][19019]=-190864
dp[34][19019]=-191873
dp[35][19019]=-192857
dp[36][19019]=-193830
dp[37][19019]=-194758
dp[38][19019]=-195667
dp[39][19019]=-196514
dp[40][19019]=-197360
dp[41][19019]=-198114
dp[42][19019]=-198869
dp[43][19019]=-199609
dp[44][19019]=-200346
dp[45][19019]=-201058
dp[46][19019]=-201709
dp[47][19019]=-202354
dp[48][19019]=-202986
dp[49][19019]=-203599
dp[50][19019]=-204206
dp[51][19019]=-204809
dp[52][19019]=-205391
dp[53][19019]=-205963
dp[54][19019]=-206509
dp[55][19019]=-207050
dp[56][19019]=-207564
dp[57][19019]=-208057
dp[58][19019]=-208539
dp[59][19019]=-209012
dp[60][19019]=-209471
dp[61][19019]=-209927
dp[62][19019]=-210366
dp[63][19019]=-210767
dp[64][19019]=-211167
dp[65][19019]=-211529
dp[66][19019]=-211863
dp[67][19019]=-212180
dp[68][19019]=-212486
dp[69][19019]=-212662
dp[70][19019]=-212479
Select best dp
Best k=69
Stratifying 5-th numerical feature ...
dp[2][19019]=-45889
dp[3][19019]=-73155.1
dp[4][19019]=-91751.6
dp[5][19019]=-105246
dp[6][19019]=-116681
dp[7][19019]=-125600
dp[8][19019]=-132612
dp[9][19019]=-138488
dp[10][19019]=-143576
dp[11][19019]=-148092
dp[12][19019]=-152161
dp[13][19019]=-156079
dp[14][19019]=-159255
dp[15][19019]=-162155
dp[16][19019]=-164895
dp[17][19019]=-167425
dp[18][19019]=-169731
dp[19][19019]=-171862
dp[20][19019]=-173954
dp[21][19019]=-175764
dp[22][19019]=-177563
dp[23][19019]=-179320
dp[24][19019]=-180933
dp[25][19019]=-182475
dp[26][19019]=-183976
dp[27][19019]=-185434
dp[28][19019]=-186688
dp[29][19019]=-187906
dp[30][19019]=-189091
dp[31][19019]=-190260
dp[32][19019]=-191387
dp[33][19019]=-192511
dp[34][19019]=-193487
dp[35][19019]=-194458
dp[36][19019]=-195412
dp[37][19019]=-196301
dp[38][19019]=-197165
dp[39][19019]=-197999
dp[40][19019]=-198821
dp[41][19019]=-199577
dp[42][19019]=-200323
dp[43][19019]=-201063
dp[44][19019]=-201798
dp[45][19019]=-202527
dp[46][19019]=-203238
dp[47][19019]=-203928
dp[48][19019]=-204577
dp[49][19019]=-205222
dp[50][19019]=-205850
dp[51][19019]=-206448
dp[52][19019]=-207043
dp[53][19019]=-207580
dp[54][19019]=-208112
dp[55][19019]=-208631
dp[56][19019]=-209141
dp[57][19019]=-209646
dp[58][19019]=-210144
dp[59][19019]=-210639
dp[60][19019]=-211097
dp[61][19019]=-211553
dp[62][19019]=-211986
dp[63][19019]=-212383
dp[64][19019]=-212766
dp[65][19019]=-213138
dp[66][19019]=-213462
dp[67][19019]=-213782
dp[68][19019]=-214093
dp[69][19019]=-214396
dp[70][19019]=-214389
Select best dp
Best k=69
Stratifying 6-th numerical feature ...
dp[2][19019]=-16209
dp[3][19019]=-33210.7
dp[4][19019]=-47622
dp[5][19019]=-57800.9
dp[6][19019]=-65701.1
dp[7][19019]=-71359
dp[8][19019]=-76906.9
dp[9][19019]=-81486.7
dp[10][19019]=-85963
dp[11][19019]=-89900.2
dp[12][19019]=-93244.7
dp[13][19019]=-96234.3
dp[14][19019]=-98913.7
dp[15][19019]=-101521
dp[16][19019]=-103964
dp[17][19019]=-106113
dp[18][19019]=-108234
dp[19][19019]=-110322
dp[20][19019]=-112097
dp[21][19019]=-113769
dp[22][19019]=-115439
dp[23][19019]=-117017
dp[24][19019]=-118563
dp[25][19019]=-120020
dp[26][19019]=-121355
dp[27][19019]=-122642
dp[28][19019]=-123837
dp[29][19019]=-125021
dp[30][19019]=-126153
dp[31][19019]=-127279
dp[32][19019]=-128295
dp[33][19019]=-129310
dp[34][19019]=-130239
dp[35][19019]=-131159
dp[36][19019]=-132072
dp[37][19019]=-132971
dp[38][19019]=-133812
dp[39][19019]=-134639
dp[40][19019]=-135434
dp[41][19019]=-136225
dp[42][19019]=-136986
dp[43][19019]=-137727
dp[44][19019]=-138445
dp[45][19019]=-139142
dp[46][19019]=-139819
dp[47][19019]=-140465
dp[48][19019]=-141072
dp[49][19019]=-141669
dp[50][19019]=-142260
dp[51][19019]=-142831
dp[52][19019]=-143393
dp[53][19019]=-143928
dp[54][19019]=-144462
dp[55][19019]=-144963
dp[56][19019]=-145454
dp[57][19019]=-145944
dp[58][19019]=-146429
dp[59][19019]=-146873
dp[60][19019]=-147317
dp[61][19019]=-147754
dp[62][19019]=-148186
dp[63][19019]=-148610
dp[64][19019]=-149004
dp[65][19019]=-149396
dp[66][19019]=-149772
dp[67][19019]=-150138
dp[68][19019]=-150501
dp[69][19019]=-150676
dp[70][19019]=-150531
Select best dp
Best k=69
Stratifying 7-th numerical feature ...
dp[2][19019]=-14414.1
dp[3][19019]=-34803.9
dp[4][19019]=-50861.5
dp[5][19019]=-59110.6
dp[6][19019]=-66316.8
dp[7][19019]=-71728.1
dp[8][19019]=-76947.5
dp[9][19019]=-81284.9
dp[10][19019]=-85155
dp[11][19019]=-88880.9
dp[12][19019]=-92298.4
dp[13][19019]=-94992.7
dp[14][19019]=-97665.7
dp[15][19019]=-100308
dp[16][19019]=-102569
dp[17][19019]=-104819
dp[18][19019]=-106862
dp[19][19019]=-108765
dp[20][19019]=-110644
dp[21][19019]=-112305
dp[22][19019]=-113932
dp[23][19019]=-115536
dp[24][19019]=-116997
dp[25][19019]=-118409
dp[26][19019]=-119745
dp[27][19019]=-121027
dp[28][19019]=-122252
dp[29][19019]=-123388
dp[30][19019]=-124480
dp[31][19019]=-125532
dp[32][19019]=-126575
dp[33][19019]=-127594
dp[34][19019]=-128591
dp[35][19019]=-129529
dp[36][19019]=-130424
dp[37][19019]=-131312
dp[38][19019]=-132181
dp[39][19019]=-133033
dp[40][19019]=-133795
dp[41][19019]=-134528
dp[42][19019]=-135216
dp[43][19019]=-135895
dp[44][19019]=-136573
dp[45][19019]=-137246
dp[46][19019]=-137908
dp[47][19019]=-138549
dp[48][19019]=-139183
dp[49][19019]=-139813
dp[50][19019]=-140416
dp[51][19019]=-140980
dp[52][19019]=-141532
dp[53][19019]=-142063
dp[54][19019]=-142570
dp[55][19019]=-143073
dp[56][19019]=-143576
dp[57][19019]=-144069
dp[58][19019]=-144543
dp[59][19019]=-145007
dp[60][19019]=-145453
dp[61][19019]=-145897
dp[62][19019]=-146331
dp[63][19019]=-146761
dp[64][19019]=-147163
dp[65][19019]=-147554
dp[66][19019]=-147919
dp[67][19019]=-148263
dp[68][19019]=-148486
dp[69][19019]=-148657
dp[70][19019]=-148691
Select best dp
Best k=70
Stratifying 8-th numerical feature ...
dp[2][19019]=-12816.6
dp[3][19019]=-31380.8
dp[4][19019]=-48850.2
dp[5][19019]=-57332.9
dp[6][19019]=-65420.8
dp[7][19019]=-72091.1
dp[8][19019]=-78625
dp[9][19019]=-82960.3
dp[10][19019]=-87111.1
dp[11][19019]=-90635.1
dp[12][19019]=-94083.1
dp[13][19019]=-97244.9
dp[14][19019]=-100222
dp[15][19019]=-102939
dp[16][19019]=-105245
dp[17][19019]=-107491
dp[18][19019]=-109576
dp[19][19019]=-111461
dp[20][19019]=-113329
dp[21][19019]=-115140
dp[22][19019]=-116870
dp[23][19019]=-118500
dp[24][19019]=-119953
dp[25][19019]=-121307
dp[26][19019]=-122639
dp[27][19019]=-123957
dp[28][19019]=-125269
dp[29][19019]=-126567
dp[30][19019]=-127667
dp[31][19019]=-128732
dp[32][19019]=-129780
dp[33][19019]=-130766
dp[34][19019]=-131749
dp[35][19019]=-132725
dp[36][19019]=-133605
dp[37][19019]=-134480
dp[38][19019]=-135349
dp[39][19019]=-136180
dp[40][19019]=-137003
dp[41][19019]=-137787
dp[42][19019]=-138524
dp[43][19019]=-139258
dp[44][19019]=-139961
dp[45][19019]=-140659
dp[46][19019]=-141349
dp[47][19019]=-142035
dp[48][19019]=-142661
dp[49][19019]=-143234
dp[50][19019]=-143805
dp[51][19019]=-144368
dp[52][19019]=-144910
dp[53][19019]=-145445
dp[54][19019]=-145971
dp[55][19019]=-146495
dp[56][19019]=-147002
dp[57][19019]=-147499
dp[58][19019]=-147990
dp[59][19019]=-148444
dp[60][19019]=-148881
dp[61][19019]=-149303
dp[62][19019]=-149721
dp[63][19019]=-150135
dp[64][19019]=-150520
dp[65][19019]=-150897
dp[66][19019]=-151223
dp[67][19019]=-151549
dp[68][19019]=-151866
dp[69][19019]=-152071
dp[70][19019]=-152271
Select best dp
Best k=70
Stratifying 9-th numerical feature ...
dp[2][19019]=-35175.8
dp[3][19019]=-51589.8
dp[4][19019]=-62748.1
dp[5][19019]=-71390.8
dp[6][19019]=-77899.3
dp[7][19019]=-83979.8
dp[8][19019]=-88818.6
dp[9][19019]=-93072.9
dp[10][19019]=-97019.7
dp[11][19019]=-100505
dp[12][19019]=-103521
dp[13][19019]=-106479
dp[14][19019]=-109155
dp[15][19019]=-111548
dp[16][19019]=-113778
dp[17][19019]=-115868
dp[18][19019]=-117922
dp[19][19019]=-119812
dp[20][19019]=-121595
dp[21][19019]=-123326
dp[22][19019]=-124911
dp[23][19019]=-126446
dp[24][19019]=-127840
dp[25][19019]=-129211
dp[26][19019]=-130521
dp[27][19019]=-131788
dp[28][19019]=-133036
dp[29][19019]=-134180
dp[30][19019]=-135240
dp[31][19019]=-136292
dp[32][19019]=-137292
dp[33][19019]=-138270
dp[34][19019]=-139189
dp[35][19019]=-140106
dp[36][19019]=-140994
dp[37][19019]=-141871
dp[38][19019]=-142723
dp[39][19019]=-143574
dp[40][19019]=-144316
dp[41][19019]=-145052
dp[42][19019]=-145781
dp[43][19019]=-146494
dp[44][19019]=-147200
dp[45][19019]=-147889
dp[46][19019]=-148535
dp[47][19019]=-149174
dp[48][19019]=-149799
dp[49][19019]=-150407
dp[50][19019]=-150983
dp[51][19019]=-151549
dp[52][19019]=-152105
dp[53][19019]=-152642
dp[54][19019]=-153157
dp[55][19019]=-153666
dp[56][19019]=-154160
dp[57][19019]=-154650
dp[58][19019]=-155131
dp[59][19019]=-155596
dp[60][19019]=-156044
dp[61][19019]=-156490
dp[62][19019]=-156915
dp[63][19019]=-157333
dp[64][19019]=-157735
dp[65][19019]=-158109
dp[66][19019]=-158447
dp[67][19019]=-158763
dp[68][19019]=-159025
dp[69][19019]=-159267
dp[70][19019]=-159295
Select best dp
Best k=70
Stratifying 10-th numerical feature ...
dp[2][19019]=-18808.7
dp[3][19019]=-34076.2
dp[4][19019]=-45191.4
dp[5][19019]=-53998.3
dp[6][19019]=-60537.1
dp[7][19019]=-66308.7
dp[8][19019]=-71228.9
dp[9][19019]=-75493
dp[10][19019]=-79626.3
dp[11][19019]=-82913.9
dp[12][19019]=-86150
dp[13][19019]=-89084.8
dp[14][19019]=-91728
dp[15][19019]=-94010.2
dp[16][19019]=-96268.7
dp[17][19019]=-98454.2
dp[18][19019]=-100496
dp[19][19019]=-102365
dp[20][19019]=-104146
dp[21][19019]=-105776
dp[22][19019]=-107350
dp[23][19019]=-108836
dp[24][19019]=-110260
dp[25][19019]=-111671
dp[26][19019]=-113025
dp[27][19019]=-114368
dp[28][19019]=-115609
dp[29][19019]=-116718
dp[30][19019]=-117815
dp[31][19019]=-118857
dp[32][19019]=-119852
dp[33][19019]=-120827
dp[34][19019]=-121757
dp[35][19019]=-122679
dp[36][19019]=-123535
dp[37][19019]=-124347
dp[38][19019]=-125138
dp[39][19019]=-125915
dp[40][19019]=-126685
dp[41][19019]=-127436
dp[42][19019]=-128185
dp[43][19019]=-128892
dp[44][19019]=-129579
dp[45][19019]=-130260
dp[46][19019]=-130918
dp[47][19019]=-131558
dp[48][19019]=-132175
dp[49][19019]=-132785
dp[50][19019]=-133378
dp[51][19019]=-133936
dp[52][19019]=-134489
dp[53][19019]=-135017
dp[54][19019]=-135538
dp[55][19019]=-136054
dp[56][19019]=-136566
dp[57][19019]=-137066
dp[58][19019]=-137539
dp[59][19019]=-137993
dp[60][19019]=-138437
dp[61][19019]=-138866
dp[62][19019]=-139270
dp[63][19019]=-139654
dp[64][19019]=-140028
dp[65][19019]=-140399
dp[66][19019]=-140768
dp[67][19019]=-141112
dp[68][19019]=-141447
dp[69][19019]=-141622
dp[70][19019]=-141750
Select best dp
Best k=70
