Standardize ...
Stratifying 1-th numerical feature ...
dp[2][5472]=-2.54e+12
dp[3][5472]=-9.4e+12
dp[4][5472]=-1.843e+13
dp[5][5472]=-2.674e+13
dp[6][5472]=-3.304e+13
dp[7][5472]=-3.655e+13
dp[8][5472]=-3.981e+13
dp[9][5472]=-4.252e+13
dp[10][5472]=-4.506e+13
dp[11][5472]=-4.67e+13
dp[12][5472]=-4.773e+13
dp[13][5472]=-4.862e+13
dp[14][5472]=-4.949e+13
dp[15][5472]=-4.949e+13
dp[16][5472]=-4.949e+13
dp[17][5472]=-4.949e+13
dp[18][5472]=-4.949e+13
dp[19][5472]=-4.949e+13
dp[20][5472]=-4.949e+13
dp[21][5472]=-4.949e+13
dp[22][5472]=-4.949e+13
dp[23][5472]=-4.949e+13
dp[24][5472]=-4.949e+13
dp[25][5472]=-4.949e+13
dp[26][5472]=-4.949e+13
dp[27][5472]=-4.949e+13
dp[28][5472]=-4.949e+13
dp[29][5472]=-4.949e+13
dp[30][5472]=-4.949e+13
dp[31][5472]=-4.949e+13
dp[32][5472]=-4.949e+13
dp[33][5472]=-4.949e+13
dp[34][5472]=-4.949e+13
dp[35][5472]=-4.949e+13
dp[36][5472]=-4.949e+13
dp[37][5472]=-4.949e+13
dp[38][5472]=-4.949e+13
dp[39][5472]=-4.949e+13
dp[40][5472]=-4.949e+13
dp[41][5472]=-4.949e+13
dp[42][5472]=-4.949e+13
dp[43][5472]=-4.949e+13
dp[44][5472]=-4.949e+13
dp[45][5472]=-4.949e+13
dp[46][5472]=-4.949e+13
dp[47][5472]=-4.949e+13
dp[48][5472]=-4.949e+13
dp[49][5472]=-4.949e+13
dp[50][5472]=-4.949e+13
dp[51][5472]=-4.949e+13
dp[52][5472]=-4.949e+13
dp[53][5472]=-4.949e+13
dp[54][5472]=-4.949e+13
dp[55][5472]=-4.949e+13
dp[56][5472]=-4.949e+13
dp[57][5472]=-4.949e+13
dp[58][5472]=-4.949e+13
dp[59][5472]=-4.949e+13
dp[60][5472]=-4.949e+13
dp[61][5472]=-4.949e+13
dp[62][5472]=-4.949e+13
dp[63][5472]=-4.949e+13
dp[64][5472]=-4.949e+13
dp[65][5472]=-4.949e+13
dp[66][5472]=-4.949e+13
dp[67][5472]=-4.949e+13
dp[68][5472]=-4.949e+13
dp[69][5472]=-4.923e+13
dp[70][5472]=-4.849e+13
dp[71][5472]=-4.733e+13
dp[72][5472]=-4.585e+13
dp[73][5472]=-4.437e+13
Select best dp
Best k=17
Stratifying 2-th numerical feature ...
dp[2][5472]=-7.6e+11
dp[3][5472]=-1.26e+12
dp[4][5472]=-2.44e+12
dp[5][5472]=-3.57e+12
dp[6][5472]=-4.62e+12
dp[7][5472]=-5.38e+12
dp[8][5472]=-5.74e+12
dp[9][5472]=-6.79e+12
dp[10][5472]=-7.72e+12
dp[11][5472]=-8.48e+12
dp[12][5472]=-9.15e+12
dp[13][5472]=-9.87e+12
dp[14][5472]=-1.06e+13
dp[15][5472]=-1.149e+13
dp[16][5472]=-1.225e+13
dp[17][5472]=-1.297e+13
dp[18][5472]=-1.297e+13
dp[19][5472]=-1.297e+13
dp[20][5472]=-1.297e+13
dp[21][5472]=-1.297e+13
dp[22][5472]=-1.297e+13
dp[23][5472]=-1.297e+13
dp[24][5472]=-1.297e+13
dp[25][5472]=-1.297e+13
dp[26][5472]=-1.297e+13
dp[27][5472]=-1.297e+13
dp[28][5472]=-1.297e+13
dp[29][5472]=-1.297e+13
dp[30][5472]=-1.297e+13
dp[31][5472]=-1.297e+13
dp[32][5472]=-1.297e+13
dp[33][5472]=-1.297e+13
dp[34][5472]=-1.297e+13
dp[35][5472]=-1.297e+13
dp[36][5472]=-1.297e+13
dp[37][5472]=-1.297e+13
dp[38][5472]=-1.297e+13
dp[39][5472]=-1.297e+13
dp[40][5472]=-1.297e+13
dp[41][5472]=-1.297e+13
dp[42][5472]=-1.297e+13
dp[43][5472]=-1.297e+13
dp[44][5472]=-1.297e+13
dp[45][5472]=-1.297e+13
dp[46][5472]=-1.297e+13
dp[47][5472]=-1.297e+13
dp[48][5472]=-1.297e+13
dp[49][5472]=-1.297e+13
dp[50][5472]=-1.297e+13
dp[51][5472]=-1.297e+13
dp[52][5472]=-1.297e+13
dp[53][5472]=-1.297e+13
dp[54][5472]=-1.297e+13
dp[55][5472]=-1.297e+13
dp[56][5472]=-1.297e+13
dp[57][5472]=-1.297e+13
dp[58][5472]=-1.297e+13
dp[59][5472]=-1.297e+13
dp[60][5472]=-1.297e+13
dp[61][5472]=-1.297e+13
dp[62][5472]=-1.297e+13
dp[63][5472]=-1.297e+13
dp[64][5472]=-1.297e+13
dp[65][5472]=-1.297e+13
dp[66][5472]=-1.297e+13
dp[67][5472]=-1.297e+13
dp[68][5472]=-1.297e+13
dp[69][5472]=-1.297e+13
dp[70][5472]=-1.223e+13
dp[71][5472]=-1.149e+13
dp[72][5472]=-1.006e+13
dp[73][5472]=-8.11e+12
Select best dp
Best k=59
Stratifying 3-th numerical feature ...
dp[2][5472]=-41448.7
dp[3][5472]=-55010.6
dp[4][5472]=-62613.7
dp[5][5472]=-67133.7
dp[6][5472]=-71188.2
dp[7][5472]=-74384.1
dp[8][5472]=-76753.9
dp[9][5472]=-78673.8
dp[10][5472]=-80251.9
dp[11][5472]=-81708.3
dp[12][5472]=-82973.9
dp[13][5472]=-84144.2
dp[14][5472]=-85094.4
dp[15][5472]=-85962.7
dp[16][5472]=-86726.5
dp[17][5472]=-87405.6
dp[18][5472]=-87980.3
dp[19][5472]=-88551.2
dp[20][5472]=-89023.7
dp[21][5472]=-89487.2
dp[22][5472]=-89926.7
dp[23][5472]=-90361.1
dp[24][5472]=-90740.3
dp[25][5472]=-91066.1
dp[26][5472]=-91387.8
dp[27][5472]=-91668.9
dp[28][5472]=-91949.5
dp[29][5472]=-92226.6
dp[30][5472]=-92481.7
dp[31][5472]=-92735.1
dp[32][5472]=-92987.8
dp[33][5472]=-93229.5
dp[34][5472]=-93468.3
dp[35][5472]=-93699
dp[36][5472]=-93918.9
dp[37][5472]=-94099.8
dp[38][5472]=-94274
dp[39][5472]=-94443.6
dp[40][5472]=-94600.2
dp[41][5472]=-94755.5
dp[42][5472]=-94910.3
dp[43][5472]=-95055.8
dp[44][5472]=-95182.3
dp[45][5472]=-95297.7
dp[46][5472]=-95411.1
dp[47][5472]=-95516.6
dp[48][5472]=-95618.1
dp[49][5472]=-95712.3
dp[50][5472]=-95805.7
dp[51][5472]=-95896.3
dp[52][5472]=-95984.6
dp[53][5472]=-96069.4
dp[54][5472]=-96151.8
dp[55][5472]=-96230.4
dp[56][5472]=-96300.7
dp[57][5472]=-96368.3
dp[58][5472]=-96418.4
dp[59][5472]=-96464.1
dp[60][5472]=-96507.6
dp[61][5472]=-96549.5
dp[62][5472]=-96571.9
dp[63][5472]=-96581.6
dp[64][5472]=-96585.9
dp[65][5472]=-96586.2
dp[66][5472]=-96585
dp[67][5472]=-96576.2
dp[68][5472]=-96540.3
dp[69][5472]=-96484.6
dp[70][5472]=-96416.1
dp[71][5472]=-96309.6
dp[72][5472]=-95984.3
dp[73][5472]=-95608.5
Select best dp
Best k=65
Stratifying 4-th numerical feature ...
dp[2][5472]=-16643.4
dp[3][5472]=-1.2e+12
dp[4][5472]=-1.2e+12
dp[5][5472]=-2.19e+12
dp[6][5472]=-2.19e+12
dp[7][5472]=-2.19e+12
dp[8][5472]=-2.19e+12
dp[9][5472]=-2.19e+12
dp[10][5472]=-2.19e+12
dp[11][5472]=-2.19e+12
dp[12][5472]=-2.19e+12
dp[13][5472]=-2.19e+12
dp[14][5472]=-2.19e+12
dp[15][5472]=-2.19e+12
dp[16][5472]=-2.19e+12
dp[17][5472]=-2.19e+12
dp[18][5472]=-2.19e+12
dp[19][5472]=-2.19e+12
dp[20][5472]=-2.19e+12
dp[21][5472]=-2.19e+12
dp[22][5472]=-2.19e+12
dp[23][5472]=-2.19e+12
dp[24][5472]=-2.19e+12
dp[25][5472]=-2.19e+12
dp[26][5472]=-2.19e+12
dp[27][5472]=-2.19e+12
dp[28][5472]=-2.19e+12
dp[29][5472]=-2.19e+12
dp[30][5472]=-2.19e+12
dp[31][5472]=-2.19e+12
dp[32][5472]=-2.19e+12
dp[33][5472]=-2.19e+12
dp[34][5472]=-2.19e+12
dp[35][5472]=-2.19e+12
dp[36][5472]=-2.19e+12
dp[37][5472]=-2.19e+12
dp[38][5472]=-2.19e+12
dp[39][5472]=-2.19e+12
dp[40][5472]=-2.19e+12
dp[41][5472]=-2.19e+12
dp[42][5472]=-2.19e+12
dp[43][5472]=-2.19e+12
dp[44][5472]=-2.19e+12
dp[45][5472]=-2.19e+12
dp[46][5472]=-2.19e+12
dp[47][5472]=-2.19e+12
dp[48][5472]=-2.19e+12
dp[49][5472]=-2.19e+12
dp[50][5472]=-2.19e+12
dp[51][5472]=-2.19e+12
dp[52][5472]=-2.19e+12
dp[53][5472]=-2.19e+12
dp[54][5472]=-2.19e+12
dp[55][5472]=-2.19e+12
dp[56][5472]=-2.19e+12
dp[57][5472]=-2.19e+12
dp[58][5472]=-2.19e+12
dp[59][5472]=-2.19e+12
dp[60][5472]=-2.19e+12
dp[61][5472]=-2.19e+12
dp[62][5472]=-2.19e+12
dp[63][5472]=-2.19e+12
dp[64][5472]=-2.19e+12
dp[65][5472]=-2.19e+12
dp[66][5472]=-2.19e+12
dp[67][5472]=-2.19e+12
dp[68][5472]=-2.19e+12
dp[69][5472]=-2.19e+12
dp[70][5472]=-2.19e+12
dp[71][5472]=-2.19e+12
dp[72][5472]=-2.19e+12
dp[73][5472]=-1.74e+12
Select best dp
Best k=60
Stratifying 5-th numerical feature ...
dp[2][5472]=-1.06e+12
dp[3][5472]=-1.06e+12
dp[4][5472]=-1.06e+12
dp[5][5472]=-1.06e+12
dp[6][5472]=-1.06e+12
dp[7][5472]=-1.06e+12
dp[8][5472]=-1.06e+12
dp[9][5472]=-1.06e+12
dp[10][5472]=-1.06e+12
dp[11][5472]=-1.06e+12
dp[12][5472]=-1.06e+12
dp[13][5472]=-1.06e+12
dp[14][5472]=-1.06e+12
dp[15][5472]=-1.06e+12
dp[16][5472]=-1.06e+12
dp[17][5472]=-1.06e+12
dp[18][5472]=-1.06e+12
dp[19][5472]=-1.06e+12
dp[20][5472]=-1.06e+12
dp[21][5472]=-1.06e+12
dp[22][5472]=-1.06e+12
dp[23][5472]=-1.06e+12
dp[24][5472]=-1.06e+12
dp[25][5472]=-1.06e+12
dp[26][5472]=-1.06e+12
dp[27][5472]=-1.06e+12
dp[28][5472]=-1.06e+12
dp[29][5472]=-1.06e+12
dp[30][5472]=-1.06e+12
dp[31][5472]=-1.06e+12
dp[32][5472]=-1.06e+12
dp[33][5472]=-1.06e+12
dp[34][5472]=-1.06e+12
dp[35][5472]=-1.06e+12
dp[36][5472]=-1.06e+12
dp[37][5472]=-1.06e+12
dp[38][5472]=-1.06e+12
dp[39][5472]=-1.06e+12
dp[40][5472]=-1.06e+12
dp[41][5472]=-1.06e+12
dp[42][5472]=-1.06e+12
dp[43][5472]=-1.06e+12
dp[44][5472]=-1.06e+12
dp[45][5472]=-1.06e+12
dp[46][5472]=-1.06e+12
dp[47][5472]=-1.06e+12
dp[48][5472]=-1.06e+12
dp[49][5472]=-1.06e+12
dp[50][5472]=-1.06e+12
dp[51][5472]=-1.06e+12
dp[52][5472]=-1.06e+12
dp[53][5472]=-1.06e+12
dp[54][5472]=-1.06e+12
dp[55][5472]=-1.06e+12
dp[56][5472]=-1.06e+12
dp[57][5472]=-1.06e+12
dp[58][5472]=-1.06e+12
dp[59][5472]=-1.06e+12
dp[60][5472]=-1.06e+12
dp[61][5472]=-1.06e+12
dp[62][5472]=-1.06e+12
dp[63][5472]=-1.06e+12
dp[64][5472]=-1.06e+12
dp[65][5472]=-1.06e+12
dp[66][5472]=-1.06e+12
dp[67][5472]=-1.06e+12
dp[68][5472]=-1.06e+12
dp[69][5472]=-1.06e+12
dp[70][5472]=-1.06e+12
dp[71][5472]=-1.06e+12
dp[72][5472]=-1.06e+12
dp[73][5472]=-1.06e+12
Select best dp
Best k=62
Stratifying 6-th numerical feature ...
dp[2][5472]=-6.39e+12
dp[3][5472]=-6.39e+12
dp[4][5472]=-6.39e+12
dp[5][5472]=-6.39e+12
dp[6][5472]=-6.39e+12
dp[7][5472]=-6.39e+12
dp[8][5472]=-6.39e+12
dp[9][5472]=-6.39e+12
dp[10][5472]=-6.39e+12
dp[11][5472]=-6.39e+12
dp[12][5472]=-6.39e+12
dp[13][5472]=-6.39e+12
dp[14][5472]=-6.39e+12
dp[15][5472]=-6.39e+12
dp[16][5472]=-6.39e+12
dp[17][5472]=-6.39e+12
dp[18][5472]=-6.39e+12
dp[19][5472]=-6.39e+12
dp[20][5472]=-6.39e+12
dp[21][5472]=-6.39e+12
dp[22][5472]=-6.39e+12
dp[23][5472]=-6.39e+12
dp[24][5472]=-6.39e+12
dp[25][5472]=-6.39e+12
dp[26][5472]=-6.39e+12
dp[27][5472]=-6.39e+12
dp[28][5472]=-6.39e+12
dp[29][5472]=-6.39e+12
dp[30][5472]=-6.39e+12
dp[31][5472]=-6.39e+12
dp[32][5472]=-6.39e+12
dp[33][5472]=-6.39e+12
dp[34][5472]=-6.39e+12
dp[35][5472]=-6.39e+12
dp[36][5472]=-6.39e+12
dp[37][5472]=-6.39e+12
dp[38][5472]=-6.39e+12
dp[39][5472]=-6.39e+12
dp[40][5472]=-6.39e+12
dp[41][5472]=-6.39e+12
dp[42][5472]=-6.39e+12
dp[43][5472]=-6.39e+12
dp[44][5472]=-6.39e+12
dp[45][5472]=-6.39e+12
dp[46][5472]=-6.39e+12
dp[47][5472]=-6.39e+12
dp[48][5472]=-6.39e+12
dp[49][5472]=-6.39e+12
dp[50][5472]=-6.39e+12
dp[51][5472]=-6.39e+12
dp[52][5472]=-6.39e+12
dp[53][5472]=-6.39e+12
dp[54][5472]=-6.39e+12
dp[55][5472]=-6.39e+12
dp[56][5472]=-6.39e+12
dp[57][5472]=-6.39e+12
dp[58][5472]=-6.39e+12
dp[59][5472]=-6.39e+12
dp[60][5472]=-6.39e+12
dp[61][5472]=-6.39e+12
dp[62][5472]=-6.39e+12
dp[63][5472]=-6.39e+12
dp[64][5472]=-6.39e+12
dp[65][5472]=-6.39e+12
dp[66][5472]=-6.39e+12
dp[67][5472]=-6.39e+12
dp[68][5472]=-6.39e+12
dp[69][5472]=-6.39e+12
dp[70][5472]=-6.39e+12
dp[71][5472]=-6.39e+12
dp[72][5472]=-6.39e+12
dp[73][5472]=-6.39e+12
Select best dp
Best k=56
Stratifying 7-th numerical feature ...
dp[2][5472]=-39720.9
dp[3][5472]=-9.3e+11
dp[4][5472]=-9.3e+11
dp[5][5472]=-9.3e+11
dp[6][5472]=-9.3e+11
dp[7][5472]=-9.3e+11
dp[8][5472]=-9.3e+11
dp[9][5472]=-9.3e+11
dp[10][5472]=-9.3e+11
dp[11][5472]=-9.3e+11
dp[12][5472]=-9.3e+11
dp[13][5472]=-9.3e+11
dp[14][5472]=-9.3e+11
dp[15][5472]=-9.3e+11
dp[16][5472]=-9.3e+11
dp[17][5472]=-9.3e+11
dp[18][5472]=-9.3e+11
dp[19][5472]=-9.3e+11
dp[20][5472]=-9.3e+11
dp[21][5472]=-9.3e+11
dp[22][5472]=-9.3e+11
dp[23][5472]=-9.3e+11
dp[24][5472]=-9.3e+11
dp[25][5472]=-9.3e+11
dp[26][5472]=-9.3e+11
dp[27][5472]=-9.3e+11
dp[28][5472]=-9.3e+11
dp[29][5472]=-9.3e+11
dp[30][5472]=-9.3e+11
dp[31][5472]=-9.3e+11
dp[32][5472]=-9.3e+11
dp[33][5472]=-9.3e+11
dp[34][5472]=-9.3e+11
dp[35][5472]=-9.3e+11
dp[36][5472]=-9.3e+11
dp[37][5472]=-9.3e+11
dp[38][5472]=-9.3e+11
dp[39][5472]=-9.3e+11
dp[40][5472]=-9.3e+11
dp[41][5472]=-9.3e+11
dp[42][5472]=-9.3e+11
dp[43][5472]=-9.3e+11
dp[44][5472]=-9.3e+11
dp[45][5472]=-9.3e+11
dp[46][5472]=-9.3e+11
dp[47][5472]=-9.3e+11
dp[48][5472]=-9.3e+11
dp[49][5472]=-9.3e+11
dp[50][5472]=-9.3e+11
dp[51][5472]=-9.3e+11
dp[52][5472]=-9.3e+11
dp[53][5472]=-9.3e+11
dp[54][5472]=-9.3e+11
dp[55][5472]=-9.3e+11
dp[56][5472]=-9.3e+11
dp[57][5472]=-9.3e+11
dp[58][5472]=-9.3e+11
dp[59][5472]=-9.3e+11
dp[60][5472]=-9.3e+11
dp[61][5472]=-9.3e+11
dp[62][5472]=-9.3e+11
dp[63][5472]=-9.3e+11
dp[64][5472]=-9.3e+11
dp[65][5472]=-9.3e+11
dp[66][5472]=-9.3e+11
dp[67][5472]=-9.3e+11
dp[68][5472]=-9.3e+11
dp[69][5472]=-9.3e+11
dp[70][5472]=-9.3e+11
dp[71][5472]=-9.3e+11
dp[72][5472]=-9.3e+11
dp[73][5472]=-8.4e+11
Select best dp
Best k=61
Stratifying 8-th numerical feature ...
dp[2][5472]=-40177.7
dp[3][5472]=-53150
dp[4][5472]=-61088
dp[5][5472]=-65598.4
dp[6][5472]=-69323
dp[7][5472]=-71518.7
dp[8][5472]=-73644.6
dp[9][5472]=-75349.5
dp[10][5472]=-76783.8
dp[11][5472]=-77950.9
dp[12][5472]=-79078.5
dp[13][5472]=-79939.8
dp[14][5472]=-80782.2
dp[15][5472]=-81588.4
dp[16][5472]=-82309.5
dp[17][5472]=-82905.1
dp[18][5472]=-83457.1
dp[19][5472]=-83957.1
dp[20][5472]=-84449.7
dp[21][5472]=-84917
dp[22][5472]=-85328.1
dp[23][5472]=-85715.8
dp[24][5472]=-86038.3
dp[25][5472]=-86320.4
dp[26][5472]=-86601.9
dp[27][5472]=-86876.3
dp[28][5472]=-87129.4
dp[29][5472]=-87375.3
dp[30][5472]=-87604.9
dp[31][5472]=-87833.3
dp[32][5472]=-88047.1
dp[33][5472]=-88255.6
dp[34][5472]=-88458.2
dp[35][5472]=-88626.7
dp[36][5472]=-88779.3
dp[37][5472]=-88931.5
dp[38][5472]=-89073.8
dp[39][5472]=-89205.7
dp[40][5472]=-89319.8
dp[41][5472]=-89428
dp[42][5472]=-89533.7
dp[43][5472]=-89638.3
dp[44][5472]=-89741.9
dp[45][5472]=-89844.9
dp[46][5472]=-89943.9
dp[47][5472]=-90036.2
dp[48][5472]=-90128.2
dp[49][5472]=-90203.1
dp[50][5472]=-90275.2
dp[51][5472]=-90340.1
dp[52][5472]=-90397.8
dp[53][5472]=-90454.9
dp[54][5472]=-90511.1
dp[55][5472]=-90562.5
dp[56][5472]=-90611.2
dp[57][5472]=-90654.8
dp[58][5472]=-90692.1
dp[59][5472]=-90727.3
dp[60][5472]=-90759.2
dp[61][5472]=-90769.9
dp[62][5472]=-90774.2
dp[63][5472]=-90772
dp[64][5472]=-90763.4
dp[65][5472]=-90742.1
dp[66][5472]=-90720.2
dp[67][5472]=-90694
dp[68][5472]=-90647.7
dp[69][5472]=-90587.2
dp[70][5472]=-90503.3
dp[71][5472]=-90418.1
dp[72][5472]=-90304.1
dp[73][5472]=-89966.7
Select best dp
Best k=62
Stratifying 9-th numerical feature ...
dp[2][5472]=-35892
dp[3][5472]=-48029.8
dp[4][5472]=-55206.7
dp[5][5472]=-59208.1
dp[6][5472]=-62621.7
dp[7][5472]=-65600.8
dp[8][5472]=-67474.6
dp[9][5472]=-69221.8
dp[10][5472]=-70694.9
dp[11][5472]=-72043.2
dp[12][5472]=-73245.5
dp[13][5472]=-74384.5
dp[14][5472]=-75252.6
dp[15][5472]=-76030.8
dp[16][5472]=-76735.1
dp[17][5472]=-77374
dp[18][5472]=-77966.6
dp[19][5472]=-78480.3
dp[20][5472]=-78992.5
dp[21][5472]=-79449.2
dp[22][5472]=-79893.9
dp[23][5472]=-80317.6
dp[24][5472]=-80676.4
dp[25][5472]=-81033.9
dp[26][5472]=-81378.3
dp[27][5472]=-81701
dp[28][5472]=-82023
dp[29][5472]=-82323.6
dp[30][5472]=-82621.9
dp[31][5472]=-82877.9
dp[32][5472]=-83107.9
dp[33][5472]=-83324.8
dp[34][5472]=-83511.3
dp[35][5472]=-83696.8
dp[36][5472]=-83877.7
dp[37][5472]=-84057.9
dp[38][5472]=-84213.2
dp[39][5472]=-84364.3
dp[40][5472]=-84511.1
dp[41][5472]=-84646
dp[42][5472]=-84776.5
dp[43][5472]=-84896.6
dp[44][5472]=-85014.1
dp[45][5472]=-85105.7
dp[46][5472]=-85196.1
dp[47][5472]=-85280.8
dp[48][5472]=-85361
dp[49][5472]=-85440.2
dp[50][5472]=-85516
dp[51][5472]=-85590.3
dp[52][5472]=-85659.9
dp[53][5472]=-85727.6
dp[54][5472]=-85773.9
dp[55][5472]=-85817.3
dp[56][5472]=-85860.4
dp[57][5472]=-85901.3
dp[58][5472]=-85934.3
dp[59][5472]=-85961.7
dp[60][5472]=-85982.8
dp[61][5472]=-85989.5
dp[62][5472]=-85995.6
dp[63][5472]=-85995.9
dp[64][5472]=-85990.6
dp[65][5472]=-85983.2
dp[66][5472]=-85973.1
dp[67][5472]=-85961.2
dp[68][5472]=-85943.9
dp[69][5472]=-85915.3
dp[70][5472]=-85878.2
dp[71][5472]=-85832.6
dp[72][5472]=-85746.4
dp[73][5472]=-85581.9
Select best dp
Best k=63
Stratifying 10-th numerical feature ...
dp[2][5472]=-2.56e+12
dp[3][5472]=-3.35e+12
dp[4][5472]=-4.1e+12
dp[5][5472]=-4.26e+12
dp[6][5472]=-5.01e+12
dp[7][5472]=-5.61e+12
dp[8][5472]=-5.85e+12
dp[9][5472]=-6.5e+12
dp[10][5472]=-6.62e+12
dp[11][5472]=-7.3e+12
dp[12][5472]=-7.3e+12
dp[13][5472]=-7.3e+12
dp[14][5472]=-7.3e+12
dp[15][5472]=-7.3e+12
dp[16][5472]=-7.3e+12
dp[17][5472]=-7.3e+12
dp[18][5472]=-7.3e+12
dp[19][5472]=-7.3e+12
dp[20][5472]=-7.3e+12
dp[21][5472]=-7.3e+12
dp[22][5472]=-7.3e+12
dp[23][5472]=-7.3e+12
dp[24][5472]=-7.3e+12
dp[25][5472]=-7.3e+12
dp[26][5472]=-7.3e+12
dp[27][5472]=-7.3e+12
dp[28][5472]=-7.3e+12
dp[29][5472]=-7.3e+12
dp[30][5472]=-7.3e+12
dp[31][5472]=-7.3e+12
dp[32][5472]=-7.3e+12
dp[33][5472]=-7.3e+12
dp[34][5472]=-7.3e+12
dp[35][5472]=-7.3e+12
dp[36][5472]=-7.3e+12
dp[37][5472]=-7.3e+12
dp[38][5472]=-7.3e+12
dp[39][5472]=-7.3e+12
dp[40][5472]=-7.3e+12
dp[41][5472]=-7.3e+12
dp[42][5472]=-7.3e+12
dp[43][5472]=-7.3e+12
dp[44][5472]=-7.3e+12
dp[45][5472]=-7.3e+12
dp[46][5472]=-7.3e+12
dp[47][5472]=-7.3e+12
dp[48][5472]=-7.3e+12
dp[49][5472]=-7.3e+12
dp[50][5472]=-7.3e+12
dp[51][5472]=-7.3e+12
dp[52][5472]=-7.3e+12
dp[53][5472]=-7.3e+12
dp[54][5472]=-7.3e+12
dp[55][5472]=-7.3e+12
dp[56][5472]=-7.3e+12
dp[57][5472]=-7.3e+12
dp[58][5472]=-7.3e+12
dp[59][5472]=-7.3e+12
dp[60][5472]=-7.3e+12
dp[61][5472]=-7.3e+12
dp[62][5472]=-7.3e+12
dp[63][5472]=-7.3e+12
dp[64][5472]=-7.3e+12
dp[65][5472]=-7.3e+12
dp[66][5472]=-7.3e+12
dp[67][5472]=-7.3e+12
dp[68][5472]=-7.3e+12
dp[69][5472]=-7.3e+12
dp[70][5472]=-7.3e+12
dp[71][5472]=-7.3e+12
dp[72][5472]=-6.46e+12
dp[73][5472]=-4.68e+12
Select best dp
Best k=62
