Standardize ...
Stratifying 1-th numerical feature ...
Standardize ...
Stratifying 1-th numerical feature ...
Standardize ...
Stratifying 1-th numerical feature ...
Standardize ...
Stratifying 1-th numerical feature ...
Standardize ...
Stratifying 1-th numerical feature ...
Standardize ...
Stratifying 1-th numerical feature ...
Standardize ...
Stratifying 1-th numerical feature ...
Standardize ...
Stratifying 1-th numerical feature ...
Standardize ...
Stratifying 1-th numerical feature ...
Standardize ...
Stratifying 1-th numerical feature ...
Standardize ...
Stratifying 1-th numerical feature ...
Standardize ...
Stratifying 1-th numerical feature ...
Standardize ...
Stratifying 1-th numerical feature ...
Standardize ...
Stratifying 1-th numerical feature ...
dp[2][268]=-94.5954
dp[3][268]=-2.9e+11
dp[4][268]=-2.9e+11
dp[5][268]=-5.4e+11
dp[6][268]=-5.4e+11
dp[7][268]=-7.9e+11
dp[8][268]=-7.9e+11
dp[9][268]=-9.5e+11
dp[10][268]=-9.5e+11
dp[11][268]=-1.09e+12
dp[12][268]=-1.09e+12
dp[13][268]=-1.21e+12
dp[14][268]=-1.21e+12
dp[15][268]=-1.19e+12
dp[16][268]=-1.06e+12
Select best dp
Best k=13
Stratifying 2-th numerical feature ...
dp[2][268]=-94.5954
dp[3][268]=-2.9e+11
dp[4][268]=-2.9e+11
dp[5][268]=-5.4e+11
dp[6][268]=-5.4e+11
dp[7][268]=-7.8e+11
dp[8][268]=-7.8e+11
dp[9][268]=-7.8e+11
dp[10][268]=-7.4e+11
Select best dp
Best k=7
Stratifying 2-th numerical feature ...
dp[2][268]=-94.5954
dp[3][268]=-2.9e+11
dp[4][268]=-2.9e+11
dp[5][268]=-5.4e+11
dp[6][268]=-5.4e+11
dp[7][268]=-7.9e+11
dp[8][268]=-7.9e+11
dp[9][268]=-9.5e+11
dp[10][268]=-9.5e+11
dp[11][268]=-1.09e+12
dp[12][268]=-1.09e+12
dp[13][268]=-1.21e+12
dp[14][268]=-1.21e+12
dp[15][268]=-1.19e+12
dp[16][268]=-1.06e+12
Select best dp
Best k=13
Stratifying 2-th numerical feature ...
dp[2][268]=-401.79
dp[3][268]=-5.8e+11
dp[4][268]=-5.8e+11
dp[5][268]=-1.08e+12
dp[6][268]=-1.08e+12
dp[7][268]=-1.58e+12
dp[8][268]=-1.58e+12
dp[9][268]=-1.9e+12
dp[10][268]=-1.9e+12
dp[11][268]=-2.18e+12
dp[12][268]=-2.18e+12
dp[13][268]=-2.42e+12
dp[14][268]=-2.42e+12
dp[15][268]=-2.38e+12
dp[16][268]=-2.12e+12
Select best dp
Best k=14
Stratifying 2-th numerical feature ...
dp[2][268]=-94.5954
dp[3][268]=-2.9e+11
dp[4][268]=-2.9e+11
dp[5][268]=-5.4e+11
dp[6][268]=-5.4e+11
dp[7][268]=-7.9e+11
dp[8][268]=-7.9e+11
dp[9][268]=-9.5e+11
dp[10][268]=-9.5e+11
dp[11][268]=-1.09e+12
dp[12][268]=-1.09e+12
dp[13][268]=-1.21e+12
dp[14][268]=-1.21e+12
dp[15][268]=-1.19e+12
dp[16][268]=-1.06e+12
Select best dp
Best k=13
dp[2][268]=-94.5954
dp[3][268]=-2.9e+11
dp[4][268]=-2.9e+11
dp[5][268]=-5.4e+11
dp[6][268]=-5.4e+11
dp[7][268]=-7.9e+11
dp[8][268]=-7.9e+11
dp[9][268]=-1.01e+12
dp[10][268]=-1.01e+12
dp[11][268]=-1.19e+12
dp[12][268]=-1.19e+12
dp[13][268]=-1.35e+12
dp[14][268]=-1.35e+12
dp[15][268]=-1.35e+12
dp[16][268]=-1.35e+12
Select best dp
Best k=13
Stratifying 2-th numerical feature ...
Stratifying 2-th numerical feature ...
dp[2][268]=-94.5954
dp[3][268]=-2.9e+11
dp[4][268]=-2.9e+11
dp[5][268]=-5.4e+11
dp[6][268]=-5.4e+11
dp[7][268]=-7.9e+11
dp[8][268]=-7.9e+11
dp[9][268]=-1.03e+12
dp[10][268]=-1.03e+12
dp[11][268]=-1.21e+12
dp[12][268]=-1.21e+12
dp[13][268]=-1.37e+12
dp[14][268]=-1.37e+12
dp[15][268]=-1.45e+12
dp[16][268]=-1.45e+12
Select best dp
Best k=15
Stratifying 2-th numerical feature ...
dp[2][268]=-94.5954
dp[3][268]=-2.9e+11
dp[4][268]=-2.9e+11
dp[5][268]=-5.4e+11
dp[6][268]=-5.4e+11
dp[7][268]=-7.9e+11
dp[8][268]=-7.9e+11
dp[9][268]=-9.5e+11
dp[10][268]=-9.5e+11
dp[11][268]=-1.09e+12
dp[12][268]=-1.09e+12
dp[13][268]=-1.21e+12
dp[14][268]=-1.21e+12
dp[15][268]=-1.19e+12
dp[16][268]=-1.06e+12
Select best dp
Best k=13
Stratifying 2-th numerical feature ...
dp[2][268]=212.599
dp[3][268]=318.899
dp[4][268]=425.198
dp[5][268]=531.498
dp[6][268]=637.797
dp[7][268]=744.097
dp[8][268]=850.396
dp[9][268]=956.696
dp[10][268]=1063
dp[11][268]=1169.29
dp[12][268]=1275.59
dp[13][268]=1381.89
dp[14][268]=1488.19
dp[15][268]=1594.49
dp[16][268]=1700.79
Select best dp
Best k=2
Stratifying 2-th numerical feature ...
dp[2][268]=59.0018
dp[3][268]=-1.45e+11
dp[4][268]=-1.45e+11
dp[5][268]=-2.7e+11
dp[6][268]=-2.7e+11
dp[7][268]=-3.95e+11
dp[8][268]=-3.95e+11
dp[9][268]=-4.75e+11
dp[10][268]=-4.75e+11
dp[11][268]=-5.45e+11
dp[12][268]=-5.45e+11
dp[13][268]=-6.05e+11
dp[14][268]=-6.05e+11
dp[15][268]=-5.95e+11
dp[16][268]=-5.3e+11
Select best dp
Best k=13
Stratifying 2-th numerical feature ...
dp[2][268]=-510.989
dp[3][268]=-3.8e+11
dp[4][268]=-3.8e+11
dp[5][268]=-3.8e+11
dp[6][268]=-3.8e+11
dp[7][268]=-3.8e+11
dp[8][268]=-3.8e+11
dp[9][268]=-3.8e+11
dp[10][268]=-3.8e+11
dp[11][268]=-3.8e+11
dp[12][268]=-3.8e+11
dp[13][268]=-3.8e+11
dp[14][268]=-3.8e+11
dp[15][268]=-3.8e+11
dp[16][268]=-3.5e+11
Select best dp
Best k=6
Stratifying 3-th numerical feature ...
dp[2][268]=-94.5954
dp[3][268]=-2.9e+11
dp[4][268]=-2.9e+11
dp[5][268]=-5.4e+11
dp[6][268]=-5.4e+11
dp[7][268]=-7.9e+11
dp[8][268]=-7.9e+11
dp[9][268]=-9.5e+11
dp[10][268]=-9.5e+11
dp[11][268]=-1.09e+12
dp[12][268]=-1.09e+12
dp[13][268]=-1.21e+12
dp[14][268]=-1.21e+12
dp[15][268]=-1.19e+12
dp[16][268]=-1.06e+12
Select best dp
Best k=13
dp[2][268]=-510.989
dp[3][268]=-3.8e+11
dp[4][268]=-3.8e+11
dp[5][268]=-3.8e+11
dp[6][268]=-3.8e+11
dp[7][268]=-3.8e+11
dp[8][268]=-3.8e+11
dp[9][268]=-3.8e+11
dp[10][268]=-3.8e+11
Select best dp
Best k=6
Stratifying 3-th numerical feature ...
Stratifying 2-th numerical feature ...
dp[2][268]=-94.5954
dp[3][268]=-2.9e+11
dp[4][268]=-2.9e+11
dp[5][268]=-5.4e+11
dp[6][268]=-5.4e+11
dp[7][268]=-7.9e+11
dp[8][268]=-7.9e+11
dp[9][268]=-9.5e+11
dp[10][268]=-9.5e+11
dp[11][268]=-1.09e+12
dp[12][268]=-1.09e+12
dp[13][268]=-1.21e+12
dp[14][268]=-1.21e+12
dp[15][268]=-1.19e+12
dp[16][268]=-1.06e+12
Select best dp
Best k=13
Stratifying 2-th numerical feature ...
dp[2][268]=-59.1252
dp[3][268]=-2.9e+11
dp[4][268]=-2.9e+11
dp[5][268]=-5.4e+11
dp[6][268]=-5.4e+11
dp[7][268]=-7.9e+11
dp[8][268]=-7.9e+11
dp[9][268]=-9.5e+11
dp[10][268]=-9.5e+11
dp[11][268]=-1.09e+12
dp[12][268]=-1.09e+12
dp[13][268]=-1.21e+12
dp[14][268]=-1.21e+12
dp[15][268]=-1.19e+12
dp[16][268]=-1.06e+12
Select best dp
Best k=13
Stratifying 2-th numerical feature ...
dp[2][268]=-510.989
dp[3][268]=-3.8e+11
dp[4][268]=-3.8e+11
dp[5][268]=-3.8e+11
dp[6][268]=-3.8e+11
dp[7][268]=-3.8e+11
dp[8][268]=-3.8e+11
dp[9][268]=-3.8e+11
dp[10][268]=-3.8e+11
dp[11][268]=-3.8e+11
dp[12][268]=-3.8e+11
dp[13][268]=-3.8e+11
dp[14][268]=-3.8e+11
dp[15][268]=-3.8e+11
dp[16][268]=-3.5e+11
Select best dp
Best k=6
Stratifying 3-th numerical feature ...
dp[2][268]=-81.1315
dp[3][268]=-4.2e+11
dp[4][268]=-7.8e+11
dp[5][268]=-1.13e+12
dp[6][268]=-1.44e+12
dp[7][268]=-1.7e+12
dp[8][268]=-1.7e+12
dp[9][268]=-1.7e+12
dp[10][268]=-1.46e+12
Select best dp
Best k=8
Stratifying 4-th numerical feature ...
dp[2][268]=-510.989
dp[3][268]=-3.8e+11
dp[4][268]=-3.8e+11
dp[5][268]=-3.8e+11
dp[6][268]=-3.8e+11
dp[7][268]=-3.8e+11
dp[8][268]=-3.8e+11
dp[9][268]=-3.8e+11
dp[10][268]=-3.8e+11
dp[11][268]=-3.8e+11
dp[12][268]=-3.8e+11
dp[13][268]=-3.8e+11
dp[14][268]=-3.8e+11
dp[15][268]=-3.8e+11
dp[16][268]=-3.8e+11
Select best dp
Best k=6
Stratifying 3-th numerical feature ...
dp[2][268]=-81.1315
dp[3][268]=-4.2e+11
dp[4][268]=-7.8e+11
dp[5][268]=-1.13e+12
dp[6][268]=-1.44e+12
dp[7][268]=-1.74e+12
dp[8][268]=-1.91e+12
dp[9][268]=-2.12e+12
dp[10][268]=-2.12e+12
dp[11][268]=-2.12e+12
dp[12][268]=-2.12e+12
dp[13][268]=-2.12e+12
dp[14][268]=-2e+12
dp[15][268]=-1.84e+12
dp[16][268]=-1.52e+12
Select best dp
Best k=9
Stratifying 4-th numerical feature ...
dp[2][268]=-510.989
dp[3][268]=-3.8e+11
dp[4][268]=-3.8e+11
dp[5][268]=-3.8e+11
dp[6][268]=-3.8e+11
dp[7][268]=-3.8e+11
dp[8][268]=-3.8e+11
dp[9][268]=-3.8e+11
dp[10][268]=-3.8e+11
dp[11][268]=-3.8e+11
dp[12][268]=-3.8e+11
dp[13][268]=-3.8e+11
dp[14][268]=-3.8e+11
dp[15][268]=-3.8e+11
dp[16][268]=-3.8e+11
Select best dp
Best k=6
Stratifying 3-th numerical feature ...
dp[2][268]=-7e+10
dp[3][268]=-2.9e+11
dp[4][268]=-3.6e+11
dp[5][268]=-5.4e+11
dp[6][268]=-6.1e+11
dp[7][268]=-7.9e+11
dp[8][268]=-8.6e+11
dp[9][268]=-1.03e+12
dp[10][268]=-1.1e+12
dp[11][268]=-1.21e+12
dp[12][268]=-1.28e+12
dp[13][268]=-1.37e+12
dp[14][268]=-1.44e+12
dp[15][268]=-1.5e+12
dp[16][268]=-1.52e+12
Select best dp
Best k=16
dp[2][268]=-81.1315
dp[3][268]=-4.2e+11
dp[4][268]=-7.8e+11
dp[5][268]=-1.13e+12
dp[6][268]=-1.44e+12
dp[7][268]=-1.74e+12
dp[8][268]=-1.91e+12
dp[9][268]=-2.12e+12
dp[10][268]=-2.12e+12
dp[11][268]=-2.12e+12
dp[12][268]=-2.12e+12
dp[13][268]=-2.12e+12
dp[14][268]=-2e+12
dp[15][268]=-1.84e+12
dp[16][268]=-1.52e+12
Select best dp
Best k=9
Stratifying 2-th numerical feature ...
Stratifying 4-th numerical feature ...
dp[2][268]=-1234.58
dp[3][268]=-7.6e+11
dp[4][268]=-7.6e+11
dp[5][268]=-7.6e+11
dp[6][268]=-7.6e+11
dp[7][268]=-7.6e+11
dp[8][268]=-7.6e+11
dp[9][268]=-7.6e+11
dp[10][268]=-7.6e+11
dp[11][268]=-7.6e+11
dp[12][268]=-7.6e+11
dp[13][268]=-7.6e+11
dp[14][268]=-7.6e+11
dp[15][268]=-7.6e+11
dp[16][268]=-7e+11
Select best dp
Best k=9
Stratifying 3-th numerical feature ...
dp[2][268]=-38.2886
dp[3][268]=-205.005
dp[4][268]=-280.605
dp[5][268]=-327.099
dp[6][268]=-333.375
dp[7][268]=-331.62
dp[8][268]=-312.486
dp[9][268]=-268.875
dp[10][268]=-216.369
Select best dp
Best k=6
Stratifying 5-th numerical feature ...
dp[2][268]=-510.989
dp[3][268]=-3.8e+11
dp[4][268]=-3.8e+11
dp[5][268]=-3.8e+11
dp[6][268]=-3.8e+11
dp[7][268]=-3.8e+11
dp[8][268]=-3.8e+11
dp[9][268]=-3.8e+11
dp[10][268]=-3.8e+11
dp[11][268]=-3.8e+11
dp[12][268]=-3.8e+11
dp[13][268]=-3.8e+11
dp[14][268]=-3.8e+11
dp[15][268]=-3.8e+11
dp[16][268]=-3.5e+11
Select best dp
Best k=6
Stratifying 3-th numerical feature ...
dp[2][268]=212.599
dp[3][268]=318.899
dp[4][268]=425.198
dp[5][268]=531.498
dp[6][268]=637.797
dp[7][268]=744.097
dp[8][268]=850.396
dp[9][268]=956.696
dp[10][268]=1063
dp[11][268]=1169.29
dp[12][268]=1275.59
dp[13][268]=1381.89
dp[14][268]=1488.19
dp[15][268]=1594.49
dp[16][268]=1700.79
Select best dp
Best k=2
dp[2][268]=-510.989
dp[3][268]=-3.8e+11
dp[4][268]=-3.8e+11
dp[5][268]=-3.8e+11
dp[6][268]=-3.8e+11
dp[7][268]=-3.8e+11
dp[8][268]=-3.8e+11
dp[9][268]=-3.8e+11
dp[10][268]=-3.8e+11
dp[11][268]=-3.8e+11
dp[12][268]=-3.8e+11
dp[13][268]=-3.8e+11
dp[14][268]=-3.8e+11
dp[15][268]=-3.8e+11
dp[16][268]=-3.5e+11
Select best dp
Best k=6
Stratifying 3-th numerical feature ...
Stratifying 3-th numerical feature ...
dp[2][268]=-149.195
dp[3][268]=-1.9e+11
dp[4][268]=-1.9e+11
dp[5][268]=-1.9e+11
dp[6][268]=-1.9e+11
dp[7][268]=-1.9e+11
dp[8][268]=-1.9e+11
dp[9][268]=-1.9e+11
dp[10][268]=-1.9e+11
dp[11][268]=-1.9e+11
dp[12][268]=-1.9e+11
dp[13][268]=-1.9e+11
dp[14][268]=-1.9e+11
dp[15][268]=-1.9e+11
dp[16][268]=-1.75e+11
Select best dp
Best k=4
Stratifying 3-th numerical feature ...
dp[2][268]=-38.2886
dp[3][268]=-2e+11
dp[4][268]=-2e+11
dp[5][268]=-2e+11
dp[6][268]=-2e+11
dp[7][268]=-2e+11
dp[8][268]=-2e+11
dp[9][268]=-2e+11
dp[10][268]=-2e+11
dp[11][268]=-2e+11
dp[12][268]=-2e+11
dp[13][268]=-2e+11
dp[14][268]=-2e+11
dp[15][268]=-2e+11
dp[16][268]=-1.9e+11
Select best dp
Best k=7
Stratifying 5-th numerical feature ...
dp[2][268]=-510.989
dp[3][268]=-3.8e+11
dp[4][268]=-3.8e+11
dp[5][268]=-3.8e+11
dp[6][268]=-3.8e+11
dp[7][268]=-3.8e+11
dp[8][268]=-3.8e+11
dp[9][268]=-3.8e+11
dp[10][268]=-3.8e+11
dp[11][268]=-3.8e+11
dp[12][268]=-3.8e+11
dp[13][268]=-3.8e+11
dp[14][268]=-3.8e+11
dp[15][268]=-3.8e+11
dp[16][268]=-3.5e+11
Select best dp
Best k=6
Stratifying 3-th numerical feature ...
dp[2][268]=-510.989
dp[3][268]=-3.8e+11
dp[4][268]=-3.8e+11
dp[5][268]=-3.8e+11
dp[6][268]=-3.8e+11
dp[7][268]=-3.8e+11
dp[8][268]=-3.8e+11
dp[9][268]=-3.8e+11
dp[10][268]=-3.8e+11
dp[11][268]=-3.8e+11
dp[12][268]=-3.8e+11
dp[13][268]=-3.8e+11
dp[14][268]=-3.8e+11
dp[15][268]=-3.8e+11
dp[16][268]=-3.5e+11
Select best dp
Best k=6
dp[2][268]=-81.1315
dp[3][268]=-4.2e+11
dp[4][268]=-7.8e+11
dp[5][268]=-1.13e+12
dp[6][268]=-1.44e+12
dp[7][268]=-1.74e+12
dp[8][268]=-1.91e+12
dp[9][268]=-2.12e+12
dp[10][268]=-2.22e+12
dp[11][268]=-2.29e+12
dp[12][268]=-2.39e+12
dp[13][268]=-2.39e+12
dp[14][268]=-2.39e+12
dp[15][268]=-2.39e+12
dp[16][268]=-2.39e+12
Select best dp
Best k=12
Stratifying 3-th numerical feature ...
Stratifying 4-th numerical feature ...
dp[2][268]=-38.2886
dp[3][268]=-2e+11
dp[4][268]=-2e+11
dp[5][268]=-2e+11
dp[6][268]=-2e+11
dp[7][268]=-2e+11
dp[8][268]=-2e+11
dp[9][268]=-2e+11
dp[10][268]=-2e+11
dp[11][268]=-2e+11
dp[12][268]=-2e+11
dp[13][268]=-2e+11
dp[14][268]=-2e+11
dp[15][268]=-2e+11
dp[16][268]=-1.9e+11
Select best dp
Best k=7
dp[2][268]=-451.823
dp[3][268]=-3.8e+11
dp[4][268]=-3.8e+11
dp[5][268]=-3.8e+11
dp[6][268]=-3.8e+11
dp[7][268]=-3.8e+11
dp[8][268]=-3.8e+11
dp[9][268]=-3.8e+11
dp[10][268]=-3.8e+11
dp[11][268]=-3.8e+11
dp[12][268]=-3.8e+11
dp[13][268]=-3.8e+11
dp[14][268]=-3.8e+11
dp[15][268]=-3.8e+11
dp[16][268]=-3.5e+11
Stratifying 5-th numerical feature ...
Select best dp
Best k=7
Stratifying 3-th numerical feature ...
dp[2][268]=-431.252
dp[3][268]=-4.6e+11
dp[4][268]=-7.5e+11
dp[5][268]=-1.03e+12
dp[6][268]=-1.03e+12
dp[7][268]=-1.03e+12
dp[8][268]=-1.03e+12
dp[9][268]=-1.02e+12
dp[10][268]=-1.01e+12
Select best dp
Best k=8
Stratifying 6-th numerical feature ...
dp[2][268]=-81.1315
dp[3][268]=-4.2e+11
dp[4][268]=-7.8e+11
dp[5][268]=-1.13e+12
dp[6][268]=-1.44e+12
dp[7][268]=-1.74e+12
dp[8][268]=-1.91e+12
dp[9][268]=-2.12e+12
dp[10][268]=-2.24e+12
dp[11][268]=-2.33e+12
dp[12][268]=-2.45e+12
dp[13][268]=-2.45e+12
dp[14][268]=-2.45e+12
dp[15][268]=-2.45e+12
dp[16][268]=-2.45e+12
Select best dp
Best k=12
Stratifying 4-th numerical feature ...
dp[2][268]=-431.252
dp[3][268]=-4.6e+11
dp[4][268]=-7.5e+11
dp[5][268]=-1.03e+12
dp[6][268]=-1.26e+12
dp[7][268]=-1.26e+12
dp[8][268]=-1.43e+12
dp[9][268]=-1.57e+12
dp[10][268]=-1.57e+12
dp[11][268]=-1.57e+12
dp[12][268]=-1.57e+12
dp[13][268]=-1.57e+12
dp[14][268]=-1.41e+12
dp[15][268]=-1.25e+12
dp[16][268]=-1.01e+12
Select best dp
Best k=10
Stratifying 6-th numerical feature ...
dp[2][268]=-10.8049
dp[3][268]=-3.5e+11
dp[4][268]=-7e+11
dp[5][268]=-7e+11
dp[6][268]=-9.9e+11
dp[7][268]=-9.9e+11
dp[8][268]=-1.19e+12
dp[9][268]=-1.16e+12
dp[10][268]=-1.1e+12
Select best dp
Best k=8
Stratifying 7-th numerical feature ...
dp[2][268]=-431.252
dp[3][268]=-4.6e+11
dp[4][268]=-7.5e+11
dp[5][268]=-1.03e+12
dp[6][268]=-1.26e+12
dp[7][268]=-1.26e+12
dp[8][268]=-1.43e+12
dp[9][268]=-1.57e+12
dp[10][268]=-1.57e+12
dp[11][268]=-1.57e+12
dp[12][268]=-1.57e+12
dp[13][268]=-1.57e+12
dp[14][268]=-1.41e+12
dp[15][268]=-1.25e+12
dp[16][268]=-1.01e+12
Select best dp
Best k=10
Stratifying 6-th numerical feature ...
dp[2][268]=-38.2886
dp[3][268]=-2e+11
dp[4][268]=-2e+11
dp[5][268]=-2e+11
dp[6][268]=-2e+11
dp[7][268]=-2e+11
dp[8][268]=-2e+11
dp[9][268]=-2e+11
dp[10][268]=-2e+11
dp[11][268]=-2e+11
dp[12][268]=-2e+11
dp[13][268]=-2e+11
dp[14][268]=-2e+11
dp[15][268]=-2e+11
dp[16][268]=-2e+11
Select best dp
Best k=7
Stratifying 5-th numerical feature ...
dp[2][268]=-374.862
dp[3][268]=-8.4e+11
dp[4][268]=-1.56e+12
dp[5][268]=-2.26e+12
dp[6][268]=-2.88e+12
dp[7][268]=-3.48e+12
dp[8][268]=-3.82e+12
dp[9][268]=-4.24e+12
dp[10][268]=-4.24e+12
dp[11][268]=-4.24e+12
dp[12][268]=-4.24e+12
dp[13][268]=-4.24e+12
dp[14][268]=-4e+12
dp[15][268]=-3.68e+12
dp[16][268]=-3.04e+12
Select best dp
Best k=9
Stratifying 4-th numerical feature ...
dp[2][268]=-81.1315
dp[3][268]=-4.2e+11
dp[4][268]=-7.8e+11
dp[5][268]=-1.13e+12
dp[6][268]=-1.44e+12
dp[7][268]=-1.74e+12
dp[8][268]=-1.91e+12
dp[9][268]=-2.12e+12
dp[10][268]=-2.12e+12
dp[11][268]=-2.12e+12
dp[12][268]=-2.12e+12
dp[13][268]=-2.12e+12
dp[14][268]=-2e+12
dp[15][268]=-1.84e+12
dp[16][268]=-1.52e+12
Select best dp
Best k=9
Stratifying 4-th numerical feature ...
dp[2][268]=-38.2886
dp[3][268]=-2e+11
dp[4][268]=-2e+11
dp[5][268]=-2e+11
dp[6][268]=-2e+11
dp[7][268]=-2e+11
dp[8][268]=-2e+11
dp[9][268]=-2e+11
dp[10][268]=-2e+11
dp[11][268]=-2e+11
dp[12][268]=-2e+11
dp[13][268]=-2e+11
dp[14][268]=-2e+11
dp[15][268]=-2e+11
dp[16][268]=-2e+11
Select best dp
Best k=7
Stratifying 5-th numerical feature ...
dp[2][268]=212.599
dp[3][268]=318.899
dp[4][268]=425.198
dp[5][268]=531.498
dp[6][268]=637.797
dp[7][268]=744.097
dp[8][268]=850.396
dp[9][268]=956.696
dp[10][268]=1063
dp[11][268]=1169.29
dp[12][268]=1275.59
dp[13][268]=1381.89
dp[14][268]=1488.19
dp[15][268]=1594.49
dp[16][268]=1700.79
Select best dp
Best k=2
dp[2][268]=-81.1315
dp[3][268]=-4.2e+11
dp[4][268]=-7.8e+11
dp[5][268]=-1.13e+12
dp[6][268]=-1.44e+12
dp[7][268]=-1.74e+12
dp[8][268]=-1.91e+12
dp[9][268]=-2.12e+12
dp[10][268]=-2.12e+12
dp[11][268]=-2.12e+12
dp[12][268]=-2.12e+12
dp[13][268]=-2.12e+12
dp[14][268]=-2e+12
dp[15][268]=-1.84e+12
dp[16][268]=-1.52e+12
Select best dp
Best k=9
Stratifying 4-th numerical feature ...
Stratifying 4-th numerical feature ...
dp[2][268]=-10.8049
dp[3][268]=-3.5e+11
dp[4][268]=-7e+11
dp[5][268]=-9.1e+11
dp[6][268]=-1.14e+12
dp[7][268]=-1.41e+12
dp[8][268]=-1.57e+12
dp[9][268]=-1.85e+12
dp[10][268]=-1.85e+12
dp[11][268]=-1.85e+12
dp[12][268]=-1.85e+12
dp[13][268]=-1.85e+12
dp[14][268]=-1.82e+12
dp[15][268]=-1.73e+12
dp[16][268]=-1.25e+12
Select best dp
Best k=9
Stratifying 7-th numerical feature ...
dp[2][268]=-205.393
dp[3][268]=-336.623
dp[4][268]=-371.953
dp[5][268]=-403.776
dp[6][268]=-421.744
dp[7][268]=-398.947
dp[8][268]=-372.545
dp[9][268]=-345.166
dp[10][268]=-263.184
Select best dp
Best k=6
dp[2][268]=65.7338
dp[3][268]=-2.1e+11
dp[4][268]=-3.9e+11
dp[5][268]=-5.65e+11
dp[6][268]=-7.2e+11
dp[7][268]=-8.7e+11
dp[8][268]=-9.55e+11
dp[9][268]=-1.06e+12
dp[10][268]=-1.06e+12
dp[11][268]=-1.06e+12
dp[12][268]=-1.06e+12
dp[13][268]=-1.06e+12
dp[14][268]=-1e+12
dp[15][268]=-9.2e+11
dp[16][268]=-7.6e+11
Select best dp
Best k=9
Stratifying 4-th numerical feature ...
dp[2][268]=-81.1315
dp[3][268]=-4.2e+11
dp[4][268]=-7.8e+11
dp[5][268]=-1.13e+12
dp[6][268]=-1.44e+12
dp[7][268]=-1.74e+12
dp[8][268]=-1.91e+12
dp[9][268]=-2.12e+12
dp[10][268]=-2.12e+12
dp[11][268]=-2.12e+12
dp[12][268]=-2.12e+12
dp[13][268]=-2.12e+12
dp[14][268]=-2e+12
dp[15][268]=-1.84e+12
dp[16][268]=-1.52e+12
Select best dp
Best k=9
Stratifying 4-th numerical feature ...
dp[2][268]=-81.1315
dp[3][268]=-4.2e+11
dp[4][268]=-7.8e+11
dp[5][268]=-1.13e+12
dp[6][268]=-1.44e+12
dp[7][268]=-1.74e+12
dp[8][268]=-1.91e+12
dp[9][268]=-2.12e+12
dp[10][268]=-2.12e+12
dp[11][268]=-2.12e+12
dp[12][268]=-2.12e+12
dp[13][268]=-2.12e+12
dp[14][268]=-2e+12
dp[15][268]=-1.84e+12
dp[16][268]=-1.52e+12
Select best dp
Best k=9
Stratifying 4-th numerical feature ...
dp[2][268]=-10.8049
dp[3][268]=-3.5e+11
dp[4][268]=-7e+11
dp[5][268]=-9.1e+11
dp[6][268]=-1.14e+12
dp[7][268]=-1.41e+12
dp[8][268]=-1.57e+12
dp[9][268]=-1.85e+12
dp[10][268]=-1.85e+12
dp[11][268]=-1.85e+12
dp[12][268]=-1.85e+12
dp[13][268]=-1.85e+12
dp[14][268]=-1.82e+12
dp[15][268]=-1.73e+12
dp[16][268]=-1.25e+12
Select best dp
Best k=9
Stratifying 7-th numerical feature ...
dp[2][268]=-40.6878
dp[3][268]=-4.2e+11
dp[4][268]=-7.8e+11
dp[5][268]=-1.13e+12
dp[6][268]=-1.44e+12
dp[7][268]=-1.74e+12
dp[8][268]=-1.91e+12
dp[9][268]=-2.12e+12
dp[10][268]=-2.12e+12
dp[11][268]=-2.12e+12
dp[12][268]=-2.12e+12
dp[13][268]=-2.12e+12
dp[14][268]=-2e+12
dp[15][268]=-1.84e+12
dp[16][268]=-1.52e+12
Select best dp
Best k=9
Stratifying 4-th numerical feature ...
dp[2][268]=-431.252
dp[3][268]=-4.6e+11
dp[4][268]=-7.5e+11
dp[5][268]=-1.03e+12
dp[6][268]=-1.26e+12
dp[7][268]=-1.26e+12
dp[8][268]=-1.46e+12
dp[9][268]=-1.63e+12
dp[10][268]=-1.63e+12
dp[11][268]=-1.67e+12
dp[12][268]=-1.67e+12
dp[13][268]=-1.67e+12
dp[14][268]=-1.67e+12
dp[15][268]=-1.67e+12
dp[16][268]=-1.67e+12
Select best dp
Best k=12
Stratifying 6-th numerical feature ...
dp[2][268]=-205.393
dp[3][268]=-336.623
dp[4][268]=-371.953
dp[5][268]=-403.776
dp[6][268]=-421.744
dp[7][268]=-408.481
dp[8][268]=-389.22
dp[9][268]=-366.846
dp[10][268]=-326.274
dp[11][268]=-272.848
dp[12][268]=-211.65
dp[13][268]=-140.619
dp[14][268]=-68.2944
dp[15][268]=4.27516
dp[16][268]=89.4216
Select best dp
Best k=6
dp[2][268]=-38.2886
dp[3][268]=-2e+11
dp[4][268]=-2e+11
dp[5][268]=-2e+11
dp[6][268]=-2e+11
dp[7][268]=-2e+11
dp[8][268]=-2e+11
dp[9][268]=-2e+11
dp[10][268]=-2e+11
dp[11][268]=-2e+11
dp[12][268]=-2e+11
dp[13][268]=-2e+11
dp[14][268]=-2e+11
dp[15][268]=-2e+11
dp[16][268]=-1.9e+11
Select best dp
Best k=7
Stratifying 5-th numerical feature ...
dp[2][268]=-510.989
dp[3][268]=-3.8e+11
dp[4][268]=-3.8e+11
dp[5][268]=-3.8e+11
dp[6][268]=-3.8e+11
dp[7][268]=-3.8e+11
dp[8][268]=-3.8e+11
dp[9][268]=-3.8e+11
dp[10][268]=-3.8e+11
dp[11][268]=-3.8e+11
dp[12][268]=-3.8e+11
dp[13][268]=-3.8e+11
dp[14][268]=-3.8e+11
dp[15][268]=-3.8e+11
dp[16][268]=-3.8e+11
Select best dp
Best k=6
Stratifying 3-th numerical feature ...
dp[2][268]=-431.252
dp[3][268]=-4.6e+11
dp[4][268]=-7.5e+11
dp[5][268]=-1.03e+12
dp[6][268]=-1.26e+12
dp[7][268]=-1.35e+12
dp[8][268]=-1.56e+12
dp[9][268]=-1.73e+12
dp[10][268]=-1.81e+12
dp[11][268]=-1.82e+12
dp[12][268]=-1.9e+12
dp[13][268]=-1.9e+12
dp[14][268]=-1.98e+12
dp[15][268]=-1.98e+12
dp[16][268]=-1.98e+12
Select best dp
Best k=15
Stratifying 6-th numerical feature ...
dp[2][268]=-205.393
dp[3][268]=-336.623
dp[4][268]=-371.953
dp[5][268]=-403.776
dp[6][268]=-421.744
dp[7][268]=-408.481
dp[8][268]=-389.22
dp[9][268]=-366.846
dp[10][268]=-326.274
dp[11][268]=-272.848
dp[12][268]=-211.65
dp[13][268]=-140.619
dp[14][268]=-68.2944
dp[15][268]=4.27516
dp[16][268]=89.4216
Select best dp
Best k=6
dp[2][268]=-289.176
dp[3][268]=-4e+11
dp[4][268]=-4e+11
dp[5][268]=-4e+11
dp[6][268]=-4e+11
dp[7][268]=-4e+11
dp[8][268]=-4e+11
dp[9][268]=-4e+11
dp[10][268]=-4e+11
dp[11][268]=-4e+11
dp[12][268]=-4e+11
dp[13][268]=-4e+11
dp[14][268]=-4e+11
dp[15][268]=-4e+11
dp[16][268]=-3.8e+11
Select best dp
Best k=12
Stratifying 5-th numerical feature ...
dp[2][268]=-38.2886
dp[3][268]=-2e+11
dp[4][268]=-2e+11
dp[5][268]=-2e+11
dp[6][268]=-2e+11
dp[7][268]=-2e+11
dp[8][268]=-2e+11
dp[9][268]=-2e+11
dp[10][268]=-2e+11
dp[11][268]=-2e+11
dp[12][268]=-2e+11
dp[13][268]=-2e+11
dp[14][268]=-2e+11
dp[15][268]=-2e+11
dp[16][268]=-1.9e+11
Select best dp
Best k=7
Stratifying 5-th numerical feature ...
dp[2][268]=-10.8049
dp[3][268]=-3.5e+11
dp[4][268]=-7e+11
dp[5][268]=-9.1e+11
dp[6][268]=-1.14e+12
dp[7][268]=-1.41e+12
dp[8][268]=-1.57e+12
dp[9][268]=-1.85e+12
dp[10][268]=-1.96e+12
dp[11][268]=-2.07e+12
dp[12][268]=-2.07e+12
dp[13][268]=-2.18e+12
dp[14][268]=-2.18e+12
dp[15][268]=-2.18e+12
dp[16][268]=-2.18e+12
Select best dp
Best k=13
Stratifying 7-th numerical feature ...
dp[2][268]=212.599
dp[3][268]=318.899
dp[4][268]=425.198
dp[5][268]=531.498
dp[6][268]=637.797
dp[7][268]=744.097
dp[8][268]=850.396
dp[9][268]=956.696
dp[10][268]=1063
dp[11][268]=1169.29
dp[12][268]=1275.59
dp[13][268]=1381.89
dp[14][268]=1488.19
dp[15][268]=1594.49
dp[16][268]=1700.79
Select best dp
Best k=2
Stratifying 5-th numerical feature ...
dp[2][268]=-431.252
dp[3][268]=-4.6e+11
dp[4][268]=-7.5e+11
dp[5][268]=-1.03e+12
dp[6][268]=-1.26e+12
dp[7][268]=-1.26e+12
dp[8][268]=-1.43e+12
dp[9][268]=-1.57e+12
dp[10][268]=-1.57e+12
dp[11][268]=-1.57e+12
dp[12][268]=-1.57e+12
dp[13][268]=-1.57e+12
dp[14][268]=-1.41e+12
dp[15][268]=-1.25e+12
dp[16][268]=-1.01e+12
Select best dp
Best k=10
Stratifying 6-th numerical feature ...
dp[2][268]=87.1552
dp[3][268]=-1e+11
dp[4][268]=-1e+11
dp[5][268]=-1e+11
dp[6][268]=-1e+11
dp[7][268]=-1e+11
dp[8][268]=-1e+11
dp[9][268]=-1e+11
dp[10][268]=-1e+11
dp[11][268]=-1e+11
dp[12][268]=-1e+11
dp[13][268]=-1e+11
dp[14][268]=-1e+11
dp[15][268]=-1e+11
dp[16][268]=-9.5e+10
Select best dp
Best k=3
Stratifying 5-th numerical feature ...
dp[2][268]=-38.2886
dp[3][268]=-2e+11
dp[4][268]=-2e+11
dp[5][268]=-2e+11
dp[6][268]=-2e+11
dp[7][268]=-2e+11
dp[8][268]=-2e+11
dp[9][268]=-2e+11
dp[10][268]=-2e+11
dp[11][268]=-2e+11
dp[12][268]=-2e+11
dp[13][268]=-2e+11
dp[14][268]=-2e+11
dp[15][268]=-2e+11
dp[16][268]=-1.9e+11
Select best dp
Best k=7
Stratifying 5-th numerical feature ...
dp[2][268]=-38.2886
dp[3][268]=-2e+11
dp[4][268]=-2e+11
dp[5][268]=-2e+11
dp[6][268]=-2e+11
dp[7][268]=-2e+11
dp[8][268]=-2e+11
dp[9][268]=-2e+11
dp[10][268]=-2e+11
dp[11][268]=-2e+11
dp[12][268]=-2e+11
dp[13][268]=-2e+11
dp[14][268]=-2e+11
dp[15][268]=-2e+11
dp[16][268]=-1.9e+11
Select best dp
Best k=7
Stratifying 5-th numerical feature ...
dp[2][268]=-10.8049
dp[3][268]=-3.5e+11
dp[4][268]=-7e+11
dp[5][268]=-9.1e+11
dp[6][268]=-1.14e+12
dp[7][268]=-1.41e+12
dp[8][268]=-1.57e+12
dp[9][268]=-1.85e+12
dp[2][268]=-81.1315
dp[10][268]=-1.96e+12
dp[3][268]=-4.2e+11
dp[11][268]=-2.07e+12
dp[4][268]=-7.8e+11
dp[12][268]=-2.17e+12
dp[5][268]=-1.13e+12
dp[13][268]=-2.28e+12
dp[6][268]=-1.44e+12
dp[14][268]=-2.28e+12
dp[7][268]=-1.74e+12
dp[15][268]=-2.28e+12
dp[8][268]=-1.91e+12
dp[16][268]=-2.28e+12
dp[9][268]=-2.12e+12
Select best dp
dp[10][268]=-2.27e+12
Best k=13
dp[11][268]=-2.39e+12
dp[12][268]=-2.54e+12
dp[13][268]=-2.54e+12
dp[14][268]=-2.54e+12
dp[15][268]=-2.54e+12
dp[16][268]=-2.54e+12
Select best dp
Best k=12
Stratifying 7-th numerical feature ...
Stratifying 4-th numerical feature ...
dp[2][268]=-1075.1
dp[3][268]=-9.2e+11
dp[4][268]=-1.5e+12
dp[5][268]=-2.06e+12
dp[6][268]=-2.52e+12
dp[7][268]=-2.52e+12
dp[8][268]=-2.86e+12
dp[9][268]=-3.14e+12
dp[10][268]=-3.14e+12
dp[11][268]=-3.14e+12
dp[12][268]=-3.14e+12
dp[13][268]=-3.14e+12
dp[14][268]=-2.82e+12
dp[15][268]=-2.5e+12
dp[16][268]=-2.02e+12
Select best dp
Best k=12
Stratifying 6-th numerical feature ...
dp[2][268]=12.4141
dp[3][268]=-2e+11
dp[4][268]=-2e+11
dp[5][268]=-2e+11
dp[6][268]=-2e+11
dp[7][268]=-2e+11
dp[8][268]=-2e+11
dp[9][268]=-2e+11
dp[10][268]=-2e+11
dp[11][268]=-2e+11
dp[12][268]=-2e+11
dp[13][268]=-2e+11
dp[14][268]=-2e+11
dp[15][268]=-2e+11
dp[16][268]=-1.9e+11
Select best dp
Best k=7
Stratifying 5-th numerical feature ...
dp[2][268]=-10.8049
dp[3][268]=-3.5e+11
dp[4][268]=-7e+11
dp[5][268]=-9.1e+11
dp[6][268]=-1.14e+12
dp[7][268]=-1.41e+12
dp[8][268]=-1.57e+12
dp[9][268]=-1.85e+12
dp[10][268]=-1.85e+12
dp[11][268]=-1.85e+12
dp[12][268]=-1.85e+12
dp[13][268]=-1.85e+12
dp[14][268]=-1.82e+12
dp[15][268]=-1.73e+12
dp[16][268]=-1.25e+12
Select best dp
Best k=9
Stratifying 7-th numerical feature ...
dp[2][268]=-205.393
dp[3][268]=-336.623
dp[4][268]=-371.953
dp[5][268]=-403.776
dp[6][268]=-421.744
dp[7][268]=-408.481
dp[8][268]=-389.932
dp[9][268]=-367.557
dp[10][268]=-326.986
dp[11][268]=-279.435
dp[12][268]=-229.106
dp[13][268]=-181.742
dp[14][268]=-125.382
dp[15][268]=-68.539
dp[16][268]=-5.36525
Select best dp
Best k=6
dp[2][268]=-234.209
dp[3][268]=-7e+11
dp[4][268]=-1.4e+12
dp[5][268]=-1.82e+12
dp[6][268]=-2.28e+12
dp[7][268]=-2.82e+12
dp[8][268]=-3.14e+12
dp[9][268]=-3.7e+12
dp[10][268]=-3.7e+12
dp[11][268]=-3.7e+12
dp[12][268]=-3.7e+12
dp[13][268]=-3.7e+12
dp[14][268]=-3.64e+12
dp[15][268]=-3.46e+12
dp[16][268]=-2.5e+12
Select best dp
Best k=11
Stratifying 7-th numerical feature ...
dp[2][268]=-431.252
dp[3][268]=-4.6e+11
dp[4][268]=-7.5e+11
dp[5][268]=-1.03e+12
dp[6][268]=-1.26e+12
dp[7][268]=-1.26e+12
dp[8][268]=-1.43e+12
dp[9][268]=-1.57e+12
dp[10][268]=-1.57e+12
dp[11][268]=-1.57e+12
dp[12][268]=-1.57e+12
dp[13][268]=-1.57e+12
dp[14][268]=-1.41e+12
dp[15][268]=-1.25e+12
dp[16][268]=-1.01e+12
Select best dp
Best k=10
Stratifying 6-th numerical feature ...
dp[2][268]=-431.252
dp[3][268]=-4.6e+11
dp[4][268]=-7.5e+11
dp[5][268]=-1.03e+12
dp[6][268]=-1.26e+12
dp[7][268]=-1.26e+12
dp[8][268]=-1.43e+12
dp[9][268]=-1.57e+12
dp[10][268]=-1.57e+12
dp[11][268]=-1.57e+12
dp[12][268]=-1.57e+12
dp[13][268]=-1.57e+12
dp[14][268]=-1.41e+12
dp[15][268]=-1.25e+12
dp[16][268]=-1.01e+12
Select best dp
Best k=10
Stratifying 6-th numerical feature ...
dp[2][268]=212.599
dp[3][268]=318.899
dp[4][268]=425.198
dp[5][268]=531.498
dp[6][268]=637.797
dp[7][268]=744.097
dp[8][268]=850.396
dp[9][268]=956.696
dp[10][268]=1063
dp[11][268]=1169.29
dp[12][268]=1275.59
dp[13][268]=1381.89
dp[14][268]=1488.19
dp[15][268]=1594.49
dp[16][268]=1700.79
Select best dp
Best k=2
dp[2][268]=-205.393
dp[3][268]=-336.623
dp[4][268]=-371.953
dp[5][268]=-403.776
dp[6][268]=-421.744
dp[7][268]=-408.481
dp[8][268]=-389.932
dp[9][268]=-367.557
dp[10][268]=-326.986
dp[11][268]=-279.435
dp[12][268]=-229.106
dp[13][268]=-181.742
dp[14][268]=-125.382
dp[15][268]=-68.539
dp[16][268]=-8.15937
Select best dp
Best k=6
Stratifying 6-th numerical feature ...
dp[2][268]=-205.393
dp[3][268]=-336.623
dp[4][268]=-371.953
dp[5][268]=-403.776
dp[6][268]=-421.744
dp[7][268]=-408.481
dp[8][268]=-389.22
dp[9][268]=-366.846
dp[10][268]=-326.274
dp[11][268]=-272.848
dp[12][268]=-211.65
dp[13][268]=-140.619
dp[14][268]=-68.2944
dp[15][268]=4.27516
dp[16][268]=89.4216
Select best dp
Best k=6
dp[2][268]=-38.2886
dp[3][268]=-2e+11
dp[4][268]=-2e+11
dp[5][268]=-2e+11
dp[6][268]=-2e+11
dp[7][268]=-2e+11
dp[8][268]=-2e+11
dp[9][268]=-2e+11
dp[10][268]=-2e+11
dp[11][268]=-2e+11
dp[12][268]=-2e+11
dp[13][268]=-2e+11
dp[14][268]=-2e+11
dp[15][268]=-2e+11
dp[16][268]=-2e+11
Select best dp
Best k=7
Stratifying 5-th numerical feature ...
dp[2][268]=-109.326
dp[3][268]=-2.3e+11
dp[4][268]=-3.75e+11
dp[5][268]=-5.15e+11
dp[6][268]=-6.3e+11
dp[7][268]=-6.3e+11
dp[8][268]=-7.15e+11
dp[9][268]=-7.85e+11
dp[10][268]=-7.85e+11
dp[11][268]=-7.85e+11
dp[12][268]=-7.85e+11
dp[13][268]=-7.85e+11
dp[14][268]=-7.05e+11
dp[15][268]=-6.25e+11
dp[16][268]=-5.05e+11
Select best dp
Best k=9
Stratifying 6-th numerical feature ...
dp[2][268]=-431.252
dp[3][268]=-4.6e+11
dp[4][268]=-7.5e+11
dp[5][268]=-1.03e+12
dp[6][268]=-1.26e+12
dp[7][268]=-1.26e+12
dp[8][268]=-1.43e+12
dp[9][268]=-1.57e+12
dp[10][268]=-1.57e+12
dp[11][268]=-1.57e+12
dp[12][268]=-1.57e+12
dp[13][268]=-1.57e+12
dp[14][268]=-1.41e+12
dp[15][268]=-1.25e+12
dp[16][268]=-1.01e+12
Select best dp
Best k=10
Stratifying 6-th numerical feature ...
dp[2][268]=-623.384
dp[3][268]=-992.144
dp[4][268]=-1169.1
dp[5][268]=-1339.05
dp[6][268]=-1481.28
dp[7][268]=-1561.06
dp[8][268]=-1628.84
dp[9][268]=-1690.39
dp[10][268]=-1715.54
dp[11][268]=-1714.99
dp[12][268]=-1698.89
dp[13][268]=-1663.13
dp[14][268]=-1624.78
dp[15][268]=-1585.94
dp[16][268]=-1521.95
Select best dp
Best k=10
dp[2][268]=-10.8049
dp[3][268]=-3.5e+11
dp[4][268]=-7e+11
dp[5][268]=-9.1e+11
dp[6][268]=-1.14e+12
dp[7][268]=-1.41e+12
dp[8][268]=-1.57e+12
dp[9][268]=-1.85e+12
dp[10][268]=-1.85e+12
dp[11][268]=-1.85e+12
dp[12][268]=-1.85e+12
dp[13][268]=-1.85e+12
dp[14][268]=-1.82e+12
dp[15][268]=-1.73e+12
dp[16][268]=-1.25e+12
Select best dp
Best k=9
Stratifying 7-th numerical feature ...
dp[2][268]=-383.797
dp[3][268]=-4.6e+11
dp[4][268]=-7.5e+11
dp[5][268]=-1.03e+12
dp[6][268]=-1.26e+12
dp[7][268]=-1.26e+12
dp[8][268]=-1.43e+12
dp[9][268]=-1.57e+12
dp[10][268]=-1.57e+12
dp[11][268]=-1.57e+12
dp[12][268]=-1.57e+12
dp[13][268]=-1.57e+12
dp[14][268]=-1.41e+12
dp[15][268]=-1.25e+12
dp[16][268]=-1.01e+12
Select best dp
Best k=10
Stratifying 6-th numerical feature ...
dp[2][268]=-10.8049
dp[3][268]=-3.5e+11
dp[4][268]=-7e+11
dp[5][268]=-9.1e+11
dp[6][268]=-1.14e+12
dp[7][268]=-1.41e+12
dp[8][268]=-1.57e+12
dp[9][268]=-1.85e+12
dp[10][268]=-1.85e+12
dp[11][268]=-1.85e+12
dp[12][268]=-1.85e+12
dp[13][268]=-1.85e+12
dp[14][268]=-1.82e+12
dp[15][268]=-1.73e+12
dp[16][268]=-1.25e+12
Select best dp
Best k=9
Stratifying 7-th numerical feature ...
dp[2][268]=-431.252
dp[3][268]=-4.6e+11
dp[4][268]=-7.5e+11
dp[5][268]=-1.03e+12
dp[6][268]=-1.26e+12
dp[7][268]=-1.35e+12
dp[8][268]=-1.56e+12
dp[9][268]=-1.73e+12
dp[10][268]=-1.81e+12
dp[11][268]=-1.87e+12
dp[12][268]=-1.95e+12
dp[13][268]=-1.96e+12
dp[14][268]=-2.04e+12
dp[15][268]=-2.06e+12
dp[16][268]=-2.09e+12
Select best dp
Best k=16
Stratifying 6-th numerical feature ...
dp[2][268]=-205.393
dp[3][268]=-336.623
dp[4][268]=-371.953
dp[5][268]=-403.776
dp[6][268]=-421.744
dp[7][268]=-408.481
dp[8][268]=-389.22
dp[9][268]=-366.846
dp[10][268]=-326.274
dp[11][268]=-272.848
dp[12][268]=-211.65
dp[13][268]=-140.619
dp[14][268]=-68.2944
dp[15][268]=4.27516
dp[16][268]=89.4216
Select best dp
Best k=6
dp[2][268]=-10.8049
dp[3][268]=-3.5e+11
dp[4][268]=-7e+11
dp[5][268]=-9.1e+11
dp[6][268]=-1.14e+12
dp[7][268]=-1.41e+12
dp[8][268]=-1.57e+12
dp[9][268]=-1.85e+12
dp[10][268]=-1.85e+12
dp[11][268]=-1.85e+12
dp[12][268]=-1.85e+12
dp[13][268]=-1.85e+12
dp[14][268]=-1.82e+12
dp[15][268]=-1.73e+12
dp[16][268]=-1.25e+12
Select best dp
Best k=9
Stratifying 7-th numerical feature ...
dp[2][268]=212.599
dp[3][268]=318.899
dp[4][268]=425.198
dp[5][268]=531.498
dp[6][268]=637.797
dp[7][268]=744.097
dp[8][268]=850.396
dp[9][268]=956.696
dp[10][268]=1063
dp[11][268]=1169.29
dp[12][268]=1275.59
dp[13][268]=1381.89
dp[14][268]=1488.19
dp[15][268]=1594.49
dp[16][268]=1700.79
Select best dp
Best k=2
Stratifying 7-th numerical feature ...
dp[2][268]=100.897
dp[3][268]=-1.75e+11
dp[4][268]=-3.5e+11
dp[5][268]=-4.55e+11
dp[6][268]=-5.7e+11
dp[7][268]=-7.05e+11
dp[8][268]=-7.85e+11
dp[9][268]=-9.25e+11
dp[10][268]=-9.25e+11
dp[11][268]=-9.25e+11
dp[12][268]=-9.25e+11
dp[13][268]=-9.25e+11
dp[14][268]=-9.1e+11
dp[15][268]=-8.65e+11
dp[16][268]=-6.25e+11
Select best dp
Best k=9
Stratifying 7-th numerical feature ...
dp[2][268]=-205.393
dp[3][268]=-336.623
dp[4][268]=-371.953
dp[5][268]=-403.776
dp[6][268]=-421.744
dp[7][268]=-408.481
dp[8][268]=-389.22
dp[9][268]=-366.846
dp[10][268]=-326.274
dp[11][268]=-272.848
dp[12][268]=-211.65
dp[13][268]=-140.619
dp[14][268]=-68.2944
dp[15][268]=4.27516
dp[16][268]=89.4216
Select best dp
Best k=6
dp[2][268]=11.0433
dp[3][268]=-3.5e+11
dp[4][268]=-7e+11
dp[5][268]=-9.1e+11
dp[6][268]=-1.14e+12
dp[7][268]=-1.41e+12
dp[8][268]=-1.57e+12
dp[9][268]=-1.85e+12
dp[10][268]=-1.85e+12
dp[11][268]=-1.85e+12
dp[12][268]=-1.85e+12
dp[13][268]=-1.85e+12
dp[14][268]=-1.82e+12
dp[15][268]=-1.73e+12
dp[16][268]=-1.25e+12
Select best dp
Best k=9
Stratifying 7-th numerical feature ...
dp[2][268]=-10.8049
dp[3][268]=-3.5e+11
dp[4][268]=-7e+11
dp[5][268]=-9.1e+11
dp[6][268]=-1.14e+12
dp[7][268]=-1.41e+12
dp[8][268]=-1.57e+12
dp[9][268]=-1.85e+12
dp[10][268]=-1.96e+12
dp[11][268]=-2.07e+12
dp[12][268]=-2.17e+12
dp[13][268]=-2.28e+12
dp[14][268]=-2.33e+12
dp[15][268]=-2.4e+12
dp[16][268]=-2.4e+12
Select best dp
Best k=15
Stratifying 7-th numerical feature ...
dp[2][268]=3.60324
dp[3][268]=-8.8621
dp[4][268]=26.6225
dp[5][268]=63.8609
dp[6][268]=108.027
dp[7][268]=167.808
dp[8][268]=230.588
dp[9][268]=294.925
dp[10][268]=368.36
dp[11][268]=448.223
dp[12][268]=531.972
dp[13][268]=620.637
dp[14][268]=709.949
dp[15][268]=799.384
dp[16][268]=895.107
Select best dp
Best k=3
dp[2][268]=-205.393
dp[3][268]=-336.623
dp[4][268]=-371.953
dp[5][268]=-403.776
dp[6][268]=-421.744
dp[7][268]=-408.481
dp[8][268]=-389.22
dp[9][268]=-366.846
dp[10][268]=-326.274
dp[11][268]=-272.848
dp[12][268]=-211.65
dp[13][268]=-140.619
dp[14][268]=-68.2944
dp[15][268]=4.27516
dp[16][268]=89.4216
Select best dp
Best k=6
dp[2][268]=212.599
dp[3][268]=318.899
dp[4][268]=425.198
dp[5][268]=531.498
dp[6][268]=637.797
dp[7][268]=744.097
dp[8][268]=850.396
dp[9][268]=956.696
dp[10][268]=1063
dp[11][268]=1169.29
dp[12][268]=1275.59
dp[13][268]=1381.89
dp[14][268]=1488.19
dp[15][268]=1594.49
dp[16][268]=1700.79
Select best dp
Best k=2
dp[2][268]=-205.393
dp[3][268]=-7e+10
dp[4][268]=-1.2e+11
dp[5][268]=-1.4e+11
dp[6][268]=-1.9e+11
dp[7][268]=-2e+11
dp[8][268]=-2.5e+11
dp[9][268]=-2.5e+11
dp[10][268]=-3e+11
dp[11][268]=-3e+11
dp[12][268]=-3.5e+11
dp[13][268]=-3.5e+11
dp[14][268]=-4e+11
dp[15][268]=-4e+11
dp[16][268]=-4.5e+11
Select best dp
Best k=16
dp[2][268]=-155.642
dp[3][268]=-298.343
dp[4][268]=-341.211
dp[5][268]=-377.056
dp[6][268]=-398.334
dp[7][268]=-389.685
dp[8][268]=-372.388
dp[9][268]=-353.197
dp[10][268]=-322.35
dp[11][268]=-272.344
dp[12][268]=-214.219
dp[13][268]=-148.545
dp[14][268]=-82.2231
dp[15][268]=-15.477
dp[16][268]=68.4346
Select best dp
Best k=6
