Standardize ...
Stratifying 1-th numerical feature ...
Standardize ...
Stratifying 1-th numerical feature ...
Standardize ...
Stratifying 1-th numerical feature ...
Standardize ...
Stratifying 1-th numerical feature ...
Standardize ...
Stratifying 1-th numerical feature ...
Standardize ...
Stratifying 1-th numerical feature ...
Standardize ...
Stratifying 1-th numerical feature ...
Standardize ...
Stratifying 1-th numerical feature ...
Standardize ...
Stratifying 1-th numerical feature ...
Standardize ...
Stratifying 1-th numerical feature ...
Standardize ...
Stratifying 1-th numerical feature ...
Standardize ...
Stratifying 1-th numerical feature ...
Standardize ...
Stratifying 1-th numerical feature ...
Standardize ...
Stratifying 1-th numerical feature ...
dp[2][620]=-376.099
dp[3][620]=-630.855
dp[4][620]=-715.926
dp[5][620]=-733.328
dp[6][620]=-729.06
dp[7][620]=-668.554
dp[8][620]=-583.52
dp[9][620]=-482.413
dp[10][620]=-357.65
dp[11][620]=-211.413
dp[12][620]=-65.0169
dp[13][620]=81.4083
dp[14][620]=238.245
dp[15][620]=420.392
dp[16][620]=604.292
Select best dp
Best k=5
Stratifying 2-th numerical feature ...
dp[2][620]=-376.099
dp[3][620]=-630.855
dp[4][620]=-715.926
dp[5][620]=-733.328
dp[6][620]=-729.06
dp[7][620]=-668.554
dp[8][620]=-583.52
dp[9][620]=-482.413
dp[10][620]=-357.65
dp[11][620]=-214.452
dp[12][620]=-69.777
dp[13][620]=76.4598
dp[14][620]=233.383
dp[15][620]=406.129
dp[16][620]=579.596
dp[17][620]=757.526
dp[18][620]=942.072
dp[19][620]=1133.35
dp[20][620]=1325.08
dp[21][620]=1517.12
dp[22][620]=1719.25
dp[23][620]=1921.84
dp[24][620]=2155.48
Select best dp
Best k=5
Stratifying 2-th numerical feature ...
dp[2][620]=-376.099
dp[3][620]=-630.855
dp[4][620]=-715.926
dp[5][620]=-733.328
dp[6][620]=-729.06
dp[7][620]=-668.554
dp[8][620]=-583.52
dp[9][620]=-482.413
dp[10][620]=-357.65
dp[11][620]=-214.452
dp[12][620]=-69.777
dp[13][620]=76.4598
dp[14][620]=233.383
dp[15][620]=406.129
dp[16][620]=579.596
dp[17][620]=757.526
dp[18][620]=942.072
dp[19][620]=1133.35
dp[20][620]=1325.08
dp[21][620]=1517.12
dp[22][620]=1719.25
dp[23][620]=1921.84
dp[24][620]=2155.48
Select best dp
Best k=5
Stratifying 2-th numerical feature ...
dp[2][620]=-376.099
dp[3][620]=-630.855
dp[4][620]=-715.926
dp[5][620]=-733.328
dp[6][620]=-729.06
dp[7][620]=-668.554
dp[8][620]=-583.52
dp[9][620]=-482.413
dp[10][620]=-357.65
dp[11][620]=-214.452
dp[12][620]=-69.777
dp[13][620]=76.4598
dp[14][620]=233.383
dp[15][620]=406.129
dp[16][620]=579.596
dp[17][620]=757.526
dp[18][620]=942.072
dp[19][620]=1133.35
dp[20][620]=1325.08
dp[21][620]=1517.12
dp[22][620]=1719.25
dp[23][620]=1921.84
dp[24][620]=2155.48
Select best dp
Best k=5
Stratifying 2-th numerical feature ...
dp[2][620]=-376.099
dp[3][620]=-1.2e+11
dp[4][620]=-1.2e+11
dp[5][620]=-1.2e+11
dp[6][620]=-1.2e+11
dp[7][620]=-1.2e+11
dp[8][620]=-1.2e+11
dp[9][620]=-1.2e+11
dp[10][620]=-1.2e+11
dp[11][620]=-1.2e+11
dp[12][620]=-1.2e+11
dp[13][620]=-1.2e+11
dp[14][620]=-1.2e+11
dp[15][620]=-1.2e+11
dp[16][620]=-1.2e+11
dp[17][620]=-1.2e+11
dp[18][620]=-1.2e+11
dp[19][620]=-1.2e+11
dp[20][620]=-1.2e+11
dp[21][620]=-1.2e+11
dp[22][620]=-1.2e+11
dp[23][620]=-1.2e+11
dp[24][620]=-1.2e+11
Select best dp
Best k=6
Stratifying 2-th numerical feature ...
dp[2][620]=-376.099
dp[3][620]=-1.2e+11
dp[4][620]=-1.2e+11
dp[5][620]=-2e+11
dp[6][620]=-2e+11
dp[7][620]=-2.7e+11
dp[8][620]=-2.7e+11
dp[9][620]=-3.3e+11
dp[10][620]=-3.3e+11
dp[11][620]=-3.9e+11
dp[12][620]=-3.9e+11
dp[13][620]=-4.5e+11
dp[14][620]=-4.5e+11
dp[15][620]=-5e+11
dp[16][620]=-5e+11
dp[17][620]=-5.5e+11
dp[18][620]=-5.5e+11
dp[19][620]=-5.9e+11
dp[20][620]=-5.9e+11
dp[21][620]=-6.3e+11
dp[22][620]=-6.3e+11
dp[23][620]=-6.6e+11
dp[24][620]=-6.6e+11
Select best dp
Best k=24
Stratifying 2-th numerical feature ...
dp[2][620]=-667.74
dp[3][620]=-960.423
dp[4][620]=-1066.21
dp[5][620]=-1082.31
dp[6][620]=-1047.91
dp[7][620]=-1008.51
dp[8][620]=-933.428
dp[9][620]=-840.839
dp[10][620]=-729.472
dp[11][620]=-612.817
dp[12][620]=-495.037
dp[13][620]=-354.526
dp[14][620]=-188.327
dp[15][620]=-19.1182
dp[16][620]=172.928
Select best dp
Best k=5
Stratifying 3-th numerical feature ...
dp[2][620]=-376.099
dp[3][620]=-630.855
dp[4][620]=-715.926
dp[5][620]=-733.328
dp[6][620]=-729.06
dp[7][620]=-668.554
dp[8][620]=-583.52
dp[9][620]=-482.413
dp[10][620]=-357.65
dp[11][620]=-214.452
dp[12][620]=-69.777
dp[13][620]=76.4598
dp[14][620]=233.383
dp[15][620]=406.129
dp[16][620]=579.596
dp[17][620]=757.526
dp[18][620]=942.072
dp[19][620]=1133.35
dp[20][620]=1325.08
dp[21][620]=1517.12
dp[22][620]=1719.25
dp[23][620]=1921.84
dp[24][620]=2155.48
Select best dp
Best k=5
Stratifying 2-th numerical feature ...
dp[2][620]=514.506
dp[3][620]=771.76
dp[4][620]=1029.01
dp[5][620]=1286.27
dp[6][620]=1543.52
dp[7][620]=1800.77
dp[8][620]=2058.03
dp[9][620]=2315.28
dp[10][620]=2572.53
dp[11][620]=2829.79
dp[12][620]=3087.04
dp[13][620]=3344.29
dp[14][620]=3601.55
dp[15][620]=3858.8
dp[16][620]=4116.05
dp[17][620]=4373.31
dp[18][620]=4630.56
dp[19][620]=4887.81
dp[20][620]=5145.06
dp[21][620]=5402.32
dp[22][620]=5659.57
dp[23][620]=5916.82
dp[24][620]=6174.08
Select best dp
Best k=2
Stratifying 2-th numerical feature ...
dp[2][620]=-376.099
dp[3][620]=-630.855
dp[4][620]=-715.926
dp[5][620]=-733.328
dp[6][620]=-729.06
dp[7][620]=-668.554
dp[8][620]=-583.52
dp[9][620]=-482.413
dp[10][620]=-357.65
dp[11][620]=-214.452
dp[12][620]=-69.777
dp[13][620]=76.4598
dp[14][620]=233.383
dp[15][620]=406.129
dp[16][620]=579.596
dp[17][620]=757.526
dp[18][620]=942.072
dp[19][620]=1133.35
dp[20][620]=1325.08
dp[21][620]=1517.12
dp[22][620]=1719.25
dp[23][620]=1921.84
dp[24][620]=2155.48
Select best dp
Best k=5
Stratifying 2-th numerical feature ...
dp[2][620]=69.2038
dp[3][620]=70.4525
dp[4][620]=156.544
dp[5][620]=276.469
dp[6][620]=407.23
dp[7][620]=566.109
dp[8][620]=737.253
dp[9][620]=916.433
dp[10][620]=1107.44
dp[11][620]=1307.67
dp[12][620]=1508.63
dp[13][620]=1710.38
dp[14][620]=1917.46
dp[15][620]=2132.46
dp[16][620]=2347.82
dp[17][620]=2565.42
dp[18][620]=2786.32
dp[19][620]=3010.58
dp[20][620]=3235.07
dp[21][620]=3459.72
dp[22][620]=3689.41
dp[23][620]=3919.33
dp[24][620]=4164.78
Select best dp
Best k=2
dp[2][620]=-376.099
dp[3][620]=-630.855
dp[4][620]=-715.926
dp[5][620]=-733.328
dp[6][620]=-729.06
dp[7][620]=-668.554
dp[8][620]=-583.52
dp[9][620]=-482.413
dp[10][620]=-357.65
dp[11][620]=-214.452
dp[12][620]=-69.777
dp[13][620]=76.4598
dp[14][620]=233.383
dp[15][620]=406.129
dp[16][620]=579.596
dp[17][620]=757.526
dp[18][620]=942.072
dp[19][620]=1133.35
dp[20][620]=1325.08
dp[21][620]=1517.12
dp[22][620]=1719.25
dp[23][620]=1921.84
dp[24][620]=2155.48
Select best dp
Best k=5
Stratifying 2-th numerical feature ...
Stratifying 2-th numerical feature ...
dp[2][620]=-667.74
dp[3][620]=-960.423
dp[4][620]=-1066.21
dp[5][620]=-1082.31
dp[6][620]=-1047.91
dp[7][620]=-1008.51
dp[8][620]=-933.428
dp[9][620]=-840.839
dp[10][620]=-729.472
dp[11][620]=-612.817
dp[12][620]=-495.037
dp[13][620]=-354.526
dp[14][620]=-213.274
dp[15][620]=-63.1932
dp[16][620]=102.725
dp[17][620]=273.174
dp[18][620]=453.654
dp[19][620]=643.243
dp[20][620]=833.51
dp[21][620]=1026.28
dp[22][620]=1231.91
dp[23][620]=1466.19
dp[24][620]=1750.04
Select best dp
Best k=5
Stratifying 3-th numerical feature ...
dp[2][620]=-1266.7
dp[3][620]=-2033.47
dp[4][620]=-2460.86
dp[5][620]=-2752.92
dp[6][620]=-3001.64
dp[7][620]=-3137.88
dp[8][620]=-3225.07
dp[9][620]=-3280.1
dp[10][620]=-3287.83
dp[11][620]=-3258.69
dp[12][620]=-3226.59
dp[13][620]=-3191.37
dp[14][620]=-3134.78
dp[15][620]=-3046.54
dp[16][620]=-2956.86
dp[17][620]=-2858.25
dp[18][620]=-2746.41
dp[19][620]=-2621.11
dp[20][620]=-2494.9
dp[21][620]=-2368.08
dp[22][620]=-2221.08
dp[23][620]=-2073.15
dp[24][620]=-1863.12
Select best dp
Best k=10
Stratifying 2-th numerical feature ...
dp[2][620]=-667.74
dp[3][620]=-960.423
dp[4][620]=-1066.21
dp[5][620]=-1082.31
dp[6][620]=-1047.91
dp[7][620]=-1008.51
dp[8][620]=-933.428
dp[9][620]=-840.839
dp[10][620]=-729.472
dp[11][620]=-612.817
dp[12][620]=-495.037
dp[13][620]=-354.526
dp[14][620]=-213.274
dp[15][620]=-63.1932
dp[16][620]=102.725
dp[17][620]=273.174
dp[18][620]=453.654
dp[19][620]=643.243
dp[20][620]=833.51
dp[21][620]=1026.28
dp[22][620]=1231.91
dp[23][620]=1466.19
dp[24][620]=1750.04
Select best dp
Best k=5
Stratifying 3-th numerical feature ...
dp[2][620]=-667.74
dp[3][620]=-960.423
dp[4][620]=-1066.21
dp[5][620]=-1082.31
dp[6][620]=-1047.91
dp[7][620]=-1008.51
dp[8][620]=-933.428
dp[9][620]=-840.839
dp[10][620]=-729.472
dp[11][620]=-612.817
dp[12][620]=-495.037
dp[13][620]=-354.526
dp[14][620]=-213.274
dp[15][620]=-63.1932
dp[16][620]=102.725
dp[17][620]=273.174
dp[18][620]=453.654
dp[19][620]=643.243
dp[20][620]=833.51
dp[21][620]=1026.28
dp[22][620]=1231.91
dp[23][620]=1466.19
dp[24][620]=1750.04
Select best dp
Best k=5
Stratifying 3-th numerical feature ...
dp[2][620]=-6.4e+11
dp[3][620]=-6.4e+11
dp[4][620]=-6.4e+11
dp[5][620]=-6.4e+11
dp[6][620]=-6.4e+11
dp[7][620]=-6.4e+11
dp[8][620]=-6.4e+11
dp[9][620]=-6.4e+11
dp[10][620]=-6.4e+11
dp[11][620]=-6.4e+11
dp[12][620]=-6.4e+11
dp[13][620]=-6.4e+11
dp[14][620]=-6.4e+11
dp[15][620]=-6.4e+11
dp[16][620]=-6.4e+11
Select best dp
Best k=6
Stratifying 4-th numerical feature ...
dp[2][620]=-1.7e+11
dp[3][620]=-1.9e+11
dp[4][620]=-3.6e+11
dp[5][620]=-3.6e+11
dp[6][620]=-5.2e+11
dp[7][620]=-5.2e+11
dp[8][620]=-6.8e+11
dp[9][620]=-6.8e+11
dp[10][620]=-8.4e+11
dp[11][620]=-8.4e+11
dp[12][620]=-9.8e+11
dp[13][620]=-9.8e+11
dp[14][620]=-1.1e+12
dp[15][620]=-1.1e+12
dp[16][620]=-1.15e+12
dp[17][620]=-1.15e+12
dp[18][620]=-1.15e+12
dp[19][620]=-1.15e+12
dp[20][620]=-1.15e+12
dp[21][620]=-1.15e+12
dp[22][620]=-1.15e+12
dp[23][620]=-1.15e+12
dp[24][620]=-1.15e+12
Select best dp
Best k=16
Stratifying 3-th numerical feature ...
dp[2][620]=-6.4e+11
dp[3][620]=-9.4e+11
dp[4][620]=-9.7e+11
dp[5][620]=-1.27e+12
dp[6][620]=-1.27e+12
dp[7][620]=-1.57e+12
dp[8][620]=-1.57e+12
dp[9][620]=-1.83e+12
dp[10][620]=-1.83e+12
dp[11][620]=-1.83e+12
dp[12][620]=-1.83e+12
dp[13][620]=-1.83e+12
dp[14][620]=-1.83e+12
dp[15][620]=-1.83e+12
dp[16][620]=-1.83e+12
dp[17][620]=-1.83e+12
dp[18][620]=-1.83e+12
dp[19][620]=-1.83e+12
dp[20][620]=-1.83e+12
dp[21][620]=-1.83e+12
dp[22][620]=-1.8e+12
dp[23][620]=-1.74e+12
dp[24][620]=-1.46e+12
Select best dp
Best k=11
Stratifying 4-th numerical feature ...
dp[2][620]=-376.099
dp[3][620]=-1.2e+11
dp[4][620]=-1.2e+11
dp[5][620]=-1.2e+11
dp[6][620]=-1.2e+11
dp[7][620]=-1.2e+11
dp[8][620]=-1.2e+11
dp[9][620]=-1.2e+11
dp[10][620]=-1.2e+11
dp[11][620]=-1.2e+11
dp[12][620]=-1.2e+11
dp[13][620]=-1.2e+11
dp[14][620]=-1.2e+11
dp[15][620]=-1.2e+11
dp[16][620]=-1.2e+11
dp[17][620]=-1.2e+11
dp[18][620]=-1.2e+11
dp[19][620]=-1.2e+11
dp[20][620]=-1.2e+11
dp[21][620]=-1.2e+11
dp[22][620]=-1.2e+11
dp[23][620]=-1.2e+11
dp[24][620]=-1.2e+11
Select best dp
Best k=6
Stratifying 2-th numerical feature ...
dp[2][620]=-6.4e+11
dp[3][620]=-9.4e+11
dp[4][620]=-9.7e+11
dp[5][620]=-1.27e+12
dp[6][620]=-1.27e+12
dp[7][620]=-1.57e+12
dp[8][620]=-1.57e+12
dp[9][620]=-1.83e+12
dp[10][620]=-1.83e+12
dp[11][620]=-1.83e+12
dp[12][620]=-1.83e+12
dp[13][620]=-1.83e+12
dp[14][620]=-1.83e+12
dp[15][620]=-1.83e+12
dp[16][620]=-1.83e+12
dp[17][620]=-1.83e+12
dp[18][620]=-1.83e+12
dp[19][620]=-1.83e+12
dp[20][620]=-1.83e+12
dp[21][620]=-1.83e+12
dp[22][620]=-1.8e+12
dp[23][620]=-1.74e+12
dp[24][620]=-1.46e+12
Select best dp
Best k=11
Stratifying 4-th numerical feature ...
dp[2][620]=-6.4e+11
dp[3][620]=-9.4e+11
dp[4][620]=-9.7e+11
dp[5][620]=-1.27e+12
dp[6][620]=-1.27e+12
dp[7][620]=-1.57e+12
dp[8][620]=-1.57e+12
dp[9][620]=-1.83e+12
dp[10][620]=-1.83e+12
dp[11][620]=-1.83e+12
dp[12][620]=-1.83e+12
dp[13][620]=-1.83e+12
dp[14][620]=-1.83e+12
dp[15][620]=-1.83e+12
dp[16][620]=-1.83e+12
dp[17][620]=-1.83e+12
dp[18][620]=-1.83e+12
dp[19][620]=-1.83e+12
dp[20][620]=-1.83e+12
dp[21][620]=-1.83e+12
dp[22][620]=-1.8e+12
dp[23][620]=-1.74e+12
dp[24][620]=-1.46e+12
Select best dp
Best k=11
Stratifying 4-th numerical feature ...
dp[2][620]=-3.56e+12
dp[3][620]=-4.14e+12
dp[4][620]=-4.57e+12
dp[5][620]=-4.57e+12
dp[6][620]=-4.57e+12
dp[7][620]=-4.57e+12
dp[8][620]=-4.57e+12
dp[9][620]=-4.57e+12
dp[10][620]=-4.57e+12
dp[11][620]=-4.57e+12
dp[12][620]=-4.57e+12
dp[13][620]=-4.57e+12
dp[14][620]=-4.57e+12
dp[15][620]=-4.57e+12
dp[16][620]=-4.2e+12
Select best dp
Best k=4
Stratifying 5-th numerical feature ...
dp[2][620]=-1.7e+11
dp[3][620]=-2.2e+11
dp[4][620]=-3.6e+11
dp[5][620]=-4.2e+11
dp[6][620]=-5.2e+11
dp[7][620]=-5.8e+11
dp[8][620]=-6.8e+11
dp[9][620]=-7.4e+11
dp[10][620]=-8.4e+11
dp[11][620]=-9e+11
dp[12][620]=-9.8e+11
dp[13][620]=-1.04e+12
dp[14][620]=-1.1e+12
dp[15][620]=-1.18e+12
dp[16][620]=-1.24e+12
dp[17][620]=-1.3e+12
dp[18][620]=-1.36e+12
dp[19][620]=-1.41e+12
dp[20][620]=-1.47e+12
dp[21][620]=-1.52e+12
dp[22][620]=-1.57e+12
dp[23][620]=-1.63e+12
dp[24][620]=-1.68e+12
Select best dp
Best k=24
Stratifying 3-th numerical feature ...
dp[2][620]=514.506
dp[3][620]=771.76
dp[4][620]=1029.01
dp[5][620]=1286.27
dp[6][620]=1543.52
dp[7][620]=1800.77
dp[8][620]=2058.03
dp[9][620]=2315.28
dp[10][620]=2572.53
dp[11][620]=2829.79
dp[12][620]=3087.04
dp[13][620]=3344.29
dp[14][620]=3601.55
dp[15][620]=3858.8
dp[16][620]=4116.05
dp[17][620]=4373.31
dp[18][620]=4630.56
dp[19][620]=4887.81
dp[20][620]=5145.06
dp[21][620]=5402.32
dp[22][620]=5659.57
dp[23][620]=5916.82
dp[24][620]=6174.08
Select best dp
Best k=2
dp[2][620]=-667.74
dp[3][620]=-960.423
dp[4][620]=-1066.21
dp[5][620]=-1082.31
dp[6][620]=-1047.91
dp[7][620]=-1008.51
dp[8][620]=-933.428
dp[9][620]=-840.839
dp[10][620]=-729.472
dp[11][620]=-612.817
dp[12][620]=-495.037
dp[13][620]=-354.526
dp[14][620]=-213.274
dp[15][620]=-63.1932
dp[16][620]=102.725
dp[17][620]=273.174
dp[18][620]=453.654
dp[19][620]=643.243
dp[20][620]=833.51
dp[21][620]=1026.28
dp[22][620]=1231.91
dp[23][620]=1466.19
dp[24][620]=1750.04
Select best dp
Best k=5
Stratifying 3-th numerical feature ...
Stratifying 3-th numerical feature ...
dp[2][620]=-3.56e+12
dp[3][620]=-4.14e+12
dp[4][620]=-4.57e+12
dp[5][620]=-4.57e+12
dp[6][620]=-4.57e+12
dp[7][620]=-4.57e+12
dp[8][620]=-4.57e+12
dp[9][620]=-4.57e+12
dp[10][620]=-4.57e+12
dp[11][620]=-4.57e+12
dp[12][620]=-4.57e+12
dp[13][620]=-4.57e+12
dp[14][620]=-4.57e+12
dp[15][620]=-4.57e+12
dp[16][620]=-4.57e+12
dp[17][620]=-4.57e+12
dp[18][620]=-4.57e+12
dp[19][620]=-4.57e+12
dp[20][620]=-4.57e+12
dp[21][620]=-4.57e+12
dp[22][620]=-4.57e+12
dp[23][620]=-4.57e+12
dp[24][620]=-4.46e+12
Select best dp
Best k=4
Stratifying 5-th numerical feature ...
dp[2][620]=-76.617
dp[3][620]=-94.3317
dp[4][620]=-18.5979
dp[5][620]=101.978
dp[6][620]=247.804
dp[7][620]=396.132
dp[8][620]=562.299
dp[9][620]=737.22
dp[10][620]=921.53
dp[11][620]=1108.48
dp[12][620]=1296
dp[13][620]=1494.88
dp[14][620]=1694.14
dp[15][620]=1897.8
dp[16][620]=2109.39
dp[17][620]=2323.24
dp[18][620]=2542.11
dp[19][620]=2765.53
dp[20][620]=2989.29
dp[21][620]=3214.3
dp[22][620]=3445.74
dp[23][620]=3691.51
dp[24][620]=3962.06
Select best dp
Best k=3
dp[2][620]=-667.74
dp[3][620]=-960.423
dp[4][620]=-1066.21
dp[5][620]=-1082.31
dp[6][620]=-1047.91
dp[7][620]=-1008.51
dp[8][620]=-933.428
dp[9][620]=-840.839
dp[10][620]=-729.472
dp[11][620]=-612.817
dp[12][620]=-495.037
dp[13][620]=-354.526
dp[14][620]=-213.274
dp[15][620]=-63.1932
dp[16][620]=102.725
dp[17][620]=273.174
dp[18][620]=453.654
dp[19][620]=643.243
dp[20][620]=833.51
dp[21][620]=1026.28
dp[22][620]=1231.91
dp[23][620]=1466.19
dp[24][620]=1750.04
Select best dp
Best k=5
Stratifying 3-th numerical feature ...
dp[2][620]=-667.74
dp[3][620]=-960.423
dp[4][620]=-1066.21
dp[5][620]=-1082.31
dp[6][620]=-1047.91
dp[7][620]=-1008.51
dp[8][620]=-933.428
dp[9][620]=-840.839
dp[10][620]=-729.472
dp[11][620]=-612.817
dp[12][620]=-495.037
dp[13][620]=-354.526
dp[14][620]=-213.274
dp[15][620]=-63.1932
dp[16][620]=102.725
dp[17][620]=273.174
dp[18][620]=453.654
dp[19][620]=643.243
dp[20][620]=833.51
dp[21][620]=1026.28
dp[22][620]=1231.91
dp[23][620]=1466.19
dp[24][620]=1750.04
Select best dp
Best k=5
Stratifying 3-th numerical feature ...
Stratifying 3-th numerical feature ...
dp[2][620]=-3.56e+12
dp[3][620]=-4.14e+12
dp[4][620]=-4.57e+12
dp[5][620]=-4.57e+12
dp[6][620]=-4.57e+12
dp[7][620]=-4.57e+12
dp[8][620]=-4.57e+12
dp[9][620]=-4.57e+12
dp[10][620]=-4.57e+12
dp[11][620]=-4.57e+12
dp[12][620]=-4.57e+12
dp[13][620]=-4.57e+12
dp[14][620]=-4.57e+12
dp[15][620]=-4.57e+12
dp[16][620]=-4.57e+12
dp[17][620]=-4.57e+12
dp[18][620]=-4.57e+12
dp[19][620]=-4.57e+12
dp[20][620]=-4.57e+12
dp[21][620]=-4.57e+12
dp[22][620]=-4.57e+12
dp[23][620]=-4.57e+12
dp[24][620]=-4.46e+12
Select best dp
Best k=4
Stratifying 5-th numerical feature ...
dp[2][620]=-1849.99
dp[3][620]=-2692.61
dp[4][620]=-3161.43
dp[5][620]=-3450.89
dp[6][620]=-3639.34
dp[7][620]=-3817.79
dp[8][620]=-3924.88
dp[9][620]=-3996.96
dp[10][620]=-4031.48
dp[11][620]=-4055.42
dp[12][620]=-4077.11
dp[13][620]=-4053.34
dp[14][620]=-4028.09
dp[15][620]=-3985.19
dp[16][620]=-3910.6
dp[17][620]=-3826.96
dp[18][620]=-3723.25
dp[19][620]=-3601.33
dp[20][620]=-3478.05
dp[21][620]=-3349.75
dp[22][620]=-3195.76
dp[23][620]=-2984.45
dp[24][620]=-2674
Select best dp
Best k=12
Stratifying 3-th numerical feature ...
dp[2][620]=-3.56e+12
dp[3][620]=-4.14e+12
dp[4][620]=-4.57e+12
dp[5][620]=-4.57e+12
dp[6][620]=-4.57e+12
dp[7][620]=-4.57e+12
dp[8][620]=-4.57e+12
dp[9][620]=-4.57e+12
dp[10][620]=-4.57e+12
dp[11][620]=-4.57e+12
dp[12][620]=-4.57e+12
dp[13][620]=-4.57e+12
dp[14][620]=-4.57e+12
dp[15][620]=-4.57e+12
dp[16][620]=-4.57e+12
dp[17][620]=-4.57e+12
dp[18][620]=-4.57e+12
dp[19][620]=-4.57e+12
dp[20][620]=-4.57e+12
dp[21][620]=-4.57e+12
dp[22][620]=-4.57e+12
dp[23][620]=-4.57e+12
dp[24][620]=-4.46e+12
Select best dp
Best k=4
Stratifying 5-th numerical feature ...
dp[2][620]=-1.21e+12
dp[3][620]=-1.21e+12
dp[4][620]=-1.21e+12
dp[5][620]=-1.21e+12
dp[6][620]=-1.21e+12
dp[7][620]=-1.21e+12
dp[8][620]=-1.21e+12
dp[9][620]=-1.21e+12
dp[10][620]=-1.21e+12
dp[11][620]=-1.21e+12
dp[12][620]=-1.21e+12
dp[13][620]=-1.21e+12
dp[14][620]=-1.21e+12
dp[15][620]=-1.21e+12
dp[16][620]=-1.21e+12
Select best dp
Best k=5
Stratifying 6-th numerical feature ...
dp[2][620]=-6.4e+11
dp[3][620]=-9.4e+11
dp[4][620]=-1.16e+12
dp[5][620]=-1.39e+12
dp[6][620]=-1.59e+12
dp[7][620]=-1.72e+12
dp[8][620]=-1.89e+12
dp[9][620]=-2.02e+12
dp[10][620]=-2.15e+12
dp[11][620]=-2.28e+12
dp[12][620]=-2.4e+12
dp[13][620]=-2.51e+12
dp[14][620]=-2.63e+12
dp[15][620]=-2.68e+12
dp[16][620]=-2.8e+12
dp[17][620]=-2.83e+12
dp[18][620]=-2.95e+12
dp[19][620]=-2.95e+12
dp[20][620]=-3.07e+12
dp[21][620]=-3.07e+12
dp[22][620]=-3.07e+12
dp[23][620]=-3.07e+12
dp[24][620]=-3.07e+12
Select best dp
Best k=21
Stratifying 4-th numerical feature ...
dp[2][620]=-1.21e+12
dp[3][620]=-1.21e+12
dp[4][620]=-1.52e+12
dp[5][620]=-1.52e+12
dp[6][620]=-1.83e+12
dp[7][620]=-1.83e+12
dp[8][620]=-2.12e+12
dp[9][620]=-2.12e+12
dp[10][620]=-2.38e+12
dp[11][620]=-2.38e+12
dp[12][620]=-2.38e+12
dp[13][620]=-2.38e+12
dp[14][620]=-2.38e+12
dp[15][620]=-2.38e+12
dp[16][620]=-2.38e+12
dp[17][620]=-2.38e+12
dp[18][620]=-2.38e+12
dp[19][620]=-2.38e+12
dp[20][620]=-2.38e+12
dp[21][620]=-2.36e+12
dp[22][620]=-2.31e+12
dp[23][620]=-2.22e+12
dp[24][620]=-2.08e+12
Select best dp
Best k=11
Stratifying 6-th numerical feature ...
dp[2][620]=-2.62e+12
dp[3][620]=-2.62e+12
dp[4][620]=-2.62e+12
dp[5][620]=-2.62e+12
dp[6][620]=-2.62e+12
dp[7][620]=-2.62e+12
dp[8][620]=-2.62e+12
dp[9][620]=-2.62e+12
dp[10][620]=-2.62e+12
dp[11][620]=-2.62e+12
dp[12][620]=-2.62e+12
dp[13][620]=-2.62e+12
dp[14][620]=-2.62e+12
dp[15][620]=-2.62e+12
dp[16][620]=-2.62e+12
Select best dp
Best k=5
dp[2][620]=-1.21e+12
dp[3][620]=-1.21e+12
dp[4][620]=-1.52e+12
dp[5][620]=-1.52e+12
dp[6][620]=-1.83e+12
dp[7][620]=-1.83e+12
dp[8][620]=-2.12e+12
dp[9][620]=-2.12e+12
dp[10][620]=-2.38e+12
dp[11][620]=-2.38e+12
dp[12][620]=-2.38e+12
dp[13][620]=-2.38e+12
dp[14][620]=-2.38e+12
dp[15][620]=-2.38e+12
dp[16][620]=-2.38e+12
dp[17][620]=-2.38e+12
dp[18][620]=-2.38e+12
dp[19][620]=-2.38e+12
dp[20][620]=-2.38e+12
dp[21][620]=-2.36e+12
dp[22][620]=-2.31e+12
dp[23][620]=-2.22e+12
dp[24][620]=-2.08e+12
Select best dp
Best k=11
Stratifying 6-th numerical feature ...
dp[2][620]=-1.21e+12
dp[3][620]=-1.21e+12
dp[4][620]=-1.52e+12
dp[5][620]=-1.52e+12
dp[6][620]=-1.83e+12
dp[7][620]=-1.83e+12
dp[8][620]=-2.12e+12
dp[9][620]=-2.12e+12
dp[10][620]=-2.38e+12
dp[11][620]=-2.38e+12
dp[12][620]=-2.38e+12
dp[13][620]=-2.38e+12
dp[14][620]=-2.38e+12
dp[15][620]=-2.38e+12
dp[16][620]=-2.38e+12
dp[17][620]=-2.38e+12
dp[18][620]=-2.38e+12
dp[19][620]=-2.38e+12
dp[20][620]=-2.38e+12
dp[21][620]=-2.36e+12
dp[22][620]=-2.31e+12
dp[23][620]=-2.22e+12
dp[24][620]=-2.08e+12
Select best dp
Best k=11
Stratifying 6-th numerical feature ...
dp[2][620]=-6.4e+11
dp[3][620]=-9.4e+11
dp[4][620]=-1.16e+12
dp[5][620]=-1.39e+12
dp[6][620]=-1.59e+12
dp[7][620]=-1.72e+12
dp[8][620]=-1.91e+12
dp[9][620]=-2.02e+12
dp[10][620]=-2.21e+12
dp[11][620]=-2.31e+12
dp[12][620]=-2.47e+12
dp[13][620]=-2.57e+12
dp[14][620]=-2.7e+12
dp[15][620]=-2.8e+12
dp[16][620]=-2.87e+12
dp[17][620]=-2.97e+12
dp[18][620]=-3.02e+12
dp[19][620]=-3.12e+12
dp[20][620]=-3.17e+12
dp[21][620]=-3.24e+12
dp[22][620]=-3.29e+12
dp[23][620]=-3.36e+12
dp[24][620]=-3.41e+12
Select best dp
Best k=24
Stratifying 4-th numerical feature ...
dp[2][620]=-3.2e+11
dp[3][620]=-4.7e+11
dp[4][620]=-4.85e+11
dp[5][620]=-6.35e+11
dp[6][620]=-6.35e+11
dp[7][620]=-7.85e+11
dp[8][620]=-7.85e+11
dp[9][620]=-9.15e+11
dp[10][620]=-9.15e+11
dp[11][620]=-9.15e+11
dp[12][620]=-9.15e+11
dp[13][620]=-9.15e+11
dp[14][620]=-9.15e+11
dp[15][620]=-9.15e+11
dp[16][620]=-9.15e+11
dp[17][620]=-9.15e+11
dp[18][620]=-9.15e+11
dp[19][620]=-9.15e+11
dp[20][620]=-9.15e+11
dp[21][620]=-9.15e+11
dp[22][620]=-9e+11
dp[23][620]=-8.7e+11
dp[24][620]=-7.3e+11
Select best dp
Best k=10
Stratifying 4-th numerical feature ...
dp[2][620]=-3.56e+12
dp[3][620]=-4.14e+12
dp[4][620]=-4.57e+12
dp[5][620]=-4.81e+12
dp[6][620]=-4.94e+12
dp[7][620]=-5.1e+12
dp[8][620]=-5.3e+12
dp[9][620]=-5.46e+12
dp[10][620]=-5.47e+12
dp[11][620]=-5.63e+12
dp[12][620]=-5.63e+12
dp[13][620]=-5.63e+12
dp[14][620]=-5.63e+12
dp[15][620]=-5.63e+12
dp[16][620]=-5.63e+12
dp[17][620]=-5.63e+12
dp[18][620]=-5.63e+12
dp[19][620]=-5.63e+12
dp[20][620]=-5.63e+12
dp[21][620]=-5.63e+12
dp[22][620]=-5.63e+12
dp[23][620]=-5.63e+12
dp[24][620]=-5.63e+12
Select best dp
Best k=11
Stratifying 5-th numerical feature ...
dp[2][620]=514.506
dp[3][620]=771.76
dp[4][620]=1029.01
dp[5][620]=1286.27
dp[6][620]=1543.52
dp[7][620]=1800.77
dp[8][620]=2058.03
dp[9][620]=2315.28
dp[10][620]=2572.53
dp[11][620]=2829.79
dp[12][620]=3087.04
dp[13][620]=3344.29
dp[14][620]=3601.55
dp[15][620]=3858.8
dp[16][620]=4116.05
dp[17][620]=4373.31
dp[18][620]=4630.56
dp[19][620]=4887.81
dp[20][620]=5145.06
dp[21][620]=5402.32
dp[22][620]=5659.57
dp[23][620]=5916.82
dp[24][620]=6174.08
Select best dp
Best k=2
dp[2][620]=-6.4e+11
Stratifying 4-th numerical feature ...
dp[3][620]=-9.4e+11
dp[4][620]=-9.7e+11
dp[5][620]=-1.27e+12
dp[6][620]=-1.27e+12
dp[7][620]=-1.57e+12
dp[8][620]=-1.57e+12
dp[9][620]=-1.83e+12
dp[10][620]=-1.83e+12
dp[11][620]=-1.83e+12
dp[12][620]=-1.83e+12
dp[13][620]=-1.83e+12
dp[14][620]=-1.83e+12
dp[15][620]=-1.83e+12
dp[16][620]=-1.83e+12
dp[17][620]=-1.83e+12
dp[18][620]=-1.83e+12
dp[19][620]=-1.83e+12
dp[20][620]=-1.83e+12
dp[21][620]=-1.83e+12
dp[22][620]=-1.8e+12
dp[23][620]=-1.74e+12
dp[24][620]=-1.46e+12
Select best dp
Best k=11
Stratifying 4-th numerical feature ...
dp[2][620]=-6.4e+11
dp[3][620]=-9.4e+11
dp[4][620]=-9.7e+11
dp[5][620]=-1.27e+12
dp[6][620]=-1.27e+12
dp[7][620]=-1.57e+12
dp[8][620]=-1.57e+12
dp[9][620]=-1.83e+12
dp[10][620]=-1.83e+12
dp[11][620]=-1.83e+12
dp[12][620]=-1.83e+12
dp[13][620]=-1.83e+12
dp[14][620]=-1.83e+12
dp[15][620]=-1.83e+12
dp[16][620]=-1.83e+12
dp[17][620]=-1.83e+12
dp[18][620]=-1.83e+12
dp[19][620]=-1.83e+12
dp[20][620]=-1.83e+12
dp[21][620]=-1.83e+12
dp[22][620]=-1.8e+12
dp[23][620]=-1.74e+12
dp[24][620]=-1.46e+12
Select best dp
Best k=11
dp[2][620]=-2.62e+12
dp[3][620]=-2.89e+12
dp[4][620]=-2.89e+12
dp[5][620]=-2.89e+12
dp[6][620]=-2.89e+12
dp[7][620]=-2.89e+12
dp[8][620]=-2.89e+12
dp[9][620]=-2.89e+12
dp[10][620]=-2.89e+12
dp[11][620]=-2.89e+12
dp[12][620]=-2.89e+12
dp[13][620]=-2.89e+12
dp[14][620]=-2.89e+12
dp[15][620]=-2.89e+12
dp[16][620]=-2.89e+12
dp[17][620]=-2.89e+12
dp[18][620]=-2.89e+12
dp[19][620]=-2.89e+12
dp[20][620]=-2.89e+12
dp[21][620]=-2.89e+12
dp[22][620]=-2.89e+12
dp[23][620]=-2.89e+12
dp[24][620]=-2.89e+12
Select best dp
Best k=6
Stratifying 4-th numerical feature ...
dp[2][620]=-6.4e+11
dp[3][620]=-9.4e+11
dp[4][620]=-9.7e+11
dp[5][620]=-1.27e+12
dp[6][620]=-1.27e+12
dp[7][620]=-1.57e+12
dp[8][620]=-1.57e+12
dp[9][620]=-1.83e+12
dp[10][620]=-1.83e+12
dp[11][620]=-1.83e+12
dp[12][620]=-1.83e+12
dp[13][620]=-1.83e+12
dp[14][620]=-1.83e+12
dp[15][620]=-1.83e+12
dp[16][620]=-1.83e+12
dp[17][620]=-1.83e+12
dp[18][620]=-1.83e+12
dp[19][620]=-1.83e+12
dp[20][620]=-1.83e+12
dp[21][620]=-1.83e+12
dp[22][620]=-1.8e+12
dp[23][620]=-1.74e+12
dp[24][620]=-1.46e+12
Select best dp
Best k=11
Stratifying 4-th numerical feature ...
dp[2][620]=-1.28e+12
dp[3][620]=-1.88e+12
dp[4][620]=-1.94e+12
dp[5][620]=-2.54e+12
dp[6][620]=-2.54e+12
dp[7][620]=-3.14e+12
dp[8][620]=-3.14e+12
dp[9][620]=-3.66e+12
dp[10][620]=-3.66e+12
dp[11][620]=-3.66e+12
dp[12][620]=-3.66e+12
dp[13][620]=-3.66e+12
dp[14][620]=-3.66e+12
dp[15][620]=-3.66e+12
dp[16][620]=-3.66e+12
dp[17][620]=-3.66e+12
dp[18][620]=-3.66e+12
dp[19][620]=-3.66e+12
dp[20][620]=-3.66e+12
dp[21][620]=-3.66e+12
dp[22][620]=-3.6e+12
dp[23][620]=-3.48e+12
dp[24][620]=-2.92e+12
Select best dp
Best k=13
dp[2][620]=-2.62e+12
dp[3][620]=-2.89e+12
dp[4][620]=-2.89e+12
dp[5][620]=-2.89e+12
dp[6][620]=-2.89e+12
dp[7][620]=-2.89e+12
dp[8][620]=-2.89e+12
dp[9][620]=-2.89e+12
dp[10][620]=-2.89e+12
dp[11][620]=-2.89e+12
dp[12][620]=-2.89e+12
dp[13][620]=-2.89e+12
dp[14][620]=-2.89e+12
dp[15][620]=-2.89e+12
dp[16][620]=-2.89e+12
dp[17][620]=-2.89e+12
dp[18][620]=-2.89e+12
dp[19][620]=-2.89e+12
dp[20][620]=-2.89e+12
dp[21][620]=-2.89e+12
dp[22][620]=-2.89e+12
dp[23][620]=-2.89e+12
dp[24][620]=-2.89e+12
Select best dp
Best k=6
Stratifying 4-th numerical feature ...
dp[2][620]=-2.62e+12
dp[3][620]=-2.89e+12
dp[4][620]=-2.89e+12
dp[5][620]=-2.89e+12
dp[6][620]=-2.89e+12
dp[7][620]=-2.89e+12
dp[8][620]=-2.89e+12
dp[9][620]=-2.89e+12
dp[10][620]=-2.89e+12
dp[11][620]=-2.89e+12
dp[12][620]=-2.89e+12
dp[13][620]=-2.89e+12
dp[14][620]=-2.89e+12
dp[15][620]=-2.89e+12
dp[16][620]=-2.89e+12
dp[17][620]=-2.89e+12
dp[18][620]=-2.89e+12
dp[19][620]=-2.89e+12
dp[20][620]=-2.89e+12
dp[21][620]=-2.89e+12
dp[22][620]=-2.89e+12
dp[23][620]=-2.89e+12
dp[24][620]=-2.89e+12
Select best dp
Best k=6
dp[2][620]=-1.7e+11
dp[3][620]=-1.9e+11
dp[4][620]=-3.6e+11
dp[5][620]=-3.6e+11
dp[6][620]=-5.2e+11
dp[7][620]=-5.2e+11
dp[8][620]=-6.8e+11
dp[9][620]=-6.8e+11
dp[10][620]=-8.4e+11
dp[11][620]=-8.4e+11
dp[12][620]=-9.8e+11
dp[13][620]=-9.8e+11
dp[14][620]=-1.1e+12
dp[15][620]=-1.1e+12
dp[16][620]=-1.21e+12
dp[17][620]=-1.21e+12
dp[18][620]=-1.31e+12
dp[19][620]=-1.31e+12
dp[20][620]=-1.41e+12
dp[21][620]=-1.41e+12
dp[22][620]=-1.51e+12
dp[23][620]=-1.51e+12
dp[24][620]=-1.58e+12
Select best dp
Best k=24
Stratifying 3-th numerical feature ...
dp[2][620]=-1.78e+12
dp[3][620]=-2.07e+12
dp[4][620]=-2.285e+12
dp[5][620]=-2.285e+12
dp[6][620]=-2.285e+12
dp[7][620]=-2.285e+12
dp[8][620]=-2.285e+12
dp[9][620]=-2.285e+12
dp[10][620]=-2.285e+12
dp[11][620]=-2.285e+12
dp[12][620]=-2.285e+12
dp[13][620]=-2.285e+12
dp[14][620]=-2.285e+12
dp[15][620]=-2.285e+12
dp[16][620]=-2.285e+12
dp[17][620]=-2.285e+12
dp[18][620]=-2.285e+12
dp[19][620]=-2.285e+12
dp[20][620]=-2.285e+12
dp[21][620]=-2.285e+12
dp[22][620]=-2.285e+12
dp[23][620]=-2.285e+12
dp[24][620]=-2.23e+12
Select best dp
Best k=4
Stratifying 5-th numerical feature ...
dp[2][620]=-3.56e+12
dp[3][620]=-4.14e+12
dp[4][620]=-4.57e+12
dp[5][620]=-4.81e+12
dp[6][620]=-4.94e+12
dp[7][620]=-5.1e+12
dp[8][620]=-5.3e+12
dp[9][620]=-5.46e+12
dp[10][620]=-5.56e+12
dp[11][620]=-5.66e+12
dp[12][620]=-5.74e+12
dp[13][620]=-5.91e+12
dp[14][620]=-5.99e+12
dp[15][620]=-5.99e+12
dp[16][620]=-6.03e+12
dp[17][620]=-6.03e+12
dp[18][620]=-6.03e+12
dp[19][620]=-6.03e+12
dp[20][620]=-6.03e+12
dp[21][620]=-6.03e+12
dp[22][620]=-6.03e+12
dp[23][620]=-6.03e+12
dp[24][620]=-6.03e+12
Select best dp
Best k=16
Stratifying 5-th numerical feature ...
dp[2][620]=-3.56e+12
dp[3][620]=-4.14e+12
dp[4][620]=-4.57e+12
dp[5][620]=-4.57e+12
dp[6][620]=-4.57e+12
dp[7][620]=-4.57e+12
dp[8][620]=-4.57e+12
dp[9][620]=-4.57e+12
dp[10][620]=-4.57e+12
dp[11][620]=-4.57e+12
dp[12][620]=-4.57e+12
dp[13][620]=-4.57e+12
dp[14][620]=-4.57e+12
dp[15][620]=-4.57e+12
dp[16][620]=-4.57e+12
dp[17][620]=-4.57e+12
dp[18][620]=-4.57e+12
dp[19][620]=-4.57e+12
dp[20][620]=-4.57e+12
dp[21][620]=-4.57e+12
dp[22][620]=-4.57e+12
dp[23][620]=-4.57e+12
dp[24][620]=-4.46e+12
Select best dp
Best k=4
Stratifying 5-th numerical feature ...
dp[2][620]=-7.12e+12
dp[3][620]=-8.28e+12
dp[4][620]=-9.14e+12
dp[5][620]=-9.14e+12
dp[6][620]=-9.14e+12
dp[7][620]=-9.14e+12
dp[8][620]=-9.14e+12
dp[9][620]=-9.14e+12
dp[10][620]=-9.14e+12
dp[11][620]=-9.14e+12
dp[12][620]=-9.14e+12
dp[13][620]=-9.14e+12
dp[14][620]=-9.14e+12
dp[15][620]=-9.14e+12
dp[16][620]=-9.14e+12
dp[17][620]=-9.14e+12
dp[18][620]=-9.14e+12
dp[19][620]=-9.14e+12
dp[20][620]=-9.14e+12
dp[21][620]=-9.14e+12
dp[22][620]=-9.14e+12
dp[23][620]=-9.14e+12
dp[24][620]=-8.92e+12
Select best dp
Best k=7
Stratifying 5-th numerical feature ...
dp[2][620]=-3.56e+12
dp[3][620]=-4.14e+12
dp[4][620]=-4.57e+12
dp[5][620]=-4.57e+12
dp[6][620]=-4.57e+12
dp[7][620]=-4.57e+12
dp[8][620]=-4.57e+12
dp[9][620]=-4.57e+12
dp[10][620]=-4.57e+12
dp[11][620]=-4.57e+12
dp[12][620]=-4.57e+12
dp[13][620]=-4.57e+12
dp[14][620]=-4.57e+12
dp[15][620]=-4.57e+12
dp[16][620]=-4.57e+12
dp[17][620]=-4.57e+12
dp[18][620]=-4.57e+12
dp[19][620]=-4.57e+12
dp[20][620]=-4.57e+12
dp[21][620]=-4.57e+12
dp[22][620]=-4.57e+12
dp[23][620]=-4.57e+12
dp[24][620]=-4.46e+12
Select best dp
Best k=4
Stratifying 5-th numerical feature ...
dp[2][620]=-1.21e+12
dp[3][620]=-1.21e+12
dp[4][620]=-1.52e+12
dp[5][620]=-1.52e+12
dp[6][620]=-1.83e+12
dp[7][620]=-1.83e+12
dp[8][620]=-2.12e+12
dp[9][620]=-2.12e+12
dp[10][620]=-2.38e+12
dp[11][620]=-2.38e+12
dp[12][620]=-2.62e+12
dp[13][620]=-2.62e+12
dp[14][620]=-2.79e+12
dp[15][620]=-2.79e+12
dp[16][620]=-2.95e+12
dp[17][620]=-2.95e+12
dp[18][620]=-3.1e+12
dp[19][620]=-3.1e+12
dp[20][620]=-3.24e+12
dp[21][620]=-3.24e+12
dp[22][620]=-3.36e+12
dp[23][620]=-3.36e+12
dp[24][620]=-3.36e+12
Select best dp
Best k=22
Stratifying 6-th numerical feature ...
dp[2][620]=-6.05e+11
dp[3][620]=-6.05e+11
dp[4][620]=-7.6e+11
dp[5][620]=-7.6e+11
dp[6][620]=-9.15e+11
dp[7][620]=-9.15e+11
dp[8][620]=-1.06e+12
dp[9][620]=-1.06e+12
dp[10][620]=-1.19e+12
dp[11][620]=-1.19e+12
dp[12][620]=-1.19e+12
dp[13][620]=-1.19e+12
dp[14][620]=-1.19e+12
dp[15][620]=-1.19e+12
dp[16][620]=-1.19e+12
dp[17][620]=-1.19e+12
dp[18][620]=-1.19e+12
dp[19][620]=-1.19e+12
dp[20][620]=-1.19e+12
dp[21][620]=-1.18e+12
dp[22][620]=-1.155e+12
dp[23][620]=-1.11e+12
dp[24][620]=-1.04e+12
Select best dp
Best k=10
Stratifying 6-th numerical feature ...
dp[2][620]=190.364
dp[3][620]=-107.465
dp[4][620]=-224.638
dp[5][620]=-269.198
dp[6][620]=-271.127
dp[7][620]=-222.856
dp[8][620]=-155.13
dp[9][620]=-60.611
dp[10][620]=51.3523
dp[11][620]=186.893
dp[12][620]=320.46
dp[13][620]=456.185
dp[14][620]=606.136
dp[15][620]=768.066
dp[16][620]=933.175
dp[17][620]=1104.74
dp[18][620]=1280.72
dp[19][620]=1462.25
dp[20][620]=1647.6
dp[21][620]=1833.55
dp[22][620]=2029.5
dp[23][620]=2227.18
dp[24][620]=2447.5
Select best dp
Best k=6
Stratifying 2-th numerical feature ...
dp[2][620]=-3.56e+12
dp[3][620]=-4.14e+12
dp[4][620]=-4.57e+12
dp[5][620]=-4.57e+12
dp[6][620]=-4.57e+12
dp[7][620]=-4.57e+12
dp[8][620]=-4.57e+12
dp[9][620]=-4.57e+12
dp[10][620]=-4.57e+12
dp[11][620]=-4.57e+12
dp[12][620]=-4.57e+12
dp[13][620]=-4.57e+12
dp[14][620]=-4.57e+12
dp[15][620]=-4.57e+12
dp[16][620]=-4.57e+12
dp[17][620]=-4.57e+12
dp[18][620]=-4.57e+12
dp[19][620]=-4.57e+12
dp[20][620]=-4.57e+12
dp[21][620]=-4.57e+12
dp[22][620]=-4.57e+12
dp[23][620]=-4.57e+12
dp[24][620]=-4.46e+12
Select best dp
Best k=4
Stratifying 5-th numerical feature ...
dp[2][620]=514.506
dp[3][620]=771.76
dp[4][620]=1029.01
dp[5][620]=1286.27
dp[6][620]=1543.52
dp[7][620]=1800.77
dp[8][620]=2058.03
dp[9][620]=2315.28
dp[10][620]=2572.53
dp[11][620]=2829.79
dp[12][620]=3087.04
dp[13][620]=3344.29
dp[14][620]=3601.55
dp[15][620]=3858.8
dp[16][620]=4116.05
dp[17][620]=4373.31
dp[18][620]=4630.56
dp[19][620]=4887.81
dp[20][620]=5145.06
dp[21][620]=5402.32
dp[22][620]=5659.57
dp[23][620]=5916.82
dp[24][620]=6174.08
Select best dp
Best k=2
Stratifying 5-th numerical feature ...
dp[2][620]=-1.21e+12
dp[3][620]=-1.21e+12
dp[4][620]=-1.52e+12
dp[5][620]=-1.52e+12
dp[6][620]=-1.83e+12
dp[7][620]=-1.83e+12
dp[8][620]=-2.12e+12
dp[9][620]=-2.12e+12
dp[10][620]=-2.38e+12
dp[11][620]=-2.38e+12
dp[12][620]=-2.38e+12
dp[13][620]=-2.38e+12
dp[14][620]=-2.38e+12
dp[15][620]=-2.38e+12
dp[16][620]=-2.38e+12
dp[17][620]=-2.38e+12
dp[18][620]=-2.38e+12
dp[19][620]=-2.38e+12
dp[20][620]=-2.38e+12
dp[21][620]=-2.36e+12
dp[22][620]=-2.31e+12
dp[23][620]=-2.22e+12
dp[24][620]=-2.08e+12
Select best dp
Best k=11
Stratifying 6-th numerical feature ...
dp[2][620]=-2.42e+12
dp[3][620]=-2.42e+12
dp[4][620]=-3.04e+12
dp[5][620]=-3.04e+12
dp[6][620]=-3.66e+12
dp[7][620]=-3.66e+12
dp[8][620]=-4.24e+12
dp[9][620]=-4.24e+12
dp[10][620]=-4.76e+12
dp[11][620]=-4.76e+12
dp[12][620]=-4.76e+12
dp[13][620]=-4.76e+12
dp[14][620]=-4.76e+12
dp[15][620]=-4.76e+12
dp[16][620]=-4.76e+12
dp[17][620]=-4.76e+12
dp[18][620]=-4.76e+12
dp[19][620]=-4.76e+12
dp[20][620]=-4.76e+12
dp[21][620]=-4.72e+12
dp[22][620]=-4.62e+12
dp[23][620]=-4.44e+12
dp[24][620]=-4.16e+12
Select best dp
Best k=13
Stratifying 6-th numerical feature ...
dp[2][620]=-1.21e+12
dp[3][620]=-1.21e+12
dp[4][620]=-1.52e+12
dp[5][620]=-1.52e+12
dp[6][620]=-1.83e+12
dp[7][620]=-1.83e+12
dp[8][620]=-2.12e+12
dp[9][620]=-2.12e+12
dp[10][620]=-2.38e+12
dp[11][620]=-2.38e+12
dp[12][620]=-2.38e+12
dp[13][620]=-2.38e+12
dp[14][620]=-2.38e+12
dp[15][620]=-2.38e+12
dp[16][620]=-2.38e+12
dp[17][620]=-2.38e+12
dp[18][620]=-2.38e+12
dp[19][620]=-2.38e+12
dp[20][620]=-2.38e+12
dp[21][620]=-2.36e+12
dp[22][620]=-2.31e+12
dp[23][620]=-2.22e+12
dp[24][620]=-2.08e+12
Select best dp
Best k=11
Stratifying 6-th numerical feature ...
dp[2][620]=-1.31e+12
dp[3][620]=-1.445e+12
dp[4][620]=-1.445e+12
dp[5][620]=-1.445e+12
dp[6][620]=-1.445e+12
dp[7][620]=-1.445e+12
dp[8][620]=-1.445e+12
dp[9][620]=-1.445e+12
dp[10][620]=-1.445e+12
dp[11][620]=-1.445e+12
dp[12][620]=-1.445e+12
dp[13][620]=-1.445e+12
dp[14][620]=-1.445e+12
dp[15][620]=-1.445e+12
dp[16][620]=-1.445e+12
dp[17][620]=-1.445e+12
dp[18][620]=-1.445e+12
dp[19][620]=-1.445e+12
dp[20][620]=-1.445e+12
dp[21][620]=-1.445e+12
dp[22][620]=-1.445e+12
dp[23][620]=-1.445e+12
dp[24][620]=-1.445e+12
Select best dp
Best k=5
dp[2][620]=-1.21e+12
dp[3][620]=-1.21e+12
dp[4][620]=-1.52e+12
dp[5][620]=-1.52e+12
dp[6][620]=-1.83e+12
dp[7][620]=-1.83e+12
dp[8][620]=-2.12e+12
dp[9][620]=-2.12e+12
dp[10][620]=-2.41e+12
dp[11][620]=-2.41e+12
dp[12][620]=-2.67e+12
dp[13][620]=-2.67e+12
dp[14][620]=-2.84e+12
dp[15][620]=-2.84e+12
dp[16][620]=-3e+12
dp[17][620]=-3e+12
dp[18][620]=-3.15e+12
dp[19][620]=-3.15e+12
dp[20][620]=-3.29e+12
dp[21][620]=-3.29e+12
dp[22][620]=-3.41e+12
dp[23][620]=-3.41e+12
dp[24][620]=-3.52e+12
Select best dp
Best k=24
Stratifying 6-th numerical feature ...
dp[2][620]=-2.62e+12
dp[3][620]=-2.89e+12
dp[4][620]=-2.89e+12
dp[5][620]=-2.89e+12
dp[6][620]=-2.89e+12
dp[7][620]=-2.89e+12
dp[8][620]=-2.89e+12
dp[9][620]=-2.89e+12
dp[10][620]=-2.89e+12
dp[11][620]=-2.89e+12
dp[12][620]=-2.89e+12
dp[13][620]=-2.89e+12
dp[14][620]=-2.89e+12
dp[15][620]=-2.89e+12
dp[16][620]=-2.89e+12
dp[17][620]=-2.89e+12
dp[18][620]=-2.89e+12
dp[19][620]=-2.89e+12
dp[20][620]=-2.89e+12
dp[21][620]=-2.89e+12
dp[22][620]=-2.89e+12
dp[23][620]=-2.89e+12
dp[24][620]=-2.89e+12
Select best dp
Best k=6
dp[2][620]=-2.62e+12
dp[3][620]=-2.89e+12
dp[4][620]=-2.89e+12
dp[5][620]=-2.89e+12
dp[6][620]=-2.89e+12
dp[7][620]=-2.89e+12
dp[8][620]=-2.89e+12
dp[9][620]=-2.89e+12
dp[10][620]=-2.89e+12
dp[11][620]=-2.89e+12
dp[12][620]=-2.89e+12
dp[13][620]=-2.89e+12
dp[14][620]=-2.89e+12
dp[15][620]=-2.89e+12
dp[16][620]=-2.89e+12
dp[17][620]=-2.89e+12
dp[18][620]=-2.89e+12
dp[19][620]=-2.89e+12
dp[20][620]=-2.89e+12
dp[21][620]=-2.89e+12
dp[22][620]=-2.89e+12
dp[23][620]=-2.89e+12
dp[24][620]=-2.89e+12
Select best dp
Best k=6
dp[2][620]=-5.24e+12
dp[3][620]=-5.78e+12
dp[4][620]=-5.78e+12
dp[5][620]=-5.78e+12
dp[6][620]=-5.78e+12
dp[7][620]=-5.78e+12
dp[8][620]=-5.78e+12
dp[9][620]=-5.78e+12
dp[10][620]=-5.78e+12
dp[11][620]=-5.78e+12
dp[12][620]=-5.78e+12
dp[13][620]=-5.78e+12
dp[14][620]=-5.78e+12
dp[15][620]=-5.78e+12
dp[16][620]=-5.78e+12
dp[17][620]=-5.78e+12
dp[18][620]=-5.78e+12
dp[19][620]=-5.78e+12
dp[20][620]=-5.78e+12
dp[21][620]=-5.78e+12
dp[22][620]=-5.78e+12
dp[23][620]=-5.78e+12
dp[24][620]=-5.78e+12
Select best dp
Best k=9
dp[2][620]=-2.62e+12
dp[3][620]=-2.89e+12
dp[4][620]=-2.89e+12
dp[5][620]=-2.89e+12
dp[6][620]=-2.89e+12
dp[7][620]=-2.89e+12
dp[8][620]=-2.89e+12
dp[9][620]=-2.89e+12
dp[10][620]=-2.89e+12
dp[11][620]=-2.89e+12
dp[12][620]=-2.89e+12
dp[13][620]=-2.89e+12
dp[14][620]=-2.89e+12
dp[15][620]=-2.89e+12
dp[16][620]=-2.89e+12
dp[17][620]=-2.89e+12
dp[18][620]=-2.89e+12
dp[19][620]=-2.89e+12
dp[20][620]=-2.89e+12
dp[21][620]=-2.89e+12
dp[22][620]=-2.89e+12
dp[23][620]=-2.89e+12
dp[24][620]=-2.89e+12
Select best dp
Best k=6
dp[2][620]=-6.4e+11
dp[3][620]=-9.4e+11
dp[4][620]=-1.16e+12
dp[5][620]=-1.39e+12
dp[6][620]=-1.59e+12
dp[7][620]=-1.72e+12
dp[8][620]=-1.89e+12
dp[9][620]=-2.02e+12
dp[10][620]=-2.16e+12
dp[11][620]=-2.28e+12
dp[12][620]=-2.42e+12
dp[13][620]=-2.52e+12
dp[14][620]=-2.65e+12
dp[15][620]=-2.75e+12
dp[16][620]=-2.82e+12
dp[17][620]=-2.92e+12
dp[18][620]=-2.97e+12
dp[19][620]=-3.07e+12
dp[20][620]=-3.09e+12
dp[21][620]=-3.19e+12
dp[22][620]=-3.2e+12
dp[23][620]=-3.3e+12
dp[24][620]=-3.3e+12
Select best dp
Best k=23
Stratifying 4-th numerical feature ...
dp[2][620]=-1.21e+12
dp[3][620]=-1.21e+12
dp[4][620]=-1.52e+12
dp[5][620]=-1.52e+12
dp[6][620]=-1.83e+12
dp[7][620]=-1.83e+12
dp[8][620]=-2.12e+12
dp[9][620]=-2.12e+12
dp[10][620]=-2.38e+12
dp[11][620]=-2.38e+12
dp[12][620]=-2.38e+12
dp[13][620]=-2.38e+12
dp[14][620]=-2.38e+12
dp[15][620]=-2.38e+12
dp[16][620]=-2.38e+12
dp[17][620]=-2.38e+12
dp[18][620]=-2.38e+12
dp[19][620]=-2.38e+12
dp[20][620]=-2.38e+12
dp[21][620]=-2.36e+12
dp[22][620]=-2.31e+12
dp[23][620]=-2.22e+12
dp[24][620]=-2.08e+12
Select best dp
Best k=11
Stratifying 6-th numerical feature ...
dp[2][620]=514.506
dp[3][620]=771.76
dp[4][620]=1029.01
dp[5][620]=1286.27
dp[6][620]=1543.52
dp[7][620]=1800.77
dp[8][620]=2058.03
dp[9][620]=2315.28
dp[10][620]=2572.53
dp[11][620]=2829.79
dp[12][620]=3087.04
dp[13][620]=3344.29
dp[14][620]=3601.55
dp[15][620]=3858.8
dp[16][620]=4116.05
dp[17][620]=4373.31
dp[18][620]=4630.56
dp[19][620]=4887.81
dp[20][620]=5145.06
dp[21][620]=5402.32
dp[22][620]=5659.57
dp[23][620]=5916.82
dp[24][620]=6174.08
Select best dp
Best k=2
Stratifying 6-th numerical feature ...
dp[2][620]=-2.62e+12
dp[3][620]=-2.89e+12
dp[4][620]=-2.89e+12
dp[5][620]=-2.89e+12
dp[6][620]=-2.89e+12
dp[7][620]=-2.89e+12
dp[8][620]=-2.89e+12
dp[9][620]=-2.89e+12
dp[10][620]=-2.89e+12
dp[11][620]=-2.89e+12
dp[12][620]=-2.89e+12
dp[13][620]=-2.89e+12
dp[14][620]=-2.89e+12
dp[15][620]=-2.89e+12
dp[16][620]=-2.89e+12
dp[17][620]=-2.89e+12
dp[18][620]=-2.89e+12
dp[19][620]=-2.89e+12
dp[20][620]=-2.89e+12
dp[21][620]=-2.89e+12
dp[22][620]=-2.89e+12
dp[23][620]=-2.89e+12
dp[24][620]=-2.89e+12
Select best dp
Best k=6
dp[2][620]=514.506
dp[3][620]=771.76
dp[4][620]=1029.01
dp[5][620]=1286.27
dp[6][620]=1543.52
dp[7][620]=1800.77
dp[8][620]=2058.03
dp[9][620]=2315.28
dp[10][620]=2572.53
dp[11][620]=2829.79
dp[12][620]=3087.04
dp[13][620]=3344.29
dp[14][620]=3601.55
dp[15][620]=3858.8
dp[16][620]=4116.05
dp[17][620]=4373.31
dp[18][620]=4630.56
dp[19][620]=4887.81
dp[20][620]=5145.06
dp[21][620]=5402.32
dp[22][620]=5659.57
dp[23][620]=5916.82
dp[24][620]=6174.08
Select best dp
Best k=2
dp[2][620]=-2.62e+12
dp[3][620]=-2.89e+12
dp[4][620]=-2.98e+12
dp[5][620]=-3.04e+12
dp[6][620]=-3.09e+12
dp[7][620]=-3.17e+12
dp[8][620]=-3.23e+12
dp[9][620]=-3.27e+12
dp[10][620]=-3.33e+12
dp[11][620]=-3.35e+12
dp[12][620]=-3.41e+12
dp[13][620]=-3.41e+12
dp[14][620]=-3.47e+12
dp[15][620]=-3.47e+12
dp[16][620]=-3.52e+12
dp[17][620]=-3.52e+12
dp[18][620]=-3.57e+12
dp[19][620]=-3.57e+12
dp[20][620]=-3.62e+12
dp[21][620]=-3.62e+12
dp[22][620]=-3.62e+12
dp[23][620]=-3.62e+12
dp[24][620]=-3.62e+12
Select best dp
Best k=21
dp[2][620]=-3.56e+12
dp[3][620]=-4.14e+12
dp[4][620]=-4.57e+12
dp[5][620]=-4.81e+12
dp[6][620]=-4.94e+12
dp[7][620]=-5.1e+12
dp[8][620]=-5.3e+12
dp[9][620]=-5.46e+12
dp[10][620]=-5.56e+12
dp[11][620]=-5.66e+12
dp[12][620]=-5.73e+12
dp[13][620]=-5.81e+12
dp[14][620]=-5.81e+12
dp[15][620]=-5.81e+12
dp[16][620]=-5.81e+12
dp[17][620]=-5.81e+12
dp[18][620]=-5.81e+12
dp[19][620]=-5.81e+12
dp[20][620]=-5.81e+12
dp[21][620]=-5.81e+12
dp[22][620]=-5.81e+12
dp[23][620]=-5.81e+12
dp[24][620]=-5.81e+12
Select best dp
Best k=13
Stratifying 5-th numerical feature ...
dp[2][620]=-1.21e+12
dp[3][620]=-1.21e+12
dp[4][620]=-1.52e+12
dp[5][620]=-1.52e+12
dp[6][620]=-1.83e+12
dp[7][620]=-1.83e+12
dp[8][620]=-2.12e+12
dp[9][620]=-2.12e+12
dp[10][620]=-2.4e+12
dp[11][620]=-2.4e+12
dp[12][620]=-2.66e+12
dp[13][620]=-2.66e+12
dp[14][620]=-2.83e+12
dp[15][620]=-2.83e+12
dp[16][620]=-2.99e+12
dp[17][620]=-2.99e+12
dp[18][620]=-3.14e+12
dp[19][620]=-3.14e+12
dp[20][620]=-3.28e+12
dp[21][620]=-3.28e+12
dp[22][620]=-3.4e+12
dp[23][620]=-3.4e+12
dp[24][620]=-3.42e+12
Select best dp
Best k=24
Stratifying 6-th numerical feature ...
dp[2][620]=-197.416
dp[3][620]=-530.575
dp[4][620]=-643.733
dp[5][620]=-675.661
dp[6][620]=-663.594
dp[7][620]=-646.614
dp[8][620]=-591.203
dp[9][620]=-501.881
dp[10][620]=-399.733
dp[11][620]=-291.468
dp[12][620]=-179.449
dp[13][620]=-45.9303
dp[14][620]=91.1476
dp[15][620]=234.768
dp[16][620]=396.252
dp[17][620]=558.172
dp[18][620]=732.02
dp[19][620]=916.657
dp[20][620]=1101.53
dp[21][620]=1286.83
dp[22][620]=1477.92
dp[23][620]=1710.47
dp[24][620]=1993.95
Select best dp
Best k=5
Stratifying 3-th numerical feature ...
dp[2][620]=-2.62e+12
dp[3][620]=-2.89e+12
dp[4][620]=-2.89e+12
dp[5][620]=-2.99e+12
dp[6][620]=-2.99e+12
dp[7][620]=-2.99e+12
dp[8][620]=-2.99e+12
dp[9][620]=-2.99e+12
dp[10][620]=-2.99e+12
dp[11][620]=-2.99e+12
dp[12][620]=-2.99e+12
dp[13][620]=-2.99e+12
dp[14][620]=-2.99e+12
dp[15][620]=-2.99e+12
dp[16][620]=-2.99e+12
dp[17][620]=-2.99e+12
dp[18][620]=-2.99e+12
dp[19][620]=-2.99e+12
dp[20][620]=-2.99e+12
dp[21][620]=-2.99e+12
dp[22][620]=-2.99e+12
dp[23][620]=-2.99e+12
dp[24][620]=-2.99e+12
Select best dp
Best k=7
dp[2][620]=-6.4e+11
dp[3][620]=-9.4e+11
dp[4][620]=-9.7e+11
dp[5][620]=-1.27e+12
dp[6][620]=-1.27e+12
dp[7][620]=-1.57e+12
dp[8][620]=-1.57e+12
dp[9][620]=-1.83e+12
dp[10][620]=-1.83e+12
dp[11][620]=-1.83e+12
dp[12][620]=-1.83e+12
dp[13][620]=-1.83e+12
dp[14][620]=-1.83e+12
dp[15][620]=-1.83e+12
dp[16][620]=-1.83e+12
dp[17][620]=-1.83e+12
dp[18][620]=-1.83e+12
dp[19][620]=-1.83e+12
dp[20][620]=-1.83e+12
dp[21][620]=-1.83e+12
dp[22][620]=-1.8e+12
dp[23][620]=-1.74e+12
dp[24][620]=-1.46e+12
Select best dp
Best k=11
Stratifying 4-th numerical feature ...
dp[2][620]=-3.56e+12
dp[3][620]=-4.14e+12
dp[4][620]=-4.57e+12
dp[5][620]=-4.57e+12
dp[6][620]=-4.57e+12
dp[7][620]=-4.57e+12
dp[8][620]=-4.57e+12
dp[9][620]=-4.57e+12
dp[10][620]=-4.57e+12
dp[11][620]=-4.57e+12
dp[12][620]=-4.57e+12
dp[13][620]=-4.57e+12
dp[14][620]=-4.57e+12
dp[15][620]=-4.57e+12
dp[16][620]=-4.57e+12
dp[17][620]=-4.57e+12
dp[18][620]=-4.57e+12
dp[19][620]=-4.57e+12
dp[20][620]=-4.57e+12
dp[21][620]=-4.57e+12
dp[22][620]=-4.57e+12
dp[23][620]=-4.57e+12
dp[24][620]=-4.46e+12
Select best dp
Best k=4
Stratifying 5-th numerical feature ...
dp[2][620]=-1.21e+12
dp[3][620]=-1.21e+12
dp[4][620]=-1.52e+12
dp[5][620]=-1.52e+12
dp[6][620]=-1.83e+12
dp[7][620]=-1.83e+12
dp[8][620]=-2.12e+12
dp[9][620]=-2.12e+12
dp[10][620]=-2.38e+12
dp[11][620]=-2.38e+12
dp[12][620]=-2.38e+12
dp[13][620]=-2.38e+12
dp[14][620]=-2.38e+12
dp[15][620]=-2.38e+12
dp[16][620]=-2.38e+12
dp[17][620]=-2.38e+12
dp[18][620]=-2.38e+12
dp[19][620]=-2.38e+12
dp[20][620]=-2.38e+12
dp[21][620]=-2.36e+12
dp[22][620]=-2.31e+12
dp[23][620]=-2.22e+12
dp[24][620]=-2.08e+12
Select best dp
Best k=11
Stratifying 6-th numerical feature ...
dp[2][620]=-2.62e+12
dp[3][620]=-2.89e+12
dp[4][620]=-2.89e+12
dp[5][620]=-2.89e+12
dp[6][620]=-2.89e+12
dp[7][620]=-2.89e+12
dp[8][620]=-2.89e+12
dp[9][620]=-2.89e+12
dp[10][620]=-2.89e+12
dp[11][620]=-2.89e+12
dp[12][620]=-2.89e+12
dp[13][620]=-2.89e+12
dp[14][620]=-2.89e+12
dp[15][620]=-2.89e+12
dp[16][620]=-2.89e+12
dp[17][620]=-2.89e+12
dp[18][620]=-2.89e+12
dp[19][620]=-2.89e+12
dp[20][620]=-2.89e+12
dp[21][620]=-2.89e+12
dp[22][620]=-2.89e+12
dp[23][620]=-2.89e+12
dp[24][620]=-2.89e+12
Select best dp
Best k=6
