Standardize ...
Stratifying 1-th numerical feature ...
Standardize ...
Stratifying 1-th numerical feature ...
Standardize ...
Stratifying 1-th numerical feature ...
Standardize ...
Stratifying 1-th numerical feature ...
Standardize ...
Stratifying 1-th numerical feature ...
Standardize ...
Stratifying 1-th numerical feature ...
Standardize ...
Stratifying 1-th numerical feature ...
Standardize ...
Stratifying 1-th numerical feature ...
Standardize ...
Stratifying 1-th numerical feature ...
Standardize ...
Stratifying 1-th numerical feature ...
Standardize ...
Stratifying 1-th numerical feature ...
Standardize ...
Stratifying 1-th numerical feature ...
Standardize ...
Stratifying 1-th numerical feature ...
Standardize ...
Stratifying 1-th numerical feature ...
dp[2][422]=-704.221
dp[3][422]=-1145.15
dp[4][422]=-1528.94
dp[5][422]=-1698.63
dp[6][422]=-1860.31
dp[7][422]=-1971.27
dp[8][422]=-2059.41
dp[9][422]=-2108.09
dp[10][422]=-2129.69
dp[11][422]=-2134.45
dp[12][422]=-2121.85
dp[13][422]=-2107.26
dp[14][422]=-2086.2
dp[15][422]=-2059.23
dp[16][422]=-2031.71
dp[17][422]=-1986.88
dp[18][422]=-1923.57
dp[19][422]=-1730.57
dp[20][422]=-1500.08
Select best dp
Best k=11
Stratifying 2-th numerical feature ...
dp[2][422]=-188.831
dp[3][422]=-327.657
dp[4][422]=-437.914
dp[5][422]=-441.118
dp[6][422]=-440.318
dp[7][422]=-414.156
dp[8][422]=-376.589
dp[9][422]=-319.29
dp[10][422]=-248.449
dp[11][422]=-169.192
dp[12][422]=-81.2526
dp[13][422]=7.6838
dp[14][422]=99.851
dp[15][422]=194.976
dp[16][422]=290.376
dp[17][422]=394.43
dp[18][422]=507.726
dp[19][422]=685.868
dp[20][422]=882.749
Select best dp
Best k=5
dp[2][422]=-188.831
dp[3][422]=-327.657
dp[4][422]=-437.914
dp[5][422]=-441.118
dp[6][422]=-440.318
dp[7][422]=-414.156
dp[8][422]=-376.589
dp[9][422]=-319.29
dp[10][422]=-248.449
dp[11][422]=-169.192
dp[12][422]=-81.2526
dp[13][422]=7.6838
dp[14][422]=99.851
dp[15][422]=194.976
dp[16][422]=290.376
dp[17][422]=394.43
dp[18][422]=507.726
dp[19][422]=685.868
dp[20][422]=882.749
Select best dp
Best k=5
Stratifying 2-th numerical feature ...
Stratifying 2-th numerical feature ...
dp[2][422]=-188.831
dp[3][422]=-327.657
dp[4][422]=-437.914
dp[5][422]=-441.118
dp[6][422]=-440.318
dp[7][422]=-414.156
dp[8][422]=-376.589
dp[9][422]=-319.29
dp[10][422]=-248.449
dp[11][422]=-169.192
dp[12][422]=-81.2526
dp[13][422]=7.6838
dp[14][422]=99.851
dp[15][422]=194.976
dp[16][422]=290.376
dp[17][422]=394.43
dp[18][422]=507.726
dp[19][422]=685.868
dp[20][422]=882.749
Select best dp
Best k=5
dp[2][422]=-188.831
dp[3][422]=-327.657
dp[4][422]=-437.914
dp[5][422]=-441.118
dp[6][422]=-440.318
dp[7][422]=-414.156
dp[8][422]=-376.589
dp[9][422]=-319.29
dp[10][422]=-248.449
dp[11][422]=-169.192
dp[12][422]=-81.2526
dp[13][422]=7.6838
dp[14][422]=99.851
dp[15][422]=194.976
dp[16][422]=290.376
dp[17][422]=394.43
dp[18][422]=507.726
dp[19][422]=685.868
dp[20][422]=882.749
Select best dp
Best k=5
Stratifying 2-th numerical feature ...
Stratifying 2-th numerical feature ...
dp[2][422]=-188.831
dp[3][422]=-327.657
dp[4][422]=-437.914
dp[5][422]=-441.118
dp[6][422]=-440.318
dp[7][422]=-414.156
dp[8][422]=-376.589
dp[9][422]=-319.29
dp[10][422]=-248.449
dp[11][422]=-167.49
dp[12][422]=-66.8769
dp[13][422]=36.066
Select best dp
Best k=5
Stratifying 2-th numerical feature ...
dp[2][422]=-188.831
dp[3][422]=-1.1e+11
dp[4][422]=-1.6e+11
dp[5][422]=-2.2e+11
dp[6][422]=-2.8e+11
dp[7][422]=-3.3e+11
dp[8][422]=-3.9e+11
dp[9][422]=-4.4e+11
dp[10][422]=-5e+11
dp[11][422]=-5.5e+11
dp[12][422]=-6.1e+11
dp[13][422]=-6.6e+11
dp[14][422]=-7.1e+11
dp[15][422]=-7.7e+11
dp[16][422]=-8.2e+11
dp[17][422]=-8.7e+11
dp[18][422]=-9.2e+11
dp[19][422]=-9.7e+11
dp[20][422]=-1.02e+12
Select best dp
Best k=20
Stratifying 2-th numerical feature ...
dp[2][422]=326.558
dp[3][422]=489.837
dp[4][422]=653.116
dp[5][422]=816.395
dp[6][422]=979.674
dp[7][422]=1142.95
dp[8][422]=1306.23
dp[9][422]=1469.51
dp[10][422]=1632.79
dp[11][422]=1796.07
dp[12][422]=1959.35
dp[13][422]=2122.63
dp[14][422]=2285.91
dp[15][422]=2449.19
dp[16][422]=2612.46
dp[17][422]=2775.74
dp[18][422]=2939.02
dp[19][422]=3102.3
dp[20][422]=3265.58
Select best dp
Best k=2
Stratifying 2-th numerical feature ...
dp[2][422]=-4056.7
dp[3][422]=-4863.53
dp[4][422]=-5290.09
dp[5][422]=-5583.76
dp[6][422]=-5795.47
dp[7][422]=-5931.48
dp[8][422]=-6067.65
dp[9][422]=-6133.06
dp[10][422]=-6182.45
dp[11][422]=-6185.8
dp[12][422]=-6180.87
dp[13][422]=-6166.51
dp[14][422]=-6148.99
dp[15][422]=-6127.4
dp[16][422]=-6089.12
dp[17][422]=-6047.99
dp[18][422]=-5973.57
dp[19][422]=-5837.74
dp[20][422]=-5606.27
Select best dp
Best k=11
Stratifying 3-th numerical feature ...
dp[2][422]=68.8634
dp[3][422]=81.0902
dp[4][422]=107.601
dp[5][422]=187.639
dp[6][422]=269.678
dp[7][422]=364.399
dp[8][422]=464.822
dp[9][422]=575.111
dp[10][422]=692.171
dp[11][422]=813.439
dp[12][422]=939.048
dp[13][422]=1065.16
dp[14][422]=1192.88
dp[15][422]=1322.08
dp[16][422]=1451.42
dp[17][422]=1585.09
dp[18][422]=1723.37
dp[19][422]=1894.08
dp[20][422]=2074.16
Select best dp
Best k=2
dp[2][422]=-1865.07
dp[3][422]=-2186.85
dp[4][422]=-2318.49
dp[5][422]=-2383.68
dp[6][422]=-2407.9
dp[7][422]=-2394.26
dp[8][422]=-2380.71
dp[9][422]=-2331.77
dp[10][422]=-2274.83
dp[11][422]=-2194.87
dp[12][422]=-2110.76
dp[13][422]=-2021.94
dp[14][422]=-1931.54
dp[15][422]=-1839.11
dp[16][422]=-1738.33
dp[17][422]=-1636.12
dp[18][422]=-1517.27
dp[19][422]=-1367.72
dp[20][422]=-1170.34
Select best dp
Best k=6
Stratifying 2-th numerical feature ...
dp[2][422]=-1865.07
dp[3][422]=-2186.85
dp[4][422]=-2318.49
dp[5][422]=-2383.68
dp[6][422]=-2407.9
dp[7][422]=-2394.26
dp[8][422]=-2380.71
dp[9][422]=-2331.77
dp[10][422]=-2274.83
dp[11][422]=-2194.87
dp[12][422]=-2110.76
dp[13][422]=-2021.94
dp[14][422]=-1931.54
dp[15][422]=-1839.11
dp[16][422]=-1738.33
dp[17][422]=-1636.12
dp[18][422]=-1517.27
dp[19][422]=-1367.72
dp[20][422]=-1170.34
Select best dp
Best k=6
Stratifying 3-th numerical feature ...
dp[2][422]=-1865.07
dp[3][422]=-2186.85
dp[4][422]=-2318.49
dp[5][422]=-2383.68
dp[6][422]=-2407.9
dp[7][422]=-2394.26
dp[8][422]=-2380.71
dp[9][422]=-2331.77
dp[10][422]=-2274.83
dp[11][422]=-2194.87
dp[12][422]=-2110.76
dp[13][422]=-2021.94
dp[14][422]=-1931.54
dp[15][422]=-1839.11
dp[16][422]=-1738.33
dp[17][422]=-1636.12
dp[18][422]=-1517.27
dp[19][422]=-1367.72
dp[20][422]=-1170.34
Select best dp
Best k=6
Stratifying 3-th numerical feature ...
Stratifying 3-th numerical feature ...
dp[2][422]=-1865.07
dp[3][422]=-2186.85
dp[4][422]=-2318.49
dp[5][422]=-2383.68
dp[6][422]=-2407.9
dp[7][422]=-2394.26
dp[8][422]=-2380.71
dp[9][422]=-2331.77
dp[10][422]=-2274.83
dp[11][422]=-2194.87
dp[12][422]=-2110.76
dp[13][422]=-2021.94
dp[14][422]=-1931.54
dp[15][422]=-1839.11
dp[16][422]=-1738.33
dp[17][422]=-1636.12
dp[18][422]=-1517.27
dp[19][422]=-1367.72
dp[20][422]=-1170.34
Select best dp
Best k=6
dp[2][422]=-188.831
dp[3][422]=-327.657
dp[4][422]=-437.914
dp[5][422]=-441.118
dp[6][422]=-440.318
dp[7][422]=-414.156
dp[8][422]=-376.589
dp[9][422]=-319.29
dp[10][422]=-248.449
dp[11][422]=-169.192
dp[12][422]=-81.2526
dp[13][422]=7.6838
dp[14][422]=99.851
dp[15][422]=194.976
dp[16][422]=290.376
dp[17][422]=394.43
dp[18][422]=507.726
dp[19][422]=685.868
dp[20][422]=882.749
Select best dp
Best k=5
Stratifying 3-th numerical feature ...
Stratifying 2-th numerical feature ...
dp[2][422]=-188.831
dp[3][422]=-327.657
dp[4][422]=-437.914
dp[5][422]=-441.118
dp[6][422]=-440.318
dp[7][422]=-414.156
dp[8][422]=-376.589
dp[9][422]=-319.29
dp[10][422]=-248.449
dp[11][422]=-169.192
dp[12][422]=-81.2526
dp[13][422]=7.6838
dp[14][422]=99.851
dp[15][422]=194.976
dp[16][422]=290.376
dp[17][422]=394.43
dp[18][422]=507.726
dp[19][422]=685.868
dp[20][422]=882.749
Select best dp
Best k=5
Stratifying 2-th numerical feature ...
dp[2][422]=-564.559
dp[3][422]=-5e+11
dp[4][422]=-9.4e+11
dp[5][422]=-9.6e+11
dp[6][422]=-1.4e+12
dp[7][422]=-1.82e+12
dp[8][422]=-1.82e+12
dp[9][422]=-1.82e+12
dp[10][422]=-1.82e+12
dp[11][422]=-1.82e+12
dp[12][422]=-1.82e+12
dp[13][422]=-1.82e+12
dp[14][422]=-1.82e+12
dp[15][422]=-1.82e+12
dp[16][422]=-1.82e+12
dp[17][422]=-1.82e+12
dp[18][422]=-1.82e+12
dp[19][422]=-1.82e+12
dp[20][422]=-1211.72
Select best dp
Best k=14
dp[2][422]=-119
dp[3][422]=-2.5e+11
dp[4][422]=-4.7e+11
dp[5][422]=-4.8e+11
dp[6][422]=-7e+11
dp[7][422]=-9.1e+11
dp[8][422]=-9.1e+11
dp[9][422]=-9.1e+11
dp[10][422]=-9.1e+11
dp[11][422]=-9.1e+11
dp[12][422]=-9.1e+11
dp[13][422]=-9.1e+11
dp[14][422]=-9.1e+11
dp[15][422]=-9.1e+11
dp[16][422]=-9.1e+11
dp[17][422]=-9.1e+11
dp[18][422]=-9.1e+11
dp[19][422]=-9.1e+11
dp[20][422]=1026.93
Select best dp
Best k=9
dp[2][422]=-119
dp[3][422]=-2.5e+11
dp[4][422]=-4.7e+11
dp[5][422]=-4.8e+11
dp[6][422]=-7e+11
dp[7][422]=-9.1e+11
dp[8][422]=-9.1e+11
dp[9][422]=-9.1e+11
dp[10][422]=-9.1e+11
dp[11][422]=-9.1e+11
dp[12][422]=-9.1e+11
dp[13][422]=-9.1e+11
dp[14][422]=-9.1e+11
dp[15][422]=-9.1e+11
dp[16][422]=-9.1e+11
dp[17][422]=-9.1e+11
dp[18][422]=-9.1e+11
dp[19][422]=-9.1e+11
dp[20][422]=1026.93
Select best dp
Best k=9
dp[2][422]=-119
dp[3][422]=-2.5e+11
dp[4][422]=-4.7e+11
dp[5][422]=-4.8e+11
dp[6][422]=-7e+11
dp[7][422]=-9.1e+11
dp[8][422]=-9.1e+11
dp[9][422]=-9.1e+11
dp[10][422]=-9.1e+11
dp[11][422]=-9.1e+11
dp[12][422]=-9.1e+11
dp[13][422]=-9.1e+11
dp[14][422]=-9.1e+11
dp[15][422]=-9.1e+11
dp[16][422]=-9.1e+11
dp[17][422]=-9.1e+11
dp[18][422]=-9.1e+11
dp[19][422]=-9.1e+11
dp[20][422]=1026.93
Select best dp
Best k=9
dp[2][422]=-119
dp[3][422]=-2.5e+11
dp[4][422]=-4.7e+11
dp[5][422]=-4.8e+11
dp[6][422]=-7e+11
dp[7][422]=-9.1e+11
dp[8][422]=-9.1e+11
dp[9][422]=-9.1e+11
dp[10][422]=-9.1e+11
dp[11][422]=-9.1e+11
dp[12][422]=-9.1e+11
dp[13][422]=-9.1e+11
dp[14][422]=-9.1e+11
dp[15][422]=-9.1e+11
dp[16][422]=-9.1e+11
dp[17][422]=-9.1e+11
dp[18][422]=-9.1e+11
dp[19][422]=-9.1e+11
dp[20][422]=1026.93
Select best dp
Best k=9
dp[2][422]=-1843.83
dp[3][422]=-2153.45
dp[4][422]=-2282.92
dp[5][422]=-2338.22
dp[6][422]=-2355.18
dp[7][422]=-2341.94
dp[8][422]=-2319.6
dp[9][422]=-2269.73
dp[10][422]=-2212.31
dp[11][422]=-2125.42
dp[12][422]=-2031.9
dp[13][422]=-1923.47
Select best dp
Best k=6
Stratifying 3-th numerical feature ...
dp[2][422]=-188.831
dp[3][422]=-1.1e+11
dp[4][422]=-1.1e+11
dp[5][422]=-2.2e+11
dp[6][422]=-2.2e+11
dp[7][422]=-3.2e+11
dp[8][422]=-3.2e+11
dp[9][422]=-3.2e+11
dp[10][422]=-3.2e+11
dp[11][422]=-3.2e+11
dp[12][422]=-3.2e+11
dp[13][422]=-3.2e+11
dp[14][422]=-3.2e+11
dp[15][422]=-3.2e+11
dp[16][422]=-3.2e+11
dp[17][422]=-3.2e+11
dp[18][422]=-3.2e+11
dp[19][422]=-3.2e+11
dp[20][422]=-3.2e+11
Select best dp
Best k=8
Stratifying 2-th numerical feature ...
dp[2][422]=-188.831
dp[3][422]=-1.1e+11
dp[4][422]=-1.1e+11
dp[5][422]=-2.2e+11
dp[6][422]=-2.2e+11
dp[7][422]=-3.2e+11
dp[8][422]=-3.2e+11
dp[9][422]=-3.2e+11
dp[10][422]=-3.2e+11
dp[11][422]=-3.2e+11
dp[12][422]=-3.2e+11
dp[13][422]=-3.2e+11
dp[14][422]=-3.2e+11
dp[15][422]=-3.2e+11
dp[16][422]=-3.2e+11
dp[17][422]=-3.2e+11
dp[18][422]=-3.2e+11
dp[19][422]=-3.2e+11
dp[20][422]=-3.2e+11
Select best dp
Best k=8
Stratifying 2-th numerical feature ...
dp[2][422]=-1865.07
dp[3][422]=-2186.85
dp[4][422]=-2318.49
dp[5][422]=-2383.68
dp[6][422]=-2407.9
dp[7][422]=-2394.26
dp[8][422]=-2380.71
dp[9][422]=-2331.77
dp[10][422]=-2274.83
dp[11][422]=-2194.87
dp[12][422]=-2110.76
dp[13][422]=-2021.94
dp[14][422]=-1931.54
dp[15][422]=-1839.11
dp[16][422]=-1738.33
dp[17][422]=-1636.12
dp[18][422]=-1517.27
dp[19][422]=-1367.72
dp[20][422]=-1170.34
Select best dp
Best k=6
Stratifying 3-th numerical feature ...
dp[2][422]=-1865.07
dp[3][422]=-2186.85
dp[4][422]=-2318.49
dp[5][422]=-2383.68
dp[6][422]=-2407.9
dp[7][422]=-2394.26
dp[8][422]=-2380.71
dp[9][422]=-2331.77
dp[10][422]=-2274.83
dp[11][422]=-2194.87
dp[12][422]=-2110.76
dp[13][422]=-2021.94
dp[14][422]=-1931.54
dp[15][422]=-1839.11
dp[16][422]=-1738.33
dp[17][422]=-1636.12
dp[18][422]=-1517.27
dp[19][422]=-1367.72
dp[20][422]=-1170.34
Select best dp
Best k=6
dp[2][422]=-1879.04
dp[3][422]=-1.5e+11
dp[4][422]=-2.1e+11
dp[5][422]=-2.8e+11
dp[6][422]=-3.6e+11
dp[7][422]=-4.1e+11
dp[8][422]=-4.9e+11
dp[9][422]=-5.5e+11
dp[10][422]=-6.1e+11
dp[11][422]=-6.7e+11
dp[12][422]=-7.3e+11
dp[13][422]=-7.9e+11
dp[14][422]=-8.5e+11
dp[15][422]=-9e+11
dp[16][422]=-9.7e+11
dp[17][422]=-1.02e+12
dp[18][422]=-1.08e+12
dp[19][422]=-1.14e+12
dp[20][422]=-1.2e+12
Select best dp
Best k=20
Stratifying 3-th numerical feature ...
Stratifying 3-th numerical feature ...
dp[2][422]=326.558
dp[3][422]=489.837
dp[4][422]=653.116
dp[5][422]=816.395
dp[6][422]=979.674
dp[7][422]=1142.95
dp[8][422]=1306.23
dp[9][422]=1469.51
dp[10][422]=1632.79
dp[11][422]=1796.07
dp[12][422]=1959.35
dp[13][422]=2122.63
dp[14][422]=2285.91
dp[15][422]=2449.19
dp[16][422]=2612.46
dp[17][422]=2775.74
dp[18][422]=2939.02
dp[19][422]=3102.3
dp[20][422]=3265.58
Select best dp
Best k=2
Stratifying 3-th numerical feature ...
dp[2][422]=-769.257
dp[3][422]=-848.505
dp[4][422]=-832.686
dp[5][422]=-783.644
dp[6][422]=-714.112
dp[7][422]=-625.654
dp[8][422]=-537.239
dp[9][422]=-431.13
dp[10][422]=-321.021
dp[11][422]=-199.398
dp[12][422]=-75.7054
dp[13][422]=50.3444
dp[14][422]=177.182
dp[15][422]=305.04
dp[16][422]=437.069
dp[17][422]=569.81
dp[18][422]=710.875
dp[19][422]=867.292
dp[20][422]=1047.62
Select best dp
Best k=3
Stratifying 3-th numerical feature ...
dp[2][422]=-119
dp[3][422]=-2.5e+11
dp[4][422]=-4.7e+11
dp[5][422]=-4.8e+11
dp[6][422]=-7e+11
dp[7][422]=-9.1e+11
dp[8][422]=-9.1e+11
dp[9][422]=-9.1e+11
dp[10][422]=-9.1e+11
dp[11][422]=-9.1e+11
dp[12][422]=-9.1e+11
dp[13][422]=-9.1e+11
dp[14][422]=-9.1e+11
dp[15][422]=-9.1e+11
dp[16][422]=-9.1e+11
dp[17][422]=-9.1e+11
dp[18][422]=-9.1e+11
dp[19][422]=-9.1e+11
dp[20][422]=1026.93
Select best dp
Best k=9
dp[2][422]=-119
dp[3][422]=-2.5e+11
dp[4][422]=-4.7e+11
dp[5][422]=-4.8e+11
dp[6][422]=-7e+11
dp[7][422]=-9.1e+11
dp[8][422]=-9.1e+11
dp[9][422]=-9.1e+11
dp[10][422]=-9.1e+11
dp[11][422]=-9.1e+11
dp[12][422]=-9.1e+11
dp[13][422]=-9.1e+11
dp[14][422]=-9.1e+11
dp[15][422]=-9.1e+11
dp[16][422]=-9.1e+11
dp[17][422]=-9.1e+11
dp[18][422]=-9.1e+11
dp[19][422]=-9.1e+11
dp[20][422]=1026.93
Select best dp
Best k=9
dp[2][422]=326.558
dp[3][422]=489.837
dp[4][422]=653.116
dp[5][422]=816.395
dp[6][422]=979.674
dp[7][422]=1142.95
dp[8][422]=1306.23
dp[9][422]=1469.51
dp[10][422]=1632.79
dp[11][422]=1796.07
dp[12][422]=1959.35
dp[13][422]=2122.63
dp[14][422]=2285.91
dp[15][422]=2449.19
dp[16][422]=2612.46
dp[17][422]=2775.74
dp[18][422]=2939.02
dp[19][422]=3102.3
dp[20][422]=3265.58
Select best dp
Best k=2
dp[2][422]=-119
dp[3][422]=-305.235
dp[4][422]=-363.076
dp[5][422]=-396.15
dp[6][422]=-416.262
dp[7][422]=-382.88
dp[8][422]=-347.008
dp[9][422]=-298.724
dp[10][422]=-225.519
dp[11][422]=-143.977
dp[12][422]=-16.4115
dp[13][422]=132.951
Select best dp
Best k=6
dp[2][422]=-1879.04
dp[3][422]=-1.5e+11
dp[4][422]=-1.5e+11
dp[5][422]=-2.8e+11
dp[6][422]=-2.8e+11
dp[7][422]=-4e+11
dp[8][422]=-4e+11
dp[9][422]=-5.1e+11
dp[10][422]=-5.1e+11
dp[11][422]=-5.1e+11
dp[12][422]=-5.1e+11
dp[13][422]=-5.1e+11
dp[14][422]=-5.1e+11
dp[15][422]=-5.1e+11
dp[16][422]=-5.1e+11
dp[17][422]=-5.1e+11
dp[18][422]=-5.1e+11
dp[19][422]=-5.1e+11
dp[20][422]=-5.1e+11
Select best dp
Best k=12
Stratifying 3-th numerical feature ...
dp[2][422]=103.779
dp[3][422]=-1.25e+11
dp[4][422]=-2.35e+11
dp[5][422]=-2.4e+11
dp[6][422]=-3.5e+11
dp[7][422]=-4.55e+11
dp[8][422]=-4.55e+11
dp[9][422]=-4.55e+11
dp[10][422]=-4.55e+11
dp[11][422]=-4.55e+11
dp[12][422]=-4.55e+11
dp[13][422]=-4.55e+11
dp[14][422]=-4.55e+11
dp[15][422]=-4.55e+11
dp[16][422]=-4.55e+11
dp[17][422]=-4.55e+11
dp[18][422]=-4.55e+11
dp[19][422]=-4.55e+11
dp[20][422]=2146.26
Select best dp
Best k=7
dp[2][422]=-119
dp[3][422]=-2.5e+11
dp[4][422]=-4.7e+11
dp[5][422]=-6.8e+11
dp[6][422]=-9.1e+11
dp[7][422]=-1.12e+12
dp[8][422]=-1.32e+12
dp[9][422]=-1.51e+12
dp[10][422]=-1.65e+12
dp[11][422]=-1.84e+12
dp[12][422]=-2.02e+12
dp[13][422]=-2.17e+12
dp[14][422]=-2.24e+12
dp[15][422]=-2.34e+12
dp[16][422]=-2.47e+12
dp[17][422]=-2.62e+12
dp[18][422]=-2.74e+12
dp[19][422]=-2.88e+12
dp[20][422]=-3.01e+12
Select best dp
Best k=20
dp[2][422]=-1879.04
dp[3][422]=-1.5e+11
dp[4][422]=-1.5e+11
dp[5][422]=-2.8e+11
dp[6][422]=-2.8e+11
dp[7][422]=-4e+11
dp[8][422]=-4e+11
dp[9][422]=-5.1e+11
dp[10][422]=-5.1e+11
dp[11][422]=-5.1e+11
dp[12][422]=-5.1e+11
dp[13][422]=-5.1e+11
dp[14][422]=-5.1e+11
dp[15][422]=-5.1e+11
dp[16][422]=-5.1e+11
dp[17][422]=-5.1e+11
dp[18][422]=-5.1e+11
dp[19][422]=-5.1e+11
dp[20][422]=-5.1e+11
Select best dp
Best k=12
Stratifying 3-th numerical feature ...
dp[2][422]=-119
dp[3][422]=-2.5e+11
dp[4][422]=-4.7e+11
dp[5][422]=-6.8e+11
dp[6][422]=-9.1e+11
dp[7][422]=-1.12e+12
dp[8][422]=-1.32e+12
dp[9][422]=-1.51e+12
dp[10][422]=-1.65e+12
dp[11][422]=-1.84e+12
dp[12][422]=-2.02e+12
dp[13][422]=-2.17e+12
dp[14][422]=-2.19e+12
dp[15][422]=-2.34e+12
dp[16][422]=-2.47e+12
dp[17][422]=-2.62e+12
dp[18][422]=-2.74e+12
dp[19][422]=-2.88e+12
dp[20][422]=-3.01e+12
Select best dp
Best k=20
dp[2][422]=-119
dp[3][422]=-2.5e+11
dp[4][422]=-4.7e+11
dp[5][422]=-6.8e+11
dp[6][422]=-9.1e+11
dp[7][422]=-1.12e+12
dp[8][422]=-1.32e+12
dp[9][422]=-1.51e+12
dp[10][422]=-1.65e+12
dp[11][422]=-1.84e+12
dp[12][422]=-2.02e+12
dp[13][422]=-2.17e+12
dp[14][422]=-2.19e+12
dp[15][422]=-2.34e+12
dp[16][422]=-2.47e+12
dp[17][422]=-2.62e+12
dp[18][422]=-2.74e+12
dp[19][422]=-2.88e+12
dp[20][422]=-3.01e+12
Select best dp
Best k=20
dp[2][422]=103.068
dp[3][422]=-95.9297
dp[4][422]=-168.091
dp[5][422]=-199.31
dp[6][422]=-206.692
dp[7][422]=-212.105
dp[8][422]=-201.799
dp[9][422]=-169.886
dp[10][422]=-107.843
dp[11][422]=-39.0143
dp[12][422]=38.2131
dp[13][422]=124.872
dp[14][422]=214.495
dp[15][422]=306.748
dp[16][422]=400.868
dp[17][422]=500.846
dp[18][422]=613.788
dp[19][422]=795.501
dp[20][422]=997.843
Select best dp
Best k=7
Stratifying 2-th numerical feature ...
dp[2][422]=-1545.12
dp[3][422]=-1901.85
dp[4][422]=-2043.02
dp[5][422]=-2119.52
dp[6][422]=-2149.21
dp[7][422]=-2138.13
dp[8][422]=-2127.58
dp[9][422]=-2081.23
dp[10][422]=-2025.58
dp[11][422]=-1948.91
dp[12][422]=-1866.04
dp[13][422]=-1779.22
dp[14][422]=-1692.31
dp[15][422]=-1603.6
dp[16][422]=-1507.18
dp[17][422]=-1406.07
dp[18][422]=-1288.23
dp[19][422]=-1140
dp[20][422]=-944.446
Select best dp
Best k=6
Stratifying 3-th numerical feature ...
dp[2][422]=167.346
dp[3][422]=-2.5e+11
dp[4][422]=-4.7e+11
dp[5][422]=-4.8e+11
dp[6][422]=-7e+11
dp[7][422]=-9.1e+11
dp[8][422]=-9.1e+11
dp[9][422]=-9.1e+11
dp[10][422]=-9.1e+11
dp[11][422]=-9.1e+11
dp[12][422]=-9.1e+11
dp[13][422]=-9.1e+11
dp[14][422]=-9.1e+11
dp[15][422]=-9.1e+11
dp[16][422]=-9.1e+11
dp[17][422]=-9.1e+11
dp[18][422]=-9.1e+11
dp[19][422]=-9.1e+11
dp[20][422]=1158.09
Select best dp
Best k=10
