Standardize ...
Stratifying 1-th numerical feature ...
Standardize ...
Stratifying 1-th numerical feature ...
Standardize ...
Stratifying 1-th numerical feature ...
Standardize ...
Stratifying 1-th numerical feature ...
Standardize ...
Stratifying 1-th numerical feature ...
Standardize ...
Stratifying 1-th numerical feature ...
Standardize ...
Stratifying 1-th numerical feature ...
Standardize ...
Stratifying 1-th numerical feature ...
Standardize ...
Stratifying 1-th numerical feature ...
Standardize ...
Stratifying 1-th numerical feature ...
Standardize ...
Stratifying 1-th numerical feature ...
Standardize ...
Stratifying 1-th numerical feature ...
Standardize ...
Stratifying 1-th numerical feature ...
Standardize ...
Stratifying 1-th numerical feature ...
dp[2][754]=-1539.87
dp[3][754]=-2529.38
dp[4][754]=-3136.03
dp[5][754]=-3674.09
dp[6][754]=-4030.25
dp[7][754]=-4322.13
dp[8][754]=-4568.21
dp[9][754]=-4744.99
dp[10][754]=-4895.67
dp[11][754]=-5044.94
dp[12][754]=-5147.61
dp[13][754]=-5238.32
dp[14][754]=-5308.07
dp[15][754]=-5369.94
dp[16][754]=-5417.78
dp[17][754]=-5427.81
dp[18][754]=-5434.89
dp[19][754]=-5429.22
dp[20][754]=-5423.46
dp[21][754]=-5406.24
dp[22][754]=-5384.33
dp[23][754]=-5358.3
dp[24][754]=-5319.98
dp[25][754]=-5255.65
dp[26][754]=-5183.6
dp[27][754]=-5068
Select best dp
Best k=18
dp[2][754]=-597.639
dp[3][754]=-1006.25
dp[4][754]=-1223.43
dp[5][754]=-1406.31
dp[6][754]=-1498.24
dp[7][754]=-1558.03
dp[8][754]=-1594.92
dp[9][754]=-1597.17
dp[10][754]=-1586.36
dp[11][754]=-1574.85
dp[12][754]=-1540.04
dp[13][754]=-1499.24
dp[14][754]=-1447.97
dp[15][754]=-1392.76
dp[16][754]=-1330.53
dp[17][754]=-1249.4
dp[18][754]=-1166.79
dp[19][754]=-1077.81
dp[20][754]=-988.786
dp[21][754]=-894.027
dp[22][754]=-796.926
dp[23][754]=-697.762
dp[24][754]=-592.452
dp[25][754]=-474.139
dp[26][754]=-351.972
dp[27][754]=-208.02
Select best dp
Best k=9
dp[2][754]=-597.639
dp[3][754]=-1006.25
dp[4][754]=-1223.43
dp[5][754]=-1406.31
dp[6][754]=-1498.24
dp[7][754]=-1558.03
dp[8][754]=-1594.92
dp[9][754]=-1597.17
dp[10][754]=-1586.36
dp[11][754]=-1574.85
dp[12][754]=-1540.04
dp[13][754]=-1499.24
dp[14][754]=-1447.97
dp[15][754]=-1392.76
dp[16][754]=-1330.53
dp[17][754]=-1249.4
dp[18][754]=-1166.79
dp[19][754]=-1077.81
dp[20][754]=-988.786
dp[21][754]=-894.027
dp[22][754]=-796.926
dp[23][754]=-697.762
dp[24][754]=-592.452
dp[25][754]=-474.139
dp[26][754]=-351.972
dp[27][754]=-208.02
Select best dp
Best k=9
dp[2][754]=318.082
dp[3][754]=477.124
dp[4][754]=636.165
dp[5][754]=795.206
dp[6][754]=954.247
dp[7][754]=1113.29
dp[8][754]=1272.33
dp[9][754]=1431.37
dp[10][754]=1590.41
dp[11][754]=1749.45
dp[12][754]=1908.49
dp[13][754]=2067.54
dp[14][754]=2226.58
dp[15][754]=2385.62
dp[16][754]=2544.66
dp[17][754]=2703.7
dp[18][754]=2862.74
dp[19][754]=3021.78
dp[20][754]=3180.82
dp[21][754]=3339.87
dp[22][754]=3498.91
dp[23][754]=3657.95
dp[24][754]=3816.99
dp[25][754]=3976.03
dp[26][754]=4135.07
dp[27][754]=4294.11
Select best dp
Best k=2
dp[2][754]=-597.639
dp[3][754]=-1006.25
dp[4][754]=-1223.43
dp[5][754]=-1406.31
dp[6][754]=-1498.24
dp[7][754]=-1558.03
dp[8][754]=-1594.92
dp[9][754]=-1597.17
dp[10][754]=-1586.36
dp[11][754]=-1574.85
dp[12][754]=-1540.04
dp[13][754]=-1498.74
dp[14][754]=-1443.53
dp[15][754]=-1386.19
dp[16][754]=-1309.9
dp[17][754]=-1216.16
dp[18][754]=-1119.64
Select best dp
Best k=9
dp[2][754]=-597.639
dp[3][754]=-1006.25
dp[4][754]=-1223.43
dp[5][754]=-1406.31
dp[6][754]=-1498.24
dp[7][754]=-1558.03
dp[8][754]=-1594.92
dp[9][754]=-1597.17
dp[10][754]=-1586.36
dp[11][754]=-1574.85
dp[12][754]=-1540.04
dp[13][754]=-1499.24
dp[14][754]=-1447.97
dp[15][754]=-1392.76
dp[16][754]=-1330.53
dp[17][754]=-1249.4
dp[18][754]=-1166.79
dp[19][754]=-1077.81
dp[20][754]=-988.786
dp[21][754]=-894.027
dp[22][754]=-796.926
dp[23][754]=-697.762
dp[24][754]=-592.452
dp[25][754]=-474.139
dp[26][754]=-351.972
dp[27][754]=-208.02
Select best dp
Best k=9
dp[2][754]=-597.639
dp[3][754]=-1006.25
dp[4][754]=-1223.43
dp[5][754]=-1406.31
dp[6][754]=-1498.24
dp[7][754]=-1558.03
dp[8][754]=-1594.92
dp[9][754]=-1597.17
dp[10][754]=-1586.36
dp[11][754]=-1574.85
dp[12][754]=-1540.04
dp[13][754]=-1499.24
dp[14][754]=-1447.97
dp[15][754]=-1392.76
dp[16][754]=-1330.53
dp[17][754]=-1249.4
dp[18][754]=-1166.79
dp[19][754]=-1077.81
dp[20][754]=-988.786
dp[21][754]=-894.027
dp[22][754]=-796.926
dp[23][754]=-697.762
dp[24][754]=-592.452
dp[25][754]=-474.139
dp[26][754]=-351.972
dp[27][754]=-208.02
Select best dp
Best k=9
dp[2][754]=-597.639
dp[3][754]=-1006.25
dp[4][754]=-1223.43
dp[5][754]=-1406.31
dp[6][754]=-1498.24
dp[7][754]=-1558.03
dp[8][754]=-1594.92
dp[9][754]=-1597.17
dp[10][754]=-1586.36
dp[11][754]=-1574.85
dp[12][754]=-1540.04
dp[13][754]=-1499.24
dp[14][754]=-1447.97
dp[15][754]=-1392.76
dp[16][754]=-1330.53
dp[17][754]=-1249.4
dp[18][754]=-1166.79
dp[19][754]=-1078.43
dp[20][754]=-989.399
dp[21][754]=-896.637
dp[22][754]=-799.851
dp[23][754]=-701.135
dp[24][754]=-602.151
dp[25][754]=-500.154
dp[26][754]=-394.795
dp[27][754]=-284.085
Select best dp
Best k=9
dp[2][754]=-597.639
dp[3][754]=-1006.25
dp[4][754]=-1223.43
dp[5][754]=-1406.31
dp[6][754]=-1498.24
dp[7][754]=-1558.03
dp[8][754]=-1594.92
dp[9][754]=-1597.17
dp[10][754]=-1586.36
dp[11][754]=-1574.85
dp[12][754]=-1540.04
dp[13][754]=-1499.24
dp[14][754]=-1447.97
dp[15][754]=-1392.76
dp[16][754]=-1330.53
dp[17][754]=-1249.4
dp[18][754]=-1166.79
dp[19][754]=-1077.81
dp[20][754]=-988.786
dp[21][754]=-894.027
dp[22][754]=-796.926
dp[23][754]=-697.762
dp[24][754]=-592.452
dp[25][754]=-474.139
dp[26][754]=-351.972
dp[27][754]=-208.02
Select best dp
Best k=9
dp[2][754]=-597.639
dp[3][754]=-1006.25
dp[4][754]=-1223.43
dp[5][754]=-1406.31
dp[6][754]=-1498.24
dp[7][754]=-1558.03
dp[8][754]=-1594.92
dp[9][754]=-1597.17
dp[10][754]=-1586.36
dp[11][754]=-1574.85
dp[12][754]=-1540.04
dp[13][754]=-1499.24
dp[14][754]=-1447.97
dp[15][754]=-1392.76
dp[16][754]=-1330.53
dp[17][754]=-1249.4
dp[18][754]=-1166.79
dp[19][754]=-1077.81
dp[20][754]=-988.786
dp[21][754]=-894.027
dp[22][754]=-796.926
dp[23][754]=-697.762
dp[24][754]=-592.452
dp[25][754]=-474.139
dp[26][754]=-351.972
dp[27][754]=-208.02
Select best dp
Best k=9
dp[2][754]=-597.639
dp[3][754]=-1006.25
dp[4][754]=-1223.43
dp[5][754]=-1406.31
dp[6][754]=-1498.24
dp[7][754]=-1558.03
dp[8][754]=-1594.92
dp[9][754]=-1597.17
dp[10][754]=-1586.36
dp[11][754]=-1574.85
dp[12][754]=-1540.04
dp[13][754]=-1499.24
dp[14][754]=-1447.97
dp[15][754]=-1392.76
dp[16][754]=-1330.53
dp[17][754]=-1249.4
dp[18][754]=-1166.79
dp[19][754]=-1078.43
dp[20][754]=-989.399
dp[21][754]=-896.637
dp[22][754]=-799.851
dp[23][754]=-701.135
dp[24][754]=-602.151
dp[25][754]=-500.154
dp[26][754]=-394.795
dp[27][754]=-284.085
Select best dp
Best k=9
dp[2][754]=-126.525
dp[3][754]=-244.681
dp[4][754]=-267.124
dp[5][754]=-272.418
dp[6][754]=-232.237
dp[7][754]=-175.986
dp[8][754]=-108.284
dp[9][754]=-23.2594
dp[10][754]=68.2934
dp[11][754]=160.197
dp[12][754]=263.749
dp[13][754]=370.293
dp[14][754]=482.077
dp[15][754]=595.831
dp[16][754]=713.091
dp[17][754]=839.804
dp[18][754]=967.255
dp[19][754]=1097.89
dp[20][754]=1228.55
dp[21][754]=1362.08
dp[22][754]=1496.78
dp[23][754]=1632.51
dp[24][754]=1771.31
dp[25][754]=1916.61
dp[26][754]=2063.84
dp[27][754]=2221.97
Select best dp
Best k=5
dp[2][754]=-597.639
dp[3][754]=-1006.25
dp[4][754]=-1223.43
dp[5][754]=-1406.31
dp[6][754]=-1498.24
dp[7][754]=-1558.03
dp[8][754]=-1594.92
dp[9][754]=-1597.17
dp[10][754]=-1586.36
dp[11][754]=-1574.85
dp[12][754]=-1540.04
dp[13][754]=-1499.24
dp[14][754]=-1447.97
dp[15][754]=-1392.76
dp[16][754]=-1330.53
dp[17][754]=-1249.4
dp[18][754]=-1166.79
dp[19][754]=-1078.43
dp[20][754]=-989.399
dp[21][754]=-896.637
dp[22][754]=-799.851
dp[23][754]=-701.135
dp[24][754]=-602.151
dp[25][754]=-500.154
dp[26][754]=-394.795
dp[27][754]=-284.085
Select best dp
Best k=9
dp[2][754]=-6.29888
dp[3][754]=-427.787
dp[4][754]=-641.046
dp[5][754]=-831.874
dp[6][754]=-924.785
dp[7][754]=-985.141
dp[8][754]=-1021.84
dp[9][754]=-1027.7
dp[10][754]=-1018.23
dp[11][754]=-1007.7
dp[12][754]=-975.549
dp[13][754]=-934.809
dp[14][754]=-885.831
dp[15][754]=-831.89
dp[16][754]=-769.863
dp[17][754]=-689.275
dp[18][754]=-607.115
dp[19][754]=-519.618
dp[20][754]=-431.447
dp[21][754]=-337.905
dp[22][754]=-242.232
dp[23][754]=-145.291
dp[24][754]=-40.5732
dp[25][754]=76.8123
dp[26][754]=197.715
dp[27][754]=339.287
Select best dp
Best k=9
