Standardize ...
Stratifying 1-th numerical feature ...
Standardize ...
Stratifying 1-th numerical feature ...
Standardize ...
Stratifying 1-th numerical feature ...
Standardize ...
Stratifying 1-th numerical feature ...
Standardize ...
Stratifying 1-th numerical feature ...
Standardize ...
Stratifying 1-th numerical feature ...
Standardize ...
Stratifying 1-th numerical feature ...
Standardize ...
Stratifying 1-th numerical feature ...
Standardize ...
Stratifying 1-th numerical feature ...
Standardize ...
Stratifying 1-th numerical feature ...
Standardize ...
Stratifying 1-th numerical feature ...
Standardize ...
Stratifying 1-th numerical feature ...
Standardize ...
Stratifying 1-th numerical feature ...
Standardize ...
Stratifying 1-th numerical feature ...
dp[2][188]=232.886
dp[3][188]=332.301
dp[4][188]=458.549
dp[5][188]=592.135
dp[6][188]=735.11
dp[7][188]=889.143
dp[8][188]=1047.43
dp[9][188]=1206.49
dp[10][188]=1365.54
dp[11][188]=1531.99
dp[12][188]=1699.65
dp[13][188]=1870.36
Select best dp
Best k=2
Stratifying 2-th numerical feature ...
dp[2][188]=98.8498
dp[3][188]=114.218
dp[4][188]=183.253
dp[5][188]=266.964
dp[6][188]=369.454
dp[7][188]=494.057
dp[8][188]=627.17
dp[9][188]=761.827
dp[10][188]=896.466
dp[11][188]=1045.91
dp[12][188]=1197.77
dp[13][188]=1355.73
Select best dp
Best k=2
Stratifying 2-th numerical feature ...
dp[2][188]=98.8498
dp[3][188]=114.218
dp[4][188]=183.253
dp[5][188]=266.964
dp[6][188]=369.454
dp[7][188]=493.302
dp[8][188]=625.037
dp[9][188]=760.449
dp[10][188]=895.088
dp[11][188]=1031.12
dp[12][188]=1178.4
dp[13][188]=1326.25
Select best dp
Best k=2
Stratifying 2-th numerical feature ...
dp[2][188]=98.8498
dp[3][188]=-5e+10
dp[4][188]=-5e+10
dp[5][188]=-5e+10
dp[6][188]=-5e+10
dp[7][188]=-5e+10
dp[8][188]=-5e+10
dp[9][188]=-5e+10
dp[10][188]=-5e+10
dp[11][188]=-5e+10
dp[12][188]=-5e+10
dp[13][188]=-5e+10
Select best dp
Best k=3
Stratifying 2-th numerical feature ...
dp[2][188]=98.8498
dp[3][188]=114.218
dp[4][188]=183.253
dp[5][188]=266.964
dp[6][188]=369.454
dp[7][188]=493.302
dp[8][188]=625.037
dp[9][188]=760.449
dp[10][188]=895.088
dp[11][188]=1031.12
dp[12][188]=1178.4
dp[13][188]=1326.25
Select best dp
Best k=2
Stratifying 2-th numerical feature ...
dp[2][188]=98.8498
dp[3][188]=114.218
dp[4][188]=183.253
dp[5][188]=266.964
dp[6][188]=369.454
dp[7][188]=494.057
dp[8][188]=627.17
dp[9][188]=761.827
dp[10][188]=896.466
dp[11][188]=1045.91
dp[12][188]=1197.77
dp[13][188]=1355.73
Select best dp
Best k=2
Stratifying 2-th numerical feature ...
dp[2][188]=98.8498
dp[3][188]=114.218
dp[4][188]=183.253
dp[5][188]=266.964
dp[6][188]=369.454
dp[7][188]=500.375
dp[8][188]=642.305
dp[9][188]=794.633
Select best dp
Best k=2
dp[2][188]=98.8498
dp[3][188]=114.218
dp[4][188]=183.253
dp[5][188]=266.964
dp[6][188]=369.454
dp[7][188]=494.057
dp[8][188]=627.17
dp[9][188]=761.827
dp[10][188]=896.466
dp[11][188]=1045.91
dp[12][188]=1197.77
dp[13][188]=1355.73
Select best dp
Best k=2
Stratifying 2-th numerical feature ...
Stratifying 2-th numerical feature ...
dp[2][188]=155.707
dp[3][188]=157.351
dp[4][188]=230.127
dp[5][188]=330.079
dp[6][188]=438.501
dp[7][188]=560.203
dp[8][188]=690.162
dp[9][188]=823.179
dp[10][188]=961.947
dp[11][188]=1108.46
dp[12][188]=1260.95
dp[13][188]=1424.39
Select best dp
Best k=2
dp[2][188]=261.314
dp[3][188]=353.867
dp[4][188]=481.986
dp[5][188]=623.693
dp[6][188]=769.634
dp[7][188]=922.215
dp[8][188]=1078.93
dp[9][188]=1237.16
dp[10][188]=1398.28
dp[11][188]=1563.26
dp[12][188]=1731.24
dp[13][188]=1904.69
Select best dp
Best k=2
Stratifying 3-th numerical feature ...
Stratifying 3-th numerical feature ...
dp[2][188]=366.922
dp[3][188]=550.383
dp[4][188]=733.845
dp[5][188]=917.306
dp[6][188]=1100.77
dp[7][188]=1284.23
dp[8][188]=1467.69
dp[9][188]=1651.15
dp[10][188]=1834.61
dp[11][188]=2018.07
dp[12][188]=2201.53
dp[13][188]=2384.99
Select best dp
Best k=2
dp[2][188]=98.8498
Stratifying 2-th numerical feature ...
dp[3][188]=114.218
dp[4][188]=183.253
dp[5][188]=266.964
dp[6][188]=369.454
dp[7][188]=494.057
dp[8][188]=627.17
dp[9][188]=761.827
dp[10][188]=896.466
dp[11][188]=1045.91
dp[12][188]=1197.77
dp[13][188]=1355.73
Select best dp
Best k=2
dp[2][188]=-169.223
dp[3][188]=-321.947
dp[4][188]=-367.339
dp[5][188]=-383.378
dp[6][188]=-361.859
dp[7][188]=-296.113
dp[8][188]=-213.349
dp[9][188]=-127.496
dp[10][188]=-41.6803
dp[11][188]=73.7555
dp[12][188]=194.005
dp[13][188]=326.456
Select best dp
Best k=5
Stratifying 2-th numerical feature ...
Stratifying 2-th numerical feature ...
dp[2][188]=98.8498
dp[3][188]=114.218
dp[4][188]=183.253
dp[5][188]=266.964
dp[6][188]=369.454
dp[7][188]=494.057
dp[8][188]=627.17
dp[9][188]=761.827
dp[10][188]=896.466
dp[11][188]=1045.91
dp[12][188]=1197.77
dp[13][188]=1355.73
Select best dp
Best k=2
Stratifying 2-th numerical feature ...
dp[2][188]=98.8498
dp[3][188]=114.218
dp[4][188]=183.253
dp[5][188]=266.964
dp[6][188]=369.454
dp[7][188]=494.057
dp[8][188]=627.17
dp[9][188]=761.827
dp[10][188]=896.466
dp[11][188]=1045.91
dp[12][188]=1197.77
dp[13][188]=1355.73
Select best dp
Best k=2
Stratifying 2-th numerical feature ...
dp[2][188]=155.707
dp[3][188]=157.351
dp[4][188]=230.127
dp[5][188]=330.079
dp[6][188]=437.263
dp[7][188]=559.013
dp[8][188]=688.972
dp[9][188]=821.989
dp[10][188]=960.505
dp[11][188]=1100.97
dp[12][188]=1247.34
dp[13][188]=1394.41
Select best dp
Best k=2
Stratifying 3-th numerical feature ...
dp[2][188]=88.4076
dp[3][188]=84.2686
dp[4][188]=147.738
dp[5][188]=230.145
dp[6][188]=327.536
dp[7][188]=449.023
dp[8][188]=575.314
dp[9][188]=702.148
dp[10][188]=831.839
dp[11][188]=974.096
dp[12][188]=1117.64
dp[13][188]=1270.17
Select best dp
Best k=3
Stratifying 2-th numerical feature ...
dp[2][188]=155.707
dp[3][188]=157.351
dp[4][188]=230.127
dp[5][188]=330.079
dp[6][188]=437.263
dp[7][188]=559.013
dp[8][188]=688.972
dp[9][188]=821.989
dp[10][188]=960.505
dp[11][188]=1100.97
dp[12][188]=1246.28
dp[13][188]=1393.35
Select best dp
Best k=2
Stratifying 3-th numerical feature ...
dp[2][188]=155.707
dp[3][188]=157.351
dp[4][188]=230.127
dp[5][188]=330.079
dp[6][188]=437.263
dp[7][188]=559.013
dp[8][188]=688.972
dp[9][188]=821.989
dp[10][188]=960.505
dp[11][188]=1100.97
dp[12][188]=1246.28
dp[13][188]=1393.35
Select best dp
Best k=2
Stratifying 3-th numerical feature ...
dp[2][188]=-127.893
dp[3][188]=-150.852
dp[4][188]=-84.4119
dp[5][188]=-10.5698
dp[6][188]=94.2305
dp[7][188]=201.093
dp[8][188]=321.295
dp[9][188]=452.408
dp[10][188]=586.317
dp[11][188]=733.794
dp[12][188]=896.936
dp[13][188]=1068.1
Select best dp
Best k=3
Stratifying 4-th numerical feature ...
dp[2][188]=119.514
dp[3][188]=199.766
dp[4][188]=324.716
dp[5][188]=453.368
dp[6][188]=597.499
dp[7][188]=742.66
dp[8][188]=894.492
dp[9][188]=1051.78
dp[10][188]=1210.46
dp[11][188]=1375.93
dp[12][188]=1549.23
dp[13][188]=1726.55
Select best dp
Best k=2
Stratifying 4-th numerical feature ...
dp[2][188]=50.9784
dp[3][188]=-3.90239
dp[4][188]=49.6206
dp[5][188]=132.825
dp[6][188]=234.789
dp[7][188]=344.688
dp[8][188]=467.26
dp[9][188]=600.261
dp[10][188]=738.562
dp[11][188]=877.506
dp[12][188]=1028.46
dp[13][188]=1189.33
Select best dp
Best k=3
Stratifying 3-th numerical feature ...
dp[2][188]=-127.893
dp[3][188]=-1e+11
dp[4][188]=-1e+11
dp[5][188]=-1e+11
dp[2][188]=155.707
dp[6][188]=-1e+11
dp[3][188]=157.351
dp[7][188]=-1e+11
dp[4][188]=230.127
dp[8][188]=-1e+11
dp[5][188]=330.079
dp[9][188]=-1e+11
dp[6][188]=438.501
dp[10][188]=-1e+11
dp[7][188]=560.203
dp[11][188]=-1e+11
dp[8][188]=690.162
dp[12][188]=-1e+11
dp[9][188]=823.179
dp[13][188]=-1e+11
dp[10][188]=961.947
Select best dp
dp[11][188]=1108.46
Best k=4
dp[12][188]=1260.95
dp[13][188]=1424.39
Select best dp
Best k=2
Stratifying 4-th numerical feature ...
Stratifying 3-th numerical feature ...
dp[2][188]=155.707
dp[3][188]=157.351
dp[4][188]=230.127
dp[5][188]=330.079
dp[6][188]=445.26
dp[7][188]=566.927
dp[8][188]=699.271
dp[9][188]=836.946
Select best dp
Best k=2
Stratifying 3-th numerical feature ...
dp[2][188]=-1635.16
dp[3][188]=-2015.67
dp[4][188]=-2021.61
dp[5][188]=-2060.63
dp[6][188]=-2039.79
dp[7][188]=-1997.8
dp[8][188]=-1920.57
dp[9][188]=-1806.38
dp[10][188]=-1688.23
dp[11][188]=-1538.17
dp[12][188]=-1374.72
dp[13][188]=-1211.24
Select best dp
Best k=5
Stratifying 5-th numerical feature ...
dp[2][188]=-983.794
dp[3][188]=-1243.13
dp[4][188]=-1205.18
dp[5][188]=-1181.09
dp[6][188]=-1105.17
dp[7][188]=-1017.18
dp[8][188]=-909.471
dp[9][188]=-763.853
dp[10][188]=-622.336
dp[11][188]=-459.287
dp[12][188]=-281.227
dp[13][188]=-93.5859
Select best dp
Best k=3
Stratifying 5-th numerical feature ...
dp[2][188]=-127.893
dp[3][188]=-1e+11
dp[4][188]=-1.6e+11
dp[5][188]=-2e+11
dp[6][188]=-2.6e+11
dp[7][188]=-2.9e+11
dp[8][188]=-3.5e+11
dp[9][188]=-3.5e+11
dp[10][188]=-4.1e+11
dp[11][188]=-4.1e+11
dp[12][188]=-4.6e+11
dp[13][188]=-4.6e+11
Select best dp
Best k=12
Stratifying 4-th numerical feature ...
dp[2][188]=-5e+10
dp[3][188]=-1e+11
dp[4][188]=-1.6e+11
dp[5][188]=-2.1e+11
dp[6][188]=-2.6e+11
dp[7][188]=-3.1e+11
dp[8][188]=-3.6e+11
dp[9][188]=-4.1e+11
dp[10][188]=-4.5e+11
dp[11][188]=-4.9e+11
dp[12][188]=-5.4e+11
dp[13][188]=-5.6e+11
Select best dp
Best k=13
Stratifying 4-th numerical feature ...
dp[2][188]=366.922
dp[3][188]=550.383
dp[4][188]=733.845
dp[5][188]=917.306
dp[6][188]=1100.77
dp[7][188]=1284.23
dp[8][188]=1467.69
dp[9][188]=1651.15
dp[10][188]=1834.61
dp[11][188]=2018.07
dp[12][188]=2201.53
dp[13][188]=2384.99
Select best dp
Best k=2
Stratifying 3-th numerical feature ...
dp[2][188]=155.707
dp[3][188]=157.351
dp[4][188]=230.127
dp[5][188]=330.079
dp[6][188]=438.501
dp[7][188]=560.203
dp[8][188]=690.162
dp[9][188]=823.179
dp[10][188]=961.947
dp[11][188]=1108.46
dp[12][188]=1260.95
dp[13][188]=1424.39
Select best dp
Best k=2
Stratifying 3-th numerical feature ...
dp[2][188]=-55.5089
dp[3][188]=-235.681
dp[4][188]=-273.591
dp[5][188]=-257.147
dp[6][188]=-223.765
dp[7][188]=-163.823
dp[8][188]=-87.3644
dp[9][188]=-4.79276
dp[10][188]=89.2822
dp[11][188]=198.842
dp[12][188]=320.374
dp[13][188]=463.781
Select best dp
Best k=4
dp[2][188]=155.707
dp[3][188]=157.351
dp[4][188]=230.127
dp[5][188]=330.079
dp[6][188]=438.501
Stratifying 3-th numerical feature ...
dp[7][188]=560.203
dp[8][188]=690.162
dp[9][188]=823.179
dp[10][188]=961.947
dp[11][188]=1108.46
dp[12][188]=1260.95
dp[13][188]=1424.39
Select best dp
Best k=2
Stratifying 3-th numerical feature ...
dp[2][188]=155.707
dp[3][188]=157.351
dp[4][188]=230.127
dp[5][188]=330.079
dp[6][188]=438.501
dp[7][188]=560.203
dp[8][188]=690.162
dp[9][188]=823.179
dp[10][188]=961.947
dp[11][188]=1108.46
dp[12][188]=1260.95
dp[13][188]=1424.39
Select best dp
Best k=2
Stratifying 3-th numerical feature ...
dp[2][188]=-127.893
dp[3][188]=-150.852
dp[4][188]=-84.4119
dp[5][188]=-10.5698
dp[6][188]=94.2305
dp[7][188]=201.093
dp[8][188]=321.295
dp[9][188]=452.408
dp[10][188]=586.317
dp[11][188]=733.794
dp[12][188]=896.936
dp[13][188]=1068.1
Select best dp
Best k=3
Stratifying 4-th numerical feature ...
dp[2][188]=-1635.16
dp[3][188]=-2015.67
dp[4][188]=-2034.15
dp[5][188]=-2097.23
dp[6][188]=-2076.39
dp[7][188]=-2046.12
dp[8][188]=-1977.15
dp[9][188]=-1864.53
dp[10][188]=-1751.47
dp[11][188]=-1616.19
dp[12][188]=-1477.18
dp[13][188]=-1334.5
Select best dp
Best k=5
Stratifying 5-th numerical feature ...
dp[2][188]=-169.782
dp[3][188]=-213.271
dp[4][188]=-159.942
dp[5][188]=-72.1952
dp[6][188]=31.3352
dp[7][188]=150.942
dp[8][188]=280.736
dp[9][188]=411.929
dp[10][188]=546.651
dp[11][188]=683.345
dp[12][188]=834.598
dp[13][188]=994.187
Select best dp
Best k=3
Stratifying 6-th numerical feature ...
dp[2][188]=98.5703
dp[3][188]=168.556
dp[4][188]=286.951
dp[5][188]=422.555
dp[6][188]=566.051
dp[7][188]=717.585
dp[8][188]=874.213
dp[9][188]=1031.54
dp[10][188]=1190.63
dp[11][188]=1350.71
dp[12][188]=1518.07
dp[13][188]=1689.59
Select best dp
Best k=2
Stratifying 6-th numerical feature ...
dp[2][188]=-127.893
dp[3][188]=-150.852
dp[4][188]=-84.4119
dp[5][188]=4.59866
dp[6][188]=109.399
dp[7][188]=222.479
dp[8][188]=354.114
dp[9][188]=508.536
Select best dp
Best k=3
Stratifying 4-th numerical feature ...
dp[2][188]=-316.586
dp[3][188]=-422.9
dp[4][188]=-384.218
dp[5][188]=-314.692
dp[6][188]=-240.178
dp[7][188]=-166.296
dp[8][188]=-80.1306
dp[9][188]=44.9002
dp[10][188]=169.867
dp[11][188]=304.418
dp[12][188]=463.387
dp[13][188]=652.448
Select best dp
Best k=3
Stratifying 4-th numerical feature ...
dp[2][188]=-1635.16
dp[3][188]=-2015.67
dp[4][188]=-2021.61
dp[5][188]=-2060.63
dp[6][188]=-2039.79
dp[7][188]=-1997.8
dp[8][188]=-1920.57
dp[9][188]=-1806.38
dp[10][188]=-1688.23
dp[11][188]=-1538.17
dp[12][188]=-1374.72
dp[13][188]=-1211.24
Select best dp
Best k=5
dp[2][188]=-1635.16
dp[3][188]=-2015.67
dp[4][188]=-2040.07
dp[5][188]=-2108.05
dp[6][188]=-2087.21
dp[7][188]=-2056.94
dp[8][188]=-1989.39
dp[9][188]=-1876.77
dp[10][188]=-1763.71
dp[11][188]=-1638.51
dp[12][188]=-1507.86
dp[13][188]=-1375.93
Select best dp
Best k=5
Stratifying 5-th numerical feature ...
Stratifying 5-th numerical feature ...
dp[2][188]=59.3274
dp[3][188]=11.2326
dp[4][188]=60.1295
dp[5][188]=143.979
dp[6][188]=247.541
dp[7][188]=354.705
dp[8][188]=476.117
dp[9][188]=605.98
dp[10][188]=742.546
dp[11][188]=880.084
dp[12][188]=1031.58
dp[13][188]=1190.9
Select best dp
Best k=3
Stratifying 3-th numerical feature ...
dp[2][188]=-5e+10
dp[3][188]=-5e+10
dp[4][188]=-5e+10
dp[5][188]=-5e+10
dp[6][188]=-5e+10
dp[7][188]=-5e+10
dp[8][188]=-5e+10
dp[9][188]=-5e+10
dp[10][188]=-5e+10
dp[11][188]=-5e+10
dp[12][188]=-5e+10
dp[13][188]=-5e+10
Select best dp
Best k=6
Stratifying 5-th numerical feature ...
dp[2][188]=-169.782
dp[3][188]=-213.271
dp[4][188]=-159.942
dp[5][188]=-72.1952
dp[6][188]=31.3352
dp[7][188]=150.942
dp[8][188]=275.907
dp[9][188]=401.291
dp[10][188]=535.405
dp[11][188]=672.1
dp[12][188]=811.854
dp[13][188]=958.729
Select best dp
Best k=3
Stratifying 6-th numerical feature ...
dp[2][188]=-2229.72
dp[3][188]=-2407.22
dp[4][188]=-2415.46
dp[5][188]=-2380.85
dp[6][188]=-2301.84
dp[7][188]=-2208.96
dp[8][188]=-2108.35
dp[9][188]=-1991.43
dp[10][188]=-1868.23
dp[11][188]=-1728.58
dp[12][188]=-1573.85
dp[13][188]=-1368.92
Select best dp
Best k=4
Stratifying 7-th numerical feature ...
dp[2][188]=-1453.73
dp[3][188]=-1503.54
dp[4][188]=-1453.08
dp[5][188]=-1372.02
dp[6][188]=-1256.86
dp[7][188]=-1129.08
dp[8][188]=-986.204
dp[9][188]=-838.433
dp[10][188]=-689.384
dp[11][188]=-527.431
dp[12][188]=-357.91
dp[13][188]=-145.765
Select best dp
Best k=3
Stratifying 7-th numerical feature ...
dp[2][188]=366.922
dp[3][188]=550.383
dp[4][188]=733.845
dp[5][188]=917.306
dp[6][188]=1100.77
dp[7][188]=1284.23
dp[8][188]=1467.69
dp[9][188]=1651.15
dp[10][188]=1834.61
dp[11][188]=2018.07
dp[12][188]=2201.53
dp[13][188]=2384.99
Select best dp
Best k=2
Stratifying 4-th numerical feature ...
dp[2][188]=-127.893
dp[3][188]=-150.852
dp[4][188]=-84.4119
dp[5][188]=-10.5698
dp[6][188]=94.2305
dp[7][188]=201.093
dp[8][188]=321.295
dp[9][188]=452.408
dp[10][188]=586.317
dp[11][188]=733.794
dp[12][188]=896.936
dp[13][188]=1068.1
Select best dp
Best k=3
Stratifying 4-th numerical feature ...
dp[2][188]=-622.709
dp[3][188]=-852.088
dp[4][188]=-902.668
dp[5][188]=-938.445
dp[6][188]=-912.306
dp[7][188]=-882.043
dp[8][188]=-825.098
dp[9][188]=-746.333
dp[10][188]=-661.977
dp[11][188]=-550.485
dp[12][188]=-407.662
dp[13][188]=-248.788
Select best dp
Best k=5
dp[2][188]=-127.893
dp[3][188]=-150.852
dp[4][188]=-84.4119
dp[5][188]=-10.5698
dp[6][188]=94.2305
dp[7][188]=201.093
dp[8][188]=321.295
dp[9][188]=452.408
dp[10][188]=586.317
dp[11][188]=733.794
Stratifying 4-th numerical feature ...
dp[12][188]=896.936
dp[13][188]=1068.1
Select best dp
Best k=3
Stratifying 4-th numerical feature ...
dp[2][188]=-127.893
dp[3][188]=-150.852
dp[4][188]=-84.4119
dp[5][188]=-10.5698
dp[6][188]=94.2305
dp[7][188]=201.093
dp[8][188]=321.295
dp[9][188]=452.408
dp[10][188]=586.317
dp[11][188]=733.794
dp[12][188]=896.936
dp[13][188]=1068.1
Select best dp
Best k=3
Stratifying 4-th numerical feature ...
dp[2][188]=-169.782
dp[3][188]=-213.271
dp[4][188]=-159.942
dp[5][188]=-72.1952
dp[6][188]=31.3352
dp[7][188]=150.942
dp[8][188]=280.736
dp[9][188]=411.929
dp[10][188]=546.651
dp[11][188]=683.345
dp[12][188]=834.598
dp[13][188]=994.187
Select best dp
Best k=3
Stratifying 6-th numerical feature ...
dp[2][188]=-5e+10
dp[3][188]=-7e+10
dp[4][188]=-1.4e+11
dp[5][188]=-1.9e+11
dp[6][188]=-2.6e+11
dp[7][188]=-3.1e+11
dp[8][188]=-3.3e+11
dp[9][188]=-3.9e+11
dp[10][188]=-4.4e+11
dp[11][188]=-4.5e+11
dp[12][188]=-5e+11
dp[13][188]=-5e+11
Select best dp
Best k=13
Stratifying 6-th numerical feature ...
dp[2][188]=-1635.16
dp[3][188]=-2015.67
dp[4][188]=-2021.61
dp[5][188]=-2034.31
dp[6][188]=-2004.08
dp[7][188]=-1901.37
dp[8][188]=-1793.34
dp[9][188]=-1677.92
Select best dp
Best k=5
Stratifying 5-th numerical feature ...
dp[2][188]=-345.478
dp[3][188]=-544.584
dp[4][188]=-729.842
dp[5][188]=-736.386
dp[6][188]=-680.398
dp[7][188]=-603.994
dp[8][188]=-505.114
dp[9][188]=-401.113
dp[10][188]=-279.92
dp[11][188]=-154.349
dp[12][188]=-10.3132
dp[13][188]=172.36
Select best dp
Best k=5
Stratifying 8-th numerical feature ...
dp[2][188]=-169.782
dp[3][188]=-7e+10
dp[4][188]=-1.4e+11
dp[5][188]=-1.4e+11
dp[6][188]=-2.1e+11
dp[7][188]=-2.7e+11
dp[8][188]=-2.7e+11
dp[9][188]=-3.3e+11
dp[10][188]=-3.3e+11
dp[11][188]=-3.8e+11
dp[12][188]=-3.8e+11
dp[13][188]=-3.8e+11
Select best dp
Best k=12
Stratifying 6-th numerical feature ...
dp[2][188]=-100.962
dp[3][188]=-151.638
dp[4][188]=-194.896
dp[5][188]=-126.671
dp[6][188]=-20.0823
dp[7][188]=100.082
dp[8][188]=224.07
dp[9][188]=359.676
dp[10][188]=500.413
dp[11][188]=651.306
dp[12][188]=805.854
dp[13][188]=989.511
Select best dp
Best k=4
Stratifying 8-th numerical feature ...
dp[2][188]=-2229.72
dp[3][188]=-2407.22
dp[4][188]=-2415.46
dp[5][188]=-2380.85
dp[6][188]=-2301.84
dp[7][188]=-2214.27
dp[8][188]=-2121.39
dp[9][188]=-2012.73
dp[10][188]=-1898.94
dp[11][188]=-1770.98
dp[12][188]=-1638
dp[13][188]=-1501.02
Select best dp
Best k=4
Stratifying 7-th numerical feature ...
dp[2][188]=-2229.72
dp[3][188]=-2407.22
dp[4][188]=-2415.46
dp[5][188]=-2380.85
dp[6][188]=-2301.84
dp[7][188]=-2208.96
dp[8][188]=-2108.35
dp[9][188]=-1991.43
dp[10][188]=-1868.23
dp[11][188]=-1728.58
dp[12][188]=-1573.85
dp[13][188]=-1368.92
Select best dp
Best k=4
Stratifying 7-th numerical feature ...
dp[2][188]=-1635.16
dp[3][188]=-2015.67
dp[4][188]=-2021.61
dp[5][188]=-2060.63
dp[6][188]=-2039.79
dp[7][188]=-1997.8
dp[8][188]=-1920.57
dp[9][188]=-1806.38
dp[10][188]=-1688.23
dp[11][188]=-1538.17
dp[12][188]=-1374.72
dp[13][188]=-1211.24
Select best dp
Best k=5
Stratifying 5-th numerical feature ...
dp[2][188]=-347.89
dp[3][188]=-542.649
dp[4][188]=-692.916
dp[5][188]=-742.894
dp[6][188]=-684.5
dp[7][188]=-599.484
dp[8][188]=-498.73
dp[9][188]=-390.953
dp[10][188]=-271.473
dp[11][188]=-143.782
dp[12][188]=-5.5871
dp[13][188]=192.497
Select best dp
Best k=5
Stratifying 9-th numerical feature ...
dp[2][188]=-100.919
dp[3][188]=-149.969
dp[4][188]=-175.318
dp[5][188]=-128.594
dp[6][188]=-20.8297
dp[7][188]=105.269
dp[8][188]=242.078
dp[9][188]=380.075
dp[10][188]=524.028
dp[11][188]=671.693
dp[12][188]=823.042
dp[13][188]=1025.2
Select best dp
Best k=4
Stratifying 9-th numerical feature ...
dp[2][188]=-247.692
dp[3][188]=-306.075
dp[4][188]=-265.264
dp[5][188]=-205.282
dp[6][188]=-117.672
dp[7][188]=-20.807
dp[8][188]=80.5622
dp[9][188]=202.456
dp[10][188]=332.643
dp[11][188]=473.972
dp[12][188]=634.327
dp[13][188]=805.407
Select best dp
Best k=3
Stratifying 4-th numerical feature ...
dp[2][188]=-5e+10
dp[3][188]=-5e+10
dp[4][188]=-5e+10
dp[5][188]=-5e+10
dp[6][188]=-5e+10
dp[7][188]=-5e+10
dp[8][188]=-5e+10
dp[9][188]=-5e+10
dp[10][188]=-5e+10
dp[11][188]=-5e+10
dp[12][188]=-5e+10
dp[13][188]=-5e+10
Select best dp
Best k=5
Stratifying 7-th numerical feature ...
dp[2][188]=-332.428
dp[3][188]=-470.603
dp[4][188]=-397.773
dp[5][188]=-311.359
dp[6][188]=-182.905
dp[7][188]=-38.4924
dp[8][188]=95.2976
dp[9][188]=270.865
dp[10][188]=438.333
dp[11][188]=618.031
dp[12][188]=812.238
dp[13][188]=1024.07
Select best dp
Best k=3
Stratifying 5-th numerical feature ...
dp[2][188]=-1635.16
dp[3][188]=-2015.67
dp[4][188]=-2021.61
dp[5][188]=-2060.63
dp[6][188]=-2039.79
dp[7][188]=-1997.8
dp[8][188]=-1920.57
dp[9][188]=-1806.38
dp[10][188]=-1688.23
dp[11][188]=-1538.17
dp[12][188]=-1374.72
dp[13][188]=-1211.24
Select best dp
Best k=5
dp[2][188]=-2938.1
dp[3][188]=-3560.73
dp[4][188]=-3723.99
dp[5][188]=-3860.88
dp[6][188]=-3949.45
dp[7][188]=-3959.98
dp[8][188]=-3943.42
dp[9][188]=-3891.84
Stratifying 5-th numerical feature ...
dp[10][188]=-3820.01
dp[11][188]=-3711.28
dp[12][188]=-3590.81
dp[13][188]=-3454.66
Select best dp
Best k=7
dp[2][188]=-1635.16
dp[3][188]=-2015.67
dp[4][188]=-2021.61
dp[5][188]=-2060.63
dp[6][188]=-2039.79
dp[7][188]=-1997.8
dp[8][188]=-1920.57
dp[9][188]=-1806.38
dp[10][188]=-1688.23
dp[11][188]=-1538.17
dp[12][188]=-1374.72
dp[13][188]=-1211.24
Select best dp
Best k=5
Stratifying 5-th numerical feature ...
Stratifying 5-th numerical feature ...
dp[2][188]=-948.265
dp[3][188]=-1014.72
dp[4][188]=-987.557
dp[5][188]=-919.266
dp[6][188]=-825.06
dp[7][188]=-715.187
dp[8][188]=-594.976
dp[9][188]=-462.819
dp[10][188]=-326.14
dp[11][188]=-185.442
dp[12][188]=-32.4415
dp[13][188]=132.874
Select best dp
Best k=3
dp[2][188]=-2229.72
dp[3][188]=-2407.22
dp[4][188]=-2415.46
dp[5][188]=-2380.85
dp[6][188]=-2339.96
dp[7][188]=-2254.74
dp[8][188]=-2161.86
dp[9][188]=-2062.15
dp[10][188]=-1957.88
dp[11][188]=-1837.13
dp[12][188]=-1709.3
dp[13][188]=-1572.83
Select best dp
Best k=4
Stratifying 5-th numerical feature ...
Stratifying 7-th numerical feature ...
dp[2][188]=-282.125
dp[3][188]=-427.941
dp[4][188]=-568.988
dp[5][188]=-553.673
dp[6][188]=-480.031
dp[7][188]=-391.344
dp[8][188]=-292.826
dp[9][188]=-178.046
dp[10][188]=-55.0575
dp[11][188]=74.9322
dp[12][188]=218.715
dp[13][188]=401.386
Select best dp
Best k=4
Stratifying 8-th numerical feature ...
dp[2][188]=-169.782
dp[3][188]=-213.271
dp[4][188]=-159.942
dp[5][188]=-72.1952
dp[6][188]=31.3352
dp[7][188]=152.165
dp[8][188]=287.341
dp[9][188]=443.112
Select best dp
Best k=3
Stratifying 6-th numerical feature ...
dp[2][188]=-282.125
dp[3][188]=-427.941
dp[4][188]=-568.988
dp[5][188]=-553.673
dp[6][188]=-480.031
dp[7][188]=-391.344
dp[8][188]=-292.826
dp[9][188]=-184.728
dp[10][188]=-75.1834
dp[11][188]=41.9697
dp[12][188]=171.959
dp[13][188]=314.647
Select best dp
Best k=4
Stratifying 8-th numerical feature ...
dp[2][188]=-342.517
dp[3][188]=-548.434
dp[4][188]=-687.635
dp[5][188]=-661.305
dp[6][188]=-617.331
dp[7][188]=-555.72
dp[8][188]=-457.151
dp[9][188]=-329.628
dp[10][188]=-193.082
dp[11][188]=-52.4884
dp[12][188]=100.572
dp[13][188]=283.454
Select best dp
Best k=4
Stratifying 10-th numerical feature ...
dp[2][188]=-101.107
dp[3][188]=-155.326
dp[4][188]=-171.839
dp[5][188]=-89.0175
dp[6][188]=11.4769
dp[7][188]=119.802
dp[8][188]=249.198
dp[9][188]=399.184
dp[10][188]=555.578
dp[11][188]=713.044
dp[12][188]=873.821
dp[13][188]=1060.93
Select best dp
Best k=4
Stratifying 10-th numerical feature ...
dp[2][188]=-284.265
dp[3][188]=-424.912
dp[4][188]=-538.095
dp[5][188]=-565.927
dp[6][188]=-489.881
dp[7][188]=-397.883
dp[8][188]=-287.31
dp[9][188]=-175.374
dp[10][188]=-57.1874
dp[11][188]=66.0482
dp[12][188]=203.588
dp[13][188]=406.95
Select best dp
Best k=5
Stratifying 9-th numerical feature ...
dp[2][188]=-5e+10
dp[3][188]=-5e+10
dp[4][188]=-5e+10
dp[5][188]=-5e+10
dp[6][188]=-5e+10
dp[7][188]=-5e+10
dp[8][188]=-5e+10
dp[9][188]=-5e+10
dp[10][188]=-5e+10
dp[11][188]=-5e+10
dp[12][188]=-5e+10
dp[13][188]=-5e+10
Select best dp
Best k=5
Stratifying 8-th numerical feature ...
dp[2][188]=-2.21016e+10
dp[3][188]=-2.21016e+10
dp[4][188]=-2.21016e+10
dp[5][188]=-2.21016e+10
dp[6][188]=-2.21016e+10
dp[7][188]=-2.21016e+10
dp[8][188]=-2.21016e+10
dp[9][188]=-2.21016e+10
dp[10][188]=-2.21016e+10
dp[11][188]=-2.21016e+10
dp[12][188]=-2.21016e+10
dp[13][188]=-2.21016e+10
Select best dp
Best k=5
dp[2][188]=-631.641
dp[3][188]=-762.863
dp[4][188]=-743.802
dp[5][188]=-693.327
dp[6][188]=-605.079
dp[7][188]=-494.075
dp[8][188]=-376.768
dp[9][188]=-255.015
dp[10][188]=-126.016
dp[11][188]=14.7613
dp[12][188]=170.392
dp[13][188]=326.546
Select best dp
Best k=3
Stratifying 8-th numerical feature ...
Stratifying 6-th numerical feature ...
dp[2][188]=-284.265
dp[3][188]=-424.912
dp[4][188]=-538.095
dp[5][188]=-565.927
dp[6][188]=-489.881
dp[7][188]=-397.883
dp[8][188]=-289.977
dp[9][188]=-178.041
dp[10][188]=-65.5416
dp[11][188]=52.6452
dp[12][188]=175.447
dp[13][188]=312.035
Select best dp
Best k=5
Stratifying 9-th numerical feature ...
dp[2][188]=-316.522
dp[3][188]=-548.387
dp[4][188]=-741.395
dp[5][188]=-740.067
dp[6][188]=-681.211
dp[7][188]=-576.721
dp[8][188]=-468.273
dp[9][188]=-363.484
dp[10][188]=-255.364
dp[11][188]=-123.613
dp[12][188]=17.0877
dp[13][188]=182.048
Select best dp
Best k=4
Stratifying 11-th numerical feature ...
dp[2][188]=-82.2337
dp[3][188]=-145.502
dp[4][188]=-198.216
dp[5][188]=-123.383
dp[6][188]=-14.4928
dp[7][188]=124.033
dp[8][188]=260.816
dp[9][188]=399.343
dp[10][188]=541.873
dp[11][188]=691.235
dp[12][188]=851.071
dp[13][188]=1025
Select best dp
Best k=4
Stratifying 11-th numerical feature ...
dp[2][188]=-2217.93
dp[3][188]=-2388.12
dp[4][188]=-2389.69
dp[5][188]=-2355.07
dp[6][188]=-2268.51
dp[7][188]=-2162.03
dp[8][188]=-2041.66
dp[9][188]=-1915.88
Select best dp
Best k=4
Stratifying 7-th numerical feature ...
dp[2][188]=366.922
dp[3][188]=550.383
dp[4][188]=733.845
dp[5][188]=917.306
dp[6][188]=1100.77
dp[7][188]=1284.23
dp[8][188]=1467.69
dp[9][188]=1651.15
dp[10][188]=1834.61
dp[11][188]=2018.07
dp[12][188]=2201.53
dp[13][188]=2384.99
Select best dp
Best k=2
Stratifying 6-th numerical feature ...
dp[2][188]=-706.486
dp[3][188]=-976.926
dp[4][188]=-1053.73
dp[5][188]=-1061.7
dp[6][188]=-1038.1
dp[7][188]=-982.343
dp[8][188]=-906.216
dp[9][188]=-827.291
dp[10][188]=-741.31
dp[11][188]=-651.382
dp[12][188]=-532.338
dp[13][188]=-396.62
Select best dp
Best k=5
Stratifying 6-th numerical feature ...
dp[2][188]=-169.782
dp[3][188]=-213.271
dp[4][188]=-159.942
dp[5][188]=-72.1952
dp[6][188]=31.3352
dp[7][188]=150.942
dp[8][188]=280.736
dp[9][188]=411.929
dp[10][188]=546.651
dp[11][188]=683.345
dp[12][188]=834.598
dp[13][188]=994.187
Select best dp
dp[2][188]=-169.782
Best k=3
dp[3][188]=-213.271
dp[4][188]=-159.942
dp[5][188]=-72.1952
dp[6][188]=31.3352
dp[7][188]=150.942
dp[8][188]=280.736
dp[9][188]=411.929
dp[10][188]=546.651
dp[11][188]=683.345
dp[12][188]=834.598
dp[13][188]=994.187
Select best dp
Best k=3
Stratifying 6-th numerical feature ...
Stratifying 6-th numerical feature ...
dp[2][188]=-280.384
dp[3][188]=-438.208
dp[4][188]=-534.913
dp[5][188]=-489.428
dp[6][188]=-439.028
dp[7][188]=-360.714
dp[8][188]=-258.081
dp[9][188]=-127.954
dp[10][188]=9.56696
dp[11][188]=149.894
dp[12][188]=303.364
dp[13][188]=481.489
Select best dp
Best k=4
Stratifying 10-th numerical feature ...
dp[2][188]=-169.782
dp[3][188]=-213.271
dp[4][188]=-159.942
dp[5][188]=-72.1952
dp[6][188]=31.3352
dp[7][188]=150.942
dp[8][188]=280.736
dp[9][188]=411.929
dp[10][188]=546.651
dp[11][188]=683.345
dp[12][188]=834.598
dp[13][188]=994.187
Select best dp
Best k=3
Stratifying 6-th numerical feature ...
dp[2][188]=-1317.07
dp[3][188]=-1561.87
dp[4][188]=-1561.58
dp[5][188]=-1539.31
dp[6][188]=-1495.6
dp[7][188]=-1409.38
dp[8][188]=-1312.66
dp[9][188]=-1197.69
dp[10][188]=-1073.56
dp[11][188]=-928.715
dp[12][188]=-778.12
dp[13][188]=-620.446
Select best dp
Best k=3
Stratifying 5-th numerical feature ...
dp[2][188]=139.929
dp[3][188]=176.015
dp[4][188]=225.56
dp[5][188]=314.112
dp[6][188]=408.815
dp[7][188]=515.478
dp[8][188]=642.835
dp[9][188]=775.464
dp[10][188]=912.562
dp[11][188]=1052.23
dp[12][188]=1207.89
dp[13][188]=1396.37
Select best dp
Best k=2
Stratifying 12-th numerical feature ...
dp[2][188]=-280.384
dp[3][188]=-438.208
dp[4][188]=-534.913
dp[5][188]=-489.428
dp[6][188]=-439.028
dp[7][188]=-360.714
dp[8][188]=-261.336
dp[9][188]=-161.738
dp[10][188]=-34.1544
dp[11][188]=97.6169
dp[12][188]=235.138
dp[13][188]=373.328
Select best dp
Best k=4
dp[2][188]=9.13415
dp[3][188]=42.7666
dp[4][188]=130.079
dp[5][188]=237.647
dp[6][188]=364.36
dp[7][188]=495.11
dp[8][188]=648.772
dp[9][188]=804.373
dp[10][188]=964.46
dp[11][188]=1126.16
dp[12][188]=1293.48
dp[13][188]=1484.8
Select best dp
Best k=2
Stratifying 10-th numerical feature ...
Stratifying 12-th numerical feature ...
dp[2][188]=-9e+10
dp[3][188]=-9e+10
dp[4][188]=-9e+10
dp[5][188]=-9e+10
dp[6][188]=-9e+10
dp[7][188]=-9e+10
dp[8][188]=-9e+10
dp[9][188]=-9e+10
dp[10][188]=-9e+10
dp[11][188]=-9e+10
dp[12][188]=-9e+10
dp[13][188]=-9e+10
Select best dp
Best k=5
Stratifying 9-th numerical feature ...
dp[2][188]=-9e+10
dp[3][188]=-9e+10
dp[4][188]=-9e+10
dp[5][188]=-9e+10
dp[6][188]=-9e+10
dp[7][188]=-9e+10
dp[8][188]=-9e+10
dp[9][188]=-9e+10
dp[10][188]=-9e+10
dp[11][188]=-9e+10
dp[12][188]=-9e+10
dp[13][188]=-9e+10
Select best dp
Best k=5
Stratifying 9-th numerical feature ...
dp[2][188]=-248.086
dp[3][188]=-432.674
dp[4][188]=-584.058
dp[5][188]=-559.671
dp[6][188]=-484.422
dp[7][188]=-372.301
dp[8][188]=-264.009
dp[9][188]=-154.52
dp[10][188]=-36.1858
dp[11][188]=95.4757
dp[12][188]=238.042
dp[13][188]=402.399
Select best dp
Best k=4
Stratifying 11-th numerical feature ...
dp[2][188]=-2060.18
dp[3][188]=-2252.26
dp[4][188]=-2260.03
dp[5][188]=-2212.02
dp[6][188]=-2136.99
dp[7][188]=-2037.92
dp[8][188]=-1937.17
dp[9][188]=-1819.94
dp[10][188]=-1692.66
dp[11][188]=-1554.16
dp[12][188]=-1409.56
dp[13][188]=-1217.58
Select best dp
Best k=4
Stratifying 7-th numerical feature ...
dp[2][188]=100.728
dp[3][188]=150.631
dp[4][188]=225.722
dp[5][188]=316.013
dp[6][188]=413.353
dp[7][188]=534.297
dp[8][188]=658.152
dp[9][188]=795.296
dp[10][188]=943.664
dp[11][188]=1092.51
dp[12][188]=1252.67
dp[13][188]=1419.79
Select best dp
Best k=2
Stratifying 13-th numerical feature ...
dp[2][188]=-32.6688
dp[3][188]=42.0902
dp[4][188]=135.657
dp[5][188]=226.709
dp[6][188]=333.291
dp[7][188]=468.487
dp[8][188]=606.431
dp[9][188]=762.414
dp[10][188]=926.832
dp[11][188]=1093.92
dp[12][188]=1265.5
dp[13][188]=1447.79
Select best dp
Best k=2
Stratifying 13-th numerical feature ...
dp[2][188]=-282.246
dp[3][188]=-427.959
dp[4][188]=-568.764
dp[5][188]=-553.578
dp[6][188]=-480.028
dp[7][188]=-391.399
dp[8][188]=-260.46
dp[9][188]=-112.471
Select best dp
Best k=4
Stratifying 8-th numerical feature ...
dp[2][188]=-248.086
dp[3][188]=-432.674
dp[4][188]=-584.058
dp[5][188]=-559.671
dp[6][188]=-484.422
dp[7][188]=-377.715
dp[8][188]=-272.438
dp[9][188]=-165.105
dp[10][188]=-51.9654
dp[11][188]=61.49
dp[12][188]=198.475
dp[13][188]=337.809
Select best dp
Best k=4
Stratifying 11-th numerical feature ...
dp[2][188]=-9.30347e+09
dp[3][188]=-9.30347e+09
dp[4][188]=-9.30347e+09
dp[5][188]=-9.30347e+09
dp[6][188]=-9.30347e+09
dp[7][188]=-9.30347e+09
dp[8][188]=-9.30347e+09
dp[9][188]=-9.30347e+09
dp[10][188]=-9.30347e+09
dp[11][188]=-9.30347e+09
dp[12][188]=-9.30347e+09
dp[13][188]=-9.30347e+09
Select best dp
Best k=5
Stratifying 10-th numerical feature ...
dp[2][188]=-5e+10
dp[3][188]=-5e+10
dp[4][188]=-5e+10
dp[5][188]=-5e+10
dp[6][188]=-5e+10
dp[7][188]=-5e+10
dp[8][188]=-5e+10
dp[9][188]=-5e+10
dp[10][188]=-5e+10
dp[11][188]=-5e+10
dp[12][188]=-5e+10
dp[13][188]=-5e+10
Select best dp
Best k=5
Stratifying 10-th numerical feature ...
dp[2][188]=-677.735
dp[3][188]=-613.175
dp[4][188]=-498.84
dp[5][188]=-370.665
dp[6][188]=-214.078
dp[7][188]=-49.2144
dp[8][188]=128.386
dp[9][188]=306.814
dp[10][188]=484.761
dp[11][188]=666.788
dp[12][188]=853.69
dp[13][188]=1072.41
Select best dp
Best k=2
dp[2][188]=-104.187
dp[3][188]=-136.844
dp[4][188]=-104.916
dp[5][188]=-50.7184
dp[6][188]=27.4108
dp[7][188]=117.561
dp[8][188]=243.191
dp[9][188]=372.886
dp[10][188]=509.346
dp[11][188]=646.527
dp[12][188]=800.14
dp[13][188]=994.841
Select best dp
Best k=3
Stratifying 7-th numerical feature ...
Stratifying 12-th numerical feature ...
dp[2][188]=-3785.65
dp[3][188]=-4214.57
dp[4][188]=-4378.42
dp[5][188]=-4415.12
dp[6][188]=-4424.53
dp[7][188]=-4401.32
dp[8][188]=-4359.66
dp[9][188]=-4301.66
dp[10][188]=-4234.56
dp[11][188]=-4139.51
dp[12][188]=-4020.31
dp[13][188]=-3827.74
Select best dp
Best k=6
Stratifying 7-th numerical feature ...
dp[2][188]=-1204.03
dp[3][188]=-1271.42
dp[4][188]=-1241.57
dp[5][188]=-1158.44
dp[6][188]=-1060.71
dp[7][188]=-947.594
dp[8][188]=-823.679
dp[9][188]=-692.223
dp[10][188]=-556.126
dp[11][188]=-413.655
dp[12][188]=-256.049
dp[13][188]=-81.9076
Select best dp
Best k=3
Stratifying 7-th numerical feature ...
dp[2][188]=-2229.72
dp[3][188]=-2407.22
dp[4][188]=-2415.46
dp[5][188]=-2380.85
dp[6][188]=-2301.84
dp[7][188]=-2208.96
dp[8][188]=-2108.35
dp[9][188]=-1991.43
dp[10][188]=-1868.23
dp[11][188]=-1728.58
dp[12][188]=-1573.85
dp[13][188]=-1368.92
Select best dp
Best k=4
Stratifying 7-th numerical feature ...
dp[2][188]=-2229.72
dp[3][188]=-2407.22
dp[4][188]=-2415.46
dp[5][188]=-2380.85
dp[6][188]=-2301.84
dp[7][188]=-2208.96
dp[8][188]=-2108.35
dp[9][188]=-1991.43
dp[10][188]=-1868.23
dp[11][188]=-1728.58
dp[12][188]=-1573.85
dp[13][188]=-1368.92
Select best dp
Best k=4
Stratifying 7-th numerical feature ...
dp[2][188]=147.541
dp[3][188]=128.841
dp[4][188]=190.209
dp[5][188]=252.949
dp[6][188]=363.451
dp[7][188]=488.798
dp[8][188]=619.628
dp[9][188]=757.926
dp[10][188]=901.209
dp[11][188]=1048.52
dp[12][188]=1219.7
dp[13][188]=1411.31
Select best dp
Best k=3
Stratifying 14-th numerical feature ...
dp[2][188]=83.6608
dp[3][188]=114.245
dp[4][188]=186.328
dp[5][188]=289.057
dp[6][188]=397.646
dp[7][188]=521.863
dp[8][188]=667.484
dp[9][188]=824.059
dp[10][188]=983.448
dp[11][188]=1143.84
dp[12][188]=1320.44
dp[13][188]=1500.62
Select best dp
Best k=2
Stratifying 14-th numerical feature ...
dp[2][188]=-104.187
dp[3][188]=-136.844
dp[4][188]=-104.916
dp[5][188]=-50.7184
dp[6][188]=27.4108
dp[7][188]=117.561
dp[8][188]=228.476
dp[9][188]=354.549
dp[10][188]=484.243
dp[11][188]=620.704
dp[12][188]=757.544
dp[13][188]=899.997
Select best dp
Best k=3
Stratifying 12-th numerical feature ...
dp[2][188]=-163.683
dp[3][188]=-149.415
dp[4][188]=-105.177
dp[5][188]=-59.8837
dp[6][188]=-0.903987
dp[7][188]=106.451
dp[8][188]=214.113
dp[9][188]=346.07
dp[10][188]=492.691
dp[11][188]=639.939
dp[12][188]=798.282
dp[13][188]=968.198
Select best dp
Best k=2
Stratifying 13-th numerical feature ...
dp[2][188]=-408.499
dp[3][188]=-488.109
dp[4][188]=-452.391
dp[5][188]=-389.903
dp[6][188]=-290.884
dp[7][188]=-176.973
dp[8][188]=-63.2371
dp[9][188]=61.2891
dp[10][188]=192.271
dp[11][188]=331.338
dp[12][188]=485.098
dp[13][188]=638.969
Select best dp
Best k=3
Stratifying 6-th numerical feature ...
dp[2][188]=-299.079
dp[3][188]=-453.281
dp[4][188]=-568.503
dp[5][188]=-602.91
dp[6][188]=-529.851
dp[7][188]=-438.309
dp[8][188]=-309.785
dp[9][188]=-147.178
Select best dp
Best k=5
Stratifying 9-th numerical feature ...
dp[2][188]=-8e+10
dp[3][188]=-8e+10
dp[4][188]=-8e+10
dp[5][188]=-8e+10
dp[6][188]=-8e+10
dp[7][188]=-8e+10
dp[8][188]=-8e+10
dp[9][188]=-8e+10
dp[10][188]=-8e+10
dp[11][188]=-8e+10
dp[12][188]=-8e+10
dp[13][188]=-8e+10
Select best dp
Best k=5
Stratifying 11-th numerical feature ...
dp[2][188]=-8e+10
dp[3][188]=-8e+10
dp[4][188]=-8e+10
dp[5][188]=-8e+10
dp[6][188]=-8e+10
dp[7][188]=-8e+10
dp[8][188]=-8e+10
dp[9][188]=-8e+10
dp[10][188]=-8e+10
dp[11][188]=-8e+10
dp[12][188]=-8e+10
dp[13][188]=-8e+10
Select best dp
Best k=5
Stratifying 11-th numerical feature ...
dp[2][188]=-268.931
dp[3][188]=-406.377
dp[4][188]=-535.456
dp[5][188]=-515.156
dp[6][188]=-436.246
dp[7][188]=-345.778
dp[8][188]=-245.28
dp[9][188]=-128.295
dp[10][188]=-4.46827
dp[11][188]=126.304
dp[12][188]=271.267
dp[13][188]=454.314
Select best dp
Best k=4
Stratifying 8-th numerical feature ...
dp[2][188]=-334.043
dp[3][188]=-538.885
dp[4][188]=-710.968
dp[5][188]=-690.173
dp[6][188]=-628.618
dp[7][188]=-553.997
dp[8][188]=-465.954
dp[9][188]=-370.901
dp[10][188]=-257.764
dp[11][188]=-128.663
dp[12][188]=24.4085
dp[13][188]=203.662
Select best dp
Best k=4
Stratifying 15-th numerical feature ...
dp[2][188]=-97.5554
dp[3][188]=-151.998
dp[4][188]=-190.459
dp[5][188]=-109.904
dp[6][188]=-1.61989
dp[7][188]=112.111
dp[8][188]=238.264
dp[9][188]=366.703
dp[10][188]=502.57
dp[11][188]=653.455
dp[12][188]=814.229
dp[13][188]=997.579
Select best dp
Best k=4
Stratifying 15-th numerical feature ...
dp[2][188]=-163.683
dp[3][188]=-149.415
dp[4][188]=-105.177
dp[5][188]=-59.8837
dp[6][188]=-0.903987
dp[7][188]=95.8296
dp[8][188]=203.185
dp[9][188]=334.513
dp[10][188]=474.873
dp[11][188]=619.902
dp[12][188]=764.985
dp[13][188]=911.097
Select best dp
Best k=2
dp[2][188]=-18.9557
dp[3][188]=-92.4664
dp[4][188]=-57.3899
dp[5][188]=-16.0627
dp[6][188]=47.9075
dp[7][188]=146.165
dp[8][188]=254.346
dp[9][188]=389.842
dp[10][188]=531.35
Stratifying 13-th numerical feature ...
dp[11][188]=680.836
dp[12][188]=845.681
dp[13][188]=1015.58
Select best dp
Best k=3
Stratifying 14-th numerical feature ...
dp[2][188]=80.1999
dp[3][188]=124.666
dp[4][188]=178.726
dp[5][188]=300.039
dp[6][188]=439.575
dp[7][188]=586.216
dp[8][188]=740.618
dp[9][188]=897.051
dp[10][188]=1055.18
dp[11][188]=1220.39
dp[12][188]=1391.64
dp[13][188]=1577.56
Select best dp
Best k=2
Stratifying 8-th numerical feature ...
dp[2][188]=-644.449
dp[3][188]=-980.547
dp[4][188]=-1318.61
dp[5][188]=-1408.54
dp[6][188]=-1399.93
dp[7][188]=-1375.85
dp[8][188]=-1328.49
dp[9][188]=-1257.73
dp[10][188]=-1170.42
dp[11][188]=-1080.59
dp[12][188]=-958.445
dp[13][188]=-775.864
Select best dp
Best k=5
Stratifying 8-th numerical feature ...
dp[2][188]=4.59776
dp[3][188]=-8.56311
dp[4][188]=-15.9319
dp[5][188]=59.6376
dp[6][188]=177.834
dp[7][188]=297.734
dp[8][188]=432.026
dp[9][188]=570.86
dp[10][188]=714.164
dp[11][188]=859.982
dp[12][188]=1021.9
dp[13][188]=1203.39
Select best dp
Best k=4
Stratifying 8-th numerical feature ...
dp[2][188]=-282.125
dp[3][188]=-427.941
dp[4][188]=-568.988
dp[5][188]=-553.673
dp[6][188]=-480.031
dp[7][188]=-391.344
dp[8][188]=-292.826
dp[9][188]=-178.046
dp[10][188]=-55.0575
dp[11][188]=74.9322
dp[12][188]=218.715
dp[13][188]=401.386
Select best dp
Best k=4
Stratifying 8-th numerical feature ...
dp[2][188]=-282.125
dp[3][188]=-427.941
dp[4][188]=-568.988
dp[5][188]=-553.673
dp[6][188]=-480.031
dp[7][188]=-391.344
dp[8][188]=-292.826
dp[9][188]=-178.046
dp[10][188]=-55.0575
dp[11][188]=74.9322
dp[12][188]=218.715
dp[13][188]=401.386
Select best dp
Best k=4
Stratifying 8-th numerical feature ...
dp[2][188]=132.757
dp[3][188]=175.081
dp[4][188]=222.662
dp[5][188]=285.031
dp[6][188]=381.371
dp[7][188]=501.733
dp[8][188]=631.306
dp[9][188]=774.178
dp[10][188]=922.098
dp[11][188]=1069.7
dp[12][188]=1222.99
dp[13][188]=1388.04
Select best dp
Best k=2
Stratifying 16-th numerical feature ...
dp[2][188]=-32.3804
dp[3][188]=-14.3792
dp[4][188]=39.9218
dp[5][188]=103.776
dp[6][188]=242.662
dp[7][188]=375.919
dp[8][188]=526.061
dp[9][188]=675.791
dp[10][188]=827.807
dp[11][188]=990.891
dp[12][188]=1163.53
dp[13][188]=1359.58
Select best dp
Best k=2
Stratifying 16-th numerical feature ...
dp[2][188]=-104.187
dp[3][188]=-136.844
dp[4][188]=-104.916
dp[5][188]=-50.7184
dp[6][188]=27.4108
dp[7][188]=117.561
dp[8][188]=228.476
dp[9][188]=354.549
dp[10][188]=484.243
dp[11][188]=618.66
dp[12][188]=750.61
dp[13][188]=887.07
Select best dp
Best k=3
Stratifying 12-th numerical feature ...
dp[2][188]=-104.187
dp[3][188]=-5e+10
dp[4][188]=-5e+10
dp[5][188]=-5e+10
dp[6][188]=-5e+10
dp[7][188]=-5e+10
dp[8][188]=-5e+10
dp[9][188]=-5e+10
dp[10][188]=-5e+10
dp[11][188]=-5e+10
dp[12][188]=-5e+10
dp[13][188]=-5e+10
Select best dp
Best k=5
Stratifying 12-th numerical feature ...
dp[2][188]=-270.816
dp[3][188]=-424.077
dp[4][188]=-552.186
dp[5][188]=-510.514
dp[6][188]=-432.256
dp[7][188]=-353.759
dp[8][188]=-258.288
dp[9][188]=-158.731
dp[10][188]=-43.9251
dp[11][188]=89.0341
dp[12][188]=242.5
dp[13][188]=421.097
Select best dp
Best k=4
Stratifying 15-th numerical feature ...
dp[2][188]=-280.594
dp[3][188]=-438.285
dp[4][188]=-533.959
dp[5][188]=-478.561
dp[6][188]=-427.902
dp[7][188]=-349.558
dp[8][188]=-217.008
dp[9][188]=-45.9652
Select best dp
Best k=4
Stratifying 10-th numerical feature ...
dp[2][188]=-18.9557
dp[3][188]=-92.4664
dp[4][188]=-57.3899
dp[5][188]=-16.0627
dp[6][188]=47.9075
dp[7][188]=146.165
dp[8][188]=254.346
dp[9][188]=373.823
dp[10][188]=500.951
dp[11][188]=634.599
dp[12][188]=774.625
dp[13][188]=919.679
Select best dp
Best k=3
Stratifying 14-th numerical feature ...
dp[2][188]=-205.974
dp[3][188]=-195.456
dp[4][188]=-192.52
dp[5][188]=-101.333
dp[6][188]=10.6542
dp[7][188]=123.694
dp[8][188]=247.752
dp[9][188]=389.218
dp[10][188]=531.75
dp[11][188]=684.137
dp[12][188]=850.75
dp[13][188]=1017.87
Select best dp
Best k=2
dp[2][188]=80.4742
dp[3][188]=177.464
dp[4][188]=270.662
dp[5][188]=407.987
dp[6][188]=555.711
dp[7][188]=703.961
dp[8][188]=857.721
dp[9][188]=1020.18
dp[10][188]=1183.18
dp[11][188]=1351.11
dp[12][188]=1526.14
dp[13][188]=1701.43
Select best dp
Best k=2
dp[2][188]=-270.57
dp[3][188]=-402.607
dp[4][188]=-508.488
dp[5][188]=-526.717
dp[6][188]=-446.553
dp[7][188]=-353.585
dp[8][188]=-243.311
dp[9][188]=-128.995
dp[10][188]=-12.6538
dp[11][188]=111.26
dp[12][188]=249.567
dp[13][188]=454.643
Select best dp
Best k=5
Stratifying 9-th numerical feature ...
dp[2][188]=-1731.35
dp[3][188]=-1882.95
dp[4][188]=-1882.14
dp[5][188]=-1817.53
dp[6][188]=-1741.55
dp[7][188]=-1640.48
dp[8][188]=-1527.41
dp[9][188]=-1410.92
dp[10][188]=-1287.42
dp[11][188]=-1149.32
dp[12][188]=-1002.1
dp[13][188]=-818.882
Select best dp
Best k=3
Stratifying 7-th numerical feature ...
dp[2][188]=-143.842
dp[3][188]=-201.511
dp[4][188]=-213.047
dp[5][188]=-206.368
dp[6][188]=-110.771
dp[7][188]=-9.07802
dp[8][188]=115.794
dp[9][188]=242.871
dp[10][188]=375.142
dp[11][188]=520.935
dp[12][188]=678.547
dp[13][188]=865.183
Select best dp
Best k=4
Stratifying 16-th numerical feature ...
dp[2][188]=-163.683
dp[3][188]=-149.415
dp[4][188]=-105.177
dp[5][188]=-59.8837
dp[6][188]=-0.903987
dp[7][188]=95.8296
dp[8][188]=203.185
dp[9][188]=321.323
dp[10][188]=449.11
dp[11][188]=591.687
dp[12][188]=734.052
dp[13][188]=876.629
Select best dp
Best k=2
Stratifying 13-th numerical feature ...
dp[2][188]=82.4259
dp[3][188]=124.975
dp[4][188]=178.004
dp[5][188]=307.905
dp[6][188]=446.964
dp[7][188]=606.305
dp[8][188]=766.182
dp[9][188]=931.979
dp[10][188]=1098.23
dp[11][188]=1267.95
dp[12][188]=1439.9
dp[13][188]=1639.16
Select best dp
Best k=2
Stratifying 9-th numerical feature ...
dp[2][188]=-163.683
dp[3][188]=-5e+10
dp[4][188]=-5e+10
dp[5][188]=-5e+10
dp[6][188]=-5e+10
dp[7][188]=-5e+10
dp[8][188]=-5e+10
dp[9][188]=-5e+10
dp[10][188]=-5e+10
dp[11][188]=-5e+10
dp[12][188]=-5e+10
dp[13][188]=-5e+10
Select best dp
Best k=4
Stratifying 13-th numerical feature ...
dp[2][188]=-650.955
dp[3][188]=-974.799
dp[4][188]=-1285.52
dp[5][188]=-1440.59
dp[6][188]=-1431.93
dp[7][188]=-1408.13
dp[8][188]=-1352.41
dp[9][188]=-1286.27
dp[10][188]=-1219.62
dp[11][188]=-1145.8
dp[12][188]=-1035.88
dp[13][188]=-830.685
Select best dp
Best k=5
Stratifying 9-th numerical feature ...
dp[2][188]=-1.92385
dp[3][188]=-13.6487
dp[4][188]=-14.1184
dp[5][188]=39.9622
dp[6][188]=156.041
dp[7][188]=273.805
dp[8][188]=399.51
dp[9][188]=531.297
dp[10][188]=665.338
dp[11][188]=801.794
dp[12][188]=957.635
dp[13][188]=1143.6
Select best dp
Best k=4
Stratifying 9-th numerical feature ...
dp[2][188]=-270.816
dp[3][188]=-424.077
dp[4][188]=-552.186
dp[5][188]=-510.514
dp[6][188]=-432.256
dp[7][188]=-353.759
dp[8][188]=-261.68
dp[9][188]=-162.316
dp[10][188]=-62.7586
dp[11][188]=52.4328
dp[12][188]=183.021
dp[13][188]=314.826
Select best dp
Best k=4
Stratifying 15-th numerical feature ...
dp[2][188]=-284.265
dp[3][188]=-424.912
dp[4][188]=-538.095
dp[5][188]=-565.927
dp[6][188]=-489.881
dp[7][188]=-397.883
dp[8][188]=-287.31
dp[9][188]=-175.374
dp[10][188]=-57.1874
dp[11][188]=66.0482
dp[12][188]=203.588
dp[13][188]=406.95
Select best dp
Best k=5
Stratifying 9-th numerical feature ...
dp[2][188]=-284.265
dp[3][188]=-424.912
dp[4][188]=-538.095
dp[5][188]=-565.927
dp[6][188]=-489.881
dp[7][188]=-397.883
dp[8][188]=-287.31
dp[9][188]=-175.374
dp[10][188]=-57.1874
dp[11][188]=66.0482
dp[12][188]=203.588
dp[13][188]=406.95
Select best dp
Best k=5
Stratifying 9-th numerical feature ...
dp[2][188]=-248.668
dp[3][188]=-432.87
dp[4][188]=-584.714
dp[5][188]=-560.431
dp[6][188]=-485.271
dp[7][188]=-372.576
dp[8][188]=-258.475
dp[9][188]=-54.725
Select best dp
Best k=4
Stratifying 11-th numerical feature ...
dp[2][188]=-205.974
dp[3][188]=-195.456
dp[4][188]=-192.52
dp[5][188]=-101.333
dp[6][188]=10.6542
dp[7][188]=123.694
dp[8][188]=247.752
dp[9][188]=389.218
dp[10][188]=531.75
dp[11][188]=684.137
dp[12][188]=850.75
dp[13][188]=1017.87
Select best dp
Best k=2
dp[2][188]=-18.9557
dp[3][188]=-92.4664
dp[4][188]=-57.3899
dp[5][188]=-16.0627
dp[6][188]=47.9075
dp[7][188]=146.165
dp[8][188]=254.346
dp[9][188]=373.823
dp[10][188]=497.683
dp[11][188]=624.934
dp[12][188]=758.583
dp[13][188]=892.558
Select best dp
Best k=3
Stratifying 14-th numerical feature ...
dp[2][188]=-143.842
dp[3][188]=-201.511
dp[4][188]=-213.047
dp[5][188]=-206.368
dp[6][188]=-110.771
dp[7][188]=-9.07802
dp[8][188]=114.204
dp[9][188]=241.94
dp[10][188]=370.607
dp[11][188]=502.878
dp[12][188]=644.409
dp[13][188]=789.923
Select best dp
Best k=4
Stratifying 16-th numerical feature ...
dp[2][188]=-267.362
dp[3][188]=-411.827
dp[4][188]=-500.791
dp[5][188]=-449.331
dp[6][188]=-397.336
dp[7][188]=-314.517
dp[8][188]=-210.691
dp[9][188]=-81.6805
dp[10][188]=56.1142
dp[11][188]=196.783
dp[12][188]=351.637
dp[13][188]=530.04
Select best dp
Best k=4
Stratifying 10-th numerical feature ...
dp[2][188]=-18.9557
dp[3][188]=-5e+10
dp[4][188]=-5e+10
dp[5][188]=-5e+10
dp[6][188]=-5e+10
dp[7][188]=-5e+10
dp[8][188]=-5e+10
dp[9][188]=-5e+10
dp[10][188]=-5e+10
dp[11][188]=-5e+10
dp[12][188]=-5e+10
dp[13][188]=-5e+10
Select best dp
Best k=4
Stratifying 14-th numerical feature ...
dp[2][188]=78.0579
dp[3][188]=122.649
dp[4][188]=191.203
dp[5][188]=311.393
dp[6][188]=449.72
dp[7][188]=599.942
dp[8][188]=755.25
dp[9][188]=923.334
dp[10][188]=1091.43
dp[11][188]=1266.45
dp[12][188]=1441.72
dp[13][188]=1640.24
Select best dp
Best k=2
Stratifying 10-th numerical feature ...
dp[2][188]=-643.692
dp[3][188]=-1021.65
dp[4][188]=-1261.06
dp[5][188]=-1297.89
dp[6][188]=-1340.57
dp[7][188]=-1322.28
dp[8][188]=-1272.64
dp[9][188]=-1183.18
dp[10][188]=-1085.93
dp[11][188]=-981.108
dp[12][188]=-842.251
dp[13][188]=-681.285
Select best dp
Best k=6
Stratifying 10-th numerical feature ...
dp[2][188]=-8.93383
dp[3][188]=-33.4195
dp[4][188]=2.74066
dp[5][188]=97.7406
dp[6][188]=191.771
dp[7][188]=315.733
dp[8][188]=444.819
dp[9][188]=586.272
dp[10][188]=729.085
dp[11][188]=877.375
dp[12][188]=1046.51
dp[13][188]=1220.15
Select best dp
Best k=3
Stratifying 10-th numerical feature ...
dp[2][188]=-103.828
dp[3][188]=-136.134
dp[4][188]=-104.332
dp[5][188]=-41.0513
dp[6][188]=49.221
dp[7][188]=143.391
dp[8][188]=274.659
dp[9][188]=407.878
Select best dp
Best k=3
Stratifying 12-th numerical feature ...
dp[2][188]=-280.384
dp[3][188]=-438.208
dp[4][188]=-534.913
dp[5][188]=-489.428
dp[6][188]=-439.028
dp[7][188]=-360.714
dp[8][188]=-258.081
dp[9][188]=-127.954
dp[10][188]=9.56696
dp[11][188]=149.894
dp[12][188]=303.364
dp[13][188]=481.489
Select best dp
Best k=4
Stratifying 10-th numerical feature ...
dp[2][188]=-280.384
dp[3][188]=-438.208
dp[4][188]=-534.913
dp[5][188]=-489.428
dp[6][188]=-439.028
dp[7][188]=-360.714
dp[8][188]=-258.081
dp[9][188]=-127.954
dp[10][188]=9.56696
dp[11][188]=149.894
dp[2][188]=-233.176
dp[12][188]=303.364
dp[3][188]=-408.488
dp[13][188]=481.489
dp[4][188]=-551.15
Select best dp
dp[5][188]=-521.997
Best k=4
dp[6][188]=-442.396
dp[7][188]=-327.888
dp[8][188]=-219.542
dp[9][188]=-109.295
dp[10][188]=11.276
dp[11][188]=143.68
dp[12][188]=286.788
dp[13][188]=451.055
Select best dp
Best k=4
Stratifying 11-th numerical feature ...
Stratifying 10-th numerical feature ...
dp[2][188]=-247.329
dp[3][188]=-380.735
dp[4][188]=-502.07
dp[5][188]=-477.523
dp[6][188]=-396.869
dp[7][188]=-305.119
dp[8][188]=-202.834
dp[9][188]=-83.7639
dp[10][188]=40.2313
dp[11][188]=171.522
dp[12][188]=321.478
dp[13][188]=502.838
Select best dp
Best k=4
Stratifying 8-th numerical feature ...
dp[2][188]=-205.974
dp[3][188]=-195.456
dp[4][188]=-192.52
dp[5][188]=-101.333
dp[6][188]=10.6542
dp[7][188]=123.694
dp[8][188]=247.752
dp[9][188]=387.193
dp[10][188]=527.139
dp[11][188]=672.176
dp[12][188]=821.505
dp[13][188]=971.687
Select best dp
Best k=2
dp[2][188]=-9.1507e+09
dp[3][188]=-9.1507e+09
dp[4][188]=-9.1507e+09
dp[5][188]=-9.1507e+09
dp[6][188]=-9.1507e+09
dp[7][188]=-9.1507e+09
dp[8][188]=-9.1507e+09
dp[9][188]=-9.1507e+09
dp[10][188]=-9.1507e+09
dp[11][188]=-9.1507e+09
dp[12][188]=-9.1507e+09
dp[13][188]=-9.1507e+09
Select best dp
Best k=5
Stratifying 15-th numerical feature ...
dp[2][188]=-5e+10
dp[3][188]=-5e+10
dp[4][188]=-5e+10
dp[5][188]=-5e+10
dp[6][188]=-5e+10
dp[7][188]=-5e+10
dp[8][188]=-5e+10
dp[9][188]=-5e+10
dp[10][188]=-5e+10
dp[11][188]=-5e+10
dp[12][188]=-5e+10
dp[13][188]=-5e+10
Select best dp
Best k=5
Stratifying 15-th numerical feature ...
dp[2][188]=-43.1354
dp[3][188]=-68.2272
dp[4][188]=-33.2446
dp[5][188]=25.2316
dp[6][188]=104.171
dp[7][188]=192.466
dp[8][188]=317.467
dp[9][188]=442.784
dp[10][188]=578.793
dp[11][188]=715.712
dp[12][188]=865.066
dp[13][188]=1052.83
Select best dp
Best k=3
Stratifying 12-th numerical feature ...
dp[2][188]=-248.086
dp[3][188]=-432.674
dp[4][188]=-584.058
dp[5][188]=-559.671
dp[6][188]=-484.422
dp[7][188]=-372.301
dp[8][188]=-264.009
dp[9][188]=-154.52
dp[10][188]=-36.1858
dp[11][188]=95.4757
dp[12][188]=238.042
dp[13][188]=402.399
Select best dp
Best k=4
Stratifying 11-th numerical feature ...
dp[2][188]=-251.604
dp[3][188]=-378.924
dp[4][188]=-479.275
dp[5][188]=-492.026
dp[6][188]=-410.218
dp[7][188]=-316.257
dp[8][188]=-205.571
dp[9][188]=-89.4644
dp[10][188]=27.8491
dp[11][188]=152.42
dp[12][188]=294.822
dp[13][188]=497.508
Select best dp
Best k=5
Stratifying 9-th numerical feature ...
dp[2][188]=-143.842
dp[3][188]=-201.511
dp[4][188]=-213.047
dp[5][188]=-206.368
dp[6][188]=-110.771
dp[7][188]=-9.07802
dp[8][188]=111.999
dp[9][188]=235.281
dp[10][188]=362.627
dp[11][188]=494.898
dp[12][188]=631.455
dp[13][188]=768.61
Select best dp
Best k=4
Stratifying 16-th numerical feature ...
dp[2][188]=-163.576
dp[3][188]=-149.265
dp[4][188]=-105.16
dp[5][188]=-60.3449
dp[6][188]=-0.995048
dp[7][188]=109.418
dp[8][188]=228.714
dp[9][188]=384.496
Select best dp
Best k=2
Stratifying 13-th numerical feature ...
dp[2][188]=83.6189
dp[3][188]=129.575
dp[4][188]=187.627
dp[5][188]=310.713
dp[6][188]=452.645
dp[7][188]=611.963
dp[8][188]=776.379
dp[9][188]=940.017
dp[10][188]=1107.08
dp[11][188]=1281.57
dp[12][188]=1461.2
dp[13][188]=1647.3
Select best dp
Best k=2
Stratifying 11-th numerical feature ...
dp[2][188]=-579.792
dp[3][188]=-1016.21
dp[4][188]=-1355.74
dp[5][188]=-1433.86
dp[6][188]=-1425.89
dp[7][188]=-1371.99
dp[8][188]=-1331.44
dp[9][188]=-1280.25
dp[10][188]=-1202.3
dp[11][188]=-1106.04
dp[12][188]=-996.386
dp[13][188]=-849.706
Select best dp
Best k=5
Stratifying 11-th numerical feature ...
dp[2][188]=20.57
dp[3][188]=-36.0185
dp[4][188]=-40.2062
dp[5][188]=40.8107
dp[6][188]=156.336
dp[7][188]=277.668
dp[8][188]=394.392
dp[9][188]=523.544
dp[10][188]=663.31
dp[11][188]=811.587
dp[12][188]=964.329
dp[13][188]=1132.87
Select best dp
Best k=4
dp[2][188]=-5e+10
dp[3][188]=-5e+10
dp[4][188]=-5e+10
dp[5][188]=-5e+10
dp[6][188]=-5e+10
dp[7][188]=-5e+10
dp[8][188]=-5e+10
dp[9][188]=-5e+10
dp[10][188]=-5e+10
dp[11][188]=-5e+10
dp[12][188]=-5e+10
dp[13][188]=-5e+10
Select best dp
Best k=4
Stratifying 11-th numerical feature ...
Stratifying 16-th numerical feature ...
dp[2][188]=-141.851
dp[3][188]=-127.299
dp[4][188]=-92.854
dp[5][188]=-41.0088
dp[6][188]=23.9983
dp[7][188]=130.572
dp[8][188]=238.706
dp[9][188]=368.986
dp[10][188]=513.917
dp[11][188]=660.489
dp[12][188]=818.207
dp[13][188]=985.514
Select best dp
Best k=2
Stratifying 13-th numerical feature ...
dp[2][188]=-104.187
dp[3][188]=-136.844
dp[4][188]=-104.916
dp[5][188]=-50.7184
dp[6][188]=27.4108
dp[7][188]=117.561
dp[8][188]=243.191
dp[9][188]=372.886
dp[10][188]=509.346
dp[11][188]=646.527
dp[12][188]=800.14
dp[13][188]=994.841
Select best dp
Best k=3
Stratifying 12-th numerical feature ...
dp[2][188]=-248.086
dp[3][188]=-432.674
dp[4][188]=-584.058
dp[5][188]=-559.671
dp[6][188]=-484.422
dp[7][188]=-372.301
dp[8][188]=-264.009
dp[9][188]=-154.52
dp[10][188]=-36.1858
dp[11][188]=95.4757
dp[12][188]=238.042
dp[13][188]=402.399
Select best dp
Best k=4
Stratifying 11-th numerical feature ...
dp[2][188]=-247.239
dp[3][188]=-389.616
dp[4][188]=-468.711
dp[5][188]=-413.275
dp[6][188]=-361.352
dp[7][188]=-276.276
dp[8][188]=-169.954
dp[9][188]=-41.0999
dp[10][188]=96.7017
dp[11][188]=237.632
dp[12][188]=393.183
dp[13][188]=570.321
Select best dp
Best k=4
Stratifying 10-th numerical feature ...
dp[2][188]=-205.974
dp[3][188]=-195.456
dp[4][188]=-192.52
dp[5][188]=-101.333
dp[6][188]=10.6542
dp[7][188]=123.694
dp[8][188]=247.752
dp[9][188]=387.193
dp[10][188]=526.743
dp[11][188]=666.689
dp[12][188]=809.61
dp[13][188]=958.826
Select best dp
Best k=2
dp[2][188]=-11.6084
dp[3][188]=-101.455
dp[4][188]=-61.2366
dp[5][188]=-11.8526
dp[6][188]=60.9291
dp[7][188]=166.276
dp[8][188]=272.537
dp[9][188]=408.325
dp[10][188]=549.817
dp[11][188]=697.128
dp[12][188]=859.39
dp[13][188]=1036.47
Select best dp
Best k=3
Stratifying 14-th numerical feature ...
dp[2][188]=-163.683
dp[3][188]=-149.415
dp[4][188]=-105.177
dp[5][188]=-59.8837
dp[6][188]=-0.903987
dp[7][188]=106.451
dp[8][188]=214.113
dp[9][188]=346.07
dp[10][188]=492.691
dp[11][188]=639.939
dp[12][188]=798.282
dp[13][188]=968.198
Select best dp
Best k=2
Stratifying 13-th numerical feature ...
dp[2][188]=-330.828
dp[3][188]=-506.837
dp[4][188]=-594.374
dp[5][188]=-629.881
dp[6][188]=-649.75
dp[7][188]=-646.088
dp[8][188]=-576.465
dp[9][188]=-499.75
dp[10][188]=-410.049
dp[11][188]=-316.114
dp[12][188]=-190.306
dp[13][188]=6.21967
Select best dp
Best k=6
Stratifying 12-th numerical feature ...
dp[2][188]=-205.974
dp[3][188]=-5e+10
dp[4][188]=-5e+10
dp[5][188]=-5e+10
dp[6][188]=-5e+10
dp[7][188]=-5e+10
dp[8][188]=-5e+10
dp[9][188]=-5e+10
dp[10][188]=-5e+10
dp[11][188]=-5e+10
dp[12][188]=-5e+10
dp[13][188]=-5e+10
Select best dp
Best k=5
dp[2][188]=-23.6646
dp[3][188]=-97.5238
dp[4][188]=-55.2243
dp[5][188]=-6.15935
dp[6][188]=88.1317
dp[7][188]=188.318
dp[8][188]=296.415
dp[9][188]=454.936
Select best dp
Best k=3
Stratifying 14-th numerical feature ...
dp[2][188]=122.455
dp[3][188]=222.343
dp[4][188]=360.157
dp[5][188]=520.949
dp[6][188]=691.181
dp[7][188]=866.321
dp[8][188]=1041.81
dp[9][188]=1220.01
dp[10][188]=1398.73
dp[11][188]=1579.88
dp[12][188]=1771.97
dp[13][188]=1967.42
Select best dp
Best k=2
Stratifying 12-th numerical feature ...
dp[2][188]=139.929
dp[3][188]=176.015
dp[4][188]=225.56
dp[5][188]=314.112
dp[6][188]=408.815
dp[7][188]=515.478
dp[8][188]=642.835
dp[9][188]=775.464
dp[10][188]=912.562
dp[11][188]=1052.23
dp[12][188]=1207.89
dp[13][188]=1396.37
Select best dp
Best k=2
Stratifying 12-th numerical feature ...
dp[2][188]=-257.092
dp[3][188]=-402.17
dp[4][188]=-518.145
dp[5][188]=-470.375
dp[6][188]=-390.622
dp[7][188]=-307.544
dp[8][188]=-210.113
dp[9][188]=-109.19
dp[10][188]=7.46452
dp[11][188]=141.231
dp[12][188]=296.069
dp[13][188]=473.565
Select best dp
Best k=4
Stratifying 15-th numerical feature ...
dp[2][188]=-211.607
dp[3][188]=-379.241
dp[4][188]=-517.269
dp[5][188]=-484.994
dp[6][188]=-404.34
dp[7][188]=-290.917
dp[8][188]=-182.682
dp[9][188]=-72.7618
dp[10][188]=49.9925
dp[11][188]=187.554
dp[12][188]=330.512
dp[13][188]=494.491
Select best dp
Best k=4
Stratifying 11-th numerical feature ...
dp[2][188]=-18.9557
dp[3][188]=-92.4664
dp[4][188]=-57.3899
dp[5][188]=-16.0627
dp[6][188]=47.9075
dp[7][188]=146.165
dp[8][188]=254.346
dp[9][188]=389.842
dp[10][188]=531.35
dp[11][188]=680.836
dp[12][188]=845.681
dp[13][188]=1015.58
Select best dp
Best k=3
Stratifying 14-th numerical feature ...
dp[2][188]=-104.187
dp[3][188]=-136.844
dp[4][188]=-104.916
dp[5][188]=-50.7184
dp[6][188]=27.4108
dp[7][188]=117.561
dp[8][188]=243.191
dp[9][188]=372.886
dp[10][188]=509.346
dp[11][188]=646.527
dp[12][188]=800.14
dp[13][188]=994.841
Select best dp
Best k=3
Stratifying 12-th numerical feature ...
dp[2][188]=-426.312
dp[3][188]=-548.117
dp[4][188]=-607.857
dp[5][188]=-641.112
dp[6][188]=-670.572
dp[7][188]=-624.461
dp[8][188]=-571.865
dp[9][188]=-489.128
dp[10][188]=-381.075
dp[11][188]=-271.098
dp[12][188]=-140.446
dp[13][188]=7.00967
Select best dp
Best k=6
Stratifying 13-th numerical feature ...
dp[2][188]=97.8771
dp[3][188]=226.966
dp[4][188]=369.265
dp[5][188]=513.303
dp[6][188]=667.421
dp[7][188]=830.15
dp[8][188]=998.659
dp[9][188]=1173.79
dp[10][188]=1355.77
dp[11][188]=1540.09
dp[12][188]=1724.91
dp[13][188]=1927.2
Select best dp
Best k=2
Stratifying 13-th numerical feature ...
dp[2][188]=-49.3798
dp[3][188]=-90.8603
dp[4][188]=-83.8017
dp[5][188]=-55.3799
dp[6][188]=33.9377
dp[7][188]=135.662
dp[8][188]=258.292
dp[9][188]=386.571
dp[10][188]=516.347
dp[11][188]=661.957
dp[12][188]=817.736
dp[13][188]=1004.09
Select best dp
Best k=3
Stratifying 16-th numerical feature ...
dp[2][188]=-270.816
dp[3][188]=-424.077
dp[4][188]=-552.186
dp[5][188]=-510.514
dp[6][188]=-432.256
dp[7][188]=-353.759
dp[8][188]=-258.288
dp[9][188]=-158.731
dp[10][188]=-43.9251
dp[11][188]=89.0341
dp[12][188]=242.5
dp[13][188]=421.097
Select best dp
Best k=4
Stratifying 15-th numerical feature ...
dp[2][188]=-268.497
dp[3][188]=-419.676
dp[4][188]=-546.121
dp[5][188]=-490.648
dp[6][188]=-411.758
dp[7][188]=-330.938
dp[8][188]=-219.612
dp[9][188]=-71.8691
Select best dp
Best k=4
Stratifying 15-th numerical feature ...
dp[2][188]=-224.189
dp[3][188]=-508.825
dp[4][188]=-590.619
dp[5][188]=-658.485
dp[6][188]=-658.909
dp[7][188]=-625.609
dp[8][188]=-579.27
dp[9][188]=-487.393
dp[10][188]=-382.629
dp[11][188]=-264.243
dp[12][188]=-129.183
dp[13][188]=43.7738
Select best dp
Best k=6
Stratifying 14-th numerical feature ...
dp[2][188]=-27.1289
dp[3][188]=-52.2788
dp[4][188]=-21.3405
dp[5][188]=41.9983
dp[6][188]=117.877
dp[7][188]=205.781
dp[8][188]=329.557
dp[9][188]=454.979
dp[10][188]=588.653
dp[11][188]=723.867
dp[12][188]=873.717
dp[13][188]=1065.42
Select best dp
Best k=3
Stratifying 12-th numerical feature ...
dp[2][188]=186.277
dp[3][188]=320.956
dp[4][188]=426.475
dp[5][188]=569.162
dp[6][188]=733.359
dp[7][188]=883.014
dp[8][188]=1060.18
dp[9][188]=1238.84
dp[10][188]=1418.66
dp[11][188]=1601.89
dp[12][188]=1785.99
dp[13][188]=1982.17
Select best dp
Best k=2
Stratifying 14-th numerical feature ...
dp[2][188]=-324.177
dp[3][188]=-354.539
dp[4][188]=-396.514
dp[5][188]=-320.663
dp[6][188]=-234.758
dp[7][188]=-128.603
dp[8][188]=-4.93873
dp[9][188]=122.059
dp[10][188]=254.106
dp[11][188]=387.364
dp[12][188]=536.626
dp[13][188]=715.342
Select best dp
Best k=4
dp[2][188]=-143.842
dp[3][188]=-201.511
dp[4][188]=-213.047
dp[5][188]=-206.368
dp[6][188]=-110.771
dp[7][188]=-9.07802
dp[8][188]=115.794
dp[9][188]=242.871
dp[10][188]=375.142
dp[11][188]=520.935
dp[12][188]=678.547
dp[13][188]=865.183
Select best dp
Best k=4
Stratifying 16-th numerical feature ...
dp[2][188]=100.728
dp[3][188]=150.631
dp[4][188]=225.722
dp[5][188]=316.013
dp[6][188]=413.353
dp[7][188]=534.297
dp[8][188]=658.152
dp[9][188]=795.296
dp[10][188]=943.664
dp[11][188]=1092.51
dp[12][188]=1252.67
dp[13][188]=1419.79
Select best dp
Best k=2
Stratifying 13-th numerical feature ...
dp[2][188]=-617.338
dp[3][188]=-968.234
dp[4][188]=-1279.06
dp[5][188]=-1315.83
dp[6][188]=-1307.26
dp[7][188]=-1286.21
dp[8][188]=-1256.86
dp[9][188]=-1213.09
dp[10][188]=-1136.94
dp[11][188]=-1040.64
dp[12][188]=-901.784
dp[13][188]=-732.137
Select best dp
Best k=5
Stratifying 15-th numerical feature ...
dp[2][188]=-163.683
dp[3][188]=-149.415
dp[4][188]=-105.177
dp[5][188]=-59.8837
dp[6][188]=-0.903987
dp[7][188]=106.451
dp[8][188]=214.113
dp[9][188]=346.07
dp[10][188]=492.691
dp[11][188]=639.939
dp[12][188]=798.282
dp[13][188]=968.198
Select best dp
Best k=2
Stratifying 13-th numerical feature ...
dp[2][188]=-143.444
dp[3][188]=-200.699
dp[4][188]=-212.007
dp[5][188]=-205.067
dp[6][188]=-109.453
dp[7][188]=3.2215
dp[8][188]=136.369
dp[9][188]=301.908
Select best dp
Best k=4
Stratifying 16-th numerical feature ...
dp[2][188]=75.7053
dp[3][188]=120.081
dp[4][188]=171.269
dp[5][188]=290.706
dp[6][188]=429.006
dp[7][188]=577.892
dp[8][188]=730.456
dp[9][188]=885.817
dp[10][188]=1042.35
dp[11][188]=1209.11
dp[12][188]=1377.19
dp[13][188]=1570.65
Select best dp
Best k=2
Stratifying 15-th numerical feature ...
dp[2][188]=-128.708
dp[3][188]=-110.853
dp[4][188]=-73.7478
dp[5][188]=-21.7369
dp[6][188]=41.2552
dp[7][188]=149.436
dp[8][188]=258.715
dp[9][188]=389.48
dp[10][188]=533.749
dp[11][188]=678.849
dp[12][188]=835.867
dp[13][188]=1000.7
Select best dp
Best k=2
Stratifying 13-th numerical feature ...
dp[2][188]=-205.974
dp[3][188]=-195.456
dp[4][188]=-192.52
dp[5][188]=-101.333
dp[6][188]=10.6542
dp[7][188]=123.694
dp[8][188]=247.752
dp[9][188]=389.218
dp[10][188]=531.75
dp[11][188]=684.137
dp[12][188]=850.75
dp[13][188]=1017.87
Select best dp
Best k=2
dp[2][188]=-366.766
dp[3][188]=-575.775
dp[4][188]=-720.369
dp[5][188]=-828.041
dp[6][188]=-818.256
dp[7][188]=-783.787
dp[8][188]=-712.328
dp[9][188]=-628.612
dp[10][188]=-531.117
dp[11][188]=-420.712
dp[12][188]=-292.968
dp[13][188]=-127.742
Select best dp
Best k=5
Stratifying 16-th numerical feature ...
dp[2][188]=-205.974
dp[3][188]=-195.456
dp[4][188]=-192.52
dp[5][188]=-101.333
dp[6][188]=10.6542
dp[7][188]=123.694
dp[8][188]=250.505
dp[9][188]=415.799
Select best dp
Best k=2
dp[2][188]=147.541
dp[3][188]=128.841
dp[4][188]=190.209
dp[5][188]=252.949
dp[6][188]=363.451
dp[7][188]=488.798
dp[8][188]=619.628
dp[9][188]=757.926
dp[10][188]=901.209
dp[11][188]=1048.52
dp[12][188]=1219.7
dp[13][188]=1411.31
Select best dp
Best k=3
Stratifying 14-th numerical feature ...
dp[2][188]=79.0815
dp[3][188]=171.397
dp[4][188]=291.535
dp[5][188]=413.92
dp[6][188]=586.871
dp[7][188]=753.19
dp[8][188]=926.982
dp[9][188]=1100.98
dp[10][188]=1279.58
dp[11][188]=1460.85
dp[12][188]=1647.98
dp[13][188]=1853.97
Select best dp
Best k=2
Stratifying 16-th numerical feature ...
dp[2][188]=4.66037
dp[3][188]=-80.8296
dp[4][188]=-45.3916
dp[5][188]=4.26416
dp[6][188]=80.3538
dp[7][188]=183.556
dp[8][188]=291.533
dp[9][188]=425.407
dp[10][188]=566.354
dp[11][188]=712.919
dp[12][188]=873.626
dp[13][188]=1051.47
Select best dp
Best k=3
Stratifying 14-th numerical feature ...
dp[2][188]=-778.87
dp[3][188]=-941.295
dp[4][188]=-1118.88
dp[5][188]=-1119.97
dp[6][188]=-1079.46
dp[7][188]=-1036.84
dp[8][188]=-972.185
dp[9][188]=-872.714
dp[10][188]=-771.111
dp[11][188]=-649.798
dp[12][188]=-500.033
dp[13][188]=-349.248
Select best dp
Best k=5
dp[2][188]=20.4008
dp[3][188]=6.22596
dp[4][188]=6.7495
dp[5][188]=111.096
dp[6][188]=222.509
dp[7][188]=342.045
dp[8][188]=466.037
dp[9][188]=595.121
dp[10][188]=738.897
dp[11][188]=884.904
dp[12][188]=1054.04
dp[13][188]=1230.56
Select best dp
Best k=3
Stratifying 15-th numerical feature ...
dp[2][188]=-18.9557
dp[3][188]=-92.4664
dp[4][188]=-57.3899
dp[5][188]=-16.0627
dp[6][188]=47.9075
dp[7][188]=146.165
dp[8][188]=254.346
dp[9][188]=389.842
dp[10][188]=531.35
dp[11][188]=680.836
dp[12][188]=845.681
dp[13][188]=1015.58
Select best dp
Best k=3
Stratifying 14-th numerical feature ...
dp[2][188]=366.922
dp[3][188]=550.383
dp[4][188]=733.845
dp[5][188]=917.306
dp[6][188]=1100.77
dp[7][188]=1284.23
dp[8][188]=1467.69
dp[9][188]=1651.15
dp[10][188]=1834.61
dp[11][188]=2018.07
dp[12][188]=2201.53
dp[13][188]=2384.99
Select best dp
Best k=2
dp[2][188]=132.757
dp[3][188]=175.081
dp[4][188]=222.662
dp[5][188]=285.031
dp[6][188]=381.371
dp[7][188]=501.733
dp[8][188]=631.306
dp[9][188]=774.178
dp[10][188]=922.098
dp[11][188]=1069.7
dp[12][188]=1222.99
dp[13][188]=1388.04
Select best dp
Best k=2
Stratifying 16-th numerical feature ...
dp[2][188]=-236.17
dp[3][188]=-376.498
dp[4][188]=-484.697
dp[5][188]=-433.19
dp[6][188]=-353.013
dp[7][188]=-267.434
dp[8][188]=-168.812
dp[9][188]=-65.9158
dp[10][188]=53.1405
dp[11][188]=187.408
dp[12][188]=342.95
dp[13][188]=519.539
Select best dp
Best k=4
Stratifying 15-th numerical feature ...
dp[2][188]=-270.816
dp[3][188]=-424.077
dp[4][188]=-552.186
dp[5][188]=-510.514
dp[6][188]=-432.256
dp[7][188]=-353.759
dp[8][188]=-258.288
dp[9][188]=-158.731
dp[10][188]=-43.9251
dp[11][188]=89.0341
dp[12][188]=242.5
dp[13][188]=421.097
Select best dp
Best k=4
Stratifying 15-th numerical feature ...
dp[2][188]=-205.974
dp[3][188]=-195.456
dp[4][188]=-192.52
dp[5][188]=-101.333
dp[6][188]=10.6542
dp[7][188]=123.694
dp[8][188]=247.752
dp[9][188]=389.218
dp[10][188]=531.75
dp[11][188]=684.137
dp[12][188]=850.75
dp[13][188]=1017.87
Select best dp
Best k=2
dp[2][188]=-143.842
dp[3][188]=-201.511
dp[4][188]=-213.047
dp[5][188]=-206.368
dp[6][188]=-110.771
dp[7][188]=-9.07802
dp[8][188]=115.794
dp[9][188]=242.871
dp[10][188]=375.142
dp[11][188]=520.935
dp[12][188]=678.547
dp[13][188]=865.183
Select best dp
Best k=4
Stratifying 16-th numerical feature ...
dp[2][188]=-33.7599
dp[3][188]=-69.6563
dp[4][188]=-63.1273
dp[5][188]=-33.5487
dp[6][188]=55.9413
dp[7][188]=159.032
dp[8][188]=281.021
dp[9][188]=409.067
dp[10][188]=537.74
dp[11][188]=682.467
dp[12][188]=838.201
dp[13][188]=1021.65
Select best dp
Best k=3
Stratifying 16-th numerical feature ...
dp[2][188]=-205.974
dp[3][188]=-195.456
dp[4][188]=-192.52
dp[5][188]=-101.333
dp[6][188]=10.6542
dp[7][188]=123.694
dp[8][188]=247.752
dp[9][188]=389.218
dp[10][188]=531.75
dp[11][188]=684.137
dp[12][188]=850.75
dp[13][188]=1017.87
Select best dp
Best k=2
dp[2][188]=-316.396
dp[3][188]=-346.987
dp[4][188]=-385.381
dp[5][188]=-306.029
dp[6][188]=-220.725
dp[7][188]=-117.253
dp[8][188]=5.06524
dp[9][188]=136.586
dp[10][188]=269.134
dp[11][188]=403.204
dp[12][188]=551.546
dp[13][188]=728.348
Select best dp
Best k=4
