Standardize ...
Stratifying 1-th numerical feature ...
Standardize ...
Stratifying 1-th numerical feature ...
Standardize ...
Stratifying 1-th numerical feature ...
Standardize ...
Stratifying 1-th numerical feature ...
Standardize ...
Stratifying 1-th numerical feature ...
Standardize ...
Stratifying 1-th numerical feature ...
Standardize ...
Stratifying 1-th numerical feature ...
Standardize ...
Stratifying 1-th numerical feature ...
Standardize ...
Stratifying 1-th numerical feature ...
Standardize ...
Stratifying 1-th numerical feature ...
Standardize ...
Stratifying 1-th numerical feature ...
Standardize ...
Stratifying 1-th numerical feature ...
Standardize ...
Stratifying 1-th numerical feature ...
Standardize ...
Stratifying 1-th numerical feature ...
dp[2][395]=-478.349
dp[3][395]=-766.303
dp[4][395]=-942.951
dp[5][395]=-1076.27
dp[6][395]=-1183.55
dp[7][395]=-1243.06
dp[8][395]=-1275.81
dp[9][395]=-1295.98
dp[10][395]=-1300.79
dp[11][395]=-1300.34
dp[12][395]=-1293.53
dp[13][395]=-1239.87
Select best dp
Best k=10
dp[2][395]=-478.349
dp[3][395]=-766.303
dp[4][395]=-942.951
dp[5][395]=-1076.27
dp[6][395]=-1183.55
dp[7][395]=-1243.06
dp[8][395]=-1275.81
dp[9][395]=-1295.98
dp[10][395]=-1300.88
dp[11][395]=-1301.03
dp[12][395]=-1294.61
dp[13][395]=-1288.17
dp[14][395]=-1272.92
dp[15][395]=-1253.73
dp[16][395]=-1230.39
dp[17][395]=-1202.72
dp[18][395]=-1166.83
dp[19][395]=-1127.1
Select best dp
Best k=11
Stratifying 2-th numerical feature ...
Stratifying 2-th numerical feature ...
dp[2][395]=-478.349
dp[3][395]=-766.303
dp[4][395]=-942.951
dp[5][395]=-1076.27
dp[6][395]=-1183.55
dp[7][395]=-1243.06
dp[8][395]=-1275.81
dp[9][395]=-1295.98
dp[10][395]=-1300.88
dp[11][395]=-1301.03
dp[12][395]=-1294.61
dp[13][395]=-1288.17
dp[14][395]=-1272.92
dp[15][395]=-1253.73
dp[16][395]=-1230.39
dp[17][395]=-1202.72
dp[18][395]=-1166.83
dp[19][395]=-1127.1
Select best dp
Best k=11
Stratifying 2-th numerical feature ...
dp[2][395]=-478.349
dp[3][395]=-766.303
dp[4][395]=-942.951
dp[5][395]=-1076.27
dp[6][395]=-1183.55
dp[7][395]=-1243.06
dp[8][395]=-1275.81
dp[9][395]=-1295.98
dp[10][395]=-1300.88
dp[11][395]=-1301.03
dp[12][395]=-1294.61
dp[13][395]=-1288.17
dp[14][395]=-1272.92
dp[15][395]=-1253.73
dp[16][395]=-1230.39
dp[17][395]=-1202.72
dp[18][395]=-1166.83
dp[19][395]=-1127.1
Select best dp
Best k=11
Stratifying 2-th numerical feature ...
dp[2][395]=-550.794
dp[3][395]=-883.854
dp[4][395]=-1088.03
dp[5][395]=-1247
dp[6][395]=-1363.79
dp[7][395]=-1435.18
dp[8][395]=-1477.23
dp[9][395]=-1510.25
dp[10][395]=-1533.07
dp[11][395]=-1546.77
dp[12][395]=-1554.56
dp[13][395]=-1555.23
dp[14][395]=-1543.1
dp[15][395]=-1523.02
dp[16][395]=-1501.38
dp[17][395]=-1477.23
dp[18][395]=-1447.09
dp[19][395]=-1414.8
Select best dp
Best k=13
Stratifying 2-th numerical feature ...
dp[2][395]=-478.349
dp[3][395]=-766.303
dp[4][395]=-942.951
dp[5][395]=-1076.27
dp[6][395]=-1183.55
dp[7][395]=-1243.06
dp[8][395]=-1275.81
dp[9][395]=-1295.98
dp[10][395]=-1300.88
dp[11][395]=-1301.03
dp[12][395]=-1294.61
dp[13][395]=-1288.17
dp[14][395]=-1277.17
dp[15][395]=-1260.55
dp[16][395]=-1240.83
dp[17][395]=-1219.59
dp[18][395]=-1192.3
dp[19][395]=-1164.8
Select best dp
Best k=11
Stratifying 2-th numerical feature ...
dp[2][395]=-1112.21
dp[2][395]=-622.501
dp[3][395]=-1765.88
dp[3][395]=-955.337
dp[4][395]=-2196.93
dp[4][395]=-1137.62
dp[5][395]=-1262.1
dp[5][395]=-2541.34
dp[6][395]=-1355.99
dp[7][395]=-1415.71
dp[6][395]=-2833.66
dp[8][395]=-1454.51
dp[9][395]=-1473.01
dp[7][395]=-3030.43
dp[10][395]=-1486.64
dp[11][395]=-1494.39
dp[8][395]=-3173.69
dp[12][395]=-1479.68
dp[9][395]=-3291.79
dp[13][395]=-1447.25
Select best dp
dp[10][395]=-3379.34
Best k=11
dp[11][395]=-3457.4
dp[12][395]=-3522.32
dp[13][395]=-3587.2
dp[14][395]=-3634.47
dp[15][395]=-3673.84
dp[16][395]=-3704.91
dp[17][395]=-3727.33
dp[18][395]=-3733.3
dp[19][395]=-3731.6
Select best dp
Best k=18
Stratifying 3-th numerical feature ...
Stratifying 2-th numerical feature ...
dp[2][395]=155.517
dp[3][395]=233.275
dp[4][395]=311.034
dp[5][395]=388.792
dp[6][395]=466.55
dp[7][395]=544.309
dp[8][395]=622.067
dp[9][395]=699.825
dp[10][395]=777.584
dp[11][395]=855.342
dp[12][395]=933.101
dp[13][395]=1010.86
dp[14][395]=1088.62
dp[15][395]=1166.38
dp[16][395]=1244.13
dp[17][395]=1321.89
dp[18][395]=1399.65
dp[19][395]=1477.41
Select best dp
Best k=2
dp[2][395]=-478.349
dp[3][395]=-766.303
dp[4][395]=-942.951
dp[5][395]=-1076.27
dp[6][395]=-1183.55
dp[7][395]=-1243.06
dp[8][395]=-1275.81
dp[9][395]=-1295.98
dp[10][395]=-1300.88
dp[11][395]=-1301.03
dp[12][395]=-1294.61
dp[13][395]=-1288.17
dp[14][395]=-1272.92
dp[15][395]=-1253.73
dp[16][395]=-1230.39
dp[17][395]=-1202.72
dp[18][395]=-1166.83
dp[19][395]=-1127.1
Select best dp
Best k=11
dp[2][395]=-622.501
dp[3][395]=-955.337
dp[4][395]=-1137.62
dp[5][395]=-1262.1
dp[6][395]=-1355.99
dp[7][395]=-1415.71
dp[8][395]=-1454.51
dp[9][395]=-1473.01
dp[10][395]=-1486.64
dp[11][395]=-1496.72
dp[12][395]=-1492.91
dp[13][395]=-1484.85
dp[14][395]=-1473.51
dp[15][395]=-1453.55
dp[16][395]=-1425.47
dp[17][395]=-1394.81
dp[18][395]=-1350.94
dp[19][395]=-1293.64
Select best dp
Best k=11
Stratifying 2-th numerical feature ...
Stratifying 3-th numerical feature ...
Stratifying 2-th numerical feature ...
dp[2][395]=-161.416
dp[3][395]=-266.514
dp[4][395]=-315.959
dp[5][395]=-343.74
dp[6][395]=-358.501
dp[7][395]=-349.375
dp[8][395]=-326.871
dp[9][395]=-298.078
dp[10][395]=-261.648
dp[11][395]=-222.843
dp[12][395]=-180.753
dp[13][395]=-138.656
dp[14][395]=-92.1538
dp[15][395]=-43.678
dp[16][395]=6.87295
dp[17][395]=59.5869
dp[18][395]=116.413
dp[19][395]=175.156
Select best dp
Best k=6
Stratifying 2-th numerical feature ...
dp[2][395]=-622.501
dp[3][395]=-955.337
dp[4][395]=-1137.62
dp[5][395]=-1262.1
dp[6][395]=-1355.99
dp[7][395]=-1415.71
dp[8][395]=-1454.51
dp[9][395]=-1473.01
dp[10][395]=-1486.64
dp[11][395]=-1496.72
dp[12][395]=-1492.91
dp[13][395]=-1484.85
dp[14][395]=-1473.51
dp[15][395]=-1453.55
dp[16][395]=-1425.47
dp[17][395]=-1394.81
dp[18][395]=-1350.94
dp[19][395]=-1293.64
Select best dp
Best k=11
dp[2][395]=-478.349
dp[3][395]=-766.303
dp[4][395]=-942.951
dp[5][395]=-1076.27
dp[6][395]=-1183.55
dp[7][395]=-1243.06
dp[8][395]=-1275.81
dp[9][395]=-1295.98
dp[10][395]=-1300.88
dp[11][395]=-1301.03
dp[12][395]=-1294.61
dp[13][395]=-1288.17
dp[14][395]=-1272.92
dp[15][395]=-1253.73
dp[16][395]=-1230.39
dp[17][395]=-1202.72
dp[18][395]=-1166.83
dp[19][395]=-1127.1
Select best dp
Best k=11
Stratifying 3-th numerical feature ...
Stratifying 2-th numerical feature ...
dp[2][395]=-478.349
dp[3][395]=-766.303
dp[4][395]=-942.951
dp[5][395]=-1076.27
dp[6][395]=-1183.55
dp[7][395]=-1243.06
dp[8][395]=-1275.81
dp[9][395]=-1295.98
dp[10][395]=-1300.88
dp[11][395]=-1301.03
dp[12][395]=-1294.61
dp[13][395]=-1288.17
dp[14][395]=-1272.92
dp[15][395]=-1253.73
dp[16][395]=-1230.39
dp[17][395]=-1202.72
dp[18][395]=-1166.83
dp[19][395]=-1127.1
Select best dp
Best k=11
Stratifying 2-th numerical feature ...
dp[2][395]=-622.501
dp[3][395]=-955.337
dp[4][395]=-1137.62
dp[5][395]=-1262.1
dp[6][395]=-1355.99
dp[7][395]=-1415.71
dp[8][395]=-1454.51
dp[9][395]=-1473.01
dp[10][395]=-1486.64
dp[11][395]=-1496.72
dp[12][395]=-1492.91
dp[13][395]=-1484.85
dp[14][395]=-1473.51
dp[15][395]=-1453.55
dp[16][395]=-1425.47
dp[17][395]=-1394.81
dp[18][395]=-1350.94
dp[19][395]=-1293.64
Select best dp
Best k=11
Stratifying 3-th numerical feature ...
dp[2][395]=-1527.45
dp[3][395]=-1965.04
dp[4][395]=-2182.91
dp[5][395]=-2332.49
dp[6][395]=-2464.83
dp[7][395]=-2557.9
dp[8][395]=-2635.6
dp[9][395]=-2690.71
dp[10][395]=-2722.1
dp[11][395]=-2734.6
dp[12][395]=-2712.36
dp[13][395]=-2688.86
Select best dp
Best k=11
Stratifying 4-th numerical feature ...
dp[2][395]=-831.341
dp[3][395]=-1224.92
dp[4][395]=-1463.87
dp[5][395]=-1608.66
dp[6][395]=-1719.68
dp[7][395]=-1788.95
dp[8][395]=-1857.37
dp[9][395]=-1893.94
dp[10][395]=-1914.66
dp[11][395]=-1929.56
dp[12][395]=-1940.4
dp[13][395]=-1936.94
dp[14][395]=-1931.02
dp[15][395]=-1923
dp[16][395]=-1904.89
dp[17][395]=-1878.8
dp[18][395]=-1842.36
dp[19][395]=-1783.79
Select best dp
Best k=12
Stratifying 3-th numerical feature ...
dp[2][395]=-1527.45
dp[3][395]=-1965.04
dp[4][395]=-2182.91
dp[5][395]=-2332.49
dp[6][395]=-2464.83
dp[7][395]=-2557.9
dp[8][395]=-2640.28
dp[9][395]=-2717.98
dp[10][395]=-2749.36
dp[11][395]=-2768.66
dp[12][395]=-2776.5
dp[13][395]=-2774.91
dp[14][395]=-2761.81
dp[15][395]=-2741.91
dp[16][395]=-2718.85
dp[17][395]=-2677.67
dp[18][395]=-2630.02
dp[19][395]=-2570.1
Select best dp
Best k=12
Stratifying 4-th numerical feature ...
dp[2][395]=-478.349
dp[3][395]=-766.303
dp[4][395]=-942.951
dp[5][395]=-1076.27
dp[6][395]=-1183.55
dp[7][395]=-1243.06
dp[8][395]=-1275.81
dp[9][395]=-1295.98
dp[10][395]=-1300.88
dp[11][395]=-1301.03
dp[12][395]=-1294.61
dp[13][395]=-1288.17
dp[14][395]=-1277.17
dp[15][395]=-1260.55
dp[16][395]=-1240.83
dp[17][395]=-1219.59
dp[18][395]=-1192.1
dp[19][395]=-1164.57
Select best dp
Best k=11
Stratifying 2-th numerical feature ...
dp[2][395]=-1527.45
dp[3][395]=-1965.04
dp[4][395]=-2182.91
dp[5][395]=-2332.49
dp[6][395]=-2464.83
dp[7][395]=-2557.9
dp[8][395]=-2640.28
dp[9][395]=-2717.98
dp[10][395]=-2749.36
dp[11][395]=-2768.66
dp[12][395]=-2776.5
dp[13][395]=-2774.91
dp[14][395]=-2761.81
dp[15][395]=-2741.91
dp[16][395]=-2718.85
dp[17][395]=-2677.67
dp[18][395]=-2630.02
dp[19][395]=-2570.1
Select best dp
Best k=12
Stratifying 4-th numerical feature ...
dp[2][395]=-478.349
dp[3][395]=-766.303
dp[4][395]=-942.951
dp[5][395]=-1076.27
dp[6][395]=-1183.55
dp[7][395]=-1243.06
dp[8][395]=-1275.81
dp[9][395]=-1295.98
dp[10][395]=-1300.88
dp[11][395]=-1301.03
dp[12][395]=-1294.61
dp[13][395]=-1288.17
dp[14][395]=-1277.17
dp[15][395]=-1260.55
dp[16][395]=-1240.83
dp[17][395]=-1219.59
dp[18][395]=-1192.3
dp[19][395]=-1164.8
Select best dp
Best k=11
Stratifying 2-th numerical feature ...
dp[2][395]=-661.641
dp[3][395]=-922.943
dp[4][395]=-1093.82
dp[5][395]=-1201.3
dp[6][395]=-1277.58
dp[7][395]=-1345.75
dp[8][395]=-1390.82
dp[9][395]=-1426.98
dp[10][395]=-1446.84
dp[11][395]=-1460.08
dp[12][395]=-1461.57
dp[13][395]=-1455.97
dp[14][395]=-1443.08
dp[15][395]=-1425.14
dp[16][395]=-1395.24
dp[17][395]=-1355.21
dp[18][395]=-1309.08
dp[19][395]=-1247.39
Select best dp
Best k=12
Stratifying 4-th numerical feature ...
dp[2][395]=-622.501
dp[3][395]=-955.337
dp[4][395]=-1137.62
dp[5][395]=-1262.1
dp[6][395]=-1355.99
dp[7][395]=-1415.71
dp[8][395]=-1454.51
dp[9][395]=-1473.01
dp[10][395]=-1486.64
dp[11][395]=-1496.72
dp[12][395]=-1492.91
dp[13][395]=-1484.85
dp[14][395]=-1473.51
dp[15][395]=-1455.33
dp[16][395]=-1434.94
dp[17][395]=-1410.28
dp[18][395]=-1383.87
dp[19][395]=-1351.5
Select best dp
Best k=11
Stratifying 3-th numerical feature ...
dp[2][395]=-758.627
dp[3][395]=-1074.74
dp[4][395]=-1275.52
dp[5][395]=-1402.67
dp[6][395]=-1494.7
dp[7][395]=-1547.08
dp[8][395]=-1583.5
dp[9][395]=-1619.23
dp[10][395]=-1625.51
dp[11][395]=-1629.39
dp[12][395]=-1630.26
dp[13][395]=-1586.37
Select best dp
Best k=12
Stratifying 5-th numerical feature ...
dp[2][395]=-1400.52
dp[3][395]=-2143.95
dp[4][395]=-2586.27
dp[5][395]=-2912.99
dp[6][395]=-3178.52
dp[7][395]=-3375.74
dp[8][395]=-3531.09
dp[9][395]=-3645.84
dp[10][395]=-3750.86
dp[11][395]=-3848.78
dp[12][395]=-3918.92
dp[13][395]=-3980.55
dp[14][395]=-4035.64
dp[15][395]=-4073.48
dp[16][395]=-4095.07
dp[17][395]=-4111.51
dp[18][395]=-4101.53
dp[19][395]=-4064.69
Select best dp
Best k=17
Stratifying 3-th numerical feature ...
dp[2][395]=-758.627
dp[3][395]=-1074.74
dp[4][395]=-1275.52
dp[5][395]=-1402.67
dp[6][395]=-1494.7
dp[7][395]=-1547.08
dp[8][395]=-1592.97
dp[9][395]=-1629.71
dp[10][395]=-1642.58
dp[11][395]=-1653.48
dp[12][395]=-1657.95
dp[13][395]=-1650.65
dp[14][395]=-1638.26
dp[15][395]=-1624.65
dp[16][395]=-1602.87
dp[17][395]=-1577.21
dp[18][395]=-1535.16
dp[19][395]=-1479.44
Select best dp
Best k=12
Stratifying 5-th numerical feature ...
dp[2][395]=-758.627
dp[3][395]=-1074.74
dp[4][395]=-1275.52
dp[5][395]=-1402.67
dp[6][395]=-1494.7
dp[7][395]=-1547.08
dp[8][395]=-1592.97
dp[9][395]=-1629.71
dp[10][395]=-1642.58
dp[11][395]=-1653.48
dp[12][395]=-1657.95
dp[13][395]=-1650.65
dp[14][395]=-1638.26
dp[15][395]=-1624.65
dp[16][395]=-1602.87
dp[17][395]=-1577.21
dp[18][395]=-1535.16
dp[19][395]=-1479.44
Select best dp
Best k=12
Stratifying 5-th numerical feature ...
dp[2][395]=155.517
dp[3][395]=233.275
dp[4][395]=311.034
dp[5][395]=388.792
dp[6][395]=466.55
dp[7][395]=544.309
dp[8][395]=622.067
dp[9][395]=699.825
dp[10][395]=777.584
dp[11][395]=855.342
dp[12][395]=933.101
dp[13][395]=1010.86
dp[14][395]=1088.62
dp[15][395]=1166.38
dp[16][395]=1244.13
dp[17][395]=1321.89
dp[18][395]=1399.65
dp[19][395]=1477.41
Select best dp
Best k=2
dp[2][395]=-1028.41
dp[3][395]=-1413.58
dp[4][395]=-1609.65
dp[5][395]=-1746.86
dp[6][395]=-1848
dp[7][395]=-1923.72
dp[8][395]=-1999.25
dp[9][395]=-2065.89
dp[10][395]=-2091.79
dp[11][395]=-2113.96
dp[12][395]=-2122.09
dp[13][395]=-2118.62
dp[14][395]=-2113.99
dp[15][395]=-2096.44
dp[16][395]=-2074.33
dp[17][395]=-2033.86
dp[18][395]=-1991.32
dp[19][395]=-1929.34
Select best dp
Best k=12
Stratifying 3-th numerical feature ...
dp[2][395]=-622.501
dp[3][395]=-955.337
dp[4][395]=-1137.62
dp[5][395]=-1262.1
dp[6][395]=-1355.99
dp[7][395]=-1415.71
dp[8][395]=-1454.51
dp[9][395]=-1473.01
dp[10][395]=-1486.64
dp[11][395]=-1496.72
dp[12][395]=-1492.91
dp[13][395]=-1484.85
dp[14][395]=-1473.51
dp[15][395]=-1453.55
dp[16][395]=-1425.47
dp[17][395]=-1394.81
dp[18][395]=-1350.94
dp[19][395]=-1293.64
Select best dp
Best k=11
Stratifying 4-th numerical feature ...
Stratifying 3-th numerical feature ...
dp[2][395]=-233.492
dp[3][395]=-361.031
dp[4][395]=-413.292
dp[5][395]=-436.653
dp[6][395]=-444.717
dp[7][395]=-435.702
dp[8][395]=-416.223
dp[9][395]=-386.592
dp[10][395]=-354.527
dp[11][395]=-320.689
dp[12][395]=-279.905
dp[13][395]=-236.994
dp[14][395]=-192.446
dp[15][395]=-143.589
dp[16][395]=-90.6667
dp[17][395]=-36.4569
dp[18][395]=24.3549
dp[19][395]=91.884
Select best dp
Best k=6
Stratifying 3-th numerical feature ...
dp[2][395]=-622.501
dp[3][395]=-955.337
dp[4][395]=-1137.62
dp[5][395]=-1262.1
dp[6][395]=-1355.99
dp[7][395]=-1415.71
dp[8][395]=-1454.51
dp[9][395]=-1473.01
dp[10][395]=-1486.64
dp[11][395]=-1496.72
dp[12][395]=-1492.91
dp[13][395]=-1484.85
dp[14][395]=-1473.51
dp[15][395]=-1453.55
dp[16][395]=-1425.47
dp[17][395]=-1394.81
dp[18][395]=-1350.94
dp[19][395]=-1293.64
Select best dp
Best k=11
Stratifying 3-th numerical feature ...
dp[2][395]=-758.627
dp[3][395]=-1074.74
dp[4][395]=-1275.52
dp[5][395]=-1402.67
dp[6][395]=-1494.7
dp[7][395]=-1547.08
dp[8][395]=-1592.97
dp[9][395]=-1629.71
dp[10][395]=-1642.58
dp[11][395]=-1653.48
dp[12][395]=-1657.95
dp[13][395]=-1650.65
dp[14][395]=-1638.26
dp[15][395]=-1624.65
dp[16][395]=-1602.87
dp[17][395]=-1577.21
dp[18][395]=-1535.16
dp[19][395]=-1479.44
Select best dp
Best k=12
Stratifying 5-th numerical feature ...
dp[2][395]=-1455.13
dp[3][395]=-1900.51
dp[4][395]=-2180.12
dp[5][395]=-2342.34
dp[6][395]=-2486.75
dp[7][395]=-2600.6
dp[8][395]=-2671.51
dp[9][395]=-2710.07
dp[10][395]=-2728.09
dp[11][395]=-2739.21
dp[12][395]=-2723.85
dp[13][395]=-2696.85
Select best dp
Best k=11
Stratifying 6-th numerical feature ...
dp[2][395]=-853.455
dp[3][395]=-1244.96
dp[4][395]=-1482.34
dp[5][395]=-1627.69
dp[6][395]=-1736.34
dp[7][395]=-1803.88
dp[8][395]=-1869.29
dp[9][395]=-1907.24
dp[10][395]=-1927.94
dp[11][395]=-1943.52
dp[12][395]=-1955.09
dp[13][395]=-1955.71
dp[14][395]=-1947.2
dp[15][395]=-1938.29
dp[16][395]=-1922.96
dp[17][395]=-1899.06
dp[18][395]=-1862.19
dp[19][395]=-1803.92
Select best dp
Best k=13
Stratifying 3-th numerical feature ...
dp[2][395]=-1455.13
dp[3][395]=-1900.51
dp[4][395]=-2180.12
dp[5][395]=-2342.34
dp[6][395]=-2486.75
dp[7][395]=-2600.6
dp[8][395]=-2671.51
dp[9][395]=-2710.07
dp[10][395]=-2728.09
dp[11][395]=-2739.21
dp[12][395]=-2749.08
dp[13][395]=-2755.74
dp[14][395]=-2753.32
dp[15][395]=-2750.61
dp[16][395]=-2744.6
dp[17][395]=-2722.53
dp[18][395]=-2678.25
dp[19][395]=-2615.05
Select best dp
Best k=13
Stratifying 6-th numerical feature ...
dp[2][395]=-797.605
dp[3][395]=-1177.41
dp[4][395]=-1396.33
dp[5][395]=-1540.77
dp[6][395]=-1624.57
dp[7][395]=-1693.29
dp[8][395]=-1737.32
dp[9][395]=-1762.9
dp[10][395]=-1773.55
dp[11][395]=-1779.87
dp[12][395]=-1785.49
dp[13][395]=-1737.72
Select best dp
Best k=12
dp[2][395]=-1455.13
dp[3][395]=-1900.51
dp[4][395]=-2180.12
dp[5][395]=-2342.34
dp[6][395]=-2486.75
dp[7][395]=-2600.6
dp[8][395]=-2671.51
dp[9][395]=-2710.07
dp[10][395]=-2728.09
dp[11][395]=-2739.21
dp[12][395]=-2749.08
dp[13][395]=-2755.74
dp[14][395]=-2753.32
dp[15][395]=-2750.61
dp[16][395]=-2744.6
dp[17][395]=-2722.53
dp[18][395]=-2678.25
dp[19][395]=-2615.05
Select best dp
Best k=13
Stratifying 6-th numerical feature ...
dp[2][395]=-1527.45
dp[3][395]=-1965.04
dp[4][395]=-2182.91
dp[5][395]=-2332.49
dp[6][395]=-2464.83
dp[7][395]=-2557.9
dp[8][395]=-2640.28
dp[9][395]=-2717.98
dp[10][395]=-2749.36
dp[11][395]=-2770.34
dp[12][395]=-2779.23
dp[13][395]=-2787.07
dp[14][395]=-2785.49
dp[15][395]=-2781.59
dp[16][395]=-2773.61
dp[17][395]=-2756.73
dp[18][395]=-2738.54
dp[19][395]=-2720.18
Select best dp
Best k=13
Stratifying 4-th numerical feature ...
dp[2][395]=-1029.49
dp[3][395]=-1312.65
dp[4][395]=-1493.59
dp[5][395]=-1616.38
dp[6][395]=-1702.83
dp[7][395]=-1780.15
dp[8][395]=-1844.6
dp[9][395]=-1861.52
dp[10][395]=-1878.87
dp[11][395]=-1884.15
dp[12][395]=-1873.27
dp[13][395]=-1858.04
dp[14][395]=-1842.8
dp[15][395]=-1825.42
dp[16][395]=-1804.01
dp[17][395]=-1774.68
dp[18][395]=-1736.56
dp[19][395]=-1677.25
Select best dp
Best k=11
Stratifying 6-th numerical feature ...
dp[2][395]=-817.029
dp[3][395]=-1165.36
dp[4][395]=-1381.54
dp[5][395]=-1523.12
dp[6][395]=-1618.68
dp[7][395]=-1680.73
dp[8][395]=-1742.8
dp[9][395]=-1796.54
dp[10][395]=-1829.56
dp[11][395]=-1845.74
dp[12][395]=-1856.39
dp[13][395]=-1864.83
dp[14][395]=-1858.77
dp[15][395]=-1847.02
dp[16][395]=-1825.49
dp[17][395]=-1798.52
dp[18][395]=-1762.52
dp[19][395]=-1704.44
Select best dp
Best k=13
Stratifying 5-th numerical feature ...
dp[2][395]=-1527.45
dp[3][395]=-1965.04
dp[4][395]=-2182.91
dp[5][395]=-2332.49
dp[6][395]=-2464.83
dp[7][395]=-2557.9
dp[8][395]=-2640.28
dp[9][395]=-2717.98
dp[10][395]=-2749.36
dp[11][395]=-2768.66
dp[12][395]=-2776.5
dp[13][395]=-2774.91
dp[14][395]=-2761.81
dp[15][395]=-2741.91
dp[16][395]=-2718.85
dp[17][395]=-2677.67
dp[18][395]=-2630.02
dp[19][395]=-2570.1
Select best dp
Best k=12
Stratifying 4-th numerical feature ...
dp[2][395]=-622.501
dp[3][395]=-955.337
dp[4][395]=-1137.62
dp[5][395]=-1262.1
dp[6][395]=-1355.99
dp[7][395]=-1415.71
dp[8][395]=-1454.51
dp[9][395]=-1473.01
dp[10][395]=-1486.64
dp[11][395]=-1496.72
dp[12][395]=-1492.91
dp[13][395]=-1484.85
dp[14][395]=-1473.51
dp[15][395]=-1455.33
dp[16][395]=-1434.94
dp[17][395]=-1410.28
dp[18][395]=-1383.87
dp[19][395]=-1351.5
Select best dp
Best k=11
Stratifying 3-th numerical feature ...
dp[2][395]=-797.605
dp[3][395]=-1177.41
dp[4][395]=-1396.33
dp[5][395]=-1541.52
dp[6][395]=-1628.31
dp[7][395]=-1697.03
dp[8][395]=-1741.06
dp[9][395]=-1769.96
dp[10][395]=-1782.09
dp[11][395]=-1792.71
dp[12][395]=-1799.39
dp[13][395]=-1804.55
dp[14][395]=-1788.72
dp[15][395]=-1772.56
dp[16][395]=-1746.93
dp[17][395]=-1704.79
dp[18][395]=-1661.63
dp[19][395]=-1613.95
Select best dp
Best k=13
dp[2][395]=-2344.61
dp[3][395]=-3089.51
dp[4][395]=-3586.46
dp[5][395]=-3909.35
dp[6][395]=-4204.57
dp[7][395]=-4419.09
dp[8][395]=-4642.94
dp[9][395]=-4840.21
dp[10][395]=-4961.19
dp[11][395]=-5074.96
dp[12][395]=-5165.55
dp[13][395]=-5234.22
dp[14][395]=-5286.4
dp[15][395]=-5327.26
dp[16][395]=-5351.66
dp[17][395]=-5341.85
dp[18][395]=-5330.83
dp[19][395]=-5286.71
Select best dp
Best k=16
Stratifying 4-th numerical feature ...
dp[2][395]=-797.605
dp[3][395]=-1177.41
dp[4][395]=-1396.33
dp[5][395]=-1541.52
dp[6][395]=-1628.31
dp[7][395]=-1697.03
dp[8][395]=-1741.06
dp[9][395]=-1769.96
dp[10][395]=-1782.09
dp[11][395]=-1792.71
dp[12][395]=-1799.39
dp[13][395]=-1804.55
dp[14][395]=-1788.72
dp[15][395]=-1772.56
dp[16][395]=-1746.93
dp[17][395]=-1704.79
dp[18][395]=-1661.63
dp[19][395]=-1613.95
Select best dp
Best k=13
dp[2][395]=-797.605
dp[3][395]=-1177.41
dp[4][395]=-1396.33
dp[5][395]=-1541.52
dp[6][395]=-1628.31
dp[7][395]=-1697.03
dp[8][395]=-1741.06
dp[9][395]=-1769.96
dp[10][395]=-1782.09
dp[11][395]=-1792.71
dp[12][395]=-1799.39
dp[13][395]=-1804.55
dp[14][395]=-1788.72
dp[15][395]=-1772.56
dp[16][395]=-1746.93
dp[17][395]=-1704.79
dp[18][395]=-1661.63
dp[19][395]=-1613.95
Select best dp
Best k=13
dp[2][395]=-710.294
dp[3][395]=-840.561
dp[4][395]=-833.373
dp[5][395]=-793.801
dp[6][395]=-772.207
dp[7][395]=-732.635
dp[8][395]=-675.361
dp[9][395]=-616.277
dp[10][395]=-554.249
dp[11][395]=-488.772
dp[12][395]=-417.789
dp[13][395]=-344.855
dp[14][395]=-270.307
dp[15][395]=-194.048
dp[16][395]=-115.642
dp[17][395]=-33.9211
dp[18][395]=50.7949
dp[19][395]=139.272
Select best dp
Best k=3
Stratifying 4-th numerical feature ...
dp[2][395]=-661.641
dp[3][395]=-922.943
dp[4][395]=-1093.82
dp[5][395]=-1201.3
dp[6][395]=-1277.58
dp[7][395]=-1345.75
dp[8][395]=-1390.82
dp[9][395]=-1426.98
dp[10][395]=-1446.84
dp[11][395]=-1460.08
dp[12][395]=-1461.57
dp[13][395]=-1455.97
dp[14][395]=-1443.08
dp[15][395]=-1425.14
dp[16][395]=-1395.24
dp[17][395]=-1355.21
dp[18][395]=-1309.08
dp[19][395]=-1247.39
Select best dp
Best k=12
Stratifying 4-th numerical feature ...
dp[2][395]=-1118.87
dp[3][395]=-1402.8
dp[4][395]=-1484.82
dp[5][395]=-1549.44
dp[6][395]=-1594.96
dp[7][395]=-1628.02
dp[8][395]=-1654.45
dp[9][395]=-1659.36
dp[10][395]=-1647.01
dp[11][395]=-1617.71
dp[12][395]=-1587.47
dp[13][395]=-1552.85
dp[14][395]=-1512.62
dp[15][395]=-1463.24
dp[16][395]=-1413.49
dp[17][395]=-1353.68
dp[18][395]=-1287.85
dp[19][395]=-1213.97
Select best dp
Best k=9
dp[2][395]=-622.501
dp[3][395]=-955.337
dp[4][395]=-1137.62
dp[5][395]=-1262.1
dp[6][395]=-1355.99
dp[7][395]=-1415.71
dp[8][395]=-1454.51
dp[9][395]=-1473.01
dp[10][395]=-1486.64
dp[11][395]=-1496.72
dp[12][395]=-1492.91
dp[13][395]=-1484.85
dp[14][395]=-1473.51
dp[15][395]=-1455.33
dp[16][395]=-1434.94
dp[17][395]=-1410.28
dp[18][395]=-1383.87
dp[19][395]=-1351.5
Select best dp
Best k=11
Stratifying 4-th numerical feature ...
Stratifying 3-th numerical feature ...
dp[2][395]=-1147.82
dp[3][395]=-1498.42
dp[4][395]=-1758.93
dp[5][395]=-1915.34
dp[6][395]=-2024.52
dp[7][395]=-2123.06
dp[8][395]=-2198.4
dp[9][395]=-2233.42
dp[10][395]=-2262.68
dp[11][395]=-2276.35
dp[12][395]=-2271.87
dp[13][395]=-2266.33
dp[14][395]=-2259.12
dp[15][395]=-2249.86
dp[16][395]=-2239.16
dp[17][395]=-2225.84
dp[18][395]=-2185.86
dp[19][395]=-2128.54
Select best dp
Best k=11
Stratifying 6-th numerical feature ...
dp[2][395]=-758.627
dp[3][395]=-1074.74
dp[4][395]=-1275.52
dp[5][395]=-1402.67
dp[6][395]=-1494.7
dp[7][395]=-1547.08
dp[8][395]=-1592.97
dp[9][395]=-1629.71
dp[10][395]=-1642.58
dp[11][395]=-1653.48
dp[12][395]=-1657.95
dp[13][395]=-1650.65
dp[14][395]=-1638.26
dp[15][395]=-1624.65
dp[16][395]=-1602.87
dp[17][395]=-1577.21
dp[18][395]=-1535.16
dp[19][395]=-1479.44
Select best dp
Best k=12
Stratifying 5-th numerical feature ...
dp[2][395]=-758.627
dp[3][395]=-1074.74
dp[4][395]=-1275.52
dp[5][395]=-1402.67
dp[6][395]=-1494.7
dp[7][395]=-1547.08
dp[8][395]=-1595.43
dp[9][395]=-1632.17
dp[10][395]=-1651.83
dp[11][395]=-1664.7
dp[12][395]=-1669.17
dp[13][395]=-1663.07
dp[14][395]=-1650.93
dp[15][395]=-1637.33
dp[16][395]=-1619.84
dp[17][395]=-1598.06
dp[18][395]=-1567.6
dp[19][395]=-1536.02
Select best dp
Best k=12
Stratifying 5-th numerical feature ...
dp[2][395]=-1672.77
dp[3][395]=-2382.75
dp[4][395]=-2862.08
dp[5][395]=-3194.14
dp[6][395]=-3455.96
dp[7][395]=-3638.47
dp[8][395]=-3808.01
dp[9][395]=-3959.24
dp[10][395]=-4062.74
dp[11][395]=-4162.31
dp[12][395]=-4249
dp[13][395]=-4312.16
dp[14][395]=-4365.13
dp[15][395]=-4415.68
dp[16][395]=-4449.87
dp[17][395]=-4476.31
dp[18][395]=-4469.98
dp[19][395]=-4436.29
Select best dp
Best k=17
dp[2][395]=-1067.64
dp[3][395]=-1464.94
dp[4][395]=-1667.99
dp[5][395]=-1808.04
dp[6][395]=-1911.94
dp[7][395]=-1992.03
dp[8][395]=-2068.83
dp[9][395]=-2131.3
dp[10][395]=-2155.46
dp[11][395]=-2178.91
dp[12][395]=-2185.29
dp[13][395]=-2182.1
dp[14][395]=-2178.37
dp[15][395]=-2160.7
dp[16][395]=-2138.08
dp[17][395]=-2096.43
dp[18][395]=-2050.36
dp[19][395]=-1986.9
Select best dp
Best k=12
Stratifying 5-th numerical feature ...
Stratifying 4-th numerical feature ...
dp[2][395]=-1455.13
dp[3][395]=-1900.51
dp[4][395]=-2180.12
dp[5][395]=-2342.34
dp[6][395]=-2486.75
dp[7][395]=-2600.6
dp[8][395]=-2671.51
dp[9][395]=-2710.07
dp[10][395]=-2728.09
dp[11][395]=-2739.21
dp[12][395]=-2749.08
dp[13][395]=-2755.74
dp[14][395]=-2753.32
dp[15][395]=-2750.61
dp[16][395]=-2744.6
dp[17][395]=-2722.53
dp[18][395]=-2678.25
dp[19][395]=-2615.05
Select best dp
Best k=13
Stratifying 6-th numerical feature ...
dp[2][395]=-301.555
dp[3][395]=-420.731
dp[4][395]=-482.245
dp[5][395]=-506.941
dp[6][395]=-514.077
dp[7][395]=-501.386
dp[8][395]=-485.452
dp[9][395]=-464.941
dp[10][395]=-432.497
dp[11][395]=-399.071
dp[12][395]=-362.425
dp[13][395]=-319.895
dp[14][395]=-274.819
dp[15][395]=-229.139
dp[16][395]=-179.366
dp[17][395]=-127.657
dp[18][395]=-67.7562
dp[19][395]=-1.01427
Select best dp
Best k=6
Stratifying 5-th numerical feature ...
dp[2][395]=-1527.45
dp[3][395]=-1965.04
dp[4][395]=-2182.91
dp[5][395]=-2332.49
dp[6][395]=-2464.83
dp[7][395]=-2557.9
dp[8][395]=-2640.28
dp[9][395]=-2717.98
dp[10][395]=-2749.36
dp[11][395]=-2770.34
dp[12][395]=-2779.23
dp[13][395]=-2787.07
dp[14][395]=-2785.49
dp[15][395]=-2775.54
dp[16][395]=-2761.51
dp[17][395]=-2744.63
dp[18][395]=-2726.44
dp[19][395]=-2708.09
Select best dp
Best k=13
Stratifying 4-th numerical feature ...
dp[2][395]=-861.973
dp[3][395]=-1293.65
dp[4][395]=-1507.34
dp[5][395]=-1667.05
dp[6][395]=-1763.74
dp[7][395]=-1840.64
dp[8][395]=-1891.46
dp[9][395]=-1921.8
dp[10][395]=-1948.08
dp[11][395]=-1971.91
dp[12][395]=-1992.48
dp[13][395]=-1996.39
dp[14][395]=-1986.53
dp[15][395]=-1971.04
dp[16][395]=-1951.76
dp[17][395]=-1916.95
dp[18][395]=-1879.46
dp[19][395]=-1836.3
Select best dp
Best k=13
dp[2][395]=155.517
dp[3][395]=233.275
dp[4][395]=311.034
dp[5][395]=388.792
dp[6][395]=466.55
dp[7][395]=544.309
dp[8][395]=622.067
dp[9][395]=699.825
dp[10][395]=777.584
dp[11][395]=855.342
dp[12][395]=933.101
dp[13][395]=1010.86
dp[14][395]=1088.62
dp[15][395]=1166.38
dp[16][395]=1244.13
dp[17][395]=1321.89
dp[18][395]=1399.65
dp[19][395]=1477.41
Select best dp
Best k=2
Stratifying 5-th numerical feature ...
dp[2][395]=-2635.9
dp[3][395]=-3403
dp[4][395]=-3979.03
dp[5][395]=-4343.77
dp[6][395]=-4641.69
dp[7][395]=-4898.11
dp[8][395]=-5120.56
dp[9][395]=-5252.52
dp[10][395]=-5375.12
dp[11][395]=-5458.16
dp[12][395]=-5531.9
dp[13][395]=-5598.73
dp[14][395]=-5658.53
dp[15][395]=-5717.61
dp[16][395]=-5771.13
dp[17][395]=-5799.43
dp[18][395]=-5796.76
dp[19][395]=-5753.41
Select best dp
Best k=17
Stratifying 6-th numerical feature ...
dp[2][395]=-758.627
dp[3][395]=-1074.74
dp[4][395]=-1275.52
dp[5][395]=-1402.67
dp[6][395]=-1494.7
dp[7][395]=-1547.08
dp[8][395]=-1592.97
dp[9][395]=-1629.71
dp[10][395]=-1642.58
dp[11][395]=-1653.48
dp[12][395]=-1657.95
dp[13][395]=-1650.65
dp[14][395]=-1638.26
dp[15][395]=-1624.65
dp[16][395]=-1602.87
dp[17][395]=-1577.21
dp[18][395]=-1535.16
dp[19][395]=-1479.44
Select best dp
Best k=12
Stratifying 5-th numerical feature ...
dp[2][395]=-1455.13
dp[3][395]=-1900.51
dp[4][395]=-2180.12
dp[5][395]=-2342.34
dp[6][395]=-2486.75
dp[7][395]=-2600.6
dp[8][395]=-2671.51
dp[9][395]=-2710.07
dp[10][395]=-2730.4
dp[11][395]=-2748.42
dp[12][395]=-2759.55
dp[13][395]=-2769.41
dp[14][395]=-2776.89
dp[15][395]=-2777
dp[16][395]=-2775.65
dp[17][395]=-2770.41
dp[18][395]=-2756.29
dp[19][395]=-2734.33
Select best dp
Best k=15
Stratifying 6-th numerical feature ...
dp[2][395]=-797.605
dp[3][395]=-1177.41
dp[4][395]=-1396.33
dp[5][395]=-1541.52
dp[6][395]=-1628.31
dp[7][395]=-1697.03
dp[8][395]=-1741.06
dp[9][395]=-1769.96
dp[10][395]=-1782.09
dp[11][395]=-1792.71
dp[12][395]=-1799.39
dp[13][395]=-1804.55
dp[14][395]=-1788.72
dp[15][395]=-1772.56
dp[16][395]=-1746.93
dp[17][395]=-1704.79
dp[18][395]=-1661.63
dp[19][395]=-1613.95
Select best dp
Best k=13
dp[2][395]=-881.402
dp[3][395]=-1149.96
dp[4][395]=-1289.45
dp[5][395]=-1352.1
dp[6][395]=-1411.23
dp[7][395]=-1459.16
dp[8][395]=-1456.87
dp[9][395]=-1449.64
dp[10][395]=-1430.7
dp[11][395]=-1408.49
dp[12][395]=-1379.13
dp[13][395]=-1346.37
dp[14][395]=-1312.39
dp[15][395]=-1277.54
dp[16][395]=-1240.92
dp[17][395]=-1193.41
dp[18][395]=-1129.19
dp[19][395]=-1051.17
Select best dp
Best k=7
Stratifying 6-th numerical feature ...
dp[2][395]=-1527.45
dp[3][395]=-1965.04
dp[4][395]=-2182.91
dp[5][395]=-2332.49
dp[6][395]=-2464.83
dp[7][395]=-2557.9
dp[8][395]=-2640.28
dp[9][395]=-2717.98
dp[10][395]=-2749.36
dp[11][395]=-2770.34
dp[12][395]=-2778.18
dp[13][395]=-2776.59
dp[14][395]=-2774.57
dp[15][395]=-2760.54
dp[16][395]=-2746.15
dp[17][395]=-2729.27
dp[18][395]=-2710.92
dp[19][395]=-2692.39
Select best dp
Best k=12
Stratifying 4-th numerical feature ...
dp[2][395]=-1750.73
dp[3][395]=-2588.09
dp[4][395]=-3103.7
dp[5][395]=-3471.83
dp[6][395]=-3723.18
dp[7][395]=-3938.37
dp[8][395]=-4104.19
dp[9][395]=-4239.74
dp[10][395]=-4341.76
dp[11][395]=-4440.76
dp[12][395]=-4531.89
dp[13][395]=-4619.96
dp[14][395]=-4666.06
dp[15][395]=-4711.5
dp[16][395]=-4737.99
dp[17][395]=-4731.47
dp[18][395]=-4722.92
dp[19][395]=-4705.31
Select best dp
Best k=16
dp[2][395]=-758.627
dp[3][395]=-1074.74
dp[4][395]=-1275.52
dp[5][395]=-1402.67
dp[6][395]=-1494.7
dp[7][395]=-1547.08
dp[8][395]=-1595.43
dp[9][395]=-1632.17
dp[10][395]=-1651.83
dp[11][395]=-1664.7
dp[12][395]=-1669.17
dp[13][395]=-1663.07
dp[14][395]=-1650.93
dp[15][395]=-1637.33
dp[16][395]=-1619.84
dp[17][395]=-1598.06
dp[18][395]=-1567.6
dp[19][395]=-1536.02
Select best dp
Best k=12
Stratifying 5-th numerical feature ...
dp[2][395]=-758.627
dp[3][395]=-1074.74
dp[4][395]=-1275.52
dp[5][395]=-1402.67
dp[6][395]=-1494.7
dp[7][395]=-1547.08
dp[8][395]=-1592.97
dp[9][395]=-1629.71
dp[10][395]=-1642.58
dp[11][395]=-1653.48
dp[12][395]=-1657.95
dp[13][395]=-1650.65
dp[14][395]=-1638.26
dp[15][395]=-1624.65
dp[16][395]=-1602.87
dp[17][395]=-1577.21
dp[18][395]=-1535.16
dp[19][395]=-1479.44
Select best dp
Best k=12
Stratifying 5-th numerical feature ...
dp[2][395]=-1029.49
dp[3][395]=-1312.65
dp[4][395]=-1493.59
dp[5][395]=-1616.38
dp[6][395]=-1702.83
dp[7][395]=-1780.15
dp[8][395]=-1844.6
dp[9][395]=-1861.52
dp[10][395]=-1878.87
dp[11][395]=-1884.15
dp[12][395]=-1873.27
dp[13][395]=-1858.04
dp[14][395]=-1842.8
dp[15][395]=-1825.42
dp[16][395]=-1804.01
dp[17][395]=-1774.68
dp[18][395]=-1736.56
dp[19][395]=-1677.25
Select best dp
Best k=11
Stratifying 6-th numerical feature ...
dp[2][395]=-321.044
dp[3][395]=-472.066
dp[4][395]=-542.649
dp[5][395]=-576.363
dp[6][395]=-580.882
dp[7][395]=-576.362
dp[8][395]=-559.498
dp[9][395]=-535.066
dp[10][395]=-502.252
dp[11][395]=-468.683
dp[12][395]=-433.146
dp[13][395]=-396.845
dp[14][395]=-350.053
dp[15][395]=-303.094
dp[16][395]=-251.398
dp[17][395]=-191.447
dp[18][395]=-130.991
dp[19][395]=-68.2693
Select best dp
Best k=6
dp[2][395]=-370.167
dp[3][395]=-429.824
dp[4][395]=-438.788
dp[5][395]=-408.135
dp[6][395]=-360.969
dp[7][395]=-320.61
dp[8][395]=-272.811
dp[9][395]=-219.003
dp[10][395]=-162.026
dp[11][395]=-102.351
dp[12][395]=-33.7672
dp[13][395]=35.1266
dp[14][395]=105.235
dp[15][395]=177.537
dp[16][395]=252.083
dp[17][395]=326.049
dp[18][395]=409.412
dp[19][395]=507.203
Select best dp
Best k=4
Stratifying 6-th numerical feature ...
dp[2][395]=-797.605
dp[3][395]=-1177.41
dp[4][395]=-1396.33
dp[5][395]=-1541.52
dp[6][395]=-1628.31
dp[7][395]=-1697.03
dp[8][395]=-1741.06
dp[9][395]=-1769.96
dp[10][395]=-1782.09
dp[11][395]=-1793.76
dp[12][395]=-1803.32
dp[13][395]=-1810
dp[14][395]=-1815.16
dp[15][395]=-1802.2
dp[16][395]=-1786.04
dp[17][395]=-1764.86
dp[18][395]=-1740.88
dp[19][395]=-1712.16
Select best dp
Best k=14
dp[2][395]=-758.627
dp[3][395]=-1074.74
dp[4][395]=-1275.52
dp[5][395]=-1402.67
dp[6][395]=-1494.7
dp[7][395]=-1547.08
dp[8][395]=-1595.43
dp[9][395]=-1632.17
dp[10][395]=-1651.83
dp[11][395]=-1664.7
dp[12][395]=-1669.17
dp[13][395]=-1663.07
dp[14][395]=-1650.93
dp[15][395]=-1637.33
dp[16][395]=-1619.84
dp[17][395]=-1598.06
dp[18][395]=-1567.6
dp[19][395]=-1536.02
Select best dp
Best k=12
Stratifying 5-th numerical feature ...
dp[2][395]=-797.605
dp[3][395]=-1177.41
dp[4][395]=-1396.33
dp[5][395]=-1541.52
dp[6][395]=-1628.31
dp[7][395]=-1697.03
dp[8][395]=-1741.06
dp[9][395]=-1769.96
dp[10][395]=-1782.09
dp[11][395]=-1792.71
dp[12][395]=-1799.39
dp[13][395]=-1804.55
dp[14][395]=-1788.72
dp[15][395]=-1772.56
dp[16][395]=-1746.93
dp[17][395]=-1704.79
dp[18][395]=-1661.63
dp[19][395]=-1613.95
Select best dp
Best k=13
dp[2][395]=-1455.13
dp[3][395]=-1900.51
dp[4][395]=-2180.12
dp[5][395]=-2342.34
dp[6][395]=-2486.75
dp[7][395]=-2600.6
dp[8][395]=-2671.51
dp[9][395]=-2710.07
dp[10][395]=-2729.77
dp[11][395]=-2747.8
dp[12][395]=-2758.92
dp[13][395]=-2768.78
dp[14][395]=-2776.26
dp[15][395]=-2776.37
dp[16][395]=-2775.02
dp[17][395]=-2769.79
dp[18][395]=-2755.67
dp[19][395]=-2734.24
Select best dp
Best k=15
Stratifying 6-th numerical feature ...
dp[2][395]=-1163.73
dp[3][395]=-1527.1
dp[4][395]=-1788.59
dp[5][395]=-1940.28
dp[6][395]=-2053.53
dp[7][395]=-2145.63
dp[8][395]=-2218.02
dp[9][395]=-2251.36
dp[10][395]=-2278.92
dp[11][395]=-2290.1
dp[12][395]=-2287.91
dp[13][395]=-2282.45
dp[14][395]=-2276.76
dp[15][395]=-2268.9
dp[16][395]=-2257.6
dp[17][395]=-2245.09
dp[18][395]=-2204.85
dp[19][395]=-2146.25
Select best dp
Best k=11
Stratifying 6-th numerical feature ...
dp[2][395]=155.517
dp[3][395]=233.275
dp[4][395]=311.034
dp[5][395]=388.792
dp[6][395]=466.55
dp[7][395]=544.309
dp[8][395]=622.067
dp[9][395]=699.825
dp[10][395]=777.584
dp[11][395]=855.342
dp[12][395]=933.101
dp[13][395]=1010.86
dp[14][395]=1088.62
dp[15][395]=1166.38
dp[16][395]=1244.13
dp[17][395]=1321.89
dp[18][395]=1399.65
dp[19][395]=1477.41
Select best dp
Best k=2
dp[2][395]=-1455.13
dp[3][395]=-1900.51
dp[4][395]=-2180.12
dp[5][395]=-2342.34
dp[6][395]=-2486.75
dp[7][395]=-2600.6
dp[8][395]=-2671.51
dp[9][395]=-2710.07
dp[10][395]=-2728.94
dp[11][395]=-2746.96
dp[12][395]=-2758.09
dp[13][395]=-2767.95
dp[14][395]=-2775.43
dp[15][395]=-2775.54
dp[16][395]=-2774.19
dp[17][395]=-2768.95
dp[18][395]=-2754.83
dp[19][395]=-2734.24
Select best dp
Best k=15
Stratifying 6-th numerical feature ...
dp[2][395]=-797.605
dp[3][395]=-1177.41
dp[4][395]=-1396.33
dp[5][395]=-1541.52
dp[6][395]=-1628.31
dp[7][395]=-1697.03
dp[8][395]=-1741.06
dp[9][395]=-1769.96
dp[10][395]=-1782.09
dp[11][395]=-1792.71
dp[12][395]=-1799.39
dp[13][395]=-1804.55
dp[14][395]=-1788.72
dp[15][395]=-1772.56
dp[16][395]=-1746.93
dp[17][395]=-1704.79
dp[18][395]=-1661.63
dp[19][395]=-1613.95
Select best dp
Best k=13
dp[2][395]=-797.605
dp[3][395]=-1177.41
dp[4][395]=-1396.33
dp[5][395]=-1541.52
dp[6][395]=-1628.31
dp[7][395]=-1697.03
dp[8][395]=-1741.06
dp[9][395]=-1769.96
dp[10][395]=-1782.09
dp[11][395]=-1792.97
dp[12][395]=-1799.66
dp[13][395]=-1805.93
dp[14][395]=-1811.08
dp[15][395]=-1798.12
dp[16][395]=-1781.96
dp[17][395]=-1760.78
dp[18][395]=-1736.8
dp[19][395]=-1708.09
Select best dp
Best k=14
dp[2][395]=-797.605
dp[3][395]=-1177.41
dp[4][395]=-1396.33
dp[5][395]=-1541.52
dp[6][395]=-1628.31
dp[7][395]=-1697.03
dp[8][395]=-1741.06
dp[9][395]=-1769.96
dp[10][395]=-1782.09
dp[11][395]=-1792.71
dp[12][395]=-1799.39
dp[13][395]=-1804.55
dp[14][395]=-1807.92
dp[15][395]=-1794.95
dp[16][395]=-1778.79
dp[17][395]=-1757.62
dp[18][395]=-1733.63
dp[19][395]=-1704.92
Select best dp
Best k=14
