Standardize ...
Stratifying 1-th numerical feature ...
Standardize ...
Stratifying 1-th numerical feature ...
Standardize ...
Stratifying 1-th numerical feature ...
Standardize ...
Stratifying 1-th numerical feature ...
Standardize ...
Stratifying 1-th numerical feature ...
Standardize ...
Stratifying 1-th numerical feature ...
Standardize ...
Stratifying 1-th numerical feature ...
Standardize ...
Stratifying 1-th numerical feature ...
Standardize ...
Stratifying 1-th numerical feature ...
Standardize ...
Stratifying 1-th numerical feature ...
Standardize ...
Stratifying 1-th numerical feature ...
Standardize ...
Stratifying 1-th numerical feature ...
Standardize ...
Stratifying 1-th numerical feature ...
Standardize ...
Stratifying 1-th numerical feature ...
dp[2][1324]=-1433.91
dp[3][1324]=-7.2e+11
dp[4][1324]=-1.34e+12
dp[5][1324]=-1.88e+12
dp[6][1324]=-2.38e+12
dp[7][1324]=-2.92e+12
dp[8][1324]=-3.49e+12
dp[9][1324]=-4.03e+12
dp[10][1324]=-4.53e+12
dp[11][1324]=-5.07e+12
dp[12][1324]=-5.57e+12
dp[13][1324]=-6.05e+12
dp[14][1324]=-6.59e+12
dp[15][1324]=-7.09e+12
dp[16][1324]=-7.54e+12
dp[17][1324]=-7.97e+12
dp[18][1324]=-8.43e+12
dp[19][1324]=-8.88e+12
dp[20][1324]=-9.28e+12
dp[21][1324]=-9.28e+12
dp[22][1324]=-9.67e+12
dp[23][1324]=-9.67e+12
dp[24][1324]=-1.004e+13
dp[25][1324]=-1.004e+13
dp[26][1324]=-1.004e+13
dp[27][1324]=-1.004e+13
dp[28][1324]=-1.004e+13
dp[29][1324]=-9.68e+12
dp[30][1324]=-9.32e+12
dp[31][1324]=-8.96e+12
dp[32][1324]=-8.59e+12
dp[33][1324]=-8.07e+12
dp[34][1324]=-7.35e+12
dp[35][1324]=-6.4e+12
dp[36][1324]=-5.32e+12
Select best dp
Best k=25
Stratifying 2-th numerical feature ...
dp[2][1324]=-1433.91
dp[3][1324]=-7.2e+11
dp[4][1324]=-1.34e+12
dp[5][1324]=-1.88e+12
dp[6][1324]=-2.38e+12
dp[7][1324]=-2.92e+12
dp[8][1324]=-3.49e+12
dp[9][1324]=-4.03e+12
dp[10][1324]=-4.53e+12
dp[11][1324]=-5.07e+12
dp[12][1324]=-5.57e+12
dp[13][1324]=-6.05e+12
dp[14][1324]=-6.59e+12
dp[15][1324]=-7.09e+12
dp[16][1324]=-7.54e+12
dp[17][1324]=-7.97e+12
dp[18][1324]=-8.43e+12
dp[19][1324]=-8.88e+12
dp[20][1324]=-9.28e+12
dp[21][1324]=-9.28e+12
dp[22][1324]=-9.67e+12
dp[23][1324]=-9.67e+12
dp[24][1324]=-1.004e+13
dp[25][1324]=-1.004e+13
dp[26][1324]=-1.004e+13
dp[27][1324]=-1.004e+13
dp[28][1324]=-1.004e+13
dp[29][1324]=-9.68e+12
dp[30][1324]=-9.32e+12
dp[31][1324]=-8.96e+12
dp[32][1324]=-8.59e+12
dp[33][1324]=-8.07e+12
dp[34][1324]=-7.35e+12
dp[35][1324]=-6.4e+12
dp[36][1324]=-5.32e+12
Select best dp
Best k=25
dp[2][1324]=-1433.91
dp[3][1324]=-7.2e+11
dp[4][1324]=-1.34e+12
dp[5][1324]=-1.88e+12
dp[6][1324]=-2.38e+12
dp[7][1324]=-2.92e+12
dp[8][1324]=-3.49e+12
dp[9][1324]=-4.03e+12
dp[10][1324]=-4.53e+12
dp[11][1324]=-5.07e+12
dp[12][1324]=-5.57e+12
dp[13][1324]=-6.05e+12
dp[14][1324]=-6.59e+12
dp[15][1324]=-7.09e+12
dp[16][1324]=-7.54e+12
dp[17][1324]=-7.97e+12
dp[18][1324]=-8.43e+12
dp[19][1324]=-8.88e+12
dp[20][1324]=-9.28e+12
dp[21][1324]=-9.28e+12
dp[22][1324]=-9.67e+12
dp[23][1324]=-9.67e+12
dp[24][1324]=-1.004e+13
dp[25][1324]=-1.004e+13
dp[26][1324]=-1.004e+13
dp[27][1324]=-1.004e+13
dp[28][1324]=-1.004e+13
dp[29][1324]=-9.68e+12
dp[30][1324]=-9.32e+12
dp[31][1324]=-8.96e+12
dp[32][1324]=-8.59e+12
dp[33][1324]=-8.07e+12
dp[34][1324]=-7.35e+12
dp[35][1324]=-6.4e+12
dp[36][1324]=-5.32e+12
Select best dp
Best k=25
dp[2][1324]=-1433.91
dp[3][1324]=-7.2e+11
dp[4][1324]=-1.34e+12
dp[5][1324]=-1.88e+12
dp[6][1324]=-2.38e+12
dp[7][1324]=-2.92e+12
dp[8][1324]=-3.49e+12
dp[9][1324]=-4.03e+12
dp[10][1324]=-4.53e+12
dp[11][1324]=-5.07e+12
dp[12][1324]=-5.57e+12
dp[13][1324]=-6.05e+12
dp[14][1324]=-6.59e+12
dp[15][1324]=-7.09e+12
dp[16][1324]=-7.54e+12
dp[17][1324]=-7.97e+12
dp[18][1324]=-8.43e+12
dp[19][1324]=-8.88e+12
dp[20][1324]=-9.28e+12
dp[21][1324]=-9.28e+12
dp[22][1324]=-9.67e+12
dp[23][1324]=-9.67e+12
dp[24][1324]=-1.004e+13
dp[25][1324]=-1.004e+13
dp[26][1324]=-1.004e+13
dp[27][1324]=-1.004e+13
dp[28][1324]=-1.004e+13
dp[29][1324]=-9.68e+12
dp[30][1324]=-9.32e+12
dp[31][1324]=-8.96e+12
dp[32][1324]=-8.59e+12
dp[33][1324]=-8.07e+12
dp[34][1324]=-7.35e+12
dp[35][1324]=-6.4e+12
dp[36][1324]=-5.32e+12
Select best dp
Best k=25
Stratifying 2-th numerical feature ...
Stratifying 2-th numerical feature ...
Stratifying 2-th numerical feature ...
dp[2][1324]=-1433.91
dp[3][1324]=-7.2e+11
dp[4][1324]=-1.34e+12
dp[5][1324]=-1.88e+12
dp[6][1324]=-1.93e+12
dp[7][1324]=-2.47e+12
dp[8][1324]=-2.48e+12
dp[9][1324]=-3.02e+12
dp[10][1324]=-3.02e+12
dp[11][1324]=-3.52e+12
dp[12][1324]=-3.52e+12
dp[13][1324]=-4e+12
dp[14][1324]=-4e+12
dp[15][1324]=-4e+12
dp[16][1324]=-4e+12
dp[17][1324]=-4e+12
dp[18][1324]=-4e+12
dp[19][1324]=-4e+12
dp[20][1324]=-4e+12
dp[21][1324]=-4e+12
dp[22][1324]=-4e+12
dp[23][1324]=-3.45e+12
dp[24][1324]=-1.09e+12
Select best dp
Best k=21
Stratifying 2-th numerical feature ...
dp[2][1324]=-580.358
dp[3][1324]=-3.6e+11
dp[4][1324]=-6.7e+11
dp[5][1324]=-9.4e+11
dp[6][1324]=-1.19e+12
dp[7][1324]=-1.46e+12
dp[8][1324]=-1.745e+12
dp[9][1324]=-2.015e+12
dp[10][1324]=-2.265e+12
dp[11][1324]=-2.535e+12
dp[12][1324]=-2.785e+12
dp[13][1324]=-3.025e+12
dp[14][1324]=-3.295e+12
dp[15][1324]=-3.545e+12
dp[16][1324]=-3.77e+12
dp[17][1324]=-3.985e+12
dp[18][1324]=-4.215e+12
dp[19][1324]=-4.44e+12
dp[20][1324]=-4.64e+12
dp[21][1324]=-4.64e+12
dp[22][1324]=-4.835e+12
dp[23][1324]=-4.835e+12
dp[24][1324]=-5.02e+12
dp[25][1324]=-5.02e+12
dp[26][1324]=-5.02e+12
dp[27][1324]=-5.02e+12
dp[28][1324]=-5.02e+12
dp[29][1324]=-4.84e+12
dp[30][1324]=-4.66e+12
dp[31][1324]=-4.48e+12
dp[32][1324]=-4.295e+12
dp[33][1324]=-4.035e+12
dp[34][1324]=-3.675e+12
dp[35][1324]=-3.2e+12
dp[36][1324]=-2.66e+12
Select best dp
Best k=24
dp[2][1324]=273.188
dp[3][1324]=409.783
dp[4][1324]=546.377
dp[5][1324]=682.971
dp[6][1324]=819.565
dp[7][1324]=956.159
dp[8][1324]=1092.75
dp[9][1324]=1229.35
dp[10][1324]=1365.94
dp[11][1324]=1502.54
dp[12][1324]=1639.13
dp[13][1324]=1775.72
dp[14][1324]=1912.32
dp[15][1324]=2048.91
dp[16][1324]=2185.51
dp[17][1324]=2322.1
dp[18][1324]=2458.7
dp[19][1324]=2595.29
dp[20][1324]=2731.88
dp[21][1324]=2868.48
dp[22][1324]=3005.07
dp[23][1324]=3141.67
dp[24][1324]=3278.26
dp[25][1324]=3414.85
dp[26][1324]=3551.45
dp[27][1324]=3688.04
dp[28][1324]=3824.64
dp[29][1324]=3961.23
dp[30][1324]=4097.83
dp[31][1324]=4234.42
dp[32][1324]=4371.01
dp[33][1324]=4507.61
dp[34][1324]=4644.2
dp[35][1324]=4780.8
dp[36][1324]=4917.39
Select best dp
Best k=2
Stratifying 2-th numerical feature ...
Stratifying 2-th numerical feature ...
dp[2][1324]=-1433.91
dp[3][1324]=-7.2e+11
dp[4][1324]=-1.34e+12
dp[5][1324]=-1.88e+12
dp[6][1324]=-2.38e+12
dp[7][1324]=-2.92e+12
dp[8][1324]=-3.49e+12
dp[9][1324]=-4.03e+12
dp[10][1324]=-4.53e+12
dp[11][1324]=-5.07e+12
dp[12][1324]=-5.57e+12
dp[13][1324]=-6.05e+12
dp[14][1324]=-6.59e+12
dp[15][1324]=-7.09e+12
dp[16][1324]=-7.54e+12
dp[17][1324]=-7.97e+12
dp[18][1324]=-8.43e+12
dp[19][1324]=-8.88e+12
dp[20][1324]=-9.28e+12
dp[21][1324]=-9.28e+12
dp[22][1324]=-9.67e+12
dp[23][1324]=-9.67e+12
dp[24][1324]=-1.004e+13
dp[25][1324]=-1.004e+13
dp[26][1324]=-1.004e+13
dp[27][1324]=-1.004e+13
dp[28][1324]=-1.004e+13
dp[29][1324]=-9.68e+12
dp[30][1324]=-9.32e+12
dp[31][1324]=-8.96e+12
dp[32][1324]=-8.59e+12
dp[33][1324]=-8.07e+12
dp[34][1324]=-7.35e+12
dp[35][1324]=-6.4e+12
dp[36][1324]=-5.32e+12
Select best dp
Best k=25
Stratifying 2-th numerical feature ...
dp[2][1324]=-3141
dp[3][1324]=-1.44e+12
dp[4][1324]=-2.68e+12
dp[5][1324]=-3.76e+12
dp[6][1324]=-4.76e+12
dp[7][1324]=-5.84e+12
dp[8][1324]=-6.98e+12
dp[9][1324]=-8.06e+12
dp[10][1324]=-9.06e+12
dp[11][1324]=-1.014e+13
dp[12][1324]=-1.114e+13
dp[13][1324]=-1.21e+13
dp[14][1324]=-1.318e+13
dp[15][1324]=-1.418e+13
dp[16][1324]=-1.508e+13
dp[17][1324]=-1.594e+13
dp[18][1324]=-1.686e+13
dp[19][1324]=-1.776e+13
dp[20][1324]=-1.856e+13
dp[21][1324]=-1.856e+13
dp[22][1324]=-1.934e+13
dp[23][1324]=-1.934e+13
dp[24][1324]=-2.008e+13
dp[25][1324]=-2.008e+13
dp[26][1324]=-2.008e+13
dp[27][1324]=-2.008e+13
dp[28][1324]=-2.008e+13
dp[29][1324]=-1.936e+13
dp[30][1324]=-1.864e+13
dp[31][1324]=-1.792e+13
dp[32][1324]=-1.718e+13
dp[33][1324]=-1.614e+13
dp[34][1324]=-1.47e+13
dp[35][1324]=-1.28e+13
dp[36][1324]=-1.064e+13
Select best dp
Best k=26
Stratifying 2-th numerical feature ...
dp[2][1324]=-1433.91
dp[3][1324]=-7.2e+11
dp[4][1324]=-1.34e+12
dp[5][1324]=-1.88e+12
dp[6][1324]=-2.38e+12
dp[7][1324]=-2.92e+12
dp[8][1324]=-3.49e+12
dp[9][1324]=-4.03e+12
dp[10][1324]=-4.53e+12
dp[11][1324]=-5.07e+12
dp[12][1324]=-5.57e+12
dp[13][1324]=-6.05e+12
dp[14][1324]=-6.59e+12
dp[15][1324]=-7.09e+12
dp[16][1324]=-7.54e+12
dp[17][1324]=-7.97e+12
dp[18][1324]=-8.43e+12
dp[19][1324]=-8.88e+12
dp[20][1324]=-9.28e+12
dp[21][1324]=-9.28e+12
dp[22][1324]=-9.67e+12
dp[23][1324]=-9.67e+12
dp[24][1324]=-1.004e+13
dp[25][1324]=-1.004e+13
dp[26][1324]=-1.004e+13
dp[27][1324]=-1.004e+13
dp[28][1324]=-1.004e+13
dp[29][1324]=-9.68e+12
dp[30][1324]=-9.32e+12
dp[31][1324]=-8.96e+12
dp[32][1324]=-8.59e+12
dp[33][1324]=-8.07e+12
dp[34][1324]=-7.35e+12
dp[35][1324]=-6.4e+12
dp[36][1324]=-5.32e+12
Select best dp
Best k=25
Stratifying 2-th numerical feature ...
dp[2][1324]=-2.1e+11
dp[3][1324]=-7.2e+11
dp[4][1324]=-1.34e+12
dp[5][1324]=-1.88e+12
dp[6][1324]=-2.38e+12
dp[7][1324]=-2.92e+12
dp[8][1324]=-3.49e+12
dp[9][1324]=-4.03e+12
dp[10][1324]=-4.53e+12
dp[11][1324]=-5.07e+12
dp[12][1324]=-5.57e+12
dp[13][1324]=-6.05e+12
dp[14][1324]=-6.59e+12
dp[15][1324]=-7.09e+12
dp[16][1324]=-7.54e+12
dp[17][1324]=-7.97e+12
dp[18][1324]=-8.43e+12
dp[19][1324]=-8.88e+12
dp[20][1324]=-9.28e+12
dp[21][1324]=-9.6e+12
dp[22][1324]=-9.92e+12
dp[23][1324]=-1.021e+13
dp[24][1324]=-1.058e+13
dp[25][1324]=-1.088e+13
dp[26][1324]=-1.121e+13
dp[27][1324]=-1.16e+13
dp[28][1324]=-1.184e+13
dp[29][1324]=-1.223e+13
dp[30][1324]=-1.269e+13
dp[31][1324]=-1.293e+13
dp[32][1324]=-1.293e+13
dp[33][1324]=-1.293e+13
dp[34][1324]=-1.293e+13
dp[35][1324]=-1.293e+13
dp[36][1324]=-1.293e+13
Select best dp
Best k=31
Stratifying 2-th numerical feature ...
dp[2][1324]=-8.7e+11
dp[3][1324]=-3.33e+12
dp[4][1324]=-5.73e+12
dp[5][1324]=-8.09e+12
dp[6][1324]=-9.93e+12
dp[7][1324]=-1.114e+13
dp[8][1324]=-1.201e+13
dp[9][1324]=-1.247e+13
dp[10][1324]=-1.285e+13
dp[11][1324]=-1.285e+13
dp[12][1324]=-1.285e+13
dp[13][1324]=-1.285e+13
dp[14][1324]=-1.285e+13
dp[15][1324]=-1.285e+13
dp[16][1324]=-1.285e+13
dp[17][1324]=-1.285e+13
dp[18][1324]=-1.285e+13
dp[19][1324]=-1.285e+13
dp[20][1324]=-1.285e+13
dp[21][1324]=-1.285e+13
dp[22][1324]=-1.285e+13
dp[23][1324]=-1.285e+13
dp[24][1324]=-1.285e+13
dp[25][1324]=-1.285e+13
dp[26][1324]=-1.285e+13
dp[27][1324]=-1.285e+13
dp[28][1324]=-1.285e+13
dp[29][1324]=-1.285e+13
dp[30][1324]=-1.285e+13
dp[31][1324]=-1.285e+13
dp[32][1324]=-1.285e+13
dp[33][1324]=-1.285e+13
dp[34][1324]=-1.249e+13
dp[35][1324]=-1.213e+13
dp[36][1324]=-1.141e+13
Select best dp
Best k=10
dp[2][1324]=-8.7e+11
dp[3][1324]=-3.33e+12
dp[4][1324]=-5.73e+12
dp[5][1324]=-8.09e+12
dp[6][1324]=-9.93e+12
dp[7][1324]=-1.114e+13
dp[8][1324]=-1.201e+13
dp[9][1324]=-1.247e+13
dp[10][1324]=-1.285e+13
dp[11][1324]=-1.285e+13
dp[12][1324]=-1.285e+13
dp[13][1324]=-1.285e+13
dp[14][1324]=-1.285e+13
dp[15][1324]=-1.285e+13
dp[16][1324]=-1.285e+13
dp[17][1324]=-1.285e+13
dp[18][1324]=-1.285e+13
dp[19][1324]=-1.285e+13
dp[20][1324]=-1.285e+13
dp[21][1324]=-1.285e+13
dp[22][1324]=-1.285e+13
dp[23][1324]=-1.285e+13
dp[24][1324]=-1.285e+13
dp[25][1324]=-1.285e+13
dp[26][1324]=-1.285e+13
dp[27][1324]=-1.285e+13
dp[28][1324]=-1.285e+13
dp[29][1324]=-1.285e+13
dp[30][1324]=-1.285e+13
dp[31][1324]=-1.285e+13
dp[32][1324]=-1.285e+13
dp[33][1324]=-1.285e+13
dp[34][1324]=-1.249e+13
dp[35][1324]=-1.213e+13
dp[36][1324]=-1.141e+13
Select best dp
Best k=10
dp[2][1324]=-8.7e+11
dp[3][1324]=-3.33e+12
dp[4][1324]=-5.73e+12
dp[5][1324]=-8.09e+12
dp[6][1324]=-9.93e+12
dp[7][1324]=-1.114e+13
dp[8][1324]=-1.201e+13
dp[9][1324]=-1.247e+13
dp[10][1324]=-1.285e+13
dp[11][1324]=-1.285e+13
dp[12][1324]=-1.285e+13
dp[13][1324]=-1.285e+13
dp[14][1324]=-1.285e+13
dp[15][1324]=-1.285e+13
dp[16][1324]=-1.285e+13
dp[17][1324]=-1.285e+13
dp[18][1324]=-1.285e+13
dp[19][1324]=-1.285e+13
dp[20][1324]=-1.285e+13
dp[21][1324]=-1.285e+13
dp[22][1324]=-1.285e+13
dp[23][1324]=-1.285e+13
dp[24][1324]=-1.285e+13
dp[25][1324]=-1.285e+13
dp[26][1324]=-1.285e+13
dp[27][1324]=-1.285e+13
dp[28][1324]=-1.285e+13
dp[29][1324]=-1.285e+13
dp[30][1324]=-1.285e+13
dp[31][1324]=-1.285e+13
dp[32][1324]=-1.285e+13
dp[33][1324]=-1.285e+13
dp[34][1324]=-1.249e+13
dp[35][1324]=-1.213e+13
dp[36][1324]=-1.141e+13
Select best dp
Best k=10
dp[2][1324]=-8.7e+11
dp[3][1324]=-3.33e+12
dp[4][1324]=-5.73e+12
dp[5][1324]=-8.09e+12
dp[6][1324]=-9.93e+12
dp[7][1324]=-1.114e+13
dp[8][1324]=-1.201e+13
dp[9][1324]=-1.247e+13
dp[10][1324]=-1.285e+13
dp[11][1324]=-1.285e+13
dp[12][1324]=-1.285e+13
dp[13][1324]=-1.285e+13
dp[14][1324]=-1.285e+13
dp[15][1324]=-1.285e+13
dp[16][1324]=-1.285e+13
dp[17][1324]=-1.285e+13
dp[18][1324]=-1.285e+13
dp[19][1324]=-1.285e+13
dp[20][1324]=-1.285e+13
dp[21][1324]=-1.285e+13
dp[22][1324]=-1.285e+13
dp[23][1324]=-1.285e+13
dp[24][1324]=-1.285e+13
dp[25][1324]=-1.285e+13
dp[26][1324]=-1.285e+13
dp[27][1324]=-1.285e+13
dp[28][1324]=-1.285e+13
dp[29][1324]=-1.285e+13
dp[30][1324]=-1.285e+13
dp[31][1324]=-1.285e+13
dp[32][1324]=-1.285e+13
dp[33][1324]=-1.285e+13
dp[34][1324]=-1.249e+13
dp[35][1324]=-1.213e+13
dp[36][1324]=-1.141e+13
Select best dp
Best k=10
dp[2][1324]=-2.1e+11
dp[3][1324]=-7.2e+11
dp[4][1324]=-1.34e+12
dp[5][1324]=-1.88e+12
dp[6][1324]=-2.38e+12
dp[7][1324]=-2.92e+12
dp[8][1324]=-3.49e+12
dp[9][1324]=-4.03e+12
dp[10][1324]=-4.53e+12
dp[11][1324]=-5.07e+12
dp[12][1324]=-5.57e+12
dp[13][1324]=-6.05e+12
dp[14][1324]=-6.59e+12
dp[15][1324]=-7.09e+12
dp[16][1324]=-7.54e+12
dp[17][1324]=-7.97e+12
dp[18][1324]=-8.43e+12
dp[19][1324]=-8.88e+12
dp[20][1324]=-9.28e+12
dp[21][1324]=-9.6e+12
dp[22][1324]=-9.92e+12
dp[23][1324]=-1.021e+13
dp[24][1324]=-1.058e+13
dp[25][1324]=-1.088e+13
dp[26][1324]=-1.121e+13
dp[27][1324]=-1.16e+13
dp[28][1324]=-1.184e+13
dp[29][1324]=-1.223e+13
dp[30][1324]=-1.269e+13
dp[31][1324]=-1.293e+13
dp[32][1324]=-1.308e+13
dp[33][1324]=-1.308e+13
dp[34][1324]=-1.308e+13
dp[35][1324]=-1.308e+13
dp[36][1324]=-1.308e+13
Select best dp
Best k=32
Stratifying 2-th numerical feature ...
dp[2][1324]=-8.7e+11
dp[3][1324]=-3.33e+12
dp[4][1324]=-5.73e+12
dp[5][1324]=-8.09e+12
dp[6][1324]=-9.93e+12
dp[7][1324]=-1.114e+13
dp[8][1324]=-1.201e+13
dp[9][1324]=-1.201e+13
dp[10][1324]=-1.201e+13
dp[11][1324]=-1.201e+13
dp[12][1324]=-1.201e+13
dp[13][1324]=-1.201e+13
dp[14][1324]=-1.201e+13
dp[15][1324]=-1.201e+13
dp[16][1324]=-1.201e+13
dp[17][1324]=-1.201e+13
dp[18][1324]=-1.201e+13
dp[19][1324]=-1.201e+13
dp[20][1324]=-1.201e+13
dp[21][1324]=-1.201e+13
dp[22][1324]=-1.147e+13
dp[23][1324]=-1.055e+13
dp[24][1324]=-9.47e+12
Select best dp
Best k=9
dp[2][1324]=-8.7e+11
dp[3][1324]=-3.33e+12
dp[4][1324]=-5.73e+12
dp[5][1324]=-8.09e+12
dp[6][1324]=-9.93e+12
dp[7][1324]=-1.114e+13
dp[8][1324]=-1.201e+13
dp[9][1324]=-1.247e+13
dp[10][1324]=-1.285e+13
dp[11][1324]=-1.285e+13
dp[12][1324]=-1.285e+13
dp[13][1324]=-1.285e+13
dp[14][1324]=-1.285e+13
dp[15][1324]=-1.285e+13
dp[16][1324]=-1.285e+13
dp[17][1324]=-1.285e+13
dp[18][1324]=-1.285e+13
dp[19][1324]=-1.285e+13
dp[20][1324]=-1.285e+13
dp[21][1324]=-1.285e+13
dp[22][1324]=-1.285e+13
dp[23][1324]=-1.285e+13
dp[24][1324]=-1.285e+13
dp[25][1324]=-1.285e+13
dp[26][1324]=-1.285e+13
dp[27][1324]=-1.285e+13
dp[28][1324]=-1.285e+13
dp[29][1324]=-1.285e+13
dp[30][1324]=-1.285e+13
dp[31][1324]=-1.285e+13
dp[32][1324]=-1.285e+13
dp[33][1324]=-1.285e+13
dp[34][1324]=-1.249e+13
dp[35][1324]=-1.213e+13
dp[36][1324]=-1.141e+13
Select best dp
Best k=10
dp[2][1324]=-8.7e+11
dp[3][1324]=-3.33e+12
dp[4][1324]=-5.73e+12
dp[5][1324]=-8.09e+12
dp[6][1324]=-9.93e+12
dp[7][1324]=-1.114e+13
dp[8][1324]=-1.201e+13
dp[9][1324]=-1.247e+13
dp[10][1324]=-1.285e+13
dp[11][1324]=-1.285e+13
dp[12][1324]=-1.285e+13
dp[13][1324]=-1.285e+13
dp[14][1324]=-1.285e+13
dp[15][1324]=-1.285e+13
dp[16][1324]=-1.285e+13
dp[17][1324]=-1.285e+13
dp[18][1324]=-1.285e+13
dp[19][1324]=-1.285e+13
dp[20][1324]=-1.285e+13
dp[21][1324]=-1.285e+13
dp[22][1324]=-1.285e+13
dp[23][1324]=-1.285e+13
dp[24][1324]=-1.285e+13
dp[25][1324]=-1.285e+13
dp[26][1324]=-1.285e+13
dp[27][1324]=-1.285e+13
dp[28][1324]=-1.285e+13
dp[29][1324]=-1.285e+13
dp[30][1324]=-1.285e+13
dp[31][1324]=-1.285e+13
dp[32][1324]=-1.285e+13
dp[33][1324]=-1.285e+13
dp[34][1324]=-1.249e+13
dp[35][1324]=-1.213e+13
dp[36][1324]=-1.141e+13
Select best dp
Best k=10
dp[2][1324]=273.188
dp[3][1324]=409.783
dp[4][1324]=546.377
dp[5][1324]=682.971
dp[6][1324]=819.565
dp[7][1324]=956.159
dp[8][1324]=1092.75
dp[9][1324]=1229.35
dp[10][1324]=1365.94
dp[11][1324]=1502.54
dp[12][1324]=1639.13
dp[13][1324]=1775.72
dp[14][1324]=1912.32
dp[15][1324]=2048.91
dp[16][1324]=2185.51
dp[17][1324]=2322.1
dp[18][1324]=2458.7
dp[19][1324]=2595.29
dp[20][1324]=2731.88
dp[21][1324]=2868.48
dp[22][1324]=3005.07
dp[23][1324]=3141.67
dp[24][1324]=3278.26
dp[25][1324]=3414.85
dp[26][1324]=3551.45
dp[27][1324]=3688.04
dp[28][1324]=3824.64
dp[29][1324]=3961.23
dp[30][1324]=4097.83
dp[31][1324]=4234.42
dp[32][1324]=4371.01
dp[33][1324]=4507.61
dp[34][1324]=4644.2
dp[35][1324]=4780.8
dp[36][1324]=4917.39
Select best dp
Best k=2
dp[2][1324]=-4.35e+11
dp[3][1324]=-1.665e+12
dp[4][1324]=-2.865e+12
dp[5][1324]=-4.045e+12
dp[6][1324]=-4.965e+12
dp[7][1324]=-5.57e+12
dp[8][1324]=-6.005e+12
dp[9][1324]=-6.235e+12
dp[10][1324]=-6.425e+12
dp[11][1324]=-6.425e+12
dp[12][1324]=-6.425e+12
dp[13][1324]=-6.425e+12
dp[14][1324]=-6.425e+12
dp[15][1324]=-6.425e+12
dp[16][1324]=-6.425e+12
dp[17][1324]=-6.425e+12
dp[18][1324]=-6.425e+12
dp[19][1324]=-6.425e+12
dp[20][1324]=-6.425e+12
dp[21][1324]=-6.425e+12
dp[22][1324]=-6.425e+12
dp[23][1324]=-6.425e+12
dp[24][1324]=-6.425e+12
dp[25][1324]=-6.425e+12
dp[26][1324]=-6.425e+12
dp[27][1324]=-6.425e+12
dp[28][1324]=-6.425e+12
dp[29][1324]=-6.425e+12
dp[30][1324]=-6.425e+12
dp[31][1324]=-6.425e+12
dp[32][1324]=-6.425e+12
dp[33][1324]=-6.425e+12
dp[34][1324]=-6.245e+12
dp[35][1324]=-6.065e+12
dp[36][1324]=-5.705e+12
Select best dp
Best k=10
dp[2][1324]=-1.74e+12
dp[3][1324]=-6.66e+12
dp[4][1324]=-1.146e+13
dp[5][1324]=-1.618e+13
dp[6][1324]=-1.986e+13
dp[7][1324]=-2.228e+13
dp[8][1324]=-2.402e+13
dp[9][1324]=-2.494e+13
dp[10][1324]=-2.57e+13
dp[11][1324]=-2.57e+13
dp[12][1324]=-2.57e+13
dp[13][1324]=-2.57e+13
dp[14][1324]=-2.57e+13
dp[15][1324]=-2.57e+13
dp[16][1324]=-2.57e+13
dp[17][1324]=-2.57e+13
dp[18][1324]=-2.57e+13
dp[19][1324]=-2.57e+13
dp[20][1324]=-2.57e+13
dp[21][1324]=-2.57e+13
dp[22][1324]=-2.57e+13
dp[23][1324]=-2.57e+13
dp[24][1324]=-2.57e+13
dp[25][1324]=-2.57e+13
dp[26][1324]=-2.57e+13
dp[27][1324]=-2.57e+13
dp[28][1324]=-2.57e+13
dp[29][1324]=-2.57e+13
dp[30][1324]=-2.57e+13
dp[31][1324]=-2.57e+13
dp[32][1324]=-2.57e+13
dp[33][1324]=-2.57e+13
dp[34][1324]=-2.498e+13
dp[35][1324]=-2.426e+13
dp[36][1324]=-2.282e+13
Select best dp
Best k=10
dp[2][1324]=-8.7e+11
dp[3][1324]=-3.33e+12
dp[4][1324]=-5.73e+12
dp[5][1324]=-8.09e+12
dp[6][1324]=-9.93e+12
dp[7][1324]=-1.114e+13
dp[8][1324]=-1.201e+13
dp[9][1324]=-1.247e+13
dp[10][1324]=-1.285e+13
dp[11][1324]=-1.285e+13
dp[12][1324]=-1.285e+13
dp[13][1324]=-1.285e+13
dp[14][1324]=-1.285e+13
dp[15][1324]=-1.285e+13
dp[16][1324]=-1.285e+13
dp[17][1324]=-1.285e+13
dp[18][1324]=-1.285e+13
dp[19][1324]=-1.285e+13
dp[20][1324]=-1.285e+13
dp[21][1324]=-1.285e+13
dp[22][1324]=-1.285e+13
dp[23][1324]=-1.285e+13
dp[24][1324]=-1.285e+13
dp[25][1324]=-1.285e+13
dp[26][1324]=-1.285e+13
dp[27][1324]=-1.285e+13
dp[28][1324]=-1.285e+13
dp[29][1324]=-1.285e+13
dp[30][1324]=-1.285e+13
dp[31][1324]=-1.285e+13
dp[32][1324]=-1.285e+13
dp[33][1324]=-1.285e+13
dp[34][1324]=-1.285e+13
dp[35][1324]=-1.285e+13
dp[36][1324]=-1.285e+13
Select best dp
Best k=10
dp[2][1324]=-2.1e+11
dp[3][1324]=-7.2e+11
dp[4][1324]=-1.34e+12
dp[5][1324]=-1.88e+12
dp[6][1324]=-2.38e+12
dp[7][1324]=-2.92e+12
dp[8][1324]=-3.49e+12
dp[9][1324]=-4.03e+12
dp[10][1324]=-4.53e+12
dp[11][1324]=-5.07e+12
dp[12][1324]=-5.57e+12
dp[13][1324]=-6.05e+12
dp[14][1324]=-6.59e+12
dp[15][1324]=-7.09e+12
dp[16][1324]=-7.54e+12
dp[17][1324]=-7.97e+12
dp[18][1324]=-8.43e+12
dp[19][1324]=-8.88e+12
dp[20][1324]=-9.28e+12
dp[21][1324]=-9.6e+12
dp[22][1324]=-9.92e+12
dp[23][1324]=-1.021e+13
dp[24][1324]=-1.058e+13
dp[25][1324]=-1.088e+13
dp[26][1324]=-1.121e+13
dp[27][1324]=-1.16e+13
dp[28][1324]=-1.184e+13
dp[29][1324]=-1.223e+13
dp[30][1324]=-1.269e+13
dp[31][1324]=-1.293e+13
dp[32][1324]=-1.308e+13
dp[33][1324]=-1.314e+13
dp[34][1324]=-1.32e+13
dp[35][1324]=-1.32e+13
dp[36][1324]=-1.32e+13
Select best dp
Best k=34
Stratifying 2-th numerical feature ...
dp[2][1324]=-288.962
dp[3][1324]=-7.2e+11
dp[4][1324]=-1.34e+12
dp[5][1324]=-1.88e+12
dp[6][1324]=-2.38e+12
dp[7][1324]=-2.92e+12
dp[8][1324]=-3.49e+12
dp[9][1324]=-4.03e+12
dp[10][1324]=-4.53e+12
dp[11][1324]=-5.07e+12
dp[12][1324]=-5.57e+12
dp[13][1324]=-6.05e+12
dp[14][1324]=-6.59e+12
dp[15][1324]=-7.09e+12
dp[16][1324]=-7.54e+12
dp[17][1324]=-7.97e+12
dp[18][1324]=-8.43e+12
dp[19][1324]=-8.88e+12
dp[20][1324]=-9.28e+12
dp[21][1324]=-9.28e+12
dp[22][1324]=-9.67e+12
dp[23][1324]=-9.67e+12
dp[24][1324]=-1.004e+13
dp[25][1324]=-1.004e+13
dp[26][1324]=-1.004e+13
dp[27][1324]=-1.004e+13
dp[28][1324]=-1.004e+13
dp[29][1324]=-9.68e+12
dp[30][1324]=-9.32e+12
dp[31][1324]=-8.96e+12
dp[32][1324]=-8.59e+12
dp[33][1324]=-8.07e+12
dp[34][1324]=-7.35e+12
dp[35][1324]=-6.4e+12
dp[36][1324]=-5.32e+12
Select best dp
Best k=25
Stratifying 2-th numerical feature ...
dp[2][1324]=-8.7e+11
dp[3][1324]=-3.33e+12
dp[4][1324]=-5.73e+12
dp[5][1324]=-8.09e+12
dp[6][1324]=-9.93e+12
dp[7][1324]=-1.114e+13
dp[8][1324]=-1.201e+13
dp[9][1324]=-1.247e+13
dp[10][1324]=-1.285e+13
dp[11][1324]=-1.299e+13
dp[12][1324]=-1.31e+13
dp[13][1324]=-1.31e+13
dp[14][1324]=-1.31e+13
dp[15][1324]=-1.31e+13
dp[16][1324]=-1.31e+13
dp[17][1324]=-1.31e+13
dp[18][1324]=-1.31e+13
dp[19][1324]=-1.31e+13
dp[20][1324]=-1.31e+13
dp[21][1324]=-1.31e+13
dp[22][1324]=-1.31e+13
dp[23][1324]=-1.31e+13
dp[24][1324]=-1.31e+13
dp[25][1324]=-1.31e+13
dp[26][1324]=-1.31e+13
dp[27][1324]=-1.31e+13
dp[28][1324]=-1.31e+13
dp[29][1324]=-1.31e+13
dp[30][1324]=-1.31e+13
dp[31][1324]=-1.31e+13
dp[32][1324]=-1.31e+13
dp[33][1324]=-1.31e+13
dp[34][1324]=-1.31e+13
dp[35][1324]=-1.31e+13
dp[36][1324]=-1.31e+13
Select best dp
Best k=12
dp[2][1324]=-8.7e+11
dp[3][1324]=-3.33e+12
dp[4][1324]=-5.73e+12
dp[5][1324]=-8.09e+12
dp[6][1324]=-9.93e+12
dp[7][1324]=-1.114e+13
dp[8][1324]=-1.201e+13
dp[9][1324]=-1.247e+13
dp[10][1324]=-1.285e+13
dp[11][1324]=-1.299e+13
dp[12][1324]=-1.31e+13
dp[13][1324]=-1.32e+13
dp[14][1324]=-1.32e+13
dp[15][1324]=-1.32e+13
dp[16][1324]=-1.32e+13
dp[17][1324]=-1.32e+13
dp[18][1324]=-1.32e+13
dp[19][1324]=-1.32e+13
dp[20][1324]=-1.32e+13
dp[21][1324]=-1.32e+13
dp[22][1324]=-1.32e+13
dp[23][1324]=-1.32e+13
dp[24][1324]=-1.32e+13
dp[25][1324]=-1.32e+13
dp[26][1324]=-1.32e+13
dp[27][1324]=-1.32e+13
dp[28][1324]=-1.32e+13
dp[29][1324]=-1.32e+13
dp[30][1324]=-1.32e+13
dp[31][1324]=-1.32e+13
dp[32][1324]=-1.32e+13
dp[33][1324]=-1.32e+13
dp[34][1324]=-1.32e+13
dp[35][1324]=-1.32e+13
dp[36][1324]=-1.32e+13
Select best dp
Best k=13
dp[2][1324]=-8.7e+11
dp[3][1324]=-3.33e+12
dp[4][1324]=-5.73e+12
dp[5][1324]=-8.09e+12
dp[6][1324]=-9.93e+12
dp[7][1324]=-1.114e+13
dp[8][1324]=-1.201e+13
dp[9][1324]=-1.247e+13
dp[10][1324]=-1.285e+13
dp[11][1324]=-1.285e+13
dp[12][1324]=-1.285e+13
dp[13][1324]=-1.285e+13
dp[14][1324]=-1.285e+13
dp[15][1324]=-1.285e+13
dp[16][1324]=-1.285e+13
dp[17][1324]=-1.285e+13
dp[18][1324]=-1.285e+13
dp[19][1324]=-1.285e+13
dp[20][1324]=-1.285e+13
dp[21][1324]=-1.285e+13
dp[22][1324]=-1.285e+13
dp[23][1324]=-1.285e+13
dp[24][1324]=-1.285e+13
dp[25][1324]=-1.285e+13
dp[26][1324]=-1.285e+13
dp[27][1324]=-1.285e+13
dp[28][1324]=-1.285e+13
dp[29][1324]=-1.285e+13
dp[30][1324]=-1.285e+13
dp[31][1324]=-1.285e+13
dp[32][1324]=-1.285e+13
dp[33][1324]=-1.285e+13
dp[34][1324]=-1.249e+13
dp[35][1324]=-1.213e+13
dp[36][1324]=-1.141e+13
Select best dp
Best k=10
