Standardize ...
Stratifying 1-th numerical feature ...
Standardize ...
Stratifying 1-th numerical feature ...
Standardize ...
Stratifying 1-th numerical feature ...
Standardize ...
Stratifying 1-th numerical feature ...
Standardize ...
Stratifying 1-th numerical feature ...
Standardize ...
Stratifying 1-th numerical feature ...
Standardize ...
Stratifying 1-th numerical feature ...
Standardize ...
Stratifying 1-th numerical feature ...
Standardize ...
Stratifying 1-th numerical feature ...
Standardize ...
Stratifying 1-th numerical feature ...
Standardize ...
Stratifying 1-th numerical feature ...
Standardize ...
Stratifying 1-th numerical feature ...
Standardize ...
Stratifying 1-th numerical feature ...
Standardize ...
Stratifying 1-th numerical feature ...
dp[2][188]=94.0429
dp[3][188]=120.951
dp[4][188]=183.504
dp[5][188]=261.268
dp[6][188]=366.275
dp[7][188]=496.677
dp[8][188]=629.035
dp[9][188]=767.303
dp[10][188]=906.327
dp[11][188]=1054.08
dp[12][188]=1205.11
dp[13][188]=1377.34
Select best dp
Best k=2
Stratifying 2-th numerical feature ...
dp[2][188]=94.0429
dp[3][188]=120.951
dp[4][188]=183.504
dp[5][188]=261.268
dp[6][188]=366.275
dp[7][188]=496.677
dp[8][188]=629.035
dp[9][188]=767.303
dp[10][188]=906.327
dp[11][188]=1054.08
dp[12][188]=1205.11
dp[13][188]=1377.34
Select best dp
Best k=2
Stratifying 2-th numerical feature ...
dp[2][188]=94.0429
dp[3][188]=120.951
dp[4][188]=183.504
dp[5][188]=261.268
dp[6][188]=366.275
dp[7][188]=496.677
dp[8][188]=629.035
dp[9][188]=767.303
dp[10][188]=906.327
dp[11][188]=1054.08
dp[12][188]=1205.11
dp[13][188]=1377.34
Select best dp
Best k=2
Stratifying 2-th numerical feature ...
dp[2][188]=94.0429
dp[3][188]=120.951
dp[4][188]=183.504
dp[5][188]=261.268
dp[6][188]=366.275
dp[7][188]=493.903
dp[8][188]=626.262
dp[9][188]=760.492
dp[10][188]=897.184
dp[11][188]=1035.67
dp[12][188]=1180.03
dp[13][188]=1328.39
Select best dp
Best k=2
Stratifying 2-th numerical feature ...
dp[2][188]=94.0429
dp[3][188]=120.951
dp[4][188]=183.504
dp[5][188]=261.268
dp[6][188]=366.275
dp[7][188]=493.903
dp[8][188]=626.262
dp[9][188]=760.492
dp[10][188]=897.184
dp[11][188]=1035.67
dp[12][188]=1179.7
dp[13][188]=1323.98
Select best dp
Best k=2
Stratifying 2-th numerical feature ...
dp[2][188]=94.0429
dp[3][188]=120.951
dp[4][188]=183.504
dp[5][188]=261.268
dp[6][188]=366.275
dp[7][188]=496.677
dp[8][188]=629.035
dp[9][188]=767.303
dp[10][188]=906.327
dp[11][188]=1054.08
dp[12][188]=1205.11
dp[13][188]=1377.34
Select best dp
Best k=2
Stratifying 2-th numerical feature ...
dp[2][188]=94.0429
dp[3][188]=120.951
dp[4][188]=183.504
dp[5][188]=261.268
dp[6][188]=366.275
dp[7][188]=500.255
dp[8][188]=643.348
dp[9][188]=797.038
Select best dp
Best k=2
Stratifying 2-th numerical feature ...
dp[2][188]=147.796
dp[3][188]=159.673
dp[4][188]=219.185
dp[5][188]=327.265
dp[6][188]=432.803
dp[7][188]=555.422
dp[8][188]=682.217
dp[9][188]=818.465
dp[10][188]=961.085
dp[11][188]=1105.2
dp[12][188]=1263.05
dp[13][188]=1429.46
Select best dp
Best k=2
Stratifying 3-th numerical feature ...
dp[2][188]=147.796
dp[3][188]=159.673
dp[4][188]=219.185
dp[5][188]=327.265
dp[6][188]=432.803
dp[7][188]=555.422
dp[8][188]=682.217
dp[9][188]=818.465
dp[10][188]=961.085
dp[11][188]=1105.2
dp[12][188]=1263.05
dp[13][188]=1429.46
Select best dp
Best k=2
Stratifying 3-th numerical feature ...
dp[2][188]=366.922
dp[3][188]=550.383
dp[4][188]=733.845
dp[5][188]=917.306
dp[6][188]=1100.77
dp[7][188]=1284.23
dp[8][188]=1467.69
dp[9][188]=1651.15
dp[10][188]=1834.61
dp[11][188]=2018.07
dp[12][188]=2201.53
dp[13][188]=2384.99
Select best dp
Best k=2
dp[2][188]=94.0429
dp[3][188]=120.951
dp[4][188]=183.504
dp[5][188]=261.268
dp[2][188]=230.483
dp[6][188]=366.275
dp[3][188]=335.667
dp[7][188]=496.677
dp[4][188]=458.674
dp[8][188]=629.035
dp[5][188]=589.287
dp[9][188]=767.303
dp[6][188]=733.521
dp[10][188]=906.327
dp[7][188]=890.452
dp[11][188]=1054.08
dp[8][188]=1048.36
dp[12][188]=1205.11
dp[9][188]=1209.23
dp[13][188]=1377.34
dp[10][188]=1370.47
Select best dp
dp[11][188]=1536.08
Best k=2
dp[12][188]=1703.32
dp[13][188]=1881.17
Select best dp
Best k=2
Stratifying 2-th numerical feature ...
Stratifying 2-th numerical feature ...
Stratifying 2-th numerical feature ...
dp[2][188]=-178.837
dp[3][188]=-308.482
dp[4][188]=-366.837
dp[5][188]=-394.769
dp[6][188]=-368.216
dp[7][188]=-290.875
dp[8][188]=-209.619
dp[9][188]=-116.544
dp[10][188]=-21.9568
dp[11][188]=90.0829
dp[12][188]=208.68
dp[13][188]=369.689
Select best dp
Best k=5
Stratifying 2-th numerical feature ...
dp[2][188]=94.0429
dp[3][188]=120.951
dp[4][188]=183.504
dp[5][188]=261.268
dp[6][188]=366.275
dp[7][188]=496.677
dp[8][188]=629.035
dp[9][188]=767.303
dp[10][188]=906.327
dp[11][188]=1054.08
dp[12][188]=1205.11
dp[13][188]=1377.34
Select best dp
Best k=2
Stratifying 2-th numerical feature ...
dp[2][188]=147.796
dp[3][188]=159.673
dp[4][188]=219.185
dp[5][188]=327.265
dp[6][188]=432.803
dp[7][188]=555.422
dp[8][188]=682.217
dp[9][188]=818.465
dp[10][188]=961.085
dp[11][188]=1105.2
dp[12][188]=1263.05
dp[13][188]=1429.46
Select best dp
Best k=2
Stratifying 3-th numerical feature ...
dp[2][188]=94.0429
dp[3][188]=120.951
dp[4][188]=183.504
dp[5][188]=261.268
dp[6][188]=366.275
dp[7][188]=493.903
dp[8][188]=626.262
dp[9][188]=760.492
dp[10][188]=897.184
dp[11][188]=1035.67
dp[12][188]=1179.95
dp[13][188]=1326.7
Select best dp
Best k=2
Stratifying 2-th numerical feature ...
dp[2][188]=147.796
dp[3][188]=159.673
dp[4][188]=219.185
dp[5][188]=327.265
dp[6][188]=432.803
dp[7][188]=555.422
dp[8][188]=682.217
dp[9][188]=818.465
dp[10][188]=960.007
dp[11][188]=1102.05
dp[12][188]=1249.36
dp[13][188]=1399.49
Select best dp
Best k=2
Stratifying 3-th numerical feature ...
dp[2][188]=84.3773
dp[3][188]=93.9335
dp[4][188]=156.376
dp[5][188]=234.985
dp[6][188]=333.463
dp[7][188]=452.924
dp[8][188]=579.575
dp[9][188]=709.576
dp[10][188]=841.869
dp[11][188]=983.585
dp[12][188]=1128.21
dp[13][188]=1289.98
Select best dp
Best k=2
Stratifying 2-th numerical feature ...
dp[2][188]=147.796
dp[3][188]=-5e+10
dp[4][188]=-5e+10
dp[5][188]=-5e+10
dp[6][188]=-5e+10
dp[7][188]=-5e+10
dp[8][188]=-5e+10
dp[9][188]=-5e+10
dp[10][188]=-5e+10
dp[11][188]=-5e+10
dp[12][188]=-5e+10
dp[13][188]=-5e+10
Select best dp
Best k=3
Stratifying 3-th numerical feature ...
dp[2][188]=-91.3095
dp[3][188]=-110.014
dp[4][188]=-45.3945
dp[5][188]=41.1872
dp[6][188]=140.48
dp[7][188]=246.942
dp[8][188]=369.985
dp[9][188]=500.909
dp[10][188]=636.687
dp[11][188]=773.15
dp[12][188]=931.628
dp[13][188]=1107.92
Select best dp
Best k=3
Stratifying 4-th numerical feature ...
dp[2][188]=-91.3095
dp[3][188]=-110.014
dp[4][188]=-45.3945
dp[5][188]=41.1872
dp[6][188]=140.48
dp[7][188]=246.942
dp[8][188]=369.985
dp[9][188]=500.909
dp[10][188]=636.687
dp[11][188]=773.15
dp[12][188]=931.628
dp[13][188]=1107.92
Select best dp
Best k=3
Stratifying 4-th numerical feature ...
dp[2][188]=-91.3095
dp[3][188]=-110.014
dp[4][188]=-45.3945
dp[5][188]=41.1872
dp[6][188]=140.48
dp[7][188]=246.942
dp[8][188]=369.985
dp[9][188]=500.909
dp[10][188]=636.687
dp[11][188]=773.15
dp[12][188]=931.628
dp[13][188]=1107.92
Select best dp
Best k=3
Stratifying 4-th numerical feature ...
dp[2][188]=-91.3095
dp[3][188]=-1e+11
dp[4][188]=-1e+11
dp[5][188]=-1e+11
dp[6][188]=-1e+11
dp[7][188]=-1e+11
dp[8][188]=-1e+11
dp[9][188]=-1e+11
dp[10][188]=-1e+11
dp[11][188]=-1e+11
dp[2][188]=147.796
dp[12][188]=-1e+11
dp[13][188]=-1e+11
dp[3][188]=159.673
Select best dp
Best k=4
dp[4][188]=219.185
dp[5][188]=327.265
dp[6][188]=438.624
dp[7][188]=561.243
dp[8][188]=692.046
dp[9][188]=834.591
Select best dp
Best k=2
Stratifying 4-th numerical feature ...
Stratifying 3-th numerical feature ...
dp[2][188]=147.796
dp[3][188]=159.673
dp[4][188]=219.185
dp[5][188]=327.265
dp[6][188]=432.803
dp[7][188]=555.422
dp[8][188]=682.217
dp[9][188]=818.465
dp[10][188]=960.007
dp[11][188]=1101.9
dp[12][188]=1246.86
dp[13][188]=1394
Select best dp
Best k=2
Stratifying 3-th numerical feature ...
dp[2][188]=44.6059
dp[3][188]=-4.08548
dp[4][188]=41.3074
dp[5][188]=115.669
dp[6][188]=214.404
dp[7][188]=329.914
dp[8][188]=447.143
dp[9][188]=577.914
dp[10][188]=712.962
dp[11][188]=857.902
dp[12][188]=1013.33
dp[13][188]=1180.07
Select best dp
Best k=3
Stratifying 3-th numerical feature ...
dp[2][188]=-1654.66
dp[3][188]=-1993.01
dp[4][188]=-2012.75
dp[5][188]=-2098.68
dp[6][188]=-2066.93
dp[7][188]=-2018
dp[8][188]=-1946.62
dp[9][188]=-1833.79
dp[10][188]=-1715.31
dp[11][188]=-1559.55
dp[12][188]=-1397.56
dp[13][188]=-1235.24
Select best dp
Best k=5
Stratifying 5-th numerical feature ...
dp[2][188]=-951.896
dp[3][188]=-1010.73
dp[4][188]=-996.646
dp[5][188]=-929.66
dp[6][188]=-833.487
dp[7][188]=-717.45
dp[8][188]=-597.05
dp[9][188]=-461.708
dp[10][188]=-324.589
dp[11][188]=-181.215
dp[12][188]=-30.9749
dp[13][188]=137.09
Select best dp
Best k=3
Stratifying 5-th numerical feature ...
dp[2][188]=147.796
dp[3][188]=159.673
dp[4][188]=219.185
dp[5][188]=327.265
dp[6][188]=432.803
dp[7][188]=555.422
dp[8][188]=682.217
dp[9][188]=818.465
dp[10][188]=961.085
dp[11][188]=1105.2
dp[12][188]=1263.05
dp[13][188]=1429.46
Select best dp
Best k=2
Stratifying 3-th numerical feature ...
dp[2][188]=257.359
dp[3][188]=355.028
dp[4][188]=476.515
dp[5][188]=622.285
dp[6][188]=766.785
dp[7][188]=919.825
dp[8][188]=1074.95
dp[9][188]=1234.81
dp[10][188]=1397.85
dp[11][188]=1561.64
dp[12][188]=1732.29
dp[13][188]=1907.23
Select best dp
Best k=2
Stratifying 3-th numerical feature ...
dp[2][188]=366.922
dp[3][188]=550.383
dp[4][188]=733.845
dp[5][188]=917.306
dp[6][188]=1100.77
dp[7][188]=1284.23
dp[8][188]=1467.69
dp[9][188]=1651.15
dp[10][188]=1834.61
dp[11][188]=2018.07
dp[12][188]=2201.53
dp[13][188]=2384.99
Select best dp
Best k=2
Stratifying 3-th numerical feature ...
dp[2][188]=-5e+10
dp[3][188]=-1e+11
dp[4][188]=-1.5e+11
dp[5][188]=-2e+11
dp[6][188]=-2.4e+11
dp[7][188]=-2.9e+11
dp[8][188]=-3.4e+11
dp[9][188]=-3.9e+11
dp[10][188]=-4.3e+11
dp[11][188]=-4.7e+11
dp[12][188]=-5.2e+11
dp[13][188]=-5.7e+11
Select best dp
Best k=13
Stratifying 4-th numerical feature ...
dp[2][188]=-71.331
dp[3][188]=-231.037
dp[4][188]=-295.474
dp[5][188]=-262.775
dp[6][188]=-235.16
dp[7][188]=-173.384
dp[8][188]=-103.255
dp[9][188]=-14.2213
dp[10][188]=87.5594
dp[11][188]=192.334
dp[12][188]=324.559
dp[13][188]=473.929
Select best dp
Best k=4
Stratifying 3-th numerical feature ...
dp[2][188]=-1654.66
dp[3][188]=-1993.01
dp[4][188]=-2012.75
dp[5][188]=-2098.68
dp[6][188]=-2066.93
dp[7][188]=-2018
dp[8][188]=-1946.62
dp[9][188]=-1833.79
dp[10][188]=-1715.31
dp[11][188]=-1559.55
dp[12][188]=-1397.56
dp[13][188]=-1235.24
Select best dp
Best k=5
Stratifying 5-th numerical feature ...
dp[2][188]=147.796
dp[3][188]=159.673
dp[4][188]=219.185
dp[5][188]=327.265
dp[6][188]=432.803
dp[7][188]=555.422
dp[8][188]=682.217
dp[9][188]=818.465
dp[10][188]=961.085
dp[11][188]=1105.2
dp[12][188]=1263.05
dp[13][188]=1429.46
Select best dp
Best k=2
Stratifying 3-th numerical feature ...
dp[2][188]=-1654.66
dp[3][188]=-1993.01
dp[4][188]=-2012.75
dp[5][188]=-2108.47
dp[6][188]=-2100.4
dp[7][188]=-2069.64
dp[8][188]=-2006.43
dp[9][188]=-1902.63
dp[10][188]=-1788.9
dp[11][188]=-1651.7
dp[12][188]=-1513.25
dp[13][188]=-1372.73
Select best dp
Best k=5
Stratifying 5-th numerical feature ...
dp[2][188]=-146.743
dp[3][188]=-193.682
dp[4][188]=-134.742
dp[5][188]=-56.2174
dp[6][188]=47.9795
dp[7][188]=172.428
dp[8][188]=296.939
dp[9][188]=432.795
dp[10][188]=568.884
dp[11][188]=707.653
dp[12][188]=853.772
dp[13][188]=1003.62
Select best dp
Best k=3
Stratifying 6-th numerical feature ...
dp[2][188]=-146.743
dp[3][188]=-193.682
dp[4][188]=-134.742
dp[5][188]=-56.2174
dp[6][188]=47.9795
dp[7][188]=172.428
dp[8][188]=296.939
dp[9][188]=432.795
dp[10][188]=568.884
dp[11][188]=707.653
dp[12][188]=853.772
dp[13][188]=1003.62
Select best dp
Best k=3
Stratifying 6-th numerical feature ...
dp[2][188]=-91.3095
dp[3][188]=-1e+11
dp[4][188]=-1e+11
dp[5][188]=-1.9e+11
dp[6][188]=-1.9e+11
dp[7][188]=-2.8e+11
dp[8][188]=-2.8e+11
dp[9][188]=-3.5e+11
dp[10][188]=-3.5e+11
dp[11][188]=-3.9e+11
dp[12][188]=-3.9e+11
dp[13][188]=-3.9e+11
Select best dp
Best k=11
Stratifying 4-th numerical feature ...
dp[2][188]=54.7269
dp[3][188]=11.6831
dp[4][188]=51.6971
dp[5][188]=131.091
dp[6][188]=230.104
dp[7][188]=344.394
dp[8][188]=461.248
dp[9][188]=585.056
dp[10][188]=719.018
dp[11][188]=862.97
dp[12][188]=1019.67
dp[13][188]=1183.53
Select best dp
Best k=3
Stratifying 3-th numerical feature ...
dp[2][188]=-146.743
dp[3][188]=-193.682
dp[4][188]=-134.742
dp[5][188]=-56.2174
dp[6][188]=47.9795
dp[7][188]=172.428
dp[8][188]=296.939
dp[9][188]=432.795
dp[10][188]=568.884
dp[11][188]=707.653
dp[12][188]=853.772
dp[13][188]=1003.62
Select best dp
Best k=3
Stratifying 6-th numerical feature ...
dp[2][188]=-91.3095
dp[3][188]=-110.014
dp[4][188]=-45.3945
dp[5][188]=45.6524
dp[6][188]=152.114
dp[7][188]=259.281
dp[8][188]=398.458
dp[9][188]=553.875
Select best dp
Best k=3
Stratifying 4-th numerical feature ...
dp[2][188]=-5e+10
dp[3][188]=-5e+10
dp[4][188]=-5e+10
dp[5][188]=-5e+10
dp[6][188]=-5e+10
dp[7][188]=-5e+10
dp[8][188]=-5e+10
dp[9][188]=-5e+10
dp[10][188]=-5e+10
dp[11][188]=-5e+10
dp[12][188]=-5e+10
dp[13][188]=-5e+10
Select best dp
Best k=7
Stratifying 5-th numerical feature ...
dp[2][188]=-232.689
dp[3][188]=-344.153
dp[4][188]=-307.026
dp[5][188]=-235.317
dp[6][188]=-165.784
dp[7][188]=-88.7271
dp[8][188]=-5.22035
dp[9][188]=111.084
dp[10][188]=242.475
dp[11][188]=377.36
dp[12][188]=524.429
dp[13][188]=699.331
Select best dp
Best k=3
Stratifying 4-th numerical feature ...
dp[2][188]=-146.743
dp[3][188]=-193.682
dp[4][188]=-134.742
dp[5][188]=-56.2174
dp[6][188]=47.9795
dp[7][188]=169.442
dp[8][188]=293.953
dp[9][188]=421.549
dp[10][188]=557.357
dp[11][188]=693.876
dp[12][188]=830.977
dp[13][188]=973.419
Select best dp
Best k=3
Stratifying 6-th numerical feature ...
dp[2][188]=-2234.89
dp[3][188]=-2415.15
dp[4][188]=-2426.41
dp[5][188]=-2386.88
dp[6][188]=-2312.29
dp[7][188]=-2220.46
dp[8][188]=-2114.12
dp[9][188]=-2000.49
dp[10][188]=-1885.84
dp[11][188]=-1745.08
dp[12][188]=-1596.18
dp[13][188]=-1431.18
Select best dp
Best k=4
Stratifying 7-th numerical feature ...
dp[2][188]=-1194.74
dp[3][188]=-1268.09
dp[4][188]=-1238.41
dp[5][188]=-1159.07
dp[6][188]=-1057.23
dp[7][188]=-946.284
dp[8][188]=-820.523
dp[9][188]=-692.401
dp[10][188]=-555.408
dp[11][188]=-408.107
dp[12][188]=-251.538
dp[13][188]=-93.4478
Select best dp
Best k=3
Stratifying 7-th numerical feature ...
dp[2][188]=-91.3095
dp[3][188]=-110.014
dp[4][188]=-45.3945
dp[5][188]=41.1872
dp[6][188]=140.48
dp[7][188]=246.942
dp[8][188]=369.985
dp[9][188]=500.909
dp[10][188]=636.687
dp[11][188]=773.15
dp[12][188]=931.628
dp[13][188]=1107.92
Select best dp
Best k=3
dp[2][188]=-2234.89
dp[3][188]=-2415.15
dp[4][188]=-2426.41
dp[5][188]=-2386.88
dp[6][188]=-2312.29
dp[7][188]=-2220.46
dp[8][188]=-2114.12
dp[9][188]=-2000.49
dp[10][188]=-1885.84
dp[11][188]=-1745.08
dp[12][188]=-1596.18
dp[13][188]=-1431.18
Select best dp
Best k=4
Stratifying 4-th numerical feature ...
Stratifying 7-th numerical feature ...
dp[2][188]=137.806
dp[3][188]=220.185
dp[4][188]=344.225
dp[5][188]=479.246
dp[6][188]=620.623
dp[7][188]=765.585
dp[8][188]=918.837
dp[9][188]=1076.03
dp[10][188]=1235.65
dp[11][188]=1395.61
dp[12][188]=1566.58
dp[13][188]=1746.46
Select best dp
Best k=2
Stratifying 4-th numerical feature ...
dp[2][188]=-549.541
dp[3][188]=-770.411
dp[4][188]=-824.634
dp[5][188]=-834.931
dp[6][188]=-819.807
dp[7][188]=-790.344
dp[8][188]=-727.72
dp[9][188]=-649.331
dp[10][188]=-561.237
dp[11][188]=-471.772
dp[12][188]=-338.278
dp[13][188]=-169.154
Select best dp
Best k=5
Stratifying 4-th numerical feature ...
dp[2][188]=366.922
dp[3][188]=550.383
dp[4][188]=733.845
dp[5][188]=917.306
dp[6][188]=1100.77
dp[7][188]=1284.23
dp[8][188]=1467.69
dp[9][188]=1651.15
dp[10][188]=1834.61
dp[11][188]=2018.07
dp[12][188]=2201.53
dp[13][188]=2384.99
Select best dp
Best k=2
Stratifying 4-th numerical feature ...
dp[2][188]=-91.3095
dp[3][188]=-110.014
dp[4][188]=-45.3945
dp[5][188]=41.1872
dp[6][188]=140.48
dp[7][188]=246.942
dp[8][188]=369.985
dp[9][188]=500.909
dp[10][188]=636.687
dp[11][188]=773.15
dp[12][188]=931.628
dp[13][188]=1107.92
Select best dp
Best k=3
Stratifying 4-th numerical feature ...
dp[2][188]=-1654.66
dp[3][188]=-1993.01
dp[4][188]=-2018.48
dp[5][188]=-2125.47
dp[6][188]=-2130.99
dp[7][188]=-2111.96
dp[8][188]=-2050.22
dp[9][188]=-1935.05
dp[10][188]=-1815.19
dp[11][188]=-1689.05
dp[12][188]=-1562.54
dp[13][188]=-1426.24
Select best dp
Best k=6
Stratifying 5-th numerical feature ...
dp[2][188]=-281.585
dp[3][188]=-421.671
dp[4][188]=-557.313
dp[5][188]=-531.722
dp[6][188]=-453.958
dp[7][188]=-373.516
dp[8][188]=-279.293
dp[9][188]=-168.05
dp[10][188]=-40.6144
dp[11][188]=90.87
dp[12][188]=229.03
dp[13][188]=401.761
Select best dp
Best k=4
dp[2][188]=-5e+10
dp[3][188]=-9e+10
dp[4][188]=-1.5e+11
dp[5][188]=-2.2e+11
dp[6][188]=-2.8e+11
dp[7][188]=-3.3e+11
dp[8][188]=-3.6e+11
dp[9][188]=-4.1e+11
dp[10][188]=-4.1e+11
dp[11][188]=-4.6e+11
dp[12][188]=-4.6e+11
dp[13][188]=-4.6e+11
Select best dp
Best k=12
Stratifying 8-th numerical feature ...
Stratifying 6-th numerical feature ...
dp[2][188]=2.99986
dp[3][188]=-10.0451
dp[4][188]=-10.1896
dp[5][188]=72.6854
dp[6][188]=186.901
dp[7][188]=308.02
dp[8][188]=440.915
dp[9][188]=577.393
dp[10][188]=718.755
dp[11][188]=869.189
dp[12][188]=1024.87
dp[13][188]=1203.94
Select best dp
Best k=4
Stratifying 8-th numerical feature ...
dp[2][188]=-1654.66
dp[3][188]=-1993.01
dp[4][188]=-2012.75
dp[5][188]=-2070.04
dp[6][188]=-2033.86
dp[7][188]=-1940.41
dp[8][188]=-1838.84
dp[9][188]=-1707.88
Select best dp
Best k=5
Stratifying 5-th numerical feature ...
dp[2][188]=-2234.89
dp[3][188]=-2415.15
dp[4][188]=-2426.41
dp[5][188]=-2386.88
dp[6][188]=-2312.29
dp[7][188]=-2226.54
dp[8][188]=-2134.71
dp[9][188]=-2021.01
dp[10][188]=-1906.36
dp[11][188]=-1788.34
dp[12][188]=-1653.54
dp[13][188]=-1515.12
Select best dp
Best k=4
Stratifying 7-th numerical feature ...
dp[2][188]=-281.585
dp[3][188]=-421.671
dp[4][188]=-557.313
dp[5][188]=-531.722
dp[6][188]=-453.958
dp[7][188]=-373.516
dp[8][188]=-279.293
dp[9][188]=-168.05
dp[10][188]=-40.6144
dp[11][188]=90.87
dp[12][188]=229.03
dp[13][188]=401.761
Select best dp
Best k=4
Stratifying 8-th numerical feature ...
dp[2][188]=-146.743
dp[3][188]=-9e+10
dp[4][188]=-1.5e+11
dp[5][188]=-1.7e+11
dp[6][188]=-2.3e+11
dp[7][188]=-2.4e+11
dp[8][188]=-3e+11
dp[9][188]=-3e+11
dp[10][188]=-3e+11
dp[11][188]=-3e+11
dp[12][188]=-3e+11
dp[13][188]=-3e+11
Select best dp
Best k=9
Stratifying 6-th numerical feature ...
dp[2][188]=-233.672
dp[3][188]=-286.38
dp[4][188]=-248.799
dp[5][188]=-184.181
dp[6][188]=-100.164
dp[7][188]=-2.95475
dp[8][188]=95.6457
dp[9][188]=219.374
dp[10][188]=347.774
dp[11][188]=483.381
dp[12][188]=636.74
dp[13][188]=811.415
Select best dp
Best k=3
Stratifying 4-th numerical feature ...
dp[2][188]=-1654.66
dp[3][188]=-1993.01
dp[4][188]=-2012.75
dp[5][188]=-2098.68
dp[6][188]=-2066.93
dp[7][188]=-2018
dp[8][188]=-1946.62
dp[9][188]=-1833.79
dp[10][188]=-1715.31
dp[11][188]=-1559.55
dp[12][188]=-1397.56
dp[13][188]=-1235.24
Select best dp
Best k=5
Stratifying 5-th numerical feature ...
dp[2][188]=-283.551
dp[3][188]=-416.346
dp[4][188]=-545.69
dp[5][188]=-552.653
dp[6][188]=-475.351
dp[7][188]=-395.002
dp[8][188]=-285.475
dp[9][188]=-175.134
dp[10][188]=-47.5725
dp[11][188]=81.2302
dp[12][188]=213.819
dp[13][188]=389.804
Select best dp
Best k=5
Stratifying 9-th numerical feature ...
dp[2][188]=0.27561
dp[3][188]=-25.6876
dp[4][188]=-18.3252
dp[5][188]=42.817
dp[6][188]=152.71
dp[7][188]=275.119
dp[8][188]=400.9
dp[9][188]=535.24
dp[10][188]=675.571
dp[11][188]=816.828
dp[12][188]=970.275
dp[13][188]=1137.66
Select best dp
Best k=3
Stratifying 9-th numerical feature ...
dp[2][188]=-283.551
dp[3][188]=-416.346
dp[4][188]=-545.69
dp[5][188]=-552.653
dp[6][188]=-475.351
dp[7][188]=-395.002
dp[8][188]=-285.475
dp[9][188]=-175.134
dp[10][188]=-47.5725
dp[11][188]=81.2302
dp[12][188]=213.819
dp[13][188]=389.804
Select best dp
Best k=5
Stratifying 9-th numerical feature ...
dp[2][188]=-1654.66
dp[3][188]=-1993.01
dp[4][188]=-2012.75
dp[5][188]=-2098.68
dp[6][188]=-2066.93
dp[7][188]=-2018
dp[8][188]=-1946.62
dp[9][188]=-1833.79
dp[10][188]=-1715.31
dp[11][188]=-1559.55
dp[12][188]=-1397.56
dp[13][188]=-1235.24
Select best dp
Best k=5
Stratifying 5-th numerical feature ...
dp[2][188]=-281.585
dp[3][188]=-421.671
dp[4][188]=-557.313
dp[5][188]=-531.722
dp[6][188]=-453.958
dp[7][188]=-373.516
dp[8][188]=-279.293
dp[9][188]=-172.004
dp[10][188]=-63.3306
dp[11][188]=54.7048
dp[12][188]=179.352
dp[13][188]=319.584
Select best dp
Best k=4
Stratifying 8-th numerical feature ...
dp[2][188]=-2961.77
dp[3][188]=-3532.46
dp[4][188]=-3712.23
dp[5][188]=-3868.44
dp[6][188]=-3943.86
dp[7][188]=-3995.36
dp[8][188]=-3986.86
dp[9][188]=-3921.06
dp[10][188]=-3853.98
dp[11][188]=-3743.64
dp[12][188]=-3618.95
dp[13][188]=-3480.59
Select best dp
Best k=7
Stratifying 5-th numerical feature ...
dp[2][188]=-1001.1
dp[3][188]=-1223.29
dp[4][188]=-1195.14
dp[5][188]=-1213.81
dp[6][188]=-1131.79
dp[7][188]=-1029.32
dp[8][188]=-926.495
dp[9][188]=-790.942
dp[10][188]=-646.767
dp[11][188]=-482.403
dp[12][188]=-300.984
dp[13][188]=-112.569
Select best dp
Best k=3
dp[2][188]=-1654.66
dp[3][188]=-1993.01
dp[4][188]=-2012.75
dp[5][188]=-2098.68
dp[6][188]=-2066.93
dp[7][188]=-2018
dp[8][188]=-1946.62
dp[9][188]=-1833.79
dp[10][188]=-1715.31
dp[11][188]=-1559.55
dp[12][188]=-1397.56
dp[13][188]=-1235.24
Select best dp
Best k=5
Stratifying 5-th numerical feature ...
Stratifying 5-th numerical feature ...
dp[2][188]=-5e+10
dp[3][188]=-5e+10
dp[4][188]=-5e+10
dp[5][188]=-5e+10
dp[6][188]=-5e+10
dp[7][188]=-5e+10
dp[8][188]=-5e+10
dp[9][188]=-5e+10
dp[10][188]=-5e+10
dp[11][188]=-5e+10
dp[12][188]=-5e+10
dp[13][188]=-5e+10
Select best dp
Best k=5
Stratifying 7-th numerical feature ...
dp[2][188]=-347.544
dp[3][188]=-453.565
dp[4][188]=-388.266
dp[5][188]=-328.927
dp[6][188]=-198.147
dp[7][188]=-42.9451
dp[8][188]=91.0868
dp[9][188]=248.684
dp[10][188]=417.444
dp[11][188]=591.749
dp[12][188]=794.773
dp[13][188]=1008.91
Select best dp
Best k=3
Stratifying 5-th numerical feature ...
dp[2][188]=-146.743
dp[3][188]=-193.682
dp[4][188]=-134.742
dp[5][188]=-56.2174
dp[6][188]=47.9795
dp[7][188]=173.452
dp[8][188]=304.274
dp[9][188]=452.171
Select best dp
Best k=3
Stratifying 6-th numerical feature ...
dp[2][188]=-277.63
dp[3][188]=-419.431
dp[4][188]=-519.997
dp[5][188]=-472.791
dp[6][188]=-426.389
dp[7][188]=-350.562
dp[8][188]=-246.768
dp[9][188]=-119.189
dp[10][188]=19.0847
dp[11][188]=159.132
dp[12][188]=299.993
dp[13][188]=482.887
Select best dp
Best k=4
Stratifying 10-th numerical feature ...
dp[2][188]=3.83117
dp[3][188]=-22.9328
dp[4][188]=6.80908
dp[5][188]=98.7932
dp[6][188]=197.283
dp[7][188]=317.074
dp[8][188]=451.625
dp[9][188]=591.83
dp[10][188]=732.175
dp[11][188]=879.829
dp[12][188]=1041.03
dp[13][188]=1216.87
Select best dp
Best k=3
Stratifying 10-th numerical feature ...
dp[2][188]=-2234.89
dp[3][188]=-2415.15
dp[4][188]=-2426.41
dp[5][188]=-2386.88
dp[6][188]=-2341.85
dp[7][188]=-2259.35
dp[8][188]=-2167.52
dp[9][188]=-2056.48
dp[10][188]=-1941.83
dp[11][188]=-1826.93
dp[12][188]=-1700.68
dp[13][188]=-1573.8
Select best dp
Best k=4
Stratifying 7-th numerical feature ...
dp[2][188]=-277.63
dp[3][188]=-419.431
dp[4][188]=-519.997
dp[5][188]=-472.791
dp[6][188]=-426.389
dp[7][188]=-350.562
dp[8][188]=-246.768
dp[9][188]=-119.189
dp[10][188]=19.0847
dp[11][188]=159.132
dp[12][188]=299.993
dp[13][188]=482.887
Select best dp
Best k=4
Stratifying 10-th numerical feature ...
dp[2][188]=-283.551
dp[3][188]=-416.346
dp[4][188]=-545.69
dp[5][188]=-552.653
dp[6][188]=-475.351
dp[7][188]=-395.002
dp[8][188]=-288.997
dp[9][188]=-179.332
dp[10][188]=-69.1328
dp[11][188]=56.9614
dp[12][188]=184.254
dp[13][188]=322.104
Select best dp
Best k=5
Stratifying 9-th numerical feature ...
dp[2][188]=-5e+10
dp[3][188]=-5e+10
dp[4][188]=-5e+10
dp[5][188]=-5e+10
dp[6][188]=-5e+10
dp[7][188]=-5e+10
dp[8][188]=-5e+10
dp[9][188]=-5e+10
dp[10][188]=-5e+10
dp[11][188]=-5e+10
dp[12][188]=-5e+10
dp[13][188]=-5e+10
Select best dp
Best k=5
Stratifying 8-th numerical feature ...
dp[2][188]=-252.357
dp[3][188]=-430.16
dp[4][188]=-567.999
dp[5][188]=-533.883
dp[6][188]=-456.821
dp[7][188]=-354.327
dp[8][188]=-243.234
dp[9][188]=-133.834
dp[10][188]=-8.78786
dp[11][188]=113.926
dp[12][188]=243.613
dp[13][188]=415.005
Select best dp
Best k=4
Stratifying 11-th numerical feature ...
dp[2][188]=24.3414
dp[3][188]=-26.4721
dp[4][188]=-35.9815
dp[5][188]=50.7376
dp[6][188]=169.557
dp[7][188]=291.329
dp[8][188]=413.055
dp[9][188]=538.326
dp[10][188]=682.179
dp[11][188]=826.823
dp[12][188]=974.808
dp[13][188]=1142.12
Select best dp
Best k=4
Stratifying 11-th numerical feature ...
dp[2][188]=-252.357
dp[3][188]=-430.16
dp[4][188]=-567.999
dp[5][188]=-533.883
dp[6][188]=-456.821
dp[7][188]=-354.327
dp[8][188]=-243.234
dp[9][188]=-133.834
dp[10][188]=-8.78786
dp[11][188]=113.926
dp[12][188]=243.613
dp[13][188]=415.005
Select best dp
Best k=4
Stratifying 11-th numerical feature ...
dp[2][188]=-721.955
dp[3][188]=-884.864
dp[4][188]=-859.943
dp[5][188]=-825.104
dp[6][188]=-735.924
dp[7][188]=-622.931
dp[8][188]=-507.802
dp[9][188]=-389.055
dp[10][188]=-263.072
dp[11][188]=-127.27
dp[12][188]=20.5949
dp[13][188]=169.271
Select best dp
Best k=3
Stratifying 6-th numerical feature ...
dp[2][188]=-146.743
dp[3][188]=-193.682
dp[4][188]=-134.742
dp[5][188]=-56.2174
dp[6][188]=47.9795
dp[7][188]=172.428
dp[8][188]=296.939
dp[9][188]=432.795
dp[10][188]=568.884
dp[11][188]=707.653
dp[12][188]=853.772
dp[13][188]=1003.62
Select best dp
Best k=3
Stratifying 6-th numerical feature ...
dp[2][188]=-660.409
dp[3][188]=-937.748
dp[4][188]=-1003.33
dp[5][188]=-1029.74
dp[6][188]=-1004.81
dp[7][188]=-939.373
dp[8][188]=-873.811
dp[9][188]=-785.56
dp[10][188]=-696.844
dp[11][188]=-602.766
dp[12][188]=-493.99
dp[13][188]=-377.751
Select best dp
Best k=5
Stratifying 6-th numerical feature ...
dp[2][188]=-2.20564e+10
dp[3][188]=-2.20564e+10
dp[4][188]=-2.20564e+10
dp[5][188]=-2.20564e+10
dp[6][188]=-2.20564e+10
dp[7][188]=-2.20564e+10
dp[8][188]=-2.20564e+10
dp[9][188]=-2.20564e+10
dp[10][188]=-2.20564e+10
dp[11][188]=-2.20564e+10
dp[12][188]=-2.20564e+10
dp[13][188]=-2.20564e+10
Select best dp
Best k=5
Stratifying 8-th numerical feature ...
dp[2][188]=-1317.6
dp[3][188]=-1533.77
dp[4][188]=-1544.34
dp[5][188]=-1530.76
dp[6][188]=-1479.87
dp[7][188]=-1415.66
dp[8][188]=-1323.46
dp[9][188]=-1202.58
dp[10][188]=-1079.06
dp[11][188]=-934.869
dp[12][188]=-783.111
dp[13][188]=-622.097
Select best dp
Best k=4
Stratifying 5-th numerical feature ...
dp[2][188]=-146.743
dp[3][188]=-193.682
dp[4][188]=-134.742
dp[5][188]=-56.2174
dp[6][188]=47.9795
dp[7][188]=172.428
dp[8][188]=296.939
dp[9][188]=432.795
dp[10][188]=568.884
dp[11][188]=707.653
dp[12][188]=853.772
dp[13][188]=1003.62
Select best dp
Best k=3
dp[2][188]=110.089
dp[3][188]=178.351
dp[4][188]=299.551
dp[5][188]=430.544
dp[6][188]=574.373
dp[7][188]=728.328
dp[8][188]=882.314
dp[9][188]=1041.97
dp[10][188]=1201.75
dp[11][188]=1362.86
dp[12][188]=1527.65
dp[13][188]=1694.31
Select best dp
Best k=2
Stratifying 6-th numerical feature ...
Stratifying 6-th numerical feature ...
dp[2][188]=-2220.82
dp[3][188]=-2390.34
dp[4][188]=-2397.53
dp[5][188]=-2357.95
dp[6][188]=-2274.13
dp[7][188]=-2167.22
dp[8][188]=-2048.99
dp[9][188]=-1921.3
Select best dp
Best k=4
Stratifying 7-th numerical feature ...
dp[2][188]=-277.63
dp[3][188]=-419.431
dp[4][188]=-519.997
dp[5][188]=-472.791
dp[6][188]=-426.389
dp[7][188]=-350.562
dp[8][188]=-253.394
dp[9][188]=-151.164
dp[10][188]=-30.5224
dp[11][188]=99.7336
dp[12][188]=236.671
dp[13][188]=376.718
Select best dp
Best k=4
Stratifying 10-th numerical feature ...
dp[2][188]=366.922
dp[3][188]=550.383
dp[4][188]=733.845
dp[5][188]=917.306
dp[6][188]=1100.77
dp[7][188]=1284.23
dp[8][188]=1467.69
dp[9][188]=1651.15
dp[10][188]=1834.61
dp[11][188]=2018.07
dp[12][188]=2201.53
dp[13][188]=2384.99
Select best dp
Best k=2
Stratifying 6-th numerical feature ...
dp[2][188]=-92.3079
dp[3][188]=-121.585
dp[4][188]=-95.4362
dp[5][188]=-26.3028
dp[6][188]=51.6552
dp[7][188]=133.37
dp[8][188]=262.762
dp[9][188]=393.201
dp[10][188]=528.041
dp[11][188]=670.029
dp[12][188]=814.809
dp[13][188]=986.045
Select best dp
Best k=3
Stratifying 12-th numerical feature ...
dp[2][188]=142.778
dp[3][188]=175.222
dp[4][188]=218.022
dp[5][188]=309.728
dp[6][188]=405.472
dp[7][188]=502.525
dp[8][188]=634.089
dp[9][188]=768.327
dp[10][188]=904.536
dp[11][188]=1050.95
dp[12][188]=1197.61
dp[13][188]=1380.39
Select best dp
Best k=2
Stratifying 12-th numerical feature ...
dp[2][188]=-9e+10
dp[3][188]=-9e+10
dp[4][188]=-9e+10
dp[5][188]=-9e+10
dp[6][188]=-9e+10
dp[7][188]=-9e+10
dp[8][188]=-9e+10
dp[9][188]=-9e+10
dp[10][188]=-9e+10
dp[11][188]=-9e+10
dp[12][188]=-9e+10
dp[13][188]=-9e+10
Select best dp
Best k=5
Stratifying 9-th numerical feature ...
dp[2][188]=-92.3079
dp[3][188]=-121.585
dp[4][188]=-95.4362
dp[5][188]=-26.3028
dp[6][188]=51.6552
dp[7][188]=133.37
dp[8][188]=262.762
dp[9][188]=393.201
dp[10][188]=528.041
dp[11][188]=670.029
dp[12][188]=814.809
dp[13][188]=986.045
Select best dp
Best k=3
Stratifying 12-th numerical feature ...
dp[2][188]=-9e+10
dp[3][188]=-9e+10
dp[4][188]=-9e+10
dp[5][188]=-9e+10
dp[6][188]=-9e+10
dp[7][188]=-9e+10
dp[8][188]=-9e+10
dp[9][188]=-9e+10
dp[10][188]=-9e+10
dp[11][188]=-9e+10
dp[12][188]=-9e+10
dp[13][188]=-9e+10
Select best dp
Best k=5
Stratifying 9-th numerical feature ...
dp[2][188]=-252.357
dp[3][188]=-430.16
dp[4][188]=-567.999
dp[5][188]=-533.883
dp[6][188]=-456.821
dp[7][188]=-359.398
dp[8][188]=-256.904
dp[9][188]=-148.918
dp[10][188]=-38.7931
dp[11][188]=72.2291
dp[12][188]=201.915
dp[13][188]=341.87
Select best dp
Best k=4
Stratifying 11-th numerical feature ...
dp[2][188]=-146.385
dp[3][188]=-138.423
dp[4][188]=-93.779
dp[5][188]=-45.2068
dp[6][188]=7.74717
dp[7][188]=113.56
dp[8][188]=222.108
dp[9][188]=352.898
dp[10][188]=499.185
dp[11][188]=647.69
dp[12][188]=811.633
dp[13][188]=988.868
Select best dp
Best k=2
Stratifying 13-th numerical feature ...
dp[2][188]=115.089
dp[3][188]=151.459
dp[4][188]=222.053
dp[5][188]=316.862
dp[6][188]=417.14
dp[7][188]=535.451
dp[8][188]=656.316
dp[9][188]=790.919
dp[10][188]=936.434
dp[11][188]=1085.93
dp[12][188]=1244.6
dp[13][188]=1426.5
Select best dp
Best k=2
Stratifying 13-th numerical feature ...
dp[2][188]=-146.385
dp[3][188]=-138.423
dp[4][188]=-93.779
dp[5][188]=-45.2068
dp[6][188]=7.74717
dp[7][188]=113.56
dp[8][188]=222.108
dp[9][188]=352.898
dp[10][188]=499.185
dp[11][188]=647.69
dp[12][188]=811.633
dp[13][188]=988.868
Select best dp
Best k=2
Stratifying 13-th numerical feature ...
dp[2][188]=-295.583
dp[3][188]=-442.704
dp[4][188]=-589.887
dp[5][188]=-566.091
dp[6][188]=-491.135
dp[7][188]=-412.372
dp[8][188]=-280.244
dp[9][188]=-130.131
Select best dp
Best k=4
Stratifying 8-th numerical feature ...
dp[2][188]=-2234.89
dp[2][188]=-2036.66
dp[3][188]=-2415.15
dp[3][188]=-2230.85
dp[4][188]=-2426.41
dp[4][188]=-2246.4
dp[5][188]=-2386.88
dp[5][188]=-2196.23
dp[6][188]=-2312.29
dp[6][188]=-2117.8
dp[7][188]=-2220.46
dp[7][188]=-2020.06
dp[8][188]=-2114.12
dp[8][188]=-1916.27
dp[9][188]=-2000.49
dp[9][188]=-1799.91
dp[10][188]=-1885.84
dp[10][188]=-1682.28
dp[11][188]=-1745.08
dp[11][188]=-1541.97
dp[12][188]=-1596.18
dp[12][188]=-1393.41
dp[13][188]=-1431.18
dp[13][188]=-1240.22
Select best dp
Select best dp
Best k=4
Best k=4
Stratifying 7-th numerical feature ...
Stratifying 7-th numerical feature ...
dp[2][188]=-3780.53
dp[3][188]=-4222.23
dp[4][188]=-4388.81
dp[5][188]=-4427.97
dp[6][188]=-4435.76
dp[7][188]=-4401.22
dp[8][188]=-4357.27
dp[9][188]=-4304.51
dp[10][188]=-4247.16
dp[11][188]=-4148.75
dp[12][188]=-4031.45
dp[13][188]=-3902.94
Select best dp
Best k=6
Stratifying 7-th numerical feature ...
dp[2][188]=-5e+10
dp[3][188]=-5e+10
dp[4][188]=-5e+10
dp[5][188]=-5e+10
dp[6][188]=-5e+10
dp[7][188]=-5e+10
dp[8][188]=-5e+10
dp[9][188]=-5e+10
dp[10][188]=-5e+10
dp[11][188]=-5e+10
dp[12][188]=-5e+10
dp[13][188]=-5e+10
Select best dp
Best k=5
Stratifying 10-th numerical feature ...
dp[2][188]=-2234.89
dp[3][188]=-2415.15
dp[4][188]=-2426.41
dp[5][188]=-2386.88
dp[6][188]=-2312.29
dp[7][188]=-2220.46
dp[8][188]=-2114.12
dp[9][188]=-2000.49
dp[10][188]=-1885.84
dp[11][188]=-1745.08
dp[12][188]=-1596.18
dp[13][188]=-1431.18
Select best dp
Best k=4
Stratifying 7-th numerical feature ...
dp[2][188]=-1462.08
dp[3][188]=-1511.98
dp[4][188]=-1457.52
dp[5][188]=-1375.85
dp[6][188]=-1263.62
dp[7][188]=-1143.14
dp[8][188]=-996.194
dp[9][188]=-854.401
dp[10][188]=-706.501
dp[11][188]=-545.344
dp[12][188]=-380.08
dp[13][188]=-201.443
Select best dp
Best k=3
Stratifying 7-th numerical feature ...
dp[2][188]=-693.103
dp[3][188]=-625.882
dp[4][188]=-500.895
dp[5][188]=-371.508
dp[6][188]=-222.382
dp[7][188]=-66.3969
dp[8][188]=112.199
dp[9][188]=286.758
dp[10][188]=465.354
dp[11][188]=645.824
dp[12][188]=830.091
dp[13][188]=1021.96
Select best dp
Best k=2
Stratifying 7-th numerical feature ...
dp[2][188]=-34.509
dp[3][188]=-124.376
dp[4][188]=-87.4642
dp[5][188]=-42.5419
dp[6][188]=33.1017
dp[7][188]=131.622
dp[8][188]=236.324
dp[9][188]=363.647
dp[10][188]=508.54
dp[11][188]=657.171
dp[12][188]=822.853
dp[13][188]=1000.8
Select best dp
Best k=3
Stratifying 14-th numerical feature ...
dp[2][188]=151.306
dp[3][188]=134.194
dp[4][188]=191.709
dp[5][188]=259.415
dp[6][188]=366.971
dp[7][188]=494.596
dp[8][188]=625.259
dp[9][188]=762.273
dp[10][188]=904.193
dp[11][188]=1053.11
dp[12][188]=1229.43
dp[13][188]=1431.57
Select best dp
Best k=3
Stratifying 14-th numerical feature ...
dp[2][188]=-92.3079
dp[3][188]=-121.585
dp[4][188]=-95.4362
dp[5][188]=-26.3028
dp[6][188]=51.6552
dp[7][188]=133.37
dp[8][188]=253.694
dp[9][188]=383.086
dp[10][188]=513.524
dp[11][188]=648.364
dp[12][188]=787.031
dp[13][188]=929.02
Select best dp
Best k=3
Stratifying 12-th numerical feature ...
dp[2][188]=-423.904
dp[3][188]=-515.215
dp[4][188]=-471.689
dp[5][188]=-421.986
dp[6][188]=-323.804
dp[7][188]=-221.806
dp[8][188]=-107.399
dp[9][188]=14.9748
dp[10][188]=141.479
dp[11][188]=278.312
dp[12][188]=424.846
dp[13][188]=574.435
Select best dp
Best k=3
Stratifying 6-th numerical feature ...
dp[2][188]=-277.63
dp[3][188]=-419.431
dp[4][188]=-519.997
dp[5][188]=-472.791
dp[6][188]=-426.389
dp[7][188]=-350.562
dp[8][188]=-253.394
dp[9][188]=-151.164
dp[10][188]=-30.5224
dp[11][188]=99.7336
dp[12][188]=230.791
dp[13][188]=367.728
Select best dp
Best k=4
Stratifying 10-th numerical feature ...
dp[2][188]=-34.509
dp[3][188]=-124.376
dp[4][188]=-87.4642
dp[5][188]=-42.5419
dp[6][188]=33.1017
dp[7][188]=131.622
dp[8][188]=236.324
dp[9][188]=363.647
dp[10][188]=508.54
dp[11][188]=657.171
dp[12][188]=822.853
dp[13][188]=1000.8
Select best dp
Best k=3
Stratifying 14-th numerical feature ...
dp[2][188]=-269.582
dp[3][188]=-411.842
dp[4][188]=-542.069
dp[5][188]=-494.39
dp[6][188]=-419.076
dp[7][188]=-343.188
dp[8][188]=-246.032
dp[9][188]=-142.157
dp[10][188]=-21.9859
dp[11][188]=109.852
dp[12][188]=248.061
dp[13][188]=404.471
Select best dp
Best k=4
Stratifying 15-th numerical feature ...
dp[2][188]=19.9345
dp[3][188]=11.9745
dp[4][188]=10.8249
dp[5][188]=117.089
dp[6][188]=225.6
dp[7][188]=345.421
dp[8][188]=467.873
dp[9][188]=602.424
dp[10][188]=744.979
dp[11][188]=889.906
dp[12][188]=1051.11
dp[13][188]=1215
Select best dp
Best k=4
dp[2][188]=-9e+10
dp[3][188]=-9e+10
dp[4][188]=-9e+10
dp[5][188]=-9e+10
dp[6][188]=-9e+10
dp[7][188]=-9e+10
dp[8][188]=-9e+10
dp[9][188]=-9e+10
dp[10][188]=-9e+10
dp[11][188]=-9e+10
dp[12][188]=-9e+10
dp[13][188]=-9e+10
Select best dp
Best k=5
Stratifying 15-th numerical feature ...
Stratifying 11-th numerical feature ...
dp[2][188]=-297.872
dp[3][188]=-439.13
dp[4][188]=-574.097
dp[5][188]=-586.706
dp[6][188]=-510.019
dp[7][188]=-432.593
dp[8][188]=-286.034
dp[9][188]=-130.238
Select best dp
Best k=5
Stratifying 9-th numerical feature ...
dp[2][188]=-146.385
dp[3][188]=-138.423
dp[4][188]=-93.779
dp[5][188]=-45.2068
dp[6][188]=7.74717
dp[7][188]=105.624
dp[8][188]=211.437
dp[9][188]=342.227
dp[10][188]=482.573
dp[11][188]=624.678
dp[12][188]=773.183
dp[13][188]=917.84
Select best dp
Best k=2
Stratifying 13-th numerical feature ...
dp[2][188]=-269.582
dp[3][188]=-411.842
dp[4][188]=-542.069
dp[5][188]=-494.39
dp[6][188]=-419.076
dp[7][188]=-343.188
dp[8][188]=-246.032
dp[9][188]=-142.157
dp[10][188]=-21.9859
dp[11][188]=109.852
dp[12][188]=248.061
dp[13][188]=404.471
Select best dp
Best k=4
Stratifying 15-th numerical feature ...
dp[2][188]=-9e+10
dp[3][188]=-9e+10
dp[4][188]=-9e+10
dp[5][188]=-9e+10
dp[6][188]=-9e+10
dp[7][188]=-9e+10
dp[8][188]=-9e+10
dp[9][188]=-9e+10
dp[10][188]=-9e+10
dp[11][188]=-9e+10
dp[12][188]=-9e+10
dp[13][188]=-9e+10
Select best dp
Best k=5
Stratifying 11-th numerical feature ...
dp[2][188]=-281.585
dp[3][188]=-421.671
dp[4][188]=-557.313
dp[5][188]=-531.722
dp[6][188]=-453.958
dp[7][188]=-373.516
dp[8][188]=-279.293
dp[9][188]=-168.05
dp[10][188]=-40.6144
dp[11][188]=90.87
dp[12][188]=229.03
dp[13][188]=401.761
Select best dp
Best k=4
Stratifying 8-th numerical feature ...
dp[2][188]=-645.507
dp[3][188]=-982.1
dp[4][188]=-1301.35
dp[5][188]=-1374.12
dp[6][188]=-1362.29
dp[7][188]=-1346.87
dp[8][188]=-1305.28
dp[9][188]=-1237.44
dp[10][188]=-1155.56
dp[11][188]=-1051.86
dp[12][188]=-945.077
dp[2][188]=-268.279
dp[13][188]=-776.067
Select best dp
dp[3][188]=-395.779
Best k=5
dp[4][188]=-523.944
dp[5][188]=-493.813
dp[6][188]=-411.827
dp[7][188]=-329.597
dp[8][188]=-233.346
dp[9][188]=-119.484
dp[10][188]=8.83181
dp[11][188]=141.767
dp[12][188]=280.573
dp[13][188]=453.134
Select best dp
Best k=4
Stratifying 8-th numerical feature ...
Stratifying 8-th numerical feature ...
dp[2][188]=-347.912
dp[3][188]=-533.865
dp[4][188]=-716.533
dp[5][188]=-712.477
dp[6][188]=-650.677
dp[7][188]=-582.417
dp[8][188]=-487.649
dp[9][188]=-385.889
dp[10][188]=-264.054
dp[11][188]=-135.625
dp[12][188]=2.15
dp[13][188]=166.858
Select best dp
Best k=4
Stratifying 8-th numerical feature ...
dp[2][188]=-99.6235
dp[3][188]=-142.563
dp[4][188]=-185.53
dp[5][188]=-111.004
dp[6][188]=-2.15763
dp[7][188]=112.594
dp[8][188]=233.6
dp[9][188]=366.635
dp[10][188]=512.011
dp[11][188]=661.08
dp[12][188]=813.97
dp[13][188]=989.808
Select best dp
Best k=4
Stratifying 8-th numerical feature ...
dp[2][188]=82.299
dp[3][188]=131.046
dp[4][188]=185.704
dp[5][188]=309.523
dp[6][188]=449.188
dp[7][188]=593.525
dp[8][188]=745.667
dp[9][188]=900.68
dp[10][188]=1059.82
dp[11][188]=1224.67
dp[12][188]=1395.45
dp[13][188]=1577.65
Select best dp
Best k=2
Stratifying 8-th numerical feature ...
dp[2][188]=-148.604
dp[3][188]=-238.665
dp[4][188]=-246.068
dp[5][188]=-239.416
dp[6][188]=-149.122
dp[7][188]=-25.5126
dp[8][188]=101.999
dp[9][188]=227.457
dp[10][188]=354.969
dp[11][188]=495.275
dp[12][188]=651.287
dp[13][188]=853.388
Select best dp
Best k=4
Stratifying 16-th numerical feature ...
dp[2][188]=136.921
dp[3][188]=163.005
dp[4][188]=201.498
dp[5][188]=265.105
dp[6][188]=362.951
dp[7][188]=494.037
dp[8][188]=628.028
dp[9][188]=766.366
dp[10][188]=911.186
dp[11][188]=1059.37
dp[12][188]=1214.94
dp[13][188]=1380.24
Select best dp
Best k=2
Stratifying 16-th numerical feature ...
dp[2][188]=-148.604
dp[3][188]=-238.665
dp[4][188]=-246.068
dp[5][188]=-239.416
dp[6][188]=-149.122
dp[7][188]=-25.5126
dp[8][188]=101.999
dp[9][188]=227.457
dp[10][188]=354.969
dp[11][188]=495.275
dp[12][188]=651.287
dp[13][188]=853.388
Select best dp
Best k=4
Stratifying 16-th numerical feature ...
dp[2][188]=-34.509
dp[3][188]=-124.376
dp[4][188]=-87.4642
dp[5][188]=-42.5419
dp[6][188]=33.1017
dp[7][188]=131.622
dp[8][188]=236.324
dp[9][188]=363.647
dp[10][188]=491.764
dp[11][188]=624.795
dp[12][188]=763.582
dp[13][188]=903.392
Select best dp
Best k=3
Stratifying 14-th numerical feature ...
dp[2][188]=-92.3079
dp[3][188]=-5e+10
dp[4][188]=-5e+10
dp[5][188]=-5e+10
dp[6][188]=-5e+10
dp[7][188]=-5e+10
dp[8][188]=-5e+10
dp[9][188]=-5e+10
dp[10][188]=-5e+10
dp[11][188]=-5e+10
dp[12][188]=-5e+10
dp[13][188]=-5e+10
Select best dp
Best k=5
Stratifying 12-th numerical feature ...
dp[2][188]=-1712.97
dp[3][188]=-1872.03
dp[4][188]=-1876.49
dp[5][188]=-1811.92
dp[6][188]=-1731.34
dp[7][188]=-1626.46
dp[8][188]=-1517.6
dp[9][188]=-1397.62
dp[10][188]=-1276.9
dp[11][188]=-1136.96
dp[12][188]=-988.109
dp[13][188]=-839.18
Select best dp
Best k=4
Stratifying 7-th numerical feature ...
dp[2][188]=-290.67
dp[3][188]=-442.161
dp[4][188]=-549.871
dp[5][188]=-502.082
dp[6][188]=-445.761
dp[7][188]=-370.116
dp[8][188]=-241.18
dp[9][188]=-58.0386
Select best dp
Best k=4
Stratifying 10-th numerical feature ...
dp[2][188]=-92.3079
dp[3][188]=-121.585
dp[4][188]=-95.4362
dp[5][188]=-26.3028
dp[6][188]=51.6552
dp[7][188]=133.37
dp[8][188]=251.996
dp[9][188]=372.32
dp[10][188]=497.139
dp[11][188]=627.578
dp[12][188]=759.697
dp[13][188]=890.136
Select best dp
Best k=3
Stratifying 12-th numerical feature ...
dp[2][188]=-332.324
dp[3][188]=-409.301
dp[4][188]=-406.466
dp[5][188]=-324.281
dp[6][188]=-234.818
dp[7][188]=-127.383
dp[8][188]=-5.24587
dp[9][188]=121.933
dp[10][188]=256.262
dp[11][188]=397.207
dp[12][188]=561.933
dp[13][188]=744.76
Select best dp
Best k=3
dp[2][188]=-201.1
dp[3][188]=-193.788
dp[4][188]=-185.286
dp[5][188]=-93.1738
dp[6][188]=19.3159
dp[7][188]=137.206
dp[8][188]=258.198
dp[9][188]=391.738
dp[10][188]=536.853
dp[11][188]=684.588
dp[12][188]=855.229
dp[13][188]=1027.28
Select best dp
Best k=2
dp[2][188]=-332.324
dp[3][188]=-409.301
dp[4][188]=-406.466
dp[5][188]=-324.281
dp[6][188]=-234.818
dp[7][188]=-127.383
dp[8][188]=-5.24587
dp[9][188]=121.933
dp[10][188]=256.262
dp[11][188]=397.207
dp[12][188]=561.933
dp[13][188]=744.76
Select best dp
Best k=3
dp[2][188]=-283.551
dp[3][188]=-416.346
dp[4][188]=-545.69
dp[5][188]=-552.653
dp[6][188]=-475.351
dp[7][188]=-395.002
dp[8][188]=-285.475
dp[9][188]=-175.134
dp[10][188]=-47.5725
dp[11][188]=81.2302
dp[12][188]=213.819
dp[13][188]=389.804
Select best dp
Best k=5
Stratifying 9-th numerical feature ...
dp[2][188]=-269.582
dp[3][188]=-411.842
dp[4][188]=-542.069
dp[5][188]=-494.39
dp[6][188]=-419.076
dp[7][188]=-343.188
dp[8][188]=-250.685
dp[9][188]=-153.514
dp[10][188]=-51.1941
dp[11][188]=70.9109
dp[12][188]=198.818
dp[13][188]=329.048
Select best dp
Best k=4
Stratifying 15-th numerical feature ...
dp[2][188]=-649.99
dp[3][188]=-992.417
dp[4][188]=-1297.55
dp[5][188]=-1420.67
dp[6][188]=-1421.61
dp[7][188]=-1400.48
dp[8][188]=-1345.29
dp[9][188]=-1285.41
dp[10][188]=-1199.78
dp[11][188]=-1114.07
dp[12][188]=-1011.5
dp[13][188]=-854.183
Select best dp
Best k=6
Stratifying 9-th numerical feature ...
dp[2][188]=-269.624
dp[3][188]=-394.692
dp[4][188]=-516.37
dp[5][188]=-515.325
dp[6][188]=-437.052
dp[7][188]=-352.383
dp[8][188]=-243.23
dp[9][188]=-130.856
dp[10][188]=-3.88879
dp[11][188]=123.303
dp[12][188]=257.844
dp[13][188]=433.828
Select best dp
Best k=4
Stratifying 9-th numerical feature ...
dp[2][188]=82.8875
dp[3][188]=129.339
dp[4][188]=182.442
dp[5][188]=314.421
dp[6][188]=453.859
dp[7][188]=609.871
dp[8][188]=768.686
dp[9][188]=930.876
dp[10][188]=1094.5
dp[11][188]=1266.04
dp[12][188]=1438.68
dp[13][188]=1631.62
Select best dp
Best k=2
Stratifying 9-th numerical feature ...
dp[2][188]=-349.585
dp[3][188]=-530.215
dp[4][188]=-688.415
dp[5][188]=-725.572
dp[6][188]=-661.723
dp[7][188]=-593.968
dp[8][188]=-493.165
dp[9][188]=-386.624
dp[10][188]=-262.647
dp[11][188]=-131.989
dp[12][188]=4.32654
dp[13][188]=184.645
Select best dp
Best k=5
Stratifying 9-th numerical feature ...
dp[2][188]=-146.385
dp[3][188]=-5e+10
dp[4][188]=-5e+10
dp[5][188]=-5e+10
dp[6][188]=-5e+10
dp[7][188]=-5e+10
dp[8][188]=-5e+10
dp[9][188]=-5e+10
dp[10][188]=-5e+10
dp[11][188]=-5e+10
dp[12][188]=-5e+10
dp[13][188]=-5e+10
Select best dp
Best k=4
Stratifying 13-th numerical feature ...
dp[2][188]=-100.332
dp[3][188]=-141.778
dp[4][188]=-169.757
dp[5][188]=-118.645
dp[6][188]=-8.74366
dp[7][188]=107.647
dp[8][188]=242.692
dp[9][188]=379.388
dp[10][188]=526.984
dp[11][188]=676.09
dp[12][188]=826.476
dp[13][188]=1011.8
Select best dp
Best k=4
Stratifying 9-th numerical feature ...
dp[2][188]=-146.385
dp[3][188]=-138.423
dp[4][188]=-93.779
dp[5][188]=-45.2068
dp[6][188]=7.74717
dp[7][188]=105.624
dp[8][188]=211.437
dp[9][188]=330.181
dp[10][188]=453.84
dp[11][188]=595.83
dp[12][188]=741.556
dp[13][188]=887.817
Select best dp
Best k=2
Stratifying 13-th numerical feature ...
dp[2][188]=-277.63
dp[3][188]=-419.431
dp[4][188]=-519.997
dp[5][188]=-472.791
dp[6][188]=-426.389
dp[7][188]=-350.562
dp[8][188]=-246.768
dp[9][188]=-119.189
dp[10][188]=19.0847
dp[11][188]=159.132
dp[12][188]=299.993
dp[13][188]=482.887
Select best dp
Best k=4
Stratifying 10-th numerical feature ...
dp[2][188]=-267.041
dp[3][188]=-445.141
dp[4][188]=-593.72
dp[5][188]=-561.29
dp[6][188]=-486.888
dp[7][188]=-384.178
dp[8][188]=-266.158
dp[9][188]=-89.0413
Select best dp
Best k=4
Stratifying 11-th numerical feature ...
dp[2][188]=-148.604
dp[3][188]=-238.665
dp[4][188]=-246.068
dp[5][188]=-239.416
dp[6][188]=-149.122
dp[7][188]=-25.8538
dp[8][188]=98.4743
dp[9][188]=223.271
dp[10][188]=348.706
dp[11][188]=473.503
dp[12][188]=605.057
dp[13][188]=746.515
Select best dp
Best k=4
dp[2][188]=79.2474
dp[3][188]=128.474
dp[4][188]=194.401
dp[5][188]=319.88
dp[6][188]=458.85
dp[7][188]=604.254
dp[8][188]=758.481
dp[9][188]=920.31
dp[10][188]=1091.1
dp[11][188]=1268.55
dp[12][188]=1446.05
dp[13][188]=1635.74
Select best dp
Best k=2
Stratifying 16-th numerical feature ...
Stratifying 10-th numerical feature ...
dp[2][188]=-34.509
dp[3][188]=-5e+10
dp[4][188]=-5e+10
dp[5][188]=-5e+10
dp[6][188]=-5e+10
dp[7][188]=-5e+10
dp[8][188]=-5e+10
dp[9][188]=-5e+10
dp[10][188]=-5e+10
dp[11][188]=-5e+10
dp[12][188]=-5e+10
dp[13][188]=-5e+10
Select best dp
Best k=4
Stratifying 14-th numerical feature ...
dp[2][188]=-342.576
dp[3][188]=-534.154
dp[4][188]=-670.715
dp[5][188]=-638.993
dp[6][188]=-601.267
dp[7][188]=-537.989
dp[8][188]=-442.693
dp[9][188]=-318.846
dp[10][188]=-182.504
dp[11][188]=-43.1979
dp[12][188]=97.3731
dp[13][188]=281.249
Select best dp
Best k=4
dp[2][188]=-252.357
dp[3][188]=-430.16
dp[4][188]=-567.999
dp[5][188]=-533.883
dp[6][188]=-456.821
dp[7][188]=-354.327
dp[8][188]=-243.234
dp[9][188]=-133.834
Stratifying 10-th numerical feature ...
dp[10][188]=-8.78786
dp[11][188]=113.926
dp[12][188]=243.613
dp[13][188]=415.005
Select best dp
Best k=4
Stratifying 11-th numerical feature ...
dp[2][188]=-246.459
dp[3][188]=-369.338
dp[4][188]=-490.352
dp[5][188]=-456.469
dp[6][188]=-373.392
dp[7][188]=-289.537
dp[8][188]=-191.392
dp[9][188]=-76.6516
dp[10][188]=51.4321
dp[11][188]=189.584
dp[12][188]=327.844
dp[13][188]=500.478
Select best dp
Best k=4
Stratifying 8-th numerical feature ...
dp[2][188]=-34.509
dp[3][188]=-124.376
dp[4][188]=-87.4642
dp[5][188]=-42.5419
dp[6][188]=33.1017
dp[7][188]=131.622
dp[8][188]=236.324
dp[9][188]=362.915
dp[10][188]=489.682
dp[11][188]=617.006
dp[12][188]=745.974
dp[13][188]=877.165
Select best dp
Best k=3
Stratifying 14-th numerical feature ...
dp[2][188]=-634.79
dp[3][188]=-991.457
dp[4][188]=-1239.53
dp[5][188]=-1290.7
dp[6][188]=-1323.37
dp[7][188]=-1310.74
dp[8][188]=-1256.33
dp[9][188]=-1172.07
dp[10][188]=-1072.07
dp[11][188]=-969.006
dp[12][188]=-851.209
dp[13][188]=-683.453
Select best dp
Best k=6
Stratifying 10-th numerical feature ...
dp[2][188]=85.1999
dp[3][188]=135.96
dp[4][188]=193.26
dp[5][188]=321.367
dp[6][188]=462.367
dp[7][188]=622.703
dp[8][188]=783.442
dp[9][188]=945.991
dp[10][188]=1108.73
dp[11][188]=1280.16
dp[12][188]=1458.1
dp[13][188]=1650.06
Select best dp
Best k=2
Stratifying 11-th numerical feature ...
dp[2][188]=-264.245
dp[3][188]=-398.531
dp[4][188]=-487.489
dp[5][188]=-439.807
dp[6][188]=-387.759
dp[7][188]=-307.869
dp[8][188]=-201.141
dp[9][188]=-74.2308
dp[10][188]=65.8113
dp[11][188]=206.008
dp[12][188]=347.241
dp[13][188]=530.188
Select best dp
Best k=4
Stratifying 10-th numerical feature ...
dp[2][188]=-332.324
dp[3][188]=-409.301
dp[4][188]=-406.466
dp[5][188]=-324.281
dp[6][188]=-234.818
dp[7][188]=-127.383
dp[8][188]=-12.1704
dp[9][188]=109.545
dp[10][188]=231.682
dp[11][188]=358.861
dp[12][188]=490.053
dp[13][188]=633.733
Select best dp
Best k=3
dp[2][188]=-99.1325
dp[3][188]=-145.478
dp[4][188]=-161.421
dp[5][188]=-75.3527
dp[6][188]=20.4961
dp[7][188]=129.526
dp[8][188]=256.595
dp[9][188]=405.563
dp[10][188]=555.493
dp[11][188]=714.579
dp[12][188]=874.244
dp[13][188]=1060.54
Select best dp
Best k=4
Stratifying 10-th numerical feature ...
dp[2][188]=-91.8726
dp[3][188]=-120.733
dp[4][188]=-94.6962
dp[5][188]=-25.2845
dp[6][188]=56.4417
dp[7][188]=157.371
dp[8][188]=292.247
dp[9][188]=435.524
Select best dp
Best k=3
Stratifying 12-th numerical feature ...
dp[2][188]=-323.744
dp[3][188]=-531.77
dp[4][188]=-721.886
dp[5][188]=-708.797
dp[6][188]=-648.931
dp[7][188]=-551.763
dp[8][188]=-439.732
dp[9][188]=-337.224
dp[10][188]=-222.155
dp[11][188]=-101.88
dp[12][188]=27.5213
dp[13][188]=203.44
Select best dp
Best k=4
Stratifying 11-th numerical feature ...
dp[2][188]=-92.3079
dp[3][188]=-121.585
dp[4][188]=-95.4362
dp[5][188]=-26.3028
dp[6][188]=51.6552
dp[7][188]=133.37
dp[8][188]=262.762
dp[9][188]=393.201
dp[10][188]=528.041
dp[11][188]=670.029
dp[12][188]=814.809
dp[13][188]=986.045
Select best dp
Best k=3
Stratifying 12-th numerical feature ...
dp[2][188]=-5e+10
dp[3][188]=-5e+10
dp[4][188]=-5e+10
dp[5][188]=-5e+10
dp[6][188]=-5e+10
dp[7][188]=-5e+10
dp[8][188]=-5e+10
dp[9][188]=-5e+10
dp[10][188]=-5e+10
dp[11][188]=-5e+10
dp[12][188]=-5e+10
dp[13][188]=-5e+10
Select best dp
Best k=5
Stratifying 15-th numerical feature ...
dp[2][188]=128.078
dp[3][188]=236.656
dp[4][188]=374.408
dp[5][188]=542.571
dp[6][188]=712.685
dp[7][188]=888.805
dp[8][188]=1065.15
dp[9][188]=1243.2
dp[10][188]=1425.14
dp[11][188]=1607.62
dp[12][188]=1789.97
dp[13][188]=1986.43
Select best dp
Best k=2
Stratifying 12-th numerical feature ...
dp[2][188]=-269.582
dp[3][188]=-411.842
dp[4][188]=-542.069
dp[5][188]=-494.39
dp[6][188]=-419.076
dp[7][188]=-343.188
dp[8][188]=-250.685
dp[9][188]=-153.514
dp[10][188]=-51.1941
dp[11][188]=70.9109
dp[12][188]=198.353
dp[13][188]=328.582
Select best dp
Best k=4
Stratifying 15-th numerical feature ...
dp[2][188]=-146.385
dp[3][188]=-138.423
dp[4][188]=-93.779
dp[5][188]=-45.2068
dp[6][188]=7.74717
dp[7][188]=113.56
dp[8][188]=222.108
dp[9][188]=352.898
dp[10][188]=499.185
dp[11][188]=647.69
dp[12][188]=811.633
dp[13][188]=988.868
Select best dp
Best k=2
Stratifying 13-th numerical feature ...
dp[2][188]=142.778
dp[3][188]=175.222
dp[4][188]=218.022
dp[5][188]=309.728
dp[6][188]=405.472
dp[7][188]=502.525
dp[8][188]=634.089
dp[9][188]=768.327
dp[10][188]=904.536
dp[11][188]=1050.95
dp[12][188]=1197.61
dp[13][188]=1380.39
Select best dp
Best k=2
Stratifying 12-th numerical feature ...
dp[2][188]=100.754
dp[3][188]=234.454
dp[4][188]=377.668
dp[5][188]=523.174
dp[6][188]=674.296
dp[7][188]=838.948
dp[8][188]=1007.97
dp[9][188]=1184.72
dp[10][188]=1364.17
dp[11][188]=1544.72
dp[12][188]=1730.4
dp[13][188]=1936.39
Select best dp
Best k=2
Stratifying 13-th numerical feature ...
dp[2][188]=-591.427
dp[3][188]=-1002.82
dp[4][188]=-1329.26
dp[5][188]=-1391.53
dp[6][188]=-1378.83
dp[7][188]=-1342.97
dp[8][188]=-1296.91
dp[9][188]=-1245.25
dp[10][188]=-1156.22
dp[11][188]=-1072.19
dp[12][188]=-981.281
dp[13][188]=-827.525
Select best dp
Best k=5
Stratifying 11-th numerical feature ...
dp[2][188]=-237.118
dp[3][188]=-405.273
dp[4][188]=-535.221
dp[5][188]=-495.631
dp[6][188]=-414.234
dp[7][188]=-309.87
dp[8][188]=-198.251
dp[9][188]=-89.2199
dp[10][188]=37.2472
dp[11][188]=161.944
dp[12][188]=291.882
dp[13][188]=463.548
Select best dp
Best k=4
Stratifying 11-th numerical feature ...
dp[2][188]=-249.586
dp[3][188]=-368.539
dp[4][188]=-485.195
dp[5][188]=-478.905
dp[6][188]=-399.781
dp[7][188]=-313.489
dp[8][188]=-203.795
dp[9][188]=-89.6318
dp[10][188]=38.1463
dp[11][188]=166.148
dp[12][188]=301.822
dp[13][188]=476.481
Select best dp
Best k=4
Stratifying 9-th numerical feature ...
dp[2][188]=-5e+10
dp[3][188]=-5e+10
dp[4][188]=-5e+10
dp[5][188]=-5e+10
dp[6][188]=-5e+10
dp[7][188]=-5e+10
dp[8][188]=-5e+10
dp[9][188]=-5e+10
dp[10][188]=-5e+10
dp[11][188]=-5e+10
dp[12][188]=-5e+10
dp[13][188]=-5e+10
Select best dp
Best k=4
Stratifying 16-th numerical feature ...
dp[2][188]=-148.198
dp[3][188]=-140.129
dp[4][188]=-95.6861
dp[5][188]=-47.3578
dp[6][188]=6.14625
dp[7][188]=111.79
dp[8][188]=259.074
dp[9][188]=416.985
Select best dp
Best k=2
dp[2][188]=-83.5787
dp[3][188]=-143.83
dp[4][188]=-187.369
dp[5][188]=-105.456
dp[6][188]=3.78476
dp[7][188]=139.598
dp[8][188]=277.876
dp[9][188]=414.462
dp[10][188]=557.185
dp[11][188]=699.574
dp[12][188]=851.939
dp[13][188]=1036.27
Select best dp
Best k=4
Stratifying 13-th numerical feature ...
Stratifying 11-th numerical feature ...
dp[2][188]=-148.604
dp[3][188]=-238.665
dp[4][188]=-246.068
dp[5][188]=-239.416
dp[6][188]=-149.122
dp[7][188]=-26.5156
dp[8][188]=97.8125
dp[9][188]=223.271
dp[10][188]=348.044
dp[11][188]=473.503
dp[12][188]=605.057
dp[13][188]=737.347
Select best dp
Best k=4
Stratifying 16-th numerical feature ...
dp[2][188]=-34.509
dp[3][188]=-124.376
dp[4][188]=-87.4642
dp[5][188]=-42.5419
dp[6][188]=33.1017
dp[7][188]=131.622
dp[8][188]=236.324
dp[9][188]=363.647
dp[10][188]=508.54
dp[11][188]=657.171
dp[12][188]=822.853
dp[13][188]=1000.8
Select best dp
Best k=3
Stratifying 14-th numerical feature ...
dp[2][188]=115.089
dp[3][188]=151.459
dp[4][188]=222.053
dp[5][188]=316.862
dp[6][188]=417.14
dp[7][188]=535.451
dp[8][188]=656.316
dp[9][188]=790.919
dp[10][188]=936.434
dp[11][188]=1085.93
dp[12][188]=1244.6
dp[13][188]=1426.5
Select best dp
Best k=2
Stratifying 13-th numerical feature ...
dp[2][188]=172.02
dp[3][188]=279.081
dp[4][188]=393.825
dp[5][188]=540.034
dp[6][188]=698.685
dp[7][188]=849.727
dp[8][188]=1024.37
dp[9][188]=1203.35
dp[10][188]=1383.97
dp[11][188]=1566.54
dp[12][188]=1753.62
dp[13][188]=1943.87
Select best dp
Best k=2
Stratifying 14-th numerical feature ...
dp[2][188]=-269.582
dp[3][188]=-411.842
dp[4][188]=-542.069
dp[5][188]=-494.39
dp[6][188]=-419.076
dp[7][188]=-343.188
dp[8][188]=-246.032
dp[9][188]=-142.157
dp[10][188]=-21.9859
dp[11][188]=109.852
dp[12][188]=248.061
dp[13][188]=404.471
Select best dp
Best k=4
Stratifying 15-th numerical feature ...
dp[2][188]=151.306
dp[3][188]=134.194
dp[4][188]=191.709
dp[5][188]=259.415
dp[6][188]=366.971
dp[7][188]=494.596
dp[8][188]=625.259
dp[9][188]=762.273
dp[10][188]=904.193
dp[11][188]=1053.11
dp[12][188]=1229.43
dp[13][188]=1431.57
Select best dp
Best k=3
Stratifying 14-th numerical feature ...
dp[2][188]=-332.324
dp[3][188]=-5e+10
dp[4][188]=-5e+10
dp[5][188]=-5e+10
dp[6][188]=-5e+10
dp[7][188]=-5e+10
dp[8][188]=-5e+10
dp[9][188]=-5e+10
dp[10][188]=-5e+10
dp[11][188]=-5e+10
dp[12][188]=-5e+10
dp[13][188]=-5e+10
Select best dp
Best k=4
dp[2][188]=-332.324
dp[3][188]=-409.301
dp[4][188]=-406.466
dp[5][188]=-324.281
dp[6][188]=-234.818
dp[7][188]=-150.608
dp[8][188]=-43.1727
dp[9][188]=78.5427
dp[10][188]=200.68
dp[11][188]=327.859
dp[12][188]=459.051
dp[13][188]=602.6
Select best dp
Best k=3
dp[2][188]=77.3676
dp[3][188]=126.567
dp[4][188]=178.112
dp[5][188]=299.856
dp[6][188]=438.861
dp[7][188]=585.237
dp[8][188]=739.537
dp[9][188]=894.514
dp[10][188]=1056.33
dp[11][188]=1218.65
dp[12][188]=1389.11
dp[13][188]=1569.45
Select best dp
Best k=2
Stratifying 15-th numerical feature ...
dp[2][188]=-52.6373
dp[3][188]=-139.603
dp[4][188]=-92.7729
dp[5][188]=-22.3533
dp[6][188]=77.3548
dp[7][188]=184.158
dp[8][188]=292.801
dp[9][188]=434.128
Select best dp
Best k=3
Stratifying 14-th numerical feature ...
dp[2][188]=-316.354
dp[3][188]=-481.848
dp[4][188]=-597.555
dp[5][188]=-612.458
dp[6][188]=-626.155
dp[7][188]=-634.01
dp[8][188]=-560.147
dp[9][188]=-481.605
dp[10][188]=-394.097
dp[11][188]=-291.489
dp[12][188]=-183.759
dp[13][188]=-18.5586
Select best dp
Best k=7
Stratifying 12-th numerical feature ...
dp[2][188]=-31.3611
dp[3][188]=-51.1347
dp[4][188]=-28.4767
dp[5][188]=45.3279
dp[6][188]=124.247
dp[7][188]=208.49
dp[8][188]=335.557
dp[9][188]=466.173
dp[10][188]=600.556
dp[11][188]=738.321
dp[12][188]=878.99
dp[13][188]=1050.11
Select best dp
Best k=3
Stratifying 12-th numerical feature ...
dp[2][188]=-242.984
dp[3][188]=-372.701
dp[4][188]=-455.242
dp[5][188]=-407.436
dp[6][188]=-351.601
dp[7][188]=-269.179
dp[8][188]=-162.198
dp[9][188]=-35.8019
dp[10][188]=104.274
dp[11][188]=245.498
dp[12][188]=386.941
dp[13][188]=568.498
Select best dp
Best k=4
Stratifying 10-th numerical feature ...
dp[2][188]=18.9307
dp[3][188]=57.5355
dp[4][188]=141.123
dp[5][188]=260.687
dp[6][188]=386.93
dp[7][188]=515.465
dp[8][188]=672.462
dp[9][188]=829.629
dp[10][188]=987.955
dp[11][188]=1147.62
dp[12][188]=1310.92
dp[13][188]=1488.07
Select best dp
Best k=2
Stratifying 12-th numerical feature ...
dp[2][188]=-148.604
dp[3][188]=-238.665
dp[4][188]=-246.068
dp[5][188]=-239.416
dp[6][188]=-149.122
dp[7][188]=-25.5126
dp[8][188]=101.999
dp[9][188]=227.457
dp[10][188]=354.969
dp[11][188]=495.275
dp[12][188]=651.287
dp[13][188]=853.388
Select best dp
Best k=4
Stratifying 16-th numerical feature ...
dp[2][188]=-335.592
dp[3][188]=-527.385
dp[4][188]=-699.067
dp[5][188]=-671.225
dp[6][188]=-608.283
dp[7][188]=-543.36
dp[8][188]=-448.128
dp[9][188]=-352.701
dp[10][188]=-233.144
dp[11][188]=-105.646
dp[12][188]=31.8884
dp[13][188]=186.457
Select best dp
Best k=4
Stratifying 15-th numerical feature ...
dp[2][188]=68.6723
dp[3][188]=148.606
dp[4][188]=271.261
dp[5][188]=395.388
dp[6][188]=572.635
dp[7][188]=738.843
dp[8][188]=916.09
dp[9][188]=1089.19
dp[10][188]=1267.7
dp[11][188]=1448.51
dp[12][188]=1633.12
dp[13][188]=1851.55
Select best dp
Best k=2
Stratifying 16-th numerical feature ...
dp[2][188]=-123.875
dp[3][188]=-118.233
dp[4][188]=-83.3171
dp[5][188]=-27.4938
dp[6][188]=28.193
dp[7][188]=134.95
dp[8][188]=243.728
dp[9][188]=372.803
dp[10][188]=516.525
dp[11][188]=665.302
dp[12][188]=825.704
dp[13][188]=1002.61
Select best dp
Best k=2
Stratifying 13-th numerical feature ...
dp[2][188]=-281.2
dp[3][188]=-432.556
dp[4][188]=-568.531
dp[5][188]=-506.196
dp[6][188]=-431.407
dp[7][188]=-355.685
dp[8][188]=-241.084
dp[9][188]=-86.7505
Select best dp
Best k=4
Stratifying 15-th numerical feature ...
dp[2][188]=-332.324
dp[3][188]=-409.301
dp[4][188]=-406.466
dp[5][188]=-324.281
dp[6][188]=-234.818
dp[7][188]=-127.383
dp[8][188]=-5.24587
dp[9][188]=121.933
dp[10][188]=256.262
dp[11][188]=397.207
dp[12][188]=561.933
dp[13][188]=744.76
Select best dp
Best k=3
dp[2][188]=136.921
dp[3][188]=163.005
dp[4][188]=201.498
dp[5][188]=265.105
dp[6][188]=362.951
dp[7][188]=494.037
dp[8][188]=628.028
dp[9][188]=766.366
dp[10][188]=911.186
dp[11][188]=1059.37
dp[12][188]=1214.94
dp[13][188]=1380.24
Select best dp
Best k=2
Stratifying 16-th numerical feature ...
dp[2][188]=-215.475
dp[3][188]=-375.666
dp[4][188]=-501.025
dp[5][188]=-458.895
dp[6][188]=-375.971
dp[7][188]=-272.323
dp[8][188]=-159.779
dp[9][188]=-51.6671
dp[10][188]=75.3156
dp[11][188]=204.56
dp[12][188]=334.626
dp[13][188]=504.832
Select best dp
Best k=4
Stratifying 11-th numerical feature ...
dp[2][188]=151.306
dp[3][188]=304.154
dp[4][188]=469.313
dp[5][188]=639.169
dp[6][188]=812.607
dp[7][188]=986.811
dp[8][188]=1162.79
dp[9][188]=1337.6
dp[10][188]=1514.78
dp[11][188]=1694.69
dp[12][188]=1880.76
dp[13][188]=2076.44
Select best dp
Best k=2
dp[2][188]=-394.105
dp[3][188]=-536.206
dp[4][188]=-603.102
dp[5][188]=-637.622
dp[6][188]=-659.496
dp[7][188]=-620.229
dp[8][188]=-567.785
dp[9][188]=-487.435
dp[10][188]=-379.744
dp[11][188]=-263.58
dp[12][188]=-136.212
dp[13][188]=32.7725
Select best dp
Best k=6
Stratifying 13-th numerical feature ...
dp[2][188]=-148.303
dp[3][188]=-237.938
dp[4][188]=-245.046
dp[5][188]=-238.045
dp[6][188]=-147.704
dp[7][188]=-21.293
dp[8][188]=115.445
dp[9][188]=294.437
Select best dp
Best k=4
Stratifying 16-th numerical feature ...
dp[2][188]=-7.3958
dp[3][188]=-91.3565
dp[4][188]=-53.678
dp[5][188]=5.45417
dp[6][188]=83.1832
dp[7][188]=181.953
dp[8][188]=291.27
dp[9][188]=419.245
dp[10][188]=559.703
dp[11][188]=709.319
dp[12][188]=877.985
dp[13][188]=1058.78
Select best dp
Best k=3
Stratifying 14-th numerical feature ...
dp[2][188]=-22.8153
dp[3][188]=57.3901
dp[4][188]=150.511
dp[5][188]=242.032
dp[6][188]=341.369
dp[7][188]=477.969
dp[8][188]=615.45
dp[9][188]=772.559
dp[10][188]=937.233
dp[11][188]=1102.87
dp[12][188]=1277.69
dp[13][188]=1463.87
Select best dp
Best k=2
Stratifying 13-th numerical feature ...
dp[2][188]=-201.1
dp[3][188]=-193.788
dp[4][188]=-185.286
dp[5][188]=-93.1738
dp[6][188]=19.3159
dp[7][188]=137.206
dp[8][188]=258.198
dp[9][188]=391.738
dp[10][188]=536.853
dp[11][188]=684.588
dp[12][188]=855.229
dp[13][188]=1027.28
Select best dp
Best k=2
dp[2][188]=-16.991
dp[3][188]=-39.3318
dp[4][188]=-15.9567
dp[5][188]=61.1113
dp[6][188]=139.004
dp[7][188]=221.549
dp[8][188]=347.604
dp[9][188]=476.826
dp[10][188]=610.039
dp[11][188]=746.417
dp[12][188]=887.695
dp[13][188]=1061.59
Select best dp
Best k=3
Stratifying 12-th numerical feature ...
dp[2][188]=-201.1
dp[3][188]=-193.788
dp[4][188]=-185.286
dp[5][188]=-93.1738
dp[6][188]=19.3159
dp[7][188]=137.206
dp[8][188]=259.598
dp[9][188]=413.199
Select best dp
Best k=2
dp[2][188]=-255.569
dp[3][188]=-390.527
dp[4][188]=-508.594
dp[5][188]=-455.136
dp[6][188]=-378.277
dp[7][188]=-298.352
dp[8][188]=-200.211
dp[9][188]=-93.4634
dp[10][188]=27.9938
dp[11][188]=161.08
dp[12][188]=301.099
dp[13][188]=458.673
Select best dp
Best k=4
Stratifying 15-th numerical feature ...
dp[2][188]=68.7556
dp[3][188]=78.6458
dp[4][188]=158.042
dp[5][188]=256.665
dp[6][188]=372.866
dp[7][188]=502.664
dp[8][188]=639.358
dp[9][188]=790.548
dp[10][188]=949.583
dp[11][188]=1113.52
dp[12][188]=1290.74
dp[13][188]=1473.26
Select best dp
Best k=2
Stratifying 14-th numerical feature ...
dp[2][188]=-110.051
dp[3][188]=-100.173
dp[4][188]=-61.6309
dp[5][188]=-8.08145
dp[6][188]=46.9273
dp[7][188]=154.25
dp[8][188]=264.129
dp[9][188]=393.754
dp[10][188]=536.843
dp[11][188]=684.012
dp[12][188]=842.598
dp[13][188]=1018.56
Select best dp
Best k=2
Stratifying 13-th numerical feature ...
dp[2][188]=-241.038
dp[3][188]=-530.419
dp[4][188]=-619.138
dp[5][188]=-667.48
dp[6][188]=-657.664
dp[7][188]=-633.197
dp[8][188]=-579.94
dp[9][188]=-497.51
dp[10][188]=-410.041
dp[11][188]=-294.556
dp[12][188]=-138.003
dp[13][188]=53.3719
Select best dp
Best k=5
Stratifying 14-th numerical feature ...
dp[2][188]=-49.9212
dp[3][188]=-120.432
dp[4][188]=-108.393
dp[5][188]=-80.3529
dp[6][188]=2.968
dp[7][188]=126.782
dp[8][188]=254.573
dp[9][188]=379.954
dp[10][188]=507.745
dp[11][188]=647.699
dp[12][188]=802.702
dp[13][188]=992.474
Select best dp
Best k=3
Stratifying 16-th numerical feature ...
dp[2][188]=-96.0884
dp[3][188]=-142.638
dp[4][188]=-180.559
dp[5][188]=-95.8474
dp[6][188]=11.6301
dp[7][188]=124.037
dp[8][188]=251.122
dp[9][188]=380.503
dp[10][188]=520.3
dp[11][188]=669.543
dp[12][188]=819.464
dp[13][188]=987.481
Select best dp
Best k=4
Stratifying 15-th numerical feature ...
dp[2][188]=-317.34
dp[3][188]=-357.435
dp[4][188]=-393.697
dp[5][188]=-315.893
dp[6][188]=-237.457
dp[7][188]=-125.504
dp[8][188]=-10.3729
dp[9][188]=116.468
dp[10][188]=261.349
dp[11][188]=406.848
dp[12][188]=569.553
dp[13][188]=751.421
Select best dp
Best k=4
dp[2][188]=-616.57
dp[3][188]=-950.251
dp[4][188]=-1265.09
dp[5][188]=-1292.31
dp[6][188]=-1293.9
dp[7][188]=-1281.19
dp[8][188]=-1245.39
dp[9][188]=-1190.88
dp[10][188]=-1109.51
dp[11][188]=-1012.48
dp[12][188]=-894.747
dp[13][188]=-763.414
Select best dp
Best k=6
Stratifying 15-th numerical feature ...
dp[2][188]=8.93714
dp[3][188]=-69.9605
dp[4][188]=-36.8915
dp[5][188]=23.2011
dp[6][188]=103.748
dp[7][188]=199.098
dp[8][188]=310.596
dp[9][188]=438.554
dp[10][188]=576.479
dp[11][188]=725.551
dp[12][188]=893.853
dp[13][188]=1075.81
Select best dp
Best k=3
Stratifying 14-th numerical feature ...
dp[2][188]=-39.9658
dp[3][188]=-45.0294
dp[4][188]=13.3414
dp[5][188]=78.731
dp[6][188]=215.128
dp[7][188]=363.844
dp[8][188]=510.1
dp[9][188]=665.231
dp[10][188]=811.891
dp[11][188]=972.822
dp[12][188]=1142.83
dp[13][188]=1355.77
Select best dp
Best k=3
Stratifying 16-th numerical feature ...
dp[2][188]=-365.88
dp[3][188]=-625.937
dp[4][188]=-765.089
dp[5][188]=-875.91
dp[6][188]=-877.623
dp[7][188]=-804.225
dp[8][188]=-724.178
dp[9][188]=-650.727
dp[10][188]=-560.704
dp[11][188]=-459.82
dp[12][188]=-332.76
dp[13][188]=-151.371
Select best dp
Best k=6
Stratifying 16-th numerical feature ...
dp[2][188]=-69.8762
dp[3][188]=-37.2502
dp[4][188]=49.8944
dp[5][188]=170.981
dp[6][188]=294.275
dp[7][188]=439.457
dp[8][188]=587.117
dp[9][188]=738.968
dp[10][188]=891.929
dp[11][188]=1053.62
dp[12][188]=1224.17
dp[13][188]=1414.04
Select best dp
Best k=2
dp[2][188]=-234.15
dp[3][188]=-364.313
dp[4][188]=-474.285
dp[5][188]=-417.48
dp[6][188]=-340.233
dp[7][188]=-257.74
dp[8][188]=-158.515
dp[9][188]=-51.4256
dp[10][188]=71.9808
dp[11][188]=205.48
dp[12][188]=346.916
dp[13][188]=504.901
Select best dp
Best k=4
Stratifying 15-th numerical feature ...
dp[2][188]=-896.712
dp[3][188]=-1153.4
dp[4][188]=-1323.22
dp[5][188]=-1332.94
dp[6][188]=-1311.92
dp[7][188]=-1270.57
dp[8][188]=-1210.38
dp[9][188]=-1132.84
dp[10][188]=-1032.96
dp[11][188]=-930.917
dp[12][188]=-776.475
dp[13][188]=-611.525
Select best dp
Best k=5
dp[2][188]=-33.6523
dp[3][188]=-97.8608
dp[4][188]=-85.9841
dp[5][188]=-58.0314
dp[6][188]=24.5497
dp[7][188]=147.193
dp[8][188]=275.896
dp[9][188]=398.757
dp[10][188]=527.57
dp[11][188]=667.027
dp[12][188]=820.625
dp[13][188]=1009.07
Select best dp
Best k=3
Stratifying 16-th numerical feature ...
dp[2][188]=-310.803
dp[3][188]=-348.174
dp[4][188]=-383.601
dp[5][188]=-303.51
dp[6][188]=-224.473
dp[7][188]=-115.654
dp[8][188]=-1.01758
dp[9][188]=126.006
dp[10][188]=270.142
dp[11][188]=414.579
dp[12][188]=577.847
dp[13][188]=760.422
Select best dp
Best k=4
