Standardize ...
Stratifying 1-th numerical feature ...
Standardize ...
Stratifying 1-th numerical feature ...
Standardize ...
Stratifying 1-th numerical feature ...
Standardize ...
Stratifying 1-th numerical feature ...
Standardize ...
Stratifying 1-th numerical feature ...
Standardize ...
Stratifying 1-th numerical feature ...
Standardize ...
Stratifying 1-th numerical feature ...
Standardize ...
Stratifying 1-th numerical feature ...
Standardize ...
Stratifying 1-th numerical feature ...
Standardize ...
Stratifying 1-th numerical feature ...
Standardize ...
Stratifying 1-th numerical feature ...
Standardize ...
Stratifying 1-th numerical feature ...
Standardize ...
Stratifying 1-th numerical feature ...
Standardize ...
Stratifying 1-th numerical feature ...
dp[2][422]=-174.164
dp[3][422]=-320.893
dp[4][422]=-417.798
dp[5][422]=-428.865
dp[6][422]=-428.373
dp[7][422]=-390.934
dp[8][422]=-351.219
dp[9][422]=-294.93
dp[10][422]=-229.323
dp[11][422]=-147.242
dp[12][422]=-59.8939
dp[13][422]=48.9126
Select best dp
Best k=5
Stratifying 2-th numerical feature ...
dp[2][422]=-174.164
dp[3][422]=-320.893
dp[4][422]=-417.798
dp[5][422]=-428.865
dp[6][422]=-428.373
dp[7][422]=-390.934
dp[8][422]=-351.219
dp[9][422]=-294.93
dp[10][422]=-229.323
dp[11][422]=-155.054
dp[12][422]=-75.7812
dp[13][422]=12.3558
dp[14][422]=105.349
dp[15][422]=204.424
dp[16][422]=303.554
dp[17][422]=416.384
dp[18][422]=530.732
dp[19][422]=669.845
dp[20][422]=887.563
Select best dp
Best k=5
dp[2][422]=-174.164
dp[3][422]=-320.893
dp[4][422]=-417.798
dp[5][422]=-428.865
dp[6][422]=-428.373
dp[7][422]=-390.934
dp[8][422]=-351.219
dp[9][422]=-294.93
dp[10][422]=-229.323
dp[11][422]=-155.054
dp[12][422]=-75.7812
dp[13][422]=12.3558
dp[14][422]=105.349
dp[15][422]=204.424
dp[16][422]=303.554
dp[17][422]=416.384
dp[18][422]=530.732
dp[19][422]=669.845
dp[20][422]=887.563
Select best dp
Best k=5
Stratifying 2-th numerical feature ...
dp[2][422]=-174.164
dp[3][422]=-320.893
dp[4][422]=-417.798
dp[5][422]=-428.865
dp[6][422]=-428.373
dp[7][422]=-390.934
dp[8][422]=-351.219
dp[9][422]=-294.93
dp[10][422]=-229.323
dp[11][422]=-155.054
dp[12][422]=-75.7812
dp[13][422]=12.3558
dp[14][422]=105.349
dp[15][422]=204.424
dp[16][422]=303.554
dp[17][422]=416.384
dp[18][422]=530.732
dp[19][422]=669.845
dp[20][422]=887.563
Select best dp
Best k=5
Stratifying 2-th numerical feature ...
Stratifying 2-th numerical feature ...
dp[2][422]=-174.164
dp[3][422]=-1.2e+11
dp[4][422]=-1.2e+11
dp[5][422]=-2.4e+11
dp[6][422]=-2.4e+11
dp[7][422]=-3.4e+11
dp[8][422]=-3.4e+11
dp[9][422]=-3.4e+11
dp[10][422]=-3.4e+11
dp[11][422]=-3.4e+11
dp[12][422]=-3.4e+11
dp[13][422]=-3.4e+11
dp[14][422]=-3.4e+11
dp[15][422]=-3.4e+11
dp[16][422]=-3.4e+11
dp[17][422]=-3.4e+11
dp[18][422]=-3.4e+11
dp[19][422]=-3.4e+11
dp[20][422]=-3.4e+11
Select best dp
Best k=8
Stratifying 2-th numerical feature ...
dp[2][422]=-1906.66
dp[3][422]=-2200.2
dp[4][422]=-2331.89
dp[5][422]=-2398.14
dp[6][422]=-2414.22
dp[7][422]=-2392.25
dp[8][422]=-2359.23
dp[9][422]=-2314.75
dp[10][422]=-2265.05
dp[11][422]=-2185.92
dp[12][422]=-2101.72
dp[13][422]=-1989.3
Select best dp
Best k=6
Stratifying 3-th numerical feature ...
dp[2][422]=-174.164
dp[3][422]=-1.2e+11
dp[4][422]=-1.6e+11
dp[5][422]=-2.4e+11
dp[6][422]=-2.8e+11
dp[7][422]=-3.4e+11
dp[8][422]=-4e+11
dp[9][422]=-4.5e+11
dp[10][422]=-5.1e+11
dp[11][422]=-5.5e+11
dp[12][422]=-6.1e+11
dp[13][422]=-6.7e+11
dp[14][422]=-7.2e+11
dp[15][422]=-7.6e+11
dp[16][422]=-8.2e+11
dp[17][422]=-8.8e+11
dp[18][422]=-9.2e+11
dp[19][422]=-9.7e+11
dp[20][422]=-1.03e+12
Select best dp
Best k=20
Stratifying 2-th numerical feature ...
dp[2][422]=-674.886
dp[3][422]=-1131.62
dp[4][422]=-1488.71
dp[5][422]=-1674.13
dp[6][422]=-1836.42
dp[7][422]=-1924.82
dp[8][422]=-2008.67
dp[9][422]=-2059.37
dp[10][422]=-2091.44
dp[11][422]=-2106.18
dp[12][422]=-2110.91
dp[13][422]=-2097.92
dp[14][422]=-2075.21
dp[15][422]=-2040.34
dp[16][422]=-2005.36
dp[17][422]=-1942.98
dp[18][422]=-1877.56
dp[19][422]=-1762.61
dp[20][422]=-1490.45
Select best dp
Best k=12
Stratifying 2-th numerical feature ...
dp[2][422]=326.558
dp[3][422]=489.837
dp[4][422]=653.116
dp[5][422]=816.395
dp[6][422]=979.674
dp[7][422]=1142.95
dp[8][422]=1306.23
dp[9][422]=1469.51
dp[10][422]=1632.79
dp[11][422]=1796.07
dp[12][422]=1959.35
dp[13][422]=2122.63
dp[14][422]=2285.91
dp[15][422]=2449.19
dp[16][422]=2612.46
dp[17][422]=2775.74
dp[18][422]=2939.02
dp[19][422]=3102.3
dp[20][422]=3265.58
Select best dp
Best k=2
Stratifying 2-th numerical feature ...
dp[2][422]=76.197
dp[3][422]=84.4723
dp[4][422]=117.659
dp[5][422]=193.765
dp[6][422]=275.651
dp[7][422]=376.01
dp[8][422]=477.507
dp[9][422]=587.291
dp[10][422]=701.734
dp[11][422]=820.508
dp[12][422]=941.784
dp[13][422]=1067.49
dp[14][422]=1195.63
dp[15][422]=1326.81
dp[16][422]=1458.01
dp[17][422]=1596.06
dp[18][422]=1734.88
dp[19][422]=1886.07
dp[20][422]=2076.57
Select best dp
Best k=2
dp[2][422]=-174.164
dp[3][422]=-320.893
dp[4][422]=-417.798
dp[5][422]=-428.865
dp[6][422]=-428.373
dp[7][422]=-390.934
dp[8][422]=-351.219
dp[9][422]=-294.93
dp[10][422]=-229.323
dp[11][422]=-155.054
dp[12][422]=-75.7812
dp[13][422]=12.3558
dp[14][422]=105.349
dp[15][422]=204.424
dp[16][422]=303.554
dp[17][422]=416.384
dp[18][422]=530.732
dp[19][422]=669.845
dp[20][422]=887.563
Select best dp
Best k=5
Stratifying 2-th numerical feature ...
Stratifying 2-th numerical feature ...
dp[2][422]=-1925.96
dp[3][422]=-2226.53
dp[4][422]=-2361.39
dp[5][422]=-2440.7
dp[6][422]=-2459.46
dp[7][422]=-2444.91
dp[8][422]=-2411.9
dp[9][422]=-2369.33
dp[10][422]=-2326.62
dp[11][422]=-2249.77
dp[12][422]=-2169.24
dp[13][422]=-2085.04
dp[14][422]=-1996.77
dp[15][422]=-1904.82
dp[16][422]=-1806.21
dp[17][422]=-1686.3
dp[18][422]=-1563.49
dp[19][422]=-1435.01
dp[20][422]=-1196.81
Select best dp
Best k=6
dp[2][422]=-1925.96
dp[3][422]=-2226.53
dp[4][422]=-2361.39
dp[5][422]=-2440.7
dp[6][422]=-2459.46
dp[7][422]=-2444.91
dp[8][422]=-2411.9
dp[9][422]=-2369.33
dp[10][422]=-2326.62
dp[11][422]=-2249.77
dp[12][422]=-2169.24
dp[13][422]=-2085.04
dp[14][422]=-1996.77
dp[15][422]=-1904.82
dp[16][422]=-1806.21
dp[17][422]=-1686.3
dp[18][422]=-1563.49
dp[19][422]=-1435.01
dp[20][422]=-1196.81
Select best dp
Best k=6
Stratifying 3-th numerical feature ...
Stratifying 3-th numerical feature ...
dp[2][422]=-1925.96
dp[3][422]=-2226.53
dp[4][422]=-2361.39
dp[5][422]=-2440.7
dp[6][422]=-2459.46
dp[7][422]=-2444.91
dp[8][422]=-2411.9
dp[9][422]=-2369.33
dp[10][422]=-2326.62
dp[11][422]=-2249.77
dp[12][422]=-2169.24
dp[13][422]=-2085.04
dp[14][422]=-1996.77
dp[15][422]=-1904.82
dp[16][422]=-1806.21
dp[17][422]=-1686.3
dp[18][422]=-1563.49
dp[19][422]=-1435.01
dp[20][422]=-1196.81
Select best dp
Best k=6
Stratifying 3-th numerical feature ...
dp[2][422]=-174.164
dp[3][422]=-320.893
dp[4][422]=-417.798
dp[5][422]=-428.865
dp[6][422]=-428.373
dp[7][422]=-390.934
dp[8][422]=-351.219
dp[9][422]=-294.93
dp[10][422]=-229.323
dp[11][422]=-155.054
dp[12][422]=-75.7812
dp[13][422]=12.3558
dp[14][422]=105.349
dp[15][422]=204.424
dp[16][422]=303.554
dp[17][422]=416.384
dp[18][422]=530.732
dp[19][422]=669.845
dp[20][422]=887.563
Select best dp
Best k=5
Stratifying 2-th numerical feature ...
dp[2][422]=-174.164
dp[3][422]=-320.893
dp[4][422]=-417.798
dp[5][422]=-428.865
dp[6][422]=-428.373
dp[7][422]=-390.934
dp[8][422]=-351.219
dp[9][422]=-294.93
dp[10][422]=-229.323
dp[11][422]=-155.054
dp[12][422]=-75.7812
dp[13][422]=12.3558
dp[14][422]=105.349
dp[15][422]=204.424
dp[16][422]=303.554
dp[17][422]=416.384
dp[18][422]=530.732
dp[19][422]=669.845
dp[20][422]=887.563
Select best dp
Best k=5
Stratifying 2-th numerical feature ...
dp[2][422]=-127.059
dp[3][422]=-328.22
dp[4][422]=-388.38
dp[5][422]=-419.584
dp[6][422]=-440.462
dp[7][422]=-411.536
dp[8][422]=-376.641
dp[9][422]=-322.064
dp[10][422]=-255.203
dp[11][422]=-176.996
dp[12][422]=-44.7666
dp[13][422]=96.4865
Select best dp
Best k=6
dp[2][422]=-127.059
dp[3][422]=-2.6e+11
dp[4][422]=-5e+11
dp[5][422]=-7.2e+11
dp[6][422]=-9.6e+11
dp[7][422]=-9.6e+11
dp[8][422]=-1.18e+12
dp[9][422]=-1.18e+12
dp[10][422]=-1.18e+12
dp[11][422]=-1.18e+12
dp[12][422]=-1.18e+12
dp[13][422]=-1.18e+12
dp[14][422]=-1.18e+12
dp[15][422]=-1.18e+12
dp[16][422]=-1.18e+12
dp[17][422]=-1.18e+12
dp[18][422]=-1.18e+12
dp[19][422]=-1.18e+12
dp[20][422]=-4.2e+11
Select best dp
Best k=9
dp[2][422]=-127.059
dp[3][422]=-2.6e+11
dp[4][422]=-5e+11
dp[5][422]=-7.2e+11
dp[6][422]=-9.6e+11
dp[7][422]=-9.6e+11
dp[8][422]=-1.18e+12
dp[9][422]=-1.18e+12
dp[10][422]=-1.18e+12
dp[11][422]=-1.18e+12
dp[12][422]=-1.18e+12
dp[13][422]=-1.18e+12
dp[14][422]=-1.18e+12
dp[15][422]=-1.18e+12
dp[16][422]=-1.18e+12
dp[17][422]=-1.18e+12
dp[18][422]=-1.18e+12
dp[19][422]=-1.18e+12
dp[20][422]=-4.2e+11
Select best dp
Best k=9
dp[2][422]=-1932.94
dp[3][422]=-1.3e+11
dp[4][422]=-1.3e+11
dp[5][422]=-2.6e+11
dp[6][422]=-2.6e+11
dp[7][422]=-3.8e+11
dp[8][422]=-3.8e+11
dp[9][422]=-4.8e+11
dp[10][422]=-4.8e+11
dp[11][422]=-5.8e+11
dp[12][422]=-5.8e+11
dp[13][422]=-5.8e+11
dp[14][422]=-5.8e+11
dp[15][422]=-5.8e+11
dp[16][422]=-5.8e+11
dp[17][422]=-5.8e+11
dp[18][422]=-5.8e+11
dp[19][422]=-5.8e+11
dp[20][422]=-5.8e+11
Select best dp
Best k=13
Stratifying 3-th numerical feature ...
dp[2][422]=-174.164
dp[3][422]=-1.2e+11
dp[4][422]=-1.2e+11
dp[5][422]=-2.4e+11
dp[6][422]=-2.4e+11
dp[7][422]=-3.4e+11
dp[8][422]=-3.4e+11
dp[9][422]=-3.4e+11
dp[10][422]=-3.4e+11
dp[11][422]=-3.4e+11
dp[12][422]=-3.4e+11
dp[13][422]=-3.4e+11
dp[14][422]=-3.4e+11
dp[15][422]=-3.4e+11
dp[16][422]=-3.4e+11
dp[17][422]=-3.4e+11
dp[18][422]=-3.4e+11
dp[19][422]=-3.4e+11
dp[20][422]=-3.4e+11
Select best dp
Best k=8
Stratifying 2-th numerical feature ...
dp[2][422]=-127.059
dp[3][422]=-2.6e+11
dp[4][422]=-5e+11
dp[5][422]=-7.2e+11
dp[6][422]=-9.6e+11
dp[7][422]=-9.6e+11
dp[8][422]=-1.18e+12
dp[9][422]=-1.18e+12
dp[10][422]=-1.18e+12
dp[11][422]=-1.18e+12
dp[12][422]=-1.18e+12
dp[13][422]=-1.18e+12
dp[14][422]=-1.18e+12
dp[15][422]=-1.18e+12
dp[16][422]=-1.18e+12
dp[17][422]=-1.18e+12
dp[18][422]=-1.18e+12
dp[19][422]=-1.18e+12
dp[20][422]=-4.2e+11
Select best dp
Best k=9
dp[2][422]=-1932.94
dp[3][422]=-1.3e+11
dp[4][422]=-2e+11
dp[5][422]=-2.7e+11
dp[6][422]=-3.5e+11
dp[7][422]=-4e+11
dp[8][422]=-4.8e+11
dp[9][422]=-5.2e+11
dp[10][422]=-6e+11
dp[11][422]=-6.5e+11
dp[12][422]=-7.1e+11
dp[13][422]=-7.7e+11
dp[14][422]=-8.3e+11
dp[15][422]=-8.9e+11
dp[16][422]=-9.4e+11
dp[17][422]=-1e+12
dp[18][422]=-1.06e+12
dp[19][422]=-1.1e+12
dp[20][422]=-1.16e+12
Select best dp
Best k=20
Stratifying 3-th numerical feature ...
dp[2][422]=-1925.96
dp[3][422]=-2226.53
dp[4][422]=-2361.39
dp[5][422]=-2440.7
dp[6][422]=-2459.46
dp[7][422]=-2444.91
dp[8][422]=-2411.9
dp[9][422]=-2369.33
dp[10][422]=-2326.62
dp[11][422]=-2249.77
dp[12][422]=-2169.24
dp[13][422]=-2085.04
dp[14][422]=-1996.77
dp[15][422]=-1904.82
dp[16][422]=-1806.21
dp[17][422]=-1686.3
dp[18][422]=-1563.49
dp[19][422]=-1435.01
dp[20][422]=-1196.81
Select best dp
Best k=6
Stratifying 3-th numerical feature ...
dp[2][422]=326.558
dp[3][422]=489.837
dp[4][422]=653.116
dp[5][422]=816.395
dp[6][422]=979.674
dp[7][422]=1142.95
dp[8][422]=1306.23
dp[9][422]=1469.51
dp[10][422]=1632.79
dp[11][422]=1796.07
dp[12][422]=1959.35
dp[13][422]=2122.63
dp[14][422]=2285.91
dp[15][422]=2449.19
dp[16][422]=2612.46
dp[17][422]=2775.74
dp[18][422]=2939.02
dp[19][422]=3102.3
dp[20][422]=3265.58
Select best dp
Best k=2
dp[2][422]=-4178.47
dp[3][422]=-4942.9
dp[4][422]=-5375.89
dp[5][422]=-5697.8
dp[6][422]=-5898.6
dp[7][422]=-6032.77
dp[8][422]=-6130.03
dp[9][422]=-6208.18
dp[10][422]=-6286.04
dp[11][422]=-6295.61
dp[12][422]=-6297.84
dp[13][422]=-6292.7
dp[14][422]=-6279.44
dp[15][422]=-6258.83
dp[16][422]=-6224.88
dp[17][422]=-6148.34
dp[18][422]=-6065.99
dp[19][422]=-5972.33
dp[20][422]=-5659.19
Select best dp
Best k=12
Stratifying 3-th numerical feature ...
Stratifying 3-th numerical feature ...
dp[2][422]=-799.699
dp[3][422]=-868.346
dp[4][422]=-854.135
dp[5][422]=-812.153
dp[6][422]=-739.893
dp[7][422]=-650.978
dp[8][422]=-552.832
dp[9][422]=-449.911
dp[10][422]=-346.917
dp[11][422]=-226.851
dp[12][422]=-104.948
dp[13][422]=18.7947
dp[14][422]=144.57
dp[15][422]=272.182
dp[16][422]=403.13
dp[17][422]=544.722
dp[18][422]=687.769
dp[19][422]=833.644
dp[20][422]=1034.39
Select best dp
Best k=3
Stratifying 3-th numerical feature ...
dp[2][422]=-1925.96
dp[3][422]=-2226.53
dp[4][422]=-2361.39
dp[5][422]=-2440.7
dp[6][422]=-2459.46
dp[7][422]=-2444.91
dp[8][422]=-2411.9
dp[9][422]=-2369.33
dp[10][422]=-2326.62
dp[11][422]=-2249.77
dp[12][422]=-2169.24
dp[13][422]=-2085.04
dp[14][422]=-1996.77
dp[15][422]=-1904.82
dp[16][422]=-1806.21
dp[17][422]=-1686.3
dp[18][422]=-1563.49
dp[19][422]=-1435.01
dp[20][422]=-1196.81
Select best dp
Best k=6
Stratifying 3-th numerical feature ...
dp[2][422]=-1925.96
dp[3][422]=-2226.53
dp[4][422]=-2361.39
dp[5][422]=-2440.7
dp[6][422]=-2459.46
dp[7][422]=-2444.91
dp[8][422]=-2411.9
dp[9][422]=-2369.33
dp[10][422]=-2326.62
dp[11][422]=-2249.77
dp[12][422]=-2169.24
dp[13][422]=-2085.04
dp[14][422]=-1996.77
dp[15][422]=-1904.82
dp[16][422]=-1806.21
dp[17][422]=-1686.3
dp[18][422]=-1563.49
dp[19][422]=-1435.01
dp[20][422]=-1196.81
Select best dp
Best k=6
Stratifying 3-th numerical feature ...
dp[2][422]=-127.059
dp[3][422]=-2.6e+11
dp[4][422]=-5e+11
dp[5][422]=-7.2e+11
dp[6][422]=-9.6e+11
dp[7][422]=-1.16e+12
dp[8][422]=-1.35e+12
dp[9][422]=-1.52e+12
dp[10][422]=-1.68e+12
dp[11][422]=-1.88e+12
dp[12][422]=-2.05e+12
dp[13][422]=-2.21e+12
dp[14][422]=-2.21e+12
dp[15][422]=-2.37e+12
dp[16][422]=-2.5e+12
dp[17][422]=-2.66e+12
dp[18][422]=-2.79e+12
dp[19][422]=-2.92e+12
dp[20][422]=-3.05e+12
Select best dp
Best k=20
dp[2][422]=-127.059
dp[3][422]=-2.6e+11
dp[4][422]=-5e+11
dp[5][422]=-7.2e+11
dp[6][422]=-9.6e+11
dp[7][422]=-9.6e+11
dp[8][422]=-1.18e+12
dp[9][422]=-1.18e+12
dp[10][422]=-1.18e+12
dp[11][422]=-1.18e+12
dp[12][422]=-1.18e+12
dp[13][422]=-1.18e+12
dp[14][422]=-1.18e+12
dp[15][422]=-1.18e+12
dp[16][422]=-1.18e+12
dp[17][422]=-1.18e+12
dp[18][422]=-1.18e+12
dp[19][422]=-1.18e+12
dp[20][422]=-4.2e+11
Select best dp
Best k=9
dp[2][422]=99.7496
dp[3][422]=-1.3e+11
dp[4][422]=-2.5e+11
dp[5][422]=-3.6e+11
dp[6][422]=-4.8e+11
dp[7][422]=-4.8e+11
dp[8][422]=-5.9e+11
dp[9][422]=-5.9e+11
dp[10][422]=-5.9e+11
dp[11][422]=-5.9e+11
dp[12][422]=-5.9e+11
dp[13][422]=-5.9e+11
dp[14][422]=-5.9e+11
dp[15][422]=-5.9e+11
dp[16][422]=-5.9e+11
dp[17][422]=-5.9e+11
dp[18][422]=-5.9e+11
dp[19][422]=-5.9e+11
dp[20][422]=-2.1e+11
Select best dp
Best k=8
dp[2][422]=-127.059
dp[3][422]=-2.6e+11
dp[4][422]=-5e+11
dp[5][422]=-7.2e+11
dp[6][422]=-9.6e+11
dp[7][422]=-1.16e+12
dp[8][422]=-1.35e+12
dp[9][422]=-1.52e+12
dp[10][422]=-1.68e+12
dp[11][422]=-1.88e+12
dp[12][422]=-2.05e+12
dp[13][422]=-2.21e+12
dp[14][422]=-2.28e+12
dp[15][422]=-2.37e+12
dp[16][422]=-2.5e+12
dp[17][422]=-2.66e+12
dp[18][422]=-2.79e+12
dp[19][422]=-2.92e+12
dp[20][422]=-3.06e+12
Select best dp
Best k=20
dp[2][422]=-1932.94
dp[3][422]=-1.3e+11
dp[4][422]=-1.3e+11
dp[5][422]=-2.6e+11
dp[6][422]=-2.6e+11
dp[7][422]=-3.8e+11
dp[8][422]=-3.8e+11
dp[9][422]=-4.8e+11
dp[10][422]=-4.8e+11
dp[11][422]=-5.8e+11
dp[12][422]=-5.8e+11
dp[13][422]=-5.8e+11
dp[14][422]=-5.8e+11
dp[15][422]=-5.8e+11
dp[16][422]=-5.8e+11
dp[17][422]=-5.8e+11
dp[18][422]=-5.8e+11
dp[19][422]=-5.8e+11
dp[20][422]=-5.8e+11
Select best dp
Best k=13
Stratifying 3-th numerical feature ...
dp[2][422]=326.558
dp[3][422]=489.837
dp[4][422]=653.116
dp[5][422]=816.395
dp[6][422]=979.674
dp[7][422]=1142.95
dp[8][422]=1306.23
dp[9][422]=1469.51
dp[10][422]=1632.79
dp[11][422]=1796.07
dp[12][422]=1959.35
dp[13][422]=2122.63
dp[14][422]=2285.91
dp[15][422]=2449.19
dp[16][422]=2612.46
dp[17][422]=2775.74
dp[18][422]=2939.02
dp[19][422]=3102.3
dp[20][422]=3265.58
Select best dp
Best k=2
dp[2][422]=-580.676
dp[3][422]=-5.2e+11
dp[4][422]=-1e+12
dp[5][422]=-1.44e+12
dp[6][422]=-1.92e+12
dp[7][422]=-1.92e+12
dp[8][422]=-2.36e+12
dp[9][422]=-2.36e+12
dp[10][422]=-2.36e+12
dp[11][422]=-2.36e+12
dp[12][422]=-2.36e+12
dp[13][422]=-2.36e+12
dp[14][422]=-2.36e+12
dp[15][422]=-2.36e+12
dp[16][422]=-2.36e+12
dp[17][422]=-2.36e+12
dp[18][422]=-2.36e+12
dp[19][422]=-2.36e+12
dp[20][422]=-8.4e+11
Select best dp
Best k=14
dp[2][422]=-127.059
dp[3][422]=-2.6e+11
dp[4][422]=-5e+11
dp[5][422]=-7.2e+11
dp[2][422]=-127.059
dp[6][422]=-9.6e+11
dp[3][422]=-2.6e+11
dp[7][422]=-9.6e+11
dp[4][422]=-5e+11
dp[8][422]=-1.18e+12
dp[5][422]=-7.2e+11
dp[9][422]=-1.18e+12
dp[6][422]=-9.6e+11
dp[10][422]=-1.18e+12
dp[7][422]=-9.6e+11
dp[11][422]=-1.18e+12
dp[8][422]=-1.18e+12
dp[12][422]=-1.18e+12
dp[9][422]=-1.18e+12
dp[13][422]=-1.18e+12
dp[10][422]=-1.18e+12
dp[14][422]=-1.18e+12
dp[11][422]=-1.18e+12
dp[15][422]=-1.18e+12
dp[12][422]=-1.18e+12
dp[16][422]=-1.18e+12
dp[13][422]=-1.18e+12
dp[17][422]=-1.18e+12
dp[14][422]=-1.18e+12
dp[18][422]=-1.18e+12
dp[15][422]=-1.18e+12
dp[19][422]=-1.18e+12
dp[16][422]=-1.18e+12
dp[20][422]=-4.2e+11
dp[17][422]=-1.18e+12
Select best dp
dp[18][422]=-1.18e+12
Best k=9
dp[19][422]=-1.18e+12
dp[20][422]=-4.2e+11
Select best dp
Best k=9
dp[2][422]=113.631
dp[3][422]=-45.0712
dp[4][422]=-136.007
dp[5][422]=-167.782
dp[6][422]=-181.81
dp[7][422]=-185.789
dp[8][422]=-159.936
dp[9][422]=-135.7
dp[10][422]=-88.2344
dp[11][422]=-17.7837
dp[12][422]=54.0249
dp[13][422]=138.273
dp[14][422]=223.569
dp[15][422]=315.677
dp[16][422]=409.607
dp[17][422]=514.144
dp[18][422]=627.855
dp[19][422]=758.519
dp[20][422]=991.435
Select best dp
Best k=7
Stratifying 2-th numerical feature ...
dp[2][422]=-127.059
dp[3][422]=-2.6e+11
dp[4][422]=-5e+11
dp[5][422]=-7.2e+11
dp[6][422]=-9.6e+11
dp[7][422]=-1.16e+12
dp[8][422]=-1.35e+12
dp[9][422]=-1.52e+12
dp[10][422]=-1.68e+12
dp[11][422]=-1.88e+12
dp[12][422]=-2.05e+12
dp[13][422]=-2.21e+12
dp[14][422]=-2.21e+12
dp[15][422]=-2.37e+12
dp[16][422]=-2.5e+12
dp[17][422]=-2.66e+12
dp[18][422]=-2.79e+12
dp[19][422]=-2.92e+12
dp[20][422]=-3.05e+12
Select best dp
Best k=20
dp[2][422]=-1601.61
dp[3][422]=-1935.36
dp[4][422]=-2079.89
dp[5][422]=-2169.93
dp[6][422]=-2196.3
dp[7][422]=-2183.99
dp[8][422]=-2152.3
dp[9][422]=-2112.87
dp[10][422]=-2071
dp[11][422]=-1996.68
dp[12][422]=-1917.69
dp[13][422]=-1835.35
dp[14][422]=-1748.66
dp[15][422]=-1660.68
dp[16][422]=-1564
dp[17][422]=-1446.32
dp[18][422]=-1326.27
dp[19][422]=-1198.08
dp[20][422]=-960.106
Select best dp
Best k=6
Stratifying 3-th numerical feature ...
dp[2][422]=152.098
dp[3][422]=-2.6e+11
dp[4][422]=-5e+11
dp[5][422]=-7.2e+11
dp[6][422]=-9.6e+11
dp[7][422]=-9.6e+11
dp[8][422]=-1.18e+12
dp[9][422]=-1.18e+12
dp[10][422]=-1.18e+12
dp[11][422]=-1.18e+12
dp[12][422]=-1.18e+12
dp[13][422]=-1.18e+12
dp[14][422]=-1.18e+12
dp[15][422]=-1.18e+12
dp[16][422]=-1.18e+12
dp[17][422]=-1.18e+12
dp[18][422]=-1.18e+12
dp[19][422]=-1.18e+12
dp[20][422]=-4.2e+11
Select best dp
Best k=10
