Standardize ...
Stratifying 1-th numerical feature ...
Standardize ...
Stratifying 1-th numerical feature ...
Standardize ...
Stratifying 1-th numerical feature ...
Standardize ...
Stratifying 1-th numerical feature ...
Standardize ...
Stratifying 1-th numerical feature ...
Standardize ...
Stratifying 1-th numerical feature ...
Standardize ...
Stratifying 1-th numerical feature ...
Standardize ...
Stratifying 1-th numerical feature ...
Standardize ...
Stratifying 1-th numerical feature ...
Standardize ...
Stratifying 1-th numerical feature ...
Standardize ...
Stratifying 1-th numerical feature ...
Standardize ...
Stratifying 1-th numerical feature ...
Standardize ...
Stratifying 1-th numerical feature ...
Standardize ...
Stratifying 1-th numerical feature ...
dp[2][268]=-79.7814
dp[3][268]=-3.1e+11
dp[4][268]=-3.1e+11
dp[5][268]=-5.5e+11
dp[6][268]=-5.5e+11
dp[7][268]=-7.6e+11
dp[8][268]=-7.6e+11
dp[9][268]=-9.2e+11
dp[10][268]=-9.2e+11
dp[11][268]=-1.08e+12
dp[12][268]=-1.08e+12
dp[13][268]=-1.08e+12
dp[14][268]=-1.08e+12
dp[15][268]=-9.6e+11
dp[16][268]=-7.5e+11
Select best dp
Best k=11
Stratifying 2-th numerical feature ...
dp[2][268]=-79.7814
dp[3][268]=-3.1e+11
dp[4][268]=-3.1e+11
dp[5][268]=-5.5e+11
dp[6][268]=-5.5e+11
dp[7][268]=-7.6e+11
dp[8][268]=-7.6e+11
dp[9][268]=-9.2e+11
dp[10][268]=-9.2e+11
dp[11][268]=-1.08e+12
dp[12][268]=-1.08e+12
dp[13][268]=-1.08e+12
dp[14][268]=-1.08e+12
dp[15][268]=-9.6e+11
dp[16][268]=-7.5e+11
Select best dp
Best k=11
Stratifying 2-th numerical feature ...
dp[2][268]=-79.7814
dp[3][268]=-3.1e+11
dp[4][268]=-3.1e+11
dp[5][268]=-5.5e+11
dp[6][268]=-5.5e+11
dp[7][268]=-7.6e+11
dp[8][268]=-7.6e+11
dp[9][268]=-9.2e+11
dp[10][268]=-9.2e+11
dp[11][268]=-1.08e+12
dp[12][268]=-1.08e+12
dp[13][268]=-1.08e+12
dp[14][268]=-1.08e+12
dp[15][268]=-9.6e+11
dp[16][268]=-7.5e+11
Select best dp
Best k=11
Stratifying 2-th numerical feature ...
dp[2][268]=-79.7814
dp[3][268]=-3.1e+11
dp[4][268]=-3.1e+11
dp[5][268]=-5.5e+11
dp[6][268]=-5.5e+11
dp[7][268]=-7.6e+11
dp[8][268]=-7.6e+11
dp[9][268]=-9.7e+11
dp[10][268]=-9.7e+11
dp[11][268]=-1.13e+12
dp[12][268]=-1.13e+12
dp[13][268]=-1.28e+12
dp[14][268]=-1.28e+12
dp[15][268]=-1.38e+12
dp[16][268]=-1.38e+12
Select best dp
Best k=15
dp[2][268]=-79.7814
dp[3][268]=-3.1e+11
dp[4][268]=-3.1e+11
dp[5][268]=-5.5e+11
dp[6][268]=-5.5e+11
dp[7][268]=-5.5e+11
dp[8][268]=-5.5e+11
dp[9][268]=-5.5e+11
dp[10][268]=-5.5e+11
Select best dp
Best k=7
Stratifying 2-th numerical feature ...
Stratifying 2-th numerical feature ...
dp[2][268]=-6e+10
dp[3][268]=-3.1e+11
dp[4][268]=-3.7e+11
dp[5][268]=-5.5e+11
dp[6][268]=-6.2e+11
dp[7][268]=-7.6e+11
dp[8][268]=-8.3e+11
dp[9][268]=-9.7e+11
dp[10][268]=-1.04e+12
dp[11][268]=-1.13e+12
dp[12][268]=-1.2e+12
dp[13][268]=-1.28e+12
dp[14][268]=-1.35e+12
dp[15][268]=-1.41e+12
dp[16][268]=-1.44e+12
Select best dp
Best k=16
Stratifying 2-th numerical feature ...
dp[2][268]=-79.7814
dp[3][268]=-3.1e+11
dp[4][268]=-3.1e+11
dp[5][268]=-5.5e+11
dp[6][268]=-5.5e+11
dp[7][268]=-7.6e+11
dp[8][268]=-7.6e+11
dp[9][268]=-9.2e+11
dp[10][268]=-9.2e+11
dp[11][268]=-1.08e+12
dp[12][268]=-1.08e+12
dp[13][268]=-1.08e+12
dp[14][268]=-1.08e+12
dp[15][268]=-9.6e+11
dp[16][268]=-7.5e+11
Select best dp
Best k=11
Stratifying 2-th numerical feature ...
dp[2][268]=-483.606
dp[3][268]=-4.3e+11
dp[4][268]=-4.3e+11
dp[5][268]=-4.3e+11
dp[6][268]=-4.3e+11
dp[7][268]=-4.3e+11
dp[8][268]=-4.3e+11
dp[9][268]=-4.3e+11
dp[10][268]=-4.3e+11
dp[11][268]=-4.3e+11
dp[12][268]=-4.3e+11
dp[13][268]=-4.3e+11
dp[14][268]=-4.3e+11
dp[15][268]=-4.3e+11
dp[16][268]=-3.8e+11
Select best dp
Best k=6
Stratifying 3-th numerical feature ...
dp[2][268]=-483.606
dp[3][268]=-4.3e+11
dp[4][268]=-4.3e+11
dp[5][268]=-4.3e+11
dp[6][268]=-4.3e+11
dp[7][268]=-4.3e+11
dp[8][268]=-4.3e+11
dp[9][268]=-4.3e+11
dp[10][268]=-4.3e+11
dp[11][268]=-4.3e+11
dp[12][268]=-4.3e+11
dp[13][268]=-4.3e+11
dp[14][268]=-4.3e+11
dp[15][268]=-4.3e+11
dp[16][268]=-3.8e+11
Select best dp
Best k=6
dp[2][268]=212.599
dp[3][268]=318.899
dp[4][268]=425.198
dp[5][268]=531.498
dp[6][268]=637.797
dp[7][268]=744.097
Stratifying 3-th numerical feature ...
dp[8][268]=850.396
dp[9][268]=956.696
dp[10][268]=1063
dp[11][268]=1169.29
dp[12][268]=1275.59
dp[13][268]=1381.89
dp[14][268]=1488.19
dp[15][268]=1594.49
dp[16][268]=1700.79
Select best dp
Best k=2
dp[2][268]=66.4088
dp[3][268]=-1.55e+11
dp[4][268]=-1.55e+11
dp[5][268]=-2.75e+11
dp[6][268]=-2.75e+11
dp[7][268]=-3.8e+11
dp[8][268]=-3.8e+11
dp[9][268]=-4.6e+11
dp[10][268]=-4.6e+11
dp[11][268]=-5.4e+11
dp[12][268]=-5.4e+11
dp[13][268]=-5.4e+11
dp[14][268]=-5.4e+11
dp[15][268]=-4.8e+11
dp[16][268]=-3.75e+11
Select best dp
Best k=11
Stratifying 2-th numerical feature ...
Stratifying 2-th numerical feature ...
dp[2][268]=-79.7814
dp[3][268]=-3.1e+11
dp[4][268]=-3.1e+11
dp[5][268]=-5.5e+11
dp[6][268]=-5.5e+11
dp[7][268]=-7.6e+11
dp[8][268]=-7.6e+11
dp[9][268]=-9.2e+11
dp[10][268]=-9.2e+11
dp[11][268]=-1.08e+12
dp[12][268]=-1.08e+12
dp[13][268]=-1.08e+12
dp[14][268]=-1.08e+12
dp[15][268]=-9.6e+11
dp[16][268]=-7.5e+11
Select best dp
Best k=11
dp[2][268]=-372.162
dp[3][268]=-6.2e+11
dp[4][268]=-6.2e+11
dp[5][268]=-1.1e+12
dp[6][268]=-1.1e+12
dp[7][268]=-1.52e+12
dp[8][268]=-1.52e+12
dp[9][268]=-1.84e+12
dp[10][268]=-1.84e+12
dp[11][268]=-2.16e+12
dp[12][268]=-2.16e+12
dp[13][268]=-2.16e+12
dp[14][268]=-2.16e+12
dp[15][268]=-1.92e+12
dp[16][268]=-1.5e+12
Select best dp
Best k=12
Stratifying 2-th numerical feature ...
Stratifying 2-th numerical feature ...
dp[2][268]=-79.7814
dp[3][268]=-3.1e+11
dp[4][268]=-3.1e+11
dp[5][268]=-5.5e+11
dp[6][268]=-5.5e+11
dp[7][268]=-7.6e+11
dp[8][268]=-7.6e+11
dp[9][268]=-9.2e+11
dp[10][268]=-9.2e+11
dp[11][268]=-1.08e+12
dp[12][268]=-1.08e+12
dp[13][268]=-1.08e+12
dp[14][268]=-1.08e+12
dp[15][268]=-9.6e+11
dp[16][268]=-7.5e+11
Select best dp
Best k=11
Stratifying 2-th numerical feature ...
dp[2][268]=-483.606
dp[3][268]=-4.3e+11
dp[4][268]=-4.3e+11
dp[5][268]=-4.3e+11
dp[6][268]=-4.3e+11
dp[7][268]=-4.3e+11
dp[8][268]=-4.3e+11
dp[9][268]=-4.3e+11
dp[10][268]=-4.3e+11
dp[11][268]=-4.3e+11
dp[12][268]=-4.3e+11
dp[13][268]=-4.3e+11
dp[14][268]=-4.3e+11
dp[15][268]=-4.3e+11
dp[16][268]=-3.8e+11
Select best dp
Best k=6
Stratifying 3-th numerical feature ...
dp[2][268]=-79.7814
dp[3][268]=-3.1e+11
dp[4][268]=-3.1e+11
dp[5][268]=-5.5e+11
dp[6][268]=-5.5e+11
dp[7][268]=-7.6e+11
dp[8][268]=-7.6e+11
dp[9][268]=-9.7e+11
dp[10][268]=-9.7e+11
dp[11][268]=-1.13e+12
dp[12][268]=-1.13e+12
dp[13][268]=-1.28e+12
dp[14][268]=-1.28e+12
dp[15][268]=-1.38e+12
dp[16][268]=-1.38e+12
Select best dp
Best k=15
Stratifying 2-th numerical feature ...
dp[2][268]=-483.606
dp[3][268]=-4.3e+11
dp[4][268]=-4.3e+11
dp[5][268]=-4.3e+11
dp[6][268]=-4.3e+11
dp[7][268]=-4.3e+11
dp[8][268]=-4.3e+11
dp[9][268]=-4.3e+11
dp[10][268]=-4.3e+11
Select best dp
Best k=6
Stratifying 3-th numerical feature ...
dp[2][268]=-483.606
dp[3][268]=-4.3e+11
dp[4][268]=-4.3e+11
dp[5][268]=-4.3e+11
dp[6][268]=-4.3e+11
dp[7][268]=-4.3e+11
dp[8][268]=-4.3e+11
dp[9][268]=-4.3e+11
dp[10][268]=-4.3e+11
dp[11][268]=-4.3e+11
dp[12][268]=-4.3e+11
dp[13][268]=-4.3e+11
dp[14][268]=-4.3e+11
dp[15][268]=-4.3e+11
dp[16][268]=-4.3e+11
Select best dp
Best k=6
Stratifying 3-th numerical feature ...
dp[2][268]=-76.5398
dp[3][268]=-4.4e+11
dp[4][268]=-8.1e+11
dp[5][268]=-1.16e+12
dp[6][268]=-1.43e+12
dp[7][268]=-1.75e+12
dp[8][268]=-1.92e+12
dp[9][268]=-2.13e+12
dp[10][268]=-2.13e+12
dp[11][268]=-2.13e+12
dp[12][268]=-2.13e+12
dp[13][268]=-2.13e+12
dp[14][268]=-2.13e+12
dp[15][268]=-1.97e+12
dp[16][268]=-1.53e+12
Select best dp
Best k=9
Stratifying 4-th numerical feature ...
dp[2][268]=-76.5398
dp[3][268]=-4.4e+11
dp[4][268]=-8.1e+11
dp[5][268]=-1.16e+12
dp[6][268]=-1.43e+12
dp[7][268]=-1.75e+12
dp[8][268]=-1.92e+12
dp[9][268]=-2.13e+12
dp[10][268]=-2.13e+12
dp[11][268]=-2.13e+12
dp[12][268]=-2.13e+12
dp[13][268]=-2.13e+12
dp[14][268]=-2.13e+12
dp[15][268]=-1.97e+12
dp[16][268]=-1.53e+12
Select best dp
Best k=9
Stratifying 4-th numerical feature ...
dp[2][268]=-483.606
dp[3][268]=-4.3e+11
dp[4][268]=-4.3e+11
dp[5][268]=-4.3e+11
dp[6][268]=-4.3e+11
dp[7][268]=-4.3e+11
dp[8][268]=-4.3e+11
dp[9][268]=-4.3e+11
dp[10][268]=-4.3e+11
dp[11][268]=-4.3e+11
dp[12][268]=-4.3e+11
dp[13][268]=-4.3e+11
dp[14][268]=-4.3e+11
dp[15][268]=-4.3e+11
dp[16][268]=-4.3e+11
Select best dp
Best k=6
Stratifying 3-th numerical feature ...
dp[2][268]=-42.7698
dp[3][268]=-3.1e+11
dp[4][268]=-3.1e+11
dp[5][268]=-5.5e+11
dp[6][268]=-5.5e+11
dp[7][268]=-7.6e+11
dp[8][268]=-7.6e+11
dp[9][268]=-9.2e+11
dp[10][268]=-9.2e+11
dp[11][268]=-1.08e+12
dp[12][268]=-1.08e+12
dp[13][268]=-1.08e+12
dp[14][268]=-1.08e+12
dp[15][268]=-9.6e+11
dp[16][268]=-7.5e+11
Select best dp
Best k=11
Stratifying 2-th numerical feature ...
dp[2][268]=-76.5398
dp[3][268]=-4.4e+11
dp[4][268]=-8.1e+11
dp[5][268]=-1.16e+12
dp[6][268]=-1.43e+12
dp[7][268]=-1.75e+12
dp[8][268]=-1.92e+12
dp[9][268]=-2.13e+12
dp[10][268]=-2.13e+12
dp[11][268]=-2.13e+12
dp[12][268]=-2.13e+12
dp[13][268]=-2.13e+12
dp[14][268]=-2.13e+12
dp[15][268]=-1.97e+12
dp[16][268]=-1.53e+12
Select best dp
Best k=9
Stratifying 4-th numerical feature ...
dp[2][268]=-483.606
dp[3][268]=-4.3e+11
dp[4][268]=-4.3e+11
dp[5][268]=-4.3e+11
dp[6][268]=-4.3e+11
dp[7][268]=-4.3e+11
dp[8][268]=-4.3e+11
dp[9][268]=-4.3e+11
dp[10][268]=-4.3e+11
dp[11][268]=-4.3e+11
dp[12][268]=-4.3e+11
dp[13][268]=-4.3e+11
dp[14][268]=-4.3e+11
dp[15][268]=-4.3e+11
dp[16][268]=-3.8e+11
Select best dp
Best k=6
Stratifying 3-th numerical feature ...
dp[2][268]=-21.5732
dp[3][268]=-2.3e+11
dp[4][268]=-2.3e+11
dp[5][268]=-2.3e+11
dp[6][268]=-2.3e+11
dp[7][268]=-2.3e+11
dp[8][268]=-2.3e+11
dp[9][268]=-2.3e+11
dp[10][268]=-2.3e+11
dp[11][268]=-2.3e+11
dp[12][268]=-2.3e+11
dp[13][268]=-2.3e+11
dp[14][268]=-2.3e+11
dp[15][268]=-2.3e+11
dp[16][268]=-1.9e+11
Select best dp
Best k=6
Stratifying 5-th numerical feature ...
dp[2][268]=-21.5732
dp[3][268]=-2.3e+11
dp[4][268]=-2.3e+11
dp[5][268]=-2.3e+11
dp[6][268]=-2.3e+11
dp[7][268]=-2.3e+11
dp[8][268]=-2.3e+11
dp[9][268]=-2.3e+11
dp[10][268]=-2.3e+11
dp[11][268]=-2.3e+11
dp[12][268]=-2.3e+11
dp[13][268]=-2.3e+11
dp[14][268]=-2.3e+11
dp[15][268]=-2.3e+11
dp[16][268]=-1.9e+11
Select best dp
Best k=6
Stratifying 5-th numerical feature ...
dp[2][268]=-135.503
dp[3][268]=-2.15e+11
dp[4][268]=-2.15e+11
dp[5][268]=-2.15e+11
dp[6][268]=-2.15e+11
dp[7][268]=-2.15e+11
dp[8][268]=-2.15e+11
dp[9][268]=-2.15e+11
dp[10][268]=-2.15e+11
dp[11][268]=-2.15e+11
dp[12][268]=-2.15e+11
dp[13][268]=-2.15e+11
dp[14][268]=-2.15e+11
dp[15][268]=-2.15e+11
dp[16][268]=-1.9e+11
Select best dp
Best k=4
dp[2][268]=212.599
dp[3][268]=318.899
dp[4][268]=425.198
dp[5][268]=531.498
dp[6][268]=637.797
dp[7][268]=744.097
dp[8][268]=850.396
dp[9][268]=956.696
dp[10][268]=1063
dp[11][268]=1169.29
dp[12][268]=1275.59
dp[13][268]=1381.89
dp[14][268]=1488.19
dp[15][268]=1594.49
dp[16][268]=1700.79
Select best dp
Best k=2
Stratifying 3-th numerical feature ...
Stratifying 3-th numerical feature ...
dp[2][268]=-483.606
dp[3][268]=-4.3e+11
dp[4][268]=-4.3e+11
dp[5][268]=-4.3e+11
dp[6][268]=-4.3e+11
dp[7][268]=-4.3e+11
dp[8][268]=-4.3e+11
dp[9][268]=-4.3e+11
dp[10][268]=-4.3e+11
dp[11][268]=-4.3e+11
dp[12][268]=-4.3e+11
dp[13][268]=-4.3e+11
dp[14][268]=-4.3e+11
dp[15][268]=-4.3e+11
dp[16][268]=-3.8e+11
Select best dp
Best k=6
dp[2][268]=-1179.81
dp[3][268]=-8.6e+11
dp[4][268]=-8.6e+11
dp[5][268]=-8.6e+11
dp[6][268]=-8.6e+11
dp[2][268]=-76.5398
dp[7][268]=-8.6e+11
dp[3][268]=-4.4e+11
dp[4][268]=-8.1e+11
dp[8][268]=-8.6e+11
dp[5][268]=-1.16e+12
dp[9][268]=-8.6e+11
dp[6][268]=-1.43e+12
Stratifying 3-th numerical feature ...
dp[7][268]=-1.75e+12
dp[10][268]=-8.6e+11
dp[8][268]=-1.92e+12
dp[11][268]=-8.6e+11
dp[9][268]=-2.13e+12
dp[10][268]=-2.25e+12
dp[12][268]=-8.6e+11
dp[11][268]=-2.33e+12
dp[12][268]=-2.45e+12
dp[13][268]=-8.6e+11
dp[13][268]=-2.45e+12
dp[14][268]=-2.45e+12
dp[14][268]=-8.6e+11
dp[15][268]=-2.45e+12
dp[16][268]=-2.45e+12
dp[15][268]=-8.6e+11
Select best dp
Best k=12
dp[16][268]=-7.6e+11
Select best dp
Best k=9
Stratifying 4-th numerical feature ...
Stratifying 3-th numerical feature ...
dp[2][268]=-483.606
dp[3][268]=-4.3e+11
dp[4][268]=-4.3e+11
dp[5][268]=-4.3e+11
dp[6][268]=-4.3e+11
dp[7][268]=-4.3e+11
dp[8][268]=-4.3e+11
dp[9][268]=-4.3e+11
dp[10][268]=-4.3e+11
dp[11][268]=-4.3e+11
dp[12][268]=-4.3e+11
dp[13][268]=-4.3e+11
dp[14][268]=-4.3e+11
dp[15][268]=-4.3e+11
dp[16][268]=-3.8e+11
Select best dp
Best k=6
Stratifying 3-th numerical feature ...
dp[2][268]=-76.5398
dp[3][268]=-4.4e+11
dp[4][268]=-8.1e+11
dp[5][268]=-1.16e+12
dp[6][268]=-1.43e+12
dp[7][268]=-1.71e+12
dp[8][268]=-1.71e+12
dp[9][268]=-1.71e+12
dp[10][268]=-1.47e+12
Select best dp
Best k=8
Stratifying 4-th numerical feature ...
dp[2][268]=-21.5732
dp[3][268]=-2.3e+11
dp[4][268]=-2.3e+11
dp[5][268]=-2.3e+11
dp[6][268]=-2.3e+11
dp[7][268]=-2.3e+11
dp[8][268]=-2.3e+11
dp[9][268]=-2.3e+11
dp[10][268]=-2.3e+11
dp[11][268]=-2.3e+11
dp[12][268]=-2.3e+11
dp[13][268]=-2.3e+11
dp[14][268]=-2.3e+11
dp[15][268]=-2.3e+11
dp[16][268]=-1.9e+11
Select best dp
Best k=6
Stratifying 5-th numerical feature ...
dp[2][268]=-76.5398
dp[3][268]=-4.4e+11
dp[4][268]=-8.1e+11
dp[5][268]=-1.16e+12
dp[6][268]=-1.43e+12
dp[7][268]=-1.75e+12
dp[8][268]=-1.92e+12
dp[9][268]=-2.13e+12
dp[10][268]=-2.28e+12
dp[11][268]=-2.39e+12
dp[12][268]=-2.54e+12
dp[13][268]=-2.54e+12
dp[14][268]=-2.54e+12
dp[15][268]=-2.54e+12
dp[16][268]=-2.54e+12
Select best dp
Best k=12
Stratifying 4-th numerical feature ...
dp[2][268]=-412.415
dp[3][268]=-4.6e+11
dp[4][268]=-7.5e+11
dp[5][268]=-1.03e+12
dp[6][268]=-1.26e+12
dp[7][268]=-1.26e+12
dp[8][268]=-1.45e+12
dp[9][268]=-1.6e+12
dp[10][268]=-1.6e+12
dp[11][268]=-1.6e+12
dp[12][268]=-1.6e+12
dp[13][268]=-1.6e+12
dp[14][268]=-1.44e+12
dp[15][268]=-1.28e+12
dp[16][268]=-1.04e+12
Select best dp
Best k=10
Stratifying 6-th numerical feature ...
dp[2][268]=-412.415
dp[3][268]=-4.6e+11
dp[4][268]=-7.5e+11
dp[5][268]=-1.03e+12
dp[6][268]=-1.26e+12
dp[7][268]=-1.26e+12
dp[8][268]=-1.45e+12
dp[9][268]=-1.6e+12
dp[10][268]=-1.6e+12
dp[11][268]=-1.6e+12
dp[12][268]=-1.6e+12
dp[13][268]=-1.6e+12
dp[14][268]=-1.44e+12
dp[15][268]=-1.28e+12
dp[16][268]=-1.04e+12
Select best dp
Best k=10
Stratifying 6-th numerical feature ...
dp[2][268]=-483.606
dp[3][268]=-4.3e+11
dp[4][268]=-4.3e+11
dp[5][268]=-4.3e+11
dp[6][268]=-4.3e+11
dp[7][268]=-4.3e+11
dp[8][268]=-4.3e+11
dp[9][268]=-4.3e+11
dp[10][268]=-4.3e+11
dp[11][268]=-4.3e+11
dp[12][268]=-4.3e+11
dp[13][268]=-4.3e+11
dp[14][268]=-4.3e+11
dp[15][268]=-4.3e+11
dp[16][268]=-4.3e+11
Select best dp
Best k=6
Stratifying 3-th numerical feature ...
dp[2][268]=-412.415
dp[3][268]=-4.6e+11
dp[4][268]=-7.5e+11
dp[5][268]=-1.03e+12
dp[6][268]=-1.26e+12
dp[7][268]=-1.26e+12
dp[8][268]=-1.45e+12
dp[9][268]=-1.6e+12
dp[10][268]=-1.6e+12
dp[11][268]=-1.6e+12
dp[12][268]=-1.6e+12
dp[13][268]=-1.6e+12
dp[14][268]=-1.44e+12
dp[15][268]=-1.28e+12
dp[16][268]=-1.04e+12
Select best dp
Best k=10
Stratifying 6-th numerical feature ...
dp[2][268]=-424.575
dp[3][268]=-4.3e+11
dp[4][268]=-4.3e+11
dp[5][268]=-4.3e+11
dp[6][268]=-4.3e+11
dp[7][268]=-4.3e+11
dp[8][268]=-4.3e+11
dp[9][268]=-4.3e+11
dp[10][268]=-4.3e+11
dp[11][268]=-4.3e+11
dp[12][268]=-4.3e+11
dp[13][268]=-4.3e+11
dp[14][268]=-4.3e+11
dp[15][268]=-4.3e+11
dp[16][268]=-3.8e+11
Select best dp
Best k=7
Stratifying 3-th numerical feature ...
dp[2][268]=-21.5732
dp[3][268]=-2.3e+11
dp[4][268]=-2.3e+11
dp[5][268]=-2.3e+11
dp[6][268]=-2.3e+11
dp[7][268]=-2.3e+11
dp[8][268]=-2.3e+11
dp[9][268]=-2.3e+11
dp[10][268]=-2.3e+11
dp[11][268]=-2.3e+11
dp[12][268]=-2.3e+11
dp[13][268]=-2.3e+11
dp[14][268]=-2.3e+11
dp[15][268]=-2.3e+11
dp[16][268]=-2.3e+11
Select best dp
Best k=6
Stratifying 5-th numerical feature ...
dp[2][268]=-76.5398
dp[3][268]=-4.4e+11
dp[4][268]=-8.1e+11
dp[5][268]=-1.16e+12
dp[6][268]=-1.43e+12
dp[7][268]=-1.75e+12
dp[8][268]=-1.92e+12
dp[9][268]=-2.13e+12
dp[10][268]=-2.13e+12
dp[11][268]=-2.13e+12
dp[12][268]=-2.13e+12
dp[13][268]=-2.13e+12
dp[14][268]=-2.13e+12
dp[15][268]=-1.97e+12
dp[16][268]=-1.53e+12
Select best dp
Best k=9
Stratifying 4-th numerical feature ...
dp[2][268]=-21.5732
dp[3][268]=-229.065
dp[4][268]=-323.153
dp[5][268]=-401.69
dp[6][268]=-401.371
dp[7][268]=-400.467
dp[8][268]=-381.032
dp[9][268]=-345.412
dp[10][268]=-293.228
Select best dp
Best k=5
Stratifying 5-th numerical feature ...
dp[2][268]=-21.1655
dp[3][268]=-3.7e+11
dp[4][268]=-7.1e+11
dp[5][268]=-8.9e+11
dp[6][268]=-1.09e+12
dp[7][268]=-1.41e+12
dp[8][268]=-1.41e+12
dp[9][268]=-1.68e+12
dp[10][268]=-1.68e+12
dp[11][268]=-1.68e+12
dp[12][268]=-1.68e+12
dp[13][268]=-1.68e+12
dp[14][268]=-1.68e+12
dp[15][268]=-1.67e+12
dp[16][268]=-1.35e+12
Select best dp
Best k=9
Stratifying 7-th numerical feature ...
dp[2][268]=-21.1655
dp[3][268]=-3.7e+11
dp[4][268]=-7.1e+11
dp[5][268]=-8.9e+11
dp[6][268]=-1.09e+12
dp[7][268]=-1.41e+12
dp[8][268]=-1.41e+12
dp[9][268]=-1.68e+12
dp[10][268]=-1.68e+12
dp[11][268]=-1.68e+12
dp[12][268]=-1.68e+12
dp[13][268]=-1.68e+12
dp[14][268]=-1.68e+12
dp[15][268]=-1.67e+12
dp[16][268]=-1.35e+12
Select best dp
Best k=9
Stratifying 7-th numerical feature ...
dp[2][268]=212.599
dp[3][268]=318.899
dp[4][268]=425.198
dp[5][268]=531.498
dp[6][268]=637.797
dp[7][268]=744.097
dp[8][268]=850.396
dp[9][268]=956.696
dp[10][268]=1063
dp[11][268]=1169.29
dp[12][268]=1275.59
dp[13][268]=1381.89
dp[14][268]=1488.19
dp[15][268]=1594.49
dp[16][268]=1700.79
Select best dp
Best k=2
dp[2][268]=68.0296
dp[3][268]=-2.2e+11
dp[4][268]=-4.05e+11
dp[5][268]=-5.8e+11
dp[6][268]=-7.15e+11
dp[7][268]=-8.75e+11
dp[8][268]=-9.6e+11
dp[9][268]=-1.065e+12
dp[10][268]=-1.065e+12
dp[11][268]=-1.065e+12
dp[12][268]=-1.065e+12
dp[13][268]=-1.065e+12
dp[14][268]=-1.065e+12
dp[15][268]=-9.85e+11
dp[16][268]=-7.65e+11
Select best dp
Best k=9
Stratifying 4-th numerical feature ...
Stratifying 4-th numerical feature ...
dp[2][268]=-76.5398
dp[3][268]=-4.4e+11
dp[4][268]=-8.1e+11
dp[5][268]=-1.16e+12
dp[6][268]=-1.43e+12
dp[7][268]=-1.75e+12
dp[8][268]=-1.92e+12
dp[9][268]=-2.13e+12
dp[10][268]=-2.13e+12
dp[11][268]=-2.13e+12
dp[12][268]=-2.13e+12
dp[13][268]=-2.13e+12
dp[14][268]=-2.13e+12
dp[15][268]=-1.97e+12
dp[16][268]=-1.53e+12
Select best dp
Best k=9
Stratifying 4-th numerical feature ...
dp[2][268]=-76.5398
dp[3][268]=-4.4e+11
dp[4][268]=-8.1e+11
dp[5][268]=-1.16e+12
dp[6][268]=-1.43e+12
dp[7][268]=-1.75e+12
dp[8][268]=-1.92e+12
dp[9][268]=-2.13e+12
dp[10][268]=-2.13e+12
dp[11][268]=-2.13e+12
dp[12][268]=-2.13e+12
dp[13][268]=-2.13e+12
dp[14][268]=-2.13e+12
dp[15][268]=-1.97e+12
dp[16][268]=-1.53e+12
Select best dp
Best k=9
Stratifying 4-th numerical feature ...
dp[2][268]=-365.679
dp[3][268]=-8.8e+11
dp[4][268]=-1.62e+12
dp[5][268]=-2.32e+12
dp[6][268]=-2.86e+12
dp[7][268]=-3.5e+12
dp[8][268]=-3.84e+12
dp[9][268]=-4.26e+12
dp[10][268]=-4.26e+12
dp[11][268]=-4.26e+12
dp[12][268]=-4.26e+12
dp[13][268]=-4.26e+12
dp[14][268]=-4.26e+12
dp[15][268]=-3.94e+12
dp[16][268]=-3.06e+12
Select best dp
Best k=9
dp[2][268]=-21.5732
dp[3][268]=-2.3e+11
dp[4][268]=-2.3e+11
dp[5][268]=-2.3e+11
dp[6][268]=-2.3e+11
dp[7][268]=-2.3e+11
dp[8][268]=-2.3e+11
dp[9][268]=-2.3e+11
dp[10][268]=-2.3e+11
dp[11][268]=-2.3e+11
dp[12][268]=-2.3e+11
dp[13][268]=-2.3e+11
dp[14][268]=-2.3e+11
dp[15][268]=-2.3e+11
dp[16][268]=-2.3e+11
Select best dp
Best k=6
Stratifying 4-th numerical feature ...
Stratifying 5-th numerical feature ...
dp[2][268]=-21.1655
dp[3][268]=-3.7e+11
dp[4][268]=-7.1e+11
dp[5][268]=-8.9e+11
dp[6][268]=-1.09e+12
dp[7][268]=-1.41e+12
dp[8][268]=-1.41e+12
dp[9][268]=-1.68e+12
dp[10][268]=-1.68e+12
dp[11][268]=-1.68e+12
dp[12][268]=-1.68e+12
dp[13][268]=-1.68e+12
dp[14][268]=-1.68e+12
dp[15][268]=-1.67e+12
dp[16][268]=-1.35e+12
Select best dp
Best k=9
Stratifying 7-th numerical feature ...
dp[2][268]=-412.415
dp[3][268]=-4.6e+11
dp[4][268]=-7.5e+11
dp[5][268]=-1.03e+12
dp[6][268]=-1.26e+12
dp[7][268]=-1.36e+12
dp[8][268]=-1.57e+12
dp[9][268]=-1.76e+12
dp[10][268]=-1.85e+12
dp[11][268]=-1.85e+12
dp[12][268]=-1.94e+12
dp[13][268]=-1.94e+12
dp[14][268]=-1.99e+12
dp[15][268]=-1.99e+12
dp[16][268]=-1.99e+12
Select best dp
Best k=14
Stratifying 6-th numerical feature ...
dp[2][268]=-205.784
dp[3][268]=-322.232
dp[4][268]=-367.898
dp[5][268]=-414.99
dp[6][268]=-419.043
dp[7][268]=-411.558
dp[8][268]=-384.313
dp[9][268]=-351.862
dp[10][268]=-305.438
dp[11][268]=-252.499
dp[12][268]=-189.292
dp[13][268]=-122.669
dp[14][268]=-49.1385
dp[15][268]=26.1779
dp[16][268]=105.715
Select best dp
Best k=6
dp[2][268]=-205.784
dp[3][268]=-322.232
dp[4][268]=-367.898
dp[5][268]=-414.99
dp[6][268]=-419.043
dp[7][268]=-411.558
dp[8][268]=-384.313
dp[9][268]=-351.862
dp[10][268]=-305.438
dp[11][268]=-252.499
dp[12][268]=-189.292
dp[13][268]=-122.669
dp[14][268]=-49.1385
dp[15][268]=26.1779
dp[16][268]=105.715
Select best dp
Best k=6
dp[2][268]=-412.415
dp[3][268]=-4.6e+11
dp[4][268]=-7.5e+11
dp[5][268]=-1.03e+12
dp[6][268]=-1.03e+12
dp[7][268]=-1.03e+12
dp[8][268]=-1.03e+12
dp[9][268]=-1.03e+12
dp[10][268]=-9.9e+11
Select best dp
Best k=8
Stratifying 6-th numerical feature ...
dp[2][268]=-205.784
dp[3][268]=-322.232
dp[4][268]=-367.898
dp[5][268]=-414.99
dp[6][268]=-419.043
dp[7][268]=-411.558
dp[8][268]=-384.313
dp[9][268]=-351.862
dp[10][268]=-305.438
dp[11][268]=-252.499
dp[12][268]=-189.292
dp[13][268]=-122.669
dp[14][268]=-49.1385
dp[15][268]=26.1779
dp[16][268]=105.715
Select best dp
Best k=6
dp[2][268]=-33.1744
dp[3][268]=-4.4e+11
dp[4][268]=-8.1e+11
dp[5][268]=-1.16e+12
dp[6][268]=-1.43e+12
dp[7][268]=-1.75e+12
dp[8][268]=-1.92e+12
dp[9][268]=-2.13e+12
dp[10][268]=-2.13e+12
dp[11][268]=-2.13e+12
dp[12][268]=-2.13e+12
dp[13][268]=-2.13e+12
dp[14][268]=-2.13e+12
dp[15][268]=-1.97e+12
dp[16][268]=-1.53e+12
Select best dp
Best k=9
Stratifying 4-th numerical feature ...
dp[2][268]=-76.5398
dp[3][268]=-4.4e+11
dp[4][268]=-8.1e+11
dp[5][268]=-1.16e+12
dp[6][268]=-1.43e+12
dp[7][268]=-1.75e+12
dp[8][268]=-1.92e+12
dp[9][268]=-2.13e+12
dp[10][268]=-2.23e+12
dp[11][268]=-2.29e+12
dp[12][268]=-2.39e+12
dp[13][268]=-2.39e+12
dp[14][268]=-2.39e+12
dp[15][268]=-2.39e+12
dp[16][268]=-2.39e+12
Select best dp
Best k=12
dp[2][268]=-412.415
dp[3][268]=-4.6e+11
dp[4][268]=-7.5e+11
dp[5][268]=-1.03e+12
dp[6][268]=-1.26e+12
dp[7][268]=-1.36e+12
dp[8][268]=-1.57e+12
dp[9][268]=-1.76e+12
dp[10][268]=-1.85e+12
dp[11][268]=-1.9e+12
dp[12][268]=-1.96e+12
dp[13][268]=-2.04e+12
dp[14][268]=-2.06e+12
dp[15][268]=-2.15e+12
dp[16][268]=-2.15e+12
Select best dp
Best k=15
Stratifying 6-th numerical feature ...
Stratifying 4-th numerical feature ...
dp[2][268]=-21.5732
dp[3][268]=-2.3e+11
dp[4][268]=-2.3e+11
dp[5][268]=-2.3e+11
dp[6][268]=-2.3e+11
dp[7][268]=-2.3e+11
dp[8][268]=-2.3e+11
dp[9][268]=-2.3e+11
dp[10][268]=-2.3e+11
dp[11][268]=-2.3e+11
dp[12][268]=-2.3e+11
dp[13][268]=-2.3e+11
dp[14][268]=-2.3e+11
dp[15][268]=-2.3e+11
dp[16][268]=-1.9e+11
Select best dp
Best k=6
Stratifying 5-th numerical feature ...
dp[2][268]=212.599
dp[3][268]=318.899
dp[4][268]=425.198
dp[5][268]=531.498
dp[6][268]=637.797
dp[7][268]=744.097
dp[8][268]=850.396
dp[9][268]=956.696
dp[10][268]=1063
dp[11][268]=1169.29
dp[12][268]=1275.59
dp[13][268]=1381.89
dp[14][268]=1488.19
dp[15][268]=1594.49
dp[16][268]=1700.79
Select best dp
Best k=2
Stratifying 5-th numerical feature ...
dp[2][268]=-21.1655
dp[3][268]=-3.7e+11
dp[4][268]=-7.1e+11
dp[5][268]=-7.1e+11
dp[6][268]=-1.03e+12
dp[7][268]=-1.03e+12
dp[8][268]=-1.22e+12
dp[9][268]=-1.21e+12
dp[10][268]=-1.11e+12
Select best dp
Best k=8
Stratifying 7-th numerical feature ...
dp[2][268]=95.5129
dp[3][268]=-1.15e+11
dp[4][268]=-1.15e+11
dp[5][268]=-1.15e+11
dp[6][268]=-1.15e+11
dp[7][268]=-1.15e+11
dp[8][268]=-1.15e+11
dp[9][268]=-1.15e+11
dp[10][268]=-1.15e+11
dp[11][268]=-1.15e+11
dp[12][268]=-1.15e+11
dp[13][268]=-1.15e+11
dp[14][268]=-1.15e+11
dp[15][268]=-1.15e+11
dp[16][268]=-9.5e+10
Select best dp
Best k=3
Stratifying 5-th numerical feature ...
dp[2][268]=-21.5732
dp[3][268]=-2.3e+11
dp[4][268]=-2.3e+11
dp[5][268]=-2.3e+11
dp[6][268]=-2.3e+11
dp[7][268]=-2.3e+11
dp[8][268]=-2.3e+11
dp[9][268]=-2.3e+11
dp[10][268]=-2.3e+11
dp[11][268]=-2.3e+11
dp[12][268]=-2.3e+11
dp[13][268]=-2.3e+11
dp[14][268]=-2.3e+11
dp[15][268]=-2.3e+11
dp[16][268]=-1.9e+11
Select best dp
Best k=6
Stratifying 5-th numerical feature ...
dp[2][268]=-21.5732
dp[3][268]=-2.3e+11
dp[4][268]=-2.3e+11
dp[5][268]=-2.3e+11
dp[6][268]=-2.3e+11
dp[7][268]=-2.3e+11
dp[8][268]=-2.3e+11
dp[9][268]=-2.3e+11
dp[10][268]=-2.3e+11
dp[11][268]=-2.3e+11
dp[12][268]=-2.3e+11
dp[13][268]=-2.3e+11
dp[14][268]=-2.3e+11
dp[15][268]=-2.3e+11
dp[16][268]=-1.9e+11
Select best dp
Best k=6
dp[2][268]=-21.1655
dp[3][268]=-3.7e+11
dp[4][268]=-7.1e+11
dp[5][268]=-8.9e+11
dp[6][268]=-1.14e+12
dp[7][268]=-1.41e+12
dp[8][268]=-1.54e+12
dp[9][268]=-1.84e+12
dp[10][268]=-1.95e+12
dp[11][268]=-2.07e+12
dp[12][268]=-2.18e+12
dp[13][268]=-2.28e+12
dp[14][268]=-2.28e+12
dp[15][268]=-2.28e+12
dp[16][268]=-2.28e+12
Select best dp
Best k=13
dp[2][268]=-255.745
dp[3][268]=-4.6e+11
dp[4][268]=-4.6e+11
dp[5][268]=-4.6e+11
dp[6][268]=-4.6e+11
dp[7][268]=-4.6e+11
dp[8][268]=-4.6e+11
dp[9][268]=-4.6e+11
dp[10][268]=-4.6e+11
dp[11][268]=-4.6e+11
dp[12][268]=-4.6e+11
dp[13][268]=-4.6e+11
dp[14][268]=-4.6e+11
dp[15][268]=-4.6e+11
dp[16][268]=-3.8e+11
Select best dp
Stratifying 5-th numerical feature ...
Best k=12
Stratifying 7-th numerical feature ...
Stratifying 5-th numerical feature ...
dp[2][268]=-205.784
dp[3][268]=-322.232
dp[4][268]=-367.898
dp[5][268]=-414.99
dp[6][268]=-419.043
dp[7][268]=-402.094
dp[8][268]=-374.849
dp[9][268]=-327.515
dp[10][268]=-243.826
Select best dp
Best k=6
dp[2][268]=-99.9081
dp[3][268]=-2.3e+11
dp[4][268]=-3.75e+11
dp[5][268]=-5.15e+11
dp[6][268]=-6.3e+11
dp[7][268]=-6.3e+11
dp[8][268]=-7.25e+11
dp[9][268]=-8e+11
dp[10][268]=-8e+11
dp[11][268]=-8e+11
dp[12][268]=-8e+11
dp[13][268]=-8e+11
dp[14][268]=-7.2e+11
dp[15][268]=-6.4e+11
dp[16][268]=-5.2e+11
Select best dp
Best k=9
Stratifying 6-th numerical feature ...
dp[2][268]=-1037.43
dp[3][268]=-9.2e+11
dp[4][268]=-1.5e+12
dp[5][268]=-2.06e+12
dp[6][268]=-2.52e+12
dp[7][268]=-2.52e+12
dp[8][268]=-2.9e+12
dp[9][268]=-3.2e+12
dp[10][268]=-3.2e+12
dp[11][268]=-3.2e+12
dp[12][268]=-3.2e+12
dp[13][268]=-3.2e+12
dp[14][268]=-2.88e+12
dp[15][268]=-2.56e+12
dp[16][268]=-2.08e+12
Select best dp
Best k=12
Stratifying 6-th numerical feature ...
dp[2][268]=-21.1655
dp[3][268]=-3.7e+11
dp[4][268]=-7.1e+11
dp[5][268]=-8.9e+11
dp[6][268]=-1.14e+12
dp[7][268]=-1.41e+12
dp[8][268]=-1.54e+12
dp[9][268]=-1.84e+12
dp[10][268]=-1.95e+12
dp[11][268]=-2.07e+12
dp[12][268]=-2.18e+12
dp[13][268]=-2.28e+12
dp[14][268]=-2.33e+12
dp[15][268]=-2.4e+12
dp[16][268]=-2.4e+12
Select best dp
Best k=15
Stratifying 7-th numerical feature ...
dp[2][268]=-205.784
dp[3][268]=-322.232
dp[4][268]=-367.898
dp[5][268]=-414.99
dp[6][268]=-419.043
dp[7][268]=-413.624
dp[8][268]=-386.379
dp[9][268]=-353.928
dp[10][268]=-307.504
dp[11][268]=-257.652
dp[12][268]=-210.347
dp[13][268]=-160.495
dp[14][268]=-103.907
dp[15][268]=-45.8468
dp[16][268]=16.5892
Select best dp
Best k=6
dp[2][268]=27.4187
dp[3][268]=-2.3e+11
dp[4][268]=-2.3e+11
dp[5][268]=-2.3e+11
dp[6][268]=-2.3e+11
dp[7][268]=-2.3e+11
dp[8][268]=-2.3e+11
dp[9][268]=-2.3e+11
dp[10][268]=-2.3e+11
dp[11][268]=-2.3e+11
dp[12][268]=-2.3e+11
dp[13][268]=-2.3e+11
dp[14][268]=-2.3e+11
dp[15][268]=-2.3e+11
dp[16][268]=-1.9e+11
Select best dp
Best k=7
Stratifying 5-th numerical feature ...
dp[2][268]=-412.415
dp[3][268]=-4.6e+11
dp[4][268]=-7.5e+11
dp[5][268]=-1.03e+12
dp[6][268]=-1.26e+12
dp[7][268]=-1.26e+12
dp[8][268]=-1.45e+12
dp[9][268]=-1.6e+12
dp[10][268]=-1.6e+12
dp[11][268]=-1.6e+12
dp[12][268]=-1.6e+12
dp[13][268]=-1.6e+12
dp[14][268]=-1.44e+12
dp[15][268]=-1.28e+12
dp[16][268]=-1.04e+12
Select best dp
Best k=10
Stratifying 6-th numerical feature ...
dp[2][268]=-412.415
dp[3][268]=-4.6e+11
dp[4][268]=-7.5e+11
dp[5][268]=-1.03e+12
dp[6][268]=-1.26e+12
dp[7][268]=-1.26e+12
dp[8][268]=-1.45e+12
dp[9][268]=-1.6e+12
dp[10][268]=-1.6e+12
dp[11][268]=-1.6e+12
dp[12][268]=-1.6e+12
dp[13][268]=-1.6e+12
dp[14][268]=-1.44e+12
dp[15][268]=-1.28e+12
dp[16][268]=-1.04e+12
Select best dp
Best k=10
Stratifying 6-th numerical feature ...
dp[2][268]=212.599
dp[3][268]=318.899
dp[4][268]=425.198
dp[5][268]=531.498
dp[6][268]=637.797
dp[7][268]=744.097
dp[8][268]=850.396
dp[9][268]=956.696
dp[10][268]=1063
dp[11][268]=1169.29
dp[12][268]=1275.59
dp[13][268]=1381.89
dp[14][268]=1488.19
dp[15][268]=1594.49
dp[16][268]=1700.79
Select best dp
Best k=2
Stratifying 6-th numerical feature ...
dp[2][268]=95.7168
dp[3][268]=-1.85e+11
dp[4][268]=-3.55e+11
dp[5][268]=-4.45e+11
dp[6][268]=-5.45e+11
dp[7][268]=-7.05e+11
dp[8][268]=-7.05e+11
dp[9][268]=-8.4e+11
dp[10][268]=-8.4e+11
dp[11][268]=-8.4e+11
dp[12][268]=-8.4e+11
dp[13][268]=-8.4e+11
dp[14][268]=-8.4e+11
dp[15][268]=-8.35e+11
dp[16][268]=-6.75e+11
Select best dp
Best k=9
Stratifying 7-th numerical feature ...
dp[2][268]=-412.415
dp[3][268]=-4.6e+11
dp[4][268]=-7.5e+11
dp[5][268]=-1.03e+12
dp[6][268]=-1.26e+12
dp[7][268]=-1.26e+12
dp[8][268]=-1.45e+12
dp[9][268]=-1.6e+12
dp[10][268]=-1.6e+12
dp[11][268]=-1.6e+12
dp[12][268]=-1.6e+12
dp[13][268]=-1.6e+12
dp[14][268]=-1.44e+12
dp[15][268]=-1.28e+12
dp[16][268]=-1.04e+12
Select best dp
Best k=10
Stratifying 6-th numerical feature ...
dp[2][268]=-254.93
dp[3][268]=-7.4e+11
dp[4][268]=-1.42e+12
dp[5][268]=-1.78e+12
dp[6][268]=-2.18e+12
dp[7][268]=-2.82e+12
dp[8][268]=-2.82e+12
dp[9][268]=-3.36e+12
dp[10][268]=-3.36e+12
dp[11][268]=-3.36e+12
dp[12][268]=-3.36e+12
dp[13][268]=-3.36e+12
dp[14][268]=-3.36e+12
dp[15][268]=-3.34e+12
dp[16][268]=-2.7e+12
Select best dp
Best k=11
Stratifying 7-th numerical feature ...
dp[2][268]=-21.5732
dp[3][268]=-2.3e+11
dp[4][268]=-2.3e+11
dp[5][268]=-2.3e+11
dp[6][268]=-2.3e+11
dp[7][268]=-2.3e+11
dp[8][268]=-2.3e+11
dp[9][268]=-2.3e+11
dp[10][268]=-2.3e+11
dp[11][268]=-2.3e+11
dp[12][268]=-2.3e+11
dp[13][268]=-2.3e+11
dp[14][268]=-2.3e+11
dp[15][268]=-2.3e+11
dp[16][268]=-2.3e+11
Select best dp
Best k=6
Stratifying 5-th numerical feature ...
dp[2][268]=-205.784
dp[3][268]=-7e+10
dp[4][268]=-1.1e+11
dp[5][268]=-1.3e+11
dp[6][268]=-1.8e+11
dp[7][268]=-1.8e+11
dp[8][268]=-2.3e+11
dp[9][268]=-2.3e+11
dp[10][268]=-2.8e+11
dp[11][268]=-2.8e+11
dp[12][268]=-3.3e+11
dp[13][268]=-3.3e+11
dp[14][268]=-3.8e+11
dp[15][268]=-3.8e+11
dp[16][268]=-4.3e+11
Select best dp
Best k=16
dp[2][268]=-21.1655
dp[3][268]=-3.7e+11
dp[4][268]=-7.1e+11
dp[5][268]=-8.9e+11
dp[6][268]=-1.09e+12
dp[7][268]=-1.41e+12
dp[8][268]=-1.41e+12
dp[9][268]=-1.68e+12
dp[10][268]=-1.68e+12
dp[11][268]=-1.68e+12
dp[12][268]=-1.68e+12
dp[13][268]=-1.68e+12
dp[14][268]=-1.68e+12
dp[15][268]=-1.67e+12
dp[16][268]=-1.35e+12
Select best dp
Best k=9
Stratifying 7-th numerical feature ...
dp[2][268]=3.40748
dp[3][268]=-1.66662
dp[4][268]=28.6499
dp[5][268]=58.2538
dp[6][268]=109.377
dp[7][268]=166.269
dp[8][268]=233.042
dp[9][268]=302.417
dp[10][268]=378.779
dp[11][268]=458.398
dp[12][268]=543.151
dp[13][268]=629.613
dp[14][268]=719.527
dp[15][268]=810.335
dp[16][268]=903.253
Select best dp
Best k=3
dp[2][268]=-624.167
dp[3][268]=-963.362
dp[4][268]=-1160.99
dp[5][268]=-1361.48
dp[6][268]=-1475.88
dp[7][268]=-1567.21
dp[8][268]=-1619.02
dp[9][268]=-1660.42
dp[10][268]=-1673.87
dp[11][268]=-1674.29
dp[12][268]=-1654.18
dp[13][268]=-1627.23
dp[14][268]=-1586.47
dp[15][268]=-1542.14
dp[16][268]=-1489.36
Select best dp
Best k=11
dp[2][268]=-367.093
dp[3][268]=-4.6e+11
dp[4][268]=-7.5e+11
dp[5][268]=-1.03e+12
dp[6][268]=-1.26e+12
dp[7][268]=-1.26e+12
dp[8][268]=-1.45e+12
dp[9][268]=-1.6e+12
dp[10][268]=-1.6e+12
dp[11][268]=-1.6e+12
dp[12][268]=-1.6e+12
dp[13][268]=-1.6e+12
dp[14][268]=-1.44e+12
dp[15][268]=-1.28e+12
dp[16][268]=-1.04e+12
Select best dp
Best k=10
dp[2][268]=-205.784
dp[3][268]=-322.232
dp[4][268]=-367.898
dp[5][268]=-414.99
dp[6][268]=-419.043
dp[7][268]=-411.558
dp[8][268]=-384.313
dp[9][268]=-351.862
dp[10][268]=-305.438
dp[11][268]=-252.499
dp[12][268]=-189.292
dp[13][268]=-122.669
dp[14][268]=-49.1385
dp[15][268]=26.1779
dp[16][268]=105.715
Select best dp
Best k=6
Stratifying 6-th numerical feature ...
dp[2][268]=-21.1655
dp[3][268]=-3.7e+11
dp[4][268]=-7.1e+11
dp[5][268]=-8.9e+11
dp[6][268]=-1.09e+12
dp[7][268]=-1.41e+12
dp[8][268]=-1.41e+12
dp[9][268]=-1.68e+12
dp[10][268]=-1.68e+12
dp[11][268]=-1.68e+12
dp[12][268]=-1.68e+12
dp[13][268]=-1.68e+12
dp[14][268]=-1.68e+12
dp[15][268]=-1.67e+12
dp[16][268]=-1.35e+12
Select best dp
Best k=9
dp[2][268]=-412.415
dp[3][268]=-4.6e+11
dp[4][268]=-7.5e+11
dp[5][268]=-1.03e+12
dp[6][268]=-1.26e+12
dp[7][268]=-1.36e+12
dp[8][268]=-1.57e+12
dp[9][268]=-1.76e+12
dp[10][268]=-1.76e+12
dp[11][268]=-1.77e+12
dp[12][268]=-1.77e+12
dp[13][268]=-1.77e+12
dp[14][268]=-1.77e+12
dp[15][268]=-1.77e+12
dp[16][268]=-1.77e+12
Select best dp
Best k=12
Stratifying 7-th numerical feature ...
Stratifying 6-th numerical feature ...
dp[2][268]=212.599
dp[3][268]=318.899
dp[4][268]=425.198
dp[5][268]=531.498
dp[6][268]=637.797
dp[7][268]=744.097
dp[8][268]=850.396
dp[9][268]=956.696
dp[10][268]=1063
dp[11][268]=1169.29
dp[12][268]=1275.59
dp[13][268]=1381.89
dp[14][268]=1488.19
dp[15][268]=1594.49
dp[16][268]=1700.79
Select best dp
Best k=2
Stratifying 7-th numerical feature ...
dp[2][268]=-21.1655
dp[3][268]=-3.7e+11
dp[4][268]=-7.1e+11
dp[5][268]=-8.9e+11
dp[6][268]=-1.09e+12
dp[7][268]=-1.41e+12
dp[8][268]=-1.41e+12
dp[9][268]=-1.68e+12
dp[10][268]=-1.68e+12
dp[11][268]=-1.68e+12
dp[12][268]=-1.68e+12
dp[13][268]=-1.68e+12
dp[14][268]=-1.68e+12
dp[15][268]=-1.67e+12
dp[16][268]=-1.35e+12
Select best dp
Best k=9
Stratifying 7-th numerical feature ...
dp[2][268]=-205.784
dp[3][268]=-322.232
dp[4][268]=-367.898
dp[5][268]=-414.99
dp[6][268]=-419.043
dp[7][268]=-411.558
dp[8][268]=-384.313
dp[9][268]=-351.862
dp[10][268]=-305.438
dp[11][268]=-252.499
dp[12][268]=-189.292
dp[13][268]=-122.669
dp[14][268]=-49.1385
dp[15][268]=26.1779
dp[16][268]=105.715
Select best dp
Best k=6
dp[2][268]=-21.1655
dp[3][268]=-3.7e+11
dp[4][268]=-7.1e+11
dp[5][268]=-8.9e+11
dp[6][268]=-1.14e+12
dp[7][268]=-1.41e+12
dp[8][268]=-1.54e+12
dp[9][268]=-1.84e+12
dp[10][268]=-1.95e+12
dp[11][268]=-2.05e+12
dp[12][268]=-2.08e+12
dp[13][268]=-2.18e+12
dp[14][268]=-2.18e+12
dp[15][268]=-2.18e+12
dp[16][268]=-2.18e+12
Select best dp
Best k=13
Stratifying 7-th numerical feature ...
dp[2][268]=212.599
dp[3][268]=318.899
dp[4][268]=425.198
dp[5][268]=531.498
dp[6][268]=637.797
dp[7][268]=744.097
dp[8][268]=850.396
dp[9][268]=956.696
dp[10][268]=1063
dp[11][268]=1169.29
dp[12][268]=1275.59
dp[13][268]=1381.89
dp[14][268]=1488.19
dp[15][268]=1594.49
dp[16][268]=1700.79
Select best dp
Best k=2
dp[2][268]=-205.784
dp[3][268]=-322.232
dp[4][268]=-367.898
dp[5][268]=-414.99
dp[6][268]=-419.043
dp[7][268]=-411.558
dp[8][268]=-384.313
dp[9][268]=-351.862
dp[10][268]=-305.438
dp[11][268]=-252.499
dp[12][268]=-189.292
dp[13][268]=-122.669
dp[14][268]=-49.1385
dp[15][268]=26.1779
dp[16][268]=105.715
Select best dp
Best k=6
dp[2][268]=-8.01091
dp[3][268]=-3.7e+11
dp[4][268]=-7.1e+11
dp[5][268]=-8.9e+11
dp[6][268]=-1.09e+12
dp[7][268]=-1.41e+12
dp[8][268]=-1.41e+12
dp[9][268]=-1.68e+12
dp[10][268]=-1.68e+12
dp[11][268]=-1.68e+12
dp[12][268]=-1.68e+12
dp[13][268]=-1.68e+12
dp[14][268]=-1.68e+12
dp[15][268]=-1.67e+12
dp[16][268]=-1.35e+12
Select best dp
Best k=9
Stratifying 7-th numerical feature ...
dp[2][268]=-205.784
dp[3][268]=-322.232
dp[4][268]=-367.898
dp[5][268]=-414.99
dp[6][268]=-419.043
dp[7][268]=-413.624
dp[8][268]=-386.379
dp[9][268]=-353.928
dp[10][268]=-307.504
dp[11][268]=-257.652
dp[12][268]=-210.347
dp[13][268]=-160.495
dp[14][268]=-103.907
dp[15][268]=-45.8468
dp[16][268]=17.9038
Select best dp
Best k=6
dp[2][268]=-153.413
dp[3][268]=-278.393
dp[4][268]=-331.819
dp[5][268]=-385.278
dp[6][268]=-391.431
dp[7][268]=-387.142
dp[8][268]=-365.457
dp[9][268]=-342.177
dp[10][268]=-301.001
dp[11][268]=-252.601
dp[12][268]=-194.489
dp[13][268]=-133.336
dp[14][268]=-64.517
dp[15][268]=8.0253
dp[16][268]=81.0585
Select best dp
Best k=6
