Standardize ...
Stratifying 1-th numerical feature ...
Standardize ...
Stratifying 1-th numerical feature ...
Standardize ...
Stratifying 1-th numerical feature ...
Standardize ...
Stratifying 1-th numerical feature ...
Standardize ...
Stratifying 1-th numerical feature ...
Standardize ...
Stratifying 1-th numerical feature ...
Standardize ...
Stratifying 1-th numerical feature ...
Standardize ...
Stratifying 1-th numerical feature ...
Standardize ...
Stratifying 1-th numerical feature ...
Standardize ...
Stratifying 1-th numerical feature ...
Standardize ...
Stratifying 1-th numerical feature ...
Standardize ...
Stratifying 1-th numerical feature ...
Standardize ...
Stratifying 1-th numerical feature ...
Standardize ...
Stratifying 1-th numerical feature ...
dp[2][754]=-611.594
dp[3][754]=-1004.67
dp[4][754]=-1230.45
dp[5][754]=-1429.32
dp[6][754]=-1503.68
dp[7][754]=-1570.2
dp[8][754]=-1610.49
dp[9][754]=-1617.66
dp[10][754]=-1620.79
dp[11][754]=-1607.63
dp[12][754]=-1570.31
dp[13][754]=-1515.42
dp[14][754]=-1458.47
dp[15][754]=-1397.69
dp[16][754]=-1334.73
dp[17][754]=-1264.08
dp[18][754]=-1189.72
dp[19][754]=-1102.35
dp[20][754]=-1008.02
dp[21][754]=-912.762
dp[22][754]=-811.612
dp[23][754]=-708.255
dp[24][754]=-601.195
dp[25][754]=-484.789
dp[26][754]=-361.283
dp[27][754]=-217.645
Select best dp
Best k=10
dp[2][754]=-611.594
dp[3][754]=-1004.67
dp[4][754]=-1230.45
dp[5][754]=-1429.32
dp[6][754]=-1503.68
dp[7][754]=-1570.2
dp[8][754]=-1610.49
dp[9][754]=-1617.66
dp[10][754]=-1620.79
dp[11][754]=-1607.63
dp[12][754]=-1570.31
dp[13][754]=-1515.42
dp[14][754]=-1458.47
dp[15][754]=-1397.69
dp[16][754]=-1334.73
dp[17][754]=-1264.08
dp[18][754]=-1189.72
dp[19][754]=-1102.35
dp[20][754]=-1008.02
dp[21][754]=-912.762
dp[22][754]=-811.612
dp[23][754]=-708.255
dp[24][754]=-601.195
dp[25][754]=-484.789
dp[26][754]=-361.283
dp[27][754]=-217.645
Select best dp
Best k=10
dp[2][754]=-1567.78
dp[3][754]=-2526.22
dp[4][754]=-3150.07
dp[5][754]=-3720.1
dp[6][754]=-4041.13
dp[7][754]=-4346.46
dp[8][754]=-4599.33
dp[9][754]=-4785.97
dp[10][754]=-4964.53
dp[11][754]=-5110.5
dp[12][754]=-5208.15
dp[13][754]=-5270.67
dp[14][754]=-5329.06
dp[15][754]=-5379.79
dp[16][754]=-5426.17
dp[17][754]=-5457.17
dp[18][754]=-5480.75
dp[19][754]=-5478.29
dp[20][754]=-5461.94
dp[21][754]=-5443.71
dp[22][754]=-5413.71
dp[23][754]=-5379.29
dp[24][754]=-5337.46
dp[25][754]=-5276.94
dp[26][754]=-5202.23
dp[27][754]=-5087.25
Select best dp
Best k=18
dp[2][754]=-611.594
dp[3][754]=-1004.67
dp[4][754]=-1230.45
dp[5][754]=-1429.32
dp[6][754]=-1503.68
dp[7][754]=-1570.2
dp[8][754]=-1610.49
dp[9][754]=-1617.66
dp[10][754]=-1620.79
dp[11][754]=-1607.63
dp[12][754]=-1570.31
dp[13][754]=-1515.42
dp[14][754]=-1458.47
dp[15][754]=-1397.69
dp[16][754]=-1334.73
dp[17][754]=-1264.08
dp[18][754]=-1189.72
dp[19][754]=-1102.35
dp[20][754]=-1008.02
dp[21][754]=-912.762
dp[22][754]=-811.612
dp[23][754]=-708.255
dp[24][754]=-601.195
dp[25][754]=-484.789
dp[26][754]=-361.283
dp[27][754]=-217.645
Select best dp
Best k=10
dp[2][754]=318.082
dp[3][754]=477.124
dp[4][754]=636.165
dp[5][754]=795.206
dp[6][754]=954.247
dp[7][754]=1113.29
dp[8][754]=1272.33
dp[9][754]=1431.37
dp[10][754]=1590.41
dp[11][754]=1749.45
dp[12][754]=1908.49
dp[13][754]=2067.54
dp[14][754]=2226.58
dp[15][754]=2385.62
dp[16][754]=2544.66
dp[17][754]=2703.7
dp[18][754]=2862.74
dp[19][754]=3021.78
dp[20][754]=3180.82
dp[21][754]=3339.87
dp[22][754]=3498.91
dp[23][754]=3657.95
dp[24][754]=3816.99
dp[25][754]=3976.03
dp[26][754]=4135.07
dp[27][754]=4294.11
Select best dp
Best k=2
dp[2][754]=-611.594
dp[3][754]=-1004.67
dp[4][754]=-1230.45
dp[5][754]=-1429.32
dp[6][754]=-1503.68
dp[7][754]=-1570.2
dp[8][754]=-1610.49
dp[9][754]=-1617.66
dp[10][754]=-1620.79
dp[11][754]=-1607.63
dp[12][754]=-1570.31
dp[13][754]=-1513.36
dp[14][754]=-1451.34
dp[15][754]=-1388.38
dp[16][754]=-1313.95
dp[17][754]=-1226
dp[18][754]=-1128.63
Select best dp
Best k=10
dp[2][754]=-611.594
dp[3][754]=-1004.67
dp[4][754]=-1230.45
dp[5][754]=-1429.32
dp[6][754]=-1503.68
dp[7][754]=-1570.2
dp[8][754]=-1610.49
dp[9][754]=-1617.66
dp[10][754]=-1620.79
dp[11][754]=-1607.63
dp[12][754]=-1570.31
dp[13][754]=-1515.42
dp[14][754]=-1458.47
dp[15][754]=-1397.69
dp[16][754]=-1334.73
dp[17][754]=-1264.08
dp[18][754]=-1189.72
dp[19][754]=-1102.35
dp[20][754]=-1008.02
dp[21][754]=-912.762
dp[22][754]=-811.612
dp[23][754]=-708.255
dp[24][754]=-601.195
dp[25][754]=-484.789
dp[26][754]=-361.283
dp[27][754]=-217.645
Select best dp
Best k=10
dp[2][754]=-611.594
dp[3][754]=-1004.67
dp[4][754]=-1230.45
dp[5][754]=-1429.32
dp[6][754]=-1503.68
dp[7][754]=-1570.2
dp[8][754]=-1610.49
dp[9][754]=-1617.66
dp[10][754]=-1620.79
dp[11][754]=-1607.63
dp[12][754]=-1570.31
dp[13][754]=-1515.42
dp[14][754]=-1458.47
dp[15][754]=-1397.69
dp[16][754]=-1334.73
dp[17][754]=-1264.08
dp[18][754]=-1189.72
dp[19][754]=-1102.35
dp[20][754]=-1008.02
dp[21][754]=-912.762
dp[22][754]=-811.612
dp[23][754]=-708.255
dp[24][754]=-601.195
dp[25][754]=-484.789
dp[26][754]=-361.283
dp[27][754]=-217.645
Select best dp
Best k=10
dp[2][754]=-611.594
dp[3][754]=-1004.67
dp[4][754]=-1230.45
dp[5][754]=-1429.32
dp[6][754]=-1503.68
dp[7][754]=-1570.2
dp[8][754]=-1610.49
dp[9][754]=-1617.66
dp[10][754]=-1620.79
dp[11][754]=-1607.63
dp[12][754]=-1570.31
dp[13][754]=-1515.42
dp[14][754]=-1458.47
dp[15][754]=-1397.69
dp[16][754]=-1334.73
dp[17][754]=-1264.08
dp[18][754]=-1189.72
dp[19][754]=-1102.35
dp[20][754]=-1008.82
dp[21][754]=-915.199
dp[22][754]=-816.577
dp[23][754]=-717.214
dp[24][754]=-615.239
dp[25][754]=-507.957
dp[26][754]=-398.545
dp[27][754]=-287.845
Select best dp
Best k=10
dp[2][754]=-133.502
dp[3][754]=-243.892
dp[4][754]=-270.634
dp[5][754]=-283.921
dp[6][754]=-234.957
dp[7][754]=-182.069
dp[8][754]=-116.064
dp[9][754]=-33.5039
dp[10][754]=51.0769
dp[11][754]=143.805
dp[12][754]=248.614
dp[13][754]=362.206
dp[14][754]=476.828
dp[15][754]=593.367
dp[16][754]=710.994
dp[17][754]=832.464
dp[18][754]=955.79
dp[19][754]=1085.63
dp[20][754]=1218.94
dp[21][754]=1352.71
dp[22][754]=1489.44
dp[23][754]=1627.26
dp[24][754]=1766.94
dp[25][754]=1911.29
dp[26][754]=2059.19
dp[27][754]=2217.16
Select best dp
Best k=5
dp[2][754]=-611.594
dp[3][754]=-1004.67
dp[4][754]=-1230.45
dp[5][754]=-1429.32
dp[6][754]=-1503.68
dp[7][754]=-1570.2
dp[8][754]=-1610.49
dp[9][754]=-1617.66
dp[10][754]=-1620.79
dp[11][754]=-1607.63
dp[12][754]=-1570.31
dp[13][754]=-1515.42
dp[14][754]=-1458.47
dp[15][754]=-1397.69
dp[16][754]=-1334.73
dp[17][754]=-1264.08
dp[18][754]=-1189.72
dp[19][754]=-1102.35
dp[20][754]=-1008.02
dp[21][754]=-912.762
dp[22][754]=-811.612
dp[23][754]=-708.255
dp[24][754]=-601.195
dp[25][754]=-484.789
dp[26][754]=-361.283
dp[27][754]=-217.645
Select best dp
Best k=10
dp[2][754]=-611.594
dp[3][754]=-1004.67
dp[4][754]=-1230.45
dp[5][754]=-1429.32
dp[6][754]=-1503.68
dp[7][754]=-1570.2
dp[8][754]=-1610.49
dp[9][754]=-1617.66
dp[10][754]=-1620.79
dp[11][754]=-1607.63
dp[12][754]=-1570.31
dp[13][754]=-1515.42
dp[14][754]=-1458.47
dp[15][754]=-1397.69
dp[16][754]=-1334.73
dp[17][754]=-1264.08
dp[18][754]=-1189.72
dp[19][754]=-1102.35
dp[20][754]=-1008.82
dp[21][754]=-915.199
dp[22][754]=-816.577
dp[23][754]=-717.214
dp[24][754]=-615.239
dp[25][754]=-507.957
dp[26][754]=-398.545
dp[27][754]=-287.845
Select best dp
Best k=10
dp[2][754]=-611.594
dp[3][754]=-1004.67
dp[4][754]=-1230.45
dp[5][754]=-1429.32
dp[6][754]=-1503.68
dp[7][754]=-1570.2
dp[8][754]=-1610.49
dp[9][754]=-1617.66
dp[10][754]=-1620.79
dp[11][754]=-1607.63
dp[12][754]=-1570.31
dp[13][754]=-1515.42
dp[14][754]=-1458.47
dp[15][754]=-1397.69
dp[16][754]=-1334.73
dp[17][754]=-1264.08
dp[18][754]=-1189.72
dp[19][754]=-1102.35
dp[20][754]=-1008.82
dp[21][754]=-915.199
dp[22][754]=-816.577
dp[23][754]=-717.214
dp[24][754]=-615.239
dp[25][754]=-507.957
dp[26][754]=-398.545
dp[27][754]=-287.845
Select best dp
Best k=10
dp[2][754]=-26.8115
dp[3][754]=-432.367
dp[4][754]=-656.854
dp[5][754]=-861.681
dp[6][754]=-938.394
dp[7][754]=-1004.26
dp[8][754]=-1045.1
dp[9][754]=-1055.89
dp[10][754]=-1059.74
dp[11][754]=-1048.57
dp[12][754]=-1012.43
dp[13][754]=-960.093
dp[14][754]=-904.2
dp[15][754]=-844.199
dp[16][754]=-782.431
dp[17][754]=-712.6
dp[18][754]=-639.47
dp[19][754]=-552.864
dp[20][754]=-461.692
dp[21][754]=-367.27
dp[22][754]=-267.126
dp[23][754]=-164.895
dp[24][754]=-57.9098
dp[25][754]=58.9807
dp[26][754]=180.767
dp[27][754]=321.196
Select best dp
Best k=10
