Standardize ...
Stratifying 1-th numerical feature ...
Standardize ...
Stratifying 1-th numerical feature ...
Standardize ...
Stratifying 1-th numerical feature ...
Standardize ...
Stratifying 1-th numerical feature ...
Standardize ...
Stratifying 1-th numerical feature ...
Standardize ...
Stratifying 1-th numerical feature ...
Standardize ...
Stratifying 1-th numerical feature ...
Standardize ...
Stratifying 1-th numerical feature ...
Standardize ...
Stratifying 1-th numerical feature ...
Standardize ...
Stratifying 1-th numerical feature ...
Standardize ...
Stratifying 1-th numerical feature ...
Standardize ...
Stratifying 1-th numerical feature ...
Standardize ...
Stratifying 1-th numerical feature ...
Standardize ...
Stratifying 1-th numerical feature ...
dp[2][1325]=-1436.1
dp[3][1325]=-7.1e+11
dp[4][1325]=-1.31e+12
dp[5][1325]=-1.86e+12
dp[6][1325]=-2.4e+12
dp[7][1325]=-2.93e+12
dp[8][1325]=-3.49e+12
dp[9][1325]=-4.04e+12
dp[10][1325]=-4.53e+12
dp[11][1325]=-5.08e+12
dp[12][1325]=-5.57e+12
dp[13][1325]=-6.06e+12
dp[14][1325]=-6.61e+12
dp[15][1325]=-7.15e+12
dp[16][1325]=-7.61e+12
dp[17][1325]=-8.08e+12
dp[18][1325]=-8.54e+12
dp[19][1325]=-8.96e+12
dp[20][1325]=-9.35e+12
dp[21][1325]=-9.35e+12
dp[22][1325]=-9.72e+12
dp[23][1325]=-1.008e+13
dp[24][1325]=-1.009e+13
dp[25][1325]=-1.009e+13
dp[26][1325]=-1.009e+13
dp[27][1325]=-1.009e+13
dp[28][1325]=-9.73e+12
dp[29][1325]=-9.37e+12
dp[30][1325]=-9.01e+12
dp[31][1325]=-8.65e+12
dp[32][1325]=-8.29e+12
dp[33][1325]=-7.88e+12
dp[34][1325]=-7.39e+12
dp[35][1325]=-6.67e+12
dp[36][1325]=-4.87e+12
Select best dp
Best k=25
Stratifying 2-th numerical feature ...
dp[2][1325]=-1436.1
dp[3][1325]=-7.1e+11
dp[4][1325]=-1.31e+12
dp[5][1325]=-1.86e+12
dp[6][1325]=-2.4e+12
dp[7][1325]=-2.93e+12
dp[8][1325]=-3.49e+12
dp[9][1325]=-4.04e+12
dp[10][1325]=-4.53e+12
dp[11][1325]=-5.08e+12
dp[12][1325]=-5.57e+12
dp[13][1325]=-6.06e+12
dp[14][1325]=-6.61e+12
dp[15][1325]=-7.15e+12
dp[16][1325]=-7.61e+12
dp[17][1325]=-8.08e+12
dp[18][1325]=-8.54e+12
dp[19][1325]=-8.96e+12
dp[20][1325]=-9.35e+12
dp[21][1325]=-9.35e+12
dp[22][1325]=-9.72e+12
dp[23][1325]=-1.008e+13
dp[24][1325]=-1.009e+13
dp[25][1325]=-1.009e+13
dp[26][1325]=-1.009e+13
dp[27][1325]=-1.009e+13
dp[28][1325]=-9.73e+12
dp[29][1325]=-9.37e+12
dp[30][1325]=-9.01e+12
dp[31][1325]=-8.65e+12
dp[32][1325]=-8.29e+12
dp[33][1325]=-7.88e+12
dp[34][1325]=-7.39e+12
dp[35][1325]=-6.67e+12
dp[36][1325]=-4.87e+12
Select best dp
Best k=25
Stratifying 2-th numerical feature ...
dp[2][1325]=-1436.1
dp[3][1325]=-7.1e+11
dp[4][1325]=-1.31e+12
dp[5][1325]=-1.86e+12
dp[6][1325]=-2.4e+12
dp[7][1325]=-2.47e+12
dp[8][1325]=-3.01e+12
dp[9][1325]=-3.51e+12
dp[10][1325]=-3.58e+12
dp[11][1325]=-4.12e+12
dp[12][1325]=-4.12e+12
dp[13][1325]=-4.12e+12
dp[14][1325]=-4.12e+12
dp[15][1325]=-4.12e+12
dp[16][1325]=-4.12e+12
dp[17][1325]=-4.12e+12
dp[18][1325]=-4.12e+12
dp[19][1325]=-4.12e+12
dp[20][1325]=-4.12e+12
dp[21][1325]=-4.12e+12
dp[22][1325]=-4.07e+12
dp[23][1325]=-2.96e+12
dp[24][1325]=-1.66e+12
Select best dp
Best k=19
Stratifying 2-th numerical feature ...
dp[2][1325]=-3145.43
dp[3][1325]=-1.42e+12
dp[4][1325]=-2.62e+12
dp[5][1325]=-3.72e+12
dp[6][1325]=-4.8e+12
dp[7][1325]=-5.86e+12
dp[8][1325]=-6.98e+12
dp[9][1325]=-8.08e+12
dp[10][1325]=-9.06e+12
dp[11][1325]=-1.016e+13
dp[12][1325]=-1.114e+13
dp[13][1325]=-1.212e+13
dp[14][1325]=-1.322e+13
dp[15][1325]=-1.43e+13
dp[16][1325]=-1.522e+13
dp[17][1325]=-1.616e+13
dp[18][1325]=-1.708e+13
dp[19][1325]=-1.792e+13
dp[20][1325]=-1.87e+13
dp[21][1325]=-1.87e+13
dp[22][1325]=-1.944e+13
dp[23][1325]=-2.016e+13
dp[24][1325]=-2.018e+13
dp[25][1325]=-2.018e+13
dp[26][1325]=-2.018e+13
dp[27][1325]=-2.018e+13
dp[28][1325]=-1.946e+13
dp[29][1325]=-1.874e+13
dp[30][1325]=-1.802e+13
dp[31][1325]=-1.73e+13
dp[32][1325]=-1.658e+13
dp[33][1325]=-1.576e+13
dp[34][1325]=-1.478e+13
dp[35][1325]=-1.334e+13
dp[36][1325]=-9.74e+12
Select best dp
Best k=26
Stratifying 2-th numerical feature ...
dp[2][1325]=-2.2e+11
dp[3][1325]=-7.1e+11
dp[4][1325]=-1.31e+12
dp[5][1325]=-1.86e+12
dp[6][1325]=-2.4e+12
dp[7][1325]=-2.93e+12
dp[8][1325]=-3.49e+12
dp[9][1325]=-4.04e+12
dp[10][1325]=-4.53e+12
dp[11][1325]=-5.08e+12
dp[12][1325]=-5.57e+12
dp[13][1325]=-6.06e+12
dp[14][1325]=-6.61e+12
dp[15][1325]=-7.15e+12
dp[16][1325]=-7.61e+12
dp[17][1325]=-8.08e+12
dp[18][1325]=-8.54e+12
dp[19][1325]=-8.96e+12
dp[20][1325]=-9.35e+12
dp[21][1325]=-9.66e+12
dp[22][1325]=-9.94e+12
dp[23][1325]=-1.025e+13
dp[24][1325]=-1.061e+13
dp[25][1325]=-1.091e+13
dp[26][1325]=-1.128e+13
dp[27][1325]=-1.164e+13
dp[28][1325]=-1.192e+13
dp[29][1325]=-1.225e+13
dp[30][1325]=-1.267e+13
dp[31][1325]=-1.295e+13
dp[32][1325]=-1.295e+13
dp[33][1325]=-1.295e+13
dp[34][1325]=-1.295e+13
dp[35][1325]=-1.295e+13
dp[36][1325]=-1.295e+13
Select best dp
Best k=31
Stratifying 2-th numerical feature ...
dp[2][1325]=273.217
dp[3][1325]=409.826
dp[4][1325]=546.434
dp[5][1325]=683.043
dp[6][1325]=819.651
dp[7][1325]=956.26
dp[8][1325]=1092.87
dp[9][1325]=1229.48
dp[10][1325]=1366.09
dp[11][1325]=1502.69
dp[12][1325]=1639.3
dp[13][1325]=1775.91
dp[14][1325]=1912.52
dp[15][1325]=2049.13
dp[16][1325]=2185.74
dp[17][1325]=2322.34
dp[18][1325]=2458.95
dp[19][1325]=2595.56
dp[20][1325]=2732.17
dp[21][1325]=2868.78
dp[22][1325]=3005.39
dp[23][1325]=3142
dp[24][1325]=3278.6
dp[25][1325]=3415.21
dp[26][1325]=3551.82
dp[27][1325]=3688.43
dp[28][1325]=3825.04
dp[29][1325]=3961.65
dp[30][1325]=4098.26
dp[31][1325]=4234.86
dp[32][1325]=4371.47
dp[33][1325]=4508.08
dp[34][1325]=4644.69
dp[35][1325]=4781.3
dp[36][1325]=4917.91
Select best dp
Best k=2
dp[2][1325]=-1436.1
dp[3][1325]=-7.1e+11
dp[4][1325]=-1.31e+12
dp[5][1325]=-1.86e+12
dp[6][1325]=-2.4e+12
dp[7][1325]=-2.93e+12
dp[8][1325]=-3.49e+12
dp[9][1325]=-4.04e+12
dp[10][1325]=-4.53e+12
dp[11][1325]=-5.08e+12
dp[12][1325]=-5.57e+12
dp[13][1325]=-6.06e+12
dp[14][1325]=-6.61e+12
dp[15][1325]=-7.15e+12
dp[16][1325]=-7.61e+12
dp[17][1325]=-8.08e+12
dp[18][1325]=-8.54e+12
dp[19][1325]=-8.96e+12
dp[20][1325]=-9.35e+12
dp[21][1325]=-9.35e+12
dp[22][1325]=-9.72e+12
dp[23][1325]=-1.008e+13
dp[24][1325]=-1.009e+13
dp[25][1325]=-1.009e+13
dp[26][1325]=-1.009e+13
dp[27][1325]=-1.009e+13
dp[28][1325]=-9.73e+12
dp[29][1325]=-9.37e+12
dp[30][1325]=-9.01e+12
dp[31][1325]=-8.65e+12
dp[32][1325]=-8.29e+12
dp[33][1325]=-7.88e+12
dp[34][1325]=-7.39e+12
dp[35][1325]=-6.67e+12
dp[36][1325]=-4.87e+12
Select best dp
Best k=25
Stratifying 2-th numerical feature ...
dp[2][1325]=-1436.1
dp[3][1325]=-7.1e+11
dp[4][1325]=-1.31e+12
dp[5][1325]=-1.86e+12
dp[6][1325]=-2.4e+12
dp[7][1325]=-2.93e+12
dp[8][1325]=-3.49e+12
dp[9][1325]=-4.04e+12
dp[10][1325]=-4.53e+12
dp[11][1325]=-5.08e+12
dp[12][1325]=-5.57e+12
dp[13][1325]=-6.06e+12
dp[14][1325]=-6.61e+12
dp[15][1325]=-7.15e+12
dp[16][1325]=-7.61e+12
dp[17][1325]=-8.08e+12
dp[18][1325]=-8.54e+12
dp[19][1325]=-8.96e+12
dp[20][1325]=-9.35e+12
dp[21][1325]=-9.35e+12
dp[22][1325]=-9.72e+12
dp[23][1325]=-1.008e+13
dp[24][1325]=-1.009e+13
dp[25][1325]=-1.009e+13
dp[26][1325]=-1.009e+13
dp[27][1325]=-1.009e+13
dp[28][1325]=-9.73e+12
dp[29][1325]=-9.37e+12
dp[30][1325]=-9.01e+12
dp[31][1325]=-8.65e+12
dp[32][1325]=-8.29e+12
dp[33][1325]=-7.88e+12
dp[34][1325]=-7.39e+12
dp[35][1325]=-6.67e+12
dp[36][1325]=-4.87e+12
Select best dp
Best k=25
Stratifying 2-th numerical feature ...
dp[2][1325]=-581.444
dp[3][1325]=-3.55e+11
dp[4][1325]=-6.55e+11
dp[5][1325]=-9.3e+11
dp[6][1325]=-1.2e+12
dp[7][1325]=-1.465e+12
dp[8][1325]=-1.745e+12
dp[9][1325]=-2.02e+12
dp[10][1325]=-2.265e+12
dp[11][1325]=-2.54e+12
dp[12][1325]=-2.785e+12
dp[13][1325]=-3.03e+12
dp[14][1325]=-3.305e+12
dp[15][1325]=-3.575e+12
dp[16][1325]=-3.805e+12
dp[17][1325]=-4.04e+12
dp[18][1325]=-4.27e+12
dp[19][1325]=-4.48e+12
dp[20][1325]=-4.675e+12
dp[21][1325]=-4.675e+12
dp[22][1325]=-4.86e+12
dp[23][1325]=-5.04e+12
dp[24][1325]=-5.045e+12
dp[25][1325]=-5.045e+12
dp[26][1325]=-5.045e+12
dp[27][1325]=-5.045e+12
dp[28][1325]=-4.865e+12
dp[29][1325]=-4.685e+12
dp[30][1325]=-4.505e+12
dp[31][1325]=-4.325e+12
dp[32][1325]=-4.145e+12
dp[33][1325]=-3.94e+12
dp[34][1325]=-3.695e+12
dp[35][1325]=-3.335e+12
dp[36][1325]=-2.435e+12
Select best dp
Best k=24
dp[2][1325]=-1436.1
dp[3][1325]=-7.1e+11
dp[4][1325]=-1.31e+12
dp[5][1325]=-1.86e+12
dp[6][1325]=-2.4e+12
dp[7][1325]=-2.93e+12
dp[8][1325]=-3.49e+12
dp[9][1325]=-4.04e+12
dp[10][1325]=-4.53e+12
dp[11][1325]=-5.08e+12
dp[12][1325]=-5.57e+12
dp[13][1325]=-6.06e+12
dp[14][1325]=-6.61e+12
dp[15][1325]=-7.15e+12
dp[16][1325]=-7.61e+12
dp[17][1325]=-8.08e+12
dp[18][1325]=-8.54e+12
dp[19][1325]=-8.96e+12
dp[20][1325]=-9.35e+12
dp[21][1325]=-9.35e+12
dp[22][1325]=-9.72e+12
dp[23][1325]=-1.008e+13
dp[24][1325]=-1.009e+13
dp[25][1325]=-1.009e+13
dp[26][1325]=-1.009e+13
dp[27][1325]=-1.009e+13
dp[28][1325]=-9.73e+12
dp[29][1325]=-9.37e+12
dp[30][1325]=-9.01e+12
dp[31][1325]=-8.65e+12
dp[32][1325]=-8.29e+12
dp[33][1325]=-7.88e+12
dp[34][1325]=-7.39e+12
dp[35][1325]=-6.67e+12
dp[36][1325]=-4.87e+12
Select best dp
Best k=25
Stratifying 2-th numerical feature ...
Stratifying 2-th numerical feature ...
Stratifying 2-th numerical feature ...
dp[2][1325]=-1436.1
dp[3][1325]=-7.1e+11
dp[4][1325]=-1.31e+12
dp[5][1325]=-1.86e+12
dp[6][1325]=-2.4e+12
dp[7][1325]=-2.93e+12
dp[8][1325]=-3.49e+12
dp[9][1325]=-4.04e+12
dp[10][1325]=-4.53e+12
dp[11][1325]=-5.08e+12
dp[12][1325]=-5.57e+12
dp[13][1325]=-6.06e+12
dp[14][1325]=-6.61e+12
dp[15][1325]=-7.15e+12
dp[16][1325]=-7.61e+12
dp[17][1325]=-8.08e+12
dp[18][1325]=-8.54e+12
dp[19][1325]=-8.96e+12
dp[20][1325]=-9.35e+12
dp[21][1325]=-9.35e+12
dp[22][1325]=-9.72e+12
dp[23][1325]=-1.008e+13
dp[24][1325]=-1.009e+13
dp[25][1325]=-1.009e+13
dp[26][1325]=-1.009e+13
dp[27][1325]=-1.009e+13
dp[28][1325]=-9.73e+12
dp[29][1325]=-9.37e+12
dp[30][1325]=-9.01e+12
dp[31][1325]=-8.65e+12
dp[32][1325]=-8.29e+12
dp[33][1325]=-7.88e+12
dp[34][1325]=-7.39e+12
dp[35][1325]=-6.67e+12
dp[36][1325]=-4.87e+12
Select best dp
Best k=25
Stratifying 2-th numerical feature ...
dp[2][1325]=-8.5e+11
dp[3][1325]=-3.42e+12
dp[4][1325]=-5.89e+12
dp[5][1325]=-8.12e+12
dp[6][1325]=-9.91e+12
dp[7][1325]=-1.117e+13
dp[8][1325]=-1.203e+13
dp[9][1325]=-1.247e+13
dp[10][1325]=-1.288e+13
dp[11][1325]=-1.288e+13
dp[12][1325]=-1.288e+13
dp[13][1325]=-1.288e+13
dp[14][1325]=-1.288e+13
dp[15][1325]=-1.288e+13
dp[16][1325]=-1.288e+13
dp[17][1325]=-1.288e+13
dp[18][1325]=-1.288e+13
dp[19][1325]=-1.288e+13
dp[20][1325]=-1.288e+13
dp[21][1325]=-1.288e+13
dp[22][1325]=-1.288e+13
dp[23][1325]=-1.288e+13
dp[24][1325]=-1.288e+13
dp[25][1325]=-1.288e+13
dp[26][1325]=-1.288e+13
dp[27][1325]=-1.288e+13
dp[28][1325]=-1.288e+13
dp[29][1325]=-1.288e+13
dp[30][1325]=-1.288e+13
dp[31][1325]=-1.288e+13
dp[32][1325]=-1.288e+13
dp[33][1325]=-1.288e+13
dp[34][1325]=-1.252e+13
dp[35][1325]=-1.216e+13
dp[36][1325]=-1.144e+13
Select best dp
Best k=10
dp[2][1325]=-8.5e+11
dp[3][1325]=-3.42e+12
dp[4][1325]=-5.89e+12
dp[5][1325]=-8.12e+12
dp[6][1325]=-9.91e+12
dp[7][1325]=-1.117e+13
dp[8][1325]=-1.203e+13
dp[9][1325]=-1.247e+13
dp[10][1325]=-1.288e+13
dp[11][1325]=-1.288e+13
dp[12][1325]=-1.288e+13
dp[13][1325]=-1.288e+13
dp[14][1325]=-1.288e+13
dp[15][1325]=-1.288e+13
dp[16][1325]=-1.288e+13
dp[17][1325]=-1.288e+13
dp[18][1325]=-1.288e+13
dp[19][1325]=-1.288e+13
dp[20][1325]=-1.288e+13
dp[21][1325]=-1.288e+13
dp[22][1325]=-1.288e+13
dp[23][1325]=-1.288e+13
dp[24][1325]=-1.288e+13
dp[25][1325]=-1.288e+13
dp[26][1325]=-1.288e+13
dp[27][1325]=-1.288e+13
dp[28][1325]=-1.288e+13
dp[29][1325]=-1.288e+13
dp[30][1325]=-1.288e+13
dp[31][1325]=-1.288e+13
dp[32][1325]=-1.288e+13
dp[33][1325]=-1.288e+13
dp[34][1325]=-1.252e+13
dp[35][1325]=-1.216e+13
dp[36][1325]=-1.144e+13
Select best dp
Best k=10
dp[2][1325]=-2.2e+11
dp[3][1325]=-7.1e+11
dp[4][1325]=-1.31e+12
dp[5][1325]=-1.86e+12
dp[6][1325]=-2.4e+12
dp[7][1325]=-2.93e+12
dp[8][1325]=-3.49e+12
dp[9][1325]=-4.04e+12
dp[10][1325]=-4.53e+12
dp[11][1325]=-5.08e+12
dp[12][1325]=-5.57e+12
dp[13][1325]=-6.06e+12
dp[14][1325]=-6.61e+12
dp[15][1325]=-7.15e+12
dp[16][1325]=-7.61e+12
dp[17][1325]=-8.08e+12
dp[18][1325]=-8.54e+12
dp[19][1325]=-8.96e+12
dp[20][1325]=-9.35e+12
dp[21][1325]=-9.66e+12
dp[22][1325]=-9.94e+12
dp[23][1325]=-1.025e+13
dp[24][1325]=-1.061e+13
dp[25][1325]=-1.091e+13
dp[26][1325]=-1.128e+13
dp[27][1325]=-1.164e+13
dp[28][1325]=-1.192e+13
dp[29][1325]=-1.225e+13
dp[30][1325]=-1.267e+13
dp[31][1325]=-1.295e+13
dp[32][1325]=-1.311e+13
dp[33][1325]=-1.311e+13
dp[34][1325]=-1.311e+13
dp[35][1325]=-1.311e+13
dp[36][1325]=-1.311e+13
Select best dp
Best k=32
Stratifying 2-th numerical feature ...
dp[2][1325]=-2.2e+11
dp[3][1325]=-7.1e+11
dp[4][1325]=-1.31e+12
dp[5][1325]=-1.86e+12
dp[6][1325]=-2.4e+12
dp[7][1325]=-2.93e+12
dp[8][1325]=-3.49e+12
dp[9][1325]=-4.04e+12
dp[10][1325]=-4.53e+12
dp[11][1325]=-5.08e+12
dp[12][1325]=-5.57e+12
dp[13][1325]=-6.06e+12
dp[14][1325]=-6.61e+12
dp[15][1325]=-7.15e+12
dp[16][1325]=-7.61e+12
dp[17][1325]=-8.08e+12
dp[18][1325]=-8.54e+12
dp[19][1325]=-8.96e+12
dp[20][1325]=-9.35e+12
dp[21][1325]=-9.66e+12
dp[22][1325]=-9.94e+12
dp[23][1325]=-1.025e+13
dp[24][1325]=-1.061e+13
dp[25][1325]=-1.091e+13
dp[26][1325]=-1.128e+13
dp[27][1325]=-1.164e+13
dp[28][1325]=-1.192e+13
dp[29][1325]=-1.225e+13
dp[30][1325]=-1.267e+13
dp[31][1325]=-1.295e+13
dp[32][1325]=-1.311e+13
dp[33][1325]=-1.318e+13
dp[34][1325]=-1.318e+13
dp[35][1325]=-1.318e+13
dp[36][1325]=-1.318e+13
Select best dp
Best k=33
Stratifying 2-th numerical feature ...
dp[2][1325]=-8.5e+11
dp[3][1325]=-3.42e+12
dp[4][1325]=-5.89e+12
dp[5][1325]=-8.12e+12
dp[6][1325]=-9.91e+12
dp[7][1325]=-1.117e+13
dp[8][1325]=-1.203e+13
dp[9][1325]=-1.203e+13
dp[10][1325]=-1.203e+13
dp[11][1325]=-1.203e+13
dp[12][1325]=-1.203e+13
dp[13][1325]=-1.203e+13
dp[14][1325]=-1.203e+13
dp[15][1325]=-1.203e+13
dp[16][1325]=-1.203e+13
dp[17][1325]=-1.203e+13
dp[18][1325]=-1.203e+13
dp[19][1325]=-1.203e+13
dp[20][1325]=-1.203e+13
dp[21][1325]=-1.203e+13
dp[22][1325]=-1.149e+13
dp[23][1325]=-1.056e+13
dp[24][1325]=-9.48e+12
Select best dp
Best k=9
dp[2][1325]=-1.7e+12
dp[3][1325]=-6.84e+12
dp[4][1325]=-1.178e+13
dp[5][1325]=-1.624e+13
dp[6][1325]=-1.982e+13
dp[7][1325]=-2.234e+13
dp[8][1325]=-2.406e+13
dp[9][1325]=-2.494e+13
dp[10][1325]=-2.576e+13
dp[11][1325]=-2.576e+13
dp[12][1325]=-2.576e+13
dp[13][1325]=-2.576e+13
dp[14][1325]=-2.576e+13
dp[15][1325]=-2.576e+13
dp[16][1325]=-2.576e+13
dp[17][1325]=-2.576e+13
dp[18][1325]=-2.576e+13
dp[19][1325]=-2.576e+13
dp[20][1325]=-2.576e+13
dp[21][1325]=-2.576e+13
dp[22][1325]=-2.576e+13
dp[23][1325]=-2.576e+13
dp[24][1325]=-2.576e+13
dp[25][1325]=-2.576e+13
dp[26][1325]=-2.576e+13
dp[27][1325]=-2.576e+13
dp[28][1325]=-2.576e+13
dp[29][1325]=-2.576e+13
dp[30][1325]=-2.576e+13
dp[31][1325]=-2.576e+13
dp[32][1325]=-2.576e+13
dp[33][1325]=-2.576e+13
dp[34][1325]=-2.504e+13
dp[35][1325]=-2.432e+13
dp[36][1325]=-2.288e+13
Select best dp
Best k=10
dp[2][1325]=-8.5e+11
dp[3][1325]=-3.42e+12
dp[4][1325]=-5.89e+12
dp[5][1325]=-8.12e+12
dp[6][1325]=-9.91e+12
dp[7][1325]=-1.117e+13
dp[8][1325]=-1.203e+13
dp[9][1325]=-1.247e+13
dp[10][1325]=-1.288e+13
dp[11][1325]=-1.288e+13
dp[12][1325]=-1.288e+13
dp[13][1325]=-1.288e+13
dp[14][1325]=-1.288e+13
dp[15][1325]=-1.288e+13
dp[16][1325]=-1.288e+13
dp[17][1325]=-1.288e+13
dp[18][1325]=-1.288e+13
dp[19][1325]=-1.288e+13
dp[20][1325]=-1.288e+13
dp[21][1325]=-1.288e+13
dp[22][1325]=-1.288e+13
dp[23][1325]=-1.288e+13
dp[24][1325]=-1.288e+13
dp[25][1325]=-1.288e+13
dp[26][1325]=-1.288e+13
dp[27][1325]=-1.288e+13
dp[28][1325]=-1.288e+13
dp[29][1325]=-1.288e+13
dp[30][1325]=-1.288e+13
dp[31][1325]=-1.288e+13
dp[32][1325]=-1.288e+13
dp[33][1325]=-1.288e+13
dp[34][1325]=-1.252e+13
dp[35][1325]=-1.216e+13
dp[36][1325]=-1.144e+13
Select best dp
Best k=10
dp[2][1325]=-8.5e+11
dp[3][1325]=-3.42e+12
dp[4][1325]=-5.89e+12
dp[5][1325]=-8.12e+12
dp[6][1325]=-9.91e+12
dp[7][1325]=-1.117e+13
dp[8][1325]=-1.203e+13
dp[9][1325]=-1.247e+13
dp[10][1325]=-1.288e+13
dp[11][1325]=-1.288e+13
dp[12][1325]=-1.288e+13
dp[13][1325]=-1.288e+13
dp[14][1325]=-1.288e+13
dp[15][1325]=-1.288e+13
dp[16][1325]=-1.288e+13
dp[17][1325]=-1.288e+13
dp[18][1325]=-1.288e+13
dp[19][1325]=-1.288e+13
dp[20][1325]=-1.288e+13
dp[21][1325]=-1.288e+13
dp[22][1325]=-1.288e+13
dp[23][1325]=-1.288e+13
dp[24][1325]=-1.288e+13
dp[25][1325]=-1.288e+13
dp[26][1325]=-1.288e+13
dp[27][1325]=-1.288e+13
dp[28][1325]=-1.288e+13
dp[29][1325]=-1.288e+13
dp[30][1325]=-1.288e+13
dp[31][1325]=-1.288e+13
dp[32][1325]=-1.288e+13
dp[33][1325]=-1.288e+13
dp[34][1325]=-1.252e+13
dp[35][1325]=-1.216e+13
dp[36][1325]=-1.144e+13
Select best dp
Best k=10
dp[2][1325]=273.217
dp[3][1325]=409.826
dp[4][1325]=546.434
dp[5][1325]=683.043
dp[6][1325]=819.651
dp[7][1325]=956.26
dp[8][1325]=1092.87
dp[9][1325]=1229.48
dp[10][1325]=1366.09
dp[11][1325]=1502.69
dp[12][1325]=1639.3
dp[13][1325]=1775.91
dp[14][1325]=1912.52
dp[15][1325]=2049.13
dp[16][1325]=2185.74
dp[17][1325]=2322.34
dp[18][1325]=2458.95
dp[19][1325]=2595.56
dp[20][1325]=2732.17
dp[21][1325]=2868.78
dp[22][1325]=3005.39
dp[23][1325]=3142
dp[24][1325]=3278.6
dp[25][1325]=3415.21
dp[26][1325]=3551.82
dp[27][1325]=3688.43
dp[28][1325]=3825.04
dp[29][1325]=3961.65
dp[30][1325]=4098.26
dp[31][1325]=4234.86
dp[32][1325]=4371.47
dp[33][1325]=4508.08
dp[34][1325]=4644.69
dp[35][1325]=4781.3
dp[36][1325]=4917.91
Select best dp
Best k=2
dp[2][1325]=-8.5e+11
dp[3][1325]=-3.42e+12
dp[4][1325]=-5.89e+12
dp[5][1325]=-8.12e+12
dp[6][1325]=-9.91e+12
dp[7][1325]=-1.117e+13
dp[8][1325]=-1.203e+13
dp[9][1325]=-1.247e+13
dp[10][1325]=-1.288e+13
dp[11][1325]=-1.288e+13
dp[12][1325]=-1.288e+13
dp[13][1325]=-1.288e+13
dp[14][1325]=-1.288e+13
dp[15][1325]=-1.288e+13
dp[16][1325]=-1.288e+13
dp[17][1325]=-1.288e+13
dp[18][1325]=-1.288e+13
dp[19][1325]=-1.288e+13
dp[20][1325]=-1.288e+13
dp[21][1325]=-1.288e+13
dp[22][1325]=-1.288e+13
dp[23][1325]=-1.288e+13
dp[24][1325]=-1.288e+13
dp[25][1325]=-1.288e+13
dp[26][1325]=-1.288e+13
dp[27][1325]=-1.288e+13
dp[28][1325]=-1.288e+13
dp[29][1325]=-1.288e+13
dp[30][1325]=-1.288e+13
dp[31][1325]=-1.288e+13
dp[32][1325]=-1.288e+13
dp[33][1325]=-1.288e+13
dp[34][1325]=-1.252e+13
dp[35][1325]=-1.216e+13
dp[36][1325]=-1.144e+13
Select best dp
Best k=10
dp[2][1325]=-301.26
dp[3][1325]=-7.1e+11
dp[4][1325]=-1.31e+12
dp[5][1325]=-1.86e+12
dp[6][1325]=-2.4e+12
dp[7][1325]=-2.93e+12
dp[8][1325]=-3.49e+12
dp[9][1325]=-4.04e+12
dp[10][1325]=-4.53e+12
dp[11][1325]=-5.08e+12
dp[12][1325]=-5.57e+12
dp[13][1325]=-6.06e+12
dp[14][1325]=-6.61e+12
dp[15][1325]=-7.15e+12
dp[16][1325]=-7.61e+12
dp[17][1325]=-8.08e+12
dp[18][1325]=-8.54e+12
dp[19][1325]=-8.96e+12
dp[20][1325]=-9.35e+12
dp[21][1325]=-9.35e+12
dp[22][1325]=-9.72e+12
dp[23][1325]=-1.008e+13
dp[24][1325]=-1.009e+13
dp[25][1325]=-1.009e+13
dp[26][1325]=-1.009e+13
dp[27][1325]=-1.009e+13
dp[28][1325]=-9.73e+12
dp[29][1325]=-9.37e+12
dp[30][1325]=-9.01e+12
dp[31][1325]=-8.65e+12
dp[32][1325]=-8.29e+12
dp[33][1325]=-7.88e+12
dp[34][1325]=-7.39e+12
dp[35][1325]=-6.67e+12
dp[36][1325]=-4.87e+12
Select best dp
Best k=25
Stratifying 2-th numerical feature ...
dp[2][1325]=-4.25e+11
dp[3][1325]=-1.71e+12
dp[4][1325]=-2.945e+12
dp[5][1325]=-4.06e+12
dp[6][1325]=-4.955e+12
dp[7][1325]=-5.585e+12
dp[8][1325]=-6.015e+12
dp[9][1325]=-6.235e+12
dp[10][1325]=-6.44e+12
dp[11][1325]=-6.44e+12
dp[12][1325]=-6.44e+12
dp[13][1325]=-6.44e+12
dp[14][1325]=-6.44e+12
dp[15][1325]=-6.44e+12
dp[16][1325]=-6.44e+12
dp[17][1325]=-6.44e+12
dp[18][1325]=-6.44e+12
dp[19][1325]=-6.44e+12
dp[20][1325]=-6.44e+12
dp[21][1325]=-6.44e+12
dp[22][1325]=-6.44e+12
dp[23][1325]=-6.44e+12
dp[24][1325]=-6.44e+12
dp[25][1325]=-6.44e+12
dp[26][1325]=-6.44e+12
dp[27][1325]=-6.44e+12
dp[28][1325]=-6.44e+12
dp[29][1325]=-6.44e+12
dp[30][1325]=-6.44e+12
dp[31][1325]=-6.44e+12
dp[32][1325]=-6.44e+12
dp[33][1325]=-6.44e+12
dp[34][1325]=-6.26e+12
dp[35][1325]=-6.08e+12
dp[36][1325]=-5.72e+12
Select best dp
Best k=10
dp[2][1325]=-8.5e+11
dp[3][1325]=-3.42e+12
dp[4][1325]=-5.89e+12
dp[5][1325]=-8.12e+12
dp[6][1325]=-9.91e+12
dp[7][1325]=-1.117e+13
dp[8][1325]=-1.203e+13
dp[9][1325]=-1.247e+13
dp[10][1325]=-1.288e+13
dp[11][1325]=-1.288e+13
dp[12][1325]=-1.288e+13
dp[13][1325]=-1.288e+13
dp[14][1325]=-1.288e+13
dp[15][1325]=-1.288e+13
dp[16][1325]=-1.288e+13
dp[17][1325]=-1.288e+13
dp[18][1325]=-1.288e+13
dp[19][1325]=-1.288e+13
dp[20][1325]=-1.288e+13
dp[21][1325]=-1.288e+13
dp[22][1325]=-1.288e+13
dp[23][1325]=-1.288e+13
dp[24][1325]=-1.288e+13
dp[25][1325]=-1.288e+13
dp[26][1325]=-1.288e+13
dp[27][1325]=-1.288e+13
dp[28][1325]=-1.288e+13
dp[29][1325]=-1.288e+13
dp[30][1325]=-1.288e+13
dp[31][1325]=-1.288e+13
dp[32][1325]=-1.288e+13
dp[33][1325]=-1.288e+13
dp[34][1325]=-1.252e+13
dp[35][1325]=-1.216e+13
dp[36][1325]=-1.144e+13
Select best dp
Best k=10
dp[2][1325]=-8.5e+11
dp[3][1325]=-3.42e+12
dp[4][1325]=-5.89e+12
dp[5][1325]=-8.12e+12
dp[6][1325]=-9.91e+12
dp[7][1325]=-1.117e+13
dp[8][1325]=-1.203e+13
dp[9][1325]=-1.247e+13
dp[10][1325]=-1.288e+13
dp[11][1325]=-1.288e+13
dp[12][1325]=-1.288e+13
dp[13][1325]=-1.288e+13
dp[14][1325]=-1.288e+13
dp[15][1325]=-1.288e+13
dp[16][1325]=-1.288e+13
dp[17][1325]=-1.288e+13
dp[18][1325]=-1.288e+13
dp[19][1325]=-1.288e+13
dp[20][1325]=-1.288e+13
dp[21][1325]=-1.288e+13
dp[22][1325]=-1.288e+13
dp[23][1325]=-1.288e+13
dp[24][1325]=-1.288e+13
dp[25][1325]=-1.288e+13
dp[26][1325]=-1.288e+13
dp[27][1325]=-1.288e+13
dp[28][1325]=-1.288e+13
dp[29][1325]=-1.288e+13
dp[30][1325]=-1.288e+13
dp[31][1325]=-1.288e+13
dp[32][1325]=-1.288e+13
dp[33][1325]=-1.288e+13
dp[34][1325]=-1.288e+13
dp[35][1325]=-1.288e+13
dp[36][1325]=-1.288e+13
Select best dp
Best k=10
dp[2][1325]=-8.5e+11
dp[3][1325]=-3.42e+12
dp[4][1325]=-5.89e+12
dp[5][1325]=-8.12e+12
dp[6][1325]=-9.91e+12
dp[7][1325]=-1.117e+13
dp[8][1325]=-1.203e+13
dp[9][1325]=-1.247e+13
dp[10][1325]=-1.288e+13
dp[11][1325]=-1.303e+13
dp[12][1325]=-1.303e+13
dp[13][1325]=-1.303e+13
dp[14][1325]=-1.303e+13
dp[15][1325]=-1.303e+13
dp[16][1325]=-1.303e+13
dp[17][1325]=-1.303e+13
dp[18][1325]=-1.303e+13
dp[19][1325]=-1.303e+13
dp[20][1325]=-1.303e+13
dp[21][1325]=-1.303e+13
dp[22][1325]=-1.303e+13
dp[23][1325]=-1.303e+13
dp[24][1325]=-1.303e+13
dp[25][1325]=-1.303e+13
dp[26][1325]=-1.303e+13
dp[27][1325]=-1.303e+13
dp[28][1325]=-1.303e+13
dp[29][1325]=-1.303e+13
dp[30][1325]=-1.303e+13
dp[31][1325]=-1.303e+13
dp[32][1325]=-1.303e+13
dp[33][1325]=-1.303e+13
dp[34][1325]=-1.303e+13
dp[35][1325]=-1.303e+13
dp[36][1325]=-1.303e+13
Select best dp
Best k=11
dp[2][1325]=-8.5e+11
dp[3][1325]=-3.42e+12
dp[4][1325]=-5.89e+12
dp[5][1325]=-8.12e+12
dp[6][1325]=-9.91e+12
dp[7][1325]=-1.117e+13
dp[8][1325]=-1.203e+13
dp[9][1325]=-1.247e+13
dp[10][1325]=-1.288e+13
dp[11][1325]=-1.303e+13
dp[12][1325]=-1.312e+13
dp[13][1325]=-1.32e+13
dp[14][1325]=-1.32e+13
dp[15][1325]=-1.32e+13
dp[16][1325]=-1.32e+13
dp[17][1325]=-1.32e+13
dp[18][1325]=-1.32e+13
dp[19][1325]=-1.32e+13
dp[20][1325]=-1.32e+13
dp[21][1325]=-1.32e+13
dp[22][1325]=-1.32e+13
dp[23][1325]=-1.32e+13
dp[24][1325]=-1.32e+13
dp[25][1325]=-1.32e+13
dp[26][1325]=-1.32e+13
dp[27][1325]=-1.32e+13
dp[28][1325]=-1.32e+13
dp[29][1325]=-1.32e+13
dp[30][1325]=-1.32e+13
dp[31][1325]=-1.32e+13
dp[32][1325]=-1.32e+13
dp[33][1325]=-1.32e+13
dp[34][1325]=-1.32e+13
dp[35][1325]=-1.32e+13
dp[36][1325]=-1.32e+13
Select best dp
Best k=13
dp[2][1325]=-8.5e+11
dp[3][1325]=-3.42e+12
dp[4][1325]=-5.89e+12
dp[5][1325]=-8.12e+12
dp[6][1325]=-9.91e+12
dp[7][1325]=-1.117e+13
dp[8][1325]=-1.203e+13
dp[9][1325]=-1.247e+13
dp[10][1325]=-1.288e+13
dp[11][1325]=-1.288e+13
dp[12][1325]=-1.288e+13
dp[13][1325]=-1.288e+13
dp[14][1325]=-1.288e+13
dp[15][1325]=-1.288e+13
dp[16][1325]=-1.288e+13
dp[17][1325]=-1.288e+13
dp[18][1325]=-1.288e+13
dp[19][1325]=-1.288e+13
dp[20][1325]=-1.288e+13
dp[21][1325]=-1.288e+13
dp[22][1325]=-1.288e+13
dp[23][1325]=-1.288e+13
dp[24][1325]=-1.288e+13
dp[25][1325]=-1.288e+13
dp[26][1325]=-1.288e+13
dp[27][1325]=-1.288e+13
dp[28][1325]=-1.288e+13
dp[29][1325]=-1.288e+13
dp[30][1325]=-1.288e+13
dp[31][1325]=-1.288e+13
dp[32][1325]=-1.288e+13
dp[33][1325]=-1.288e+13
dp[34][1325]=-1.252e+13
dp[35][1325]=-1.216e+13
dp[36][1325]=-1.144e+13
Select best dp
Best k=10
