Standardize ...
Stratifying 1-th numerical feature ...
Standardize ...
Stratifying 1-th numerical feature ...
Standardize ...
Stratifying 1-th numerical feature ...
Standardize ...
Stratifying 1-th numerical feature ...
Standardize ...
Stratifying 1-th numerical feature ...
Standardize ...
Stratifying 1-th numerical feature ...
Standardize ...
Stratifying 1-th numerical feature ...
Standardize ...
Stratifying 1-th numerical feature ...
Standardize ...
Stratifying 1-th numerical feature ...
Standardize ...
Stratifying 1-th numerical feature ...
Standardize ...
Stratifying 1-th numerical feature ...
Standardize ...
Stratifying 1-th numerical feature ...
Standardize ...
Stratifying 1-th numerical feature ...
Standardize ...
Stratifying 1-th numerical feature ...
dp[2][620]=-357.943
dp[3][620]=-594.593
dp[4][620]=-678.392
dp[5][620]=-711.594
dp[6][620]=-724.07
dp[7][620]=-680.789
dp[8][620]=-583.065
dp[9][620]=-472.641
dp[10][620]=-355.365
dp[11][620]=-214.492
dp[12][620]=-65.6299
dp[13][620]=85.1154
dp[14][620]=245.672
dp[15][620]=413.75
dp[16][620]=586.948
dp[17][620]=764.359
dp[18][620]=948.882
dp[19][620]=1132.51
dp[20][620]=1317.03
dp[21][620]=1508.36
dp[22][620]=1706.18
dp[23][620]=1916.22
dp[24][620]=2155.74
Select best dp
Best k=6
Stratifying 2-th numerical feature ...
dp[2][620]=-357.943
dp[3][620]=-594.593
dp[4][620]=-678.392
dp[5][620]=-711.594
dp[6][620]=-724.07
dp[7][620]=-680.789
dp[8][620]=-583.065
dp[9][620]=-472.641
dp[10][620]=-355.365
dp[11][620]=-214.492
dp[12][620]=-65.6299
dp[13][620]=85.1154
dp[14][620]=245.672
dp[15][620]=413.75
dp[16][620]=586.948
dp[17][620]=764.359
dp[18][620]=948.882
dp[19][620]=1132.51
dp[20][620]=1317.03
dp[21][620]=1508.36
dp[22][620]=1706.18
dp[23][620]=1916.22
dp[24][620]=2155.74
Select best dp
Best k=6
Stratifying 2-th numerical feature ...
dp[2][620]=-357.943
dp[3][620]=-594.593
dp[4][620]=-678.392
dp[5][620]=-711.594
dp[6][620]=-724.07
dp[7][620]=-680.789
dp[8][620]=-583.065
dp[9][620]=-472.641
dp[10][620]=-355.365
dp[11][620]=-214.492
dp[12][620]=-65.6299
dp[13][620]=85.1154
dp[14][620]=245.672
dp[15][620]=413.75
dp[16][620]=586.948
dp[17][620]=764.359
dp[18][620]=948.882
dp[19][620]=1132.51
dp[20][620]=1317.03
dp[21][620]=1508.36
dp[22][620]=1706.18
dp[23][620]=1916.22
dp[24][620]=2155.74
Select best dp
Best k=6
Stratifying 2-th numerical feature ...
dp[2][620]=-357.943
dp[3][620]=-594.593
dp[4][620]=-678.392
dp[5][620]=-711.594
dp[6][620]=-724.07
dp[7][620]=-680.789
dp[8][620]=-583.065
dp[9][620]=-472.641
dp[10][620]=-355.365
dp[11][620]=-214.492
dp[12][620]=-65.6299
dp[13][620]=85.1154
dp[14][620]=245.672
dp[15][620]=413.75
dp[16][620]=586.948
dp[17][620]=764.359
dp[18][620]=948.882
dp[19][620]=1132.51
dp[20][620]=1317.03
dp[21][620]=1508.36
dp[22][620]=1706.18
dp[23][620]=1916.22
dp[24][620]=2155.74
Select best dp
Best k=6
Stratifying 2-th numerical feature ...
dp[2][620]=-357.943
dp[3][620]=-594.593
dp[4][620]=-678.392
dp[5][620]=-711.594
dp[6][620]=-724.07
dp[7][620]=-680.789
dp[8][620]=-583.065
dp[9][620]=-472.641
dp[10][620]=-355.365
dp[11][620]=-214.233
dp[12][620]=-65.047
dp[13][620]=87.3217
dp[14][620]=247.878
dp[15][620]=428.092
dp[16][620]=614.719
Select best dp
Best k=6
Stratifying 2-th numerical feature ...
dp[2][620]=-357.943
dp[3][620]=-594.593
dp[4][620]=-678.392
dp[5][620]=-711.594
dp[6][620]=-724.07
dp[7][620]=-680.789
dp[8][620]=-583.065
dp[9][620]=-472.641
dp[10][620]=-355.365
dp[11][620]=-223.29
dp[12][620]=-85.2121
dp[13][620]=63.6497
dp[14][620]=219.877
dp[15][620]=380.434
dp[16][620]=549.124
dp[17][620]=722.323
dp[18][620]=896.191
dp[19][620]=1076.21
dp[20][620]=1256.84
dp[21][620]=1441.24
dp[22][620]=1635.87
dp[23][620]=1830.81
dp[24][620]=2026.95
Select best dp
Best k=6
Stratifying 2-th numerical feature ...
dp[2][620]=-357.943
dp[3][620]=-1.1e+11
dp[4][620]=-1.1e+11
dp[5][620]=-1.1e+11
dp[6][620]=-1.1e+11
dp[7][620]=-1.1e+11
dp[8][620]=-1.1e+11
dp[9][620]=-1.1e+11
dp[10][620]=-1.1e+11
dp[11][620]=-1.1e+11
dp[12][620]=-1.1e+11
dp[13][620]=-1.1e+11
dp[14][620]=-1.1e+11
dp[15][620]=-1.1e+11
dp[16][620]=-1.1e+11
dp[17][620]=-1.1e+11
dp[18][620]=-1.1e+11
dp[19][620]=-1.1e+11
dp[20][620]=-1.1e+11
dp[21][620]=-1.1e+11
dp[22][620]=-1.1e+11
dp[23][620]=-1.1e+11
dp[24][620]=-1.1e+11
Select best dp
Best k=6
Stratifying 2-th numerical feature ...
dp[2][620]=514.506
dp[3][620]=771.76
dp[4][620]=1029.01
dp[5][620]=1286.27
dp[6][620]=1543.52
dp[7][620]=1800.77
dp[8][620]=2058.03
dp[9][620]=2315.28
dp[10][620]=2572.53
dp[11][620]=2829.79
dp[12][620]=3087.04
dp[13][620]=3344.29
dp[14][620]=3601.55
dp[15][620]=3858.8
dp[16][620]=4116.05
dp[17][620]=4373.31
dp[18][620]=4630.56
dp[19][620]=4887.81
dp[20][620]=5145.06
dp[21][620]=5402.32
dp[22][620]=5659.57
dp[23][620]=5916.82
dp[24][620]=6174.08
Select best dp
Best k=2
Stratifying 2-th numerical feature ...
dp[2][620]=-357.943
dp[3][620]=-594.593
dp[4][620]=-678.392
dp[5][620]=-711.594
dp[6][620]=-724.07
dp[7][620]=-680.789
dp[8][620]=-583.065
dp[9][620]=-472.641
dp[10][620]=-355.365
dp[11][620]=-214.492
dp[12][620]=-65.6299
dp[13][620]=85.1154
dp[14][620]=245.672
dp[15][620]=413.75
dp[16][620]=586.948
dp[17][620]=764.359
dp[18][620]=948.882
dp[19][620]=1132.51
dp[20][620]=1317.03
dp[21][620]=1508.36
dp[22][620]=1706.18
dp[23][620]=1916.22
dp[24][620]=2155.74
Select best dp
Best k=6
dp[2][620]=-1230.39
dp[3][620]=-1960.94
dp[4][620]=-2385.8
dp[5][620]=-2709.45
dp[6][620]=-2991.66
dp[7][620]=-3162.35
dp[8][620]=-3224.15
dp[9][620]=-3260.56
dp[10][620]=-3283.26
dp[11][620]=-3258.77
dp[12][620]=-3218.3
dp[13][620]=-3174.06
dp[14][620]=-3110.2
dp[15][620]=-3031.3
dp[16][620]=-2942.16
dp[17][620]=-2844.59
dp[18][620]=-2732.79
dp[19][620]=-2622.79
dp[20][620]=-2511
dp[21][620]=-2385.59
dp[22][620]=-2247.22
dp[23][620]=-2084.39
dp[24][620]=-1862.59
Select best dp
Best k=10
dp[2][620]=-357.943
dp[3][620]=-594.593
dp[4][620]=-678.392
dp[5][620]=-711.594
dp[6][620]=-724.07
dp[7][620]=-680.789
dp[8][620]=-583.065
dp[9][620]=-472.641
dp[10][620]=-355.365
dp[11][620]=-214.492
dp[12][620]=-65.6299
dp[13][620]=85.1154
dp[14][620]=245.672
dp[15][620]=413.75
dp[16][620]=586.948
dp[17][620]=764.359
dp[18][620]=948.882
dp[19][620]=1132.51
dp[20][620]=1317.03
dp[21][620]=1508.36
dp[22][620]=1706.18
dp[23][620]=1916.22
dp[24][620]=2155.74
Select best dp
Best k=6
Stratifying 2-th numerical feature ...
Stratifying 2-th numerical feature ...
Stratifying 2-th numerical feature ...
dp[2][620]=78.2816
dp[3][620]=88.5836
dp[4][620]=175.311
dp[5][620]=287.336
dp[6][620]=409.725
dp[7][620]=559.992
dp[8][620]=737.481
dp[9][620]=921.319
dp[10][620]=1108.58
dp[11][620]=1307.65
dp[12][620]=1510.7
dp[13][620]=1714.7
dp[14][620]=1923.61
dp[15][620]=2136.27
dp[16][620]=2351.5
dp[17][620]=2568.83
dp[18][620]=2789.72
dp[19][620]=3010.16
dp[20][620]=3231.05
dp[21][620]=3455.34
dp[22][620]=3682.87
dp[23][620]=3916.52
dp[24][620]=4164.91
Select best dp
Best k=2
Stratifying 2-th numerical feature ...
dp[2][620]=-675.562
dp[3][620]=-957.541
dp[4][620]=-1080.35
dp[5][620]=-1108.92
dp[6][620]=-1069.32
dp[7][620]=-1024.16
dp[8][620]=-952.32
dp[9][620]=-843.236
dp[10][620]=-730.221
dp[11][620]=-616.893
dp[12][620]=-498.895
dp[13][620]=-366.551
dp[14][620]=-222.538
dp[15][620]=-76.406
dp[16][620]=88.3436
dp[17][620]=264.907
dp[18][620]=441.85
dp[19][620]=628.141
dp[20][620]=819.033
dp[21][620]=1017.29
dp[22][620]=1216.62
dp[23][620]=1472.82
dp[24][620]=1747.76
Select best dp
Best k=5
Stratifying 3-th numerical feature ...
dp[2][620]=-675.562
dp[3][620]=-957.541
dp[4][620]=-1080.35
dp[5][620]=-1108.92
dp[6][620]=-1069.32
dp[7][620]=-1024.16
dp[8][620]=-952.32
dp[9][620]=-843.236
dp[10][620]=-730.221
dp[11][620]=-616.893
dp[12][620]=-498.895
dp[13][620]=-366.551
dp[14][620]=-222.538
dp[15][620]=-76.406
dp[16][620]=88.3436
dp[17][620]=264.907
dp[18][620]=441.85
dp[19][620]=628.141
dp[20][620]=819.033
dp[21][620]=1017.29
dp[22][620]=1216.62
dp[23][620]=1472.82
dp[24][620]=1747.76
Select best dp
Best k=5
Stratifying 3-th numerical feature ...
dp[2][620]=-675.562
dp[3][620]=-957.541
dp[4][620]=-1080.35
dp[5][620]=-1108.92
dp[6][620]=-1069.32
dp[7][620]=-1024.16
dp[8][620]=-952.32
dp[9][620]=-843.236
dp[10][620]=-730.221
dp[11][620]=-616.893
dp[12][620]=-498.895
dp[13][620]=-366.551
dp[14][620]=-222.538
dp[15][620]=-76.406
dp[16][620]=88.3436
dp[17][620]=264.907
dp[18][620]=441.85
dp[19][620]=628.141
dp[20][620]=819.033
dp[21][620]=1017.29
dp[22][620]=1216.62
dp[23][620]=1472.82
dp[24][620]=1747.76
Select best dp
Best k=5
Stratifying 3-th numerical feature ...
dp[2][620]=-675.562
dp[3][620]=-957.541
dp[4][620]=-1080.35
dp[5][620]=-1108.92
dp[6][620]=-1069.32
dp[7][620]=-1024.16
dp[8][620]=-952.32
dp[9][620]=-843.236
dp[10][620]=-730.221
dp[11][620]=-616.893
dp[12][620]=-498.895
dp[13][620]=-366.551
dp[14][620]=-222.538
dp[15][620]=-76.406
dp[16][620]=88.3436
dp[17][620]=264.907
dp[18][620]=441.85
dp[19][620]=628.141
dp[20][620]=819.033
dp[21][620]=1017.29
dp[22][620]=1216.62
dp[23][620]=1472.82
dp[24][620]=1747.76
Select best dp
Best k=5
Stratifying 3-th numerical feature ...
dp[2][620]=-1.7e+11
dp[3][620]=-1.9e+11
dp[4][620]=-3.6e+11
dp[5][620]=-3.6e+11
dp[6][620]=-5.3e+11
dp[7][620]=-5.3e+11
dp[8][620]=-6.8e+11
dp[9][620]=-6.8e+11
dp[10][620]=-8.3e+11
dp[11][620]=-8.3e+11
dp[12][620]=-9.8e+11
dp[13][620]=-9.8e+11
dp[14][620]=-1.12e+12
dp[15][620]=-1.12e+12
dp[16][620]=-1.23e+12
dp[17][620]=-1.23e+12
dp[18][620]=-1.23e+12
dp[19][620]=-1.23e+12
dp[20][620]=-1.23e+12
dp[21][620]=-1.23e+12
dp[22][620]=-1.23e+12
dp[23][620]=-1.23e+12
dp[24][620]=-1.23e+12
Select best dp
Best k=16
Stratifying 3-th numerical feature ...
dp[2][620]=-675.562
dp[3][620]=-957.541
dp[4][620]=-1080.35
dp[5][620]=-1108.92
dp[6][620]=-1069.32
dp[7][620]=-1024.16
dp[8][620]=-952.32
dp[9][620]=-843.236
dp[10][620]=-730.221
dp[11][620]=-612.662
dp[12][620]=-494.664
dp[13][620]=-347.358
dp[14][620]=-188.172
dp[15][620]=-24.1731
dp[16][620]=161.975
Select best dp
Best k=5
Stratifying 3-th numerical feature ...
dp[2][620]=-5.9e+11
dp[3][620]=-9e+11
dp[4][620]=-1.15e+12
dp[5][620]=-1.43e+12
dp[6][620]=-1.5e+12
dp[7][620]=-1.78e+12
dp[8][620]=-1.78e+12
dp[9][620]=-2.06e+12
dp[10][620]=-2.06e+12
dp[11][620]=-2.31e+12
dp[12][620]=-2.31e+12
dp[13][620]=-2.56e+12
dp[14][620]=-2.56e+12
dp[15][620]=-2.56e+12
dp[16][620]=-2.56e+12
dp[17][620]=-2.56e+12
dp[18][620]=-2.56e+12
dp[19][620]=-2.56e+12
dp[20][620]=-2.56e+12
dp[21][620]=-2.56e+12
dp[22][620]=-2.56e+12
dp[23][620]=-2.28e+12
dp[24][620]=-1.7e+12
Select best dp
Best k=14
Stratifying 4-th numerical feature ...
dp[2][620]=-5.9e+11
dp[3][620]=-9e+11
dp[4][620]=-1.15e+12
dp[5][620]=-1.43e+12
dp[6][620]=-1.5e+12
dp[7][620]=-1.78e+12
dp[8][620]=-1.78e+12
dp[9][620]=-2.06e+12
dp[10][620]=-2.06e+12
dp[11][620]=-2.31e+12
dp[12][620]=-2.31e+12
dp[13][620]=-2.56e+12
dp[14][620]=-2.56e+12
dp[15][620]=-2.56e+12
dp[16][620]=-2.56e+12
dp[17][620]=-2.56e+12
dp[18][620]=-2.56e+12
dp[19][620]=-2.56e+12
dp[20][620]=-2.56e+12
dp[21][620]=-2.56e+12
dp[22][620]=-2.56e+12
dp[23][620]=-2.28e+12
dp[24][620]=-1.7e+12
Select best dp
Best k=14
Stratifying 4-th numerical feature ...
dp[2][620]=-1.7e+11
dp[3][620]=-1.9e+11
dp[4][620]=-3.6e+11
dp[5][620]=-3.6e+11
dp[6][620]=-5.3e+11
dp[7][620]=-5.3e+11
dp[8][620]=-6.8e+11
dp[9][620]=-6.8e+11
dp[10][620]=-8.3e+11
dp[11][620]=-8.3e+11
dp[12][620]=-9.8e+11
dp[13][620]=-9.8e+11
dp[14][620]=-1.12e+12
dp[15][620]=-1.12e+12
dp[16][620]=-1.25e+12
dp[17][620]=-1.25e+12
dp[18][620]=-1.36e+12
dp[19][620]=-1.36e+12
dp[20][620]=-1.47e+12
dp[21][620]=-1.47e+12
dp[22][620]=-1.57e+12
dp[23][620]=-1.57e+12
dp[24][620]=-1.57e+12
Select best dp
Best k=22
Stratifying 3-th numerical feature ...
dp[2][620]=-5.9e+11
dp[3][620]=-9e+11
dp[4][620]=-1.15e+12
dp[5][620]=-1.43e+12
dp[6][620]=-1.5e+12
dp[7][620]=-1.78e+12
dp[8][620]=-1.78e+12
dp[9][620]=-2.06e+12
dp[10][620]=-2.06e+12
dp[11][620]=-2.31e+12
dp[12][620]=-2.31e+12
dp[13][620]=-2.56e+12
dp[14][620]=-2.56e+12
dp[15][620]=-2.56e+12
dp[16][620]=-2.56e+12
dp[17][620]=-2.56e+12
dp[18][620]=-2.56e+12
dp[19][620]=-2.56e+12
dp[20][620]=-2.56e+12
dp[21][620]=-2.56e+12
dp[22][620]=-2.56e+12
dp[23][620]=-2.28e+12
dp[24][620]=-1.7e+12
Select best dp
Best k=14
Stratifying 4-th numerical feature ...
dp[2][620]=-5.9e+11
dp[3][620]=-9e+11
dp[4][620]=-1.15e+12
dp[5][620]=-1.43e+12
dp[6][620]=-1.5e+12
dp[7][620]=-1.78e+12
dp[8][620]=-1.78e+12
dp[9][620]=-2.06e+12
dp[10][620]=-2.06e+12
dp[11][620]=-2.31e+12
dp[12][620]=-2.31e+12
dp[13][620]=-2.56e+12
dp[14][620]=-2.56e+12
dp[15][620]=-2.56e+12
dp[16][620]=-2.56e+12
dp[17][620]=-2.56e+12
dp[18][620]=-2.56e+12
dp[19][620]=-2.56e+12
dp[20][620]=-2.56e+12
dp[21][620]=-2.56e+12
dp[22][620]=-2.56e+12
dp[23][620]=-2.28e+12
dp[24][620]=-1.7e+12
Select best dp
Best k=14
Stratifying 4-th numerical feature ...
dp[2][620]=-357.943
dp[3][620]=-1.1e+11
dp[4][620]=-1.1e+11
dp[5][620]=-1.8e+11
dp[6][620]=-1.8e+11
dp[7][620]=-2.4e+11
dp[8][620]=-2.4e+11
dp[9][620]=-3e+11
dp[10][620]=-3e+11
dp[11][620]=-3.6e+11
dp[12][620]=-3.6e+11
dp[13][620]=-4.2e+11
dp[14][620]=-4.2e+11
dp[15][620]=-4.7e+11
dp[16][620]=-4.7e+11
dp[17][620]=-5.2e+11
dp[18][620]=-5.2e+11
dp[19][620]=-5.7e+11
dp[20][620]=-5.7e+11
dp[21][620]=-6.1e+11
dp[22][620]=-6.1e+11
dp[23][620]=-6.1e+11
dp[24][620]=-6.1e+11
Select best dp
Best k=22
Stratifying 2-th numerical feature ...
dp[2][620]=-3.57e+12
dp[3][620]=-4.21e+12
dp[4][620]=-4.62e+12
dp[5][620]=-4.87e+12
dp[6][620]=-4.87e+12
dp[7][620]=-4.87e+12
dp[8][620]=-4.87e+12
dp[9][620]=-4.87e+12
dp[10][620]=-4.87e+12
dp[11][620]=-4.87e+12
dp[12][620]=-4.87e+12
dp[13][620]=-4.87e+12
dp[14][620]=-4.87e+12
dp[15][620]=-4.87e+12
dp[16][620]=-4.87e+12
dp[17][620]=-4.87e+12
dp[18][620]=-4.87e+12
dp[19][620]=-4.87e+12
dp[20][620]=-4.87e+12
dp[21][620]=-4.87e+12
dp[22][620]=-4.87e+12
dp[23][620]=-4.87e+12
dp[24][620]=-4.62e+12
Select best dp
Best k=5
dp[2][620]=514.506
dp[3][620]=771.76
dp[4][620]=1029.01
dp[5][620]=1286.27
dp[6][620]=1543.52
dp[7][620]=1800.77
dp[8][620]=2058.03
dp[9][620]=2315.28
dp[10][620]=2572.53
dp[11][620]=2829.79
dp[12][620]=3087.04
dp[13][620]=3344.29
dp[14][620]=3601.55
dp[15][620]=3858.8
dp[16][620]=4116.05
dp[17][620]=4373.31
dp[18][620]=4630.56
dp[19][620]=4887.81
dp[20][620]=5145.06
dp[21][620]=5402.32
dp[22][620]=5659.57
dp[23][620]=5916.82
dp[24][620]=6174.08
Select best dp
Best k=2
Stratifying 5-th numerical feature ...
Stratifying 3-th numerical feature ...
dp[2][620]=-675.562
dp[3][620]=-957.541
dp[4][620]=-1080.35
dp[5][620]=-1108.92
dp[6][620]=-1069.32
dp[7][620]=-1024.16
dp[8][620]=-952.32
dp[9][620]=-843.236
dp[10][620]=-730.221
dp[11][620]=-616.893
dp[12][620]=-498.895
dp[13][620]=-366.551
dp[14][620]=-222.538
dp[15][620]=-76.406
dp[16][620]=88.3436
dp[17][620]=264.907
dp[18][620]=441.85
dp[19][620]=628.141
dp[20][620]=819.033
dp[21][620]=1017.29
dp[22][620]=1216.62
dp[23][620]=1472.82
dp[24][620]=1747.76
Select best dp
Best k=5
dp[2][620]=-3.57e+12
dp[3][620]=-4.21e+12
dp[4][620]=-4.62e+12
dp[5][620]=-4.87e+12
dp[6][620]=-4.87e+12
dp[7][620]=-4.87e+12
dp[8][620]=-4.87e+12
dp[9][620]=-4.87e+12
dp[10][620]=-4.87e+12
dp[11][620]=-4.87e+12
dp[12][620]=-4.87e+12
dp[13][620]=-4.87e+12
dp[14][620]=-4.87e+12
dp[15][620]=-4.87e+12
dp[16][620]=-4.87e+12
dp[17][620]=-4.87e+12
dp[18][620]=-4.87e+12
dp[19][620]=-4.87e+12
dp[20][620]=-4.87e+12
dp[21][620]=-4.87e+12
dp[22][620]=-4.87e+12
dp[23][620]=-4.87e+12
dp[24][620]=-4.62e+12
Select best dp
Best k=5
dp[2][620]=-675.562
dp[3][620]=-957.541
dp[4][620]=-1080.35
dp[5][620]=-1108.92
dp[6][620]=-1069.32
dp[7][620]=-1024.16
dp[8][620]=-952.32
dp[9][620]=-843.236
dp[10][620]=-730.221
dp[11][620]=-616.893
dp[12][620]=-498.895
dp[13][620]=-366.551
dp[14][620]=-222.538
dp[15][620]=-76.406
dp[16][620]=88.3436
dp[17][620]=264.907
dp[18][620]=441.85
dp[19][620]=628.141
dp[20][620]=819.033
dp[21][620]=1017.29
dp[22][620]=1216.62
dp[23][620]=1472.82
dp[24][620]=1747.76
Select best dp
Best k=5
Stratifying 3-th numerical feature ...
Stratifying 5-th numerical feature ...
Stratifying 3-th numerical feature ...
dp[2][620]=-1865.63
dp[3][620]=-2686.84
dp[4][620]=-3189.71
dp[5][620]=-3504.11
dp[6][620]=-3682.16
dp[7][620]=-3849.08
dp[8][620]=-3962.67
dp[9][620]=-4001.75
dp[10][620]=-4032.97
dp[11][620]=-4063.57
dp[12][620]=-4084.83
dp[13][620]=-4077.39
dp[14][620]=-4046.62
dp[15][620]=-4011.61
dp[16][620]=-3939.36
dp[17][620]=-3843.49
dp[18][620]=-3746.86
dp[19][620]=-3631.53
dp[20][620]=-3507
dp[21][620]=-3367.75
dp[22][620]=-3226.34
dp[23][620]=-2971.18
dp[24][620]=-2678.56
Select best dp
Best k=12
Stratifying 3-th numerical feature ...
dp[2][620]=-80.528
dp[3][620]=-92.8904
dp[4][620]=-25.6687
dp[5][620]=88.6723
dp[6][620]=237.1
dp[7][620]=388.309
dp[8][620]=552.853
dp[9][620]=736.022
dp[10][620]=921.156
dp[11][620]=1106.45
dp[12][620]=1294.07
dp[13][620]=1488.87
dp[14][620]=1689.5
dp[15][620]=1891.2
dp[16][620]=2102.2
dp[17][620]=2319.11
dp[18][620]=2536.2
dp[19][620]=2757.98
dp[20][620]=2982.05
dp[21][620]=3209.8
dp[22][620]=3438.09
dp[23][620]=3694.82
dp[24][620]=3960.92
Select best dp
Best k=3
Stratifying 3-th numerical feature ...
dp[2][620]=-3.57e+12
dp[3][620]=-4.21e+12
dp[4][620]=-4.62e+12
dp[5][620]=-4.87e+12
dp[6][620]=-4.87e+12
dp[7][620]=-4.87e+12
dp[8][620]=-4.87e+12
dp[9][620]=-4.87e+12
dp[10][620]=-4.87e+12
dp[11][620]=-4.87e+12
dp[12][620]=-4.87e+12
dp[13][620]=-4.87e+12
dp[14][620]=-4.87e+12
dp[15][620]=-4.87e+12
dp[16][620]=-4.87e+12
dp[17][620]=-4.87e+12
dp[18][620]=-4.87e+12
dp[19][620]=-4.87e+12
dp[20][620]=-4.87e+12
dp[21][620]=-4.87e+12
dp[22][620]=-4.87e+12
dp[23][620]=-4.87e+12
dp[24][620]=-4.62e+12
Select best dp
Best k=5
Stratifying 5-th numerical feature ...
dp[2][620]=-3.57e+12
dp[3][620]=-4.21e+12
dp[4][620]=-4.62e+12
dp[5][620]=-4.87e+12
dp[6][620]=-4.87e+12
dp[7][620]=-4.87e+12
dp[8][620]=-4.87e+12
dp[9][620]=-4.87e+12
dp[10][620]=-4.87e+12
dp[11][620]=-4.87e+12
dp[12][620]=-4.87e+12
dp[13][620]=-4.87e+12
dp[14][620]=-4.87e+12
dp[15][620]=-4.87e+12
dp[16][620]=-4.87e+12
dp[17][620]=-4.87e+12
dp[18][620]=-4.87e+12
dp[19][620]=-4.87e+12
dp[20][620]=-4.87e+12
dp[21][620]=-4.87e+12
dp[22][620]=-4.87e+12
dp[23][620]=-4.87e+12
dp[24][620]=-4.62e+12
Select best dp
Best k=5
Stratifying 5-th numerical feature ...
dp[2][620]=-5.9e+11
dp[3][620]=-9e+11
dp[4][620]=-1.15e+12
dp[5][620]=-1.43e+12
dp[6][620]=-1.63e+12
dp[7][620]=-1.78e+12
dp[8][620]=-1.92e+12
dp[9][620]=-2.06e+12
dp[10][620]=-2.2e+12
dp[11][620]=-2.31e+12
dp[12][620]=-2.45e+12
dp[13][620]=-2.56e+12
dp[14][620]=-2.7e+12
dp[15][620]=-2.71e+12
dp[16][620]=-2.85e+12
dp[17][620]=-2.86e+12
dp[18][620]=-3e+12
dp[19][620]=-3e+12
dp[20][620]=-3.12e+12
dp[21][620]=-3.12e+12
dp[22][620]=-3.24e+12
dp[23][620]=-3.24e+12
dp[24][620]=-3.24e+12
Select best dp
Best k=22
Stratifying 4-th numerical feature ...
dp[2][620]=-5.9e+11
dp[3][620]=-5.9e+11
dp[4][620]=-5.9e+11
dp[5][620]=-5.9e+11
dp[6][620]=-5.9e+11
dp[7][620]=-5.9e+11
dp[8][620]=-5.9e+11
dp[9][620]=-5.9e+11
dp[10][620]=-5.9e+11
dp[11][620]=-5.9e+11
dp[12][620]=-5.9e+11
dp[13][620]=-5.9e+11
dp[14][620]=-5.9e+11
dp[15][620]=-5.9e+11
dp[16][620]=-5.9e+11
Select best dp
Best k=6
Stratifying 4-th numerical feature ...
dp[2][620]=-5.9e+11
dp[3][620]=-9e+11
dp[4][620]=-1.15e+12
dp[5][620]=-1.43e+12
dp[6][620]=-1.63e+12
dp[7][620]=-1.78e+12
dp[8][620]=-1.94e+12
dp[9][620]=-2.06e+12
dp[10][620]=-2.22e+12
dp[11][620]=-2.32e+12
dp[12][620]=-2.47e+12
dp[13][620]=-2.57e+12
dp[14][620]=-2.72e+12
dp[15][620]=-2.82e+12
dp[16][620]=-2.87e+12
dp[17][620]=-2.97e+12
dp[18][620]=-3.02e+12
dp[19][620]=-3.12e+12
dp[20][620]=-3.14e+12
dp[21][620]=-3.24e+12
dp[22][620]=-3.26e+12
dp[23][620]=-3.36e+12
dp[24][620]=-3.37e+12
Select best dp
Best k=24
Stratifying 4-th numerical feature ...
dp[2][620]=-1.18e+12
dp[3][620]=-1.18e+12
dp[4][620]=-1.52e+12
dp[5][620]=-1.52e+12
dp[6][620]=-1.85e+12
dp[7][620]=-1.85e+12
dp[8][620]=-2.17e+12
dp[9][620]=-2.17e+12
dp[10][620]=-2.43e+12
dp[11][620]=-2.43e+12
dp[12][620]=-2.43e+12
dp[13][620]=-2.43e+12
dp[14][620]=-2.43e+12
dp[15][620]=-2.43e+12
dp[16][620]=-2.43e+12
dp[17][620]=-2.43e+12
dp[18][620]=-2.43e+12
dp[19][620]=-2.43e+12
dp[20][620]=-2.43e+12
dp[21][620]=-2.38e+12
dp[22][620]=-2.32e+12
dp[23][620]=-2.22e+12
dp[24][620]=-2.08e+12
Select best dp
Best k=11
Stratifying 6-th numerical feature ...
dp[2][620]=-1.18e+12
dp[3][620]=-1.18e+12
dp[4][620]=-1.52e+12
dp[5][620]=-1.52e+12
dp[6][620]=-1.85e+12
dp[7][620]=-1.85e+12
dp[8][620]=-2.17e+12
dp[9][620]=-2.17e+12
dp[10][620]=-2.43e+12
dp[11][620]=-2.43e+12
dp[12][620]=-2.43e+12
dp[13][620]=-2.43e+12
dp[14][620]=-2.43e+12
dp[15][620]=-2.43e+12
dp[16][620]=-2.43e+12
dp[17][620]=-2.43e+12
dp[18][620]=-2.43e+12
dp[19][620]=-2.43e+12
dp[20][620]=-2.43e+12
dp[21][620]=-2.38e+12
dp[22][620]=-2.32e+12
dp[23][620]=-2.22e+12
dp[24][620]=-2.08e+12
Select best dp
Best k=11
Stratifying 6-th numerical feature ...
dp[2][620]=-1.18e+12
dp[3][620]=-1.18e+12
dp[4][620]=-1.52e+12
dp[5][620]=-1.52e+12
dp[6][620]=-1.85e+12
dp[7][620]=-1.85e+12
dp[8][620]=-2.17e+12
dp[9][620]=-2.17e+12
dp[10][620]=-2.43e+12
dp[11][620]=-2.43e+12
dp[12][620]=-2.43e+12
dp[13][620]=-2.43e+12
dp[14][620]=-2.43e+12
dp[15][620]=-2.43e+12
dp[16][620]=-2.43e+12
dp[17][620]=-2.43e+12
dp[18][620]=-2.43e+12
dp[19][620]=-2.43e+12
dp[20][620]=-2.43e+12
dp[21][620]=-2.38e+12
dp[22][620]=-2.32e+12
dp[23][620]=-2.22e+12
dp[24][620]=-2.08e+12
Select best dp
Best k=11
Stratifying 6-th numerical feature ...
dp[2][620]=-1.18e+12
dp[3][620]=-1.18e+12
dp[4][620]=-1.52e+12
dp[5][620]=-1.52e+12
dp[6][620]=-1.85e+12
dp[7][620]=-1.85e+12
dp[8][620]=-2.17e+12
dp[9][620]=-2.17e+12
dp[10][620]=-2.43e+12
dp[11][620]=-2.43e+12
dp[12][620]=-2.43e+12
dp[13][620]=-2.43e+12
dp[14][620]=-2.43e+12
dp[15][620]=-2.43e+12
dp[16][620]=-2.43e+12
dp[17][620]=-2.43e+12
dp[18][620]=-2.43e+12
dp[19][620]=-2.43e+12
dp[20][620]=-2.43e+12
dp[21][620]=-2.38e+12
dp[22][620]=-2.32e+12
dp[23][620]=-2.22e+12
dp[24][620]=-2.08e+12
Select best dp
Best k=11
Stratifying 6-th numerical feature ...
dp[2][620]=-3.57e+12
dp[3][620]=-4.21e+12
dp[4][620]=-4.62e+12
dp[5][620]=-4.87e+12
dp[6][620]=-4.99e+12
dp[7][620]=-5.17e+12
dp[8][620]=-5.39e+12
dp[9][620]=-5.53e+12
dp[10][620]=-5.55e+12
dp[11][620]=-5.69e+12
dp[12][620]=-5.69e+12
dp[13][620]=-5.69e+12
dp[14][620]=-5.69e+12
dp[15][620]=-5.69e+12
dp[16][620]=-5.69e+12
dp[17][620]=-5.69e+12
dp[18][620]=-5.69e+12
dp[19][620]=-5.69e+12
dp[20][620]=-5.69e+12
dp[21][620]=-5.69e+12
dp[22][620]=-5.69e+12
dp[23][620]=-5.69e+12
dp[24][620]=-5.69e+12
Select best dp
Best k=11
Stratifying 5-th numerical feature ...
dp[2][620]=-3.57e+12
dp[3][620]=-4.21e+12
dp[4][620]=-4.62e+12
dp[5][620]=-4.62e+12
dp[6][620]=-4.62e+12
dp[7][620]=-4.62e+12
dp[8][620]=-4.62e+12
dp[9][620]=-4.62e+12
dp[10][620]=-4.62e+12
dp[11][620]=-4.62e+12
dp[12][620]=-4.62e+12
dp[13][620]=-4.62e+12
dp[14][620]=-4.62e+12
dp[15][620]=-4.62e+12
dp[16][620]=-4.25e+12
Select best dp
Best k=4
Stratifying 5-th numerical feature ...
dp[2][620]=514.506
dp[3][620]=771.76
dp[4][620]=1029.01
dp[5][620]=1286.27
dp[6][620]=1543.52
dp[7][620]=1800.77
dp[8][620]=2058.03
dp[9][620]=2315.28
dp[10][620]=2572.53
dp[11][620]=2829.79
dp[12][620]=3087.04
dp[13][620]=3344.29
dp[14][620]=3601.55
dp[15][620]=3858.8
dp[16][620]=4116.05
dp[17][620]=4373.31
dp[18][620]=4630.56
dp[19][620]=4887.81
dp[20][620]=5145.06
dp[21][620]=5402.32
dp[22][620]=5659.57
dp[23][620]=5916.82
dp[24][620]=6174.08
Select best dp
Best k=2
Stratifying 4-th numerical feature ...
dp[2][620]=-2.61e+12
dp[3][620]=-2.86e+12
dp[4][620]=-2.86e+12
dp[5][620]=-2.86e+12
dp[6][620]=-2.86e+12
dp[7][620]=-2.86e+12
dp[8][620]=-2.86e+12
dp[9][620]=-2.86e+12
dp[10][620]=-2.86e+12
dp[11][620]=-2.86e+12
dp[12][620]=-2.86e+12
dp[13][620]=-2.86e+12
dp[14][620]=-2.86e+12
dp[15][620]=-2.86e+12
dp[16][620]=-2.86e+12
dp[17][620]=-2.86e+12
dp[18][620]=-2.86e+12
dp[19][620]=-2.86e+12
dp[20][620]=-2.86e+12
dp[21][620]=-2.86e+12
dp[22][620]=-2.86e+12
dp[23][620]=-2.86e+12
dp[24][620]=-2.86e+12
Select best dp
Best k=6
dp[2][620]=-5.9e+11
dp[3][620]=-9e+11
dp[4][620]=-1.15e+12
dp[5][620]=-1.43e+12
dp[6][620]=-1.5e+12
dp[7][620]=-1.78e+12
dp[8][620]=-1.78e+12
dp[9][620]=-2.06e+12
dp[10][620]=-2.06e+12
dp[11][620]=-2.31e+12
dp[12][620]=-2.31e+12
dp[13][620]=-2.56e+12
dp[14][620]=-2.56e+12
dp[15][620]=-2.56e+12
dp[16][620]=-2.56e+12
dp[17][620]=-2.56e+12
dp[18][620]=-2.56e+12
dp[19][620]=-2.56e+12
dp[20][620]=-2.56e+12
dp[21][620]=-2.56e+12
dp[22][620]=-2.56e+12
dp[23][620]=-2.28e+12
dp[24][620]=-1.7e+12
Select best dp
Best k=14
Stratifying 4-th numerical feature ...
dp[2][620]=-5.9e+11
dp[3][620]=-9e+11
dp[4][620]=-1.15e+12
dp[5][620]=-1.43e+12
dp[6][620]=-1.5e+12
dp[7][620]=-1.78e+12
dp[8][620]=-1.78e+12
dp[9][620]=-2.06e+12
dp[10][620]=-2.06e+12
dp[11][620]=-2.31e+12
dp[12][620]=-2.31e+12
dp[13][620]=-2.56e+12
dp[14][620]=-2.56e+12
dp[15][620]=-2.56e+12
dp[16][620]=-2.56e+12
dp[17][620]=-2.56e+12
dp[18][620]=-2.56e+12
dp[19][620]=-2.56e+12
dp[20][620]=-2.56e+12
dp[21][620]=-2.56e+12
dp[22][620]=-2.56e+12
dp[23][620]=-2.28e+12
dp[24][620]=-1.7e+12
Select best dp
Best k=14
Stratifying 4-th numerical feature ...
dp[2][620]=-3.57e+12
dp[3][620]=-4.21e+12
dp[4][620]=-4.62e+12
dp[5][620]=-4.87e+12
dp[6][620]=-4.99e+12
dp[7][620]=-5.17e+12
dp[8][620]=-5.39e+12
dp[9][620]=-5.53e+12
dp[10][620]=-5.55e+12
dp[11][620]=-5.69e+12
dp[12][620]=-5.69e+12
dp[13][620]=-5.69e+12
dp[14][620]=-5.69e+12
dp[15][620]=-5.69e+12
dp[16][620]=-5.69e+12
dp[17][620]=-5.69e+12
dp[18][620]=-5.69e+12
dp[19][620]=-5.69e+12
dp[20][620]=-5.69e+12
dp[21][620]=-5.69e+12
dp[22][620]=-5.69e+12
dp[23][620]=-5.69e+12
dp[24][620]=-5.69e+12
Select best dp
Best k=11
Stratifying 5-th numerical feature ...
dp[2][620]=-2.95e+11
dp[3][620]=-4.5e+11
dp[4][620]=-5.75e+11
dp[5][620]=-7.15e+11
dp[6][620]=-7.5e+11
dp[7][620]=-8.9e+11
dp[8][620]=-8.9e+11
dp[9][620]=-1.03e+12
dp[10][620]=-1.03e+12
dp[11][620]=-1.155e+12
dp[12][620]=-1.155e+12
dp[13][620]=-1.28e+12
dp[14][620]=-1.28e+12
dp[15][620]=-1.28e+12
dp[16][620]=-1.28e+12
dp[17][620]=-1.28e+12
dp[18][620]=-1.28e+12
dp[19][620]=-1.28e+12
dp[20][620]=-1.28e+12
dp[21][620]=-1.28e+12
dp[22][620]=-1.28e+12
dp[23][620]=-1.14e+12
dp[24][620]=-8.5e+11
Select best dp
Best k=13
dp[2][620]=-1.18e+12
dp[3][620]=-1.8e+12
dp[4][620]=-2.3e+12
dp[5][620]=-2.86e+12
dp[6][620]=-3e+12
dp[7][620]=-3.56e+12
dp[8][620]=-3.56e+12
dp[9][620]=-4.12e+12
dp[10][620]=-4.12e+12
dp[11][620]=-4.62e+12
dp[12][620]=-4.62e+12
dp[13][620]=-5.12e+12
dp[14][620]=-5.12e+12
dp[15][620]=-5.12e+12
dp[16][620]=-5.12e+12
dp[17][620]=-5.12e+12
dp[18][620]=-5.12e+12
dp[19][620]=-5.12e+12
dp[20][620]=-5.12e+12
dp[21][620]=-5.12e+12
dp[22][620]=-5.12e+12
dp[23][620]=-4.56e+12
dp[24][620]=-3.4e+12
Select best dp
Best k=17
dp[2][620]=-2.61e+12
dp[3][620]=-2.86e+12
dp[4][620]=-2.86e+12
dp[5][620]=-2.86e+12
dp[6][620]=-2.86e+12
dp[7][620]=-2.86e+12
dp[8][620]=-2.86e+12
dp[9][620]=-2.86e+12
dp[10][620]=-2.86e+12
dp[11][620]=-2.86e+12
dp[12][620]=-2.86e+12
dp[13][620]=-2.86e+12
dp[14][620]=-2.86e+12
dp[15][620]=-2.86e+12
dp[16][620]=-2.86e+12
dp[17][620]=-2.86e+12
dp[18][620]=-2.86e+12
dp[19][620]=-2.86e+12
dp[20][620]=-2.86e+12
dp[21][620]=-2.86e+12
dp[22][620]=-2.86e+12
dp[23][620]=-2.86e+12
dp[24][620]=-2.86e+12
Select best dp
Best k=6
Stratifying 4-th numerical feature ...
Stratifying 4-th numerical feature ...
dp[2][620]=-2.61e+12
dp[3][620]=-2.86e+12
dp[4][620]=-2.86e+12
dp[5][620]=-2.86e+12
dp[6][620]=-2.86e+12
dp[7][620]=-2.86e+12
dp[8][620]=-2.86e+12
dp[9][620]=-2.86e+12
dp[10][620]=-2.86e+12
dp[11][620]=-2.86e+12
dp[12][620]=-2.86e+12
dp[13][620]=-2.86e+12
dp[14][620]=-2.86e+12
dp[15][620]=-2.86e+12
dp[16][620]=-2.86e+12
dp[17][620]=-2.86e+12
dp[18][620]=-2.86e+12
dp[19][620]=-2.86e+12
dp[20][620]=-2.86e+12
dp[21][620]=-2.86e+12
dp[22][620]=-2.86e+12
dp[23][620]=-2.86e+12
dp[24][620]=-2.86e+12
Select best dp
Best k=6
dp[2][620]=-2.61e+12
dp[3][620]=-2.86e+12
dp[4][620]=-2.86e+12
dp[5][620]=-2.86e+12
dp[6][620]=-2.86e+12
dp[7][620]=-2.86e+12
dp[8][620]=-2.86e+12
dp[9][620]=-2.86e+12
dp[10][620]=-2.86e+12
dp[11][620]=-2.86e+12
dp[12][620]=-2.86e+12
dp[13][620]=-2.86e+12
dp[14][620]=-2.86e+12
dp[15][620]=-2.86e+12
dp[16][620]=-2.86e+12
dp[17][620]=-2.86e+12
dp[18][620]=-2.86e+12
dp[19][620]=-2.86e+12
dp[20][620]=-2.86e+12
dp[21][620]=-2.86e+12
dp[22][620]=-2.86e+12
dp[23][620]=-2.86e+12
dp[24][620]=-2.86e+12
Select best dp
Best k=6
dp[2][620]=-1.18e+12
dp[3][620]=-1.18e+12
dp[4][620]=-1.18e+12
dp[5][620]=-1.18e+12
dp[6][620]=-1.18e+12
dp[7][620]=-1.18e+12
dp[8][620]=-1.18e+12
dp[9][620]=-1.18e+12
dp[10][620]=-1.18e+12
dp[11][620]=-1.18e+12
dp[12][620]=-1.18e+12
dp[13][620]=-1.18e+12
dp[14][620]=-1.18e+12
dp[15][620]=-1.18e+12
dp[16][620]=-1.18e+12
Select best dp
Best k=5
Stratifying 6-th numerical feature ...
dp[2][620]=-1.785e+12
dp[3][620]=-2.105e+12
dp[4][620]=-2.31e+12
dp[5][620]=-2.435e+12
dp[6][620]=-2.435e+12
dp[7][620]=-2.435e+12
dp[8][620]=-2.435e+12
dp[9][620]=-2.435e+12
dp[10][620]=-2.435e+12
dp[11][620]=-2.435e+12
dp[12][620]=-2.435e+12
dp[13][620]=-2.435e+12
dp[14][620]=-2.435e+12
dp[15][620]=-2.435e+12
dp[16][620]=-2.435e+12
dp[17][620]=-2.435e+12
dp[18][620]=-2.435e+12
dp[19][620]=-2.435e+12
dp[20][620]=-2.435e+12
dp[21][620]=-2.435e+12
dp[22][620]=-2.435e+12
dp[23][620]=-2.435e+12
dp[24][620]=-2.31e+12
Select best dp
Best k=5
Stratifying 5-th numerical feature ...
dp[2][620]=191.508
dp[3][620]=-91.5233
dp[4][620]=-206.042
dp[5][620]=-267.686
dp[6][620]=-284.871
dp[7][620]=-253.318
dp[8][620]=-174.305
dp[9][620]=-71.2775
dp[10][620]=32.4882
dp[11][620]=162.25
dp[12][620]=298.954
dp[13][620]=443.176
dp[14][620]=594.549
dp[15][620]=751.902
dp[16][620]=917.923
dp[17][620]=1088.81
dp[18][620]=1263.44
dp[19][620]=1442.48
dp[20][620]=1621.71
dp[21][620]=1800.75
dp[22][620]=1987.16
dp[23][620]=2186.87
dp[24][620]=2417.36
Select best dp
Best k=6
Stratifying 2-th numerical feature ...
dp[2][620]=-3.57e+12
dp[3][620]=-4.21e+12
dp[4][620]=-4.62e+12
dp[5][620]=-4.87e+12
dp[6][620]=-4.87e+12
dp[7][620]=-4.87e+12
dp[8][620]=-4.87e+12
dp[9][620]=-4.87e+12
dp[10][620]=-4.87e+12
dp[11][620]=-4.87e+12
dp[12][620]=-4.87e+12
dp[13][620]=-4.87e+12
dp[14][620]=-4.87e+12
dp[15][620]=-4.87e+12
dp[16][620]=-4.87e+12
dp[17][620]=-4.87e+12
dp[18][620]=-4.87e+12
dp[19][620]=-4.87e+12
dp[20][620]=-4.87e+12
dp[21][620]=-4.87e+12
dp[22][620]=-4.87e+12
dp[23][620]=-4.87e+12
dp[24][620]=-4.62e+12
Select best dp
Best k=5
Stratifying 5-th numerical feature ...
dp[2][620]=-1.18e+12
dp[3][620]=-1.18e+12
dp[4][620]=-1.52e+12
dp[5][620]=-1.52e+12
dp[6][620]=-1.85e+12
dp[7][620]=-1.85e+12
dp[8][620]=-2.17e+12
dp[9][620]=-2.17e+12
dp[10][620]=-2.43e+12
dp[11][620]=-2.43e+12
dp[12][620]=-2.64e+12
dp[13][620]=-2.64e+12
dp[14][620]=-2.81e+12
dp[15][620]=-2.81e+12
dp[16][620]=-2.97e+12
dp[17][620]=-2.97e+12
dp[18][620]=-3.1e+12
dp[19][620]=-3.1e+12
dp[20][620]=-3.23e+12
dp[21][620]=-3.23e+12
dp[22][620]=-3.35e+12
dp[23][620]=-3.35e+12
dp[24][620]=-3.35e+12
Select best dp
Best k=22
Stratifying 6-th numerical feature ...
dp[2][620]=-1.7e+11
dp[3][620]=-2.2e+11
dp[4][620]=-3.6e+11
dp[5][620]=-4.2e+11
dp[6][620]=-5.3e+11
dp[7][620]=-5.9e+11
dp[8][620]=-6.8e+11
dp[9][620]=-7.5e+11
dp[10][620]=-8.3e+11
dp[11][620]=-9e+11
dp[12][620]=-9.8e+11
dp[13][620]=-1.05e+12
dp[14][620]=-1.13e+12
dp[15][620]=-1.2e+12
dp[16][620]=-1.27e+12
dp[17][620]=-1.34e+12
dp[18][620]=-1.4e+12
dp[19][620]=-1.45e+12
dp[20][620]=-1.51e+12
dp[21][620]=-1.56e+12
dp[22][620]=-1.62e+12
dp[23][620]=-1.67e+12
dp[24][620]=-1.72e+12
Select best dp
Best k=24
Stratifying 3-th numerical feature ...
dp[2][620]=-2.61e+12
dp[3][620]=-2.61e+12
dp[4][620]=-2.61e+12
dp[5][620]=-2.61e+12
dp[6][620]=-2.61e+12
dp[7][620]=-2.61e+12
dp[8][620]=-2.61e+12
dp[9][620]=-2.61e+12
dp[10][620]=-2.61e+12
dp[11][620]=-2.61e+12
dp[12][620]=-2.61e+12
dp[13][620]=-2.61e+12
dp[14][620]=-2.61e+12
dp[15][620]=-2.61e+12
dp[16][620]=-2.61e+12
Select best dp
Best k=5
dp[2][620]=-1.18e+12
dp[3][620]=-1.18e+12
dp[4][620]=-1.52e+12
dp[5][620]=-1.52e+12
dp[6][620]=-1.85e+12
dp[7][620]=-1.85e+12
dp[8][620]=-2.17e+12
dp[9][620]=-2.17e+12
dp[10][620]=-2.43e+12
dp[11][620]=-2.43e+12
dp[12][620]=-2.68e+12
dp[13][620]=-2.68e+12
dp[14][620]=-2.85e+12
dp[15][620]=-2.85e+12
dp[16][620]=-3.01e+12
dp[17][620]=-3.01e+12
dp[18][620]=-3.14e+12
dp[19][620]=-3.14e+12
dp[20][620]=-3.27e+12
dp[21][620]=-3.27e+12
dp[22][620]=-3.39e+12
dp[23][620]=-3.39e+12
dp[24][620]=-3.39e+12
Select best dp
Best k=22
Stratifying 6-th numerical feature ...
dp[2][620]=514.506
dp[3][620]=771.76
dp[4][620]=1029.01
dp[5][620]=1286.27
dp[6][620]=1543.52
dp[7][620]=1800.77
dp[8][620]=2058.03
dp[9][620]=2315.28
dp[10][620]=2572.53
dp[11][620]=2829.79
dp[12][620]=3087.04
dp[13][620]=3344.29
dp[14][620]=3601.55
dp[15][620]=3858.8
dp[16][620]=4116.05
dp[17][620]=4373.31
dp[18][620]=4630.56
dp[19][620]=4887.81
dp[20][620]=5145.06
dp[21][620]=5402.32
dp[22][620]=5659.57
dp[23][620]=5916.82
dp[24][620]=6174.08
Select best dp
Best k=2
Stratifying 5-th numerical feature ...
dp[2][620]=-3.57e+12
dp[3][620]=-4.21e+12
dp[4][620]=-4.62e+12
dp[5][620]=-4.87e+12
dp[6][620]=-4.87e+12
dp[7][620]=-4.87e+12
dp[8][620]=-4.87e+12
dp[9][620]=-4.87e+12
dp[10][620]=-4.87e+12
dp[11][620]=-4.87e+12
dp[12][620]=-4.87e+12
dp[13][620]=-4.87e+12
dp[14][620]=-4.87e+12
dp[15][620]=-4.87e+12
dp[16][620]=-4.87e+12
dp[17][620]=-4.87e+12
dp[18][620]=-4.87e+12
dp[19][620]=-4.87e+12
dp[20][620]=-4.87e+12
dp[21][620]=-4.87e+12
dp[22][620]=-4.87e+12
dp[23][620]=-4.87e+12
dp[24][620]=-4.62e+12
Select best dp
Best k=5
Stratifying 5-th numerical feature ...
dp[2][620]=-7.14e+12
dp[3][620]=-8.42e+12
dp[4][620]=-9.24e+12
dp[5][620]=-9.74e+12
dp[6][620]=-9.74e+12
dp[7][620]=-9.74e+12
dp[8][620]=-9.74e+12
dp[9][620]=-9.74e+12
dp[10][620]=-9.74e+12
dp[11][620]=-9.74e+12
dp[12][620]=-9.74e+12
dp[13][620]=-9.74e+12
dp[14][620]=-9.74e+12
dp[15][620]=-9.74e+12
dp[16][620]=-9.74e+12
dp[17][620]=-9.74e+12
dp[18][620]=-9.74e+12
dp[19][620]=-9.74e+12
dp[20][620]=-9.74e+12
dp[21][620]=-9.74e+12
dp[22][620]=-9.74e+12
dp[23][620]=-9.74e+12
dp[24][620]=-9.24e+12
Select best dp
Best k=7
Stratifying 5-th numerical feature ...
dp[2][620]=-5.9e+11
dp[3][620]=-5.9e+11
dp[4][620]=-7.6e+11
dp[5][620]=-7.6e+11
dp[6][620]=-9.25e+11
dp[7][620]=-9.25e+11
dp[8][620]=-1.085e+12
dp[9][620]=-1.085e+12
dp[10][620]=-1.215e+12
dp[11][620]=-1.215e+12
dp[12][620]=-1.215e+12
dp[13][620]=-1.215e+12
dp[14][620]=-1.215e+12
dp[15][620]=-1.215e+12
dp[16][620]=-1.215e+12
dp[17][620]=-1.215e+12
dp[18][620]=-1.215e+12
dp[19][620]=-1.215e+12
dp[20][620]=-1.215e+12
dp[21][620]=-1.19e+12
dp[22][620]=-1.16e+12
dp[23][620]=-1.11e+12
dp[24][620]=-1.04e+12
Select best dp
Best k=10
Stratifying 6-th numerical feature ...
dp[2][620]=-1.18e+12
dp[3][620]=-1.18e+12
dp[4][620]=-1.52e+12
dp[5][620]=-1.52e+12
dp[6][620]=-1.85e+12
dp[7][620]=-1.85e+12
dp[8][620]=-2.17e+12
dp[9][620]=-2.17e+12
dp[10][620]=-2.43e+12
dp[11][620]=-2.43e+12
dp[12][620]=-2.43e+12
dp[13][620]=-2.43e+12
dp[14][620]=-2.43e+12
dp[15][620]=-2.43e+12
dp[16][620]=-2.43e+12
dp[17][620]=-2.43e+12
dp[18][620]=-2.43e+12
dp[19][620]=-2.43e+12
dp[20][620]=-2.43e+12
dp[21][620]=-2.38e+12
dp[22][620]=-2.32e+12
dp[23][620]=-2.22e+12
dp[24][620]=-2.08e+12
Select best dp
Best k=11
Stratifying 6-th numerical feature ...
dp[2][620]=-2.61e+12
dp[3][620]=-2.86e+12
dp[4][620]=-2.86e+12
dp[5][620]=-2.86e+12
dp[6][620]=-2.86e+12
dp[7][620]=-2.86e+12
dp[8][620]=-2.86e+12
dp[9][620]=-2.86e+12
dp[10][620]=-2.86e+12
dp[11][620]=-2.86e+12
dp[12][620]=-2.86e+12
dp[13][620]=-2.86e+12
dp[14][620]=-2.86e+12
dp[15][620]=-2.86e+12
dp[16][620]=-2.86e+12
dp[17][620]=-2.86e+12
dp[18][620]=-2.86e+12
dp[19][620]=-2.86e+12
dp[20][620]=-2.86e+12
dp[21][620]=-2.86e+12
dp[22][620]=-2.86e+12
dp[23][620]=-2.86e+12
dp[24][620]=-2.86e+12
Select best dp
Best k=6
dp[2][620]=514.506
dp[3][620]=771.76
dp[4][620]=1029.01
dp[5][620]=1286.27
dp[6][620]=1543.52
dp[7][620]=1800.77
dp[8][620]=2058.03
dp[9][620]=2315.28
dp[10][620]=2572.53
dp[11][620]=2829.79
dp[12][620]=3087.04
dp[13][620]=3344.29
dp[14][620]=3601.55
dp[15][620]=3858.8
dp[16][620]=4116.05
dp[17][620]=4373.31
dp[18][620]=4630.56
dp[19][620]=4887.81
dp[20][620]=5145.06
dp[21][620]=5402.32
dp[22][620]=5659.57
dp[23][620]=5916.82
dp[24][620]=6174.08
Select best dp
Best k=2
Stratifying 6-th numerical feature ...
dp[2][620]=-1.305e+12
dp[3][620]=-1.43e+12
dp[4][620]=-1.43e+12
dp[5][620]=-1.43e+12
dp[6][620]=-1.43e+12
dp[7][620]=-1.43e+12
dp[8][620]=-1.43e+12
dp[9][620]=-1.43e+12
dp[10][620]=-1.43e+12
dp[11][620]=-1.43e+12
dp[12][620]=-1.43e+12
dp[13][620]=-1.43e+12
dp[14][620]=-1.43e+12
dp[15][620]=-1.43e+12
dp[16][620]=-1.43e+12
dp[17][620]=-1.43e+12
dp[18][620]=-1.43e+12
dp[19][620]=-1.43e+12
dp[20][620]=-1.43e+12
dp[21][620]=-1.43e+12
dp[22][620]=-1.43e+12
dp[23][620]=-1.43e+12
dp[24][620]=-1.43e+12
Select best dp
Best k=5
dp[2][620]=-2.61e+12
dp[3][620]=-2.86e+12
dp[4][620]=-2.86e+12
dp[5][620]=-2.86e+12
dp[6][620]=-2.86e+12
dp[7][620]=-2.86e+12
dp[8][620]=-2.86e+12
dp[9][620]=-2.86e+12
dp[10][620]=-2.86e+12
dp[11][620]=-2.86e+12
dp[12][620]=-2.86e+12
dp[13][620]=-2.86e+12
dp[14][620]=-2.86e+12
dp[15][620]=-2.86e+12
dp[16][620]=-2.86e+12
dp[17][620]=-2.86e+12
dp[18][620]=-2.86e+12
dp[19][620]=-2.86e+12
dp[20][620]=-2.86e+12
dp[21][620]=-2.86e+12
dp[22][620]=-2.86e+12
dp[23][620]=-2.86e+12
dp[24][620]=-2.86e+12
Select best dp
Best k=6
dp[2][620]=-2.61e+12
dp[3][620]=-2.86e+12
dp[4][620]=-2.86e+12
dp[5][620]=-2.86e+12
dp[6][620]=-2.86e+12
dp[7][620]=-2.86e+12
dp[8][620]=-2.86e+12
dp[9][620]=-2.86e+12
dp[10][620]=-2.86e+12
dp[11][620]=-2.86e+12
dp[12][620]=-2.86e+12
dp[13][620]=-2.86e+12
dp[14][620]=-2.86e+12
dp[15][620]=-2.86e+12
dp[16][620]=-2.86e+12
dp[17][620]=-2.86e+12
dp[18][620]=-2.86e+12
dp[19][620]=-2.86e+12
dp[20][620]=-2.86e+12
dp[21][620]=-2.86e+12
dp[22][620]=-2.86e+12
dp[23][620]=-2.86e+12
dp[24][620]=-2.86e+12
Select best dp
Best k=6
dp[2][620]=-1.18e+12
dp[3][620]=-1.18e+12
dp[4][620]=-1.52e+12
dp[5][620]=-1.52e+12
dp[6][620]=-1.85e+12
dp[7][620]=-1.85e+12
dp[8][620]=-2.17e+12
dp[9][620]=-2.17e+12
dp[10][620]=-2.43e+12
dp[11][620]=-2.43e+12
dp[12][620]=-2.43e+12
dp[13][620]=-2.43e+12
dp[14][620]=-2.43e+12
dp[15][620]=-2.43e+12
dp[16][620]=-2.43e+12
dp[17][620]=-2.43e+12
dp[18][620]=-2.43e+12
dp[19][620]=-2.43e+12
dp[20][620]=-2.43e+12
dp[21][620]=-2.38e+12
dp[22][620]=-2.32e+12
dp[23][620]=-2.22e+12
dp[24][620]=-2.08e+12
Select best dp
Best k=11
Stratifying 6-th numerical feature ...
dp[2][620]=-2.36e+12
dp[3][620]=-2.36e+12
dp[4][620]=-3.04e+12
dp[5][620]=-3.04e+12
dp[6][620]=-3.7e+12
dp[7][620]=-3.7e+12
dp[8][620]=-4.34e+12
dp[9][620]=-4.34e+12
dp[10][620]=-4.86e+12
dp[11][620]=-4.86e+12
dp[12][620]=-4.86e+12
dp[13][620]=-4.86e+12
dp[14][620]=-4.86e+12
dp[15][620]=-4.86e+12
dp[16][620]=-4.86e+12
dp[17][620]=-4.86e+12
dp[18][620]=-4.86e+12
dp[19][620]=-4.86e+12
dp[20][620]=-4.86e+12
dp[21][620]=-4.76e+12
dp[22][620]=-4.64e+12
dp[23][620]=-4.44e+12
dp[24][620]=-4.16e+12
Select best dp
Best k=13
Stratifying 6-th numerical feature ...
dp[2][620]=514.506
dp[3][620]=771.76
dp[4][620]=1029.01
dp[5][620]=1286.27
dp[6][620]=1543.52
dp[7][620]=1800.77
dp[8][620]=2058.03
dp[9][620]=2315.28
dp[10][620]=2572.53
dp[11][620]=2829.79
dp[12][620]=3087.04
dp[13][620]=3344.29
dp[14][620]=3601.55
dp[15][620]=3858.8
dp[16][620]=4116.05
dp[17][620]=4373.31
dp[18][620]=4630.56
dp[19][620]=4887.81
dp[20][620]=5145.06
dp[21][620]=5402.32
dp[22][620]=5659.57
dp[23][620]=5916.82
dp[24][620]=6174.08
Select best dp
Best k=2
dp[2][620]=-5.9e+11
dp[3][620]=-9e+11
dp[4][620]=-1.15e+12
dp[5][620]=-1.43e+12
dp[6][620]=-1.63e+12
dp[7][620]=-1.78e+12
dp[8][620]=-2.04e+12
dp[9][620]=-2.14e+12
dp[10][620]=-2.32e+12
dp[11][620]=-2.42e+12
dp[12][620]=-2.57e+12
dp[13][620]=-2.67e+12
dp[14][620]=-2.82e+12
dp[15][620]=-2.92e+12
dp[16][620]=-2.98e+12
dp[17][620]=-3.07e+12
dp[18][620]=-3.13e+12
dp[19][620]=-3.22e+12
dp[20][620]=-3.28e+12
dp[21][620]=-3.34e+12
dp[22][620]=-3.4e+12
dp[23][620]=-3.46e+12
dp[24][620]=-3.52e+12
Select best dp
Best k=24
Stratifying 4-th numerical feature ...
dp[2][620]=-2.61e+12
dp[3][620]=-2.86e+12
dp[4][620]=-2.86e+12
dp[5][620]=-2.86e+12
dp[6][620]=-2.86e+12
dp[7][620]=-2.86e+12
dp[8][620]=-2.86e+12
dp[9][620]=-2.86e+12
dp[10][620]=-2.86e+12
dp[11][620]=-2.86e+12
dp[12][620]=-2.86e+12
dp[13][620]=-2.86e+12
dp[14][620]=-2.86e+12
dp[15][620]=-2.86e+12
dp[16][620]=-2.86e+12
dp[17][620]=-2.86e+12
dp[18][620]=-2.86e+12
dp[19][620]=-2.86e+12
dp[20][620]=-2.86e+12
dp[21][620]=-2.86e+12
dp[22][620]=-2.86e+12
dp[23][620]=-2.86e+12
dp[24][620]=-2.86e+12
Select best dp
Best k=6
dp[2][620]=-5.22e+12
dp[3][620]=-5.72e+12
dp[4][620]=-5.72e+12
dp[5][620]=-5.72e+12
dp[6][620]=-5.72e+12
dp[7][620]=-5.72e+12
dp[8][620]=-5.72e+12
dp[9][620]=-5.72e+12
dp[10][620]=-5.72e+12
dp[11][620]=-5.72e+12
dp[12][620]=-5.72e+12
dp[13][620]=-5.72e+12
dp[14][620]=-5.72e+12
dp[15][620]=-5.72e+12
dp[16][620]=-5.72e+12
dp[17][620]=-5.72e+12
dp[18][620]=-5.72e+12
dp[19][620]=-5.72e+12
dp[20][620]=-5.72e+12
dp[21][620]=-5.72e+12
dp[22][620]=-5.72e+12
dp[23][620]=-5.72e+12
dp[24][620]=-5.72e+12
Select best dp
Best k=9
dp[2][620]=-203.314
dp[3][620]=-522.309
dp[4][620]=-656.752
dp[5][620]=-695.64
dp[6][620]=-676.323
dp[7][620]=-647.283
dp[8][620]=-597.989
dp[9][620]=-494.873
dp[10][620]=-392.669
dp[11][620]=-288.746
dp[12][620]=-184.185
dp[13][620]=-55.1416
dp[14][620]=79.4865
dp[15][620]=218.2
dp[16][620]=381.605
dp[17][620]=551.312
dp[18][620]=722.954
dp[19][620]=903.967
dp[20][620]=1087.57
dp[21][620]=1272.86
dp[22][620]=1462.99
dp[23][620]=1712.17
dp[24][620]=1989.02
Select best dp
Best k=5
Stratifying 3-th numerical feature ...
dp[2][620]=-3.57e+12
dp[3][620]=-4.21e+12
dp[4][620]=-4.62e+12
dp[5][620]=-4.87e+12
dp[6][620]=-4.99e+12
dp[7][620]=-5.17e+12
dp[8][620]=-5.39e+12
dp[9][620]=-5.53e+12
dp[10][620]=-5.62e+12
dp[11][620]=-5.71e+12
dp[12][620]=-5.79e+12
dp[13][620]=-5.95e+12
dp[14][620]=-6.01e+12
dp[15][620]=-6.01e+12
dp[16][620]=-6.01e+12
dp[17][620]=-6.01e+12
dp[18][620]=-6.01e+12
dp[19][620]=-6.01e+12
dp[20][620]=-6.01e+12
dp[21][620]=-6.01e+12
dp[22][620]=-6.01e+12
dp[23][620]=-6.01e+12
dp[24][620]=-6.01e+12
Select best dp
Best k=14
Stratifying 5-th numerical feature ...
dp[2][620]=-1.18e+12
dp[3][620]=-1.18e+12
dp[4][620]=-1.52e+12
dp[5][620]=-1.52e+12
dp[6][620]=-1.85e+12
dp[7][620]=-1.85e+12
dp[8][620]=-2.17e+12
dp[9][620]=-2.17e+12
dp[10][620]=-2.43e+12
dp[11][620]=-2.43e+12
dp[12][620]=-2.68e+12
dp[13][620]=-2.68e+12
dp[14][620]=-2.85e+12
dp[15][620]=-2.85e+12
dp[16][620]=-3.01e+12
dp[17][620]=-3.01e+12
dp[18][620]=-3.14e+12
dp[19][620]=-3.14e+12
dp[20][620]=-3.27e+12
dp[21][620]=-3.27e+12
dp[22][620]=-3.39e+12
dp[23][620]=-3.39e+12
dp[24][620]=-3.5e+12
Select best dp
Best k=24
Stratifying 6-th numerical feature ...
dp[2][620]=-2.61e+12
dp[3][620]=-2.86e+12
dp[4][620]=-2.94e+12
dp[5][620]=-3e+12
dp[6][620]=-3.05e+12
dp[7][620]=-3.13e+12
dp[8][620]=-3.21e+12
dp[9][620]=-3.22e+12
dp[10][620]=-3.3e+12
dp[11][620]=-3.31e+12
dp[12][620]=-3.39e+12
dp[13][620]=-3.39e+12
dp[14][620]=-3.47e+12
dp[15][620]=-3.47e+12
dp[16][620]=-3.53e+12
dp[17][620]=-3.53e+12
dp[18][620]=-3.58e+12
dp[19][620]=-3.58e+12
dp[20][620]=-3.63e+12
dp[21][620]=-3.63e+12
dp[22][620]=-3.63e+12
dp[23][620]=-3.63e+12
dp[24][620]=-3.63e+12
Select best dp
Best k=21
dp[2][620]=-5.9e+11
dp[3][620]=-9e+11
dp[4][620]=-1.15e+12
dp[5][620]=-1.43e+12
dp[6][620]=-1.5e+12
dp[7][620]=-1.78e+12
dp[8][620]=-1.78e+12
dp[9][620]=-2.06e+12
dp[10][620]=-2.06e+12
dp[11][620]=-2.31e+12
dp[12][620]=-2.31e+12
dp[13][620]=-2.56e+12
dp[14][620]=-2.56e+12
dp[15][620]=-2.56e+12
dp[16][620]=-2.56e+12
dp[17][620]=-2.56e+12
dp[18][620]=-2.56e+12
dp[19][620]=-2.56e+12
dp[20][620]=-2.56e+12
dp[21][620]=-2.56e+12
dp[22][620]=-2.56e+12
dp[23][620]=-2.28e+12
dp[24][620]=-1.7e+12
Select best dp
Best k=14
Stratifying 4-th numerical feature ...
dp[2][620]=-3.57e+12
dp[3][620]=-4.21e+12
dp[4][620]=-4.62e+12
dp[5][620]=-4.87e+12
dp[6][620]=-4.87e+12
dp[7][620]=-4.87e+12
dp[8][620]=-4.87e+12
dp[9][620]=-4.87e+12
dp[10][620]=-4.87e+12
dp[11][620]=-4.87e+12
dp[12][620]=-4.87e+12
dp[13][620]=-4.87e+12
dp[14][620]=-4.87e+12
dp[15][620]=-4.87e+12
dp[16][620]=-4.87e+12
dp[17][620]=-4.87e+12
dp[18][620]=-4.87e+12
dp[19][620]=-4.87e+12
dp[20][620]=-4.87e+12
dp[21][620]=-4.87e+12
dp[22][620]=-4.87e+12
dp[23][620]=-4.87e+12
dp[24][620]=-4.62e+12
Select best dp
Best k=5
Stratifying 5-th numerical feature ...
dp[2][620]=-1.18e+12
dp[3][620]=-1.18e+12
dp[4][620]=-1.52e+12
dp[5][620]=-1.52e+12
dp[6][620]=-1.85e+12
dp[7][620]=-1.85e+12
dp[8][620]=-2.17e+12
dp[9][620]=-2.17e+12
dp[10][620]=-2.43e+12
dp[11][620]=-2.43e+12
dp[12][620]=-2.43e+12
dp[13][620]=-2.43e+12
dp[14][620]=-2.43e+12
dp[15][620]=-2.43e+12
dp[16][620]=-2.43e+12
dp[17][620]=-2.43e+12
dp[18][620]=-2.43e+12
dp[19][620]=-2.43e+12
dp[20][620]=-2.43e+12
dp[21][620]=-2.38e+12
dp[22][620]=-2.32e+12
dp[23][620]=-2.22e+12
dp[24][620]=-2.08e+12
Select best dp
Best k=11
Stratifying 6-th numerical feature ...
dp[2][620]=-2.61e+12
dp[3][620]=-2.86e+12
dp[4][620]=-2.86e+12
dp[5][620]=-2.86e+12
dp[6][620]=-2.86e+12
dp[7][620]=-2.86e+12
dp[8][620]=-2.86e+12
dp[9][620]=-2.86e+12
dp[10][620]=-2.86e+12
dp[11][620]=-2.86e+12
dp[12][620]=-2.86e+12
dp[13][620]=-2.86e+12
dp[14][620]=-2.86e+12
dp[15][620]=-2.86e+12
dp[16][620]=-2.86e+12
dp[17][620]=-2.86e+12
dp[18][620]=-2.86e+12
dp[19][620]=-2.86e+12
dp[20][620]=-2.86e+12
dp[21][620]=-2.86e+12
dp[22][620]=-2.86e+12
dp[23][620]=-2.86e+12
dp[24][620]=-2.86e+12
Select best dp
Best k=6
