Standardize ...
Stratifying 1-th numerical feature ...
Standardize ...
Stratifying 1-th numerical feature ...
Standardize ...
Stratifying 1-th numerical feature ...
Standardize ...
Stratifying 1-th numerical feature ...
Standardize ...
Stratifying 1-th numerical feature ...
Standardize ...
Stratifying 1-th numerical feature ...
Standardize ...
Stratifying 1-th numerical feature ...
Standardize ...
Stratifying 1-th numerical feature ...
Standardize ...
Stratifying 1-th numerical feature ...
Standardize ...
Stratifying 1-th numerical feature ...
Standardize ...
Stratifying 1-th numerical feature ...
Standardize ...
Stratifying 1-th numerical feature ...
Standardize ...
Stratifying 1-th numerical feature ...
Standardize ...
Stratifying 1-th numerical feature ...
dp[2][467]=-329.536
dp[3][467]=-2.7e+11
dp[4][467]=-2.7e+11
dp[5][467]=-5.2e+11
dp[6][467]=-5.2e+11
dp[7][467]=-7.7e+11
dp[8][467]=-7.7e+11
dp[9][467]=-7.7e+11
dp[10][467]=-7.7e+11
dp[11][467]=-7.7e+11
dp[12][467]=-7.7e+11
dp[13][467]=-7.7e+11
dp[14][467]=-7.7e+11
dp[15][467]=-7.7e+11
dp[16][467]=-7.7e+11
dp[17][467]=-7.7e+11
dp[18][467]=-7.7e+11
dp[19][467]=-7.6e+11
dp[20][467]=-5.1e+11
dp[21][467]=-469.369
Select best dp
Best k=11
dp[2][467]=-329.536
dp[3][467]=-588.509
dp[4][467]=-753.175
dp[5][467]=-888.079
dp[6][467]=-974.64
dp[7][467]=-1033.72
dp[8][467]=-1090.37
dp[9][467]=-1095.39
dp[10][467]=-1099.86
dp[11][467]=-1080.06
dp[12][467]=-1044.85
dp[13][467]=-995.196
dp[14][467]=-854.52
Select best dp
Best k=10
dp[2][467]=184.454
dp[3][467]=276.681
dp[4][467]=368.908
dp[5][467]=461.135
dp[6][467]=553.362
dp[7][467]=645.589
dp[8][467]=737.816
dp[9][467]=830.043
dp[10][467]=922.27
dp[11][467]=1014.5
dp[12][467]=1106.72
dp[13][467]=1198.95
dp[14][467]=1291.18
dp[15][467]=1383.41
dp[16][467]=1475.63
dp[17][467]=1567.86
dp[18][467]=1660.09
dp[19][467]=1752.31
dp[20][467]=1844.54
dp[21][467]=1936.77
Select best dp
Best k=2
dp[2][467]=-329.536
dp[3][467]=-2.7e+11
dp[4][467]=-2.7e+11
dp[5][467]=-5.2e+11
dp[6][467]=-5.2e+11
dp[7][467]=-7.7e+11
dp[8][467]=-7.7e+11
dp[9][467]=-7.7e+11
dp[10][467]=-7.7e+11
dp[11][467]=-7.7e+11
dp[12][467]=-7.7e+11
dp[13][467]=-7.7e+11
dp[14][467]=-7.7e+11
dp[15][467]=-7.7e+11
dp[16][467]=-7.7e+11
dp[17][467]=-7.7e+11
dp[18][467]=-7.7e+11
dp[19][467]=-7.6e+11
dp[20][467]=-5.1e+11
dp[21][467]=-469.369
Select best dp
Best k=11
dp[2][467]=-329.536
dp[3][467]=-2.7e+11
dp[4][467]=-2.7e+11
dp[5][467]=-5.2e+11
dp[6][467]=-5.2e+11
dp[7][467]=-7.7e+11
dp[8][467]=-7.7e+11
dp[9][467]=-7.7e+11
dp[10][467]=-7.7e+11
dp[11][467]=-7.7e+11
dp[12][467]=-7.7e+11
dp[13][467]=-7.7e+11
dp[14][467]=-7.7e+11
dp[15][467]=-7.7e+11
dp[16][467]=-7.7e+11
dp[17][467]=-7.7e+11
dp[18][467]=-7.7e+11
dp[19][467]=-7.6e+11
dp[20][467]=-5.1e+11
dp[21][467]=-469.369
Select best dp
Best k=11
dp[2][467]=-329.536
dp[3][467]=-2.7e+11
dp[4][467]=-4.3e+11
dp[5][467]=-5.4e+11
dp[6][467]=-6.8e+11
dp[7][467]=-8.1e+11
dp[8][467]=-9.7e+11
dp[9][467]=-1.06e+12
dp[10][467]=-1.22e+12
dp[11][467]=-1.32e+12
dp[12][467]=-1.48e+12
dp[13][467]=-1.57e+12
dp[14][467]=-1.73e+12
dp[15][467]=-1.82e+12
dp[16][467]=-1.98e+12
dp[17][467]=-2.07e+12
dp[18][467]=-2.23e+12
dp[19][467]=-2.27e+12
dp[20][467]=-2.4e+12
dp[21][467]=-2.52e+12
Select best dp
Best k=21
dp[2][467]=-329.536
dp[3][467]=-2.7e+11
dp[4][467]=-4.3e+11
dp[5][467]=-5.4e+11
dp[6][467]=-6.8e+11
dp[7][467]=-8.1e+11
dp[8][467]=-9.7e+11
dp[9][467]=-1.06e+12
dp[10][467]=-1.22e+12
dp[11][467]=-1.32e+12
dp[12][467]=-1.48e+12
dp[13][467]=-1.57e+12
dp[14][467]=-1.73e+12
dp[15][467]=-1.82e+12
dp[16][467]=-1.98e+12
dp[17][467]=-2.07e+12
dp[18][467]=-2.23e+12
dp[19][467]=-2.27e+12
dp[20][467]=-2.4e+12
dp[21][467]=-2.52e+12
Select best dp
Best k=21
dp[2][467]=-868.119
dp[3][467]=-5.4e+11
dp[4][467]=-5.4e+11
dp[5][467]=-1.04e+12
dp[6][467]=-1.04e+12
dp[7][467]=-1.54e+12
dp[8][467]=-1.54e+12
dp[9][467]=-1.54e+12
dp[10][467]=-1.54e+12
dp[11][467]=-1.54e+12
dp[12][467]=-1.54e+12
dp[13][467]=-1.54e+12
dp[14][467]=-1.54e+12
dp[15][467]=-1.54e+12
dp[16][467]=-1.54e+12
dp[17][467]=-1.54e+12
dp[18][467]=-1.54e+12
dp[19][467]=-1.52e+12
dp[20][467]=-1.02e+12
dp[21][467]=-3133.74
Select best dp
Best k=14
dp[2][467]=-329.536
dp[3][467]=-2.7e+11
dp[4][467]=-2.7e+11
dp[5][467]=-5.2e+11
dp[6][467]=-5.2e+11
dp[7][467]=-7.7e+11
dp[8][467]=-7.7e+11
dp[9][467]=-7.7e+11
dp[10][467]=-7.7e+11
dp[11][467]=-7.7e+11
dp[12][467]=-7.7e+11
dp[13][467]=-7.7e+11
dp[14][467]=-7.7e+11
dp[15][467]=-7.7e+11
dp[16][467]=-7.7e+11
dp[17][467]=-7.7e+11
dp[18][467]=-7.7e+11
dp[19][467]=-7.6e+11
dp[20][467]=-5.1e+11
dp[21][467]=-469.369
Select best dp
Best k=11
dp[2][467]=-60.2439
dp[3][467]=-1.35e+11
dp[4][467]=-1.35e+11
dp[5][467]=-2.6e+11
dp[6][467]=-2.6e+11
dp[7][467]=-3.85e+11
dp[8][467]=-3.85e+11
dp[9][467]=-3.85e+11
dp[10][467]=-3.85e+11
dp[11][467]=-3.85e+11
dp[12][467]=-3.85e+11
dp[13][467]=-3.85e+11
dp[14][467]=-3.85e+11
dp[15][467]=-3.85e+11
dp[16][467]=-3.85e+11
dp[17][467]=-3.85e+11
dp[18][467]=-3.85e+11
dp[19][467]=-3.8e+11
dp[20][467]=-2.55e+11
dp[21][467]=862.817
Select best dp
Best k=8
dp[2][467]=-329.536
dp[3][467]=-2.7e+11
dp[4][467]=-2.7e+11
dp[5][467]=-5.2e+11
dp[6][467]=-5.2e+11
dp[7][467]=-7.7e+11
dp[8][467]=-7.7e+11
dp[9][467]=-7.7e+11
dp[10][467]=-7.7e+11
dp[11][467]=-7.7e+11
dp[12][467]=-7.7e+11
dp[13][467]=-7.7e+11
dp[14][467]=-7.7e+11
dp[15][467]=-7.7e+11
dp[16][467]=-7.7e+11
dp[17][467]=-7.7e+11
dp[18][467]=-7.7e+11
dp[19][467]=-7.6e+11
dp[20][467]=-5.1e+11
dp[21][467]=-469.369
Select best dp
Best k=11
dp[2][467]=-329.536
dp[3][467]=-2.7e+11
dp[4][467]=-2.7e+11
dp[5][467]=-5.2e+11
dp[6][467]=-5.2e+11
dp[7][467]=-7.7e+11
dp[8][467]=-7.7e+11
dp[9][467]=-7.7e+11
dp[10][467]=-7.7e+11
dp[11][467]=-7.7e+11
dp[12][467]=-7.7e+11
dp[13][467]=-7.7e+11
dp[14][467]=-7.7e+11
dp[15][467]=-7.7e+11
dp[16][467]=-7.7e+11
dp[17][467]=-7.7e+11
dp[18][467]=-7.7e+11
dp[19][467]=-7.6e+11
dp[20][467]=-5.1e+11
dp[21][467]=-469.369
Select best dp
Best k=11
dp[2][467]=-329.536
dp[3][467]=-2.7e+11
dp[4][467]=-4.3e+11
dp[5][467]=-5.4e+11
dp[6][467]=-6.8e+11
dp[7][467]=-8.1e+11
dp[8][467]=-9.7e+11
dp[9][467]=-1.06e+12
dp[10][467]=-1.22e+12
dp[11][467]=-1.34e+12
dp[12][467]=-1.49e+12
dp[13][467]=-1.59e+12
dp[14][467]=-1.74e+12
dp[15][467]=-1.87e+12
dp[16][467]=-2e+12
dp[17][467]=-2.12e+12
dp[18][467]=-2.25e+12
dp[19][467]=-2.39e+12
dp[20][467]=-2.5e+12
dp[21][467]=-2.64e+12
Select best dp
Best k=21
dp[2][467]=257.09
dp[3][467]=-2.7e+11
dp[4][467]=-2.7e+11
dp[5][467]=-5.2e+11
dp[6][467]=-5.2e+11
dp[7][467]=-7.7e+11
dp[8][467]=-7.7e+11
dp[9][467]=-7.7e+11
dp[10][467]=-7.7e+11
dp[11][467]=-7.7e+11
dp[12][467]=-7.7e+11
dp[13][467]=-7.7e+11
dp[14][467]=-7.7e+11
dp[15][467]=-7.7e+11
dp[16][467]=-7.7e+11
dp[17][467]=-7.7e+11
dp[18][467]=-7.7e+11
dp[19][467]=-7.6e+11
dp[20][467]=-5.1e+11
dp[21][467]=58.9685
Select best dp
Best k=11
