Standardize ...
Stratifying 1-th numerical feature ...
Standardize ...
Stratifying 1-th numerical feature ...
Standardize ...
Stratifying 1-th numerical feature ...
Standardize ...
Stratifying 1-th numerical feature ...
Standardize ...
Stratifying 1-th numerical feature ...
Standardize ...
Stratifying 1-th numerical feature ...
Standardize ...
Stratifying 1-th numerical feature ...
Standardize ...
Stratifying 1-th numerical feature ...
Standardize ...
Stratifying 1-th numerical feature ...
Standardize ...
Stratifying 1-th numerical feature ...
Standardize ...
Stratifying 1-th numerical feature ...
Standardize ...
Stratifying 1-th numerical feature ...
Standardize ...
Stratifying 1-th numerical feature ...
Standardize ...
Stratifying 1-th numerical feature ...
dp[2][395]=-485.623
dp[3][395]=-781.591
dp[4][395]=-949.832
dp[5][395]=-1089.08
dp[6][395]=-1191.69
dp[7][395]=-1254.56
dp[8][395]=-1279.81
dp[9][395]=-1294.17
dp[10][395]=-1305.02
dp[11][395]=-1311.62
dp[12][395]=-1305.56
dp[13][395]=-1295.72
dp[14][395]=-1279.38
dp[15][395]=-1258.43
dp[16][395]=-1236.31
dp[17][395]=-1213.19
dp[18][395]=-1172.05
dp[19][395]=-1119.53
Select best dp
Best k=11
dp[2][395]=-485.623
dp[3][395]=-781.591
dp[4][395]=-949.832
dp[5][395]=-1089.08
dp[6][395]=-1191.69
dp[7][395]=-1254.56
dp[8][395]=-1279.81
dp[9][395]=-1294.17
dp[10][395]=-1305.02
dp[11][395]=-1311.62
dp[12][395]=-1305.56
dp[13][395]=-1295.72
dp[14][395]=-1279.38
dp[15][395]=-1258.43
dp[16][395]=-1236.31
dp[17][395]=-1213.19
dp[18][395]=-1172.05
dp[19][395]=-1119.53
Select best dp
Best k=11
Stratifying 2-th numerical feature ...
dp[2][395]=-485.623
dp[3][395]=-781.591
dp[4][395]=-949.832
dp[5][395]=-1089.08
dp[6][395]=-1191.69
dp[7][395]=-1254.56
dp[8][395]=-1279.81
dp[9][395]=-1294.17
dp[10][395]=-1305.02
dp[11][395]=-1311.62
dp[12][395]=-1305.56
dp[13][395]=-1295.72
dp[14][395]=-1279.38
dp[15][395]=-1258.43
dp[16][395]=-1236.31
dp[17][395]=-1213.19
dp[18][395]=-1172.05
dp[19][395]=-1119.53
Select best dp
Best k=11
Stratifying 2-th numerical feature ...
Stratifying 2-th numerical feature ...
dp[2][395]=-485.623
dp[3][395]=-781.591
dp[4][395]=-949.832
dp[5][395]=-1089.08
dp[6][395]=-1191.69
dp[7][395]=-1254.56
dp[8][395]=-1279.81
dp[9][395]=-1294.17
dp[10][395]=-1305.02
dp[11][395]=-1311.62
dp[12][395]=-1305.56
dp[13][395]=-1295.72
dp[14][395]=-1279.38
dp[15][395]=-1258.43
dp[16][395]=-1236.31
dp[17][395]=-1213.19
dp[18][395]=-1172.05
dp[19][395]=-1119.53
Select best dp
Best k=11
Stratifying 2-th numerical feature ...
dp[2][395]=-1126.76
dp[3][395]=-1796.46
dp[4][395]=-2210.7
dp[5][395]=-2566.95
dp[6][395]=-2849.93
dp[7][395]=-3053.43
dp[8][395]=-3181.68
dp[9][395]=-3288.16
dp[10][395]=-3387.62
dp[11][395]=-3478.58
dp[12][395]=-3544.22
dp[13][395]=-3602.3
dp[14][395]=-3647.38
dp[15][395]=-3683.23
dp[16][395]=-3716.74
dp[17][395]=-3748.27
dp[18][395]=-3743.75
dp[19][395]=-3716.47
Select best dp
Best k=17
Stratifying 2-th numerical feature ...
dp[2][395]=-485.623
dp[3][395]=-781.591
dp[4][395]=-949.832
dp[5][395]=-1089.08
dp[6][395]=-1191.69
dp[7][395]=-1254.56
dp[8][395]=-1279.81
dp[9][395]=-1294.17
dp[10][395]=-1305.02
dp[11][395]=-1311.62
dp[12][395]=-1305.56
dp[13][395]=-1295.72
dp[14][395]=-1279.38
dp[15][395]=-1258.43
dp[16][395]=-1236.31
dp[17][395]=-1213.19
dp[18][395]=-1172.05
dp[19][395]=-1119.53
Select best dp
Best k=11
Stratifying 2-th numerical feature ...
dp[2][395]=-485.623
dp[3][395]=-781.591
dp[4][395]=-949.832
dp[5][395]=-1089.08
dp[6][395]=-1191.69
dp[7][395]=-1254.56
dp[8][395]=-1279.81
dp[9][395]=-1294.17
dp[10][395]=-1305.02
dp[11][395]=-1311.62
dp[12][395]=-1305.56
dp[13][395]=-1295.72
dp[14][395]=-1279.38
dp[15][395]=-1258.43
dp[16][395]=-1236.31
dp[17][395]=-1213.19
dp[18][395]=-1172.05
dp[19][395]=-1119.53
Select best dp
Best k=11
Stratifying 2-th numerical feature ...
dp[2][395]=-485.623
dp[3][395]=-781.591
dp[4][395]=-949.832
dp[5][395]=-1089.08
dp[6][395]=-1191.69
dp[7][395]=-1254.56
dp[8][395]=-1279.81
dp[9][395]=-1294.17
dp[10][395]=-1305.02
dp[11][395]=-1298.24
dp[12][395]=-1284.21
dp[13][395]=-1238.81
Select best dp
Best k=10
Stratifying 2-th numerical feature ...
dp[2][395]=-636.405
dp[2][395]=-636.405
dp[3][395]=-978.473
dp[3][395]=-978.473
dp[4][395]=-1168.45
dp[4][395]=-1168.45
dp[5][395]=-1285.56
dp[5][395]=-1285.56
dp[6][395]=-1375.91
dp[6][395]=-1375.91
dp[7][395]=-1423.92
dp[7][395]=-1423.92
dp[8][395]=-1467.4
dp[8][395]=-1467.4
dp[9][395]=-1487.46
dp[9][395]=-1487.46
dp[10][395]=-1506.9
dp[10][395]=-1506.9
dp[11][395]=-1521.29
dp[11][395]=-1521.29
dp[12][395]=-1521.84
dp[12][395]=-1521.84
dp[13][395]=-1520.72
dp[13][395]=-1520.72
dp[14][395]=-1508.45
dp[14][395]=-1508.45
dp[15][395]=-1486.97
dp[15][395]=-1486.97
dp[16][395]=-1461.55
dp[16][395]=-1461.55
dp[17][395]=-1426.07
dp[17][395]=-1426.07
dp[18][395]=-1388.63
dp[18][395]=-1388.63
dp[19][395]=-1321.78
dp[19][395]=-1321.78
Select best dp
Select best dp
Best k=12
Best k=12
dp[2][395]=155.517
dp[3][395]=233.275
dp[4][395]=311.034
Stratifying 3-th numerical feature ...
dp[5][395]=388.792
Stratifying 3-th numerical feature ...
dp[6][395]=466.55
dp[7][395]=544.309
dp[8][395]=622.067
dp[9][395]=699.825
dp[10][395]=777.584
dp[11][395]=855.342
dp[12][395]=933.101
dp[13][395]=1010.86
dp[14][395]=1088.62
dp[15][395]=1166.38
dp[16][395]=1244.13
dp[17][395]=1321.89
dp[18][395]=1399.65
dp[19][395]=1477.41
Select best dp
Best k=2
Stratifying 2-th numerical feature ...
dp[2][395]=-636.405
dp[3][395]=-978.473
dp[4][395]=-1168.45
dp[5][395]=-1285.56
dp[6][395]=-1375.91
dp[7][395]=-1423.92
dp[8][395]=-1467.4
dp[9][395]=-1487.46
dp[10][395]=-1506.9
dp[11][395]=-1521.29
dp[12][395]=-1521.84
dp[13][395]=-1520.72
dp[14][395]=-1508.45
dp[15][395]=-1486.97
dp[16][395]=-1461.55
dp[17][395]=-1426.07
dp[18][395]=-1388.63
dp[19][395]=-1321.78
Select best dp
Best k=12
Stratifying 3-th numerical feature ...
dp[2][395]=-165.053
dp[3][395]=-274.158
dp[4][395]=-319.399
dp[5][395]=-350.143
dp[6][395]=-362.571
dp[7][395]=-355.126
dp[8][395]=-328.871
dp[9][395]=-297.171
dp[10][395]=-263.718
dp[11][395]=-228.139
dp[12][395]=-186.23
dp[13][395]=-142.432
dp[14][395]=-95.3831
dp[15][395]=-46.0264
dp[16][395]=3.91456
dp[17][395]=54.3513
dp[18][395]=113.8
dp[19][395]=178.94
Select best dp
Best k=6
Stratifying 2-th numerical feature ...
dp[2][395]=-920.751
dp[3][395]=-1330.23
dp[4][395]=-1564.76
dp[5][395]=-1694.32
dp[6][395]=-1804.01
dp[7][395]=-1860.12
dp[8][395]=-1915.96
dp[9][395]=-1951.07
dp[10][395]=-1976.75
dp[11][395]=-2000.74
dp[12][395]=-2013.1
dp[13][395]=-2014.1
dp[14][395]=-2013.41
dp[15][395]=-2006.61
dp[16][395]=-1986.66
dp[17][395]=-1956.61
dp[18][395]=-1915.54
dp[19][395]=-1852.94
Select best dp
Best k=13
Stratifying 3-th numerical feature ...
dp[2][395]=-636.405
dp[3][395]=-978.473
dp[4][395]=-1168.45
dp[5][395]=-1285.56
dp[6][395]=-1375.91
dp[7][395]=-1423.92
dp[8][395]=-1467.4
dp[9][395]=-1487.46
dp[10][395]=-1506.9
dp[11][395]=-1521.29
dp[12][395]=-1521.84
dp[13][395]=-1520.72
dp[14][395]=-1508.45
dp[15][395]=-1486.97
dp[16][395]=-1461.55
dp[17][395]=-1426.07
dp[18][395]=-1388.63
dp[19][395]=-1321.78
Select best dp
Best k=12
Stratifying 3-th numerical feature ...
dp[2][395]=-636.405
dp[3][395]=-978.473
dp[4][395]=-1168.45
dp[5][395]=-1285.56
dp[6][395]=-1375.91
dp[7][395]=-1423.92
dp[8][395]=-1467.4
dp[9][395]=-1487.46
dp[10][395]=-1506.9
dp[11][395]=-1521.29
dp[12][395]=-1521.84
dp[13][395]=-1520.72
dp[14][395]=-1508.45
dp[15][395]=-1486.97
dp[16][395]=-1461.55
dp[17][395]=-1426.07
dp[18][395]=-1388.63
dp[19][395]=-1321.78
Select best dp
Best k=12
Stratifying 3-th numerical feature ...
dp[2][395]=-522.472
dp[3][395]=-838.486
dp[4][395]=-1029.48
dp[5][395]=-1181.05
dp[6][395]=-1291.39
dp[7][395]=-1372.31
dp[8][395]=-1412.64
dp[9][395]=-1443.75
dp[10][395]=-1466.42
dp[11][395]=-1486.18
dp[12][395]=-1494.16
dp[13][395]=-1497.86
dp[14][395]=-1485.98
dp[15][395]=-1473.69
dp[16][395]=-1451.64
dp[17][395]=-1427
dp[18][395]=-1393.75
dp[19][395]=-1344.25
Select best dp
Best k=13
Stratifying 2-th numerical feature ...
dp[2][395]=-673.461
dp[3][395]=-976.721
dp[4][395]=-1120.31
dp[5][395]=-1233.29
dp[6][395]=-1321.61
dp[7][395]=-1384.67
dp[8][395]=-1426.6
dp[9][395]=-1461.57
dp[10][395]=-1492.64
dp[2][395]=-673.461
dp[11][395]=-1505.87
dp[3][395]=-976.721
dp[12][395]=-1506.72
dp[4][395]=-1120.31
dp[13][395]=-1497.98
dp[5][395]=-1233.29
dp[14][395]=-1485.63
dp[6][395]=-1321.61
dp[15][395]=-1459.48
dp[7][395]=-1384.67
dp[16][395]=-1432.26
dp[8][395]=-1426.6
dp[17][395]=-1401.12
dp[9][395]=-1461.57
dp[18][395]=-1367.56
dp[10][395]=-1492.64
dp[19][395]=-1299.58
dp[11][395]=-1505.87
Select best dp
dp[12][395]=-1506.72
Best k=12
dp[13][395]=-1497.98
dp[14][395]=-1485.63
dp[15][395]=-1459.48
dp[16][395]=-1432.26
dp[17][395]=-1401.12
dp[18][395]=-1367.56
dp[19][395]=-1299.58
Select best dp
Best k=12
Stratifying 4-th numerical feature ...
Stratifying 4-th numerical feature ...
dp[2][395]=-485.623
dp[3][395]=-781.591
dp[4][395]=-949.832
dp[5][395]=-1089.08
dp[6][395]=-1191.69
dp[7][395]=-1254.56
dp[8][395]=-1279.81
dp[9][395]=-1294.17
dp[10][395]=-1305.02
dp[11][395]=-1311.62
dp[12][395]=-1305.56
dp[13][395]=-1296.5
dp[14][395]=-1284.7
dp[15][395]=-1270.74
dp[16][395]=-1250.16
dp[17][395]=-1227.04
dp[18][395]=-1201.92
dp[19][395]=-1171.28
Select best dp
Best k=11
Stratifying 2-th numerical feature ...
dp[2][395]=-1530.08
dp[3][395]=-2005.82
dp[4][395]=-2224.55
dp[5][395]=-2373.92
dp[6][395]=-2508.95
dp[7][395]=-2596.37
dp[8][395]=-2677.05
dp[9][395]=-2750.31
dp[10][395]=-2788.69
dp[11][395]=-2808.39
dp[12][395]=-2817.88
dp[13][395]=-2816.21
dp[14][395]=-2808.06
dp[15][395]=-2783.83
dp[16][395]=-2756.5
dp[17][395]=-2728.31
dp[18][395]=-2691.18
dp[19][395]=-2630.59
Select best dp
Best k=12
Stratifying 4-th numerical feature ...
dp[2][395]=-485.623
dp[3][395]=-781.591
dp[4][395]=-949.832
dp[5][395]=-1089.08
dp[6][395]=-1191.69
dp[7][395]=-1254.56
dp[8][395]=-1279.81
dp[9][395]=-1294.17
dp[10][395]=-1305.02
dp[11][395]=-1311.62
dp[12][395]=-1305.56
dp[13][395]=-1296.5
dp[14][395]=-1284.7
dp[15][395]=-1270.74
dp[16][395]=-1250.16
dp[17][395]=-1227.04
dp[18][395]=-1201.92
dp[19][395]=-1173.03
Select best dp
Best k=11
Stratifying 2-th numerical feature ...
dp[2][395]=-636.405
dp[3][395]=-978.473
dp[4][395]=-1168.45
dp[5][395]=-1285.56
dp[6][395]=-1375.91
dp[7][395]=-1423.92
dp[8][395]=-1467.4
dp[9][395]=-1487.46
dp[10][395]=-1506.9
dp[11][395]=-1521.29
dp[12][395]=-1513.3
dp[13][395]=-1473.58
Select best dp
Best k=11
Stratifying 3-th numerical feature ...
dp[2][395]=-1428.33
dp[3][395]=-2190.22
dp[4][395]=-2647.94
dp[5][395]=-2959.92
dp[6][395]=-3218.38
dp[7][395]=-3392.15
dp[8][395]=-3556.86
dp[9][395]=-3674.74
dp[10][395]=-3791.39
dp[11][395]=-3897.92
dp[12][395]=-3976.78
dp[13][395]=-4052.29
dp[14][395]=-4105.52
dp[15][395]=-4140.31
dp[16][395]=-4167.24
dp[17][395]=-4174.04
dp[18][395]=-4176.91
dp[19][395]=-4120.97
Select best dp
Best k=18
Stratifying 3-th numerical feature ...
dp[2][395]=-1530.08
dp[3][395]=-2005.82
dp[4][395]=-2224.55
dp[5][395]=-2373.92
dp[6][395]=-2508.95
dp[7][395]=-2596.37
dp[8][395]=-2677.05
dp[9][395]=-2750.31
dp[10][395]=-2788.69
dp[11][395]=-2808.39
dp[12][395]=-2817.88
dp[13][395]=-2816.21
dp[14][395]=-2808.06
dp[15][395]=-2783.83
dp[16][395]=-2756.5
dp[17][395]=-2728.31
dp[18][395]=-2691.18
dp[19][395]=-2630.59
Select best dp
Best k=12
Stratifying 4-th numerical feature ...
dp[2][395]=-1530.08
dp[3][395]=-2005.82
dp[4][395]=-2224.55
dp[5][395]=-2373.92
dp[6][395]=-2508.95
dp[7][395]=-2596.37
dp[8][395]=-2677.05
dp[9][395]=-2750.31
dp[10][395]=-2788.69
dp[11][395]=-2808.39
dp[12][395]=-2817.88
dp[13][395]=-2816.21
dp[14][395]=-2808.06
dp[15][395]=-2783.83
dp[16][395]=-2756.5
dp[17][395]=-2728.31
dp[18][395]=-2691.18
dp[19][395]=-2630.59
Select best dp
Best k=12
Stratifying 4-th numerical feature ...
dp[2][395]=-1077.18
dp[3][395]=-1528.78
dp[4][395]=-1725.52
dp[5][395]=-1858.39
dp[6][395]=-1968.46
dp[7][395]=-2042.57
dp[8][395]=-2117.01
dp[9][395]=-2178.19
dp[10][395]=-2214.57
dp[11][395]=-2234.53
dp[12][395]=-2240.89
dp[13][395]=-2238.49
dp[14][395]=-2234.69
dp[15][395]=-2207.73
dp[16][395]=-2179.4
dp[17][395]=-2149.6
dp[18][395]=-2116.32
dp[19][395]=-2049.86
Select best dp
Best k=12
Stratifying 4-th numerical feature ...
dp[2][395]=-485.623
dp[3][395]=-781.591
dp[4][395]=-949.832
dp[5][395]=-1089.08
dp[6][395]=-1191.69
dp[7][395]=-1254.56
dp[8][395]=-1279.81
dp[9][395]=-1294.17
dp[10][395]=-1305.02
dp[11][395]=-1311.62
dp[12][395]=-1305.56
dp[13][395]=-1296.5
dp[14][395]=-1284.7
dp[15][395]=-1270.74
dp[16][395]=-1250.16
dp[17][395]=-1227.04
dp[18][395]=-1201.92
dp[19][395]=-1174.26
Select best dp
Best k=11
Stratifying 2-th numerical feature ...
dp[2][395]=-762.009
dp[3][395]=-1083.12
dp[4][395]=-1275.26
dp[5][395]=-1411.58
dp[6][395]=-1489.34
dp[7][395]=-1545.64
dp[8][395]=-1594.62
dp[9][395]=-1634.11
dp[10][395]=-1647.72
dp[11][395]=-1655.02
dp[12][395]=-1649.83
dp[13][395]=-1644.17
dp[14][395]=-1632.42
dp[15][395]=-1617.36
dp[16][395]=-1601.61
dp[17][395]=-1575.16
dp[18][395]=-1531.5
dp[19][395]=-1483.49
Select best dp
Best k=11
dp[2][395]=-762.009
dp[3][395]=-1083.12
dp[4][395]=-1275.26
dp[5][395]=-1411.58
dp[6][395]=-1489.34
dp[7][395]=-1545.64
dp[8][395]=-1594.62
dp[9][395]=-1634.11
dp[10][395]=-1647.72
dp[11][395]=-1655.02
dp[12][395]=-1649.83
dp[13][395]=-1644.17
dp[14][395]=-1632.42
dp[15][395]=-1617.36
dp[16][395]=-1601.61
dp[17][395]=-1575.16
dp[18][395]=-1531.5
dp[19][395]=-1483.49
Select best dp
Best k=11
Stratifying 5-th numerical feature ...
Stratifying 5-th numerical feature ...
dp[2][395]=-762.009
dp[3][395]=-1083.12
dp[4][395]=-1275.26
dp[5][395]=-1411.58
dp[6][395]=-1489.34
dp[7][395]=-1545.64
dp[8][395]=-1594.62
dp[9][395]=-1634.11
dp[10][395]=-1647.72
dp[11][395]=-1655.02
dp[12][395]=-1649.83
dp[13][395]=-1644.17
dp[14][395]=-1632.42
dp[15][395]=-1617.36
dp[16][395]=-1601.61
dp[17][395]=-1575.16
dp[18][395]=-1531.5
dp[19][395]=-1483.49
Select best dp
Best k=11
Stratifying 5-th numerical feature ...
dp[2][395]=155.517
dp[3][395]=233.275
dp[4][395]=311.034
dp[5][395]=388.792
dp[6][395]=466.55
dp[7][395]=544.309
dp[8][395]=622.067
dp[9][395]=699.825
dp[10][395]=777.584
dp[11][395]=855.342
dp[12][395]=933.101
dp[13][395]=1010.86
dp[14][395]=1088.62
dp[15][395]=1166.38
dp[16][395]=1244.13
dp[17][395]=1321.89
dp[18][395]=1399.65
dp[19][395]=1477.41
Select best dp
Best k=2
Stratifying 3-th numerical feature ...
dp[2][395]=-240.444
dp[3][395]=-372.599
dp[4][395]=-428.709
dp[5][395]=-448.386
dp[6][395]=-454.681
dp[7][395]=-439.805
dp[8][395]=-422.664
dp[9][395]=-393.817
dp[10][395]=-364.66
dp[11][395]=-332.973
dp[12][395]=-294.371
dp[13][395]=-254.929
dp[14][395]=-209.917
dp[15][395]=-160.296
dp[16][395]=-108.71
dp[17][395]=-52.0907
dp[18][395]=5.5111
dp[19][395]=77.8153
Select best dp
Best k=6
Stratifying 3-th numerical feature ...
dp[2][395]=-762.009
dp[3][395]=-1083.12
dp[4][395]=-1275.26
dp[5][395]=-1411.58
dp[6][395]=-1489.34
dp[7][395]=-1545.64
dp[8][395]=-1594.62
dp[9][395]=-1634.11
dp[10][395]=-1647.72
dp[11][395]=-1655.02
dp[12][395]=-1649.83
dp[13][395]=-1644.17
dp[14][395]=-1632.42
dp[15][395]=-1617.36
dp[16][395]=-1601.61
dp[17][395]=-1575.16
dp[18][395]=-1531.5
dp[19][395]=-1483.49
Select best dp
Best k=11
Stratifying 5-th numerical feature ...
dp[2][395]=-762.009
dp[3][395]=-1083.12
dp[4][395]=-1275.26
dp[5][395]=-1411.58
dp[6][395]=-1489.34
dp[7][395]=-1545.64
dp[8][395]=-1594.62
dp[9][395]=-1634.11
dp[10][395]=-1647.72
dp[11][395]=-1655.02
dp[12][395]=-1649.83
dp[13][395]=-1644.17
dp[14][395]=-1632.42
dp[15][395]=-1617.36
dp[16][395]=-1601.61
dp[17][395]=-1575.16
dp[18][395]=-1531.5
dp[19][395]=-1483.49
Select best dp
Best k=11
Stratifying 5-th numerical feature ...
dp[2][395]=-762.009
dp[3][395]=-1083.12
dp[4][395]=-1275.26
dp[5][395]=-1411.58
dp[6][395]=-1489.34
dp[7][395]=-1545.64
dp[8][395]=-1594.62
dp[9][395]=-1634.11
dp[10][395]=-1647.72
dp[11][395]=-1655.02
dp[12][395]=-1649.83
dp[13][395]=-1644.17
dp[14][395]=-1632.42
dp[15][395]=-1617.36
dp[16][395]=-1601.61
dp[17][395]=-1575.16
dp[18][395]=-1531.5
dp[19][395]=-1483.49
Select best dp
Best k=11
Stratifying 5-th numerical feature ...
dp[2][395]=-1530.08
dp[3][395]=-2005.82
dp[4][395]=-2224.55
dp[5][395]=-2373.92
dp[6][395]=-2508.95
dp[7][395]=-2596.37
dp[8][395]=-2677.05
dp[9][395]=-2723.64
dp[10][395]=-2762.01
dp[11][395]=-2775.69
dp[12][395]=-2751.21
dp[13][395]=-2691.54
Select best dp
Best k=11
Stratifying 4-th numerical feature ...
dp[2][395]=-1066.45
dp[3][395]=-1356.74
dp[4][395]=-1552.43
dp[5][395]=-1670.31
dp[6][395]=-1762.17
dp[7][395]=-1830.58
dp[8][395]=-1894.86
dp[9][395]=-1921.89
dp[10][395]=-1938.35
dp[11][395]=-1947.25
dp[12][395]=-1939.87
dp[13][395]=-1924.41
dp[14][395]=-1905.79
dp[15][395]=-1885.17
dp[16][395]=-1859.84
dp[17][395]=-1830.83
dp[18][395]=-1781.21
dp[19][395]=-1724.96
Select best dp
Best k=11
dp[2][395]=-1066.45
dp[3][395]=-1356.74
dp[4][395]=-1552.43
dp[5][395]=-1670.31
dp[6][395]=-1762.17
dp[7][395]=-1830.58
dp[8][395]=-1894.86
dp[9][395]=-1921.89
dp[10][395]=-1938.35
dp[11][395]=-1947.25
dp[12][395]=-1939.87
dp[13][395]=-1924.41
dp[14][395]=-1905.79
dp[15][395]=-1885.17
dp[16][395]=-1859.84
dp[17][395]=-1830.83
dp[18][395]=-1781.21
dp[19][395]=-1724.96
Select best dp
Best k=11
Stratifying 6-th numerical feature ...
Stratifying 6-th numerical feature ...
dp[2][395]=-1517.08
dp[3][395]=-1970.28
dp[4][395]=-2245.61
dp[5][395]=-2406.74
dp[6][395]=-2555.42
dp[7][395]=-2675.14
dp[8][395]=-2734.96
dp[9][395]=-2764.06
dp[10][395]=-2792.59
dp[11][395]=-2810.38
dp[12][395]=-2822.87
dp[13][395]=-2827.16
dp[14][395]=-2830.99
dp[15][395]=-2831.4
dp[16][395]=-2822.84
dp[17][395]=-2808.26
dp[18][395]=-2749.37
dp[19][395]=-2679.37
Select best dp
Best k=15
Stratifying 6-th numerical feature ...
dp[2][395]=-853.687
dp[3][395]=-1256.52
dp[4][395]=-1486.67
dp[5][395]=-1620.5
dp[6][395]=-1731.87
dp[7][395]=-1790.33
dp[8][395]=-1847
dp[9][395]=-1879.24
dp[10][395]=-1905.73
dp[11][395]=-1930.41
dp[12][395]=-1942.12
dp[13][395]=-1941.69
dp[14][395]=-1938.28
dp[15][395]=-1932.17
dp[16][395]=-1913.67
dp[17][395]=-1885.06
dp[18][395]=-1847.46
dp[19][395]=-1781.22
Select best dp
Best k=12
Stratifying 3-th numerical feature ...
dp[2][395]=-1517.08
dp[3][395]=-1970.28
dp[4][395]=-2245.61
dp[5][395]=-2406.74
dp[6][395]=-2555.42
dp[7][395]=-2675.14
dp[8][395]=-2734.96
dp[9][395]=-2764.06
dp[10][395]=-2792.59
dp[11][395]=-2810.38
dp[12][395]=-2822.87
dp[13][395]=-2827.16
dp[14][395]=-2830.99
dp[15][395]=-2831.4
dp[16][395]=-2822.84
dp[17][395]=-2808.26
dp[18][395]=-2749.37
dp[19][395]=-2679.37
Select best dp
Best k=15
Stratifying 6-th numerical feature ...
dp[2][395]=-2359.06
dp[3][395]=-3207.92
dp[4][395]=-3644.57
dp[5][395]=-3982.92
dp[6][395]=-4292.08
dp[7][395]=-4507.82
dp[8][395]=-4721.16
dp[9][395]=-4905.35
dp[10][395]=-5052.75
dp[11][395]=-5165.34
dp[12][395]=-5255.99
dp[13][395]=-5322.8
dp[14][395]=-5378.73
dp[15][395]=-5400.99
dp[16][395]=-5424.46
dp[17][395]=-5445.69
dp[18][395]=-5452.95
dp[19][395]=-5405.09
Select best dp
Best k=18
Stratifying 4-th numerical feature ...
dp[2][395]=-1517.08
dp[3][395]=-1970.28
dp[4][395]=-2245.61
dp[5][395]=-2406.74
dp[6][395]=-2555.42
dp[7][395]=-2675.14
dp[8][395]=-2734.96
dp[9][395]=-2764.06
dp[10][395]=-2792.59
dp[11][395]=-2810.38
dp[12][395]=-2822.87
dp[13][395]=-2827.16
dp[14][395]=-2830.99
dp[15][395]=-2831.4
dp[16][395]=-2822.84
dp[17][395]=-2808.26
dp[18][395]=-2749.37
dp[19][395]=-2679.37
Select best dp
Best k=15
Stratifying 6-th numerical feature ...
dp[2][395]=-1235.79
dp[3][395]=-1597.56
dp[4][395]=-1875.18
dp[5][395]=-2020.01
dp[6][395]=-2125.4
dp[7][395]=-2220.16
dp[8][395]=-2284.28
dp[9][395]=-2321.09
dp[10][395]=-2349.95
dp[11][395]=-2358.08
dp[12][395]=-2365.67
dp[13][395]=-2363.57
dp[14][395]=-2360.05
dp[15][395]=-2351
dp[16][395]=-2338.04
dp[17][395]=-2315.49
dp[18][395]=-2263.66
dp[19][395]=-2206.46
Select best dp
Best k=12
Stratifying 6-th numerical feature ...
dp[2][395]=-571.561
dp[2][395]=-571.561
dp[3][395]=-873.082
dp[3][395]=-873.082
dp[4][395]=-1072.77
dp[4][395]=-1072.77
dp[5][395]=-1211.32
dp[5][395]=-1211.32
dp[6][395]=-1293.39
dp[6][395]=-1293.39
dp[7][395]=-1363.88
dp[7][395]=-1363.88
dp[8][395]=-1399.14
dp[8][395]=-1399.14
dp[9][395]=-1428.62
dp[9][395]=-1428.62
dp[10][395]=-1452.66
dp[10][395]=-1452.66
dp[11][395]=-1460.33
dp[11][395]=-1460.33
dp[12][395]=-1457.64
dp[12][395]=-1457.64
dp[13][395]=-1454.35
dp[13][395]=-1454.35
dp[14][395]=-1443.9
dp[14][395]=-1443.9
dp[15][395]=-1422.13
dp[15][395]=-1422.13
dp[16][395]=-1398.39
dp[16][395]=-1398.39
dp[17][395]=-1369.39
dp[17][395]=-1369.39
dp[18][395]=-1336.78
dp[18][395]=-1336.78
dp[19][395]=-1295.96
dp[19][395]=-1295.96
Select best dp
Select best dp
Best k=11
Best k=11
dp[2][395]=-571.561
dp[3][395]=-873.082
dp[4][395]=-1072.77
dp[5][395]=-1211.32
dp[6][395]=-1293.39
dp[7][395]=-1363.88
dp[8][395]=-1399.14
dp[9][395]=-1428.62
dp[10][395]=-1452.66
dp[11][395]=-1460.33
dp[12][395]=-1457.64
dp[13][395]=-1454.35
dp[14][395]=-1443.9
dp[15][395]=-1422.13
dp[16][395]=-1398.39
dp[17][395]=-1369.39
dp[18][395]=-1336.78
dp[19][395]=-1295.96
Select best dp
Best k=11
dp[2][395]=-701.1
dp[3][395]=-838.816
dp[4][395]=-834.756
dp[5][395]=-792.984
dp[6][395]=-767.308
dp[7][395]=-721.854
dp[8][395]=-672.661
dp[9][395]=-612.673
dp[10][395]=-551.213
dp[11][395]=-484.602
dp[12][395]=-414.854
dp[13][395]=-341.485
dp[14][395]=-267.2
dp[15][395]=-193.831
dp[16][395]=-115.556
dp[17][395]=-36.8523
dp[18][395]=43.3892
dp[19][395]=127.481
Select best dp
Best k=3
dp[2][395]=-636.405
dp[2][395]=-762.009
dp[3][395]=-978.473
dp[3][395]=-1083.12
dp[4][395]=-1168.45
dp[4][395]=-1275.26
dp[5][395]=-1285.56
dp[5][395]=-1411.58
dp[6][395]=-1375.91
dp[6][395]=-1489.34
dp[7][395]=-1538.43
dp[7][395]=-1423.92
dp[8][395]=-1583.11
dp[9][395]=-1622.13
dp[8][395]=-1467.4
dp[10][395]=-1627.5
dp[9][395]=-1487.46
dp[11][395]=-1631.57
dp[12][395]=-1624.7
dp[10][395]=-1506.9
dp[13][395]=-1582.76
Select best dp
dp[11][395]=-1521.29
Best k=11
dp[12][395]=-1521.84
dp[13][395]=-1520.72
dp[14][395]=-1508.45
dp[15][395]=-1488.51
dp[16][395]=-1467.56
dp[17][395]=-1442.17
dp[18][395]=-1415.86
dp[19][395]=-1387.09
Select best dp
Best k=12
dp[2][395]=-636.405
dp[3][395]=-978.473
dp[4][395]=-1168.45
dp[5][395]=-1285.56
dp[6][395]=-1375.91
dp[7][395]=-1423.92
dp[8][395]=-1467.4
dp[9][395]=-1487.46
dp[10][395]=-1506.9
dp[11][395]=-1521.29
dp[12][395]=-1521.84
dp[13][395]=-1520.72
dp[14][395]=-1508.45
dp[15][395]=-1488.51
dp[16][395]=-1467.56
dp[17][395]=-1442.17
dp[18][395]=-1415.86
dp[19][395]=-1387.09
Select best dp
Best k=12
Stratifying 4-th numerical feature ...
Stratifying 5-th numerical feature ...
Stratifying 3-th numerical feature ...
Stratifying 3-th numerical feature ...
dp[2][395]=-571.561
dp[3][395]=-873.082
dp[4][395]=-1072.77
dp[5][395]=-1211.32
dp[6][395]=-1293.39
dp[7][395]=-1363.88
dp[8][395]=-1399.14
dp[9][395]=-1428.62
dp[10][395]=-1452.66
dp[11][395]=-1460.33
dp[12][395]=-1457.64
dp[13][395]=-1454.35
dp[14][395]=-1443.9
dp[15][395]=-1422.13
dp[16][395]=-1398.39
dp[17][395]=-1369.39
dp[18][395]=-1336.78
dp[19][395]=-1295.96
Select best dp
Best k=11
dp[2][395]=-1115.59
dp[3][395]=-1409.83
dp[4][395]=-1520.07
dp[5][395]=-1571.86
dp[6][395]=-1621.47
dp[7][395]=-1649.42
dp[8][395]=-1663.18
dp[9][395]=-1673.62
dp[10][395]=-1660.36
dp[11][395]=-1635.42
dp[12][395]=-1604.29
dp[13][395]=-1569.84
dp[14][395]=-1532.51
dp[15][395]=-1483.31
dp[16][395]=-1430.14
dp[17][395]=-1376.84
dp[18][395]=-1319.04
dp[19][395]=-1247.48
Select best dp
Best k=9
Stratifying 4-th numerical feature ...
dp[2][395]=-571.561
dp[3][395]=-873.082
dp[4][395]=-1072.77
dp[5][395]=-1211.32
dp[6][395]=-1293.39
dp[7][395]=-1363.88
dp[8][395]=-1399.14
dp[9][395]=-1428.62
dp[10][395]=-1452.66
dp[11][395]=-1460.33
dp[12][395]=-1457.64
dp[13][395]=-1454.35
dp[14][395]=-1443.9
dp[15][395]=-1422.13
dp[16][395]=-1398.39
dp[17][395]=-1369.39
dp[18][395]=-1336.78
dp[19][395]=-1295.96
Select best dp
Best k=11
dp[2][395]=-571.561
dp[3][395]=-873.082
dp[4][395]=-1072.77
dp[5][395]=-1211.32
dp[6][395]=-1293.39
dp[7][395]=-1363.88
dp[8][395]=-1399.14
dp[9][395]=-1428.62
dp[10][395]=-1452.66
dp[11][395]=-1460.33
dp[12][395]=-1457.64
dp[13][395]=-1454.35
dp[14][395]=-1443.9
dp[15][395]=-1422.13
dp[16][395]=-1398.39
dp[17][395]=-1369.39
dp[18][395]=-1336.78
dp[19][395]=-1295.96
Select best dp
Best k=11
dp[2][395]=-1517.08
dp[3][395]=-1970.28
dp[4][395]=-2245.61
dp[5][395]=-2406.74
dp[6][395]=-2555.42
dp[7][395]=-2675.14
dp[8][395]=-2734.84
dp[9][395]=-2763.37
dp[10][395]=-2789.43
dp[11][395]=-2793.39
dp[12][395]=-2789.66
dp[13][395]=-2770.5
Select best dp
Best k=11
dp[2][395]=-1020.46
dp[3][395]=-1446.36
dp[4][395]=-1635.7
dp[5][395]=-1766.26
dp[6][395]=-1875.76
Stratifying 6-th numerical feature ...
dp[7][395]=-1949.06
dp[8][395]=-2019.29
dp[9][395]=-2077.11
dp[10][395]=-2113.25
dp[11][395]=-2135.32
dp[12][395]=-2145.71
dp[13][395]=-2142.13
dp[14][395]=-2137.37
dp[15][395]=-2112.25
dp[16][395]=-2084.08
dp[17][395]=-2054.74
dp[18][395]=-2021.27
dp[19][395]=-1956.5
Select best dp
Best k=12
Stratifying 4-th numerical feature ...
dp[2][395]=-636.405
dp[3][395]=-978.473
dp[4][395]=-1168.45
dp[5][395]=-1285.56
dp[6][395]=-1375.91
dp[7][395]=-1423.92
dp[8][395]=-1467.4
dp[9][395]=-1487.46
dp[10][395]=-1506.9
dp[11][395]=-1521.29
dp[12][395]=-1521.84
dp[13][395]=-1520.72
dp[14][395]=-1508.45
dp[15][395]=-1488.51
dp[16][395]=-1467.56
dp[17][395]=-1442.17
dp[18][395]=-1415.86
dp[19][395]=-1387.09
Select best dp
Best k=12
Stratifying 3-th numerical feature ...
dp[2][395]=-1679.53
dp[3][395]=-2399.51
dp[4][395]=-2861.55
dp[5][395]=-3211.95
dp[6][395]=-3445.23
dp[7][395]=-3635.59
dp[8][395]=-3811.31
dp[9][395]=-3968.04
dp[10][395]=-4073.03
dp[11][395]=-4165.39
dp[12][395]=-4232.76
dp[13][395]=-4299.2
dp[14][395]=-4353.47
dp[15][395]=-4401.09
dp[16][395]=-4447.34
dp[17][395]=-4472.21
dp[18][395]=-4462.66
dp[19][395]=-4444.4
Select best dp
Best k=17
Stratifying 5-th numerical feature ...
dp[2][395]=155.517
dp[3][395]=233.275
dp[4][395]=311.034
dp[5][395]=388.792
dp[6][395]=466.55
dp[7][395]=544.309
dp[8][395]=622.067
dp[9][395]=699.825
dp[10][395]=777.584
dp[11][395]=855.342
dp[12][395]=933.101
dp[13][395]=1010.86
dp[14][395]=1088.62
dp[15][395]=1166.38
dp[16][395]=1244.13
dp[17][395]=1321.89
dp[18][395]=1399.65
dp[19][395]=1477.41
Select best dp
Best k=2
Stratifying 5-th numerical feature ...
dp[2][395]=-1530.08
dp[3][395]=-2005.82
dp[4][395]=-2224.55
dp[5][395]=-2373.92
dp[6][395]=-2508.95
dp[7][395]=-2596.37
dp[8][395]=-2677.05
dp[9][395]=-2751.44
dp[10][395]=-2789.81
dp[11][395]=-2814.26
dp[12][395]=-2823.75
dp[13][395]=-2823.88
dp[14][395]=-2819
dp[15][395]=-2806.93
dp[16][395]=-2788.17
dp[17][395]=-2768.31
dp[18][395]=-2745.09
dp[19][395]=-2721.76
Select best dp
Best k=13
Stratifying 4-th numerical feature ...
dp[2][395]=-571.561
dp[3][395]=-873.082
dp[4][395]=-1072.77
dp[5][395]=-1211.32
dp[6][395]=-1293.39
dp[7][395]=-1363.88
dp[8][395]=-1398.88
dp[9][395]=-1428.36
dp[10][395]=-1442.79
dp[11][395]=-1447.34
dp[12][395]=-1442.49
dp[13][395]=-1417.38
Select best dp
Best k=11
dp[2][395]=-1530.08
dp[3][395]=-2005.82
dp[4][395]=-2224.55
dp[5][395]=-2373.92
dp[6][395]=-2508.95
dp[7][395]=-2596.37
dp[8][395]=-2677.05
dp[9][395]=-2751.44
dp[10][395]=-2789.81
dp[11][395]=-2814.26
dp[12][395]=-2823.75
dp[13][395]=-2823.88
dp[14][395]=-2819
dp[15][395]=-2809.45
dp[16][395]=-2790.7
dp[17][395]=-2770.84
dp[18][395]=-2747.72
dp[19][395]=-2724.38
Select best dp
Best k=13
Stratifying 4-th numerical feature ...
dp[2][395]=-767.276
dp[3][395]=-1110.33
dp[4][395]=-1313.81
dp[5][395]=-1458.77
dp[6][395]=-1550.56
dp[7][395]=-1613.66
dp[8][395]=-1671.5
dp[9][395]=-1724.14
dp[10][395]=-1739.71
dp[11][395]=-1752.93
dp[12][395]=-1761.89
dp[13][395]=-1761.71
dp[14][395]=-1754.84
dp[15][395]=-1747.74
dp[16][395]=-1732.11
dp[17][395]=-1708.93
dp[18][395]=-1669.9
dp[19][395]=-1622.96
Select best dp
Best k=12
Stratifying 5-th numerical feature ...
dp[2][395]=-303.246
dp[3][395]=-424.921
dp[4][395]=-482.113
dp[5][395]=-511.392
dp[6][395]=-511.395
dp[7][395]=-500.666
dp[8][395]=-486.277
dp[9][395]=-467.141
dp[10][395]=-435.07
dp[11][395]=-399.84
dp[12][395]=-358.365
dp[13][395]=-316.655
dp[14][395]=-271.903
dp[15][395]=-225.49
dp[16][395]=-178.735
dp[17][395]=-126.634
dp[18][395]=-65.9259
dp[19][395]=-3.04272
Select best dp
Best k=6
Stratifying 5-th numerical feature ...
dp[2][395]=-407.905
dp[3][395]=-450.206
dp[4][395]=-475.477
dp[5][395]=-438.418
dp[6][395]=-389.078
dp[7][395]=-349.835
dp[8][395]=-300.567
dp[9][395]=-243.087
dp[10][395]=-179.99
dp[11][395]=-114.827
dp[12][395]=-48.875
dp[13][395]=19.7083
dp[14][395]=92.2745
dp[15][395]=164.926
dp[16][395]=238.664
dp[17][395]=316.249
dp[18][395]=403.288
dp[19][395]=508.635
Select best dp
Best k=4
Stratifying 6-th numerical feature ...
dp[2][395]=-2733.15
dp[3][395]=-3503.43
dp[4][395]=-4091.56
dp[5][395]=-4455.4
dp[6][395]=-4748.36
dp[7][395]=-5011.46
dp[8][395]=-5225.52
dp[9][395]=-5367.6
dp[10][395]=-5488.82
dp[11][395]=-5587.04
dp[12][395]=-5675.54
dp[13][395]=-5743.72
dp[14][395]=-5806.17
dp[15][395]=-5863.35
dp[16][395]=-5914.26
dp[17][395]=-5953.56
dp[18][395]=-5920.77
dp[19][395]=-5879.68
Select best dp
Best k=17
Stratifying 6-th numerical feature ...
dp[2][395]=-762.009
dp[3][395]=-1083.12
dp[4][395]=-1275.26
dp[5][395]=-1411.58
dp[6][395]=-1489.34
dp[7][395]=-1549.08
dp[8][395]=-1598.06
dp[9][395]=-1637.55
dp[10][395]=-1655.9
dp[11][395]=-1663.19
dp[12][395]=-1658
dp[13][395]=-1652.45
dp[14][395]=-1641.35
dp[15][395]=-1629.6
dp[16][395]=-1614.68
dp[17][395]=-1593.52
dp[18][395]=-1570.96
dp[19][395]=-1539.48
Select best dp
Best k=11
Stratifying 5-th numerical feature ...
dp[2][395]=-762.009
dp[3][395]=-1083.12
dp[4][395]=-1275.26
dp[5][395]=-1411.58
dp[6][395]=-1489.34
dp[7][395]=-1549.08
dp[8][395]=-1598.06
dp[9][395]=-1637.55
dp[10][395]=-1655.9
dp[11][395]=-1663.19
dp[12][395]=-1658
dp[13][395]=-1652.45
dp[14][395]=-1641.35
dp[15][395]=-1629.6
dp[16][395]=-1614.68
dp[17][395]=-1593.52
dp[18][395]=-1570.96
dp[19][395]=-1539.48
Select best dp
Best k=11
Stratifying 5-th numerical feature ...
dp[2][395]=155.517
dp[3][395]=233.275
dp[4][395]=311.034
dp[5][395]=388.792
dp[6][395]=466.55
dp[7][395]=544.309
dp[8][395]=622.067
dp[9][395]=699.825
dp[10][395]=777.584
dp[11][395]=855.342
dp[12][395]=933.101
dp[13][395]=1010.86
dp[14][395]=1088.62
dp[15][395]=1166.38
dp[16][395]=1244.13
dp[17][395]=1321.89
dp[18][395]=1399.65
dp[19][395]=1477.41
Select best dp
Best k=2
dp[2][395]=-1220.65
dp[3][395]=-1562.79
dp[4][395]=-1837.04
dp[5][395]=-1982.92
dp[6][395]=-2083.65
dp[7][395]=-2179
dp[8][395]=-2248.35
dp[9][395]=-2284.56
dp[10][395]=-2314.16
dp[11][395]=-2324.22
dp[12][395]=-2333.57
dp[13][395]=-2331.2
dp[14][395]=-2324.84
dp[15][395]=-2315.26
dp[16][395]=-2302.65
dp[17][395]=-2279.87
dp[18][395]=-2227.56
dp[19][395]=-2169.01
Select best dp
Best k=12
Stratifying 6-th numerical feature ...
dp[2][395]=-1298.64
dp[3][395]=-1979.44
dp[4][395]=-2456.57
dp[5][395]=-2811.43
dp[6][395]=-3053.34
dp[7][395]=-3272.06
dp[8][395]=-3420.35
dp[9][395]=-3557.07
dp[10][395]=-3682.9
dp[11][395]=-3776.01
dp[12][395]=-3848.38
dp[13][395]=-3919.55
dp[14][395]=-3976.41
dp[15][395]=-4010.63
dp[16][395]=-4040.91
dp[17][395]=-4060.68
dp[18][395]=-4073.22
dp[19][395]=-4069.33
Select best dp
Best k=18
dp[2][395]=-1530.08
dp[3][395]=-2005.82
dp[4][395]=-2224.55
dp[5][395]=-2373.92
dp[6][395]=-2508.95
dp[7][395]=-2596.37
dp[8][395]=-2677.05
dp[9][395]=-2751.44
dp[10][395]=-2789.81
dp[11][395]=-2814.26
dp[12][395]=-2823.75
dp[13][395]=-2823.88
dp[14][395]=-2825.7
dp[15][395]=-2825.83
dp[16][395]=-2808.42
dp[17][395]=-2789.66
dp[18][395]=-2769.8
dp[19][395]=-2746.68
Select best dp
Best k=15
Stratifying 4-th numerical feature ...
dp[2][395]=-922.943
dp[3][395]=-1204.58
dp[4][395]=-1327.6
dp[5][395]=-1406.66
dp[6][395]=-1463.08
dp[7][395]=-1510.31
dp[8][395]=-1508.01
dp[9][395]=-1491.27
dp[10][395]=-1468.64
dp[11][395]=-1444.08
dp[12][395]=-1417.72
dp[13][395]=-1389.94
dp[14][395]=-1362.01
dp[15][395]=-1330.02
dp[16][395]=-1289.2
dp[17][395]=-1241.37
dp[18][395]=-1165.77
dp[19][395]=-1080.88
Select best dp
Best k=7
Stratifying 6-th numerical feature ...
dp[2][395]=-1517.08
dp[3][395]=-1970.28
dp[4][395]=-2245.61
dp[5][395]=-2406.74
dp[6][395]=-2555.42
dp[7][395]=-2675.14
dp[8][395]=-2734.96
dp[9][395]=-2764.06
dp[10][395]=-2792.59
dp[11][395]=-2819.33
dp[12][395]=-2837.12
dp[13][395]=-2849.61
dp[14][395]=-2854.02
dp[15][395]=-2857.86
dp[16][395]=-2856.81
dp[17][395]=-2854.79
dp[18][395]=-2841.94
dp[19][395]=-2823.49
Select best dp
Best k=15
Stratifying 6-th numerical feature ...
dp[2][395]=-1517.08
dp[3][395]=-1970.28
dp[4][395]=-2245.61
dp[5][395]=-2406.74
dp[6][395]=-2555.42
dp[7][395]=-2675.14
dp[8][395]=-2734.96
dp[9][395]=-2764.4
dp[10][395]=-2792.93
dp[11][395]=-2820.19
dp[12][395]=-2837.98
dp[13][395]=-2850.47
dp[14][395]=-2854.88
dp[15][395]=-2858.71
dp[16][395]=-2857.66
dp[17][395]=-2855.64
dp[18][395]=-2842.79
dp[19][395]=-2824.34
Select best dp
Best k=15
Stratifying 6-th numerical feature ...
dp[2][395]=-632.909
dp[3][395]=-986.895
dp[4][395]=-1188.92
dp[5][395]=-1337.17
dp[6][395]=-1427.36
dp[7][395]=-1511.09
dp[8][395]=-1555.53
dp[9][395]=-1594.98
dp[10][395]=-1619.41
dp[11][395]=-1636.47
dp[12][395]=-1653.32
dp[13][395]=-1653.16
dp[14][395]=-1641.18
dp[15][395]=-1626.82
dp[16][395]=-1611.76
dp[17][395]=-1588.64
dp[18][395]=-1556.23
dp[19][395]=-1522.68
Select best dp
Best k=12
dp[2][395]=-208.022
dp[3][395]=-319.904
dp[4][395]=-380.867
dp[5][395]=-411.263
dp[6][395]=-413.422
dp[7][395]=-409.784
dp[8][395]=-388.538
dp[9][395]=-364.398
dp[10][395]=-337.537
dp[11][395]=-302.496
dp[12][395]=-262.271
dp[13][395]=-221.744
dp[14][395]=-177.639
dp[15][395]=-127.877
dp[16][395]=-77.1271
dp[17][395]=-23.7494
dp[18][395]=31.4336
dp[19][395]=90.7241
Select best dp
Best k=6
dp[2][395]=-762.009
dp[3][395]=-1083.12
dp[4][395]=-1275.26
dp[5][395]=-1411.58
dp[6][395]=-1489.34
dp[7][395]=-1549.08
dp[8][395]=-1598.06
dp[9][395]=-1637.55
dp[10][395]=-1655.9
dp[11][395]=-1663.19
dp[12][395]=-1658
dp[13][395]=-1652.45
dp[14][395]=-1641.35
dp[15][395]=-1629.6
dp[16][395]=-1614.68
dp[17][395]=-1593.52
dp[18][395]=-1570.96
dp[19][395]=-1539.48
Select best dp
Best k=11
Stratifying 5-th numerical feature ...
dp[2][395]=-571.561
dp[3][395]=-873.082
dp[4][395]=-1072.77
dp[5][395]=-1211.32
dp[6][395]=-1293.39
dp[7][395]=-1363.88
dp[8][395]=-1399.14
dp[9][395]=-1428.62
dp[10][395]=-1452.66
dp[11][395]=-1460.33
dp[12][395]=-1457.64
dp[13][395]=-1454.35
dp[14][395]=-1444.01
dp[15][395]=-1425.63
dp[16][395]=-1403.94
dp[17][395]=-1382.14
dp[18][395]=-1359.19
dp[19][395]=-1331.8
Select best dp
Best k=11
dp[2][395]=-571.561
dp[3][395]=-873.082
dp[4][395]=-1072.77
dp[5][395]=-1211.32
dp[6][395]=-1293.39
dp[7][395]=-1363.88
dp[8][395]=-1399.14
dp[9][395]=-1428.62
dp[10][395]=-1452.66
dp[11][395]=-1460.33
dp[12][395]=-1457.64
dp[13][395]=-1454.35
dp[14][395]=-1444.01
dp[15][395]=-1425.63
dp[16][395]=-1404.94
dp[17][395]=-1383.18
dp[18][395]=-1360.2
dp[19][395]=-1332.81
Select best dp
Best k=11
dp[2][395]=-1517.08
dp[3][395]=-1970.28
dp[4][395]=-2245.61
dp[5][395]=-2406.74
dp[6][395]=-2555.42
dp[7][395]=-2675.14
dp[8][395]=-2734.96
dp[9][395]=-2765.16
dp[10][395]=-2793.69
dp[11][395]=-2820.94
dp[12][395]=-2838.73
dp[13][395]=-2851.23
dp[14][395]=-2855.63
dp[15][395]=-2859.47
dp[16][395]=-2858.42
dp[17][395]=-2856.4
dp[18][395]=-2843.55
dp[19][395]=-2825.1
Select best dp
Best k=15
Stratifying 6-th numerical feature ...
dp[2][395]=-571.561
dp[3][395]=-873.082
dp[4][395]=-1072.77
dp[5][395]=-1211.32
dp[6][395]=-1293.39
dp[7][395]=-1363.88
dp[8][395]=-1399.14
dp[9][395]=-1428.62
dp[10][395]=-1452.66
dp[11][395]=-1460.33
dp[12][395]=-1457.64
dp[13][395]=-1454.35
dp[14][395]=-1444.01
dp[15][395]=-1425.63
dp[16][395]=-1404.94
dp[17][395]=-1383.18
dp[18][395]=-1360.2
dp[19][395]=-1332.81
Select best dp
Best k=11
