Standardize ...
Stratifying 1-th numerical feature ...
Standardize ...
Stratifying 1-th numerical feature ...
Standardize ...
Stratifying 1-th numerical feature ...
Standardize ...
Stratifying 1-th numerical feature ...
Standardize ...
Stratifying 1-th numerical feature ...
Standardize ...
Stratifying 1-th numerical feature ...
Standardize ...
Stratifying 1-th numerical feature ...
Standardize ...
Stratifying 1-th numerical feature ...
Standardize ...
Stratifying 1-th numerical feature ...
Standardize ...
Stratifying 1-th numerical feature ...
Standardize ...
Stratifying 1-th numerical feature ...
Standardize ...
Stratifying 1-th numerical feature ...
Standardize ...
Stratifying 1-th numerical feature ...
Standardize ...
Stratifying 1-th numerical feature ...
dp[2][268]=-379.353
dp[3][268]=-5.8e+11
dp[4][268]=-5.8e+11
dp[5][268]=-1.06e+12
dp[6][268]=-1.06e+12
dp[7][268]=-1.52e+12
dp[8][268]=-1.52e+12
dp[9][268]=-1.86e+12
dp[10][268]=-1.86e+12
dp[11][268]=-2.18e+12
dp[12][268]=-2.18e+12
dp[13][268]=-2.18e+12
dp[14][268]=-2.12e+12
dp[15][268]=-2.02e+12
dp[16][268]=-1.8e+12
Select best dp
Best k=12
Stratifying 2-th numerical feature ...
dp[2][268]=-83.3771
dp[3][268]=-2.9e+11
dp[4][268]=-2.9e+11
dp[5][268]=-5.3e+11
dp[6][268]=-5.3e+11
dp[7][268]=-7.6e+11
dp[8][268]=-7.6e+11
dp[9][268]=-9.3e+11
dp[10][268]=-9.3e+11
dp[11][268]=-1.09e+12
dp[12][268]=-1.09e+12
dp[13][268]=-1.09e+12
dp[14][268]=-1.06e+12
dp[15][268]=-1.01e+12
dp[16][268]=-9e+11
Select best dp
Best k=11
Stratifying 2-th numerical feature ...
dp[2][268]=-83.3771
dp[3][268]=-2.9e+11
dp[4][268]=-2.9e+11
dp[5][268]=-5.3e+11
dp[6][268]=-5.3e+11
dp[7][268]=-7.6e+11
dp[8][268]=-7.6e+11
dp[9][268]=-9.8e+11
dp[10][268]=-9.8e+11
dp[11][268]=-1.14e+12
dp[12][268]=-1.14e+12
dp[13][268]=-1.28e+12
dp[14][268]=-1.28e+12
dp[15][268]=-1.38e+12
dp[16][268]=-1.38e+12
Select best dp
Best k=15
Stratifying 2-th numerical feature ...
dp[2][268]=-6e+10
dp[3][268]=-2.9e+11
dp[4][268]=-3.5e+11
dp[5][268]=-5.3e+11
dp[6][268]=-5.9e+11
dp[7][268]=-7.6e+11
dp[8][268]=-8.2e+11
dp[9][268]=-9.8e+11
dp[10][268]=-1.04e+12
dp[11][268]=-1.16e+12
dp[12][268]=-1.22e+12
dp[13][268]=-1.32e+12
dp[14][268]=-1.38e+12
dp[15][268]=-1.44e+12
dp[16][268]=-1.48e+12
Select best dp
Best k=16
Stratifying 2-th numerical feature ...
dp[2][268]=-83.3771
dp[3][268]=-2.9e+11
dp[4][268]=-2.9e+11
dp[5][268]=-5.3e+11
dp[6][268]=-5.3e+11
dp[7][268]=-5.3e+11
dp[8][268]=-5.3e+11
dp[9][268]=-5.3e+11
dp[10][268]=-5e+11
Select best dp
Best k=7
dp[2][268]=-83.3771
dp[3][268]=-2.9e+11
dp[4][268]=-2.9e+11
dp[5][268]=-5.3e+11
dp[6][268]=-5.3e+11
dp[7][268]=-7.6e+11
dp[8][268]=-7.6e+11
dp[9][268]=-9.3e+11
dp[10][268]=-9.3e+11
dp[11][268]=-1.09e+12
dp[12][268]=-1.09e+12
dp[13][268]=-1.09e+12
dp[14][268]=-1.06e+12
dp[15][268]=-1.01e+12
dp[16][268]=-9e+11
Select best dp
Best k=11
Stratifying 2-th numerical feature ...
Stratifying 2-th numerical feature ...
dp[2][268]=-1260.25
dp[3][268]=-8.8e+11
dp[4][268]=-8.8e+11
dp[5][268]=-8.8e+11
dp[6][268]=-8.8e+11
dp[7][268]=-8.8e+11
dp[8][268]=-8.8e+11
dp[9][268]=-8.8e+11
dp[10][268]=-8.8e+11
dp[11][268]=-8.8e+11
dp[12][268]=-8.8e+11
dp[13][268]=-8.8e+11
dp[14][268]=-8.8e+11
dp[15][268]=-8.8e+11
dp[16][268]=-8e+11
Select best dp
Best k=9
Stratifying 3-th numerical feature ...
dp[2][268]=212.599
dp[3][268]=318.899
dp[4][268]=425.198
dp[5][268]=531.498
dp[6][268]=637.797
dp[7][268]=744.097
dp[8][268]=850.396
dp[9][268]=956.696
dp[10][268]=1063
dp[11][268]=1169.29
dp[12][268]=1275.59
dp[13][268]=1381.89
dp[14][268]=1488.19
dp[15][268]=1594.49
dp[16][268]=1700.79
Select best dp
Best k=2
Stratifying 2-th numerical feature ...
dp[2][268]=64.6109
dp[3][268]=-1.45e+11
dp[4][268]=-1.45e+11
dp[5][268]=-2.65e+11
dp[6][268]=-2.65e+11
dp[7][268]=-3.8e+11
dp[8][268]=-3.8e+11
dp[9][268]=-4.65e+11
dp[10][268]=-4.65e+11
dp[11][268]=-5.45e+11
dp[12][268]=-5.45e+11
dp[13][268]=-5.45e+11
dp[14][268]=-5.3e+11
dp[15][268]=-5.05e+11
dp[16][268]=-4.5e+11
Select best dp
Best k=11
dp[2][268]=-83.3771
dp[3][268]=-2.9e+11
dp[4][268]=-2.9e+11
dp[5][268]=-5.3e+11
dp[6][268]=-5.3e+11
dp[7][268]=-7.6e+11
dp[8][268]=-7.6e+11
dp[9][268]=-9.3e+11
dp[10][268]=-9.3e+11
dp[11][268]=-1.09e+12
dp[12][268]=-1.09e+12
dp[13][268]=-1.09e+12
dp[14][268]=-1.06e+12
dp[15][268]=-1.01e+12
dp[16][268]=-9e+11
Select best dp
Best k=11
Stratifying 2-th numerical feature ...
Stratifying 2-th numerical feature ...
dp[2][268]=-523.827
dp[3][268]=-4.4e+11
dp[4][268]=-4.4e+11
dp[5][268]=-4.4e+11
dp[6][268]=-4.4e+11
dp[7][268]=-4.4e+11
dp[8][268]=-4.4e+11
dp[9][268]=-4.4e+11
dp[10][268]=-4.4e+11
dp[11][268]=-4.4e+11
dp[12][268]=-4.4e+11
dp[13][268]=-4.4e+11
dp[14][268]=-4.4e+11
dp[15][268]=-4.4e+11
dp[16][268]=-4e+11
Select best dp
Best k=6
Stratifying 3-th numerical feature ...
dp[2][268]=-39.647
dp[3][268]=-2.9e+11
dp[4][268]=-2.9e+11
dp[5][268]=-5.3e+11
dp[6][268]=-5.3e+11
dp[7][268]=-7.6e+11
dp[8][268]=-7.6e+11
dp[9][268]=-9.3e+11
dp[10][268]=-9.3e+11
dp[11][268]=-1.09e+12
dp[12][268]=-1.09e+12
dp[13][268]=-1.09e+12
dp[14][268]=-1.06e+12
dp[15][268]=-1.01e+12
dp[16][268]=-9e+11
Select best dp
Best k=11
Stratifying 2-th numerical feature ...
dp[2][268]=-83.3771
dp[3][268]=-2.9e+11
dp[4][268]=-2.9e+11
dp[5][268]=-5.3e+11
dp[6][268]=-5.3e+11
dp[7][268]=-7.6e+11
dp[8][268]=-7.6e+11
dp[9][268]=-9.3e+11
dp[10][268]=-9.3e+11
dp[11][268]=-1.09e+12
dp[12][268]=-1.09e+12
dp[13][268]=-1.09e+12
dp[14][268]=-1.06e+12
dp[15][268]=-1.01e+12
dp[16][268]=-9e+11
Select best dp
Best k=11
Stratifying 2-th numerical feature ...
dp[2][268]=-83.3771
dp[3][268]=-2.9e+11
dp[4][268]=-2.9e+11
dp[5][268]=-5.3e+11
dp[6][268]=-5.3e+11
dp[7][268]=-7.6e+11
dp[8][268]=-7.6e+11
dp[9][268]=-9.3e+11
dp[10][268]=-9.3e+11
dp[11][268]=-1.09e+12
dp[12][268]=-1.09e+12
dp[13][268]=-1.09e+12
dp[14][268]=-1.06e+12
dp[15][268]=-1.01e+12
dp[16][268]=-9e+11
Select best dp
Best k=11
Stratifying 2-th numerical feature ...
dp[2][268]=-83.3771
dp[3][268]=-2.9e+11
dp[4][268]=-2.9e+11
dp[5][268]=-5.3e+11
dp[6][268]=-5.3e+11
dp[7][268]=-7.6e+11
dp[8][268]=-7.6e+11
dp[9][268]=-9.3e+11
dp[10][268]=-9.3e+11
dp[11][268]=-1.09e+12
dp[12][268]=-1.09e+12
dp[13][268]=-1.09e+12
dp[14][268]=-1.06e+12
dp[15][268]=-1.01e+12
dp[16][268]=-9e+11
Select best dp
Best k=11
Stratifying 2-th numerical feature ...
dp[2][268]=-83.3771
dp[3][268]=-2.9e+11
dp[4][268]=-2.9e+11
dp[5][268]=-5.3e+11
dp[6][268]=-5.3e+11
dp[7][268]=-7.6e+11
dp[8][268]=-7.6e+11
dp[9][268]=-9.8e+11
dp[10][268]=-9.8e+11
dp[11][268]=-1.14e+12
dp[12][268]=-1.14e+12
dp[13][268]=-1.3e+12
dp[14][268]=-1.3e+12
dp[15][268]=-1.4e+12
dp[16][268]=-1.4e+12
Select best dp
Best k=15
Stratifying 2-th numerical feature ...
dp[2][268]=-523.827
dp[3][268]=-4.4e+11
dp[4][268]=-4.4e+11
dp[5][268]=-4.4e+11
dp[6][268]=-4.4e+11
dp[7][268]=-4.4e+11
dp[8][268]=-4.4e+11
dp[9][268]=-4.4e+11
dp[10][268]=-4.4e+11
dp[11][268]=-4.4e+11
dp[12][268]=-4.4e+11
dp[13][268]=-4.4e+11
dp[14][268]=-4.4e+11
dp[15][268]=-4.4e+11
dp[16][268]=-4.4e+11
Select best dp
Best k=6
Stratifying 3-th numerical feature ...
dp[2][268]=-364.568
dp[3][268]=-8.6e+11
dp[4][268]=-1.58e+12
dp[5][268]=-2.26e+12
dp[6][268]=-2.84e+12
dp[7][268]=-3.48e+12
dp[8][268]=-3.88e+12
dp[9][268]=-4.26e+12
dp[10][268]=-4.26e+12
dp[11][268]=-4.26e+12
dp[12][268]=-4.26e+12
dp[13][268]=-4.26e+12
dp[14][268]=-4.26e+12
dp[15][268]=-3.94e+12
dp[16][268]=-3.06e+12
Select best dp
Best k=9
Stratifying 4-th numerical feature ...
dp[2][268]=-75.9847
dp[3][268]=-4.3e+11
dp[4][268]=-7.9e+11
dp[5][268]=-1.13e+12
dp[6][268]=-1.42e+12
dp[7][268]=-1.74e+12
dp[8][268]=-1.94e+12
dp[9][268]=-2.13e+12
dp[10][268]=-2.13e+12
dp[11][268]=-2.13e+12
dp[12][268]=-2.13e+12
dp[13][268]=-2.13e+12
dp[14][268]=-2.13e+12
dp[15][268]=-1.97e+12
dp[16][268]=-1.53e+12
Select best dp
Best k=9
Stratifying 4-th numerical feature ...
dp[2][268]=-523.827
dp[3][268]=-4.4e+11
dp[4][268]=-4.4e+11
dp[5][268]=-4.4e+11
dp[6][268]=-4.4e+11
dp[7][268]=-4.4e+11
dp[8][268]=-4.4e+11
dp[9][268]=-4.4e+11
dp[10][268]=-4.4e+11
dp[11][268]=-4.4e+11
dp[12][268]=-4.4e+11
dp[13][268]=-4.4e+11
dp[14][268]=-4.4e+11
dp[15][268]=-4.4e+11
dp[16][268]=-4.4e+11
Select best dp
Best k=6
Stratifying 3-th numerical feature ...
dp[2][268]=-523.827
dp[3][268]=-4.4e+11
dp[4][268]=-4.4e+11
dp[5][268]=-4.4e+11
dp[6][268]=-4.4e+11
dp[7][268]=-4.4e+11
dp[8][268]=-4.4e+11
dp[9][268]=-4.4e+11
dp[10][268]=-4.4e+11
Select best dp
Best k=6
Stratifying 3-th numerical feature ...
dp[2][268]=-523.827
dp[3][268]=-4.4e+11
dp[4][268]=-4.4e+11
dp[5][268]=-4.4e+11
dp[6][268]=-4.4e+11
dp[7][268]=-4.4e+11
dp[8][268]=-4.4e+11
dp[9][268]=-4.4e+11
dp[10][268]=-4.4e+11
dp[11][268]=-4.4e+11
dp[12][268]=-4.4e+11
dp[13][268]=-4.4e+11
dp[14][268]=-4.4e+11
dp[15][268]=-4.4e+11
dp[16][268]=-4e+11
Select best dp
Best k=6
Stratifying 3-th numerical feature ...
dp[2][268]=-75.9847
dp[3][268]=-4.3e+11
dp[4][268]=-7.9e+11
dp[5][268]=-1.13e+12
dp[6][268]=-1.42e+12
dp[7][268]=-1.74e+12
dp[8][268]=-1.94e+12
dp[9][268]=-2.13e+12
dp[10][268]=-2.23e+12
dp[11][268]=-2.29e+12
dp[12][268]=-2.39e+12
dp[13][268]=-2.39e+12
dp[14][268]=-2.39e+12
dp[15][268]=-2.39e+12
dp[16][268]=-2.39e+12
Select best dp
Best k=12
Stratifying 4-th numerical feature ...
dp[2][268]=-274.928
dp[3][268]=-4.4e+11
dp[4][268]=-4.4e+11
dp[5][268]=-4.4e+11
dp[6][268]=-4.4e+11
dp[7][268]=-4.4e+11
dp[8][268]=-4.4e+11
dp[9][268]=-4.4e+11
dp[10][268]=-4.4e+11
dp[11][268]=-4.4e+11
dp[12][268]=-4.4e+11
dp[13][268]=-4.4e+11
dp[14][268]=-4.4e+11
dp[15][268]=-4.4e+11
dp[16][268]=-4.4e+11
Select best dp
Best k=12
Stratifying 5-th numerical feature ...
dp[2][268]=212.599
dp[3][268]=318.899
dp[4][268]=425.198
dp[5][268]=531.498
dp[6][268]=637.797
dp[7][268]=744.097
dp[8][268]=850.396
dp[9][268]=956.696
dp[10][268]=1063
dp[11][268]=1169.29
dp[12][268]=1275.59
dp[13][268]=1381.89
dp[14][268]=1488.19
dp[15][268]=1594.49
dp[16][268]=1700.79
Select best dp
Best k=2
Stratifying 3-th numerical feature ...
dp[2][268]=-523.827
dp[3][268]=-4.4e+11
dp[4][268]=-4.4e+11
dp[5][268]=-4.4e+11
dp[6][268]=-4.4e+11
dp[7][268]=-4.4e+11
dp[8][268]=-4.4e+11
dp[9][268]=-4.4e+11
dp[10][268]=-4.4e+11
dp[11][268]=-4.4e+11
dp[12][268]=-4.4e+11
dp[13][268]=-4.4e+11
dp[14][268]=-4.4e+11
dp[15][268]=-4.4e+11
dp[16][268]=-4e+11
Select best dp
Best k=6
Stratifying 3-th numerical feature ...
dp[2][268]=-31.1645
dp[3][268]=-2.2e+11
dp[4][268]=-2.2e+11
dp[5][268]=-2.2e+11
dp[6][268]=-2.2e+11
dp[7][268]=-2.2e+11
dp[8][268]=-2.2e+11
dp[9][268]=-2.2e+11
dp[10][268]=-2.2e+11
dp[11][268]=-2.2e+11
dp[12][268]=-2.2e+11
dp[13][268]=-2.2e+11
dp[14][268]=-2.2e+11
dp[15][268]=-2.2e+11
dp[16][268]=-2.2e+11
Select best dp
Best k=7
Stratifying 5-th numerical feature ...
dp[2][268]=-155.614
dp[3][268]=-2.2e+11
dp[4][268]=-2.2e+11
dp[5][268]=-2.2e+11
dp[6][268]=-2.2e+11
dp[7][268]=-2.2e+11
dp[8][268]=-2.2e+11
dp[9][268]=-2.2e+11
dp[10][268]=-2.2e+11
dp[11][268]=-2.2e+11
dp[12][268]=-2.2e+11
dp[13][268]=-2.2e+11
dp[14][268]=-2.2e+11
dp[15][268]=-2.2e+11
dp[16][268]=-2e+11
Select best dp
Best k=4
Stratifying 3-th numerical feature ...
dp[2][268]=-523.827
dp[3][268]=-4.4e+11
dp[4][268]=-4.4e+11
dp[5][268]=-4.4e+11
dp[6][268]=-4.4e+11
dp[7][268]=-4.4e+11
dp[8][268]=-4.4e+11
dp[9][268]=-4.4e+11
dp[10][268]=-4.4e+11
dp[11][268]=-4.4e+11
dp[12][268]=-4.4e+11
dp[13][268]=-4.4e+11
dp[14][268]=-4.4e+11
dp[15][268]=-4.4e+11
dp[16][268]=-4e+11
Select best dp
Best k=6
dp[2][268]=-523.827
dp[3][268]=-4.4e+11
dp[4][268]=-4.4e+11
dp[5][268]=-4.4e+11
dp[6][268]=-4.4e+11
dp[7][268]=-4.4e+11
dp[8][268]=-4.4e+11
dp[9][268]=-4.4e+11
dp[10][268]=-4.4e+11
dp[11][268]=-4.4e+11
dp[12][268]=-4.4e+11
dp[13][268]=-4.4e+11
dp[14][268]=-4.4e+11
dp[15][268]=-4.4e+11
dp[16][268]=-4e+11
Select best dp
Best k=6
Stratifying 3-th numerical feature ...
Stratifying 3-th numerical feature ...
dp[2][268]=-523.827
dp[3][268]=-4.4e+11
dp[4][268]=-4.4e+11
dp[5][268]=-4.4e+11
dp[6][268]=-4.4e+11
dp[7][268]=-4.4e+11
dp[8][268]=-4.4e+11
dp[9][268]=-4.4e+11
dp[10][268]=-4.4e+11
dp[11][268]=-4.4e+11
dp[12][268]=-4.4e+11
dp[13][268]=-4.4e+11
dp[14][268]=-4.4e+11
dp[15][268]=-4.4e+11
dp[16][268]=-4e+11
Select best dp
Best k=6
Stratifying 3-th numerical feature ...
dp[2][268]=-470.027
dp[3][268]=-4.4e+11
dp[4][268]=-4.4e+11
dp[5][268]=-4.4e+11
dp[6][268]=-4.4e+11
dp[7][268]=-4.4e+11
dp[8][268]=-4.4e+11
dp[9][268]=-4.4e+11
dp[10][268]=-4.4e+11
dp[11][268]=-4.4e+11
dp[12][268]=-4.4e+11
dp[13][268]=-4.4e+11
dp[14][268]=-4.4e+11
dp[15][268]=-4.4e+11
dp[16][268]=-4e+11
Select best dp
Best k=7
Stratifying 3-th numerical feature ...
dp[2][268]=-523.827
dp[3][268]=-4.4e+11
dp[4][268]=-4.4e+11
dp[5][268]=-4.4e+11
dp[6][268]=-4.4e+11
dp[7][268]=-4.4e+11
dp[8][268]=-4.4e+11
dp[9][268]=-4.4e+11
dp[10][268]=-4.4e+11
dp[11][268]=-4.4e+11
dp[12][268]=-4.4e+11
dp[13][268]=-4.4e+11
dp[14][268]=-4.4e+11
dp[15][268]=-4.4e+11
dp[16][268]=-4.4e+11
Select best dp
Best k=6
Stratifying 3-th numerical feature ...
dp[2][268]=-75.9847
dp[3][268]=-4.3e+11
dp[4][268]=-7.9e+11
dp[5][268]=-1.13e+12
dp[6][268]=-1.42e+12
dp[7][268]=-1.74e+12
dp[8][268]=-1.94e+12
dp[9][268]=-2.13e+12
dp[10][268]=-2.28e+12
dp[11][268]=-2.39e+12
dp[12][268]=-2.54e+12
dp[13][268]=-2.54e+12
dp[14][268]=-2.54e+12
dp[15][268]=-2.54e+12
dp[16][268]=-2.54e+12
Select best dp
Best k=12
Stratifying 4-th numerical feature ...
dp[2][268]=-75.9847
dp[3][268]=-4.3e+11
dp[4][268]=-7.9e+11
dp[5][268]=-1.13e+12
dp[6][268]=-1.42e+12
dp[7][268]=-1.7e+12
dp[8][268]=-1.7e+12
dp[9][268]=-1.7e+12
dp[10][268]=-1.46e+12
Select best dp
Best k=8
Stratifying 4-th numerical feature ...
dp[2][268]=-1044.47
dp[3][268]=-9.2e+11
dp[4][268]=-1.48e+12
dp[5][268]=-2.02e+12
dp[6][268]=-2.42e+12
dp[7][268]=-2.42e+12
dp[8][268]=-2.78e+12
dp[9][268]=-3.1e+12
dp[10][268]=-3.1e+12
dp[11][268]=-3.1e+12
dp[12][268]=-3.1e+12
dp[13][268]=-3.1e+12
dp[14][268]=-2.78e+12
dp[15][268]=-2.46e+12
dp[16][268]=-2.02e+12
Select best dp
Best k=12
Stratifying 6-th numerical feature ...
dp[2][268]=-415.937
dp[3][268]=-4.6e+11
dp[4][268]=-7.4e+11
dp[5][268]=-1.01e+12
dp[6][268]=-1.21e+12
dp[7][268]=-1.21e+12
dp[8][268]=-1.39e+12
dp[9][268]=-1.55e+12
dp[10][268]=-1.55e+12
dp[11][268]=-1.55e+12
dp[12][268]=-1.55e+12
dp[13][268]=-1.55e+12
dp[14][268]=-1.39e+12
dp[15][268]=-1.23e+12
dp[16][268]=-1.01e+12
Select best dp
Best k=10
Stratifying 6-th numerical feature ...
dp[2][268]=-31.1645
dp[3][268]=-2.2e+11
dp[4][268]=-2.2e+11
dp[5][268]=-2.2e+11
dp[6][268]=-2.2e+11
dp[7][268]=-2.2e+11
dp[8][268]=-2.2e+11
dp[9][268]=-2.2e+11
dp[10][268]=-2.2e+11
dp[11][268]=-2.2e+11
dp[12][268]=-2.2e+11
dp[13][268]=-2.2e+11
dp[14][268]=-2.2e+11
dp[15][268]=-2.2e+11
dp[16][268]=-2.2e+11
Select best dp
Best k=7
Stratifying 5-th numerical feature ...
dp[2][268]=-75.9847
dp[3][268]=-4.3e+11
dp[4][268]=-7.9e+11
dp[5][268]=-1.13e+12
dp[6][268]=-1.42e+12
dp[7][268]=-1.74e+12
dp[8][268]=-1.94e+12
dp[9][268]=-2.13e+12
dp[10][268]=-2.13e+12
dp[11][268]=-2.13e+12
dp[12][268]=-2.13e+12
dp[13][268]=-2.13e+12
dp[14][268]=-2.13e+12
dp[15][268]=-1.97e+12
dp[16][268]=-1.53e+12
Select best dp
Best k=9
Stratifying 4-th numerical feature ...
dp[2][268]=-75.9847
dp[3][268]=-4.3e+11
dp[4][268]=-7.9e+11
dp[5][268]=-1.13e+12
dp[6][268]=-1.42e+12
dp[7][268]=-1.74e+12
dp[8][268]=-1.94e+12
dp[9][268]=-2.13e+12
dp[10][268]=-2.25e+12
dp[11][268]=-2.33e+12
dp[12][268]=-2.45e+12
dp[13][268]=-2.45e+12
dp[14][268]=-2.45e+12
dp[15][268]=-2.45e+12
dp[16][268]=-2.45e+12
Select best dp
Best k=12
Stratifying 4-th numerical feature ...
dp[2][268]=-239.686
dp[3][268]=-7.2e+11
dp[4][268]=-1.42e+12
dp[5][268]=-1.88e+12
dp[6][268]=-2.32e+12
dp[7][268]=-2.98e+12
dp[8][268]=-2.98e+12
dp[9][268]=-3.46e+12
dp[10][268]=-3.46e+12
dp[11][268]=-3.46e+12
dp[12][268]=-3.46e+12
dp[13][268]=-3.46e+12
dp[14][268]=-3.46e+12
dp[15][268]=-3.4e+12
dp[16][268]=-2.76e+12
Select best dp
Best k=11
Stratifying 7-th numerical feature ...
dp[2][268]=-75.9847
dp[3][268]=-4.3e+11
dp[4][268]=-7.9e+11
dp[5][268]=-1.13e+12
dp[6][268]=-1.42e+12
dp[7][268]=-1.74e+12
dp[8][268]=-1.94e+12
dp[9][268]=-2.13e+12
dp[10][268]=-2.13e+12
dp[11][268]=-2.13e+12
dp[12][268]=-2.13e+12
dp[13][268]=-2.13e+12
dp[14][268]=-2.13e+12
dp[15][268]=-1.97e+12
dp[16][268]=-1.53e+12
Select best dp
Best k=9
dp[2][268]=212.599
dp[3][268]=318.899
dp[4][268]=425.198
dp[5][268]=531.498
dp[6][268]=637.797
dp[7][268]=744.097
dp[8][268]=850.396
dp[9][268]=956.696
dp[10][268]=1063
dp[11][268]=1169.29
dp[12][268]=1275.59
dp[13][268]=1381.89
dp[14][268]=1488.19
dp[15][268]=1594.49
dp[16][268]=1700.79
Select best dp
Best k=2
Stratifying 4-th numerical feature ...
Stratifying 4-th numerical feature ...
dp[2][268]=-13.5433
dp[3][268]=-3.6e+11
dp[4][268]=-7.1e+11
dp[5][268]=-9.4e+11
dp[6][268]=-1.16e+12
dp[7][268]=-1.49e+12
dp[8][268]=-1.49e+12
dp[9][268]=-1.73e+12
dp[10][268]=-1.73e+12
dp[11][268]=-1.73e+12
dp[12][268]=-1.73e+12
dp[13][268]=-1.73e+12
dp[14][268]=-1.73e+12
dp[15][268]=-1.7e+12
dp[16][268]=-1.38e+12
Select best dp
Best k=9
Stratifying 7-th numerical feature ...
dp[2][268]=-75.9847
dp[3][268]=-4.3e+11
dp[4][268]=-7.9e+11
dp[5][268]=-1.13e+12
dp[6][268]=-1.42e+12
dp[7][268]=-1.74e+12
dp[8][268]=-1.94e+12
dp[9][268]=-2.13e+12
dp[10][268]=-2.13e+12
dp[11][268]=-2.13e+12
dp[12][268]=-2.13e+12
dp[13][268]=-2.13e+12
dp[14][268]=-2.13e+12
dp[15][268]=-1.97e+12
dp[16][268]=-1.53e+12
Select best dp
Best k=9
Stratifying 4-th numerical feature ...
dp[2][268]=-75.9847
dp[3][268]=-4.3e+11
dp[4][268]=-7.9e+11
dp[5][268]=-1.13e+12
dp[6][268]=-1.42e+12
dp[7][268]=-1.74e+12
dp[8][268]=-1.94e+12
dp[9][268]=-2.13e+12
dp[10][268]=-2.13e+12
dp[11][268]=-2.13e+12
dp[12][268]=-2.13e+12
dp[13][268]=-2.13e+12
dp[14][268]=-2.13e+12
dp[15][268]=-1.97e+12
dp[16][268]=-1.53e+12
Select best dp
Best k=9
Stratifying 4-th numerical feature ...
dp[2][268]=68.3072
dp[3][268]=-2.15e+11
dp[4][268]=-3.95e+11
dp[5][268]=-5.65e+11
dp[6][268]=-7.1e+11
dp[7][268]=-8.7e+11
dp[8][268]=-9.7e+11
dp[9][268]=-1.065e+12
dp[10][268]=-1.065e+12
dp[11][268]=-1.065e+12
dp[12][268]=-1.065e+12
dp[13][268]=-1.065e+12
dp[14][268]=-1.065e+12
dp[15][268]=-9.85e+11
dp[16][268]=-7.65e+11
Select best dp
Best k=9
Stratifying 4-th numerical feature ...
dp[2][268]=-75.9847
dp[3][268]=-4.3e+11
dp[4][268]=-7.9e+11
dp[5][268]=-1.13e+12
dp[6][268]=-1.42e+12
dp[7][268]=-1.74e+12
dp[8][268]=-1.94e+12
dp[9][268]=-2.13e+12
dp[10][268]=-2.13e+12
dp[11][268]=-2.13e+12
dp[12][268]=-2.13e+12
dp[13][268]=-2.13e+12
dp[14][268]=-2.13e+12
dp[15][268]=-1.97e+12
dp[16][268]=-1.53e+12
Select best dp
Best k=9
Stratifying 4-th numerical feature ...
dp[2][268]=-31.1645
dp[3][268]=-2.2e+11
dp[4][268]=-2.2e+11
dp[5][268]=-2.2e+11
dp[6][268]=-2.2e+11
dp[7][268]=-2.2e+11
dp[8][268]=-2.2e+11
dp[9][268]=-2.2e+11
dp[10][268]=-2.2e+11
dp[11][268]=-2.2e+11
dp[12][268]=-2.2e+11
dp[13][268]=-2.2e+11
dp[14][268]=-2.2e+11
dp[15][268]=-2.2e+11
dp[16][268]=-2.2e+11
Select best dp
Best k=7
Stratifying 5-th numerical feature ...
dp[2][268]=-34.9914
dp[3][268]=-4.3e+11
dp[4][268]=-7.9e+11
dp[5][268]=-1.13e+12
dp[6][268]=-1.42e+12
dp[7][268]=-1.74e+12
dp[8][268]=-1.94e+12
dp[9][268]=-2.13e+12
dp[10][268]=-2.13e+12
dp[11][268]=-2.13e+12
dp[12][268]=-2.13e+12
dp[13][268]=-2.13e+12
dp[14][268]=-2.13e+12
dp[15][268]=-1.97e+12
dp[16][268]=-1.53e+12
Select best dp
Best k=9
Stratifying 4-th numerical feature ...
dp[2][268]=-415.937
dp[3][268]=-4.6e+11
dp[4][268]=-7.4e+11
dp[5][268]=-1.01e+12
dp[6][268]=-1.21e+12
dp[7][268]=-1.33e+12
dp[8][268]=-1.53e+12
dp[9][268]=-1.71e+12
dp[10][268]=-1.71e+12
dp[11][268]=-1.75e+12
dp[12][268]=-1.75e+12
dp[13][268]=-1.75e+12
dp[14][268]=-1.75e+12
dp[15][268]=-1.75e+12
dp[16][268]=-1.75e+12
Select best dp
Best k=12
Stratifying 6-th numerical feature ...
dp[2][268]=-31.1645
dp[3][268]=-203.83
dp[4][268]=-288.457
dp[5][268]=-371.988
dp[6][268]=-374.725
dp[7][268]=-374.485
dp[8][268]=-345.323
dp[9][268]=-315.326
dp[10][268]=-262.662
Select best dp
Best k=6
Stratifying 5-th numerical feature ...
dp[2][268]=-607.696
dp[3][268]=-968.37
dp[4][268]=-1165.4
dp[5][268]=-1328.77
dp[6][268]=-1469.84
dp[7][268]=-1557
dp[8][268]=-1623.2
dp[9][268]=-1683.35
dp[10][268]=-1698.29
dp[11][268]=-1692.1
dp[12][268]=-1662.08
dp[13][268]=-1629.08
dp[14][268]=-1593.79
dp[15][268]=-1556.82
dp[16][268]=-1510.15
Select best dp
Best k=10
dp[2][268]=-197.549
dp[3][268]=-324.736
dp[4][268]=-370.103
dp[5][268]=-398.637
dp[6][268]=-416.02
dp[7][268]=-406.449
dp[8][268]=-386.403
dp[9][268]=-363.329
dp[10][268]=-317.648
dp[11][268]=-261.405
dp[12][268]=-193.244
dp[13][268]=-123.591
dp[14][268]=-52.8007
dp[15][268]=18.8343
dp[16][268]=95.3187
Select best dp
Best k=6
dp[2][268]=-31.1645
dp[3][268]=-2.2e+11
dp[4][268]=-2.2e+11
dp[5][268]=-2.2e+11
dp[6][268]=-2.2e+11
dp[7][268]=-2.2e+11
dp[8][268]=-2.2e+11
dp[9][268]=-2.2e+11
dp[10][268]=-2.2e+11
dp[11][268]=-2.2e+11
dp[12][268]=-2.2e+11
dp[13][268]=-2.2e+11
dp[14][268]=-2.2e+11
dp[15][268]=-2.2e+11
dp[16][268]=-2.2e+11
Select best dp
Best k=7
Stratifying 5-th numerical feature ...
dp[2][268]=-31.1645
dp[3][268]=-2.2e+11
dp[4][268]=-2.2e+11
dp[5][268]=-2.2e+11
dp[6][268]=-2.2e+11
dp[7][268]=-2.2e+11
dp[8][268]=-2.2e+11
dp[9][268]=-2.2e+11
dp[10][268]=-2.2e+11
dp[11][268]=-2.2e+11
dp[12][268]=-2.2e+11
dp[13][268]=-2.2e+11
dp[14][268]=-2.2e+11
dp[15][268]=-2.2e+11
dp[16][268]=-2.2e+11
Select best dp
Best k=7
Stratifying 5-th numerical feature ...
dp[2][268]=-31.1645
dp[3][268]=-2.2e+11
dp[4][268]=-2.2e+11
dp[5][268]=-2.2e+11
dp[6][268]=-2.2e+11
dp[7][268]=-2.2e+11
dp[8][268]=-2.2e+11
dp[9][268]=-2.2e+11
dp[10][268]=-2.2e+11
dp[11][268]=-2.2e+11
dp[12][268]=-2.2e+11
dp[13][268]=-2.2e+11
dp[14][268]=-2.2e+11
dp[15][268]=-2.2e+11
dp[16][268]=-2.2e+11
Select best dp
Best k=7
Stratifying 5-th numerical feature ...
dp[2][268]=-13.5433
dp[3][268]=-3.6e+11
dp[4][268]=-7.1e+11
dp[5][268]=-9.4e+11
dp[6][268]=-1.16e+12
dp[7][268]=-1.49e+12
dp[8][268]=-1.64e+12
dp[9][268]=-1.89e+12
dp[10][268]=-1.99e+12
dp[11][268]=-2.11e+12
dp[12][268]=-2.11e+12
dp[13][268]=-2.2e+12
dp[14][268]=-2.2e+12
dp[15][268]=-2.2e+12
dp[16][268]=-2.2e+12
Select best dp
Best k=13
Stratifying 7-th numerical feature ...
dp[2][268]=-415.937
dp[3][268]=-4.6e+11
dp[4][268]=-7.4e+11
dp[5][268]=-1.01e+12
dp[6][268]=-1.21e+12
dp[7][268]=-1.33e+12
dp[8][268]=-1.53e+12
dp[9][268]=-1.71e+12
dp[10][268]=-1.79e+12
dp[11][268]=-1.85e+12
dp[12][268]=-1.93e+12
dp[13][268]=-1.98e+12
dp[14][268]=-2.03e+12
dp[15][268]=-2.11e+12
dp[16][268]=-2.11e+12
Select best dp
Best k=16
Stratifying 6-th numerical feature ...
dp[2][268]=90.7173
dp[3][268]=-1.1e+11
dp[4][268]=-1.1e+11
dp[5][268]=-1.1e+11
dp[6][268]=-1.1e+11
dp[7][268]=-1.1e+11
dp[8][268]=-1.1e+11
dp[9][268]=-1.1e+11
dp[10][268]=-1.1e+11
dp[11][268]=-1.1e+11
dp[12][268]=-1.1e+11
dp[13][268]=-1.1e+11
dp[14][268]=-1.1e+11
dp[15][268]=-1.1e+11
dp[16][268]=-1.1e+11
Select best dp
Best k=3
Stratifying 5-th numerical feature ...
dp[2][268]=212.599
dp[3][268]=318.899
dp[4][268]=425.198
dp[5][268]=531.498
dp[6][268]=637.797
dp[7][268]=744.097
dp[8][268]=850.396
dp[9][268]=956.696
dp[10][268]=1063
dp[2][268]=-31.1645
dp[11][268]=1169.29
dp[3][268]=-2.2e+11
dp[12][268]=1275.59
dp[4][268]=-2.2e+11
dp[13][268]=1381.89
dp[5][268]=-2.2e+11
dp[14][268]=1488.19
dp[6][268]=-2.2e+11
dp[15][268]=1594.49
dp[7][268]=-2.2e+11
dp[16][268]=1700.79
Select best dp
dp[8][268]=-2.2e+11
Best k=2
dp[9][268]=-2.2e+11
dp[10][268]=-2.2e+11
dp[11][268]=-2.2e+11
dp[12][268]=-2.2e+11
dp[13][268]=-2.2e+11
dp[14][268]=-2.2e+11
dp[15][268]=-2.2e+11
dp[16][268]=-2.2e+11
Select best dp
Best k=7
Stratifying 5-th numerical feature ...
Stratifying 5-th numerical feature ...
dp[2][268]=-415.937
dp[3][268]=-4.6e+11
dp[4][268]=-7.4e+11
dp[5][268]=-1.01e+12
dp[6][268]=-1.01e+12
dp[7][268]=-1.01e+12
dp[8][268]=-1.01e+12
dp[9][268]=-1.01e+12
dp[10][268]=-7.7e+11
Select best dp
Best k=8
Stratifying 6-th numerical feature ...
dp[2][268]=-31.1645
dp[3][268]=-2.2e+11
dp[4][268]=-2.2e+11
dp[5][268]=-2.2e+11
dp[6][268]=-2.2e+11
dp[7][268]=-2.2e+11
dp[8][268]=-2.2e+11
dp[9][268]=-2.2e+11
dp[10][268]=-2.2e+11
dp[11][268]=-2.2e+11
dp[12][268]=-2.2e+11
dp[13][268]=-2.2e+11
dp[14][268]=-2.2e+11
dp[15][268]=-2.2e+11
dp[16][268]=-2.2e+11
Select best dp
Best k=7
Stratifying 5-th numerical feature ...
dp[2][268]=-31.1645
dp[3][268]=-2.2e+11
dp[4][268]=-2.2e+11
dp[5][268]=-2.2e+11
dp[6][268]=-2.2e+11
dp[7][268]=-2.2e+11
dp[8][268]=-2.2e+11
dp[9][268]=-2.2e+11
dp[10][268]=-2.2e+11
dp[11][268]=-2.2e+11
dp[12][268]=-2.2e+11
dp[13][268]=-2.2e+11
dp[14][268]=-2.2e+11
dp[15][268]=-2.2e+11
dp[16][268]=-2.2e+11
Select best dp
Best k=7
Stratifying 5-th numerical feature ...
dp[2][268]=19.2808
dp[3][268]=-2.2e+11
dp[4][268]=-2.2e+11
dp[5][268]=-2.2e+11
dp[6][268]=-2.2e+11
dp[7][268]=-2.2e+11
dp[8][268]=-2.2e+11
dp[9][268]=-2.2e+11
dp[10][268]=-2.2e+11
dp[11][268]=-2.2e+11
dp[12][268]=-2.2e+11
dp[13][268]=-2.2e+11
dp[14][268]=-2.2e+11
dp[15][268]=-2.2e+11
dp[16][268]=-2.2e+11
Select best dp
Best k=7
dp[2][268]=-415.937
dp[3][268]=-4.6e+11
dp[4][268]=-7.4e+11
dp[5][268]=-1.01e+12
dp[6][268]=-1.21e+12
dp[7][268]=-1.33e+12
dp[8][268]=-1.53e+12
dp[9][268]=-1.71e+12
dp[10][268]=-1.79e+12
dp[11][268]=-1.79e+12
dp[12][268]=-1.87e+12
dp[13][268]=-1.87e+12
dp[14][268]=-1.95e+12
dp[15][268]=-1.95e+12
dp[16][268]=-1.95e+12
Select best dp
Best k=15
Stratifying 5-th numerical feature ...
dp[2][268]=-415.937
dp[3][268]=-4.6e+11
dp[4][268]=-7.4e+11
dp[5][268]=-1.01e+12
dp[6][268]=-1.21e+12
dp[7][268]=-1.21e+12
dp[8][268]=-1.39e+12
dp[9][268]=-1.55e+12
dp[10][268]=-1.55e+12
Stratifying 6-th numerical feature ...
dp[11][268]=-1.55e+12
dp[12][268]=-1.55e+12
dp[13][268]=-1.55e+12
dp[14][268]=-1.39e+12
dp[15][268]=-1.23e+12
dp[16][268]=-1.01e+12
Select best dp
Best k=10
Stratifying 6-th numerical feature ...
dp[2][268]=-101.669
dp[3][268]=-2.3e+11
dp[4][268]=-3.7e+11
dp[5][268]=-5.05e+11
dp[6][268]=-6.05e+11
dp[7][268]=-6.05e+11
dp[8][268]=-6.95e+11
dp[9][268]=-7.75e+11
dp[10][268]=-7.75e+11
dp[11][268]=-7.75e+11
dp[12][268]=-7.75e+11
dp[13][268]=-7.75e+11
dp[14][268]=-6.95e+11
dp[15][268]=-6.15e+11
dp[16][268]=-5.05e+11
Select best dp
Best k=9
Stratifying 6-th numerical feature ...
dp[2][268]=-197.549
dp[3][268]=-324.736
dp[4][268]=-370.103
dp[5][268]=-398.637
dp[6][268]=-416.02
dp[7][268]=-408.216
dp[8][268]=-388.169
dp[9][268]=-365.095
dp[10][268]=-319.414
dp[11][268]=-266.093
dp[12][268]=-207.676
dp[13][268]=-155.258
dp[14][268]=-96.51
dp[15][268]=-37.0033
dp[16][268]=21.7451
Select best dp
Best k=6
dp[2][268]=-415.937
dp[3][268]=-4.6e+11
dp[4][268]=-7.4e+11
dp[5][268]=-1.01e+12
dp[6][268]=-1.21e+12
dp[7][268]=-1.21e+12
dp[8][268]=-1.39e+12
dp[9][268]=-1.55e+12
dp[10][268]=-1.55e+12
dp[11][268]=-1.55e+12
dp[12][268]=-1.55e+12
dp[13][268]=-1.55e+12
dp[14][268]=-1.39e+12
dp[15][268]=-1.23e+12
dp[16][268]=-1.01e+12
Select best dp
Best k=10
Stratifying 6-th numerical feature ...
dp[2][268]=-13.5433
dp[3][268]=-3.6e+11
dp[4][268]=-7.1e+11
dp[5][268]=-9.4e+11
dp[6][268]=-1.16e+12
dp[7][268]=-1.49e+12
dp[8][268]=-1.64e+12
dp[9][268]=-1.89e+12
dp[10][268]=-1.99e+12
dp[11][268]=-2.11e+12
dp[12][268]=-2.2e+12
dp[13][268]=-2.3e+12
dp[14][268]=-2.35e+12
dp[15][268]=-2.43e+12
dp[16][268]=-2.43e+12
Select best dp
Best k=15
Stratifying 7-th numerical feature ...
dp[2][268]=-13.5433
dp[3][268]=-3.6e+11
dp[4][268]=-7.1e+11
dp[5][268]=-9.4e+11
dp[6][268]=-1.16e+12
dp[7][268]=-1.49e+12
dp[8][268]=-1.49e+12
dp[9][268]=-1.73e+12
dp[10][268]=-1.73e+12
dp[11][268]=-1.73e+12
dp[12][268]=-1.73e+12
dp[13][268]=-1.73e+12
dp[14][268]=-1.73e+12
dp[15][268]=-1.7e+12
dp[16][268]=-1.38e+12
Select best dp
Best k=9
Stratifying 7-th numerical feature ...
dp[2][268]=-13.5433
dp[3][268]=-3.6e+11
dp[4][268]=-7.1e+11
dp[5][268]=-7.1e+11
dp[6][268]=-1.04e+12
dp[7][268]=-1.04e+12
dp[8][268]=-1.2e+12
dp[9][268]=-1.17e+12
dp[10][268]=-9e+11
Select best dp
Best k=8
Stratifying 7-th numerical feature ...
dp[2][268]=99.5279
dp[3][268]=-1.8e+11
dp[4][268]=-3.55e+11
dp[5][268]=-4.7e+11
dp[6][268]=-5.8e+11
dp[7][268]=-7.45e+11
dp[8][268]=-7.45e+11
dp[9][268]=-8.65e+11
dp[10][268]=-8.65e+11
dp[11][268]=-8.65e+11
dp[12][268]=-8.65e+11
dp[13][268]=-8.65e+11
dp[14][268]=-8.65e+11
dp[15][268]=-8.5e+11
dp[16][268]=-6.9e+11
Select best dp
Best k=9
Stratifying 7-th numerical feature ...
dp[2][268]=-13.5433
dp[3][268]=-3.6e+11
dp[4][268]=-7.1e+11
dp[5][268]=-9.4e+11
dp[6][268]=-1.16e+12
dp[7][268]=-1.49e+12
dp[8][268]=-1.64e+12
dp[9][268]=-1.89e+12
dp[10][268]=-1.99e+12
dp[11][268]=-2.11e+12
dp[12][268]=-2.2e+12
dp[13][268]=-2.3e+12
dp[14][268]=-2.3e+12
dp[15][268]=-2.35e+12
dp[16][268]=-2.35e+12
Select best dp
Best k=15
Stratifying 7-th numerical feature ...
dp[2][268]=-415.937
dp[3][268]=-4.6e+11
dp[4][268]=-7.4e+11
dp[5][268]=-1.01e+12
dp[6][268]=-1.21e+12
dp[7][268]=-1.21e+12
dp[8][268]=-1.39e+12
dp[9][268]=-1.55e+12
dp[10][268]=-1.55e+12
dp[11][268]=-1.55e+12
dp[12][268]=-1.55e+12
dp[13][268]=-1.55e+12
dp[14][268]=-1.39e+12
dp[15][268]=-1.23e+12
dp[16][268]=-1.01e+12
Select best dp
Best k=10
Stratifying 6-th numerical feature ...
dp[2][268]=212.599
dp[3][268]=318.899
dp[4][268]=425.198
dp[5][268]=531.498
dp[6][268]=637.797
dp[7][268]=744.097
dp[8][268]=850.396
dp[9][268]=956.696
dp[10][268]=1063
dp[11][268]=1169.29
dp[12][268]=1275.59
dp[13][268]=1381.89
dp[14][268]=1488.19
dp[15][268]=1594.49
dp[16][268]=1700.79
Select best dp
Best k=2
Stratifying 6-th numerical feature ...
dp[2][268]=-415.937
dp[3][268]=-4.6e+11
dp[4][268]=-7.4e+11
dp[5][268]=-1.01e+12
dp[6][268]=-1.21e+12
dp[7][268]=-1.21e+12
dp[8][268]=-1.39e+12
dp[9][268]=-1.55e+12
dp[10][268]=-1.55e+12
dp[11][268]=-1.55e+12
dp[12][268]=-1.55e+12
dp[13][268]=-1.55e+12
dp[14][268]=-1.39e+12
dp[15][268]=-1.23e+12
dp[16][268]=-1.01e+12
Select best dp
Best k=10
Stratifying 6-th numerical feature ...
dp[2][268]=-415.937
dp[3][268]=-4.6e+11
dp[4][268]=-7.4e+11
dp[5][268]=-1.01e+12
dp[6][268]=-1.21e+12
dp[7][268]=-1.21e+12
dp[8][268]=-1.39e+12
dp[9][268]=-1.55e+12
dp[10][268]=-1.55e+12
dp[11][268]=-1.55e+12
dp[12][268]=-1.55e+12
dp[13][268]=-1.55e+12
dp[14][268]=-1.39e+12
dp[15][268]=-1.23e+12
dp[16][268]=-1.01e+12
Select best dp
Best k=10
Stratifying 6-th numerical feature ...
dp[2][268]=-197.549
dp[3][268]=-324.736
dp[4][268]=-370.103
dp[5][268]=-398.637
dp[6][268]=-416.02
dp[7][268]=-406.449
dp[8][268]=-386.403
dp[9][268]=-363.329
dp[10][268]=-317.648
dp[11][268]=-261.405
dp[12][268]=-193.244
dp[13][268]=-123.591
dp[14][268]=-52.8007
dp[15][268]=18.8343
dp[16][268]=95.3187
Select best dp
Best k=6
dp[2][268]=-375.188
dp[3][268]=-4.6e+11
dp[4][268]=-7.4e+11
dp[5][268]=-1.01e+12
dp[6][268]=-1.21e+12
dp[7][268]=-1.21e+12
dp[8][268]=-1.39e+12
dp[9][268]=-1.55e+12
dp[10][268]=-1.55e+12
dp[11][268]=-1.55e+12
dp[12][268]=-1.55e+12
dp[13][268]=-1.55e+12
dp[14][268]=-1.39e+12
dp[15][268]=-1.23e+12
dp[16][268]=-1.01e+12
Select best dp
Best k=10
Stratifying 6-th numerical feature ...
dp[2][268]=7.52524
dp[3][268]=-2.91856
dp[4][268]=27.5476
dp[5][268]=66.4303
dp[6][268]=110.888
dp[7][268]=168.824
dp[8][268]=231.997
dp[9][268]=296.683
dp[10][268]=372.674
dp[11][268]=453.945
dp[12][268]=541.175
dp[13][268]=629.151
dp[14][268]=717.696
dp[15][268]=806.664
dp[16][268]=898.055
Select best dp
Best k=3
dp[2][268]=-197.549
dp[3][268]=-7e+10
dp[4][268]=-1e+11
dp[5][268]=-1.3e+11
dp[6][268]=-1.7e+11
dp[7][268]=-2e+11
dp[8][268]=-2.3e+11
dp[9][268]=-2.6e+11
dp[10][268]=-2.8e+11
dp[11][268]=-3.1e+11
dp[12][268]=-3.3e+11
dp[13][268]=-3.6e+11
dp[14][268]=-3.8e+11
dp[15][268]=-4.1e+11
dp[16][268]=-4.3e+11
Select best dp
Best k=16
dp[2][268]=-197.549
dp[3][268]=-324.736
dp[4][268]=-370.103
dp[5][268]=-398.637
dp[6][268]=-416.02
dp[7][268]=-395.974
dp[8][268]=-367.35
dp[9][268]=-335.836
dp[10][268]=-264.526
Select best dp
Best k=6
dp[2][268]=-13.5433
dp[3][268]=-3.6e+11
dp[4][268]=-7.1e+11
dp[5][268]=-9.4e+11
dp[6][268]=-1.16e+12
dp[7][268]=-1.49e+12
dp[8][268]=-1.49e+12
dp[9][268]=-1.73e+12
dp[10][268]=-1.73e+12
dp[11][268]=-1.73e+12
dp[12][268]=-1.73e+12
dp[13][268]=-1.73e+12
dp[14][268]=-1.73e+12
dp[15][268]=-1.7e+12
dp[16][268]=-1.38e+12
Select best dp
Best k=9
Stratifying 7-th numerical feature ...
dp[2][268]=-197.549
dp[3][268]=-324.736
dp[4][268]=-370.103
dp[5][268]=-398.637
dp[6][268]=-416.02
dp[7][268]=-408.216
dp[8][268]=-388.169
dp[9][268]=-365.095
dp[10][268]=-319.414
dp[11][268]=-266.093
dp[12][268]=-211.305
dp[13][268]=-155.396
dp[14][268]=-100.609
dp[15][268]=-43.9581
dp[16][268]=14.4583
Select best dp
Best k=6
dp[2][268]=-13.5433
dp[3][268]=-3.6e+11
dp[4][268]=-7.1e+11
dp[5][268]=-9.4e+11
dp[6][268]=-1.16e+12
dp[7][268]=-1.49e+12
dp[8][268]=-1.49e+12
dp[9][268]=-1.73e+12
dp[10][268]=-1.73e+12
dp[11][268]=-1.73e+12
dp[12][268]=-1.73e+12
dp[13][268]=-1.73e+12
dp[14][268]=-1.73e+12
dp[15][268]=-1.7e+12
dp[16][268]=-1.38e+12
Select best dp
Best k=9
Stratifying 7-th numerical feature ...
dp[2][268]=-13.5433
dp[3][268]=-3.6e+11
dp[4][268]=-7.1e+11
dp[5][268]=-9.4e+11
dp[6][268]=-1.16e+12
dp[7][268]=-1.49e+12
dp[8][268]=-1.49e+12
dp[9][268]=-1.73e+12
dp[10][268]=-1.73e+12
dp[11][268]=-1.73e+12
dp[12][268]=-1.73e+12
dp[13][268]=-1.73e+12
dp[14][268]=-1.73e+12
dp[15][268]=-1.7e+12
dp[16][268]=-1.38e+12
Select best dp
Best k=9
Stratifying 7-th numerical feature ...
dp[2][268]=212.599
dp[3][268]=318.899
dp[4][268]=425.198
dp[5][268]=531.498
dp[6][268]=637.797
dp[7][268]=744.097
dp[8][268]=850.396
dp[9][268]=956.696
dp[10][268]=1063
dp[11][268]=1169.29
dp[12][268]=1275.59
dp[13][268]=1381.89
dp[14][268]=1488.19
dp[15][268]=1594.49
dp[16][268]=1700.79
Select best dp
Best k=2
Stratifying 7-th numerical feature ...
dp[2][268]=-13.5433
dp[3][268]=-3.6e+11
dp[4][268]=-7.1e+11
dp[5][268]=-9.4e+11
dp[6][268]=-1.16e+12
dp[7][268]=-1.49e+12
dp[8][268]=-1.49e+12
dp[9][268]=-1.73e+12
dp[10][268]=-1.73e+12
dp[11][268]=-1.73e+12
dp[12][268]=-1.73e+12
dp[13][268]=-1.73e+12
dp[14][268]=-1.73e+12
dp[15][268]=-1.7e+12
dp[16][268]=-1.38e+12
Select best dp
Best k=9
Stratifying 7-th numerical feature ...
dp[2][268]=-197.549
dp[3][268]=-324.736
dp[4][268]=-370.103
dp[5][268]=-398.637
dp[6][268]=-416.02
dp[7][268]=-406.449
dp[8][268]=-386.403
dp[9][268]=-363.329
dp[10][268]=-317.648
dp[11][268]=-261.405
dp[12][268]=-193.244
dp[13][268]=-123.591
dp[14][268]=-52.8007
dp[15][268]=18.8343
dp[16][268]=95.3187
Select best dp
Best k=6
dp[2][268]=-197.549
dp[3][268]=-324.736
dp[4][268]=-370.103
dp[5][268]=-398.637
dp[6][268]=-416.02
dp[7][268]=-406.449
dp[8][268]=-386.403
dp[9][268]=-363.329
dp[10][268]=-317.648
dp[11][268]=-261.405
dp[12][268]=-193.244
dp[13][268]=-123.591
dp[14][268]=-52.8007
dp[15][268]=18.8343
dp[16][268]=95.3187
Select best dp
Best k=6
dp[2][268]=8.58354
dp[3][268]=-3.6e+11
dp[4][268]=-7.1e+11
dp[5][268]=-9.4e+11
dp[6][268]=-1.16e+12
dp[7][268]=-1.49e+12
dp[8][268]=-1.49e+12
dp[9][268]=-1.73e+12
dp[10][268]=-1.73e+12
dp[11][268]=-1.73e+12
dp[12][268]=-1.73e+12
dp[13][268]=-1.73e+12
dp[14][268]=-1.73e+12
dp[15][268]=-1.7e+12
dp[16][268]=-1.38e+12
Select best dp
Best k=9
Stratifying 7-th numerical feature ...
dp[2][268]=212.599
dp[3][268]=318.899
dp[4][268]=425.198
dp[5][268]=531.498
dp[6][268]=637.797
dp[7][268]=744.097
dp[8][268]=850.396
dp[9][268]=956.696
dp[10][268]=1063
dp[11][268]=1169.29
dp[12][268]=1275.59
dp[13][268]=1381.89
dp[14][268]=1488.19
dp[15][268]=1594.49
dp[16][268]=1700.79
Select best dp
Best k=2
dp[2][268]=-197.549
dp[3][268]=-324.736
dp[4][268]=-370.103
dp[5][268]=-398.637
dp[6][268]=-416.02
dp[7][268]=-406.449
dp[8][268]=-386.403
dp[9][268]=-363.329
dp[10][268]=-317.648
dp[11][268]=-261.405
dp[12][268]=-193.244
dp[13][268]=-123.591
dp[14][268]=-52.8007
dp[15][268]=18.8343
dp[16][268]=95.3187
Select best dp
Best k=6
dp[2][268]=-197.549
dp[3][268]=-324.736
dp[4][268]=-370.103
dp[5][268]=-398.637
dp[6][268]=-416.02
dp[7][268]=-406.449
dp[8][268]=-386.403
dp[9][268]=-363.329
dp[10][268]=-317.648
dp[11][268]=-261.405
dp[12][268]=-193.244
dp[13][268]=-123.591
dp[14][268]=-52.8007
dp[15][268]=18.8343
dp[16][268]=95.3187
Select best dp
Best k=6
dp[2][268]=-146.926
dp[3][268]=-285.572
dp[4][268]=-337.592
dp[5][268]=-372.607
dp[6][268]=-390.738
dp[7][268]=-386.905
dp[8][268]=-370.486
dp[9][268]=-352.202
dp[10][268]=-315.516
dp[11][268]=-262.873
dp[12][268]=-202.275
dp[13][268]=-136.479
dp[14][268]=-70.2651
dp[15][268]=-3.87233
dp[16][268]=70.8194
Select best dp
Best k=6
