Standardize ...
Stratifying 1-th numerical feature ...
Standardize ...
Stratifying 1-th numerical feature ...
Standardize ...
Stratifying 1-th numerical feature ...
Standardize ...
Stratifying 1-th numerical feature ...
Standardize ...
Stratifying 1-th numerical feature ...
Standardize ...
Stratifying 1-th numerical feature ...
Standardize ...
Stratifying 1-th numerical feature ...
Standardize ...
Stratifying 1-th numerical feature ...
Standardize ...
Stratifying 1-th numerical feature ...
Standardize ...
Stratifying 1-th numerical feature ...
Standardize ...
Stratifying 1-th numerical feature ...
Standardize ...
Stratifying 1-th numerical feature ...
Standardize ...
Stratifying 1-th numerical feature ...
Standardize ...
Stratifying 1-th numerical feature ...
dp[2][467]=-331.555
dp[3][467]=-596.53
dp[4][467]=-768.928
dp[5][467]=-891.96
dp[6][467]=-963.78
dp[7][467]=-1025.65
dp[8][467]=-1081.94
dp[9][467]=-1087.18
dp[10][467]=-1087.95
dp[11][467]=-1060.84
dp[12][467]=-1027.75
dp[13][467]=-973.542
dp[14][467]=-875.646
Select best dp
Best k=10
dp[2][467]=-331.555
dp[3][467]=-2.6e+11
dp[4][467]=-2.6e+11
dp[5][467]=-5.2e+11
dp[6][467]=-5.2e+11
dp[7][467]=-7.5e+11
dp[8][467]=-7.5e+11
dp[9][467]=-7.5e+11
dp[10][467]=-7.5e+11
dp[11][467]=-7.5e+11
dp[12][467]=-7.5e+11
dp[13][467]=-7.5e+11
dp[14][467]=-7.5e+11
dp[15][467]=-7.5e+11
dp[16][467]=-7.5e+11
dp[17][467]=-7.5e+11
dp[18][467]=-7.5e+11
dp[19][467]=-7.5e+11
dp[20][467]=-4.9e+11
dp[21][467]=-2.3e+11
Select best dp
Best k=11
dp[2][467]=-331.555
dp[3][467]=-2.6e+11
dp[4][467]=-2.6e+11
dp[5][467]=-5.2e+11
dp[6][467]=-5.2e+11
dp[7][467]=-7.5e+11
dp[8][467]=-7.5e+11
dp[9][467]=-7.5e+11
dp[10][467]=-7.5e+11
dp[11][467]=-7.5e+11
dp[12][467]=-7.5e+11
dp[13][467]=-7.5e+11
dp[14][467]=-7.5e+11
dp[15][467]=-7.5e+11
dp[16][467]=-7.5e+11
dp[17][467]=-7.5e+11
dp[18][467]=-7.5e+11
dp[19][467]=-7.5e+11
dp[20][467]=-4.9e+11
dp[21][467]=-2.3e+11
Select best dp
Best k=11
dp[2][467]=-331.555
dp[3][467]=-2.6e+11
dp[4][467]=-2.6e+11
dp[5][467]=-5.2e+11
dp[6][467]=-5.2e+11
dp[7][467]=-7.5e+11
dp[8][467]=-7.5e+11
dp[9][467]=-7.5e+11
dp[10][467]=-7.5e+11
dp[11][467]=-7.5e+11
dp[12][467]=-7.5e+11
dp[13][467]=-7.5e+11
dp[14][467]=-7.5e+11
dp[15][467]=-7.5e+11
dp[16][467]=-7.5e+11
dp[17][467]=-7.5e+11
dp[18][467]=-7.5e+11
dp[19][467]=-7.5e+11
dp[20][467]=-4.9e+11
dp[21][467]=-2.3e+11
Select best dp
Best k=11
dp[2][467]=-331.555
dp[3][467]=-2.6e+11
dp[4][467]=-2.6e+11
dp[5][467]=-5.2e+11
dp[6][467]=-5.2e+11
dp[7][467]=-7.5e+11
dp[8][467]=-7.5e+11
dp[9][467]=-7.5e+11
dp[10][467]=-7.5e+11
dp[11][467]=-7.5e+11
dp[12][467]=-7.5e+11
dp[13][467]=-7.5e+11
dp[14][467]=-7.5e+11
dp[15][467]=-7.5e+11
dp[16][467]=-7.5e+11
dp[17][467]=-7.5e+11
dp[18][467]=-7.5e+11
dp[19][467]=-7.5e+11
dp[20][467]=-4.9e+11
dp[21][467]=-2.3e+11
Select best dp
Best k=11
dp[2][467]=-331.555
dp[3][467]=-2.6e+11
dp[4][467]=-2.6e+11
dp[5][467]=-5.2e+11
dp[6][467]=-5.2e+11
dp[7][467]=-7.5e+11
dp[8][467]=-7.5e+11
dp[9][467]=-7.5e+11
dp[10][467]=-7.5e+11
dp[11][467]=-7.5e+11
dp[12][467]=-7.5e+11
dp[13][467]=-7.5e+11
dp[14][467]=-7.5e+11
dp[15][467]=-7.5e+11
dp[16][467]=-7.5e+11
dp[17][467]=-7.5e+11
dp[18][467]=-7.5e+11
dp[19][467]=-7.5e+11
dp[20][467]=-4.9e+11
dp[21][467]=-2.3e+11
Select best dp
Best k=11
dp[2][467]=184.454
dp[3][467]=276.681
dp[4][467]=368.908
dp[5][467]=461.135
dp[6][467]=553.362
dp[7][467]=645.589
dp[8][467]=737.816
dp[9][467]=830.043
dp[10][467]=922.27
dp[11][467]=1014.5
dp[12][467]=1106.72
dp[13][467]=1198.95
dp[14][467]=1291.18
dp[15][467]=1383.41
dp[16][467]=1475.63
dp[17][467]=1567.86
dp[18][467]=1660.09
dp[19][467]=1752.31
dp[20][467]=1844.54
dp[21][467]=1936.77
Select best dp
Best k=2
dp[2][467]=-872.157
dp[3][467]=-5.2e+11
dp[4][467]=-5.2e+11
dp[5][467]=-1.04e+12
dp[6][467]=-1.04e+12
dp[7][467]=-1.5e+12
dp[8][467]=-1.5e+12
dp[9][467]=-1.5e+12
dp[10][467]=-1.5e+12
dp[11][467]=-1.5e+12
dp[12][467]=-1.5e+12
dp[13][467]=-1.5e+12
dp[14][467]=-1.5e+12
dp[15][467]=-1.5e+12
dp[16][467]=-1.5e+12
dp[17][467]=-1.5e+12
dp[18][467]=-1.5e+12
dp[19][467]=-1.5e+12
dp[20][467]=-9.8e+11
dp[21][467]=-4.6e+11
Select best dp
Best k=15
dp[2][467]=-61.2533
dp[3][467]=-1.3e+11
dp[4][467]=-1.3e+11
dp[5][467]=-2.6e+11
dp[6][467]=-2.6e+11
dp[7][467]=-3.75e+11
dp[8][467]=-3.75e+11
dp[9][467]=-3.75e+11
dp[10][467]=-3.75e+11
dp[11][467]=-3.75e+11
dp[12][467]=-3.75e+11
dp[13][467]=-3.75e+11
dp[14][467]=-3.75e+11
dp[15][467]=-3.75e+11
dp[16][467]=-3.75e+11
dp[17][467]=-3.75e+11
dp[18][467]=-3.75e+11
dp[19][467]=-3.75e+11
dp[20][467]=-2.45e+11
dp[21][467]=-1.15e+11
Select best dp
Best k=8
dp[2][467]=-331.555
dp[3][467]=-2.6e+11
dp[4][467]=-2.6e+11
dp[5][467]=-5.2e+11
dp[6][467]=-5.2e+11
dp[7][467]=-7.5e+11
dp[8][467]=-7.5e+11
dp[9][467]=-7.5e+11
dp[10][467]=-7.5e+11
dp[11][467]=-7.5e+11
dp[12][467]=-7.5e+11
dp[13][467]=-7.5e+11
dp[14][467]=-7.5e+11
dp[15][467]=-7.5e+11
dp[16][467]=-7.5e+11
dp[17][467]=-7.5e+11
dp[18][467]=-7.5e+11
dp[19][467]=-7.5e+11
dp[20][467]=-4.9e+11
dp[21][467]=-2.3e+11
Select best dp
Best k=11
dp[2][467]=-331.555
dp[3][467]=-2.6e+11
dp[4][467]=-4.6e+11
dp[5][467]=-5.2e+11
dp[6][467]=-7.2e+11
dp[7][467]=-8.1e+11
dp[8][467]=-9.8e+11
dp[9][467]=-1.07e+12
dp[10][467]=-1.24e+12
dp[11][467]=-1.33e+12
dp[12][467]=-1.5e+12
dp[13][467]=-1.59e+12
dp[14][467]=-1.76e+12
dp[15][467]=-1.82e+12
dp[16][467]=-1.99e+12
dp[17][467]=-2.05e+12
dp[18][467]=-2.21e+12
dp[19][467]=-2.28e+12
dp[20][467]=-2.38e+12
dp[21][467]=-2.5e+12
Select best dp
Best k=21
dp[2][467]=-331.555
dp[3][467]=-2.6e+11
dp[4][467]=-4.6e+11
dp[5][467]=-5.2e+11
dp[6][467]=-7.2e+11
dp[7][467]=-8.1e+11
dp[8][467]=-9.8e+11
dp[9][467]=-1.07e+12
dp[10][467]=-1.24e+12
dp[11][467]=-1.33e+12
dp[12][467]=-1.5e+12
dp[13][467]=-1.59e+12
dp[14][467]=-1.76e+12
dp[15][467]=-1.82e+12
dp[16][467]=-1.99e+12
dp[17][467]=-2.05e+12
dp[18][467]=-2.21e+12
dp[19][467]=-2.28e+12
dp[20][467]=-2.38e+12
dp[21][467]=-2.5e+12
Select best dp
Best k=21
dp[2][467]=-331.555
dp[3][467]=-2.6e+11
dp[4][467]=-4.6e+11
dp[5][467]=-5.4e+11
dp[6][467]=-7.2e+11
dp[7][467]=-8.1e+11
dp[8][467]=-9.8e+11
dp[9][467]=-1.07e+12
dp[10][467]=-1.24e+12
dp[11][467]=-1.38e+12
dp[12][467]=-1.5e+12
dp[13][467]=-1.63e+12
dp[14][467]=-1.76e+12
dp[15][467]=-1.9e+12
dp[16][467]=-2.01e+12
dp[17][467]=-2.15e+12
dp[18][467]=-2.29e+12
dp[19][467]=-2.41e+12
dp[20][467]=-2.52e+12
dp[21][467]=-2.66e+12
Select best dp
Best k=21
dp[2][467]=255.848
dp[3][467]=-2.6e+11
dp[4][467]=-2.6e+11
dp[5][467]=-5.2e+11
dp[6][467]=-5.2e+11
dp[7][467]=-7.5e+11
dp[8][467]=-7.5e+11
dp[9][467]=-7.5e+11
dp[10][467]=-7.5e+11
dp[11][467]=-7.5e+11
dp[12][467]=-7.5e+11
dp[13][467]=-7.5e+11
dp[14][467]=-7.5e+11
dp[15][467]=-7.5e+11
dp[16][467]=-7.5e+11
dp[17][467]=-7.5e+11
dp[18][467]=-7.5e+11
dp[19][467]=-7.5e+11
dp[20][467]=-4.9e+11
dp[21][467]=-2.3e+11
Select best dp
Best k=11
