Standardize ...
Stratifying 1-th numerical feature ...
Standardize ...
Stratifying 1-th numerical feature ...
Standardize ...
Stratifying 1-th numerical feature ...
Standardize ...
Stratifying 1-th numerical feature ...
Standardize ...
Stratifying 1-th numerical feature ...
Standardize ...
Stratifying 1-th numerical feature ...
Standardize ...
Stratifying 1-th numerical feature ...
Standardize ...
Stratifying 1-th numerical feature ...
Standardize ...
Stratifying 1-th numerical feature ...
Standardize ...
Stratifying 1-th numerical feature ...
Standardize ...
Stratifying 1-th numerical feature ...
Standardize ...
Stratifying 1-th numerical feature ...
Standardize ...
Stratifying 1-th numerical feature ...
Standardize ...
Stratifying 1-th numerical feature ...
dp[2][754]=-591.182
dp[3][754]=-997.644
dp[4][754]=-1237.54
dp[5][754]=-1409.04
dp[6][754]=-1490.9
dp[7][754]=-1564.01
dp[8][754]=-1598.54
dp[9][754]=-1608.29
dp[10][754]=-1598.53
dp[11][754]=-1586.02
dp[12][754]=-1559.08
dp[13][754]=-1508.91
dp[14][754]=-1456.27
dp[15][754]=-1400.17
dp[16][754]=-1325.61
dp[17][754]=-1237.39
dp[18][754]=-1112
Select best dp
Best k=9
dp[2][754]=-591.182
dp[3][754]=-997.644
dp[4][754]=-1237.54
dp[5][754]=-1409.04
dp[6][754]=-1490.9
dp[7][754]=-1564.01
dp[8][754]=-1598.54
dp[9][754]=-1608.29
dp[10][754]=-1598.53
dp[11][754]=-1586.02
dp[12][754]=-1559.08
dp[13][754]=-1512.68
dp[14][754]=-1462.53
dp[15][754]=-1406.43
dp[16][754]=-1338.14
dp[17][754]=-1259.26
dp[18][754]=-1178.93
dp[19][754]=-1089.5
dp[20][754]=-992.44
dp[21][754]=-893.899
dp[22][754]=-792.315
dp[23][754]=-688.284
dp[24][754]=-580.056
dp[25][754]=-468.573
dp[26][754]=-351.704
dp[27][754]=-219.37
Select best dp
Best k=9
dp[2][754]=-591.182
dp[3][754]=-997.644
dp[4][754]=-1237.54
dp[5][754]=-1409.04
dp[6][754]=-1490.9
dp[7][754]=-1564.01
dp[8][754]=-1598.54
dp[9][754]=-1608.29
dp[10][754]=-1598.53
dp[11][754]=-1586.02
dp[12][754]=-1559.08
dp[13][754]=-1512.68
dp[14][754]=-1462.53
dp[15][754]=-1406.43
dp[16][754]=-1338.14
dp[17][754]=-1259.26
dp[18][754]=-1178.93
dp[19][754]=-1089.5
dp[20][754]=-992.44
dp[21][754]=-893.899
dp[22][754]=-792.315
dp[23][754]=-688.284
dp[24][754]=-580.056
dp[25][754]=-468.573
dp[26][754]=-351.704
dp[27][754]=-219.37
Select best dp
Best k=9
dp[2][754]=-123.296
dp[3][754]=-240.38
dp[4][754]=-274.178
dp[5][754]=-273.783
dp[6][754]=-228.564
dp[7][754]=-178.974
dp[8][754]=-110.091
dp[9][754]=-28.8192
dp[10][754]=62.2062
dp[11][754]=154.609
dp[12][754]=254.227
dp[13][754]=363.573
dp[14][754]=474.797
dp[15][754]=588.995
dp[16][754]=709.289
dp[17][754]=834.875
dp[18][754]=961.189
dp[19][754]=1092.05
dp[20][754]=1226.73
dp[21][754]=1362.14
dp[22][754]=1499.08
dp[23][754]=1637.25
dp[24][754]=1777.51
dp[25][754]=1919.4
dp[26][754]=2063.98
dp[27][754]=2216.29
Select best dp
Best k=4
dp[2][754]=318.082
dp[3][754]=477.124
dp[4][754]=636.165
dp[5][754]=795.206
dp[6][754]=954.247
dp[7][754]=1113.29
dp[8][754]=1272.33
dp[9][754]=1431.37
dp[10][754]=1590.41
dp[11][754]=1749.45
dp[12][754]=1908.49
dp[13][754]=2067.54
dp[14][754]=2226.58
dp[15][754]=2385.62
dp[16][754]=2544.66
dp[17][754]=2703.7
dp[18][754]=2862.74
dp[19][754]=3021.78
dp[20][754]=3180.82
dp[21][754]=3339.87
dp[22][754]=3498.91
dp[23][754]=3657.95
dp[24][754]=3816.99
dp[25][754]=3976.03
dp[26][754]=4135.07
dp[27][754]=4294.11
Select best dp
Best k=2
dp[2][754]=-591.182
dp[3][754]=-997.644
dp[4][754]=-1237.54
dp[5][754]=-1409.04
dp[6][754]=-1490.9
dp[7][754]=-1564.01
dp[8][754]=-1598.54
dp[9][754]=-1608.29
dp[10][754]=-1598.53
dp[11][754]=-1586.02
dp[12][754]=-1559.08
dp[13][754]=-1512.68
dp[14][754]=-1462.53
dp[15][754]=-1406.43
dp[16][754]=-1338.14
dp[17][754]=-1259.26
dp[18][754]=-1178.93
dp[19][754]=-1089.5
dp[20][754]=-992.44
dp[21][754]=-893.899
dp[22][754]=-792.315
dp[23][754]=-688.284
dp[24][754]=-580.056
dp[25][754]=-468.573
dp[26][754]=-351.704
dp[27][754]=-219.37
Select best dp
Best k=9
dp[2][754]=-1526.95
dp[3][754]=-2512.17
dp[4][754]=-3164.25
dp[5][754]=-3679.55
dp[6][754]=-4015.56
dp[7][754]=-4334.09
dp[8][754]=-4575.43
dp[9][754]=-4767.23
dp[10][754]=-4920.02
dp[11][754]=-5067.29
dp[12][754]=-5185.7
dp[13][754]=-5265.2
dp[14][754]=-5337.19
dp[15][754]=-5397.28
dp[16][754]=-5432.99
dp[17][754]=-5447.53
dp[18][754]=-5459.16
dp[19][754]=-5452.59
dp[20][754]=-5430.77
dp[21][754]=-5405.99
dp[22][754]=-5375.11
dp[23][754]=-5339.35
dp[24][754]=-5295.18
dp[25][754]=-5244.51
dp[26][754]=-5183.07
dp[27][754]=-5090.7
Select best dp
Best k=18
dp[2][754]=-591.182
dp[3][754]=-997.644
dp[4][754]=-1237.54
dp[5][754]=-1409.04
dp[6][754]=-1490.9
dp[7][754]=-1564.01
dp[8][754]=-1598.54
dp[9][754]=-1608.29
dp[10][754]=-1598.53
dp[11][754]=-1586.02
dp[12][754]=-1559.08
dp[13][754]=-1512.68
dp[14][754]=-1462.53
dp[15][754]=-1406.43
dp[16][754]=-1338.14
dp[17][754]=-1259.26
dp[18][754]=-1178.93
dp[19][754]=-1089.5
dp[20][754]=-992.44
dp[21][754]=-893.899
dp[22][754]=-792.315
dp[23][754]=-688.284
dp[24][754]=-580.056
dp[25][754]=-468.573
dp[26][754]=-351.704
dp[27][754]=-219.37
Select best dp
Best k=9
dp[2][754]=-591.182
dp[3][754]=-997.644
dp[4][754]=-1237.54
dp[5][754]=-1409.04
dp[6][754]=-1490.9
dp[7][754]=-1564.01
dp[8][754]=-1598.54
dp[9][754]=-1608.29
dp[10][754]=-1598.53
dp[11][754]=-1586.02
dp[12][754]=-1559.08
dp[13][754]=-1512.68
dp[14][754]=-1462.53
dp[15][754]=-1406.43
dp[16][754]=-1338.14
dp[17][754]=-1261.1
dp[18][754]=-1180.77
dp[19][754]=-1091.34
dp[20][754]=-998.313
dp[21][754]=-901.482
dp[22][754]=-804.25
dp[23][754]=-705.634
dp[24][754]=-605.479
dp[25][754]=-502.693
dp[26][754]=-400.8
dp[27][754]=-291.452
Select best dp
Best k=9
dp[2][754]=-591.182
dp[3][754]=-997.644
dp[4][754]=-1237.54
dp[5][754]=-1409.04
dp[6][754]=-1490.9
dp[7][754]=-1564.01
dp[8][754]=-1598.54
dp[9][754]=-1608.29
dp[10][754]=-1598.53
dp[11][754]=-1586.02
dp[12][754]=-1559.08
dp[13][754]=-1512.68
dp[14][754]=-1462.53
dp[15][754]=-1406.43
dp[16][754]=-1338.14
dp[17][754]=-1259.26
dp[18][754]=-1178.93
dp[19][754]=-1089.5
dp[20][754]=-992.44
dp[21][754]=-893.899
dp[22][754]=-792.315
dp[23][754]=-688.284
dp[24][754]=-580.056
dp[25][754]=-468.573
dp[26][754]=-351.704
dp[27][754]=-219.37
Select best dp
Best k=9
dp[2][754]=-591.182
dp[3][754]=-997.644
dp[4][754]=-1237.54
dp[5][754]=-1409.04
dp[6][754]=-1490.9
dp[7][754]=-1564.01
dp[8][754]=-1598.54
dp[9][754]=-1608.29
dp[10][754]=-1598.53
dp[11][754]=-1586.02
dp[12][754]=-1559.08
dp[13][754]=-1512.68
dp[14][754]=-1462.53
dp[15][754]=-1406.43
dp[16][754]=-1338.14
dp[17][754]=-1261.1
dp[18][754]=-1180.77
dp[19][754]=-1091.34
dp[20][754]=-998.313
dp[21][754]=-901.482
dp[22][754]=-804.25
dp[23][754]=-705.634
dp[24][754]=-605.479
dp[25][754]=-502.693
dp[26][754]=-400.8
dp[27][754]=-291.808
Select best dp
Best k=9
dp[2][754]=-591.182
dp[3][754]=-997.644
dp[4][754]=-1237.54
dp[5][754]=-1409.04
dp[6][754]=-1490.9
dp[7][754]=-1564.01
dp[8][754]=-1598.54
dp[9][754]=-1608.29
dp[10][754]=-1598.53
dp[11][754]=-1586.02
dp[12][754]=-1559.08
dp[13][754]=-1512.68
dp[14][754]=-1462.53
dp[15][754]=-1406.43
dp[16][754]=-1338.14
dp[17][754]=-1259.26
dp[18][754]=-1178.93
dp[19][754]=-1089.5
dp[20][754]=-992.44
dp[21][754]=-893.899
dp[22][754]=-792.315
dp[23][754]=-688.284
dp[24][754]=-580.056
dp[25][754]=-468.573
dp[26][754]=-351.704
dp[27][754]=-219.37
Select best dp
Best k=9
dp[2][754]=-591.182
dp[3][754]=-997.644
dp[4][754]=-1237.54
dp[5][754]=-1409.04
dp[6][754]=-1490.9
dp[7][754]=-1564.01
dp[8][754]=-1598.54
dp[9][754]=-1608.29
dp[10][754]=-1598.53
dp[11][754]=-1586.02
dp[12][754]=-1559.08
dp[13][754]=-1512.68
dp[14][754]=-1462.53
dp[15][754]=-1406.43
dp[16][754]=-1338.14
dp[17][754]=-1261.1
dp[18][754]=-1180.77
dp[19][754]=-1091.34
dp[20][754]=-998.313
dp[21][754]=-901.482
dp[22][754]=-804.25
dp[23][754]=-705.634
dp[24][754]=-605.479
dp[25][754]=-502.693
dp[26][754]=-400.8
dp[27][754]=-291.808
Select best dp
Best k=9
dp[2][754]=-4.22864
dp[3][754]=-423.759
dp[4][754]=-662.538
dp[5][754]=-840.454
dp[6][754]=-924.416
dp[7][754]=-994.432
dp[8][754]=-1030.51
dp[9][754]=-1043.67
dp[10][754]=-1035.84
dp[11][754]=-1024.68
dp[12][754]=-999.137
dp[13][754]=-955.265
dp[14][754]=-906.549
dp[15][754]=-851.922
dp[16][754]=-784.328
dp[17][754]=-708.036
dp[18][754]=-628.272
dp[19][754]=-540.285
dp[20][754]=-444.017
dp[21][754]=-347.158
dp[22][754]=-246.02
dp[23][754]=-143.267
dp[24][754]=-35.7913
dp[25][754]=74.2085
dp[26][754]=190.7
dp[27][754]=321.836
Select best dp
Best k=9
