Standardize ...
Stratifying 1-th numerical feature ...
Standardize ...
Stratifying 1-th numerical feature ...
Standardize ...
Stratifying 1-th numerical feature ...
Standardize ...
Stratifying 1-th numerical feature ...
Standardize ...
Stratifying 1-th numerical feature ...
Standardize ...
Stratifying 1-th numerical feature ...
Standardize ...
Stratifying 1-th numerical feature ...
Standardize ...
Stratifying 1-th numerical feature ...
Standardize ...
Stratifying 1-th numerical feature ...
Standardize ...
Stratifying 1-th numerical feature ...
Standardize ...
Stratifying 1-th numerical feature ...
Standardize ...
Stratifying 1-th numerical feature ...
Standardize ...
Stratifying 1-th numerical feature ...
Standardize ...
Stratifying 1-th numerical feature ...
dp[2][395]=-492.769
dp[3][395]=-796.553
dp[4][395]=-960.307
dp[5][395]=-1089.53
dp[6][395]=-1203.26
dp[7][395]=-1260.18
dp[8][395]=-1297.7
dp[9][395]=-1305.46
dp[10][395]=-1312.23
dp[11][395]=-1318.01
dp[12][395]=-1318.38
dp[13][395]=-1306.71
dp[14][395]=-1294.3
dp[15][395]=-1278.25
dp[16][395]=-1250.12
dp[17][395]=-1219.77
dp[18][395]=-1184.05
dp[19][395]=-1131.82
Select best dp
Best k=12
Stratifying 2-th numerical feature ...
dp[2][395]=-1141.05
dp[3][395]=-1826.38
dp[4][395]=-2231.65
dp[5][395]=-2567.84
dp[6][395]=-2873.06
dp[7][395]=-3064.67
dp[8][395]=-3217.46
dp[9][395]=-3310.74
dp[10][395]=-3402.05
dp[11][395]=-3491.37
dp[12][395]=-3569.87
dp[13][395]=-3624.28
dp[14][395]=-3677.21
dp[15][395]=-3722.87
dp[16][395]=-3744.38
dp[17][395]=-3761.43
dp[18][395]=-3767.76
dp[19][395]=-3741.05
Select best dp
Best k=18
Stratifying 2-th numerical feature ...
dp[2][395]=-569.184
dp[3][395]=-911.116
dp[4][395]=-1143.5
dp[5][395]=-1285.87
dp[6][395]=-1407.42
dp[7][395]=-1472.25
dp[8][395]=-1529.59
dp[9][395]=-1551.1
dp[10][395]=-1571.11
dp[11][395]=-1580.4
dp[12][395]=-1587.51
dp[13][395]=-1586.03
dp[14][395]=-1578.15
dp[15][395]=-1564.67
dp[16][395]=-1546.63
dp[17][395]=-1518.77
dp[18][395]=-1487.49
dp[19][395]=-1433.06
Select best dp
Best k=12
Stratifying 2-th numerical feature ...
dp[2][395]=-492.769
dp[3][395]=-796.553
dp[4][395]=-960.307
dp[5][395]=-1089.53
dp[6][395]=-1203.26
dp[7][395]=-1260.18
dp[8][395]=-1297.7
dp[9][395]=-1305.46
dp[10][395]=-1312.23
dp[11][395]=-1318.01
dp[12][395]=-1321.13
dp[13][395]=-1309.46
dp[14][395]=-1297.46
dp[15][395]=-1281.58
dp[16][395]=-1258.99
dp[17][395]=-1235.33
dp[18][395]=-1208.69
dp[19][395]=-1182.03
Select best dp
Best k=12
Stratifying 2-th numerical feature ...
dp[2][395]=-492.769
dp[3][395]=-796.553
dp[4][395]=-960.307
dp[5][395]=-1089.53
dp[6][395]=-1203.26
dp[7][395]=-1260.18
dp[8][395]=-1297.7
dp[9][395]=-1305.46
dp[10][395]=-1312.23
dp[11][395]=-1318.01
dp[12][395]=-1321.13
dp[13][395]=-1309.46
dp[14][395]=-1297.46
dp[15][395]=-1281.58
dp[16][395]=-1258.99
dp[17][395]=-1235.33
dp[18][395]=-1209.48
dp[19][395]=-1182.81
Select best dp
Best k=12
Stratifying 2-th numerical feature ...
dp[2][395]=-492.769
dp[3][395]=-796.553
dp[4][395]=-960.307
dp[5][395]=-1089.53
dp[6][395]=-1203.26
dp[7][395]=-1260.18
dp[8][395]=-1295.66
dp[9][395]=-1303.42
dp[10][395]=-1310.19
dp[11][395]=-1313.65
dp[12][395]=-1305.54
dp[13][395]=-1264.31
Select best dp
Best k=11
dp[2][395]=-492.769
dp[3][395]=-796.553
dp[4][395]=-960.307
dp[5][395]=-1089.53
dp[6][395]=-1203.26
dp[7][395]=-1260.18
dp[8][395]=-1297.7
dp[9][395]=-1305.46
dp[10][395]=-1312.23
dp[11][395]=-1318.01
dp[12][395]=-1321.13
dp[13][395]=-1309.46
dp[14][395]=-1297.46
dp[15][395]=-1281.58
dp[16][395]=-1258.99
dp[17][395]=-1235.33
dp[18][395]=-1209.48
dp[19][395]=-1182.81
Select best dp
Best k=12
Stratifying 2-th numerical feature ...
Stratifying 2-th numerical feature ...
dp[2][395]=-492.769
dp[3][395]=-796.553
dp[4][395]=-960.307
dp[5][395]=-1089.53
dp[6][395]=-1203.26
dp[7][395]=-1260.18
dp[8][395]=-1297.7
dp[9][395]=-1305.46
dp[10][395]=-1312.23
dp[11][395]=-1318.01
dp[12][395]=-1318.38
dp[13][395]=-1306.71
dp[14][395]=-1294.3
dp[15][395]=-1278.25
dp[16][395]=-1250.12
dp[17][395]=-1219.77
dp[18][395]=-1184.05
dp[19][395]=-1131.82
Select best dp
Best k=12
Stratifying 2-th numerical feature ...
dp[2][395]=-492.769
dp[3][395]=-796.553
dp[4][395]=-960.307
dp[5][395]=-1089.53
dp[6][395]=-1203.26
dp[7][395]=-1260.18
dp[8][395]=-1297.7
dp[9][395]=-1305.46
dp[10][395]=-1312.23
dp[11][395]=-1318.01
dp[12][395]=-1318.38
dp[13][395]=-1306.71
dp[14][395]=-1294.3
dp[15][395]=-1278.25
dp[16][395]=-1250.12
dp[17][395]=-1219.77
dp[18][395]=-1184.05
dp[19][395]=-1131.82
Select best dp
Best k=12
dp[2][395]=155.517
dp[3][395]=233.275
dp[4][395]=311.034
dp[5][395]=388.792
dp[6][395]=466.55
dp[7][395]=544.309
dp[8][395]=622.067
dp[9][395]=699.825
dp[10][395]=777.584
dp[11][395]=855.342
dp[12][395]=933.101
dp[13][395]=1010.86
dp[14][395]=1088.62
dp[15][395]=1166.38
dp[16][395]=1244.13
dp[17][395]=1321.89
dp[18][395]=1399.65
dp[19][395]=1477.41
Select best dp
Best k=2
Stratifying 2-th numerical feature ...
Stratifying 2-th numerical feature ...
dp[2][395]=-492.769
dp[3][395]=-796.553
dp[4][395]=-960.307
dp[5][395]=-1089.53
dp[6][395]=-1203.26
dp[7][395]=-1260.18
dp[8][395]=-1297.7
dp[9][395]=-1305.46
dp[10][395]=-1312.23
dp[11][395]=-1318.01
dp[12][395]=-1318.38
dp[13][395]=-1306.71
dp[14][395]=-1294.3
dp[15][395]=-1278.25
dp[16][395]=-1250.12
dp[17][395]=-1219.77
dp[18][395]=-1184.05
dp[19][395]=-1131.82
Select best dp
Best k=12
dp[2][395]=-492.769
dp[3][395]=-796.553
dp[4][395]=-960.307
dp[5][395]=-1089.53
dp[6][395]=-1203.26
dp[7][395]=-1260.18
dp[8][395]=-1297.7
dp[9][395]=-1305.46
dp[10][395]=-1312.23
dp[11][395]=-1318.01
dp[12][395]=-1318.38
dp[13][395]=-1306.71
dp[14][395]=-1294.3
dp[15][395]=-1278.25
dp[16][395]=-1250.12
dp[17][395]=-1219.77
dp[18][395]=-1184.05
dp[19][395]=-1131.82
Select best dp
Best k=12
Stratifying 2-th numerical feature ...
dp[2][395]=-600.739
dp[3][395]=-946.164
dp[4][395]=-1132.04
dp[5][395]=-1253.06
dp[6][395]=-1354.51
dp[7][395]=-1410.63
dp[8][395]=-1450
Stratifying 2-th numerical feature ...
dp[9][395]=-1475.51
dp[10][395]=-1500.19
dp[11][395]=-1513.96
dp[12][395]=-1508.45
dp[13][395]=-1496.07
dp[14][395]=-1481.06
dp[15][395]=-1464.86
dp[16][395]=-1440.1
dp[17][395]=-1405.13
dp[18][395]=-1351.48
dp[19][395]=-1296.89
Select best dp
Best k=11
Stratifying 3-th numerical feature ...
dp[2][395]=-168.626
dp[3][395]=-281.639
dp[4][395]=-324.637
dp[5][395]=-350.367
dp[6][395]=-368.353
dp[7][395]=-357.937
dp[8][395]=-337.815
dp[9][395]=-302.816
dp[10][395]=-267.324
dp[11][395]=-231.335
dp[12][395]=-192.642
dp[13][395]=-147.926
dp[14][395]=-102.84
dp[15][395]=-55.9359
dp[16][395]=-2.99451
dp[17][395]=51.0622
dp[18][395]=107.799
dp[19][395]=172.795
Select best dp
Best k=6
dp[2][395]=-492.769
dp[3][395]=-796.553
dp[4][395]=-960.307
dp[5][395]=-1089.53
dp[6][395]=-1203.26
dp[7][395]=-1260.18
dp[8][395]=-1297.7
dp[9][395]=-1305.46
dp[10][395]=-1312.23
dp[11][395]=-1318.01
dp[12][395]=-1318.38
dp[13][395]=-1306.71
dp[14][395]=-1294.3
dp[15][395]=-1278.25
dp[16][395]=-1250.12
dp[17][395]=-1219.77
dp[18][395]=-1184.05
dp[19][395]=-1131.82
Select best dp
Best k=12
Stratifying 2-th numerical feature ...
Stratifying 2-th numerical feature ...
dp[2][395]=-1357
dp[3][395]=-2125.6
dp[4][395]=-2575.12
dp[5][395]=-2894.91
dp[6][395]=-3175.56
dp[7][395]=-3365.58
dp[8][395]=-3522.06
dp[9][395]=-3650.84
dp[10][395]=-3777.96
dp[11][395]=-3883.27
dp[12][395]=-3950.01
dp[13][395]=-4003
dp[14][395]=-4050.75
dp[15][395]=-4096.09
dp[16][395]=-4124.34
dp[17][395]=-4132.16
dp[18][395]=-4102.62
dp[19][395]=-4071.19
Select best dp
Best k=17
Stratifying 3-th numerical feature ...
dp[2][395]=-797.287
dp[3][395]=-1221.61
dp[4][395]=-1455.12
dp[5][395]=-1593.73
dp[6][395]=-1722.58
dp[7][395]=-1790.57
dp[8][395]=-1855.05
dp[9][395]=-1895.28
dp[10][395]=-1926.06
dp[11][395]=-1946.39
dp[12][395]=-1946.76
dp[13][395]=-1945.41
dp[14][395]=-1936.07
dp[15][395]=-1923.77
dp[16][395]=-1901.86
dp[17][395]=-1866.87
dp[18][395]=-1824.46
dp[19][395]=-1781.1
Select best dp
Best k=12
Stratifying 3-th numerical feature ...
dp[2][395]=-600.739
dp[3][395]=-946.164
dp[4][395]=-1132.04
dp[5][395]=-1253.06
dp[6][395]=-1354.51
dp[7][395]=-1410.63
dp[8][395]=-1450
dp[9][395]=-1475.51
dp[10][395]=-1500.19
dp[11][395]=-1513.96
dp[12][395]=-1508.45
dp[13][395]=-1497.89
dp[14][395]=-1482.88
dp[15][395]=-1466.67
dp[16][395]=-1449.73
dp[17][395]=-1427.26
dp[18][395]=-1400.52
dp[19][395]=-1371.86
Select best dp
Best k=11
Stratifying 3-th numerical feature ...
dp[2][395]=-1456.12
dp[3][395]=-1929.24
dp[4][395]=-2163.25
dp[5][395]=-2338.59
dp[6][395]=-2467.6
dp[7][395]=-2553.92
dp[8][395]=-2621.31
dp[9][395]=-2669.7
dp[10][395]=-2702.79
dp[11][395]=-2719.29
dp[12][395]=-2727.47
dp[13][395]=-2720.32
dp[14][395]=-2702.87
dp[15][395]=-2684.79
dp[16][395]=-2662.55
dp[17][395]=-2635.29
dp[18][395]=-2607.69
dp[19][395]=-2530.96
Select best dp
Best k=12
dp[2][395]=-600.739
dp[3][395]=-946.164
dp[4][395]=-1132.04
dp[5][395]=-1253.06
dp[6][395]=-1354.51
dp[7][395]=-1410.63
dp[8][395]=-1450
dp[9][395]=-1475.51
dp[10][395]=-1500.19
dp[11][395]=-1513.96
dp[12][395]=-1508.45
dp[13][395]=-1497.89
dp[14][395]=-1482.88
dp[15][395]=-1466.67
dp[16][395]=-1449.73
dp[17][395]=-1427.26
dp[18][395]=-1400.52
dp[19][395]=-1371.86
Select best dp
Best k=11
Stratifying 4-th numerical feature ...
Stratifying 3-th numerical feature ...
dp[2][395]=-2227.33
dp[3][395]=-3056.6
dp[4][395]=-3524.56
dp[5][395]=-3874.13
dp[6][395]=-4169.44
dp[7][395]=-4404.34
dp[8][395]=-4582.78
dp[9][395]=-4739.94
dp[10][395]=-4874.61
dp[11][395]=-4980.96
dp[12][395]=-5072.31
dp[13][395]=-5129.22
dp[14][395]=-5173.43
dp[15][395]=-5211.76
dp[16][395]=-5243.23
dp[17][395]=-5263.6
dp[18][395]=-5278.8
dp[19][395]=-5217.57
Select best dp
Best k=18
Stratifying 4-th numerical feature ...
dp[2][395]=-600.739
dp[3][395]=-946.164
dp[4][395]=-1132.04
dp[5][395]=-1253.06
dp[6][395]=-1352.35
dp[7][395]=-1408.31
dp[8][395]=-1447.67
dp[9][395]=-1472.35
dp[10][395]=-1496.98
dp[11][395]=-1510.76
dp[12][395]=-1488.52
dp[13][395]=-1444.31
Select best dp
Best k=11
Stratifying 3-th numerical feature ...
dp[2][395]=-600.739
dp[3][395]=-946.164
dp[4][395]=-1132.04
dp[5][395]=-1253.06
dp[6][395]=-1354.51
dp[7][395]=-1410.63
dp[8][395]=-1450
dp[9][395]=-1475.51
dp[10][395]=-1500.19
dp[11][395]=-1513.96
dp[12][395]=-1508.45
dp[13][395]=-1497.89
dp[14][395]=-1482.88
dp[15][395]=-1466.67
dp[16][395]=-1449.73
dp[17][395]=-1427.26
dp[18][395]=-1400.52
dp[19][395]=-1371.86
Select best dp
Best k=11
Stratifying 3-th numerical feature ...
dp[2][395]=-949.444
dp[3][395]=-1372.2
dp[4][395]=-1567.6
dp[5][395]=-1703.45
dp[6][395]=-1805.34
dp[7][395]=-1888.6
dp[8][395]=-1946.44
dp[9][395]=-1993.77
dp[10][395]=-2023.14
dp[11][395]=-2041.89
dp[12][395]=-2057.6
dp[13][395]=-2051.2
dp[14][395]=-2041.66
dp[15][395]=-2026.05
dp[16][395]=-1999.48
dp[17][395]=-1972.03
dp[18][395]=-1941.24
dp[19][395]=-1867.08
Select best dp
Best k=12
Stratifying 4-th numerical feature ...
dp[2][395]=155.517
dp[3][395]=233.275
dp[4][395]=311.034
dp[5][395]=388.792
dp[6][395]=466.55
dp[7][395]=544.309
dp[8][395]=622.067
dp[9][395]=699.825
dp[10][395]=777.584
dp[11][395]=855.342
dp[12][395]=933.101
dp[13][395]=1010.86
dp[14][395]=1088.62
dp[15][395]=1166.38
dp[16][395]=1244.13
dp[17][395]=1321.89
dp[18][395]=1399.65
dp[19][395]=1477.41
Select best dp
Best k=2
Stratifying 3-th numerical feature ...
dp[2][395]=-600.739
dp[3][395]=-946.164
dp[4][395]=-1132.04
dp[5][395]=-1253.06
dp[6][395]=-1354.51
dp[7][395]=-1410.63
dp[8][395]=-1450
dp[9][395]=-1475.51
dp[10][395]=-1500.19
dp[11][395]=-1513.96
dp[12][395]=-1508.45
dp[13][395]=-1496.07
dp[14][395]=-1481.06
dp[15][395]=-1464.86
dp[16][395]=-1440.1
dp[17][395]=-1405.13
dp[18][395]=-1351.48
dp[19][395]=-1296.89
Select best dp
Best k=11
Stratifying 3-th numerical feature ...
dp[2][395]=-795.871
dp[3][395]=-1136.62
dp[4][395]=-1321.06
dp[5][395]=-1439.31
dp[6][395]=-1539.7
dp[7][395]=-1600.27
dp[8][395]=-1651.94
dp[9][395]=-1684.82
dp[10][395]=-1700.64
dp[11][395]=-1705.46
dp[12][395]=-1710.27
dp[13][395]=-1699.14
dp[14][395]=-1685.15
dp[15][395]=-1665.6
dp[16][395]=-1645.63
dp[17][395]=-1613.76
dp[18][395]=-1572.07
dp[19][395]=-1518.09
Select best dp
Best k=12
Stratifying 5-th numerical feature ...
dp[2][395]=-600.739
dp[3][395]=-946.164
dp[4][395]=-1132.04
dp[5][395]=-1253.06
dp[6][395]=-1354.51
dp[7][395]=-1410.63
dp[8][395]=-1450
dp[9][395]=-1475.51
dp[10][395]=-1500.19
dp[11][395]=-1513.96
dp[12][395]=-1508.45
dp[13][395]=-1496.07
dp[14][395]=-1481.06
dp[15][395]=-1464.86
dp[16][395]=-1440.1
dp[17][395]=-1405.13
dp[18][395]=-1351.48
dp[19][395]=-1296.89
Select best dp
Best k=11
dp[2][395]=-600.739
dp[3][395]=-946.164
dp[4][395]=-1132.04
dp[5][395]=-1253.06
dp[6][395]=-1354.51
dp[7][395]=-1410.63
dp[8][395]=-1450
dp[9][395]=-1475.51
dp[10][395]=-1500.19
dp[11][395]=-1513.96
dp[12][395]=-1508.45
dp[13][395]=-1496.07
dp[14][395]=-1481.06
dp[15][395]=-1464.86
dp[16][395]=-1440.1
dp[17][395]=-1405.13
dp[18][395]=-1351.48
dp[19][395]=-1296.89
Select best dp
Best k=11
Stratifying 3-th numerical feature ...
Stratifying 3-th numerical feature ...
dp[2][395]=-600.739
dp[3][395]=-946.164
dp[4][395]=-1132.04
dp[5][395]=-1253.06
dp[6][395]=-1354.51
dp[7][395]=-1410.63
dp[8][395]=-1450
dp[9][395]=-1475.51
dp[10][395]=-1500.19
dp[11][395]=-1513.96
dp[12][395]=-1508.45
dp[13][395]=-1496.07
dp[14][395]=-1481.06
dp[15][395]=-1464.86
dp[16][395]=-1440.1
dp[17][395]=-1405.13
dp[18][395]=-1351.48
dp[19][395]=-1296.89
Select best dp
Best k=11
Stratifying 3-th numerical feature ...
dp[2][395]=-1747.26
dp[3][395]=-2506.51
dp[4][395]=-2953.16
dp[5][395]=-3267.42
dp[6][395]=-3545.94
dp[7][395]=-3744.84
dp[8][395]=-3925.94
dp[9][395]=-4069.46
dp[10][395]=-4178.87
dp[11][395]=-4266.26
dp[12][395]=-4353.64
dp[13][395]=-4409.14
dp[14][395]=-4458.93
dp[15][395]=-4497.57
dp[16][395]=-4535.4
dp[17][395]=-4549.41
dp[18][395]=-4543.79
dp[19][395]=-4513.59
Select best dp
Best k=17
Stratifying 5-th numerical feature ...
dp[2][395]=-1456.12
dp[3][395]=-1929.24
dp[4][395]=-2163.25
dp[5][395]=-2338.59
dp[6][395]=-2467.6
dp[7][395]=-2553.92
dp[8][395]=-2623.02
dp[9][395]=-2671.4
dp[10][395]=-2704.5
dp[11][395]=-2721
dp[12][395]=-2731.41
dp[13][395]=-2734.49
dp[14][395]=-2734.69
dp[15][395]=-2719.32
dp[16][395]=-2703.32
dp[17][395]=-2683.22
dp[18][395]=-2663.01
dp[19][395]=-2640.45
Select best dp
Best k=14
Stratifying 4-th numerical feature ...
dp[2][395]=-222.611
dp[3][395]=-356.445
dp[4][395]=-410.504
dp[5][395]=-432.134
dp[6][395]=-443.978
dp[7][395]=-433.163
dp[8][395]=-413.965
dp[9][395]=-387.841
dp[10][395]=-361.303
dp[11][395]=-329.31
dp[12][395]=-287.676
dp[13][395]=-242.606
dp[14][395]=-196.224
dp[15][395]=-149.241
dp[16][395]=-97.9841
dp[17][395]=-41.6206
dp[18][395]=24.0835
dp[19][395]=90.2604
Select best dp
Best k=6
Stratifying 3-th numerical feature ...
dp[2][395]=-816.829
dp[3][395]=-1227.63
dp[4][395]=-1458.54
dp[5][395]=-1607.09
dp[6][395]=-1729.39
dp[7][395]=-1798.04
dp[8][395]=-1865.56
dp[9][395]=-1908.25
dp[10][395]=-1938.36
dp[11][395]=-1958.53
dp[12][395]=-1962.14
dp[13][395]=-1962.54
dp[14][395]=-1950.1
dp[15][395]=-1937.48
dp[16][395]=-1914.68
dp[17][395]=-1877.83
dp[18][395]=-1833.97
dp[19][395]=-1789.14
Select best dp
Best k=13
Stratifying 3-th numerical feature ...
dp[2][395]=-1456.12
dp[3][395]=-1929.24
dp[4][395]=-2163.25
dp[5][395]=-2338.59
dp[6][395]=-2467.6
dp[7][395]=-2553.92
dp[8][395]=-2623.02
dp[9][395]=-2671.4
dp[10][395]=-2704.5
dp[11][395]=-2721
dp[12][395]=-2731.41
dp[13][395]=-2734.49
dp[14][395]=-2734.69
dp[15][395]=-2719.32
dp[16][395]=-2703.32
dp[17][395]=-2683.22
dp[18][395]=-2663.01
dp[19][395]=-2640.45
Select best dp
Best k=14
Stratifying 4-th numerical feature ...
dp[2][395]=-1456.12
dp[3][395]=-1929.24
dp[4][395]=-2163.25
dp[5][395]=-2338.59
dp[6][395]=-2467.6
dp[7][395]=-2553.92
dp[8][395]=-2602.31
dp[9][395]=-2648.25
dp[10][395]=-2681.34
dp[11][395]=-2697.04
dp[12][395]=-2669.65
dp[13][395]=-2641.6
Select best dp
Best k=11
Stratifying 4-th numerical feature ...
dp[2][395]=-856.758
dp[3][395]=-1216.16
dp[4][395]=-1415.97
dp[5][395]=-1558.05
dp[6][395]=-1663.41
dp[7][395]=-1735.29
dp[8][395]=-1793.87
dp[9][395]=-1835.34
dp[10][395]=-1853.29
dp[11][395]=-1865.25
dp[12][395]=-1872.56
dp[13][395]=-1874.66
dp[14][395]=-1863.89
dp[15][395]=-1852.21
dp[16][395]=-1832.39
dp[17][395]=-1802.3
dp[18][395]=-1765.65
dp[19][395]=-1717.61
Select best dp
Best k=13
Stratifying 5-th numerical feature ...
dp[2][395]=-1381.3
dp[3][395]=-1803.88
dp[4][395]=-2074.19
dp[5][395]=-2234.21
dp[6][395]=-2386.83
dp[7][395]=-2497.52
dp[8][395]=-2564.62
dp[9][395]=-2595.67
dp[10][395]=-2625.6
dp[11][395]=-2636.42
dp[12][395]=-2645.55
dp[13][395]=-2645.92
dp[14][395]=-2643.47
dp[15][395]=-2638.04
dp[16][395]=-2628.06
dp[17][395]=-2612.12
dp[18][395]=-2572.67
dp[19][395]=-2507.14
Select best dp
Best k=13
Stratifying 6-th numerical feature ...
dp[2][395]=-1456.12
dp[3][395]=-1929.24
dp[4][395]=-2163.25
dp[5][395]=-2338.59
dp[6][395]=-2467.6
dp[7][395]=-2553.92
dp[8][395]=-2623.02
dp[9][395]=-2671.4
dp[10][395]=-2704.5
dp[11][395]=-2721
dp[12][395]=-2731.41
dp[13][395]=-2734.49
dp[14][395]=-2734.69
dp[15][395]=-2719.32
dp[16][395]=-2703.32
dp[17][395]=-2683.22
dp[18][395]=-2663.01
dp[19][395]=-2640.45
Select best dp
Best k=14
Stratifying 4-th numerical feature ...
dp[2][395]=-2532.35
dp[3][395]=-3265
dp[4][395]=-3843.45
dp[5][395]=-4195.6
dp[6][395]=-4491.2
dp[7][395]=-4733.9
dp[8][395]=-4956.84
dp[9][395]=-5099.45
dp[10][395]=-5218.41
dp[11][395]=-5303.9
dp[12][395]=-5382.62
dp[13][395]=-5447.81
dp[14][395]=-5512.65
dp[15][395]=-5566.72
dp[16][395]=-5615.12
dp[17][395]=-5653.13
dp[18][395]=-5653.47
dp[19][395]=-5614.61
Select best dp
Best k=18
Stratifying 6-th numerical feature ...
dp[2][395]=-795.871
dp[3][395]=-1136.62
dp[4][395]=-1321.06
dp[5][395]=-1439.31
dp[6][395]=-1539.7
dp[7][395]=-1600.27
dp[8][395]=-1652.5
dp[9][395]=-1685.38
dp[10][395]=-1703.8
dp[11][395]=-1708.62
dp[12][395]=-1713.43
dp[13][395]=-1702.3
dp[14][395]=-1688.55
dp[15][395]=-1669.78
dp[16][395]=-1650.23
dp[17][395]=-1627.85
dp[18][395]=-1603.6
dp[19][395]=-1570.82
Select best dp
Best k=12
Stratifying 5-th numerical feature ...
dp[2][395]=-795.871
dp[3][395]=-1136.62
dp[4][395]=-1321.06
dp[5][395]=-1439.31
dp[6][395]=-1539.7
dp[7][395]=-1600.27
dp[8][395]=-1652.5
dp[9][395]=-1685.38
dp[10][395]=-1703.8
dp[11][395]=-1708.62
dp[12][395]=-1713.43
dp[13][395]=-1702.3
dp[14][395]=-1688.55
dp[15][395]=-1669.78
dp[16][395]=-1650.23
dp[17][395]=-1627.85
dp[18][395]=-1603.6
dp[19][395]=-1570.82
Select best dp
Best k=12
Stratifying 5-th numerical feature ...
dp[2][395]=-767.585
dp[3][395]=-1143.55
dp[4][395]=-1378.21
dp[5][395]=-1525.31
dp[6][395]=-1620.38
dp[7][395]=-1697.05
dp[8][395]=-1736.84
dp[9][395]=-1773.74
dp[10][395]=-1787.86
dp[11][395]=-1793.87
dp[12][395]=-1792.4
dp[13][395]=-1788.29
dp[14][395]=-1774.47
dp[15][395]=-1754.73
dp[16][395]=-1732.28
dp[17][395]=-1706.52
dp[18][395]=-1676.59
dp[19][395]=-1617.11
Select best dp
Best k=11
dp[2][395]=-615.689
dp[3][395]=-899.869
dp[4][395]=-1057.19
dp[5][395]=-1157.22
dp[6][395]=-1239.61
dp[7][395]=-1310.39
dp[8][395]=-1344.29
dp[9][395]=-1375.59
dp[10][395]=-1400.69
dp[11][395]=-1412.14
dp[12][395]=-1416.97
dp[13][395]=-1404.97
dp[14][395]=-1388.54
dp[15][395]=-1367.61
dp[16][395]=-1340.17
dp[17][395]=-1310.2
dp[18][395]=-1275.92
dp[19][395]=-1210.16
Select best dp
Best k=12
Stratifying 4-th numerical feature ...
dp[2][395]=-684.915
dp[3][395]=-808.968
dp[4][395]=-834.912
dp[5][395]=-822.713
dp[6][395]=-785.101
dp[7][395]=-739.68
dp[8][395]=-679.562
dp[9][395]=-617.777
dp[10][395]=-552.217
dp[11][395]=-480.791
dp[12][395]=-407.915
dp[13][395]=-334.608
dp[14][395]=-260.18
dp[15][395]=-185.443
dp[16][395]=-109.223
dp[17][395]=-31.3692
dp[18][395]=51.3035
dp[19][395]=148.663
Select best dp
Best k=4
dp[2][395]=-1456.12
dp[3][395]=-1929.24
dp[4][395]=-2163.25
dp[5][395]=-2338.59
dp[6][395]=-2467.6
dp[7][395]=-2553.92
dp[8][395]=-2621.31
dp[9][395]=-2669.7
dp[10][395]=-2702.79
dp[11][395]=-2719.29
dp[12][395]=-2727.47
dp[13][395]=-2720.32
dp[14][395]=-2702.87
dp[15][395]=-2684.79
dp[16][395]=-2662.55
dp[17][395]=-2635.29
dp[18][395]=-2607.69
dp[19][395]=-2530.96
Select best dp
Best k=12
Stratifying 4-th numerical feature ...
Stratifying 4-th numerical feature ...
dp[2][395]=-1690.69
dp[3][395]=-2520.38
dp[4][395]=-3067.46
dp[5][395]=-3439.42
dp[6][395]=-3707.32
dp[7][395]=-3938.41
dp[8][395]=-4095.75
dp[9][395]=-4247.31
dp[10][395]=-4353.3
dp[11][395]=-4443.09
dp[12][395]=-4517.91
dp[13][395]=-4587.44
dp[14][395]=-4637.56
dp[15][395]=-4675.83
dp[16][395]=-4708.7
dp[17][395]=-4734.92
dp[18][395]=-4752.84
dp[19][395]=-4711.63
Select best dp
Best k=18
dp[2][395]=-1456.12
dp[3][395]=-1929.24
dp[4][395]=-2163.25
dp[5][395]=-2338.59
dp[6][395]=-2467.6
dp[7][395]=-2553.92
dp[8][395]=-2621.31
dp[9][395]=-2669.7
dp[10][395]=-2702.79
dp[11][395]=-2719.29
dp[12][395]=-2727.47
dp[13][395]=-2720.32
dp[14][395]=-2702.87
dp[15][395]=-2684.79
dp[16][395]=-2662.55
dp[17][395]=-2635.29
dp[18][395]=-2607.69
dp[19][395]=-2530.96
Select best dp
Best k=12
Stratifying 4-th numerical feature ...
dp[2][395]=-615.689
dp[3][395]=-899.869
dp[4][395]=-1057.19
dp[5][395]=-1157.22
dp[6][395]=-1239.61
dp[7][395]=-1310.39
dp[8][395]=-1344.29
dp[9][395]=-1375.59
dp[10][395]=-1400.69
dp[11][395]=-1412.14
dp[12][395]=-1416.97
dp[13][395]=-1404.97
dp[14][395]=-1388.54
dp[15][395]=-1367.61
dp[16][395]=-1340.17
dp[17][395]=-1310.2
dp[18][395]=-1275.92
dp[19][395]=-1210.16
Select best dp
Best k=12
Stratifying 4-th numerical feature ...
dp[2][395]=-1096.41
dp[3][395]=-1432.02
dp[4][395]=-1691.36
dp[5][395]=-1842.87
dp[6][395]=-1952.69
dp[7][395]=-2038.19
dp[8][395]=-2111.28
dp[9][395]=-2148.28
dp[10][395]=-2179.91
dp[11][395]=-2189.54
dp[12][395]=-2198.11
dp[13][395]=-2193.41
dp[14][395]=-2186.26
dp[15][395]=-2177.52
dp[16][395]=-2161.69
dp[17][395]=-2144.09
dp[18][395]=-2111.38
dp[19][395]=-2051.05
Select best dp
Best k=12
Stratifying 6-th numerical feature ...
dp[2][395]=-999.613
dp[3][395]=-1441.58
dp[4][395]=-1646.64
dp[5][395]=-1788.31
dp[6][395]=-1893.17
dp[7][395]=-1975.62
dp[8][395]=-2029.09
dp[9][395]=-2078.33
dp[10][395]=-2107.88
dp[11][395]=-2124.42
dp[12][395]=-2137.59
dp[13][395]=-2131.15
dp[14][395]=-2121.47
dp[15][395]=-2104.52
dp[16][395]=-2078.21
dp[17][395]=-2049.67
dp[18][395]=-2018.5
dp[19][395]=-1942.2
Select best dp
Best k=12
Stratifying 4-th numerical feature ...
dp[2][395]=-795.871
dp[3][395]=-1136.62
dp[4][395]=-1321.06
dp[5][395]=-1439.31
dp[6][395]=-1539.7
dp[7][395]=-1600.27
dp[8][395]=-1644.5
dp[9][395]=-1677.41
dp[10][395]=-1681.46
dp[11][395]=-1682.4
dp[12][395]=-1681.84
dp[13][395]=-1638.48
Select best dp
Best k=11
Stratifying 5-th numerical feature ...
dp[2][395]=-1070.52
dp[3][395]=-1368.02
dp[4][395]=-1495.68
dp[5][395]=-1578.75
dp[6][395]=-1617.85
dp[7][395]=-1632.28
dp[8][395]=-1643.63
dp[9][395]=-1637.63
dp[10][395]=-1624.14
dp[11][395]=-1596.6
dp[12][395]=-1563.83
dp[13][395]=-1521.79
dp[14][395]=-1475.13
dp[15][395]=-1427.34
dp[16][395]=-1377.84
dp[17][395]=-1328.22
dp[18][395]=-1276.4
dp[19][395]=-1189.39
Select best dp
Best k=8
Stratifying 4-th numerical feature ...
dp[2][395]=-795.871
dp[3][395]=-1136.62
dp[4][395]=-1321.06
dp[5][395]=-1439.31
dp[6][395]=-1539.7
dp[7][395]=-1600.27
dp[8][395]=-1652.5
dp[9][395]=-1685.38
dp[10][395]=-1703.8
dp[11][395]=-1708.62
dp[12][395]=-1713.43
dp[13][395]=-1702.3
dp[14][395]=-1688.55
dp[15][395]=-1669.78
dp[16][395]=-1650.23
dp[17][395]=-1627.85
dp[18][395]=-1603.6
dp[19][395]=-1570.82
Select best dp
Best k=12
Stratifying 5-th numerical feature ...
dp[2][395]=-1381.3
dp[3][395]=-1803.88
dp[4][395]=-2074.19
dp[5][395]=-2234.21
dp[6][395]=-2386.83
dp[7][395]=-2497.52
dp[8][395]=-2564.62
dp[9][395]=-2595.67
dp[10][395]=-2625.6
dp[11][395]=-2637.83
dp[12][395]=-2648.65
dp[13][395]=-2657.78
dp[14][395]=-2655.65
dp[15][395]=-2652.48
dp[16][395]=-2647.78
dp[17][395]=-2630.75
dp[18][395]=-2611.97
dp[19][395]=-2593.1
Select best dp
Best k=13
Stratifying 6-th numerical feature ...
dp[2][395]=-1381.3
dp[3][395]=-1803.88
dp[4][395]=-2074.19
dp[5][395]=-2234.21
dp[6][395]=-2386.83
dp[7][395]=-2497.52
dp[8][395]=-2564.62
dp[9][395]=-2595.67
dp[10][395]=-2625.6
dp[11][395]=-2638.89
dp[12][395]=-2649.71
dp[13][395]=-2658.84
dp[14][395]=-2656.71
dp[15][395]=-2653.53
dp[16][395]=-2648.84
dp[17][395]=-2631.81
dp[18][395]=-2614.15
dp[19][395]=-2595.28
Select best dp
Best k=13
Stratifying 6-th numerical feature ...
dp[2][395]=-795.871
dp[3][395]=-1136.62
dp[4][395]=-1321.06
dp[5][395]=-1439.31
dp[6][395]=-1539.7
dp[7][395]=-1600.27
dp[8][395]=-1651.94
dp[9][395]=-1684.82
dp[10][395]=-1700.64
dp[11][395]=-1705.46
dp[12][395]=-1710.27
dp[13][395]=-1699.14
dp[14][395]=-1685.15
dp[15][395]=-1665.6
dp[16][395]=-1645.63
dp[17][395]=-1613.76
dp[18][395]=-1572.07
dp[19][395]=-1518.09
Select best dp
Best k=12
Stratifying 5-th numerical feature ...
dp[2][395]=-834.315
dp[3][395]=-1254.09
dp[4][395]=-1488.33
dp[5][395]=-1655.46
dp[6][395]=-1760.09
dp[7][395]=-1850.44
dp[8][395]=-1895.86
dp[9][395]=-1937.64
dp[10][395]=-1958.16
dp[11][395]=-1971.72
dp[12][395]=-1984.98
dp[13][395]=-1980.96
dp[14][395]=-1968.56
dp[15][395]=-1955.69
dp[16][395]=-1940.2
dp[17][395]=-1918.58
dp[18][395]=-1896.18
dp[19][395]=-1841.73
Select best dp
Best k=12
dp[2][395]=-795.871
dp[3][395]=-1136.62
dp[4][395]=-1321.06
dp[5][395]=-1439.31
dp[6][395]=-1539.7
dp[7][395]=-1600.27
dp[8][395]=-1651.94
dp[9][395]=-1684.82
dp[10][395]=-1700.64
dp[11][395]=-1705.46
dp[12][395]=-1710.27
dp[13][395]=-1699.14
dp[14][395]=-1685.15
dp[15][395]=-1665.6
dp[16][395]=-1645.63
dp[17][395]=-1613.76
dp[18][395]=-1572.07
dp[19][395]=-1518.09
Select best dp
Best k=12
Stratifying 5-th numerical feature ...
dp[2][395]=155.517
dp[3][395]=233.275
dp[4][395]=311.034
dp[5][395]=388.792
dp[6][395]=466.55
dp[7][395]=544.309
dp[8][395]=622.067
dp[9][395]=699.825
dp[10][395]=777.584
dp[11][395]=855.342
dp[12][395]=933.101
dp[13][395]=1010.86
dp[14][395]=1088.62
dp[15][395]=1166.38
dp[16][395]=1244.13
dp[17][395]=1321.89
dp[18][395]=1399.65
dp[19][395]=1477.41
Select best dp
Best k=2
dp[2][395]=-795.871
dp[3][395]=-1136.62
dp[4][395]=-1321.06
dp[5][395]=-1439.31
dp[6][395]=-1539.7
dp[7][395]=-1600.27
dp[8][395]=-1651.94
dp[9][395]=-1684.82
dp[10][395]=-1700.64
dp[11][395]=-1705.46
dp[12][395]=-1710.27
dp[13][395]=-1699.14
dp[14][395]=-1685.15
dp[15][395]=-1665.6
dp[16][395]=-1645.63
dp[17][395]=-1613.76
dp[18][395]=-1572.07
dp[19][395]=-1518.09
Select best dp
Best k=12
Stratifying 5-th numerical feature ...
Stratifying 5-th numerical feature ...
dp[2][395]=-795.871
dp[3][395]=-1136.62
dp[4][395]=-1321.06
dp[5][395]=-1439.31
dp[6][395]=-1539.7
dp[7][395]=-1600.27
dp[8][395]=-1651.94
dp[9][395]=-1684.82
dp[10][395]=-1700.64
dp[11][395]=-1705.46
dp[12][395]=-1710.27
dp[13][395]=-1699.14
dp[14][395]=-1685.15
dp[15][395]=-1665.6
dp[16][395]=-1645.63
dp[17][395]=-1613.76
dp[18][395]=-1572.07
dp[19][395]=-1518.09
Select best dp
Best k=12
Stratifying 5-th numerical feature ...
dp[2][395]=-795.871
dp[3][395]=-1136.62
dp[4][395]=-1321.06
dp[5][395]=-1439.31
dp[6][395]=-1539.7
dp[7][395]=-1600.27
dp[8][395]=-1651.94
dp[9][395]=-1684.82
dp[10][395]=-1700.64
dp[11][395]=-1705.46
dp[12][395]=-1710.27
dp[13][395]=-1699.14
dp[14][395]=-1685.15
dp[15][395]=-1665.6
dp[16][395]=-1645.63
dp[17][395]=-1613.76
dp[18][395]=-1572.07
dp[19][395]=-1518.09
Select best dp
Best k=12
Stratifying 5-th numerical feature ...
dp[2][395]=-767.585
dp[3][395]=-1143.55
dp[4][395]=-1378.21
dp[5][395]=-1525.31
dp[6][395]=-1620.38
dp[7][395]=-1697.05
dp[8][395]=-1736.84
dp[9][395]=-1773.74
dp[10][395]=-1787.86
dp[11][395]=-1793.87
dp[12][395]=-1792.4
dp[13][395]=-1788.29
dp[14][395]=-1780.34
dp[15][395]=-1766.51
dp[16][395]=-1750.15
dp[17][395]=-1731.12
dp[18][395]=-1708.68
dp[19][395]=-1683.21
Select best dp
Best k=11
dp[2][395]=-1381.3
dp[3][395]=-1803.88
dp[4][395]=-2074.19
dp[5][395]=-2234.21
dp[6][395]=-2386.83
dp[7][395]=-2497.52
dp[8][395]=-2564.62
dp[9][395]=-2595.67
dp[10][395]=-2625.6
dp[11][395]=-2638.92
dp[12][395]=-2649.74
dp[13][395]=-2658.87
dp[14][395]=-2656.74
dp[15][395]=-2653.57
dp[16][395]=-2648.88
dp[17][395]=-2631.84
dp[18][395]=-2614.19
dp[19][395]=-2595.31
Select best dp
Best k=13
Stratifying 6-th numerical feature ...
dp[2][395]=-320.177
dp[3][395]=-451.671
dp[4][395]=-505.014
dp[5][395]=-525.26
dp[6][395]=-536.573
dp[7][395]=-527.978
dp[8][395]=-514.935
dp[9][395]=-492.495
dp[10][395]=-461.53
dp[11][395]=-425.058
dp[12][395]=-388.584
dp[13][395]=-344.142
dp[14][395]=-298.268
dp[15][395]=-249.61
dp[16][395]=-200.748
dp[17][395]=-145.934
dp[18][395]=-86.2082
dp[19][395]=-20.3394
Select best dp
Best k=6
Stratifying 5-th numerical feature ...
dp[2][395]=-1085.01
dp[3][395]=-1427.75
dp[4][395]=-1702.27
dp[5][395]=-1841.24
dp[6][395]=-1956.15
dp[7][395]=-2041.39
dp[8][395]=-2104.09
dp[9][395]=-2136.86
dp[10][395]=-2167.77
dp[11][395]=-2166.13
dp[12][395]=-2161.56
dp[13][395]=-2138.18
Select best dp
Best k=10
Stratifying 6-th numerical feature ...
dp[2][395]=-1106.39
dp[3][395]=-1451.87
dp[4][395]=-1715.4
dp[5][395]=-1863.27
dp[6][395]=-1978.73
dp[7][395]=-2062.27
dp[8][395]=-2129.76
dp[9][395]=-2166.98
dp[10][395]=-2197.46
dp[11][395]=-2204.54
dp[12][395]=-2211.24
dp[13][395]=-2206.6
dp[14][395]=-2199.96
dp[15][395]=-2192.21
dp[16][395]=-2177.08
dp[17][395]=-2160
dp[18][395]=-2125.64
dp[19][395]=-2063.87
Select best dp
Best k=12
Stratifying 6-th numerical feature ...
dp[2][395]=-767.585
dp[3][395]=-1143.55
dp[4][395]=-1378.21
dp[5][395]=-1525.31
dp[6][395]=-1620.38
dp[7][395]=-1697.05
dp[8][395]=-1736.84
dp[9][395]=-1773.74
dp[10][395]=-1787.86
dp[11][395]=-1793.87
dp[12][395]=-1792.4
dp[13][395]=-1788.29
dp[14][395]=-1783.25
dp[15][395]=-1769.43
dp[16][395]=-1753.07
dp[17][395]=-1734.34
dp[18][395]=-1711.89
dp[19][395]=-1686.43
Select best dp
Best k=11
dp[2][395]=-1381.3
dp[3][395]=-1803.88
dp[4][395]=-2074.19
dp[5][395]=-2234.21
dp[6][395]=-2386.83
dp[7][395]=-2497.52
dp[8][395]=-2564.62
dp[9][395]=-2595.67
dp[10][395]=-2625.6
dp[11][395]=-2636.42
dp[12][395]=-2645.55
dp[13][395]=-2645.92
dp[14][395]=-2643.47
dp[15][395]=-2638.04
dp[16][395]=-2628.06
dp[17][395]=-2612.12
dp[18][395]=-2572.67
dp[19][395]=-2507.14
Select best dp
Best k=13
Stratifying 6-th numerical feature ...
dp[2][395]=-825.939
dp[3][395]=-1074.27
dp[4][395]=-1197.24
dp[5][395]=-1281.97
dp[6][395]=-1338.69
dp[7][395]=-1380.85
dp[8][395]=-1382.09
dp[9][395]=-1363.67
dp[10][395]=-1341.79
dp[11][395]=-1314.7
dp[12][395]=-1285.71
dp[13][395]=-1254.62
dp[14][395]=-1220.7
dp[15][395]=-1184.56
dp[16][395]=-1142.85
dp[17][395]=-1099.42
dp[18][395]=-1039.74
dp[19][395]=-956.254
Select best dp
Best k=8
Stratifying 6-th numerical feature ...
dp[2][395]=-767.585
dp[3][395]=-1143.55
dp[4][395]=-1378.21
dp[5][395]=-1525.31
dp[6][395]=-1620.38
dp[7][395]=-1697.05
dp[8][395]=-1736.84
dp[9][395]=-1773.74
dp[10][395]=-1787.86
dp[11][395]=-1793.87
dp[12][395]=-1792.4
dp[13][395]=-1788.29
dp[14][395]=-1774.47
dp[15][395]=-1754.73
dp[16][395]=-1732.28
dp[17][395]=-1706.52
dp[18][395]=-1676.59
dp[19][395]=-1617.11
Select best dp
Best k=11
dp[2][395]=-1000.04
dp[3][395]=-1280.77
dp[4][395]=-1469
dp[5][395]=-1580.67
dp[6][395]=-1662.67
dp[7][395]=-1735.95
dp[8][395]=-1802.65
dp[9][395]=-1820.44
dp[10][395]=-1831.4
dp[11][395]=-1830.44
dp[12][395]=-1824.55
dp[13][395]=-1812.48
dp[14][395]=-1798.49
dp[15][395]=-1784.44
dp[16][395]=-1761.67
dp[17][395]=-1728.17
dp[18][395]=-1691.59
dp[19][395]=-1639.58
Select best dp
Best k=10
Stratifying 6-th numerical feature ...
dp[2][395]=-337.834
dp[3][395]=-379.411
dp[4][395]=-385.846
dp[5][395]=-363.782
dp[6][395]=-305.891
dp[7][395]=-264.175
dp[8][395]=-214.652
dp[9][395]=-156.761
dp[10][395]=-94.9952
dp[11][395]=-26.7077
dp[12][395]=44.1031
dp[13][395]=115.214
dp[14][395]=186.863
dp[15][395]=259.152
dp[16][395]=332.594
dp[17][395]=406.271
dp[18][395]=486.347
dp[19][395]=586.253
Select best dp
Best k=4
Stratifying 6-th numerical feature ...
dp[2][395]=-767.585
dp[3][395]=-1143.55
dp[4][395]=-1377.16
dp[5][395]=-1521.7
dp[6][395]=-1611.96
dp[7][395]=-1688.63
dp[8][395]=-1726.38
dp[9][395]=-1763.28
dp[10][395]=-1772.1
dp[11][395]=-1769.28
dp[12][395]=-1764.15
dp[13][395]=-1736.44
Select best dp
Best k=10
dp[2][395]=-767.585
dp[3][395]=-1143.55
dp[4][395]=-1378.21
dp[5][395]=-1525.31
dp[6][395]=-1620.38
dp[7][395]=-1697.05
dp[8][395]=-1736.84
dp[9][395]=-1773.74
dp[10][395]=-1787.86
dp[11][395]=-1793.87
dp[12][395]=-1797.57
dp[13][395]=-1796.1
dp[14][395]=-1791.99
dp[15][395]=-1778.17
dp[16][395]=-1761.8
dp[17][395]=-1743.57
dp[18][395]=-1721.13
dp[19][395]=-1695.66
Select best dp
Best k=12
dp[2][395]=-1000.04
dp[3][395]=-1280.77
dp[4][395]=-1469
dp[5][395]=-1580.67
dp[6][395]=-1662.67
dp[7][395]=-1735.95
dp[8][395]=-1802.65
dp[9][395]=-1820.44
dp[10][395]=-1831.4
dp[11][395]=-1830.44
dp[12][395]=-1824.55
dp[13][395]=-1812.48
dp[14][395]=-1798.49
dp[15][395]=-1784.44
dp[16][395]=-1761.67
dp[17][395]=-1728.17
dp[18][395]=-1691.59
dp[19][395]=-1639.58
Select best dp
Best k=10
Stratifying 6-th numerical feature ...
dp[2][395]=-1381.3
dp[3][395]=-1803.88
dp[4][395]=-2074.19
dp[5][395]=-2234.21
dp[6][395]=-2386.83
dp[7][395]=-2497.52
dp[8][395]=-2564.62
dp[9][395]=-2595.67
dp[10][395]=-2625.6
dp[11][395]=-2636.42
dp[12][395]=-2645.55
dp[13][395]=-2645.92
dp[14][395]=-2643.47
dp[15][395]=-2638.04
dp[16][395]=-2628.06
dp[17][395]=-2612.12
dp[18][395]=-2572.67
dp[19][395]=-2507.14
Select best dp
Best k=13
Stratifying 6-th numerical feature ...
dp[2][395]=-767.585
dp[3][395]=-1143.55
dp[4][395]=-1378.21
dp[5][395]=-1525.31
dp[6][395]=-1620.38
dp[7][395]=-1697.05
dp[8][395]=-1736.84
dp[9][395]=-1773.74
dp[10][395]=-1787.86
dp[11][395]=-1793.87
dp[12][395]=-1792.4
dp[13][395]=-1788.29
dp[14][395]=-1774.47
dp[15][395]=-1754.73
dp[16][395]=-1732.28
dp[17][395]=-1706.52
dp[18][395]=-1676.59
dp[19][395]=-1617.11
Select best dp
Best k=11
dp[2][395]=-306.034
dp[3][395]=-455.139
dp[4][395]=-533.589
dp[5][395]=-568.261
dp[6][395]=-576.917
dp[7][395]=-576.371
dp[8][395]=-557.386
dp[9][395]=-536.958
dp[10][395]=-505.137
dp[11][395]=-469.265
dp[12][395]=-429.651
dp[13][395]=-388.717
dp[14][395]=-342.926
dp[15][395]=-294.176
dp[16][395]=-244.074
dp[17][395]=-192.312
dp[18][395]=-138.471
dp[19][395]=-69.8515
Select best dp
Best k=6
dp[2][395]=-767.585
dp[3][395]=-1143.55
dp[4][395]=-1378.21
dp[5][395]=-1525.31
dp[6][395]=-1620.38
dp[7][395]=-1697.05
dp[8][395]=-1736.84
dp[9][395]=-1773.74
dp[10][395]=-1787.86
dp[11][395]=-1793.87
dp[12][395]=-1792.4
dp[13][395]=-1788.29
dp[14][395]=-1774.47
dp[15][395]=-1754.73
dp[16][395]=-1732.28
dp[17][395]=-1706.52
dp[18][395]=-1676.59
dp[19][395]=-1617.11
Select best dp
Best k=11
dp[2][395]=155.517
dp[3][395]=233.275
dp[4][395]=311.034
dp[5][395]=388.792
dp[6][395]=466.55
dp[7][395]=544.309
dp[8][395]=622.067
dp[9][395]=699.825
dp[10][395]=777.584
dp[11][395]=855.342
dp[12][395]=933.101
dp[13][395]=1010.86
dp[14][395]=1088.62
dp[15][395]=1166.38
dp[16][395]=1244.13
dp[17][395]=1321.89
dp[18][395]=1399.65
dp[19][395]=1477.41
Select best dp
Best k=2
dp[2][395]=-767.585
dp[3][395]=-1143.55
dp[4][395]=-1378.21
dp[5][395]=-1525.31
dp[6][395]=-1620.38
dp[7][395]=-1697.05
dp[8][395]=-1736.84
dp[9][395]=-1773.74
dp[10][395]=-1787.86
dp[11][395]=-1793.87
dp[12][395]=-1792.4
dp[13][395]=-1788.29
dp[14][395]=-1774.47
dp[15][395]=-1754.73
dp[16][395]=-1732.28
dp[17][395]=-1706.52
dp[18][395]=-1676.59
dp[19][395]=-1617.11
Select best dp
Best k=11
dp[2][395]=-767.585
dp[3][395]=-1143.55
dp[4][395]=-1378.21
dp[5][395]=-1525.31
dp[6][395]=-1620.38
dp[7][395]=-1697.05
dp[8][395]=-1736.84
dp[9][395]=-1773.74
dp[10][395]=-1787.86
dp[11][395]=-1793.87
dp[12][395]=-1792.4
dp[13][395]=-1788.29
dp[14][395]=-1774.47
dp[15][395]=-1754.73
dp[16][395]=-1732.28
dp[17][395]=-1706.52
dp[18][395]=-1676.59
dp[19][395]=-1617.11
Select best dp
Best k=11
