Standardize ...
Stratifying 1-th numerical feature ...
Standardize ...
Stratifying 1-th numerical feature ...
Standardize ...
Stratifying 1-th numerical feature ...
Standardize ...
Stratifying 1-th numerical feature ...
Standardize ...
Stratifying 1-th numerical feature ...
Standardize ...
Stratifying 1-th numerical feature ...
Standardize ...
Stratifying 1-th numerical feature ...
Standardize ...
Stratifying 1-th numerical feature ...
Standardize ...
Stratifying 1-th numerical feature ...
Standardize ...
Stratifying 1-th numerical feature ...
Standardize ...
Stratifying 1-th numerical feature ...
Standardize ...
Stratifying 1-th numerical feature ...
Standardize ...
Stratifying 1-th numerical feature ...
Standardize ...
Stratifying 1-th numerical feature ...
dp[2][422]=-179.306
dp[3][422]=-328.438
dp[4][422]=-422.304
dp[5][422]=-433.106
dp[6][422]=-429.418
dp[7][422]=-394.375
dp[8][422]=-357.895
dp[9][422]=-299.762
dp[10][422]=-229.879
dp[11][422]=-155.654
dp[12][422]=-57.4721
dp[13][422]=42.7746
Select best dp
Best k=5
Stratifying 2-th numerical feature ...
dp[2][422]=-179.306
dp[3][422]=-328.438
dp[4][422]=-422.304
dp[5][422]=-433.106
dp[6][422]=-429.418
dp[7][422]=-394.375
dp[8][422]=-357.895
dp[9][422]=-299.762
dp[10][422]=-229.879
dp[11][422]=-155.684
dp[12][422]=-68.7429
dp[13][422]=19.9114
dp[14][422]=111.283
dp[15][422]=204.646
dp[16][422]=308.954
dp[17][422]=418.1
dp[18][422]=528.793
dp[19][422]=655.335
dp[20][422]=899.867
Select best dp
Best k=5
Stratifying 2-th numerical feature ...
dp[2][422]=-179.306
dp[3][422]=-328.438
dp[4][422]=-422.304
dp[5][422]=-433.106
dp[6][422]=-429.418
dp[7][422]=-394.375
dp[8][422]=-357.895
dp[9][422]=-299.762
dp[10][422]=-229.879
dp[11][422]=-155.684
dp[12][422]=-68.7429
dp[13][422]=19.9114
dp[14][422]=111.283
dp[15][422]=204.646
dp[16][422]=308.954
dp[17][422]=418.1
dp[18][422]=528.793
dp[19][422]=655.335
dp[20][422]=899.867
Select best dp
Best k=5
Stratifying 2-th numerical feature ...
dp[2][422]=-179.306
dp[3][422]=-328.438
dp[4][422]=-422.304
dp[5][422]=-433.106
dp[6][422]=-429.418
dp[7][422]=-394.375
dp[8][422]=-357.895
dp[9][422]=-299.762
dp[10][422]=-229.879
dp[11][422]=-155.684
dp[12][422]=-68.7429
dp[13][422]=19.9114
dp[14][422]=111.283
dp[15][422]=204.646
dp[16][422]=308.954
dp[17][422]=418.1
dp[18][422]=528.793
dp[19][422]=655.335
dp[20][422]=899.867
Select best dp
Best k=5
Stratifying 2-th numerical feature ...
dp[2][422]=-179.306
dp[3][422]=-1.2e+11
dp[4][422]=-1.2e+11
dp[5][422]=-2.4e+11
dp[6][422]=-2.4e+11
dp[7][422]=-3.4e+11
dp[8][422]=-3.4e+11
dp[9][422]=-4.4e+11
dp[10][422]=-4.4e+11
dp[11][422]=-4.4e+11
dp[12][422]=-4.4e+11
dp[13][422]=-4.4e+11
dp[14][422]=-4.4e+11
dp[15][422]=-4.4e+11
dp[16][422]=-4.4e+11
dp[17][422]=-4.4e+11
dp[18][422]=-4.4e+11
dp[19][422]=-4.4e+11
dp[20][422]=-4.4e+11
Select best dp
Best k=10
Stratifying 2-th numerical feature ...
dp[2][422]=-1841.67
dp[3][422]=-2136.65
dp[4][422]=-2273.22
dp[5][422]=-2342.89
dp[6][422]=-2360.36
dp[7][422]=-2333.03
dp[8][422]=-2305.14
dp[9][422]=-2257.5
dp[10][422]=-2203.18
dp[11][422]=-2125.73
dp[12][422]=-2046.26
dp[13][422]=-1925.03
Select best dp
Best k=6
Stratifying 3-th numerical feature ...
dp[2][422]=-179.306
dp[3][422]=-328.438
dp[4][422]=-422.304
dp[5][422]=-433.106
dp[6][422]=-429.418
dp[7][422]=-394.375
dp[8][422]=-357.895
dp[9][422]=-299.762
dp[10][422]=-229.879
dp[11][422]=-155.684
dp[12][422]=-68.7429
dp[13][422]=19.9114
dp[14][422]=111.283
dp[15][422]=204.646
dp[16][422]=308.954
dp[17][422]=418.1
dp[18][422]=528.793
dp[19][422]=655.335
dp[20][422]=899.867
Select best dp
Best k=5
dp[2][422]=-179.306
dp[3][422]=-328.438
dp[4][422]=-422.304
dp[5][422]=-433.106
dp[6][422]=-429.418
dp[7][422]=-394.375
dp[8][422]=-357.895
dp[9][422]=-299.762
dp[10][422]=-229.879
dp[11][422]=-155.684
dp[12][422]=-68.7429
dp[13][422]=19.9114
dp[14][422]=111.283
dp[15][422]=204.646
dp[16][422]=308.954
dp[17][422]=418.1
dp[18][422]=528.793
dp[19][422]=655.335
dp[20][422]=899.867
Select best dp
Best k=5
Stratifying 2-th numerical feature ...
Stratifying 2-th numerical feature ...
dp[2][422]=326.558
dp[3][422]=489.837
dp[4][422]=653.116
dp[5][422]=816.395
dp[6][422]=979.674
dp[7][422]=1142.95
dp[8][422]=1306.23
dp[9][422]=1469.51
dp[10][422]=1632.79
dp[11][422]=1796.07
dp[12][422]=1959.35
dp[13][422]=2122.63
dp[14][422]=2285.91
dp[15][422]=2449.19
dp[16][422]=2612.46
dp[17][422]=2775.74
dp[18][422]=2939.02
dp[19][422]=3102.3
dp[20][422]=3265.58
Select best dp
Best k=2
Stratifying 2-th numerical feature ...
dp[2][422]=-179.306
dp[3][422]=-328.438
dp[4][422]=-422.304
dp[5][422]=-433.106
dp[6][422]=-429.418
dp[7][422]=-394.375
dp[8][422]=-357.895
dp[9][422]=-299.762
dp[10][422]=-229.879
dp[11][422]=-155.684
dp[12][422]=-68.7429
dp[13][422]=19.9114
dp[14][422]=111.283
dp[15][422]=204.646
dp[16][422]=308.954
dp[17][422]=418.1
dp[18][422]=528.793
dp[19][422]=655.335
dp[20][422]=899.867
Select best dp
Best k=5
Stratifying 2-th numerical feature ...
dp[2][422]=73.6261
dp[3][422]=80.6995
dp[4][422]=115.406
dp[5][422]=191.645
dp[6][422]=275.128
dp[7][422]=374.289
dp[8][422]=474.169
dp[9][422]=584.875
dp[10][422]=701.456
dp[11][422]=820.193
dp[12][422]=945.303
dp[13][422]=1071.27
dp[14][422]=1198.6
dp[15][422]=1326.92
dp[16][422]=1460.71
dp[17][422]=1596.92
dp[18][422]=1733.91
dp[19][422]=1878.82
dp[20][422]=2082.72
Select best dp
Best k=2
dp[2][422]=-685.17
dp[3][422]=-1146.71
dp[4][422]=-1497.72
dp[5][422]=-1682.61
dp[6][422]=-1838.51
dp[7][422]=-1931.7
dp[8][422]=-2022.02
dp[9][422]=-2069.04
dp[10][422]=-2092.55
dp[11][422]=-2107.44
dp[12][422]=-2096.83
dp[13][422]=-2082.8
dp[14][422]=-2063.34
dp[15][422]=-2039.89
dp[16][422]=-1994.56
dp[17][422]=-1939.54
dp[18][422]=-1881.44
dp[19][422]=-1791.63
dp[20][422]=-1465.85
Select best dp
Best k=11
Stratifying 2-th numerical feature ...
Stratifying 2-th numerical feature ...
dp[2][422]=-1862.14
dp[3][422]=-2167.65
dp[4][422]=-2309.69
dp[5][422]=-2386.23
dp[6][422]=-2404.15
dp[7][422]=-2389.36
dp[8][422]=-2362.16
dp[9][422]=-2315.76
dp[10][422]=-2262.51
dp[11][422]=-2185.31
dp[12][422]=-2107.87
dp[13][422]=-2030.23
dp[14][422]=-1940.31
dp[15][422]=-1841.82
dp[16][422]=-1739.02
dp[17][422]=-1628.45
dp[18][422]=-1507.46
dp[19][422]=-1367.57
dp[20][422]=-1139.58
Select best dp
Best k=6
dp[2][422]=-1862.14
dp[3][422]=-2167.65
dp[4][422]=-2309.69
dp[5][422]=-2386.23
dp[6][422]=-2404.15
dp[7][422]=-2389.36
dp[8][422]=-2362.16
dp[9][422]=-2315.76
dp[10][422]=-2262.51
dp[11][422]=-2185.31
dp[12][422]=-2107.87
dp[13][422]=-2030.23
dp[14][422]=-1940.31
dp[15][422]=-1841.82
dp[16][422]=-1739.02
dp[17][422]=-1628.45
dp[18][422]=-1507.46
dp[19][422]=-1367.57
dp[20][422]=-1139.58
Select best dp
Best k=6
Stratifying 3-th numerical feature ...
Stratifying 3-th numerical feature ...
dp[2][422]=-1862.14
dp[3][422]=-2167.65
dp[4][422]=-2309.69
dp[5][422]=-2386.23
dp[6][422]=-2404.15
dp[7][422]=-2389.36
dp[8][422]=-2362.16
dp[9][422]=-2315.76
dp[10][422]=-2262.51
dp[11][422]=-2185.31
dp[12][422]=-2107.87
dp[13][422]=-2030.23
dp[14][422]=-1940.31
dp[15][422]=-1841.82
dp[16][422]=-1739.02
dp[17][422]=-1628.45
dp[18][422]=-1507.46
dp[19][422]=-1367.57
dp[20][422]=-1139.58
Select best dp
Best k=6
Stratifying 3-th numerical feature ...
dp[2][422]=-113.634
dp[3][422]=-296.828
dp[4][422]=-361.535
dp[5][422]=-397.945
dp[6][422]=-423.795
dp[7][422]=-391.375
dp[8][422]=-345.806
dp[9][422]=-294.4
dp[10][422]=-232.036
dp[11][422]=-157.577
dp[12][422]=-33.7081
dp[13][422]=122.798
Select best dp
Best k=6
dp[2][422]=-113.634
dp[3][422]=-2.5e+11
dp[4][422]=-4.8e+11
dp[5][422]=-4.9e+11
dp[6][422]=-7e+11
dp[7][422]=-9.1e+11
dp[8][422]=-9.1e+11
dp[9][422]=-9.1e+11
dp[10][422]=-9.1e+11
dp[11][422]=-9.1e+11
dp[12][422]=-9.1e+11
dp[13][422]=-9.1e+11
dp[14][422]=-9.1e+11
dp[15][422]=-9.1e+11
dp[16][422]=-9.1e+11
dp[17][422]=-9.1e+11
dp[18][422]=-9.1e+11
dp[19][422]=-9.1e+11
dp[20][422]=1062.36
Select best dp
Best k=9
dp[2][422]=-113.634
dp[3][422]=-2.5e+11
dp[4][422]=-4.8e+11
dp[5][422]=-4.9e+11
dp[6][422]=-7e+11
dp[7][422]=-9.1e+11
dp[8][422]=-9.1e+11
dp[9][422]=-9.1e+11
dp[10][422]=-9.1e+11
dp[11][422]=-9.1e+11
dp[12][422]=-9.1e+11
dp[13][422]=-9.1e+11
dp[14][422]=-9.1e+11
dp[15][422]=-9.1e+11
dp[16][422]=-9.1e+11
dp[17][422]=-9.1e+11
dp[18][422]=-9.1e+11
dp[19][422]=-9.1e+11
dp[20][422]=1062.36
Select best dp
Best k=9
dp[2][422]=-113.634
dp[3][422]=-2.5e+11
dp[4][422]=-4.8e+11
dp[5][422]=-4.9e+11
dp[6][422]=-7e+11
dp[7][422]=-9.1e+11
dp[8][422]=-9.1e+11
dp[9][422]=-9.1e+11
dp[10][422]=-9.1e+11
dp[11][422]=-9.1e+11
dp[12][422]=-9.1e+11
dp[13][422]=-9.1e+11
dp[14][422]=-9.1e+11
dp[15][422]=-9.1e+11
dp[16][422]=-9.1e+11
dp[17][422]=-9.1e+11
dp[18][422]=-9.1e+11
dp[19][422]=-9.1e+11
dp[20][422]=1062.36
Select best dp
Best k=9
dp[2][422]=-179.306
dp[3][422]=-1.2e+11
dp[4][422]=-1.2e+11
dp[5][422]=-2.4e+11
dp[6][422]=-2.4e+11
dp[7][422]=-3.4e+11
dp[8][422]=-3.4e+11
dp[9][422]=-4.4e+11
dp[10][422]=-4.4e+11
dp[11][422]=-4.4e+11
dp[12][422]=-4.4e+11
dp[13][422]=-4.4e+11
dp[14][422]=-4.4e+11
dp[15][422]=-4.4e+11
dp[16][422]=-4.4e+11
dp[17][422]=-4.4e+11
dp[18][422]=-4.4e+11
dp[19][422]=-4.4e+11
dp[20][422]=-4.4e+11
Select best dp
Best k=10
Stratifying 2-th numerical feature ...
dp[2][422]=-1877.98
dp[3][422]=-1.5e+11
dp[4][422]=-1.5e+11
dp[5][422]=-2.9e+11
dp[6][422]=-2.9e+11
dp[7][422]=-3.9e+11
dp[8][422]=-3.9e+11
dp[9][422]=-4.9e+11
dp[10][422]=-4.9e+11
dp[11][422]=-5.9e+11
dp[12][422]=-5.9e+11
dp[13][422]=-6.9e+11
dp[14][422]=-6.9e+11
dp[15][422]=-7.9e+11
dp[16][422]=-7.9e+11
dp[17][422]=-7.9e+11
dp[18][422]=-7.9e+11
dp[19][422]=-7.9e+11
dp[20][422]=-7.9e+11
Select best dp
Best k=17
Stratifying 3-th numerical feature ...
dp[2][422]=-1862.14
dp[3][422]=-2167.65
dp[4][422]=-2309.69
dp[5][422]=-2386.23
dp[6][422]=-2404.15
dp[7][422]=-2389.36
dp[8][422]=-2362.16
dp[9][422]=-2315.76
dp[10][422]=-2262.51
dp[11][422]=-2185.31
dp[12][422]=-2107.87
dp[13][422]=-2030.23
dp[14][422]=-1940.31
dp[15][422]=-1841.82
dp[16][422]=-1739.02
dp[17][422]=-1628.45
dp[18][422]=-1507.46
dp[19][422]=-1367.57
dp[20][422]=-1139.58
Select best dp
Best k=6
Stratifying 3-th numerical feature ...
dp[2][422]=-1862.14
dp[3][422]=-2167.65
dp[4][422]=-2309.69
dp[5][422]=-2386.23
dp[6][422]=-2404.15
dp[7][422]=-2389.36
dp[8][422]=-2362.16
dp[9][422]=-2315.76
dp[10][422]=-2262.51
dp[11][422]=-2185.31
dp[12][422]=-2107.87
dp[13][422]=-2030.23
dp[14][422]=-1940.31
dp[15][422]=-1841.82
dp[16][422]=-1739.02
dp[17][422]=-1628.45
dp[18][422]=-1507.46
dp[19][422]=-1367.57
dp[20][422]=-1139.58
Select best dp
Best k=6
Stratifying 3-th numerical feature ...
dp[2][422]=326.558
dp[3][422]=489.837
dp[4][422]=653.116
dp[5][422]=816.395
dp[6][422]=979.674
dp[7][422]=1142.95
dp[8][422]=1306.23
dp[9][422]=1469.51
dp[10][422]=1632.79
dp[11][422]=1796.07
dp[12][422]=1959.35
dp[13][422]=2122.63
dp[14][422]=2285.91
dp[15][422]=2449.19
dp[16][422]=2612.46
dp[17][422]=2775.74
dp[18][422]=2939.02
dp[19][422]=3102.3
dp[20][422]=3265.58
Select best dp
Best k=2
Stratifying 3-th numerical feature ...
dp[2][422]=-1862.14
dp[3][422]=-2167.65
dp[4][422]=-2309.69
dp[5][422]=-2386.23
dp[6][422]=-2404.15
dp[7][422]=-2389.36
dp[8][422]=-2362.16
dp[9][422]=-2315.76
dp[10][422]=-2262.51
dp[11][422]=-2185.31
dp[12][422]=-2107.87
dp[13][422]=-2030.23
dp[14][422]=-1940.31
dp[15][422]=-1841.82
dp[16][422]=-1739.02
dp[17][422]=-1628.45
dp[18][422]=-1507.46
dp[19][422]=-1367.57
dp[20][422]=-1139.58
Select best dp
Best k=6
Stratifying 3-th numerical feature ...
dp[2][422]=-179.306
dp[3][422]=-1.2e+11
dp[4][422]=-1.7e+11
dp[5][422]=-2.4e+11
dp[6][422]=-2.9e+11
dp[7][422]=-3.4e+11
dp[8][422]=-4.1e+11
dp[9][422]=-4.5e+11
dp[10][422]=-5.1e+11
dp[11][422]=-5.7e+11
dp[12][422]=-6e+11
dp[13][422]=-6.6e+11
dp[14][422]=-7.1e+11
dp[15][422]=-7.5e+11
dp[16][422]=-8e+11
dp[17][422]=-8.4e+11
dp[18][422]=-8.9e+11
dp[19][422]=-9.3e+11
dp[20][422]=-9.7e+11
Select best dp
Best k=20
dp[2][422]=-767.791
dp[3][422]=-838.905
dp[4][422]=-828.288
dp[5][422]=-784.919
dp[6][422]=-712.237
dp[7][422]=-623.206
dp[8][422]=-527.965
dp[9][422]=-423.123
dp[10][422]=-314.86
dp[11][422]=-194.622
dp[12][422]=-74.2591
dp[13][422]=46.1975
dp[14][422]=172.801
dp[15][422]=303.682
dp[16][422]=436.724
dp[17][422]=573.649
dp[18][422]=715.781
dp[19][422]=867.366
dp[20][422]=1063
Select best dp
Best k=3
Stratifying 2-th numerical feature ...
dp[2][422]=-4050.84
dp[3][422]=-4825.13
dp[4][422]=-5272.5
dp[5][422]=-5588.86
dp[6][422]=-5787.97
dp[7][422]=-5921.68
dp[8][422]=-6030.56
dp[9][422]=-6101.02
dp[10][422]=-6157.81
dp[11][422]=-6166.7
dp[12][422]=-6175.08
dp[13][422]=-6183.09
dp[14][422]=-6166.52
dp[15][422]=-6132.83
dp[16][422]=-6090.5
dp[17][422]=-6032.64
dp[18][422]=-5953.94
dp[19][422]=-5837.44
dp[20][422]=-5544.75
Select best dp
Best k=13
Stratifying 3-th numerical feature ...
Stratifying 3-th numerical feature ...
dp[2][422]=-113.634
dp[3][422]=-2.5e+11
dp[4][422]=-4.8e+11
dp[5][422]=-4.9e+11
dp[6][422]=-7e+11
dp[7][422]=-9.1e+11
dp[8][422]=-9.1e+11
dp[9][422]=-9.1e+11
dp[10][422]=-9.1e+11
dp[11][422]=-9.1e+11
dp[12][422]=-9.1e+11
dp[13][422]=-9.1e+11
dp[14][422]=-9.1e+11
dp[15][422]=-9.1e+11
dp[16][422]=-9.1e+11
dp[17][422]=-9.1e+11
dp[18][422]=-9.1e+11
dp[19][422]=-9.1e+11
dp[20][422]=1062.36
Select best dp
Best k=9
dp[2][422]=-113.634
dp[3][422]=-2.5e+11
dp[4][422]=-4.8e+11
dp[5][422]=-6.7e+11
dp[6][422]=-9.1e+11
dp[7][422]=-1.12e+12
dp[8][422]=-1.32e+12
dp[9][422]=-1.51e+12
dp[10][422]=-1.66e+12
dp[11][422]=-1.85e+12
dp[12][422]=-2.02e+12
dp[13][422]=-2.18e+12
dp[14][422]=-2.21e+12
dp[15][422]=-2.37e+12
dp[16][422]=-2.5e+12
dp[17][422]=-2.65e+12
dp[18][422]=-2.77e+12
dp[19][422]=-2.9e+12
dp[20][422]=-3.02e+12
Select best dp
Best k=20
dp[2][422]=-113.634
dp[3][422]=-2.5e+11
dp[4][422]=-4.8e+11
dp[5][422]=-4.9e+11
dp[6][422]=-7e+11
dp[7][422]=-9.1e+11
dp[8][422]=-9.1e+11
dp[9][422]=-9.1e+11
dp[10][422]=-9.1e+11
dp[11][422]=-9.1e+11
dp[12][422]=-9.1e+11
dp[13][422]=-9.1e+11
dp[14][422]=-9.1e+11
dp[15][422]=-9.1e+11
dp[16][422]=-9.1e+11
dp[17][422]=-9.1e+11
dp[18][422]=-9.1e+11
dp[19][422]=-9.1e+11
dp[20][422]=1062.36
Select best dp
Best k=9
dp[2][422]=326.558
dp[3][422]=489.837
dp[4][422]=653.116
dp[5][422]=816.395
dp[6][422]=979.674
dp[7][422]=1142.95
dp[8][422]=1306.23
dp[9][422]=1469.51
dp[10][422]=1632.79
dp[11][422]=1796.07
dp[12][422]=1959.35
dp[13][422]=2122.63
dp[14][422]=2285.91
dp[15][422]=2449.19
dp[16][422]=2612.46
dp[17][422]=2775.74
dp[18][422]=2939.02
dp[19][422]=3102.3
dp[20][422]=3265.58
Select best dp
Best k=2
dp[2][422]=-113.634
dp[3][422]=-2.5e+11
dp[4][422]=-4.8e+11
dp[5][422]=-4.9e+11
dp[6][422]=-7e+11
dp[7][422]=-9.1e+11
dp[8][422]=-9.1e+11
dp[9][422]=-9.1e+11
dp[10][422]=-9.1e+11
dp[11][422]=-9.1e+11
dp[12][422]=-9.1e+11
dp[13][422]=-9.1e+11
dp[14][422]=-9.1e+11
dp[15][422]=-9.1e+11
dp[16][422]=-9.1e+11
dp[17][422]=-9.1e+11
dp[18][422]=-9.1e+11
dp[19][422]=-9.1e+11
dp[20][422]=1062.36
Select best dp
Best k=9
dp[2][422]=-553.827
dp[3][422]=-5e+11
dp[4][422]=-9.6e+11
dp[5][422]=-9.8e+11
dp[6][422]=-1.4e+12
dp[7][422]=-1.82e+12
dp[8][422]=-1.82e+12
dp[9][422]=-1.82e+12
dp[10][422]=-1.82e+12
dp[11][422]=-1.82e+12
dp[12][422]=-1.82e+12
dp[13][422]=-1.82e+12
dp[14][422]=-1.82e+12
dp[15][422]=-1.82e+12
dp[16][422]=-1.82e+12
dp[17][422]=-1.82e+12
dp[18][422]=-1.82e+12
dp[19][422]=-1.82e+12
dp[20][422]=-1140.86
Select best dp
Best k=15
dp[2][422]=106.462
dp[3][422]=-1.25e+11
dp[4][422]=-2.4e+11
dp[5][422]=-2.45e+11
dp[6][422]=-3.5e+11
dp[7][422]=-4.55e+11
dp[8][422]=-4.55e+11
dp[9][422]=-4.55e+11
dp[10][422]=-4.55e+11
dp[11][422]=-4.55e+11
dp[12][422]=-4.55e+11
dp[13][422]=-4.55e+11
dp[14][422]=-4.55e+11
dp[15][422]=-4.55e+11
dp[16][422]=-4.55e+11
dp[17][422]=-4.55e+11
dp[18][422]=-4.55e+11
dp[19][422]=-4.55e+11
dp[20][422]=2163.97
Select best dp
Best k=7
dp[2][422]=-1877.98
dp[3][422]=-1.5e+11
dp[4][422]=-1.5e+11
dp[5][422]=-2.9e+11
dp[6][422]=-2.9e+11
dp[7][422]=-3.9e+11
dp[8][422]=-3.9e+11
dp[9][422]=-4.9e+11
dp[10][422]=-4.9e+11
dp[11][422]=-5.9e+11
dp[12][422]=-5.9e+11
dp[13][422]=-6.9e+11
dp[14][422]=-6.9e+11
dp[15][422]=-7.9e+11
dp[16][422]=-7.9e+11
dp[17][422]=-7.9e+11
dp[18][422]=-7.9e+11
dp[19][422]=-7.9e+11
dp[20][422]=-7.9e+11
Select best dp
Best k=17
Stratifying 3-th numerical feature ...
dp[2][422]=-1877.98
dp[3][422]=-1.5e+11
dp[4][422]=-2e+11
dp[5][422]=-2.9e+11
dp[6][422]=-3.7e+11
dp[7][422]=-4.4e+11
dp[8][422]=-5.1e+11
dp[9][422]=-5.8e+11
dp[10][422]=-6.1e+11
dp[11][422]=-6.8e+11
dp[12][422]=-7.4e+11
dp[13][422]=-8.1e+11
dp[14][422]=-8.8e+11
dp[15][422]=-9.1e+11
dp[16][422]=-9.8e+11
dp[17][422]=-1.04e+12
dp[18][422]=-1.1e+12
dp[19][422]=-1.14e+12
dp[20][422]=-1.2e+12
Select best dp
Best k=20
Stratifying 3-th numerical feature ...
dp[2][422]=95.8156
dp[3][422]=-59.2106
dp[4][422]=-154.299
dp[5][422]=-188.7
dp[6][422]=-200.107
dp[7][422]=-203.464
dp[8][422]=-177.922
dp[9][422]=-138.997
dp[10][422]=-87.6139
dp[11][422]=-19.1735
dp[12][422]=56.9192
dp[13][422]=134.63
dp[14][422]=224.973
dp[15][422]=322.17
dp[16][422]=419.891
dp[17][422]=525.382
dp[18][422]=637.938
dp[19][422]=754.404
dp[20][422]=980.617
Select best dp
Best k=7
Stratifying 2-th numerical feature ...
dp[2][422]=-113.634
dp[3][422]=-2.5e+11
dp[4][422]=-4.8e+11
dp[5][422]=-6.7e+11
dp[6][422]=-9.1e+11
dp[7][422]=-1.12e+12
dp[8][422]=-1.32e+12
dp[9][422]=-1.51e+12
dp[10][422]=-1.66e+12
dp[11][422]=-1.85e+12
dp[12][422]=-2.02e+12
dp[13][422]=-2.18e+12
dp[14][422]=-2.21e+12
dp[15][422]=-2.37e+12
dp[16][422]=-2.5e+12
dp[17][422]=-2.65e+12
dp[18][422]=-2.77e+12
dp[19][422]=-2.9e+12
dp[20][422]=-3.02e+12
Select best dp
Best k=20
dp[2][422]=-113.634
dp[3][422]=-2.5e+11
dp[4][422]=-4.8e+11
dp[5][422]=-6.7e+11
dp[6][422]=-9.1e+11
dp[7][422]=-1.12e+12
dp[8][422]=-1.32e+12
dp[9][422]=-1.51e+12
dp[10][422]=-1.66e+12
dp[11][422]=-1.85e+12
dp[12][422]=-2.02e+12
dp[13][422]=-2.18e+12
dp[14][422]=-2.25e+12
dp[15][422]=-2.37e+12
dp[16][422]=-2.5e+12
dp[17][422]=-2.65e+12
dp[18][422]=-2.77e+12
dp[19][422]=-2.92e+12
dp[20][422]=-3.02e+12
Select best dp
Best k=20
dp[2][422]=-1526.08
dp[3][422]=-1862.57
dp[4][422]=-2017.63
dp[5][422]=-2103.3
dp[6][422]=-2126.06
dp[7][422]=-2115.19
dp[8][422]=-2090.08
dp[9][422]=-2046.82
dp[10][422]=-1995.3
dp[11][422]=-1920.83
dp[12][422]=-1846.15
dp[13][422]=-1769.75
dp[14][422]=-1682.18
dp[15][422]=-1587.31
dp[16][422]=-1487
dp[17][422]=-1377.5
dp[18][422]=-1258.58
dp[19][422]=-1120.26
dp[20][422]=-894.589
Select best dp
Best k=6
Stratifying 3-th numerical feature ...
dp[2][422]=176.588
dp[3][422]=-2.5e+11
dp[4][422]=-4.8e+11
dp[5][422]=-4.9e+11
dp[6][422]=-7e+11
dp[7][422]=-9.1e+11
dp[8][422]=-9.1e+11
dp[9][422]=-9.1e+11
dp[10][422]=-9.1e+11
dp[11][422]=-9.1e+11
dp[12][422]=-9.1e+11
dp[13][422]=-9.1e+11
dp[14][422]=-9.1e+11
dp[15][422]=-9.1e+11
dp[16][422]=-9.1e+11
dp[17][422]=-9.1e+11
dp[18][422]=-9.1e+11
dp[19][422]=-9.1e+11
dp[20][422]=1209.97
Select best dp
Best k=10
