Standardize ...
Stratifying 1-th numerical feature ...
Standardize ...
Stratifying 1-th numerical feature ...
Standardize ...
Stratifying 1-th numerical feature ...
Standardize ...
Stratifying 1-th numerical feature ...
Standardize ...
Stratifying 1-th numerical feature ...
Standardize ...
Stratifying 1-th numerical feature ...
Standardize ...
Stratifying 1-th numerical feature ...
Standardize ...
Stratifying 1-th numerical feature ...
Standardize ...
Stratifying 1-th numerical feature ...
Standardize ...
Stratifying 1-th numerical feature ...
Standardize ...
Stratifying 1-th numerical feature ...
Standardize ...
Stratifying 1-th numerical feature ...
Standardize ...
Stratifying 1-th numerical feature ...
Standardize ...
Stratifying 1-th numerical feature ...
dp[2][1325]=-1449.99
dp[3][1325]=-7.4e+11
dp[4][1325]=-1.34e+12
dp[5][1325]=-1.9e+12
dp[6][1325]=-2.46e+12
dp[7][1325]=-3.01e+12
dp[8][1325]=-3.57e+12
dp[9][1325]=-4.13e+12
dp[10][1325]=-4.61e+12
dp[11][1325]=-5.17e+12
dp[12][1325]=-5.69e+12
dp[13][1325]=-6.1e+12
dp[14][1325]=-6.62e+12
dp[15][1325]=-7.1e+12
dp[16][1325]=-7.57e+12
dp[17][1325]=-8.03e+12
dp[18][1325]=-8.5e+12
dp[19][1325]=-8.94e+12
dp[20][1325]=-9.36e+12
dp[21][1325]=-9.36e+12
dp[22][1325]=-9.77e+12
dp[23][1325]=-9.77e+12
dp[24][1325]=-9.77e+12
dp[25][1325]=-9.77e+12
dp[26][1325]=-9.77e+12
dp[27][1325]=-9.77e+12
dp[28][1325]=-9.77e+12
dp[29][1325]=-9.75e+12
dp[30][1325]=-9.39e+12
dp[31][1325]=-9.03e+12
dp[32][1325]=-8.67e+12
dp[33][1325]=-8.14e+12
dp[34][1325]=-7.42e+12
dp[35][1325]=-6.7e+12
dp[36][1325]=-4.98e+12
Select best dp
Best k=25
dp[2][1325]=-1449.99
dp[3][1325]=-7.4e+11
dp[4][1325]=-1.34e+12
dp[5][1325]=-1.9e+12
dp[6][1325]=-2.46e+12
dp[7][1325]=-3.01e+12
dp[8][1325]=-3.57e+12
dp[9][1325]=-4.13e+12
dp[10][1325]=-4.61e+12
dp[11][1325]=-5.17e+12
dp[12][1325]=-5.69e+12
dp[13][1325]=-6.1e+12
dp[14][1325]=-6.62e+12
dp[15][1325]=-7.1e+12
dp[16][1325]=-7.57e+12
dp[17][1325]=-8.03e+12
dp[18][1325]=-8.5e+12
dp[19][1325]=-8.94e+12
dp[20][1325]=-9.36e+12
dp[21][1325]=-9.36e+12
dp[22][1325]=-9.77e+12
dp[23][1325]=-9.77e+12
dp[24][1325]=-9.77e+12
dp[25][1325]=-9.77e+12
dp[26][1325]=-9.77e+12
dp[27][1325]=-9.77e+12
dp[28][1325]=-9.77e+12
dp[29][1325]=-9.75e+12
dp[30][1325]=-9.39e+12
dp[31][1325]=-9.03e+12
dp[32][1325]=-8.67e+12
dp[33][1325]=-8.14e+12
dp[34][1325]=-7.42e+12
dp[35][1325]=-6.7e+12
dp[36][1325]=-4.98e+12
Select best dp
Best k=25
Stratifying 2-th numerical feature ...
dp[2][1325]=-1449.99
dp[3][1325]=-7.4e+11
dp[4][1325]=-1.34e+12
dp[5][1325]=-1.9e+12
dp[6][1325]=-2.46e+12
dp[7][1325]=-3.01e+12
dp[8][1325]=-3.57e+12
dp[9][1325]=-4.13e+12
dp[10][1325]=-4.61e+12
dp[11][1325]=-5.17e+12
dp[12][1325]=-5.69e+12
dp[13][1325]=-6.1e+12
dp[14][1325]=-6.62e+12
dp[15][1325]=-7.1e+12
dp[16][1325]=-7.57e+12
dp[17][1325]=-8.03e+12
dp[18][1325]=-8.5e+12
dp[19][1325]=-8.94e+12
dp[20][1325]=-9.36e+12
dp[21][1325]=-9.36e+12
dp[22][1325]=-9.77e+12
dp[23][1325]=-9.77e+12
dp[24][1325]=-9.77e+12
dp[25][1325]=-9.77e+12
dp[26][1325]=-9.77e+12
dp[27][1325]=-9.77e+12
dp[28][1325]=-9.77e+12
dp[29][1325]=-9.75e+12
dp[30][1325]=-9.39e+12
dp[31][1325]=-9.03e+12
dp[32][1325]=-8.67e+12
dp[33][1325]=-8.14e+12
dp[34][1325]=-7.42e+12
dp[35][1325]=-6.7e+12
dp[36][1325]=-4.98e+12
Select best dp
Best k=25
Stratifying 2-th numerical feature ...
Stratifying 2-th numerical feature ...
dp[2][1325]=273.217
dp[3][1325]=409.826
dp[4][1325]=546.434
dp[5][1325]=683.043
dp[6][1325]=819.651
dp[7][1325]=956.26
dp[8][1325]=1092.87
dp[9][1325]=1229.48
dp[10][1325]=1366.09
dp[11][1325]=1502.69
dp[12][1325]=1639.3
dp[13][1325]=1775.91
dp[14][1325]=1912.52
dp[15][1325]=2049.13
dp[16][1325]=2185.74
dp[17][1325]=2322.34
dp[18][1325]=2458.95
dp[19][1325]=2595.56
dp[20][1325]=2732.17
dp[21][1325]=2868.78
dp[22][1325]=3005.39
dp[23][1325]=3142
dp[24][1325]=3278.6
dp[25][1325]=3415.21
dp[26][1325]=3551.82
dp[27][1325]=3688.43
dp[28][1325]=3825.04
dp[29][1325]=3961.65
dp[30][1325]=4098.26
dp[31][1325]=4234.86
dp[32][1325]=4371.47
dp[33][1325]=4508.08
dp[34][1325]=4644.69
dp[35][1325]=4781.3
dp[36][1325]=4917.91
Select best dp
Best k=2
Stratifying 2-th numerical feature ...
dp[2][1325]=-1449.99
dp[3][1325]=-7.4e+11
dp[4][1325]=-1.34e+12
dp[5][1325]=-1.9e+12
dp[6][1325]=-2.46e+12
dp[7][1325]=-3.01e+12
dp[8][1325]=-3.07e+12
dp[9][1325]=-3.62e+12
dp[10][1325]=-3.62e+12
dp[11][1325]=-4.09e+12
dp[12][1325]=-4.09e+12
dp[13][1325]=-4.09e+12
dp[14][1325]=-4.09e+12
dp[15][1325]=-4.09e+12
dp[16][1325]=-4.09e+12
dp[17][1325]=-4.09e+12
dp[18][1325]=-4.09e+12
dp[19][1325]=-4.09e+12
dp[20][1325]=-4.09e+12
dp[21][1325]=-4.09e+12
dp[22][1325]=-4.09e+12
dp[23][1325]=-4.09e+12
dp[24][1325]=-2.77e+12
Select best dp
Best k=19
Stratifying 2-th numerical feature ...
dp[2][1325]=-2.1e+11
dp[3][1325]=-7.4e+11
dp[4][1325]=-1.34e+12
dp[5][1325]=-1.9e+12
dp[6][1325]=-2.46e+12
dp[7][1325]=-3.01e+12
dp[8][1325]=-3.57e+12
dp[9][1325]=-4.13e+12
dp[10][1325]=-4.61e+12
dp[11][1325]=-5.17e+12
dp[12][1325]=-5.69e+12
dp[13][1325]=-6.1e+12
dp[14][1325]=-6.62e+12
dp[15][1325]=-7.1e+12
dp[16][1325]=-7.57e+12
dp[17][1325]=-8.03e+12
dp[18][1325]=-8.5e+12
dp[19][1325]=-8.94e+12
dp[20][1325]=-9.36e+12
dp[21][1325]=-9.67e+12
dp[22][1325]=-9.99e+12
dp[23][1325]=-1.032e+13
dp[24][1325]=-1.066e+13
dp[25][1325]=-1.097e+13
dp[26][1325]=-1.132e+13
dp[27][1325]=-1.169e+13
dp[28][1325]=-1.192e+13
dp[29][1325]=-1.217e+13
dp[30][1325]=-1.253e+13
dp[31][1325]=-1.276e+13
dp[32][1325]=-1.276e+13
dp[33][1325]=-1.276e+13
dp[34][1325]=-1.276e+13
dp[35][1325]=-1.276e+13
dp[36][1325]=-1.276e+13
Select best dp
Best k=31
Stratifying 2-th numerical feature ...
dp[2][1325]=-3173.19
dp[3][1325]=-1.48e+12
dp[4][1325]=-2.68e+12
dp[5][1325]=-3.8e+12
dp[6][1325]=-4.92e+12
dp[7][1325]=-6.02e+12
dp[8][1325]=-7.14e+12
dp[9][1325]=-8.26e+12
dp[10][1325]=-9.22e+12
dp[11][1325]=-1.034e+13
dp[12][1325]=-1.138e+13
dp[13][1325]=-1.22e+13
dp[14][1325]=-1.324e+13
dp[15][1325]=-1.42e+13
dp[16][1325]=-1.514e+13
dp[17][1325]=-1.606e+13
dp[18][1325]=-1.7e+13
dp[19][1325]=-1.788e+13
dp[20][1325]=-1.872e+13
dp[21][1325]=-1.872e+13
dp[22][1325]=-1.954e+13
dp[23][1325]=-1.954e+13
dp[24][1325]=-1.954e+13
dp[25][1325]=-1.954e+13
dp[26][1325]=-1.954e+13
dp[27][1325]=-1.954e+13
dp[28][1325]=-1.954e+13
dp[29][1325]=-1.95e+13
dp[30][1325]=-1.878e+13
dp[31][1325]=-1.806e+13
dp[32][1325]=-1.734e+13
dp[33][1325]=-1.628e+13
dp[34][1325]=-1.484e+13
dp[35][1325]=-1.34e+13
dp[36][1325]=-9.96e+12
Select best dp
Best k=26
dp[2][1325]=-1449.99
dp[3][1325]=-7.4e+11
dp[4][1325]=-1.34e+12
dp[5][1325]=-1.9e+12
dp[6][1325]=-2.46e+12
dp[7][1325]=-3.01e+12
dp[8][1325]=-3.57e+12
dp[9][1325]=-4.13e+12
dp[10][1325]=-4.61e+12
dp[11][1325]=-5.17e+12
dp[12][1325]=-5.69e+12
dp[13][1325]=-6.1e+12
dp[14][1325]=-6.62e+12
dp[15][1325]=-7.1e+12
dp[16][1325]=-7.57e+12
dp[17][1325]=-8.03e+12
dp[18][1325]=-8.5e+12
dp[19][1325]=-8.94e+12
dp[20][1325]=-9.36e+12
dp[21][1325]=-9.36e+12
dp[22][1325]=-9.77e+12
dp[23][1325]=-9.77e+12
dp[24][1325]=-9.77e+12
dp[25][1325]=-9.77e+12
dp[26][1325]=-9.77e+12
dp[27][1325]=-9.77e+12
dp[28][1325]=-9.77e+12
dp[29][1325]=-9.75e+12
dp[30][1325]=-9.39e+12
dp[31][1325]=-9.03e+12
dp[32][1325]=-8.67e+12
dp[33][1325]=-8.14e+12
dp[34][1325]=-7.42e+12
dp[35][1325]=-6.7e+12
dp[36][1325]=-4.98e+12
Select best dp
Best k=25
dp[2][1325]=-1449.99
dp[3][1325]=-7.4e+11
dp[4][1325]=-1.34e+12
dp[5][1325]=-1.9e+12
dp[6][1325]=-2.46e+12
dp[7][1325]=-3.01e+12
dp[8][1325]=-3.57e+12
dp[9][1325]=-4.13e+12
dp[10][1325]=-4.61e+12
dp[11][1325]=-5.17e+12
dp[12][1325]=-5.69e+12
dp[13][1325]=-6.1e+12
dp[14][1325]=-6.62e+12
dp[15][1325]=-7.1e+12
dp[16][1325]=-7.57e+12
dp[17][1325]=-8.03e+12
dp[18][1325]=-8.5e+12
dp[19][1325]=-8.94e+12
dp[20][1325]=-9.36e+12
dp[21][1325]=-9.36e+12
dp[22][1325]=-9.77e+12
dp[23][1325]=-9.77e+12
dp[24][1325]=-9.77e+12
dp[25][1325]=-9.77e+12
dp[26][1325]=-9.77e+12
dp[27][1325]=-9.77e+12
dp[28][1325]=-9.77e+12
dp[29][1325]=-9.75e+12
dp[30][1325]=-9.39e+12
dp[31][1325]=-9.03e+12
dp[32][1325]=-8.67e+12
dp[33][1325]=-8.14e+12
dp[34][1325]=-7.42e+12
dp[35][1325]=-6.7e+12
dp[36][1325]=-4.98e+12
Select best dp
Best k=25
Stratifying 2-th numerical feature ...
Stratifying 2-th numerical feature ...
Stratifying 2-th numerical feature ...
dp[2][1325]=-1449.99
dp[3][1325]=-7.4e+11
dp[4][1325]=-1.34e+12
dp[5][1325]=-1.9e+12
dp[6][1325]=-2.46e+12
dp[7][1325]=-3.01e+12
dp[8][1325]=-3.57e+12
dp[9][1325]=-4.13e+12
dp[10][1325]=-4.61e+12
dp[11][1325]=-5.17e+12
dp[12][1325]=-5.69e+12
dp[13][1325]=-6.1e+12
dp[14][1325]=-6.62e+12
dp[15][1325]=-7.1e+12
dp[16][1325]=-7.57e+12
dp[17][1325]=-8.03e+12
dp[18][1325]=-8.5e+12
dp[19][1325]=-8.94e+12
dp[20][1325]=-9.36e+12
dp[21][1325]=-9.36e+12
dp[22][1325]=-9.77e+12
dp[23][1325]=-9.77e+12
dp[24][1325]=-9.77e+12
dp[25][1325]=-9.77e+12
dp[26][1325]=-9.77e+12
dp[27][1325]=-9.77e+12
dp[28][1325]=-9.77e+12
dp[29][1325]=-9.75e+12
dp[30][1325]=-9.39e+12
dp[31][1325]=-9.03e+12
dp[32][1325]=-8.67e+12
dp[33][1325]=-8.14e+12
dp[34][1325]=-7.42e+12
dp[35][1325]=-6.7e+12
dp[36][1325]=-4.98e+12
Select best dp
Best k=25
Stratifying 2-th numerical feature ...
dp[2][1325]=-588.385
dp[3][1325]=-3.7e+11
dp[4][1325]=-6.7e+11
dp[5][1325]=-9.5e+11
dp[6][1325]=-1.23e+12
dp[7][1325]=-1.505e+12
dp[8][1325]=-1.785e+12
dp[9][1325]=-2.065e+12
dp[10][1325]=-2.305e+12
dp[11][1325]=-2.585e+12
dp[12][1325]=-2.845e+12
dp[13][1325]=-3.05e+12
dp[14][1325]=-3.31e+12
dp[15][1325]=-3.55e+12
dp[16][1325]=-3.785e+12
dp[17][1325]=-4.015e+12
dp[18][1325]=-4.25e+12
dp[19][1325]=-4.47e+12
dp[20][1325]=-4.68e+12
dp[21][1325]=-4.68e+12
dp[22][1325]=-4.885e+12
dp[23][1325]=-4.885e+12
dp[24][1325]=-4.885e+12
dp[25][1325]=-4.885e+12
dp[26][1325]=-4.885e+12
dp[27][1325]=-4.885e+12
dp[28][1325]=-4.885e+12
dp[29][1325]=-4.875e+12
dp[30][1325]=-4.695e+12
dp[31][1325]=-4.515e+12
dp[32][1325]=-4.335e+12
dp[33][1325]=-4.07e+12
dp[34][1325]=-3.71e+12
dp[35][1325]=-3.35e+12
dp[36][1325]=-2.49e+12
Select best dp
Best k=23
Stratifying 2-th numerical feature ...
dp[2][1325]=-8.8e+11
dp[3][1325]=-3.35e+12
dp[4][1325]=-5.87e+12
dp[5][1325]=-8.24e+12
dp[6][1325]=-9.96e+12
dp[7][1325]=-1.12e+13
dp[8][1325]=-1.196e+13
dp[9][1325]=-1.242e+13
dp[10][1325]=-1.284e+13
dp[11][1325]=-1.284e+13
dp[12][1325]=-1.284e+13
dp[13][1325]=-1.284e+13
dp[14][1325]=-1.284e+13
dp[15][1325]=-1.284e+13
dp[16][1325]=-1.284e+13
dp[17][1325]=-1.284e+13
dp[18][1325]=-1.284e+13
dp[19][1325]=-1.284e+13
dp[20][1325]=-1.284e+13
dp[21][1325]=-1.284e+13
dp[22][1325]=-1.284e+13
dp[23][1325]=-1.284e+13
dp[24][1325]=-1.284e+13
dp[25][1325]=-1.284e+13
dp[26][1325]=-1.284e+13
dp[27][1325]=-1.284e+13
dp[28][1325]=-1.284e+13
dp[29][1325]=-1.284e+13
dp[30][1325]=-1.284e+13
dp[31][1325]=-1.284e+13
dp[32][1325]=-1.284e+13
dp[33][1325]=-1.284e+13
dp[34][1325]=-1.248e+13
dp[35][1325]=-1.212e+13
dp[36][1325]=-1.104e+13
Select best dp
Best k=10
dp[2][1325]=-8.8e+11
dp[3][1325]=-3.35e+12
dp[4][1325]=-5.87e+12
dp[5][1325]=-8.24e+12
dp[6][1325]=-9.96e+12
dp[7][1325]=-1.12e+13
dp[8][1325]=-1.196e+13
dp[9][1325]=-1.242e+13
dp[10][1325]=-1.284e+13
dp[11][1325]=-1.284e+13
dp[12][1325]=-1.284e+13
dp[13][1325]=-1.284e+13
dp[14][1325]=-1.284e+13
dp[15][1325]=-1.284e+13
dp[16][1325]=-1.284e+13
dp[17][1325]=-1.284e+13
dp[18][1325]=-1.284e+13
dp[19][1325]=-1.284e+13
dp[20][1325]=-1.284e+13
dp[21][1325]=-1.284e+13
dp[22][1325]=-1.284e+13
dp[23][1325]=-1.284e+13
dp[24][1325]=-1.284e+13
dp[25][1325]=-1.284e+13
dp[26][1325]=-1.284e+13
dp[27][1325]=-1.284e+13
dp[28][1325]=-1.284e+13
dp[29][1325]=-1.284e+13
dp[30][1325]=-1.284e+13
dp[31][1325]=-1.284e+13
dp[32][1325]=-1.284e+13
dp[33][1325]=-1.284e+13
dp[34][1325]=-1.248e+13
dp[35][1325]=-1.212e+13
dp[36][1325]=-1.104e+13
Select best dp
Best k=10
dp[2][1325]=-8.8e+11
dp[3][1325]=-3.35e+12
dp[4][1325]=-5.87e+12
dp[5][1325]=-8.24e+12
dp[6][1325]=-9.96e+12
dp[7][1325]=-1.12e+13
dp[8][1325]=-1.196e+13
dp[9][1325]=-1.242e+13
dp[10][1325]=-1.284e+13
dp[11][1325]=-1.284e+13
dp[12][1325]=-1.284e+13
dp[13][1325]=-1.284e+13
dp[14][1325]=-1.284e+13
dp[15][1325]=-1.284e+13
dp[16][1325]=-1.284e+13
dp[17][1325]=-1.284e+13
dp[18][1325]=-1.284e+13
dp[19][1325]=-1.284e+13
dp[20][1325]=-1.284e+13
dp[21][1325]=-1.284e+13
dp[22][1325]=-1.284e+13
dp[23][1325]=-1.284e+13
dp[24][1325]=-1.284e+13
dp[25][1325]=-1.284e+13
dp[26][1325]=-1.284e+13
dp[27][1325]=-1.284e+13
dp[28][1325]=-1.284e+13
dp[29][1325]=-1.284e+13
dp[30][1325]=-1.284e+13
dp[31][1325]=-1.284e+13
dp[32][1325]=-1.284e+13
dp[33][1325]=-1.284e+13
dp[34][1325]=-1.248e+13
dp[35][1325]=-1.212e+13
dp[36][1325]=-1.104e+13
Select best dp
Best k=10
dp[2][1325]=273.217
dp[3][1325]=409.826
dp[4][1325]=546.434
dp[5][1325]=683.043
dp[6][1325]=819.651
dp[7][1325]=956.26
dp[8][1325]=1092.87
dp[9][1325]=1229.48
dp[10][1325]=1366.09
dp[11][1325]=1502.69
dp[12][1325]=1639.3
dp[13][1325]=1775.91
dp[14][1325]=1912.52
dp[15][1325]=2049.13
dp[16][1325]=2185.74
dp[17][1325]=2322.34
dp[18][1325]=2458.95
dp[19][1325]=2595.56
dp[20][1325]=2732.17
dp[21][1325]=2868.78
dp[22][1325]=3005.39
dp[23][1325]=3142
dp[24][1325]=3278.6
dp[25][1325]=3415.21
dp[26][1325]=3551.82
dp[27][1325]=3688.43
dp[28][1325]=3825.04
dp[29][1325]=3961.65
dp[30][1325]=4098.26
dp[31][1325]=4234.86
dp[32][1325]=4371.47
dp[33][1325]=4508.08
dp[34][1325]=4644.69
dp[35][1325]=4781.3
dp[36][1325]=4917.91
Select best dp
Best k=2
dp[2][1325]=-2.1e+11
dp[3][1325]=-7.4e+11
dp[4][1325]=-1.34e+12
dp[5][1325]=-1.9e+12
dp[6][1325]=-2.46e+12
dp[7][1325]=-3.01e+12
dp[8][1325]=-3.57e+12
dp[9][1325]=-4.13e+12
dp[10][1325]=-4.61e+12
dp[11][1325]=-5.17e+12
dp[12][1325]=-5.69e+12
dp[13][1325]=-6.1e+12
dp[14][1325]=-6.62e+12
dp[15][1325]=-7.1e+12
dp[16][1325]=-7.57e+12
dp[17][1325]=-8.03e+12
dp[18][1325]=-8.5e+12
dp[19][1325]=-8.94e+12
dp[20][1325]=-9.36e+12
dp[21][1325]=-9.67e+12
dp[22][1325]=-9.99e+12
dp[23][1325]=-1.032e+13
dp[24][1325]=-1.066e+13
dp[25][1325]=-1.097e+13
dp[26][1325]=-1.132e+13
dp[27][1325]=-1.169e+13
dp[28][1325]=-1.192e+13
dp[29][1325]=-1.227e+13
dp[30][1325]=-1.271e+13
dp[31][1325]=-1.294e+13
dp[32][1325]=-1.309e+13
dp[33][1325]=-1.315e+13
dp[34][1325]=-1.321e+13
dp[35][1325]=-1.321e+13
dp[36][1325]=-1.321e+13
Select best dp
Best k=34
Stratifying 2-th numerical feature ...
dp[2][1325]=-8.8e+11
dp[3][1325]=-3.35e+12
dp[4][1325]=-5.87e+12
dp[5][1325]=-8.24e+12
dp[6][1325]=-9.96e+12
dp[7][1325]=-1.12e+13
dp[8][1325]=-1.196e+13
dp[9][1325]=-1.196e+13
dp[10][1325]=-1.196e+13
dp[11][1325]=-1.196e+13
dp[12][1325]=-1.196e+13
dp[13][1325]=-1.196e+13
dp[14][1325]=-1.196e+13
dp[15][1325]=-1.196e+13
dp[16][1325]=-1.196e+13
dp[17][1325]=-1.196e+13
dp[18][1325]=-1.196e+13
dp[19][1325]=-1.196e+13
dp[20][1325]=-1.196e+13
dp[21][1325]=-1.196e+13
dp[22][1325]=-1.142e+13
dp[23][1325]=-1.088e+13
dp[24][1325]=-1.002e+13
Select best dp
Best k=9
dp[2][1325]=-8.8e+11
dp[3][1325]=-3.35e+12
dp[4][1325]=-5.87e+12
dp[5][1325]=-8.24e+12
dp[6][1325]=-9.96e+12
dp[7][1325]=-1.12e+13
dp[8][1325]=-1.196e+13
dp[9][1325]=-1.242e+13
dp[10][1325]=-1.284e+13
dp[11][1325]=-1.284e+13
dp[12][1325]=-1.284e+13
dp[13][1325]=-1.284e+13
dp[14][1325]=-1.284e+13
dp[15][1325]=-1.284e+13
dp[16][1325]=-1.284e+13
dp[17][1325]=-1.284e+13
dp[18][1325]=-1.284e+13
dp[19][1325]=-1.284e+13
dp[20][1325]=-1.284e+13
dp[21][1325]=-1.284e+13
dp[22][1325]=-1.284e+13
dp[23][1325]=-1.284e+13
dp[24][1325]=-1.284e+13
dp[25][1325]=-1.284e+13
dp[26][1325]=-1.284e+13
dp[27][1325]=-1.284e+13
dp[28][1325]=-1.284e+13
dp[29][1325]=-1.284e+13
dp[30][1325]=-1.284e+13
dp[31][1325]=-1.284e+13
dp[32][1325]=-1.284e+13
dp[33][1325]=-1.284e+13
dp[34][1325]=-1.248e+13
dp[35][1325]=-1.212e+13
dp[36][1325]=-1.104e+13
Select best dp
Best k=10
dp[2][1325]=-8.8e+11
dp[3][1325]=-3.35e+12
dp[4][1325]=-5.87e+12
dp[5][1325]=-8.24e+12
dp[6][1325]=-9.96e+12
dp[7][1325]=-1.12e+13
dp[8][1325]=-1.196e+13
dp[9][1325]=-1.242e+13
dp[10][1325]=-1.284e+13
dp[11][1325]=-1.284e+13
dp[12][1325]=-1.284e+13
dp[13][1325]=-1.284e+13
dp[14][1325]=-1.284e+13
dp[15][1325]=-1.284e+13
dp[16][1325]=-1.284e+13
dp[17][1325]=-1.284e+13
dp[18][1325]=-1.284e+13
dp[19][1325]=-1.284e+13
dp[20][1325]=-1.284e+13
dp[21][1325]=-1.284e+13
dp[22][1325]=-1.284e+13
dp[23][1325]=-1.284e+13
dp[24][1325]=-1.284e+13
dp[25][1325]=-1.284e+13
dp[26][1325]=-1.284e+13
dp[27][1325]=-1.284e+13
dp[28][1325]=-1.284e+13
dp[29][1325]=-1.284e+13
dp[30][1325]=-1.284e+13
dp[31][1325]=-1.284e+13
dp[32][1325]=-1.284e+13
dp[33][1325]=-1.284e+13
dp[34][1325]=-1.248e+13
dp[35][1325]=-1.212e+13
dp[36][1325]=-1.104e+13
Select best dp
Best k=10
dp[2][1325]=-4.4e+11
dp[3][1325]=-1.675e+12
dp[4][1325]=-2.935e+12
dp[5][1325]=-4.12e+12
dp[6][1325]=-4.98e+12
dp[7][1325]=-5.6e+12
dp[8][1325]=-5.98e+12
dp[9][1325]=-6.21e+12
dp[10][1325]=-6.42e+12
dp[11][1325]=-6.42e+12
dp[12][1325]=-6.42e+12
dp[13][1325]=-6.42e+12
dp[14][1325]=-6.42e+12
dp[15][1325]=-6.42e+12
dp[16][1325]=-6.42e+12
dp[17][1325]=-6.42e+12
dp[18][1325]=-6.42e+12
dp[19][1325]=-6.42e+12
dp[20][1325]=-6.42e+12
dp[21][1325]=-6.42e+12
dp[22][1325]=-6.42e+12
dp[23][1325]=-6.42e+12
dp[24][1325]=-6.42e+12
dp[25][1325]=-6.42e+12
dp[26][1325]=-6.42e+12
dp[27][1325]=-6.42e+12
dp[28][1325]=-6.42e+12
dp[29][1325]=-6.42e+12
dp[30][1325]=-6.42e+12
dp[31][1325]=-6.42e+12
dp[32][1325]=-6.42e+12
dp[33][1325]=-6.42e+12
dp[34][1325]=-6.24e+12
dp[35][1325]=-6.06e+12
dp[36][1325]=-5.52e+12
Select best dp
Best k=10
dp[2][1325]=-2.1e+11
dp[3][1325]=-7.4e+11
dp[4][1325]=-1.34e+12
dp[5][1325]=-1.9e+12
dp[6][1325]=-2.46e+12
dp[7][1325]=-3.01e+12
dp[8][1325]=-3.57e+12
dp[9][1325]=-4.13e+12
dp[10][1325]=-4.61e+12
dp[11][1325]=-5.17e+12
dp[12][1325]=-5.69e+12
dp[13][1325]=-6.1e+12
dp[14][1325]=-6.62e+12
dp[15][1325]=-7.1e+12
dp[16][1325]=-7.57e+12
dp[17][1325]=-8.03e+12
dp[18][1325]=-8.5e+12
dp[19][1325]=-8.94e+12
dp[20][1325]=-9.36e+12
dp[21][1325]=-9.67e+12
dp[22][1325]=-9.99e+12
dp[23][1325]=-1.032e+13
dp[24][1325]=-1.066e+13
dp[25][1325]=-1.097e+13
dp[26][1325]=-1.132e+13
dp[27][1325]=-1.169e+13
dp[28][1325]=-1.192e+13
dp[29][1325]=-1.227e+13
dp[30][1325]=-1.271e+13
dp[31][1325]=-1.294e+13
dp[32][1325]=-1.309e+13
dp[33][1325]=-1.309e+13
dp[34][1325]=-1.309e+13
dp[35][1325]=-1.309e+13
dp[36][1325]=-1.309e+13
Select best dp
Best k=32
Stratifying 2-th numerical feature ...
dp[2][1325]=-1.76e+12
dp[3][1325]=-6.7e+12
dp[4][1325]=-1.174e+13
dp[5][1325]=-1.648e+13
dp[6][1325]=-1.992e+13
dp[7][1325]=-2.24e+13
dp[8][1325]=-2.392e+13
dp[9][1325]=-2.484e+13
dp[10][1325]=-2.568e+13
dp[11][1325]=-2.568e+13
dp[12][1325]=-2.568e+13
dp[13][1325]=-2.568e+13
dp[14][1325]=-2.568e+13
dp[15][1325]=-2.568e+13
dp[16][1325]=-2.568e+13
dp[17][1325]=-2.568e+13
dp[18][1325]=-2.568e+13
dp[19][1325]=-2.568e+13
dp[20][1325]=-2.568e+13
dp[21][1325]=-2.568e+13
dp[22][1325]=-2.568e+13
dp[23][1325]=-2.568e+13
dp[24][1325]=-2.568e+13
dp[25][1325]=-2.568e+13
dp[26][1325]=-2.568e+13
dp[27][1325]=-2.568e+13
dp[28][1325]=-2.568e+13
dp[29][1325]=-2.568e+13
dp[30][1325]=-2.568e+13
dp[31][1325]=-2.568e+13
dp[32][1325]=-2.568e+13
dp[33][1325]=-2.568e+13
dp[34][1325]=-2.496e+13
dp[35][1325]=-2.424e+13
dp[36][1325]=-2.208e+13
Select best dp
Best k=10
dp[2][1325]=-8.8e+11
dp[3][1325]=-3.35e+12
dp[4][1325]=-5.87e+12
dp[5][1325]=-8.24e+12
dp[6][1325]=-9.96e+12
dp[7][1325]=-1.12e+13
dp[8][1325]=-1.196e+13
dp[9][1325]=-1.242e+13
dp[10][1325]=-1.284e+13
dp[11][1325]=-1.284e+13
dp[12][1325]=-1.284e+13
dp[13][1325]=-1.284e+13
dp[14][1325]=-1.284e+13
dp[15][1325]=-1.284e+13
dp[16][1325]=-1.284e+13
dp[17][1325]=-1.284e+13
dp[18][1325]=-1.284e+13
dp[19][1325]=-1.284e+13
dp[20][1325]=-1.284e+13
dp[21][1325]=-1.284e+13
dp[22][1325]=-1.284e+13
dp[23][1325]=-1.284e+13
dp[24][1325]=-1.284e+13
dp[25][1325]=-1.284e+13
dp[26][1325]=-1.284e+13
dp[27][1325]=-1.284e+13
dp[28][1325]=-1.284e+13
dp[29][1325]=-1.284e+13
dp[30][1325]=-1.284e+13
dp[31][1325]=-1.284e+13
dp[32][1325]=-1.284e+13
dp[33][1325]=-1.284e+13
dp[34][1325]=-1.248e+13
dp[35][1325]=-1.212e+13
dp[36][1325]=-1.104e+13
Select best dp
Best k=10
dp[2][1325]=-8.8e+11
dp[3][1325]=-3.35e+12
dp[4][1325]=-5.87e+12
dp[5][1325]=-8.24e+12
dp[6][1325]=-9.96e+12
dp[7][1325]=-1.12e+13
dp[8][1325]=-1.196e+13
dp[9][1325]=-1.242e+13
dp[10][1325]=-1.284e+13
dp[11][1325]=-1.284e+13
dp[12][1325]=-1.284e+13
dp[13][1325]=-1.284e+13
dp[14][1325]=-1.284e+13
dp[15][1325]=-1.284e+13
dp[16][1325]=-1.284e+13
dp[17][1325]=-1.284e+13
dp[18][1325]=-1.284e+13
dp[19][1325]=-1.284e+13
dp[20][1325]=-1.284e+13
dp[21][1325]=-1.284e+13
dp[22][1325]=-1.284e+13
dp[23][1325]=-1.284e+13
dp[24][1325]=-1.284e+13
dp[25][1325]=-1.284e+13
dp[26][1325]=-1.284e+13
dp[27][1325]=-1.284e+13
dp[28][1325]=-1.284e+13
dp[29][1325]=-1.284e+13
dp[30][1325]=-1.284e+13
dp[31][1325]=-1.284e+13
dp[32][1325]=-1.284e+13
dp[33][1325]=-1.284e+13
dp[34][1325]=-1.284e+13
dp[35][1325]=-1.284e+13
dp[36][1325]=-1.284e+13
Select best dp
Best k=10
dp[2][1325]=-369.169
dp[3][1325]=-7.4e+11
dp[4][1325]=-1.34e+12
dp[5][1325]=-1.9e+12
dp[6][1325]=-2.46e+12
dp[7][1325]=-3.01e+12
dp[8][1325]=-3.57e+12
dp[9][1325]=-4.13e+12
dp[10][1325]=-4.61e+12
dp[11][1325]=-5.17e+12
dp[12][1325]=-5.69e+12
dp[13][1325]=-6.1e+12
dp[14][1325]=-6.62e+12
dp[15][1325]=-7.1e+12
dp[16][1325]=-7.57e+12
dp[17][1325]=-8.03e+12
dp[18][1325]=-8.5e+12
dp[19][1325]=-8.94e+12
dp[20][1325]=-9.36e+12
dp[21][1325]=-9.36e+12
dp[22][1325]=-9.77e+12
dp[23][1325]=-9.77e+12
dp[24][1325]=-9.77e+12
dp[25][1325]=-9.77e+12
dp[26][1325]=-9.77e+12
dp[27][1325]=-9.77e+12
dp[28][1325]=-9.77e+12
dp[29][1325]=-9.75e+12
dp[30][1325]=-9.39e+12
dp[31][1325]=-9.03e+12
dp[32][1325]=-8.67e+12
dp[33][1325]=-8.14e+12
dp[34][1325]=-7.42e+12
dp[35][1325]=-6.7e+12
dp[36][1325]=-4.98e+12
Select best dp
Best k=25
Stratifying 2-th numerical feature ...
dp[2][1325]=-8.8e+11
dp[3][1325]=-3.35e+12
dp[4][1325]=-5.87e+12
dp[5][1325]=-8.24e+12
dp[6][1325]=-9.96e+12
dp[7][1325]=-1.12e+13
dp[8][1325]=-1.196e+13
dp[9][1325]=-1.242e+13
dp[10][1325]=-1.284e+13
dp[11][1325]=-1.299e+13
dp[12][1325]=-1.309e+13
dp[13][1325]=-1.32e+13
dp[14][1325]=-1.32e+13
dp[15][1325]=-1.32e+13
dp[16][1325]=-1.32e+13
dp[17][1325]=-1.32e+13
dp[18][1325]=-1.32e+13
dp[19][1325]=-1.32e+13
dp[20][1325]=-1.32e+13
dp[21][1325]=-1.32e+13
dp[22][1325]=-1.32e+13
dp[23][1325]=-1.32e+13
dp[24][1325]=-1.32e+13
dp[25][1325]=-1.32e+13
dp[26][1325]=-1.32e+13
dp[27][1325]=-1.32e+13
dp[28][1325]=-1.32e+13
dp[29][1325]=-1.32e+13
dp[30][1325]=-1.32e+13
dp[31][1325]=-1.32e+13
dp[32][1325]=-1.32e+13
dp[33][1325]=-1.32e+13
dp[34][1325]=-1.32e+13
dp[35][1325]=-1.32e+13
dp[36][1325]=-1.32e+13
Select best dp
Best k=13
dp[2][1325]=-8.8e+11
dp[3][1325]=-3.35e+12
dp[4][1325]=-5.87e+12
dp[5][1325]=-8.24e+12
dp[6][1325]=-9.96e+12
dp[7][1325]=-1.12e+13
dp[8][1325]=-1.196e+13
dp[9][1325]=-1.242e+13
dp[10][1325]=-1.284e+13
dp[11][1325]=-1.299e+13
dp[12][1325]=-1.309e+13
dp[13][1325]=-1.309e+13
dp[14][1325]=-1.309e+13
dp[15][1325]=-1.309e+13
dp[16][1325]=-1.309e+13
dp[17][1325]=-1.309e+13
dp[18][1325]=-1.309e+13
dp[19][1325]=-1.309e+13
dp[20][1325]=-1.309e+13
dp[21][1325]=-1.309e+13
dp[22][1325]=-1.309e+13
dp[23][1325]=-1.309e+13
dp[24][1325]=-1.309e+13
dp[25][1325]=-1.309e+13
dp[26][1325]=-1.309e+13
dp[27][1325]=-1.309e+13
dp[28][1325]=-1.309e+13
dp[29][1325]=-1.309e+13
dp[30][1325]=-1.309e+13
dp[31][1325]=-1.309e+13
dp[32][1325]=-1.309e+13
dp[33][1325]=-1.309e+13
dp[34][1325]=-1.309e+13
dp[35][1325]=-1.309e+13
dp[36][1325]=-1.309e+13
Select best dp
Best k=12
dp[2][1325]=-8.8e+11
dp[3][1325]=-3.35e+12
dp[4][1325]=-5.87e+12
dp[5][1325]=-8.24e+12
dp[6][1325]=-9.96e+12
dp[7][1325]=-1.12e+13
dp[8][1325]=-1.196e+13
dp[9][1325]=-1.242e+13
dp[10][1325]=-1.284e+13
dp[11][1325]=-1.284e+13
dp[12][1325]=-1.284e+13
dp[13][1325]=-1.284e+13
dp[14][1325]=-1.284e+13
dp[15][1325]=-1.284e+13
dp[16][1325]=-1.284e+13
dp[17][1325]=-1.284e+13
dp[18][1325]=-1.284e+13
dp[19][1325]=-1.284e+13
dp[20][1325]=-1.284e+13
dp[21][1325]=-1.284e+13
dp[22][1325]=-1.284e+13
dp[23][1325]=-1.284e+13
dp[24][1325]=-1.284e+13
dp[25][1325]=-1.284e+13
dp[26][1325]=-1.284e+13
dp[27][1325]=-1.284e+13
dp[28][1325]=-1.284e+13
dp[29][1325]=-1.284e+13
dp[30][1325]=-1.284e+13
dp[31][1325]=-1.284e+13
dp[32][1325]=-1.284e+13
dp[33][1325]=-1.284e+13
dp[34][1325]=-1.248e+13
dp[35][1325]=-1.212e+13
dp[36][1325]=-1.104e+13
Select best dp
Best k=10
