Standardize ...
Stratifying 1-th numerical feature ...
Standardize ...
Stratifying 1-th numerical feature ...
Standardize ...
Stratifying 1-th numerical feature ...
Standardize ...
Stratifying 1-th numerical feature ...
Standardize ...
Stratifying 1-th numerical feature ...
Standardize ...
Stratifying 1-th numerical feature ...
Standardize ...
Stratifying 1-th numerical feature ...
Standardize ...
Stratifying 1-th numerical feature ...
Standardize ...
Stratifying 1-th numerical feature ...
Standardize ...
Stratifying 1-th numerical feature ...
Standardize ...
Stratifying 1-th numerical feature ...
Standardize ...
Stratifying 1-th numerical feature ...
Standardize ...
Stratifying 1-th numerical feature ...
Standardize ...
Stratifying 1-th numerical feature ...
dp[2][620]=-349.551
dp[3][620]=-602.855
dp[4][620]=-671.464
dp[5][620]=-720.066
dp[6][620]=-726.426
dp[7][620]=-666.563
dp[8][620]=-575.683
dp[9][620]=-471.47
dp[10][620]=-341.389
dp[11][620]=-201.505
dp[12][620]=-52.4057
dp[13][620]=96.9778
dp[14][620]=256.357
dp[15][620]=428.586
dp[16][620]=623.512
Select best dp
Best k=6
Stratifying 2-th numerical feature ...
dp[2][620]=-349.551
dp[3][620]=-602.855
dp[4][620]=-671.464
dp[5][620]=-720.066
dp[6][620]=-726.426
dp[7][620]=-666.563
dp[8][620]=-575.683
dp[9][620]=-471.47
dp[10][620]=-341.389
dp[11][620]=-201.505
dp[12][620]=-54.6185
dp[13][620]=94.4805
dp[14][620]=252.185
dp[15][620]=419.481
dp[16][620]=587.517
dp[17][620]=770.411
dp[18][620]=957.611
dp[19][620]=1145.77
dp[20][620]=1336.49
dp[21][620]=1531.21
dp[22][620]=1727.22
dp[23][620]=1937.33
dp[24][620]=2151.91
Select best dp
Best k=6
Stratifying 2-th numerical feature ...
dp[2][620]=-349.551
dp[3][620]=-602.855
dp[4][620]=-671.464
dp[5][620]=-720.066
dp[6][620]=-726.426
dp[7][620]=-666.563
dp[8][620]=-575.683
dp[9][620]=-471.47
dp[10][620]=-341.389
dp[11][620]=-201.505
dp[12][620]=-54.6185
dp[13][620]=94.4805
dp[14][620]=252.185
dp[15][620]=419.481
dp[16][620]=587.517
dp[17][620]=770.411
dp[18][620]=957.611
dp[19][620]=1145.77
dp[20][620]=1336.49
dp[21][620]=1531.21
dp[22][620]=1727.22
dp[23][620]=1937.33
dp[24][620]=2151.91
Select best dp
Best k=6
dp[2][620]=82.4777
dp[3][620]=84.4522
dp[4][620]=178.774
dp[5][620]=283.1
dp[6][620]=408.547
dp[7][620]=567.105
dp[8][620]=741.172
dp[9][620]=921.905
dp[10][620]=1115.57
dp[11][620]=1314.14
dp[12][620]=1516.21
dp[13][620]=1719.39
dp[14][620]=1926.87
dp[15][620]=2139.14
dp[16][620]=2351.78
dp[17][620]=2571.86
dp[18][620]=2794.08
dp[19][620]=3016.79
dp[20][620]=3240.78
dp[21][620]=3466.77
dp[22][620]=3693.39
dp[23][620]=3927.07
dp[24][620]=4162.99
Select best dp
Best k=2
Stratifying 2-th numerical feature ...
Stratifying 2-th numerical feature ...
dp[2][620]=-349.551
dp[3][620]=-602.855
dp[4][620]=-671.464
dp[5][620]=-720.066
dp[6][620]=-726.426
dp[7][620]=-666.563
dp[8][620]=-575.683
dp[9][620]=-471.47
dp[10][620]=-341.389
dp[11][620]=-201.505
dp[12][620]=-54.6185
dp[13][620]=94.4805
dp[14][620]=252.185
dp[15][620]=419.481
dp[16][620]=587.517
dp[17][620]=766.195
dp[18][620]=946.354
dp[19][620]=1127.07
dp[20][620]=1313.68
dp[21][620]=1505.42
dp[22][620]=1698.17
dp[23][620]=1893.38
dp[24][620]=2088.76
Select best dp
Best k=6
Stratifying 2-th numerical feature ...
dp[2][620]=-349.551
dp[3][620]=-1.1e+11
dp[4][620]=-1.1e+11
dp[5][620]=-1.1e+11
dp[6][620]=-1.1e+11
dp[7][620]=-1.1e+11
dp[8][620]=-1.1e+11
dp[9][620]=-1.1e+11
dp[10][620]=-1.1e+11
dp[11][620]=-1.1e+11
dp[12][620]=-1.1e+11
dp[13][620]=-1.1e+11
dp[14][620]=-1.1e+11
dp[15][620]=-1.1e+11
dp[16][620]=-1.1e+11
dp[17][620]=-1.1e+11
dp[18][620]=-1.1e+11
dp[19][620]=-1.1e+11
dp[20][620]=-1.1e+11
dp[21][620]=-1.1e+11
dp[22][620]=-1.1e+11
dp[23][620]=-1.1e+11
dp[24][620]=-1.1e+11
Select best dp
Best k=6
Stratifying 2-th numerical feature ...
dp[2][620]=-697.316
dp[3][620]=-968.883
dp[4][620]=-1089.04
dp[5][620]=-1117.66
dp[6][620]=-1075.25
dp[7][620]=-1026.13
dp[8][620]=-954.151
dp[9][620]=-863.206
dp[10][620]=-744.26
dp[11][620]=-622.259
dp[12][620]=-499.13
dp[13][620]=-352.886
dp[14][620]=-189.456
dp[15][620]=-20.7914
dp[16][620]=175.077
Select best dp
Best k=5
Stratifying 3-th numerical feature ...
dp[2][620]=-349.551
dp[3][620]=-602.855
dp[4][620]=-671.464
dp[5][620]=-720.066
dp[6][620]=-726.426
dp[7][620]=-666.563
dp[8][620]=-575.683
dp[9][620]=-471.47
dp[10][620]=-341.389
dp[11][620]=-201.505
dp[12][620]=-54.6185
dp[13][620]=94.4805
dp[14][620]=252.185
dp[15][620]=419.481
dp[16][620]=587.517
dp[17][620]=770.411
dp[18][620]=957.611
dp[19][620]=1145.77
dp[20][620]=1336.49
dp[21][620]=1531.21
dp[22][620]=1727.22
dp[23][620]=1937.33
dp[24][620]=2151.91
Select best dp
Best k=6
Stratifying 2-th numerical feature ...
dp[2][620]=514.506
dp[3][620]=771.76
dp[4][620]=1029.01
dp[5][620]=1286.27
dp[6][620]=1543.52
dp[7][620]=1800.77
dp[8][620]=2058.03
dp[9][620]=2315.28
dp[10][620]=2572.53
dp[11][620]=2829.79
dp[12][620]=3087.04
dp[13][620]=3344.29
dp[14][620]=3601.55
dp[15][620]=3858.8
dp[16][620]=4116.05
dp[17][620]=4373.31
dp[18][620]=4630.56
dp[19][620]=4887.81
dp[20][620]=5145.06
dp[21][620]=5402.32
dp[22][620]=5659.57
dp[23][620]=5916.82
dp[24][620]=6174.08
Select best dp
Best k=2
Stratifying 2-th numerical feature ...
dp[2][620]=-349.551
dp[3][620]=-602.855
dp[4][620]=-671.464
dp[5][620]=-720.066
dp[6][620]=-726.426
dp[7][620]=-666.563
dp[8][620]=-575.683
dp[9][620]=-471.47
dp[10][620]=-341.389
dp[11][620]=-201.505
dp[12][620]=-54.6185
dp[13][620]=94.4805
dp[14][620]=252.185
dp[15][620]=419.481
dp[16][620]=587.517
dp[17][620]=770.411
dp[18][620]=957.611
dp[19][620]=1145.77
dp[20][620]=1336.49
dp[21][620]=1531.21
dp[22][620]=1727.22
dp[23][620]=1937.33
dp[24][620]=2151.91
Select best dp
Best k=6
dp[2][620]=-1213.61
dp[3][620]=-1977.47
dp[4][620]=-2371.94
dp[5][620]=-2726.4
dp[6][620]=-2996.37
dp[7][620]=-3133.9
dp[8][620]=-3209.39
dp[9][620]=-3258.22
dp[10][620]=-3255.31
dp[11][620]=-3232.79
dp[12][620]=-3196.28
dp[13][620]=-3155.33
dp[14][620]=-3097.17
dp[15][620]=-3019.84
dp[16][620]=-2941.02
dp[17][620]=-2832.48
dp[18][620]=-2715.34
dp[19][620]=-2596.26
dp[20][620]=-2472.09
dp[21][620]=-2339.89
dp[22][620]=-2205.14
dp[23][620]=-2042.17
dp[24][620]=-1870.27
Select best dp
Best k=9
dp[2][620]=-349.551
dp[3][620]=-602.855
dp[4][620]=-671.464
dp[5][620]=-720.066
dp[6][620]=-726.426
dp[7][620]=-666.563
dp[8][620]=-575.683
dp[9][620]=-471.47
dp[10][620]=-341.389
dp[11][620]=-201.505
dp[12][620]=-54.6185
dp[13][620]=94.4805
dp[14][620]=252.185
dp[15][620]=419.481
dp[16][620]=587.517
dp[17][620]=770.411
dp[18][620]=957.611
dp[19][620]=1145.77
dp[20][620]=1336.49
dp[21][620]=1531.21
dp[22][620]=1727.22
dp[23][620]=1937.33
dp[24][620]=2151.91
Select best dp
Best k=6
Stratifying 2-th numerical feature ...
Stratifying 2-th numerical feature ...
dp[2][620]=-349.551
dp[3][620]=-602.855
dp[4][620]=-671.464
dp[5][620]=-720.066
dp[6][620]=-726.426
dp[7][620]=-666.563
dp[8][620]=-575.683
dp[9][620]=-471.47
dp[10][620]=-341.389
dp[11][620]=-201.505
dp[12][620]=-54.6185
dp[13][620]=94.4805
dp[14][620]=252.185
dp[15][620]=419.481
dp[16][620]=587.517
dp[17][620]=770.411
dp[18][620]=957.611
dp[19][620]=1145.77
dp[20][620]=1336.49
dp[21][620]=1531.21
dp[22][620]=1727.22
dp[23][620]=1937.33
dp[24][620]=2151.91
Select best dp
Best k=6
Stratifying 2-th numerical feature ...
Stratifying 2-th numerical feature ...
dp[2][620]=-697.316
dp[3][620]=-968.883
dp[4][620]=-1089.04
dp[5][620]=-1117.66
dp[6][620]=-1075.25
dp[7][620]=-1026.13
dp[8][620]=-954.151
dp[9][620]=-863.206
dp[10][620]=-744.26
dp[11][620]=-626.545
dp[12][620]=-504.544
dp[13][620]=-366.462
dp[14][620]=-222.725
dp[15][620]=-78.717
dp[16][620]=77.9539
dp[17][620]=251.178
dp[18][620]=429.867
dp[19][620]=608.628
dp[20][620]=794.103
dp[21][620]=980.774
dp[22][620]=1180.58
dp[23][620]=1412.85
dp[24][620]=1665.9
Select best dp
Best k=5
Stratifying 3-th numerical feature ...
dp[2][620]=-697.316
dp[3][620]=-968.883
dp[4][620]=-1089.04
dp[5][620]=-1117.66
dp[6][620]=-1075.25
dp[7][620]=-1026.13
dp[8][620]=-954.151
dp[9][620]=-863.206
dp[10][620]=-744.26
dp[11][620]=-626.545
dp[12][620]=-504.544
dp[13][620]=-366.462
dp[14][620]=-222.725
dp[15][620]=-78.717
dp[16][620]=77.9539
dp[17][620]=251.178
dp[18][620]=429.867
dp[19][620]=608.628
dp[20][620]=794.103
dp[21][620]=980.774
dp[22][620]=1180.58
dp[23][620]=1412.85
dp[24][620]=1665.9
Select best dp
Best k=5
Stratifying 3-th numerical feature ...
dp[2][620]=-91.4048
dp[3][620]=-98.5617
dp[4][620]=-30.0115
dp[5][620]=84.3043
dp[6][620]=234.136
dp[7][620]=387.323
dp[8][620]=551.938
dp[9][620]=726.037
dp[10][620]=914.136
dp[11][620]=1101.62
dp[12][620]=1291.25
dp[13][620]=1488.91
dp[14][620]=1689.41
dp[15][620]=1890.04
dp[16][620]=2097
dp[17][620]=2312.24
dp[18][620]=2530.21
dp[19][620]=2748.22
dp[20][620]=2969.58
dp[21][620]=3191.55
dp[22][620]=3420.07
dp[23][620]=3664.84
dp[24][620]=3919.99
Select best dp
Best k=3
Stratifying 3-th numerical feature ...
dp[2][620]=-6.3e+11
dp[3][620]=-6.3e+11
dp[4][620]=-6.3e+11
dp[5][620]=-6.3e+11
dp[6][620]=-6.3e+11
dp[7][620]=-6.3e+11
dp[8][620]=-6.3e+11
dp[9][620]=-6.3e+11
dp[10][620]=-6.3e+11
dp[11][620]=-6.3e+11
dp[12][620]=-6.3e+11
dp[13][620]=-6.3e+11
dp[14][620]=-6.3e+11
dp[15][620]=-6.3e+11
dp[16][620]=-6.3e+11
Select best dp
Best k=6
Stratifying 4-th numerical feature ...
dp[2][620]=-1.8e+11
dp[3][620]=-2e+11
dp[4][620]=-3.8e+11
dp[5][620]=-3.8e+11
dp[6][620]=-5.4e+11
dp[7][620]=-5.4e+11
dp[8][620]=-7e+11
dp[9][620]=-7e+11
dp[10][620]=-8.5e+11
dp[11][620]=-8.5e+11
dp[12][620]=-9.9e+11
dp[13][620]=-9.9e+11
dp[14][620]=-1.11e+12
dp[15][620]=-1.11e+12
dp[16][620]=-1.11e+12
dp[17][620]=-1.11e+12
dp[18][620]=-1.11e+12
dp[19][620]=-1.11e+12
dp[20][620]=-1.11e+12
dp[21][620]=-1.11e+12
dp[22][620]=-1.11e+12
dp[23][620]=-1.11e+12
dp[24][620]=-1.11e+12
Select best dp
Best k=15
Stratifying 3-th numerical feature ...
dp[2][620]=-1.8e+11
dp[3][620]=-2e+11
dp[4][620]=-3.8e+11
dp[5][620]=-3.8e+11
dp[6][620]=-5.4e+11
dp[7][620]=-5.4e+11
dp[8][620]=-7e+11
dp[9][620]=-7e+11
dp[10][620]=-8.5e+11
dp[11][620]=-8.5e+11
dp[12][620]=-9.9e+11
dp[13][620]=-9.9e+11
dp[14][620]=-1.13e+12
dp[15][620]=-1.13e+12
dp[16][620]=-1.24e+12
dp[17][620]=-1.24e+12
dp[18][620]=-1.35e+12
dp[19][620]=-1.35e+12
dp[20][620]=-1.46e+12
dp[21][620]=-1.46e+12
dp[22][620]=-1.56e+12
dp[23][620]=-1.56e+12
dp[24][620]=-1.66e+12
Select best dp
Best k=24
dp[2][620]=-6.3e+11
dp[3][620]=-9.2e+11
dp[4][620]=-9.6e+11
dp[5][620]=-1.25e+12
dp[6][620]=-1.25e+12
dp[7][620]=-1.52e+12
dp[8][620]=-1.52e+12
dp[9][620]=-1.79e+12
dp[10][620]=-1.79e+12
dp[11][620]=-2.05e+12
dp[12][620]=-2.05e+12
dp[13][620]=-2.05e+12
dp[14][620]=-2.05e+12
dp[15][620]=-2.05e+12
dp[16][620]=-2.05e+12
dp[17][620]=-2.05e+12
dp[18][620]=-2.05e+12
dp[19][620]=-2.05e+12
dp[20][620]=-2.05e+12
dp[21][620]=-2.05e+12
dp[22][620]=-2.05e+12
dp[23][620]=-1.78e+12
dp[24][620]=-1.45e+12
Select best dp
Best k=13
dp[2][620]=-6.3e+11
dp[3][620]=-9.2e+11
dp[4][620]=-9.6e+11
dp[5][620]=-1.25e+12
dp[6][620]=-1.25e+12
dp[7][620]=-1.52e+12
dp[8][620]=-1.52e+12
dp[9][620]=-1.79e+12
dp[10][620]=-1.79e+12
dp[11][620]=-2.05e+12
dp[12][620]=-2.05e+12
dp[13][620]=-2.05e+12
dp[14][620]=-2.05e+12
dp[15][620]=-2.05e+12
dp[16][620]=-2.05e+12
dp[17][620]=-2.05e+12
dp[18][620]=-2.05e+12
dp[19][620]=-2.05e+12
dp[20][620]=-2.05e+12
dp[21][620]=-2.05e+12
dp[22][620]=-2.05e+12
dp[23][620]=-1.78e+12
dp[24][620]=-1.45e+12
Select best dp
Best k=13
Stratifying 4-th numerical feature ...
Stratifying 3-th numerical feature ...
Stratifying 4-th numerical feature ...
dp[2][620]=-3.56e+12
dp[3][620]=-4.21e+12
dp[4][620]=-4.61e+12
dp[5][620]=-4.61e+12
dp[6][620]=-4.61e+12
dp[7][620]=-4.61e+12
dp[8][620]=-4.61e+12
dp[9][620]=-4.61e+12
dp[10][620]=-4.61e+12
dp[11][620]=-4.61e+12
dp[12][620]=-4.61e+12
dp[13][620]=-4.61e+12
dp[14][620]=-4.61e+12
dp[15][620]=-4.61e+12
dp[16][620]=-4.24e+12
Select best dp
Best k=4
Stratifying 5-th numerical feature ...
dp[2][620]=-3.15e+11
dp[3][620]=-4.6e+11
dp[4][620]=-4.8e+11
dp[5][620]=-6.25e+11
dp[6][620]=-6.25e+11
dp[7][620]=-7.6e+11
dp[8][620]=-7.6e+11
dp[9][620]=-8.95e+11
dp[10][620]=-8.95e+11
dp[11][620]=-1.025e+12
dp[12][620]=-1.025e+12
dp[13][620]=-1.025e+12
dp[14][620]=-1.025e+12
dp[15][620]=-1.025e+12
dp[16][620]=-1.025e+12
dp[17][620]=-1.025e+12
dp[18][620]=-1.025e+12
dp[19][620]=-1.025e+12
dp[20][620]=-1.025e+12
dp[21][620]=-1.025e+12
dp[22][620]=-1.025e+12
dp[23][620]=-8.9e+11
dp[24][620]=-7.25e+11
Select best dp
Best k=12
Stratifying 4-th numerical feature ...
dp[2][620]=-349.551
dp[3][620]=-1.1e+11
dp[4][620]=-1.1e+11
dp[5][620]=-1.9e+11
dp[6][620]=-1.9e+11
dp[7][620]=-2.6e+11
dp[8][620]=-2.6e+11
dp[9][620]=-3.1e+11
dp[10][620]=-3.1e+11
dp[11][620]=-3.6e+11
dp[12][620]=-3.6e+11
dp[13][620]=-4.1e+11
dp[14][620]=-4.1e+11
dp[15][620]=-4.6e+11
dp[16][620]=-4.6e+11
dp[17][620]=-5.1e+11
dp[18][620]=-5.1e+11
dp[19][620]=-5.6e+11
dp[20][620]=-5.6e+11
dp[21][620]=-6.1e+11
dp[22][620]=-6.1e+11
dp[23][620]=-6.5e+11
dp[24][620]=-6.5e+11
Select best dp
Best k=24
Stratifying 2-th numerical feature ...
dp[2][620]=-697.316
dp[3][620]=-968.883
dp[4][620]=-1089.04
dp[5][620]=-1117.66
dp[6][620]=-1075.25
dp[7][620]=-1026.13
dp[8][620]=-954.151
dp[9][620]=-863.206
dp[10][620]=-744.26
dp[11][620]=-626.545
dp[12][620]=-504.544
dp[13][620]=-366.462
dp[14][620]=-222.725
dp[15][620]=-78.717
dp[16][620]=77.9539
dp[17][620]=251.178
dp[18][620]=429.867
dp[19][620]=608.628
dp[20][620]=794.103
dp[21][620]=980.774
dp[22][620]=1180.58
dp[23][620]=1412.85
dp[24][620]=1665.9
Select best dp
Best k=5
dp[2][620]=-3.56e+12
dp[3][620]=-4.21e+12
dp[4][620]=-4.61e+12
dp[5][620]=-4.61e+12
dp[6][620]=-4.61e+12
dp[7][620]=-4.61e+12
dp[8][620]=-4.61e+12
dp[9][620]=-4.61e+12
dp[10][620]=-4.61e+12
dp[11][620]=-4.61e+12
dp[12][620]=-4.61e+12
dp[13][620]=-4.61e+12
dp[14][620]=-4.61e+12
dp[15][620]=-4.61e+12
dp[16][620]=-4.61e+12
dp[17][620]=-4.61e+12
dp[18][620]=-4.61e+12
dp[19][620]=-4.61e+12
dp[20][620]=-4.61e+12
dp[21][620]=-4.61e+12
dp[22][620]=-4.61e+12
dp[23][620]=-4.61e+12
dp[24][620]=-4.46e+12
Select best dp
Best k=4
dp[2][620]=-3.56e+12
dp[3][620]=-4.21e+12
dp[4][620]=-4.61e+12
dp[5][620]=-4.61e+12
dp[6][620]=-4.61e+12
dp[7][620]=-4.61e+12
dp[2][620]=514.506
dp[8][620]=-4.61e+12
dp[9][620]=-4.61e+12
dp[3][620]=771.76
dp[10][620]=-4.61e+12
dp[11][620]=-4.61e+12
dp[4][620]=1029.01
dp[12][620]=-4.61e+12
dp[13][620]=-4.61e+12
dp[5][620]=1286.27
dp[14][620]=-4.61e+12
dp[15][620]=-4.61e+12
dp[6][620]=1543.52
dp[16][620]=-4.61e+12
dp[17][620]=-4.61e+12
dp[7][620]=1800.77
dp[18][620]=-4.61e+12
dp[19][620]=-4.61e+12
dp[8][620]=2058.03
dp[20][620]=-4.61e+12
dp[21][620]=-4.61e+12
dp[9][620]=2315.28
dp[22][620]=-4.61e+12
dp[23][620]=-4.61e+12
dp[10][620]=2572.53
dp[24][620]=-4.46e+12
Select best dp
dp[11][620]=2829.79
Best k=4
dp[12][620]=3087.04
dp[13][620]=3344.29
dp[14][620]=3601.55
dp[15][620]=3858.8
dp[16][620]=4116.05
dp[17][620]=4373.31
dp[18][620]=4630.56
dp[19][620]=4887.81
dp[20][620]=5145.06
dp[21][620]=5402.32
dp[22][620]=5659.57
dp[23][620]=5916.82
dp[24][620]=6174.08
Select best dp
Best k=2
Stratifying 3-th numerical feature ...
Stratifying 5-th numerical feature ...
Stratifying 5-th numerical feature ...
Stratifying 3-th numerical feature ...
dp[2][620]=-697.316
dp[3][620]=-968.883
dp[4][620]=-1089.04
dp[5][620]=-1117.66
dp[6][620]=-1075.25
dp[7][620]=-1026.13
dp[8][620]=-954.151
dp[9][620]=-863.206
dp[10][620]=-744.26
dp[11][620]=-626.545
dp[12][620]=-504.544
dp[13][620]=-366.462
dp[14][620]=-222.725
dp[15][620]=-78.717
dp[16][620]=77.9539
dp[17][620]=251.178
dp[18][620]=429.867
dp[19][620]=608.628
dp[20][620]=794.103
dp[21][620]=980.774
dp[22][620]=1180.58
dp[23][620]=1412.85
dp[24][620]=1665.9
Select best dp
Best k=5
dp[2][620]=-697.316
dp[3][620]=-968.883
dp[4][620]=-1089.04
dp[5][620]=-1117.66
dp[6][620]=-1075.25
dp[7][620]=-1026.13
dp[8][620]=-954.151
dp[9][620]=-863.206
dp[10][620]=-744.26
dp[11][620]=-626.545
dp[12][620]=-504.544
dp[13][620]=-366.462
dp[14][620]=-222.725
dp[15][620]=-78.717
dp[16][620]=77.9539
dp[17][620]=251.178
dp[18][620]=429.867
dp[19][620]=608.628
dp[20][620]=794.103
dp[21][620]=980.774
dp[22][620]=1180.58
dp[23][620]=1412.85
dp[24][620]=1665.9
Select best dp
Best k=5
Stratifying 3-th numerical feature ...
Stratifying 3-th numerical feature ...
dp[2][620]=-1909.14
dp[3][620]=-2709.53
dp[4][620]=-3207.08
dp[5][620]=-3521.58
dp[6][620]=-3694.01
dp[7][620]=-3853.03
dp[8][620]=-3966.33
dp[9][620]=-4041.69
dp[10][620]=-4061.05
dp[11][620]=-4082.87
dp[12][620]=-4096.13
dp[13][620]=-4077.22
dp[14][620]=-4047
dp[15][620]=-4016.23
dp[16][620]=-3960.14
dp[17][620]=-3870.95
dp[18][620]=-3770.82
dp[19][620]=-3670.56
dp[20][620]=-3556.86
dp[21][620]=-3440.77
dp[22][620]=-3298.42
dp[23][620]=-3091.13
dp[24][620]=-2842.28
Select best dp
Best k=12
Stratifying 3-th numerical feature ...
dp[2][620]=-697.316
dp[3][620]=-968.883
dp[4][620]=-1089.04
dp[5][620]=-1117.66
dp[6][620]=-1075.25
dp[7][620]=-1026.13
dp[8][620]=-954.151
dp[9][620]=-863.206
dp[10][620]=-744.26
dp[11][620]=-626.545
dp[12][620]=-504.544
dp[13][620]=-366.462
dp[14][620]=-222.725
dp[15][620]=-78.717
dp[16][620]=77.9539
dp[17][620]=251.178
dp[18][620]=429.867
dp[19][620]=608.628
dp[20][620]=794.103
dp[21][620]=980.774
dp[22][620]=1180.58
dp[23][620]=1412.85
dp[24][620]=1665.9
Select best dp
Best k=5
Stratifying 3-th numerical feature ...
dp[2][620]=-1.17e+12
dp[3][620]=-1.17e+12
dp[4][620]=-1.17e+12
dp[5][620]=-1.17e+12
dp[6][620]=-1.17e+12
dp[7][620]=-1.17e+12
dp[8][620]=-1.17e+12
dp[9][620]=-1.17e+12
dp[10][620]=-1.17e+12
dp[11][620]=-1.17e+12
dp[12][620]=-1.17e+12
dp[13][620]=-1.17e+12
dp[14][620]=-1.17e+12
dp[15][620]=-1.17e+12
dp[16][620]=-1.17e+12
Select best dp
Best k=5
Stratifying 6-th numerical feature ...
dp[2][620]=-6.3e+11
dp[3][620]=-9.2e+11
dp[4][620]=-1.15e+12
dp[5][620]=-1.43e+12
dp[6][620]=-1.65e+12
dp[7][620]=-1.76e+12
dp[8][620]=-1.92e+12
dp[9][620]=-2.03e+12
dp[10][620]=-2.19e+12
dp[11][620]=-2.3e+12
dp[12][620]=-2.44e+12
dp[13][620]=-2.51e+12
dp[14][620]=-2.65e+12
dp[15][620]=-2.67e+12
dp[16][620]=-2.81e+12
dp[17][620]=-2.82e+12
dp[18][620]=-2.96e+12
dp[19][620]=-2.96e+12
dp[20][620]=-3.09e+12
dp[21][620]=-3.09e+12
dp[22][620]=-3.09e+12
dp[23][620]=-3.09e+12
dp[24][620]=-3.09e+12
Select best dp
Best k=20
Stratifying 4-th numerical feature ...
dp[2][620]=-1.78e+12
dp[3][620]=-2.105e+12
dp[4][620]=-2.305e+12
dp[5][620]=-2.305e+12
dp[6][620]=-2.305e+12
dp[7][620]=-2.305e+12
dp[8][620]=-2.305e+12
dp[9][620]=-2.305e+12
dp[10][620]=-2.305e+12
dp[11][620]=-2.305e+12
dp[12][620]=-2.305e+12
dp[13][620]=-2.305e+12
dp[14][620]=-2.305e+12
dp[15][620]=-2.305e+12
dp[16][620]=-2.305e+12
dp[17][620]=-2.305e+12
dp[18][620]=-2.305e+12
dp[19][620]=-2.305e+12
dp[20][620]=-2.305e+12
dp[21][620]=-2.305e+12
dp[22][620]=-2.305e+12
dp[23][620]=-2.305e+12
dp[24][620]=-2.23e+12
Select best dp
Best k=4
Stratifying 5-th numerical feature ...
dp[2][620]=-6.3e+11
dp[3][620]=-9.2e+11
dp[4][620]=-1.15e+12
dp[5][620]=-1.43e+12
dp[6][620]=-1.65e+12
dp[7][620]=-1.76e+12
dp[8][620]=-1.92e+12
dp[9][620]=-2.03e+12
dp[10][620]=-2.19e+12
dp[11][620]=-2.3e+12
dp[12][620]=-2.46e+12
dp[13][620]=-2.57e+12
dp[14][620]=-2.67e+12
dp[15][620]=-2.78e+12
dp[16][620]=-2.83e+12
dp[17][620]=-2.94e+12
dp[18][620]=-2.98e+12
dp[19][620]=-3.09e+12
dp[20][620]=-3.11e+12
dp[21][620]=-3.22e+12
dp[22][620]=-3.22e+12
dp[23][620]=-3.33e+12
dp[24][620]=-3.33e+12
Select best dp
Best k=23
Stratifying 4-th numerical feature ...
dp[2][620]=-2.67e+12
dp[3][620]=-2.67e+12
dp[4][620]=-2.67e+12
dp[5][620]=-2.67e+12
dp[6][620]=-2.67e+12
dp[7][620]=-2.67e+12
dp[8][620]=-2.67e+12
dp[9][620]=-2.67e+12
dp[10][620]=-2.67e+12
dp[11][620]=-2.67e+12
dp[12][620]=-2.67e+12
dp[13][620]=-2.67e+12
dp[14][620]=-2.67e+12
dp[15][620]=-2.67e+12
dp[16][620]=-2.67e+12
Select best dp
Best k=5
dp[2][620]=-1.17e+12
dp[3][620]=-1.17e+12
dp[4][620]=-1.48e+12
dp[5][620]=-1.48e+12
dp[6][620]=-1.78e+12
dp[7][620]=-1.78e+12
dp[8][620]=-2.08e+12
dp[9][620]=-2.08e+12
dp[10][620]=-2.35e+12
dp[11][620]=-2.35e+12
dp[12][620]=-2.35e+12
dp[13][620]=-2.35e+12
dp[14][620]=-2.35e+12
dp[15][620]=-2.35e+12
dp[16][620]=-2.35e+12
dp[17][620]=-2.35e+12
dp[18][620]=-2.35e+12
dp[19][620]=-2.35e+12
dp[20][620]=-2.35e+12
dp[21][620]=-2.34e+12
dp[22][620]=-2.32e+12
dp[23][620]=-2.21e+12
dp[24][620]=-2.06e+12
Select best dp
Best k=11
Stratifying 6-th numerical feature ...
dp[2][620]=-1.17e+12
dp[3][620]=-1.17e+12
dp[4][620]=-1.48e+12
dp[5][620]=-1.48e+12
dp[6][620]=-1.78e+12
dp[7][620]=-1.78e+12
dp[8][620]=-2.08e+12
dp[9][620]=-2.08e+12
dp[10][620]=-2.35e+12
dp[11][620]=-2.35e+12
dp[12][620]=-2.35e+12
dp[13][620]=-2.35e+12
dp[14][620]=-2.35e+12
dp[15][620]=-2.35e+12
dp[16][620]=-2.35e+12
dp[17][620]=-2.35e+12
dp[18][620]=-2.35e+12
dp[19][620]=-2.35e+12
dp[20][620]=-2.35e+12
dp[21][620]=-2.34e+12
dp[22][620]=-2.32e+12
dp[23][620]=-2.21e+12
dp[24][620]=-2.06e+12
Select best dp
Best k=11
Stratifying 6-th numerical feature ...
dp[2][620]=-5.85e+11
dp[3][620]=-5.85e+11
dp[4][620]=-7.4e+11
dp[5][620]=-7.4e+11
dp[6][620]=-8.9e+11
dp[7][620]=-8.9e+11
dp[8][620]=-1.04e+12
dp[9][620]=-1.04e+12
dp[10][620]=-1.175e+12
dp[11][620]=-1.175e+12
dp[12][620]=-1.175e+12
dp[13][620]=-1.175e+12
dp[14][620]=-1.175e+12
dp[15][620]=-1.175e+12
dp[16][620]=-1.175e+12
dp[17][620]=-1.175e+12
dp[18][620]=-1.175e+12
dp[19][620]=-1.175e+12
dp[20][620]=-1.175e+12
dp[21][620]=-1.17e+12
dp[22][620]=-1.16e+12
dp[23][620]=-1.105e+12
dp[24][620]=-1.03e+12
Select best dp
Best k=10
Stratifying 6-th numerical feature ...
dp[2][620]=-6.3e+11
dp[3][620]=-9.2e+11
dp[4][620]=-9.6e+11
dp[5][620]=-1.25e+12
dp[6][620]=-1.25e+12
dp[7][620]=-1.52e+12
dp[8][620]=-1.52e+12
dp[9][620]=-1.79e+12
dp[10][620]=-1.79e+12
dp[11][620]=-2.05e+12
dp[12][620]=-2.05e+12
dp[13][620]=-2.05e+12
dp[14][620]=-2.05e+12
dp[15][620]=-2.05e+12
dp[16][620]=-2.05e+12
dp[17][620]=-2.05e+12
dp[18][620]=-2.05e+12
dp[19][620]=-2.05e+12
dp[20][620]=-2.05e+12
dp[21][620]=-2.05e+12
dp[22][620]=-2.05e+12
dp[23][620]=-1.78e+12
dp[24][620]=-1.45e+12
Select best dp
Best k=13
Stratifying 4-th numerical feature ...
dp[2][620]=-3.56e+12
dp[3][620]=-4.21e+12
dp[4][620]=-4.61e+12
dp[5][620]=-4.85e+12
dp[6][620]=-4.99e+12
dp[7][620]=-5.16e+12
dp[8][620]=-5.36e+12
dp[9][620]=-5.5e+12
dp[10][620]=-5.54e+12
dp[11][620]=-5.68e+12
dp[12][620]=-5.68e+12
dp[13][620]=-5.68e+12
dp[14][620]=-5.68e+12
dp[15][620]=-5.68e+12
dp[16][620]=-5.68e+12
dp[17][620]=-5.68e+12
dp[18][620]=-5.68e+12
dp[19][620]=-5.68e+12
dp[20][620]=-5.68e+12
dp[21][620]=-5.68e+12
dp[22][620]=-5.68e+12
dp[23][620]=-5.68e+12
dp[24][620]=-5.68e+12
Select best dp
Best k=11
Stratifying 5-th numerical feature ...
dp[2][620]=-6.3e+11
dp[3][620]=-9.2e+11
dp[4][620]=-9.6e+11
dp[5][620]=-1.25e+12
dp[6][620]=-1.25e+12
dp[7][620]=-1.52e+12
dp[8][620]=-1.52e+12
dp[9][620]=-1.79e+12
dp[10][620]=-1.79e+12
dp[11][620]=-2.05e+12
dp[12][620]=-2.05e+12
dp[13][620]=-2.05e+12
dp[14][620]=-2.05e+12
dp[15][620]=-2.05e+12
dp[16][620]=-2.05e+12
dp[17][620]=-2.05e+12
dp[18][620]=-2.05e+12
dp[19][620]=-2.05e+12
dp[20][620]=-2.05e+12
dp[21][620]=-2.05e+12
dp[22][620]=-2.05e+12
dp[23][620]=-1.78e+12
dp[24][620]=-1.45e+12
Select best dp
Best k=13
Stratifying 4-th numerical feature ...
dp[2][620]=514.506
dp[3][620]=771.76
dp[4][620]=1029.01
dp[5][620]=1286.27
dp[6][620]=1543.52
dp[7][620]=1800.77
dp[8][620]=2058.03
dp[9][620]=2315.28
dp[10][620]=2572.53
dp[11][620]=2829.79
dp[12][620]=3087.04
dp[13][620]=3344.29
dp[14][620]=3601.55
dp[15][620]=3858.8
dp[16][620]=4116.05
dp[17][620]=4373.31
dp[18][620]=4630.56
dp[19][620]=4887.81
dp[20][620]=5145.06
dp[21][620]=5402.32
dp[22][620]=5659.57
dp[23][620]=5916.82
dp[24][620]=6174.08
Select best dp
Best k=2
Stratifying 4-th numerical feature ...
dp[2][620]=-2.67e+12
dp[3][620]=-2.93e+12
dp[4][620]=-2.93e+12
dp[5][620]=-2.93e+12
dp[6][620]=-2.93e+12
dp[7][620]=-2.93e+12
dp[8][620]=-2.93e+12
dp[9][620]=-2.93e+12
dp[10][620]=-2.93e+12
dp[11][620]=-2.93e+12
dp[12][620]=-2.93e+12
dp[13][620]=-2.93e+12
dp[14][620]=-2.93e+12
dp[15][620]=-2.93e+12
dp[16][620]=-2.93e+12
dp[17][620]=-2.93e+12
dp[18][620]=-2.93e+12
dp[19][620]=-2.93e+12
dp[20][620]=-2.93e+12
dp[21][620]=-2.93e+12
dp[22][620]=-2.93e+12
dp[23][620]=-2.93e+12
dp[24][620]=-2.93e+12
Select best dp
Best k=6
dp[2][620]=-6.3e+11
dp[3][620]=-9.2e+11
dp[4][620]=-9.6e+11
dp[5][620]=-1.25e+12
dp[6][620]=-1.25e+12
dp[7][620]=-1.52e+12
dp[8][620]=-1.52e+12
dp[9][620]=-1.79e+12
dp[10][620]=-1.79e+12
dp[11][620]=-2.05e+12
dp[12][620]=-2.05e+12
dp[13][620]=-2.05e+12
dp[14][620]=-2.05e+12
dp[15][620]=-2.05e+12
dp[16][620]=-2.05e+12
dp[17][620]=-2.05e+12
dp[18][620]=-2.05e+12
dp[19][620]=-2.05e+12
dp[20][620]=-2.05e+12
dp[21][620]=-2.05e+12
dp[22][620]=-2.05e+12
dp[23][620]=-1.78e+12
dp[24][620]=-1.45e+12
Select best dp
Best k=13
dp[2][620]=-1.26e+12
dp[3][620]=-1.84e+12
dp[4][620]=-1.92e+12
dp[5][620]=-2.5e+12
dp[6][620]=-2.5e+12
dp[7][620]=-3.04e+12
dp[8][620]=-3.04e+12
dp[9][620]=-3.58e+12
dp[10][620]=-3.58e+12
dp[11][620]=-4.1e+12
dp[12][620]=-4.1e+12
dp[13][620]=-4.1e+12
dp[14][620]=-4.1e+12
dp[15][620]=-4.1e+12
dp[16][620]=-4.1e+12
dp[17][620]=-4.1e+12
dp[18][620]=-4.1e+12
dp[19][620]=-4.1e+12
dp[20][620]=-4.1e+12
dp[21][620]=-4.1e+12
dp[22][620]=-4.1e+12
dp[23][620]=-3.56e+12
dp[24][620]=-2.9e+12
Select best dp
Best k=15
Stratifying 4-th numerical feature ...
Stratifying 4-th numerical feature ...
dp[2][620]=-6.3e+11
dp[3][620]=-9.2e+11
dp[4][620]=-9.6e+11
dp[5][620]=-1.25e+12
dp[6][620]=-1.25e+12
dp[7][620]=-1.52e+12
dp[8][620]=-1.52e+12
dp[9][620]=-1.79e+12
dp[10][620]=-1.79e+12
dp[11][620]=-2.05e+12
dp[12][620]=-2.05e+12
dp[13][620]=-2.05e+12
dp[14][620]=-2.05e+12
dp[15][620]=-2.05e+12
dp[16][620]=-2.05e+12
dp[17][620]=-2.05e+12
dp[18][620]=-2.05e+12
dp[19][620]=-2.05e+12
dp[20][620]=-2.05e+12
dp[21][620]=-2.05e+12
dp[22][620]=-2.05e+12
dp[23][620]=-1.78e+12
dp[24][620]=-1.45e+12
Select best dp
Best k=13
Stratifying 4-th numerical feature ...
dp[2][620]=-3.56e+12
dp[3][620]=-4.21e+12
dp[4][620]=-4.61e+12
dp[5][620]=-4.85e+12
dp[6][620]=-4.99e+12
dp[7][620]=-5.16e+12
dp[8][620]=-5.36e+12
dp[9][620]=-5.5e+12
dp[10][620]=-5.54e+12
dp[11][620]=-5.68e+12
dp[12][620]=-5.68e+12
dp[13][620]=-5.71e+12
dp[14][620]=-5.71e+12
dp[15][620]=-5.71e+12
dp[16][620]=-5.71e+12
dp[17][620]=-5.71e+12
dp[18][620]=-5.71e+12
dp[19][620]=-5.71e+12
dp[20][620]=-5.71e+12
dp[21][620]=-5.71e+12
dp[22][620]=-5.71e+12
dp[23][620]=-5.71e+12
dp[24][620]=-5.71e+12
Select best dp
Best k=13
Stratifying 5-th numerical feature ...
dp[2][620]=-2.67e+12
dp[3][620]=-2.93e+12
dp[4][620]=-2.93e+12
dp[5][620]=-2.93e+12
dp[6][620]=-2.93e+12
dp[7][620]=-2.93e+12
dp[8][620]=-2.93e+12
dp[9][620]=-2.93e+12
dp[10][620]=-2.93e+12
dp[11][620]=-2.93e+12
dp[12][620]=-2.93e+12
dp[13][620]=-2.93e+12
dp[14][620]=-2.93e+12
dp[15][620]=-2.93e+12
dp[16][620]=-2.93e+12
dp[17][620]=-2.93e+12
dp[18][620]=-2.93e+12
dp[19][620]=-2.93e+12
dp[20][620]=-2.93e+12
dp[21][620]=-2.93e+12
dp[22][620]=-2.93e+12
dp[23][620]=-2.93e+12
dp[24][620]=-2.93e+12
Select best dp
Best k=6
dp[2][620]=-1.335e+12
dp[3][620]=-1.465e+12
dp[4][620]=-1.465e+12
dp[5][620]=-1.465e+12
dp[6][620]=-1.465e+12
dp[7][620]=-1.465e+12
dp[8][620]=-1.465e+12
dp[9][620]=-1.465e+12
dp[10][620]=-1.465e+12
dp[11][620]=-1.465e+12
dp[12][620]=-1.465e+12
dp[13][620]=-1.465e+12
dp[14][620]=-1.465e+12
dp[15][620]=-1.465e+12
dp[16][620]=-1.465e+12
dp[17][620]=-1.465e+12
dp[18][620]=-1.465e+12
dp[19][620]=-1.465e+12
dp[20][620]=-1.465e+12
dp[21][620]=-1.465e+12
dp[22][620]=-1.465e+12
dp[23][620]=-1.465e+12
dp[24][620]=-1.465e+12
Select best dp
Best k=4
dp[2][620]=178.146
dp[3][620]=-110.566
dp[4][620]=-200.137
dp[5][620]=-270.079
dp[6][620]=-290.925
dp[7][620]=-244.351
dp[8][620]=-162.903
dp[9][620]=-66.3736
dp[10][620]=48.8423
dp[11][620]=180.64
dp[12][620]=317.884
dp[13][620]=457.428
dp[14][620]=601.05
dp[15][620]=762.531
dp[16][620]=924.67
dp[17][620]=1099.49
dp[18][620]=1275.57
dp[19][620]=1452.85
dp[20][620]=1637.08
dp[21][620]=1823.32
dp[22][620]=2010.86
dp[23][620]=2216.38
dp[24][620]=2427.17
Select best dp
Best k=6
Stratifying 2-th numerical feature ...
dp[2][620]=-3.56e+12
dp[3][620]=-4.21e+12
dp[4][620]=-4.61e+12
dp[5][620]=-4.61e+12
dp[6][620]=-4.61e+12
dp[7][620]=-4.61e+12
dp[8][620]=-4.61e+12
dp[9][620]=-4.61e+12
dp[10][620]=-4.61e+12
dp[11][620]=-4.61e+12
dp[12][620]=-4.61e+12
dp[13][620]=-4.61e+12
dp[14][620]=-4.61e+12
dp[15][620]=-4.61e+12
dp[16][620]=-4.61e+12
dp[17][620]=-4.61e+12
dp[18][620]=-4.61e+12
dp[19][620]=-4.61e+12
dp[20][620]=-4.61e+12
dp[21][620]=-4.61e+12
dp[22][620]=-4.61e+12
dp[23][620]=-4.61e+12
dp[24][620]=-4.46e+12
Select best dp
Best k=4
Stratifying 5-th numerical feature ...
dp[2][620]=-1.8e+11
dp[3][620]=-2.3e+11
dp[4][620]=-3.8e+11
dp[5][620]=-4.3e+11
dp[6][620]=-5.4e+11
dp[7][620]=-6e+11
dp[8][620]=-7e+11
dp[9][620]=-7.6e+11
dp[10][620]=-8.6e+11
dp[11][620]=-9.2e+11
dp[12][620]=-1.01e+12
dp[13][620]=-1.08e+12
dp[14][620]=-1.15e+12
dp[15][620]=-1.22e+12
dp[16][620]=-1.27e+12
dp[17][620]=-1.33e+12
dp[18][620]=-1.38e+12
dp[19][620]=-1.44e+12
dp[20][620]=-1.49e+12
dp[21][620]=-1.55e+12
dp[22][620]=-1.6e+12
dp[23][620]=-1.65e+12
dp[24][620]=-1.7e+12
Select best dp
Best k=24
Stratifying 3-th numerical feature ...
dp[2][620]=-1.17e+12
dp[3][620]=-1.17e+12
dp[4][620]=-1.48e+12
dp[5][620]=-1.48e+12
dp[6][620]=-1.78e+12
dp[7][620]=-1.78e+12
dp[8][620]=-2.08e+12
dp[9][620]=-2.08e+12
dp[10][620]=-2.35e+12
dp[11][620]=-2.35e+12
dp[12][620]=-2.6e+12
dp[13][620]=-2.6e+12
dp[14][620]=-2.81e+12
dp[15][620]=-2.81e+12
dp[16][620]=-2.98e+12
dp[17][620]=-2.98e+12
dp[18][620]=-3.13e+12
dp[19][620]=-3.13e+12
dp[20][620]=-3.26e+12
dp[21][620]=-3.26e+12
dp[22][620]=-3.39e+12
dp[23][620]=-3.39e+12
dp[24][620]=-3.39e+12
Select best dp
Best k=22
Stratifying 6-th numerical feature ...
dp[2][620]=-7.12e+12
dp[3][620]=-8.42e+12
dp[4][620]=-9.22e+12
dp[5][620]=-9.22e+12
dp[6][620]=-9.22e+12
dp[7][620]=-9.22e+12
dp[8][620]=-9.22e+12
dp[9][620]=-9.22e+12
dp[10][620]=-9.22e+12
dp[11][620]=-9.22e+12
dp[12][620]=-9.22e+12
dp[13][620]=-9.22e+12
dp[14][620]=-9.22e+12
dp[15][620]=-9.22e+12
dp[16][620]=-9.22e+12
dp[17][620]=-9.22e+12
dp[18][620]=-9.22e+12
dp[19][620]=-9.22e+12
dp[20][620]=-9.22e+12
dp[21][620]=-9.22e+12
dp[22][620]=-9.22e+12
dp[23][620]=-9.22e+12
dp[24][620]=-8.92e+12
Select best dp
Best k=7
Stratifying 5-th numerical feature ...
dp[2][620]=-1.17e+12
dp[3][620]=-1.17e+12
dp[4][620]=-1.48e+12
dp[5][620]=-1.48e+12
dp[6][620]=-1.78e+12
dp[7][620]=-1.78e+12
dp[8][620]=-2.08e+12
dp[9][620]=-2.08e+12
dp[10][620]=-2.36e+12
dp[11][620]=-2.36e+12
dp[12][620]=-2.63e+12
dp[13][620]=-2.63e+12
dp[14][620]=-2.84e+12
dp[15][620]=-2.84e+12
dp[16][620]=-3.01e+12
dp[17][620]=-3.01e+12
dp[18][620]=-3.16e+12
dp[19][620]=-3.16e+12
dp[20][620]=-3.29e+12
dp[21][620]=-3.29e+12
dp[22][620]=-3.42e+12
dp[23][620]=-3.42e+12
dp[24][620]=-3.42e+12
Select best dp
Best k=22
Stratifying 6-th numerical feature ...
dp[2][620]=-3.56e+12
dp[3][620]=-4.21e+12
dp[4][620]=-4.61e+12
dp[5][620]=-4.61e+12
dp[6][620]=-4.61e+12
dp[7][620]=-4.61e+12
dp[8][620]=-4.61e+12
dp[9][620]=-4.61e+12
dp[10][620]=-4.61e+12
dp[11][620]=-4.61e+12
dp[12][620]=-4.61e+12
dp[13][620]=-4.61e+12
dp[14][620]=-4.61e+12
dp[15][620]=-4.61e+12
dp[16][620]=-4.61e+12
dp[17][620]=-4.61e+12
dp[18][620]=-4.61e+12
dp[19][620]=-4.61e+12
dp[20][620]=-4.61e+12
dp[21][620]=-4.61e+12
dp[22][620]=-4.61e+12
dp[23][620]=-4.61e+12
dp[24][620]=-4.46e+12
Select best dp
Best k=4
Stratifying 5-th numerical feature ...
dp[2][620]=-3.56e+12
dp[3][620]=-4.21e+12
dp[4][620]=-4.61e+12
dp[5][620]=-4.61e+12
dp[6][620]=-4.61e+12
dp[7][620]=-4.61e+12
dp[8][620]=-4.61e+12
dp[9][620]=-4.61e+12
dp[10][620]=-4.61e+12
dp[11][620]=-4.61e+12
dp[12][620]=-4.61e+12
dp[13][620]=-4.61e+12
dp[14][620]=-4.61e+12
dp[15][620]=-4.61e+12
dp[16][620]=-4.61e+12
dp[17][620]=-4.61e+12
dp[18][620]=-4.61e+12
dp[19][620]=-4.61e+12
dp[20][620]=-4.61e+12
dp[21][620]=-4.61e+12
dp[22][620]=-4.61e+12
dp[23][620]=-4.61e+12
dp[24][620]=-4.46e+12
Select best dp
Best k=4
Stratifying 5-th numerical feature ...
dp[2][620]=-3.56e+12
dp[3][620]=-4.21e+12
dp[4][620]=-4.61e+12
dp[5][620]=-4.61e+12
dp[6][620]=-4.61e+12
dp[7][620]=-4.61e+12
dp[8][620]=-4.61e+12
dp[9][620]=-4.61e+12
dp[10][620]=-4.61e+12
dp[11][620]=-4.61e+12
dp[12][620]=-4.61e+12
dp[13][620]=-4.61e+12
dp[14][620]=-4.61e+12
dp[15][620]=-4.61e+12
dp[16][620]=-4.61e+12
dp[17][620]=-4.61e+12
dp[18][620]=-4.61e+12
dp[19][620]=-4.61e+12
dp[20][620]=-4.61e+12
dp[21][620]=-4.61e+12
dp[22][620]=-4.61e+12
dp[23][620]=-4.61e+12
dp[24][620]=-4.46e+12
Select best dp
Best k=4
Stratifying 5-th numerical feature ...
dp[2][620]=514.506
dp[3][620]=771.76
dp[4][620]=1029.01
dp[5][620]=1286.27
dp[6][620]=1543.52
dp[7][620]=1800.77
dp[8][620]=2058.03
dp[9][620]=2315.28
dp[10][620]=2572.53
dp[11][620]=2829.79
dp[12][620]=3087.04
dp[13][620]=3344.29
dp[14][620]=3601.55
dp[15][620]=3858.8
dp[16][620]=4116.05
dp[17][620]=4373.31
dp[18][620]=4630.56
dp[19][620]=4887.81
dp[20][620]=5145.06
dp[21][620]=5402.32
dp[22][620]=5659.57
dp[23][620]=5916.82
dp[24][620]=6174.08
Select best dp
Best k=2
dp[2][620]=-1.17e+12
dp[3][620]=-1.17e+12
dp[4][620]=-1.48e+12
dp[5][620]=-1.48e+12
dp[6][620]=-1.78e+12
dp[7][620]=-1.78e+12
dp[8][620]=-2.08e+12
dp[9][620]=-2.08e+12
dp[10][620]=-2.35e+12
dp[11][620]=-2.35e+12
dp[12][620]=-2.35e+12
dp[13][620]=-2.35e+12
dp[14][620]=-2.35e+12
dp[15][620]=-2.35e+12
dp[16][620]=-2.35e+12
dp[17][620]=-2.35e+12
dp[18][620]=-2.35e+12
dp[19][620]=-2.35e+12
dp[20][620]=-2.35e+12
dp[21][620]=-2.34e+12
dp[22][620]=-2.32e+12
dp[23][620]=-2.21e+12
dp[24][620]=-2.06e+12
Select best dp
Best k=11
Stratifying 6-th numerical feature ...
Stratifying 5-th numerical feature ...
dp[2][620]=-2.34e+12
dp[3][620]=-2.34e+12
dp[4][620]=-2.96e+12
dp[5][620]=-2.96e+12
dp[6][620]=-3.56e+12
dp[7][620]=-3.56e+12
dp[8][620]=-4.16e+12
dp[9][620]=-4.16e+12
dp[10][620]=-4.7e+12
dp[11][620]=-4.7e+12
dp[12][620]=-4.7e+12
dp[13][620]=-4.7e+12
dp[14][620]=-4.7e+12
dp[15][620]=-4.7e+12
dp[16][620]=-4.7e+12
dp[17][620]=-4.7e+12
dp[18][620]=-4.7e+12
dp[19][620]=-4.7e+12
dp[20][620]=-4.7e+12
dp[21][620]=-4.68e+12
dp[22][620]=-4.64e+12
dp[23][620]=-4.42e+12
dp[24][620]=-4.12e+12
Select best dp
Best k=13
Stratifying 6-th numerical feature ...
dp[2][620]=-2.67e+12
dp[3][620]=-2.93e+12
dp[4][620]=-2.93e+12
dp[5][620]=-2.93e+12
dp[6][620]=-2.93e+12
dp[7][620]=-2.93e+12
dp[8][620]=-2.93e+12
dp[9][620]=-2.93e+12
dp[10][620]=-2.93e+12
dp[11][620]=-2.93e+12
dp[12][620]=-2.93e+12
dp[13][620]=-2.93e+12
dp[14][620]=-2.93e+12
dp[15][620]=-2.93e+12
dp[16][620]=-2.93e+12
dp[17][620]=-2.93e+12
dp[18][620]=-2.93e+12
dp[19][620]=-2.93e+12
dp[20][620]=-2.93e+12
dp[21][620]=-2.93e+12
dp[22][620]=-2.93e+12
dp[23][620]=-2.93e+12
dp[24][620]=-2.93e+12
Select best dp
Best k=6
dp[2][620]=-2.67e+12
dp[3][620]=-2.93e+12
dp[4][620]=-2.93e+12
dp[5][620]=-2.93e+12
dp[6][620]=-2.93e+12
dp[7][620]=-2.93e+12
dp[8][620]=-2.93e+12
dp[9][620]=-2.93e+12
dp[10][620]=-2.93e+12
dp[11][620]=-2.93e+12
dp[12][620]=-2.93e+12
dp[13][620]=-2.93e+12
dp[14][620]=-2.93e+12
dp[15][620]=-2.93e+12
dp[16][620]=-2.93e+12
dp[17][620]=-2.93e+12
dp[18][620]=-2.93e+12
dp[19][620]=-2.93e+12
dp[20][620]=-2.93e+12
dp[21][620]=-2.93e+12
dp[22][620]=-2.93e+12
dp[23][620]=-2.93e+12
dp[24][620]=-2.93e+12
Select best dp
Best k=6
dp[2][620]=-6.3e+11
dp[3][620]=-9.2e+11
dp[4][620]=-1.15e+12
dp[5][620]=-1.43e+12
dp[6][620]=-1.65e+12
dp[7][620]=-1.76e+12
dp[8][620]=-1.97e+12
dp[9][620]=-2.08e+12
dp[10][620]=-2.24e+12
dp[11][620]=-2.35e+12
dp[12][620]=-2.51e+12
dp[13][620]=-2.62e+12
dp[14][620]=-2.72e+12
dp[15][620]=-2.83e+12
dp[16][620]=-2.88e+12
dp[17][620]=-2.99e+12
dp[18][620]=-3.04e+12
dp[19][620]=-3.14e+12
dp[20][620]=-3.19e+12
dp[21][620]=-3.27e+12
dp[22][620]=-3.32e+12
dp[23][620]=-3.39e+12
dp[24][620]=-3.44e+12
Select best dp
Best k=24
Stratifying 4-th numerical feature ...
dp[2][620]=-2.67e+12
dp[3][620]=-2.93e+12
dp[4][620]=-2.93e+12
dp[5][620]=-3.03e+12
dp[6][620]=-3.03e+12
dp[7][620]=-3.03e+12
dp[8][620]=-3.03e+12
dp[9][620]=-3.03e+12
dp[10][620]=-3.03e+12
dp[11][620]=-3.03e+12
dp[12][620]=-3.03e+12
dp[13][620]=-3.03e+12
dp[14][620]=-3.03e+12
dp[15][620]=-3.03e+12
dp[16][620]=-3.03e+12
dp[17][620]=-3.03e+12
dp[18][620]=-3.03e+12
dp[19][620]=-3.03e+12
dp[20][620]=-3.03e+12
dp[21][620]=-3.03e+12
dp[22][620]=-3.03e+12
dp[23][620]=-3.03e+12
dp[24][620]=-3.03e+12
Select best dp
Best k=7
dp[2][620]=514.506
dp[3][620]=771.76
dp[4][620]=1029.01
dp[5][620]=1286.27
dp[6][620]=1543.52
dp[7][620]=1800.77
dp[8][620]=2058.03
dp[9][620]=2315.28
dp[10][620]=2572.53
dp[11][620]=2829.79
dp[12][620]=3087.04
dp[13][620]=3344.29
dp[14][620]=3601.55
dp[15][620]=3858.8
dp[16][620]=4116.05
dp[17][620]=4373.31
dp[18][620]=4630.56
dp[19][620]=4887.81
dp[20][620]=5145.06
dp[21][620]=5402.32
dp[22][620]=5659.57
dp[23][620]=5916.82
dp[24][620]=6174.08
Select best dp
Best k=2
Stratifying 6-th numerical feature ...
dp[2][620]=-1.17e+12
dp[3][620]=-1.17e+12
dp[4][620]=-1.48e+12
dp[5][620]=-1.48e+12
dp[6][620]=-1.78e+12
dp[7][620]=-1.78e+12
dp[8][620]=-2.08e+12
dp[9][620]=-2.08e+12
dp[10][620]=-2.35e+12
dp[11][620]=-2.35e+12
dp[12][620]=-2.35e+12
dp[13][620]=-2.35e+12
dp[14][620]=-2.35e+12
dp[15][620]=-2.35e+12
dp[16][620]=-2.35e+12
dp[17][620]=-2.35e+12
dp[18][620]=-2.35e+12
dp[19][620]=-2.35e+12
dp[20][620]=-2.35e+12
dp[21][620]=-2.34e+12
dp[22][620]=-2.32e+12
dp[23][620]=-2.21e+12
dp[24][620]=-2.06e+12
Select best dp
Best k=11
dp[2][620]=-1.17e+12
dp[3][620]=-1.17e+12
dp[4][620]=-1.48e+12
dp[5][620]=-1.48e+12
dp[6][620]=-1.78e+12
dp[7][620]=-1.78e+12
dp[8][620]=-2.08e+12
dp[9][620]=-2.08e+12
dp[10][620]=-2.35e+12
dp[11][620]=-2.35e+12
dp[12][620]=-2.35e+12
dp[13][620]=-2.35e+12
dp[14][620]=-2.35e+12
dp[15][620]=-2.35e+12
dp[16][620]=-2.35e+12
dp[17][620]=-2.35e+12
dp[18][620]=-2.35e+12
dp[19][620]=-2.35e+12
dp[20][620]=-2.35e+12
dp[21][620]=-2.34e+12
dp[22][620]=-2.32e+12
dp[23][620]=-2.21e+12
dp[24][620]=-2.06e+12
Select best dp
Best k=11
Stratifying 6-th numerical feature ...
Stratifying 6-th numerical feature ...
dp[2][620]=-5.34e+12
dp[3][620]=-5.86e+12
dp[4][620]=-5.86e+12
dp[5][620]=-5.86e+12
dp[6][620]=-5.86e+12
dp[7][620]=-5.86e+12
dp[8][620]=-5.86e+12
dp[9][620]=-5.86e+12
dp[10][620]=-5.86e+12
dp[11][620]=-5.86e+12
dp[12][620]=-5.86e+12
dp[13][620]=-5.86e+12
dp[14][620]=-5.86e+12
dp[15][620]=-5.86e+12
dp[16][620]=-5.86e+12
dp[17][620]=-5.86e+12
dp[18][620]=-5.86e+12
dp[19][620]=-5.86e+12
dp[20][620]=-5.86e+12
dp[21][620]=-5.86e+12
dp[22][620]=-5.86e+12
dp[23][620]=-5.86e+12
dp[24][620]=-5.86e+12
Select best dp
Best k=9
dp[2][620]=-1.17e+12
dp[3][620]=-1.17e+12
dp[4][620]=-1.48e+12
dp[5][620]=-1.48e+12
dp[6][620]=-1.78e+12
dp[7][620]=-1.78e+12
dp[8][620]=-2.08e+12
dp[9][620]=-2.08e+12
dp[10][620]=-2.35e+12
dp[11][620]=-2.35e+12
dp[12][620]=-2.35e+12
dp[13][620]=-2.35e+12
dp[14][620]=-2.35e+12
dp[15][620]=-2.35e+12
dp[16][620]=-2.35e+12
dp[17][620]=-2.35e+12
dp[18][620]=-2.35e+12
dp[19][620]=-2.35e+12
dp[20][620]=-2.35e+12
dp[21][620]=-2.34e+12
dp[22][620]=-2.32e+12
dp[23][620]=-2.21e+12
dp[24][620]=-2.06e+12
Select best dp
Best k=11
Stratifying 6-th numerical feature ...
dp[2][620]=-2.67e+12
dp[3][620]=-2.93e+12
dp[4][620]=-2.93e+12
dp[5][620]=-2.93e+12
dp[6][620]=-2.93e+12
dp[7][620]=-2.93e+12
dp[8][620]=-2.93e+12
dp[9][620]=-2.93e+12
dp[10][620]=-2.93e+12
dp[11][620]=-2.93e+12
dp[12][620]=-2.93e+12
dp[13][620]=-2.93e+12
dp[14][620]=-2.93e+12
dp[15][620]=-2.93e+12
dp[16][620]=-2.93e+12
dp[17][620]=-2.93e+12
dp[18][620]=-2.93e+12
dp[19][620]=-2.93e+12
dp[20][620]=-2.93e+12
dp[21][620]=-2.93e+12
dp[22][620]=-2.93e+12
dp[23][620]=-2.93e+12
dp[24][620]=-2.93e+12
Select best dp
Best k=6
dp[2][620]=-2.67e+12
dp[3][620]=-2.93e+12
dp[4][620]=-2.93e+12
dp[5][620]=-2.93e+12
dp[6][620]=-2.93e+12
dp[7][620]=-2.93e+12
dp[8][620]=-2.93e+12
dp[9][620]=-2.93e+12
dp[10][620]=-2.93e+12
dp[11][620]=-2.93e+12
dp[12][620]=-2.93e+12
dp[13][620]=-2.93e+12
dp[14][620]=-2.93e+12
dp[15][620]=-2.93e+12
dp[16][620]=-2.93e+12
dp[17][620]=-2.93e+12
dp[18][620]=-2.93e+12
dp[19][620]=-2.93e+12
dp[20][620]=-2.93e+12
dp[21][620]=-2.93e+12
dp[22][620]=-2.93e+12
dp[23][620]=-2.93e+12
dp[24][620]=-2.93e+12
Select best dp
Best k=6
dp[2][620]=514.506
dp[3][620]=771.76
dp[4][620]=1029.01
dp[5][620]=1286.27
dp[6][620]=1543.52
dp[7][620]=1800.77
dp[8][620]=2058.03
dp[9][620]=2315.28
dp[10][620]=2572.53
dp[11][620]=2829.79
dp[12][620]=3087.04
dp[13][620]=3344.29
dp[14][620]=3601.55
dp[15][620]=3858.8
dp[16][620]=4116.05
dp[17][620]=4373.31
dp[18][620]=4630.56
dp[19][620]=4887.81
dp[20][620]=5145.06
dp[21][620]=5402.32
dp[22][620]=5659.57
dp[23][620]=5916.82
dp[24][620]=6174.08
Select best dp
Best k=2
dp[2][620]=-3.56e+12
dp[3][620]=-4.21e+12
dp[4][620]=-4.61e+12
dp[5][620]=-4.85e+12
dp[6][620]=-4.99e+12
dp[7][620]=-5.16e+12
dp[8][620]=-5.36e+12
dp[9][620]=-5.5e+12
dp[10][620]=-5.57e+12
dp[11][620]=-5.68e+12
dp[12][620]=-5.76e+12
dp[13][620]=-5.91e+12
dp[14][620]=-5.99e+12
dp[15][620]=-6.07e+12
dp[16][620]=-6.07e+12
dp[17][620]=-6.07e+12
dp[18][620]=-6.07e+12
dp[19][620]=-6.07e+12
dp[20][620]=-6.07e+12
dp[21][620]=-6.07e+12
dp[22][620]=-6.07e+12
dp[23][620]=-6.07e+12
dp[24][620]=-6.07e+12
Select best dp
Best k=15
Stratifying 5-th numerical feature ...
dp[2][620]=-2.67e+12
dp[3][620]=-2.93e+12
dp[4][620]=-2.93e+12
dp[5][620]=-2.93e+12
dp[6][620]=-2.93e+12
dp[7][620]=-2.93e+12
dp[8][620]=-2.93e+12
dp[9][620]=-2.93e+12
dp[10][620]=-2.93e+12
dp[11][620]=-2.93e+12
dp[12][620]=-2.93e+12
dp[13][620]=-2.93e+12
dp[14][620]=-2.93e+12
dp[15][620]=-2.93e+12
dp[16][620]=-2.93e+12
dp[17][620]=-2.93e+12
dp[18][620]=-2.93e+12
dp[19][620]=-2.93e+12
dp[20][620]=-2.93e+12
dp[21][620]=-2.93e+12
dp[22][620]=-2.93e+12
dp[23][620]=-2.93e+12
dp[24][620]=-2.93e+12
Select best dp
Best k=6
dp[2][620]=-193.794
dp[3][620]=-498.629
dp[4][620]=-643.748
dp[5][620]=-681.772
dp[6][620]=-662.052
dp[7][620]=-622.617
dp[8][620]=-575.846
dp[9][620]=-485.415
dp[10][620]=-381.506
dp[11][620]=-274.424
dp[12][620]=-160.533
dp[13][620]=-30.3881
dp[14][620]=104.158
dp[15][620]=239.886
dp[16][620]=395.419
dp[17][620]=553.058
dp[18][620]=716.671
dp[19][620]=887.56
dp[20][620]=1067.06
dp[21][620]=1248.75
dp[22][620]=1439.65
dp[23][620]=1663.09
dp[24][620]=1917.89
Select best dp
Best k=5
Stratifying 3-th numerical feature ...
dp[2][620]=-1.17e+12
dp[3][620]=-1.17e+12
dp[4][620]=-1.48e+12
dp[5][620]=-1.48e+12
dp[6][620]=-1.78e+12
dp[7][620]=-1.78e+12
dp[8][620]=-2.08e+12
dp[9][620]=-2.08e+12
dp[10][620]=-2.36e+12
dp[11][620]=-2.36e+12
dp[12][620]=-2.63e+12
dp[13][620]=-2.63e+12
dp[14][620]=-2.84e+12
dp[15][620]=-2.84e+12
dp[16][620]=-3.01e+12
dp[17][620]=-3.01e+12
dp[18][620]=-3.16e+12
dp[19][620]=-3.16e+12
dp[20][620]=-3.29e+12
dp[21][620]=-3.29e+12
dp[22][620]=-3.42e+12
dp[23][620]=-3.42e+12
dp[24][620]=-3.53e+12
Select best dp
Best k=24
Stratifying 6-th numerical feature ...
dp[2][620]=-2.67e+12
dp[3][620]=-2.93e+12
dp[4][620]=-3.01e+12
dp[5][620]=-3.06e+12
dp[6][620]=-3.11e+12
dp[7][620]=-3.16e+12
dp[8][620]=-3.2e+12
dp[9][620]=-3.25e+12
dp[10][620]=-3.28e+12
dp[11][620]=-3.34e+12
dp[12][620]=-3.37e+12
dp[13][620]=-3.41e+12
dp[14][620]=-3.44e+12
dp[15][620]=-3.46e+12
dp[16][620]=-3.49e+12
dp[17][620]=-3.49e+12
dp[18][620]=-3.49e+12
dp[19][620]=-3.49e+12
dp[20][620]=-3.49e+12
dp[21][620]=-3.49e+12
dp[22][620]=-3.49e+12
dp[23][620]=-3.49e+12
dp[24][620]=-3.49e+12
Select best dp
Best k=17
dp[2][620]=-6.3e+11
dp[3][620]=-9.2e+11
dp[4][620]=-9.6e+11
dp[5][620]=-1.25e+12
dp[6][620]=-1.25e+12
dp[7][620]=-1.52e+12
dp[8][620]=-1.52e+12
dp[9][620]=-1.79e+12
dp[10][620]=-1.79e+12
dp[11][620]=-2.05e+12
dp[12][620]=-2.05e+12
dp[13][620]=-2.05e+12
dp[14][620]=-2.05e+12
dp[15][620]=-2.05e+12
dp[16][620]=-2.05e+12
dp[17][620]=-2.05e+12
dp[18][620]=-2.05e+12
dp[19][620]=-2.05e+12
dp[20][620]=-2.05e+12
dp[21][620]=-2.05e+12
dp[22][620]=-2.05e+12
dp[23][620]=-1.78e+12
dp[24][620]=-1.45e+12
Select best dp
Best k=13
Stratifying 4-th numerical feature ...
dp[2][620]=-3.56e+12
dp[3][620]=-4.21e+12
dp[4][620]=-4.61e+12
dp[5][620]=-4.61e+12
dp[6][620]=-4.61e+12
dp[7][620]=-4.61e+12
dp[8][620]=-4.61e+12
dp[9][620]=-4.61e+12
dp[10][620]=-4.61e+12
dp[11][620]=-4.61e+12
dp[12][620]=-4.61e+12
dp[13][620]=-4.61e+12
dp[14][620]=-4.61e+12
dp[15][620]=-4.61e+12
dp[16][620]=-4.61e+12
dp[17][620]=-4.61e+12
dp[18][620]=-4.61e+12
dp[19][620]=-4.61e+12
dp[20][620]=-4.61e+12
dp[21][620]=-4.61e+12
dp[22][620]=-4.61e+12
dp[23][620]=-4.61e+12
dp[24][620]=-4.46e+12
Select best dp
Best k=5
Stratifying 5-th numerical feature ...
dp[2][620]=-1.17e+12
dp[3][620]=-1.17e+12
dp[4][620]=-1.48e+12
dp[5][620]=-1.48e+12
dp[6][620]=-1.78e+12
dp[7][620]=-1.78e+12
dp[8][620]=-2.08e+12
dp[9][620]=-2.08e+12
dp[10][620]=-2.35e+12
dp[11][620]=-2.35e+12
dp[12][620]=-2.35e+12
dp[13][620]=-2.35e+12
dp[14][620]=-2.35e+12
dp[15][620]=-2.35e+12
dp[16][620]=-2.35e+12
dp[17][620]=-2.35e+12
dp[18][620]=-2.35e+12
dp[19][620]=-2.35e+12
dp[20][620]=-2.35e+12
dp[21][620]=-2.34e+12
dp[22][620]=-2.32e+12
dp[23][620]=-2.21e+12
dp[24][620]=-2.06e+12
Select best dp
Best k=11
Stratifying 6-th numerical feature ...
dp[2][620]=-2.67e+12
dp[3][620]=-2.93e+12
dp[4][620]=-2.93e+12
dp[5][620]=-2.93e+12
dp[6][620]=-2.93e+12
dp[7][620]=-2.93e+12
dp[8][620]=-2.93e+12
dp[9][620]=-2.93e+12
dp[10][620]=-2.93e+12
dp[11][620]=-2.93e+12
dp[12][620]=-2.93e+12
dp[13][620]=-2.93e+12
dp[14][620]=-2.93e+12
dp[15][620]=-2.93e+12
dp[16][620]=-2.93e+12
dp[17][620]=-2.93e+12
dp[18][620]=-2.93e+12
dp[19][620]=-2.93e+12
dp[20][620]=-2.93e+12
dp[21][620]=-2.93e+12
dp[22][620]=-2.93e+12
dp[23][620]=-2.93e+12
dp[24][620]=-2.93e+12
Select best dp
Best k=6
