Standardize ...
Stratifying 1-th numerical feature ...
Standardize ...
Stratifying 1-th numerical feature ...
Standardize ...
Stratifying 1-th numerical feature ...
Standardize ...
Stratifying 1-th numerical feature ...
Standardize ...
Stratifying 1-th numerical feature ...
Standardize ...
Stratifying 1-th numerical feature ...
Standardize ...
Stratifying 1-th numerical feature ...
Standardize ...
Stratifying 1-th numerical feature ...
Standardize ...
Stratifying 1-th numerical feature ...
Standardize ...
Stratifying 1-th numerical feature ...
Standardize ...
Stratifying 1-th numerical feature ...
Standardize ...
Stratifying 1-th numerical feature ...
Standardize ...
Stratifying 1-th numerical feature ...
Standardize ...
Stratifying 1-th numerical feature ...
dp[2][188]=99.0249
dp[3][188]=119.903
dp[4][188]=188.35
dp[5][188]=276.893
dp[6][188]=385.987
dp[7][188]=508.888
dp[8][188]=647.7
dp[9][188]=798.025
Select best dp
Best k=2
Stratifying 2-th numerical feature ...
dp[2][188]=95.1729
dp[3][188]=80.1529
dp[4][188]=150.539
dp[5][188]=246.186
dp[6][188]=350.984
dp[7][188]=470.632
dp[8][188]=599.017
dp[9][188]=727.679
dp[10][188]=869.276
dp[11][188]=1015.34
dp[12][188]=1162.12
dp[13][188]=1309.02
Select best dp
Best k=3
dp[2][188]=99.0249
dp[3][188]=119.903
dp[4][188]=188.35
dp[5][188]=276.893
dp[6][188]=385.987
Stratifying 2-th numerical feature ...
dp[7][188]=506.393
dp[8][188]=636.226
dp[9][188]=770.957
dp[10][188]=913.046
dp[11][188]=1061.18
dp[12][188]=1209.63
dp[13][188]=1359.39
Select best dp
Best k=2
Stratifying 2-th numerical feature ...
dp[2][188]=99.0249
dp[3][188]=119.903
dp[4][188]=188.35
dp[5][188]=276.893
dp[6][188]=385.987
dp[7][188]=506.393
dp[8][188]=636.226
dp[9][188]=770.957
dp[10][188]=913.046
dp[11][188]=1061.18
dp[12][188]=1209.63
dp[13][188]=1359.39
Select best dp
Best k=2
Stratifying 2-th numerical feature ...
dp[2][188]=99.0249
dp[3][188]=119.903
dp[4][188]=188.35
dp[5][188]=276.893
dp[6][188]=385.987
dp[7][188]=506.393
dp[8][188]=634.354
dp[9][188]=769.085
dp[10][188]=906.851
dp[11][188]=1046.34
dp[12][188]=1193.2
dp[13][188]=1341.11
Select best dp
Best k=2
Stratifying 2-th numerical feature ...
dp[2][188]=145.267
dp[3][188]=163.268
dp[4][188]=224.764
dp[5][188]=326.895
dp[6][188]=443.276
dp[7][188]=565.571
dp[8][188]=699.668
dp[9][188]=840.423
Select best dp
Best k=2
Stratifying 3-th numerical feature ...
dp[2][188]=99.0249
dp[3][188]=119.903
dp[4][188]=188.35
dp[5][188]=276.893
dp[6][188]=385.987
dp[7][188]=506.393
dp[8][188]=636.226
dp[9][188]=770.957
dp[10][188]=913.046
dp[11][188]=1061.18
dp[12][188]=1209.63
dp[13][188]=1359.39
Select best dp
Best k=2
Stratifying 2-th numerical feature ...
dp[2][188]=51.1503
dp[3][188]=11.9884
dp[4][188]=33.6531
dp[5][188]=124.077
dp[6][188]=236.603
dp[7][188]=359.234
dp[8][188]=484.263
dp[9][188]=613.014
dp[10][188]=748.846
dp[11][188]=889.66
dp[12][188]=1040.44
dp[13][188]=1209.94
Select best dp
Best k=3
dp[2][188]=145.267
dp[3][188]=163.268
dp[4][188]=224.764
dp[5][188]=326.895
dp[6][188]=439.898
dp[7][188]=562.193
dp[8][188]=692.456
dp[9][188]=825.608
dp[10][188]=963.035
dp[11][188]=1104.42
dp[12][188]=1257.61
dp[13][188]=1432.88
Select best dp
Best k=2
Stratifying 3-th numerical feature ...
Stratifying 3-th numerical feature ...
dp[2][188]=145.267
dp[3][188]=163.268
dp[4][188]=224.764
dp[5][188]=326.895
dp[6][188]=439.898
dp[7][188]=562.193
dp[8][188]=692.456
dp[9][188]=825.608
dp[10][188]=963.035
dp[11][188]=1104.42
dp[12][188]=1257.61
dp[13][188]=1432.88
Select best dp
Best k=2
Stratifying 3-th numerical feature ...
dp[2][188]=366.922
dp[3][188]=550.383
dp[4][188]=733.845
dp[5][188]=917.306
dp[6][188]=1100.77
dp[7][188]=1284.23
dp[8][188]=1467.69
dp[9][188]=1651.15
dp[10][188]=1834.61
dp[11][188]=2018.07
dp[12][188]=2201.53
dp[13][188]=2384.99
Select best dp
Best k=2
Stratifying 2-th numerical feature ...
dp[2][188]=232.974
dp[3][188]=335.143
dp[4][188]=461.097
dp[5][188]=597.099
dp[6][188]=743.377
dp[7][188]=895.311
dp[8][188]=1051.96
dp[9][188]=1211.05
dp[10][188]=1373.83
dp[11][188]=1539.63
dp[12][188]=1705.58
dp[13][188]=1872.19
Select best dp
Best k=2
Stratifying 2-th numerical feature ...
dp[2][188]=-168.872
dp[3][188]=-310.578
dp[4][188]=-357.145
dp[5][188]=-363.52
dp[6][188]=-328.792
dp[7][188]=-271.442
dp[8][188]=-195.238
dp[9][188]=-109.237
dp[10][188]=-8.51943
dp[11][188]=104.289
dp[12][188]=217.733
dp[13][188]=333.784
Select best dp
Best k=5
Stratifying 2-th numerical feature ...
dp[2][188]=99.0249
dp[3][188]=119.903
dp[4][188]=188.35
dp[5][188]=276.893
dp[6][188]=385.987
dp[7][188]=506.393
dp[8][188]=636.226
dp[9][188]=770.957
dp[10][188]=913.046
dp[11][188]=1061.18
dp[12][188]=1209.63
dp[13][188]=1359.39
Select best dp
Best k=2
Stratifying 2-th numerical feature ...
dp[2][188]=99.0249
dp[3][188]=119.903
dp[4][188]=188.35
dp[5][188]=276.893
dp[6][188]=385.987
dp[7][188]=506.393
dp[8][188]=636.226
dp[9][188]=770.957
dp[10][188]=913.046
dp[11][188]=1061.18
dp[12][188]=1209.63
dp[13][188]=1359.39
Select best dp
Best k=2
dp[2][188]=85.4635
dp[3][188]=86.7909
dp[4][188]=153.551
dp[5][188]=241.738
dp[6][188]=341.445
dp[7][188]=460.715
dp[8][188]=585.053
dp[9][188]=714.322
dp[10][188]=847.362
dp[11][188]=989.055
dp[12][188]=1134.01
dp[13][188]=1279.24
Select best dp
Best k=2
Stratifying 2-th numerical feature ...
Stratifying 2-th numerical feature ...
dp[2][188]=99.0249
dp[3][188]=119.903
dp[4][188]=188.35
dp[5][188]=276.893
dp[6][188]=385.987
dp[7][188]=506.393
dp[8][188]=634.354
dp[9][188]=769.085
dp[10][188]=906.851
dp[11][188]=1046.34
dp[12][188]=1193.2
dp[13][188]=1341.45
Select best dp
Best k=2
Stratifying 2-th numerical feature ...
dp[2][188]=-134.603
dp[3][188]=-152.389
dp[4][188]=-79.17
dp[5][188]=11.4828
dp[6][188]=112.504
dp[7][188]=221.674
dp[8][188]=354.658
dp[9][188]=497.322
Select best dp
Best k=3
Stratifying 4-th numerical feature ...
dp[2][188]=145.267
dp[3][188]=163.268
dp[4][188]=224.764
dp[5][188]=326.895
dp[6][188]=438.474
dp[7][188]=560.77
dp[8][188]=691.032
dp[9][188]=823.419
dp[10][188]=958.124
dp[11][188]=1095.74
dp[12][188]=1242.75
dp[13][188]=1390.52
Select best dp
Best k=2
Stratifying 3-th numerical feature ...
dp[2][188]=-134.603
dp[3][188]=-152.389
dp[4][188]=-80.6936
dp[5][188]=-5.37181
dp[6][188]=91.8388
dp[7][188]=201.009
dp[8][188]=316.944
dp[9][188]=453.094
dp[10][188]=591.452
dp[11][188]=732.916
dp[12][188]=889.957
dp[13][188]=1052.01
Select best dp
Best k=3
Stratifying 4-th numerical feature ...
dp[2][188]=-302.478
dp[3][188]=-413.131
dp[4][188]=-373.976
dp[5][188]=-317.421
dp[6][188]=-251.566
dp[7][188]=-178.791
dp[8][188]=-96.4667
dp[9][188]=20.2556
dp[10][188]=154.42
dp[11][188]=291.559
dp[12][188]=450.781
dp[13][188]=619.19
Select best dp
Best k=3
Stratifying 4-th numerical feature ...
dp[2][188]=145.267
dp[3][188]=163.268
dp[4][188]=224.764
dp[5][188]=326.895
dp[6][188]=439.898
dp[7][188]=562.193
dp[8][188]=692.456
dp[9][188]=825.608
dp[10][188]=963.035
dp[11][188]=1104.42
dp[12][188]=1257.61
dp[13][188]=1432.88
Select best dp
Best k=2
Stratifying 3-th numerical feature ...
dp[2][188]=-134.603
dp[3][188]=-152.389
dp[4][188]=-80.6936
dp[5][188]=-5.37181
dp[6][188]=91.8388
dp[7][188]=201.009
dp[8][188]=316.944
dp[9][188]=453.094
dp[10][188]=591.452
dp[11][188]=732.916
dp[12][188]=889.957
dp[13][188]=1052.01
Select best dp
Best k=3
Stratifying 4-th numerical feature ...
dp[2][188]=99.0249
dp[3][188]=119.903
dp[4][188]=188.35
dp[5][188]=276.893
dp[6][188]=385.987
dp[7][188]=506.393
dp[8][188]=634.354
dp[9][188]=769.085
dp[10][188]=906.851
dp[11][188]=1046.34
dp[12][188]=1192.83
dp[13][188]=1339.69
Select best dp
Best k=2
Stratifying 2-th numerical feature ...
dp[2][188]=-1653.92
dp[3][188]=-2035.3
dp[4][188]=-2040.35
dp[5][188]=-2066.19
dp[6][188]=-2032.15
dp[7][188]=-1941.18
dp[8][188]=-1830.28
dp[9][188]=-1702.03
Select best dp
Best k=5
Stratifying 5-th numerical feature ...
dp[2][188]=-1653.92
dp[3][188]=-2035.3
dp[4][188]=-2040.35
dp[5][188]=-2089.37
dp[6][188]=-2066.04
dp[7][188]=-2031.97
dp[8][188]=-1963.69
dp[9][188]=-1843.35
dp[10][188]=-1721.93
dp[11][188]=-1578.79
dp[12][188]=-1417.67
dp[13][188]=-1233.7
Select best dp
Best k=5
Stratifying 5-th numerical feature ...
dp[2][188]=-1653.92
dp[3][188]=-2035.3
dp[4][188]=-2040.35
dp[5][188]=-2089.37
dp[6][188]=-2066.04
dp[7][188]=-2031.97
dp[8][188]=-1963.69
dp[9][188]=-1843.35
dp[10][188]=-1721.93
dp[11][188]=-1578.79
dp[12][188]=-1417.67
dp[13][188]=-1233.7
Select best dp
Best k=5
Stratifying 5-th numerical feature ...
dp[2][188]=-134.603
dp[3][188]=-152.389
dp[4][188]=-80.6936
dp[5][188]=-5.37181
dp[6][188]=91.8388
dp[7][188]=201.009
dp[8][188]=316.944
dp[9][188]=453.094
dp[10][188]=591.452
dp[11][188]=732.916
dp[12][188]=889.957
dp[13][188]=1052.01
Select best dp
Best k=3
Stratifying 4-th numerical feature ...
dp[2][188]=-134.603
dp[3][188]=-1e+11
dp[4][188]=-1.7e+11
dp[5][188]=-1.9e+11
dp[6][188]=-2.6e+11
dp[7][188]=-2.7e+11
dp[8][188]=-3.4e+11
dp[9][188]=-3.4e+11
dp[10][188]=-4e+11
dp[11][188]=-4e+11
dp[12][188]=-4.5e+11
dp[13][188]=-4.5e+11
Select best dp
Best k=12
Stratifying 4-th numerical feature ...
dp[2][188]=-1653.92
dp[3][188]=-2035.3
dp[4][188]=-2040.35
dp[5][188]=-2089.37
dp[6][188]=-2066.04
dp[7][188]=-2031.97
dp[8][188]=-1963.69
dp[9][188]=-1843.35
dp[10][188]=-1721.93
dp[11][188]=-1578.79
dp[12][188]=-1417.67
dp[13][188]=-1233.7
Select best dp
Best k=5
Stratifying 5-th numerical feature ...
dp[2][188]=366.922
dp[3][188]=550.383
dp[4][188]=733.845
dp[5][188]=917.306
dp[6][188]=1100.77
dp[7][188]=1284.23
dp[8][188]=1467.69
dp[9][188]=1651.15
dp[10][188]=1834.61
dp[11][188]=2018.07
dp[12][188]=2201.53
dp[13][188]=2384.99
Select best dp
Best k=2
Stratifying 3-th numerical feature ...
dp[2][188]=256.095
dp[3][188]=356.826
dp[4][188]=479.304
dp[5][188]=622.1
dp[6][188]=770.332
dp[7][188]=923.211
dp[8][188]=1080.07
dp[9][188]=1238.38
dp[10][188]=1398.82
dp[11][188]=1561.25
dp[12][188]=1729.57
dp[13][188]=1908.94
Select best dp
Best k=2
Stratifying 3-th numerical feature ...
dp[2][188]=-76.3879
dp[3][188]=-223.847
dp[4][188]=-284.316
dp[5][188]=-263.516
dp[6][188]=-220.971
dp[7][188]=-159.841
dp[8][188]=-82.7773
dp[9][188]=0.0659606
dp[10][188]=91.4581
dp[11][188]=190.767
dp[12][188]=313.691
dp[13][188]=480.766
Select best dp
Best k=4
Stratifying 3-th numerical feature ...
dp[2][188]=145.267
dp[3][188]=163.268
dp[4][188]=224.764
dp[5][188]=326.895
dp[6][188]=439.898
dp[7][188]=562.193
dp[8][188]=692.456
dp[9][188]=825.608
dp[10][188]=963.035
dp[11][188]=1104.42
dp[12][188]=1257.61
dp[13][188]=1432.88
Select best dp
Best k=2
Stratifying 3-th numerical feature ...
dp[2][188]=145.267
dp[2][188]=-171.315
dp[3][188]=163.268
dp[3][188]=-219.397
dp[4][188]=-167.818
dp[4][188]=224.764
dp[5][188]=-86.9937
dp[5][188]=326.895
dp[6][188]=21.2759
dp[7][188]=143.666
dp[6][188]=439.898
dp[8][188]=275.195
dp[7][188]=562.193
dp[9][188]=432.525
Select best dp
dp[8][188]=692.456
Best k=3
dp[9][188]=825.608
dp[10][188]=963.035
dp[11][188]=1104.42
dp[12][188]=1257.61
dp[13][188]=1432.88
Select best dp
Best k=2
Stratifying 6-th numerical feature ...
Stratifying 3-th numerical feature ...
dp[2][188]=-171.315
dp[3][188]=-219.397
dp[4][188]=-167.818
dp[5][188]=-86.9937
dp[6][188]=21.2759
dp[7][188]=143.666
dp[8][188]=269.321
dp[9][188]=402.678
dp[10][188]=536.19
dp[11][188]=677.965
dp[12][188]=823.139
dp[13][188]=982.573
Select best dp
Best k=3
Stratifying 6-th numerical feature ...
dp[2][188]=59.6213
dp[3][188]=24.5946
dp[4][188]=45.1516
dp[5][188]=134.725
dp[6][188]=248.413
dp[7][188]=366.107
dp[8][188]=488.222
dp[9][188]=612.857
dp[10][188]=748.028
dp[11][188]=887.621
dp[12][188]=1039.31
dp[13][188]=1208.73
Select best dp
Best k=3
Stratifying 3-th numerical feature ...
dp[2][188]=-1653.92
dp[3][188]=-2035.3
dp[4][188]=-2040.35
dp[5][188]=-2089.37
dp[6][188]=-2066.04
dp[7][188]=-2031.97
dp[8][188]=-1963.69
dp[9][188]=-1843.35
dp[10][188]=-1721.93
dp[11][188]=-1578.79
dp[12][188]=-1417.67
dp[13][188]=-1233.7
Select best dp
Best k=5
Stratifying 5-th numerical feature ...
dp[2][188]=145.267
dp[3][188]=163.268
dp[4][188]=224.764
dp[5][188]=326.895
dp[6][188]=438.474
dp[7][188]=560.77
dp[8][188]=691.032
dp[9][188]=823.419
dp[10][188]=958.124
dp[11][188]=1095.74
dp[12][188]=1243.25
dp[13][188]=1393.23
Select best dp
Best k=2
Stratifying 3-th numerical feature ...
dp[2][188]=-171.315
dp[3][188]=-219.397
dp[4][188]=-167.818
dp[5][188]=-86.9937
dp[6][188]=21.2759
dp[7][188]=143.666
dp[8][188]=269.321
dp[9][188]=402.678
dp[10][188]=536.19
dp[11][188]=677.965
dp[12][188]=823.139
dp[13][188]=982.573
Select best dp
Best k=3
Stratifying 6-th numerical feature ...
dp[2][188]=-672.373
dp[3][188]=-806.952
dp[4][188]=-791.807
dp[5][188]=-745.728
dp[6][188]=-664.109
dp[7][188]=-552.131
dp[8][188]=-437.822
dp[9][188]=-322.939
dp[10][188]=-187.919
dp[11][188]=-47.4224
dp[12][188]=94.4897
dp[13][188]=251.57
Select best dp
Best k=3
Stratifying 6-th numerical feature ...
dp[2][188]=-2241.98
dp[3][188]=-2438.75
dp[4][188]=-2424.21
dp[5][188]=-2387.68
dp[6][188]=-2294.44
dp[7][188]=-2187.19
dp[8][188]=-2074.22
dp[9][188]=-1948.94
Select best dp
Best k=3
Stratifying 7-th numerical feature ...
dp[2][188]=-1653.92
dp[3][188]=-2035.3
dp[4][188]=-2070.44
dp[5][188]=-2153.44
dp[6][188]=-2131.4
dp[7][188]=-2108.07
dp[8][188]=-2048.93
dp[9][188]=-1933.42
dp[10][188]=-1821.31
dp[11][188]=-1693.26
dp[12][188]=-1561.03
dp[13][188]=-1428.04
Select best dp
Best k=5
Stratifying 5-th numerical feature ...
dp[2][188]=-2250.01
dp[3][188]=-2455.25
dp[4][188]=-2444.66
dp[5][188]=-2408.02
dp[6][188]=-2325.02
dp[7][188]=-2229.98
dp[8][188]=-2128.46
dp[9][188]=-2016.61
dp[10][188]=-1900.18
dp[11][188]=-1769.15
dp[12][188]=-1615.38
dp[13][188]=-1426.21
Select best dp
Best k=3
Stratifying 7-th numerical feature ...
dp[2][188]=-293.862
dp[3][188]=-447.847
dp[4][188]=-592.133
dp[5][188]=-585.288
dp[6][188]=-513.939
dp[7][188]=-425.445
dp[8][188]=-295.297
dp[9][188]=-150.424
Select best dp
Best k=4
Stratifying 8-th numerical feature ...
dp[2][188]=-171.315
dp[3][188]=-219.397
dp[4][188]=-167.818
dp[5][188]=-86.9937
dp[6][188]=21.2759
dp[7][188]=143.666
dp[8][188]=269.321
dp[9][188]=402.678
dp[10][188]=536.19
dp[11][188]=677.965
dp[12][188]=823.139
dp[13][188]=982.573
Select best dp
Best k=3
Stratifying 6-th numerical feature ...
dp[2][188]=145.267
dp[3][188]=163.268
dp[4][188]=224.764
dp[5][188]=326.895
dp[6][188]=438.474
dp[7][188]=560.77
dp[8][188]=691.032
dp[9][188]=823.419
dp[10][188]=958.124
dp[11][188]=1095.74
dp[12][188]=1242.75
dp[13][188]=1390.52
Select best dp
Best k=2
Stratifying 3-th numerical feature ...
dp[2][188]=-2250.01
dp[3][188]=-2455.25
dp[4][188]=-2444.66
dp[5][188]=-2408.02
dp[6][188]=-2325.02
dp[7][188]=-2229.98
dp[8][188]=-2128.46
dp[9][188]=-2016.61
dp[10][188]=-1900.18
dp[11][188]=-1769.15
dp[12][188]=-1615.38
dp[13][188]=-1426.21
Select best dp
Best k=3
Stratifying 7-th numerical feature ...
dp[2][188]=-2078.83
dp[3][188]=-2292.48
dp[4][188]=-2283.06
dp[5][188]=-2239.94
dp[6][188]=-2161.96
dp[7][188]=-2059.16
dp[8][188]=-1954.43
dp[9][188]=-1842.91
dp[10][188]=-1722.9
dp[11][188]=-1591.96
dp[12][188]=-1437.81
dp[13][188]=-1255.97
Select best dp
Best k=3
Stratifying 7-th numerical feature ...
dp[2][188]=366.922
dp[3][188]=550.383
dp[4][188]=733.845
dp[5][188]=917.306
dp[6][188]=1100.77
dp[7][188]=1284.23
dp[8][188]=1467.69
dp[9][188]=1651.15
dp[10][188]=1834.61
dp[11][188]=2018.07
dp[12][188]=2201.53
dp[13][188]=2384.99
Select best dp
Best k=2
Stratifying 4-th numerical feature ...
dp[2][188]=116.16
dp[3][188]=198.997
dp[4][188]=326.576
dp[5][188]=455.967
dp[6][188]=596.303
dp[7][188]=742.619
dp[8][188]=892.316
dp[9][188]=1052.12
dp[10][188]=1213.03
dp[11][188]=1375.49
dp[12][188]=1545.75
dp[13][188]=1718.5
Select best dp
Best k=2
Stratifying 4-th numerical feature ...
dp[2][188]=-134.603
dp[3][188]=-152.389
dp[4][188]=-80.6936
dp[5][188]=-5.37181
dp[6][188]=91.8388
dp[7][188]=201.009
dp[8][188]=316.944
dp[9][188]=453.094
dp[10][188]=591.452
dp[11][188]=732.916
dp[2][188]=-636.128
dp[12][188]=889.957
dp[3][188]=-855.161
dp[13][188]=1052.01
dp[4][188]=-895.232
Select best dp
dp[5][188]=-928.049
Best k=3
dp[6][188]=-917.089
dp[7][188]=-882.209
dp[8][188]=-833.802
dp[9][188]=-744.963
dp[10][188]=-651.708
dp[11][188]=-552.24
dp[12][188]=-421.619
dp[13][188]=-280.985
Select best dp
Best k=5
Stratifying 4-th numerical feature ...
Stratifying 4-th numerical feature ...
dp[2][188]=-134.603
dp[3][188]=-152.389
dp[4][188]=-80.6936
dp[5][188]=-5.37181
dp[6][188]=91.8388
dp[7][188]=201.009
dp[8][188]=316.944
dp[9][188]=453.094
dp[10][188]=591.452
dp[11][188]=732.916
dp[12][188]=889.957
dp[13][188]=1052.01
Select best dp
Best k=3
Stratifying 4-th numerical feature ...
dp[2][188]=-171.315
dp[3][188]=-8e+10
dp[4][188]=-1.4e+11
dp[5][188]=-1.6e+11
dp[6][188]=-2.2e+11
dp[7][188]=-2.2e+11
dp[8][188]=-2.8e+11
dp[9][188]=-2.8e+11
dp[10][188]=-3.4e+11
dp[11][188]=-3.4e+11
dp[12][188]=-3.4e+11
dp[13][188]=-3.4e+11
Select best dp
Best k=11
Stratifying 6-th numerical feature ...
dp[2][188]=-292.864
dp[3][188]=-440.936
dp[4][188]=-573.65
dp[5][188]=-592.069
dp[6][188]=-520.475
dp[7][188]=-431.379
dp[8][188]=-301.746
dp[9][188]=-166.179
Select best dp
Best k=5
Stratifying 9-th numerical feature ...
dp[2][188]=-279.784
dp[3][188]=-421.958
dp[4][188]=-559.2
dp[5][188]=-549.729
dp[6][188]=-475.527
dp[7][188]=-385.375
dp[8][188]=-287.811
dp[9][188]=-183.213
dp[10][188]=-54.7043
dp[11][188]=77.6633
dp[12][188]=221.21
dp[13][188]=393.962
Select best dp
Best k=4
Stratifying 8-th numerical feature ...
dp[2][188]=-2250.01
dp[3][188]=-2455.25
dp[4][188]=-2444.66
dp[5][188]=-2408.02
dp[6][188]=-2325.02
dp[7][188]=-2229.98
dp[8][188]=-2128.46
dp[9][188]=-2016.61
dp[10][188]=-1900.18
dp[11][188]=-1769.15
dp[12][188]=-1615.38
dp[13][188]=-1426.21
Select best dp
Best k=3
Stratifying 7-th numerical feature ...
dp[2][188]=-267.793
dp[3][188]=-401.448
dp[4][188]=-526.855
dp[5][188]=-512.426
dp[6][188]=-433.667
dp[7][188]=-341.666
dp[8][188]=-243.462
dp[9][188]=-135.875
dp[10][188]=-6.92886
dp[11][188]=127.569
dp[12][188]=272.336
dp[13][188]=445.311
Select best dp
Best k=4
Stratifying 8-th numerical feature ...
dp[2][188]=-340.907
dp[3][188]=-533.713
dp[4][188]=-713.921
dp[5][188]=-728.781
dp[6][188]=-671.166
dp[7][188]=-592.983
dp[8][188]=-497.302
dp[9][188]=-397.729
dp[10][188]=-276.31
dp[11][188]=-149.235
dp[12][188]=-4.42461
dp[13][188]=163.857
Select best dp
Best k=5
Stratifying 8-th numerical feature ...
dp[2][188]=-134.603
dp[3][188]=-1e+11
dp[4][188]=-1e+11
dp[5][188]=-1e+11
dp[6][188]=-1e+11
dp[7][188]=-1e+11
dp[8][188]=-1e+11
dp[9][188]=-1e+11
dp[10][188]=-1e+11
dp[11][188]=-1e+11
dp[12][188]=-1e+11
dp[13][188]=-1e+11
Select best dp
Best k=4
Stratifying 4-th numerical feature ...
dp[2][188]=-257.963
dp[3][188]=-309.452
dp[4][188]=-265.812
dp[5][188]=-207.494
dp[6][188]=-125.679
dp[7][188]=-30.4961
dp[8][188]=67.5512
dp[9][188]=192.483
dp[10][188]=327.949
dp[11][188]=468.74
dp[12][188]=624.968
dp[13][188]=787.161
Select best dp
Best k=3
dp[2][188]=-293.957
dp[3][188]=-453.384
dp[4][188]=-557.851
dp[5][188]=-491.074
dp[6][188]=-430.308
dp[7][188]=-356.258
dp[8][188]=-227.688
dp[9][188]=-72.9143
Select best dp
Best k=4
Stratifying 4-th numerical feature ...
Stratifying 10-th numerical feature ...
dp[2][188]=-278.333
dp[3][188]=-413.964
dp[4][188]=-544.435
dp[5][188]=-556.98
dp[6][188]=-482.205
dp[7][188]=-392.473
dp[8][188]=-285.341
dp[9][188]=-174.052
dp[10][188]=-50.58
dp[11][188]=74.1253
dp[12][188]=215.462
dp[13][188]=395.207
Select best dp
Best k=5
Stratifying 9-th numerical feature ...
dp[2][188]=-279.784
dp[3][188]=-421.958
dp[4][188]=-559.2
dp[5][188]=-549.729
dp[6][188]=-475.527
dp[7][188]=-385.375
dp[8][188]=-287.811
dp[9][188]=-183.213
dp[10][188]=-54.7043
dp[11][188]=77.6633
dp[12][188]=221.21
dp[13][188]=393.962
Select best dp
Best k=4
Stratifying 8-th numerical feature ...
dp[2][188]=-256.039
dp[3][188]=-378.668
dp[4][188]=-498.272
dp[5][188]=-499.639
dp[6][188]=-419.427
dp[7][188]=-327.286
dp[8][188]=-220.914
dp[9][188]=-107.001
dp[10][188]=16.517
dp[11][188]=140.205
dp[12][188]=283.712
dp[13][188]=462.538
Select best dp
Best k=5
Stratifying 9-th numerical feature ...
dp[2][188]=-2250.01
dp[3][188]=-2455.25
dp[4][188]=-2444.66
dp[5][188]=-2409.81
dp[6][188]=-2373.27
dp[7][188]=-2284.78
dp[8][188]=-2189.62
dp[9][188]=-2088.11
dp[10][188]=-1981.85
dp[11][188]=-1866.34
dp[12][188]=-1745.73
dp[13][188]=-1620.13
Select best dp
Best k=3
Stratifying 7-th numerical feature ...
dp[2][188]=-339.63
dp[3][188]=-526.434
dp[4][188]=-683.698
dp[5][188]=-728.791
dp[6][188]=-671.622
dp[7][188]=-591.13
dp[8][188]=-489.215
dp[9][188]=-385.304
dp[10][188]=-266.811
dp[11][188]=-134.484
dp[12][188]=9.17291
dp[13][188]=194.776
Select best dp
Best k=5
Stratifying 9-th numerical feature ...
dp[2][188]=-996.119
dp[3][188]=-1258.24
dp[4][188]=-1221.3
dp[5][188]=-1209.09
dp[6][188]=-1129.52
dp[7][188]=-1048.24
dp[8][188]=-949.045
dp[9][188]=-797.995
dp[10][188]=-654.912
dp[11][188]=-493.96
dp[12][188]=-317.402
dp[13][188]=-113.948
Select best dp
Best k=3
Stratifying 5-th numerical feature ...
dp[2][188]=-338.319
dp[3][188]=-481.186
dp[4][188]=-422.717
dp[5][188]=-336.74
dp[6][188]=-204.158
dp[7][188]=-70.2723
dp[8][188]=62.3091
dp[9][188]=240.763
dp[10][188]=408.242
dp[11][188]=588.936
dp[12][188]=782.863
dp[13][188]=1005.36
Select best dp
Best k=3
Stratifying 5-th numerical feature ...
dp[2][188]=-260.962
dp[3][188]=-435.53
dp[4][188]=-591.682
dp[5][188]=-577.744
dp[6][188]=-504.869
dp[7][188]=-400.098
dp[8][188]=-290.365
dp[9][188]=-94.0468
Select best dp
Best k=4
Stratifying 11-th numerical feature ...
dp[2][188]=-2975.03
dp[3][188]=-3589.41
dp[4][188]=-3725.76
dp[5][188]=-3891.73
dp[6][188]=-3979.42
dp[7][188]=-3999.44
dp[8][188]=-3992.99
dp[9][188]=-3936.07
dp[10][188]=-3856.36
dp[11][188]=-3748.83
dp[12][188]=-3618.2
dp[13][188]=-3476.75
Select best dp
Best k=7
Stratifying 5-th numerical feature ...
dp[2][188]=-964.483
dp[3][188]=-1019.3
dp[4][188]=-983.315
dp[5][188]=-919.463
dp[6][188]=-833.027
dp[7][188]=-728.162
dp[8][188]=-606.235
dp[9][188]=-472.4
dp[10][188]=-337.605
dp[11][188]=-200.481
dp[12][188]=-40.7807
dp[13][188]=131.646
Select best dp
Best k=3
Stratifying 5-th numerical feature ...
dp[2][188]=-1653.92
dp[3][188]=-2035.3
dp[4][188]=-2040.35
dp[5][188]=-2089.37
dp[6][188]=-2066.04
dp[7][188]=-2031.97
dp[8][188]=-1963.69
dp[9][188]=-1843.35
dp[10][188]=-1721.93
dp[11][188]=-1578.79
dp[12][188]=-1417.67
dp[13][188]=-1233.7
Select best dp
Best k=5
Stratifying 5-th numerical feature ...
dp[2][188]=-281.385
dp[3][188]=-430.649
dp[4][188]=-529.056
dp[5][188]=-491.2
dp[6][188]=-430.918
dp[7][188]=-354.536
dp[8][188]=-256.953
dp[9][188]=-128.856
dp[10][188]=7.52872
dp[11][188]=147.202
dp[12][188]=304.239
dp[13][188]=486.677
Select best dp
Best k=4
Stratifying 10-th numerical feature ...
dp[2][188]=-5e+10
dp[3][188]=-1e+11
dp[4][188]=-1.7e+11
dp[5][188]=-2.2e+11
dp[6][188]=-2.6e+11
dp[7][188]=-3.1e+11
dp[8][188]=-3.6e+11
dp[9][188]=-4.1e+11
dp[10][188]=-4.5e+11
dp[11][188]=-5e+11
dp[12][188]=-5.4e+11
dp[13][188]=-5.6e+11
Select best dp
Best k=13
Stratifying 4-th numerical feature ...
dp[2][188]=-278.333
dp[3][188]=-413.964
dp[4][188]=-544.435
dp[5][188]=-556.98
dp[6][188]=-482.205
dp[7][188]=-392.473
dp[8][188]=-285.341
dp[9][188]=-174.052
dp[10][188]=-50.58
dp[11][188]=74.1253
dp[12][188]=215.462
dp[13][188]=395.207
Select best dp
Best k=5
Stratifying 9-th numerical feature ...
dp[2][188]=-269.911
dp[3][188]=-410.74
dp[4][188]=-497.749
dp[5][188]=-453.807
dp[6][188]=-393.583
dp[7][188]=-312.576
dp[8][188]=-211.886
dp[9][188]=-82.1744
dp[10][188]=54.2258
dp[11][188]=193.938
dp[12][188]=352.384
dp[13][188]=533.899
Select best dp
Best k=4
Stratifying 10-th numerical feature ...
dp[2][188]=-340.912
dp[3][188]=-539.038
dp[4][188]=-676.765
dp[5][188]=-661.034
dp[6][188]=-604.305
dp[7][188]=-542.996
dp[8][188]=-452.623
dp[9][188]=-328.445
dp[10][188]=-198.831
dp[11][188]=-59.3885
dp[12][188]=97.2012
dp[13][188]=287.022
Select best dp
Best k=4
Stratifying 10-th numerical feature ...
dp[2][188]=-103.052
dp[3][188]=-141.382
dp[4][188]=-116.487
dp[5][188]=-53.1489
dp[6][188]=31.8085
dp[7][188]=138.889
dp[8][188]=275.058
dp[9][188]=417.445
Select best dp
Best k=3
Stratifying 12-th numerical feature ...
dp[2][188]=-2.17684e+10
dp[3][188]=-2.17684e+10
dp[4][188]=-2.17684e+10
dp[5][188]=-2.17684e+10
dp[6][188]=-2.17684e+10
dp[7][188]=-2.17684e+10
dp[8][188]=-2.17684e+10
dp[9][188]=-2.17684e+10
dp[10][188]=-2.17684e+10
dp[11][188]=-2.17684e+10
dp[12][188]=-2.17684e+10
dp[13][188]=-2.17684e+10
Select best dp
Best k=5
Stratifying 8-th numerical feature ...
dp[2][188]=-245.912
dp[3][188]=-420.827
dp[4][188]=-566.2
dp[5][188]=-551.227
dp[6][188]=-475.704
dp[7][188]=-369.513
dp[8][188]=-265.005
dp[9][188]=-150.109
dp[10][188]=-32.8471
dp[11][188]=101.795
dp[12][188]=236.624
dp[13][188]=422.63
Select best dp
Best k=4
Stratifying 11-th numerical feature ...
dp[2][188]=-1653.92
dp[3][188]=-2035.3
dp[4][188]=-2052.79
dp[5][188]=-2132.13
dp[6][188]=-2110.09
dp[7][188]=-2086.76
dp[8][188]=-2027.62
dp[9][188]=-1914.63
dp[10][188]=-1800
dp[11][188]=-1687
dp[12][188]=-1554.01
dp[13][188]=-1416.2
Select best dp
Best k=5
Stratifying 5-th numerical feature ...
dp[2][188]=-281.385
dp[3][188]=-430.649
dp[4][188]=-529.056
dp[5][188]=-491.2
dp[6][188]=-430.918
dp[7][188]=-354.536
dp[8][188]=-256.953
dp[9][188]=-128.856
dp[10][188]=7.52872
dp[11][188]=147.202
dp[12][188]=304.239
dp[13][188]=486.677
Select best dp
Best k=4
Stratifying 10-th numerical feature ...
dp[2][188]=-165.495
dp[3][188]=-154.703
dp[4][188]=-112.537
dp[5][188]=-65.2735
dp[6][188]=-15.4924
dp[7][188]=94.3678
dp[8][188]=223.799
dp[9][188]=388.013
Select best dp
Best k=2
Stratifying 13-th numerical feature ...
dp[2][188]=-231.322
dp[3][188]=-397.472
dp[4][188]=-534.095
dp[5][188]=-514.786
dp[6][188]=-434.764
dp[7][188]=-326.722
dp[8][188]=-221.206
dp[9][188]=-107.043
dp[10][188]=12.3426
dp[11][188]=147.002
dp[12][188]=282.697
dp[13][188]=469.171
Select best dp
Best k=4
Stratifying 11-th numerical feature ...
dp[2][188]=-313.308
dp[3][188]=-518.724
dp[4][188]=-716.495
dp[5][188]=-720.787
dp[6][188]=-661.399
dp[7][188]=-562.174
dp[8][188]=-461.224
dp[9][188]=-357.595
dp[10][188]=-244.981
dp[11][188]=-111.018
dp[12][188]=24.8576
dp[13][188]=213.281
Select best dp
Best k=5
Stratifying 11-th numerical feature ...
dp[2][188]=-1339.38
dp[3][188]=-1581.31
dp[4][188]=-1568
dp[5][188]=-1560.18
dp[6][188]=-1516.05
dp[7][188]=-1435.25
dp[8][188]=-1345.12
dp[9][188]=-1226.43
dp[10][188]=-1097.2
dp[11][188]=-953.236
dp[12][188]=-799.639
dp[13][188]=-639.822
Select best dp
Best k=3
Stratifying 5-th numerical feature ...
dp[2][188]=97.8039
dp[3][188]=165.493
dp[4][188]=283.013
dp[5][188]=415.156
dp[6][188]=561.021
dp[7][188]=713.947
dp[8][188]=868.505
dp[9][188]=1026.91
dp[10][188]=1185.4
dp[11][188]=1348.02
dp[12][188]=1512.34
dp[13][188]=1683.78
Select best dp
Best k=2
Stratifying 6-th numerical feature ...
dp[2][188]=-709.551
dp[3][188]=-989.177
dp[4][188]=-1069.48
dp[5][188]=-1091.29
dp[6][188]=-1058.22
dp[7][188]=-996.896
dp[8][188]=-929.047
dp[9][188]=-845.795
dp[10][188]=-762.231
dp[11][188]=-662.143
dp[12][188]=-555.256
dp[13][188]=-419.848
Select best dp
Best k=5
Stratifying 6-th numerical feature ...
dp[2][188]=366.922
dp[3][188]=550.383
dp[4][188]=733.845
dp[5][188]=917.306
dp[6][188]=1100.77
dp[7][188]=1284.23
dp[8][188]=1467.69
dp[9][188]=1651.15
dp[10][188]=1834.61
dp[11][188]=2018.07
dp[12][188]=2201.53
dp[13][188]=2384.99
Select best dp
Best k=2
Stratifying 6-th numerical feature ...
dp[2][188]=-171.315
dp[3][188]=-219.397
dp[4][188]=-167.818
dp[5][188]=-86.9937
dp[6][188]=21.2759
dp[7][188]=143.666
dp[8][188]=269.321
dp[9][188]=402.678
dp[10][188]=536.19
dp[11][188]=677.965
dp[12][188]=823.139
dp[13][188]=982.573
Select best dp
Best k=3
Stratifying 6-th numerical feature ...
dp[2][188]=-171.315
dp[3][188]=-219.397
dp[4][188]=-167.818
dp[5][188]=-86.9937
dp[6][188]=21.2759
dp[7][188]=143.666
dp[8][188]=269.321
dp[9][188]=402.678
dp[10][188]=536.19
dp[11][188]=677.965
dp[12][188]=823.139
dp[13][188]=982.573
Select best dp
Best k=3
Stratifying 6-th numerical feature ...
dp[2][188]=-1e+11
dp[3][188]=-1e+11
dp[4][188]=-1e+11
dp[5][188]=-1e+11
dp[6][188]=-1e+11
dp[7][188]=-1e+11
dp[8][188]=-1e+11
dp[9][188]=-1e+11
dp[10][188]=-1e+11
dp[11][188]=-1e+11
dp[12][188]=-1e+11
dp[13][188]=-1e+11
Select best dp
Best k=5
Stratifying 9-th numerical feature ...
dp[2][188]=-103.545
dp[3][188]=-142.059
dp[4][188]=-117.384
dp[5][188]=-53.9958
dp[6][188]=27.8565
dp[7][188]=112.731
dp[8][188]=239.092
dp[9][188]=371.286
dp[10][188]=505.971
dp[11][188]=647.608
dp[12][188]=800.102
dp[13][188]=970.254
Select best dp
Best k=3
Stratifying 12-th numerical feature ...
dp[2][188]=-50.9856
dp[3][188]=-140.302
dp[4][188]=-99.4782
dp[5][188]=-31.059
dp[6][188]=62.0033
dp[7][188]=165.211
dp[8][188]=273.973
dp[9][188]=407.7
Select best dp
Best k=3
Stratifying 14-th numerical feature ...
dp[2][188]=-245.912
dp[3][188]=-420.827
dp[4][188]=-566.2
dp[5][188]=-551.227
dp[6][188]=-475.704
dp[7][188]=-369.513
dp[8][188]=-265.005
dp[9][188]=-150.109
dp[10][188]=-32.8471
dp[11][188]=101.795
dp[12][188]=236.624
dp[13][188]=422.63
Select best dp
Best k=4
Stratifying 11-th numerical feature ...
dp[2][188]=-41.9543
dp[3][188]=-72.8876
dp[4][188]=-35.9726
dp[5][188]=29.3564
dp[6][188]=106.09
dp[7][188]=192.745
dp[8][188]=316.265
dp[9][188]=447.44
dp[10][188]=582.221
dp[11][188]=720.758
dp[12][188]=868.587
dp[13][188]=1039.19
Select best dp
Best k=3
Stratifying 12-th numerical feature ...
dp[2][188]=147.545
dp[3][188]=169.676
dp[4][188]=225.945
dp[5][188]=317.982
dp[6][188]=410.556
dp[7][188]=509.474
dp[8][188]=639.327
dp[9][188]=772.742
dp[10][188]=908.612
dp[11][188]=1053.78
dp[12][188]=1207.35
dp[13][188]=1384.1
Select best dp
Best k=2
Stratifying 12-th numerical feature ...
dp[2][188]=-282.477
dp[3][188]=-442.238
dp[4][188]=-576.91
dp[5][188]=-540.96
dp[6][188]=-466.352
dp[7][188]=-379.602
dp[8][188]=-262.895
dp[9][188]=-131.166
Select best dp
Best k=4
Stratifying 15-th numerical feature ...
dp[2][188]=-5e+10
dp[3][188]=-5e+10
dp[4][188]=-5e+10
dp[5][188]=-5e+10
dp[6][188]=-5e+10
dp[7][188]=-5e+10
dp[8][188]=-5e+10
dp[9][188]=-5e+10
dp[10][188]=-5e+10
dp[11][188]=-5e+10
dp[12][188]=-5e+10
dp[13][188]=-5e+10
Select best dp
Best k=6
Stratifying 5-th numerical feature ...
dp[2][188]=-162.832
dp[3][188]=-151.795
dp[4][188]=-110.033
dp[5][188]=-63.5479
dp[6][188]=-13.1321
dp[7][188]=93.9829
dp[8][188]=203.72
dp[9][188]=336.322
dp[10][188]=483.086
dp[11][188]=638.361
dp[12][188]=800.811
dp[13][188]=972.942
Select best dp
Best k=2
Stratifying 13-th numerical feature ...
dp[2][188]=-103.545
dp[3][188]=-142.059
dp[4][188]=-117.384
dp[5][188]=-53.9958
dp[6][188]=27.8565
dp[7][188]=112.731
dp[8][188]=239.092
dp[9][188]=371.286
dp[10][188]=505.971
dp[11][188]=647.608
dp[12][188]=800.102
dp[13][188]=970.254
Select best dp
Best k=3
Stratifying 12-th numerical feature ...
dp[2][188]=-139.844
dp[3][188]=-124.082
dp[4][188]=-93.4384
dp[5][188]=-45.6618
dp[6][188]=9.06916
dp[7][188]=116.845
dp[8][188]=225.164
dp[9][188]=358.547
dp[10][188]=505.637
dp[11][188]=658.488
dp[12][188]=817.108
dp[13][188]=991.237
Select best dp
Best k=2
Stratifying 13-th numerical feature ...
dp[2][188]=-9.27365e+09
dp[3][188]=-9.27365e+09
dp[4][188]=-9.27365e+09
dp[5][188]=-9.27365e+09
dp[6][188]=-9.27365e+09
dp[7][188]=-9.27365e+09
dp[8][188]=-9.27365e+09
dp[9][188]=-9.27365e+09
dp[10][188]=-9.27365e+09
dp[11][188]=-9.27365e+09
dp[12][188]=-9.27365e+09
dp[13][188]=-9.27365e+09
Select best dp
Best k=5
Stratifying 10-th numerical feature ...
dp[2][188]=112.852
dp[3][188]=154.543
dp[4][188]=226.536
dp[5][188]=318.217
dp[6][188]=412.478
dp[7][188]=529.296
dp[8][188]=649.625
dp[9][188]=789.363
dp[10][188]=938.47
dp[11][188]=1088.34
dp[12][188]=1240.33
dp[13][188]=1415.37
Select best dp
Best k=2
Stratifying 13-th numerical feature ...
dp[2][188]=-171.315
dp[3][188]=-219.397
dp[4][188]=-167.818
dp[5][188]=-86.9937
dp[6][188]=21.2759
dp[7][188]=143.666
dp[8][188]=267.402
dp[9][188]=392.128
dp[10][188]=525.238
dp[11][188]=665.241
dp[12][188]=809.702
dp[13][188]=958.506
Select best dp
Best k=3
Stratifying 6-th numerical feature ...
dp[2][188]=-1465.07
dp[3][188]=-1540.41
dp[4][188]=-1476.91
dp[5][188]=-1386.53
dp[6][188]=-1271.55
dp[7][188]=-1136.73
dp[8][188]=-996.481
dp[9][188]=-852.901
dp[10][188]=-708.822
dp[11][188]=-555.329
dp[12][188]=-386.99
dp[13][188]=-192.335
Select best dp
Best k=3
Stratifying 7-th numerical feature ...
dp[2][188]=-140.199
dp[3][188]=-206.774
dp[4][188]=-231.473
dp[5][188]=-224.253
dp[6][188]=-132.756
dp[7][188]=-21.2719
dp[8][188]=124.235
dp[9][188]=284.483
Select best dp
Best k=4
Stratifying 16-th numerical feature ...
dp[2][188]=-3829.39
dp[3][188]=-4290.14
dp[4][188]=-4425.99
dp[5][188]=-4474.89
dp[6][188]=-4478.17
dp[7][188]=-4452.31
dp[8][188]=-4405.8
dp[9][188]=-4353.59
dp[10][188]=-4291.46
dp[11][188]=-4203.94
dp[12][188]=-4079.53
dp[13][188]=-3901.52
Select best dp
Best k=6
Stratifying 7-th numerical feature ...
dp[2][188]=-684.213
dp[3][188]=-625.576
dp[4][188]=-516.41
dp[5][188]=-371.514
dp[6][188]=-218.17
dp[7][188]=-49.957
dp[8][188]=124.244
dp[9][188]=300.137
dp[10][188]=474.561
dp[11][188]=650.455
dp[12][188]=835.507
dp[13][188]=1041.52
Select best dp
Best k=2
Stratifying 7-th numerical feature ...
dp[2][188]=-1220.49
dp[3][188]=-1294.26
dp[4][188]=-1265.21
dp[5][188]=-1171.76
dp[6][188]=-1073.31
dp[7][188]=-967.351
dp[8][188]=-842.561
dp[9][188]=-716.926
dp[10][188]=-579.62
dp[11][188]=-436.911
dp[12][188]=-280.684
dp[13][188]=-104.514
Select best dp
Best k=3
Stratifying 7-th numerical feature ...
dp[2][188]=-33.9166
dp[3][188]=-125.404
dp[4][188]=-91.4395
dp[5][188]=-57.0278
dp[6][188]=9.10729
dp[7][188]=106.191
dp[8][188]=207.421
dp[9][188]=342.526
dp[10][188]=487.78
dp[11][188]=640.694
dp[12][188]=807.665
dp[13][188]=984.385
Select best dp
Best k=3
Stratifying 14-th numerical feature ...
dp[2][188]=-432.105
dp[3][188]=-517.253
dp[4][188]=-484.454
dp[5][188]=-425.388
dp[6][188]=-326.093
dp[7][188]=-223.109
dp[8][188]=-110.206
dp[9][188]=6.63466
dp[10][188]=141.277
dp[11][188]=281.304
dp[12][188]=423.5
dp[13][188]=582.628
Select best dp
Best k=3
Stratifying 6-th numerical feature ...
dp[2][188]=-2250.01
dp[3][188]=-2455.25
dp[4][188]=-2444.66
dp[5][188]=-2408.02
dp[6][188]=-2325.02
dp[7][188]=-2229.98
dp[8][188]=-2128.46
dp[9][188]=-2016.61
dp[10][188]=-1900.18
dp[11][188]=-1769.15
dp[12][188]=-1615.38
dp[13][188]=-1426.21
Select best dp
Best k=3
Stratifying 7-th numerical feature ...
dp[2][188]=-162.832
dp[3][188]=-151.795
dp[4][188]=-110.033
dp[5][188]=-63.5479
dp[6][188]=-13.1321
dp[7][188]=93.9829
dp[8][188]=203.72
dp[9][188]=336.322
dp[10][188]=483.086
dp[11][188]=638.361
dp[12][188]=800.811
dp[13][188]=972.942
Select best dp
Best k=2
Stratifying 13-th numerical feature ...
dp[2][188]=151.418
dp[3][188]=137.312
dp[4][188]=198.376
dp[5][188]=260.278
dp[6][188]=368.191
dp[7][188]=496.881
dp[8][188]=626.801
dp[9][188]=766.147
dp[10][188]=907.803
dp[11][188]=1056.53
dp[12][188]=1233.33
dp[13][188]=1431.05
Select best dp
Best k=3
Stratifying 14-th numerical feature ...
dp[2][188]=-209.474
dp[3][188]=-199.953
dp[4][188]=-192.796
dp[5][188]=-106.392
dp[6][188]=6.7934
dp[7][188]=127.469
dp[8][188]=255.479
dp[9][188]=397.175
Select best dp
Best k=2
dp[2][188]=-8.40091
dp[3][188]=-93.0313
dp[4][188]=-57.7797
dp[5][188]=-8.28602
dp[6][188]=61.9381
dp[7][188]=159.9
dp[8][188]=265.813
dp[9][188]=400.247
dp[10][188]=546.819
dp[11][188]=697.962
dp[12][188]=869.567
dp[13][188]=1044.9
Select best dp
Best k=3
Stratifying 14-th numerical feature ...
dp[2][188]=-9e+10
dp[3][188]=-9e+10
dp[4][188]=-9e+10
dp[5][188]=-9e+10
dp[6][188]=-9e+10
dp[7][188]=-9e+10
dp[8][188]=-9e+10
dp[9][188]=-9e+10
dp[10][188]=-9e+10
dp[11][188]=-9e+10
dp[12][188]=-9e+10
dp[13][188]=-9e+10
Select best dp
Best k=5
Stratifying 11-th numerical feature ...
dp[2][188]=-271.817
dp[3][188]=-422.606
dp[4][188]=-552.323
dp[5][188]=-518.741
dp[6][188]=-442.464
dp[7][188]=-355.286
dp[8][188]=-257.639
dp[9][188]=-159.714
dp[10][188]=-39.3865
dp[11][188]=94.6778
dp[12][188]=250.306
dp[13][188]=413.756
Select best dp
Best k=4
Stratifying 15-th numerical feature ...
dp[2][188]=-33.9166
dp[3][188]=-125.404
dp[4][188]=-91.4395
dp[5][188]=-57.0278
dp[6][188]=9.10729
dp[7][188]=106.191
dp[8][188]=207.421
dp[9][188]=342.526
dp[10][188]=487.78
dp[11][188]=640.694
dp[12][188]=807.665
dp[13][188]=984.385
Select best dp
Best k=3
Stratifying 14-th numerical feature ...
dp[2][188]=-332.043
dp[3][188]=-530.78
dp[4][188]=-702.784
dp[5][188]=-691.047
dp[6][188]=-630.156
dp[7][188]=-553.133
dp[8][188]=-462.66
dp[9][188]=-366.15
dp[10][188]=-242.516
dp[11][188]=-115.861
dp[12][188]=40.7331
dp[13][188]=202.064
Select best dp
Best k=4
Stratifying 15-th numerical feature ...
dp[2][188]=-5e+10
dp[3][188]=-8e+10
dp[4][188]=-1.4e+11
dp[5][188]=-2e+11
dp[6][188]=-2.6e+11
dp[7][188]=-3.1e+11
dp[8][188]=-3.4e+11
dp[9][188]=-3.9e+11
dp[10][188]=-4.4e+11
dp[11][188]=-4.5e+11
dp[12][188]=-5e+11
dp[13][188]=-5e+11
Select best dp
Best k=13
Stratifying 6-th numerical feature ...
dp[2][188]=-639.414
dp[3][188]=-971.517
dp[4][188]=-1300.73
dp[5][188]=-1400.65
dp[6][188]=-1390.79
dp[7][188]=-1363.63
dp[8][188]=-1312.05
dp[9][188]=-1252.99
dp[10][188]=-1160.77
dp[11][188]=-1065.86
dp[12][188]=-943.472
dp[13][188]=-785.825
Select best dp
Best k=5
dp[2][188]=-99.9686
dp[3][188]=-148.912
dp[4][188]=-188.434
dp[5][188]=-124.27
dp[6][188]=-17.8937
dp[7][188]=102.564
dp[8][188]=224.209
dp[9][188]=351.574
dp[10][188]=496.882
dp[11][188]=649.324
dp[12][188]=803.453
dp[13][188]=982.647
Select best dp
Best k=4
Stratifying 8-th numerical feature ...
Stratifying 8-th numerical feature ...
dp[2][188]=79.8464
dp[3][188]=124.134
dp[4][188]=181.453
dp[5][188]=300.507
dp[6][188]=438.856
dp[7][188]=582.89
dp[8][188]=733.01
dp[9][188]=886.148
dp[10][188]=1048.2
dp[11][188]=1212.78
dp[12][188]=1384.54
dp[13][188]=1567.66
Select best dp
Best k=2
Stratifying 8-th numerical feature ...
dp[2][188]=-259.606
dp[3][188]=-402
dp[4][188]=-519.957
dp[5][188]=-480.213
dp[6][188]=-399.345
dp[7][188]=-310.455
dp[8][188]=-211.714
dp[9][188]=-110.988
dp[10][188]=9.09618
dp[11][188]=144.169
dp[12][188]=301.386
dp[13][188]=465.221
Select best dp
Best k=4
dp[2][188]=7.29218
dp[3][188]=-4.43271
dp[4][188]=-7.68811
dp[5][188]=66.1466
dp[6][188]=185.259
dp[7][188]=304.448
dp[8][188]=441.219
dp[9][188]=578.779
dp[10][188]=723.043
dp[11][188]=872.907
dp[12][188]=1035.32
dp[13][188]=1204.4
Select best dp
Best k=4
Stratifying 15-th numerical feature ...
Stratifying 8-th numerical feature ...
dp[2][188]=-103.545
dp[3][188]=-142.059
dp[4][188]=-117.384
dp[5][188]=-53.9958
dp[6][188]=27.8565
dp[7][188]=112.731
dp[8][188]=233.854
dp[9][188]=357.564
dp[10][188]=483.109
dp[11][188]=609.599
dp[12][188]=744.284
dp[13][188]=876.954
Select best dp
Best k=3
Stratifying 12-th numerical feature ...
dp[2][188]=-2250.01
dp[3][188]=-2455.25
dp[4][188]=-2444.66
dp[5][188]=-2408.02
dp[6][188]=-2333.21
dp[7][188]=-2244.72
dp[8][188]=-2143.21
dp[9][188]=-2038.28
dp[10][188]=-1932.02
dp[11][188]=-1816.51
dp[12][188]=-1695.05
dp[13][188]=-1562.02
Select best dp
Best k=3
Stratifying 7-th numerical feature ...
dp[2][188]=-140.447
dp[3][188]=-207.664
dp[4][188]=-232.778
dp[5][188]=-225.864
dp[6][188]=-134.422
dp[7][188]=-27.6264
dp[8][188]=101.305
dp[9][188]=233.748
dp[10][188]=362.68
dp[11][188]=509.595
dp[12][188]=664.865
dp[13][188]=825.095
Select best dp
Best k=4
Stratifying 16-th numerical feature ...
dp[2][188]=-271.817
dp[3][188]=-422.606
dp[4][188]=-552.323
dp[5][188]=-518.741
dp[6][188]=-442.464
dp[7][188]=-355.286
dp[8][188]=-257.639
dp[9][188]=-159.714
dp[10][188]=-39.3865
dp[11][188]=94.6778
dp[12][188]=250.306
dp[13][188]=413.756
Select best dp
Best k=4
Stratifying 15-th numerical feature ...
dp[2][188]=-279.784
dp[3][188]=-421.958
dp[4][188]=-559.2
dp[5][188]=-549.729
dp[6][188]=-475.527
dp[7][188]=-385.375
dp[8][188]=-287.811
dp[9][188]=-183.213
dp[10][188]=-54.7043
dp[11][188]=77.6633
dp[12][188]=221.21
dp[13][188]=393.962
Select best dp
Best k=4
Stratifying 8-th numerical feature ...
dp[2][188]=131.992
dp[3][188]=171.495
dp[4][188]=206.022
dp[5][188]=269.603
dp[6][188]=365.127
dp[7][188]=491.709
dp[8][188]=626.874
dp[9][188]=762.853
dp[10][188]=905.433
dp[11][188]=1049.42
dp[12][188]=1197.97
dp[13][188]=1355.57
Select best dp
Best k=2
Stratifying 16-th numerical feature ...
dp[2][188]=-1758.86
dp[3][188]=-1927.13
dp[4][188]=-1914.12
dp[5][188]=-1855.62
dp[6][188]=-1777.02
dp[7][188]=-1674.98
dp[8][188]=-1561.13
dp[9][188]=-1447.2
dp[10][188]=-1324.65
dp[11][188]=-1190.81
dp[12][188]=-1037.49
dp[13][188]=-858.237
Select best dp
Best k=3
Stratifying 7-th numerical feature ...
dp[2][188]=-48.1807
dp[3][188]=-97.1218
dp[4][188]=-99.7398
dp[5][188]=-70.4339
dp[6][188]=12.1307
dp[7][188]=117.598
dp[8][188]=243.478
dp[9][188]=378.526
dp[10][188]=504.496
dp[11][188]=652.353
dp[12][188]=805.685
dp[13][188]=964.264
Select best dp
Best k=4
Stratifying 16-th numerical feature ...
dp[2][188]=-5e+10
dp[3][188]=-5e+10
dp[4][188]=-5e+10
dp[5][188]=-5e+10
dp[6][188]=-5e+10
dp[7][188]=-5e+10
dp[8][188]=-5e+10
dp[9][188]=-5e+10
dp[10][188]=-5e+10
dp[11][188]=-5e+10
dp[12][188]=-5e+10
dp[13][188]=-5e+10
Select best dp
Best k=4
Stratifying 7-th numerical feature ...
dp[2][188]=-332.549
dp[3][188]=-415.024
dp[4][188]=-416.722
dp[5][188]=-347.64
dp[6][188]=-246.071
dp[7][188]=-135.673
dp[8][188]=-14.3007
dp[9][188]=110.897
dp[10][188]=236.962
dp[11][188]=389.591
dp[12][188]=547.218
dp[13][188]=719.814
Select best dp
Best k=4
dp[2][188]=-140.447
dp[3][188]=-207.664
dp[4][188]=-232.778
dp[5][188]=-225.864
dp[6][188]=-134.422
dp[7][188]=-27.6264
dp[8][188]=101.305
dp[9][188]=233.748
dp[10][188]=362.68
dp[11][188]=509.595
dp[12][188]=664.865
dp[13][188]=825.095
Select best dp
Best k=4
Stratifying 16-th numerical feature ...
dp[2][188]=-209.474
dp[3][188]=-199.953
dp[4][188]=-192.796
dp[5][188]=-106.392
dp[6][188]=6.17173
dp[7][188]=126.747
dp[8][188]=249.571
dp[9][188]=380.829
dp[10][188]=528.659
dp[11][188]=683.604
dp[12][188]=850.859
dp[13][188]=1022.46
Select best dp
Best k=2
dp[2][188]=-162.832
dp[3][188]=-151.795
dp[4][188]=-110.033
dp[5][188]=-63.5479
dp[6][188]=-13.1321
dp[7][188]=84.1614
dp[8][188]=193.898
dp[9][188]=314.017
dp[10][188]=447.165
dp[11][188]=585.472
dp[12][188]=732.237
dp[13][188]=876.439
Select best dp
Best k=2
Stratifying 13-th numerical feature ...
dp[2][188]=-636.164
dp[3][188]=-978.96
dp[4][188]=-1293.11
dp[5][188]=-1424.49
dp[6][188]=-1414.02
dp[7][188]=-1393.7
dp[8][188]=-1350.65
dp[9][188]=-1283.25
dp[10][188]=-1204.63
dp[11][188]=-1125.55
dp[12][188]=-1011.42
dp[13][188]=-844.511
Select best dp
Best k=5
Stratifying 9-th numerical feature ...
dp[2][188]=-99.4176
dp[3][188]=-145.786
dp[4][188]=-170.095
dp[5][188]=-123.686
dp[6][188]=-17.3131
dp[7][188]=106.49
dp[8][188]=239.983
dp[9][188]=379.156
dp[10][188]=525.735
dp[11][188]=673.255
dp[12][188]=828.193
dp[13][188]=1015.07
Select best dp
Best k=4
Stratifying 9-th numerical feature ...
dp[2][188]=-328.212
dp[3][188]=-367.807
dp[4][188]=-403.833
dp[5][188]=-325.397
dp[6][188]=-239.356
dp[7][188]=-125.344
dp[8][188]=-8.0396
dp[9][188]=110.683
dp[10][188]=248.581
dp[11][188]=395.893
dp[12][188]=556.893
dp[13][188]=734.712
Select best dp
Best k=4
dp[2][188]=79.4979
dp[3][188]=122.392
dp[4][188]=178.339
dp[5][188]=308.072
dp[6][188]=446.268
dp[7][188]=601.96
dp[8][188]=759.324
dp[9][188]=927.29
dp[10][188]=1095.79
dp[11][188]=1265.63
dp[12][188]=1438.33
dp[13][188]=1632
Select best dp
Best k=2
Stratifying 9-th numerical feature ...
dp[2][188]=7.84564
dp[3][188]=-19.7719
dp[4][188]=-15.0826
dp[5][188]=47.0455
dp[6][188]=163.412
dp[7][188]=280.875
dp[8][188]=400.254
dp[9][188]=537.967
dp[10][188]=676.571
dp[11][188]=815.844
dp[12][188]=972.104
dp[13][188]=1145.11
Select best dp
Best k=3
Stratifying 9-th numerical feature ...
dp[2][188]=-332.549
dp[3][188]=-415.024
dp[4][188]=-416.722
dp[5][188]=-347.64
dp[6][188]=-246.071
dp[7][188]=-135.673
dp[8][188]=-14.3007
dp[9][188]=110.897
dp[10][188]=236.962
dp[11][188]=389.591
dp[12][188]=547.218
dp[13][188]=719.814
Select best dp
Best k=4
dp[2][188]=-278.333
dp[3][188]=-413.964
dp[4][188]=-544.435
dp[5][188]=-556.98
dp[6][188]=-482.205
dp[7][188]=-392.473
dp[8][188]=-285.341
dp[9][188]=-174.052
dp[10][188]=-50.58
dp[11][188]=74.1253
dp[12][188]=215.462
dp[13][188]=395.207
Select best dp
Best k=5
Stratifying 9-th numerical feature ...
dp[2][188]=-279.784
dp[3][188]=-421.958
dp[4][188]=-559.2
dp[5][188]=-549.729
dp[6][188]=-475.527
dp[7][188]=-385.375
dp[8][188]=-287.811
dp[9][188]=-183.213
dp[10][188]=-75.6334
dp[11][188]=47.0902
dp[12][188]=170.847
dp[13][188]=308.117
Select best dp
Best k=4
dp[2][188]=-5e+10
dp[3][188]=-5e+10
dp[4][188]=-5e+10
dp[5][188]=-5e+10
dp[6][188]=-5e+10
dp[7][188]=-5e+10
dp[8][188]=-5e+10
dp[9][188]=-5e+10
dp[10][188]=-5e+10
dp[11][188]=-5e+10
dp[12][188]=-5e+10
dp[13][188]=-5e+10
Select best dp
Best k=5
Stratifying 8-th numerical feature ...
Stratifying 8-th numerical feature ...
dp[2][188]=-33.9166
dp[3][188]=-125.404
dp[4][188]=-91.4395
dp[5][188]=-57.0278
dp[6][188]=9.10729
dp[7][188]=106.191
dp[8][188]=207.421
dp[9][188]=334.854
dp[10][188]=463.401
dp[11][188]=593.745
dp[12][188]=725.077
dp[13][188]=862.482
Select best dp
Best k=3
Stratifying 14-th numerical feature ...
dp[2][188]=-281.385
dp[3][188]=-430.649
dp[4][188]=-529.056
dp[5][188]=-491.2
dp[6][188]=-430.918
dp[7][188]=-354.536
dp[8][188]=-256.953
dp[9][188]=-128.856
dp[10][188]=7.52872
dp[11][188]=147.202
dp[12][188]=304.239
dp[13][188]=486.677
Select best dp
Best k=4
Stratifying 10-th numerical feature ...
dp[2][188]=-246.256
dp[3][188]=-375.828
dp[4][188]=-493.964
dp[5][188]=-476.359
dp[6][188]=-395.989
dp[7][188]=-302.732
dp[8][188]=-201.281
dp[9][188]=-90.8967
dp[10][188]=37.8646
dp[11][188]=171.393
dp[12][188]=320.67
dp[13][188]=492.651
Select best dp
Best k=4
Stratifying 8-th numerical feature ...
dp[2][188]=-101.57
dp[3][188]=-154.327
dp[4][188]=-169.884
dp[5][188]=-92.584
dp[6][188]=14.2469
dp[7][188]=124.122
dp[8][188]=248.746
dp[9][188]=399.078
dp[10][188]=553.599
dp[11][188]=712.579
dp[12][188]=875.185
dp[13][188]=1055.38
Select best dp
Best k=4
Stratifying 10-th numerical feature ...
dp[2][188]=-1e+11
dp[3][188]=-1e+11
dp[4][188]=-1e+11
dp[5][188]=-1e+11
dp[6][188]=-1e+11
dp[7][188]=-1e+11
dp[8][188]=-1e+11
dp[9][188]=-1e+11
dp[10][188]=-1e+11
dp[11][188]=-1e+11
dp[12][188]=-1e+11
dp[13][188]=-1e+11
Select best dp
Best k=5
Stratifying 9-th numerical feature ...
dp[2][188]=-642.212
dp[3][188]=-983.371
dp[4][188]=-1247.83
dp[5][188]=-1289.57
dp[6][188]=-1327.34
dp[7][188]=-1311.85
dp[8][188]=-1268.35
dp[9][188]=-1185.5
dp[10][188]=-1085.39
dp[11][188]=-984.346
dp[12][188]=-838.579
dp[13][188]=-668.766
Select best dp
Best k=6
Stratifying 10-th numerical feature ...
dp[2][188]=78.0945
dp[3][188]=121.994
dp[4][188]=189.289
dp[5][188]=306.032
dp[6][188]=443.312
dp[7][188]=593.524
dp[8][188]=749.671
dp[9][188]=916.889
dp[10][188]=1088.2
dp[11][188]=1261.47
dp[12][188]=1438.62
dp[13][188]=1623.2
Select best dp
Best k=2
Stratifying 10-th numerical feature ...
dp[2][188]=5.86579
dp[3][188]=-16.277
dp[4][188]=8.63005
dp[5][188]=108.624
dp[6][188]=202.334
dp[7][188]=324.898
dp[8][188]=454.276
dp[9][188]=592.876
dp[10][188]=735.439
dp[11][188]=882.626
dp[12][188]=1054.82
dp[13][188]=1228.3
Select best dp
Best k=3
Stratifying 10-th numerical feature ...
dp[2][188]=-9.23117e+09
dp[3][188]=-9.23117e+09
dp[4][188]=-9.23117e+09
dp[5][188]=-9.23117e+09
dp[6][188]=-9.23117e+09
dp[7][188]=-9.23117e+09
dp[8][188]=-9.23117e+09
dp[9][188]=-9.23117e+09
dp[10][188]=-9.23117e+09
dp[11][188]=-9.23117e+09
dp[12][188]=-9.23117e+09
dp[13][188]=-9.23117e+09
Select best dp
Best k=5
Stratifying 15-th numerical feature ...
dp[2][188]=-245.912
dp[3][188]=-420.827
dp[4][188]=-566.2
dp[5][188]=-551.227
dp[6][188]=-475.704
dp[7][188]=-369.513
dp[8][188]=-265.005
dp[9][188]=-150.109
dp[10][188]=-32.8471
dp[11][188]=101.795
dp[12][188]=236.624
dp[13][188]=422.63
Select best dp
Best k=4
Stratifying 11-th numerical feature ...
dp[2][188]=-80.9121
dp[3][188]=-138.983
dp[4][188]=-188.159
dp[5][188]=-116.039
dp[6][188]=-7.31568
dp[7][188]=128.674
dp[8][188]=265.715
dp[9][188]=403.136
dp[10][188]=542.659
dp[11][188]=693.379
dp[12][188]=848.276
dp[13][188]=1038.89
Select best dp
Best k=4
Stratifying 11-th numerical feature ...
dp[2][188]=-1e+11
dp[3][188]=-1e+11
dp[4][188]=-1e+11
dp[5][188]=-1e+11
dp[6][188]=-1e+11
dp[7][188]=-1e+11
dp[8][188]=-1e+11
dp[9][188]=-1e+11
dp[10][188]=-1e+11
dp[11][188]=-1e+11
dp[12][188]=-1e+11
dp[13][188]=-1e+11
Select best dp
Best k=5
Stratifying 9-th numerical feature ...
dp[2][188]=-103.545
dp[3][188]=-142.059
dp[4][188]=-117.384
dp[5][188]=-53.9958
dp[6][188]=27.8565
dp[7][188]=112.731
dp[8][188]=239.092
dp[9][188]=371.286
dp[10][188]=505.971
dp[11][188]=647.608
dp[12][188]=800.102
dp[13][188]=970.254
Select best dp
Best k=3
Stratifying 12-th numerical feature ...
dp[2][188]=-5e+10
dp[3][188]=-5e+10
dp[4][188]=-5e+10
dp[5][188]=-5e+10
dp[6][188]=-5e+10
dp[7][188]=-5e+10
dp[8][188]=-5e+10
dp[9][188]=-5e+10
dp[10][188]=-5e+10
dp[11][188]=-5e+10
dp[12][188]=-5e+10
dp[13][188]=-5e+10
Select best dp
Best k=5
Stratifying 10-th numerical feature ...
dp[2][188]=-140.447
dp[3][188]=-207.664
dp[4][188]=-232.778
dp[5][188]=-225.864
dp[6][188]=-134.422
dp[7][188]=-27.6264
dp[8][188]=96.1629
dp[9][188]=217.021
dp[10][188]=346.844
dp[11][188]=474.267
dp[12][188]=604.09
dp[13][188]=739.255
Select best dp
Best k=4
Stratifying 16-th numerical feature ...
dp[2][188]=5.87786
dp[3][188]=42.3976
dp[4][188]=116.934
dp[5][188]=237.919
dp[6][188]=364.175
dp[7][188]=492.413
dp[8][188]=648.241
dp[9][188]=805.293
dp[10][188]=964.182
dp[11][188]=1124.08
dp[12][188]=1291.87
dp[13][188]=1468.59
Select best dp
Best k=2
Stratifying 12-th numerical feature ...
dp[2][188]=34.2874
dp[3][188]=-18.9026
dp[4][188]=-24.9943
dp[5][188]=42.941
dp[6][188]=161.244
dp[7][188]=280.102
dp[8][188]=399.062
dp[9][188]=531.218
dp[10][188]=674.19
dp[11][188]=820.937
dp[12][188]=973.546
dp[13][188]=1151.2
Select best dp
Best k=4
Stratifying 11-th numerical feature ...
dp[2][188]=-576.878
dp[3][188]=-984.513
dp[4][188]=-1322.28
dp[5][188]=-1424.35
dp[6][188]=-1415.23
dp[7][188]=-1370.37
dp[8][188]=-1332.97
dp[9][188]=-1269.38
dp[10][188]=-1191.67
dp[11][188]=-1091.78
dp[12][188]=-988.731
dp[13][188]=-810.786
Select best dp
Best k=5
Stratifying 11-th numerical feature ...
dp[2][188]=83.4544
dp[3][188]=130.476
dp[4][188]=189.881
dp[5][188]=311.885
dp[6][188]=453.212
dp[7][188]=610.628
dp[8][188]=773.367
dp[9][188]=939.98
dp[10][188]=1107.92
dp[11][188]=1277.91
dp[12][188]=1455.62
dp[13][188]=1650.96
Select best dp
Best k=2
Stratifying 11-th numerical feature ...
dp[2][188]=-245.232
dp[3][188]=-367.019
dp[4][188]=-485.113
dp[5][188]=-483.527
dp[6][188]=-402.326
dp[7][188]=-309.766
dp[8][188]=-203.418
dp[9][188]=-88.6814
dp[10][188]=35.4909
dp[11][188]=159.841
dp[12][188]=303.583
dp[13][188]=481.058
Select best dp
Best k=4
Stratifying 9-th numerical feature ...
dp[2][188]=-162.832
dp[3][188]=-151.795
dp[4][188]=-110.033
dp[5][188]=-63.5479
dp[6][188]=-13.1321
dp[7][188]=93.9829
dp[8][188]=203.72
dp[9][188]=336.322
dp[10][188]=483.086
dp[11][188]=638.361
dp[12][188]=800.811
dp[13][188]=972.942
Select best dp
Best k=2
Stratifying 13-th numerical feature ...
dp[2][188]=-9e+10
dp[3][188]=-9e+10
dp[4][188]=-9e+10
dp[5][188]=-9e+10
dp[6][188]=-9e+10
dp[7][188]=-9e+10
dp[8][188]=-9e+10
dp[9][188]=-9e+10
dp[10][188]=-9e+10
dp[11][188]=-9e+10
dp[12][188]=-9e+10
dp[13][188]=-9e+10
Select best dp
Best k=5
Stratifying 11-th numerical feature ...
dp[2][188]=-37.8735
dp[3][188]=36.3742
dp[4][188]=128.032
dp[5][188]=221.432
dp[6][188]=321.747
dp[7][188]=457.479
dp[8][188]=597.364
dp[9][188]=753.596
dp[10][188]=916.159
dp[11][188]=1080.55
dp[12][188]=1257.68
dp[13][188]=1450.65
Select best dp
Best k=2
Stratifying 13-th numerical feature ...
dp[2][188]=-332.549
dp[3][188]=-415.024
dp[4][188]=-416.722
dp[5][188]=-347.64
dp[6][188]=-250.796
dp[7][188]=-183.083
dp[8][188]=-72.6849
dp[9][188]=48.6873
dp[10][188]=173.885
dp[11][188]=299.95
dp[12][188]=429.119
dp[13][188]=570.36
Select best dp
Best k=4
dp[2][188]=147.545
dp[3][188]=169.676
dp[4][188]=225.945
dp[5][188]=317.982
dp[6][188]=410.556
dp[7][188]=509.474
dp[8][188]=639.327
dp[9][188]=772.742
dp[10][188]=908.612
dp[11][188]=1053.78
dp[12][188]=1207.35
dp[13][188]=1384.1
Select best dp
Best k=2
Stratifying 12-th numerical feature ...
dp[2][188]=-33.9166
dp[3][188]=-125.404
dp[4][188]=-91.4395
dp[5][188]=-57.0278
dp[6][188]=9.10729
dp[7][188]=106.191
dp[8][188]=207.421
dp[9][188]=342.526
dp[10][188]=487.78
dp[11][188]=640.694
dp[12][188]=807.665
dp[13][188]=984.385
Select best dp
Best k=3
Stratifying 14-th numerical feature ...
dp[2][188]=-281.385
dp[3][188]=-430.649
dp[4][188]=-529.056
dp[5][188]=-491.2
dp[6][188]=-430.918
dp[7][188]=-354.536
dp[8][188]=-256.953
dp[9][188]=-158.575
dp[10][188]=-33.255
dp[11][188]=94.0239
dp[12][188]=223.967
dp[13][188]=362.504
Select best dp
Best k=4
Stratifying 10-th numerical feature ...
dp[2][188]=66.5934
dp[3][188]=75.2863
dp[4][188]=146.338
dp[5][188]=243.94
dp[6][188]=352.313
dp[7][188]=478.65
dp[8][188]=615.671
dp[9][188]=770.663
dp[10][188]=930.596
dp[11][188]=1094.24
dp[12][188]=1275.18
dp[13][188]=1456.78
Select best dp
Best k=2
Stratifying 14-th numerical feature ...
dp[2][188]=112.852
dp[3][188]=154.543
dp[4][188]=226.536
dp[5][188]=318.217
dp[6][188]=412.478
dp[7][188]=529.296
dp[8][188]=649.625
dp[9][188]=789.363
dp[10][188]=938.47
dp[11][188]=1088.34
dp[12][188]=1240.33
dp[13][188]=1415.37
Select best dp
Best k=2
Stratifying 13-th numerical feature ...
dp[2][188]=-103.545
dp[3][188]=-5e+10
dp[4][188]=-5e+10
dp[5][188]=-5e+10
dp[6][188]=-5e+10
dp[7][188]=-5e+10
dp[8][188]=-5e+10
dp[9][188]=-5e+10
dp[10][188]=-5e+10
dp[11][188]=-5e+10
dp[12][188]=-5e+10
dp[13][188]=-5e+10
Select best dp
Best k=5
Stratifying 12-th numerical feature ...
dp[2][188]=-322.391
dp[3][188]=-518.447
dp[4][188]=-600.879
dp[5][188]=-638.561
dp[6][188]=-647.617
dp[7][188]=-650.954
dp[8][188]=-583.89
dp[9][188]=-500.759
dp[10][188]=-414.284
dp[11][188]=-311.52
dp[12][188]=-189.29
dp[13][188]=-26.4257
Select best dp
Best k=7
dp[2][188]=-271.817
dp[3][188]=-422.606
dp[4][188]=-552.323
dp[5][188]=-518.741
dp[6][188]=-442.464
dp[7][188]=-355.286
dp[8][188]=-257.639
dp[9][188]=-159.714
dp[10][188]=-39.3865
dp[11][188]=94.6778
dp[12][188]=250.306
dp[13][188]=413.756
Select best dp
Best k=4
Stratifying 15-th numerical feature ...
Stratifying 12-th numerical feature ...
dp[2][188]=115.301
dp[3][188]=221.592
dp[4][188]=350.311
dp[5][188]=518.756
dp[6][188]=689.182
dp[7][188]=864.687
dp[8][188]=1042.27
dp[9][188]=1220.74
dp[10][188]=1401.64
dp[11][188]=1583.6
dp[12][188]=1766.71
dp[13][188]=1960.4
Select best dp
Best k=2
Stratifying 12-th numerical feature ...
dp[2][188]=-249.87
dp[3][188]=-384.688
dp[4][188]=-465.334
dp[5][188]=-417.468
dp[6][188]=-357.835
dp[7][188]=-274.696
dp[8][188]=-171.677
dp[9][188]=-42.5602
dp[10][188]=93.2901
dp[11][188]=232.828
dp[12][188]=392.012
dp[13][188]=574.341
Select best dp
Best k=4
Stratifying 10-th numerical feature ...
dp[2][188]=-98.3337
dp[3][188]=-152.041
dp[4][188]=-189.359
dp[5][188]=-114.13
dp[6][188]=-7.40351
dp[7][188]=114.338
dp[8][188]=239.011
dp[9][188]=367.855
dp[10][188]=503.69
dp[11][188]=655.005
dp[12][188]=815.661
dp[13][188]=989.183
Select best dp
Best k=4
Stratifying 15-th numerical feature ...
dp[2][188]=151.418
dp[3][188]=137.312
dp[4][188]=198.376
dp[5][188]=260.278
dp[6][188]=368.191
dp[7][188]=496.881
dp[8][188]=626.801
dp[9][188]=766.147
dp[10][188]=907.803
dp[11][188]=1056.53
dp[12][188]=1233.33
dp[13][188]=1431.05
Select best dp
Best k=3
Stratifying 14-th numerical feature ...
dp[2][188]=-140.447
dp[3][188]=-207.664
dp[4][188]=-232.778
dp[5][188]=-225.864
dp[6][188]=-134.422
dp[7][188]=-27.6264
dp[8][188]=101.305
dp[9][188]=233.748
dp[10][188]=362.68
dp[11][188]=509.595
dp[12][188]=664.865
dp[13][188]=825.095
Select best dp
Best k=4
Stratifying 16-th numerical feature ...
dp[2][188]=-162.832
dp[3][188]=-5e+10
dp[4][188]=-5e+10
dp[5][188]=-5e+10
dp[6][188]=-5e+10
dp[7][188]=-5e+10
dp[8][188]=-5e+10
dp[9][188]=-5e+10
dp[10][188]=-5e+10
dp[11][188]=-5e+10
dp[12][188]=-5e+10
dp[13][188]=-5e+10
Select best dp
Best k=4
Stratifying 13-th numerical feature ...
dp[2][188]=-209.44
dp[3][188]=-368.952
dp[4][188]=-500.801
dp[5][188]=-480.63
dp[6][188]=-399.208
dp[7][188]=-291.385
dp[8][188]=-184.177
dp[9][188]=-69.5735
dp[10][188]=52.2034
dp[11][188]=186.705
dp[12][188]=327.206
dp[13][188]=512.98
Select best dp
Best k=4
Stratifying 11-th numerical feature ...
dp[2][188]=-30.4399
dp[3][188]=-18.4926
dp[4][188]=26.152
dp[5][188]=89.6536
dp[6][188]=227.736
dp[7][188]=365.86
dp[8][188]=515.103
dp[9][188]=672.39
dp[10][188]=821.633
dp[11][188]=990.459
dp[12][188]=1163.43
dp[13][188]=1336.59
Select best dp
Best k=2
Stratifying 16-th numerical feature ...
dp[2][188]=-245.912
dp[3][188]=-420.827
dp[4][188]=-566.2
dp[5][188]=-551.227
dp[6][188]=-475.704
dp[7][188]=-379.876
dp[8][188]=-273.686
dp[9][188]=-169.177
dp[10][188]=-58.0052
dp[11][188]=56.5343
dp[12][188]=191.177
dp[13][188]=335.616
Select best dp
Best k=4
Stratifying 11-th numerical feature ...
dp[2][188]=19.8674
dp[3][188]=9.25382
dp[4][188]=7.75607
dp[5][188]=107.902
dp[6][188]=222.418
dp[7][188]=344.04
dp[8][188]=466.603
dp[9][188]=595.242
dp[10][188]=740.497
dp[11][188]=892.461
dp[12][188]=1061.95
dp[13][188]=1234.14
Select best dp
Best k=4
Stratifying 15-th numerical feature ...
dp[2][188]=-332.549
dp[3][188]=-415.024
dp[4][188]=-416.722
dp[5][188]=-347.64
dp[6][188]=-246.071
dp[7][188]=-135.673
dp[8][188]=-14.3007
dp[9][188]=110.897
dp[10][188]=236.962
dp[11][188]=389.591
dp[12][188]=547.218
dp[13][188]=719.814
Select best dp
Best k=4
dp[2][188]=-412.749
dp[3][188]=-535.652
dp[4][188]=-608.617
dp[5][188]=-651.489
dp[6][188]=-686.826
dp[7][188]=-644.33
dp[8][188]=-594.449
dp[9][188]=-502.252
dp[10][188]=-390.077
dp[11][188]=-268.115
dp[12][188]=-144.266
dp[13][188]=11.0209
Select best dp
Best k=6
Stratifying 13-th numerical feature ...
dp[2][188]=86.5634
dp[3][188]=217.72
dp[4][188]=359.42
dp[5][188]=505.951
dp[6][188]=656.626
dp[7][188]=820.691
dp[8][188]=985.039
dp[9][188]=1158.69
dp[10][188]=1334.66
dp[11][188]=1514.46
dp[12][188]=1702.93
dp[13][188]=1916.1
Select best dp
Best k=2
Stratifying 13-th numerical feature ...
dp[2][188]=-69.6465
dp[3][188]=-39.8564
dp[4][188]=40.1353
dp[5][188]=160.849
dp[6][188]=290.342
dp[7][188]=436.234
dp[8][188]=584.567
dp[9][188]=730.764
dp[10][188]=883.667
dp[11][188]=1048.51
dp[12][188]=1217.04
dp[13][188]=1397.57
Select best dp
Best k=2
dp[2][188]=-33.9166
dp[3][188]=-5e+10
dp[4][188]=-5e+10
dp[5][188]=-5e+10
dp[6][188]=-5e+10
dp[7][188]=-5e+10
dp[8][188]=-5e+10
dp[9][188]=-5e+10
dp[10][188]=-5e+10
dp[11][188]=-5e+10
dp[12][188]=-5e+10
dp[13][188]=-5e+10
Select best dp
Best k=4
Stratifying 14-th numerical feature ...
dp[2][188]=131.992
dp[3][188]=171.495
dp[4][188]=206.022
dp[5][188]=269.603
dp[6][188]=365.127
dp[7][188]=491.709
dp[8][188]=626.874
dp[9][188]=762.853
dp[10][188]=905.433
dp[11][188]=1049.42
dp[12][188]=1197.97
dp[13][188]=1355.57
Select best dp
Best k=2
Stratifying 16-th numerical feature ...
dp[2][188]=-25.0792
dp[3][188]=-57.5178
dp[4][188]=-21.642
dp[5][188]=43.3643
dp[6][188]=121.926
dp[7][188]=206.078
dp[8][188]=329.38
dp[9][188]=459.639
dp[10][188]=593.034
dp[11][188]=729.687
dp[12][188]=877.941
dp[13][188]=1052.53
Select best dp
Best k=3
Stratifying 12-th numerical feature ...
dp[2][188]=-209.474
dp[3][188]=-199.953
dp[4][188]=-192.796
dp[5][188]=-106.392
dp[6][188]=6.17173
dp[7][188]=126.747
dp[8][188]=249.571
dp[9][188]=380.829
dp[10][188]=528.659
dp[11][188]=683.604
dp[12][188]=850.859
dp[13][188]=1022.46
Select best dp
Best k=2
dp[2][188]=167.103
dp[3][188]=273.339
dp[4][188]=383.183
dp[5][188]=527.702
dp[6][188]=686.934
dp[7][188]=840.457
dp[8][188]=1013.44
dp[9][188]=1187.06
dp[10][188]=1365.11
dp[11][188]=1547.78
dp[12][188]=1734.28
dp[13][188]=1929.13
Select best dp
Best k=2
Stratifying 14-th numerical feature ...
dp[2][188]=-103.545
dp[3][188]=-142.059
dp[4][188]=-117.384
dp[5][188]=-53.9958
dp[6][188]=27.8565
dp[7][188]=112.731
dp[8][188]=238.706
dp[9][188]=365.067
dp[10][188]=497.261
dp[11][188]=631.947
dp[12][188]=772.82
dp[13][188]=915.133
Select best dp
Best k=3
Stratifying 12-th numerical feature ...
dp[2][188]=-5e+10
dp[3][188]=-5e+10
dp[4][188]=-5e+10
dp[5][188]=-5e+10
dp[6][188]=-5e+10
dp[7][188]=-5e+10
dp[8][188]=-5e+10
dp[9][188]=-5e+10
dp[10][188]=-5e+10
dp[11][188]=-5e+10
dp[12][188]=-5e+10
dp[13][188]=-5e+10
Select best dp
Best k=5
Stratifying 15-th numerical feature ...
dp[2][188]=-126.676
dp[3][188]=-113.421
dp[4][188]=-78.1672
dp[5][188]=-30.7222
dp[6][188]=26.4947
dp[7][188]=135.149
dp[8][188]=244.205
dp[9][188]=378.362
dp[10][188]=523.957
dp[11][188]=675.761
dp[12][188]=832.115
dp[13][188]=1005.38
Select best dp
Best k=2
Stratifying 13-th numerical feature ...
dp[2][188]=-234.937
dp[3][188]=-526.786
dp[4][188]=-619.838
dp[5][188]=-681.742
dp[6][188]=-680.659
dp[7][188]=-658.985
dp[8][188]=-612.433
dp[9][188]=-522.295
dp[10][188]=-422.013
dp[11][188]=-298.713
dp[12][188]=-139.448
dp[13][188]=39.589
Select best dp
Best k=5
Stratifying 14-th numerical feature ...
dp[2][188]=75.1493
dp[3][188]=118.524
dp[4][188]=173.241
dp[5][188]=288.481
dp[6][188]=425.655
dp[7][188]=575.121
dp[8][188]=725.237
dp[9][188]=878.994
dp[10][188]=1041.16
dp[11][188]=1208.36
dp[12][188]=1377.75
dp[13][188]=1562.41
Select best dp
Best k=2
Stratifying 15-th numerical feature ...
dp[2][188]=-162.832
dp[3][188]=-151.795
dp[4][188]=-110.033
dp[5][188]=-63.5479
dp[6][188]=-13.1321
dp[7][188]=84.1614
dp[8][188]=193.898
dp[9][188]=326.5
dp[10][188]=462.893
dp[11][188]=608.042
dp[12][188]=754.807
dp[13][188]=904.83
Select best dp
Best k=2
Stratifying 13-th numerical feature ...
dp[2][188]=7.0288
dp[3][188]=-72.6514
dp[4][188]=-42.5548
dp[5][188]=9.7214
dp[6][188]=81.4319
dp[7][188]=176.524
dp[8][188]=284.161
dp[9][188]=417.273
dp[10][188]=563.073
dp[11][188]=714.403
dp[12][188]=882.385
dp[13][188]=1058.18
Select best dp
Best k=3
Stratifying 14-th numerical feature ...
dp[2][188]=-5e+10
dp[3][188]=-5e+10
dp[4][188]=-5e+10
dp[5][188]=-5e+10
dp[6][188]=-5e+10
dp[7][188]=-5e+10
dp[8][188]=-5e+10
dp[9][188]=-5e+10
dp[10][188]=-5e+10
dp[11][188]=-5e+10
dp[12][188]=-5e+10
dp[13][188]=-5e+10
Select best dp
Best k=5
Stratifying 16-th numerical feature ...
dp[2][188]=79.5674
dp[3][188]=167.436
dp[4][188]=280.609
dp[5][188]=403.505
dp[6][188]=577.04
dp[7][188]=748.778
dp[8][188]=927.171
dp[9][188]=1100.1
dp[10][188]=1278.5
dp[11][188]=1462.57
dp[12][188]=1650.78
dp[13][188]=1846.32
Select best dp
Best k=2
Stratifying 16-th numerical feature ...
dp[2][188]=-618.828
dp[3][188]=-963.735
dp[4][188]=-1278.41
dp[5][188]=-1327.96
dp[6][188]=-1312.59
dp[7][188]=-1294.53
dp[8][188]=-1258.45
dp[9][188]=-1214.85
dp[10][188]=-1125.54
dp[11][188]=-1030.45
dp[12][188]=-885.502
dp[13][188]=-737.097
Select best dp
Best k=5
Stratifying 15-th numerical feature ...
dp[2][188]=-33.9166
dp[3][188]=-125.404
dp[4][188]=-91.4395
dp[5][188]=-57.0278
dp[6][188]=9.10729
dp[7][188]=106.191
dp[8][188]=207.421
dp[9][188]=337.765
dp[10][188]=469.097
dp[11][188]=602.441
dp[12][188]=743.888
dp[13][188]=890.446
Select best dp
Best k=3
Stratifying 14-th numerical feature ...
dp[2][188]=151.418
dp[3][188]=305.579
dp[4][188]=467.815
dp[5][188]=636.604
dp[6][188]=808.639
dp[7][188]=982.549
dp[8][188]=1158.2
dp[9][188]=1336.16
dp[10][188]=1513.96
dp[11][188]=1698.1
dp[12][188]=1882.92
dp[13][188]=2073.35
Select best dp
Best k=2
dp[2][188]=-238.272
dp[3][188]=-375.771
dp[4][188]=-485.877
dp[5][188]=-442.3
dp[6][188]=-359.222
dp[7][188]=-269.766
dp[8][188]=-171.421
dp[9][188]=-68.3421
dp[10][188]=55.049
dp[11][188]=189.552
dp[12][188]=347.92
dp[13][188]=511.294
Select best dp
Best k=4
Stratifying 15-th numerical feature ...
dp[2][188]=-360.462
dp[3][188]=-586.008
dp[4][188]=-751.325
dp[5][188]=-858.383
dp[6][188]=-860.009
dp[7][188]=-815.671
dp[8][188]=-727.354
dp[9][188]=-647.133
dp[10][188]=-558.817
dp[11][188]=-455.095
dp[12][188]=-332.268
dp[13][188]=-197.896
Select best dp
Best k=6
Stratifying 16-th numerical feature ...
dp[2][188]=-332.549
dp[3][188]=-5e+10
dp[4][188]=-5e+10
dp[5][188]=-5e+10
dp[6][188]=-5e+10
dp[7][188]=-5e+10
dp[8][188]=-5e+10
dp[9][188]=-5e+10
dp[10][188]=-5e+10
dp[11][188]=-5e+10
dp[12][188]=-5e+10
dp[13][188]=-5e+10
Select best dp
Best k=5
dp[2][188]=-271.817
dp[3][188]=-422.606
dp[4][188]=-552.323
dp[5][188]=-518.741
dp[6][188]=-442.464
dp[7][188]=-355.286
dp[8][188]=-263.585
dp[9][188]=-165.938
dp[10][188]=-67.6387
dp[11][188]=51.1842
dp[12][188]=177.388
dp[13][188]=304.601
Select best dp
Best k=4
Stratifying 15-th numerical feature ...
dp[2][188]=-901.155
dp[3][188]=-1165.36
dp[4][188]=-1339.95
dp[5][188]=-1367.15
dp[6][188]=-1329.66
dp[7][188]=-1290.51
dp[8][188]=-1229.71
dp[9][188]=-1155.59
dp[10][188]=-1064.83
dp[11][188]=-937.747
dp[12][188]=-795.608
dp[13][188]=-635.758
Select best dp
Best k=5
dp[2][188]=-32.0589
dp[3][188]=-76.5012
dp[4][188]=-78.9757
dp[5][188]=-49.3377
dp[6][188]=32.863
dp[7][188]=139.158
dp[8][188]=264.761
dp[9][188]=398.12
dp[10][188]=523.723
dp[11][188]=670.205
dp[12][188]=822.977
dp[13][188]=981.011
Select best dp
Best k=4
Stratifying 16-th numerical feature ...
dp[2][188]=-140.447
dp[3][188]=-207.664
dp[4][188]=-232.778
dp[5][188]=-225.864
dp[6][188]=-134.422
dp[7][188]=-27.6264
dp[8][188]=101.305
dp[9][188]=229.619
dp[10][188]=358.551
dp[11][188]=487.894
dp[12][188]=625.338
dp[13][188]=764.784
Select best dp
Best k=4
Stratifying 16-th numerical feature ...
dp[2][188]=-322.64
dp[3][188]=-358.383
dp[4][188]=-394.496
dp[5][188]=-316.522
dp[6][188]=-228.766
dp[7][188]=-117.814
dp[8][188]=0.598938
dp[9][188]=118.733
dp[10][188]=256.679
dp[11][188]=404.484
dp[12][188]=566.351
dp[13][188]=742.18
Select best dp
Best k=4
dp[2][188]=-332.549
dp[3][188]=-415.024
dp[4][188]=-416.722
dp[5][188]=-347.64
dp[6][188]=-246.071
dp[7][188]=-138.925
dp[8][188]=-28.5272
dp[9][188]=92.845
dp[10][188]=218.042
dp[11][188]=344.108
dp[12][188]=473.277
dp[13][188]=615.183
Select best dp
Best k=4
