Standardize ...
Stratifying 1-th numerical feature ...
Standardize ...
Stratifying 1-th numerical feature ...
Standardize ...
Stratifying 1-th numerical feature ...
Standardize ...
Stratifying 1-th numerical feature ...
Standardize ...
Stratifying 1-th numerical feature ...
Standardize ...
Stratifying 1-th numerical feature ...
Standardize ...
Stratifying 1-th numerical feature ...
Standardize ...
Stratifying 1-th numerical feature ...
Standardize ...
Stratifying 1-th numerical feature ...
Standardize ...
Stratifying 1-th numerical feature ...
Standardize ...
Stratifying 1-th numerical feature ...
Standardize ...
Stratifying 1-th numerical feature ...
Standardize ...
Stratifying 1-th numerical feature ...
Standardize ...
Stratifying 1-th numerical feature ...
dp[2][620]=-362.268
dp[3][620]=-608.435
dp[4][620]=-687.224
dp[5][620]=-728.093
dp[6][620]=-736.965
dp[7][620]=-680.878
dp[8][620]=-586.937
dp[9][620]=-481.913
dp[10][620]=-353.13
dp[11][620]=-212.315
dp[12][620]=-68.7688
dp[13][620]=80.7379
dp[14][620]=231.673
dp[15][620]=393.288
dp[16][620]=558.654
dp[17][620]=739.128
dp[18][620]=923.348
dp[19][620]=1112.2
dp[20][620]=1301.36
dp[21][620]=1504.4
dp[22][620]=1713.73
dp[23][620]=1932.59
dp[24][620]=2155.33
Select best dp
Best k=6
dp[2][620]=-362.268
dp[3][620]=-608.435
dp[4][620]=-687.224
dp[5][620]=-728.093
dp[6][620]=-736.965
dp[7][620]=-680.878
dp[8][620]=-586.937
dp[9][620]=-481.913
dp[10][620]=-353.13
dp[11][620]=-212.315
dp[12][620]=-68.7688
dp[13][620]=80.7379
dp[14][620]=231.673
dp[15][620]=393.288
dp[16][620]=558.654
dp[17][620]=739.128
dp[18][620]=923.348
dp[19][620]=1112.2
dp[20][620]=1301.36
dp[21][620]=1504.4
dp[22][620]=1713.73
dp[23][620]=1932.59
dp[24][620]=2155.33
Select best dp
Best k=6
Stratifying 2-th numerical feature ...
Stratifying 2-th numerical feature ...
dp[2][620]=-362.268
dp[3][620]=-608.435
dp[4][620]=-687.224
dp[5][620]=-728.093
dp[6][620]=-736.965
dp[7][620]=-680.878
dp[8][620]=-586.937
dp[9][620]=-481.913
dp[10][620]=-353.13
dp[11][620]=-212.315
dp[12][620]=-68.7688
dp[13][620]=80.7379
dp[14][620]=231.673
dp[15][620]=393.288
dp[16][620]=558.654
dp[17][620]=739.128
dp[18][620]=923.348
dp[19][620]=1112.2
dp[20][620]=1301.36
dp[21][620]=1504.4
dp[22][620]=1713.73
dp[23][620]=1932.59
dp[24][620]=2155.33
Select best dp
Best k=6
dp[2][620]=-362.268
dp[3][620]=-608.435
dp[4][620]=-687.224
dp[5][620]=-728.093
dp[6][620]=-736.965
dp[7][620]=-680.878
dp[8][620]=-586.937
dp[9][620]=-481.913
dp[10][620]=-353.13
dp[11][620]=-212.315
dp[12][620]=-68.7688
dp[13][620]=80.7379
dp[14][620]=231.673
dp[15][620]=393.288
dp[16][620]=558.654
dp[17][620]=739.128
dp[18][620]=923.348
dp[19][620]=1112.2
dp[20][620]=1301.36
dp[21][620]=1504.4
dp[22][620]=1713.73
dp[23][620]=1932.59
dp[24][620]=2155.33
Select best dp
Best k=6
Stratifying 2-th numerical feature ...
Stratifying 2-th numerical feature ...
dp[2][620]=-362.268
dp[3][620]=-608.435
dp[4][620]=-687.224
dp[5][620]=-728.093
dp[6][620]=-736.965
dp[7][620]=-680.878
dp[8][620]=-586.937
dp[9][620]=-481.913
dp[10][620]=-353.13
dp[11][620]=-212.315
dp[12][620]=-68.7688
dp[13][620]=80.7379
dp[14][620]=231.673
dp[15][620]=393.288
dp[16][620]=558.654
dp[17][620]=739.128
dp[18][620]=923.348
dp[19][620]=1112.2
dp[20][620]=1301.36
dp[21][620]=1504.4
dp[22][620]=1713.73
dp[23][620]=1932.59
dp[24][620]=2155.33
Select best dp
Best k=6
Stratifying 2-th numerical feature ...
dp[2][620]=-362.268
dp[3][620]=-608.435
dp[4][620]=-687.224
dp[5][620]=-728.093
dp[6][620]=-736.965
dp[7][620]=-680.878
dp[8][620]=-586.937
dp[9][620]=-481.913
dp[10][620]=-353.13
dp[11][620]=-212.315
dp[12][620]=-68.7688
dp[13][620]=80.7379
dp[14][620]=231.673
dp[15][620]=393.288
dp[16][620]=558.654
dp[17][620]=737.85
dp[18][620]=921.868
dp[19][620]=1108.83
dp[20][620]=1295.94
dp[21][620]=1488.31
dp[22][620]=1683.29
dp[23][620]=1879.41
dp[24][620]=2076.41
Select best dp
Best k=6
Stratifying 2-th numerical feature ...
dp[2][620]=-362.268
dp[3][620]=-608.435
dp[4][620]=-687.224
dp[5][620]=-728.093
dp[6][620]=-736.965
dp[7][620]=-680.878
dp[8][620]=-586.937
dp[9][620]=-481.913
dp[10][620]=-353.13
dp[11][620]=-212.315
dp[12][620]=-65.3993
dp[13][620]=85.5362
dp[14][620]=236.715
dp[15][620]=413.326
dp[16][620]=592.766
Select best dp
Best k=6
Stratifying 2-th numerical feature ...
dp[2][620]=514.506
dp[3][620]=771.76
dp[4][620]=1029.01
dp[5][620]=1286.27
dp[6][620]=1543.52
dp[7][620]=1800.77
dp[8][620]=2058.03
dp[9][620]=2315.28
dp[10][620]=2572.53
dp[11][620]=2829.79
dp[12][620]=3087.04
dp[13][620]=3344.29
dp[14][620]=3601.55
dp[15][620]=3858.8
dp[16][620]=4116.05
dp[17][620]=4373.31
dp[18][620]=4630.56
dp[19][620]=4887.81
dp[20][620]=5145.06
dp[21][620]=5402.32
dp[22][620]=5659.57
dp[23][620]=5916.82
dp[24][620]=6174.08
Select best dp
Best k=2
Stratifying 2-th numerical feature ...
dp[2][620]=76.1193
dp[3][620]=81.6625
dp[4][620]=170.895
dp[5][620]=279.087
dp[6][620]=403.277
dp[7][620]=559.947
dp[8][620]=735.544
dp[9][620]=916.683
dp[10][620]=1109.7
dp[11][620]=1308.74
dp[12][620]=1509.14
dp[13][620]=1712.52
dp[14][620]=1916.61
dp[15][620]=2126.04
dp[16][620]=2337.35
dp[17][620]=2556.22
dp[18][620]=2776.95
dp[19][620]=3000.01
dp[20][620]=3223.21
dp[21][620]=3453.36
dp[22][620]=3686.65
dp[23][620]=3924.71
dp[24][620]=4164.7
Select best dp
Best k=2
Stratifying 2-th numerical feature ...
dp[2][620]=-1239.04
dp[3][620]=-1988.63
dp[4][620]=-2403.46
dp[5][620]=-2742.45
dp[6][620]=-3017.45
dp[7][620]=-3162.53
dp[8][620]=-3231.9
dp[9][620]=-3279.11
dp[10][620]=-3278.79
dp[11][620]=-3254.42
dp[12][620]=-3224.58
dp[13][620]=-3182.82
dp[14][620]=-3138.2
dp[15][620]=-3072.22
dp[16][620]=-2998.74
dp[17][620]=-2895.05
dp[18][620]=-2783.86
dp[19][620]=-2663.41
dp[20][620]=-2542.34
dp[21][620]=-2393.52
dp[22][620]=-2232.11
dp[23][620]=-2051.65
dp[24][620]=-1863.43
Select best dp
Best k=9
Stratifying 2-th numerical feature ...
dp[2][620]=-362.268
dp[3][620]=-608.435
dp[4][620]=-687.224
dp[5][620]=-728.093
dp[6][620]=-736.965
dp[7][620]=-680.878
dp[8][620]=-586.937
dp[9][620]=-481.913
dp[10][620]=-353.13
dp[11][620]=-212.315
dp[12][620]=-68.7688
dp[13][620]=80.7379
dp[14][620]=231.673
dp[15][620]=393.288
dp[16][620]=558.654
dp[17][620]=739.128
dp[18][620]=923.348
dp[19][620]=1112.2
dp[20][620]=1301.36
dp[21][620]=1504.4
dp[22][620]=1713.73
dp[23][620]=1932.59
dp[24][620]=2155.33
Select best dp
Best k=6
Stratifying 2-th numerical feature ...
dp[2][620]=-660.101
dp[3][620]=-959.586
dp[4][620]=-1059.86
dp[5][620]=-1092.49
dp[6][620]=-1058.98
dp[7][620]=-999.447
dp[8][620]=-930.338
dp[9][620]=-828.149
dp[10][620]=-714.971
dp[11][620]=-598.48
dp[12][620]=-473.763
dp[13][620]=-357.402
dp[14][620]=-222.538
dp[15][620]=-57.3743
dp[16][620]=109.521
dp[17][620]=280.683
dp[18][620]=462.211
dp[19][620]=651.554
dp[20][620]=844.737
dp[21][620]=1042.21
dp[22][620]=1243.85
dp[23][620]=1479.87
dp[24][620]=1726.68
Select best dp
Best k=5
Stratifying 3-th numerical feature ...
dp[2][620]=-660.101
dp[3][620]=-959.586
dp[4][620]=-1059.86
dp[5][620]=-1092.49
dp[6][620]=-1058.98
dp[7][620]=-999.447
dp[8][620]=-930.338
dp[9][620]=-828.149
dp[10][620]=-714.971
dp[11][620]=-598.48
dp[12][620]=-473.763
dp[13][620]=-357.402
dp[14][620]=-222.538
dp[15][620]=-57.3743
dp[16][620]=109.521
dp[17][620]=280.683
dp[18][620]=462.211
dp[19][620]=651.554
dp[20][620]=844.737
dp[21][620]=1042.21
dp[22][620]=1243.85
dp[23][620]=1479.87
dp[24][620]=1726.68
Select best dp
Best k=5
dp[2][620]=-660.101
dp[3][620]=-959.586
dp[4][620]=-1059.86
dp[5][620]=-1092.49
dp[6][620]=-1058.98
dp[7][620]=-999.447
dp[8][620]=-930.338
dp[9][620]=-828.149
dp[10][620]=-714.971
dp[11][620]=-598.48
dp[12][620]=-473.763
dp[13][620]=-357.402
dp[14][620]=-222.538
dp[15][620]=-57.3743
dp[16][620]=109.521
dp[17][620]=280.683
dp[18][620]=462.211
dp[19][620]=651.554
dp[20][620]=844.737
dp[21][620]=1042.21
dp[22][620]=1243.85
dp[23][620]=1479.87
dp[24][620]=1726.68
Select best dp
Best k=5
Stratifying 3-th numerical feature ...
Stratifying 3-th numerical feature ...
dp[2][620]=-660.101
dp[3][620]=-959.586
dp[4][620]=-1059.86
dp[5][620]=-1092.49
dp[6][620]=-1058.98
dp[7][620]=-999.447
dp[8][620]=-930.338
dp[9][620]=-828.149
dp[10][620]=-714.971
dp[11][620]=-598.48
dp[12][620]=-473.763
dp[13][620]=-357.402
dp[14][620]=-222.538
dp[15][620]=-57.3743
dp[16][620]=109.521
dp[17][620]=280.683
dp[18][620]=462.211
dp[19][620]=651.554
dp[20][620]=844.737
dp[21][620]=1042.21
dp[22][620]=1243.85
dp[23][620]=1479.87
dp[24][620]=1726.68
Select best dp
Best k=5
Stratifying 3-th numerical feature ...
dp[2][620]=-660.101
dp[3][620]=-959.586
dp[4][620]=-1059.86
dp[5][620]=-1092.49
dp[6][620]=-1058.98
dp[7][620]=-999.447
dp[8][620]=-930.338
dp[9][620]=-828.149
dp[10][620]=-714.971
dp[11][620]=-598.48
dp[12][620]=-473.763
dp[13][620]=-357.402
dp[14][620]=-222.538
dp[15][620]=-57.3743
dp[16][620]=109.521
dp[17][620]=280.683
dp[18][620]=462.211
dp[19][620]=651.554
dp[20][620]=844.737
dp[21][620]=1042.21
dp[22][620]=1243.85
dp[23][620]=1479.87
dp[24][620]=1726.68
Select best dp
Best k=5
Stratifying 3-th numerical feature ...
dp[2][620]=-1.5e+11
dp[3][620]=-1.8e+11
dp[4][620]=-3.3e+11
dp[5][620]=-3.6e+11
dp[6][620]=-5.1e+11
dp[7][620]=-5.3e+11
dp[8][620]=-6.8e+11
dp[9][620]=-6.8e+11
dp[10][620]=-8.2e+11
dp[11][620]=-8.2e+11
dp[12][620]=-9.5e+11
dp[13][620]=-9.5e+11
dp[14][620]=-1.07e+12
dp[15][620]=-1.07e+12
dp[16][620]=-1.19e+12
dp[17][620]=-1.19e+12
dp[18][620]=-1.28e+12
dp[19][620]=-1.28e+12
dp[20][620]=-1.28e+12
dp[21][620]=-1.28e+12
dp[22][620]=-1.28e+12
dp[23][620]=-1.28e+12
dp[24][620]=-1.28e+12
Select best dp
Best k=18
Stratifying 3-th numerical feature ...
dp[2][620]=-6.1e+11
dp[3][620]=-9.1e+11
dp[4][620]=-1.16e+12
dp[5][620]=-1.44e+12
dp[6][620]=-1.47e+12
dp[7][620]=-1.75e+12
dp[8][620]=-1.75e+12
dp[9][620]=-2.02e+12
dp[10][620]=-2.02e+12
dp[11][620]=-2.27e+12
dp[12][620]=-2.27e+12
dp[13][620]=-2.27e+12
dp[14][620]=-2.27e+12
dp[15][620]=-2.27e+12
dp[16][620]=-2.27e+12
dp[17][620]=-2.27e+12
dp[18][620]=-2.27e+12
dp[19][620]=-2.27e+12
dp[20][620]=-2.27e+12
dp[21][620]=-2.27e+12
dp[22][620]=-2.27e+12
dp[23][620]=-2.19e+12
dp[24][620]=-1.94e+12
Select best dp
Best k=12
Stratifying 4-th numerical feature ...
dp[2][620]=-6.1e+11
dp[3][620]=-9.1e+11
dp[4][620]=-1.16e+12
dp[5][620]=-1.44e+12
dp[6][620]=-1.47e+12
dp[7][620]=-1.75e+12
dp[8][620]=-1.75e+12
dp[9][620]=-2.02e+12
dp[10][620]=-2.02e+12
dp[11][620]=-2.27e+12
dp[12][620]=-2.27e+12
dp[13][620]=-2.27e+12
dp[14][620]=-2.27e+12
dp[15][620]=-2.27e+12
dp[16][620]=-2.27e+12
dp[17][620]=-2.27e+12
dp[18][620]=-2.27e+12
dp[19][620]=-2.27e+12
dp[20][620]=-2.27e+12
dp[21][620]=-2.27e+12
dp[22][620]=-2.27e+12
dp[23][620]=-2.19e+12
dp[24][620]=-1.94e+12
Select best dp
Best k=12
Stratifying 4-th numerical feature ...
dp[2][620]=-6.1e+11
dp[3][620]=-9.1e+11
dp[4][620]=-1.16e+12
dp[5][620]=-1.44e+12
dp[6][620]=-1.47e+12
dp[7][620]=-1.75e+12
dp[8][620]=-1.75e+12
dp[9][620]=-2.02e+12
dp[10][620]=-2.02e+12
dp[11][620]=-2.27e+12
dp[12][620]=-2.27e+12
dp[13][620]=-2.27e+12
dp[14][620]=-2.27e+12
dp[15][620]=-2.27e+12
dp[16][620]=-2.27e+12
dp[17][620]=-2.27e+12
dp[18][620]=-2.27e+12
dp[19][620]=-2.27e+12
dp[20][620]=-2.27e+12
dp[21][620]=-2.27e+12
dp[22][620]=-2.27e+12
dp[23][620]=-2.19e+12
dp[24][620]=-1.94e+12
Select best dp
Best k=12
dp[2][620]=-6.1e+11
dp[3][620]=-9.1e+11
dp[4][620]=-1.16e+12
dp[5][620]=-1.44e+12
dp[6][620]=-1.47e+12
dp[7][620]=-1.75e+12
dp[8][620]=-1.75e+12
dp[9][620]=-2.02e+12
dp[10][620]=-2.02e+12
dp[11][620]=-2.27e+12
dp[12][620]=-2.27e+12
dp[13][620]=-2.27e+12
dp[14][620]=-2.27e+12
dp[15][620]=-2.27e+12
dp[16][620]=-2.27e+12
dp[17][620]=-2.27e+12
dp[18][620]=-2.27e+12
dp[19][620]=-2.27e+12
dp[20][620]=-2.27e+12
dp[21][620]=-2.27e+12
dp[22][620]=-2.27e+12
dp[23][620]=-2.19e+12
dp[24][620]=-1.94e+12
Select best dp
Best k=12
Stratifying 4-th numerical feature ...
Stratifying 4-th numerical feature ...
dp[2][620]=-6.1e+11
dp[3][620]=-9.1e+11
dp[4][620]=-1.16e+12
dp[5][620]=-1.44e+12
dp[6][620]=-1.47e+12
dp[7][620]=-1.75e+12
dp[8][620]=-1.75e+12
dp[9][620]=-2.02e+12
dp[10][620]=-2.02e+12
dp[11][620]=-2.27e+12
dp[12][620]=-2.27e+12
dp[13][620]=-2.27e+12
dp[14][620]=-2.27e+12
dp[15][620]=-2.27e+12
dp[16][620]=-2.27e+12
dp[17][620]=-2.27e+12
dp[18][620]=-2.27e+12
dp[19][620]=-2.27e+12
dp[20][620]=-2.27e+12
dp[21][620]=-2.27e+12
dp[22][620]=-2.27e+12
dp[23][620]=-2.19e+12
dp[24][620]=-1.94e+12
Select best dp
Best k=12
Stratifying 4-th numerical feature ...
dp[2][620]=-362.268
dp[3][620]=-1e+11
dp[4][620]=-1e+11
dp[5][620]=-1e+11
dp[6][620]=-1e+11
dp[7][620]=-1e+11
dp[8][620]=-1e+11
dp[9][620]=-1e+11
dp[10][620]=-1e+11
dp[11][620]=-1e+11
dp[12][620]=-1e+11
dp[13][620]=-1e+11
dp[14][620]=-1e+11
dp[15][620]=-1e+11
dp[16][620]=-1e+11
dp[17][620]=-1e+11
dp[18][620]=-1e+11
dp[19][620]=-1e+11
dp[20][620]=-1e+11
dp[21][620]=-1e+11
dp[22][620]=-1e+11
dp[23][620]=-1e+11
dp[24][620]=-1e+11
Select best dp
Best k=6
Stratifying 2-th numerical feature ...
dp[2][620]=-660.101
dp[3][620]=-959.586
dp[4][620]=-1059.86
dp[5][620]=-1092.49
dp[6][620]=-1058.98
dp[7][620]=-999.447
dp[8][620]=-930.338
dp[9][620]=-828.149
dp[10][620]=-714.971
dp[11][620]=-598.48
dp[12][620]=-472.943
dp[13][620]=-336.295
dp[14][620]=-180.458
dp[15][620]=20.3126
dp[16][620]=224.524
Select best dp
Best k=5
Stratifying 3-th numerical feature ...
dp[2][620]=-362.268
dp[3][620]=-1e+11
dp[4][620]=-1e+11
dp[5][620]=-1.9e+11
dp[6][620]=-1.9e+11
dp[7][620]=-2.5e+11
dp[8][620]=-2.5e+11
dp[9][620]=-3.1e+11
dp[10][620]=-3.1e+11
dp[11][620]=-3.7e+11
dp[12][620]=-3.7e+11
dp[13][620]=-4.3e+11
dp[14][620]=-4.3e+11
dp[15][620]=-4.8e+11
dp[16][620]=-4.8e+11
dp[17][620]=-5.3e+11
dp[18][620]=-5.3e+11
dp[19][620]=-5.8e+11
dp[20][620]=-5.8e+11
dp[21][620]=-6.3e+11
dp[22][620]=-6.3e+11
dp[23][620]=-6.7e+11
dp[24][620]=-6.7e+11
Select best dp
Best k=24
Stratifying 2-th numerical feature ...
dp[2][620]=-3.58e+12
dp[3][620]=-4.19e+12
dp[4][620]=-4.61e+12
dp[5][620]=-4.86e+12
dp[6][620]=-4.86e+12
dp[7][620]=-4.86e+12
dp[8][620]=-4.86e+12
dp[9][620]=-4.86e+12
dp[10][620]=-4.86e+12
dp[11][620]=-4.86e+12
dp[12][620]=-4.86e+12
dp[13][620]=-4.86e+12
dp[14][620]=-4.86e+12
dp[15][620]=-4.86e+12
dp[16][620]=-4.86e+12
dp[17][620]=-4.86e+12
dp[18][620]=-4.86e+12
dp[19][620]=-4.86e+12
dp[20][620]=-4.86e+12
dp[21][620]=-4.86e+12
dp[22][620]=-4.86e+12
dp[23][620]=-4.86e+12
dp[24][620]=-4.61e+12
Select best dp
Best k=5
Stratifying 5-th numerical feature ...
dp[2][620]=514.506
dp[3][620]=771.76
dp[4][620]=1029.01
dp[5][620]=1286.27
dp[6][620]=1543.52
dp[7][620]=1800.77
dp[8][620]=2058.03
dp[9][620]=2315.28
dp[10][620]=2572.53
dp[11][620]=2829.79
dp[12][620]=3087.04
dp[13][620]=3344.29
dp[14][620]=3601.55
dp[15][620]=3858.8
dp[16][620]=4116.05
dp[17][620]=4373.31
dp[18][620]=4630.56
dp[19][620]=4887.81
dp[20][620]=5145.06
dp[21][620]=5402.32
dp[22][620]=5659.57
dp[23][620]=5916.82
dp[24][620]=6174.08
Select best dp
Best k=2
dp[2][620]=-3.58e+12
dp[3][620]=-4.19e+12
dp[4][620]=-4.61e+12
dp[5][620]=-4.86e+12
dp[6][620]=-4.86e+12
dp[7][620]=-4.86e+12
dp[8][620]=-4.86e+12
dp[9][620]=-4.86e+12
dp[10][620]=-4.86e+12
dp[11][620]=-4.86e+12
dp[12][620]=-4.86e+12
dp[13][620]=-4.86e+12
dp[14][620]=-4.86e+12
dp[15][620]=-4.86e+12
dp[16][620]=-4.86e+12
dp[17][620]=-4.86e+12
dp[18][620]=-4.86e+12
dp[19][620]=-4.86e+12
dp[20][620]=-4.86e+12
dp[21][620]=-4.86e+12
dp[22][620]=-4.86e+12
dp[23][620]=-4.86e+12
dp[24][620]=-4.61e+12
Select best dp
Best k=5
Stratifying 3-th numerical feature ...
Stratifying 5-th numerical feature ...
dp[2][620]=-72.7972
dp[3][620]=-93.913
dp[4][620]=-15.4256
dp[5][620]=96.8896
dp[6][620]=242.268
dp[7][620]=400.663
dp[8][620]=563.844
dp[9][620]=743.565
dp[10][620]=928.781
dp[11][620]=1115.65
dp[12][620]=1306.64
dp[13][620]=1493.44
dp[14][620]=1689.5
dp[15][620]=1900.71
dp[16][620]=2112.79
dp[17][620]=2326.99
dp[18][620]=2546.38
dp[19][620]=2769.68
dp[20][620]=2994.9
dp[21][620]=3222.26
dp[22][620]=3451.71
dp[23][620]=3698.35
dp[24][620]=3950.38
Select best dp
Best k=3
Stratifying 3-th numerical feature ...
dp[2][620]=-3.58e+12
dp[3][620]=-4.19e+12
dp[4][620]=-4.61e+12
dp[5][620]=-4.86e+12
dp[6][620]=-4.86e+12
dp[7][620]=-4.86e+12
dp[8][620]=-4.86e+12
dp[9][620]=-4.86e+12
dp[10][620]=-4.86e+12
dp[11][620]=-4.86e+12
dp[12][620]=-4.86e+12
dp[13][620]=-4.86e+12
dp[14][620]=-4.86e+12
dp[15][620]=-4.86e+12
dp[16][620]=-4.86e+12
dp[17][620]=-4.86e+12
dp[18][620]=-4.86e+12
dp[19][620]=-4.86e+12
dp[20][620]=-4.86e+12
dp[21][620]=-4.86e+12
dp[22][620]=-4.86e+12
dp[23][620]=-4.86e+12
dp[24][620]=-4.61e+12
Select best dp
Best k=5
Stratifying 5-th numerical feature ...
dp[2][620]=-1834.71
dp[3][620]=-2690.93
dp[4][620]=-3148.74
dp[5][620]=-3471.24
dp[6][620]=-3661.49
dp[7][620]=-3799.67
dp[8][620]=-3918.7
dp[9][620]=-3971.58
dp[10][620]=-4002.47
dp[11][620]=-4026.75
dp[12][620]=-4034.56
dp[13][620]=-4059.1
dp[14][620]=-4046.62
dp[15][620]=-3973.55
dp[16][620]=-3897.01
dp[17][620]=-3811.94
dp[18][620]=-3706.14
dp[19][620]=-3584.7
dp[20][620]=-3455.59
dp[21][620]=-3317.9
dp[22][620]=-3171.87
dp[23][620]=-2957.08
dp[24][620]=-2720.72
Select best dp
Best k=13
dp[2][620]=-660.101
dp[3][620]=-959.586
dp[4][620]=-1059.86
dp[5][620]=-1092.49
dp[6][620]=-1058.98
dp[7][620]=-999.447
dp[8][620]=-930.338
dp[9][620]=-828.149
dp[10][620]=-714.971
dp[11][620]=-598.48
dp[12][620]=-473.763
dp[13][620]=-357.402
dp[14][620]=-222.538
dp[15][620]=-57.3743
dp[16][620]=109.521
dp[17][620]=280.683
dp[18][620]=462.211
dp[19][620]=651.554
dp[20][620]=844.737
dp[21][620]=1042.21
dp[22][620]=1243.85
dp[23][620]=1479.87
dp[24][620]=1726.68
Select best dp
Best k=5
Stratifying 3-th numerical feature ...
Stratifying 3-th numerical feature ...
dp[2][620]=-3.58e+12
dp[3][620]=-4.19e+12
dp[4][620]=-4.61e+12
dp[5][620]=-4.86e+12
dp[6][620]=-4.86e+12
dp[7][620]=-4.86e+12
dp[8][620]=-4.86e+12
dp[9][620]=-4.86e+12
dp[10][620]=-4.86e+12
dp[11][620]=-4.86e+12
dp[12][620]=-4.86e+12
dp[13][620]=-4.86e+12
dp[14][620]=-4.86e+12
dp[15][620]=-4.86e+12
dp[16][620]=-4.86e+12
dp[17][620]=-4.86e+12
dp[18][620]=-4.86e+12
dp[19][620]=-4.86e+12
dp[20][620]=-4.86e+12
dp[21][620]=-4.86e+12
dp[22][620]=-4.86e+12
dp[23][620]=-4.86e+12
dp[24][620]=-4.61e+12
Select best dp
Best k=5
Stratifying 5-th numerical feature ...
dp[2][620]=-3.58e+12
dp[3][620]=-4.19e+12
dp[4][620]=-4.61e+12
dp[5][620]=-4.86e+12
dp[6][620]=-4.86e+12
dp[7][620]=-4.86e+12
dp[8][620]=-4.86e+12
dp[9][620]=-4.86e+12
dp[10][620]=-4.86e+12
dp[11][620]=-4.86e+12
dp[12][620]=-4.86e+12
dp[13][620]=-4.86e+12
dp[14][620]=-4.86e+12
dp[15][620]=-4.86e+12
dp[16][620]=-4.86e+12
dp[17][620]=-4.86e+12
dp[18][620]=-4.86e+12
dp[19][620]=-4.86e+12
dp[20][620]=-4.86e+12
dp[21][620]=-4.86e+12
dp[22][620]=-4.86e+12
dp[23][620]=-4.86e+12
dp[24][620]=-4.61e+12
Select best dp
Best k=5
Stratifying 5-th numerical feature ...
dp[2][620]=-6.1e+11
dp[3][620]=-9.1e+11
dp[4][620]=-1.16e+12
dp[5][620]=-1.44e+12
dp[6][620]=-1.65e+12
dp[7][620]=-1.75e+12
dp[8][620]=-1.92e+12
dp[9][620]=-2.02e+12
dp[10][620]=-2.17e+12
dp[11][620]=-2.27e+12
dp[12][620]=-2.41e+12
dp[13][620]=-2.5e+12
dp[14][620]=-2.64e+12
dp[15][620]=-2.65e+12
dp[16][620]=-2.79e+12
dp[17][620]=-2.8e+12
dp[18][620]=-2.94e+12
dp[19][620]=-2.94e+12
dp[20][620]=-3.06e+12
dp[21][620]=-3.06e+12
dp[22][620]=-3.18e+12
dp[23][620]=-3.18e+12
dp[24][620]=-3.18e+12
Select best dp
Best k=22
Stratifying 4-th numerical feature ...
dp[2][620]=-6.1e+11
dp[3][620]=-6.1e+11
dp[4][620]=-6.1e+11
dp[5][620]=-6.1e+11
dp[6][620]=-6.1e+11
dp[7][620]=-6.1e+11
dp[8][620]=-6.1e+11
dp[9][620]=-6.1e+11
dp[10][620]=-6.1e+11
dp[11][620]=-6.1e+11
dp[12][620]=-6.1e+11
dp[13][620]=-6.1e+11
dp[14][620]=-6.1e+11
dp[15][620]=-6.1e+11
dp[16][620]=-6.1e+11
Select best dp
Best k=6
Stratifying 4-th numerical feature ...
dp[2][620]=-1.2e+12
dp[3][620]=-1.2e+12
dp[4][620]=-1.51e+12
dp[5][620]=-1.51e+12
dp[6][620]=-1.81e+12
dp[7][620]=-1.81e+12
dp[8][620]=-2.11e+12
dp[9][620]=-2.11e+12
dp[10][620]=-2.36e+12
dp[11][620]=-2.36e+12
dp[12][620]=-2.36e+12
dp[13][620]=-2.36e+12
dp[14][620]=-2.36e+12
dp[15][620]=-2.36e+12
dp[16][620]=-2.36e+12
dp[17][620]=-2.36e+12
dp[18][620]=-2.36e+12
dp[19][620]=-2.36e+12
dp[20][620]=-2.36e+12
dp[21][620]=-2.34e+12
dp[22][620]=-2.29e+12
dp[23][620]=-2.16e+12
dp[24][620]=-1.6e+12
Select best dp
Best k=11
Stratifying 6-th numerical feature ...
dp[2][620]=-1.2e+12
dp[3][620]=-1.2e+12
dp[4][620]=-1.51e+12
dp[5][620]=-1.51e+12
dp[6][620]=-1.81e+12
dp[7][620]=-1.81e+12
dp[8][620]=-2.11e+12
dp[9][620]=-2.11e+12
dp[10][620]=-2.36e+12
dp[11][620]=-2.36e+12
dp[12][620]=-2.36e+12
dp[13][620]=-2.36e+12
dp[14][620]=-2.36e+12
dp[15][620]=-2.36e+12
dp[16][620]=-2.36e+12
dp[17][620]=-2.36e+12
dp[18][620]=-2.36e+12
dp[19][620]=-2.36e+12
dp[20][620]=-2.36e+12
dp[21][620]=-2.34e+12
dp[22][620]=-2.29e+12
dp[23][620]=-2.16e+12
dp[24][620]=-1.6e+12
Select best dp
Best k=11
Stratifying 6-th numerical feature ...
dp[2][620]=-1.2e+12
dp[3][620]=-1.2e+12
dp[4][620]=-1.51e+12
dp[5][620]=-1.51e+12
dp[6][620]=-1.81e+12
dp[7][620]=-1.81e+12
dp[8][620]=-2.11e+12
dp[9][620]=-2.11e+12
dp[10][620]=-2.36e+12
dp[11][620]=-2.36e+12
dp[12][620]=-2.36e+12
dp[13][620]=-2.36e+12
dp[14][620]=-2.36e+12
dp[15][620]=-2.36e+12
dp[16][620]=-2.36e+12
dp[17][620]=-2.36e+12
dp[18][620]=-2.36e+12
dp[19][620]=-2.36e+12
dp[20][620]=-2.36e+12
dp[21][620]=-2.34e+12
dp[22][620]=-2.29e+12
dp[23][620]=-2.16e+12
dp[24][620]=-1.6e+12
Select best dp
Best k=11
Stratifying 6-th numerical feature ...
dp[2][620]=-1.2e+12
dp[3][620]=-1.2e+12
dp[4][620]=-1.51e+12
dp[5][620]=-1.51e+12
dp[6][620]=-1.81e+12
dp[7][620]=-1.81e+12
dp[8][620]=-2.11e+12
dp[9][620]=-2.11e+12
dp[10][620]=-2.36e+12
dp[11][620]=-2.36e+12
dp[12][620]=-2.36e+12
dp[13][620]=-2.36e+12
dp[14][620]=-2.36e+12
dp[15][620]=-2.36e+12
dp[16][620]=-2.36e+12
dp[17][620]=-2.36e+12
dp[18][620]=-2.36e+12
dp[19][620]=-2.36e+12
dp[20][620]=-2.36e+12
dp[21][620]=-2.34e+12
dp[22][620]=-2.29e+12
dp[23][620]=-2.16e+12
dp[24][620]=-1.6e+12
Select best dp
Best k=11
Stratifying 6-th numerical feature ...
dp[2][620]=-1.2e+12
dp[3][620]=-1.2e+12
dp[4][620]=-1.51e+12
dp[5][620]=-1.51e+12
dp[6][620]=-1.81e+12
dp[7][620]=-1.81e+12
dp[8][620]=-2.11e+12
dp[9][620]=-2.11e+12
dp[10][620]=-2.36e+12
dp[11][620]=-2.36e+12
dp[12][620]=-2.36e+12
dp[13][620]=-2.36e+12
dp[14][620]=-2.36e+12
dp[15][620]=-2.36e+12
dp[16][620]=-2.36e+12
dp[17][620]=-2.36e+12
dp[18][620]=-2.36e+12
dp[19][620]=-2.36e+12
dp[20][620]=-2.36e+12
dp[21][620]=-2.34e+12
dp[22][620]=-2.29e+12
dp[23][620]=-2.16e+12
dp[24][620]=-1.6e+12
Select best dp
Best k=11
Stratifying 6-th numerical feature ...
dp[2][620]=-3.58e+12
dp[3][620]=-4.19e+12
dp[4][620]=-4.61e+12
dp[5][620]=-4.86e+12
dp[6][620]=-4.99e+12
dp[7][620]=-5.15e+12
dp[8][620]=-5.37e+12
dp[9][620]=-5.51e+12
dp[10][620]=-5.54e+12
dp[11][620]=-5.68e+12
dp[12][620]=-5.68e+12
dp[13][620]=-5.68e+12
dp[14][620]=-5.68e+12
dp[15][620]=-5.68e+12
dp[16][620]=-5.68e+12
dp[17][620]=-5.68e+12
dp[18][620]=-5.68e+12
dp[19][620]=-5.68e+12
dp[20][620]=-5.68e+12
dp[21][620]=-5.68e+12
dp[22][620]=-5.68e+12
dp[23][620]=-5.68e+12
dp[24][620]=-5.68e+12
Select best dp
Best k=11
Stratifying 5-th numerical feature ...
dp[2][620]=514.506
dp[3][620]=771.76
dp[4][620]=1029.01
dp[5][620]=1286.27
dp[6][620]=1543.52
dp[7][620]=1800.77
dp[8][620]=2058.03
dp[9][620]=2315.28
dp[10][620]=2572.53
dp[11][620]=2829.79
dp[12][620]=3087.04
dp[13][620]=3344.29
dp[14][620]=3601.55
dp[15][620]=3858.8
dp[16][620]=4116.05
dp[17][620]=4373.31
dp[18][620]=4630.56
dp[19][620]=4887.81
dp[20][620]=5145.06
dp[21][620]=5402.32
dp[22][620]=5659.57
dp[23][620]=5916.82
dp[24][620]=6174.08
Select best dp
Best k=2
Stratifying 4-th numerical feature ...
dp[2][620]=-3.05e+11
dp[3][620]=-4.55e+11
dp[4][620]=-5.8e+11
dp[5][620]=-7.2e+11
dp[6][620]=-7.35e+11
dp[7][620]=-8.75e+11
dp[8][620]=-8.75e+11
dp[9][620]=-1.01e+12
dp[10][620]=-1.01e+12
dp[11][620]=-1.135e+12
dp[12][620]=-1.135e+12
dp[13][620]=-1.135e+12
dp[14][620]=-1.135e+12
dp[15][620]=-1.135e+12
dp[16][620]=-1.135e+12
dp[17][620]=-1.135e+12
dp[18][620]=-1.135e+12
dp[19][620]=-1.135e+12
dp[20][620]=-1.135e+12
dp[21][620]=-1.135e+12
dp[22][620]=-1.135e+12
dp[23][620]=-1.095e+12
dp[24][620]=-9.7e+11
Select best dp
Best k=11
Stratifying 4-th numerical feature ...
dp[2][620]=-6.1e+11
dp[3][620]=-9.1e+11
dp[4][620]=-1.16e+12
dp[5][620]=-1.44e+12
dp[6][620]=-1.47e+12
dp[7][620]=-1.75e+12
dp[8][620]=-1.75e+12
dp[9][620]=-2.02e+12
dp[10][620]=-2.02e+12
dp[11][620]=-2.27e+12
dp[12][620]=-2.27e+12
dp[13][620]=-2.27e+12
dp[14][620]=-2.27e+12
dp[15][620]=-2.27e+12
dp[16][620]=-2.27e+12
dp[2][620]=-1.22e+12
dp[17][620]=-2.27e+12
dp[3][620]=-1.82e+12
dp[18][620]=-2.27e+12
dp[4][620]=-2.32e+12
dp[19][620]=-2.27e+12
dp[5][620]=-2.88e+12
dp[20][620]=-2.27e+12
dp[6][620]=-2.94e+12
dp[21][620]=-2.27e+12
dp[7][620]=-3.5e+12
dp[22][620]=-2.27e+12
dp[8][620]=-3.5e+12
dp[23][620]=-2.19e+12
dp[9][620]=-4.04e+12
dp[24][620]=-1.94e+12
dp[10][620]=-4.04e+12
Select best dp
dp[11][620]=-4.54e+12
Best k=12
dp[12][620]=-4.54e+12
dp[13][620]=-4.54e+12
dp[14][620]=-4.54e+12
dp[15][620]=-4.54e+12
dp[16][620]=-4.54e+12
dp[17][620]=-4.54e+12
dp[18][620]=-4.54e+12
dp[19][620]=-4.54e+12
dp[20][620]=-4.54e+12
dp[21][620]=-4.54e+12
dp[22][620]=-4.54e+12
dp[23][620]=-4.38e+12
dp[24][620]=-3.88e+12
Select best dp
Best k=15
Stratifying 4-th numerical feature ...
Stratifying 4-th numerical feature ...
dp[2][620]=-3.58e+12
dp[3][620]=-4.19e+12
dp[4][620]=-4.61e+12
dp[5][620]=-4.61e+12
dp[6][620]=-4.61e+12
dp[7][620]=-4.61e+12
dp[8][620]=-4.61e+12
dp[9][620]=-4.61e+12
dp[10][620]=-4.61e+12
dp[11][620]=-4.61e+12
dp[12][620]=-4.61e+12
dp[13][620]=-4.61e+12
dp[14][620]=-4.61e+12
dp[15][620]=-4.61e+12
dp[16][620]=-4.24e+12
Select best dp
Best k=4
Stratifying 5-th numerical feature ...
dp[2][620]=-2.64e+12
dp[3][620]=-2.92e+12
dp[4][620]=-2.92e+12
dp[5][620]=-2.92e+12
dp[6][620]=-2.92e+12
dp[7][620]=-2.92e+12
dp[8][620]=-2.92e+12
dp[9][620]=-2.92e+12
dp[10][620]=-2.92e+12
dp[11][620]=-2.92e+12
dp[12][620]=-2.92e+12
dp[13][620]=-2.92e+12
dp[14][620]=-2.92e+12
dp[15][620]=-2.92e+12
dp[16][620]=-2.92e+12
dp[17][620]=-2.92e+12
dp[18][620]=-2.92e+12
dp[19][620]=-2.92e+12
dp[20][620]=-2.92e+12
dp[21][620]=-2.92e+12
dp[22][620]=-2.92e+12
dp[23][620]=-2.92e+12
dp[24][620]=-2.92e+12
Select best dp
Best k=6
dp[2][620]=-2.64e+12
dp[3][620]=-2.92e+12
dp[4][620]=-2.92e+12
dp[5][620]=-2.92e+12
dp[6][620]=-2.92e+12
dp[7][620]=-2.92e+12
dp[8][620]=-2.92e+12
dp[9][620]=-2.92e+12
dp[10][620]=-2.92e+12
dp[11][620]=-2.92e+12
dp[12][620]=-2.92e+12
dp[13][620]=-2.92e+12
dp[14][620]=-2.92e+12
dp[15][620]=-2.92e+12
dp[16][620]=-2.92e+12
dp[17][620]=-2.92e+12
dp[18][620]=-2.92e+12
dp[19][620]=-2.92e+12
dp[20][620]=-2.92e+12
dp[21][620]=-2.92e+12
dp[22][620]=-2.92e+12
dp[23][620]=-2.92e+12
dp[24][620]=-2.92e+12
Select best dp
Best k=6
dp[2][620]=-2.64e+12
dp[3][620]=-2.92e+12
dp[4][620]=-2.92e+12
dp[5][620]=-2.92e+12
dp[6][620]=-2.92e+12
dp[7][620]=-2.92e+12
dp[8][620]=-2.92e+12
dp[9][620]=-2.92e+12
dp[10][620]=-2.92e+12
dp[11][620]=-2.92e+12
dp[12][620]=-2.92e+12
dp[13][620]=-2.92e+12
dp[14][620]=-2.92e+12
dp[15][620]=-2.92e+12
dp[16][620]=-2.92e+12
dp[17][620]=-2.92e+12
dp[18][620]=-2.92e+12
dp[19][620]=-2.92e+12
dp[20][620]=-2.92e+12
dp[21][620]=-2.92e+12
dp[22][620]=-2.92e+12
dp[23][620]=-2.92e+12
dp[24][620]=-2.92e+12
Select best dp
Best k=6
dp[2][620]=-1.5e+11
dp[3][620]=-1.8e+11
dp[4][620]=-3.3e+11
dp[5][620]=-3.6e+11
dp[6][620]=-5.1e+11
dp[7][620]=-5.3e+11
dp[8][620]=-6.8e+11
dp[9][620]=-6.8e+11
dp[10][620]=-8.2e+11
dp[11][620]=-8.2e+11
dp[12][620]=-9.5e+11
dp[13][620]=-9.5e+11
dp[14][620]=-1.07e+12
dp[15][620]=-1.07e+12
dp[16][620]=-1.19e+12
dp[17][620]=-1.19e+12
dp[18][620]=-1.3e+12
dp[19][620]=-1.3e+12
dp[20][620]=-1.41e+12
dp[21][620]=-1.41e+12
dp[22][620]=-1.41e+12
dp[23][620]=-1.41e+12
dp[24][620]=-1.41e+12
Select best dp
Best k=20
Stratifying 3-th numerical feature ...
dp[2][620]=-2.64e+12
dp[3][620]=-2.92e+12
dp[4][620]=-2.92e+12
dp[5][620]=-2.92e+12
dp[6][620]=-2.92e+12
dp[7][620]=-2.92e+12
dp[8][620]=-2.92e+12
dp[9][620]=-2.92e+12
dp[10][620]=-2.92e+12
dp[11][620]=-2.92e+12
dp[12][620]=-2.92e+12
dp[13][620]=-2.92e+12
dp[14][620]=-2.92e+12
dp[15][620]=-2.92e+12
dp[16][620]=-2.92e+12
dp[17][620]=-2.92e+12
dp[18][620]=-2.92e+12
dp[19][620]=-2.92e+12
dp[20][620]=-2.92e+12
dp[21][620]=-2.92e+12
dp[22][620]=-2.92e+12
dp[23][620]=-2.92e+12
dp[24][620]=-2.92e+12
Select best dp
Best k=6
dp[2][620]=-2.64e+12
dp[3][620]=-2.92e+12
dp[4][620]=-2.92e+12
dp[5][620]=-2.92e+12
dp[6][620]=-2.92e+12
dp[7][620]=-2.92e+12
dp[8][620]=-2.92e+12
dp[9][620]=-2.92e+12
dp[10][620]=-2.92e+12
dp[11][620]=-2.92e+12
dp[12][620]=-2.92e+12
dp[13][620]=-2.92e+12
dp[14][620]=-2.92e+12
dp[15][620]=-2.92e+12
dp[16][620]=-2.92e+12
dp[17][620]=-2.92e+12
dp[18][620]=-2.92e+12
dp[19][620]=-2.92e+12
dp[20][620]=-2.92e+12
dp[21][620]=-2.92e+12
dp[22][620]=-2.92e+12
dp[23][620]=-2.92e+12
dp[24][620]=-2.92e+12
Select best dp
Best k=6
dp[2][620]=-3.58e+12
dp[3][620]=-4.19e+12
dp[4][620]=-4.61e+12
dp[5][620]=-4.86e+12
dp[6][620]=-4.86e+12
dp[7][620]=-4.86e+12
dp[8][620]=-4.86e+12
dp[9][620]=-4.86e+12
dp[10][620]=-4.86e+12
dp[11][620]=-4.86e+12
dp[12][620]=-4.86e+12
dp[13][620]=-4.86e+12
dp[14][620]=-4.86e+12
dp[15][620]=-4.86e+12
dp[16][620]=-4.86e+12
dp[17][620]=-4.86e+12
dp[18][620]=-4.86e+12
dp[19][620]=-4.86e+12
dp[20][620]=-4.86e+12
dp[21][620]=-4.86e+12
dp[22][620]=-4.86e+12
dp[23][620]=-4.86e+12
dp[24][620]=-4.61e+12
Select best dp
Best k=5
Stratifying 5-th numerical feature ...
dp[2][620]=-1.2e+12
dp[3][620]=-1.2e+12
dp[4][620]=-1.2e+12
dp[5][620]=-1.2e+12
dp[6][620]=-1.2e+12
dp[7][620]=-1.2e+12
dp[8][620]=-1.2e+12
dp[9][620]=-1.2e+12
dp[10][620]=-1.2e+12
dp[11][620]=-1.2e+12
dp[12][620]=-1.2e+12
dp[13][620]=-1.2e+12
dp[14][620]=-1.2e+12
dp[15][620]=-1.2e+12
dp[16][620]=-1.2e+12
Select best dp
Best k=5
Stratifying 6-th numerical feature ...
dp[2][620]=-1.5e+11
dp[3][620]=-1.8e+11
dp[4][620]=-3.3e+11
dp[5][620]=-3.9e+11
dp[6][620]=-5.1e+11
dp[7][620]=-5.7e+11
dp[8][620]=-6.8e+11
dp[9][620]=-7.4e+11
dp[10][620]=-8.2e+11
dp[11][620]=-8.8e+11
dp[12][620]=-9.6e+11
dp[13][620]=-1.02e+12
dp[14][620]=-1.09e+12
dp[15][620]=-1.15e+12
dp[16][620]=-1.21e+12
dp[17][620]=-1.27e+12
dp[18][620]=-1.33e+12
dp[19][620]=-1.39e+12
dp[20][620]=-1.45e+12
dp[21][620]=-1.5e+12
dp[22][620]=-1.56e+12
dp[23][620]=-1.6e+12
dp[24][620]=-1.65e+12
Select best dp
Best k=24
Stratifying 3-th numerical feature ...
dp[2][620]=-1.2e+12
dp[3][620]=-1.2e+12
dp[4][620]=-1.51e+12
dp[5][620]=-1.51e+12
dp[6][620]=-1.81e+12
dp[7][620]=-1.81e+12
dp[8][620]=-2.11e+12
dp[9][620]=-2.11e+12
dp[10][620]=-2.37e+12
dp[11][620]=-2.37e+12
dp[12][620]=-2.6e+12
dp[13][620]=-2.6e+12
dp[14][620]=-2.82e+12
dp[15][620]=-2.82e+12
dp[16][620]=-2.98e+12
dp[17][620]=-2.98e+12
dp[18][620]=-3.11e+12
dp[19][620]=-3.11e+12
dp[20][620]=-3.24e+12
dp[21][620]=-3.24e+12
dp[22][620]=-3.36e+12
dp[23][620]=-3.36e+12
dp[24][620]=-3.36e+12
Select best dp
Best k=22
Stratifying 6-th numerical feature ...
dp[2][620]=514.506
dp[3][620]=771.76
dp[4][620]=1029.01
dp[5][620]=1286.27
dp[6][620]=1543.52
dp[7][620]=1800.77
dp[8][620]=2058.03
dp[9][620]=2315.28
dp[10][620]=2572.53
dp[11][620]=2829.79
dp[12][620]=3087.04
dp[13][620]=3344.29
dp[14][620]=3601.55
dp[15][620]=3858.8
dp[16][620]=4116.05
dp[17][620]=4373.31
dp[18][620]=4630.56
dp[19][620]=4887.81
dp[20][620]=5145.06
dp[21][620]=5402.32
dp[22][620]=5659.57
dp[23][620]=5916.82
dp[24][620]=6174.08
Select best dp
Best k=2
dp[2][620]=-7.16e+12
dp[3][620]=-8.38e+12
dp[4][620]=-9.22e+12
dp[5][620]=-9.72e+12
dp[6][620]=-9.72e+12
dp[7][620]=-9.72e+12
dp[8][620]=-9.72e+12
dp[9][620]=-9.72e+12
dp[10][620]=-9.72e+12
dp[11][620]=-9.72e+12
dp[12][620]=-9.72e+12
dp[13][620]=-9.72e+12
dp[14][620]=-9.72e+12
dp[15][620]=-9.72e+12
dp[16][620]=-9.72e+12
dp[17][620]=-9.72e+12
dp[18][620]=-9.72e+12
dp[19][620]=-9.72e+12
dp[20][620]=-9.72e+12
dp[21][620]=-9.72e+12
dp[22][620]=-9.72e+12
dp[23][620]=-9.72e+12
dp[24][620]=-9.22e+12
Select best dp
Best k=7
Stratifying 5-th numerical feature ...
Stratifying 5-th numerical feature ...
dp[2][620]=-1.79e+12
dp[3][620]=-2.095e+12
dp[4][620]=-2.305e+12
dp[5][620]=-2.43e+12
dp[6][620]=-2.43e+12
dp[7][620]=-2.43e+12
dp[8][620]=-2.43e+12
dp[9][620]=-2.43e+12
dp[10][620]=-2.43e+12
dp[11][620]=-2.43e+12
dp[12][620]=-2.43e+12
dp[13][620]=-2.43e+12
dp[14][620]=-2.43e+12
dp[15][620]=-2.43e+12
dp[16][620]=-2.43e+12
dp[17][620]=-2.43e+12
dp[18][620]=-2.43e+12
dp[19][620]=-2.43e+12
dp[20][620]=-2.43e+12
dp[21][620]=-2.43e+12
dp[22][620]=-2.43e+12
dp[23][620]=-2.43e+12
dp[24][620]=-2.305e+12
Select best dp
Best k=5
Stratifying 5-th numerical feature ...
dp[2][620]=-2.64e+12
dp[3][620]=-2.64e+12
dp[4][620]=-2.64e+12
dp[5][620]=-2.64e+12
dp[6][620]=-2.64e+12
dp[7][620]=-2.64e+12
dp[8][620]=-2.64e+12
dp[9][620]=-2.64e+12
dp[10][620]=-2.64e+12
dp[11][620]=-2.64e+12
dp[12][620]=-2.64e+12
dp[13][620]=-2.64e+12
dp[14][620]=-2.64e+12
dp[15][620]=-2.64e+12
dp[16][620]=-2.64e+12
Select best dp
Best k=5
dp[2][620]=184.911
dp[3][620]=-104.516
dp[4][620]=-220.036
dp[5][620]=-294.692
dp[6][620]=-309.345
dp[7][620]=-271.493
dp[8][620]=-193.185
dp[9][620]=-93.2579
dp[10][620]=23.2803
dp[11][620]=156.598
dp[12][620]=291.875
dp[13][620]=428.135
dp[14][620]=575.827
dp[15][620]=733.067
dp[16][620]=890.983
dp[17][620]=1063.13
dp[18][620]=1241.49
dp[19][620]=1426.08
dp[20][620]=1610.84
dp[21][620]=1801.03
dp[22][620]=2000.49
dp[23][620]=2212.04
dp[24][620]=2431.42
Select best dp
Best k=6
Stratifying 2-th numerical feature ...
dp[2][620]=-1.2e+12
dp[3][620]=-1.2e+12
dp[4][620]=-1.51e+12
dp[5][620]=-1.51e+12
dp[6][620]=-1.81e+12
dp[7][620]=-1.81e+12
dp[8][620]=-2.11e+12
dp[9][620]=-2.11e+12
dp[10][620]=-2.36e+12
dp[11][620]=-2.36e+12
dp[12][620]=-2.36e+12
dp[13][620]=-2.36e+12
dp[14][620]=-2.36e+12
dp[15][620]=-2.36e+12
dp[16][620]=-2.36e+12
dp[17][620]=-2.36e+12
dp[18][620]=-2.36e+12
dp[19][620]=-2.36e+12
dp[20][620]=-2.36e+12
dp[21][620]=-2.34e+12
dp[22][620]=-2.29e+12
dp[23][620]=-2.16e+12
dp[24][620]=-1.6e+12
Select best dp
Best k=11
Stratifying 6-th numerical feature ...
dp[2][620]=514.506
dp[3][620]=771.76
dp[4][620]=1029.01
dp[5][620]=1286.27
dp[6][620]=1543.52
dp[7][620]=1800.77
dp[8][620]=2058.03
dp[9][620]=2315.28
dp[10][620]=2572.53
dp[11][620]=2829.79
dp[12][620]=3087.04
dp[13][620]=3344.29
dp[14][620]=3601.55
dp[15][620]=3858.8
dp[16][620]=4116.05
dp[17][620]=4373.31
dp[18][620]=4630.56
dp[19][620]=4887.81
dp[20][620]=5145.06
dp[21][620]=5402.32
dp[22][620]=5659.57
dp[23][620]=5916.82
dp[24][620]=6174.08
Select best dp
Best k=2
Stratifying 6-th numerical feature ...
dp[2][620]=-2.4e+12
dp[3][620]=-2.4e+12
dp[4][620]=-3.02e+12
dp[5][620]=-3.02e+12
dp[6][620]=-3.62e+12
dp[7][620]=-3.62e+12
dp[8][620]=-4.22e+12
dp[9][620]=-4.22e+12
dp[10][620]=-4.72e+12
dp[11][620]=-4.72e+12
dp[12][620]=-4.72e+12
dp[13][620]=-4.72e+12
dp[14][620]=-4.72e+12
dp[15][620]=-4.72e+12
dp[16][620]=-4.72e+12
dp[17][620]=-4.72e+12
dp[18][620]=-4.72e+12
dp[19][620]=-4.72e+12
dp[20][620]=-4.72e+12
dp[21][620]=-4.68e+12
dp[22][620]=-4.58e+12
dp[23][620]=-4.32e+12
dp[24][620]=-3.2e+12
Select best dp
Best k=14
Stratifying 6-th numerical feature ...
dp[2][620]=-6e+11
dp[3][620]=-6e+11
dp[4][620]=-7.55e+11
dp[5][620]=-7.55e+11
dp[6][620]=-9.05e+11
dp[7][620]=-9.05e+11
dp[8][620]=-1.055e+12
dp[9][620]=-1.055e+12
dp[10][620]=-1.18e+12
dp[11][620]=-1.18e+12
dp[12][620]=-1.18e+12
dp[13][620]=-1.18e+12
dp[14][620]=-1.18e+12
dp[15][620]=-1.18e+12
dp[16][620]=-1.18e+12
dp[17][620]=-1.18e+12
dp[18][620]=-1.18e+12
dp[19][620]=-1.18e+12
dp[20][620]=-1.18e+12
dp[21][620]=-1.17e+12
dp[22][620]=-1.145e+12
dp[23][620]=-1.08e+12
dp[24][620]=-8e+11
Select best dp
Best k=10
Stratifying 6-th numerical feature ...
dp[2][620]=-2.64e+12
dp[3][620]=-2.92e+12
dp[4][620]=-2.92e+12
dp[5][620]=-2.92e+12
dp[6][620]=-2.92e+12
dp[7][620]=-2.92e+12
dp[8][620]=-2.92e+12
dp[9][620]=-2.92e+12
dp[10][620]=-2.92e+12
dp[11][620]=-2.92e+12
dp[12][620]=-2.92e+12
dp[13][620]=-2.92e+12
dp[14][620]=-2.92e+12
dp[15][620]=-2.92e+12
dp[16][620]=-2.92e+12
dp[17][620]=-2.92e+12
dp[18][620]=-2.92e+12
dp[19][620]=-2.92e+12
dp[20][620]=-2.92e+12
dp[21][620]=-2.92e+12
dp[22][620]=-2.92e+12
dp[23][620]=-2.92e+12
dp[24][620]=-2.92e+12
Select best dp
Best k=6
dp[2][620]=-2.64e+12
dp[3][620]=-2.92e+12
dp[4][620]=-2.92e+12
dp[5][620]=-2.92e+12
dp[6][620]=-2.92e+12
dp[7][620]=-2.92e+12
dp[8][620]=-2.92e+12
dp[9][620]=-2.92e+12
dp[10][620]=-2.92e+12
dp[11][620]=-2.92e+12
dp[12][620]=-2.92e+12
dp[13][620]=-2.92e+12
dp[14][620]=-2.92e+12
dp[15][620]=-2.92e+12
dp[16][620]=-2.92e+12
dp[17][620]=-2.92e+12
dp[18][620]=-2.92e+12
dp[19][620]=-2.92e+12
dp[20][620]=-2.92e+12
dp[21][620]=-2.92e+12
dp[22][620]=-2.92e+12
dp[23][620]=-2.92e+12
dp[24][620]=-2.92e+12
Select best dp
Best k=6
dp[2][620]=-6.1e+11
dp[3][620]=-9.1e+11
dp[4][620]=-1.16e+12
dp[5][620]=-1.44e+12
dp[6][620]=-1.65e+12
dp[7][620]=-1.75e+12
dp[8][620]=-2.01e+12
dp[9][620]=-2.11e+12
dp[10][620]=-2.28e+12
dp[11][620]=-2.38e+12
dp[12][620]=-2.53e+12
dp[13][620]=-2.63e+12
dp[14][620]=-2.76e+12
dp[15][620]=-2.86e+12
dp[16][620]=-2.91e+12
dp[17][620]=-3.01e+12
dp[18][620]=-3.06e+12
dp[19][620]=-3.16e+12
dp[20][620]=-3.21e+12
dp[21][620]=-3.28e+12
dp[22][620]=-3.33e+12
dp[23][620]=-3.4e+12
dp[24][620]=-3.45e+12
Select best dp
Best k=24
Stratifying 4-th numerical feature ...
dp[2][620]=-6.1e+11
dp[3][620]=-9.1e+11
dp[4][620]=-1.16e+12
dp[5][620]=-1.44e+12
dp[6][620]=-1.65e+12
dp[7][620]=-1.75e+12
dp[8][620]=-1.92e+12
dp[9][620]=-2.02e+12
dp[10][620]=-2.18e+12
dp[11][620]=-2.28e+12
dp[12][620]=-2.43e+12
dp[13][620]=-2.53e+12
dp[14][620]=-2.66e+12
dp[15][620]=-2.76e+12
dp[16][620]=-2.81e+12
dp[17][620]=-2.91e+12
dp[18][620]=-2.96e+12
dp[19][620]=-3.06e+12
dp[20][620]=-3.08e+12
dp[21][620]=-3.18e+12
dp[22][620]=-3.2e+12
dp[23][620]=-3.3e+12
dp[24][620]=-3.3e+12
Select best dp
Best k=23
Stratifying 4-th numerical feature ...
dp[2][620]=-5.28e+12
dp[3][620]=-5.84e+12
dp[4][620]=-5.84e+12
dp[5][620]=-5.84e+12
dp[6][620]=-5.84e+12
dp[7][620]=-5.84e+12
dp[8][620]=-5.84e+12
dp[9][620]=-5.84e+12
dp[10][620]=-5.84e+12
dp[11][620]=-5.84e+12
dp[12][620]=-5.84e+12
dp[13][620]=-5.84e+12
dp[14][620]=-5.84e+12
dp[15][620]=-5.84e+12
dp[16][620]=-5.84e+12
dp[17][620]=-5.84e+12
dp[18][620]=-5.84e+12
dp[19][620]=-5.84e+12
dp[20][620]=-5.84e+12
dp[21][620]=-5.84e+12
dp[22][620]=-5.84e+12
dp[23][620]=-5.84e+12
dp[24][620]=-5.84e+12
Select best dp
Best k=9
dp[2][620]=514.506
dp[3][620]=771.76
dp[4][620]=1029.01
dp[5][620]=1286.27
dp[6][620]=1543.52
dp[7][620]=1800.77
dp[8][620]=2058.03
dp[9][620]=2315.28
dp[10][620]=2572.53
dp[11][620]=2829.79
dp[12][620]=3087.04
dp[13][620]=3344.29
dp[14][620]=3601.55
dp[15][620]=3858.8
dp[16][620]=4116.05
dp[17][620]=4373.31
dp[18][620]=4630.56
dp[19][620]=4887.81
dp[20][620]=5145.06
dp[21][620]=5402.32
dp[22][620]=5659.57
dp[23][620]=5916.82
dp[24][620]=6174.08
Select best dp
Best k=2
dp[2][620]=-1.32e+12
dp[3][620]=-1.46e+12
dp[4][620]=-1.46e+12
dp[5][620]=-1.46e+12
dp[6][620]=-1.46e+12
dp[7][620]=-1.46e+12
dp[8][620]=-1.46e+12
dp[9][620]=-1.46e+12
dp[10][620]=-1.46e+12
dp[11][620]=-1.46e+12
dp[12][620]=-1.46e+12
dp[13][620]=-1.46e+12
dp[14][620]=-1.46e+12
dp[15][620]=-1.46e+12
dp[16][620]=-1.46e+12
dp[17][620]=-1.46e+12
dp[18][620]=-1.46e+12
dp[19][620]=-1.46e+12
dp[20][620]=-1.46e+12
dp[21][620]=-1.46e+12
dp[22][620]=-1.46e+12
dp[23][620]=-1.46e+12
dp[24][620]=-1.46e+12
Select best dp
Best k=5
dp[2][620]=-3.58e+12
dp[3][620]=-4.19e+12
dp[4][620]=-4.61e+12
dp[5][620]=-4.86e+12
dp[6][620]=-4.99e+12
dp[7][620]=-5.15e+12
dp[8][620]=-5.37e+12
dp[9][620]=-5.51e+12
dp[10][620]=-5.61e+12
dp[11][620]=-5.68e+12
dp[12][620]=-5.78e+12
dp[13][620]=-5.78e+12
dp[14][620]=-5.78e+12
dp[15][620]=-5.78e+12
dp[16][620]=-5.78e+12
dp[17][620]=-5.78e+12
dp[18][620]=-5.78e+12
dp[19][620]=-5.78e+12
dp[20][620]=-5.78e+12
dp[21][620]=-5.78e+12
dp[22][620]=-5.78e+12
dp[23][620]=-5.78e+12
dp[24][620]=-5.78e+12
Select best dp
Best k=12
Stratifying 5-th numerical feature ...
dp[2][620]=-3.58e+12
dp[3][620]=-4.19e+12
dp[4][620]=-4.61e+12
dp[5][620]=-4.86e+12
dp[6][620]=-4.99e+12
dp[7][620]=-5.15e+12
dp[8][620]=-5.37e+12
dp[9][620]=-5.51e+12
dp[10][620]=-5.61e+12
dp[11][620]=-5.7e+12
dp[12][620]=-5.78e+12
dp[13][620]=-5.95e+12
dp[14][620]=-6.02e+12
dp[15][620]=-6.02e+12
dp[16][620]=-6.05e+12
dp[17][620]=-6.05e+12
dp[18][620]=-6.05e+12
dp[19][620]=-6.05e+12
dp[20][620]=-6.05e+12
dp[21][620]=-6.05e+12
dp[22][620]=-6.05e+12
dp[23][620]=-6.05e+12
dp[24][620]=-6.05e+12
Select best dp
Best k=16
Stratifying 5-th numerical feature ...
dp[2][620]=-1.2e+12
dp[3][620]=-1.2e+12
dp[4][620]=-1.51e+12
dp[5][620]=-1.51e+12
dp[6][620]=-1.81e+12
dp[7][620]=-1.81e+12
dp[8][620]=-2.11e+12
dp[9][620]=-2.11e+12
dp[10][620]=-2.39e+12
dp[11][620]=-2.39e+12
dp[12][620]=-2.64e+12
dp[13][620]=-2.64e+12
dp[14][620]=-2.86e+12
dp[15][620]=-2.86e+12
dp[16][620]=-3.02e+12
dp[17][620]=-3.02e+12
dp[18][620]=-3.15e+12
dp[19][620]=-3.15e+12
dp[20][620]=-3.28e+12
dp[21][620]=-3.28e+12
dp[22][620]=-3.4e+12
dp[23][620]=-3.4e+12
dp[24][620]=-3.4e+12
Select best dp
Best k=22
Stratifying 6-th numerical feature ...
dp[2][620]=-1.2e+12
dp[3][620]=-1.2e+12
dp[4][620]=-1.51e+12
dp[5][620]=-1.51e+12
dp[6][620]=-1.81e+12
dp[7][620]=-1.81e+12
dp[8][620]=-2.11e+12
dp[9][620]=-2.11e+12
dp[10][620]=-2.4e+12
dp[11][620]=-2.4e+12
dp[12][620]=-2.66e+12
dp[13][620]=-2.66e+12
dp[14][620]=-2.88e+12
dp[15][620]=-2.88e+12
dp[16][620]=-3.04e+12
dp[17][620]=-3.04e+12
dp[18][620]=-3.17e+12
dp[19][620]=-3.17e+12
dp[20][620]=-3.3e+12
dp[21][620]=-3.3e+12
dp[22][620]=-3.42e+12
dp[23][620]=-3.42e+12
dp[24][620]=-3.53e+12
Select best dp
Best k=24
Stratifying 6-th numerical feature ...
dp[2][620]=-173.055
dp[3][620]=-507.225
dp[4][620]=-625.803
dp[5][620]=-677.904
dp[6][620]=-666.733
dp[7][620]=-618.442
dp[8][620]=-563.048
dp[9][620]=-465.591
dp[10][620]=-360.888
dp[11][620]=-252.595
dp[12][620]=-139.406
dp[13][620]=-32.54
dp[14][620]=99.4962
dp[15][620]=259.12
dp[16][620]=420.162
dp[17][620]=581.994
dp[18][620]=756.393
dp[19][620]=938.019
dp[20][620]=1120.57
dp[21][620]=1304.14
dp[22][620]=1490.83
dp[23][620]=1718.35
dp[24][620]=1968.05
Select best dp
Best k=5
Stratifying 3-th numerical feature ...
dp[2][620]=-2.64e+12
dp[3][620]=-2.92e+12
dp[4][620]=-2.92e+12
dp[5][620]=-2.92e+12
dp[6][620]=-2.92e+12
dp[7][620]=-2.92e+12
dp[8][620]=-2.92e+12
dp[9][620]=-2.92e+12
dp[10][620]=-2.92e+12
dp[11][620]=-2.92e+12
dp[12][620]=-2.92e+12
dp[13][620]=-2.92e+12
dp[14][620]=-2.92e+12
dp[15][620]=-2.92e+12
dp[16][620]=-2.92e+12
dp[17][620]=-2.92e+12
dp[18][620]=-2.92e+12
dp[19][620]=-2.92e+12
dp[20][620]=-2.92e+12
dp[21][620]=-2.92e+12
dp[22][620]=-2.92e+12
dp[23][620]=-2.92e+12
dp[24][620]=-2.92e+12
Select best dp
Best k=6
dp[2][620]=-2.64e+12
dp[3][620]=-2.92e+12
dp[4][620]=-3.01e+12
dp[5][620]=-3.06e+12
dp[6][620]=-3.11e+12
dp[7][620]=-3.17e+12
dp[8][620]=-3.25e+12
dp[9][620]=-3.26e+12
dp[10][620]=-3.34e+12
dp[11][620]=-3.35e+12
dp[12][620]=-3.43e+12
dp[13][620]=-3.43e+12
dp[14][620]=-3.51e+12
dp[15][620]=-3.51e+12
dp[16][620]=-3.57e+12
dp[17][620]=-3.57e+12
dp[18][620]=-3.63e+12
dp[19][620]=-3.63e+12
dp[20][620]=-3.68e+12
dp[21][620]=-3.68e+12
dp[22][620]=-3.68e+12
dp[23][620]=-3.68e+12
dp[24][620]=-3.68e+12
Select best dp
Best k=21
dp[2][620]=-6.1e+11
dp[3][620]=-9.1e+11
dp[4][620]=-1.16e+12
dp[5][620]=-1.44e+12
dp[6][620]=-1.47e+12
dp[7][620]=-1.75e+12
dp[8][620]=-1.75e+12
dp[9][620]=-2.02e+12
dp[10][620]=-2.02e+12
dp[11][620]=-2.27e+12
dp[12][620]=-2.27e+12
dp[13][620]=-2.27e+12
dp[14][620]=-2.27e+12
dp[15][620]=-2.27e+12
dp[16][620]=-2.27e+12
dp[17][620]=-2.27e+12
dp[18][620]=-2.27e+12
dp[19][620]=-2.27e+12
dp[20][620]=-2.27e+12
dp[21][620]=-2.27e+12
dp[22][620]=-2.27e+12
dp[23][620]=-2.19e+12
dp[24][620]=-1.94e+12
Select best dp
Best k=13
Stratifying 4-th numerical feature ...
dp[2][620]=-3.58e+12
dp[3][620]=-4.19e+12
dp[4][620]=-4.61e+12
dp[5][620]=-4.86e+12
dp[6][620]=-4.86e+12
dp[7][620]=-4.86e+12
dp[8][620]=-4.86e+12
dp[9][620]=-4.86e+12
dp[10][620]=-4.86e+12
dp[11][620]=-4.86e+12
dp[12][620]=-4.86e+12
dp[13][620]=-4.86e+12
dp[14][620]=-4.86e+12
dp[15][620]=-4.86e+12
dp[16][620]=-4.86e+12
dp[17][620]=-4.86e+12
dp[18][620]=-4.86e+12
dp[19][620]=-4.86e+12
dp[20][620]=-4.86e+12
dp[21][620]=-4.86e+12
dp[22][620]=-4.86e+12
dp[23][620]=-4.86e+12
dp[24][620]=-4.61e+12
Select best dp
Best k=5
Stratifying 5-th numerical feature ...
dp[2][620]=-1.2e+12
dp[3][620]=-1.2e+12
dp[4][620]=-1.51e+12
dp[5][620]=-1.51e+12
dp[6][620]=-1.81e+12
dp[7][620]=-1.81e+12
dp[8][620]=-2.11e+12
dp[9][620]=-2.11e+12
dp[10][620]=-2.36e+12
dp[11][620]=-2.36e+12
dp[12][620]=-2.36e+12
dp[13][620]=-2.36e+12
dp[14][620]=-2.36e+12
dp[15][620]=-2.36e+12
dp[16][620]=-2.36e+12
dp[17][620]=-2.36e+12
dp[18][620]=-2.36e+12
dp[19][620]=-2.36e+12
dp[20][620]=-2.36e+12
dp[21][620]=-2.34e+12
dp[22][620]=-2.29e+12
dp[23][620]=-2.16e+12
dp[24][620]=-1.6e+12
Select best dp
Best k=11
Stratifying 6-th numerical feature ...
dp[2][620]=-2.64e+12
dp[3][620]=-2.92e+12
dp[4][620]=-2.92e+12
dp[5][620]=-2.92e+12
dp[6][620]=-2.92e+12
dp[7][620]=-2.92e+12
dp[8][620]=-2.92e+12
dp[9][620]=-2.92e+12
dp[10][620]=-2.92e+12
dp[11][620]=-2.92e+12
dp[12][620]=-2.92e+12
dp[13][620]=-2.92e+12
dp[14][620]=-2.92e+12
dp[15][620]=-2.92e+12
dp[16][620]=-2.92e+12
dp[17][620]=-2.92e+12
dp[18][620]=-2.92e+12
dp[19][620]=-2.92e+12
dp[20][620]=-2.92e+12
dp[21][620]=-2.92e+12
dp[22][620]=-2.92e+12
dp[23][620]=-2.92e+12
dp[24][620]=-2.92e+12
Select best dp
Best k=6
