Standardize ...
Stratifying 1-th numerical feature ...
Standardize ...
Stratifying 1-th numerical feature ...
Standardize ...
Stratifying 1-th numerical feature ...
Standardize ...
Stratifying 1-th numerical feature ...
Standardize ...
Stratifying 1-th numerical feature ...
Standardize ...
Stratifying 1-th numerical feature ...
Standardize ...
Stratifying 1-th numerical feature ...
Standardize ...
Stratifying 1-th numerical feature ...
Standardize ...
Stratifying 1-th numerical feature ...
Standardize ...
Stratifying 1-th numerical feature ...
Standardize ...
Stratifying 1-th numerical feature ...
Standardize ...
Stratifying 1-th numerical feature ...
Standardize ...
Stratifying 1-th numerical feature ...
Standardize ...
Stratifying 1-th numerical feature ...
dp[2][422]=-183.854
dp[3][422]=-333.97
dp[4][422]=-416.898
dp[5][422]=-434.337
dp[6][422]=-443.58
dp[7][422]=-415.871
dp[8][422]=-374.681
dp[9][422]=-317.906
dp[10][422]=-255.326
dp[11][422]=-167.712
dp[12][422]=-77.8606
dp[13][422]=22.7656
Select best dp
Best k=6
Stratifying 2-th numerical feature ...
dp[2][422]=-183.854
dp[3][422]=-333.97
dp[4][422]=-416.898
dp[5][422]=-434.337
dp[6][422]=-443.58
dp[7][422]=-415.871
dp[8][422]=-374.681
dp[9][422]=-317.906
dp[10][422]=-255.326
dp[11][422]=-178.23
dp[12][422]=-92.6267
dp[13][422]=-2.5176
dp[14][422]=90.428
dp[15][422]=184.902
dp[16][422]=289.046
dp[17][422]=399.802
dp[18][422]=524.59
dp[19][422]=658.132
dp[20][422]=900.212
Select best dp
Best k=6
Stratifying 2-th numerical feature ...
dp[2][422]=-183.854
dp[3][422]=-333.97
dp[4][422]=-416.898
dp[5][422]=-434.337
dp[6][422]=-443.58
dp[7][422]=-415.871
dp[8][422]=-374.681
dp[9][422]=-317.906
dp[10][422]=-255.326
dp[11][422]=-178.23
dp[12][422]=-92.6267
dp[13][422]=-2.5176
dp[14][422]=90.428
dp[15][422]=184.902
dp[16][422]=289.046
dp[17][422]=399.802
dp[18][422]=524.59
dp[19][422]=658.132
dp[20][422]=900.212
Select best dp
Best k=6
Stratifying 2-th numerical feature ...
dp[2][422]=-183.854
dp[3][422]=-333.97
dp[4][422]=-416.898
dp[5][422]=-434.337
dp[6][422]=-443.58
dp[7][422]=-415.871
dp[8][422]=-374.681
dp[9][422]=-317.906
dp[10][422]=-255.326
dp[11][422]=-178.23
dp[12][422]=-92.6267
dp[13][422]=-2.5176
dp[14][422]=90.428
dp[15][422]=184.902
dp[16][422]=289.046
dp[17][422]=399.802
dp[18][422]=524.59
dp[19][422]=658.132
dp[20][422]=900.212
Select best dp
Best k=6
Stratifying 2-th numerical feature ...
dp[2][422]=-183.854
dp[3][422]=-1.3e+11
dp[4][422]=-1.3e+11
dp[5][422]=-2.5e+11
dp[6][422]=-2.5e+11
dp[7][422]=-3.6e+11
dp[8][422]=-3.6e+11
dp[9][422]=-4.6e+11
dp[10][422]=-4.6e+11
dp[11][422]=-4.6e+11
dp[12][422]=-4.6e+11
dp[13][422]=-4.6e+11
dp[14][422]=-4.6e+11
dp[15][422]=-4.6e+11
dp[16][422]=-4.6e+11
dp[17][422]=-4.6e+11
dp[18][422]=-4.6e+11
dp[19][422]=-4.6e+11
dp[20][422]=-4.6e+11
Select best dp
Best k=10
Stratifying 2-th numerical feature ...
dp[2][422]=-1811.35
dp[3][422]=-2113.39
dp[4][422]=-2239.33
dp[5][422]=-2306.08
dp[6][422]=-2325.12
dp[7][422]=-2310.95
dp[8][422]=-2274.42
dp[9][422]=-2237.28
dp[10][422]=-2179.08
dp[11][422]=-2102.82
dp[12][422]=-2025.07
dp[13][422]=-1908.78
Select best dp
Best k=6
Stratifying 3-th numerical feature ...
dp[2][422]=326.558
dp[3][422]=489.837
dp[4][422]=653.116
dp[5][422]=816.395
dp[6][422]=979.674
dp[7][422]=1142.95
dp[8][422]=1306.23
dp[9][422]=1469.51
dp[10][422]=1632.79
dp[11][422]=1796.07
dp[12][422]=1959.35
dp[13][422]=2122.63
dp[14][422]=2285.91
dp[15][422]=2449.19
dp[16][422]=2612.46
dp[17][422]=2775.74
dp[18][422]=2939.02
dp[19][422]=3102.3
dp[20][422]=3265.58
Select best dp
Best k=2
Stratifying 2-th numerical feature ...
dp[2][422]=-183.854
dp[3][422]=-333.97
dp[4][422]=-416.898
dp[5][422]=-434.337
dp[6][422]=-443.58
dp[7][422]=-415.871
dp[8][422]=-374.681
dp[9][422]=-317.906
dp[10][422]=-255.326
dp[11][422]=-178.23
dp[12][422]=-92.6267
dp[13][422]=-2.5176
dp[14][422]=90.428
dp[15][422]=184.902
dp[16][422]=289.046
dp[17][422]=399.802
dp[18][422]=524.59
dp[19][422]=658.132
dp[20][422]=900.212
Select best dp
Best k=6
Stratifying 2-th numerical feature ...
dp[2][422]=71.352
dp[3][422]=77.9338
dp[4][422]=118.109
dp[5][422]=191.029
dp[6][422]=268.047
dp[7][422]=363.541
dp[8][422]=465.776
dp[9][422]=575.803
dp[10][422]=688.732
dp[11][422]=808.92
dp[12][422]=933.361
dp[13][422]=1060.06
dp[14][422]=1188.17
dp[15][422]=1317.04
dp[16][422]=1450.76
dp[17][422]=1587.77
dp[18][422]=1731.81
dp[19][422]=1880.22
dp[20][422]=2082.9
Select best dp
Best k=2
dp[2][422]=-694.266
dp[3][422]=-1157.78
dp[4][422]=-1486.91
dp[5][422]=-1685.07
dp[6][422]=-1866.83
dp[7][422]=-1974.7
dp[8][422]=-2055.59
dp[9][422]=-2105.32
dp[10][422]=-2143.44
dp[11][422]=-2152.53
dp[12][422]=-2144.6
dp[13][422]=-2127.66
dp[14][422]=-2105.05
dp[15][422]=-2079.38
dp[16][422]=-2034.37
dp[17][422]=-1976.14
dp[18][422]=-1889.84
dp[19][422]=-1786.04
dp[20][422]=-1465.16
Select best dp
Best k=11
dp[2][422]=-1830.78
dp[3][422]=-2142.65
dp[4][422]=-2271.65
dp[5][422]=-2349.06
dp[6][422]=-2372.56
dp[7][422]=-2358.39
dp[8][422]=-2329.68
dp[9][422]=-2294.75
dp[10][422]=-2236.57
dp[11][422]=-2162.17
dp[12][422]=-2085.9
dp[13][422]=-2001.48
dp[14][422]=-1910.43
dp[15][422]=-1814.52
dp[16][422]=-1715.99
dp[17][422]=-1603.92
dp[18][422]=-1479.29
dp[19][422]=-1340.36
dp[20][422]=-1103.09
Select best dp
Best k=6
Stratifying 2-th numerical feature ...
Stratifying 3-th numerical feature ...
Stratifying 2-th numerical feature ...
dp[2][422]=-1830.78
dp[3][422]=-2142.65
dp[4][422]=-2271.65
dp[5][422]=-2349.06
dp[6][422]=-2372.56
dp[7][422]=-2358.39
dp[8][422]=-2329.68
dp[9][422]=-2294.75
dp[10][422]=-2236.57
dp[11][422]=-2162.17
dp[12][422]=-2085.9
dp[13][422]=-2001.48
dp[14][422]=-1910.43
dp[15][422]=-1814.52
dp[16][422]=-1715.99
dp[17][422]=-1603.92
dp[18][422]=-1479.29
dp[19][422]=-1340.36
dp[20][422]=-1103.09
Select best dp
Best k=6
Stratifying 3-th numerical feature ...
dp[2][422]=-183.854
dp[3][422]=-333.97
dp[4][422]=-416.898
dp[5][422]=-434.337
dp[6][422]=-443.58
dp[7][422]=-415.871
dp[8][422]=-374.681
dp[9][422]=-317.906
dp[10][422]=-255.326
dp[11][422]=-178.23
dp[12][422]=-92.6267
dp[13][422]=-2.5176
dp[14][422]=90.428
dp[15][422]=184.902
dp[16][422]=289.046
dp[17][422]=399.802
dp[18][422]=524.59
dp[19][422]=658.132
dp[20][422]=900.212
Select best dp
Best k=6
Stratifying 2-th numerical feature ...
dp[2][422]=-183.854
dp[3][422]=-333.97
dp[4][422]=-416.898
dp[5][422]=-434.337
dp[6][422]=-443.58
dp[7][422]=-415.871
dp[8][422]=-374.681
dp[9][422]=-317.906
dp[10][422]=-255.326
dp[11][422]=-178.23
dp[12][422]=-92.6267
dp[13][422]=-2.5176
dp[14][422]=90.428
dp[15][422]=184.902
dp[16][422]=289.046
dp[17][422]=399.802
dp[18][422]=524.59
dp[19][422]=658.132
dp[20][422]=900.212
Select best dp
Best k=6
Stratifying 2-th numerical feature ...
dp[2][422]=-1830.78
dp[3][422]=-2142.65
dp[4][422]=-2271.65
dp[5][422]=-2349.06
dp[6][422]=-2372.56
dp[7][422]=-2358.39
dp[8][422]=-2329.68
dp[9][422]=-2294.75
dp[10][422]=-2236.57
dp[11][422]=-2162.17
dp[12][422]=-2085.9
dp[13][422]=-2001.48
dp[14][422]=-1910.43
dp[15][422]=-1814.52
dp[16][422]=-1715.99
dp[17][422]=-1603.92
dp[18][422]=-1479.29
dp[19][422]=-1340.36
dp[20][422]=-1103.09
Select best dp
Best k=6
Stratifying 3-th numerical feature ...
dp[2][422]=-114.068
dp[3][422]=-306.063
dp[4][422]=-364.494
dp[5][422]=-393.764
dp[6][422]=-416.008
dp[7][422]=-393.165
dp[8][422]=-365.825
dp[9][422]=-306.88
dp[10][422]=-244.817
dp[11][422]=-163.23
dp[12][422]=-38.0462
dp[13][422]=99.3472
Select best dp
Best k=6
dp[2][422]=-114.068
dp[3][422]=-2.7e+11
dp[4][422]=-5e+11
dp[5][422]=-7.1e+11
dp[6][422]=-9.3e+11
dp[7][422]=-1.14e+12
dp[8][422]=-1.14e+12
dp[9][422]=-1.35e+12
dp[10][422]=-1.35e+12
dp[11][422]=-1.35e+12
dp[12][422]=-1.35e+12
dp[13][422]=-1.35e+12
dp[14][422]=-1.35e+12
dp[15][422]=-1.35e+12
dp[16][422]=-1.35e+12
dp[17][422]=-1.35e+12
dp[18][422]=-1.35e+12
dp[19][422]=-1.14e+12
dp[20][422]=1012.3
Select best dp
Best k=10
dp[2][422]=-114.068
dp[3][422]=-2.7e+11
dp[4][422]=-5e+11
dp[5][422]=-7.1e+11
dp[6][422]=-9.3e+11
dp[7][422]=-1.14e+12
dp[8][422]=-1.14e+12
dp[9][422]=-1.35e+12
dp[10][422]=-1.35e+12
dp[11][422]=-1.35e+12
dp[12][422]=-1.35e+12
dp[13][422]=-1.35e+12
dp[14][422]=-1.35e+12
dp[15][422]=-1.35e+12
dp[16][422]=-1.35e+12
dp[17][422]=-1.35e+12
dp[18][422]=-1.35e+12
dp[19][422]=-1.14e+12
dp[20][422]=1012.3
Select best dp
Best k=10
dp[2][422]=-1847.2
dp[3][422]=-1.5e+11
dp[4][422]=-1.5e+11
dp[5][422]=-2.7e+11
dp[6][422]=-2.7e+11
dp[7][422]=-3.9e+11
dp[8][422]=-3.9e+11
dp[9][422]=-5e+11
dp[10][422]=-5e+11
dp[11][422]=-6.1e+11
dp[12][422]=-6.1e+11
dp[13][422]=-7.1e+11
dp[14][422]=-7.1e+11
dp[15][422]=-7.1e+11
dp[16][422]=-7.1e+11
dp[17][422]=-7.1e+11
dp[18][422]=-7.1e+11
dp[19][422]=-7.1e+11
dp[20][422]=-7.1e+11
Select best dp
Best k=15
Stratifying 3-th numerical feature ...
dp[2][422]=-114.068
dp[3][422]=-2.7e+11
dp[4][422]=-5e+11
dp[5][422]=-7.1e+11
dp[6][422]=-9.3e+11
dp[7][422]=-1.14e+12
dp[8][422]=-1.14e+12
dp[9][422]=-1.35e+12
dp[10][422]=-1.35e+12
dp[11][422]=-1.35e+12
dp[12][422]=-1.35e+12
dp[13][422]=-1.35e+12
dp[14][422]=-1.35e+12
dp[15][422]=-1.35e+12
dp[16][422]=-1.35e+12
dp[17][422]=-1.35e+12
dp[18][422]=-1.35e+12
dp[19][422]=-1.14e+12
dp[20][422]=1012.3
Select best dp
Best k=10
dp[2][422]=-183.854
dp[3][422]=-1.3e+11
dp[4][422]=-1.3e+11
dp[5][422]=-2.5e+11
dp[6][422]=-2.5e+11
dp[7][422]=-3.6e+11
dp[8][422]=-3.6e+11
dp[9][422]=-4.6e+11
dp[10][422]=-4.6e+11
dp[11][422]=-4.6e+11
dp[12][422]=-4.6e+11
dp[13][422]=-4.6e+11
dp[14][422]=-4.6e+11
dp[15][422]=-4.6e+11
dp[16][422]=-4.6e+11
dp[17][422]=-4.6e+11
dp[18][422]=-4.6e+11
dp[19][422]=-4.6e+11
dp[20][422]=-4.6e+11
Select best dp
Best k=10
Stratifying 2-th numerical feature ...
dp[2][422]=-1830.78
dp[3][422]=-2142.65
dp[4][422]=-2271.65
dp[5][422]=-2349.06
dp[6][422]=-2372.56
dp[7][422]=-2358.39
dp[8][422]=-2329.68
dp[9][422]=-2294.75
dp[10][422]=-2236.57
dp[11][422]=-2162.17
dp[12][422]=-2085.9
dp[13][422]=-2001.48
dp[14][422]=-1910.43
dp[15][422]=-1814.52
dp[16][422]=-1715.99
dp[17][422]=-1603.92
dp[18][422]=-1479.29
dp[19][422]=-1340.36
dp[20][422]=-1103.09
Select best dp
Best k=6
Stratifying 3-th numerical feature ...
dp[2][422]=-1830.78
dp[3][422]=-2142.65
dp[4][422]=-2271.65
dp[5][422]=-2349.06
dp[6][422]=-2372.56
dp[7][422]=-2358.39
dp[8][422]=-2329.68
dp[9][422]=-2294.75
dp[10][422]=-2236.57
dp[11][422]=-2162.17
dp[12][422]=-2085.9
dp[13][422]=-2001.48
dp[14][422]=-1910.43
dp[15][422]=-1814.52
dp[16][422]=-1715.99
dp[17][422]=-1603.92
dp[18][422]=-1479.29
dp[19][422]=-1340.36
dp[20][422]=-1103.09
Select best dp
Best k=6
Stratifying 3-th numerical feature ...
dp[2][422]=-183.854
dp[3][422]=-1.3e+11
dp[4][422]=-1.6e+11
dp[5][422]=-2.5e+11
dp[6][422]=-2.9e+11
dp[7][422]=-3.6e+11
dp[8][422]=-4.1e+11
dp[9][422]=-4.7e+11
dp[10][422]=-5.2e+11
dp[11][422]=-5.7e+11
dp[12][422]=-6.3e+11
dp[13][422]=-6.8e+11
dp[14][422]=-7.4e+11
dp[15][422]=-7.9e+11
dp[16][422]=-8.4e+11
dp[17][422]=-9e+11
dp[18][422]=-9.4e+11
dp[19][422]=-1e+12
dp[20][422]=-1.05e+12
Select best dp
Best k=20
Stratifying 2-th numerical feature ...
dp[2][422]=326.558
dp[3][422]=489.837
dp[4][422]=653.116
dp[5][422]=816.395
dp[6][422]=979.674
dp[7][422]=1142.95
dp[8][422]=1306.23
dp[9][422]=1469.51
dp[10][422]=1632.79
dp[11][422]=1796.07
dp[12][422]=1959.35
dp[13][422]=2122.63
dp[14][422]=2285.91
dp[15][422]=2449.19
dp[16][422]=2612.46
dp[17][422]=2775.74
dp[18][422]=2939.02
dp[19][422]=3102.3
dp[20][422]=3265.58
Select best dp
Best k=2
Stratifying 3-th numerical feature ...
dp[2][422]=-3988.12
dp[3][422]=-4775.13
dp[4][422]=-5196.41
dp[5][422]=-5514.52
dp[6][422]=-5724.79
dp[7][422]=-5859.73
dp[8][422]=-5965.59
dp[9][422]=-6059.01
dp[10][422]=-6105.92
dp[11][422]=-6120.41
dp[12][422]=-6131.16
dp[13][422]=-6125.59
dp[14][422]=-6106.76
dp[15][422]=-6078.23
dp[16][422]=-6044.45
dp[17][422]=-5983.58
dp[18][422]=-5897.6
dp[19][422]=-5783.02
dp[20][422]=-5471.76
Select best dp
Best k=12
dp[2][422]=-752.112
dp[3][422]=-826.404
dp[4][422]=-809.266
dp[5][422]=-766.332
dp[6][422]=-696.441
dp[7][422]=-607.717
dp[8][422]=-511.723
dp[9][422]=-412.619
dp[10][422]=-301.888
dp[11][422]=-183.049
dp[12][422]=-63.2781
dp[13][422]=60.5742
dp[14][422]=187.739
dp[15][422]=317.332
dp[16][422]=448.237
dp[17][422]=585.912
dp[18][422]=729.866
dp[19][422]=880.971
dp[20][422]=1081.25
Select best dp
Best k=3
Stratifying 3-th numerical feature ...
Stratifying 3-th numerical feature ...
dp[2][422]=-1830.78
dp[3][422]=-2142.65
dp[4][422]=-2271.65
dp[5][422]=-2349.06
dp[6][422]=-2372.56
dp[7][422]=-2358.39
dp[8][422]=-2329.68
dp[9][422]=-2294.75
dp[10][422]=-2236.57
dp[11][422]=-2162.17
dp[12][422]=-2085.9
dp[13][422]=-2001.48
dp[14][422]=-1910.43
dp[15][422]=-1814.52
dp[16][422]=-1715.99
dp[17][422]=-1603.92
dp[18][422]=-1479.29
dp[19][422]=-1340.36
dp[20][422]=-1103.09
Select best dp
Best k=6
Stratifying 3-th numerical feature ...
dp[2][422]=-114.068
dp[3][422]=-2.7e+11
dp[4][422]=-5e+11
dp[5][422]=-7.1e+11
dp[6][422]=-9.3e+11
dp[7][422]=-1.14e+12
dp[8][422]=-1.14e+12
dp[9][422]=-1.35e+12
dp[10][422]=-1.35e+12
dp[11][422]=-1.35e+12
dp[12][422]=-1.35e+12
dp[13][422]=-1.35e+12
dp[14][422]=-1.35e+12
dp[15][422]=-1.35e+12
dp[16][422]=-1.35e+12
dp[17][422]=-1.35e+12
dp[18][422]=-1.35e+12
dp[19][422]=-1.14e+12
dp[20][422]=1012.3
Select best dp
Best k=10
dp[2][422]=-114.068
dp[3][422]=-2.7e+11
dp[4][422]=-5e+11
dp[5][422]=-7.1e+11
dp[6][422]=-9.3e+11
dp[7][422]=-1.14e+12
dp[8][422]=-1.14e+12
dp[9][422]=-1.35e+12
dp[10][422]=-1.35e+12
dp[11][422]=-1.35e+12
dp[12][422]=-1.35e+12
dp[13][422]=-1.35e+12
dp[14][422]=-1.35e+12
dp[15][422]=-1.35e+12
dp[16][422]=-1.35e+12
dp[17][422]=-1.35e+12
dp[18][422]=-1.35e+12
dp[19][422]=-1.14e+12
dp[20][422]=1012.3
Select best dp
Best k=10
dp[2][422]=-114.068
dp[3][422]=-2.7e+11
dp[4][422]=-5e+11
dp[5][422]=-7.1e+11
dp[6][422]=-9.3e+11
dp[7][422]=-1.14e+12
dp[8][422]=-1.34e+12
dp[9][422]=-1.52e+12
dp[10][422]=-1.66e+12
dp[11][422]=-1.86e+12
dp[12][422]=-2.03e+12
dp[13][422]=-2.17e+12
dp[14][422]=-2.21e+12
dp[15][422]=-2.35e+12
dp[16][422]=-2.48e+12
dp[17][422]=-2.62e+12
dp[18][422]=-2.73e+12
dp[19][422]=-2.87e+12
dp[20][422]=-3e+12
Select best dp
Best k=20
dp[2][422]=-114.068
dp[3][422]=-2.7e+11
dp[4][422]=-5e+11
dp[5][422]=-7.1e+11
dp[6][422]=-9.3e+11
dp[7][422]=-1.14e+12
dp[8][422]=-1.14e+12
dp[9][422]=-1.35e+12
dp[10][422]=-1.35e+12
dp[11][422]=-1.35e+12
dp[12][422]=-1.35e+12
dp[13][422]=-1.35e+12
dp[14][422]=-1.35e+12
dp[15][422]=-1.35e+12
dp[16][422]=-1.35e+12
dp[17][422]=-1.35e+12
dp[18][422]=-1.35e+12
dp[19][422]=-1.14e+12
dp[20][422]=1012.3
Select best dp
Best k=10
dp[2][422]=-1847.2
dp[3][422]=-1.5e+11
dp[4][422]=-1.5e+11
dp[5][422]=-2.7e+11
dp[6][422]=-2.7e+11
dp[7][422]=-3.9e+11
dp[8][422]=-3.9e+11
dp[9][422]=-5e+11
dp[10][422]=-5e+11
dp[11][422]=-6.1e+11
dp[12][422]=-6.1e+11
dp[13][422]=-7.1e+11
dp[14][422]=-7.1e+11
dp[15][422]=-7.1e+11
dp[16][422]=-7.1e+11
dp[17][422]=-7.1e+11
dp[18][422]=-7.1e+11
dp[19][422]=-7.1e+11
dp[20][422]=-7.1e+11
Select best dp
Best k=15
dp[2][422]=-1847.2
dp[3][422]=-1.5e+11
dp[4][422]=-2.1e+11
dp[5][422]=-2.9e+11
dp[6][422]=-3.7e+11
dp[7][422]=-4.1e+11
dp[8][422]=-4.9e+11
dp[9][422]=-5.6e+11
dp[10][422]=-6.1e+11
dp[11][422]=-6.8e+11
dp[12][422]=-7.3e+11
dp[13][422]=-7.9e+11
dp[14][422]=-8.5e+11
dp[15][422]=-9e+11
dp[16][422]=-9.6e+11
dp[17][422]=-1.01e+12
dp[18][422]=-1.07e+12
dp[19][422]=-1.12e+12
dp[20][422]=-1.17e+12
Select best dp
Best k=20
Stratifying 3-th numerical feature ...
Stratifying 3-th numerical feature ...
dp[2][422]=326.558
dp[3][422]=489.837
dp[4][422]=653.116
dp[5][422]=816.395
dp[6][422]=979.674
dp[7][422]=1142.95
dp[8][422]=1306.23
dp[9][422]=1469.51
dp[10][422]=1632.79
dp[11][422]=1796.07
dp[12][422]=1959.35
dp[13][422]=2122.63
dp[14][422]=2285.91
dp[15][422]=2449.19
dp[16][422]=2612.46
dp[17][422]=2775.74
dp[18][422]=2939.02
dp[19][422]=3102.3
dp[20][422]=3265.58
Select best dp
Best k=2
dp[2][422]=93.6952
dp[3][422]=-65.4693
dp[4][422]=-148.027
dp[5][422]=-184.864
dp[6][422]=-197.356
dp[7][422]=-202.223
dp[8][422]=-192.41
dp[9][422]=-173.918
dp[10][422]=-122.317
dp[11][422]=-48.2802
dp[12][422]=31.656
dp[13][422]=115.378
dp[14][422]=202.633
dp[15][422]=290.621
dp[16][422]=383.045
dp[17][422]=483.878
dp[18][422]=596.151
dp[19][422]=723.363
dp[20][422]=979.019
Select best dp
Best k=7
Stratifying 2-th numerical feature ...
dp[2][422]=106.245
dp[3][422]=-1.35e+11
dp[4][422]=-2.5e+11
dp[5][422]=-3.55e+11
dp[6][422]=-4.65e+11
dp[7][422]=-5.7e+11
dp[8][422]=-5.7e+11
dp[9][422]=-6.75e+11
dp[10][422]=-6.75e+11
dp[11][422]=-6.75e+11
dp[12][422]=-6.75e+11
dp[13][422]=-6.75e+11
dp[14][422]=-6.75e+11
dp[15][422]=-6.75e+11
dp[16][422]=-6.75e+11
dp[17][422]=-6.75e+11
dp[18][422]=-6.75e+11
dp[19][422]=-5.7e+11
dp[20][422]=2138.94
Select best dp
Best k=9
dp[2][422]=-554.694
dp[3][422]=-5.4e+11
dp[4][422]=-1e+12
dp[5][422]=-1.42e+12
dp[6][422]=-1.86e+12
dp[7][422]=-2.28e+12
dp[8][422]=-2.28e+12
dp[9][422]=-2.7e+12
dp[10][422]=-2.7e+12
dp[11][422]=-2.7e+12
dp[12][422]=-2.7e+12
dp[13][422]=-2.7e+12
dp[14][422]=-2.7e+12
dp[15][422]=-2.7e+12
dp[16][422]=-2.7e+12
dp[17][422]=-2.7e+12
dp[18][422]=-2.7e+12
dp[19][422]=-2.28e+12
dp[20][422]=-1240.97
Select best dp
Best k=15
dp[2][422]=-114.068
dp[3][422]=-2.7e+11
dp[4][422]=-5e+11
dp[5][422]=-7.1e+11
dp[6][422]=-9.3e+11
dp[7][422]=-1.14e+12
dp[8][422]=-1.34e+12
dp[9][422]=-1.52e+12
dp[10][422]=-1.66e+12
dp[11][422]=-1.86e+12
dp[12][422]=-2.03e+12
dp[13][422]=-2.17e+12
dp[14][422]=-2.21e+12
dp[15][422]=-2.35e+12
dp[16][422]=-2.48e+12
dp[17][422]=-2.62e+12
dp[18][422]=-2.73e+12
dp[19][422]=-2.87e+12
dp[20][422]=-3e+12
Select best dp
Best k=20
dp[2][422]=-114.068
dp[3][422]=-2.7e+11
dp[4][422]=-5e+11
dp[5][422]=-7.1e+11
dp[6][422]=-9.3e+11
dp[7][422]=-1.14e+12
dp[8][422]=-1.34e+12
dp[9][422]=-1.52e+12
dp[10][422]=-1.66e+12
dp[11][422]=-1.86e+12
dp[12][422]=-2.03e+12
dp[13][422]=-2.17e+12
dp[14][422]=-2.25e+12
dp[15][422]=-2.35e+12
dp[16][422]=-2.48e+12
dp[17][422]=-2.62e+12
dp[18][422]=-2.73e+12
dp[19][422]=-2.87e+12
dp[20][422]=-3.01e+12
Select best dp
Best k=20
dp[2][422]=-1489.94
dp[3][422]=-1836.48
dp[4][422]=-1974.89
dp[5][422]=-2062.53
dp[6][422]=-2093.25
dp[7][422]=-2081.35
dp[8][422]=-2055.04
dp[9][422]=-2023.14
dp[10][422]=-1966.65
dp[11][422]=-1894.25
dp[12][422]=-1819.45
dp[13][422]=-1737.92
dp[14][422]=-1649.3
dp[15][422]=-1556.74
dp[16][422]=-1461.69
dp[17][422]=-1350.59
dp[18][422]=-1228.3
dp[19][422]=-1091.85
dp[20][422]=-855.316
Select best dp
Best k=6
Stratifying 3-th numerical feature ...
dp[2][422]=109.218
dp[3][422]=-2.7e+11
dp[4][422]=-5e+11
dp[5][422]=-7.1e+11
dp[6][422]=-9.3e+11
dp[7][422]=-1.14e+12
dp[8][422]=-1.14e+12
dp[9][422]=-1.35e+12
dp[10][422]=-1.35e+12
dp[11][422]=-1.35e+12
dp[12][422]=-1.35e+12
dp[13][422]=-1.35e+12
dp[14][422]=-1.35e+12
dp[15][422]=-1.35e+12
dp[16][422]=-1.35e+12
dp[17][422]=-1.35e+12
dp[18][422]=-1.35e+12
dp[19][422]=-1.14e+12
dp[20][422]=1104.52
Select best dp
Best k=11
