Standardize ...
Stratifying 1-th numerical feature ...
Standardize ...
Stratifying 1-th numerical feature ...
Standardize ...
Stratifying 1-th numerical feature ...
Standardize ...
Stratifying 1-th numerical feature ...
Standardize ...
Stratifying 1-th numerical feature ...
Standardize ...
Stratifying 1-th numerical feature ...
Standardize ...
Stratifying 1-th numerical feature ...
Standardize ...
Stratifying 1-th numerical feature ...
Standardize ...
Stratifying 1-th numerical feature ...
Standardize ...
Stratifying 1-th numerical feature ...
Standardize ...
Stratifying 1-th numerical feature ...
Standardize ...
Stratifying 1-th numerical feature ...
Standardize ...
Stratifying 1-th numerical feature ...
Standardize ...
Stratifying 1-th numerical feature ...
dp[2][1325]=-1481.84
dp[3][1325]=-7.1e+11
dp[4][1325]=-1.32e+12
dp[5][1325]=-1.89e+12
dp[6][1325]=-2.41e+12
dp[7][1325]=-2.98e+12
dp[8][1325]=-3.51e+12
dp[9][1325]=-4.08e+12
dp[10][1325]=-4.47e+12
dp[11][1325]=-5e+12
dp[12][1325]=-5.46e+12
dp[13][1325]=-5.91e+12
dp[14][1325]=-6.48e+12
dp[15][1325]=-7e+12
dp[16][1325]=-7.46e+12
dp[17][1325]=-7.92e+12
dp[18][1325]=-8.38e+12
dp[19][1325]=-8.84e+12
dp[20][1325]=-9.23e+12
dp[21][1325]=-9.26e+12
dp[22][1325]=-9.65e+12
dp[23][1325]=-9.98e+12
dp[24][1325]=-1.002e+13
dp[25][1325]=-1.002e+13
dp[26][1325]=-1.002e+13
dp[27][1325]=-1.002e+13
dp[28][1325]=-9.98e+12
dp[29][1325]=-9.62e+12
dp[30][1325]=-9.26e+12
dp[31][1325]=-8.9e+12
dp[32][1325]=-8.54e+12
dp[33][1325]=-8.18e+12
dp[34][1325]=-7.7e+12
dp[35][1325]=-6.98e+12
dp[36][1325]=-5.32e+12
Select best dp
Best k=25
Stratifying 2-th numerical feature ...
dp[2][1325]=-1481.84
dp[3][1325]=-7.1e+11
dp[4][1325]=-1.32e+12
dp[5][1325]=-1.89e+12
dp[6][1325]=-2.41e+12
dp[7][1325]=-2.98e+12
dp[8][1325]=-3.51e+12
dp[9][1325]=-4.08e+12
dp[10][1325]=-4.47e+12
dp[11][1325]=-5e+12
dp[12][1325]=-5.46e+12
dp[13][1325]=-5.91e+12
dp[14][1325]=-6.48e+12
dp[15][1325]=-7e+12
dp[16][1325]=-7.46e+12
dp[17][1325]=-7.92e+12
dp[18][1325]=-8.38e+12
dp[19][1325]=-8.84e+12
dp[20][1325]=-9.23e+12
dp[21][1325]=-9.26e+12
dp[22][1325]=-9.65e+12
dp[23][1325]=-9.98e+12
dp[24][1325]=-1.002e+13
dp[25][1325]=-1.002e+13
dp[26][1325]=-1.002e+13
dp[27][1325]=-1.002e+13
dp[28][1325]=-9.98e+12
dp[29][1325]=-9.62e+12
dp[30][1325]=-9.26e+12
dp[31][1325]=-8.9e+12
dp[32][1325]=-8.54e+12
dp[33][1325]=-8.18e+12
dp[34][1325]=-7.7e+12
dp[35][1325]=-6.98e+12
dp[36][1325]=-5.32e+12
Select best dp
Best k=25
dp[2][1325]=-1481.84
dp[3][1325]=-7.1e+11
dp[4][1325]=-1.32e+12
dp[5][1325]=-1.89e+12
dp[6][1325]=-2.41e+12
dp[7][1325]=-2.98e+12
dp[8][1325]=-3.51e+12
dp[9][1325]=-4.08e+12
dp[10][1325]=-4.47e+12
dp[11][1325]=-5e+12
dp[12][1325]=-5.46e+12
dp[13][1325]=-5.91e+12
dp[14][1325]=-6.48e+12
dp[15][1325]=-7e+12
dp[16][1325]=-7.46e+12
dp[17][1325]=-7.92e+12
dp[18][1325]=-8.38e+12
dp[19][1325]=-8.84e+12
dp[20][1325]=-9.23e+12
dp[21][1325]=-9.26e+12
dp[22][1325]=-9.65e+12
dp[23][1325]=-9.98e+12
dp[24][1325]=-1.002e+13
dp[25][1325]=-1.002e+13
dp[26][1325]=-1.002e+13
dp[27][1325]=-1.002e+13
dp[28][1325]=-9.98e+12
dp[29][1325]=-9.62e+12
dp[30][1325]=-9.26e+12
dp[31][1325]=-8.9e+12
dp[32][1325]=-8.54e+12
dp[33][1325]=-8.18e+12
dp[34][1325]=-7.7e+12
dp[35][1325]=-6.98e+12
dp[36][1325]=-5.32e+12
Select best dp
Best k=25
Stratifying 2-th numerical feature ...
Stratifying 2-th numerical feature ...
dp[2][1325]=-1481.84
dp[3][1325]=-7.1e+11
dp[4][1325]=-1.32e+12
dp[5][1325]=-1.89e+12
dp[6][1325]=-1.9e+12
dp[7][1325]=-2.47e+12
dp[8][1325]=-2.47e+12
dp[9][1325]=-3.04e+12
dp[10][1325]=-3.04e+12
dp[11][1325]=-3.58e+12
dp[12][1325]=-3.58e+12
dp[13][1325]=-3.58e+12
dp[14][1325]=-3.58e+12
dp[15][1325]=-3.58e+12
dp[16][1325]=-3.58e+12
dp[17][1325]=-3.58e+12
dp[18][1325]=-3.58e+12
dp[19][1325]=-3.58e+12
dp[20][1325]=-3.58e+12
dp[21][1325]=-3.58e+12
dp[22][1325]=-3.58e+12
dp[23][1325]=-3e+12
dp[24][1325]=-2.28e+12
Select best dp
Best k=20
Stratifying 2-th numerical feature ...
dp[2][1325]=-1.9e+11
dp[3][1325]=-7.1e+11
dp[4][1325]=-1.32e+12
dp[5][1325]=-1.89e+12
dp[6][1325]=-2.41e+12
dp[7][1325]=-2.98e+12
dp[8][1325]=-3.51e+12
dp[9][1325]=-4.08e+12
dp[10][1325]=-4.47e+12
dp[11][1325]=-5e+12
dp[12][1325]=-5.46e+12
dp[13][1325]=-5.91e+12
dp[14][1325]=-6.48e+12
dp[15][1325]=-7e+12
dp[16][1325]=-7.46e+12
dp[17][1325]=-7.92e+12
dp[18][1325]=-8.38e+12
dp[19][1325]=-8.84e+12
dp[20][1325]=-9.23e+12
dp[21][1325]=-9.53e+12
dp[22][1325]=-9.86e+12
dp[23][1325]=-1.018e+13
dp[24][1325]=-1.052e+13
dp[25][1325]=-1.081e+13
dp[26][1325]=-1.118e+13
dp[27][1325]=-1.156e+13
dp[28][1325]=-1.183e+13
dp[29][1325]=-1.22e+13
dp[30][1325]=-1.266e+13
dp[31][1325]=-1.293e+13
dp[32][1325]=-1.293e+13
dp[33][1325]=-1.293e+13
dp[34][1325]=-1.293e+13
dp[35][1325]=-1.293e+13
dp[36][1325]=-1.293e+13
Select best dp
Best k=31
Stratifying 2-th numerical feature ...
dp[2][1325]=-1481.84
dp[3][1325]=-7.1e+11
dp[4][1325]=-1.32e+12
dp[5][1325]=-1.89e+12
dp[6][1325]=-2.41e+12
dp[7][1325]=-2.98e+12
dp[8][1325]=-3.51e+12
dp[9][1325]=-4.08e+12
dp[10][1325]=-4.47e+12
dp[11][1325]=-5e+12
dp[12][1325]=-5.46e+12
dp[13][1325]=-5.91e+12
dp[14][1325]=-6.48e+12
dp[15][1325]=-7e+12
dp[16][1325]=-7.46e+12
dp[17][1325]=-7.92e+12
dp[18][1325]=-8.38e+12
dp[19][1325]=-8.84e+12
dp[20][1325]=-9.23e+12
dp[21][1325]=-9.26e+12
dp[22][1325]=-9.65e+12
dp[23][1325]=-9.98e+12
dp[24][1325]=-1.002e+13
dp[25][1325]=-1.002e+13
dp[26][1325]=-1.002e+13
dp[27][1325]=-1.002e+13
dp[28][1325]=-9.98e+12
dp[29][1325]=-9.62e+12
dp[30][1325]=-9.26e+12
dp[31][1325]=-8.9e+12
dp[32][1325]=-8.54e+12
dp[33][1325]=-8.18e+12
dp[34][1325]=-7.7e+12
dp[35][1325]=-6.98e+12
dp[36][1325]=-5.32e+12
Select best dp
Best k=25
Stratifying 2-th numerical feature ...
dp[2][1325]=273.217
dp[3][1325]=409.826
dp[4][1325]=546.434
dp[5][1325]=683.043
dp[6][1325]=819.651
dp[7][1325]=956.26
dp[8][1325]=1092.87
dp[9][1325]=1229.48
dp[10][1325]=1366.09
dp[11][1325]=1502.69
dp[12][1325]=1639.3
dp[13][1325]=1775.91
dp[14][1325]=1912.52
dp[15][1325]=2049.13
dp[16][1325]=2185.74
dp[17][1325]=2322.34
dp[18][1325]=2458.95
dp[19][1325]=2595.56
dp[20][1325]=2732.17
dp[21][1325]=2868.78
dp[22][1325]=3005.39
dp[23][1325]=3142
dp[24][1325]=3278.6
dp[25][1325]=3415.21
dp[26][1325]=3551.82
dp[27][1325]=3688.43
dp[28][1325]=3825.04
dp[29][1325]=3961.65
dp[30][1325]=4098.26
dp[31][1325]=4234.86
dp[32][1325]=4371.47
dp[33][1325]=4508.08
dp[34][1325]=4644.69
dp[35][1325]=4781.3
dp[36][1325]=4917.91
Select best dp
Best k=2
dp[2][1325]=-604.31
Stratifying 2-th numerical feature ...
dp[3][1325]=-3.55e+11
dp[4][1325]=-6.6e+11
dp[5][1325]=-9.45e+11
dp[6][1325]=-1.205e+12
dp[7][1325]=-1.49e+12
dp[8][1325]=-1.755e+12
dp[9][1325]=-2.04e+12
dp[10][1325]=-2.235e+12
dp[11][1325]=-2.5e+12
dp[12][1325]=-2.73e+12
dp[13][1325]=-2.955e+12
dp[14][1325]=-3.24e+12
dp[15][1325]=-3.5e+12
dp[16][1325]=-3.73e+12
dp[17][1325]=-3.96e+12
dp[18][1325]=-4.19e+12
dp[19][1325]=-4.42e+12
dp[20][1325]=-4.615e+12
dp[21][1325]=-4.63e+12
dp[22][1325]=-4.825e+12
dp[23][1325]=-4.99e+12
dp[24][1325]=-5.01e+12
dp[25][1325]=-5.01e+12
dp[26][1325]=-5.01e+12
dp[27][1325]=-5.01e+12
dp[28][1325]=-4.99e+12
dp[29][1325]=-4.81e+12
dp[30][1325]=-4.63e+12
dp[31][1325]=-4.45e+12
dp[32][1325]=-4.27e+12
dp[33][1325]=-4.09e+12
dp[34][1325]=-3.85e+12
dp[35][1325]=-3.49e+12
dp[36][1325]=-2.66e+12
Select best dp
Best k=24
dp[2][1325]=-1481.84
dp[3][1325]=-7.1e+11
dp[4][1325]=-1.32e+12
dp[5][1325]=-1.89e+12
dp[6][1325]=-2.41e+12
dp[7][1325]=-2.98e+12
dp[8][1325]=-3.51e+12
dp[9][1325]=-4.08e+12
dp[10][1325]=-4.47e+12
dp[11][1325]=-5e+12
dp[12][1325]=-5.46e+12
dp[13][1325]=-5.91e+12
dp[14][1325]=-6.48e+12
dp[15][1325]=-7e+12
dp[16][1325]=-7.46e+12
dp[17][1325]=-7.92e+12
dp[18][1325]=-8.38e+12
dp[19][1325]=-8.84e+12
dp[20][1325]=-9.23e+12
dp[21][1325]=-9.26e+12
dp[22][1325]=-9.65e+12
dp[23][1325]=-9.98e+12
dp[24][1325]=-1.002e+13
dp[25][1325]=-1.002e+13
dp[26][1325]=-1.002e+13
dp[27][1325]=-1.002e+13
dp[28][1325]=-9.98e+12
dp[29][1325]=-9.62e+12
dp[30][1325]=-9.26e+12
dp[31][1325]=-8.9e+12
dp[32][1325]=-8.54e+12
dp[33][1325]=-8.18e+12
dp[34][1325]=-7.7e+12
dp[35][1325]=-6.98e+12
dp[36][1325]=-5.32e+12
Select best dp
Best k=25
Stratifying 2-th numerical feature ...
Stratifying 2-th numerical feature ...
dp[2][1325]=-1481.84
dp[3][1325]=-7.1e+11
dp[4][1325]=-1.32e+12
dp[5][1325]=-1.89e+12
dp[6][1325]=-2.41e+12
dp[7][1325]=-2.98e+12
dp[8][1325]=-3.51e+12
dp[9][1325]=-4.08e+12
dp[10][1325]=-4.47e+12
dp[11][1325]=-5e+12
dp[12][1325]=-5.46e+12
dp[13][1325]=-5.91e+12
dp[14][1325]=-6.48e+12
dp[15][1325]=-7e+12
dp[16][1325]=-7.46e+12
dp[17][1325]=-7.92e+12
dp[18][1325]=-8.38e+12
dp[19][1325]=-8.84e+12
dp[20][1325]=-9.23e+12
dp[21][1325]=-9.26e+12
dp[22][1325]=-9.65e+12
dp[23][1325]=-9.98e+12
dp[24][1325]=-1.002e+13
dp[25][1325]=-1.002e+13
dp[26][1325]=-1.002e+13
dp[27][1325]=-1.002e+13
dp[28][1325]=-9.98e+12
dp[29][1325]=-9.62e+12
dp[30][1325]=-9.26e+12
dp[31][1325]=-8.9e+12
dp[32][1325]=-8.54e+12
dp[33][1325]=-8.18e+12
dp[34][1325]=-7.7e+12
dp[35][1325]=-6.98e+12
dp[36][1325]=-5.32e+12
Select best dp
Best k=25
Stratifying 2-th numerical feature ...
dp[2][1325]=-3236.89
dp[3][1325]=-1.42e+12
dp[4][1325]=-2.64e+12
dp[5][1325]=-3.78e+12
dp[6][1325]=-4.82e+12
dp[7][1325]=-5.96e+12
dp[8][1325]=-7.02e+12
dp[9][1325]=-8.16e+12
dp[10][1325]=-8.94e+12
dp[11][1325]=-1e+13
dp[12][1325]=-1.092e+13
dp[13][1325]=-1.182e+13
dp[14][1325]=-1.296e+13
dp[15][1325]=-1.4e+13
dp[16][1325]=-1.492e+13
dp[17][1325]=-1.584e+13
dp[18][1325]=-1.676e+13
dp[19][1325]=-1.768e+13
dp[20][1325]=-1.846e+13
dp[21][1325]=-1.852e+13
dp[22][1325]=-1.93e+13
dp[23][1325]=-1.996e+13
dp[24][1325]=-2.004e+13
dp[25][1325]=-2.004e+13
dp[26][1325]=-2.004e+13
dp[27][1325]=-2.004e+13
dp[28][1325]=-1.996e+13
dp[29][1325]=-1.924e+13
dp[30][1325]=-1.852e+13
dp[31][1325]=-1.78e+13
dp[32][1325]=-1.708e+13
dp[33][1325]=-1.636e+13
dp[34][1325]=-1.54e+13
dp[35][1325]=-1.396e+13
dp[36][1325]=-1.064e+13
Select best dp
Best k=26
Stratifying 2-th numerical feature ...
dp[2][1325]=-9e+11
dp[3][1325]=-3.38e+12
dp[4][1325]=-5.82e+12
dp[5][1325]=-8.15e+12
dp[6][1325]=-9.88e+12
dp[7][1325]=-1.114e+13
dp[8][1325]=-1.193e+13
dp[9][1325]=-1.239e+13
dp[10][1325]=-1.284e+13
dp[11][1325]=-1.284e+13
dp[12][1325]=-1.284e+13
dp[13][1325]=-1.284e+13
dp[14][1325]=-1.284e+13
dp[15][1325]=-1.284e+13
dp[16][1325]=-1.284e+13
dp[17][1325]=-1.284e+13
dp[18][1325]=-1.284e+13
dp[19][1325]=-1.284e+13
dp[20][1325]=-1.284e+13
dp[21][1325]=-1.284e+13
dp[22][1325]=-1.284e+13
dp[23][1325]=-1.284e+13
dp[24][1325]=-1.284e+13
dp[25][1325]=-1.284e+13
dp[26][1325]=-1.284e+13
dp[27][1325]=-1.284e+13
dp[28][1325]=-1.284e+13
dp[29][1325]=-1.284e+13
dp[30][1325]=-1.284e+13
dp[31][1325]=-1.284e+13
dp[32][1325]=-1.284e+13
dp[33][1325]=-1.248e+13
dp[34][1325]=-1.212e+13
dp[35][1325]=-1.176e+13
dp[36][1325]=-1.068e+13
Select best dp
Best k=10
dp[2][1325]=-9e+11
dp[3][1325]=-3.38e+12
dp[4][1325]=-5.82e+12
dp[5][1325]=-8.15e+12
dp[6][1325]=-9.88e+12
dp[7][1325]=-1.114e+13
dp[8][1325]=-1.193e+13
dp[9][1325]=-1.239e+13
dp[10][1325]=-1.284e+13
dp[11][1325]=-1.284e+13
dp[12][1325]=-1.284e+13
dp[13][1325]=-1.284e+13
dp[14][1325]=-1.284e+13
dp[15][1325]=-1.284e+13
dp[16][1325]=-1.284e+13
dp[17][1325]=-1.284e+13
dp[18][1325]=-1.284e+13
dp[19][1325]=-1.284e+13
dp[20][1325]=-1.284e+13
dp[21][1325]=-1.284e+13
dp[22][1325]=-1.284e+13
dp[23][1325]=-1.284e+13
dp[24][1325]=-1.284e+13
dp[25][1325]=-1.284e+13
dp[26][1325]=-1.284e+13
dp[27][1325]=-1.284e+13
dp[28][1325]=-1.284e+13
dp[29][1325]=-1.284e+13
dp[30][1325]=-1.284e+13
dp[31][1325]=-1.284e+13
dp[32][1325]=-1.284e+13
dp[33][1325]=-1.248e+13
dp[34][1325]=-1.212e+13
dp[35][1325]=-1.176e+13
dp[36][1325]=-1.068e+13
Select best dp
Best k=10
dp[2][1325]=-9e+11
dp[3][1325]=-3.38e+12
dp[4][1325]=-5.82e+12
dp[5][1325]=-8.15e+12
dp[6][1325]=-9.88e+12
dp[7][1325]=-1.114e+13
dp[8][1325]=-1.193e+13
dp[9][1325]=-1.239e+13
dp[10][1325]=-1.284e+13
dp[11][1325]=-1.284e+13
dp[12][1325]=-1.284e+13
dp[13][1325]=-1.284e+13
dp[14][1325]=-1.284e+13
dp[15][1325]=-1.284e+13
dp[16][1325]=-1.284e+13
dp[17][1325]=-1.284e+13
dp[18][1325]=-1.284e+13
dp[19][1325]=-1.284e+13
dp[20][1325]=-1.284e+13
dp[21][1325]=-1.284e+13
dp[22][1325]=-1.284e+13
dp[23][1325]=-1.284e+13
dp[24][1325]=-1.284e+13
dp[25][1325]=-1.284e+13
dp[26][1325]=-1.284e+13
dp[27][1325]=-1.284e+13
dp[28][1325]=-1.284e+13
dp[29][1325]=-1.284e+13
dp[30][1325]=-1.284e+13
dp[31][1325]=-1.284e+13
dp[32][1325]=-1.284e+13
dp[33][1325]=-1.248e+13
dp[34][1325]=-1.212e+13
dp[35][1325]=-1.176e+13
dp[36][1325]=-1.068e+13
Select best dp
Best k=10
dp[2][1325]=-1.9e+11
dp[3][1325]=-7.1e+11
dp[4][1325]=-1.32e+12
dp[5][1325]=-1.89e+12
dp[6][1325]=-2.41e+12
dp[7][1325]=-2.98e+12
dp[8][1325]=-3.51e+12
dp[9][1325]=-4.08e+12
dp[10][1325]=-4.47e+12
dp[11][1325]=-5e+12
dp[12][1325]=-5.46e+12
dp[13][1325]=-5.91e+12
dp[14][1325]=-6.48e+12
dp[15][1325]=-7e+12
dp[16][1325]=-7.46e+12
dp[17][1325]=-7.92e+12
dp[18][1325]=-8.38e+12
dp[19][1325]=-8.84e+12
dp[20][1325]=-9.23e+12
dp[21][1325]=-9.53e+12
dp[22][1325]=-9.86e+12
dp[23][1325]=-1.018e+13
dp[24][1325]=-1.052e+13
dp[25][1325]=-1.081e+13
dp[26][1325]=-1.118e+13
dp[27][1325]=-1.156e+13
dp[28][1325]=-1.183e+13
dp[29][1325]=-1.22e+13
dp[30][1325]=-1.266e+13
dp[31][1325]=-1.293e+13
dp[32][1325]=-1.309e+13
dp[33][1325]=-1.309e+13
dp[34][1325]=-1.309e+13
dp[35][1325]=-1.309e+13
dp[36][1325]=-1.309e+13
Select best dp
Best k=32
Stratifying 2-th numerical feature ...
dp[2][1325]=-1.9e+11
dp[3][1325]=-7.1e+11
dp[4][1325]=-1.32e+12
dp[5][1325]=-1.89e+12
dp[6][1325]=-2.41e+12
dp[7][1325]=-2.98e+12
dp[8][1325]=-3.51e+12
dp[9][1325]=-4.08e+12
dp[10][1325]=-4.47e+12
dp[11][1325]=-5e+12
dp[12][1325]=-5.46e+12
dp[13][1325]=-5.91e+12
dp[14][1325]=-6.48e+12
dp[15][1325]=-7e+12
dp[16][1325]=-7.46e+12
dp[17][1325]=-7.92e+12
dp[18][1325]=-8.38e+12
dp[19][1325]=-8.84e+12
dp[20][1325]=-9.23e+12
dp[21][1325]=-9.53e+12
dp[22][1325]=-9.86e+12
dp[23][1325]=-1.018e+13
dp[24][1325]=-1.052e+13
dp[25][1325]=-1.081e+13
dp[26][1325]=-1.118e+13
dp[27][1325]=-1.156e+13
dp[28][1325]=-1.183e+13
dp[29][1325]=-1.22e+13
dp[30][1325]=-1.266e+13
dp[31][1325]=-1.293e+13
dp[32][1325]=-1.309e+13
dp[33][1325]=-1.316e+13
dp[34][1325]=-1.321e+13
dp[35][1325]=-1.321e+13
dp[36][1325]=-1.321e+13
Select best dp
Best k=34
Stratifying 2-th numerical feature ...
dp[2][1325]=-9e+11
dp[3][1325]=-3.38e+12
dp[4][1325]=-5.82e+12
dp[5][1325]=-8.15e+12
dp[6][1325]=-9.88e+12
dp[7][1325]=-1.114e+13
dp[8][1325]=-1.193e+13
dp[9][1325]=-1.193e+13
dp[10][1325]=-1.193e+13
dp[11][1325]=-1.193e+13
dp[12][1325]=-1.193e+13
dp[13][1325]=-1.193e+13
dp[14][1325]=-1.193e+13
dp[15][1325]=-1.193e+13
dp[16][1325]=-1.193e+13
dp[17][1325]=-1.193e+13
dp[18][1325]=-1.193e+13
dp[19][1325]=-1.193e+13
dp[20][1325]=-1.193e+13
dp[21][1325]=-1.193e+13
dp[22][1325]=-1.139e+13
dp[23][1325]=-1.056e+13
dp[24][1325]=-9.48e+12
Select best dp
Best k=9
dp[2][1325]=-4.5e+11
dp[3][1325]=-1.69e+12
dp[4][1325]=-2.91e+12
dp[5][1325]=-4.075e+12
dp[6][1325]=-4.94e+12
dp[7][1325]=-5.57e+12
dp[8][1325]=-5.965e+12
dp[9][1325]=-6.195e+12
dp[10][1325]=-6.42e+12
dp[11][1325]=-6.42e+12
dp[12][1325]=-6.42e+12
dp[13][1325]=-6.42e+12
dp[14][1325]=-6.42e+12
dp[15][1325]=-6.42e+12
dp[16][1325]=-6.42e+12
dp[17][1325]=-6.42e+12
dp[18][1325]=-6.42e+12
dp[19][1325]=-6.42e+12
dp[20][1325]=-6.42e+12
dp[21][1325]=-6.42e+12
dp[22][1325]=-6.42e+12
dp[23][1325]=-6.42e+12
dp[24][1325]=-6.42e+12
dp[25][1325]=-6.42e+12
dp[26][1325]=-6.42e+12
dp[27][1325]=-6.42e+12
dp[28][1325]=-6.42e+12
dp[29][1325]=-6.42e+12
dp[30][1325]=-6.42e+12
dp[31][1325]=-6.42e+12
dp[32][1325]=-6.42e+12
dp[33][1325]=-6.24e+12
dp[34][1325]=-6.06e+12
dp[35][1325]=-5.88e+12
dp[36][1325]=-5.34e+12
Select best dp
Best k=10
dp[2][1325]=-1.8e+12
dp[3][1325]=-6.76e+12
dp[4][1325]=-1.164e+13
dp[5][1325]=-1.63e+13
dp[6][1325]=-1.976e+13
dp[7][1325]=-2.228e+13
dp[8][1325]=-2.386e+13
dp[9][1325]=-2.478e+13
dp[10][1325]=-2.568e+13
dp[11][1325]=-2.568e+13
dp[12][1325]=-2.568e+13
dp[13][1325]=-2.568e+13
dp[14][1325]=-2.568e+13
dp[15][1325]=-2.568e+13
dp[16][1325]=-2.568e+13
dp[17][1325]=-2.568e+13
dp[18][1325]=-2.568e+13
dp[19][1325]=-2.568e+13
dp[20][1325]=-2.568e+13
dp[21][1325]=-2.568e+13
dp[22][1325]=-2.568e+13
dp[23][1325]=-2.568e+13
dp[24][1325]=-2.568e+13
dp[25][1325]=-2.568e+13
dp[26][1325]=-2.568e+13
dp[27][1325]=-2.568e+13
dp[28][1325]=-2.568e+13
dp[29][1325]=-2.568e+13
dp[30][1325]=-2.568e+13
dp[31][1325]=-2.568e+13
dp[32][1325]=-2.568e+13
dp[33][1325]=-2.496e+13
dp[34][1325]=-2.424e+13
dp[35][1325]=-2.352e+13
dp[36][1325]=-2.136e+13
Select best dp
Best k=10
dp[2][1325]=-9e+11
dp[3][1325]=-3.38e+12
dp[4][1325]=-5.82e+12
dp[5][1325]=-8.15e+12
dp[6][1325]=-9.88e+12
dp[7][1325]=-1.114e+13
dp[8][1325]=-1.193e+13
dp[9][1325]=-1.239e+13
dp[10][1325]=-1.284e+13
dp[11][1325]=-1.284e+13
dp[12][1325]=-1.284e+13
dp[13][1325]=-1.284e+13
dp[14][1325]=-1.284e+13
dp[15][1325]=-1.284e+13
dp[16][1325]=-1.284e+13
dp[17][1325]=-1.284e+13
dp[18][1325]=-1.284e+13
dp[19][1325]=-1.284e+13
dp[20][1325]=-1.284e+13
dp[21][1325]=-1.284e+13
dp[22][1325]=-1.284e+13
dp[23][1325]=-1.284e+13
dp[24][1325]=-1.284e+13
dp[25][1325]=-1.284e+13
dp[26][1325]=-1.284e+13
dp[27][1325]=-1.284e+13
dp[28][1325]=-1.284e+13
dp[29][1325]=-1.284e+13
dp[30][1325]=-1.284e+13
dp[31][1325]=-1.284e+13
dp[32][1325]=-1.284e+13
dp[33][1325]=-1.248e+13
dp[34][1325]=-1.212e+13
dp[35][1325]=-1.176e+13
dp[36][1325]=-1.068e+13
Select best dp
Best k=10
dp[2][1325]=-9e+11
dp[3][1325]=-3.38e+12
dp[4][1325]=-5.82e+12
dp[5][1325]=-8.15e+12
dp[6][1325]=-9.88e+12
dp[7][1325]=-1.114e+13
dp[8][1325]=-1.193e+13
dp[9][1325]=-1.239e+13
dp[10][1325]=-1.284e+13
dp[11][1325]=-1.284e+13
dp[12][1325]=-1.284e+13
dp[13][1325]=-1.284e+13
dp[14][1325]=-1.284e+13
dp[15][1325]=-1.284e+13
dp[16][1325]=-1.284e+13
dp[17][1325]=-1.284e+13
dp[18][1325]=-1.284e+13
dp[19][1325]=-1.284e+13
dp[20][1325]=-1.284e+13
dp[21][1325]=-1.284e+13
dp[22][1325]=-1.284e+13
dp[23][1325]=-1.284e+13
dp[24][1325]=-1.284e+13
dp[25][1325]=-1.284e+13
dp[26][1325]=-1.284e+13
dp[27][1325]=-1.284e+13
dp[28][1325]=-1.284e+13
dp[29][1325]=-1.284e+13
dp[30][1325]=-1.284e+13
dp[31][1325]=-1.284e+13
dp[32][1325]=-1.284e+13
dp[33][1325]=-1.248e+13
dp[34][1325]=-1.212e+13
dp[35][1325]=-1.176e+13
dp[36][1325]=-1.068e+13
Select best dp
Best k=10
dp[2][1325]=-9e+11
dp[3][1325]=-3.38e+12
dp[4][1325]=-5.82e+12
dp[5][1325]=-8.15e+12
dp[6][1325]=-9.88e+12
dp[7][1325]=-1.114e+13
dp[8][1325]=-1.193e+13
dp[9][1325]=-1.239e+13
dp[10][1325]=-1.284e+13
dp[11][1325]=-1.284e+13
dp[12][1325]=-1.284e+13
dp[13][1325]=-1.284e+13
dp[14][1325]=-1.284e+13
dp[15][1325]=-1.284e+13
dp[16][1325]=-1.284e+13
dp[17][1325]=-1.284e+13
dp[18][1325]=-1.284e+13
dp[19][1325]=-1.284e+13
dp[20][1325]=-1.284e+13
dp[21][1325]=-1.284e+13
dp[22][1325]=-1.284e+13
dp[23][1325]=-1.284e+13
dp[24][1325]=-1.284e+13
dp[25][1325]=-1.284e+13
dp[26][1325]=-1.284e+13
dp[27][1325]=-1.284e+13
dp[28][1325]=-1.284e+13
dp[29][1325]=-1.284e+13
dp[30][1325]=-1.284e+13
dp[31][1325]=-1.284e+13
dp[32][1325]=-1.284e+13
dp[33][1325]=-1.284e+13
dp[34][1325]=-1.284e+13
dp[35][1325]=-1.284e+13
dp[36][1325]=-1.284e+13
Select best dp
Best k=10
dp[2][1325]=273.217
dp[3][1325]=409.826
dp[4][1325]=546.434
dp[5][1325]=683.043
dp[6][1325]=819.651
dp[7][1325]=956.26
dp[8][1325]=1092.87
dp[9][1325]=1229.48
dp[10][1325]=1366.09
dp[11][1325]=1502.69
dp[12][1325]=1639.3
dp[13][1325]=1775.91
dp[14][1325]=1912.52
dp[15][1325]=2049.13
dp[16][1325]=2185.74
dp[17][1325]=2322.34
dp[18][1325]=2458.95
dp[19][1325]=2595.56
dp[20][1325]=2732.17
dp[21][1325]=2868.78
dp[22][1325]=3005.39
dp[23][1325]=3142
dp[24][1325]=3278.6
dp[25][1325]=3415.21
dp[26][1325]=3551.82
dp[27][1325]=3688.43
dp[28][1325]=3825.04
dp[29][1325]=3961.65
dp[30][1325]=4098.26
dp[31][1325]=4234.86
dp[32][1325]=4371.47
dp[33][1325]=4508.08
dp[34][1325]=4644.69
dp[35][1325]=4781.3
dp[36][1325]=4917.91
Select best dp
Best k=2
dp[2][1325]=-9e+11
dp[3][1325]=-3.38e+12
dp[4][1325]=-5.82e+12
dp[5][1325]=-8.15e+12
dp[6][1325]=-9.88e+12
dp[7][1325]=-1.114e+13
dp[8][1325]=-1.193e+13
dp[9][1325]=-1.239e+13
dp[10][1325]=-1.284e+13
dp[11][1325]=-1.284e+13
dp[12][1325]=-1.284e+13
dp[13][1325]=-1.284e+13
dp[14][1325]=-1.284e+13
dp[15][1325]=-1.284e+13
dp[16][1325]=-1.284e+13
dp[17][1325]=-1.284e+13
dp[18][1325]=-1.284e+13
dp[19][1325]=-1.284e+13
dp[20][1325]=-1.284e+13
dp[21][1325]=-1.284e+13
dp[22][1325]=-1.284e+13
dp[23][1325]=-1.284e+13
dp[24][1325]=-1.284e+13
dp[25][1325]=-1.284e+13
dp[26][1325]=-1.284e+13
dp[27][1325]=-1.284e+13
dp[28][1325]=-1.284e+13
dp[29][1325]=-1.284e+13
dp[30][1325]=-1.284e+13
dp[31][1325]=-1.284e+13
dp[32][1325]=-1.284e+13
dp[33][1325]=-1.248e+13
dp[34][1325]=-1.212e+13
dp[35][1325]=-1.176e+13
dp[36][1325]=-1.068e+13
Select best dp
Best k=10
dp[2][1325]=-375.435
dp[3][1325]=-7.1e+11
dp[4][1325]=-1.32e+12
dp[5][1325]=-1.89e+12
dp[6][1325]=-2.41e+12
dp[7][1325]=-2.98e+12
dp[8][1325]=-3.51e+12
dp[9][1325]=-4.08e+12
dp[10][1325]=-4.47e+12
dp[11][1325]=-5e+12
dp[12][1325]=-5.46e+12
dp[13][1325]=-5.91e+12
dp[14][1325]=-6.48e+12
dp[15][1325]=-7e+12
dp[16][1325]=-7.46e+12
dp[17][1325]=-7.92e+12
dp[18][1325]=-8.38e+12
dp[19][1325]=-8.84e+12
dp[20][1325]=-9.23e+12
dp[21][1325]=-9.26e+12
dp[22][1325]=-9.65e+12
dp[23][1325]=-9.98e+12
dp[24][1325]=-1.002e+13
dp[25][1325]=-1.002e+13
dp[26][1325]=-1.002e+13
dp[27][1325]=-1.002e+13
dp[28][1325]=-9.98e+12
dp[29][1325]=-9.62e+12
dp[30][1325]=-9.26e+12
dp[31][1325]=-8.9e+12
dp[32][1325]=-8.54e+12
dp[33][1325]=-8.18e+12
dp[34][1325]=-7.7e+12
dp[35][1325]=-6.98e+12
dp[36][1325]=-5.32e+12
Select best dp
Best k=25
Stratifying 2-th numerical feature ...
dp[2][1325]=-9e+11
dp[3][1325]=-3.38e+12
dp[4][1325]=-5.82e+12
dp[5][1325]=-8.15e+12
dp[6][1325]=-9.88e+12
dp[7][1325]=-1.114e+13
dp[8][1325]=-1.193e+13
dp[9][1325]=-1.239e+13
dp[10][1325]=-1.284e+13
dp[11][1325]=-1.298e+13
dp[12][1325]=-1.308e+13
dp[13][1325]=-1.308e+13
dp[14][1325]=-1.308e+13
dp[15][1325]=-1.308e+13
dp[16][1325]=-1.308e+13
dp[17][1325]=-1.308e+13
dp[18][1325]=-1.308e+13
dp[19][1325]=-1.308e+13
dp[20][1325]=-1.308e+13
dp[21][1325]=-1.308e+13
dp[22][1325]=-1.308e+13
dp[23][1325]=-1.308e+13
dp[24][1325]=-1.308e+13
dp[25][1325]=-1.308e+13
dp[26][1325]=-1.308e+13
dp[27][1325]=-1.308e+13
dp[28][1325]=-1.308e+13
dp[29][1325]=-1.308e+13
dp[30][1325]=-1.308e+13
dp[31][1325]=-1.308e+13
dp[32][1325]=-1.308e+13
dp[33][1325]=-1.308e+13
dp[34][1325]=-1.308e+13
dp[35][1325]=-1.308e+13
dp[36][1325]=-1.308e+13
Select best dp
Best k=12
dp[2][1325]=-9e+11
dp[3][1325]=-3.38e+12
dp[4][1325]=-5.82e+12
dp[5][1325]=-8.15e+12
dp[6][1325]=-9.88e+12
dp[7][1325]=-1.114e+13
dp[8][1325]=-1.193e+13
dp[9][1325]=-1.239e+13
dp[10][1325]=-1.284e+13
dp[11][1325]=-1.298e+13
dp[12][1325]=-1.308e+13
dp[13][1325]=-1.319e+13
dp[14][1325]=-1.319e+13
dp[15][1325]=-1.319e+13
dp[16][1325]=-1.319e+13
dp[17][1325]=-1.319e+13
dp[18][1325]=-1.319e+13
dp[19][1325]=-1.319e+13
dp[20][1325]=-1.319e+13
dp[21][1325]=-1.319e+13
dp[22][1325]=-1.319e+13
dp[23][1325]=-1.319e+13
dp[24][1325]=-1.319e+13
dp[25][1325]=-1.319e+13
dp[26][1325]=-1.319e+13
dp[27][1325]=-1.319e+13
dp[28][1325]=-1.319e+13
dp[29][1325]=-1.319e+13
dp[30][1325]=-1.319e+13
dp[31][1325]=-1.319e+13
dp[32][1325]=-1.319e+13
dp[33][1325]=-1.319e+13
dp[34][1325]=-1.319e+13
dp[35][1325]=-1.319e+13
dp[36][1325]=-1.319e+13
Select best dp
Best k=13
dp[2][1325]=-9e+11
dp[3][1325]=-3.38e+12
dp[4][1325]=-5.82e+12
dp[5][1325]=-8.15e+12
dp[6][1325]=-9.88e+12
dp[7][1325]=-1.114e+13
dp[8][1325]=-1.193e+13
dp[9][1325]=-1.239e+13
dp[10][1325]=-1.284e+13
dp[11][1325]=-1.284e+13
dp[12][1325]=-1.284e+13
dp[13][1325]=-1.284e+13
dp[14][1325]=-1.284e+13
dp[15][1325]=-1.284e+13
dp[16][1325]=-1.284e+13
dp[17][1325]=-1.284e+13
dp[18][1325]=-1.284e+13
dp[19][1325]=-1.284e+13
dp[20][1325]=-1.284e+13
dp[21][1325]=-1.284e+13
dp[22][1325]=-1.284e+13
dp[23][1325]=-1.284e+13
dp[24][1325]=-1.284e+13
dp[25][1325]=-1.284e+13
dp[26][1325]=-1.284e+13
dp[27][1325]=-1.284e+13
dp[28][1325]=-1.284e+13
dp[29][1325]=-1.284e+13
dp[30][1325]=-1.284e+13
dp[31][1325]=-1.284e+13
dp[32][1325]=-1.284e+13
dp[33][1325]=-1.248e+13
dp[34][1325]=-1.212e+13
dp[35][1325]=-1.176e+13
dp[36][1325]=-1.068e+13
Select best dp
Best k=10
