Standardize ...
Stratifying 1-th numerical feature ...
Standardize ...
Stratifying 1-th numerical feature ...
Standardize ...
Stratifying 1-th numerical feature ...
Standardize ...
Stratifying 1-th numerical feature ...
Standardize ...
Stratifying 1-th numerical feature ...
Standardize ...
Stratifying 1-th numerical feature ...
Standardize ...
Stratifying 1-th numerical feature ...
Standardize ...
Stratifying 1-th numerical feature ...
Standardize ...
Stratifying 1-th numerical feature ...
Standardize ...
Stratifying 1-th numerical feature ...
Standardize ...
Stratifying 1-th numerical feature ...
Standardize ...
Stratifying 1-th numerical feature ...
Standardize ...
Stratifying 1-th numerical feature ...
Standardize ...
Stratifying 1-th numerical feature ...
dp[2][268]=-98.9252
dp[3][268]=-2.9e+11
dp[4][268]=-2.9e+11
dp[5][268]=-5.6e+11
dp[6][268]=-5.6e+11
dp[7][268]=-7.9e+11
dp[8][268]=-7.9e+11
dp[9][268]=-9.6e+11
dp[10][268]=-9.6e+11
dp[11][268]=-1.06e+12
dp[12][268]=-1.06e+12
dp[13][268]=-1.06e+12
dp[14][268]=-1.06e+12
dp[15][268]=-1.04e+12
dp[16][268]=-9.3e+11
Select best dp
Best k=11
Stratifying 2-th numerical feature ...
dp[2][268]=-98.9252
dp[3][268]=-2.9e+11
dp[4][268]=-2.9e+11
dp[5][268]=-5.6e+11
dp[6][268]=-5.6e+11
dp[7][268]=-5.6e+11
dp[8][268]=-5.6e+11
dp[9][268]=-5.6e+11
dp[10][268]=-5.6e+11
Select best dp
Best k=7
Stratifying 2-th numerical feature ...
dp[2][268]=-98.9252
dp[3][268]=-2.9e+11
dp[4][268]=-2.9e+11
dp[5][268]=-5.6e+11
dp[6][268]=-5.6e+11
dp[7][268]=-7.9e+11
dp[8][268]=-7.9e+11
dp[9][268]=-1.01e+12
dp[10][268]=-1.01e+12
dp[11][268]=-1.17e+12
dp[12][268]=-1.17e+12
dp[13][268]=-1.31e+12
dp[14][268]=-1.31e+12
dp[15][268]=-1.41e+12
dp[16][268]=-1.41e+12
Select best dp
Best k=15
Stratifying 2-th numerical feature ...
dp[2][268]=-98.9252
dp[3][268]=-2.9e+11
dp[4][268]=-2.9e+11
dp[5][268]=-5.6e+11
dp[6][268]=-5.6e+11
dp[7][268]=-7.9e+11
dp[8][268]=-7.9e+11
dp[9][268]=-9.6e+11
dp[10][268]=-9.6e+11
dp[11][268]=-1.06e+12
dp[12][268]=-1.06e+12
dp[13][268]=-1.06e+12
dp[14][268]=-1.06e+12
dp[15][268]=-1.04e+12
dp[16][268]=-9.3e+11
Select best dp
Best k=11
dp[2][268]=-98.9252
dp[3][268]=-2.9e+11
dp[4][268]=-2.9e+11
dp[5][268]=-5.6e+11
dp[6][268]=-5.6e+11
dp[7][268]=-7.9e+11
dp[8][268]=-7.9e+11
dp[9][268]=-9.6e+11
dp[10][268]=-9.6e+11
dp[11][268]=-1.06e+12
dp[12][268]=-1.06e+12
dp[13][268]=-1.06e+12
dp[14][268]=-1.06e+12
dp[15][268]=-1.04e+12
dp[16][268]=-9.3e+11
Select best dp
Best k=11
Stratifying 2-th numerical feature ...
Stratifying 2-th numerical feature ...
dp[2][268]=-492.401
dp[3][268]=-4.2e+11
dp[4][268]=-4.2e+11
dp[5][268]=-4.2e+11
dp[6][268]=-4.2e+11
dp[7][268]=-4.2e+11
dp[8][268]=-4.2e+11
dp[9][268]=-4.2e+11
dp[10][268]=-4.2e+11
Select best dp
Best k=6
Stratifying 3-th numerical feature ...
dp[2][268]=-98.9252
dp[3][268]=-2.9e+11
dp[4][268]=-2.9e+11
dp[5][268]=-5.6e+11
dp[6][268]=-5.6e+11
dp[7][268]=-7.9e+11
dp[8][268]=-7.9e+11
dp[9][268]=-9.6e+11
dp[10][268]=-9.6e+11
dp[11][268]=-1.06e+12
dp[12][268]=-1.06e+12
dp[13][268]=-1.06e+12
dp[14][268]=-1.06e+12
dp[15][268]=-1.04e+12
dp[16][268]=-9.3e+11
Select best dp
Best k=11
dp[2][268]=-98.9252
dp[3][268]=-2.9e+11
dp[4][268]=-2.9e+11
dp[5][268]=-5.6e+11
dp[6][268]=-5.6e+11
dp[7][268]=-7.9e+11
dp[8][268]=-7.9e+11
dp[9][268]=-9.6e+11
dp[10][268]=-9.6e+11
dp[11][268]=-1.06e+12
dp[12][268]=-1.06e+12
dp[13][268]=-1.06e+12
dp[14][268]=-1.06e+12
dp[15][268]=-1.04e+12
dp[16][268]=-9.3e+11
Select best dp
Best k=11
Stratifying 2-th numerical feature ...
Stratifying 2-th numerical feature ...
dp[2][268]=-492.401
dp[3][268]=-4.2e+11
dp[4][268]=-4.2e+11
dp[5][268]=-4.2e+11
dp[6][268]=-4.2e+11
dp[7][268]=-4.2e+11
dp[8][268]=-4.2e+11
dp[9][268]=-4.2e+11
dp[10][268]=-4.2e+11
dp[11][268]=-4.2e+11
dp[12][268]=-4.2e+11
dp[13][268]=-4.2e+11
dp[14][268]=-4.2e+11
dp[15][268]=-4.2e+11
dp[16][268]=-3.7e+11
Select best dp
Best k=6
Stratifying 3-th numerical feature ...
dp[2][268]=-98.9252
dp[3][268]=-2.9e+11
dp[4][268]=-2.9e+11
dp[5][268]=-5.6e+11
dp[6][268]=-5.6e+11
dp[7][268]=-7.9e+11
dp[8][268]=-7.9e+11
dp[9][268]=-1.01e+12
dp[10][268]=-1.01e+12
dp[11][268]=-1.17e+12
dp[12][268]=-1.17e+12
dp[13][268]=-1.31e+12
dp[14][268]=-1.31e+12
dp[15][268]=-1.41e+12
dp[16][268]=-1.41e+12
Select best dp
Best k=15
dp[2][268]=212.599
dp[3][268]=318.899
dp[4][268]=425.198
dp[5][268]=531.498
dp[6][268]=637.797
dp[7][268]=744.097
dp[8][268]=850.396
dp[9][268]=956.696
dp[10][268]=1063
dp[11][268]=1169.29
dp[12][268]=1275.59
dp[13][268]=1381.89
dp[14][268]=1488.19
dp[15][268]=1594.49
dp[16][268]=1700.79
Select best dp
Best k=2
Stratifying 2-th numerical feature ...
Stratifying 2-th numerical feature ...
dp[2][268]=56.8369
dp[3][268]=-1.45e+11
dp[4][268]=-1.45e+11
dp[5][268]=-2.8e+11
dp[6][268]=-2.8e+11
dp[7][268]=-3.95e+11
dp[8][268]=-3.95e+11
dp[9][268]=-4.8e+11
dp[10][268]=-4.8e+11
dp[11][268]=-5.3e+11
dp[12][268]=-5.3e+11
dp[13][268]=-5.3e+11
dp[14][268]=-5.3e+11
dp[15][268]=-5.2e+11
dp[16][268]=-4.65e+11
Select best dp
Best k=11
dp[2][268]=-98.9252
dp[3][268]=-2.9e+11
dp[4][268]=-2.9e+11
dp[5][268]=-5.6e+11
dp[6][268]=-5.6e+11
dp[7][268]=-7.9e+11
dp[8][268]=-7.9e+11
dp[9][268]=-9.6e+11
dp[10][268]=-9.6e+11
dp[11][268]=-1.06e+12
dp[12][268]=-1.06e+12
dp[13][268]=-1.06e+12
dp[14][268]=-1.06e+12
dp[15][268]=-1.04e+12
dp[16][268]=-9.3e+11
Select best dp
Best k=11
Stratifying 2-th numerical feature ...
dp[2][268]=-410.449
dp[3][268]=-5.8e+11
dp[4][268]=-5.8e+11
dp[5][268]=-1.12e+12
dp[6][268]=-1.12e+12
dp[7][268]=-1.58e+12
dp[8][268]=-1.58e+12
dp[9][268]=-1.92e+12
dp[10][268]=-1.92e+12
dp[11][268]=-2.12e+12
dp[12][268]=-2.12e+12
dp[13][268]=-2.12e+12
Stratifying 2-th numerical feature ...
dp[14][268]=-2.12e+12
dp[15][268]=-2.08e+12
dp[16][268]=-1.86e+12
Select best dp
Best k=13
Stratifying 2-th numerical feature ...
dp[2][268]=-492.401
dp[3][268]=-4.2e+11
dp[4][268]=-4.2e+11
dp[5][268]=-4.2e+11
dp[6][268]=-4.2e+11
dp[7][268]=-4.2e+11
dp[8][268]=-4.2e+11
dp[9][268]=-4.2e+11
dp[10][268]=-4.2e+11
dp[11][268]=-4.2e+11
dp[12][268]=-4.2e+11
dp[13][268]=-4.2e+11
dp[14][268]=-4.2e+11
dp[15][268]=-4.2e+11
dp[16][268]=-4.2e+11
Select best dp
Best k=6
Stratifying 3-th numerical feature ...
dp[2][268]=-78.4192
dp[3][268]=-4.3e+11
dp[4][268]=-7.9e+11
dp[5][268]=-1.12e+12
dp[6][268]=-1.42e+12
dp[7][268]=-1.72e+12
dp[8][268]=-1.72e+12
dp[9][268]=-1.72e+12
dp[10][268]=-1.48e+12
Select best dp
Best k=8
Stratifying 4-th numerical feature ...
dp[2][268]=-78.4192
dp[3][268]=-4.3e+11
dp[4][268]=-7.9e+11
dp[5][268]=-1.12e+12
dp[6][268]=-1.42e+12
dp[7][268]=-1.74e+12
dp[8][268]=-1.93e+12
dp[9][268]=-2.12e+12
dp[10][268]=-2.12e+12
dp[11][268]=-2.12e+12
dp[12][268]=-2.12e+12
dp[13][268]=-2.12e+12
dp[14][268]=-2.12e+12
dp[15][268]=-1.96e+12
dp[16][268]=-1.54e+12
Select best dp
Best k=9
Stratifying 4-th numerical feature ...
dp[2][268]=-492.401
dp[3][268]=-4.2e+11
dp[4][268]=-4.2e+11
dp[5][268]=-4.2e+11
dp[6][268]=-4.2e+11
dp[7][268]=-4.2e+11
dp[8][268]=-4.2e+11
dp[9][268]=-4.2e+11
dp[10][268]=-4.2e+11
dp[11][268]=-4.2e+11
dp[12][268]=-4.2e+11
dp[13][268]=-4.2e+11
dp[14][268]=-4.2e+11
dp[15][268]=-4.2e+11
dp[16][268]=-3.7e+11
Select best dp
Best k=6
Stratifying 3-th numerical feature ...
dp[2][268]=-139.901
dp[3][268]=-2.1e+11
dp[4][268]=-2.1e+11
dp[5][268]=-2.1e+11
dp[6][268]=-2.1e+11
dp[7][268]=-2.1e+11
dp[8][268]=-2.1e+11
dp[9][268]=-2.1e+11
dp[10][268]=-2.1e+11
dp[11][268]=-2.1e+11
dp[12][268]=-2.1e+11
dp[13][268]=-2.1e+11
dp[14][268]=-2.1e+11
dp[15][268]=-2.1e+11
dp[16][268]=-1.85e+11
Select best dp
Best k=4
Stratifying 3-th numerical feature ...
dp[2][268]=-6e+10
dp[3][268]=-2.9e+11
dp[4][268]=-3.5e+11
dp[5][268]=-5.6e+11
dp[6][268]=-6.2e+11
dp[7][268]=-7.9e+11
dp[8][268]=-8.5e+11
dp[9][268]=-1.01e+12
dp[10][268]=-1.08e+12
dp[11][268]=-1.17e+12
dp[12][268]=-1.24e+12
dp[13][268]=-1.31e+12
dp[14][268]=-1.38e+12
dp[15][268]=-1.44e+12
dp[16][268]=-1.47e+12
Select best dp
Best k=16
Stratifying 2-th numerical feature ...
dp[2][268]=-492.401
dp[3][268]=-4.2e+11
dp[4][268]=-4.2e+11
dp[5][268]=-4.2e+11
dp[6][268]=-4.2e+11
dp[7][268]=-4.2e+11
dp[8][268]=-4.2e+11
dp[9][268]=-4.2e+11
dp[10][268]=-4.2e+11
dp[11][268]=-4.2e+11
dp[12][268]=-4.2e+11
dp[13][268]=-4.2e+11
dp[14][268]=-4.2e+11
dp[15][268]=-4.2e+11
dp[16][268]=-4.2e+11
Select best dp
Best k=6
Stratifying 3-th numerical feature ...
dp[2][268]=-23.3362
dp[3][268]=-187.641
dp[4][268]=-265.349
dp[5][268]=-310.174
dp[6][268]=-320.662
dp[7][268]=-317.59
dp[8][268]=-301.9
dp[9][268]=-269.081
dp[10][268]=-203.196
Select best dp
Best k=6
Stratifying 5-th numerical feature ...
dp[2][268]=-58.4673
dp[3][268]=-2.9e+11
dp[4][268]=-2.9e+11
dp[5][268]=-5.6e+11
dp[6][268]=-5.6e+11
dp[7][268]=-7.9e+11
dp[8][268]=-7.9e+11
dp[9][268]=-9.6e+11
dp[10][268]=-9.6e+11
dp[11][268]=-1.06e+12
dp[12][268]=-1.06e+12
dp[13][268]=-1.06e+12
dp[14][268]=-1.06e+12
dp[15][268]=-1.04e+12
dp[16][268]=-9.3e+11
Select best dp
Best k=11
Stratifying 2-th numerical feature ...
dp[2][268]=-492.401
dp[3][268]=-4.2e+11
dp[4][268]=-4.2e+11
dp[5][268]=-4.2e+11
dp[6][268]=-4.2e+11
dp[7][268]=-4.2e+11
dp[8][268]=-4.2e+11
dp[9][268]=-4.2e+11
dp[10][268]=-4.2e+11
dp[11][268]=-4.2e+11
dp[12][268]=-4.2e+11
dp[13][268]=-4.2e+11
dp[14][268]=-4.2e+11
dp[15][268]=-4.2e+11
dp[16][268]=-3.7e+11
Select best dp
Best k=6
Stratifying 3-th numerical feature ...
dp[2][268]=-78.4192
dp[3][268]=-4.3e+11
dp[4][268]=-7.9e+11
dp[5][268]=-1.12e+12
dp[6][268]=-1.42e+12
dp[7][268]=-1.74e+12
dp[8][268]=-1.93e+12
dp[9][268]=-2.12e+12
dp[10][268]=-2.24e+12
dp[11][268]=-2.27e+12
dp[12][268]=-2.39e+12
dp[13][268]=-2.39e+12
dp[14][268]=-2.39e+12
dp[15][268]=-2.39e+12
dp[16][268]=-2.39e+12
Select best dp
Best k=12
Stratifying 4-th numerical feature ...
dp[2][268]=-492.401
dp[3][268]=-4.2e+11
dp[4][268]=-4.2e+11
dp[5][268]=-4.2e+11
dp[6][268]=-4.2e+11
dp[7][268]=-4.2e+11
dp[8][268]=-4.2e+11
dp[9][268]=-4.2e+11
dp[10][268]=-4.2e+11
dp[11][268]=-4.2e+11
dp[12][268]=-4.2e+11
dp[13][268]=-4.2e+11
dp[14][268]=-4.2e+11
dp[15][268]=-4.2e+11
dp[16][268]=-3.7e+11
Select best dp
Best k=6
Stratifying 3-th numerical feature ...
dp[2][268]=-492.401
dp[3][268]=-4.2e+11
dp[4][268]=-4.2e+11
dp[5][268]=-4.2e+11
dp[6][268]=-4.2e+11
dp[7][268]=-4.2e+11
dp[8][268]=-4.2e+11
dp[9][268]=-4.2e+11
dp[10][268]=-4.2e+11
dp[11][268]=-4.2e+11
dp[12][268]=-4.2e+11
dp[13][268]=-4.2e+11
dp[14][268]=-4.2e+11
dp[15][268]=-4.2e+11
dp[16][268]=-3.7e+11
Select best dp
Best k=6
Stratifying 3-th numerical feature ...
dp[2][268]=-78.4192
dp[3][268]=-4.3e+11
dp[4][268]=-7.9e+11
dp[5][268]=-1.12e+12
dp[6][268]=-1.42e+12
dp[7][268]=-1.74e+12
dp[8][268]=-1.93e+12
dp[9][268]=-2.12e+12
dp[10][268]=-2.12e+12
dp[11][268]=-2.12e+12
dp[12][268]=-2.12e+12
dp[13][268]=-2.12e+12
dp[14][268]=-2.12e+12
dp[15][268]=-1.96e+12
dp[16][268]=-1.54e+12
Select best dp
Best k=9
Stratifying 4-th numerical feature ...
dp[2][268]=-23.3362
dp[3][268]=-2e+11
dp[4][268]=-2e+11
dp[5][268]=-2e+11
dp[6][268]=-2e+11
dp[7][268]=-2e+11
dp[8][268]=-2e+11
dp[9][268]=-2e+11
dp[10][268]=-2e+11
dp[11][268]=-2e+11
dp[12][268]=-2e+11
dp[13][268]=-2e+11
dp[14][268]=-2e+11
dp[15][268]=-2e+11
dp[16][268]=-2e+11
Select best dp
Best k=7
Stratifying 5-th numerical feature ...
dp[2][268]=212.599
dp[3][268]=318.899
dp[4][268]=425.198
dp[5][268]=531.498
dp[6][268]=637.797
dp[7][268]=744.097
dp[8][268]=850.396
dp[9][268]=956.696
dp[10][268]=1063
dp[11][268]=1169.29
dp[12][268]=1275.59
dp[13][268]=1381.89
dp[14][268]=1488.19
dp[15][268]=1594.49
dp[16][268]=1700.79
Select best dp
Best k=2
Stratifying 3-th numerical feature ...
dp[2][268]=-1197.4
dp[3][268]=-8.4e+11
dp[4][268]=-8.4e+11
dp[5][268]=-8.4e+11
dp[6][268]=-8.4e+11
dp[7][268]=-8.4e+11
dp[8][268]=-8.4e+11
dp[9][268]=-8.4e+11
dp[10][268]=-8.4e+11
dp[11][268]=-8.4e+11
dp[12][268]=-8.4e+11
dp[13][268]=-8.4e+11
dp[14][268]=-8.4e+11
dp[15][268]=-8.4e+11
dp[16][268]=-7.4e+11
Select best dp
Best k=9
dp[2][268]=-492.401
dp[3][268]=-4.2e+11
dp[4][268]=-4.2e+11
dp[5][268]=-4.2e+11
dp[6][268]=-4.2e+11
dp[7][268]=-4.2e+11
dp[8][268]=-4.2e+11
dp[9][268]=-4.2e+11
dp[10][268]=-4.2e+11
dp[11][268]=-4.2e+11
dp[12][268]=-4.2e+11
dp[13][268]=-4.2e+11
dp[14][268]=-4.2e+11
dp[15][268]=-4.2e+11
dp[16][268]=-3.7e+11
Select best dp
Best k=6
Stratifying 3-th numerical feature ...
Stratifying 3-th numerical feature ...
dp[2][268]=-375.813
dp[3][268]=-4.2e+11
dp[4][268]=-7.3e+11
dp[5][268]=-1.03e+12
dp[6][268]=-1.03e+12
dp[7][268]=-1.03e+12
dp[8][268]=-1.03e+12
dp[9][268]=-1.03e+12
dp[10][268]=-1e+12
Select best dp
Best k=8
Stratifying 6-th numerical feature ...
dp[2][268]=67.0899
dp[3][268]=-2.15e+11
dp[4][268]=-3.95e+11
dp[5][268]=-5.6e+11
dp[6][268]=-7.1e+11
dp[7][268]=-8.7e+11
dp[8][268]=-9.65e+11
dp[9][268]=-1.06e+12
dp[10][268]=-1.06e+12
dp[11][268]=-1.06e+12
dp[12][268]=-1.06e+12
dp[13][268]=-1.06e+12
dp[14][268]=-1.06e+12
dp[15][268]=-9.8e+11
dp[16][268]=-7.7e+11
Select best dp
Best k=9
Stratifying 4-th numerical feature ...
dp[2][268]=-78.4192
dp[3][268]=-4.3e+11
dp[4][268]=-7.9e+11
dp[5][268]=-1.12e+12
dp[6][268]=-1.42e+12
dp[7][268]=-1.74e+12
dp[8][268]=-1.93e+12
dp[9][268]=-2.12e+12
dp[10][268]=-2.26e+12
dp[11][268]=-2.31e+12
dp[12][268]=-2.45e+12
dp[13][268]=-2.45e+12
dp[14][268]=-2.45e+12
dp[15][268]=-2.45e+12
dp[16][268]=-2.45e+12
Select best dp
Best k=12
Stratifying 4-th numerical feature ...
dp[2][268]=-23.3362
dp[3][268]=-2e+11
dp[4][268]=-2e+11
dp[5][268]=-2e+11
dp[6][268]=-2e+11
dp[7][268]=-2e+11
dp[8][268]=-2e+11
dp[9][268]=-2e+11
dp[10][268]=-2e+11
dp[11][268]=-2e+11
dp[12][268]=-2e+11
dp[13][268]=-2e+11
dp[14][268]=-2e+11
dp[15][268]=-2e+11
dp[16][268]=-2e+11
Select best dp
Best k=7
dp[2][268]=-375.813
dp[3][268]=-4.2e+11
dp[4][268]=-7.3e+11
dp[5][268]=-1.03e+12
dp[6][268]=-1.23e+12
dp[7][268]=-1.23e+12
dp[8][268]=-1.41e+12
dp[9][268]=-1.57e+12
dp[10][268]=-1.57e+12
dp[11][268]=-1.57e+12
dp[12][268]=-1.57e+12
dp[13][268]=-1.57e+12
dp[14][268]=-1.41e+12
dp[15][268]=-1.25e+12
dp[16][268]=-1.02e+12
Select best dp
Best k=10
Stratifying 5-th numerical feature ...
dp[2][268]=-17.9112
dp[3][268]=-3.5e+11
dp[4][268]=-7e+11
dp[5][268]=-7e+11
dp[6][268]=-1.02e+12
Stratifying 6-th numerical feature ...
dp[7][268]=-1.02e+12
dp[8][268]=-1.2e+12
dp[9][268]=-1.17e+12
dp[10][268]=-1.12e+12
Select best dp
Best k=8
Stratifying 7-th numerical feature ...
dp[2][268]=-23.3362
dp[3][268]=-2e+11
dp[4][268]=-2e+11
dp[5][268]=-2e+11
dp[6][268]=-2e+11
dp[7][268]=-2e+11
dp[8][268]=-2e+11
dp[9][268]=-2e+11
dp[10][268]=-2e+11
dp[11][268]=-2e+11
dp[12][268]=-2e+11
dp[13][268]=-2e+11
dp[14][268]=-2e+11
dp[15][268]=-2e+11
dp[16][268]=-2e+11
Select best dp
Best k=7
Stratifying 5-th numerical feature ...
dp[2][268]=94.6314
dp[3][268]=-1e+11
dp[4][268]=-1e+11
dp[5][268]=-1e+11
dp[6][268]=-1e+11
dp[7][268]=-1e+11
dp[8][268]=-1e+11
dp[9][268]=-1e+11
dp[10][268]=-1e+11
dp[11][268]=-1e+11
dp[12][268]=-1e+11
dp[13][268]=-1e+11
dp[14][268]=-1e+11
dp[15][268]=-1e+11
dp[16][268]=-1e+11
Select best dp
Best k=3
Stratifying 5-th numerical feature ...
dp[2][268]=-78.4192
dp[3][268]=-4.3e+11
dp[4][268]=-7.9e+11
dp[5][268]=-1.12e+12
dp[6][268]=-1.42e+12
dp[7][268]=-1.74e+12
dp[8][268]=-1.93e+12
dp[9][268]=-2.12e+12
dp[10][268]=-2.12e+12
dp[11][268]=-2.12e+12
dp[12][268]=-2.12e+12
dp[13][268]=-2.12e+12
dp[14][268]=-2.12e+12
dp[15][268]=-1.96e+12
dp[16][268]=-1.54e+12
Select best dp
Best k=9
Stratifying 4-th numerical feature ...
dp[2][268]=-200.73
dp[3][268]=-327.934
dp[4][268]=-374.419
dp[5][268]=-417.156
dp[6][268]=-418.281
dp[7][268]=-400.188
dp[8][268]=-377.649
dp[9][268]=-337.508
dp[10][268]=-253.664
Select best dp
Best k=6
dp[2][268]=-78.4192
dp[3][268]=-4.3e+11
dp[4][268]=-7.9e+11
dp[5][268]=-1.12e+12
dp[6][268]=-1.42e+12
dp[7][268]=-1.74e+12
dp[8][268]=-1.93e+12
dp[9][268]=-2.12e+12
dp[10][268]=-2.12e+12
dp[11][268]=-2.12e+12
dp[12][268]=-2.12e+12
dp[13][268]=-2.12e+12
dp[14][268]=-2.12e+12
dp[15][268]=-1.96e+12
dp[16][268]=-1.54e+12
Select best dp
Best k=9
Stratifying 4-th numerical feature ...
dp[2][268]=-78.4192
dp[3][268]=-4.3e+11
dp[4][268]=-7.9e+11
dp[5][268]=-1.12e+12
dp[6][268]=-1.42e+12
dp[7][268]=-1.74e+12
dp[8][268]=-1.93e+12
dp[9][268]=-2.12e+12
dp[10][268]=-2.12e+12
dp[11][268]=-2.12e+12
dp[12][268]=-2.12e+12
dp[13][268]=-2.12e+12
dp[14][268]=-2.12e+12
dp[15][268]=-1.96e+12
dp[16][268]=-1.54e+12
Select best dp
Best k=9
Stratifying 4-th numerical feature ...
dp[2][268]=-375.813
dp[3][268]=-4.2e+11
dp[4][268]=-7.3e+11
dp[5][268]=-1.03e+12
dp[6][268]=-1.23e+12
dp[7][268]=-1.23e+12
dp[8][268]=-1.41e+12
dp[9][268]=-1.57e+12
dp[10][268]=-1.57e+12
dp[11][268]=-1.57e+12
dp[12][268]=-1.57e+12
dp[13][268]=-1.57e+12
dp[14][268]=-1.41e+12
dp[15][268]=-1.25e+12
dp[16][268]=-1.02e+12
Select best dp
Best k=10
Stratifying 6-th numerical feature ...
dp[2][268]=-17.9112
dp[3][268]=-3.5e+11
dp[4][268]=-7e+11
dp[5][268]=-9.2e+11
dp[6][268]=-1.13e+12
dp[7][268]=-1.45e+12
dp[8][268]=-1.45e+12
dp[9][268]=-1.71e+12
dp[10][268]=-1.71e+12
dp[11][268]=-1.71e+12
dp[12][268]=-1.71e+12
dp[13][268]=-1.71e+12
dp[2][268]=212.599
dp[14][268]=-1.71e+12
dp[15][268]=-1.68e+12
dp[3][268]=318.899
dp[16][268]=-1.25e+12
Select best dp
dp[4][268]=425.198
Best k=9
dp[5][268]=531.498
dp[6][268]=637.797
dp[7][268]=744.097
dp[8][268]=850.396
dp[9][268]=956.696
dp[10][268]=1063
dp[11][268]=1169.29
dp[12][268]=1275.59
dp[13][268]=1381.89
dp[14][268]=1488.19
dp[15][268]=1594.49
dp[16][268]=1700.79
Select best dp
Best k=2
Stratifying 7-th numerical feature ...
Stratifying 4-th numerical feature ...
dp[2][268]=-369.437
dp[3][268]=-8.6e+11
dp[4][268]=-1.58e+12
dp[5][268]=-2.24e+12
dp[6][268]=-2.84e+12
dp[7][268]=-3.48e+12
dp[8][268]=-3.86e+12
dp[9][268]=-4.24e+12
dp[10][268]=-4.24e+12
dp[11][268]=-4.24e+12
dp[12][268]=-4.24e+12
dp[13][268]=-4.24e+12
dp[14][268]=-4.24e+12
dp[15][268]=-3.92e+12
dp[16][268]=-3.08e+12
Select best dp
Best k=9
Stratifying 4-th numerical feature ...
dp[2][268]=-23.3362
dp[3][268]=-2e+11
dp[4][268]=-2e+11
dp[5][268]=-2e+11
dp[6][268]=-2e+11
dp[7][268]=-2e+11
dp[8][268]=-2e+11
dp[9][268]=-2e+11
dp[10][268]=-2e+11
dp[11][268]=-2e+11
dp[12][268]=-2e+11
dp[13][268]=-2e+11
dp[14][268]=-2e+11
dp[15][268]=-2e+11
dp[16][268]=-2e+11
Select best dp
Best k=7
dp[2][268]=-78.4192
dp[3][268]=-4.3e+11
dp[4][268]=-7.9e+11
dp[5][268]=-1.12e+12
dp[6][268]=-1.42e+12
dp[7][268]=-1.74e+12
dp[8][268]=-1.93e+12
dp[9][268]=-2.12e+12
dp[10][268]=-2.12e+12
dp[11][268]=-2.12e+12
dp[12][268]=-2.12e+12
dp[13][268]=-2.12e+12
dp[14][268]=-2.12e+12
dp[15][268]=-1.96e+12
dp[16][268]=-1.54e+12
Select best dp
Best k=9
Stratifying 5-th numerical feature ...
Stratifying 4-th numerical feature ...
dp[2][268]=-81.6069
dp[3][268]=-2.1e+11
dp[4][268]=-3.65e+11
dp[5][268]=-5.15e+11
dp[6][268]=-6.15e+11
dp[7][268]=-6.15e+11
dp[8][268]=-7.05e+11
dp[9][268]=-7.85e+11
dp[10][268]=-7.85e+11
dp[11][268]=-7.85e+11
dp[12][268]=-7.85e+11
dp[13][268]=-7.85e+11
dp[14][268]=-7.05e+11
dp[15][268]=-6.25e+11
dp[16][268]=-5.1e+11
Select best dp
Best k=9
Stratifying 6-th numerical feature ...
dp[2][268]=-375.813
dp[3][268]=-4.2e+11
dp[4][268]=-7.3e+11
dp[5][268]=-1.03e+12
dp[6][268]=-1.23e+12
dp[7][268]=-1.35e+12
dp[8][268]=-1.55e+12
dp[9][268]=-1.73e+12
dp[10][268]=-1.73e+12
dp[11][268]=-1.78e+12
dp[12][268]=-1.78e+12
dp[13][268]=-1.78e+12
dp[14][268]=-1.78e+12
dp[15][268]=-1.78e+12
dp[16][268]=-1.78e+12
Select best dp
Best k=12
Stratifying 6-th numerical feature ...
dp[2][268]=-492.401
dp[3][268]=-4.2e+11
dp[4][268]=-4.2e+11
dp[5][268]=-4.2e+11
dp[6][268]=-4.2e+11
dp[7][268]=-4.2e+11
dp[8][268]=-4.2e+11
dp[9][268]=-4.2e+11
dp[10][268]=-4.2e+11
dp[11][268]=-4.2e+11
dp[12][268]=-4.2e+11
dp[13][268]=-4.2e+11
dp[14][268]=-4.2e+11
dp[15][268]=-4.2e+11
dp[16][268]=-4.2e+11
Select best dp
Best k=6
Stratifying 3-th numerical feature ...
dp[2][268]=-17.9112
dp[3][268]=-3.5e+11
dp[4][268]=-7e+11
dp[5][268]=-9.2e+11
dp[6][268]=-1.13e+12
dp[7][268]=-1.45e+12
dp[8][268]=-1.45e+12
dp[9][268]=-1.71e+12
dp[10][268]=-1.71e+12
dp[11][268]=-1.71e+12
dp[12][268]=-1.71e+12
dp[13][268]=-1.71e+12
dp[14][268]=-1.71e+12
dp[15][268]=-1.68e+12
dp[16][268]=-1.25e+12
Select best dp
Best k=9
Stratifying 7-th numerical feature ...
dp[2][268]=-200.73
dp[3][268]=-327.934
dp[4][268]=-374.419
dp[5][268]=-417.156
dp[6][268]=-418.281
dp[7][268]=-405.158
dp[8][268]=-382.618
dp[9][268]=-356.015
dp[10][268]=-311.311
dp[11][268]=-265.209
dp[12][268]=-202.296
dp[13][268]=-136.575
dp[14][268]=-62.9396
dp[15][268]=18.9302
dp[16][268]=103.392
Select best dp
Best k=6
dp[2][268]=-431.643
dp[3][268]=-4.2e+11
dp[4][268]=-4.2e+11
dp[5][268]=-4.2e+11
dp[6][268]=-4.2e+11
dp[7][268]=-4.2e+11
dp[8][268]=-4.2e+11
dp[9][268]=-4.2e+11
dp[10][268]=-4.2e+11
dp[11][268]=-4.2e+11
dp[12][268]=-4.2e+11
dp[13][268]=-4.2e+11
dp[14][268]=-4.2e+11
dp[15][268]=-4.2e+11
dp[16][268]=-3.7e+11
Select best dp
Best k=6
Stratifying 3-th numerical feature ...
dp[2][268]=97.3439
dp[3][268]=-1.75e+11
dp[4][268]=-3.5e+11
dp[5][268]=-4.6e+11
dp[6][268]=-5.65e+11
dp[7][268]=-7.25e+11
dp[8][268]=-7.25e+11
dp[9][268]=-8.55e+11
dp[10][268]=-8.55e+11
dp[11][268]=-8.55e+11
dp[12][268]=-8.55e+11
dp[13][268]=-8.55e+11
dp[14][268]=-8.55e+11
dp[15][268]=-8.4e+11
dp[16][268]=-6.25e+11
Select best dp
Best k=9
Stratifying 7-th numerical feature ...
dp[2][268]=-375.813
dp[3][268]=-4.2e+11
dp[4][268]=-7.3e+11
dp[5][268]=-1.03e+12
dp[6][268]=-1.23e+12
dp[7][268]=-1.35e+12
dp[8][268]=-1.55e+12
dp[9][268]=-1.73e+12
dp[10][268]=-1.81e+12
dp[11][268]=-1.82e+12
dp[12][268]=-1.9e+12
dp[13][268]=-1.91e+12
dp[14][268]=-1.99e+12
dp[15][268]=-1.99e+12
dp[16][268]=-1.99e+12
Select best dp
Best k=14
Stratifying 6-th numerical feature ...
dp[2][268]=-17.9112
dp[3][268]=-3.5e+11
dp[4][268]=-7e+11
dp[5][268]=-9.2e+11
dp[6][268]=-1.13e+12
dp[7][268]=-1.45e+12
dp[8][268]=-1.59e+12
dp[9][268]=-1.87e+12
dp[10][268]=-1.97e+12
dp[11][268]=-2.07e+12
dp[12][268]=-2.08e+12
dp[13][268]=-2.18e+12
dp[14][268]=-2.18e+12
dp[15][268]=-2.18e+12
dp[16][268]=-2.18e+12
Select best dp
Best k=13
Stratifying 7-th numerical feature ...
dp[2][268]=-23.3362
dp[3][268]=-2e+11
dp[4][268]=-2e+11
dp[5][268]=-2e+11
dp[6][268]=-2e+11
dp[7][268]=-2e+11
dp[8][268]=-2e+11
dp[9][268]=-2e+11
dp[10][268]=-2e+11
dp[11][268]=-2e+11
dp[12][268]=-2e+11
dp[13][268]=-2e+11
dp[14][268]=-2e+11
dp[15][268]=-2e+11
dp[16][268]=-2e+11
Select best dp
Best k=7
Stratifying 5-th numerical feature ...
dp[2][268]=-23.3362
dp[3][268]=-2e+11
dp[4][268]=-2e+11
dp[5][268]=-2e+11
dp[6][268]=-2e+11
dp[7][268]=-2e+11
dp[8][268]=-2e+11
dp[9][268]=-2e+11
dp[10][268]=-2e+11
dp[11][268]=-2e+11
dp[12][268]=-2e+11
dp[13][268]=-2e+11
dp[14][268]=-2e+11
dp[15][268]=-2e+11
dp[16][268]=-2e+11
Select best dp
Best k=7
Stratifying 5-th numerical feature ...
dp[2][268]=-23.3362
dp[3][268]=-2e+11
dp[4][268]=-2e+11
dp[5][268]=-2e+11
dp[6][268]=-2e+11
dp[7][268]=-2e+11
dp[8][268]=-2e+11
dp[9][268]=-2e+11
dp[10][268]=-2e+11
dp[11][268]=-2e+11
dp[12][268]=-2e+11
dp[13][268]=-2e+11
dp[14][268]=-2e+11
dp[15][268]=-2e+11
dp[16][268]=-2e+11
Select best dp
Best k=7
Stratifying 5-th numerical feature ...
dp[2][268]=-200.73
dp[3][268]=-327.934
dp[4][268]=-374.419
dp[5][268]=-417.156
dp[6][268]=-418.281
dp[7][268]=-405.158
dp[8][268]=-382.618
dp[9][268]=-356.015
dp[10][268]=-311.311
dp[11][268]=-265.209
dp[12][268]=-202.296
dp[13][268]=-136.575
dp[14][268]=-62.9396
dp[15][268]=18.9302
dp[16][268]=103.392
Select best dp
Best k=6
dp[2][268]=212.599
dp[3][268]=318.899
dp[4][268]=425.198
dp[5][268]=531.498
dp[6][268]=637.797
dp[7][268]=744.097
dp[8][268]=850.396
dp[9][268]=956.696
dp[10][268]=1063
dp[11][268]=1169.29
dp[12][268]=1275.59
dp[13][268]=1381.89
dp[14][268]=1488.19
dp[15][268]=1594.49
dp[16][268]=1700.79
Select best dp
Best k=2
Stratifying 5-th numerical feature ...
dp[2][268]=-259.271
dp[3][268]=-4e+11
dp[4][268]=-4e+11
dp[5][268]=-4e+11
dp[6][268]=-4e+11
dp[7][268]=-4e+11
dp[8][268]=-4e+11
dp[9][268]=-4e+11
dp[10][268]=-4e+11
dp[11][268]=-4e+11
dp[12][268]=-4e+11
dp[13][268]=-4e+11
dp[14][268]=-4e+11
dp[15][268]=-4e+11
dp[16][268]=-4e+11
Select best dp
Best k=11
Stratifying 5-th numerical feature ...
dp[2][268]=-23.3362
dp[3][268]=-2e+11
dp[4][268]=-2e+11
dp[5][268]=-2e+11
dp[6][268]=-2e+11
dp[7][268]=-2e+11
dp[8][268]=-2e+11
dp[9][268]=-2e+11
dp[10][268]=-2e+11
dp[11][268]=-2e+11
dp[12][268]=-2e+11
dp[13][268]=-2e+11
dp[14][268]=-2e+11
dp[15][268]=-2e+11
dp[16][268]=-2e+11
Select best dp
Best k=7
Stratifying 5-th numerical feature ...
dp[2][268]=5.93454
dp[3][268]=-4.51764
dp[4][268]=25.3897
dp[5][268]=57.171
dp[6][268]=109.758
dp[7][268]=169.469
dp[8][268]=233.889
dp[9][268]=300.34
dp[10][268]=375.842
dp[11][268]=452.043
dp[12][268]=536.649
dp[13][268]=622.659
dp[14][268]=712.627
dp[15][268]=806.711
dp[16][268]=902.092
Select best dp
Best k=3
dp[2][268]=-17.9112
dp[3][268]=-3.5e+11
dp[4][268]=-7e+11
dp[5][268]=-9.2e+11
dp[6][268]=-1.13e+12
dp[7][268]=-1.45e+12
dp[8][268]=-1.59e+12
dp[9][268]=-1.87e+12
dp[10][268]=-1.97e+12
dp[11][268]=-2.08e+12
dp[12][268]=-2.18e+12
dp[13][268]=-2.28e+12
dp[14][268]=-2.28e+12
dp[15][268]=-2.33e+12
dp[16][268]=-2.33e+12
Select best dp
Best k=15
Stratifying 7-th numerical feature ...
dp[2][268]=-200.73
dp[3][268]=-327.934
dp[4][268]=-374.419
dp[5][268]=-417.156
dp[6][268]=-418.281
dp[7][268]=-413.186
dp[8][268]=-390.646
dp[9][268]=-364.043
dp[10][268]=-323.572
dp[11][268]=-278.608
dp[12][268]=-225.627
dp[13][268]=-180.663
dp[14][268]=-120.349
dp[15][268]=-59.6687
dp[16][268]=5.62522
Select best dp
Best k=6
dp[2][268]=-48.1877
dp[3][268]=-4.3e+11
dp[4][268]=-7.9e+11
dp[5][268]=-1.12e+12
dp[6][268]=-1.42e+12
dp[7][268]=-1.74e+12
dp[8][268]=-1.93e+12
dp[9][268]=-2.12e+12
dp[10][268]=-2.12e+12
dp[11][268]=-2.12e+12
dp[12][268]=-2.12e+12
dp[13][268]=-2.12e+12
dp[14][268]=-2.12e+12
dp[15][268]=-1.96e+12
dp[16][268]=-1.54e+12
Select best dp
Best k=9
Stratifying 4-th numerical feature ...
dp[2][268]=-78.4192
dp[3][268]=-4.3e+11
dp[4][268]=-7.9e+11
dp[5][268]=-1.12e+12
dp[6][268]=-1.42e+12
dp[7][268]=-1.74e+12
dp[8][268]=-1.93e+12
dp[9][268]=-2.12e+12
dp[10][268]=-2.29e+12
dp[11][268]=-2.37e+12
dp[12][268]=-2.54e+12
dp[13][268]=-2.54e+12
dp[14][268]=-2.54e+12
dp[15][268]=-2.54e+12
dp[16][268]=-2.54e+12
Select best dp
Best k=12
dp[2][268]=-375.813
dp[3][268]=-4.2e+11
dp[4][268]=-7.3e+11
dp[5][268]=-1.03e+12
dp[6][268]=-1.23e+12
dp[7][268]=-1.23e+12
dp[8][268]=-1.41e+12
dp[9][268]=-1.57e+12
dp[10][268]=-1.57e+12
dp[11][268]=-1.57e+12
dp[12][268]=-1.57e+12
dp[13][268]=-1.57e+12
dp[14][268]=-1.41e+12
dp[15][268]=-1.25e+12
dp[16][268]=-1.02e+12
Select best dp
Best k=10
Stratifying 4-th numerical feature ...
Stratifying 6-th numerical feature ...
dp[2][268]=-375.813
dp[3][268]=-4.2e+11
dp[4][268]=-7.3e+11
dp[5][268]=-1.03e+12
dp[6][268]=-1.23e+12
dp[7][268]=-1.23e+12
dp[8][268]=-1.41e+12
dp[9][268]=-1.57e+12
dp[10][268]=-1.57e+12
dp[11][268]=-1.57e+12
dp[12][268]=-1.57e+12
dp[13][268]=-1.57e+12
dp[14][268]=-1.41e+12
dp[15][268]=-1.25e+12
dp[16][268]=-1.02e+12
Select best dp
Best k=10
Stratifying 6-th numerical feature ...
dp[2][268]=-375.813
dp[3][268]=-4.2e+11
dp[4][268]=-7.3e+11
dp[5][268]=-1.03e+12
dp[6][268]=-1.23e+12
dp[7][268]=-1.23e+12
dp[8][268]=-1.41e+12
dp[9][268]=-1.57e+12
dp[10][268]=-1.57e+12
dp[11][268]=-1.57e+12
dp[12][268]=-1.57e+12
dp[13][268]=-1.57e+12
dp[14][268]=-1.41e+12
dp[15][268]=-1.25e+12
dp[16][268]=-1.02e+12
Select best dp
Best k=10
Stratifying 6-th numerical feature ...
dp[2][268]=-375.813
dp[3][268]=-4.2e+11
dp[4][268]=-7.3e+11
dp[5][268]=-1.03e+12
dp[6][268]=-1.23e+12
dp[7][268]=-1.23e+12
dp[8][268]=-1.41e+12
dp[9][268]=-1.57e+12
dp[10][268]=-1.57e+12
dp[11][268]=-1.57e+12
dp[12][268]=-1.57e+12
dp[13][268]=-1.57e+12
dp[14][268]=-1.41e+12
dp[15][268]=-1.25e+12
dp[16][268]=-1.02e+12
Select best dp
Best k=10
Stratifying 6-th numerical feature ...
dp[2][268]=212.599
dp[3][268]=318.899
dp[4][268]=425.198
dp[5][268]=531.498
dp[6][268]=637.797
dp[7][268]=744.097
dp[8][268]=850.396
dp[9][268]=956.696
dp[10][268]=1063
dp[11][268]=1169.29
dp[12][268]=1275.59
dp[13][268]=1381.89
dp[14][268]=1488.19
dp[15][268]=1594.49
dp[16][268]=1700.79
Select best dp
Best k=2
Stratifying 6-th numerical feature ...
dp[2][268]=-964.225
dp[3][268]=-8.4e+11
dp[4][268]=-1.46e+12
dp[5][268]=-2.06e+12
dp[6][268]=-2.46e+12
dp[7][268]=-2.46e+12
dp[8][268]=-2.82e+12
dp[9][268]=-3.14e+12
dp[10][268]=-3.14e+12
dp[11][268]=-3.14e+12
dp[12][268]=-3.14e+12
dp[13][268]=-3.14e+12
dp[14][268]=-2.82e+12
dp[15][268]=-2.5e+12
dp[16][268]=-2.04e+12
Select best dp
Best k=11
Stratifying 6-th numerical feature ...
dp[2][268]=-200.73
dp[3][268]=-327.934
dp[4][268]=-374.419
dp[5][268]=-417.156
dp[6][268]=-418.281
dp[7][268]=-413.186
dp[8][268]=-390.646
dp[9][268]=-364.043
dp[10][268]=-323.572
dp[11][268]=-278.608
dp[12][268]=-225.627
dp[13][268]=-180.663
dp[14][268]=-121.92
dp[15][268]=-62.6824
dp[16][268]=-3.93918
Select best dp
Best k=6
dp[2][268]=-17.9112
dp[3][268]=-3.5e+11
dp[4][268]=-7e+11
dp[5][268]=-9.2e+11
dp[6][268]=-1.13e+12
dp[7][268]=-1.45e+12
dp[8][268]=-1.45e+12
dp[9][268]=-1.71e+12
dp[10][268]=-1.71e+12
dp[11][268]=-1.71e+12
dp[12][268]=-1.71e+12
dp[13][268]=-1.71e+12
dp[14][268]=-1.71e+12
dp[15][268]=-1.68e+12
dp[16][268]=-1.25e+12
Select best dp
Best k=9
Stratifying 7-th numerical feature ...
dp[2][268]=-17.9112
dp[3][268]=-3.5e+11
dp[4][268]=-7e+11
dp[5][268]=-9.2e+11
dp[6][268]=-1.13e+12
dp[7][268]=-1.45e+12
dp[8][268]=-1.45e+12
dp[9][268]=-1.71e+12
dp[10][268]=-1.71e+12
dp[11][268]=-1.71e+12
dp[12][268]=-1.71e+12
dp[13][268]=-1.71e+12
dp[14][268]=-1.71e+12
dp[15][268]=-1.68e+12
dp[16][268]=-1.25e+12
Select best dp
Best k=9
Stratifying 7-th numerical feature ...
dp[2][268]=-23.3362
dp[3][268]=-2e+11
dp[4][268]=-2e+11
dp[5][268]=-2e+11
dp[6][268]=-2e+11
dp[7][268]=-2e+11
dp[8][268]=-2e+11
dp[9][268]=-2e+11
dp[10][268]=-2e+11
dp[11][268]=-2e+11
dp[12][268]=-2e+11
dp[13][268]=-2e+11
dp[14][268]=-2e+11
dp[15][268]=-2e+11
dp[16][268]=-2e+11
Select best dp
Best k=7
Stratifying 5-th numerical feature ...
dp[2][268]=-17.9112
dp[3][268]=-3.5e+11
dp[4][268]=-7e+11
dp[5][268]=-9.2e+11
dp[6][268]=-1.13e+12
dp[7][268]=-1.45e+12
dp[8][268]=-1.45e+12
dp[9][268]=-1.71e+12
dp[10][268]=-1.71e+12
dp[11][268]=-1.71e+12
dp[12][268]=-1.71e+12
dp[13][268]=-1.71e+12
dp[14][268]=-1.71e+12
dp[15][268]=-1.68e+12
dp[16][268]=-1.25e+12
Select best dp
Best k=9
Stratifying 7-th numerical feature ...
dp[2][268]=-200.73
dp[3][268]=-327.934
dp[4][268]=-374.419
dp[5][268]=-417.156
dp[6][268]=-418.281
dp[7][268]=-405.158
dp[8][268]=-382.618
dp[9][268]=-356.015
dp[10][268]=-311.311
dp[11][268]=-265.209
dp[12][268]=-202.296
dp[13][268]=-136.575
dp[14][268]=-62.9396
dp[15][268]=18.9302
dp[16][268]=103.392
Select best dp
Best k=6
dp[2][268]=17.6993
dp[3][268]=-2e+11
dp[4][268]=-2e+11
dp[5][268]=-2e+11
dp[6][268]=-2e+11
dp[7][268]=-2e+11
dp[8][268]=-2e+11
dp[9][268]=-2e+11
dp[10][268]=-2e+11
dp[11][268]=-2e+11
dp[12][268]=-2e+11
dp[13][268]=-2e+11
dp[14][268]=-2e+11
dp[15][268]=-2e+11
dp[16][268]=-2e+11
Select best dp
Best k=7
Stratifying 5-th numerical feature ...
dp[2][268]=-200.73
dp[3][268]=-327.934
dp[4][268]=-374.419
dp[5][268]=-417.156
dp[6][268]=-418.281
dp[7][268]=-405.158
dp[8][268]=-382.618
dp[9][268]=-356.015
dp[10][268]=-311.311
dp[11][268]=-265.209
dp[12][268]=-202.296
dp[13][268]=-136.575
dp[14][268]=-62.9396
dp[15][268]=18.9302
dp[16][268]=103.392
Select best dp
Best k=6
dp[2][268]=-17.9112
dp[3][268]=-3.5e+11
dp[4][268]=-7e+11
dp[5][268]=-9.2e+11
dp[6][268]=-1.13e+12
dp[7][268]=-1.45e+12
dp[8][268]=-1.45e+12
dp[9][268]=-1.71e+12
dp[10][268]=-1.71e+12
dp[11][268]=-1.71e+12
dp[12][268]=-1.71e+12
dp[13][268]=-1.71e+12
dp[14][268]=-1.71e+12
dp[15][268]=-1.68e+12
dp[16][268]=-1.25e+12
Select best dp
Best k=9
Stratifying 7-th numerical feature ...
dp[2][268]=212.599
dp[3][268]=318.899
dp[4][268]=425.198
dp[5][268]=531.498
dp[6][268]=637.797
dp[7][268]=744.097
dp[8][268]=850.396
dp[9][268]=956.696
dp[10][268]=1063
dp[11][268]=1169.29
dp[12][268]=1275.59
dp[13][268]=1381.89
dp[14][268]=1488.19
dp[15][268]=1594.49
dp[16][268]=1700.79
Select best dp
Best k=2
Stratifying 7-th numerical feature ...
dp[2][268]=-248.421
dp[3][268]=-7e+11
dp[4][268]=-1.4e+12
dp[5][268]=-1.84e+12
dp[6][268]=-2.26e+12
dp[7][268]=-2.9e+12
dp[8][268]=-2.9e+12
dp[9][268]=-3.42e+12
dp[10][268]=-3.42e+12
dp[11][268]=-3.42e+12
dp[12][268]=-3.42e+12
dp[13][268]=-3.42e+12
dp[14][268]=-3.42e+12
dp[15][268]=-3.36e+12
dp[16][268]=-2.5e+12
Select best dp
Best k=11
Stratifying 7-th numerical feature ...
dp[2][268]=-200.73
dp[3][268]=-327.934
dp[4][268]=-374.419
dp[5][268]=-417.156
dp[6][268]=-418.281
dp[7][268]=-405.158
dp[8][268]=-382.618
dp[9][268]=-356.015
dp[10][268]=-311.311
dp[11][268]=-265.209
dp[12][268]=-202.296
dp[13][268]=-136.575
dp[14][268]=-62.9396
dp[15][268]=18.9302
dp[16][268]=103.392
Select best dp
Best k=6
dp[2][268]=-375.813
dp[3][268]=-4.2e+11
dp[4][268]=-7.3e+11
dp[5][268]=-1.03e+12
dp[6][268]=-1.23e+12
dp[7][268]=-1.35e+12
dp[8][268]=-1.55e+12
dp[9][268]=-1.73e+12
dp[10][268]=-1.81e+12
dp[11][268]=-1.88e+12
dp[12][268]=-1.96e+12
dp[13][268]=-2.01e+12
dp[14][268]=-2.07e+12
dp[15][268]=-2.16e+12
dp[16][268]=-2.16e+12
Select best dp
Best k=15
Stratifying 6-th numerical feature ...
dp[2][268]=-200.73
dp[3][268]=-327.934
dp[4][268]=-374.419
dp[5][268]=-417.156
dp[6][268]=-418.281
dp[7][268]=-405.158
dp[8][268]=-382.618
dp[9][268]=-356.015
dp[10][268]=-311.311
dp[11][268]=-265.209
dp[12][268]=-202.296
dp[13][268]=-136.575
dp[14][268]=-62.9396
dp[15][268]=18.9302
dp[16][268]=103.392
Select best dp
Best k=6
dp[2][268]=212.599
dp[3][268]=318.899
dp[4][268]=425.198
dp[5][268]=531.498
dp[6][268]=637.797
dp[7][268]=744.097
dp[8][268]=850.396
dp[9][268]=956.696
dp[10][268]=1063
dp[11][268]=1169.29
dp[12][268]=1275.59
dp[13][268]=1381.89
dp[14][268]=1488.19
dp[15][268]=1594.49
dp[16][268]=1700.79
Select best dp
Best k=2
dp[2][268]=-333.103
dp[3][268]=-4.2e+11
dp[4][268]=-7.3e+11
dp[5][268]=-1.03e+12
dp[6][268]=-1.23e+12
dp[7][268]=-1.23e+12
dp[8][268]=-1.41e+12
dp[9][268]=-1.57e+12
dp[10][268]=-1.57e+12
dp[11][268]=-1.57e+12
dp[12][268]=-1.57e+12
dp[13][268]=-1.57e+12
dp[14][268]=-1.41e+12
dp[15][268]=-1.25e+12
dp[16][268]=-1.02e+12
Select best dp
Best k=10
Stratifying 6-th numerical feature ...
dp[2][268]=-614.059
dp[3][268]=-974.766
dp[4][268]=-1174.04
dp[5][268]=-1365.81
dp[6][268]=-1474.36
dp[7][268]=-1554.41
dp[8][268]=-1615.63
dp[9][268]=-1668.73
dp[10][268]=-1685.62
dp[11][268]=-1699.71
dp[12][268]=-1680.19
dp[13][268]=-1655.04
dp[14][268]=-1614.07
dp[15][268]=-1556.63
dp[16][268]=-1494.01
Select best dp
Best k=11
dp[2][268]=-17.9112
dp[3][268]=-3.5e+11
dp[4][268]=-7e+11
dp[5][268]=-9.2e+11
dp[6][268]=-1.13e+12
dp[7][268]=-1.45e+12
dp[8][268]=-1.59e+12
dp[9][268]=-1.87e+12
dp[10][268]=-1.97e+12
dp[11][268]=-2.08e+12
dp[12][268]=-2.18e+12
dp[13][268]=-2.28e+12
dp[14][268]=-2.33e+12
dp[15][268]=-2.41e+12
dp[16][268]=-2.41e+12
Select best dp
Best k=15
Stratifying 7-th numerical feature ...
dp[2][268]=-200.73
dp[3][268]=-6e+10
dp[4][268]=-1.1e+11
dp[5][268]=-1.2e+11
dp[6][268]=-1.7e+11
dp[7][268]=-2.1e+11
dp[8][268]=-2.3e+11
dp[9][268]=-2.7e+11
dp[10][268]=-2.8e+11
dp[11][268]=-3.2e+11
dp[12][268]=-3.3e+11
dp[13][268]=-3.7e+11
dp[14][268]=-3.8e+11
dp[15][268]=-4.2e+11
dp[16][268]=-4.3e+11
Select best dp
Best k=16
dp[2][268]=13.3757
dp[3][268]=-3.5e+11
dp[4][268]=-7e+11
dp[5][268]=-9.2e+11
dp[6][268]=-1.13e+12
dp[7][268]=-1.45e+12
dp[8][268]=-1.45e+12
dp[9][268]=-1.71e+12
dp[10][268]=-1.71e+12
dp[11][268]=-1.71e+12
dp[12][268]=-1.71e+12
dp[13][268]=-1.71e+12
dp[14][268]=-1.71e+12
dp[15][268]=-1.68e+12
dp[16][268]=-1.25e+12
Select best dp
Best k=9
Stratifying 7-th numerical feature ...
dp[2][268]=-148.383
dp[3][268]=-287.072
dp[4][268]=-339.793
dp[5][268]=-386.701
dp[6][268]=-394.3
dp[7][268]=-383.794
dp[8][268]=-364.185
dp[9][268]=-343.905
dp[10][268]=-307.01
dp[11][268]=-265.414
dp[12][268]=-205.559
dp[13][268]=-142.698
dp[14][268]=-75.5207
dp[15][268]=-0.666606
dp[16][268]=75.2451
Select best dp
Best k=6
