Standardize ...
Stratifying 1-th numerical feature ...
Standardize ...
Stratifying 1-th numerical feature ...
Standardize ...
Stratifying 1-th numerical feature ...
Standardize ...
Stratifying 1-th numerical feature ...
Standardize ...
Stratifying 1-th numerical feature ...
Standardize ...
Stratifying 1-th numerical feature ...
Standardize ...
Stratifying 1-th numerical feature ...
Standardize ...
Stratifying 1-th numerical feature ...
Standardize ...
Stratifying 1-th numerical feature ...
Standardize ...
Stratifying 1-th numerical feature ...
Standardize ...
Stratifying 1-th numerical feature ...
Standardize ...
Stratifying 1-th numerical feature ...
Standardize ...
Stratifying 1-th numerical feature ...
Standardize ...
Stratifying 1-th numerical feature ...
dp[2][395]=-479.711
dp[3][395]=-798.318
dp[4][395]=-955.204
dp[5][395]=-1064.68
dp[6][395]=-1174.09
dp[7][395]=-1234.96
dp[8][395]=-1266.26
dp[9][395]=-1288.83
dp[10][395]=-1304.25
dp[11][395]=-1301.43
dp[12][395]=-1297.67
dp[13][395]=-1276.56
Select best dp
Best k=10
Stratifying 2-th numerical feature ...
dp[2][395]=-162.097
dp[3][395]=-282.522
dp[4][395]=-322.085
dp[5][395]=-337.945
dp[6][395]=-353.771
dp[7][395]=-345.324
dp[8][395]=-323.315
dp[9][395]=-295.722
dp[10][395]=-264.553
dp[11][395]=-226.992
dp[12][395]=-188.968
dp[13][395]=-143.076
dp[14][395]=-97.0266
dp[15][395]=-47.3786
dp[16][395]=3.73128
dp[17][395]=55.4557
dp[18][395]=117.615
dp[19][395]=182.518
Select best dp
Best k=6
dp[2][395]=-479.711
dp[3][395]=-798.318
dp[4][395]=-955.204
dp[5][395]=-1064.68
dp[6][395]=-1174.09
dp[7][395]=-1234.96
dp[8][395]=-1268.7
dp[9][395]=-1291.27
dp[10][395]=-1306.69
dp[11][395]=-1309.33
dp[12][395]=-1311.04
dp[13][395]=-1297.01
dp[14][395]=-1282.67
dp[15][395]=-1261.13
dp[16][395]=-1236.67
dp[17][395]=-1210.98
dp[18][395]=-1164.42
dp[19][395]=-1112.37
Select best dp
Best k=12
Stratifying 2-th numerical feature ...
Stratifying 2-th numerical feature ...
dp[2][395]=-479.711
dp[3][395]=-798.318
dp[4][395]=-955.204
dp[5][395]=-1064.68
dp[6][395]=-1174.09
dp[7][395]=-1234.96
dp[8][395]=-1268.7
dp[9][395]=-1291.27
dp[10][395]=-1306.69
dp[11][395]=-1309.33
dp[12][395]=-1311.04
dp[13][395]=-1297.01
dp[14][395]=-1282.67
dp[15][395]=-1261.13
dp[16][395]=-1236.67
dp[17][395]=-1210.98
dp[18][395]=-1164.42
dp[19][395]=-1112.37
Select best dp
Best k=12
Stratifying 2-th numerical feature ...
dp[2][395]=-479.711
dp[3][395]=-798.318
dp[4][395]=-955.204
dp[5][395]=-1064.68
dp[6][395]=-1174.09
dp[7][395]=-1234.96
dp[8][395]=-1268.7
dp[9][395]=-1291.27
dp[10][395]=-1306.69
dp[11][395]=-1309.33
dp[12][395]=-1311.04
dp[13][395]=-1297.01
dp[14][395]=-1282.67
dp[15][395]=-1261.13
dp[16][395]=-1236.67
dp[17][395]=-1210.98
dp[18][395]=-1164.42
dp[19][395]=-1112.37
Select best dp
Best k=12
Stratifying 2-th numerical feature ...
dp[2][395]=-556.275
dp[3][395]=-910.251
dp[4][395]=-1084.66
dp[5][395]=-1212.9
dp[6][395]=-1330.73
dp[7][395]=-1411.66
dp[8][395]=-1461.4
dp[9][395]=-1504.09
dp[10][395]=-1536.88
dp[11][395]=-1558.23
dp[12][395]=-1562.02
dp[13][395]=-1556.34
dp[14][395]=-1547.27
dp[15][395]=-1529.23
dp[16][395]=-1510.71
dp[17][395]=-1490.02
dp[18][395]=-1443.61
dp[19][395]=-1394.21
Select best dp
Best k=12
Stratifying 2-th numerical feature ...
dp[2][395]=-642.529
dp[3][395]=-986.955
dp[4][395]=-1173.86
dp[5][395]=-1295.43
dp[6][395]=-1382.45
dp[7][395]=-1429.86
dp[8][395]=-1475.06
dp[9][395]=-1496.17
dp[10][395]=-1513.23
dp[11][395]=-1527.04
dp[12][395]=-1515.9
dp[13][395]=-1482.86
Select best dp
Best k=11
Stratifying 3-th numerical feature ...
dp[2][395]=-243.506
dp[3][395]=-376.84
dp[4][395]=-431.414
dp[5][395]=-453.317
dp[6][395]=-457.952
dp[7][395]=-442.776
dp[8][395]=-426.495
dp[9][395]=-398.174
dp[10][395]=-367.821
dp[11][395]=-335.849
dp[12][395]=-296.469
dp[13][395]=-252.888
dp[14][395]=-208.358
dp[15][395]=-159.912
dp[16][395]=-107.178
dp[17][395]=-52.8307
dp[18][395]=5.98979
dp[19][395]=72.466
Select best dp
Best k=6
dp[2][395]=-642.529
dp[3][395]=-986.955
dp[4][395]=-1173.86
dp[5][395]=-1295.43
Stratifying 3-th numerical feature ...
dp[6][395]=-1382.45
dp[7][395]=-1429.86
dp[8][395]=-1475.06
dp[9][395]=-1496.17
dp[10][395]=-1513.23
dp[11][395]=-1527.04
dp[12][395]=-1526.04
dp[13][395]=-1516.64
dp[14][395]=-1505.33
dp[15][395]=-1486.2
dp[16][395]=-1458.49
dp[17][395]=-1427.55
dp[18][395]=-1387.67
dp[19][395]=-1332.48
Select best dp
Best k=11
Stratifying 3-th numerical feature ...
dp[2][395]=-642.529
dp[3][395]=-986.955
dp[4][395]=-1173.86
dp[5][395]=-1295.43
dp[6][395]=-1382.45
dp[7][395]=-1429.86
dp[8][395]=-1475.06
dp[9][395]=-1496.17
dp[10][395]=-1513.23
dp[11][395]=-1527.04
dp[12][395]=-1526.04
dp[13][395]=-1516.64
dp[14][395]=-1505.33
dp[15][395]=-1486.2
dp[16][395]=-1458.49
dp[17][395]=-1427.55
dp[18][395]=-1387.67
dp[19][395]=-1332.48
Select best dp
Best k=11
Stratifying 3-th numerical feature ...
dp[2][395]=-642.529
dp[3][395]=-986.955
dp[4][395]=-1173.86
dp[5][395]=-1295.43
dp[6][395]=-1382.45
dp[7][395]=-1429.86
dp[8][395]=-1475.06
dp[9][395]=-1496.17
dp[10][395]=-1513.23
dp[11][395]=-1527.04
dp[12][395]=-1526.04
dp[13][395]=-1516.64
dp[14][395]=-1505.33
dp[15][395]=-1486.2
dp[16][395]=-1458.49
dp[17][395]=-1427.55
dp[18][395]=-1387.67
dp[19][395]=-1332.48
Select best dp
Best k=11
Stratifying 3-th numerical feature ...
dp[2][395]=155.517
dp[3][395]=233.275
dp[4][395]=311.034
dp[5][395]=388.792
dp[6][395]=466.55
dp[7][395]=544.309
dp[8][395]=622.067
dp[9][395]=699.825
dp[10][395]=777.584
dp[11][395]=855.342
dp[12][395]=933.101
dp[13][395]=1010.86
dp[14][395]=1088.62
dp[15][395]=1166.38
dp[16][395]=1244.13
dp[17][395]=1321.89
dp[18][395]=1399.65
dp[19][395]=1477.41
Select best dp
Best k=2
Stratifying 2-th numerical feature ...
dp[2][395]=-479.711
dp[3][395]=-798.318
dp[4][395]=-955.204
dp[5][395]=-1064.68
dp[6][395]=-1174.09
dp[7][395]=-1234.96
dp[8][395]=-1268.7
dp[9][395]=-1291.27
dp[10][395]=-1306.69
dp[11][395]=-1309.33
dp[12][395]=-1311.04
dp[13][395]=-1297.01
dp[14][395]=-1282.67
dp[15][395]=-1261.13
dp[16][395]=-1236.67
dp[17][395]=-1210.98
dp[18][395]=-1164.42
dp[19][395]=-1112.37
Select best dp
Best k=12
dp[2][395]=-1114.94
dp[2][395]=-479.711
dp[3][395]=-1829.91
dp[3][395]=-798.318
dp[4][395]=-2221.44
dp[4][395]=-955.204
dp[5][395]=-2518.16
dp[5][395]=-1064.68
dp[6][395]=-2814.73
dp[6][395]=-1174.09
dp[7][395]=-3014.22
dp[7][395]=-1234.96
dp[8][395]=-3159.46
dp[8][395]=-1268.7
dp[9][395]=-3282.37
dp[9][395]=-1291.27
dp[10][395]=-3390.96
dp[10][395]=-1306.69
dp[11][395]=-3473.99
dp[11][395]=-1309.33
dp[12][395]=-3555.17
dp[12][395]=-1311.04
dp[13][395]=-3604.88
dp[13][395]=-1297.01
dp[14][395]=-3653.96
dp[14][395]=-1282.67
dp[15][395]=-3688.64
dp[15][395]=-1261.13
dp[16][395]=-3717.48
dp[16][395]=-1236.67
dp[17][395]=-3743.85
dp[17][395]=-1210.98
dp[18][395]=-3728.49
dp[18][395]=-1164.42
dp[19][395]=-3702.16
dp[19][395]=-1112.37
Select best dp
Select best dp
Best k=17
Best k=12
Stratifying 2-th numerical feature ...
Stratifying 2-th numerical feature ...
Stratifying 2-th numerical feature ...
dp[2][395]=-479.711
dp[3][395]=-798.318
dp[4][395]=-955.204
dp[5][395]=-1064.68
dp[6][395]=-1174.09
dp[7][395]=-1234.96
dp[8][395]=-1268.7
dp[9][395]=-1291.27
dp[10][395]=-1306.69
dp[11][395]=-1309.33
dp[12][395]=-1311.04
dp[13][395]=-1297.01
dp[14][395]=-1282.67
dp[15][395]=-1261.13
dp[16][395]=-1236.67
dp[17][395]=-1210.98
dp[18][395]=-1164.42
dp[19][395]=-1112.37
Select best dp
Best k=12
Stratifying 2-th numerical feature ...
dp[2][395]=-1471.05
dp[3][395]=-1894.01
dp[4][395]=-2121.53
dp[5][395]=-2259.6
dp[6][395]=-2386.31
dp[7][395]=-2468.42
dp[8][395]=-2555.45
dp[9][395]=-2600.05
dp[10][395]=-2631.38
dp[11][395]=-2642.47
dp[12][395]=-2617.94
dp[13][395]=-2563.69
Select best dp
Best k=11
Stratifying 4-th numerical feature ...
dp[2][395]=-823.726
dp[3][395]=-1286.23
dp[4][395]=-1506.54
dp[5][395]=-1648.24
dp[6][395]=-1760.46
dp[7][395]=-1823.74
dp[8][395]=-1878.87
dp[9][395]=-1918.87
dp[10][395]=-1947.06
dp[11][395]=-1967.99
dp[12][395]=-1987.93
dp[13][395]=-1980.8
dp[14][395]=-1972.74
dp[15][395]=-1955.07
dp[16][395]=-1931.62
dp[17][395]=-1899.45
dp[18][395]=-1859.79
dp[19][395]=-1803.54
Select best dp
Best k=12
Stratifying 3-th numerical feature ...
dp[2][395]=-479.711
dp[3][395]=-798.318
dp[4][395]=-955.204
dp[5][395]=-1064.68
dp[6][395]=-1174.09
dp[7][395]=-1234.96
dp[8][395]=-1268.7
dp[9][395]=-1291.27
dp[10][395]=-1306.69
dp[11][395]=-1309.33
dp[12][395]=-1311.04
dp[13][395]=-1297.01
dp[14][395]=-1282.67
dp[15][395]=-1261.41
dp[16][395]=-1239.1
dp[17][395]=-1216.04
dp[18][395]=-1191.24
dp[19][395]=-1163.35
Select best dp
Best k=12
dp[2][395]=-1071.3
dp[3][395]=-1342.38
dp[4][395]=-1429.75
dp[5][395]=-1481.99
dp[6][395]=-1528.33
dp[7][395]=-1552.66
dp[8][395]=-1568.65
dp[9][395]=-1580.93
dp[10][395]=-1563.43
dp[11][395]=-1531.3
dp[12][395]=-1498.11
dp[13][395]=-1462.92
dp[14][395]=-1425.59
dp[15][395]=-1379.58
dp[16][395]=-1328.8
dp[17][395]=-1273.75
dp[18][395]=-1214.81
dp[19][395]=-1144.37
Select best dp
Best k=9
Stratifying 4-th numerical feature ...
dp[2][395]=-1471.05
dp[3][395]=-1894.01
dp[4][395]=-2121.53
dp[5][395]=-2259.6
dp[6][395]=-2386.31
dp[7][395]=-2468.42
dp[8][395]=-2555.45
dp[9][395]=-2627.73
dp[10][395]=-2659.49
dp[11][395]=-2672.11
dp[12][395]=-2678.2
dp[13][395]=-2672.26
dp[14][395]=-2663.73
dp[15][395]=-2647.17
dp[16][395]=-2624.55
dp[17][395]=-2590.2
dp[18][395]=-2553.03
dp[19][395]=-2492.39
Select best dp
Best k=12
Stratifying 2-th numerical feature ...
Stratifying 4-th numerical feature ...
dp[2][395]=-1471.05
dp[3][395]=-1894.01
dp[4][395]=-2121.53
dp[5][395]=-2259.6
dp[6][395]=-2386.31
dp[7][395]=-2468.42
dp[8][395]=-2555.45
dp[9][395]=-2627.73
dp[10][395]=-2659.49
dp[11][395]=-2672.11
dp[12][395]=-2678.2
dp[13][395]=-2672.26
dp[14][395]=-2663.73
dp[15][395]=-2647.17
dp[16][395]=-2624.55
dp[17][395]=-2590.2
dp[18][395]=-2553.03
dp[19][395]=-2492.39
Select best dp
Best k=12
Stratifying 4-th numerical feature ...
dp[2][395]=-643.982
dp[3][395]=-916.449
dp[4][395]=-1079.74
dp[5][395]=-1189.4
dp[6][395]=-1271.9
dp[7][395]=-1334.42
dp[8][395]=-1372.41
dp[9][395]=-1403.45
dp[10][395]=-1428.4
dp[11][395]=-1441.58
dp[12][395]=-1443.18
dp[13][395]=-1429.5
dp[14][395]=-1414.63
dp[15][395]=-1395.42
dp[16][395]=-1370.62
dp[17][395]=-1333.47
dp[18][395]=-1290.13
dp[19][395]=-1233.14
Select best dp
Best k=12
Stratifying 4-th numerical feature ...
dp[2][395]=-479.711
dp[3][395]=-798.318
dp[4][395]=-955.204
dp[5][395]=-1064.68
dp[6][395]=-1174.09
dp[7][395]=-1234.96
dp[8][395]=-1268.7
dp[9][395]=-1291.27
dp[10][395]=-1306.69
dp[11][395]=-1309.33
dp[12][395]=-1311.04
dp[13][395]=-1297.01
dp[14][395]=-1282.67
dp[15][395]=-1261.41
dp[16][395]=-1239.1
dp[17][395]=-1216.04
dp[18][395]=-1191.24
dp[19][395]=-1163.35
Select best dp
Best k=12
Stratifying 2-th numerical feature ...
dp[2][395]=-805.063
dp[3][395]=-1127.02
dp[4][395]=-1315.81
dp[5][395]=-1449.17
dp[6][395]=-1536.99
dp[7][395]=-1592.94
dp[8][395]=-1633.59
dp[9][395]=-1672.84
dp[10][395]=-1677.05
dp[11][395]=-1677.04
dp[12][395]=-1674.62
dp[13][395]=-1634.34
Select best dp
Best k=10
Stratifying 5-th numerical feature ...
dp[2][395]=-479.711
dp[3][395]=-798.318
dp[4][395]=-955.204
dp[5][395]=-1064.68
dp[6][395]=-1174.09
dp[7][395]=-1234.96
dp[8][395]=-1268.7
dp[9][395]=-1291.27
dp[10][395]=-1306.69
dp[11][395]=-1309.33
dp[12][395]=-1311.04
dp[13][395]=-1297.01
dp[14][395]=-1282.67
dp[15][395]=-1261.41
dp[16][395]=-1239.1
dp[17][395]=-1216.04
dp[18][395]=-1191.24
dp[19][395]=-1163.35
Select best dp
Best k=12
Stratifying 2-th numerical feature ...
dp[2][395]=-989.421
dp[3][395]=-1389.15
dp[4][395]=-1579.42
dp[5][395]=-1710.31
dp[6][395]=-1804.43
dp[7][395]=-1888.96
dp[8][395]=-1958.38
dp[9][395]=-2018.44
dp[10][395]=-2048.42
dp[11][395]=-2065.27
dp[12][395]=-2074.92
dp[13][395]=-2072.2
dp[14][395]=-2063.02
dp[15][395]=-2043.79
dp[16][395]=-2024.15
dp[17][395]=-1986.15
dp[18][395]=-1947.53
dp[19][395]=-1890.99
Select best dp
Best k=12
Stratifying 4-th numerical feature ...
dp[2][395]=-324.773
dp[3][395]=-446.871
dp[4][395]=-502.39
dp[5][395]=-530.187
dp[6][395]=-535.218
dp[7][395]=-524.314
dp[8][395]=-509.872
dp[9][395]=-491.08
dp[10][395]=-454.556
dp[11][395]=-417.835
dp[12][395]=-381.062
dp[13][395]=-341.532
dp[14][395]=-296.405
dp[15][395]=-250.807
dp[16][395]=-202.844
dp[17][395]=-144.399
dp[18][395]=-83.0305
dp[19][395]=-17.6198
Select best dp
Best k=6
dp[2][395]=-805.063
dp[3][395]=-1127.02
dp[4][395]=-1315.81
dp[5][395]=-1449.17
dp[6][395]=-1536.99
dp[7][395]=-1592.94
dp[8][395]=-1641.81
dp[9][395]=-1681.99
dp[10][395]=-1686.7
dp[11][395]=-1691.01
dp[12][395]=-1695.22
dp[13][395]=-1693.92
dp[14][395]=-1681.43
dp[15][395]=-1667.99
dp[16][395]=-1649.82
dp[17][395]=-1610.69
dp[18][395]=-1565.71
dp[19][395]=-1512.65
Select best dp
Best k=12
Stratifying 5-th numerical feature ...
Stratifying 5-th numerical feature ...
dp[2][395]=-805.063
dp[3][395]=-1127.02
dp[4][395]=-1315.81
dp[5][395]=-1449.17
dp[6][395]=-1536.99
dp[7][395]=-1592.94
dp[8][395]=-1641.81
dp[9][395]=-1681.99
dp[10][395]=-1686.7
dp[11][395]=-1691.01
dp[12][395]=-1695.22
dp[13][395]=-1693.92
dp[14][395]=-1681.43
dp[15][395]=-1667.99
dp[16][395]=-1649.82
dp[17][395]=-1610.69
dp[18][395]=-1565.71
dp[19][395]=-1512.65
Select best dp
Best k=12
Stratifying 5-th numerical feature ...
dp[2][395]=-805.063
dp[3][395]=-1127.02
dp[4][395]=-1315.81
dp[5][395]=-1449.17
dp[6][395]=-1536.99
dp[7][395]=-1592.94
dp[8][395]=-1641.81
dp[9][395]=-1681.99
dp[10][395]=-1686.7
dp[11][395]=-1691.01
dp[12][395]=-1695.22
dp[13][395]=-1693.92
dp[14][395]=-1681.43
dp[15][395]=-1667.99
dp[16][395]=-1649.82
dp[17][395]=-1610.69
dp[18][395]=-1565.71
dp[19][395]=-1512.65
Select best dp
Best k=12
Stratifying 5-th numerical feature ...
dp[2][395]=155.517
dp[3][395]=233.275
dp[4][395]=311.034
dp[5][395]=388.792
dp[6][395]=466.55
dp[7][395]=544.309
dp[8][395]=622.067
dp[9][395]=699.825
dp[10][395]=777.584
dp[11][395]=855.342
dp[12][395]=933.101
dp[13][395]=1010.86
dp[14][395]=1088.62
dp[15][395]=1166.38
dp[16][395]=1244.13
dp[17][395]=1321.89
dp[18][395]=1399.65
dp[19][395]=1477.41
Select best dp
Best k=2
Stratifying 3-th numerical feature ...
dp[2][395]=-642.529
dp[3][395]=-986.955
dp[4][395]=-1173.86
dp[5][395]=-1295.43
dp[6][395]=-1382.45
dp[7][395]=-1429.86
dp[8][395]=-1475.06
dp[9][395]=-1496.17
dp[10][395]=-1513.23
dp[11][395]=-1527.04
dp[12][395]=-1526.04
dp[13][395]=-1516.64
dp[14][395]=-1505.33
dp[15][395]=-1486.2
dp[16][395]=-1458.49
dp[17][395]=-1427.55
dp[18][395]=-1387.67
dp[19][395]=-1332.48
Select best dp
Best k=11
Stratifying 3-th numerical feature ...
dp[2][395]=-1440.58
dp[3][395]=-2207.19
dp[4][395]=-2658.76
dp[5][395]=-2979.64
dp[6][395]=-3231.46
dp[7][395]=-3404.03
dp[8][395]=-3572.18
dp[9][395]=-3692.17
dp[10][395]=-3804.04
dp[11][395]=-3909.42
dp[12][395]=-3985.18
dp[13][395]=-4044.13
dp[14][395]=-4099.28
dp[15][395]=-4138.77
dp[16][395]=-4161.11
dp[17][395]=-4177
dp[18][395]=-4174.99
dp[19][395]=-4142.36
Select best dp
Best k=17
dp[2][395]=-642.529
dp[3][395]=-986.955
dp[4][395]=-1173.86
dp[5][395]=-1295.43
dp[6][395]=-1382.45
dp[7][395]=-1429.86
dp[8][395]=-1475.06
dp[9][395]=-1496.17
dp[10][395]=-1513.23
dp[11][395]=-1527.04
dp[12][395]=-1526.04
dp[13][395]=-1516.64
dp[14][395]=-1505.33
dp[15][395]=-1486.2
dp[16][395]=-1458.49
dp[17][395]=-1427.55
dp[18][395]=-1387.67
dp[19][395]=-1332.48
Select best dp
Best k=11
Stratifying 3-th numerical feature ...
Stratifying 3-th numerical feature ...
dp[2][395]=-1109.77
dp[3][395]=-1452.77
dp[4][395]=-1724.39
dp[5][395]=-1876.79
dp[6][395]=-1990.95
dp[7][395]=-2071.17
dp[8][395]=-2132.59
dp[9][395]=-2181.03
dp[10][395]=-2216.04
dp[11][395]=-2221.59
dp[12][395]=-2224.25
dp[13][395]=-2200.28
Select best dp
Best k=12
Stratifying 6-th numerical feature ...
dp[2][395]=-853.59
dp[3][395]=-1312.71
dp[4][395]=-1527.63
dp[5][395]=-1669.03
dp[6][395]=-1776.04
dp[7][395]=-1839.58
dp[8][395]=-1893.47
dp[9][395]=-1937.97
dp[10][395]=-1966.72
dp[11][395]=-1986.89
dp[12][395]=-2006.93
dp[13][395]=-1998.85
dp[14][395]=-1990.01
dp[15][395]=-1973.79
dp[16][395]=-1949.39
dp[17][395]=-1918.52
dp[18][395]=-1877.12
dp[19][395]=-1822.11
Select best dp
Best k=12
Stratifying 3-th numerical feature ...
dp[2][395]=-1412.4
dp[3][395]=-1838.74
dp[4][395]=-2106.62
dp[5][395]=-2289.29
dp[6][395]=-2435.98
dp[7][395]=-2526.55
dp[8][395]=-2591.9
dp[9][395]=-2655.95
dp[10][395]=-2695.47
dp[11][395]=-2713.93
dp[12][395]=-2719.38
dp[13][395]=-2718.13
dp[14][395]=-2713.51
dp[15][395]=-2703.79
dp[2][395]=-852.378
dp[16][395]=-2691.24
dp[3][395]=-1112.55
dp[17][395]=-2666.92
dp[4][395]=-1247.79
dp[18][395]=-2622.95
dp[5][395]=-1341.88
dp[19][395]=-2578.22
dp[6][395]=-1389.12
Select best dp
dp[7][395]=-1418.65
Best k=12
dp[8][395]=-1419.56
dp[9][395]=-1420.26
dp[10][395]=-1411.14
dp[11][395]=-1395.36
dp[12][395]=-1363.6
dp[13][395]=-1327.58
dp[14][395]=-1291.51
dp[15][395]=-1253.56
dp[16][395]=-1208.99
dp[17][395]=-1159.99
dp[18][395]=-1095.79
dp[19][395]=-1029.79
Select best dp
Best k=9
Stratifying 6-th numerical feature ...
Stratifying 6-th numerical feature ...
dp[2][395]=-863.944
dp[3][395]=-1219.49
dp[4][395]=-1424.93
dp[5][395]=-1564.31
dp[6][395]=-1666.05
dp[7][395]=-1729.78
dp[8][395]=-1786.16
dp[9][395]=-1839.53
dp[10][395]=-1851.24
dp[11][395]=-1860.55
dp[12][395]=-1869.63
dp[13][395]=-1874.05
dp[14][395]=-1864.58
dp[15][395]=-1854.74
dp[16][395]=-1835.06
dp[17][395]=-1805.35
dp[18][395]=-1768.36
dp[19][395]=-1725.72
Select best dp
Best k=13
dp[2][395]=-1412.4
dp[3][395]=-1838.74
dp[4][395]=-2106.62
dp[5][395]=-2289.29
dp[6][395]=-2435.98
dp[7][395]=-2526.55
dp[8][395]=-2591.9
dp[9][395]=-2655.95
dp[10][395]=-2695.47
dp[11][395]=-2713.93
dp[12][395]=-2719.38
dp[13][395]=-2718.13
dp[14][395]=-2713.51
dp[15][395]=-2703.79
dp[16][395]=-2691.24
dp[17][395]=-2666.92
dp[18][395]=-2622.95
dp[19][395]=-2578.22
Select best dp
Best k=12
Stratifying 5-th numerical feature ...
Stratifying 6-th numerical feature ...
dp[2][395]=-995.99
dp[3][395]=-1276.5
dp[4][395]=-1459.52
dp[5][395]=-1583.73
dp[6][395]=-1671.6
dp[7][395]=-1741.18
dp[8][395]=-1803.47
dp[9][395]=-1824.47
dp[10][395]=-1841.04
dp[11][395]=-1843.07
dp[12][395]=-1839.18
dp[13][395]=-1826.89
dp[14][395]=-1812.83
dp[15][395]=-1790.2
dp[16][395]=-1766.45
dp[17][395]=-1726.01
dp[18][395]=-1685.09
dp[19][395]=-1636.12
Select best dp
Best k=11
dp[2][395]=-771.362
dp[3][395]=-1159.5
dp[4][395]=-1375.6
dp[5][395]=-1524.04
dp[6][395]=-1610.52
dp[7][395]=-1692.81
dp[8][395]=-1729.86
dp[9][395]=-1761.29
dp[10][395]=-1770.35
dp[11][395]=-1776.78
dp[12][395]=-1768.26
dp[13][395]=-1745.94
Select best dp
Best k=11
Stratifying 6-th numerical feature ...
dp[2][395]=-642.529
dp[3][395]=-986.955
dp[4][395]=-1173.86
dp[5][395]=-1295.43
dp[6][395]=-1382.45
dp[7][395]=-1429.86
dp[8][395]=-1475.06
dp[9][395]=-1496.17
dp[10][395]=-1513.23
dp[11][395]=-1527.04
dp[12][395]=-1526.04
dp[13][395]=-1518.76
dp[14][395]=-1507.46
dp[15][395]=-1490.98
dp[16][395]=-1472.23
dp[17][395]=-1444.66
dp[18][395]=-1416.06
dp[19][395]=-1383.41
Select best dp
Best k=11
Stratifying 3-th numerical feature ...
dp[2][395]=-771.362
dp[3][395]=-1159.5
dp[4][395]=-1375.6
dp[5][395]=-1526.43
dp[6][395]=-1612.9
dp[7][395]=-1697.98
dp[8][395]=-1735.03
dp[9][395]=-1769.2
dp[10][395]=-1786.04
dp[11][395]=-1797.8
dp[12][395]=-1805.6
dp[13][395]=-1798.71
dp[14][395]=-1783.84
dp[15][395]=-1763.15
dp[16][395]=-1741.47
dp[17][395]=-1713.57
dp[18][395]=-1674.06
dp[19][395]=-1609.29
Select best dp
Best k=12
dp[2][395]=-307.922
dp[3][395]=-463.114
dp[4][395]=-532.286
dp[5][395]=-568.817
dp[6][395]=-573.176
dp[7][395]=-576.835
dp[8][395]=-556.482
dp[9][395]=-534.686
dp[10][395]=-504.228
dp[11][395]=-471.229
dp[12][395]=-436.25
dp[13][395]=-393.925
dp[14][395]=-347.614
dp[15][395]=-298.386
dp[16][395]=-248.668
dp[17][395]=-195.839
dp[18][395]=-137.205
dp[19][395]=-65.9399
Select best dp
Best k=7
dp[2][395]=-771.362
dp[3][395]=-1159.5
dp[4][395]=-1375.6
dp[5][395]=-1526.43
dp[6][395]=-1612.9
dp[7][395]=-1697.98
dp[8][395]=-1735.03
dp[9][395]=-1769.2
dp[10][395]=-1786.04
dp[11][395]=-1797.8
dp[12][395]=-1805.6
dp[13][395]=-1798.71
dp[14][395]=-1783.84
dp[15][395]=-1763.15
dp[16][395]=-1741.47
dp[17][395]=-1713.57
dp[18][395]=-1674.06
dp[19][395]=-1609.29
Select best dp
Best k=12
dp[2][395]=-771.362
dp[3][395]=-1159.5
dp[4][395]=-1375.6
dp[5][395]=-1526.43
dp[6][395]=-1612.9
dp[7][395]=-1697.98
dp[8][395]=-1735.03
dp[9][395]=-1769.2
dp[10][395]=-1786.04
dp[11][395]=-1797.8
dp[12][395]=-1805.6
dp[13][395]=-1798.71
dp[14][395]=-1783.84
dp[15][395]=-1763.15
dp[16][395]=-1741.47
dp[17][395]=-1713.57
dp[18][395]=-1674.06
dp[19][395]=-1609.29
Select best dp
Best k=12
dp[2][395]=-643.982
dp[3][395]=-916.449
dp[4][395]=-1079.74
dp[5][395]=-1189.4
dp[6][395]=-1271.9
dp[7][395]=-1334.42
dp[8][395]=-1372.41
dp[9][395]=-1403.45
dp[10][395]=-1428.4
dp[11][395]=-1441.58
dp[12][395]=-1443.18
dp[13][395]=-1429.5
dp[14][395]=-1414.63
dp[15][395]=-1395.42
dp[16][395]=-1370.62
dp[17][395]=-1333.47
dp[18][395]=-1290.13
dp[19][395]=-1233.14
Select best dp
Best k=12
Stratifying 4-th numerical feature ...
dp[2][395]=-642.529
dp[3][395]=-986.955
dp[4][395]=-1173.86
dp[5][395]=-1295.43
dp[6][395]=-1382.45
dp[7][395]=-1429.86
dp[8][395]=-1475.06
dp[9][395]=-1496.17
dp[10][395]=-1513.23
dp[11][395]=-1527.04
dp[12][395]=-1526.04
dp[13][395]=-1518.76
dp[14][395]=-1507.46
dp[15][395]=-1490.98
dp[16][395]=-1472.23
dp[17][395]=-1444.66
dp[18][395]=-1416.06
dp[19][395]=-1383.41
Select best dp
Best k=11
Stratifying 3-th numerical feature ...
dp[2][395]=-1471.05
dp[3][395]=-1894.01
dp[4][395]=-2121.53
dp[5][395]=-2259.6
dp[6][395]=-2386.31
dp[7][395]=-2468.42
dp[8][395]=-2555.45
dp[9][395]=-2627.73
dp[10][395]=-2659.49
dp[11][395]=-2672.11
dp[12][395]=-2678.2
dp[13][395]=-2672.26
dp[14][395]=-2663.73
dp[15][395]=-2647.17
dp[16][395]=-2624.55
dp[17][395]=-2590.2
dp[18][395]=-2553.03
dp[19][395]=-2492.39
Select best dp
Best k=12
Stratifying 4-th numerical feature ...
dp[2][395]=-1113.7
dp[3][395]=-1450.18
dp[4][395]=-1710.12
dp[5][395]=-1877.8
dp[6][395]=-1987.43
dp[7][395]=-2065.86
dp[8][395]=-2134.73
dp[9][395]=-2187.25
dp[10][395]=-2222.34
dp[11][395]=-2241.17
dp[12][395]=-2247.98
dp[13][395]=-2240.16
dp[14][395]=-2232.27
dp[15][395]=-2223.6
dp[16][395]=-2209.19
dp[17][395]=-2176.22
dp[18][395]=-2135.16
dp[19][395]=-2089.83
Select best dp
Best k=12
Stratifying 6-th numerical feature ...
dp[2][395]=-671.547
dp[3][395]=-790.761
dp[4][395]=-773.43
dp[5][395]=-729.665
dp[6][395]=-706.175
dp[7][395]=-662.411
dp[8][395]=-611.332
dp[9][395]=-550.053
dp[10][395]=-485.25
dp[11][395]=-419.836
dp[12][395]=-347.116
dp[13][395]=-272.766
dp[14][395]=-197.98
dp[15][395]=-122.22
dp[16][395]=-44.9621
dp[17][395]=33.4995
dp[18][395]=114.9
dp[19][395]=198.348
Select best dp
Best k=3
Stratifying 4-th numerical feature ...
dp[2][395]=-2270.54
dp[3][395]=-3026.93
dp[4][395]=-3507.59
dp[5][395]=-3827.47
dp[6][395]=-4106.83
dp[7][395]=-4339.54
dp[8][395]=-4542.4
dp[9][395]=-4726.97
dp[10][395]=-4861.4
dp[11][395]=-4964.88
dp[12][395]=-5051.45
dp[13][395]=-5107.61
dp[14][395]=-5158.74
dp[15][395]=-5201.7
dp[16][395]=-5232.01
dp[17][395]=-5235.67
dp[18][395]=-5236.59
dp[19][395]=-5189.68
Select best dp
Best k=18
Stratifying 4-th numerical feature ...
dp[2][395]=-1471.05
dp[3][395]=-1894.01
dp[4][395]=-2121.53
dp[5][395]=-2259.6
dp[6][395]=-2386.31
dp[7][395]=-2468.42
dp[8][395]=-2555.45
dp[9][395]=-2631.28
dp[10][395]=-2663.04
dp[11][395]=-2675.66
dp[12][395]=-2682.24
dp[13][395]=-2682.82
dp[14][395]=-2678.4
dp[15][395]=-2667.08
dp[16][395]=-2653.38
dp[17][395]=-2636.09
dp[18][395]=-2616.49
dp[19][395]=-2596.64
Select best dp
Best k=13
Stratifying 4-th numerical feature ...
dp[2][395]=-1031.29
dp[3][395]=-1438.57
dp[4][395]=-1635.24
dp[5][395]=-1768.37
dp[6][395]=-1866.11
dp[7][395]=-1951.65
dp[8][395]=-2025.54
dp[9][395]=-2082.92
dp[10][395]=-2113.28
dp[11][395]=-2128.56
dp[12][395]=-2134.7
dp[13][395]=-2133.43
dp[14][395]=-2124.69
dp[15][395]=-2105.06
dp[16][395]=-2084.32
dp[17][395]=-2046.15
dp[18][395]=-2005.6
dp[19][395]=-1946.22
Select best dp
Best k=12
Stratifying 4-th numerical feature ...
dp[2][395]=-805.063
dp[3][395]=-1127.02
dp[4][395]=-1315.81
dp[5][395]=-1449.17
dp[6][395]=-1536.99
dp[7][395]=-1592.94
dp[8][395]=-1641.81
dp[9][395]=-1681.99
dp[10][395]=-1686.7
dp[11][395]=-1691.01
dp[12][395]=-1695.22
dp[13][395]=-1693.92
dp[14][395]=-1681.43
dp[15][395]=-1667.99
dp[16][395]=-1649.82
dp[17][395]=-1610.69
dp[18][395]=-1565.71
dp[19][395]=-1512.65
Select best dp
Best k=12
Stratifying 5-th numerical feature ...
dp[2][395]=-642.529
dp[3][395]=-986.955
dp[4][395]=-1173.86
dp[5][395]=-1295.43
dp[6][395]=-1382.45
dp[7][395]=-1429.86
dp[8][395]=-1475.06
dp[9][395]=-1496.17
dp[10][395]=-1513.23
dp[11][395]=-1527.04
dp[12][395]=-1526.04
dp[13][395]=-1518.76
dp[14][395]=-1507.46
dp[15][395]=-1490.98
dp[16][395]=-1472.23
dp[17][395]=-1444.66
dp[18][395]=-1416.06
dp[19][395]=-1383.71
Select best dp
Best k=11
Stratifying 3-th numerical feature ...
dp[2][395]=-1765.64
dp[3][395]=-2487.31
dp[4][395]=-2942.66
dp[5][395]=-3287.12
dp[6][395]=-3540.52
dp[7][395]=-3730.18
dp[8][395]=-3905.69
dp[9][395]=-4063.8
dp[10][395]=-4150.98
dp[11][395]=-4237.37
dp[12][395]=-4323.55
dp[13][395]=-4398.71
dp[14][395]=-4451.47
dp[15][395]=-4502.35
dp[16][395]=-4543.78
dp[17][395]=-4543.27
dp[18][395]=-4531.07
dp[19][395]=-4502.71
Select best dp
Best k=16
Stratifying 5-th numerical feature ...
dp[2][395]=-863.944
dp[3][395]=-1298.24
dp[4][395]=-1501.48
dp[5][395]=-1663.09
dp[6][395]=-1758
dp[7][395]=-1852.6
dp[8][395]=-1903.27
dp[9][395]=-1947.14
dp[10][395]=-1972.35
dp[11][395]=-1991.82
dp[12][395]=-1998.74
dp[13][395]=-2000.35
dp[14][395]=-1989.32
dp[15][395]=-1973.51
dp[16][395]=-1957.48
dp[17][395]=-1941.43
dp[18][395]=-1907.92
dp[19][395]=-1850.58
Select best dp
Best k=13
dp[2][395]=-1471.05
dp[3][395]=-1894.01
dp[4][395]=-2121.53
dp[5][395]=-2259.6
dp[6][395]=-2386.31
dp[7][395]=-2468.42
dp[8][395]=-2555.45
dp[9][395]=-2631.28
dp[10][395]=-2663.04
dp[11][395]=-2675.66
dp[12][395]=-2686.9
dp[13][395]=-2693.49
dp[14][395]=-2689.08
dp[15][395]=-2681.48
dp[16][395]=-2667.78
dp[17][395]=-2650.49
dp[18][395]=-2630.89
dp[19][395]=-2611.04
Select best dp
Best k=13
Stratifying 4-th numerical feature ...
dp[2][395]=-805.063
dp[3][395]=-1127.02
dp[4][395]=-1315.81
dp[5][395]=-1449.17
dp[6][395]=-1536.99
dp[7][395]=-1592.94
dp[8][395]=-1641.81
dp[9][395]=-1681.99
dp[10][395]=-1686.7
dp[11][395]=-1691.01
dp[12][395]=-1695.22
dp[13][395]=-1693.92
dp[14][395]=-1681.43
dp[15][395]=-1667.99
dp[16][395]=-1649.82
dp[17][395]=-1610.69
dp[18][395]=-1565.71
dp[19][395]=-1512.65
Select best dp
Best k=12
Stratifying 5-th numerical feature ...
dp[2][395]=155.517
dp[3][395]=233.275
dp[4][395]=311.034
dp[5][395]=388.792
dp[6][395]=466.55
dp[7][395]=544.309
dp[8][395]=622.067
dp[9][395]=699.825
dp[10][395]=777.584
dp[11][395]=855.342
dp[12][395]=933.101
dp[13][395]=1010.86
dp[14][395]=1088.62
dp[15][395]=1166.38
dp[16][395]=1244.13
dp[17][395]=1321.89
dp[18][395]=1399.65
dp[19][395]=1477.41
Select best dp
Best k=2
Stratifying 5-th numerical feature ...
dp[2][395]=-995.99
dp[3][395]=-1276.5
dp[4][395]=-1459.52
dp[5][395]=-1583.73
dp[6][395]=-1671.6
dp[7][395]=-1741.18
dp[8][395]=-1803.47
dp[9][395]=-1824.47
dp[10][395]=-1841.04
dp[11][395]=-1843.07
dp[12][395]=-1839.18
dp[13][395]=-1826.89
dp[14][395]=-1812.83
dp[15][395]=-1790.2
dp[16][395]=-1766.45
dp[17][395]=-1726.01
dp[18][395]=-1685.09
dp[19][395]=-1636.12
Select best dp
Best k=11
Stratifying 6-th numerical feature ...
dp[2][395]=-805.063
dp[3][395]=-1127.02
dp[4][395]=-1315.81
dp[5][395]=-1449.17
dp[6][395]=-1536.99
dp[7][395]=-1592.94
dp[8][395]=-1644.17
dp[9][395]=-1684.35
dp[10][395]=-1695.62
dp[11][395]=-1699.94
dp[12][395]=-1704.15
dp[13][395]=-1702.85
dp[14][395]=-1692.93
dp[15][395]=-1680.44
dp[16][395]=-1662.27
dp[17][395]=-1636.02
dp[18][395]=-1608.71
dp[19][395]=-1574.93
Select best dp
Best k=12
Stratifying 5-th numerical feature ...
dp[2][395]=-2559.02
dp[3][395]=-3293.74
dp[4][395]=-3861.42
dp[5][395]=-4240.21
dp[6][395]=-4536.48
dp[7][395]=-4773.96
dp[8][395]=-4991.86
dp[9][395]=-5161.21
dp[10][395]=-5290.99
dp[11][395]=-5379.41
dp[12][395]=-5462.66
dp[13][395]=-5531.42
dp[14][395]=-5592.64
dp[15][395]=-5651.66
dp[16][395]=-5693.79
dp[17][395]=-5702.65
dp[18][395]=-5696.04
dp[19][395]=-5680.61
Select best dp
Best k=17
Stratifying 6-th numerical feature ...
dp[2][395]=-1412.4
dp[3][395]=-1838.74
dp[4][395]=-2106.62
dp[5][395]=-2289.29
dp[6][395]=-2435.98
dp[7][395]=-2526.55
dp[8][395]=-2591.9
dp[9][395]=-2655.95
dp[10][395]=-2695.47
dp[11][395]=-2713.93
dp[12][395]=-2719.38
dp[13][395]=-2718.13
dp[14][395]=-2713.51
dp[15][395]=-2703.79
dp[16][395]=-2691.24
dp[17][395]=-2666.92
dp[18][395]=-2622.95
dp[19][395]=-2578.22
Select best dp
Best k=12
Stratifying 6-th numerical feature ...
dp[2][395]=-356.473
dp[3][395]=-403.656
dp[4][395]=-420.553
dp[5][395]=-412.527
dp[6][395]=-358.926
dp[7][395]=-316.246
dp[8][395]=-276.05
dp[9][395]=-217.064
dp[10][395]=-157.572
dp[11][395]=-97.473
dp[12][395]=-27.9997
dp[13][395]=43.2929
dp[14][395]=114.898
dp[15][395]=187.778
dp[16][395]=262.176
dp[17][395]=339.508
dp[18][395]=427.004
dp[19][395]=516.644
Select best dp
Best k=4
Stratifying 6-th numerical feature ...
dp[2][395]=-805.063
dp[3][395]=-1127.02
dp[4][395]=-1315.81
dp[5][395]=-1449.17
dp[6][395]=-1536.99
dp[7][395]=-1592.94
dp[8][395]=-1644.17
dp[9][395]=-1684.35
dp[10][395]=-1695.62
dp[11][395]=-1699.94
dp[12][395]=-1704.15
dp[13][395]=-1702.85
dp[14][395]=-1692.93
dp[15][395]=-1680.44
dp[16][395]=-1662.27
dp[17][395]=-1636.02
dp[18][395]=-1608.71
dp[19][395]=-1574.93
Select best dp
Best k=12
Stratifying 5-th numerical feature ...
dp[2][395]=-771.362
dp[3][395]=-1159.5
dp[4][395]=-1375.6
dp[5][395]=-1526.43
dp[6][395]=-1612.9
dp[7][395]=-1697.98
dp[8][395]=-1735.03
dp[9][395]=-1769.2
dp[10][395]=-1786.04
dp[11][395]=-1797.8
dp[12][395]=-1805.6
dp[13][395]=-1798.71
dp[14][395]=-1783.84
dp[15][395]=-1763.15
dp[16][395]=-1741.47
dp[17][395]=-1713.57
dp[18][395]=-1674.06
dp[19][395]=-1609.29
Select best dp
Best k=12
dp[2][395]=-805.063
dp[3][395]=-1127.02
dp[4][395]=-1315.81
dp[5][395]=-1449.17
dp[6][395]=-1536.99
dp[7][395]=-1592.94
dp[8][395]=-1641.81
dp[9][395]=-1681.99
dp[10][395]=-1686.7
dp[11][395]=-1691.01
dp[12][395]=-1695.22
dp[13][395]=-1693.92
dp[14][395]=-1681.43
dp[15][395]=-1667.99
dp[16][395]=-1649.82
dp[17][395]=-1610.69
dp[18][395]=-1565.71
dp[19][395]=-1512.65
Select best dp
Best k=12
Stratifying 5-th numerical feature ...
dp[2][395]=-1698.24
dp[3][395]=-2552.28
dp[4][395]=-3062.24
dp[5][395]=-3441.64
dp[6][395]=-3692.35
dp[7][395]=-3940.27
dp[8][395]=-4092.13
dp[9][395]=-4238.22
dp[10][395]=-4349.66
dp[11][395]=-4450.94
dp[12][395]=-4544.3
dp[13][395]=-4608.28
dp[14][395]=-4656.31
dp[15][395]=-4692.67
dp[16][395]=-4727.08
dp[17][395]=-4749.03
dp[18][395]=-4747.77
dp[19][395]=-4695.99
Select best dp
Best k=17
dp[2][395]=-1412.4
dp[3][395]=-1838.74
dp[4][395]=-2106.62
dp[5][395]=-2289.29
dp[6][395]=-2435.98
dp[7][395]=-2526.55
dp[8][395]=-2591.9
dp[9][395]=-2655.95
dp[10][395]=-2695.47
dp[11][395]=-2713.93
dp[12][395]=-2719.85
dp[13][395]=-2722.93
dp[14][395]=-2724.56
dp[15][395]=-2723.74
dp[16][395]=-2716.17
dp[17][395]=-2704.09
dp[18][395]=-2689.12
dp[19][395]=-2664.82
Select best dp
Best k=14
Stratifying 6-th numerical feature ...
dp[2][395]=-771.362
dp[3][395]=-1159.5
dp[4][395]=-1375.6
dp[5][395]=-1526.43
dp[6][395]=-1612.9
dp[7][395]=-1697.98
dp[8][395]=-1735.03
dp[9][395]=-1769.2
dp[10][395]=-1786.04
dp[11][395]=-1797.8
dp[12][395]=-1805.6
dp[13][395]=-1798.71
dp[14][395]=-1783.84
dp[15][395]=-1763.15
dp[16][395]=-1741.47
dp[17][395]=-1713.57
dp[18][395]=-1674.06
dp[19][395]=-1609.29
Select best dp
Best k=12
dp[2][395]=155.517
dp[3][395]=233.275
dp[4][395]=311.034
dp[5][395]=388.792
dp[6][395]=466.55
dp[7][395]=544.309
dp[8][395]=622.067
dp[9][395]=699.825
dp[10][395]=777.584
dp[11][395]=855.342
dp[12][395]=933.101
dp[13][395]=1010.86
dp[14][395]=1088.62
dp[15][395]=1166.38
dp[16][395]=1244.13
dp[17][395]=1321.89
dp[18][395]=1399.65
dp[19][395]=1477.41
Select best dp
Best k=2
dp[2][395]=-1471.05
dp[3][395]=-1894.01
dp[4][395]=-2121.53
dp[5][395]=-2259.6
dp[6][395]=-2386.31
dp[7][395]=-2468.42
dp[8][395]=-2555.45
dp[9][395]=-2631.28
dp[10][395]=-2663.04
dp[11][395]=-2675.66
dp[12][395]=-2686.9
dp[13][395]=-2693.49
dp[14][395]=-2689.83
dp[15][395]=-2685.41
dp[16][395]=-2671.71
dp[17][395]=-2654.42
dp[18][395]=-2634.83
dp[19][395]=-2614.98
Select best dp
Best k=13
Stratifying 4-th numerical feature ...
dp[2][395]=-1412.4
dp[3][395]=-1838.74
dp[4][395]=-2106.62
dp[5][395]=-2289.29
dp[6][395]=-2435.98
dp[7][395]=-2526.55
dp[8][395]=-2591.9
dp[9][395]=-2655.95
dp[10][395]=-2695.47
dp[11][395]=-2713.93
dp[12][395]=-2719.85
dp[13][395]=-2723.29
dp[14][395]=-2726.37
dp[15][395]=-2725.56
dp[16][395]=-2717.98
dp[17][395]=-2705.9
dp[18][395]=-2690.94
dp[19][395]=-2666.63
Select best dp
Best k=14
Stratifying 6-th numerical feature ...
dp[2][395]=-1127.46
dp[3][395]=-1472.19
dp[4][395]=-1733.82
dp[5][395]=-1899.01
dp[6][395]=-2014.26
dp[7][395]=-2086.8
dp[8][395]=-2155.79
dp[9][395]=-2207.99
dp[10][395]=-2242.34
dp[11][395]=-2258.47
dp[12][395]=-2264.08
dp[13][395]=-2257.63
dp[14][395]=-2250.05
dp[15][395]=-2241.71
dp[16][395]=-2227.36
dp[17][395]=-2195.54
dp[18][395]=-2154.54
dp[19][395]=-2109.35
Select best dp
Best k=12
Stratifying 6-th numerical feature ...
dp[2][395]=-771.362
dp[3][395]=-1159.5
dp[4][395]=-1375.6
dp[5][395]=-1526.43
dp[6][395]=-1612.9
dp[7][395]=-1697.98
dp[8][395]=-1735.03
dp[9][395]=-1769.2
dp[10][395]=-1786.04
dp[11][395]=-1797.8
dp[12][395]=-1805.6
dp[13][395]=-1806.42
dp[14][395]=-1799.53
dp[15][395]=-1785.16
dp[16][395]=-1769.38
dp[17][395]=-1751.58
dp[18][395]=-1730.37
dp[19][395]=-1703.47
Select best dp
Best k=13
dp[2][395]=-771.362
dp[3][395]=-1159.5
dp[4][395]=-1375.6
dp[5][395]=-1526.43
dp[6][395]=-1612.9
dp[7][395]=-1697.98
dp[8][395]=-1735.03
dp[9][395]=-1769.2
dp[10][395]=-1786.04
dp[11][395]=-1797.8
dp[12][395]=-1805.6
dp[13][395]=-1798.71
dp[14][395]=-1783.84
dp[15][395]=-1763.15
dp[16][395]=-1741.47
dp[17][395]=-1713.57
dp[18][395]=-1674.06
dp[19][395]=-1609.29
Select best dp
Best k=12
dp[2][395]=-805.063
dp[3][395]=-1127.02
dp[4][395]=-1315.81
dp[5][395]=-1449.17
dp[6][395]=-1536.99
dp[7][395]=-1592.94
dp[8][395]=-1644.17
dp[9][395]=-1684.35
dp[10][395]=-1695.62
dp[11][395]=-1699.94
dp[12][395]=-1704.15
dp[13][395]=-1702.85
dp[14][395]=-1692.93
dp[15][395]=-1680.44
dp[16][395]=-1662.27
dp[17][395]=-1636.02
dp[18][395]=-1608.71
dp[19][395]=-1574.93
Select best dp
Best k=12
dp[2][395]=-771.362
dp[3][395]=-1159.5
dp[4][395]=-1375.6
dp[5][395]=-1526.43
dp[6][395]=-1612.9
dp[7][395]=-1697.98
dp[8][395]=-1735.03
dp[9][395]=-1769.2
dp[10][395]=-1786.04
dp[11][395]=-1797.8
dp[12][395]=-1805.6
dp[13][395]=-1808.45
dp[14][395]=-1801.56
dp[15][395]=-1787.19
dp[16][395]=-1771.41
dp[17][395]=-1753.61
dp[18][395]=-1732.41
dp[19][395]=-1705.5
Select best dp
Best k=13
Stratifying 5-th numerical feature ...
dp[2][395]=-1412.4
dp[3][395]=-1838.74
dp[4][395]=-2106.62
dp[5][395]=-2289.29
dp[6][395]=-2435.98
dp[7][395]=-2526.55
dp[8][395]=-2591.9
dp[9][395]=-2655.95
dp[10][395]=-2695.47
dp[11][395]=-2713.93
dp[12][395]=-2719.85
dp[13][395]=-2723.29
dp[14][395]=-2726.37
dp[15][395]=-2725.56
dp[16][395]=-2717.98
dp[17][395]=-2705.9
dp[18][395]=-2690.94
dp[19][395]=-2667.04
Select best dp
Best k=14
Stratifying 6-th numerical feature ...
dp[2][395]=-771.362
dp[3][395]=-1159.5
dp[4][395]=-1375.6
dp[5][395]=-1526.43
dp[6][395]=-1612.9
dp[7][395]=-1697.98
dp[8][395]=-1735.03
dp[9][395]=-1769.2
dp[10][395]=-1786.04
dp[11][395]=-1797.8
dp[12][395]=-1806.79
dp[13][395]=-1814.59
dp[14][395]=-1807.7
dp[15][395]=-1793.33
dp[16][395]=-1777.56
dp[17][395]=-1759.75
dp[18][395]=-1738.55
dp[19][395]=-1711.64
Select best dp
Best k=13
