Standardize ...
Stratifying 1-th numerical feature ...
Standardize ...
Stratifying 1-th numerical feature ...
Standardize ...
Stratifying 1-th numerical feature ...
Standardize ...
Stratifying 1-th numerical feature ...
Standardize ...
Stratifying 1-th numerical feature ...
Standardize ...
Stratifying 1-th numerical feature ...
Standardize ...
Stratifying 1-th numerical feature ...
Standardize ...
Stratifying 1-th numerical feature ...
Standardize ...
Stratifying 1-th numerical feature ...
Standardize ...
Stratifying 1-th numerical feature ...
Standardize ...
Stratifying 1-th numerical feature ...
Standardize ...
Stratifying 1-th numerical feature ...
Standardize ...
Stratifying 1-th numerical feature ...
Standardize ...
Stratifying 1-th numerical feature ...
dp[2][467]=-303.245
dp[3][467]=-2.8e+11
dp[4][467]=-2.8e+11
dp[5][467]=-5.3e+11
dp[6][467]=-5.3e+11
dp[7][467]=-7.8e+11
dp[8][467]=-7.8e+11
dp[9][467]=-7.8e+11
dp[10][467]=-7.8e+11
dp[11][467]=-7.8e+11
dp[12][467]=-7.8e+11
dp[13][467]=-7.8e+11
dp[14][467]=-7.8e+11
dp[15][467]=-7.8e+11
dp[16][467]=-7.8e+11
dp[17][467]=-7.8e+11
dp[18][467]=-7.8e+11
dp[19][467]=-7.8e+11
dp[20][467]=-7.3e+11
dp[21][467]=-2.3e+11
Select best dp
Best k=10
dp[2][467]=-303.245
dp[3][467]=-2.8e+11
dp[4][467]=-2.8e+11
dp[5][467]=-5.3e+11
dp[6][467]=-5.3e+11
dp[7][467]=-7.8e+11
dp[8][467]=-7.8e+11
dp[9][467]=-7.8e+11
dp[10][467]=-7.8e+11
dp[11][467]=-7.8e+11
dp[12][467]=-7.8e+11
dp[13][467]=-7.8e+11
dp[14][467]=-7.8e+11
dp[15][467]=-7.8e+11
dp[16][467]=-7.8e+11
dp[17][467]=-7.8e+11
dp[18][467]=-7.8e+11
dp[19][467]=-7.8e+11
dp[20][467]=-7.3e+11
dp[21][467]=-2.3e+11
Select best dp
Best k=10
dp[2][467]=-303.245
dp[3][467]=-590.054
dp[4][467]=-758.827
dp[5][467]=-900.706
dp[6][467]=-989.507
dp[7][467]=-1045.7
dp[8][467]=-1096
dp[9][467]=-1111.67
dp[10][467]=-1113.09
dp[11][467]=-1100.22
dp[12][467]=-1071.64
dp[13][467]=-1017.68
dp[14][467]=-803.442
Select best dp
Best k=10
dp[2][467]=184.454
dp[3][467]=276.681
dp[4][467]=368.908
dp[5][467]=461.135
dp[6][467]=553.362
dp[7][467]=645.589
dp[8][467]=737.816
dp[9][467]=830.043
dp[10][467]=922.27
dp[11][467]=1014.5
dp[12][467]=1106.72
dp[13][467]=1198.95
dp[14][467]=1291.18
dp[15][467]=1383.41
dp[16][467]=1475.63
dp[17][467]=1567.86
dp[18][467]=1660.09
dp[19][467]=1752.31
dp[20][467]=1844.54
dp[21][467]=1936.77
Select best dp
Best k=2
dp[2][467]=-47.0987
dp[3][467]=-1.4e+11
dp[4][467]=-1.4e+11
dp[5][467]=-2.65e+11
dp[6][467]=-2.65e+11
dp[7][467]=-3.9e+11
dp[8][467]=-3.9e+11
dp[9][467]=-3.9e+11
dp[10][467]=-3.9e+11
dp[11][467]=-3.9e+11
dp[12][467]=-3.9e+11
dp[13][467]=-3.9e+11
dp[14][467]=-3.9e+11
dp[15][467]=-3.9e+11
dp[16][467]=-3.9e+11
dp[17][467]=-3.9e+11
dp[18][467]=-3.9e+11
dp[19][467]=-3.9e+11
dp[20][467]=-3.65e+11
dp[21][467]=-1.15e+11
Select best dp
Best k=8
dp[2][467]=-303.245
dp[3][467]=-2.8e+11
dp[4][467]=-2.8e+11
dp[5][467]=-5.3e+11
dp[6][467]=-5.3e+11
dp[7][467]=-7.8e+11
dp[8][467]=-7.8e+11
dp[9][467]=-7.8e+11
dp[10][467]=-7.8e+11
dp[11][467]=-7.8e+11
dp[12][467]=-7.8e+11
dp[13][467]=-7.8e+11
dp[14][467]=-7.8e+11
dp[15][467]=-7.8e+11
dp[16][467]=-7.8e+11
dp[17][467]=-7.8e+11
dp[18][467]=-7.8e+11
dp[19][467]=-7.8e+11
dp[20][467]=-7.3e+11
dp[21][467]=-2.3e+11
Select best dp
Best k=10
dp[2][467]=-303.245
dp[3][467]=-2.8e+11
dp[4][467]=-4.8e+11
dp[5][467]=-5.4e+11
dp[6][467]=-7.3e+11
dp[7][467]=-8.5e+11
dp[8][467]=-1.02e+12
dp[9][467]=-1.1e+12
dp[10][467]=-1.27e+12
dp[11][467]=-1.38e+12
dp[12][467]=-1.55e+12
dp[13][467]=-1.63e+12
dp[14][467]=-1.8e+12
dp[15][467]=-1.88e+12
dp[16][467]=-2.05e+12
dp[17][467]=-2.12e+12
dp[18][467]=-2.29e+12
dp[19][467]=-2.29e+12
dp[20][467]=-2.43e+12
dp[21][467]=-2.53e+12
Select best dp
Best k=21
dp[2][467]=-303.245
dp[3][467]=-2.8e+11
dp[4][467]=-4.8e+11
dp[5][467]=-5.4e+11
dp[6][467]=-7.3e+11
dp[7][467]=-8.5e+11
dp[8][467]=-1.02e+12
dp[9][467]=-1.1e+12
dp[10][467]=-1.27e+12
dp[11][467]=-1.38e+12
dp[12][467]=-1.55e+12
dp[13][467]=-1.63e+12
dp[14][467]=-1.8e+12
dp[15][467]=-1.88e+12
dp[16][467]=-2.05e+12
dp[17][467]=-2.12e+12
dp[18][467]=-2.29e+12
dp[19][467]=-2.29e+12
dp[20][467]=-2.43e+12
dp[21][467]=-2.53e+12
Select best dp
Best k=21
dp[2][467]=-303.245
dp[2][467]=-303.245
dp[3][467]=-2.8e+11
dp[3][467]=-2.8e+11
dp[4][467]=-2.8e+11
dp[4][467]=-2.8e+11
dp[5][467]=-5.3e+11
dp[5][467]=-5.3e+11
dp[6][467]=-5.3e+11
dp[6][467]=-5.3e+11
dp[7][467]=-7.8e+11
dp[7][467]=-7.8e+11
dp[8][467]=-7.8e+11
dp[9][467]=-7.8e+11
dp[8][467]=-7.8e+11
dp[10][467]=-7.8e+11
dp[11][467]=-7.8e+11
dp[9][467]=-7.8e+11
dp[12][467]=-7.8e+11
dp[13][467]=-7.8e+11
dp[10][467]=-7.8e+11
dp[14][467]=-7.8e+11
dp[15][467]=-7.8e+11
dp[11][467]=-7.8e+11
dp[16][467]=-7.8e+11
dp[17][467]=-7.8e+11
dp[12][467]=-7.8e+11
dp[18][467]=-7.8e+11
dp[19][467]=-7.8e+11
dp[13][467]=-7.8e+11
dp[20][467]=-7.3e+11
dp[21][467]=-2.3e+11
dp[14][467]=-7.8e+11
Select best dp
Best k=10
dp[15][467]=-7.8e+11
dp[16][467]=-7.8e+11
dp[17][467]=-7.8e+11
dp[18][467]=-7.8e+11
dp[19][467]=-7.8e+11
dp[20][467]=-7.3e+11
dp[21][467]=-2.3e+11
Select best dp
Best k=10
dp[2][467]=-815.539
dp[3][467]=-5.6e+11
dp[4][467]=-5.6e+11
dp[5][467]=-1.06e+12
dp[6][467]=-1.06e+12
dp[7][467]=-1.56e+12
dp[8][467]=-1.56e+12
dp[9][467]=-1.56e+12
dp[2][467]=-303.245
dp[10][467]=-1.56e+12
dp[11][467]=-1.56e+12
dp[12][467]=-1.56e+12
dp[3][467]=-2.8e+11
dp[13][467]=-1.56e+12
dp[4][467]=-2.8e+11
dp[14][467]=-1.56e+12
dp[5][467]=-5.3e+11
dp[15][467]=-1.56e+12
dp[6][467]=-5.3e+11
dp[16][467]=-1.56e+12
dp[7][467]=-7.8e+11
dp[17][467]=-1.56e+12
dp[8][467]=-7.8e+11
dp[18][467]=-1.56e+12
dp[9][467]=-7.8e+11
dp[19][467]=-1.56e+12
dp[10][467]=-7.8e+11
dp[20][467]=-1.46e+12
dp[11][467]=-7.8e+11
dp[21][467]=-4.6e+11
dp[12][467]=-7.8e+11
Select best dp
dp[13][467]=-7.8e+11
Best k=15
dp[14][467]=-7.8e+11
dp[15][467]=-7.8e+11
dp[16][467]=-7.8e+11
dp[17][467]=-7.8e+11
dp[18][467]=-7.8e+11
dp[19][467]=-7.8e+11
dp[20][467]=-7.3e+11
dp[21][467]=-2.3e+11
Select best dp
Best k=10
dp[2][467]=-303.245
dp[3][467]=-2.8e+11
dp[4][467]=-4.8e+11
dp[5][467]=-5.6e+11
dp[6][467]=-7.3e+11
dp[7][467]=-8.5e+11
dp[8][467]=-1.04e+12
dp[9][467]=-1.12e+12
dp[10][467]=-1.29e+12
dp[11][467]=-1.41e+12
dp[12][467]=-1.58e+12
dp[13][467]=-1.66e+12
dp[14][467]=-1.83e+12
dp[15][467]=-1.94e+12
dp[16][467]=-2.11e+12
dp[17][467]=-2.19e+12
dp[18][467]=-2.36e+12
dp[19][467]=-2.45e+12
dp[20][467]=-2.61e+12
dp[21][467]=-2.7e+12
Select best dp
Best k=21
dp[2][467]=283.8
dp[3][467]=-2.8e+11
dp[4][467]=-2.8e+11
dp[5][467]=-5.3e+11
dp[6][467]=-5.3e+11
dp[7][467]=-7.8e+11
dp[8][467]=-7.8e+11
dp[9][467]=-7.8e+11
dp[10][467]=-7.8e+11
dp[11][467]=-7.8e+11
dp[12][467]=-7.8e+11
dp[13][467]=-7.8e+11
dp[14][467]=-7.8e+11
dp[15][467]=-7.8e+11
dp[16][467]=-7.8e+11
dp[17][467]=-7.8e+11
dp[18][467]=-7.8e+11
dp[19][467]=-7.8e+11
dp[20][467]=-7.3e+11
dp[21][467]=-2.3e+11
Select best dp
Best k=10
