Standardize ...
Stratifying 1-th numerical feature ...
Standardize ...
Stratifying 1-th numerical feature ...
Standardize ...
Stratifying 1-th numerical feature ...
Standardize ...
Stratifying 1-th numerical feature ...
Standardize ...
Stratifying 1-th numerical feature ...
Standardize ...
Stratifying 1-th numerical feature ...
Standardize ...
Stratifying 1-th numerical feature ...
Standardize ...
Stratifying 1-th numerical feature ...
Standardize ...
Stratifying 1-th numerical feature ...
Standardize ...
Stratifying 1-th numerical feature ...
Standardize ...
Stratifying 1-th numerical feature ...
Standardize ...
Stratifying 1-th numerical feature ...
Standardize ...
Stratifying 1-th numerical feature ...
Standardize ...
Stratifying 1-th numerical feature ...
dp[2][188]=89.4357
dp[3][188]=88.4385
dp[4][188]=147.156
dp[5][188]=238.998
dp[6][188]=341.774
dp[7][188]=463.328
dp[8][188]=593.349
dp[9][188]=724.061
dp[10][188]=862.978
dp[11][188]=1002.93
dp[12][188]=1141.95
dp[13][188]=1294.63
Select best dp
Best k=3
Stratifying 2-th numerical feature ...
dp[2][188]=229.381
dp[3][188]=334.466
dp[4][188]=456.825
dp[5][188]=591.845
dp[6][188]=735.683
dp[7][188]=889.729
dp[8][188]=1050.64
dp[9][188]=1212.78
dp[10][188]=1375.04
dp[11][188]=1538.45
dp[12][188]=1702.93
dp[13][188]=1871.02
Select best dp
Best k=2
Stratifying 2-th numerical feature ...
dp[2][188]=91.8387
dp[3][188]=118.549
dp[4][188]=179.805
dp[5][188]=266.385
dp[6][188]=370.6
dp[7][188]=495.23
dp[8][188]=633.582
dp[9][188]=774.402
dp[10][188]=915.47
dp[11][188]=1058.82
dp[12][188]=1204.32
dp[13][188]=1357.05
Select best dp
Best k=2
Stratifying 2-th numerical feature ...
dp[2][188]=91.8387
dp[3][188]=118.549
dp[4][188]=179.805
dp[5][188]=266.385
dp[6][188]=370.6
dp[7][188]=495.23
dp[8][188]=633.582
dp[9][188]=774.402
dp[10][188]=915.47
dp[11][188]=1058.82
dp[12][188]=1204.32
dp[13][188]=1357.05
Select best dp
Best k=2
Stratifying 2-th numerical feature ...
dp[2][188]=91.8387
dp[3][188]=118.549
dp[4][188]=179.805
dp[5][188]=266.385
dp[6][188]=370.6
dp[7][188]=495.881
dp[8][188]=644.348
dp[9][188]=797.067
Select best dp
Best k=2
Stratifying 2-th numerical feature ...
dp[2][188]=49.9277
dp[3][188]=7.2012
dp[4][188]=41.9976
dp[5][188]=135.418
dp[6][188]=232.41
dp[7][188]=347.195
dp[8][188]=469.845
dp[9][188]=603.692
dp[10][188]=738.003
dp[11][188]=878.226
dp[12][188]=1028.58
dp[13][188]=1184.24
Select best dp
Best k=3
Stratifying 3-th numerical feature ...
dp[2][188]=257.382
dp[3][188]=353.548
dp[4][188]=476.002
dp[5][188]=623.315
dp[6][188]=768.537
dp[7][188]=920.83
dp[8][188]=1075.69
dp[9][188]=1234.61
dp[10][188]=1394.4
dp[11][188]=1559.14
dp[12][188]=1729.1
dp[13][188]=1901.07
Select best dp
Best k=2
Stratifying 3-th numerical feature ...
dp[2][188]=366.922
dp[3][188]=550.383
dp[4][188]=733.845
dp[5][188]=917.306
dp[6][188]=1100.77
dp[7][188]=1284.23
dp[8][188]=1467.69
dp[9][188]=1651.15
dp[10][188]=1834.61
dp[11][188]=2018.07
dp[12][188]=2201.53
dp[13][188]=2384.99
Select best dp
Best k=2
Stratifying 2-th numerical feature ...
dp[2][188]=91.8387
dp[3][188]=118.549
dp[4][188]=179.805
dp[5][188]=266.385
dp[6][188]=370.6
dp[7][188]=495.23
dp[8][188]=633.582
dp[9][188]=774.402
dp[10][188]=915.47
dp[11][188]=1058.82
dp[12][188]=1204.32
dp[13][188]=1357.05
Select best dp
Best k=2
Stratifying 2-th numerical feature ...
dp[2][188]=-183.245
dp[3][188]=-313.285
dp[4][188]=-374.234
dp[5][188]=-384.536
dp[6][188]=-359.567
dp[7][188]=-293.769
dp[8][188]=-200.525
dp[9][188]=-102.347
dp[10][188]=-3.67198
dp[11][188]=99.5729
dp[12][188]=207.105
dp[13][188]=329.102
Select best dp
Best k=5
Stratifying 2-th numerical feature ...
dp[2][188]=91.8387
dp[3][188]=118.549
dp[4][188]=179.805
dp[5][188]=266.385
dp[6][188]=370.6
dp[7][188]=495.23
dp[8][188]=633.582
dp[9][188]=774.402
dp[10][188]=915.47
dp[11][188]=1058.82
dp[12][188]=1204.32
dp[13][188]=1357.05
Select best dp
Best k=2
dp[2][188]=91.8387
dp[3][188]=118.549
dp[4][188]=179.805
dp[5][188]=266.385
dp[6][188]=370.6
dp[7][188]=495.23
dp[8][188]=633.582
dp[9][188]=774.402
dp[10][188]=915.47
dp[11][188]=1058.82
dp[12][188]=1204.32
dp[13][188]=1357.05
Select best dp
Best k=2
Stratifying 2-th numerical feature ...
dp[2][188]=84.8219
dp[3][188]=92.6604
dp[4][188]=146.484
dp[5][188]=235.7
dp[6][188]=333.081
dp[7][188]=454.852
dp[8][188]=583.187
dp[9][188]=716.702
dp[10][188]=853.556
dp[11][188]=991.173
dp[12][188]=1131.9
dp[13][188]=1280.76
Select best dp
Best k=2
Stratifying 2-th numerical feature ...
Stratifying 2-th numerical feature ...
dp[2][188]=147.843
dp[3][188]=156.713
dp[4][188]=218.159
dp[5][188]=329.324
dp[6][188]=436.307
dp[7][188]=557.432
dp[8][188]=683.686
dp[9][188]=818.063
dp[10][188]=954.189
dp[11][188]=1100.21
dp[12][188]=1256.67
dp[13][188]=1417.14
Select best dp
Best k=2
Stratifying 3-th numerical feature ...
dp[2][188]=147.843
dp[3][188]=156.713
dp[4][188]=218.159
dp[5][188]=329.324
dp[6][188]=436.307
dp[7][188]=557.432
dp[8][188]=683.686
dp[9][188]=818.063
dp[10][188]=954.189
dp[11][188]=1100.21
dp[12][188]=1256.67
dp[13][188]=1417.14
Select best dp
Best k=2
Stratifying 3-th numerical feature ...
dp[2][188]=91.8387
dp[3][188]=118.549
dp[4][188]=179.805
dp[5][188]=266.385
dp[6][188]=370.6
dp[7][188]=495.23
dp[8][188]=631.663
dp[9][188]=768.945
dp[10][188]=905.378
dp[11][188]=1043.74
dp[12][188]=1187.39
dp[13][188]=1337.93
Select best dp
Best k=2
dp[2][188]=147.843
dp[3][188]=156.713
dp[4][188]=218.159
dp[5][188]=329.324
dp[6][188]=443.444
dp[7][188]=566.336
dp[8][188]=692.737
dp[9][188]=836.371
Select best dp
Best k=2
Stratifying 2-th numerical feature ...
Stratifying 3-th numerical feature ...
dp[2][188]=91.8387
dp[3][188]=118.549
dp[4][188]=179.805
dp[5][188]=266.385
dp[6][188]=370.6
dp[7][188]=495.23
dp[8][188]=631.663
dp[9][188]=768.945
dp[10][188]=905.378
dp[11][188]=1043.74
dp[12][188]=1187.39
dp[13][188]=1337.93
Select best dp
Best k=2
Stratifying 2-th numerical feature ...
dp[2][188]=91.8387
dp[3][188]=118.549
dp[4][188]=179.805
dp[5][188]=266.385
dp[6][188]=370.6
dp[7][188]=495.23
dp[8][188]=631.663
dp[9][188]=768.945
dp[10][188]=905.378
dp[11][188]=1043.74
dp[12][188]=1187.39
dp[13][188]=1337.93
Select best dp
Best k=2
Stratifying 2-th numerical feature ...
dp[2][188]=-475.758
dp[3][188]=-562.895
dp[4][188]=-528.94
dp[5][188]=-460.978
dp[6][188]=-365.886
dp[7][188]=-262.319
dp[8][188]=-137.162
dp[9][188]=-11.3284
dp[10][188]=117.539
dp[11][188]=253.657
dp[12][188]=398.755
dp[13][188]=555.028
Select best dp
Best k=3
Stratifying 4-th numerical feature ...
dp[2][188]=117.46
dp[3][188]=195.802
dp[4][188]=321.277
dp[5][188]=459.768
dp[6][188]=600.859
dp[7][188]=745.383
dp[8][188]=900.701
dp[9][188]=1060.15
dp[10][188]=1220.05
dp[11][188]=1380.14
dp[12][188]=1548.46
dp[13][188]=1718.58
Select best dp
Best k=2
Stratifying 4-th numerical feature ...
dp[2][188]=-132.001
dp[3][188]=-158.78
dp[4][188]=-91.2908
dp[5][188]=2.23117
dp[6][188]=100.952
dp[7][188]=206.538
dp[8][188]=333.713
dp[9][188]=469.16
dp[10][188]=605.493
dp[11][188]=742.212
dp[12][188]=895.388
dp[13][188]=1052.16
Select best dp
Best k=3
dp[2][188]=-132.001
dp[3][188]=-158.78
dp[4][188]=-91.2908
dp[5][188]=4.64247
dp[6][188]=109.131
dp[7][188]=220.917
dp[8][188]=358.01
dp[9][188]=514.609
Select best dp
Best k=3
Stratifying 4-th numerical feature ...
Stratifying 4-th numerical feature ...
dp[2][188]=-132.001
dp[3][188]=-158.78
dp[4][188]=-91.2908
dp[5][188]=2.23117
dp[6][188]=100.952
dp[7][188]=206.538
dp[8][188]=333.713
dp[9][188]=469.16
dp[10][188]=605.493
dp[11][188]=742.212
dp[12][188]=895.388
dp[13][188]=1052.16
Select best dp
Best k=3
Stratifying 4-th numerical feature ...
dp[2][188]=60.4649
dp[3][188]=22.41
dp[4][188]=51.1747
dp[5][188]=143.41
dp[6][188]=241.939
dp[7][188]=358.854
dp[8][188]=481.806
dp[9][188]=612.149
dp[10][188]=746.481
dp[11][188]=885.008
dp[12][188]=1037.11
dp[13][188]=1191.39
Select best dp
Best k=3
Stratifying 3-th numerical feature ...
dp[2][188]=-2118.95
dp[3][188]=-2231.46
dp[4][188]=-2298.21
dp[5][188]=-2281.35
dp[6][188]=-2255.69
dp[7][188]=-2159.85
dp[8][188]=-2055.92
dp[9][188]=-1945.09
dp[10][188]=-1811.38
dp[11][188]=-1670.38
dp[12][188]=-1506.81
dp[13][188]=-1333.08
Select best dp
Best k=4
Stratifying 5-th numerical feature ...
dp[2][188]=-1479.35
dp[3][188]=-1489.18
dp[4][188]=-1467.45
dp[5][188]=-1406.1
dp[6][188]=-1322.18
dp[7][188]=-1186.11
dp[8][188]=-1052.4
dp[9][188]=-916.336
dp[10][188]=-759.1
dp[11][188]=-595.396
dp[12][188]=-420.519
dp[13][188]=-223.999
Select best dp
Best k=3
Stratifying 5-th numerical feature ...
dp[2][188]=366.922
dp[3][188]=550.383
dp[4][188]=733.845
dp[5][188]=917.306
dp[6][188]=1100.77
dp[7][188]=1284.23
dp[8][188]=1467.69
dp[9][188]=1651.15
dp[10][188]=1834.61
dp[11][188]=2018.07
dp[12][188]=2201.53
dp[13][188]=2384.99
Select best dp
Best k=2
Stratifying 3-th numerical feature ...
dp[2][188]=147.843
dp[3][188]=156.713
dp[4][188]=218.159
dp[5][188]=329.324
dp[6][188]=436.307
dp[7][188]=557.432
dp[8][188]=683.686
dp[9][188]=818.063
dp[10][188]=954.189
dp[11][188]=1100.21
dp[12][188]=1256.67
dp[13][188]=1417.14
Select best dp
Best k=2
Stratifying 3-th numerical feature ...
dp[2][188]=-2118.95
dp[3][188]=-2231.46
dp[4][188]=-2257.33
dp[5][188]=-2230.67
dp[6][188]=-2203.5
dp[7][188]=-2100.89
dp[8][188]=-1984.67
dp[9][188]=-1858.64
Select best dp
Best k=4
Stratifying 5-th numerical feature ...
dp[2][188]=-71.2371
dp[3][188]=-236.957
dp[4][188]=-297.527
dp[5][188]=-258.657
dp[6][188]=-228.152
dp[7][188]=-169.364
dp[8][188]=-100.318
dp[9][188]=-15.0243
dp[10][188]=73.7665
dp[11][188]=182.34
dp[12][188]=311.806
dp[13][188]=449.284
Select best dp
Best k=4
dp[2][188]=147.843
dp[3][188]=156.713
dp[4][188]=218.159
dp[5][188]=329.324
dp[6][188]=436.307
dp[7][188]=557.432
dp[8][188]=683.686
dp[9][188]=818.063
dp[10][188]=954.189
dp[11][188]=1100.21
dp[12][188]=1256.67
dp[13][188]=1417.14
Select best dp
Best k=2
dp[2][188]=147.843
Stratifying 3-th numerical feature ...
dp[3][188]=156.713
dp[4][188]=218.159
dp[5][188]=329.324
dp[6][188]=436.307
dp[7][188]=557.432
dp[8][188]=683.686
dp[9][188]=818.063
dp[10][188]=954.189
dp[11][188]=1100.21
dp[12][188]=1256.67
dp[13][188]=1417.14
Select best dp
Best k=2
Stratifying 3-th numerical feature ...
Stratifying 3-th numerical feature ...
dp[2][188]=-2118.95
dp[3][188]=-2231.46
dp[4][188]=-2298.21
dp[5][188]=-2281.35
dp[6][188]=-2255.69
dp[7][188]=-2159.85
dp[8][188]=-2055.92
dp[9][188]=-1945.09
dp[10][188]=-1811.38
dp[11][188]=-1670.38
dp[12][188]=-1506.81
dp[13][188]=-1333.08
Select best dp
Best k=4
Stratifying 5-th numerical feature ...
dp[2][188]=-2118.95
dp[3][188]=-2231.46
dp[4][188]=-2298.21
dp[5][188]=-2281.35
dp[6][188]=-2255.69
dp[7][188]=-2159.85
dp[8][188]=-2055.92
dp[9][188]=-1945.09
dp[10][188]=-1811.38
dp[11][188]=-1670.38
dp[12][188]=-1506.81
dp[13][188]=-1333.08
Select best dp
Best k=4
Stratifying 5-th numerical feature ...
dp[2][188]=-264.228
dp[3][188]=-323.493
dp[4][188]=-272.105
dp[5][188]=-200.766
dp[6][188]=-113.103
dp[7][188]=-8.58346
dp[8][188]=117.462
dp[9][188]=245.218
dp[10][188]=376.413
dp[11][188]=513.206
dp[12][188]=662.745
dp[13][188]=817.956
Select best dp
Best k=3
Stratifying 4-th numerical feature ...
dp[2][188]=147.843
dp[3][188]=156.713
dp[4][188]=218.159
dp[5][188]=329.324
dp[6][188]=433.711
dp[7][188]=554.836
dp[8][188]=681.065
dp[9][188]=814.211
dp[10][188]=948.806
dp[11][188]=1088.52
dp[12][188]=1237.87
dp[13][188]=1389.69
Select best dp
Best k=2
Stratifying 3-th numerical feature ...
dp[2][188]=-159.376
dp[3][188]=-204.243
dp[4][188]=-154.149
dp[5][188]=-75.3861
dp[6][188]=34.2934
dp[7][188]=157.542
dp[8][188]=292.585
dp[9][188]=440.145
Select best dp
Best k=3
Stratifying 6-th numerical feature ...
dp[2][188]=103.773
dp[3][188]=173.07
dp[4][188]=289.848
dp[5][188]=420.96
dp[6][188]=567.521
dp[7][188]=720.876
dp[8][188]=876.641
dp[9][188]=1034.36
dp[10][188]=1194.31
dp[11][188]=1354.29
dp[12][188]=1516.17
dp[13][188]=1689.29
Select best dp
Best k=2
Stratifying 6-th numerical feature ...
dp[2][188]=-195.217
dp[3][188]=-272.64
dp[4][188]=-268.796
dp[5][188]=-209.466
dp[6][188]=-106.786
dp[7][188]=2.13227
dp[8][188]=128.656
dp[9][188]=257.233
dp[10][188]=389.21
dp[11][188]=526.923
dp[12][188]=665.283
dp[13][188]=825.97
Select best dp
Best k=3
Stratifying 6-th numerical feature ...
dp[2][188]=147.843
dp[3][188]=156.713
dp[4][188]=218.159
dp[5][188]=329.324
dp[6][188]=433.711
dp[7][188]=554.836
dp[8][188]=681.065
dp[9][188]=814.211
dp[10][188]=948.806
dp[11][188]=1088.52
dp[12][188]=1234.96
dp[13][188]=1381.61
Select best dp
Best k=2
Stratifying 3-th numerical feature ...
dp[2][188]=-159.376
dp[3][188]=-204.243
dp[4][188]=-154.149
dp[5][188]=-75.3861
dp[6][188]=34.2743
dp[7][188]=157.523
dp[8][188]=285.593
dp[9][188]=417.561
dp[10][188]=554.01
dp[11][188]=690.516
dp[12][188]=830.814
dp[13][188]=993.592
Select best dp
Best k=3
Stratifying 6-th numerical feature ...
dp[2][188]=-159.376
dp[3][188]=-204.243
dp[4][188]=-154.149
dp[5][188]=-75.3861
dp[6][188]=34.2743
dp[7][188]=157.523
dp[8][188]=285.593
dp[9][188]=417.561
dp[10][188]=554.01
dp[11][188]=690.516
dp[12][188]=830.814
dp[13][188]=993.592
Select best dp
Best k=3
Stratifying 6-th numerical feature ...
dp[2][188]=147.843
dp[3][188]=156.713
dp[4][188]=218.159
dp[5][188]=329.324
dp[6][188]=433.711
dp[7][188]=554.836
dp[8][188]=681.065
dp[9][188]=814.211
dp[10][188]=948.806
dp[11][188]=1088.52
dp[12][188]=1234.96
dp[13][188]=1381.61
Select best dp
Best k=2
Stratifying 3-th numerical feature ...
dp[2][188]=-2213.85
dp[3][188]=-2417.79
dp[4][188]=-2430.5
dp[5][188]=-2393.4
dp[6][188]=-2296.83
dp[7][188]=-2189.9
dp[8][188]=-2076.89
dp[9][188]=-1952.8
Select best dp
Best k=4
Stratifying 7-th numerical feature ...
dp[2][188]=366.922
dp[3][188]=550.383
dp[4][188]=733.845
dp[5][188]=917.306
dp[6][188]=1100.77
dp[7][188]=1284.23
dp[8][188]=1467.69
dp[9][188]=1651.15
dp[10][188]=1834.61
dp[11][188]=2018.07
dp[12][188]=2201.53
dp[13][188]=2384.99
Select best dp
Best k=2
dp[2][188]=-1448.25
dp[3][188]=-1533.99
dp[4][188]=-1489.48
dp[5][188]=-1399.2
dp[6][188]=-1276.44
dp[7][188]=-1138.43
dp[8][188]=-999.588
dp[9][188]=-858.32
dp[10][188]=-703.731
dp[11][188]=-539.133
dp[12][188]=-364.912
dp[13][188]=-175.491
Select best dp
Best k=3
Stratifying 7-th numerical feature ...
Stratifying 4-th numerical feature ...
dp[2][188]=-132.001
dp[3][188]=-158.78
dp[4][188]=-91.2908
dp[5][188]=2.23117
dp[6][188]=100.952
dp[7][188]=206.538
dp[8][188]=333.713
dp[9][188]=469.16
dp[10][188]=605.493
dp[11][188]=742.212
dp[12][188]=895.388
dp[13][188]=1052.16
Select best dp
Best k=3
Stratifying 4-th numerical feature ...
dp[2][188]=-1671.4
dp[3][188]=-1772.47
dp[4][188]=-1811.52
dp[5][188]=-1773.5
dp[6][188]=-1732.79
dp[7][188]=-1629.86
dp[8][188]=-1515.42
dp[9][188]=-1401.59
dp[10][188]=-1268.88
dp[11][188]=-1125.06
dp[12][188]=-965.27
dp[13][188]=-804.883
Select best dp
Best k=4
Stratifying 5-th numerical feature ...
dp[2][188]=-132.001
dp[3][188]=-158.78
dp[4][188]=-91.2908
dp[5][188]=2.23117
dp[6][188]=100.952
dp[7][188]=206.538
dp[8][188]=333.713
dp[9][188]=469.16
dp[10][188]=605.493
dp[11][188]=742.212
dp[12][188]=895.388
dp[13][188]=1052.16
Select best dp
Best k=3
dp[2][188]=-2233.56
dp[3][188]=-2449.03
dp[4][188]=-2468.81
dp[5][188]=-2432.13
dp[6][188]=-2350.05
dp[7][188]=-2244.87
dp[8][188]=-2137.94
dp[9][188]=-2028.55
dp[10][188]=-1897.03
dp[11][188]=-1748.82
dp[12][188]=-1590.01
dp[13][188]=-1414.69
Select best dp
Best k=4
Stratifying 7-th numerical feature ...
Stratifying 4-th numerical feature ...
dp[2][188]=-132.001
dp[3][188]=-158.78
dp[4][188]=-91.2908
dp[5][188]=2.23117
dp[6][188]=100.952
dp[7][188]=206.538
dp[8][188]=333.713
dp[9][188]=469.16
dp[10][188]=605.493
dp[11][188]=742.212
dp[12][188]=895.388
dp[13][188]=1052.16
Select best dp
Best k=3
Stratifying 4-th numerical feature ...
dp[2][188]=-630.925
dp[3][188]=-867.944
dp[4][188]=-916.426
dp[5][188]=-912.843
dp[6][188]=-898.863
dp[7][188]=-871.151
dp[8][188]=-800.262
dp[9][188]=-712.831
dp[10][188]=-623.625
dp[11][188]=-533.648
dp[12][188]=-410.757
dp[13][188]=-280.678
Select best dp
Best k=4
Stratifying 4-th numerical feature ...
dp[2][188]=-2233.56
dp[3][188]=-2449.03
dp[4][188]=-2468.81
dp[5][188]=-2432.13
dp[6][188]=-2350.05
dp[7][188]=-2244.87
dp[8][188]=-2137.94
dp[9][188]=-2028.55
dp[10][188]=-1897.03
dp[11][188]=-1748.82
dp[12][188]=-1590.01
dp[13][188]=-1414.69
Select best dp
Best k=4
Stratifying 7-th numerical feature ...
dp[2][188]=-2233.56
dp[3][188]=-2449.03
dp[4][188]=-2468.81
dp[5][188]=-2432.13
dp[6][188]=-2350.05
dp[7][188]=-2244.87
dp[8][188]=-2137.94
dp[9][188]=-2028.55
dp[10][188]=-1897.03
dp[11][188]=-1748.82
dp[12][188]=-1590.01
dp[13][188]=-1414.69
Select best dp
Best k=4
Stratifying 7-th numerical feature ...
dp[2][188]=-292.015
dp[3][188]=-447.435
dp[4][188]=-593.373
dp[5][188]=-571.812
dp[6][188]=-503.91
dp[7][188]=-418.005
dp[8][188]=-288.939
dp[9][188]=-146.227
Select best dp
Best k=4
Stratifying 8-th numerical feature ...
dp[2][188]=-98.0984
dp[3][188]=-146.651
dp[4][188]=-187.785
dp[5][188]=-114.447
dp[6][188]=-10.8166
dp[7][188]=108.836
dp[8][188]=232.223
dp[9][188]=362.73
dp[10][188]=506.242
dp[11][188]=655.795
dp[12][188]=809.093
dp[13][188]=987.773
Select best dp
Best k=4
Stratifying 8-th numerical feature ...
dp[2][188]=-265.028
dp[3][188]=-399.527
dp[4][188]=-526.705
dp[5][188]=-499.095
dp[6][188]=-423.675
dp[7][188]=-333.293
dp[8][188]=-233.696
dp[9][188]=-124.845
dp[10][188]=3.62896
dp[11][188]=134.334
dp[12][188]=272.888
dp[13][188]=448.896
Select best dp
Best k=4
Stratifying 8-th numerical feature ...
dp[2][188]=-132.001
dp[3][188]=-1e+11
dp[4][188]=-1e+11
dp[5][188]=-1e+11
dp[6][188]=-1e+11
dp[7][188]=-1e+11
dp[8][188]=-1e+11
dp[9][188]=-1e+11
dp[10][188]=-1e+11
dp[11][188]=-1e+11
dp[12][188]=-1e+11
dp[13][188]=-1e+11
Select best dp
Best k=4
Stratifying 4-th numerical feature ...
dp[2][188]=-278.013
dp[3][188]=-420.768
dp[4][188]=-559.465
dp[5][188]=-536.234
dp[6][188]=-465.373
dp[7][188]=-377.558
dp[8][188]=-279.997
dp[9][188]=-173.417
dp[10][188]=-46.3662
dp[11][188]=82.983
dp[12][188]=221.045
dp[13][188]=398.915
Select best dp
Best k=4
Stratifying 8-th numerical feature ...
dp[2][188]=-290.86
dp[3][188]=-441.795
dp[4][188]=-570.33
dp[5][188]=-582.973
dp[6][188]=-513.175
dp[7][188]=-427.617
dp[8][188]=-293.763
dp[9][188]=-145.41
Select best dp
Best k=5
Stratifying 9-th numerical feature ...
dp[2][188]=-278.013
dp[3][188]=-420.768
dp[4][188]=-559.465
dp[5][188]=-536.234
dp[6][188]=-465.373
dp[7][188]=-377.558
dp[8][188]=-279.997
dp[9][188]=-173.417
dp[10][188]=-46.3662
dp[11][188]=82.983
dp[12][188]=221.045
dp[13][188]=398.915
Select best dp
Best k=4
Stratifying 8-th numerical feature ...
dp[2][188]=-342.033
dp[3][188]=-417.051
dp[4][188]=-391.447
dp[5][188]=-329.09
dp[6][188]=-226.602
dp[7][188]=-119.423
dp[8][188]=-2.86027
dp[9][188]=121.971
dp[10][188]=256.066
dp[11][188]=389.077
dp[12][188]=526.815
dp[13][188]=688.598
Select best dp
Best k=3
Stratifying 6-th numerical feature ...
dp[2][188]=-97.7142
dp[3][188]=-145.661
dp[4][188]=-169.422
dp[5][188]=-119.039
dp[6][188]=-14.7853
dp[7][188]=107.39
dp[8][188]=238.497
dp[9][188]=373.156
dp[10][188]=519.65
dp[11][188]=668.116
dp[12][188]=817.147
dp[13][188]=1014.59
Select best dp
Best k=4
Stratifying 9-th numerical feature ...
dp[2][188]=-132.001
dp[3][188]=-1e+11
dp[4][188]=-1.2e+11
dp[5][188]=-1.8e+11
dp[6][188]=-2.2e+11
dp[7][188]=-2.5e+11
dp[8][188]=-3e+11
dp[9][188]=-3.1e+11
dp[10][188]=-3.7e+11
dp[11][188]=-3.7e+11
dp[12][188]=-4.3e+11
dp[13][188]=-4.3e+11
Select best dp
Best k=12
Stratifying 4-th numerical feature ...
dp[2][188]=-839.761
dp[3][188]=-746.911
dp[4][188]=-645.925
dp[5][188]=-535.701
dp[6][188]=-397.048
dp[7][188]=-232.778
dp[8][188]=-69.4672
dp[9][188]=109.221
dp[10][188]=288.857
dp[11][188]=469.614
dp[12][188]=657.691
dp[13][188]=884.975
Select best dp
Best k=2
Stratifying 5-th numerical feature ...
dp[2][188]=-2118.95
dp[3][188]=-2231.46
dp[4][188]=-2298.21
dp[5][188]=-2281.35
dp[6][188]=-2255.69
dp[7][188]=-2159.85
dp[8][188]=-2055.92
dp[9][188]=-1945.09
dp[10][188]=-1811.38
dp[11][188]=-1670.38
dp[12][188]=-1506.81
dp[13][188]=-1333.08
Select best dp
Best k=4
Stratifying 5-th numerical feature ...
dp[2][188]=-290.325
dp[3][188]=-452.954
dp[4][188]=-555.354
dp[5][188]=-499.791
dp[6][188]=-444.471
dp[7][188]=-376.238
dp[8][188]=-250
dp[9][188]=-73.3158
Select best dp
Best k=4
dp[2][188]=-932.077
dp[3][188]=-985.006
dp[4][188]=-967.338
dp[5][188]=-899.091
dp[6][188]=-811.244
dp[7][188]=-694.16
dp[8][188]=-569.534
dp[9][188]=-437.824
dp[10][188]=-304.154
dp[11][188]=-165.062
dp[12][188]=-4.26648
dp[13][188]=159.538
Select best dp
Best k=3
Stratifying 10-th numerical feature ...
Stratifying 5-th numerical feature ...
dp[2][188]=-265.006
dp[3][188]=-395.781
dp[4][188]=-515.666
dp[5][188]=-515.245
dp[6][188]=-439.038
dp[7][188]=-350.844
dp[8][188]=-243.916
dp[9][188]=-135.693
dp[10][188]=-11.9411
dp[11][188]=115.112
dp[12][188]=249.29
dp[13][188]=441.896
Select best dp
Best k=4
Stratifying 9-th numerical feature ...
dp[2][188]=-2118.95
dp[3][188]=-2231.46
dp[4][188]=-2298.21
dp[5][188]=-2281.35
dp[6][188]=-2255.69
dp[7][188]=-2159.85
dp[8][188]=-2055.92
dp[9][188]=-1945.09
dp[10][188]=-1811.38
dp[11][188]=-1670.38
dp[12][188]=-1506.81
dp[13][188]=-1333.08
Select best dp
Best k=4
Stratifying 5-th numerical feature ...
dp[2][188]=-277.806
dp[3][188]=-416.693
dp[4][188]=-543.508
dp[5][188]=-550.93
dp[6][188]=-479.136
dp[7][188]=-392.496
dp[8][188]=-286.886
dp[9][188]=-179.989
dp[10][188]=-54.6482
dp[11][188]=73.056
dp[12][188]=205.466
dp[13][188]=399.263
Select best dp
Best k=5
Stratifying 9-th numerical feature ...
dp[2][188]=-3398.14
dp[3][188]=-3743.29
dp[4][188]=-3968.52
dp[5][188]=-4064.13
dp[6][188]=-4152.71
dp[7][188]=-4121.26
dp[8][188]=-4071.89
dp[9][188]=-4016.38
dp[10][188]=-3932.63
dp[11][188]=-3823.65
dp[12][188]=-3692.27
dp[13][188]=-3551.25
Select best dp
Best k=6
Stratifying 5-th numerical feature ...
dp[2][188]=-277.806
dp[3][188]=-416.693
dp[4][188]=-543.508
dp[5][188]=-550.93
dp[6][188]=-479.136
dp[7][188]=-392.496
dp[8][188]=-286.886
dp[9][188]=-179.989
dp[10][188]=-54.6482
dp[11][188]=73.056
dp[12][188]=205.466
dp[13][188]=399.263
Select best dp
Best k=5
Stratifying 9-th numerical feature ...
dp[2][188]=-132.001
dp[3][188]=-1e+11
dp[4][188]=-1.5e+11
dp[5][188]=-2.1e+11
dp[6][188]=-2.6e+11
dp[7][188]=-2.8e+11
dp[8][188]=-3.3e+11
dp[9][188]=-3.7e+11
dp[10][188]=-4e+11
dp[11][188]=-4.4e+11
dp[12][188]=-4.8e+11
dp[13][188]=-5.1e+11
Select best dp
Best k=13
Stratifying 4-th numerical feature ...
dp[2][188]=-1790.57
dp[3][188]=-1969.94
dp[4][188]=-1980.16
dp[5][188]=-1916.88
dp[6][188]=-1831.2
dp[7][188]=-1725.9
dp[8][188]=-1615.01
dp[9][188]=-1498.07
dp[10][188]=-1365.01
dp[11][188]=-1216.29
dp[12][188]=-1063.4
dp[13][188]=-899.134
Select best dp
Best k=4
Stratifying 7-th numerical feature ...
dp[2][188]=-97.6233
dp[3][188]=-148.177
dp[4][188]=-160.771
dp[5][188]=-75.0273
dp[6][188]=27.4287
dp[7][188]=130.301
dp[8][188]=255.318
dp[9][188]=400.166
dp[10][188]=547.174
dp[11][188]=705.657
dp[12][188]=865.532
dp[13][188]=1045.14
Select best dp
Best k=4
Stratifying 10-th numerical feature ...
dp[2][188]=-259.252
dp[3][188]=-442.292
dp[4][188]=-593.886
dp[5][188]=-568.439
dp[6][188]=-500.385
dp[7][188]=-397.003
dp[8][188]=-275.45
dp[9][188]=-75.3879
Select best dp
Best k=4
Stratifying 11-th numerical feature ...
dp[2][188]=-263.163
dp[3][188]=-403.072
dp[4][188]=-486.368
dp[5][188]=-434.29
dp[6][188]=-377.019
dp[7][188]=-301.69
dp[8][188]=-200.718
dp[9][188]=-78.4292
dp[10][188]=57.0637
dp[11][188]=196.969
dp[12][188]=339.39
dp[13][188]=504.421
Select best dp
Best k=4
Stratifying 10-th numerical feature ...
dp[2][188]=-276.375
dp[3][188]=-424.583
dp[4][188]=-520.014
dp[5][188]=-472.273
dp[6][188]=-417.636
dp[7][188]=-347.23
dp[8][188]=-249.159
dp[9][188]=-126.114
dp[10][188]=7.52685
dp[11][188]=147.379
dp[12][188]=288.963
dp[13][188]=454.411
Select best dp
Best k=4
Stratifying 10-th numerical feature ...
dp[2][188]=-276.375
dp[3][188]=-424.583
dp[4][188]=-520.014
dp[5][188]=-472.273
dp[6][188]=-417.636
dp[7][188]=-347.23
dp[8][188]=-249.159
dp[9][188]=-126.114
dp[10][188]=7.52685
dp[11][188]=147.379
dp[12][188]=288.963
dp[13][188]=454.411
Select best dp
Best k=4
Stratifying 10-th numerical feature ...
dp[2][188]=-2118.95
dp[3][188]=-2231.46
dp[4][188]=-2335.94
dp[5][188]=-2319.08
dp[6][188]=-2293.41
dp[7][188]=-2197.58
dp[8][188]=-2093.64
dp[9][188]=-1982.82
dp[10][188]=-1856.22
dp[11][188]=-1717.86
dp[12][188]=-1579.76
dp[13][188]=-1438.8
Select best dp
Best k=4
Stratifying 5-th numerical feature ...
dp[2][188]=-98.9221
dp[3][188]=-131.236
dp[4][188]=-101.489
dp[5][188]=-35.9689
dp[6][188]=57.2858
dp[7][188]=157.078
dp[8][188]=285.129
dp[9][188]=422.991
Select best dp
Best k=3
Stratifying 12-th numerical feature ...
dp[2][188]=-78.2533
dp[3][188]=-138.232
dp[4][188]=-185.8
dp[5][188]=-108.115
dp[6][188]=-2.65073
dp[7][188]=131.625
dp[8][188]=269.245
dp[9][188]=409.24
dp[10][188]=553.527
dp[11][188]=694.194
dp[12][188]=849.852
dp[13][188]=1030.3
Select best dp
Best k=4
Stratifying 11-th numerical feature ...
dp[2][188]=366.922
dp[3][188]=550.383
dp[4][188]=733.845
dp[5][188]=917.306
dp[6][188]=1100.77
dp[7][188]=1284.23
dp[8][188]=1467.69
dp[9][188]=1651.15
dp[10][188]=1834.61
dp[11][188]=2018.07
dp[12][188]=2201.53
dp[13][188]=2384.99
Select best dp
Best k=2
Stratifying 6-th numerical feature ...
dp[2][188]=-248.828
dp[3][188]=-379.569
dp[4][188]=-499.939
dp[5][188]=-467.45
dp[6][188]=-389.871
dp[7][188]=-297.868
dp[8][188]=-196.333
dp[9][188]=-85.1969
dp[10][188]=42.3231
dp[11][188]=177.849
dp[12][188]=317.092
dp[13][188]=492.973
Select best dp
Best k=4
Stratifying 8-th numerical feature ...
dp[2][188]=-159.376
dp[3][188]=-204.243
dp[4][188]=-154.149
dp[5][188]=-75.3861
dp[6][188]=34.2743
dp[7][188]=157.523
dp[8][188]=285.593
dp[9][188]=417.561
dp[10][188]=554.01
dp[11][188]=690.516
dp[12][188]=830.814
dp[13][188]=993.592
Select best dp
Best k=3
dp[2][188]=-218.928
dp[3][188]=-385.026
dp[4][188]=-517.043
dp[5][188]=-484.005
dp[6][188]=-407.491
dp[7][188]=-300.619
dp[8][188]=-185.276
dp[9][188]=-68.2649
dp[10][188]=49.3326
dp[11][188]=172.232
dp[12][188]=311.045
dp[13][188]=486.029
Select best dp
Best k=4
Stratifying 11-th numerical feature ...
Stratifying 6-th numerical feature ...
dp[2][188]=-159.376
dp[3][188]=-204.243
dp[4][188]=-154.149
dp[5][188]=-75.3861
dp[6][188]=34.2743
dp[7][188]=157.523
dp[8][188]=285.593
dp[9][188]=417.561
dp[10][188]=554.01
dp[11][188]=690.516
dp[12][188]=830.814
dp[13][188]=993.592
Select best dp
Best k=3
Stratifying 6-th numerical feature ...
dp[2][188]=-242.816
dp[3][188]=-421.567
dp[4][188]=-566.105
dp[5][188]=-539.526
dp[6][188]=-468.42
dp[7][188]=-363.975
dp[8][188]=-250.19
dp[9][188]=-135.401
dp[10][188]=-18.6161
dp[11][188]=102.079
dp[12][188]=239.824
dp[13][188]=417.048
Select best dp
Best k=4
Stratifying 11-th numerical feature ...
dp[2][188]=-159.376
dp[3][188]=-204.243
dp[4][188]=-154.149
dp[5][188]=-75.3861
dp[6][188]=34.2743
dp[7][188]=157.523
dp[8][188]=285.593
dp[9][188]=417.561
dp[10][188]=554.01
dp[11][188]=690.516
dp[12][188]=830.814
dp[13][188]=993.592
Select best dp
Best k=3
Stratifying 6-th numerical feature ...
dp[2][188]=-242.816
dp[3][188]=-421.567
dp[4][188]=-566.105
dp[5][188]=-539.526
dp[6][188]=-468.42
dp[7][188]=-363.975
dp[8][188]=-250.19
dp[9][188]=-135.401
dp[10][188]=-18.6161
dp[11][188]=102.079
dp[12][188]=239.824
dp[13][188]=417.048
Select best dp
Best k=4
Stratifying 11-th numerical feature ...
dp[2][188]=-685.674
dp[3][188]=-958.87
dp[4][188]=-1042.14
dp[5][188]=-1068.08
dp[6][188]=-1032.22
dp[7][188]=-969.182
dp[8][188]=-896.504
dp[9][188]=-816.027
dp[10][188]=-726.592
dp[11][188]=-637.04
dp[12][188]=-539.906
dp[13][188]=-397.811
Select best dp
Best k=5
Stratifying 6-th numerical feature ...
dp[2][188]=-154.286
dp[3][188]=-148.827
dp[4][188]=-120.348
dp[5][188]=-74.0855
dp[6][188]=-22.7266
dp[7][188]=89.5627
dp[8][188]=206.266
dp[9][188]=372.384
Select best dp
Best k=2
Stratifying 13-th numerical feature ...
dp[2][188]=-2118.95
dp[3][188]=-2240.06
dp[4][188]=-2352.57
dp[5][188]=-2335.71
dp[6][188]=-2310.04
dp[7][188]=-2214.84
dp[8][188]=-2110.28
dp[9][188]=-1999.98
dp[10][188]=-1877.93
dp[11][188]=-1752.49
dp[12][188]=-1619.3
dp[13][188]=-1480.1
Select best dp
Best k=4
Stratifying 5-th numerical feature ...
dp[2][188]=11.5799
dp[3][188]=45.387
dp[4][188]=128.576
dp[5][188]=241.822
dp[6][188]=371.887
dp[7][188]=505.848
dp[8][188]=658.353
dp[9][188]=811.602
dp[10][188]=972.096
dp[11][188]=1133.86
dp[12][188]=1301.1
dp[13][188]=1487.86
Select best dp
Best k=2
Stratifying 12-th numerical feature ...
dp[2][188]=-38.1426
dp[3][188]=-63.8546
dp[4][188]=-21.8766
dp[5][188]=36.8568
dp[6][188]=114.788
dp[7][188]=201.24
dp[8][188]=322.906
dp[9][188]=451.752
dp[10][188]=586.204
dp[11][188]=730.648
dp[12][188]=878.305
dp[13][188]=1058.51
Select best dp
Best k=3
Stratifying 12-th numerical feature ...
dp[2][188]=-99.2131
dp[3][188]=-131.767
dp[4][188]=-102.024
dp[5][188]=-39.9545
dp[6][188]=38.6322
dp[7][188]=131.942
dp[8][188]=256.441
dp[9][188]=383.596
dp[10][188]=520.163
dp[11][188]=660.452
dp[12][188]=812.269
dp[13][188]=995.784
Select best dp
Best k=3
Stratifying 12-th numerical feature ...
dp[2][188]=-99.2131
dp[3][188]=-131.767
dp[4][188]=-102.024
dp[5][188]=-39.9545
dp[6][188]=38.6322
dp[7][188]=131.942
dp[8][188]=256.441
dp[9][188]=383.596
dp[10][188]=520.163
dp[11][188]=660.452
dp[12][188]=812.269
dp[13][188]=995.784
Select best dp
Best k=3
Stratifying 12-th numerical feature ...
dp[2][188]=-247.669
dp[3][188]=-373.143
dp[4][188]=-485.913
dp[5][188]=-480.284
dp[6][188]=-401.796
dp[7][188]=-312.648
dp[8][188]=-205.486
dp[9][188]=-95.7289
dp[10][188]=29.0975
dp[11][188]=157.262
dp[12][188]=292.988
dp[13][188]=483.846
Select best dp
Best k=4
dp[2][188]=-70.7753
dp[3][188]=-166.965
dp[4][188]=-129.841
dp[5][188]=-56.7193
dp[6][188]=38.6203
dp[7][188]=139.157
Stratifying 9-th numerical feature ...
dp[8][188]=244.86
dp[9][188]=380.449
Select best dp
Best k=3
dp[2][188]=-2118.95
dp[3][188]=-2241.67
dp[4][188]=-2354.18
dp[5][188]=-2337.32
dp[6][188]=-2311.66
dp[7][188]=-2216.45
dp[8][188]=-2111.89
dp[9][188]=-2001.6
dp[10][188]=-1879.65
dp[11][188]=-1757.6
Stratifying 14-th numerical feature ...
dp[12][188]=-1624.4
dp[13][188]=-1485.21
Select best dp
Best k=4
Stratifying 5-th numerical feature ...
dp[2][188]=-27.3253
dp[3][188]=38.0206
dp[4][188]=112.735
dp[5][188]=214.564
dp[6][188]=312.546
dp[7][188]=448.092
dp[8][188]=585.943
dp[9][188]=733.161
dp[10][188]=888.504
dp[11][188]=1052.98
dp[12][188]=1224.21
dp[13][188]=1414.17
Select best dp
Best k=2
Stratifying 13-th numerical feature ...
dp[2][188]=-159.376
dp[3][188]=-204.243
dp[4][188]=-154.149
dp[5][188]=-75.3861
dp[6][188]=34.2743
dp[7][188]=157.523
dp[8][188]=280.876
dp[9][188]=406.597
dp[10][188]=539.257
dp[11][188]=675.706
dp[12][188]=814.176
dp[13][188]=962.042
Select best dp
Best k=3
Stratifying 6-th numerical feature ...
dp[2][188]=-134.163
dp[3][188]=-126.525
dp[4][188]=-106.778
dp[5][188]=-54.5018
dp[6][188]=1.65783
dp[7][188]=108.117
dp[8][188]=216.349
dp[9][188]=347.692
dp[10][188]=483.215
dp[11][188]=628.227
dp[12][188]=786.542
dp[13][188]=951.105
Select best dp
Best k=2
dp[2][188]=-666.633
dp[3][188]=-618.951
dp[4][188]=-519.188
dp[5][188]=-370.571
dp[6][188]=-210.604
dp[7][188]=-38.0635
dp[8][188]=135.391
dp[9][188]=308.96
dp[10][188]=486.051
dp[11][188]=668.98
dp[12][188]=858.818
dp[13][188]=1060.94
Select best dp
Best k=2
Stratifying 13-th numerical feature ...
Stratifying 7-th numerical feature ...
dp[2][188]=-154.141
dp[3][188]=-148.609
dp[4][188]=-120.598
dp[5][188]=-74.0776
dp[6][188]=-22.7294
dp[7][188]=83.2923
dp[8][188]=193.794
dp[9][188]=320.135
dp[10][188]=459.092
dp[11][188]=602.815
dp[12][188]=761.892
dp[13][188]=930.708
Select best dp
Best k=2
Stratifying 13-th numerical feature ...
dp[2][188]=-278.435
dp[3][188]=-438.871
dp[4][188]=-571.573
dp[5][188]=-511.17
dp[6][188]=-442.262
dp[7][188]=-359.986
dp[8][188]=-246.807
dp[9][188]=-101.051
Select best dp
Best k=4
Stratifying 15-th numerical feature ...
dp[2][188]=-1218.55
dp[3][188]=-1297.4
dp[4][188]=-1274.56
dp[5][188]=-1178.47
dp[6][188]=-1080.52
dp[7][188]=-973.156
dp[8][188]=-848.1
dp[9][188]=-719.598
dp[10][188]=-581.031
dp[11][188]=-434.69
dp[12][188]=-273.122
dp[13][188]=-101.406
Select best dp
Best k=3
Stratifying 7-th numerical feature ...
dp[2][188]=-2233.56
dp[3][188]=-2449.03
dp[4][188]=-2468.81
dp[5][188]=-2432.13
dp[6][188]=-2350.05
dp[7][188]=-2244.87
dp[8][188]=-2137.94
dp[9][188]=-2028.55
dp[10][188]=-1897.03
dp[11][188]=-1748.82
dp[12][188]=-1590.01
dp[13][188]=-1414.69
Select best dp
Best k=4
Stratifying 7-th numerical feature ...
dp[2][188]=-154.141
dp[3][188]=-148.609
dp[4][188]=-120.598
dp[5][188]=-74.0776
dp[6][188]=-22.7294
dp[7][188]=83.2923
dp[8][188]=193.794
dp[9][188]=320.135
dp[10][188]=459.092
dp[11][188]=602.815
dp[12][188]=761.892
dp[13][188]=930.708
Select best dp
Best k=2
Stratifying 13-th numerical feature ...
dp[2][188]=-2233.56
dp[3][188]=-2449.03
dp[4][188]=-2468.81
dp[5][188]=-2432.13
dp[6][188]=-2350.05
dp[7][188]=-2244.87
dp[8][188]=-2137.94
dp[9][188]=-2028.55
dp[10][188]=-1897.03
dp[11][188]=-1748.82
dp[12][188]=-1590.01
dp[13][188]=-1414.69
Select best dp
Best k=4
Stratifying 7-th numerical feature ...
dp[2][188]=-3808.41
dp[3][188]=-4283.47
dp[4][188]=-4465.98
dp[5][188]=-4511.89
dp[6][188]=-4510.07
dp[7][188]=-4475.6
dp[8][188]=-4431.32
dp[9][188]=-4369.48
dp[10][188]=-4286.88
dp[11][188]=-4172.02
dp[12][188]=-4043.46
dp[13][188]=-3893.19
Select best dp
Best k=5
Stratifying 7-th numerical feature ...
dp[2][188]=-246.622
dp[3][188]=-380.31
dp[4][188]=-458.143
dp[5][188]=-401.033
dp[6][188]=-342.669
dp[7][188]=-264.715
dp[8][188]=-161.442
dp[9][188]=-38.4413
dp[10][188]=98.8459
dp[11][188]=238.826
dp[12][188]=381.191
dp[13][188]=545.699
Select best dp
Best k=4
Stratifying 10-th numerical feature ...
dp[2][188]=-9.37117
dp[3][188]=26.1334
dp[4][188]=100.74
dp[5][188]=198.957
dp[6][188]=322.632
dp[7][188]=465.435
dp[8][188]=614.212
dp[9][188]=768.231
dp[10][188]=928.61
dp[11][188]=1089.09
dp[12][188]=1266.6
dp[13][188]=1448.44
Select best dp
Best k=2
Stratifying 14-th numerical feature ...
dp[2][188]=-159.03
dp[3][188]=-236.502
dp[4][188]=-251.536
dp[5][188]=-243.693
dp[6][188]=-139.072
dp[7][188]=-19.5745
dp[8][188]=121.055
dp[9][188]=291.768
Select best dp
Best k=4
Stratifying 16-th numerical feature ...
dp[2][188]=-113.418
dp[3][188]=-176.413
dp[4][188]=-143.107
dp[5][188]=-107.183
dp[6][188]=-9.70452
dp[7][188]=93.0334
dp[8][188]=207.477
dp[9][188]=338.761
dp[10][188]=480.463
dp[11][188]=627.131
dp[12][188]=787.259
dp[13][188]=969.633
Select best dp
Best k=3
Stratifying 14-th numerical feature ...
dp[2][188]=-113.418
dp[3][188]=-176.413
dp[4][188]=-143.107
dp[5][188]=-107.183
dp[6][188]=-9.70452
dp[7][188]=93.0334
dp[8][188]=207.477
dp[9][188]=338.761
dp[10][188]=480.463
dp[11][188]=627.131
dp[12][188]=787.259
dp[13][188]=969.633
Select best dp
Best k=3
Stratifying 14-th numerical feature ...
dp[2][188]=-76.7401
dp[3][188]=-156.519
dp[4][188]=-123.161
dp[5][188]=-69.0908
dp[6][188]=30.7114
dp[7][188]=135.043
dp[8][188]=243.527
dp[9][188]=374.818
dp[10][188]=516.26
dp[11][188]=660.938
dp[12][188]=819.53
dp[13][188]=1007.48
Select best dp
Best k=3
Stratifying 14-th numerical feature ...
dp[2][188]=-159.376
dp[3][188]=-9e+10
dp[4][188]=-1.5e+11
dp[5][188]=-1.6e+11
dp[6][188]=-2.3e+11
dp[7][188]=-2.9e+11
dp[8][188]=-2.9e+11
dp[9][188]=-3.5e+11
dp[10][188]=-3.5e+11
dp[11][188]=-4.1e+11
dp[12][188]=-4.1e+11
dp[13][188]=-4.1e+11
Select best dp
Best k=12
Stratifying 6-th numerical feature ...
dp[2][188]=-93.5699
dp[3][188]=-144.273
dp[4][188]=-179.341
dp[5][188]=-94.822
dp[6][188]=8.02249
dp[7][188]=123.823
dp[8][188]=248.857
dp[9][188]=379.573
dp[10][188]=519.182
dp[11][188]=666.181
dp[12][188]=813.677
dp[13][188]=992.791
Select best dp
Best k=4
Stratifying 15-th numerical feature ...
dp[2][188]=-223.49
dp[3][188]=-218.293
dp[4][188]=-210.122
dp[5][188]=-119.577
dp[6][188]=-11.4385
dp[7][188]=107.065
dp[8][188]=238.166
dp[9][188]=386.02
Select best dp
Best k=2
dp[2][188]=-211.243
dp[3][188]=-374.603
dp[4][188]=-506.96
dp[5][188]=-471.238
dp[6][188]=-394.457
dp[7][188]=-288.493
dp[8][188]=-173.825
dp[9][188]=-56.8334
dp[10][188]=62.0864
dp[11][188]=190.565
dp[12][188]=329.881
dp[13][188]=506.767
Select best dp
Best k=4
Stratifying 11-th numerical feature ...
dp[2][188]=-265.583
dp[3][188]=-414.265
dp[4][188]=-539.981
dp[5][188]=-492.997
dp[6][188]=-422.313
dp[7][188]=-339.26
dp[8][188]=-241.96
dp[9][188]=-143.353
dp[10][188]=-23.7724
dp[11][188]=107.203
dp[12][188]=240.834
dp[13][188]=411.021
Select best dp
Best k=4
Stratifying 15-th numerical feature ...
dp[2][188]=81.8166
dp[3][188]=127.466
dp[4][188]=183.564
dp[5][188]=306.48
dp[6][188]=442.536
dp[7][188]=589.136
dp[8][188]=743.297
dp[9][188]=897.617
dp[10][188]=1054.49
dp[11][188]=1218.87
dp[12][188]=1389.69
dp[13][188]=1574.57
Select best dp
Best k=2
Stratifying 8-th numerical feature ...
dp[2][188]=-278.013
dp[3][188]=-420.768
dp[4][188]=-559.465
dp[5][188]=-536.234
dp[6][188]=-465.373
dp[7][188]=-377.558
dp[8][188]=-279.997
dp[9][188]=-173.417
dp[10][188]=-46.3662
dp[11][188]=82.983
dp[12][188]=221.045
dp[13][188]=398.915
Select best dp
Best k=4
dp[2][188]=7.09227
dp[3][188]=-4.6852
dp[4][188]=-10.3689
dp[5][188]=71.9543
dp[6][188]=189.822
dp[7][188]=308.551
dp[8][188]=441.444
dp[9][188]=577.53
dp[10][188]=715.42
dp[11][188]=866.44
dp[12][188]=1021.55
dp[13][188]=1203.42
Select best dp
Best k=4
Stratifying 8-th numerical feature ...
Stratifying 8-th numerical feature ...
dp[2][188]=-265.583
dp[3][188]=-414.265
dp[4][188]=-539.981
dp[5][188]=-492.997
dp[6][188]=-422.313
dp[7][188]=-339.26
dp[8][188]=-241.96
dp[9][188]=-143.353
dp[10][188]=-23.7724
dp[11][188]=107.203
dp[12][188]=240.834
dp[13][188]=411.021
Select best dp
Best k=4
Stratifying 15-th numerical feature ...
dp[2][188]=-339.694
dp[3][188]=-535.686
dp[4][188]=-716.357
dp[5][188]=-715.06
dp[6][188]=-661.568
dp[7][188]=-586.063
dp[8][188]=-488.42
dp[9][188]=-390.103
dp[10][188]=-271.502
dp[11][188]=-144.932
dp[12][188]=-6.69802
dp[13][188]=164.015
Select best dp
Best k=4
dp[2][188]=-251.613
dp[3][188]=-392.198
dp[4][188]=-505.951
dp[5][188]=-453.382
dp[6][188]=-377.806
dp[7][188]=-293.558
dp[8][188]=-193.873
dp[9][188]=-92.9598
dp[10][188]=28.0098
dp[11][188]=161.156
dp[12][188]=296.649
dp[13][188]=466.899
Select best dp
Best k=4
Stratifying 8-th numerical feature ...
Stratifying 15-th numerical feature ...
dp[2][188]=-159.376
dp[3][188]=-9e+10
dp[4][188]=-1.5e+11
dp[5][188]=-1.6e+11
dp[6][188]=-2.3e+11
dp[7][188]=-2.9e+11
dp[8][188]=-3e+11
dp[9][188]=-3.6e+11
dp[10][188]=-3.6e+11
dp[11][188]=-4.2e+11
dp[12][188]=-4.2e+11
dp[13][188]=-4.7e+11
Select best dp
Best k=13
Stratifying 6-th numerical feature ...
dp[2][188]=-2233.56
dp[3][188]=-2449.03
dp[4][188]=-2468.81
dp[5][188]=-2432.13
dp[6][188]=-2352.25
dp[7][188]=-2252.48
dp[8][188]=-2147.3
dp[9][188]=-2040.36
dp[10][188]=-1929.57
dp[11][188]=-1801.95
dp[12][188]=-1672.12
dp[13][188]=-1534.09
Select best dp
Best k=4
Stratifying 7-th numerical feature ...
dp[2][188]=-637.843
dp[3][188]=-969.938
dp[4][188]=-1303.68
dp[5][188]=-1379.81
dp[6][188]=-1374.54
dp[7][188]=-1350.35
dp[8][188]=-1304.66
dp[9][188]=-1246.02
dp[10][188]=-1165.42
dp[11][188]=-1064.42
dp[12][188]=-956.832
dp[13][188]=-782.058
Select best dp
Best k=5
Stratifying 8-th numerical feature ...
dp[2][188]=-42.875
dp[3][188]=-39.2916
dp[4][188]=10.0797
dp[5][188]=74.0841
dp[6][188]=218.215
dp[7][188]=361.794
dp[8][188]=511.862
dp[9][188]=663.434
dp[10][188]=815.457
dp[11][188]=986.874
dp[12][188]=1160.67
dp[13][188]=1358
Select best dp
Best k=2
Stratifying 16-th numerical feature ...
dp[2][188]=-159.213
dp[3][188]=-236.947
dp[4][188]=-252.138
dp[5][188]=-244.36
dp[6][188]=-139.748
dp[7][188]=-25.5173
dp[8][188]=101.425
dp[9][188]=229.616
dp[10][188]=358.75
dp[11][188]=516.579
dp[12][188]=677.422
dp[13][188]=855.983
Select best dp
Best k=4
Stratifying 16-th numerical feature ...
dp[2][188]=-2233.56
dp[3][188]=-2449.03
dp[4][188]=-2468.81
dp[5][188]=-2432.13
dp[6][188]=-2377.8
dp[7][188]=-2282.13
dp[8][188]=-2176.95
dp[9][188]=-2070.02
dp[10][188]=-1962.56
dp[11][188]=-1834.94
dp[12][188]=-1705.77
dp[13][188]=-1572.8
Select best dp
Best k=4
Stratifying 7-th numerical feature ...
dp[2][188]=-159.213
dp[3][188]=-236.947
dp[4][188]=-252.138
dp[5][188]=-244.36
dp[6][188]=-139.748
dp[7][188]=-25.5173
dp[8][188]=101.425
dp[9][188]=229.616
dp[10][188]=358.75
dp[11][188]=516.579
dp[12][188]=677.422
dp[13][188]=855.983
Select best dp
Best k=4
Stratifying 16-th numerical feature ...
dp[2][188]=-62.9788
dp[3][188]=-122.477
dp[4][188]=-115.587
dp[5][188]=-85.0433
dp[6][188]=11.7969
dp[7][188]=125.901
dp[8][188]=250.919
dp[9][188]=378.716
dp[10][188]=508.437
dp[11][188]=658.65
dp[12][188]=819.663
dp[13][188]=994.47
Select best dp
Best k=3
Stratifying 16-th numerical feature ...
dp[2][188]=-21.9435
dp[3][188]=-51.5366
dp[4][188]=-7.14291
dp[5][188]=50.8446
dp[6][188]=129.349
dp[7][188]=214.139
dp[8][188]=336.416
dp[9][188]=464.242
dp[10][188]=598.034
dp[11][188]=740.363
dp[12][188]=888.577
dp[13][188]=1069.95
Select best dp
Best k=3
Stratifying 12-th numerical feature ...
dp[2][188]=71.7159
dp[3][188]=166.045
dp[4][188]=261.861
dp[5][188]=398.864
dp[6][188]=544.664
dp[7][188]=695.647
dp[8][188]=850.576
dp[9][188]=1007.95
dp[10][188]=1174.37
dp[11][188]=1342.24
dp[12][188]=1519.7
dp[13][188]=1698.64
Select best dp
Best k=2
dp[2][188]=-223.49
dp[3][188]=-218.293
dp[4][188]=-210.122
dp[5][188]=-119.577
dp[6][188]=-11.4385
dp[7][188]=107.065
dp[8][188]=233.463
dp[9][188]=364.747
dp[10][188]=514.128
dp[11][188]=666.414
dp[12][188]=837.858
dp[13][188]=1012.28
Select best dp
Best k=2
dp[2][188]=-223.49
dp[3][188]=-218.293
dp[4][188]=-210.122
dp[5][188]=-119.577
dp[6][188]=-11.4385
dp[7][188]=107.065
dp[8][188]=233.463
dp[9][188]=364.747
dp[10][188]=514.128
dp[11][188]=666.414
dp[12][188]=837.858
dp[13][188]=1012.28
Select best dp
Best k=2
dp[2][188]=-277.806
dp[3][188]=-416.693
dp[4][188]=-543.508
dp[5][188]=-550.93
dp[6][188]=-479.136
dp[7][188]=-392.496
dp[8][188]=-286.886
dp[9][188]=-179.989
dp[10][188]=-54.6482
dp[11][188]=73.056
dp[12][188]=205.466
dp[13][188]=399.263
Select best dp
Best k=5
dp[2][188]=5.56607
dp[3][188]=-15.9066
dp[4][188]=-14.4254
dp[5][188]=46.3561
dp[6][188]=163.009
dp[7][188]=281.543
dp[8][188]=402.503
dp[9][188]=534.982
dp[10][188]=672.193
dp[11][188]=813.963
dp[12][188]=969.258
dp[13][188]=1146.04
Select best dp
Best k=3
Stratifying 9-th numerical feature ...
Stratifying 9-th numerical feature ...
dp[2][188]=82.3775
dp[3][188]=125.371
dp[4][188]=180.227
dp[5][188]=311.847
dp[6][188]=447.682
dp[7][188]=599.487
dp[8][188]=758.633
dp[9][188]=918.731
dp[10][188]=1081.37
dp[11][188]=1253.4
dp[12][188]=1427.27
dp[13][188]=1628.7
Select best dp
Best k=2
dp[2][188]=-339.078
dp[3][188]=-380.125
dp[4][188]=-414.55
dp[5][188]=-331.713
dp[6][188]=-246.696
dp[7][188]=-138.946
dp[8][188]=-19.7864
dp[9][188]=102.929
dp[10][188]=246.594
dp[11][188]=393.951
dp[12][188]=562.932
dp[13][188]=742.976
Select best dp
Best k=4
Stratifying 9-th numerical feature ...
dp[2][188]=-339.345
dp[3][188]=-531.227
dp[4][188]=-683.68
dp[5][188]=-721.65
dp[6][188]=-666.718
dp[7][188]=-588.961
dp[8][188]=-495.246
dp[9][188]=-392.584
dp[10][188]=-268.981
dp[11][188]=-138.966
dp[12][188]=-5.47973
dp[13][188]=192.847
Select best dp
Best k=5
Stratifying 9-th numerical feature ...
dp[2][188]=-637.989
dp[3][188]=-970.91
dp[4][188]=-1291.68
dp[5][188]=-1414.71
dp[6][188]=-1409.73
dp[7][188]=-1394.52
dp[8][188]=-1349.19
dp[9][188]=-1294.8
dp[10][188]=-1215.71
dp[11][188]=-1128.19
dp[12][188]=-1023.94
dp[13][188]=-838.189
Select best dp
Best k=5
Stratifying 9-th numerical feature ...
dp[2][188]=-1.9023e+10
dp[3][188]=-1.9023e+10
dp[4][188]=-1.9023e+10
dp[5][188]=-1.9023e+10
dp[6][188]=-1.9023e+10
dp[7][188]=-1.9023e+10
dp[8][188]=-1.9023e+10
dp[9][188]=-1.9023e+10
dp[10][188]=-1.9023e+10
dp[11][188]=-1.9023e+10
dp[12][188]=-1.9023e+10
dp[13][188]=-1.9023e+10
Select best dp
Best k=5
Stratifying 8-th numerical feature ...
dp[2][188]=-121.923
dp[3][188]=-111.125
dp[4][188]=-85.7477
dp[5][188]=-36.0376
dp[6][188]=21.4054
dp[7][188]=128.748
dp[8][188]=237.523
dp[9][188]=368.875
dp[10][188]=504.52
dp[11][188]=649.492
dp[12][188]=807.338
dp[13][188]=970.552
Select best dp
Best k=2
Stratifying 13-th numerical feature ...
dp[2][188]=-278.013
dp[3][188]=-420.768
dp[4][188]=-559.465
dp[5][188]=-536.234
dp[6][188]=-465.373
dp[7][188]=-377.558
dp[8][188]=-282.45
dp[9][188]=-184.889
dp[10][188]=-80.4824
dp[11][188]=40.745
dp[12][188]=166.091
dp[13][188]=308.014
Select best dp
Best k=4
Stratifying 8-th numerical feature ...
dp[2][188]=-2233.56
dp[3][188]=-2449.03
dp[4][188]=-2468.81
dp[5][188]=-2432.13
dp[6][188]=-2390.34
dp[7][188]=-2295.49
dp[8][188]=-2190.31
dp[9][188]=-2083.38
dp[10][188]=-1975.97
dp[11][188]=-1855.49
dp[12][188]=-1726.32
dp[13][188]=-1593.35
Select best dp
Best k=4
Stratifying 7-th numerical feature ...
dp[2][188]=-634.769
dp[3][188]=-1002.88
dp[4][188]=-1239.4
dp[5][188]=-1273.91
dp[6][188]=-1307.76
dp[7][188]=-1302.29
dp[8][188]=-1258.11
dp[9][188]=-1179.78
dp[10][188]=-1078.11
dp[11][188]=-972.006
dp[12][188]=-865.099
dp[13][188]=-727.04
Select best dp
Best k=6
Stratifying 10-th numerical feature ...
dp[2][188]=-1.98367
dp[3][188]=-28.0875
dp[4][188]=6.74594
dp[5][188]=105.016
dp[6][188]=204.014
dp[7][188]=322.367
dp[8][188]=452.186
dp[9][188]=588.683
dp[10][188]=731.667
dp[11][188]=883.681
dp[12][188]=1040.65
dp[13][188]=1203.53
Select best dp
Best k=3
Stratifying 10-th numerical feature ...
dp[2][188]=-9e+10
dp[3][188]=-9e+10
dp[4][188]=-9e+10
dp[5][188]=-9e+10
dp[6][188]=-9e+10
dp[7][188]=-9e+10
dp[8][188]=-9e+10
dp[9][188]=-9e+10
dp[10][188]=-9e+10
dp[11][188]=-9e+10
dp[12][188]=-9e+10
dp[13][188]=-9e+10
Select best dp
Best k=5
Stratifying 9-th numerical feature ...
dp[2][188]=-57.8382
dp[3][188]=-132.145
dp[4][188]=-102.258
dp[5][188]=-45.4004
dp[6][188]=51.6848
dp[7][188]=158.201
dp[8][188]=267.178
dp[9][188]=397.795
dp[10][188]=538.7
dp[11][188]=684.622
dp[12][188]=842.178
dp[13][188]=1029.58
Select best dp
Best k=3
Stratifying 14-th numerical feature ...
dp[2][188]=-1.9023e+10
dp[3][188]=-1.9023e+10
dp[4][188]=-1.9023e+10
dp[5][188]=-1.9023e+10
dp[6][188]=-1.9023e+10
dp[7][188]=-1.9023e+10
dp[8][188]=-1.9023e+10
dp[9][188]=-1.9023e+10
dp[10][188]=-1.9023e+10
dp[11][188]=-1.9023e+10
dp[12][188]=-1.9023e+10
dp[13][188]=-1.9023e+10
Select best dp
Best k=5
Stratifying 8-th numerical feature ...
dp[2][188]=-276.375
dp[3][188]=-424.583
dp[4][188]=-520.014
dp[5][188]=-472.273
dp[6][188]=-417.636
dp[7][188]=-347.23
dp[8][188]=-249.159
dp[9][188]=-126.114
dp[10][188]=7.52685
dp[11][188]=147.379
dp[12][188]=288.963
dp[13][188]=454.411
Select best dp
Best k=4
Stratifying 10-th numerical feature ...
dp[2][188]=-337.655
dp[3][188]=-538.746
dp[4][188]=-672.066
dp[5][188]=-642.875
dp[6][188]=-596.475
dp[7][188]=-542.278
dp[8][188]=-452.44
dp[9][188]=-332.742
dp[10][188]=-200.537
dp[11][188]=-61.2225
dp[12][188]=78.3761
dp[13][188]=249.256
Select best dp
Best k=4
Stratifying 10-th numerical feature ...
dp[2][188]=80.8047
dp[3][188]=128.015
dp[4][188]=196.607
dp[5][188]=322.189
dp[6][188]=457.527
dp[7][188]=606.478
dp[8][188]=758.443
dp[9][188]=918.817
dp[10][188]=1085.98
dp[11][188]=1263.1
dp[12][188]=1440.89
dp[13][188]=1635.1
Select best dp
Best k=2
Stratifying 10-th numerical feature ...
dp[2][188]=-575.189
dp[3][188]=-997.576
dp[4][188]=-1326.83
dp[5][188]=-1404.02
dp[6][188]=-1401.63
dp[7][188]=-1362.09
dp[8][188]=-1306.75
dp[9][188]=-1244.4
dp[10][188]=-1172.95
dp[11][188]=-1090.85
dp[12][188]=-986.924
dp[13][188]=-811.275
Select best dp
Best k=5
Stratifying 11-th numerical feature ...
dp[2][188]=30.3033
dp[3][188]=-30.1669
dp[4][188]=-33.3684
dp[5][188]=47.6999
dp[6][188]=164.368
dp[7][188]=285.133
dp[8][188]=409.414
dp[9][188]=538.895
dp[10][188]=679.899
dp[11][188]=824.759
dp[12][188]=974.578
dp[13][188]=1154.78
Select best dp
Best k=4
Stratifying 11-th numerical feature ...
dp[2][188]=-277.806
dp[3][188]=-416.693
dp[4][188]=-543.508
dp[5][188]=-550.93
dp[6][188]=-479.136
dp[7][188]=-392.496
dp[8][188]=-288.56
dp[9][188]=-182.861
dp[10][188]=-74.4379
dp[11][188]=49.3905
dp[12][188]=174.731
dp[13][188]=315.81
Select best dp
Best k=5
Stratifying 9-th numerical feature ...
dp[2][188]=-276.375
dp[3][188]=-424.583
dp[4][188]=-520.014
dp[5][188]=-472.273
dp[6][188]=-417.636
dp[7][188]=-347.23
dp[8][188]=-254.325
dp[9][188]=-158.16
dp[10][188]=-37.8302
dp[11][188]=95.7384
dp[12][188]=232.164
dp[13][188]=369.815
Select best dp
Best k=4
Stratifying 10-th numerical feature ...
dp[2][188]=-233.628
dp[3][188]=-369.449
dp[4][188]=-475.945
dp[5][188]=-419.074
dp[6][188]=-341.002
dp[7][188]=-254.89
dp[8][188]=-152.838
dp[9][188]=-50.5968
dp[10][188]=72.387
dp[11][188]=205.905
dp[12][188]=343.187
dp[13][188]=513.263
Select best dp
Best k=4
Stratifying 15-th numerical feature ...
dp[2][188]=-320.799
dp[3][188]=-502.201
dp[4][188]=-573.318
dp[5][188]=-610.768
dp[6][188]=-629.452
dp[7][188]=-623.745
dp[8][188]=-556.46
dp[9][188]=-479.964
dp[10][188]=-392.228
dp[11][188]=-291.816
dp[12][188]=-169.828
dp[13][188]=7.52206
Select best dp
Best k=6
dp[2][188]=86.3095
dp[3][188]=135.712
dp[4][188]=194.504
dp[5][188]=322.313
dp[6][188]=461.434
dp[7][188]=616.902
dp[8][188]=776.197
dp[9][188]=941.275
dp[10][188]=1106.51
dp[11][188]=1278.59
dp[12][188]=1457.13
dp[13][188]=1643.55
Select best dp
Best k=2
Stratifying 12-th numerical feature ...
Stratifying 11-th numerical feature ...
dp[2][188]=-9e+10
dp[3][188]=-9e+10
dp[4][188]=-9e+10
dp[5][188]=-9e+10
dp[6][188]=-9e+10
dp[7][188]=-9e+10
dp[8][188]=-9e+10
dp[9][188]=-9e+10
dp[10][188]=-9e+10
dp[11][188]=-9e+10
dp[12][188]=-9e+10
dp[13][188]=-9e+10
Select best dp
Best k=5
Stratifying 9-th numerical feature ...
dp[2][188]=144.281
dp[3][188]=171.418
dp[4][188]=229.769
dp[5][188]=318.201
dp[6][188]=417.704
dp[7][188]=520.562
dp[8][188]=651.382
dp[9][188]=783.068
dp[10][188]=919.898
dp[11][188]=1063.52
dp[12][188]=1217.16
dp[13][188]=1394.15
Select best dp
Best k=2
Stratifying 12-th numerical feature ...
dp[2][188]=-242.816
dp[3][188]=-421.567
dp[4][188]=-566.105
dp[5][188]=-539.526
dp[6][188]=-468.42
dp[7][188]=-363.975
dp[8][188]=-250.19
dp[9][188]=-135.401
dp[10][188]=-18.6161
dp[11][188]=102.079
dp[12][188]=239.824
dp[13][188]=417.048
Select best dp
Best k=4
Stratifying 11-th numerical feature ...
dp[2][188]=-313.906
dp[3][188]=-537.731
dp[4][188]=-722.191
dp[5][188]=-718.268
dp[6][188]=-664.092
dp[7][188]=-565.052
dp[8][188]=-464.462
dp[9][188]=-347.79
dp[10][188]=-236.233
dp[11][188]=-117.587
dp[12][188]=18.1117
dp[13][188]=196.654
Select best dp
Best k=4
Stratifying 11-th numerical feature ...
dp[2][188]=-408.676
dp[3][188]=-544.75
dp[4][188]=-607.548
dp[5][188]=-655.995
dp[6][188]=-697.027
dp[7][188]=-653.629
dp[8][188]=-606.959
dp[9][188]=-512.635
dp[10][188]=-416.831
dp[11][188]=-302.357
dp[12][188]=-171.237
dp[13][188]=-36.2157
Select best dp
Best k=6
Stratifying 13-th numerical feature ...
dp[2][188]=122.373
dp[3][188]=222.54
dp[4][188]=358.387
dp[5][188]=521.076
dp[6][188]=694.138
dp[7][188]=868.525
dp[8][188]=1043.24
dp[9][188]=1222.34
dp[10][188]=1402.29
dp[11][188]=1583.96
dp[12][188]=1771.72
dp[13][188]=1970.19
Select best dp
Best k=2
Stratifying 12-th numerical feature ...
dp[2][188]=-8e+10
dp[3][188]=-8e+10
dp[4][188]=-8e+10
dp[5][188]=-8e+10
dp[6][188]=-8e+10
dp[7][188]=-8e+10
dp[8][188]=-8e+10
dp[9][188]=-8e+10
dp[10][188]=-8e+10
dp[11][188]=-8e+10
dp[12][188]=-8e+10
dp[13][188]=-8e+10
Select best dp
Best k=5
Stratifying 11-th numerical feature ...
dp[2][188]=109.286
dp[3][188]=152.334
dp[4][188]=222.721
dp[5][188]=315.49
dp[6][188]=410.444
dp[7][188]=526.052
dp[8][188]=647.212
dp[9][188]=788.421
dp[10][188]=935.512
dp[11][188]=1089.96
dp[12][188]=1246.44
dp[13][188]=1414.98
Select best dp
Best k=2
Stratifying 13-th numerical feature ...
dp[2][188]=-49.8565
dp[3][188]=-102.694
dp[4][188]=-95.9479
dp[5][188]=-62.7677
dp[6][188]=33.7112
dp[7][188]=148.266
dp[8][188]=273.125
dp[9][188]=401.197
dp[10][188]=530.25
dp[11][188]=680.722
dp[12][188]=841.224
dp[13][188]=1014.05
Select best dp
Best k=3
Stratifying 16-th numerical feature ...
dp[2][188]=-7.77148e+09
dp[3][188]=-7.77148e+09
dp[4][188]=-7.77148e+09
dp[5][188]=-7.77148e+09
dp[6][188]=-7.77148e+09
dp[7][188]=-7.77148e+09
dp[8][188]=-7.77148e+09
dp[9][188]=-7.77148e+09
dp[10][188]=-7.77148e+09
dp[11][188]=-7.77148e+09
dp[12][188]=-7.77148e+09
dp[13][188]=-7.77148e+09
Select best dp
Best k=5
Stratifying 10-th numerical feature ...
dp[2][188]=-321.512
dp[3][188]=-581.506
dp[4][188]=-678.048
dp[5][188]=-726.411
dp[6][188]=-703.775
dp[7][188]=-658.69
dp[8][188]=-610.206
dp[9][188]=-526.948
dp[10][188]=-420.045
dp[11][188]=-296.785
dp[12][188]=-171.421
dp[13][188]=2.82394
Select best dp
Best k=5
Stratifying 14-th numerical feature ...
dp[2][188]=-276.375
dp[3][188]=-424.583
dp[4][188]=-520.014
dp[5][188]=-472.273
dp[6][188]=-417.636
dp[7][188]=-347.23
dp[8][188]=-254.325
dp[9][188]=-158.16
dp[10][188]=-37.8302
dp[11][188]=95.7384
dp[12][188]=232.164
dp[13][188]=372.016
Select best dp
Best k=4
Stratifying 10-th numerical feature ...
dp[2][188]=99.319
dp[3][188]=224.65
dp[4][188]=346.068
dp[5][188]=489.537
dp[6][188]=641.759
dp[7][188]=797.451
dp[8][188]=962.523
dp[9][188]=1136.86
dp[10][188]=1314.19
dp[11][188]=1497.64
dp[12][188]=1683.87
dp[13][188]=1887.2
Select best dp
Best k=2
Stratifying 13-th numerical feature ...
dp[2][188]=144.91
dp[3][188]=133.428
dp[4][188]=189.246
dp[5][188]=260.821
dp[6][188]=370.026
dp[7][188]=498.307
dp[8][188]=626.888
dp[9][188]=765.719
dp[10][188]=908.157
dp[11][188]=1060.83
dp[12][188]=1218.29
dp[13][188]=1400.55
Select best dp
Best k=3
Stratifying 14-th numerical feature ...
dp[2][188]=-99.2131
dp[3][188]=-131.767
dp[4][188]=-102.024
dp[5][188]=-39.9545
dp[6][188]=38.6322
dp[7][188]=131.942
dp[8][188]=248.846
dp[9][188]=372.776
dp[10][188]=497.275
dp[11][188]=629.998
dp[12][188]=764.061
dp[13][188]=897.298
Select best dp
Best k=3
Stratifying 12-th numerical feature ...
dp[2][188]=-331.27
dp[3][188]=-369.337
dp[4][188]=-403.99
dp[5][188]=-321.361
dp[6][188]=-233.142
dp[7][188]=-127.626
dp[8][188]=-8.13949
dp[9][188]=113.34
dp[10][188]=257.356
dp[11][188]=403.965
dp[12][188]=573.463
dp[13][188]=751.739
Select best dp
Best k=4
dp[2][188]=-99.2131
dp[3][188]=-131.767
dp[4][188]=-102.024
dp[5][188]=-39.9545
dp[6][188]=38.6322
dp[7][188]=131.942
dp[8][188]=256.441
dp[9][188]=383.596
dp[10][188]=520.163
dp[11][188]=660.452
dp[12][188]=812.269
dp[13][188]=995.784
Select best dp
Best k=3
Stratifying 12-th numerical feature ...
dp[2][188]=-8e+10
dp[3][188]=-8e+10
dp[4][188]=-8e+10
dp[5][188]=-8e+10
dp[6][188]=-8e+10
dp[7][188]=-8e+10
dp[8][188]=-8e+10
dp[9][188]=-8e+10
dp[10][188]=-8e+10
dp[11][188]=-8e+10
dp[12][188]=-8e+10
dp[13][188]=-8e+10
Select best dp
Best k=5
Stratifying 11-th numerical feature ...
dp[2][188]=-609.609
dp[3][188]=-954.25
dp[4][188]=-1262.82
dp[5][188]=-1291.97
dp[6][188]=-1286.4
dp[7][188]=-1273.44
dp[8][188]=-1236.03
dp[9][188]=-1192.87
dp[10][188]=-1112.56
dp[11][188]=-1016.6
dp[12][188]=-909.703
dp[13][188]=-752.521
Select best dp
Best k=5
Stratifying 15-th numerical feature ...
dp[2][188]=144.281
dp[3][188]=171.418
dp[4][188]=229.769
dp[5][188]=318.201
dp[6][188]=417.704
dp[7][188]=520.562
dp[8][188]=651.382
dp[9][188]=783.068
dp[10][188]=919.898
dp[11][188]=1063.52
dp[12][188]=1217.16
dp[13][188]=1394.15
Select best dp
Best k=2
Stratifying 12-th numerical feature ...
dp[2][188]=94.6757
dp[3][188]=228.68
dp[4][188]=341.969
dp[5][188]=504.203
dp[6][188]=653.77
dp[7][188]=829.767
dp[8][188]=1006.2
dp[9][188]=1184.17
dp[10][188]=1364.52
dp[11][188]=1547.52
dp[12][188]=1732.26
dp[13][188]=1924.38
Select best dp
Best k=2
Stratifying 14-th numerical feature ...
dp[2][188]=22.8146
dp[3][188]=10.3989
dp[4][188]=11.0096
dp[5][188]=117.798
dp[6][188]=229.96
dp[7][188]=348.31
dp[8][188]=471.53
dp[9][188]=601.379
dp[10][188]=744.781
dp[11][188]=892.704
dp[12][188]=1049.67
dp[13][188]=1220.85
Select best dp
Best k=3
Stratifying 15-th numerical feature ...
dp[2][188]=-154.141
dp[3][188]=-148.609
dp[4][188]=-120.598
dp[5][188]=-74.0776
dp[6][188]=-22.7294
dp[7][188]=73.9506
dp[8][188]=184.452
dp[9][188]=309.734
dp[10][188]=435.303
dp[11][188]=573.221
dp[12][188]=714.188
dp[13][188]=857.744
Select best dp
Best k=2
Stratifying 13-th numerical feature ...
dp[2][188]=-154.141
dp[3][188]=-148.609
dp[4][188]=-120.598
dp[5][188]=-74.0776
dp[6][188]=-22.7294
dp[7][188]=83.2923
dp[8][188]=193.794
dp[9][188]=320.135
dp[10][188]=459.092
dp[11][188]=602.815
dp[12][188]=761.892
dp[13][188]=930.708
Select best dp
Best k=2
Stratifying 13-th numerical feature ...
dp[2][188]=-391.89
dp[3][188]=-632.259
dp[4][188]=-777.267
dp[5][188]=-881.939
dp[6][188]=-858.502
dp[7][188]=-802.269
dp[8][188]=-721.86
dp[9][188]=-644.304
dp[10][188]=-559.007
dp[11][188]=-432.76
dp[12][188]=-297.742
dp[13][188]=-148.057
Select best dp
Best k=5
Stratifying 16-th numerical feature ...
dp[2][188]=78.4433
dp[3][188]=125.544
dp[4][188]=180.024
dp[5][188]=302.079
dp[6][188]=437.398
dp[7][188]=586.614
dp[8][188]=738.594
dp[9][188]=895.649
dp[10][188]=1056.01
dp[11][188]=1218.05
dp[12][188]=1383.79
dp[13][188]=1574.15
Select best dp
Best k=2
Stratifying 15-th numerical feature ...
dp[2][188]=126.172
dp[3][188]=154.561
dp[4][188]=200.016
dp[5][188]=268.934
dp[6][188]=373.408
dp[7][188]=499.927
dp[8][188]=630.956
dp[9][188]=766.676
dp[10][188]=907.407
dp[11][188]=1061.44
dp[12][188]=1216.88
dp[13][188]=1380.96
Select best dp
Best k=2
Stratifying 16-th numerical feature ...
dp[2][188]=-99.2131
dp[3][188]=-131.767
dp[4][188]=-102.024
dp[5][188]=-39.9545
dp[6][188]=38.6322
dp[7][188]=131.942
dp[8][188]=248.846
dp[9][188]=372.776
dp[10][188]=497.275
dp[11][188]=629.998
dp[12][188]=764.061
dp[13][188]=897.298
Select best dp
Best k=3
Stratifying 12-th numerical feature ...
dp[2][188]=-242.816
dp[3][188]=-421.567
dp[4][188]=-566.105
dp[5][188]=-539.526
dp[6][188]=-468.42
dp[7][188]=-364.603
dp[8][188]=-260.158
dp[9][188]=-153.173
dp[10][188]=-41.9361
dp[11][188]=67.4528
dp[12][188]=203.468
dp[13][188]=339.268
Select best dp
Best k=4
Stratifying 11-th numerical feature ...
dp[2][188]=-113.418
dp[3][188]=-176.413
dp[4][188]=-143.107
dp[5][188]=-107.183
dp[6][188]=-9.70452
dp[7][188]=93.0334
dp[8][188]=207.477
dp[9][188]=338.761
dp[10][188]=480.463
dp[11][188]=627.131
dp[12][188]=787.259
dp[13][188]=969.633
Select best dp
Best k=3
Stratifying 14-th numerical feature ...
dp[2][188]=-813.903
dp[3][188]=-986.97
dp[4][188]=-1154.09
dp[5][188]=-1156.46
dp[6][188]=-1123.64
dp[7][188]=-1070.1
dp[8][188]=-1000.76
dp[9][188]=-921.657
dp[10][188]=-806.354
dp[11][188]=-685.245
dp[12][188]=-525.818
dp[13][188]=-360.428
Select best dp
Best k=5
dp[2][188]=73.4632
dp[3][188]=155.506
dp[4][188]=269.44
dp[5][188]=392.528
dp[6][188]=565.721
dp[7][188]=741.256
dp[8][188]=915.133
dp[9][188]=1090.67
dp[10][188]=1270.3
dp[11][188]=1455.09
dp[12][188]=1642.74
dp[13][188]=1859.9
Select best dp
Best k=2
Stratifying 16-th numerical feature ...
dp[2][188]=-113.418
dp[3][188]=-176.413
dp[4][188]=-143.107
dp[5][188]=-107.183
dp[6][188]=-9.70452
dp[7][188]=93.0334
dp[8][188]=207.477
dp[9][188]=334.928
dp[10][188]=464.252
dp[11][188]=595.993
dp[12][188]=732.587
dp[13][188]=871.714
Select best dp
Best k=3
Stratifying 14-th numerical feature ...
dp[2][188]=-223.49
dp[3][188]=-218.293
dp[4][188]=-210.122
dp[5][188]=-119.577
dp[6][188]=-11.4385
dp[7][188]=107.065
dp[8][188]=233.463
dp[9][188]=364.747
dp[10][188]=514.128
dp[11][188]=666.414
dp[12][188]=837.858
dp[13][188]=1012.28
Select best dp
Best k=2
dp[2][188]=109.286
dp[3][188]=152.334
dp[4][188]=222.721
dp[5][188]=315.49
dp[6][188]=410.444
dp[7][188]=526.052
dp[8][188]=647.212
dp[9][188]=788.421
dp[10][188]=935.512
dp[11][188]=1089.96
dp[12][188]=1246.44
dp[13][188]=1414.98
Select best dp
Best k=2
Stratifying 13-th numerical feature ...
dp[2][188]=-154.141
dp[3][188]=-148.609
dp[4][188]=-120.598
dp[5][188]=-74.0776
dp[6][188]=-22.7294
dp[7][188]=73.9506
dp[8][188]=184.452
dp[9][188]=309.734
dp[10][188]=435.303
dp[11][188]=564.966
dp[12][188]=705.22
dp[13][188]=846.187
Select best dp
Best k=2
Stratifying 13-th numerical feature ...
dp[2][188]=-265.583
dp[3][188]=-414.265
dp[4][188]=-539.981
dp[5][188]=-492.997
dp[6][188]=-422.313
dp[7][188]=-339.26
dp[8][188]=-241.96
dp[9][188]=-143.353
dp[10][188]=-23.7724
dp[11][188]=107.203
dp[12][188]=240.834
dp[13][188]=411.021
Select best dp
Best k=4
Stratifying 15-th numerical feature ...
dp[2][188]=366.922
dp[3][188]=550.383
dp[4][188]=733.845
dp[5][188]=917.306
dp[6][188]=1100.77
dp[7][188]=1284.23
dp[8][188]=1467.69
dp[9][188]=1651.15
dp[10][188]=1834.61
dp[11][188]=2018.07
dp[12][188]=2201.53
dp[13][188]=2384.99
Select best dp
Best k=2
dp[2][188]=144.91
dp[3][188]=133.428
dp[4][188]=189.246
dp[5][188]=260.821
dp[6][188]=370.026
dp[7][188]=498.307
dp[8][188]=626.888
dp[9][188]=765.719
dp[10][188]=908.157
dp[11][188]=1060.83
dp[12][188]=1218.29
dp[13][188]=1400.55
Select best dp
Best k=3
Stratifying 14-th numerical feature ...
dp[2][188]=-265.583
dp[3][188]=-414.265
dp[4][188]=-539.981
dp[5][188]=-492.997
dp[6][188]=-422.313
dp[7][188]=-339.26
dp[8][188]=-246.356
dp[9][188]=-152.965
dp[10][188]=-56.5181
dp[11][188]=63.5569
dp[12][188]=189.455
dp[13][188]=323.067
Select best dp
Best k=4
dp[2][188]=-99.2131
Stratifying 15-th numerical feature ...
dp[3][188]=-131.767
dp[4][188]=-102.024
dp[5][188]=-39.9545
dp[6][188]=38.6322
dp[7][188]=131.942
dp[8][188]=255.872
dp[9][188]=380.371
dp[10][188]=507.526
dp[11][188]=644.093
dp[12][188]=782.881
dp[13][188]=925.928
Select best dp
Best k=3
Stratifying 12-th numerical feature ...
dp[2][188]=-159.213
dp[3][188]=-236.947
dp[4][188]=-252.138
dp[5][188]=-244.36
dp[6][188]=-139.748
dp[7][188]=-25.5173
dp[8][188]=101.425
dp[9][188]=229.616
dp[10][188]=358.75
dp[11][188]=516.579
dp[12][188]=677.422
dp[13][188]=855.983
Select best dp
Best k=4
Stratifying 16-th numerical feature ...
dp[2][188]=-113.418
dp[3][188]=-176.413
dp[4][188]=-143.107
dp[5][188]=-107.183
dp[6][188]=-9.70452
dp[7][188]=93.0334
dp[8][188]=207.477
dp[9][188]=334.928
dp[10][188]=464.252
dp[11][188]=595.993
dp[12][188]=732.587
dp[13][188]=871.714
Select best dp
Best k=3
Stratifying 14-th numerical feature ...
dp[2][188]=-328.379
dp[3][188]=-530.221
dp[4][188]=-698.789
dp[5][188]=-672.386
dp[6][188]=-617.076
dp[7][188]=-544.76
dp[8][188]=-454.882
dp[9][188]=-358.711
dp[10][188]=-240.192
dp[11][188]=-115.58
dp[12][188]=16.6332
dp[13][188]=187.055
Select best dp
Best k=4
Stratifying 15-th numerical feature ...
dp[2][188]=-154.141
dp[3][188]=-148.609
dp[4][188]=-120.598
dp[5][188]=-74.0776
dp[6][188]=-22.7294
dp[7][188]=73.9506
dp[8][188]=184.452
dp[9][188]=309.734
dp[10][188]=443.354
dp[11][188]=578.976
dp[12][188]=723.919
dp[13][188]=871.619
Select best dp
Best k=2
Stratifying 13-th numerical feature ...
dp[2][188]=-223.49
dp[3][188]=-218.293
dp[4][188]=-210.122
dp[5][188]=-119.577
dp[6][188]=-11.4385
dp[7][188]=107.065
dp[8][188]=233.463
dp[9][188]=364.747
dp[10][188]=514.128
dp[11][188]=666.414
dp[12][188]=837.858
dp[13][188]=1012.28
Select best dp
Best k=2
dp[2][188]=-159.213
dp[3][188]=-236.947
dp[4][188]=-252.138
dp[5][188]=-244.36
dp[6][188]=-139.748
dp[7][188]=-25.6316
dp[8][188]=100.323
dp[9][188]=226.546
dp[10][188]=353.374
dp[11][188]=480.679
dp[12][188]=609.59
dp[13][188]=749.646
Select best dp
Best k=4
Stratifying 16-th numerical feature ...
dp[2][188]=126.172
dp[3][188]=154.561
dp[4][188]=200.016
dp[5][188]=268.934
dp[6][188]=373.408
dp[7][188]=499.927
dp[8][188]=630.956
dp[9][188]=766.676
dp[10][188]=907.407
dp[11][188]=1061.44
dp[12][188]=1216.88
dp[13][188]=1380.96
Select best dp
Best k=2
Stratifying 16-th numerical feature ...
dp[2][188]=-7.60088e+09
dp[3][188]=-7.60088e+09
dp[4][188]=-7.60088e+09
dp[5][188]=-7.60088e+09
dp[6][188]=-7.60088e+09
dp[7][188]=-7.60088e+09
dp[8][188]=-7.60088e+09
dp[9][188]=-7.60088e+09
dp[10][188]=-7.60088e+09
dp[11][188]=-7.60088e+09
dp[12][188]=-7.60088e+09
dp[13][188]=-7.60088e+09
Select best dp
Best k=5
Stratifying 15-th numerical feature ...
dp[2][188]=-113.418
dp[3][188]=-176.413
dp[4][188]=-143.107
dp[5][188]=-107.183
dp[6][188]=-9.70452
dp[7][188]=93.0334
dp[8][188]=207.477
dp[9][188]=337.313
dp[10][188]=466.637
dp[11][188]=598.875
dp[12][188]=736.331
dp[13][188]=881.757
Select best dp
Best k=3
Stratifying 14-th numerical feature ...
dp[2][188]=-223.49
dp[3][188]=-218.293
dp[4][188]=-210.122
dp[5][188]=-119.577
dp[6][188]=-11.4385
dp[7][188]=107.065
dp[8][188]=233.463
dp[9][188]=364.747
dp[10][188]=504.44
dp[11][188]=644.359
dp[12][188]=791.427
dp[13][188]=940.739
Select best dp
Best k=2
dp[2][188]=-223.49
dp[3][188]=-218.293
dp[4][188]=-210.122
dp[5][188]=-119.577
dp[6][188]=-11.4385
dp[7][188]=107.065
dp[8][188]=233.463
dp[9][188]=364.747
dp[10][188]=514.128
dp[11][188]=666.414
dp[12][188]=837.858
dp[13][188]=1012.28
Select best dp
Best k=2
dp[2][188]=-265.583
dp[3][188]=-414.265
dp[4][188]=-539.981
dp[5][188]=-492.997
dp[6][188]=-422.313
dp[7][188]=-339.26
dp[8][188]=-246.356
dp[9][188]=-152.965
dp[10][188]=-56.5181
dp[11][188]=63.5569
dp[12][188]=189.455
dp[13][188]=323.067
Select best dp
Best k=4
Stratifying 15-th numerical feature ...
dp[2][188]=-159.213
dp[3][188]=-236.947
dp[4][188]=-252.138
dp[5][188]=-244.36
dp[6][188]=-139.748
dp[7][188]=-25.6316
dp[8][188]=100.323
dp[9][188]=226.546
dp[10][188]=353.374
dp[11][188]=480.679
dp[12][188]=609.59
dp[13][188]=740.79
Select best dp
Best k=4
Stratifying 16-th numerical feature ...
dp[2][188]=-159.213
dp[3][188]=-236.947
dp[4][188]=-252.138
dp[5][188]=-244.36
dp[6][188]=-139.748
dp[7][188]=-25.6316
dp[8][188]=100.591
dp[9][188]=227.976
dp[10][188]=356.887
dp[11][188]=492.962
dp[12][188]=633.013
dp[13][188]=776.379
Select best dp
Best k=4
Stratifying 16-th numerical feature ...
dp[2][188]=-223.49
dp[3][188]=-218.293
dp[4][188]=-210.122
dp[5][188]=-119.577
dp[6][188]=-11.4385
dp[7][188]=107.065
dp[8][188]=230.462
dp[9][188]=352.172
dp[10][188]=491.866
dp[11][188]=631.858
dp[12][188]=773.232
dp[13][188]=920.792
Select best dp
Best k=2
dp[2][188]=-223.49
dp[3][188]=-218.293
dp[4][188]=-210.122
dp[5][188]=-119.577
dp[6][188]=-11.4385
dp[7][188]=107.065
dp[8][188]=233.463
dp[9][188]=364.747
dp[10][188]=504.666
dp[11][188]=651.12
dp[12][188]=801.606
dp[13][188]=953.294
Select best dp
Best k=2
