Standardize ...
Stratifying 1-th numerical feature ...
Standardize ...
Stratifying 1-th numerical feature ...
Standardize ...
Stratifying 1-th numerical feature ...
Standardize ...
Stratifying 1-th numerical feature ...
Standardize ...
Stratifying 1-th numerical feature ...
Standardize ...
Stratifying 1-th numerical feature ...
Standardize ...
Stratifying 1-th numerical feature ...
Standardize ...
Stratifying 1-th numerical feature ...
Standardize ...
Stratifying 1-th numerical feature ...
Standardize ...
Stratifying 1-th numerical feature ...
Standardize ...
Stratifying 1-th numerical feature ...
Standardize ...
Stratifying 1-th numerical feature ...
Standardize ...
Stratifying 1-th numerical feature ...
Standardize ...
Stratifying 1-th numerical feature ...
dp[2][754]=318.082
dp[3][754]=477.124
dp[4][754]=636.165
dp[5][754]=795.206
dp[6][754]=954.247
dp[7][754]=1113.29
dp[8][754]=1272.33
dp[9][754]=1431.37
dp[10][754]=1590.41
dp[11][754]=1749.45
dp[12][754]=1908.49
dp[13][754]=2067.54
dp[14][754]=2226.58
dp[15][754]=2385.62
dp[16][754]=2544.66
dp[17][754]=2703.7
dp[18][754]=2862.74
dp[19][754]=3021.78
dp[20][754]=3180.82
dp[21][754]=3339.87
dp[22][754]=3498.91
dp[23][754]=3657.95
dp[24][754]=3816.99
dp[25][754]=3976.03
dp[26][754]=4135.07
dp[27][754]=4294.11
Select best dp
Best k=2
dp[2][754]=-607.657
dp[3][754]=-1000.82
dp[4][754]=-1209.36
dp[5][754]=-1410.66
dp[6][754]=-1491.01
dp[7][754]=-1552.67
dp[8][754]=-1607.02
dp[9][754]=-1612.23
dp[10][754]=-1608.08
dp[11][754]=-1596.16
dp[12][754]=-1560.19
dp[13][754]=-1514.34
dp[14][754]=-1463.8
dp[15][754]=-1407.57
dp[16][754]=-1341.54
dp[2][754]=-131.534
dp[17][754]=-1263.62
dp[18][754]=-1179.79
dp[3][754]=-241.97
dp[19][754]=-1094.26
dp[20][754]=-1007.64
dp[4][754]=-260.088
dp[21][754]=-904.071
dp[5][754]=-274.594
dp[22][754]=-799.529
dp[6][754]=-228.622
dp[23][754]=-694.379
dp[7][754]=-173.303
dp[24][754]=-589.027
dp[8][754]=-114.333
dp[25][754]=-480.624
dp[9][754]=-30.787
dp[26][754]=-356.201
dp[10][754]=57.4337
dp[27][754]=-198.059
dp[11][754]=149.538
Select best dp
dp[12][754]=253.671
Best k=9
dp[13][754]=362.746
dp[14][754]=474.162
dp[15][754]=588.424
dp[16][754]=707.587
dp[17][754]=832.697
dp[18][754]=960.755
dp[19][754]=1089.67
dp[20][754]=1219.13
dp[21][754]=1357.06
dp[22][754]=1495.48
dp[23][754]=1634.2
dp[24][754]=1773.02
dp[25][754]=1913.37
dp[26][754]=2061.73
dp[27][754]=2226.95
Select best dp
Best k=5
dp[2][754]=-607.657
dp[3][754]=-1000.82
dp[4][754]=-1209.36
dp[5][754]=-1410.66
dp[6][754]=-1491.01
dp[7][754]=-1552.67
dp[8][754]=-1607.02
dp[9][754]=-1612.23
dp[10][754]=-1608.08
dp[11][754]=-1596.16
dp[12][754]=-1560.19
dp[13][754]=-1514.34
dp[14][754]=-1463.8
dp[15][754]=-1407.57
dp[16][754]=-1341.54
dp[17][754]=-1263.62
dp[18][754]=-1179.79
dp[19][754]=-1094.26
dp[20][754]=-1007.64
dp[21][754]=-904.071
dp[22][754]=-799.529
dp[23][754]=-694.379
dp[24][754]=-589.027
dp[25][754]=-480.624
dp[26][754]=-356.201
dp[27][754]=-198.059
Select best dp
Best k=9
dp[2][754]=-607.657
dp[3][754]=-1000.82
dp[4][754]=-1209.36
dp[5][754]=-1410.66
dp[6][754]=-1491.01
dp[7][754]=-1552.67
dp[8][754]=-1607.02
dp[9][754]=-1612.23
dp[10][754]=-1608.08
dp[11][754]=-1596.16
dp[12][754]=-1560.19
dp[13][754]=-1514.34
dp[14][754]=-1463.8
dp[15][754]=-1405.38
dp[16][754]=-1317.2
dp[17][754]=-1215.91
dp[18][754]=-1104.46
Select best dp
Best k=9
dp[2][754]=-607.657
dp[3][754]=-1000.82
dp[4][754]=-1209.36
dp[5][754]=-1410.66
dp[6][754]=-1491.01
dp[7][754]=-1552.67
dp[8][754]=-1607.02
dp[9][754]=-1612.23
dp[10][754]=-1608.08
dp[11][754]=-1596.16
dp[12][754]=-1560.19
dp[13][754]=-1514.34
dp[14][754]=-1463.8
dp[15][754]=-1407.57
dp[16][754]=-1341.54
dp[17][754]=-1263.62
dp[18][754]=-1179.79
dp[19][754]=-1094.26
dp[20][754]=-1007.64
dp[21][754]=-904.071
dp[22][754]=-799.529
dp[23][754]=-694.379
dp[24][754]=-589.027
dp[25][754]=-480.624
dp[26][754]=-356.201
dp[27][754]=-198.059
Select best dp
Best k=9
dp[2][754]=-607.657
dp[3][754]=-1000.82
dp[4][754]=-1209.36
dp[5][754]=-1410.66
dp[6][754]=-1491.01
dp[7][754]=-1552.67
dp[8][754]=-1607.02
dp[9][754]=-1612.23
dp[10][754]=-1608.08
dp[11][754]=-1596.16
dp[12][754]=-1560.19
dp[13][754]=-1514.34
dp[14][754]=-1463.8
dp[15][754]=-1407.57
dp[16][754]=-1341.54
dp[17][754]=-1263.62
dp[18][754]=-1179.79
dp[19][754]=-1094.26
dp[20][754]=-1007.64
dp[21][754]=-904.071
dp[22][754]=-799.529
dp[23][754]=-694.379
dp[24][754]=-589.027
dp[25][754]=-480.624
dp[26][754]=-356.201
dp[27][754]=-198.059
Select best dp
Best k=9
dp[2][754]=-1559.9
dp[3][754]=-2518.53
dp[4][754]=-3107.89
dp[5][754]=-3682.8
dp[6][754]=-4015.79
dp[7][754]=-4311.4
dp[8][754]=-4592.41
dp[9][754]=-4775.1
dp[10][754]=-4939.11
dp[11][754]=-5087.57
dp[12][754]=-5187.92
dp[13][754]=-5268.51
dp[14][754]=-5339.73
dp[15][754]=-5399.56
dp[16][754]=-5439.8
dp[17][754]=-5456.24
dp[18][754]=-5460.89
dp[19][754]=-5462.12
dp[20][754]=-5461.17
dp[21][754]=-5426.33
dp[22][754]=-5389.54
dp[23][754]=-5351.54
dp[24][754]=-5313.13
dp[25][754]=-5268.62
dp[26][754]=-5192.06
dp[27][754]=-5048.07
Select best dp
Best k=19
dp[2][754]=-607.657
dp[3][754]=-1000.82
dp[4][754]=-1209.36
dp[5][754]=-1410.66
dp[6][754]=-1491.01
dp[7][754]=-1552.67
dp[8][754]=-1607.02
dp[9][754]=-1612.23
dp[10][754]=-1608.08
dp[11][754]=-1596.16
dp[12][754]=-1560.19
dp[13][754]=-1514.34
dp[14][754]=-1463.8
dp[15][754]=-1407.57
dp[16][754]=-1341.54
dp[17][754]=-1263.62
dp[18][754]=-1179.79
dp[19][754]=-1094.26
dp[20][754]=-1007.64
dp[21][754]=-904.071
dp[22][754]=-799.529
dp[23][754]=-694.379
dp[24][754]=-589.027
dp[25][754]=-480.624
dp[26][754]=-356.201
dp[27][754]=-198.059
Select best dp
Best k=9
dp[2][754]=-607.657
dp[3][754]=-1000.82
dp[4][754]=-1209.36
dp[5][754]=-1410.66
dp[6][754]=-1491.01
dp[7][754]=-1552.67
dp[8][754]=-1607.02
dp[9][754]=-1612.23
dp[10][754]=-1608.08
dp[11][754]=-1596.16
dp[12][754]=-1560.19
dp[13][754]=-1514.34
dp[14][754]=-1463.8
dp[15][754]=-1407.57
dp[16][754]=-1341.54
dp[17][754]=-1263.62
dp[18][754]=-1179.79
dp[19][754]=-1094.26
dp[20][754]=-1007.64
dp[21][754]=-904.071
dp[22][754]=-799.529
dp[23][754]=-694.379
dp[24][754]=-589.027
dp[25][754]=-480.624
dp[26][754]=-356.201
dp[27][754]=-198.059
Select best dp
Best k=9
dp[2][754]=-607.657
dp[3][754]=-1000.82
dp[4][754]=-1209.36
dp[5][754]=-1410.66
dp[6][754]=-1491.01
dp[7][754]=-1552.67
dp[8][754]=-1607.02
dp[9][754]=-1612.23
dp[10][754]=-1608.08
dp[11][754]=-1596.16
dp[12][754]=-1560.19
dp[13][754]=-1514.34
dp[14][754]=-1463.8
dp[15][754]=-1407.57
dp[16][754]=-1341.54
dp[17][754]=-1263.62
dp[18][754]=-1180.59
dp[19][754]=-1095.06
dp[20][754]=-1008.43
dp[21][754]=-909.699
dp[22][754]=-810.116
dp[23][754]=-707.291
dp[24][754]=-604.227
dp[25][754]=-498.055
dp[26][754]=-390.636
dp[27][754]=-281.474
Select best dp
Best k=9
dp[2][754]=-607.657
dp[3][754]=-1000.82
dp[4][754]=-1209.36
dp[5][754]=-1410.66
dp[6][754]=-1491.01
dp[7][754]=-1552.67
dp[8][754]=-1607.02
dp[9][754]=-1612.23
dp[10][754]=-1608.08
dp[11][754]=-1596.16
dp[12][754]=-1560.19
dp[13][754]=-1514.34
dp[14][754]=-1463.8
dp[15][754]=-1407.57
dp[16][754]=-1341.54
dp[17][754]=-1263.62
dp[18][754]=-1180.59
dp[19][754]=-1095.06
dp[20][754]=-1008.43
dp[21][754]=-909.699
dp[22][754]=-810.116
dp[23][754]=-709.846
dp[24][754]=-607.021
dp[25][754]=-500.849
dp[26][754]=-393.43
dp[27][754]=-284.267
Select best dp
Best k=9
dp[2][754]=-607.657
dp[3][754]=-1000.82
dp[4][754]=-1209.36
dp[5][754]=-1410.66
dp[6][754]=-1491.01
dp[7][754]=-1552.67
dp[8][754]=-1607.02
dp[9][754]=-1612.23
dp[10][754]=-1608.08
dp[11][754]=-1596.16
dp[12][754]=-1560.19
dp[13][754]=-1514.34
dp[14][754]=-1463.8
dp[15][754]=-1407.57
dp[16][754]=-1341.54
dp[17][754]=-1263.62
dp[18][754]=-1180.59
dp[19][754]=-1095.06
dp[20][754]=-1008.43
dp[21][754]=-909.699
dp[22][754]=-810.116
dp[23][754]=-709.846
dp[24][754]=-607.021
dp[25][754]=-500.849
dp[26][754]=-393.43
dp[27][754]=-284.267
Select best dp
Best k=9
dp[2][754]=-15.6184
dp[3][754]=-422.385
dp[4][754]=-634.334
dp[5][754]=-837.147
dp[6][754]=-917.153
dp[7][754]=-979.818
dp[8][754]=-1034.2
dp[9][754]=-1042.69
dp[10][754]=-1039.98
dp[11][754]=-1030.68
dp[12][754]=-996.497
dp[13][754]=-951.417
dp[14][754]=-901.822
dp[15][754]=-848.682
dp[16][754]=-783.276
dp[17][754]=-705.602
dp[18][754]=-623.178
dp[19][754]=-539.365
dp[20][754]=-454.081
dp[21][754]=-352.711
dp[22][754]=-248.893
dp[23][754]=-144.717
dp[24][754]=-40.0609
dp[25][754]=67.5291
dp[26][754]=189.63
dp[27][754]=346.365
Select best dp
Best k=9
