Standardize ...
Stratifying 1-th numerical feature ...
Standardize ...
Stratifying 1-th numerical feature ...
Standardize ...
Stratifying 1-th numerical feature ...
Standardize ...
Stratifying 1-th numerical feature ...
Standardize ...
Stratifying 1-th numerical feature ...
Standardize ...
Stratifying 1-th numerical feature ...
Standardize ...
Stratifying 1-th numerical feature ...
Standardize ...
Stratifying 1-th numerical feature ...
Standardize ...
Stratifying 1-th numerical feature ...
Standardize ...
Stratifying 1-th numerical feature ...
Standardize ...
Stratifying 1-th numerical feature ...
Standardize ...
Stratifying 1-th numerical feature ...
Standardize ...
Stratifying 1-th numerical feature ...
Standardize ...
Stratifying 1-th numerical feature ...
dp[2][620]=-348.594
dp[3][620]=-609.621
dp[4][620]=-690.839
dp[5][620]=-723.295
dp[6][620]=-738.332
dp[7][620]=-672.336
dp[8][620]=-581.583
dp[9][620]=-481.671
dp[10][620]=-361.246
dp[11][620]=-221.856
dp[12][620]=-77.8924
dp[13][620]=71.0372
dp[14][620]=233.709
dp[15][620]=417.254
dp[16][620]=607.409
Select best dp
Best k=6
Stratifying 2-th numerical feature ...
dp[2][620]=-348.594
dp[3][620]=-609.621
dp[4][620]=-690.839
dp[5][620]=-723.295
dp[6][620]=-738.332
dp[7][620]=-672.336
dp[8][620]=-581.583
dp[9][620]=-481.671
dp[10][620]=-361.246
dp[11][620]=-221.856
dp[12][620]=-78.7074
dp[13][620]=70.0437
dp[14][620]=232.715
dp[15][620]=403.596
dp[16][620]=583.117
dp[17][620]=762.976
dp[18][620]=949.731
dp[19][620]=1136.61
dp[20][620]=1324.94
dp[21][620]=1515.27
dp[22][620]=1707.44
dp[23][620]=1925.71
dp[24][620]=2153.26
Select best dp
Best k=6
dp[2][620]=-1211.7
dp[3][620]=-1991
dp[4][620]=-2410.69
dp[5][620]=-2732.86
dp[6][620]=-3020.18
dp[7][620]=-3145.44
dp[8][620]=-3221.19
dp[9][620]=-3278.62
dp[10][620]=-3295.02
dp[11][620]=-3273.5
dp[12][620]=-3244.45
dp[13][620]=-3204.2
dp[14][620]=-3136.12
dp[15][620]=-3051.61
dp[16][620]=-2949.82
dp[17][620]=-2847.35
dp[18][620]=-2731.1
dp[19][620]=-2614.59
dp[20][620]=-2495.19
dp[21][620]=-2371.78
dp[22][620]=-2244.69
dp[23][620]=-2065.4
dp[24][620]=-1867.56
Select best dp
Best k=10
Stratifying 2-th numerical feature ...
Stratifying 2-th numerical feature ...
dp[2][620]=-348.594
dp[3][620]=-609.621
dp[4][620]=-690.839
dp[5][620]=-723.295
dp[6][620]=-738.332
dp[7][620]=-672.336
dp[8][620]=-581.583
dp[9][620]=-481.671
dp[10][620]=-361.246
dp[11][620]=-221.856
dp[12][620]=-78.7074
dp[13][620]=70.0437
dp[14][620]=232.715
dp[15][620]=403.596
dp[16][620]=583.117
dp[17][620]=762.976
dp[18][620]=949.731
dp[19][620]=1136.61
dp[20][620]=1324.94
dp[21][620]=1515.27
dp[22][620]=1707.44
dp[23][620]=1925.71
dp[24][620]=2153.26
Select best dp
Best k=6
Stratifying 2-th numerical feature ...
dp[2][620]=-348.594
dp[3][620]=-609.621
dp[4][620]=-690.839
dp[5][620]=-723.295
dp[6][620]=-738.332
dp[7][620]=-672.336
dp[8][620]=-581.583
dp[9][620]=-481.671
dp[10][620]=-361.246
dp[11][620]=-221.856
dp[12][620]=-78.7074
dp[13][620]=70.0437
dp[14][620]=232.715
dp[15][620]=403.596
dp[16][620]=583.117
dp[17][620]=762.976
dp[18][620]=949.731
dp[19][620]=1136.61
dp[20][620]=1324.94
dp[21][620]=1515.27
dp[22][620]=1707.44
dp[23][620]=1925.71
dp[24][620]=2153.26
Select best dp
Best k=6
Stratifying 2-th numerical feature ...
dp[2][620]=-348.594
dp[3][620]=-1e+11
dp[4][620]=-1e+11
dp[5][620]=-1e+11
dp[6][620]=-1e+11
dp[7][620]=-1e+11
dp[8][620]=-1e+11
dp[9][620]=-1e+11
dp[10][620]=-1e+11
dp[11][620]=-1e+11
dp[12][620]=-1e+11
dp[13][620]=-1e+11
dp[14][620]=-1e+11
dp[15][620]=-1e+11
dp[16][620]=-1e+11
dp[17][620]=-1e+11
dp[18][620]=-1e+11
dp[19][620]=-1e+11
dp[20][620]=-1e+11
dp[21][620]=-1e+11
dp[22][620]=-1e+11
dp[23][620]=-1e+11
dp[24][620]=-1e+11
Select best dp
Best k=6
Stratifying 2-th numerical feature ...
dp[2][620]=-684
dp[3][620]=-983.003
dp[4][620]=-1087.39
dp[5][620]=-1125.89
dp[6][620]=-1087.77
dp[7][620]=-1048.6
dp[8][620]=-959.839
dp[9][620]=-866.716
dp[10][620]=-749.692
dp[11][620]=-626.014
dp[12][620]=-500.693
dp[13][620]=-351.335
dp[14][620]=-198.183
dp[15][620]=-31.4023
dp[16][620]=155.137
Select best dp
Best k=5
Stratifying 3-th numerical feature ...
dp[2][620]=514.506
dp[3][620]=771.76
dp[4][620]=1029.01
dp[5][620]=1286.27
dp[6][620]=1543.52
dp[7][620]=1800.77
dp[8][620]=2058.03
dp[9][620]=2315.28
dp[10][620]=2572.53
dp[11][620]=2829.79
dp[12][620]=3087.04
dp[13][620]=3344.29
dp[14][620]=3601.55
dp[15][620]=3858.8
dp[16][620]=4116.05
dp[17][620]=4373.31
dp[18][620]=4630.56
dp[19][620]=4887.81
dp[20][620]=5145.06
dp[21][620]=5402.32
dp[22][620]=5659.57
dp[23][620]=5916.82
dp[24][620]=6174.08
Select best dp
Best k=2
dp[2][620]=-348.594
dp[3][620]=-609.621
dp[4][620]=-690.839
dp[5][620]=-723.295
dp[6][620]=-738.332
dp[7][620]=-672.336
dp[8][620]=-581.583
dp[9][620]=-481.671
dp[10][620]=-361.246
dp[11][620]=-221.856
dp[12][620]=-78.7074
dp[13][620]=70.0437
dp[14][620]=232.715
dp[15][620]=403.596
dp[16][620]=583.117
dp[17][620]=762.976
dp[18][620]=949.731
dp[19][620]=1136.61
dp[20][620]=1324.94
dp[21][620]=1515.27
dp[22][620]=1707.44
dp[23][620]=1925.71
dp[24][620]=2153.26
Select best dp
Best k=6
dp[2][620]=-348.594
dp[3][620]=-609.621
dp[4][620]=-690.839
dp[5][620]=-723.295
dp[6][620]=-738.332
dp[7][620]=-672.336
dp[8][620]=-581.583
dp[9][620]=-481.671
dp[10][620]=-361.246
dp[11][620]=-221.856
dp[12][620]=-78.7074
dp[13][620]=70.0437
dp[14][620]=232.715
dp[15][620]=403.596
dp[16][620]=583.117
dp[17][620]=762.976
dp[18][620]=949.731
dp[19][620]=1136.61
dp[20][620]=1324.94
dp[21][620]=1515.27
dp[22][620]=1707.44
dp[23][620]=1925.71
dp[24][620]=2153.26
Select best dp
Best k=6
Stratifying 2-th numerical feature ...
Stratifying 2-th numerical feature ...
Stratifying 2-th numerical feature ...
dp[2][620]=-348.594
dp[3][620]=-609.621
dp[4][620]=-690.839
dp[5][620]=-723.295
dp[6][620]=-738.332
dp[7][620]=-672.336
dp[8][620]=-581.583
dp[9][620]=-481.671
dp[10][620]=-361.246
dp[11][620]=-221.856
dp[12][620]=-78.7074
dp[13][620]=70.0437
dp[14][620]=232.715
dp[15][620]=403.596
dp[16][620]=583.117
dp[17][620]=762.976
dp[18][620]=949.731
dp[19][620]=1136.61
dp[20][620]=1324.94
dp[21][620]=1515.27
dp[22][620]=1707.44
dp[23][620]=1925.71
dp[24][620]=2153.26
Select best dp
Best k=6
Stratifying 2-th numerical feature ...
dp[2][620]=-684
dp[3][620]=-983.003
dp[4][620]=-1087.39
dp[5][620]=-1125.89
dp[6][620]=-1087.77
dp[7][620]=-1048.6
dp[8][620]=-959.839
dp[9][620]=-866.716
dp[10][620]=-752.075
dp[11][620]=-631.558
dp[12][620]=-506.238
dp[13][620]=-375.946
dp[14][620]=-243.926
dp[15][620]=-96.3083
dp[16][620]=69.4649
dp[17][620]=239.362
dp[18][620]=416.182
dp[19][620]=596.305
dp[20][620]=781.294
dp[21][620]=967.221
dp[22][620]=1174.58
dp[23][620]=1396.74
dp[24][620]=1631.95
Select best dp
Best k=5
Stratifying 3-th numerical feature ...
dp[2][620]=-1882.51
dp[3][620]=-2737.77
dp[4][620]=-3203.79
dp[5][620]=-3538.04
dp[6][620]=-3719.05
dp[7][620]=-3897.97
dp[8][620]=-3977.7
dp[9][620]=-4048.71
dp[10][620]=-4076.68
dp[11][620]=-4092.9
dp[12][620]=-4099.51
dp[13][620]=-4096.19
dp[14][620]=-4089.4
dp[15][620]=-4051.42
dp[16][620]=-3977.12
dp[17][620]=-3894.58
dp[18][620]=-3798.19
dp[19][620]=-3695.2
dp[20][620]=-3582.48
dp[21][620]=-3467.88
dp[22][620]=-3310.41
dp[23][620]=-3123.35
dp[24][620]=-2910.17
Select best dp
Best k=12
Stratifying 3-th numerical feature ...
dp[2][620]=-684
dp[3][620]=-983.003
dp[4][620]=-1087.39
dp[5][620]=-1125.89
dp[6][620]=-1087.77
dp[7][620]=-1048.6
dp[8][620]=-959.839
dp[9][620]=-866.716
dp[10][620]=-752.075
dp[11][620]=-631.558
dp[12][620]=-506.238
dp[13][620]=-375.946
dp[14][620]=-243.926
dp[15][620]=-96.3083
dp[16][620]=69.4649
dp[17][620]=239.362
dp[18][620]=416.182
dp[19][620]=596.305
dp[20][620]=781.294
dp[21][620]=967.221
dp[22][620]=1174.58
dp[23][620]=1396.74
dp[24][620]=1631.95
Select best dp
Best k=5
dp[2][620]=-684
dp[3][620]=-983.003
dp[4][620]=-1087.39
dp[5][620]=-1125.89
dp[6][620]=-1087.77
dp[7][620]=-1048.6
dp[8][620]=-959.839
dp[9][620]=-866.716
dp[10][620]=-752.075
dp[11][620]=-631.558
dp[12][620]=-506.238
dp[13][620]=-375.946
dp[14][620]=-243.926
dp[15][620]=-96.3083
dp[16][620]=69.4649
dp[17][620]=239.362
dp[18][620]=416.182
dp[19][620]=596.305
dp[20][620]=781.294
dp[21][620]=967.221
dp[22][620]=1174.58
dp[23][620]=1396.74
dp[24][620]=1631.95
Select best dp
Best k=5
Stratifying 3-th numerical feature ...
Stratifying 3-th numerical feature ...
dp[2][620]=82.956
dp[3][620]=81.0696
dp[4][620]=169.087
dp[5][620]=281.485
dp[6][620]=402.594
dp[7][620]=564.219
dp[8][620]=738.222
dp[9][620]=916.804
dp[10][620]=1105.64
dp[11][620]=1303.96
dp[12][620]=1504.17
dp[13][620]=1707.17
dp[14][620]=1917.13
dp[15][620]=2131.2
dp[16][620]=2349.58
dp[17][620]=2568.14
dp[18][620]=2790.14
dp[19][620]=3012.21
dp[20][620]=3235
dp[21][620]=3458.79
dp[22][620]=3683.51
dp[23][620]=3921.27
dp[24][620]=4163.67
Select best dp
Best k=3
Stratifying 2-th numerical feature ...
dp[2][620]=-6.2e+11
dp[3][620]=-6.2e+11
dp[4][620]=-6.2e+11
dp[5][620]=-6.2e+11
dp[6][620]=-6.2e+11
dp[7][620]=-6.2e+11
dp[8][620]=-6.2e+11
dp[9][620]=-6.2e+11
dp[10][620]=-6.2e+11
dp[11][620]=-6.2e+11
dp[12][620]=-6.2e+11
dp[13][620]=-6.2e+11
dp[14][620]=-6.2e+11
dp[15][620]=-6.2e+11
dp[16][620]=-6.2e+11
Select best dp
Best k=6
Stratifying 4-th numerical feature ...
dp[2][620]=-348.594
dp[3][620]=-609.621
dp[4][620]=-690.839
dp[5][620]=-723.295
dp[6][620]=-738.332
dp[7][620]=-672.336
dp[8][620]=-581.583
dp[9][620]=-481.671
dp[10][620]=-361.246
dp[11][620]=-221.856
dp[12][620]=-78.7074
dp[13][620]=70.0437
dp[14][620]=232.715
dp[15][620]=403.596
dp[16][620]=581.442
dp[17][620]=760.642
dp[18][620]=943.318
dp[19][620]=1127.36
dp[20][620]=1311.52
dp[21][620]=1496.47
dp[22][620]=1685.9
dp[23][620]=1877.67
dp[24][620]=2074.6
Select best dp
Best k=6
Stratifying 2-th numerical feature ...
dp[2][620]=-6.2e+11
dp[3][620]=-9.4e+11
dp[4][620]=-9.4e+11
dp[5][620]=-1.24e+12
dp[6][620]=-1.24e+12
dp[7][620]=-1.53e+12
dp[8][620]=-1.53e+12
dp[9][620]=-1.8e+12
dp[10][620]=-1.8e+12
dp[11][620]=-1.8e+12
dp[12][620]=-1.8e+12
dp[13][620]=-1.8e+12
dp[14][620]=-1.8e+12
dp[15][620]=-1.8e+12
dp[16][620]=-1.8e+12
dp[17][620]=-1.8e+12
dp[18][620]=-1.8e+12
dp[19][620]=-1.8e+12
dp[20][620]=-1.8e+12
dp[21][620]=-1.8e+12
dp[22][620]=-1.8e+12
dp[23][620]=-1.8e+12
dp[24][620]=-1.21e+12
Select best dp
Best k=10
Stratifying 4-th numerical feature ...
dp[2][620]=-1.9e+11
dp[3][620]=-1.9e+11
dp[4][620]=-3.8e+11
dp[5][620]=-3.8e+11
dp[6][620]=-5.6e+11
dp[7][620]=-5.6e+11
dp[8][620]=-7.2e+11
dp[9][620]=-7.2e+11
dp[10][620]=-8.6e+11
dp[11][620]=-8.6e+11
dp[12][620]=-1e+12
dp[13][620]=-1e+12
dp[14][620]=-1.12e+12
dp[15][620]=-1.12e+12
dp[16][620]=-1.24e+12
dp[17][620]=-1.24e+12
dp[18][620]=-1.35e+12
dp[19][620]=-1.35e+12
dp[20][620]=-1.45e+12
dp[21][620]=-1.45e+12
dp[22][620]=-1.55e+12
dp[23][620]=-1.55e+12
dp[24][620]=-1.65e+12
Select best dp
Best k=24
Stratifying 3-th numerical feature ...
dp[2][620]=-1.24e+12
dp[3][620]=-1.88e+12
dp[4][620]=-1.88e+12
dp[5][620]=-2.48e+12
dp[6][620]=-2.48e+12
dp[7][620]=-3.06e+12
dp[8][620]=-3.06e+12
dp[9][620]=-3.6e+12
dp[10][620]=-3.6e+12
dp[11][620]=-3.6e+12
dp[12][620]=-3.6e+12
dp[13][620]=-3.6e+12
dp[14][620]=-3.6e+12
dp[15][620]=-3.6e+12
dp[16][620]=-3.6e+12
dp[17][620]=-3.6e+12
dp[18][620]=-3.6e+12
dp[19][620]=-3.6e+12
dp[20][620]=-3.6e+12
dp[21][620]=-3.6e+12
dp[22][620]=-3.6e+12
dp[23][620]=-3.6e+12
dp[24][620]=-2.42e+12
Select best dp
Best k=15
Stratifying 4-th numerical feature ...
dp[2][620]=-6.2e+11
dp[3][620]=-9.4e+11
dp[4][620]=-9.4e+11
dp[5][620]=-1.24e+12
dp[6][620]=-1.24e+12
dp[7][620]=-1.53e+12
dp[8][620]=-1.53e+12
dp[9][620]=-1.8e+12
dp[10][620]=-1.8e+12
dp[11][620]=-1.8e+12
dp[12][620]=-1.8e+12
dp[13][620]=-1.8e+12
dp[14][620]=-1.8e+12
dp[15][620]=-1.8e+12
dp[16][620]=-1.8e+12
dp[17][620]=-1.8e+12
dp[18][620]=-1.8e+12
dp[19][620]=-1.8e+12
dp[20][620]=-1.8e+12
dp[21][620]=-1.8e+12
dp[22][620]=-1.8e+12
dp[23][620]=-1.8e+12
dp[24][620]=-1.21e+12
Select best dp
Best k=10
dp[2][620]=-6.2e+11
dp[3][620]=-9.4e+11
dp[4][620]=-9.4e+11
dp[5][620]=-1.24e+12
dp[6][620]=-1.24e+12
dp[7][620]=-1.53e+12
dp[8][620]=-1.53e+12
dp[9][620]=-1.8e+12
dp[10][620]=-1.8e+12
dp[11][620]=-1.8e+12
dp[12][620]=-1.8e+12
dp[13][620]=-1.8e+12
dp[14][620]=-1.8e+12
dp[15][620]=-1.8e+12
dp[16][620]=-1.8e+12
dp[17][620]=-1.8e+12
dp[18][620]=-1.8e+12
dp[19][620]=-1.8e+12
dp[20][620]=-1.8e+12
dp[21][620]=-1.8e+12
dp[22][620]=-1.8e+12
dp[23][620]=-1.8e+12
dp[24][620]=-1.21e+12
Select best dp
Best k=10
Stratifying 4-th numerical feature ...
Stratifying 4-th numerical feature ...
dp[2][620]=-3.54e+12
dp[3][620]=-4.21e+12
dp[4][620]=-4.59e+12
dp[5][620]=-4.59e+12
dp[6][620]=-4.59e+12
dp[7][620]=-4.59e+12
dp[8][620]=-4.59e+12
dp[9][620]=-4.59e+12
dp[10][620]=-4.59e+12
dp[11][620]=-4.59e+12
dp[12][620]=-4.59e+12
dp[13][620]=-4.59e+12
dp[14][620]=-4.59e+12
dp[15][620]=-4.59e+12
dp[16][620]=-4.22e+12
Select best dp
Best k=5
Stratifying 5-th numerical feature ...
dp[2][620]=-348.594
dp[3][620]=-1e+11
dp[4][620]=-1e+11
dp[5][620]=-1.9e+11
dp[6][620]=-1.9e+11
dp[7][620]=-2.5e+11
dp[8][620]=-2.5e+11
dp[9][620]=-3.1e+11
dp[10][620]=-3.1e+11
dp[11][620]=-3.7e+11
dp[12][620]=-3.7e+11
dp[13][620]=-4.3e+11
dp[14][620]=-4.3e+11
dp[15][620]=-4.8e+11
dp[16][620]=-4.8e+11
dp[17][620]=-5.3e+11
dp[18][620]=-5.3e+11
dp[19][620]=-5.7e+11
dp[20][620]=-5.7e+11
dp[21][620]=-6e+11
dp[22][620]=-6e+11
dp[23][620]=-6e+11
dp[24][620]=-6e+11
Select best dp
Best k=22
Stratifying 2-th numerical feature ...
dp[2][620]=514.506
dp[3][620]=771.76
dp[4][620]=1029.01
dp[5][620]=1286.27
dp[6][620]=1543.52
dp[7][620]=1800.77
dp[8][620]=2058.03
dp[9][620]=2315.28
dp[10][620]=2572.53
dp[11][620]=2829.79
dp[12][620]=3087.04
dp[13][620]=3344.29
dp[14][620]=3601.55
dp[15][620]=3858.8
dp[16][620]=4116.05
dp[17][620]=4373.31
dp[18][620]=4630.56
dp[19][620]=4887.81
dp[20][620]=5145.06
dp[21][620]=5402.32
dp[22][620]=5659.57
dp[23][620]=5916.82
dp[24][620]=6174.08
Select best dp
Best k=2
Stratifying 3-th numerical feature ...
dp[2][620]=-3.54e+12
dp[3][620]=-4.21e+12
dp[4][620]=-4.59e+12
dp[5][620]=-4.86e+12
dp[6][620]=-4.86e+12
dp[7][620]=-4.86e+12
dp[8][620]=-4.86e+12
dp[9][620]=-4.86e+12
dp[10][620]=-4.86e+12
dp[11][620]=-4.86e+12
dp[12][620]=-4.86e+12
dp[13][620]=-4.86e+12
dp[14][620]=-4.86e+12
dp[15][620]=-4.86e+12
dp[16][620]=-4.86e+12
dp[17][620]=-4.86e+12
dp[18][620]=-4.86e+12
dp[19][620]=-4.86e+12
dp[20][620]=-4.86e+12
dp[21][620]=-4.86e+12
dp[22][620]=-4.86e+12
dp[23][620]=-4.86e+12
dp[24][620]=-4.61e+12
Select best dp
Best k=5
Stratifying 5-th numerical feature ...
dp[2][620]=-684
dp[3][620]=-983.003
dp[4][620]=-1087.39
dp[5][620]=-1125.89
dp[6][620]=-1087.77
dp[7][620]=-1048.6
dp[8][620]=-959.839
dp[9][620]=-866.716
dp[10][620]=-752.075
dp[11][620]=-631.558
dp[12][620]=-506.238
dp[13][620]=-375.946
dp[14][620]=-243.926
dp[15][620]=-96.3083
dp[16][620]=69.4649
dp[17][620]=239.362
dp[18][620]=416.182
dp[19][620]=596.305
dp[20][620]=781.294
dp[21][620]=967.221
dp[22][620]=1174.58
dp[23][620]=1396.74
dp[24][620]=1631.95
Select best dp
Best k=5
Stratifying 3-th numerical feature ...
dp[2][620]=-684
dp[3][620]=-983.003
dp[4][620]=-1087.39
dp[5][620]=-1125.89
dp[6][620]=-1087.77
dp[7][620]=-1048.6
dp[8][620]=-959.839
dp[9][620]=-866.716
dp[10][620]=-752.075
dp[11][620]=-631.558
dp[12][620]=-506.238
dp[13][620]=-375.946
dp[14][620]=-243.926
dp[15][620]=-96.3083
dp[16][620]=69.4649
dp[17][620]=239.362
dp[18][620]=416.182
dp[19][620]=596.305
dp[20][620]=781.294
dp[21][620]=967.221
dp[22][620]=1174.58
dp[23][620]=1396.74
dp[24][620]=1631.95
Select best dp
Best k=5
dp[2][620]=-7.08e+12
dp[3][620]=-8.42e+12
dp[4][620]=-9.18e+12
dp[5][620]=-9.72e+12
dp[6][620]=-9.72e+12
dp[7][620]=-9.72e+12
dp[8][620]=-9.72e+12
dp[9][620]=-9.72e+12
dp[10][620]=-9.72e+12
dp[11][620]=-9.72e+12
dp[12][620]=-9.72e+12
dp[13][620]=-9.72e+12
dp[14][620]=-9.72e+12
dp[15][620]=-9.72e+12
dp[16][620]=-9.72e+12
dp[17][620]=-9.72e+12
dp[18][620]=-9.72e+12
dp[19][620]=-9.72e+12
dp[20][620]=-9.72e+12
dp[21][620]=-9.72e+12
dp[22][620]=-9.72e+12
dp[23][620]=-9.72e+12
dp[24][620]=-9.22e+12
Select best dp
Best k=7
Stratifying 3-th numerical feature ...
Stratifying 5-th numerical feature ...
dp[2][620]=-3.54e+12
dp[3][620]=-4.21e+12
dp[4][620]=-4.59e+12
dp[5][620]=-4.86e+12
dp[6][620]=-4.86e+12
dp[7][620]=-4.86e+12
dp[8][620]=-4.86e+12
dp[9][620]=-4.86e+12
dp[10][620]=-4.86e+12
dp[11][620]=-4.86e+12
dp[12][620]=-4.86e+12
dp[13][620]=-4.86e+12
dp[14][620]=-4.86e+12
dp[15][620]=-4.86e+12
dp[16][620]=-4.86e+12
dp[17][620]=-4.86e+12
dp[18][620]=-4.86e+12
dp[19][620]=-4.86e+12
dp[20][620]=-4.86e+12
dp[21][620]=-4.86e+12
dp[22][620]=-4.86e+12
dp[23][620]=-4.86e+12
dp[24][620]=-4.61e+12
Select best dp
Best k=5
dp[2][620]=-3.54e+12
dp[3][620]=-4.21e+12
dp[4][620]=-4.59e+12
dp[5][620]=-4.86e+12
dp[6][620]=-4.86e+12
dp[7][620]=-4.86e+12
dp[8][620]=-4.86e+12
dp[9][620]=-4.86e+12
dp[10][620]=-4.86e+12
dp[11][620]=-4.86e+12
dp[12][620]=-4.86e+12
dp[13][620]=-4.86e+12
dp[14][620]=-4.86e+12
dp[15][620]=-4.86e+12
dp[16][620]=-4.86e+12
dp[17][620]=-4.86e+12
dp[18][620]=-4.86e+12
dp[19][620]=-4.86e+12
dp[20][620]=-4.86e+12
dp[21][620]=-4.86e+12
dp[22][620]=-4.86e+12
dp[23][620]=-4.86e+12
dp[24][620]=-4.61e+12
Select best dp
Best k=5
Stratifying 5-th numerical feature ...
Stratifying 5-th numerical feature ...
dp[2][620]=-684
dp[3][620]=-983.003
dp[4][620]=-1087.39
dp[5][620]=-1125.89
dp[6][620]=-1087.77
dp[7][620]=-1048.6
dp[8][620]=-959.839
dp[9][620]=-866.716
dp[10][620]=-752.075
dp[11][620]=-631.558
dp[12][620]=-506.238
dp[13][620]=-375.946
dp[14][620]=-243.926
dp[15][620]=-96.3083
dp[16][620]=69.4649
dp[17][620]=239.362
dp[18][620]=416.182
dp[19][620]=596.305
dp[20][620]=781.294
dp[21][620]=967.221
dp[22][620]=1174.58
dp[23][620]=1396.74
dp[24][620]=1631.95
Select best dp
Best k=5
Stratifying 3-th numerical feature ...
dp[2][620]=-1.18e+12
dp[3][620]=-1.18e+12
dp[4][620]=-1.18e+12
dp[5][620]=-1.18e+12
dp[6][620]=-1.18e+12
dp[7][620]=-1.18e+12
dp[8][620]=-1.18e+12
dp[9][620]=-1.18e+12
dp[10][620]=-1.18e+12
dp[11][620]=-1.18e+12
dp[12][620]=-1.18e+12
dp[13][620]=-1.18e+12
dp[14][620]=-1.18e+12
dp[15][620]=-1.18e+12
dp[16][620]=-1.18e+12
Select best dp
Best k=5
Stratifying 6-th numerical feature ...
dp[2][620]=-84.747
dp[3][620]=-105.622
dp[4][620]=-29.1872
dp[5][620]=80.1906
dp[6][620]=227.877
dp[7][620]=376.086
dp[8][620]=549.094
dp[9][620]=724.281
dp[10][620]=910.229
dp[11][620]=1099.11
dp[12][620]=1290.4
dp[13][620]=1484.17
dp[14][620]=1678.81
dp[15][620]=1881.25
dp[16][620]=2092.76
dp[17][620]=2306.33
dp[18][620]=2523.37
dp[19][620]=2742.06
dp[20][620]=2963.18
dp[21][620]=3184.77
dp[22][620]=3417.08
dp[23][620]=3656.78
dp[24][620]=3903.02
Select best dp
Best k=3
Stratifying 3-th numerical feature ...
dp[2][620]=-6.2e+11
dp[3][620]=-9.4e+11
dp[4][620]=-1.18e+12
dp[5][620]=-1.48e+12
dp[6][620]=-1.68e+12
dp[7][620]=-1.78e+12
dp[8][620]=-1.95e+12
dp[9][620]=-2.06e+12
dp[10][620]=-2.21e+12
dp[11][620]=-2.33e+12
dp[12][620]=-2.45e+12
dp[13][620]=-2.57e+12
dp[14][620]=-2.62e+12
dp[15][620]=-2.74e+12
dp[16][620]=-2.77e+12
dp[17][620]=-2.89e+12
dp[18][620]=-2.91e+12
dp[19][620]=-3.03e+12
dp[20][620]=-3.03e+12
dp[21][620]=-3.14e+12
dp[22][620]=-3.14e+12
dp[23][620]=-3.24e+12
dp[24][620]=-3.24e+12
Select best dp
Best k=23
Stratifying 4-th numerical feature ...
dp[2][620]=-2.62e+12
dp[3][620]=-2.62e+12
dp[4][620]=-2.62e+12
dp[5][620]=-2.62e+12
dp[6][620]=-2.62e+12
dp[7][620]=-2.62e+12
dp[8][620]=-2.62e+12
dp[9][620]=-2.62e+12
dp[10][620]=-2.62e+12
dp[11][620]=-2.62e+12
dp[12][620]=-2.62e+12
dp[13][620]=-2.62e+12
dp[14][620]=-2.62e+12
dp[15][620]=-2.62e+12
dp[16][620]=-2.62e+12
Select best dp
Best k=5
dp[2][620]=-1.18e+12
dp[3][620]=-1.18e+12
dp[4][620]=-1.5e+12
dp[5][620]=-1.5e+12
dp[6][620]=-1.82e+12
dp[7][620]=-1.82e+12
dp[8][620]=-2.12e+12
dp[9][620]=-2.12e+12
dp[10][620]=-2.41e+12
dp[11][620]=-2.41e+12
dp[12][620]=-2.41e+12
dp[13][620]=-2.41e+12
dp[14][620]=-2.41e+12
dp[15][620]=-2.41e+12
dp[16][620]=-2.41e+12
dp[17][620]=-2.41e+12
dp[18][620]=-2.41e+12
dp[19][620]=-2.41e+12
dp[20][620]=-2.41e+12
dp[21][620]=-2.36e+12
dp[22][620]=-2.29e+12
dp[23][620]=-2.19e+12
dp[24][620]=-2.04e+12
Select best dp
Best k=11
Stratifying 6-th numerical feature ...
dp[2][620]=-2.36e+12
dp[3][620]=-2.36e+12
dp[4][620]=-3e+12
dp[5][620]=-3e+12
dp[6][620]=-3.64e+12
dp[7][620]=-3.64e+12
dp[8][620]=-4.24e+12
dp[9][620]=-4.24e+12
dp[10][620]=-4.82e+12
dp[11][620]=-4.82e+12
dp[12][620]=-4.82e+12
dp[13][620]=-4.82e+12
dp[14][620]=-4.82e+12
dp[15][620]=-4.82e+12
dp[16][620]=-4.82e+12
dp[17][620]=-4.82e+12
dp[18][620]=-4.82e+12
dp[19][620]=-4.82e+12
dp[20][620]=-4.82e+12
dp[21][620]=-4.72e+12
dp[22][620]=-4.58e+12
dp[23][620]=-4.38e+12
dp[24][620]=-4.08e+12
Select best dp
Best k=13
Stratifying 6-th numerical feature ...
dp[2][620]=-1.18e+12
dp[3][620]=-1.18e+12
dp[4][620]=-1.5e+12
dp[5][620]=-1.5e+12
dp[6][620]=-1.82e+12
dp[7][620]=-1.82e+12
dp[8][620]=-2.12e+12
dp[9][620]=-2.12e+12
dp[10][620]=-2.41e+12
dp[11][620]=-2.41e+12
dp[12][620]=-2.41e+12
dp[13][620]=-2.41e+12
dp[14][620]=-2.41e+12
dp[15][620]=-2.41e+12
dp[16][620]=-2.41e+12
dp[17][620]=-2.41e+12
dp[18][620]=-2.41e+12
dp[19][620]=-2.41e+12
dp[20][620]=-2.41e+12
dp[21][620]=-2.36e+12
dp[22][620]=-2.29e+12
dp[23][620]=-2.19e+12
dp[24][620]=-2.04e+12
Select best dp
Best k=11
dp[2][620]=-1.18e+12
dp[3][620]=-1.18e+12
dp[4][620]=-1.5e+12
dp[5][620]=-1.5e+12
dp[6][620]=-1.82e+12
dp[7][620]=-1.82e+12
dp[8][620]=-2.12e+12
dp[9][620]=-2.12e+12
dp[10][620]=-2.41e+12
dp[11][620]=-2.41e+12
dp[12][620]=-2.41e+12
dp[13][620]=-2.41e+12
dp[14][620]=-2.41e+12
dp[15][620]=-2.41e+12
dp[16][620]=-2.41e+12
dp[17][620]=-2.41e+12
dp[18][620]=-2.41e+12
dp[19][620]=-2.41e+12
dp[20][620]=-2.41e+12
dp[21][620]=-2.36e+12
dp[22][620]=-2.29e+12
dp[23][620]=-2.19e+12
dp[24][620]=-2.04e+12
Select best dp
Best k=11
Stratifying 6-th numerical feature ...
Stratifying 6-th numerical feature ...
dp[2][620]=-1.9e+11
dp[3][620]=-1.9e+11
dp[4][620]=-3.8e+11
dp[5][620]=-3.8e+11
dp[6][620]=-5.6e+11
dp[7][620]=-5.6e+11
dp[8][620]=-7.2e+11
dp[9][620]=-7.2e+11
dp[10][620]=-8.6e+11
dp[11][620]=-8.6e+11
dp[12][620]=-1e+12
dp[13][620]=-1e+12
dp[14][620]=-1.12e+12
dp[15][620]=-1.12e+12
dp[16][620]=-1.22e+12
dp[17][620]=-1.22e+12
dp[18][620]=-1.22e+12
dp[19][620]=-1.22e+12
dp[20][620]=-1.22e+12
dp[21][620]=-1.22e+12
dp[22][620]=-1.22e+12
dp[23][620]=-1.22e+12
dp[24][620]=-1.22e+12
Select best dp
Best k=16
Stratifying 3-th numerical feature ...
dp[2][620]=514.506
dp[3][620]=771.76
dp[4][620]=1029.01
dp[5][620]=1286.27
dp[6][620]=1543.52
dp[7][620]=1800.77
dp[8][620]=2058.03
dp[9][620]=2315.28
dp[10][620]=2572.53
dp[11][620]=2829.79
dp[12][620]=3087.04
dp[13][620]=3344.29
dp[14][620]=3601.55
dp[15][620]=3858.8
dp[16][620]=4116.05
dp[17][620]=4373.31
dp[18][620]=4630.56
dp[19][620]=4887.81
dp[20][620]=5145.06
dp[21][620]=5402.32
dp[22][620]=5659.57
dp[23][620]=5916.82
dp[24][620]=6174.08
Select best dp
Best k=2
Stratifying 4-th numerical feature ...
dp[2][620]=-6.2e+11
dp[3][620]=-9.4e+11
dp[4][620]=-9.4e+11
dp[5][620]=-1.24e+12
dp[6][620]=-1.24e+12
dp[7][620]=-1.53e+12
dp[8][620]=-1.53e+12
dp[9][620]=-1.8e+12
dp[10][620]=-1.8e+12
dp[11][620]=-1.8e+12
dp[12][620]=-1.8e+12
dp[13][620]=-1.8e+12
dp[14][620]=-1.8e+12
dp[15][620]=-1.8e+12
dp[16][620]=-1.8e+12
dp[17][620]=-1.8e+12
dp[18][620]=-1.8e+12
dp[19][620]=-1.8e+12
dp[20][620]=-1.8e+12
dp[21][620]=-1.8e+12
dp[22][620]=-1.8e+12
dp[23][620]=-1.8e+12
dp[24][620]=-1.21e+12
Select best dp
Best k=10
Stratifying 4-th numerical feature ...
dp[2][620]=-2.62e+12
dp[3][620]=-2.62e+12
dp[4][620]=-2.62e+12
dp[5][620]=-2.62e+12
dp[6][620]=-2.62e+12
dp[7][620]=-2.62e+12
dp[8][620]=-2.62e+12
dp[9][620]=-2.62e+12
dp[10][620]=-2.62e+12
dp[11][620]=-2.62e+12
dp[12][620]=-2.62e+12
dp[13][620]=-2.62e+12
dp[14][620]=-2.62e+12
dp[15][620]=-2.62e+12
dp[16][620]=-2.62e+12
dp[17][620]=-2.62e+12
dp[18][620]=-2.62e+12
dp[19][620]=-2.62e+12
dp[20][620]=-2.62e+12
dp[21][620]=-2.62e+12
dp[22][620]=-2.62e+12
dp[23][620]=-2.62e+12
dp[24][620]=-2.62e+12
Select best dp
Best k=5
dp[2][620]=-6.2e+11
dp[3][620]=-9.4e+11
dp[4][620]=-9.4e+11
dp[5][620]=-1.24e+12
dp[6][620]=-1.24e+12
dp[7][620]=-1.53e+12
dp[8][620]=-1.53e+12
dp[9][620]=-1.8e+12
dp[10][620]=-1.8e+12
dp[11][620]=-1.8e+12
dp[12][620]=-1.8e+12
dp[13][620]=-1.8e+12
dp[14][620]=-1.8e+12
dp[15][620]=-1.8e+12
dp[16][620]=-1.8e+12
dp[17][620]=-1.8e+12
dp[18][620]=-1.8e+12
dp[19][620]=-1.8e+12
dp[20][620]=-1.8e+12
dp[21][620]=-1.8e+12
dp[22][620]=-1.8e+12
dp[23][620]=-1.8e+12
dp[24][620]=-1.21e+12
Select best dp
Best k=10
Stratifying 4-th numerical feature ...
dp[2][620]=-3.54e+12
dp[3][620]=-4.21e+12
dp[4][620]=-4.59e+12
dp[5][620]=-4.86e+12
dp[6][620]=-5.01e+12
dp[7][620]=-5.18e+12
dp[8][620]=-5.38e+12
dp[9][620]=-5.51e+12
dp[10][620]=-5.56e+12
dp[11][620]=-5.69e+12
dp[12][620]=-5.69e+12
dp[13][620]=-5.69e+12
dp[14][620]=-5.69e+12
dp[15][620]=-5.69e+12
dp[16][620]=-5.69e+12
dp[17][620]=-5.69e+12
dp[18][620]=-5.69e+12
dp[19][620]=-5.69e+12
dp[20][620]=-5.69e+12
dp[21][620]=-5.69e+12
dp[22][620]=-5.69e+12
dp[23][620]=-5.69e+12
dp[24][620]=-5.69e+12
Select best dp
Best k=11
Stratifying 5-th numerical feature ...
dp[2][620]=-5.24e+12
dp[3][620]=-5.24e+12
dp[4][620]=-5.24e+12
dp[5][620]=-5.24e+12
dp[6][620]=-5.24e+12
dp[7][620]=-5.24e+12
dp[8][620]=-5.24e+12
dp[9][620]=-5.24e+12
dp[10][620]=-5.24e+12
dp[11][620]=-5.24e+12
dp[12][620]=-5.24e+12
dp[13][620]=-5.24e+12
dp[14][620]=-5.24e+12
dp[15][620]=-5.24e+12
dp[16][620]=-5.24e+12
dp[17][620]=-5.24e+12
dp[18][620]=-5.24e+12
dp[19][620]=-5.24e+12
dp[20][620]=-5.24e+12
dp[21][620]=-5.24e+12
dp[22][620]=-5.24e+12
dp[23][620]=-5.24e+12
dp[24][620]=-5.24e+12
Select best dp
Best k=8
dp[2][620]=-2.62e+12
dp[3][620]=-2.62e+12
dp[4][620]=-2.62e+12
dp[5][620]=-2.62e+12
dp[6][620]=-2.62e+12
dp[7][620]=-2.62e+12
dp[8][620]=-2.62e+12
dp[9][620]=-2.62e+12
dp[10][620]=-2.62e+12
dp[11][620]=-2.62e+12
dp[12][620]=-2.62e+12
dp[13][620]=-2.62e+12
dp[14][620]=-2.62e+12
dp[15][620]=-2.62e+12
dp[16][620]=-2.62e+12
dp[17][620]=-2.62e+12
dp[18][620]=-2.62e+12
dp[19][620]=-2.62e+12
dp[20][620]=-2.62e+12
dp[21][620]=-2.62e+12
dp[22][620]=-2.62e+12
dp[23][620]=-2.62e+12
dp[24][620]=-2.62e+12
Select best dp
Best k=5
dp[2][620]=-6.2e+11
dp[3][620]=-9.4e+11
dp[4][620]=-9.4e+11
dp[5][620]=-1.24e+12
dp[6][620]=-1.24e+12
dp[7][620]=-1.53e+12
dp[8][620]=-1.53e+12
dp[9][620]=-1.8e+12
dp[10][620]=-1.8e+12
dp[11][620]=-1.8e+12
dp[12][620]=-1.8e+12
dp[13][620]=-1.8e+12
dp[14][620]=-1.8e+12
dp[15][620]=-1.8e+12
dp[16][620]=-1.8e+12
dp[17][620]=-1.8e+12
dp[18][620]=-1.8e+12
dp[19][620]=-1.8e+12
dp[20][620]=-1.8e+12
dp[21][620]=-1.8e+12
dp[22][620]=-1.8e+12
dp[23][620]=-1.8e+12
dp[24][620]=-1.21e+12
Select best dp
Best k=10
dp[2][620]=-2.62e+12
dp[3][620]=-2.62e+12
dp[4][620]=-2.62e+12
dp[5][620]=-2.62e+12
dp[6][620]=-2.62e+12
dp[7][620]=-2.62e+12
dp[8][620]=-2.62e+12
dp[9][620]=-2.62e+12
dp[10][620]=-2.62e+12
dp[11][620]=-2.62e+12
dp[12][620]=-2.62e+12
dp[13][620]=-2.62e+12
dp[14][620]=-2.62e+12
dp[15][620]=-2.62e+12
dp[16][620]=-2.62e+12
dp[17][620]=-2.62e+12
dp[18][620]=-2.62e+12
dp[19][620]=-2.62e+12
dp[20][620]=-2.62e+12
dp[21][620]=-2.62e+12
dp[22][620]=-2.62e+12
dp[23][620]=-2.62e+12
dp[24][620]=-2.62e+12
Select best dp
Best k=5
Stratifying 4-th numerical feature ...
dp[2][620]=-3.1e+11
dp[3][620]=-4.7e+11
dp[4][620]=-4.7e+11
dp[5][620]=-6.2e+11
dp[6][620]=-6.2e+11
dp[7][620]=-7.65e+11
dp[8][620]=-7.65e+11
dp[9][620]=-9e+11
dp[10][620]=-9e+11
dp[11][620]=-9e+11
dp[12][620]=-9e+11
dp[13][620]=-9e+11
dp[14][620]=-9e+11
dp[15][620]=-9e+11
dp[16][620]=-9e+11
dp[17][620]=-9e+11
dp[18][620]=-9e+11
dp[19][620]=-9e+11
dp[20][620]=-9e+11
dp[21][620]=-9e+11
dp[22][620]=-9e+11
dp[23][620]=-9e+11
dp[24][620]=-6.05e+11
Select best dp
Best k=10
Stratifying 4-th numerical feature ...
dp[2][620]=200.606
dp[3][620]=-99.6535
dp[4][620]=-215.224
dp[5][620]=-276.126
dp[6][620]=-305.046
dp[7][620]=-248.751
dp[8][620]=-177.434
dp[9][620]=-85.611
dp[10][620]=25.0096
dp[11][620]=156.096
dp[12][620]=292.142
dp[13][620]=428.903
dp[14][620]=585.742
dp[15][620]=749.173
dp[16][620]=918.629
dp[17][620]=1088.34
dp[18][620]=1264.49
dp[19][620]=1442.93
dp[20][620]=1625.19
dp[21][620]=1808.89
dp[22][620]=1995.64
dp[23][620]=2205.35
dp[24][620]=2427.62
Select best dp
Best k=6
Stratifying 2-th numerical feature ...
dp[2][620]=-1.9e+11
dp[3][620]=-1.9e+11
dp[4][620]=-3.8e+11
dp[5][620]=-4.1e+11
dp[6][620]=-5.6e+11
dp[7][620]=-6e+11
dp[8][620]=-7.2e+11
dp[9][620]=-7.8e+11
dp[10][620]=-8.7e+11
dp[11][620]=-9.4e+11
dp[12][620]=-1.01e+12
dp[13][620]=-1.09e+12
dp[14][620]=-1.15e+12
dp[15][620]=-1.23e+12
dp[16][620]=-1.28e+12
dp[17][620]=-1.35e+12
dp[18][620]=-1.4e+12
dp[19][620]=-1.46e+12
dp[20][620]=-1.51e+12
dp[21][620]=-1.56e+12
dp[22][620]=-1.62e+12
dp[23][620]=-1.67e+12
dp[24][620]=-1.72e+12
Select best dp
Best k=24
Stratifying 3-th numerical feature ...
dp[2][620]=-3.54e+12
dp[3][620]=-4.21e+12
dp[4][620]=-4.59e+12
dp[5][620]=-4.86e+12
dp[6][620]=-4.86e+12
dp[7][620]=-4.86e+12
dp[8][620]=-4.86e+12
dp[9][620]=-4.86e+12
dp[10][620]=-4.86e+12
dp[11][620]=-4.86e+12
dp[12][620]=-4.86e+12
dp[13][620]=-4.86e+12
dp[14][620]=-4.86e+12
dp[15][620]=-4.86e+12
dp[16][620]=-4.86e+12
dp[17][620]=-4.86e+12
dp[18][620]=-4.86e+12
dp[19][620]=-4.86e+12
dp[20][620]=-4.86e+12
dp[21][620]=-4.86e+12
dp[22][620]=-4.86e+12
dp[23][620]=-4.86e+12
dp[24][620]=-4.61e+12
Select best dp
Best k=5
Stratifying 5-th numerical feature ...
dp[2][620]=-1.77e+12
dp[3][620]=-2.105e+12
dp[4][620]=-2.295e+12
dp[5][620]=-2.43e+12
dp[6][620]=-2.43e+12
dp[7][620]=-2.43e+12
dp[8][620]=-2.43e+12
dp[9][620]=-2.43e+12
dp[10][620]=-2.43e+12
dp[11][620]=-2.43e+12
dp[12][620]=-2.43e+12
dp[13][620]=-2.43e+12
dp[14][620]=-2.43e+12
dp[15][620]=-2.43e+12
dp[16][620]=-2.43e+12
dp[17][620]=-2.43e+12
dp[18][620]=-2.43e+12
dp[19][620]=-2.43e+12
dp[20][620]=-2.43e+12
dp[21][620]=-2.43e+12
dp[22][620]=-2.43e+12
dp[23][620]=-2.43e+12
dp[24][620]=-2.305e+12
Select best dp
Best k=5
Stratifying 5-th numerical feature ...
dp[2][620]=-3.54e+12
dp[3][620]=-4.21e+12
dp[4][620]=-4.59e+12
dp[5][620]=-4.86e+12
dp[6][620]=-4.86e+12
dp[7][620]=-4.86e+12
dp[8][620]=-4.86e+12
dp[9][620]=-4.86e+12
dp[10][620]=-4.86e+12
dp[11][620]=-4.86e+12
dp[12][620]=-4.86e+12
dp[13][620]=-4.86e+12
dp[14][620]=-4.86e+12
dp[15][620]=-4.86e+12
dp[16][620]=-4.86e+12
dp[17][620]=-4.86e+12
dp[18][620]=-4.86e+12
dp[19][620]=-4.86e+12
dp[20][620]=-4.86e+12
dp[21][620]=-4.86e+12
dp[22][620]=-4.86e+12
dp[23][620]=-4.86e+12
dp[24][620]=-4.61e+12
Select best dp
Best k=5
Stratifying 5-th numerical feature ...
dp[2][620]=-1.18e+12
dp[3][620]=-1.18e+12
dp[4][620]=-1.5e+12
dp[5][620]=-1.5e+12
dp[6][620]=-1.82e+12
dp[7][620]=-1.82e+12
dp[8][620]=-2.12e+12
dp[9][620]=-2.12e+12
dp[10][620]=-2.41e+12
dp[11][620]=-2.41e+12
dp[12][620]=-2.64e+12
dp[13][620]=-2.64e+12
dp[14][620]=-2.85e+12
dp[15][620]=-2.85e+12
dp[16][620]=-2.99e+12
dp[17][620]=-2.99e+12
dp[18][620]=-3.13e+12
dp[19][620]=-3.13e+12
dp[20][620]=-3.27e+12
dp[21][620]=-3.27e+12
dp[22][620]=-3.38e+12
dp[23][620]=-3.38e+12
dp[24][620]=-3.41e+12
Select best dp
Best k=24
Stratifying 6-th numerical feature ...
dp[2][620]=-1.18e+12
dp[3][620]=-1.18e+12
dp[4][620]=-1.5e+12
dp[5][620]=-1.5e+12
dp[6][620]=-1.82e+12
dp[7][620]=-1.82e+12
dp[8][620]=-2.12e+12
dp[9][620]=-2.12e+12
dp[10][620]=-2.41e+12
dp[11][620]=-2.41e+12
dp[12][620]=-2.41e+12
dp[13][620]=-2.41e+12
dp[14][620]=-2.41e+12
dp[15][620]=-2.41e+12
dp[16][620]=-2.41e+12
dp[17][620]=-2.41e+12
dp[18][620]=-2.41e+12
dp[19][620]=-2.41e+12
dp[20][620]=-2.41e+12
dp[21][620]=-2.36e+12
dp[22][620]=-2.29e+12
dp[23][620]=-2.19e+12
dp[24][620]=-2.04e+12
Select best dp
Best k=11
dp[2][620]=514.506
dp[3][620]=771.76
dp[4][620]=1029.01
dp[5][620]=1286.27
dp[6][620]=1543.52
dp[7][620]=1800.77
dp[8][620]=2058.03
dp[9][620]=2315.28
dp[10][620]=2572.53
dp[11][620]=2829.79
dp[12][620]=3087.04
dp[13][620]=3344.29
dp[14][620]=3601.55
dp[15][620]=3858.8
dp[16][620]=4116.05
dp[17][620]=4373.31
dp[18][620]=4630.56
dp[19][620]=4887.81
dp[20][620]=5145.06
dp[21][620]=5402.32
dp[22][620]=5659.57
dp[23][620]=5916.82
dp[24][620]=6174.08
Select best dp
Best k=2
Stratifying 5-th numerical feature ...
Stratifying 6-th numerical feature ...
dp[2][620]=-5.9e+11
dp[3][620]=-5.9e+11
dp[4][620]=-7.5e+11
dp[5][620]=-7.5e+11
dp[6][620]=-9.1e+11
dp[7][620]=-9.1e+11
dp[8][620]=-1.06e+12
dp[9][620]=-1.06e+12
dp[10][620]=-1.205e+12
dp[11][620]=-1.205e+12
dp[12][620]=-1.205e+12
dp[13][620]=-1.205e+12
dp[14][620]=-1.205e+12
dp[15][620]=-1.205e+12
dp[16][620]=-1.205e+12
dp[17][620]=-1.205e+12
dp[18][620]=-1.205e+12
dp[19][620]=-1.205e+12
dp[20][620]=-1.205e+12
dp[21][620]=-1.18e+12
dp[22][620]=-1.145e+12
dp[23][620]=-1.095e+12
dp[24][620]=-1.02e+12
Select best dp
Best k=10
Stratifying 6-th numerical feature ...
dp[2][620]=-3.54e+12
dp[3][620]=-4.21e+12
dp[4][620]=-4.59e+12
dp[5][620]=-4.86e+12
dp[6][620]=-4.86e+12
dp[7][620]=-4.86e+12
dp[8][620]=-4.86e+12
dp[9][620]=-4.86e+12
dp[10][620]=-4.86e+12
dp[11][620]=-4.86e+12
dp[12][620]=-4.86e+12
dp[13][620]=-4.86e+12
dp[14][620]=-4.86e+12
dp[15][620]=-4.86e+12
dp[16][620]=-4.86e+12
dp[17][620]=-4.86e+12
dp[18][620]=-4.86e+12
dp[19][620]=-4.86e+12
dp[20][620]=-4.86e+12
dp[21][620]=-4.86e+12
dp[22][620]=-4.86e+12
dp[23][620]=-4.86e+12
dp[24][620]=-4.61e+12
Select best dp
Best k=5
Stratifying 5-th numerical feature ...
dp[2][620]=-1.18e+12
dp[3][620]=-1.18e+12
dp[4][620]=-1.5e+12
dp[5][620]=-1.5e+12
dp[6][620]=-1.82e+12
dp[7][620]=-1.82e+12
dp[8][620]=-2.12e+12
dp[9][620]=-2.12e+12
dp[10][620]=-2.41e+12
dp[11][620]=-2.41e+12
dp[12][620]=-2.41e+12
dp[13][620]=-2.41e+12
dp[14][620]=-2.41e+12
dp[15][620]=-2.41e+12
dp[16][620]=-2.41e+12
dp[17][620]=-2.41e+12
dp[18][620]=-2.41e+12
dp[19][620]=-2.41e+12
dp[20][620]=-2.41e+12
dp[21][620]=-2.36e+12
dp[22][620]=-2.29e+12
dp[23][620]=-2.19e+12
dp[24][620]=-2.04e+12
Select best dp
Best k=11
Stratifying 6-th numerical feature ...
dp[2][620]=-6.2e+11
dp[3][620]=-9.4e+11
dp[4][620]=-1.18e+12
dp[5][620]=-1.48e+12
dp[6][620]=-1.68e+12
dp[7][620]=-1.78e+12
dp[8][620]=-2.04e+12
dp[9][620]=-2.16e+12
dp[10][620]=-2.31e+12
dp[11][620]=-2.43e+12
dp[12][620]=-2.55e+12
dp[13][620]=-2.67e+12
dp[14][620]=-2.73e+12
dp[15][620]=-2.84e+12
dp[16][620]=-2.9e+12
dp[17][620]=-2.99e+12
dp[18][620]=-3.05e+12
dp[19][620]=-3.13e+12
dp[20][620]=-3.19e+12
dp[21][620]=-3.26e+12
dp[22][620]=-3.32e+12
dp[23][620]=-3.38e+12
dp[24][620]=-3.44e+12
Select best dp
Best k=24
Stratifying 4-th numerical feature ...
dp[2][620]=-6.2e+11
dp[3][620]=-9.4e+11
dp[4][620]=-1.18e+12
dp[5][620]=-1.48e+12
dp[6][620]=-1.68e+12
dp[7][620]=-1.78e+12
dp[8][620]=-1.95e+12
dp[9][620]=-2.05e+12
dp[10][620]=-2.19e+12
dp[11][620]=-2.31e+12
dp[12][620]=-2.43e+12
dp[13][620]=-2.55e+12
dp[14][620]=-2.6e+12
dp[15][620]=-2.72e+12
dp[16][620]=-2.75e+12
dp[17][620]=-2.87e+12
dp[18][620]=-2.89e+12
dp[19][620]=-3.01e+12
dp[20][620]=-3.01e+12
dp[21][620]=-3.01e+12
dp[22][620]=-3.01e+12
dp[23][620]=-3.01e+12
dp[24][620]=-3.01e+12
Select best dp
Best k=20
Stratifying 4-th numerical feature ...
dp[2][620]=-2.62e+12
dp[3][620]=-2.62e+12
dp[4][620]=-2.62e+12
dp[5][620]=-2.62e+12
dp[6][620]=-2.62e+12
dp[7][620]=-2.62e+12
dp[8][620]=-2.62e+12
dp[9][620]=-2.62e+12
dp[10][620]=-2.62e+12
dp[11][620]=-2.62e+12
dp[12][620]=-2.62e+12
dp[13][620]=-2.62e+12
dp[14][620]=-2.62e+12
dp[15][620]=-2.62e+12
dp[16][620]=-2.62e+12
dp[17][620]=-2.62e+12
dp[18][620]=-2.62e+12
dp[19][620]=-2.62e+12
dp[20][620]=-2.62e+12
dp[21][620]=-2.62e+12
dp[22][620]=-2.62e+12
dp[23][620]=-2.62e+12
dp[24][620]=-2.62e+12
Select best dp
Best k=5
dp[2][620]=-1.31e+12
dp[3][620]=-1.31e+12
dp[4][620]=-1.31e+12
dp[5][620]=-1.31e+12
dp[6][620]=-1.31e+12
dp[7][620]=-1.31e+12
dp[8][620]=-1.31e+12
dp[9][620]=-1.31e+12
dp[10][620]=-1.31e+12
dp[11][620]=-1.31e+12
dp[12][620]=-1.31e+12
dp[13][620]=-1.31e+12
dp[14][620]=-1.31e+12
dp[15][620]=-1.31e+12
dp[16][620]=-1.31e+12
dp[17][620]=-1.31e+12
dp[18][620]=-1.31e+12
dp[19][620]=-1.31e+12
dp[20][620]=-1.31e+12
dp[21][620]=-1.31e+12
dp[22][620]=-1.31e+12
dp[23][620]=-1.31e+12
dp[24][620]=-1.31e+12
Select best dp
Best k=4
dp[2][620]=-2.62e+12
dp[3][620]=-2.85e+12
dp[4][620]=-2.85e+12
dp[5][620]=-2.95e+12
dp[6][620]=-2.95e+12
dp[7][620]=-2.95e+12
dp[8][620]=-2.95e+12
dp[9][620]=-2.95e+12
dp[10][620]=-2.95e+12
dp[11][620]=-2.95e+12
dp[12][620]=-2.95e+12
dp[13][620]=-2.95e+12
dp[14][620]=-2.95e+12
dp[15][620]=-2.95e+12
dp[16][620]=-2.95e+12
dp[17][620]=-2.95e+12
dp[18][620]=-2.95e+12
dp[19][620]=-2.95e+12
dp[20][620]=-2.95e+12
dp[21][620]=-2.95e+12
dp[22][620]=-2.95e+12
dp[23][620]=-2.95e+12
dp[24][620]=-2.95e+12
Select best dp
Best k=7
dp[2][620]=-2.62e+12
dp[3][620]=-2.62e+12
dp[4][620]=-2.62e+12
dp[5][620]=-2.62e+12
dp[6][620]=-2.62e+12
dp[7][620]=-2.62e+12
dp[8][620]=-2.62e+12
dp[9][620]=-2.62e+12
dp[10][620]=-2.62e+12
dp[11][620]=-2.62e+12
dp[12][620]=-2.62e+12
dp[13][620]=-2.62e+12
dp[14][620]=-2.62e+12
dp[15][620]=-2.62e+12
dp[16][620]=-2.62e+12
dp[17][620]=-2.62e+12
dp[18][620]=-2.62e+12
dp[19][620]=-2.62e+12
dp[20][620]=-2.62e+12
dp[21][620]=-2.62e+12
dp[22][620]=-2.62e+12
dp[23][620]=-2.62e+12
dp[24][620]=-2.62e+12
Select best dp
Best k=5
dp[2][620]=-1.18e+12
dp[3][620]=-1.18e+12
dp[4][620]=-1.5e+12
dp[5][620]=-1.5e+12
dp[6][620]=-1.82e+12
dp[7][620]=-1.82e+12
dp[8][620]=-2.12e+12
dp[9][620]=-2.12e+12
dp[10][620]=-2.41e+12
dp[11][620]=-2.41e+12
dp[12][620]=-2.41e+12
dp[13][620]=-2.41e+12
dp[14][620]=-2.41e+12
dp[15][620]=-2.41e+12
dp[16][620]=-2.41e+12
dp[17][620]=-2.41e+12
dp[18][620]=-2.41e+12
dp[19][620]=-2.41e+12
dp[20][620]=-2.41e+12
dp[21][620]=-2.36e+12
dp[22][620]=-2.29e+12
dp[23][620]=-2.19e+12
dp[24][620]=-2.04e+12
Select best dp
Best k=11
dp[2][620]=514.506
dp[3][620]=771.76
dp[4][620]=1029.01
dp[5][620]=1286.27
dp[6][620]=1543.52
dp[7][620]=1800.77
dp[8][620]=2058.03
dp[9][620]=2315.28
dp[10][620]=2572.53
dp[11][620]=2829.79
dp[12][620]=3087.04
dp[13][620]=3344.29
dp[14][620]=3601.55
dp[15][620]=3858.8
dp[16][620]=4116.05
dp[17][620]=4373.31
dp[18][620]=4630.56
dp[19][620]=4887.81
dp[20][620]=5145.06
dp[21][620]=5402.32
dp[22][620]=5659.57
dp[23][620]=5916.82
dp[24][620]=6174.08
Select best dp
Best k=2
Stratifying 6-th numerical feature ...
Stratifying 6-th numerical feature ...
dp[2][620]=-3.54e+12
dp[3][620]=-4.21e+12
dp[4][620]=-4.59e+12
dp[5][620]=-4.86e+12
dp[6][620]=-5.01e+12
dp[7][620]=-5.18e+12
dp[8][620]=-5.38e+12
dp[9][620]=-5.51e+12
dp[10][620]=-5.6e+12
dp[11][620]=-5.69e+12
dp[12][620]=-5.78e+12
dp[13][620]=-5.92e+12
dp[14][620]=-5.99e+12
dp[15][620]=-5.99e+12
dp[16][620]=-6.02e+12
dp[17][620]=-6.02e+12
dp[18][620]=-6.02e+12
dp[19][620]=-6.02e+12
dp[20][620]=-6.02e+12
dp[21][620]=-6.02e+12
dp[22][620]=-6.02e+12
dp[23][620]=-6.02e+12
dp[24][620]=-6.02e+12
Select best dp
Best k=16
Stratifying 5-th numerical feature ...
dp[2][620]=-3.54e+12
dp[3][620]=-4.21e+12
dp[4][620]=-4.59e+12
dp[5][620]=-4.86e+12
dp[6][620]=-5.01e+12
dp[7][620]=-5.18e+12
dp[8][620]=-5.38e+12
dp[9][620]=-5.51e+12
dp[10][620]=-5.56e+12
dp[11][620]=-5.69e+12
dp[12][620]=-5.69e+12
dp[13][620]=-5.69e+12
dp[14][620]=-5.69e+12
dp[15][620]=-5.69e+12
dp[16][620]=-5.69e+12
dp[17][620]=-5.69e+12
dp[18][620]=-5.69e+12
dp[19][620]=-5.69e+12
dp[20][620]=-5.69e+12
dp[21][620]=-5.69e+12
dp[22][620]=-5.69e+12
dp[23][620]=-5.69e+12
dp[24][620]=-5.69e+12
Select best dp
Best k=11
Stratifying 5-th numerical feature ...
dp[2][620]=-2.62e+12
dp[3][620]=-2.62e+12
dp[4][620]=-2.62e+12
dp[5][620]=-2.62e+12
dp[6][620]=-2.62e+12
dp[7][620]=-2.62e+12
dp[8][620]=-2.62e+12
dp[9][620]=-2.62e+12
dp[10][620]=-2.62e+12
dp[11][620]=-2.62e+12
dp[12][620]=-2.62e+12
dp[13][620]=-2.62e+12
dp[14][620]=-2.62e+12
dp[15][620]=-2.62e+12
dp[16][620]=-2.62e+12
dp[17][620]=-2.62e+12
dp[18][620]=-2.62e+12
dp[19][620]=-2.62e+12
dp[20][620]=-2.62e+12
dp[21][620]=-2.62e+12
dp[22][620]=-2.62e+12
dp[23][620]=-2.62e+12
dp[24][620]=-2.62e+12
Select best dp
Best k=5
dp[2][620]=514.506
dp[3][620]=771.76
dp[4][620]=1029.01
dp[5][620]=1286.27
dp[6][620]=1543.52
dp[7][620]=1800.77
dp[8][620]=2058.03
dp[9][620]=2315.28
dp[10][620]=2572.53
dp[11][620]=2829.79
dp[12][620]=3087.04
dp[13][620]=3344.29
dp[14][620]=3601.55
dp[15][620]=3858.8
dp[16][620]=4116.05
dp[17][620]=4373.31
dp[18][620]=4630.56
dp[19][620]=4887.81
dp[20][620]=5145.06
dp[21][620]=5402.32
dp[22][620]=5659.57
dp[23][620]=5916.82
dp[24][620]=6174.08
Select best dp
Best k=2
dp[2][620]=-197.095
dp[3][620]=-526.028
dp[4][620]=-648.528
dp[5][620]=-704.247
dp[6][620]=-687.461
dp[7][620]=-660.358
dp[8][620]=-592.911
dp[9][620]=-503.922
dp[10][620]=-393.436
dp[11][620]=-283.273
dp[12][620]=-167.885
dp[13][620]=-48.9044
dp[14][620]=77.9739
dp[15][620]=223.031
dp[16][620]=383.006
dp[17][620]=545.729
dp[18][620]=713.174
dp[19][620]=885.47
dp[20][620]=1059.09
dp[21][620]=1238.57
dp[22][620]=1437.67
dp[23][620]=1652.41
dp[24][620]=1890.5
Select best dp
Best k=5
Stratifying 3-th numerical feature ...
dp[2][620]=-1.18e+12
dp[3][620]=-1.18e+12
dp[4][620]=-1.5e+12
dp[5][620]=-1.5e+12
dp[6][620]=-1.82e+12
dp[7][620]=-1.82e+12
dp[8][620]=-2.12e+12
dp[9][620]=-2.12e+12
dp[10][620]=-2.41e+12
dp[11][620]=-2.41e+12
dp[12][620]=-2.62e+12
dp[13][620]=-2.62e+12
dp[14][620]=-2.81e+12
dp[15][620]=-2.81e+12
dp[16][620]=-2.95e+12
dp[17][620]=-2.95e+12
dp[18][620]=-3.09e+12
dp[19][620]=-3.09e+12
dp[20][620]=-3.23e+12
dp[21][620]=-3.23e+12
dp[22][620]=-3.23e+12
dp[23][620]=-3.23e+12
dp[24][620]=-3.23e+12
Select best dp
Best k=20
Stratifying 6-th numerical feature ...
dp[2][620]=-1.18e+12
dp[3][620]=-1.18e+12
dp[4][620]=-1.5e+12
dp[5][620]=-1.5e+12
dp[6][620]=-1.82e+12
dp[7][620]=-1.82e+12
dp[8][620]=-2.12e+12
dp[9][620]=-2.12e+12
dp[10][620]=-2.41e+12
dp[11][620]=-2.41e+12
dp[12][620]=-2.65e+12
dp[13][620]=-2.65e+12
dp[14][620]=-2.86e+12
dp[15][620]=-2.86e+12
dp[16][620]=-3e+12
dp[17][620]=-3e+12
dp[18][620]=-3.14e+12
dp[19][620]=-3.14e+12
dp[20][620]=-3.28e+12
dp[21][620]=-3.28e+12
dp[22][620]=-3.39e+12
dp[23][620]=-3.39e+12
dp[24][620]=-3.5e+12
Select best dp
Best k=24
Stratifying 6-th numerical feature ...
dp[2][620]=-2.62e+12
dp[3][620]=-2.85e+12
dp[4][620]=-2.85e+12
dp[5][620]=-2.85e+12
dp[6][620]=-2.85e+12
dp[7][620]=-2.85e+12
dp[8][620]=-2.85e+12
dp[9][620]=-2.85e+12
dp[10][620]=-2.85e+12
dp[11][620]=-2.85e+12
dp[12][620]=-2.85e+12
dp[13][620]=-2.85e+12
dp[14][620]=-2.85e+12
dp[15][620]=-2.85e+12
dp[16][620]=-2.85e+12
dp[17][620]=-2.85e+12
dp[18][620]=-2.85e+12
dp[19][620]=-2.85e+12
dp[20][620]=-2.85e+12
dp[21][620]=-2.85e+12
dp[22][620]=-2.85e+12
dp[23][620]=-2.85e+12
dp[24][620]=-2.85e+12
Select best dp
Best k=6
dp[2][620]=-2.62e+12
dp[3][620]=-2.85e+12
dp[4][620]=-2.94e+12
dp[5][620]=-3e+12
dp[6][620]=-3.04e+12
dp[7][620]=-3.1e+12
dp[8][620]=-3.13e+12
dp[9][620]=-3.19e+12
dp[10][620]=-3.23e+12
dp[11][620]=-3.27e+12
dp[12][620]=-3.32e+12
dp[13][620]=-3.35e+12
dp[14][620]=-3.4e+12
dp[15][620]=-3.41e+12
dp[16][620]=-3.46e+12
dp[17][620]=-3.46e+12
dp[18][620]=-3.51e+12
dp[19][620]=-3.51e+12
dp[20][620]=-3.56e+12
dp[21][620]=-3.56e+12
dp[22][620]=-3.56e+12
dp[23][620]=-3.56e+12
dp[24][620]=-3.56e+12
Select best dp
Best k=21
dp[2][620]=-6.2e+11
dp[3][620]=-9.4e+11
dp[4][620]=-9.4e+11
dp[5][620]=-1.24e+12
dp[6][620]=-1.24e+12
dp[7][620]=-1.53e+12
dp[8][620]=-1.53e+12
dp[9][620]=-1.8e+12
dp[10][620]=-1.8e+12
dp[11][620]=-1.8e+12
dp[12][620]=-1.8e+12
dp[13][620]=-1.8e+12
dp[14][620]=-1.8e+12
dp[15][620]=-1.8e+12
dp[16][620]=-1.8e+12
dp[17][620]=-1.8e+12
dp[18][620]=-1.8e+12
dp[19][620]=-1.8e+12
dp[20][620]=-1.8e+12
dp[21][620]=-1.8e+12
dp[22][620]=-1.8e+12
dp[23][620]=-1.8e+12
dp[24][620]=-1.21e+12
Select best dp
Best k=11
Stratifying 4-th numerical feature ...
dp[2][620]=-3.54e+12
dp[3][620]=-4.21e+12
dp[4][620]=-4.59e+12
dp[5][620]=-4.86e+12
dp[6][620]=-4.86e+12
dp[7][620]=-4.86e+12
dp[8][620]=-4.86e+12
dp[9][620]=-4.86e+12
dp[10][620]=-4.86e+12
dp[11][620]=-4.86e+12
dp[12][620]=-4.86e+12
dp[13][620]=-4.86e+12
dp[14][620]=-4.86e+12
dp[15][620]=-4.86e+12
dp[16][620]=-4.86e+12
dp[17][620]=-4.86e+12
dp[18][620]=-4.86e+12
dp[19][620]=-4.86e+12
dp[20][620]=-4.86e+12
dp[21][620]=-4.86e+12
dp[22][620]=-4.86e+12
dp[23][620]=-4.86e+12
dp[24][620]=-4.61e+12
Select best dp
Best k=5
Stratifying 5-th numerical feature ...
dp[2][620]=-1.18e+12
dp[3][620]=-1.18e+12
dp[4][620]=-1.5e+12
dp[5][620]=-1.5e+12
dp[6][620]=-1.82e+12
dp[7][620]=-1.82e+12
dp[8][620]=-2.12e+12
dp[9][620]=-2.12e+12
dp[10][620]=-2.41e+12
dp[11][620]=-2.41e+12
dp[12][620]=-2.41e+12
dp[13][620]=-2.41e+12
dp[14][620]=-2.41e+12
dp[15][620]=-2.41e+12
dp[16][620]=-2.41e+12
dp[17][620]=-2.41e+12
dp[18][620]=-2.41e+12
dp[19][620]=-2.41e+12
dp[20][620]=-2.41e+12
dp[21][620]=-2.36e+12
dp[22][620]=-2.29e+12
dp[23][620]=-2.19e+12
dp[24][620]=-2.04e+12
Select best dp
Best k=11
Stratifying 6-th numerical feature ...
dp[2][620]=-2.62e+12
dp[3][620]=-2.62e+12
dp[4][620]=-2.62e+12
dp[5][620]=-2.62e+12
dp[6][620]=-2.62e+12
dp[7][620]=-2.62e+12
dp[8][620]=-2.62e+12
dp[9][620]=-2.62e+12
dp[10][620]=-2.62e+12
dp[11][620]=-2.62e+12
dp[12][620]=-2.62e+12
dp[13][620]=-2.62e+12
dp[14][620]=-2.62e+12
dp[15][620]=-2.62e+12
dp[16][620]=-2.62e+12
dp[17][620]=-2.62e+12
dp[18][620]=-2.62e+12
dp[19][620]=-2.62e+12
dp[20][620]=-2.62e+12
dp[21][620]=-2.62e+12
dp[22][620]=-2.62e+12
dp[23][620]=-2.62e+12
dp[24][620]=-2.62e+12
Select best dp
Best k=5
