Standardize ...
Stratifying 1-th numerical feature ...
Standardize ...
Stratifying 1-th numerical feature ...
Standardize ...
Stratifying 1-th numerical feature ...
Standardize ...
Stratifying 1-th numerical feature ...
Standardize ...
Stratifying 1-th numerical feature ...
Standardize ...
Stratifying 1-th numerical feature ...
Standardize ...
Stratifying 1-th numerical feature ...
Standardize ...
Stratifying 1-th numerical feature ...
Standardize ...
Stratifying 1-th numerical feature ...
Standardize ...
Stratifying 1-th numerical feature ...
Standardize ...
Stratifying 1-th numerical feature ...
Standardize ...
Stratifying 1-th numerical feature ...
Standardize ...
Stratifying 1-th numerical feature ...
Standardize ...
Stratifying 1-th numerical feature ...
dp[2][1324]=-1462.06
dp[3][1324]=-7e+11
dp[4][1324]=-1.35e+12
dp[5][1324]=-1.91e+12
dp[6][1324]=-2.43e+12
dp[7][1324]=-2.99e+12
dp[8][1324]=-3.5e+12
dp[9][1324]=-4.05e+12
dp[10][1324]=-4.48e+12
dp[11][1324]=-5.01e+12
dp[12][1324]=-5.49e+12
dp[13][1324]=-6e+12
dp[14][1324]=-6.56e+12
dp[15][1324]=-7.07e+12
dp[16][1324]=-7.52e+12
dp[17][1324]=-8.03e+12
dp[18][1324]=-8.48e+12
dp[19][1324]=-8.93e+12
dp[20][1324]=-9.32e+12
dp[21][1324]=-9.32e+12
dp[22][1324]=-9.71e+12
dp[23][1324]=-9.71e+12
dp[24][1324]=-1.007e+13
dp[25][1324]=-1.007e+13
dp[26][1324]=-1.007e+13
dp[27][1324]=-1.007e+13
dp[28][1324]=-9.71e+12
dp[29][1324]=-9.35e+12
dp[30][1324]=-8.99e+12
dp[31][1324]=-8.63e+12
dp[32][1324]=-8.27e+12
dp[33][1324]=-7.78e+12
dp[34][1324]=-7.06e+12
dp[35][1324]=-6.34e+12
dp[36][1324]=-5.26e+12
Select best dp
Best k=25
dp[2][1324]=-1462.06
dp[3][1324]=-7e+11
dp[4][1324]=-1.35e+12
dp[5][1324]=-1.91e+12
dp[6][1324]=-2.43e+12
dp[7][1324]=-2.99e+12
dp[8][1324]=-3.5e+12
dp[9][1324]=-4.05e+12
dp[10][1324]=-4.48e+12
dp[11][1324]=-5.01e+12
dp[12][1324]=-5.49e+12
dp[13][1324]=-6e+12
dp[14][1324]=-6.56e+12
dp[15][1324]=-7.07e+12
dp[16][1324]=-7.52e+12
dp[17][1324]=-8.03e+12
dp[18][1324]=-8.48e+12
dp[19][1324]=-8.93e+12
dp[20][1324]=-9.32e+12
dp[21][1324]=-9.32e+12
dp[22][1324]=-9.71e+12
dp[23][1324]=-9.71e+12
dp[24][1324]=-1.007e+13
dp[25][1324]=-1.007e+13
dp[26][1324]=-1.007e+13
dp[27][1324]=-1.007e+13
dp[28][1324]=-9.71e+12
dp[29][1324]=-9.35e+12
dp[30][1324]=-8.99e+12
dp[31][1324]=-8.63e+12
dp[32][1324]=-8.27e+12
dp[33][1324]=-7.78e+12
dp[34][1324]=-7.06e+12
dp[35][1324]=-6.34e+12
dp[36][1324]=-5.26e+12
Select best dp
Best k=25
Stratifying 2-th numerical feature ...
dp[2][1324]=-1462.06
dp[3][1324]=-7e+11
dp[4][1324]=-1.35e+12
dp[5][1324]=-1.91e+12
dp[6][1324]=-2.43e+12
dp[7][1324]=-2.99e+12
dp[8][1324]=-3.5e+12
dp[9][1324]=-4.05e+12
dp[10][1324]=-4.48e+12
dp[11][1324]=-5.01e+12
dp[12][1324]=-5.49e+12
dp[13][1324]=-6e+12
dp[14][1324]=-6.56e+12
dp[15][1324]=-7.07e+12
dp[16][1324]=-7.52e+12
dp[17][1324]=-8.03e+12
dp[18][1324]=-8.48e+12
dp[19][1324]=-8.93e+12
dp[20][1324]=-9.32e+12
dp[21][1324]=-9.32e+12
dp[22][1324]=-9.71e+12
dp[23][1324]=-9.71e+12
dp[24][1324]=-1.007e+13
dp[25][1324]=-1.007e+13
dp[26][1324]=-1.007e+13
dp[27][1324]=-1.007e+13
dp[28][1324]=-9.71e+12
dp[29][1324]=-9.35e+12
dp[30][1324]=-8.99e+12
dp[31][1324]=-8.63e+12
dp[32][1324]=-8.27e+12
dp[33][1324]=-7.78e+12
dp[34][1324]=-7.06e+12
dp[35][1324]=-6.34e+12
dp[36][1324]=-5.26e+12
Select best dp
Best k=25
Stratifying 2-th numerical feature ...
Stratifying 2-th numerical feature ...
dp[2][1324]=273.188
dp[3][1324]=409.783
dp[4][1324]=546.377
dp[5][1324]=682.971
dp[6][1324]=819.565
dp[7][1324]=956.159
dp[8][1324]=1092.75
dp[9][1324]=1229.35
dp[10][1324]=1365.94
dp[11][1324]=1502.54
dp[12][1324]=1639.13
dp[13][1324]=1775.72
dp[14][1324]=1912.32
dp[15][1324]=2048.91
dp[16][1324]=2185.51
dp[17][1324]=2322.1
dp[18][1324]=2458.7
dp[19][1324]=2595.29
dp[20][1324]=2731.88
dp[21][1324]=2868.48
dp[22][1324]=3005.07
dp[23][1324]=3141.67
dp[24][1324]=3278.26
dp[25][1324]=3414.85
dp[26][1324]=3551.45
dp[27][1324]=3688.04
dp[28][1324]=3824.64
dp[29][1324]=3961.23
dp[30][1324]=4097.83
dp[31][1324]=4234.42
dp[32][1324]=4371.01
dp[33][1324]=4507.61
dp[34][1324]=4644.2
dp[35][1324]=4780.8
dp[36][1324]=4917.39
Select best dp
Best k=2
Stratifying 2-th numerical feature ...
dp[2][1324]=-1462.06
dp[3][1324]=-7e+11
dp[4][1324]=-1.35e+12
dp[5][1324]=-1.91e+12
dp[6][1324]=-1.94e+12
dp[7][1324]=-2.5e+12
dp[8][1324]=-2.5e+12
dp[9][1324]=-3.05e+12
dp[10][1324]=-3.05e+12
dp[11][1324]=-3.58e+12
dp[12][1324]=-3.58e+12
dp[13][1324]=-3.58e+12
dp[14][1324]=-3.58e+12
dp[15][1324]=-3.58e+12
dp[16][1324]=-3.58e+12
dp[17][1324]=-3.58e+12
dp[18][1324]=-3.58e+12
dp[19][1324]=-3.58e+12
dp[20][1324]=-3.58e+12
dp[21][1324]=-3.58e+12
dp[22][1324]=-3.56e+12
dp[23][1324]=-2.97e+12
dp[24][1324]=-2.27e+12
Select best dp
Best k=20
Stratifying 2-th numerical feature ...
dp[2][1324]=-594.438
dp[3][1324]=-3.5e+11
dp[4][1324]=-6.75e+11
dp[5][1324]=-9.55e+11
dp[6][1324]=-1.215e+12
dp[7][1324]=-1.495e+12
dp[8][1324]=-1.75e+12
dp[9][1324]=-2.025e+12
dp[10][1324]=-2.24e+12
dp[11][1324]=-2.505e+12
dp[12][1324]=-2.745e+12
dp[13][1324]=-3e+12
dp[14][1324]=-3.28e+12
dp[15][1324]=-3.535e+12
dp[16][1324]=-3.76e+12
dp[17][1324]=-4.015e+12
dp[18][1324]=-4.24e+12
dp[19][1324]=-4.465e+12
dp[20][1324]=-4.66e+12
dp[21][1324]=-4.66e+12
dp[22][1324]=-4.855e+12
dp[23][1324]=-4.855e+12
dp[24][1324]=-5.035e+12
dp[25][1324]=-5.035e+12
dp[26][1324]=-5.035e+12
dp[27][1324]=-5.035e+12
dp[28][1324]=-4.855e+12
dp[2][1324]=-3197.32
dp[29][1324]=-4.675e+12
dp[30][1324]=-4.495e+12
dp[31][1324]=-4.315e+12
dp[3][1324]=-1.4e+12
dp[32][1324]=-4.135e+12
dp[4][1324]=-2.7e+12
dp[33][1324]=-3.89e+12
dp[5][1324]=-3.82e+12
dp[34][1324]=-3.53e+12
dp[6][1324]=-4.86e+12
dp[35][1324]=-3.17e+12
dp[7][1324]=-5.98e+12
dp[36][1324]=-2.63e+12
dp[8][1324]=-7e+12
Select best dp
dp[9][1324]=-8.1e+12
Best k=24
dp[10][1324]=-8.96e+12
dp[11][1324]=-1.002e+13
dp[12][1324]=-1.098e+13
dp[13][1324]=-1.2e+13
dp[14][1324]=-1.312e+13
dp[15][1324]=-1.414e+13
dp[16][1324]=-1.504e+13
dp[17][1324]=-1.606e+13
dp[18][1324]=-1.696e+13
dp[19][1324]=-1.786e+13
dp[20][1324]=-1.864e+13
dp[21][1324]=-1.864e+13
dp[22][1324]=-1.942e+13
dp[23][1324]=-1.942e+13
dp[24][1324]=-2.014e+13
dp[25][1324]=-2.014e+13
dp[26][1324]=-2.014e+13
dp[27][1324]=-2.014e+13
dp[28][1324]=-1.942e+13
dp[29][1324]=-1.87e+13
dp[30][1324]=-1.798e+13
dp[31][1324]=-1.726e+13
dp[32][1324]=-1.654e+13
dp[33][1324]=-1.556e+13
dp[34][1324]=-1.412e+13
dp[35][1324]=-1.268e+13
dp[36][1324]=-1.052e+13
Select best dp
Best k=26
dp[2][1324]=-1462.06
dp[3][1324]=-7e+11
dp[4][1324]=-1.35e+12
dp[5][1324]=-1.91e+12
dp[6][1324]=-2.43e+12
dp[7][1324]=-2.99e+12
dp[8][1324]=-3.5e+12
dp[9][1324]=-4.05e+12
dp[10][1324]=-4.48e+12
dp[11][1324]=-5.01e+12
dp[12][1324]=-5.49e+12
dp[13][1324]=-6e+12
dp[14][1324]=-6.56e+12
dp[15][1324]=-7.07e+12
dp[16][1324]=-7.52e+12
dp[17][1324]=-8.03e+12
dp[18][1324]=-8.48e+12
dp[19][1324]=-8.93e+12
dp[20][1324]=-9.32e+12
dp[21][1324]=-9.32e+12
dp[22][1324]=-9.71e+12
dp[23][1324]=-9.71e+12
dp[24][1324]=-1.007e+13
dp[25][1324]=-1.007e+13
dp[26][1324]=-1.007e+13
dp[27][1324]=-1.007e+13
dp[28][1324]=-9.71e+12
dp[29][1324]=-9.35e+12
dp[30][1324]=-8.99e+12
dp[31][1324]=-8.63e+12
dp[32][1324]=-8.27e+12
dp[33][1324]=-7.78e+12
dp[34][1324]=-7.06e+12
dp[35][1324]=-6.34e+12
dp[36][1324]=-5.26e+12
dp[2][1324]=-1462.06
Select best dp
Best k=25
dp[3][1324]=-7e+11
dp[4][1324]=-1.35e+12
dp[5][1324]=-1.91e+12
dp[6][1324]=-2.43e+12
dp[7][1324]=-2.99e+12
dp[8][1324]=-3.5e+12
dp[9][1324]=-4.05e+12
dp[10][1324]=-4.48e+12
dp[11][1324]=-5.01e+12
dp[12][1324]=-5.49e+12
dp[13][1324]=-6e+12
dp[14][1324]=-6.56e+12
dp[15][1324]=-7.07e+12
dp[16][1324]=-7.52e+12
dp[17][1324]=-8.03e+12
dp[18][1324]=-8.48e+12
dp[19][1324]=-8.93e+12
dp[20][1324]=-9.32e+12
dp[21][1324]=-9.32e+12
dp[22][1324]=-9.71e+12
dp[23][1324]=-9.71e+12
dp[24][1324]=-1.007e+13
dp[25][1324]=-1.007e+13
dp[26][1324]=-1.007e+13
dp[27][1324]=-1.007e+13
dp[28][1324]=-9.71e+12
dp[29][1324]=-9.35e+12
dp[30][1324]=-8.99e+12
dp[31][1324]=-8.63e+12
dp[32][1324]=-8.27e+12
dp[33][1324]=-7.78e+12
dp[34][1324]=-7.06e+12
dp[35][1324]=-6.34e+12
dp[36][1324]=-5.26e+12
Select best dp
Best k=25
dp[2][1324]=-1462.06
dp[3][1324]=-7e+11
dp[4][1324]=-1.35e+12
dp[5][1324]=-1.91e+12
dp[6][1324]=-2.43e+12
dp[7][1324]=-2.99e+12
dp[8][1324]=-3.5e+12
dp[9][1324]=-4.05e+12
dp[10][1324]=-4.48e+12
dp[11][1324]=-5.01e+12
dp[12][1324]=-5.49e+12
dp[13][1324]=-6e+12
dp[14][1324]=-6.56e+12
dp[15][1324]=-7.07e+12
dp[16][1324]=-7.52e+12
dp[17][1324]=-8.03e+12
dp[18][1324]=-8.48e+12
dp[19][1324]=-8.93e+12
dp[20][1324]=-9.32e+12
dp[21][1324]=-9.32e+12
dp[22][1324]=-9.71e+12
dp[23][1324]=-9.71e+12
dp[24][1324]=-1.007e+13
dp[25][1324]=-1.007e+13
dp[26][1324]=-1.007e+13
dp[27][1324]=-1.007e+13
dp[28][1324]=-9.71e+12
dp[29][1324]=-9.35e+12
dp[30][1324]=-8.99e+12
dp[31][1324]=-8.63e+12
dp[32][1324]=-8.27e+12
dp[33][1324]=-7.78e+12
dp[34][1324]=-7.06e+12
dp[35][1324]=-6.34e+12
dp[36][1324]=-5.26e+12
Select best dp
Best k=25
Stratifying 2-th numerical feature ...
Stratifying 2-th numerical feature ...
Stratifying 2-th numerical feature ...
Stratifying 2-th numerical feature ...
Stratifying 2-th numerical feature ...
dp[2][1324]=-9e+11
dp[3][1324]=-3.39e+12
dp[4][1324]=-5.88e+12
dp[5][1324]=-8.18e+12
dp[6][1324]=-9.93e+12
dp[7][1324]=-1.11e+13
dp[8][1324]=-1.196e+13
dp[9][1324]=-1.239e+13
dp[10][1324]=-1.285e+13
dp[11][1324]=-1.285e+13
dp[12][1324]=-1.285e+13
dp[13][1324]=-1.285e+13
dp[14][1324]=-1.285e+13
dp[15][1324]=-1.285e+13
dp[16][1324]=-1.285e+13
dp[17][1324]=-1.285e+13
dp[18][1324]=-1.285e+13
dp[19][1324]=-1.285e+13
dp[20][1324]=-1.285e+13
dp[21][1324]=-1.285e+13
dp[22][1324]=-1.285e+13
dp[23][1324]=-1.285e+13
dp[24][1324]=-1.285e+13
dp[25][1324]=-1.285e+13
dp[26][1324]=-1.285e+13
dp[27][1324]=-1.285e+13
dp[28][1324]=-1.285e+13
dp[29][1324]=-1.285e+13
dp[30][1324]=-1.285e+13
dp[31][1324]=-1.285e+13
dp[32][1324]=-1.285e+13
dp[33][1324]=-1.249e+13
dp[34][1324]=-1.213e+13
dp[35][1324]=-1.177e+13
dp[36][1324]=-1.069e+13
Select best dp
Best k=10
dp[2][1324]=-9e+11
dp[3][1324]=-3.39e+12
dp[4][1324]=-5.88e+12
dp[5][1324]=-8.18e+12
dp[6][1324]=-9.93e+12
dp[7][1324]=-1.11e+13
dp[8][1324]=-1.196e+13
dp[9][1324]=-1.239e+13
dp[10][1324]=-1.285e+13
dp[11][1324]=-1.285e+13
dp[12][1324]=-1.285e+13
dp[13][1324]=-1.285e+13
dp[14][1324]=-1.285e+13
dp[15][1324]=-1.285e+13
dp[16][1324]=-1.285e+13
dp[2][1324]=-9e+11
dp[17][1324]=-1.285e+13
dp[18][1324]=-1.285e+13
dp[3][1324]=-3.39e+12
dp[19][1324]=-1.285e+13
dp[4][1324]=-5.88e+12
dp[20][1324]=-1.285e+13
dp[5][1324]=-8.18e+12
dp[21][1324]=-1.285e+13
dp[6][1324]=-9.93e+12
dp[22][1324]=-1.285e+13
dp[7][1324]=-1.11e+13
dp[23][1324]=-1.285e+13
dp[8][1324]=-1.196e+13
dp[24][1324]=-1.285e+13
dp[9][1324]=-1.239e+13
dp[25][1324]=-1.285e+13
dp[10][1324]=-1.285e+13
dp[26][1324]=-1.285e+13
dp[11][1324]=-1.285e+13
dp[27][1324]=-1.285e+13
dp[12][1324]=-1.285e+13
dp[28][1324]=-1.285e+13
dp[13][1324]=-1.285e+13
dp[29][1324]=-1.285e+13
dp[14][1324]=-1.285e+13
dp[30][1324]=-1.285e+13
dp[15][1324]=-1.285e+13
dp[31][1324]=-1.285e+13
dp[16][1324]=-1.285e+13
dp[17][1324]=-1.285e+13
dp[32][1324]=-1.285e+13
dp[33][1324]=-1.249e+13
dp[18][1324]=-1.285e+13
dp[34][1324]=-1.213e+13
dp[19][1324]=-1.285e+13
dp[35][1324]=-1.177e+13
dp[20][1324]=-1.285e+13
dp[36][1324]=-1.069e+13
dp[21][1324]=-1.285e+13
Select best dp
dp[22][1324]=-1.285e+13
Best k=10
dp[23][1324]=-1.285e+13
dp[24][1324]=-1.285e+13
dp[25][1324]=-1.285e+13
dp[26][1324]=-1.285e+13
dp[27][1324]=-1.285e+13
dp[28][1324]=-1.285e+13
dp[29][1324]=-1.285e+13
dp[30][1324]=-1.285e+13
dp[31][1324]=-1.285e+13
dp[32][1324]=-1.285e+13
dp[33][1324]=-1.249e+13
dp[34][1324]=-1.213e+13
dp[35][1324]=-1.177e+13
dp[36][1324]=-1.069e+13
Select best dp
Best k=10
dp[2][1324]=273.188
dp[3][1324]=409.783
dp[4][1324]=546.377
dp[5][1324]=682.971
dp[6][1324]=819.565
dp[7][1324]=956.159
dp[8][1324]=1092.75
dp[9][1324]=1229.35
dp[10][1324]=1365.94
dp[11][1324]=1502.54
dp[12][1324]=1639.13
dp[13][1324]=1775.72
dp[14][1324]=1912.32
dp[15][1324]=2048.91
dp[16][1324]=2185.51
dp[17][1324]=2322.1
dp[18][1324]=2458.7
dp[19][1324]=2595.29
dp[20][1324]=2731.88
dp[21][1324]=2868.48
dp[22][1324]=3005.07
dp[23][1324]=3141.67
dp[24][1324]=3278.26
dp[25][1324]=3414.85
dp[26][1324]=3551.45
dp[27][1324]=3688.04
dp[28][1324]=3824.64
dp[29][1324]=3961.23
dp[30][1324]=4097.83
dp[31][1324]=4234.42
dp[32][1324]=4371.01
dp[33][1324]=4507.61
dp[34][1324]=4644.2
dp[35][1324]=4780.8
dp[36][1324]=4917.39
Select best dp
Best k=2
dp[2][1324]=-9e+11
dp[3][1324]=-3.39e+12
dp[4][1324]=-5.88e+12
dp[5][1324]=-8.18e+12
dp[6][1324]=-9.93e+12
dp[7][1324]=-1.11e+13
dp[8][1324]=-1.196e+13
dp[9][1324]=-1.196e+13
dp[10][1324]=-1.196e+13
dp[11][1324]=-1.196e+13
dp[12][1324]=-1.196e+13
dp[13][1324]=-1.196e+13
dp[14][1324]=-1.196e+13
dp[15][1324]=-1.196e+13
dp[16][1324]=-1.196e+13
dp[17][1324]=-1.196e+13
dp[18][1324]=-1.196e+13
dp[19][1324]=-1.196e+13
dp[20][1324]=-1.196e+13
dp[21][1324]=-1.196e+13
dp[22][1324]=-1.142e+13
dp[23][1324]=-1.055e+13
dp[24][1324]=-9.47e+12
Select best dp
Best k=9
dp[2][1324]=-2.2e+11
dp[3][1324]=-7e+11
dp[4][1324]=-1.35e+12
dp[5][1324]=-1.91e+12
dp[6][1324]=-2.43e+12
dp[7][1324]=-2.99e+12
dp[8][1324]=-3.5e+12
dp[9][1324]=-4.05e+12
dp[10][1324]=-4.48e+12
dp[11][1324]=-5.01e+12
dp[12][1324]=-5.49e+12
dp[13][1324]=-6e+12
dp[14][1324]=-6.56e+12
dp[15][1324]=-7.07e+12
dp[16][1324]=-7.52e+12
dp[17][1324]=-8.03e+12
dp[18][1324]=-8.48e+12
dp[19][1324]=-8.93e+12
dp[20][1324]=-9.32e+12
dp[21][1324]=-9.61e+12
dp[22][1324]=-9.89e+12
dp[23][1324]=-1.019e+13
dp[24][1324]=-1.055e+13
dp[25][1324]=-1.086e+13
dp[26][1324]=-1.119e+13
dp[27][1324]=-1.158e+13
dp[28][1324]=-1.182e+13
dp[29][1324]=-1.221e+13
dp[30][1324]=-1.266e+13
dp[31][1324]=-1.29e+13
dp[32][1324]=-1.308e+13
dp[33][1324]=-1.308e+13
dp[34][1324]=-1.308e+13
dp[35][1324]=-1.308e+13
dp[36][1324]=-1.308e+13
Select best dp
Best k=32
Stratifying 2-th numerical feature ...
dp[2][1324]=-2.2e+11
dp[3][1324]=-7e+11
dp[4][1324]=-1.35e+12
dp[5][1324]=-1.91e+12
dp[6][1324]=-2.43e+12
dp[7][1324]=-2.99e+12
dp[8][1324]=-3.5e+12
dp[9][1324]=-4.05e+12
dp[10][1324]=-4.48e+12
dp[11][1324]=-5.01e+12
dp[12][1324]=-5.49e+12
dp[13][1324]=-6e+12
dp[14][1324]=-6.56e+12
dp[15][1324]=-7.07e+12
dp[16][1324]=-7.52e+12
dp[17][1324]=-8.03e+12
dp[18][1324]=-8.48e+12
dp[19][1324]=-8.93e+12
dp[20][1324]=-9.32e+12
dp[21][1324]=-9.61e+12
dp[22][1324]=-9.89e+12
dp[23][1324]=-1.019e+13
dp[24][1324]=-1.055e+13
dp[25][1324]=-1.086e+13
dp[26][1324]=-1.119e+13
dp[27][1324]=-1.158e+13
dp[28][1324]=-1.182e+13
dp[29][1324]=-1.221e+13
dp[30][1324]=-1.266e+13
dp[31][1324]=-1.29e+13
dp[32][1324]=-1.29e+13
dp[33][1324]=-1.29e+13
dp[34][1324]=-1.29e+13
dp[35][1324]=-1.29e+13
dp[36][1324]=-1.29e+13
Select best dp
Best k=31
Stratifying 2-th numerical feature ...
dp[2][1324]=-9e+11
dp[3][1324]=-3.39e+12
dp[4][1324]=-5.88e+12
dp[5][1324]=-8.18e+12
dp[6][1324]=-9.93e+12
dp[7][1324]=-1.11e+13
dp[8][1324]=-1.196e+13
dp[9][1324]=-1.239e+13
dp[10][1324]=-1.285e+13
dp[11][1324]=-1.285e+13
dp[12][1324]=-1.285e+13
dp[13][1324]=-1.285e+13
dp[14][1324]=-1.285e+13
dp[15][1324]=-1.285e+13
dp[16][1324]=-1.285e+13
dp[17][1324]=-1.285e+13
dp[18][1324]=-1.285e+13
dp[19][1324]=-1.285e+13
dp[20][1324]=-1.285e+13
dp[21][1324]=-1.285e+13
dp[22][1324]=-1.285e+13
dp[23][1324]=-1.285e+13
dp[24][1324]=-1.285e+13
dp[25][1324]=-1.285e+13
dp[26][1324]=-1.285e+13
dp[27][1324]=-1.285e+13
dp[28][1324]=-1.285e+13
dp[29][1324]=-1.285e+13
dp[30][1324]=-1.285e+13
dp[31][1324]=-1.285e+13
dp[32][1324]=-1.285e+13
dp[33][1324]=-1.249e+13
dp[34][1324]=-1.213e+13
dp[35][1324]=-1.177e+13
dp[36][1324]=-1.069e+13
Select best dp
Best k=10
dp[2][1324]=-1.8e+12
dp[3][1324]=-6.78e+12
dp[4][1324]=-1.176e+13
dp[5][1324]=-1.636e+13
dp[6][1324]=-1.986e+13
dp[7][1324]=-2.22e+13
dp[8][1324]=-2.392e+13
dp[9][1324]=-2.478e+13
dp[10][1324]=-2.57e+13
dp[11][1324]=-2.57e+13
dp[12][1324]=-2.57e+13
dp[13][1324]=-2.57e+13
dp[14][1324]=-2.57e+13
dp[15][1324]=-2.57e+13
dp[16][1324]=-2.57e+13
dp[17][1324]=-2.57e+13
dp[18][1324]=-2.57e+13
dp[19][1324]=-2.57e+13
dp[20][1324]=-2.57e+13
dp[21][1324]=-2.57e+13
dp[22][1324]=-2.57e+13
dp[23][1324]=-2.57e+13
dp[24][1324]=-2.57e+13
dp[25][1324]=-2.57e+13
dp[26][1324]=-2.57e+13
dp[27][1324]=-2.57e+13
dp[28][1324]=-2.57e+13
dp[29][1324]=-2.57e+13
dp[30][1324]=-2.57e+13
dp[31][1324]=-2.57e+13
dp[32][1324]=-2.57e+13
dp[33][1324]=-2.498e+13
dp[34][1324]=-2.426e+13
dp[35][1324]=-2.354e+13
dp[36][1324]=-2.138e+13
Select best dp
Best k=10
dp[2][1324]=-9e+11
dp[3][1324]=-3.39e+12
dp[4][1324]=-5.88e+12
dp[5][1324]=-8.18e+12
dp[6][1324]=-9.93e+12
dp[7][1324]=-1.11e+13
dp[8][1324]=-1.196e+13
dp[9][1324]=-1.239e+13
dp[10][1324]=-1.285e+13
dp[11][1324]=-1.285e+13
dp[12][1324]=-1.285e+13
dp[13][1324]=-1.285e+13
dp[14][1324]=-1.285e+13
dp[15][1324]=-1.285e+13
dp[16][1324]=-1.285e+13
dp[17][1324]=-1.285e+13
dp[18][1324]=-1.285e+13
dp[19][1324]=-1.285e+13
dp[20][1324]=-1.285e+13
dp[21][1324]=-1.285e+13
dp[22][1324]=-1.285e+13
dp[23][1324]=-1.285e+13
dp[24][1324]=-1.285e+13
dp[25][1324]=-1.285e+13
dp[26][1324]=-1.285e+13
dp[27][1324]=-1.285e+13
dp[28][1324]=-1.285e+13
dp[29][1324]=-1.285e+13
dp[30][1324]=-1.285e+13
dp[31][1324]=-1.285e+13
dp[32][1324]=-1.285e+13
dp[33][1324]=-1.249e+13
dp[34][1324]=-1.213e+13
dp[35][1324]=-1.177e+13
dp[36][1324]=-1.069e+13
Select best dp
Best k=10
dp[2][1324]=-4.5e+11
dp[3][1324]=-1.695e+12
dp[4][1324]=-2.94e+12
dp[5][1324]=-4.09e+12
dp[6][1324]=-4.965e+12
dp[7][1324]=-5.55e+12
dp[8][1324]=-5.98e+12
dp[9][1324]=-6.195e+12
dp[10][1324]=-6.425e+12
dp[11][1324]=-6.425e+12
dp[12][1324]=-6.425e+12
dp[13][1324]=-6.425e+12
dp[14][1324]=-6.425e+12
dp[15][1324]=-6.425e+12
dp[16][1324]=-6.425e+12
dp[17][1324]=-6.425e+12
dp[18][1324]=-6.425e+12
dp[19][1324]=-6.425e+12
dp[20][1324]=-6.425e+12
dp[21][1324]=-6.425e+12
dp[22][1324]=-6.425e+12
dp[23][1324]=-6.425e+12
dp[24][1324]=-6.425e+12
dp[25][1324]=-6.425e+12
dp[26][1324]=-6.425e+12
dp[27][1324]=-6.425e+12
dp[28][1324]=-6.425e+12
dp[29][1324]=-6.425e+12
dp[30][1324]=-6.425e+12
dp[31][1324]=-6.425e+12
dp[32][1324]=-6.425e+12
dp[33][1324]=-6.245e+12
dp[34][1324]=-6.065e+12
dp[35][1324]=-5.885e+12
dp[36][1324]=-5.345e+12
Select best dp
Best k=10
dp[2][1324]=-387.395
dp[3][1324]=-7e+11
dp[4][1324]=-1.35e+12
dp[5][1324]=-1.91e+12
dp[6][1324]=-2.43e+12
dp[7][1324]=-2.99e+12
dp[8][1324]=-3.5e+12
dp[9][1324]=-4.05e+12
dp[10][1324]=-4.48e+12
dp[11][1324]=-5.01e+12
dp[12][1324]=-5.49e+12
dp[13][1324]=-6e+12
dp[14][1324]=-6.56e+12
dp[15][1324]=-7.07e+12
dp[16][1324]=-7.52e+12
dp[17][1324]=-8.03e+12
dp[18][1324]=-8.48e+12
dp[19][1324]=-8.93e+12
dp[20][1324]=-9.32e+12
dp[21][1324]=-9.32e+12
dp[22][1324]=-9.71e+12
dp[23][1324]=-9.71e+12
dp[24][1324]=-1.007e+13
dp[25][1324]=-1.007e+13
dp[26][1324]=-1.007e+13
dp[27][1324]=-1.007e+13
dp[28][1324]=-9.71e+12
dp[29][1324]=-9.35e+12
dp[30][1324]=-8.99e+12
dp[31][1324]=-8.63e+12
dp[32][1324]=-8.27e+12
dp[33][1324]=-7.78e+12
dp[34][1324]=-7.06e+12
dp[35][1324]=-6.34e+12
dp[36][1324]=-5.26e+12
Select best dp
Best k=25
Stratifying 2-th numerical feature ...
dp[2][1324]=-9e+11
dp[3][1324]=-3.39e+12
dp[4][1324]=-5.88e+12
dp[5][1324]=-8.18e+12
dp[6][1324]=-9.93e+12
dp[7][1324]=-1.11e+13
dp[8][1324]=-1.196e+13
dp[9][1324]=-1.239e+13
dp[10][1324]=-1.285e+13
dp[11][1324]=-1.285e+13
dp[12][1324]=-1.285e+13
dp[13][1324]=-1.285e+13
dp[14][1324]=-1.285e+13
dp[15][1324]=-1.285e+13
dp[16][1324]=-1.285e+13
dp[17][1324]=-1.285e+13
dp[18][1324]=-1.285e+13
dp[19][1324]=-1.285e+13
dp[20][1324]=-1.285e+13
dp[21][1324]=-1.285e+13
dp[22][1324]=-1.285e+13
dp[23][1324]=-1.285e+13
dp[24][1324]=-1.285e+13
dp[25][1324]=-1.285e+13
dp[26][1324]=-1.285e+13
dp[27][1324]=-1.285e+13
dp[28][1324]=-1.285e+13
dp[29][1324]=-1.285e+13
dp[30][1324]=-1.285e+13
dp[31][1324]=-1.285e+13
dp[32][1324]=-1.285e+13
dp[33][1324]=-1.249e+13
dp[34][1324]=-1.213e+13
dp[35][1324]=-1.177e+13
dp[36][1324]=-1.069e+13
Select best dp
Best k=10
dp[2][1324]=-2.2e+11
dp[3][1324]=-7e+11
dp[4][1324]=-1.35e+12
dp[5][1324]=-1.91e+12
dp[6][1324]=-2.43e+12
dp[7][1324]=-2.99e+12
dp[8][1324]=-3.5e+12
dp[9][1324]=-4.05e+12
dp[10][1324]=-4.48e+12
dp[11][1324]=-5.01e+12
dp[12][1324]=-5.49e+12
dp[13][1324]=-6e+12
dp[14][1324]=-6.56e+12
dp[15][1324]=-7.07e+12
dp[16][1324]=-7.52e+12
dp[17][1324]=-8.03e+12
dp[18][1324]=-8.48e+12
dp[19][1324]=-8.93e+12
dp[20][1324]=-9.32e+12
dp[21][1324]=-9.61e+12
dp[22][1324]=-9.89e+12
dp[23][1324]=-1.019e+13
dp[24][1324]=-1.055e+13
dp[25][1324]=-1.086e+13
dp[26][1324]=-1.119e+13
dp[27][1324]=-1.158e+13
dp[28][1324]=-1.182e+13
dp[29][1324]=-1.221e+13
dp[30][1324]=-1.266e+13
dp[31][1324]=-1.29e+13
dp[32][1324]=-1.308e+13
dp[33][1324]=-1.315e+13
dp[34][1324]=-1.32e+13
dp[35][1324]=-1.32e+13
dp[36][1324]=-1.32e+13
Select best dp
Best k=34
Stratifying 2-th numerical feature ...
dp[2][1324]=-9e+11
dp[3][1324]=-3.39e+12
dp[4][1324]=-5.88e+12
dp[5][1324]=-8.18e+12
dp[6][1324]=-9.93e+12
dp[7][1324]=-1.11e+13
dp[8][1324]=-1.196e+13
dp[9][1324]=-1.239e+13
dp[10][1324]=-1.285e+13
dp[11][1324]=-1.285e+13
dp[12][1324]=-1.285e+13
dp[13][1324]=-1.285e+13
dp[14][1324]=-1.285e+13
dp[15][1324]=-1.285e+13
dp[16][1324]=-1.285e+13
dp[17][1324]=-1.285e+13
dp[18][1324]=-1.285e+13
dp[19][1324]=-1.285e+13
dp[20][1324]=-1.285e+13
dp[21][1324]=-1.285e+13
dp[22][1324]=-1.285e+13
dp[23][1324]=-1.285e+13
dp[24][1324]=-1.285e+13
dp[25][1324]=-1.285e+13
dp[26][1324]=-1.285e+13
dp[27][1324]=-1.285e+13
dp[28][1324]=-1.285e+13
dp[29][1324]=-1.285e+13
dp[30][1324]=-1.285e+13
dp[31][1324]=-1.285e+13
dp[32][1324]=-1.285e+13
dp[33][1324]=-1.285e+13
dp[34][1324]=-1.285e+13
dp[35][1324]=-1.285e+13
dp[36][1324]=-1.285e+13
Select best dp
Best k=10
dp[2][1324]=-9e+11
dp[3][1324]=-3.39e+12
dp[4][1324]=-5.88e+12
dp[5][1324]=-8.18e+12
dp[6][1324]=-9.93e+12
dp[7][1324]=-1.11e+13
dp[8][1324]=-1.196e+13
dp[9][1324]=-1.239e+13
dp[10][1324]=-1.285e+13
dp[11][1324]=-1.299e+13
dp[12][1324]=-1.299e+13
dp[13][1324]=-1.299e+13
dp[14][1324]=-1.299e+13
dp[15][1324]=-1.299e+13
dp[16][1324]=-1.299e+13
dp[17][1324]=-1.299e+13
dp[18][1324]=-1.299e+13
dp[19][1324]=-1.299e+13
dp[20][1324]=-1.299e+13
dp[21][1324]=-1.299e+13
dp[22][1324]=-1.299e+13
dp[23][1324]=-1.299e+13
dp[24][1324]=-1.299e+13
dp[25][1324]=-1.299e+13
dp[26][1324]=-1.299e+13
dp[27][1324]=-1.299e+13
dp[28][1324]=-1.299e+13
dp[29][1324]=-1.299e+13
dp[30][1324]=-1.299e+13
dp[31][1324]=-1.299e+13
dp[32][1324]=-1.299e+13
dp[33][1324]=-1.299e+13
dp[34][1324]=-1.299e+13
dp[35][1324]=-1.299e+13
dp[36][1324]=-1.299e+13
Select best dp
Best k=11
dp[2][1324]=-9e+11
dp[3][1324]=-3.39e+12
dp[4][1324]=-5.88e+12
dp[5][1324]=-8.18e+12
dp[6][1324]=-9.93e+12
dp[7][1324]=-1.11e+13
dp[8][1324]=-1.196e+13
dp[9][1324]=-1.239e+13
dp[10][1324]=-1.285e+13
dp[11][1324]=-1.299e+13
dp[12][1324]=-1.308e+13
dp[13][1324]=-1.318e+13
dp[14][1324]=-1.318e+13
dp[15][1324]=-1.318e+13
dp[16][1324]=-1.318e+13
dp[17][1324]=-1.318e+13
dp[18][1324]=-1.318e+13
dp[19][1324]=-1.318e+13
dp[20][1324]=-1.318e+13
dp[21][1324]=-1.318e+13
dp[22][1324]=-1.318e+13
dp[23][1324]=-1.318e+13
dp[24][1324]=-1.318e+13
dp[25][1324]=-1.318e+13
dp[26][1324]=-1.318e+13
dp[27][1324]=-1.318e+13
dp[28][1324]=-1.318e+13
dp[29][1324]=-1.318e+13
dp[30][1324]=-1.318e+13
dp[31][1324]=-1.318e+13
dp[32][1324]=-1.318e+13
dp[33][1324]=-1.318e+13
dp[34][1324]=-1.318e+13
dp[35][1324]=-1.318e+13
dp[36][1324]=-1.318e+13
Select best dp
Best k=13
dp[2][1324]=-9e+11
dp[3][1324]=-3.39e+12
dp[4][1324]=-5.88e+12
dp[5][1324]=-8.18e+12
dp[6][1324]=-9.93e+12
dp[7][1324]=-1.11e+13
dp[8][1324]=-1.196e+13
dp[9][1324]=-1.239e+13
dp[10][1324]=-1.285e+13
dp[11][1324]=-1.285e+13
dp[12][1324]=-1.285e+13
dp[13][1324]=-1.285e+13
dp[14][1324]=-1.285e+13
dp[15][1324]=-1.285e+13
dp[16][1324]=-1.285e+13
dp[17][1324]=-1.285e+13
dp[18][1324]=-1.285e+13
dp[19][1324]=-1.285e+13
dp[20][1324]=-1.285e+13
dp[21][1324]=-1.285e+13
dp[22][1324]=-1.285e+13
dp[23][1324]=-1.285e+13
dp[24][1324]=-1.285e+13
dp[25][1324]=-1.285e+13
dp[26][1324]=-1.285e+13
dp[27][1324]=-1.285e+13
dp[28][1324]=-1.285e+13
dp[29][1324]=-1.285e+13
dp[30][1324]=-1.285e+13
dp[31][1324]=-1.285e+13
dp[32][1324]=-1.285e+13
dp[33][1324]=-1.249e+13
dp[34][1324]=-1.213e+13
dp[35][1324]=-1.177e+13
dp[36][1324]=-1.069e+13
Select best dp
Best k=10
