Standardize ...
Stratifying 1-th numerical feature ...
Standardize ...
Stratifying 1-th numerical feature ...
Standardize ...
Stratifying 1-th numerical feature ...
Standardize ...
Stratifying 1-th numerical feature ...
Standardize ...
Stratifying 1-th numerical feature ...
Standardize ...
Stratifying 1-th numerical feature ...
Standardize ...
Stratifying 1-th numerical feature ...
Standardize ...
Stratifying 1-th numerical feature ...
Standardize ...
Stratifying 1-th numerical feature ...
Standardize ...
Stratifying 1-th numerical feature ...
Standardize ...
Stratifying 1-th numerical feature ...
Standardize ...
Stratifying 1-th numerical feature ...
Standardize ...
Stratifying 1-th numerical feature ...
Standardize ...
Stratifying 1-th numerical feature ...
dp[2][395]=-467.795
dp[3][395]=-773.607
dp[4][395]=-925.889
dp[5][395]=-1055.55
dp[6][395]=-1163.89
dp[7][395]=-1226.08
dp[8][395]=-1267.11
dp[9][395]=-1287.66
dp[10][395]=-1296.04
dp[11][395]=-1302.31
dp[12][395]=-1302.03
dp[13][395]=-1290.91
dp[14][395]=-1275.19
dp[15][395]=-1253.31
dp[16][395]=-1227.53
dp[17][395]=-1198.29
dp[18][395]=-1157.61
dp[19][395]=-1103.48
Select best dp
Best k=11
Stratifying 2-th numerical feature ...
dp[2][395]=-467.795
dp[3][395]=-773.607
dp[4][395]=-925.889
dp[5][395]=-1055.55
dp[6][395]=-1163.89
dp[7][395]=-1226.08
dp[8][395]=-1267.11
dp[9][395]=-1287.66
dp[10][395]=-1295.97
dp[11][395]=-1285.82
dp[12][395]=-1276.23
dp[13][395]=-1238.02
Select best dp
Best k=10
Stratifying 2-th numerical feature ...
dp[2][395]=-543.837
dp[3][395]=-877.093
dp[4][395]=-1062.93
dp[5][395]=-1211.7
dp[6][395]=-1327.16
dp[7][395]=-1396.7
dp[8][395]=-1456.51
dp[9][395]=-1494.81
dp[10][395]=-1526.33
dp[11][395]=-1555.53
dp[12][395]=-1563.16
dp[13][395]=-1565.04
dp[14][395]=-1553.4
dp[15][395]=-1535.41
dp[16][395]=-1516.87
dp[17][395]=-1493.14
dp[18][395]=-1460.34
dp[19][395]=-1407.08
Select best dp
Best k=13
Stratifying 2-th numerical feature ...
dp[2][395]=-467.795
dp[3][395]=-773.607
dp[4][395]=-925.889
dp[5][395]=-1055.55
dp[6][395]=-1163.89
dp[7][395]=-1226.08
dp[8][395]=-1267.11
dp[9][395]=-1287.66
dp[10][395]=-1296.04
dp[11][395]=-1302.31
dp[12][395]=-1302.03
dp[13][395]=-1290.91
dp[14][395]=-1275.19
dp[15][395]=-1253.31
dp[16][395]=-1227.53
dp[17][395]=-1198.29
dp[18][395]=-1157.61
dp[19][395]=-1103.48
Select best dp
Best k=11
Stratifying 2-th numerical feature ...
dp[2][395]=-467.795
dp[3][395]=-773.607
dp[4][395]=-925.889
dp[5][395]=-1055.55
dp[6][395]=-1163.89
dp[7][395]=-1226.08
dp[8][395]=-1267.11
dp[9][395]=-1287.66
dp[10][395]=-1296.04
dp[11][395]=-1303.16
dp[12][395]=-1302.89
dp[13][395]=-1291.77
dp[14][395]=-1276.05
dp[15][395]=-1255.83
dp[16][395]=-1234.59
dp[17][395]=-1209.13
dp[18][395]=-1181.22
dp[19][395]=-1152.45
Select best dp
Best k=11
Stratifying 2-th numerical feature ...
dp[2][395]=-467.795
dp[3][395]=-773.607
dp[4][395]=-925.889
dp[5][395]=-1055.55
dp[6][395]=-1163.89
dp[7][395]=-1226.08
dp[8][395]=-1267.11
dp[9][395]=-1287.66
dp[10][395]=-1296.04
dp[11][395]=-1303.16
dp[12][395]=-1302.89
dp[13][395]=-1291.77
dp[14][395]=-1276.05
dp[15][395]=-1255.83
dp[16][395]=-1234.59
dp[17][395]=-1209.13
dp[18][395]=-1181.22
dp[19][395]=-1152.45
Select best dp
Best k=11
Stratifying 2-th numerical feature ...
dp[2][395]=-467.795
dp[3][395]=-773.607
dp[4][395]=-925.889
dp[5][395]=-1055.55
dp[6][395]=-1163.89
dp[7][395]=-1226.08
dp[8][395]=-1267.11
dp[9][395]=-1287.66
dp[10][395]=-1296.04
dp[11][395]=-1302.31
dp[12][395]=-1302.03
dp[13][395]=-1290.91
dp[14][395]=-1275.19
dp[15][395]=-1253.31
dp[16][395]=-1227.53
dp[17][395]=-1198.29
dp[18][395]=-1157.61
dp[19][395]=-1103.48
Select best dp
Best k=11
dp[2][395]=-632.606
dp[3][395]=-975.582
dp[4][395]=-1165.75
dp[5][395]=-1285.57
dp[6][395]=-1382.98
dp[7][395]=-1433.41
dp[8][395]=-1466.89
dp[9][395]=-1491.98
dp[10][395]=-1514.47
dp[11][395]=-1527.42
dp[12][395]=-1520.11
dp[13][395]=-1459.64
Select best dp
Best k=11
dp[2][395]=-467.795
dp[3][395]=-773.607
dp[4][395]=-925.889
dp[5][395]=-1055.55
dp[6][395]=-1163.89
dp[7][395]=-1226.08
dp[8][395]=-1267.11
dp[9][395]=-1287.66
dp[10][395]=-1296.04
dp[11][395]=-1302.31
dp[12][395]=-1302.03
dp[13][395]=-1290.91
dp[14][395]=-1275.19
dp[15][395]=-1253.31
dp[16][395]=-1227.53
dp[17][395]=-1198.29
dp[18][395]=-1157.61
Stratifying 2-th numerical feature ...
dp[19][395]=-1103.48
Select best dp
Best k=11
Stratifying 3-th numerical feature ...
Stratifying 2-th numerical feature ...
dp[2][395]=-632.606
dp[3][395]=-975.582
dp[4][395]=-1165.75
dp[5][395]=-1285.57
dp[6][395]=-1382.98
dp[7][395]=-1433.41
dp[8][395]=-1466.89
dp[9][395]=-1495.08
dp[10][395]=-1517.57
dp[11][395]=-1531.21
dp[12][395]=-1529.47
dp[13][395]=-1520.86
dp[14][395]=-1509.81
dp[15][395]=-1487.36
dp[16][395]=-1463.6
dp[17][395]=-1435.58
dp[18][395]=-1392.63
dp[19][395]=-1343.27
Select best dp
Best k=11
Stratifying 3-th numerical feature ...
dp[2][395]=155.517
dp[3][395]=233.275
dp[4][395]=311.034
dp[5][395]=388.792
dp[6][395]=466.55
dp[7][395]=544.309
dp[8][395]=622.067
dp[9][395]=699.825
dp[10][395]=777.584
dp[11][395]=855.342
dp[12][395]=933.101
dp[13][395]=1010.86
dp[14][395]=1088.62
dp[15][395]=1166.38
dp[16][395]=1244.13
dp[17][395]=1321.89
dp[18][395]=1399.65
dp[19][395]=1477.41
Select best dp
Best k=2
Stratifying 2-th numerical feature ...
dp[2][395]=-467.795
dp[3][395]=-773.607
dp[4][395]=-925.889
dp[5][395]=-1055.55
dp[6][395]=-1163.89
dp[7][395]=-1226.08
dp[8][395]=-1267.11
dp[9][395]=-1287.66
dp[10][395]=-1296.04
dp[11][395]=-1302.31
dp[12][395]=-1302.03
dp[13][395]=-1290.91
dp[14][395]=-1275.19
dp[15][395]=-1253.31
dp[16][395]=-1227.53
dp[17][395]=-1198.29
dp[18][395]=-1157.61
dp[19][395]=-1103.48
Select best dp
Best k=11
Stratifying 2-th numerical feature ...
dp[2][395]=-156.139
dp[3][395]=-270.166
dp[4][395]=-307.428
dp[5][395]=-333.378
dp[6][395]=-348.671
dp[7][395]=-340.888
dp[8][395]=-322.52
dp[9][395]=-293.919
dp[10][395]=-259.228
dp[11][395]=-223.482
dp[12][395]=-184.463
dp[13][395]=-140.027
dp[14][395]=-93.2871
dp[15][395]=-43.465
dp[16][395]=8.30445
dp[17][395]=61.8038
dp[18][395]=121.022
dp[19][395]=186.964
Select best dp
Best k=6
dp[2][395]=-1091.11
dp[3][395]=-1780.49
dp[4][395]=-2162.81
dp[5][395]=-2499.89
dp[6][395]=-2794.33
dp[7][395]=-2996.48
dp[8][395]=-3156.28
dp[9][395]=-3275.15
dp[10][395]=-3369.66
dp[11][395]=-3459.96
dp[12][395]=-3537.16
dp[13][395]=-3592.68
dp[14][395]=-3639
dp[15][395]=-3672.99
dp[16][395]=-3699.18
dp[17][395]=-3718.46
dp[18][395]=-3714.86
dp[19][395]=-3684.37
Select best dp
Best k=17
Stratifying 2-th numerical feature ...
Stratifying 2-th numerical feature ...
dp[2][395]=-467.795
dp[3][395]=-773.607
dp[4][395]=-925.889
dp[5][395]=-1055.55
dp[6][395]=-1163.89
dp[7][395]=-1226.08
dp[8][395]=-1267.11
dp[9][395]=-1287.66
dp[10][395]=-1296.04
dp[11][395]=-1302.31
dp[12][395]=-1302.03
dp[13][395]=-1290.91
dp[14][395]=-1275.19
dp[15][395]=-1253.31
dp[16][395]=-1227.53
dp[17][395]=-1198.29
dp[18][395]=-1157.61
dp[19][395]=-1103.48
Select best dp
Best k=11
Stratifying 2-th numerical feature ...
dp[2][395]=-632.606
dp[3][395]=-975.582
dp[4][395]=-1165.75
dp[5][395]=-1285.57
dp[6][395]=-1382.98
dp[7][395]=-1433.41
dp[8][395]=-1466.89
dp[9][395]=-1495.08
dp[10][395]=-1517.57
dp[11][395]=-1531.21
dp[12][395]=-1529.47
dp[13][395]=-1520.86
dp[14][395]=-1509.81
dp[15][395]=-1487.36
dp[16][395]=-1463.6
dp[17][395]=-1435.58
dp[18][395]=-1392.63
dp[19][395]=-1343.27
Select best dp
Best k=11
Stratifying 3-th numerical feature ...
dp[2][395]=-828.373
dp[3][395]=-1240.86
dp[4][395]=-1472.28
dp[5][395]=-1607.87
dp[6][395]=-1733.48
dp[7][395]=-1798.41
dp[8][395]=-1854.34
dp[9][395]=-1893.56
dp[10][395]=-1927.15
dp[11][395]=-1957.36
dp[12][395]=-1958.18
dp[13][395]=-1955.95
dp[14][395]=-1952.28
dp[15][395]=-1942.94
dp[16][395]=-1920.03
dp[17][395]=-1891.81
dp[18][395]=-1857.53
dp[19][395]=-1811.04
Select best dp
Best k=12
Stratifying 3-th numerical feature ...
dp[2][395]=-1491.42
dp[3][395]=-1976.5
dp[4][395]=-2224.52
dp[5][395]=-2370.04
dp[6][395]=-2497.2
dp[7][395]=-2615.2
dp[8][395]=-2696.49
dp[9][395]=-2759.21
dp[10][395]=-2776.16
dp[11][395]=-2789.22
dp[12][395]=-2767.99
dp[13][395]=-2726.63
Select best dp
Best k=11
Stratifying 4-th numerical feature ...
dp[2][395]=-632.606
dp[3][395]=-975.582
dp[4][395]=-1165.75
dp[5][395]=-1285.57
dp[6][395]=-1382.98
dp[7][395]=-1433.41
dp[8][395]=-1466.89
dp[9][395]=-1495.08
dp[10][395]=-1517.57
dp[11][395]=-1531.21
dp[12][395]=-1529.47
dp[13][395]=-1520.86
dp[14][395]=-1509.81
dp[15][395]=-1490.25
dp[16][395]=-1468.67
dp[17][395]=-1446.73
dp[18][395]=-1416.63
dp[19][395]=-1386.44
Select best dp
Best k=11
Stratifying 3-th numerical feature ...
dp[2][395]=-647.197
dp[3][395]=-947.746
dp[4][395]=-1109.35
dp[5][395]=-1217.54
dp[6][395]=-1297.08
dp[7][395]=-1373.55
dp[8][395]=-1415.38
dp[9][395]=-1455.15
dp[10][395]=-1473.77
dp[11][395]=-1486.53
dp[12][395]=-1496.57
dp[13][395]=-1477.83
dp[14][395]=-1458.24
dp[15][395]=-1435.26
dp[16][395]=-1408.12
dp[17][395]=-1373.67
dp[18][395]=-1334.22
dp[19][395]=-1271.21
Select best dp
Best k=12
Stratifying 4-th numerical feature ...
dp[2][395]=-632.606
dp[3][395]=-975.582
dp[4][395]=-1165.75
dp[5][395]=-1285.57
dp[6][395]=-1382.98
dp[7][395]=-1433.41
dp[8][395]=-1466.89
dp[9][395]=-1495.08
dp[10][395]=-1517.57
dp[11][395]=-1531.21
dp[12][395]=-1529.47
dp[13][395]=-1520.86
dp[14][395]=-1509.81
dp[15][395]=-1490.25
dp[16][395]=-1468.67
dp[17][395]=-1446.73
dp[18][395]=-1417.11
dp[19][395]=-1387.01
Select best dp
Best k=11
Stratifying 3-th numerical feature ...
dp[2][395]=-647.197
dp[3][395]=-947.746
dp[4][395]=-1109.35
dp[5][395]=-1217.54
dp[6][395]=-1297.08
dp[7][395]=-1373.55
dp[8][395]=-1415.38
dp[9][395]=-1455.15
dp[10][395]=-1473.77
dp[11][395]=-1486.53
dp[12][395]=-1496.57
dp[13][395]=-1477.83
dp[14][395]=-1458.24
dp[15][395]=-1435.26
dp[16][395]=-1408.12
dp[17][395]=-1373.67
dp[18][395]=-1334.22
dp[19][395]=-1271.21
Select best dp
Best k=12
Stratifying 4-th numerical feature ...
dp[2][395]=-785.077
dp[3][395]=-1117.95
dp[4][395]=-1316.37
dp[5][395]=-1439.27
dp[6][395]=-1529.95
dp[7][395]=-1581.98
dp[8][395]=-1633.09
dp[9][395]=-1665.48
dp[10][395]=-1671.52
dp[11][395]=-1675.26
dp[12][395]=-1663.07
dp[13][395]=-1625.25
Select best dp
Best k=11
Stratifying 5-th numerical feature ...
dp[2][395]=-467.795
dp[3][395]=-773.607
dp[4][395]=-925.889
dp[5][395]=-1055.55
dp[6][395]=-1163.89
dp[7][395]=-1226.08
dp[8][395]=-1267.11
dp[9][395]=-1287.66
dp[10][395]=-1296.04
dp[11][395]=-1303.16
dp[12][395]=-1302.89
dp[13][395]=-1291.77
dp[14][395]=-1276.05
dp[15][395]=-1255.83
dp[16][395]=-1234.59
dp[17][395]=-1209.13
dp[18][395]=-1181.22
dp[19][395]=-1152.45
Select best dp
Best k=11
Stratifying 2-th numerical feature ...
dp[2][395]=-1002.58
dp[3][395]=-1445.85
dp[4][395]=-1650.5
dp[5][395]=-1772.56
dp[6][395]=-1874.98
dp[7][395]=-1963.07
dp[8][395]=-2036.9
dp[9][395]=-2109.6
dp[10][395]=-2131.16
dp[11][395]=-2152.31
dp[12][395]=-2168.78
dp[13][395]=-2157
dp[14][395]=-2140.4
dp[15][395]=-2120.26
dp[16][395]=-2097.09
dp[17][395]=-2062.17
dp[18][395]=-2024.26
dp[19][395]=-1956.95
Select best dp
Best k=12
Stratifying 4-th numerical feature ...
dp[2][395]=-632.606
dp[3][395]=-975.582
dp[4][395]=-1165.75
dp[5][395]=-1285.57
dp[6][395]=-1382.98
dp[7][395]=-1433.41
dp[8][395]=-1466.89
dp[9][395]=-1495.08
dp[10][395]=-1517.57
dp[11][395]=-1531.21
dp[12][395]=-1529.47
dp[13][395]=-1520.86
dp[14][395]=-1509.81
dp[15][395]=-1487.36
dp[16][395]=-1463.6
dp[17][395]=-1435.58
dp[18][395]=-1392.63
dp[19][395]=-1343.27
Select best dp
Best k=11
dp[2][395]=-632.606
dp[3][395]=-975.582
dp[4][395]=-1165.75
dp[5][395]=-1285.57
dp[6][395]=-1382.98
dp[7][395]=-1433.41
dp[8][395]=-1466.89
dp[9][395]=-1495.08
dp[10][395]=-1517.57
dp[11][395]=-1531.21
dp[12][395]=-1529.47
dp[13][395]=-1520.86
dp[14][395]=-1509.81
dp[15][395]=-1487.36
dp[16][395]=-1463.6
dp[17][395]=-1435.58
dp[18][395]=-1392.63
dp[19][395]=-1343.27
Select best dp
Best k=11
Stratifying 3-th numerical feature ...
Stratifying 3-th numerical feature ...
dp[2][395]=-785.077
dp[3][395]=-1117.95
dp[4][395]=-1316.37
dp[5][395]=-1439.27
dp[6][395]=-1529.95
dp[7][395]=-1589.95
dp[8][395]=-1641.99
dp[9][395]=-1674.38
dp[10][395]=-1687.63
dp[11][395]=-1693.8
dp[12][395]=-1693.79
dp[13][395]=-1693.73
dp[14][395]=-1687.36
dp[15][395]=-1671.15
dp[16][395]=-1653.38
dp[17][395]=-1611.79
dp[18][395]=-1562.79
dp[19][395]=-1493.02
Select best dp
Best k=11
Stratifying 5-th numerical feature ...
dp[2][395]=155.517
dp[3][395]=233.275
dp[4][395]=311.034
dp[5][395]=388.792
dp[6][395]=466.55
dp[7][395]=544.309
dp[8][395]=622.067
dp[9][395]=699.825
dp[10][395]=777.584
dp[11][395]=855.342
dp[12][395]=933.101
dp[13][395]=1010.86
dp[14][395]=1088.62
dp[15][395]=1166.38
dp[16][395]=1244.13
dp[17][395]=1321.89
dp[18][395]=1399.65
dp[19][395]=1477.41
Select best dp
Best k=2
Stratifying 3-th numerical feature ...
dp[2][395]=-632.606
dp[3][395]=-975.582
dp[4][395]=-1165.75
dp[5][395]=-1285.57
dp[6][395]=-1382.98
dp[7][395]=-1433.41
dp[8][395]=-1466.89
dp[9][395]=-1495.08
dp[10][395]=-1517.57
dp[11][395]=-1531.21
dp[12][395]=-1529.47
dp[13][395]=-1520.86
dp[14][395]=-1509.81
dp[15][395]=-1487.36
dp[16][395]=-1463.6
dp[17][395]=-1435.58
dp[18][395]=-1392.63
dp[19][395]=-1343.27
Select best dp
Best k=11
Stratifying 3-th numerical feature ...
dp[2][395]=-1420.73
dp[3][395]=-2184.44
dp[4][395]=-2642.54
dp[5][395]=-2959.93
dp[6][395]=-3232.51
dp[7][395]=-3411.12
dp[8][395]=-3555.85
dp[9][395]=-3689.98
dp[10][395]=-3812.71
dp[11][395]=-3917.76
dp[12][395]=-3992.03
dp[13][395]=-4052.58
dp[14][395]=-4108.25
dp[15][395]=-4141.09
dp[16][395]=-4171.34
dp[17][395]=-4193.05
dp[18][395]=-4184.91
dp[19][395]=-4163.95
Select best dp
Best k=17
Stratifying 3-th numerical feature ...
dp[2][395]=-785.077
dp[3][395]=-1117.95
dp[4][395]=-1316.37
dp[5][395]=-1439.27
dp[6][395]=-1529.95
dp[7][395]=-1589.95
dp[8][395]=-1641.99
dp[9][395]=-1674.38
dp[10][395]=-1687.63
dp[11][395]=-1693.8
dp[12][395]=-1693.79
dp[13][395]=-1693.73
dp[14][395]=-1687.36
dp[15][395]=-1671.15
dp[16][395]=-1653.38
dp[17][395]=-1611.79
dp[18][395]=-1562.79
dp[19][395]=-1493.02
Select best dp
Best k=11
Stratifying 5-th numerical feature ...
dp[2][395]=-1439.57
dp[3][395]=-1921.22
dp[4][395]=-2188.27
dp[5][395]=-2359.48
dp[6][395]=-2504.36
dp[7][395]=-2625.62
dp[8][395]=-2682.89
dp[9][395]=-2710.72
dp[10][395]=-2737.89
dp[11][395]=-2740.96
dp[12][395]=-2742.21
dp[13][395]=-2723.36
Select best dp
Best k=12
Stratifying 6-th numerical feature ...
dp[2][395]=-1491.42
dp[3][395]=-1976.5
dp[4][395]=-2224.52
dp[5][395]=-2370.04
dp[6][395]=-2497.2
dp[7][395]=-2615.2
dp[8][395]=-2700.57
dp[9][395]=-2781.85
dp[10][395]=-2802.32
dp[11][395]=-2819.62
dp[12][395]=-2832.67
dp[13][395]=-2826.06
dp[14][395]=-2815.36
dp[15][395]=-2803.03
dp[16][395]=-2783.96
dp[17][395]=-2764.47
dp[18][395]=-2744.1
dp[19][395]=-2722.96
Select best dp
Best k=12
Stratifying 4-th numerical feature ...
dp[2][395]=-238.544
dp[3][395]=-371.154
dp[4][395]=-427.359
dp[5][395]=-448.389
dp[6][395]=-458.214
dp[7][395]=-444.549
dp[8][395]=-422.413
dp[9][395]=-397.626
dp[10][395]=-369.991
dp[11][395]=-337.933
dp[12][395]=-298.183
dp[13][395]=-255
dp[14][395]=-210.598
dp[15][395]=-160.49
dp[16][395]=-109.735
dp[17][395]=-56.8441
dp[18][395]=3.51116
dp[19][395]=67.0691
Select best dp
Best k=6
Stratifying 3-th numerical feature ...
dp[2][395]=-1491.42
dp[3][395]=-1976.5
dp[4][395]=-2224.52
dp[5][395]=-2370.04
dp[6][395]=-2497.2
dp[7][395]=-2615.2
dp[8][395]=-2700.57
dp[9][395]=-2781.85
dp[10][395]=-2802.32
dp[11][395]=-2819.62
dp[12][395]=-2832.67
dp[13][395]=-2826.08
dp[14][395]=-2815.39
dp[15][395]=-2803.06
dp[16][395]=-2783.98
dp[17][395]=-2764.5
dp[18][395]=-2744.13
dp[19][395]=-2722.99
Select best dp
Best k=12
Stratifying 4-th numerical feature ...
dp[2][395]=-854.926
dp[3][395]=-1269.42
dp[4][395]=-1498.96
dp[5][395]=-1635.95
dp[6][395]=-1756.55
dp[7][395]=-1822.36
dp[8][395]=-1878.64
dp[9][395]=-1921.84
dp[10][395]=-1955.64
dp[11][395]=-1987.69
dp[12][395]=-1987.78
dp[13][395]=-1984.19
dp[14][395]=-1979.84
dp[15][395]=-1973.72
dp[16][395]=-1951.25
dp[17][395]=-1921.09
dp[18][395]=-1886.55
dp[19][395]=-1840.02
Select best dp
Best k=12
Stratifying 3-th numerical feature ...
dp[2][395]=-1035.1
dp[3][395]=-1309.7
dp[4][395]=-1502.35
dp[5][395]=-1626.49
dp[6][395]=-1716.93
dp[7][395]=-1793.08
dp[8][395]=-1865.65
dp[9][395]=-1877.31
dp[10][395]=-1886.76
dp[11][395]=-1893.49
dp[12][395]=-1880.71
dp[13][395]=-1867.14
dp[14][395]=-1848.04
dp[15][395]=-1828.55
dp[16][395]=-1806.92
dp[17][395]=-1780.5
dp[18][395]=-1752.79
dp[19][395]=-1699.88
Select best dp
Best k=11
Stratifying 6-th numerical feature ...
dp[2][395]=-851.108
dp[3][395]=-1215.87
dp[4][395]=-1426.77
dp[5][395]=-1567.67
dp[6][395]=-1671.46
dp[7][395]=-1742.42
dp[8][395]=-1802.27
dp[9][395]=-1850.62
dp[10][395]=-1875.19
dp[11][395]=-1888.56
dp[12][395]=-1899.79
dp[13][395]=-1902.2
dp[14][395]=-1901.12
dp[15][395]=-1887.89
dp[16][395]=-1872.24
dp[17][395]=-1828.65
dp[18][395]=-1784.21
dp[19][395]=-1725.1
Select best dp
Best k=13
Stratifying 5-th numerical feature ...
dp[2][395]=-787.024
dp[3][395]=-1180.4
dp[4][395]=-1404.2
dp[5][395]=-1547.5
dp[6][395]=-1631.7
dp[7][395]=-1700.04
dp[8][395]=-1743.9
dp[9][395]=-1777.48
dp[10][395]=-1790.33
dp[11][395]=-1802.78
dp[12][395]=-1806.97
dp[13][395]=-1750.19
Select best dp
Best k=12
dp[2][395]=-1035.1
dp[3][395]=-1309.7
dp[4][395]=-1502.35
dp[5][395]=-1626.49
dp[6][395]=-1716.93
dp[7][395]=-1793.08
dp[8][395]=-1865.65
dp[9][395]=-1877.31
dp[10][395]=-1886.76
dp[11][395]=-1893.49
dp[12][395]=-1880.71
dp[13][395]=-1867.14
dp[14][395]=-1848.04
dp[15][395]=-1828.55
dp[16][395]=-1806.92
dp[17][395]=-1780.5
dp[18][395]=-1752.79
dp[19][395]=-1699.88
Select best dp
Best k=11
Stratifying 6-th numerical feature ...
dp[2][395]=-785.077
dp[3][395]=-1117.95
dp[4][395]=-1316.37
dp[5][395]=-1439.27
dp[6][395]=-1529.95
dp[7][395]=-1592.36
dp[8][395]=-1644.39
dp[9][395]=-1676.79
dp[10][395]=-1693.23
dp[11][395]=-1699.4
dp[12][395]=-1699.87
dp[13][395]=-1699.86
dp[14][395]=-1695.42
dp[15][395]=-1679.22
dp[16][395]=-1661.44
dp[17][395]=-1630.89
dp[18][395]=-1599.93
dp[19][395]=-1568.14
Select best dp
Best k=12
Stratifying 5-th numerical feature ...
dp[2][395]=-785.077
dp[3][395]=-1117.95
dp[4][395]=-1316.37
dp[5][395]=-1439.27
dp[6][395]=-1529.95
dp[7][395]=-1592.36
dp[8][395]=-1644.39
dp[9][395]=-1676.79
dp[10][395]=-1693.23
dp[11][395]=-1699.4
dp[12][395]=-1699.87
dp[13][395]=-1699.86
dp[14][395]=-1695.42
dp[15][395]=-1679.22
dp[16][395]=-1661.44
dp[17][395]=-1630.89
dp[18][395]=-1599.93
dp[19][395]=-1568.14
Select best dp
Best k=12
Stratifying 5-th numerical feature ...
dp[2][395]=-787.024
dp[3][395]=-1180.4
dp[4][395]=-1404.2
dp[5][395]=-1547.5
dp[6][395]=-1632.19
dp[7][395]=-1700.53
dp[8][395]=-1744.4
dp[9][395]=-1780.25
dp[10][395]=-1794.99
dp[11][395]=-1808.99
dp[12][395]=-1813.19
dp[13][395]=-1800.61
dp[14][395]=-1782.24
dp[15][395]=-1760.67
dp[16][395]=-1738.44
dp[17][395]=-1711.45
dp[18][395]=-1678.02
dp[19][395]=-1624.77
Select best dp
Best k=12
dp[2][395]=-1491.42
dp[3][395]=-1976.5
dp[4][395]=-2224.52
dp[5][395]=-2370.04
dp[6][395]=-2497.2
dp[7][395]=-2615.2
dp[8][395]=-2700.16
dp[9][395]=-2781.45
dp[10][395]=-2798.75
dp[11][395]=-2813.59
dp[12][395]=-2826.64
dp[13][395]=-2814.04
dp[14][395]=-2798.11
dp[15][395]=-2780.22
dp[16][395]=-2754.01
dp[17][395]=-2722.7
dp[18][395]=-2683.11
dp[19][395]=-2613.22
Select best dp
Best k=12
dp[2][395]=-1491.42
dp[3][395]=-1976.5
dp[4][395]=-2224.52
dp[5][395]=-2370.04
dp[6][395]=-2497.2
dp[7][395]=-2615.2
dp[8][395]=-2700.16
dp[9][395]=-2781.45
dp[10][395]=-2798.75
dp[11][395]=-2813.59
dp[12][395]=-2826.64
dp[13][395]=-2814.04
dp[14][395]=-2798.11
dp[15][395]=-2780.22
dp[16][395]=-2754.01
dp[17][395]=-2722.7
dp[18][395]=-2683.11
dp[19][395]=-2613.22
Select best dp
Best k=12
Stratifying 4-th numerical feature ...
Stratifying 4-th numerical feature ...
dp[2][395]=-688.71
dp[3][395]=-831.733
dp[4][395]=-837.645
dp[5][395]=-820.689
dp[6][395]=-801.579
dp[7][395]=-762.977
dp[8][395]=-708.445
dp[9][395]=-643.753
dp[10][395]=-574.673
dp[11][395]=-505.016
dp[12][395]=-434.509
dp[13][395]=-362.469
dp[14][395]=-289.525
dp[15][395]=-216.554
dp[16][395]=-142.357
dp[17][395]=-67.0438
dp[18][395]=13.6817
dp[19][395]=114.677
Select best dp
Best k=4
Stratifying 4-th numerical feature ...
dp[2][395]=-787.024
dp[3][395]=-1180.4
dp[4][395]=-1404.2
dp[5][395]=-1547.5
dp[6][395]=-1632.19
dp[7][395]=-1700.53
dp[8][395]=-1744.4
dp[9][395]=-1780.25
dp[10][395]=-1794.99
dp[11][395]=-1808.99
dp[12][395]=-1813.19
dp[13][395]=-1800.61
dp[14][395]=-1782.24
dp[15][395]=-1760.67
dp[16][395]=-1738.44
dp[17][395]=-1711.45
dp[18][395]=-1678.02
dp[19][395]=-1624.77
Select best dp
Best k=12
dp[2][395]=-1491.42
dp[3][395]=-1976.5
dp[4][395]=-2224.52
dp[5][395]=-2370.04
dp[6][395]=-2497.2
dp[7][395]=-2615.2
dp[8][395]=-2700.16
dp[9][395]=-2781.45
dp[10][395]=-2798.75
dp[11][395]=-2813.59
dp[12][395]=-2826.64
dp[13][395]=-2814.04
dp[14][395]=-2798.11
dp[15][395]=-2780.22
dp[16][395]=-2754.01
dp[17][395]=-2722.7
dp[18][395]=-2683.11
dp[19][395]=-2613.22
Select best dp
Best k=12
dp[2][395]=-1138.74
dp[3][395]=-1511.9
dp[4][395]=-1765.65
dp[5][395]=-1921.15
dp[6][395]=-2031.93
dp[7][395]=-2128.1
dp[8][395]=-2207.7
dp[9][395]=-2236.19
dp[10][395]=-2262.71
dp[11][395]=-2286.33
dp[12][395]=-2293.28
dp[13][395]=-2291.19
dp[14][395]=-2277.07
dp[15][395]=-2261.38
dp[16][395]=-2244.19
dp[17][395]=-2226.73
dp[18][395]=-2196.15
dp[19][395]=-2146.28
Select best dp
Best k=12
Stratifying 4-th numerical feature ...
Stratifying 6-th numerical feature ...
dp[2][395]=-2294.14
dp[3][395]=-3154.73
dp[4][395]=-3634.24
dp[5][395]=-3956.1
dp[6][395]=-4244.11
dp[7][395]=-4506.31
dp[8][395]=-4727.01
dp[9][395]=-4930.91
dp[10][395]=-5044.37
dp[11][395]=-5149.43
dp[12][395]=-5252.44
dp[13][395]=-5295.31
dp[14][395]=-5334.15
dp[15][395]=-5371.95
dp[16][395]=-5395.82
dp[17][395]=-5403.26
dp[18][395]=-5400.96
dp[19][395]=-5354.41
Select best dp
Best k=17
Stratifying 4-th numerical feature ...
dp[2][395]=-1090.07
dp[3][395]=-1395.86
dp[4][395]=-1525.47
dp[5][395]=-1578.77
dp[6][395]=-1638.94
dp[7][395]=-1675.2
dp[8][395]=-1702.6
dp[9][395]=-1711.47
dp[10][395]=-1682.58
dp[11][395]=-1653.51
dp[12][395]=-1622.94
dp[13][395]=-1581.95
dp[14][395]=-1538.8
dp[15][395]=-1495.37
dp[16][395]=-1444.83
dp[17][395]=-1387.15
dp[18][395]=-1327.18
dp[19][395]=-1244.84
Select best dp
Best k=9
Stratifying 4-th numerical feature ...
dp[2][395]=-785.077
dp[3][395]=-1117.95
dp[4][395]=-1316.37
dp[5][395]=-1439.27
dp[6][395]=-1529.95
dp[7][395]=-1589.95
dp[8][395]=-1641.99
dp[9][395]=-1674.38
dp[10][395]=-1687.63
dp[11][395]=-1693.8
dp[12][395]=-1693.79
dp[13][395]=-1693.73
dp[14][395]=-1687.36
dp[15][395]=-1671.15
dp[16][395]=-1653.38
dp[17][395]=-1611.79
dp[18][395]=-1562.79
dp[19][395]=-1493.02
Select best dp
Best k=11
Stratifying 5-th numerical feature ...
dp[2][395]=-1439.57
dp[3][395]=-1921.22
dp[4][395]=-2188.27
dp[5][395]=-2359.48
dp[6][395]=-2504.36
dp[7][395]=-2625.62
dp[8][395]=-2682.89
dp[9][395]=-2714.6
dp[10][395]=-2742.44
dp[11][395]=-2769.61
dp[12][395]=-2786.61
dp[13][395]=-2798.04
dp[14][395]=-2795.94
dp[15][395]=-2796.62
dp[16][395]=-2790.34
dp[17][395]=-2777.62
dp[18][395]=-2756.36
dp[19][395]=-2734.23
Select best dp
Best k=13
Stratifying 6-th numerical feature ...
dp[2][395]=-632.606
dp[3][395]=-975.582
dp[4][395]=-1165.75
dp[5][395]=-1285.57
dp[6][395]=-1382.98
dp[7][395]=-1433.41
dp[8][395]=-1466.89
dp[9][395]=-1495.08
dp[10][395]=-1517.57
dp[11][395]=-1531.21
dp[12][395]=-1529.47
dp[13][395]=-1520.86
dp[14][395]=-1509.81
dp[15][395]=-1490.25
dp[16][395]=-1468.67
dp[17][395]=-1446.73
dp[18][395]=-1417.11
dp[19][395]=-1387.01
Select best dp
Best k=11
Stratifying 3-th numerical feature ...
dp[2][395]=-1049.76
dp[3][395]=-1510.1
dp[4][395]=-1723.29
dp[5][395]=-1847.05
dp[6][395]=-1951.47
dp[7][395]=-2045.29
dp[8][395]=-2119.73
dp[9][395]=-2189.18
dp[10][395]=-2209.76
dp[11][395]=-2227.99
dp[12][395]=-2242.67
dp[13][395]=-2232.11
dp[14][395]=-2215.13
dp[15][395]=-2195.72
dp[16][395]=-2170.8
dp[17][395]=-2137.2
dp[18][395]=-2098.64
dp[19][395]=-2028.51
Select best dp
Best k=12
Stratifying 4-th numerical feature ...
dp[2][395]=-1439.57
dp[3][395]=-1921.22
dp[4][395]=-2188.27
dp[5][395]=-2359.48
dp[6][395]=-2504.36
dp[7][395]=-2625.62
dp[8][395]=-2682.89
dp[9][395]=-2715.98
dp[10][395]=-2743.81
dp[11][395]=-2770.98
dp[12][395]=-2787.99
dp[13][395]=-2799.42
dp[14][395]=-2797.32
dp[15][395]=-2798
dp[16][395]=-2791.72
dp[17][395]=-2778.99
dp[18][395]=-2757.74
dp[19][395]=-2735.25
Select best dp
Best k=13
Stratifying 6-th numerical feature ...
dp[2][395]=-864.748
dp[3][395]=-1309.37
dp[4][395]=-1519.71
dp[5][395]=-1675
dp[6][395]=-1777.13
dp[7][395]=-1851.48
dp[8][395]=-1904.11
dp[9][395]=-1942.84
dp[10][395]=-1964.76
dp[11][395]=-1984.82
dp[12][395]=-2002.79
dp[13][395]=-1995.03
dp[14][395]=-1984.79
dp[15][395]=-1974.47
dp[16][395]=-1953.91
dp[17][395]=-1931.14
dp[18][395]=-1897.68
dp[19][395]=-1849.67
Select best dp
Best k=12
dp[2][395]=-1725.67
dp[3][395]=-2469.18
dp[4][395]=-2943.77
dp[5][395]=-3267.34
dp[6][395]=-3526.45
dp[7][395]=-3724.22
dp[8][395]=-3906.04
dp[9][395]=-4048.59
dp[10][395]=-4152.84
dp[11][395]=-4242.93
dp[12][395]=-4320.67
dp[13][395]=-4398.32
dp[14][395]=-4463.33
dp[15][395]=-4508.69
dp[16][395]=-4550.89
dp[17][395]=-4545.47
dp[18][395]=-4525.24
dp[19][395]=-4463.45
Select best dp
Best k=16
Stratifying 5-th numerical feature ...
dp[2][395]=-314.78
dp[3][395]=-442.339
dp[4][395]=-502.667
dp[5][395]=-525.24
dp[6][395]=-531.7
dp[7][395]=-522.823
dp[8][395]=-509.96
dp[9][395]=-487.278
dp[10][395]=-455.021
dp[11][395]=-419.226
dp[12][395]=-380.343
dp[13][395]=-341.437
dp[14][395]=-299.369
dp[15][395]=-252.39
dp[16][395]=-204.621
dp[17][395]=-144.949
dp[18][395]=-81.5713
dp[19][395]=-7.80635
Select best dp
Best k=6
Stratifying 5-th numerical feature ...
dp[2][395]=-1439.57
dp[3][395]=-1921.22
dp[4][395]=-2188.27
dp[5][395]=-2359.48
dp[6][395]=-2504.36
dp[7][395]=-2625.62
dp[8][395]=-2682.89
dp[9][395]=-2710.72
dp[10][395]=-2737.89
dp[11][395]=-2754.31
dp[12][395]=-2765.04
dp[13][395]=-2772.37
dp[14][395]=-2769.44
dp[15][395]=-2762.41
dp[16][395]=-2748.69
dp[17][395]=-2733.26
dp[18][395]=-2695.01
dp[19][395]=-2635.64
Select best dp
Best k=13
Stratifying 6-th numerical feature ...
dp[2][395]=-785.077
dp[3][395]=-1117.95
dp[4][395]=-1316.37
dp[5][395]=-1439.27
dp[6][395]=-1529.95
dp[7][395]=-1589.95
dp[8][395]=-1641.99
dp[9][395]=-1674.38
dp[10][395]=-1687.63
dp[11][395]=-1693.8
dp[12][395]=-1693.79
dp[13][395]=-1693.73
dp[14][395]=-1687.36
dp[15][395]=-1671.15
dp[16][395]=-1653.38
dp[17][395]=-1611.79
dp[18][395]=-1562.79
dp[19][395]=-1493.02
Select best dp
Best k=11
Stratifying 5-th numerical feature ...
dp[2][395]=155.517
dp[3][395]=233.275
dp[4][395]=311.034
dp[5][395]=388.792
dp[6][395]=466.55
dp[7][395]=544.309
dp[8][395]=622.067
dp[9][395]=699.825
dp[10][395]=777.584
dp[11][395]=855.342
dp[12][395]=933.101
dp[13][395]=1010.86
dp[14][395]=1088.62
dp[15][395]=1166.38
dp[16][395]=1244.13
dp[17][395]=1321.89
dp[18][395]=1399.65
dp[19][395]=1477.41
Select best dp
Best k=2
Stratifying 5-th numerical feature ...
dp[2][395]=-785.077
dp[3][395]=-1117.95
dp[4][395]=-1316.37
dp[5][395]=-1439.27
dp[6][395]=-1529.95
dp[7][395]=-1589.95
dp[8][395]=-1641.99
dp[9][395]=-1674.38
dp[10][395]=-1687.63
dp[11][395]=-1693.8
dp[12][395]=-1693.79
dp[13][395]=-1693.73
dp[14][395]=-1687.36
dp[15][395]=-1671.15
dp[16][395]=-1653.38
dp[17][395]=-1611.79
dp[18][395]=-1562.79
dp[19][395]=-1493.02
Select best dp
Best k=11
Stratifying 5-th numerical feature ...
dp[2][395]=-785.077
dp[3][395]=-1117.95
dp[4][395]=-1316.37
dp[5][395]=-1439.27
dp[6][395]=-1529.95
dp[7][395]=-1589.95
dp[8][395]=-1641.99
dp[9][395]=-1674.38
dp[10][395]=-1687.63
dp[11][395]=-1693.8
dp[12][395]=-1693.79
dp[13][395]=-1693.73
dp[14][395]=-1687.36
dp[15][395]=-1671.15
dp[16][395]=-1653.38
dp[17][395]=-1611.79
dp[18][395]=-1562.79
dp[19][395]=-1493.02
Select best dp
Best k=11
Stratifying 5-th numerical feature ...
dp[2][395]=-787.024
dp[3][395]=-1180.4
dp[4][395]=-1404.2
dp[5][395]=-1547.5
dp[6][395]=-1632.19
dp[7][395]=-1700.53
dp[8][395]=-1744.4
dp[9][395]=-1780.25
dp[10][395]=-1795.14
dp[11][395]=-1809.14
dp[12][395]=-1816.73
dp[13][395]=-1820.94
dp[14][395]=-1809.85
dp[15][395]=-1796.88
dp[16][395]=-1781.95
dp[17][395]=-1759.09
dp[18][395]=-1734.58
dp[19][395]=-1708.54
Select best dp
Best k=13
dp[2][395]=-787.024
dp[3][395]=-1180.4
dp[4][395]=-1404.2
dp[5][395]=-1547.5
dp[6][395]=-1632.19
dp[7][395]=-1700.53
dp[8][395]=-1744.4
dp[9][395]=-1780.25
dp[10][395]=-1795.14
dp[11][395]=-1809.14
dp[12][395]=-1818.67
dp[13][395]=-1822.87
dp[14][395]=-1811.78
dp[15][395]=-1798.81
dp[16][395]=-1783.89
dp[17][395]=-1760.56
dp[18][395]=-1736.06
dp[19][395]=-1710.02
Select best dp
Best k=13
dp[2][395]=-2619.17
dp[3][395]=-3445.62
dp[4][395]=-3997.66
dp[5][395]=-4365
dp[6][395]=-4661.03
dp[7][395]=-4922.73
dp[8][395]=-5145.09
dp[9][395]=-5272.41
dp[10][395]=-5386.97
dp[11][395]=-5482.42
dp[12][395]=-5563.8
dp[13][395]=-5629.49
dp[14][395]=-5690.56
dp[15][395]=-5735.51
dp[16][395]=-5779.62
dp[17][395]=-5812.95
dp[18][395]=-5828.38
dp[19][395]=-5798.04
Select best dp
Best k=18
Stratifying 6-th numerical feature ...
dp[2][395]=-867.877
dp[3][395]=-1160.47
dp[4][395]=-1297.88
dp[5][395]=-1367.52
dp[6][395]=-1429.12
dp[7][395]=-1479.85
dp[8][395]=-1473.98
dp[9][395]=-1457.55
dp[10][395]=-1437.1
dp[11][395]=-1413.28
dp[12][395]=-1386.07
dp[13][395]=-1355.56
dp[14][395]=-1322.77
dp[15][395]=-1286.88
dp[16][395]=-1245.62
dp[17][395]=-1198.81
dp[18][395]=-1134.88
dp[19][395]=-1056.83
Select best dp
Best k=7
Stratifying 6-th numerical feature ...
dp[2][395]=-787.024
dp[3][395]=-1180.4
dp[4][395]=-1404.2
dp[5][395]=-1547.5
dp[6][395]=-1632.19
dp[7][395]=-1700.53
dp[8][395]=-1744.4
dp[9][395]=-1780.25
dp[10][395]=-1794.99
dp[11][395]=-1808.99
dp[12][395]=-1813.19
dp[13][395]=-1800.61
dp[14][395]=-1782.24
dp[15][395]=-1760.67
dp[16][395]=-1738.44
dp[17][395]=-1711.45
dp[18][395]=-1678.02
dp[19][395]=-1624.77
Select best dp
Best k=12
dp[2][395]=-1439.57
dp[3][395]=-1921.22
dp[4][395]=-2188.27
dp[5][395]=-2359.48
dp[6][395]=-2504.36
dp[7][395]=-2625.62
dp[8][395]=-2682.89
dp[9][395]=-2710.72
dp[10][395]=-2737.89
dp[11][395]=-2754.31
dp[12][395]=-2765.04
dp[13][395]=-2772.37
dp[14][395]=-2769.44
dp[15][395]=-2762.41
dp[16][395]=-2748.69
dp[17][395]=-2733.26
dp[18][395]=-2695.01
dp[19][395]=-2635.64
Select best dp
Best k=13
Stratifying 6-th numerical feature ...
dp[2][395]=-1439.57
dp[3][395]=-1921.22
dp[4][395]=-2188.27
dp[5][395]=-2359.48
dp[6][395]=-2504.36
dp[7][395]=-2625.62
dp[8][395]=-2682.89
dp[9][395]=-2710.72
dp[10][395]=-2737.89
dp[11][395]=-2754.31
dp[12][395]=-2765.04
dp[13][395]=-2772.37
dp[14][395]=-2769.44
dp[15][395]=-2762.41
dp[16][395]=-2748.69
dp[17][395]=-2733.26
dp[18][395]=-2695.01
dp[19][395]=-2635.64
Select best dp
Best k=13
Stratifying 6-th numerical feature ...
dp[2][395]=-1154.58
dp[3][395]=-1543.68
dp[4][395]=-1801.62
dp[5][395]=-1953.4
dp[6][395]=-2067.99
dp[7][395]=-2158.31
dp[8][395]=-2233.71
dp[9][395]=-2260.25
dp[10][395]=-2285.67
dp[11][395]=-2308.54
dp[12][395]=-2314.32
dp[13][395]=-2312.85
dp[14][395]=-2299.62
dp[15][395]=-2285.11
dp[16][395]=-2268.9
dp[17][395]=-2252.02
dp[18][395]=-2222.27
dp[19][395]=-2170.73
Select best dp
Best k=12
Stratifying 6-th numerical feature ...
dp[2][395]=-1729.57
dp[3][395]=-2594.07
dp[4][395]=-3119.43
dp[5][395]=-3483.79
dp[6][395]=-3730.93
dp[7][395]=-3945.38
dp[8][395]=-4110.86
dp[9][395]=-4260.33
dp[10][395]=-4367.56
dp[11][395]=-4473.32
dp[12][395]=-4559.49
dp[13][395]=-4612.07
dp[14][395]=-4653.09
dp[15][395]=-4687.71
dp[16][395]=-4721.02
dp[17][395]=-4744.79
dp[18][395]=-4755.69
dp[19][395]=-4726.96
Select best dp
Best k=18
dp[2][395]=-315.754
dp[3][395]=-473.56
dp[4][395]=-546.583
dp[5][395]=-579.353
dp[6][395]=-582.821
dp[7][395]=-578.112
dp[8][395]=-561.165
dp[9][395]=-540.212
dp[10][395]=-508.702
dp[11][395]=-476.823
dp[12][395]=-440.047
dp[13][395]=-394.874
dp[14][395]=-346.81
dp[15][395]=-297.146
dp[16][395]=-247.154
dp[17][395]=-194.778
dp[18][395]=-139.184
dp[19][395]=-73.6826
Select best dp
Best k=6
dp[2][395]=-378.982
dp[3][395]=-441.334
dp[4][395]=-445.202
dp[5][395]=-429.211
dp[6][395]=-374.828
dp[7][395]=-337.43
dp[8][395]=-283.047
dp[9][395]=-228.077
dp[10][395]=-168
dp[11][395]=-101.118
dp[12][395]=-30.7565
dp[13][395]=39.7264
dp[14][395]=110.458
dp[15][395]=182.792
dp[16][395]=254.256
dp[17][395]=331.122
dp[18][395]=419.888
dp[19][395]=516.85
Select best dp
Best k=4
Stratifying 6-th numerical feature ...
dp[2][395]=-787.024
dp[3][395]=-1180.4
dp[4][395]=-1404.2
dp[5][395]=-1547.5
dp[6][395]=-1632.19
dp[7][395]=-1700.53
dp[8][395]=-1744.4
dp[9][395]=-1780.25
dp[10][395]=-1794.99
dp[11][395]=-1808.99
dp[12][395]=-1813.19
dp[13][395]=-1800.61
dp[14][395]=-1782.24
dp[15][395]=-1760.67
dp[16][395]=-1738.44
dp[17][395]=-1711.45
dp[18][395]=-1678.02
dp[19][395]=-1624.77
Select best dp
Best k=12
dp[2][395]=-1491.42
dp[3][395]=-1976.5
dp[4][395]=-2224.52
dp[5][395]=-2370.04
dp[6][395]=-2497.2
dp[7][395]=-2615.2
dp[8][395]=-2700.57
dp[9][395]=-2781.85
dp[10][395]=-2802.32
dp[11][395]=-2819.62
dp[12][395]=-2832.67
dp[13][395]=-2833.74
dp[14][395]=-2827.48
dp[15][395]=-2816.78
dp[16][395]=-2804.45
dp[17][395]=-2789.78
dp[18][395]=-2770.7
dp[19][395]=-2751.22
Select best dp
Best k=13
Stratifying 4-th numerical feature ...
dp[2][395]=-787.024
dp[3][395]=-1180.4
dp[4][395]=-1404.2
dp[5][395]=-1547.5
dp[6][395]=-1632.19
dp[7][395]=-1700.53
dp[8][395]=-1744.4
dp[9][395]=-1780.25
dp[10][395]=-1794.99
dp[11][395]=-1808.99
dp[12][395]=-1813.19
dp[13][395]=-1800.61
dp[14][395]=-1782.24
dp[15][395]=-1760.67
dp[16][395]=-1738.44
dp[17][395]=-1711.45
dp[18][395]=-1678.02
dp[19][395]=-1624.77
Select best dp
Best k=12
dp[2][395]=-787.024
dp[3][395]=-1180.4
dp[4][395]=-1404.2
dp[5][395]=-1547.5
dp[6][395]=-1632.19
dp[7][395]=-1700.53
dp[8][395]=-1744.4
dp[9][395]=-1780.25
dp[10][395]=-1794.99
dp[11][395]=-1808.99
dp[12][395]=-1813.19
dp[13][395]=-1800.61
dp[14][395]=-1782.24
dp[15][395]=-1760.67
dp[16][395]=-1738.44
dp[17][395]=-1711.45
dp[18][395]=-1678.02
dp[19][395]=-1624.77
Select best dp
Best k=12
dp[2][395]=155.517
dp[3][395]=233.275
dp[4][395]=311.034
dp[5][395]=388.792
dp[6][395]=466.55
dp[7][395]=544.309
dp[8][395]=622.067
dp[9][395]=699.825
dp[10][395]=777.584
dp[11][395]=855.342
dp[12][395]=933.101
dp[13][395]=1010.86
dp[14][395]=1088.62
dp[15][395]=1166.38
dp[16][395]=1244.13
dp[17][395]=1321.89
dp[18][395]=1399.65
dp[19][395]=1477.41
Select best dp
Best k=2
dp[2][395]=-785.077
dp[3][395]=-1117.95
dp[4][395]=-1316.37
dp[5][395]=-1439.27
dp[6][395]=-1529.95
dp[7][395]=-1592.36
dp[8][395]=-1644.39
dp[9][395]=-1676.79
dp[10][395]=-1693.23
dp[11][395]=-1699.4
dp[12][395]=-1699.87
dp[13][395]=-1699.86
dp[14][395]=-1695.42
dp[15][395]=-1679.22
dp[16][395]=-1661.44
dp[17][395]=-1630.89
dp[18][395]=-1599.93
dp[19][395]=-1568.14
Select best dp
Best k=12
Stratifying 5-th numerical feature ...
dp[2][395]=-1439.57
dp[3][395]=-1921.22
dp[4][395]=-2188.27
dp[5][395]=-2359.48
dp[6][395]=-2504.36
dp[7][395]=-2625.62
dp[8][395]=-2682.89
dp[9][395]=-2715.98
dp[10][395]=-2743.81
dp[11][395]=-2770.98
dp[12][395]=-2787.99
dp[13][395]=-2799.42
dp[14][395]=-2797.32
dp[15][395]=-2798
dp[16][395]=-2791.72
dp[17][395]=-2778.99
dp[18][395]=-2757.74
dp[19][395]=-2735.83
Select best dp
Best k=13
Stratifying 6-th numerical feature ...
dp[2][395]=-787.024
dp[3][395]=-1180.4
dp[4][395]=-1404.2
dp[5][395]=-1547.5
dp[6][395]=-1632.19
dp[7][395]=-1700.53
dp[8][395]=-1744.4
dp[9][395]=-1780.25
dp[10][395]=-1796.21
dp[11][395]=-1811.1
dp[12][395]=-1825.1
dp[13][395]=-1829.3
dp[14][395]=-1818.21
dp[15][395]=-1805.24
dp[16][395]=-1790.32
dp[17][395]=-1766.88
dp[18][395]=-1742.38
dp[19][395]=-1716.34
Select best dp
Best k=13
