Standardize ...
Stratifying 1-th numerical feature ...
Standardize ...
Stratifying 1-th numerical feature ...
Standardize ...
Stratifying 1-th numerical feature ...
Standardize ...
Stratifying 1-th numerical feature ...
Standardize ...
Stratifying 1-th numerical feature ...
Standardize ...
Stratifying 1-th numerical feature ...
Standardize ...
Stratifying 1-th numerical feature ...
Standardize ...
Stratifying 1-th numerical feature ...
Standardize ...
Stratifying 1-th numerical feature ...
Standardize ...
Stratifying 1-th numerical feature ...
Standardize ...
Stratifying 1-th numerical feature ...
Standardize ...
Stratifying 1-th numerical feature ...
Standardize ...
Stratifying 1-th numerical feature ...
Standardize ...
Stratifying 1-th numerical feature ...
dp[2][754]=-603.107
dp[3][754]=-1006.64
dp[4][754]=-1221.03
dp[5][754]=-1408.14
dp[6][754]=-1489.49
dp[7][754]=-1541.15
dp[8][754]=-1584.78
dp[9][754]=-1592.52
dp[10][754]=-1593.12
dp[11][754]=-1586.67
dp[12][754]=-1557.77
dp[13][754]=-1512.99
dp[14][754]=-1465.57
dp[15][754]=-1412.63
dp[16][754]=-1345.12
dp[17][754]=-1271.61
dp[18][754]=-1191.6
dp[19][754]=-1102.88
dp[20][754]=-1004.19
dp[21][754]=-905.182
dp[22][754]=-805.753
dp[23][754]=-703.119
dp[24][754]=-598.787
dp[25][754]=-484.001
dp[26][754]=-349.353
dp[27][754]=-204.828
Select best dp
Best k=10
dp[2][754]=-603.107
dp[3][754]=-1006.64
dp[4][754]=-1221.03
dp[5][754]=-1408.14
dp[6][754]=-1489.49
dp[7][754]=-1541.15
dp[8][754]=-1584.78
dp[9][754]=-1592.52
dp[10][754]=-1593.12
dp[11][754]=-1586.67
dp[12][754]=-1557.77
dp[13][754]=-1512.99
dp[14][754]=-1465.57
dp[15][754]=-1412.63
dp[16][754]=-1345.12
dp[17][754]=-1271.61
dp[18][754]=-1191.6
dp[19][754]=-1102.88
dp[20][754]=-1004.19
dp[21][754]=-905.182
dp[22][754]=-805.753
dp[23][754]=-703.119
dp[24][754]=-598.787
dp[25][754]=-484.001
dp[26][754]=-349.353
dp[27][754]=-204.828
Select best dp
Best k=10
dp[2][754]=-603.107
dp[3][754]=-1006.64
dp[4][754]=-1221.03
dp[5][754]=-1408.14
dp[6][754]=-1489.49
dp[7][754]=-1541.15
dp[8][754]=-1584.78
dp[9][754]=-1592.52
dp[10][754]=-1593.12
dp[11][754]=-1586.67
dp[12][754]=-1557.77
dp[13][754]=-1511.93
dp[14][754]=-1459.51
dp[15][754]=-1406.58
dp[16][754]=-1325.68
dp[17][754]=-1242.86
dp[18][754]=-1136.93
Select best dp
Best k=10
dp[2][754]=318.082
dp[3][754]=477.124
dp[4][754]=636.165
dp[5][754]=795.206
dp[6][754]=954.247
dp[7][754]=1113.29
dp[8][754]=1272.33
dp[9][754]=1431.37
dp[10][754]=1590.41
dp[11][754]=1749.45
dp[12][754]=1908.49
dp[13][754]=2067.54
dp[14][754]=2226.58
dp[15][754]=2385.62
dp[16][754]=2544.66
dp[17][754]=2703.7
dp[18][754]=2862.74
dp[19][754]=3021.78
dp[20][754]=3180.82
dp[21][754]=3339.87
dp[22][754]=3498.91
dp[23][754]=3657.95
dp[24][754]=3816.99
dp[25][754]=3976.03
dp[26][754]=4135.07
dp[27][754]=4294.11
Select best dp
Best k=2
dp[2][754]=-1550.8
dp[3][754]=-2530.16
dp[4][754]=-3131.23
dp[5][754]=-3677.75
dp[6][754]=-4012.75
dp[7][754]=-4288.37
dp[8][754]=-4547.91
dp[9][754]=-4735.7
dp[10][754]=-4909.19
dp[11][754]=-5068.59
dp[12][754]=-5183.08
dp[13][754]=-5265.8
dp[14][754]=-5343.27
dp[15][754]=-5409.69
dp[16][754]=-5446.96
dp[17][754]=-5472.22
dp[18][754]=-5484.5
dp[19][754]=-5479.36
dp[20][754]=-5454.27
dp[21][754]=-5428.55
dp[22][754]=-5401.99
dp[23][754]=-5369.01
dp[24][754]=-5332.65
dp[25][754]=-5275.37
dp[26][754]=-5178.37
dp[27][754]=-5061.61
Select best dp
Best k=18
dp[2][754]=-129.259
dp[3][754]=-244.876
dp[4][754]=-265.924
dp[5][754]=-273.334
dp[6][754]=-227.862
dp[7][754]=-167.545
dp[8][754]=-103.21
dp[9][754]=-20.9356
dp[10][754]=64.9121
dp[11][754]=154.284
dp[12][754]=254.881
dp[13][754]=363.422
dp[14][754]=473.277
dp[15][754]=585.893
dp[16][754]=705.797
dp[17][754]=828.701
dp[18][754]=954.854
dp[19][754]=1085.36
dp[20][754]=1220.85
dp[21][754]=1356.5
dp[22][754]=1492.36
dp[23][754]=1629.83
dp[24][754]=1768.14
dp[25][754]=1911.68
dp[26][754]=2065.15
dp[27][754]=2223.56
Select best dp
Best k=5
dp[2][754]=-603.107
dp[3][754]=-1006.64
dp[4][754]=-1221.03
dp[5][754]=-1408.14
dp[6][754]=-1489.49
dp[7][754]=-1541.15
dp[8][754]=-1584.78
dp[9][754]=-1592.52
dp[10][754]=-1593.12
dp[11][754]=-1586.67
dp[12][754]=-1557.77
dp[13][754]=-1512.99
dp[14][754]=-1465.57
dp[15][754]=-1412.63
dp[16][754]=-1345.12
dp[17][754]=-1271.61
dp[18][754]=-1191.6
dp[19][754]=-1102.88
dp[20][754]=-1004.19
dp[21][754]=-905.182
dp[22][754]=-805.753
dp[23][754]=-703.119
dp[24][754]=-598.787
dp[25][754]=-484.001
dp[26][754]=-349.353
dp[27][754]=-204.828
Select best dp
Best k=10
dp[2][754]=-603.107
dp[3][754]=-1006.64
dp[4][754]=-1221.03
dp[5][754]=-1408.14
dp[6][754]=-1489.49
dp[7][754]=-1541.15
dp[8][754]=-1584.78
dp[9][754]=-1592.52
dp[10][754]=-1593.12
dp[11][754]=-1586.67
dp[12][754]=-1557.77
dp[13][754]=-1512.99
dp[14][754]=-1465.57
dp[15][754]=-1412.63
dp[16][754]=-1345.12
dp[17][754]=-1271.61
dp[18][754]=-1191.6
dp[19][754]=-1102.88
dp[20][754]=-1004.19
dp[21][754]=-905.182
dp[22][754]=-805.753
dp[23][754]=-703.119
dp[24][754]=-598.787
dp[25][754]=-484.001
dp[26][754]=-349.353
dp[27][754]=-204.828
Select best dp
Best k=10
dp[2][754]=-603.107
dp[3][754]=-1006.64
dp[4][754]=-1221.03
dp[5][754]=-1408.14
dp[6][754]=-1489.49
dp[7][754]=-1541.15
dp[8][754]=-1584.78
dp[9][754]=-1592.52
dp[10][754]=-1593.12
dp[11][754]=-1586.67
dp[12][754]=-1557.77
dp[13][754]=-1512.99
dp[14][754]=-1465.57
dp[15][754]=-1412.63
dp[16][754]=-1345.12
dp[17][754]=-1271.61
dp[18][754]=-1191.6
dp[19][754]=-1102.88
dp[20][754]=-1004.19
dp[21][754]=-905.182
dp[22][754]=-805.753
dp[23][754]=-703.119
dp[24][754]=-598.787
dp[25][754]=-484.001
dp[26][754]=-349.353
dp[27][754]=-204.828
Select best dp
Best k=10
dp[2][754]=-603.107
dp[3][754]=-1006.64
dp[4][754]=-1221.03
dp[5][754]=-1408.14
dp[6][754]=-1489.49
dp[7][754]=-1541.15
dp[8][754]=-1584.78
dp[9][754]=-1592.52
dp[10][754]=-1593.12
dp[11][754]=-1586.67
dp[12][754]=-1557.77
dp[13][754]=-1512.99
dp[14][754]=-1465.57
dp[15][754]=-1412.63
dp[16][754]=-1345.12
dp[17][754]=-1271.61
dp[18][754]=-1191.6
dp[19][754]=-1102.88
dp[20][754]=-1004.19
dp[21][754]=-905.182
dp[22][754]=-805.753
dp[23][754]=-703.119
dp[24][754]=-598.787
dp[25][754]=-484.001
dp[26][754]=-349.353
dp[27][754]=-204.828
Select best dp
Best k=10
dp[2][754]=-603.107
dp[3][754]=-1006.64
dp[4][754]=-1221.03
dp[5][754]=-1408.14
dp[6][754]=-1489.49
dp[7][754]=-1541.15
dp[8][754]=-1584.78
dp[9][754]=-1592.52
dp[10][754]=-1593.12
dp[11][754]=-1586.67
dp[12][754]=-1557.77
dp[13][754]=-1512.99
dp[14][754]=-1465.57
dp[15][754]=-1412.63
dp[16][754]=-1345.12
dp[17][754]=-1271.61
dp[18][754]=-1191.6
dp[19][754]=-1102.88
dp[20][754]=-1007.33
dp[21][754]=-911.38
dp[22][754]=-813.903
dp[23][754]=-715.374
dp[24][754]=-614.513
dp[25][754]=-513.422
dp[26][754]=-411.104
dp[27][754]=-300.614
Select best dp
Best k=10
dp[2][754]=-603.107
dp[3][754]=-1006.64
dp[4][754]=-1221.03
dp[5][754]=-1408.14
dp[6][754]=-1489.49
dp[7][754]=-1541.15
dp[8][754]=-1584.78
dp[9][754]=-1592.52
dp[10][754]=-1593.12
dp[11][754]=-1586.67
dp[12][754]=-1557.77
dp[13][754]=-1512.99
dp[14][754]=-1465.57
dp[15][754]=-1412.63
dp[16][754]=-1345.12
dp[17][754]=-1271.61
dp[18][754]=-1191.6
dp[19][754]=-1102.88
dp[20][754]=-1007.33
dp[21][754]=-911.38
dp[22][754]=-813.903
dp[23][754]=-715.374
dp[24][754]=-614.513
dp[25][754]=-513.422
dp[26][754]=-403.155
dp[27][754]=-292.666
Select best dp
Best k=10
dp[2][754]=-603.107
dp[3][754]=-1006.64
dp[4][754]=-1221.03
dp[5][754]=-1408.14
dp[6][754]=-1489.49
dp[7][754]=-1541.15
dp[8][754]=-1584.78
dp[9][754]=-1592.52
dp[10][754]=-1593.12
dp[11][754]=-1586.67
dp[12][754]=-1557.77
dp[13][754]=-1512.99
dp[14][754]=-1465.57
dp[15][754]=-1412.63
dp[16][754]=-1345.12
dp[17][754]=-1271.61
dp[18][754]=-1191.6
dp[19][754]=-1102.88
dp[20][754]=-1007.33
dp[21][754]=-911.38
dp[22][754]=-813.903
dp[23][754]=-715.374
dp[24][754]=-614.513
dp[25][754]=-513.422
dp[26][754]=-411.104
dp[27][754]=-300.614
Select best dp
Best k=10
dp[2][754]=-13.1249
dp[3][754]=-430.048
dp[4][754]=-643.998
dp[5][754]=-836.294
dp[6][754]=-916.679
dp[7][754]=-969.452
dp[8][754]=-1013.95
dp[9][754]=-1026.11
dp[10][754]=-1028.05
dp[11][754]=-1022.23
dp[12][754]=-994.268
dp[13][754]=-950.48
dp[14][754]=-905.584
dp[15][754]=-853.542
dp[16][754]=-787.148
dp[17][754]=-714.768
dp[18][754]=-635.169
dp[19][754]=-547.335
dp[20][754]=-450.612
dp[21][754]=-353.099
dp[22][754]=-254.67
dp[23][754]=-152.742
dp[24][754]=-49.8186
dp[25][754]=63.9628
dp[26][754]=196.852
dp[27][754]=340.923
Select best dp
Best k=10
