Standardize ...
Stratifying 1-th numerical feature ...
Standardize ...
Stratifying 1-th numerical feature ...
Standardize ...
Stratifying 1-th numerical feature ...
Standardize ...
Stratifying 1-th numerical feature ...
Standardize ...
Stratifying 1-th numerical feature ...
Standardize ...
Stratifying 1-th numerical feature ...
Standardize ...
Stratifying 1-th numerical feature ...
Standardize ...
Stratifying 1-th numerical feature ...
Standardize ...
Stratifying 1-th numerical feature ...
Standardize ...
Stratifying 1-th numerical feature ...
Standardize ...
Stratifying 1-th numerical feature ...
Standardize ...
Stratifying 1-th numerical feature ...
Standardize ...
Stratifying 1-th numerical feature ...
Standardize ...
Stratifying 1-th numerical feature ...
dp[2][268]=-99.6475
dp[3][268]=-2.8e+11
dp[4][268]=-2.8e+11
dp[5][268]=-5.4e+11
dp[6][268]=-5.4e+11
dp[7][268]=-7.8e+11
dp[8][268]=-7.8e+11
dp[9][268]=-9.2e+11
dp[10][268]=-9.2e+11
dp[11][268]=-1.03e+12
dp[12][268]=-1.03e+12
dp[13][268]=-1.03e+12
dp[14][268]=-1.03e+12
dp[15][268]=-1.03e+12
dp[16][268]=-9e+11
Select best dp
Best k=11
Stratifying 2-th numerical feature ...
dp[2][268]=-411.894
dp[3][268]=-5.6e+11
dp[4][268]=-5.6e+11
dp[5][268]=-1.08e+12
dp[6][268]=-1.08e+12
dp[7][268]=-1.56e+12
dp[8][268]=-1.56e+12
dp[9][268]=-1.84e+12
dp[10][268]=-1.84e+12
dp[11][268]=-2.06e+12
dp[12][268]=-2.06e+12
dp[13][268]=-2.06e+12
dp[14][268]=-2.06e+12
dp[15][268]=-2.06e+12
dp[16][268]=-1.8e+12
Select best dp
Best k=13
Stratifying 2-th numerical feature ...
dp[2][268]=-99.6475
dp[3][268]=-2.8e+11
dp[4][268]=-2.8e+11
dp[5][268]=-5.4e+11
dp[6][268]=-5.4e+11
dp[7][268]=-7.8e+11
dp[8][268]=-7.8e+11
dp[9][268]=-9.2e+11
dp[10][268]=-9.2e+11
dp[11][268]=-1.03e+12
dp[12][268]=-1.03e+12
dp[13][268]=-1.03e+12
dp[14][268]=-1.03e+12
dp[15][268]=-1.03e+12
dp[16][268]=-9e+11
Select best dp
Best k=11
Stratifying 2-th numerical feature ...
dp[2][268]=-99.6475
dp[3][268]=-2.8e+11
dp[4][268]=-2.8e+11
dp[5][268]=-5.4e+11
dp[6][268]=-5.4e+11
dp[7][268]=-5.4e+11
dp[8][268]=-5.4e+11
dp[9][268]=-5.4e+11
dp[10][268]=-5.4e+11
Select best dp
Best k=7
Stratifying 2-th numerical feature ...
dp[2][268]=-99.6475
dp[3][268]=-2.8e+11
dp[4][268]=-2.8e+11
dp[5][268]=-5.4e+11
dp[6][268]=-5.4e+11
dp[7][268]=-7.8e+11
dp[8][268]=-7.8e+11
dp[9][268]=-9.2e+11
dp[10][268]=-9.2e+11
dp[11][268]=-1.03e+12
dp[12][268]=-1.03e+12
dp[13][268]=-1.03e+12
dp[14][268]=-1.03e+12
dp[15][268]=-1.03e+12
dp[16][268]=-9e+11
Select best dp
Best k=11
Stratifying 2-th numerical feature ...
dp[2][268]=-7e+10
dp[3][268]=-2.8e+11
dp[4][268]=-3.5e+11
dp[5][268]=-5.4e+11
dp[6][268]=-6.1e+11
dp[7][268]=-7.8e+11
dp[8][268]=-8.5e+11
dp[9][268]=-9.8e+11
dp[10][268]=-1.05e+12
dp[11][268]=-1.15e+12
dp[12][268]=-1.22e+12
dp[13][268]=-1.29e+12
dp[14][268]=-1.34e+12
dp[15][268]=-1.41e+12
dp[16][268]=-1.45e+12
Select best dp
Best k=16
Stratifying 2-th numerical feature ...
dp[2][268]=-521.896
dp[3][268]=-4.2e+11
dp[4][268]=-4.2e+11
dp[5][268]=-4.2e+11
dp[6][268]=-4.2e+11
dp[7][268]=-4.2e+11
dp[8][268]=-4.2e+11
dp[9][268]=-4.2e+11
dp[10][268]=-4.2e+11
Select best dp
Best k=6
Stratifying 3-th numerical feature ...
dp[2][268]=-521.896
dp[3][268]=-4.2e+11
dp[4][268]=-4.2e+11
dp[5][268]=-4.2e+11
dp[6][268]=-4.2e+11
dp[7][268]=-4.2e+11
dp[8][268]=-4.2e+11
dp[9][268]=-4.2e+11
dp[10][268]=-4.2e+11
dp[11][268]=-4.2e+11
dp[12][268]=-4.2e+11
dp[13][268]=-4.2e+11
dp[14][268]=-4.2e+11
dp[15][268]=-4.2e+11
dp[16][268]=-3.7e+11
Select best dp
Best k=6
Stratifying 3-th numerical feature ...
dp[2][268]=212.599
dp[3][268]=318.899
dp[4][268]=425.198
dp[5][268]=531.498
dp[6][268]=637.797
dp[7][268]=744.097
dp[8][268]=850.396
dp[9][268]=956.696
dp[10][268]=1063
dp[11][268]=1169.29
dp[12][268]=1275.59
dp[13][268]=1381.89
dp[14][268]=1488.19
dp[15][268]=1594.49
dp[16][268]=1700.79
Select best dp
Best k=2
dp[2][268]=-1256.39
dp[3][268]=-8.4e+11
dp[4][268]=-8.4e+11
dp[5][268]=-8.4e+11
dp[6][268]=-8.4e+11
dp[7][268]=-8.4e+11
dp[8][268]=-8.4e+11
dp[9][268]=-8.4e+11
dp[10][268]=-8.4e+11
dp[11][268]=-8.4e+11
dp[12][268]=-8.4e+11
dp[13][268]=-8.4e+11
dp[14][268]=-8.4e+11
dp[15][268]=-8.4e+11
dp[16][268]=-7.4e+11
Select best dp
Best k=9
Stratifying 3-th numerical feature ...
Stratifying 2-th numerical feature ...
dp[2][268]=56.4758
dp[3][268]=-1.4e+11
dp[4][268]=-1.4e+11
dp[5][268]=-2.7e+11
dp[6][268]=-2.7e+11
dp[7][268]=-3.9e+11
dp[8][268]=-3.9e+11
dp[9][268]=-4.6e+11
dp[10][268]=-4.6e+11
dp[11][268]=-5.15e+11
dp[12][268]=-5.15e+11
dp[13][268]=-5.15e+11
dp[14][268]=-5.15e+11
dp[15][268]=-5.15e+11
dp[16][268]=-4.5e+11
Select best dp
Best k=11
Stratifying 2-th numerical feature ...
dp[2][268]=-99.6475
dp[3][268]=-2.8e+11
dp[4][268]=-2.8e+11
dp[5][268]=-5.4e+11
dp[6][268]=-5.4e+11
dp[7][268]=-7.8e+11
dp[8][268]=-7.8e+11
dp[9][268]=-9.2e+11
dp[10][268]=-9.2e+11
dp[11][268]=-1.03e+12
dp[12][268]=-1.03e+12
dp[13][268]=-1.03e+12
dp[14][268]=-1.03e+12
dp[15][268]=-1.03e+12
dp[16][268]=-9e+11
Select best dp
Best k=11
Stratifying 2-th numerical feature ...
dp[2][268]=-521.896
dp[3][268]=-4.2e+11
dp[4][268]=-4.2e+11
dp[5][268]=-4.2e+11
dp[6][268]=-4.2e+11
dp[7][268]=-4.2e+11
dp[8][268]=-4.2e+11
dp[9][268]=-4.2e+11
dp[10][268]=-4.2e+11
dp[11][268]=-4.2e+11
dp[12][268]=-4.2e+11
dp[13][268]=-4.2e+11
dp[14][268]=-4.2e+11
dp[15][268]=-4.2e+11
dp[16][268]=-3.7e+11
Select best dp
Best k=6
Stratifying 3-th numerical feature ...
dp[2][268]=-99.6475
dp[3][268]=-2.8e+11
dp[4][268]=-2.8e+11
dp[5][268]=-5.4e+11
dp[6][268]=-5.4e+11
dp[7][268]=-7.8e+11
dp[8][268]=-7.8e+11
dp[9][268]=-9.2e+11
dp[10][268]=-9.2e+11
dp[11][268]=-1.03e+12
dp[12][268]=-1.03e+12
dp[13][268]=-1.03e+12
dp[14][268]=-1.03e+12
dp[15][268]=-1.03e+12
dp[16][268]=-9e+11
Select best dp
Best k=11
Stratifying 2-th numerical feature ...
dp[2][268]=-99.6475
dp[3][268]=-2.8e+11
dp[4][268]=-2.8e+11
dp[5][268]=-5.4e+11
dp[6][268]=-5.4e+11
dp[7][268]=-7.8e+11
dp[8][268]=-7.8e+11
dp[9][268]=-9.2e+11
dp[10][268]=-9.2e+11
dp[11][268]=-1.03e+12
dp[12][268]=-1.03e+12
dp[13][268]=-1.03e+12
dp[14][268]=-1.03e+12
dp[15][268]=-1.03e+12
dp[16][268]=-9e+11
Select best dp
Best k=11
Stratifying 2-th numerical feature ...
dp[2][268]=-521.896
dp[3][268]=-4.2e+11
dp[4][268]=-4.2e+11
dp[5][268]=-4.2e+11
dp[6][268]=-4.2e+11
dp[7][268]=-4.2e+11
dp[8][268]=-4.2e+11
dp[9][268]=-4.2e+11
dp[10][268]=-4.2e+11
dp[11][268]=-4.2e+11
dp[12][268]=-4.2e+11
dp[13][268]=-4.2e+11
dp[14][268]=-4.2e+11
dp[15][268]=-4.2e+11
dp[16][268]=-3.7e+11
Select best dp
Best k=6
Stratifying 3-th numerical feature ...
dp[2][268]=-99.6475
dp[3][268]=-2.8e+11
dp[4][268]=-2.8e+11
dp[5][268]=-5.4e+11
dp[6][268]=-5.4e+11
dp[7][268]=-7.8e+11
dp[8][268]=-7.8e+11
dp[9][268]=-9.8e+11
dp[10][268]=-9.8e+11
dp[11][268]=-1.15e+12
dp[12][268]=-1.15e+12
dp[13][268]=-1.27e+12
dp[14][268]=-1.27e+12
dp[15][268]=-1.38e+12
dp[16][268]=-1.38e+12
Select best dp
Best k=15
Stratifying 2-th numerical feature ...
dp[2][268]=-72.9293
dp[3][268]=-4.4e+11
dp[4][268]=-8.3e+11
dp[5][268]=-1.15e+12
dp[6][268]=-1.46e+12
dp[7][268]=-1.76e+12
dp[8][268]=-1.76e+12
dp[9][268]=-1.73e+12
dp[10][268]=-1.49e+12
Select best dp
Best k=8
Stratifying 4-th numerical feature ...
dp[2][268]=-72.9293
dp[3][268]=-4.4e+11
dp[4][268]=-8.3e+11
dp[5][268]=-1.15e+12
dp[6][268]=-1.47e+12
dp[7][268]=-1.79e+12
dp[8][268]=-1.97e+12
dp[9][268]=-2.14e+12
dp[10][268]=-2.14e+12
dp[11][268]=-2.14e+12
dp[12][268]=-2.14e+12
dp[13][268]=-2.14e+12
dp[14][268]=-2.14e+12
dp[15][268]=-1.98e+12
dp[16][268]=-1.82e+12
Select best dp
Best k=9
Stratifying 4-th numerical feature ...
dp[2][268]=-358.458
dp[3][268]=-8.8e+11
dp[4][268]=-1.66e+12
dp[5][268]=-2.3e+12
dp[6][268]=-2.94e+12
dp[7][268]=-3.58e+12
dp[8][268]=-3.94e+12
dp[9][268]=-4.28e+12
dp[10][268]=-4.28e+12
dp[11][268]=-4.28e+12
dp[12][268]=-4.28e+12
dp[13][268]=-4.28e+12
dp[14][268]=-4.28e+12
dp[15][268]=-3.96e+12
dp[16][268]=-3.64e+12
Select best dp
Best k=9
Stratifying 4-th numerical feature ...
dp[2][268]=-99.6475
dp[3][268]=-2.8e+11
dp[4][268]=-2.8e+11
dp[5][268]=-5.4e+11
dp[6][268]=-5.4e+11
dp[7][268]=-7.8e+11
dp[8][268]=-7.8e+11
dp[9][268]=-9.8e+11
dp[10][268]=-9.8e+11
dp[11][268]=-1.15e+12
dp[12][268]=-1.15e+12
dp[13][268]=-1.27e+12
dp[14][268]=-1.27e+12
dp[15][268]=-1.38e+12
dp[16][268]=-1.38e+12
Select best dp
Best k=15
dp[2][268]=-72.9293
dp[3][268]=-4.4e+11
dp[4][268]=-8.3e+11
dp[5][268]=-1.15e+12
dp[6][268]=-1.47e+12
dp[7][268]=-1.79e+12
dp[8][268]=-1.97e+12
dp[9][268]=-2.14e+12
dp[10][268]=-2.14e+12
dp[11][268]=-2.14e+12
dp[12][268]=-2.14e+12
dp[13][268]=-2.14e+12
dp[14][268]=-2.14e+12
dp[15][268]=-1.98e+12
dp[16][268]=-1.82e+12
Select best dp
Best k=9
Stratifying 4-th numerical feature ...
Stratifying 2-th numerical feature ...
dp[2][268]=-521.896
dp[3][268]=-4.2e+11
dp[4][268]=-4.2e+11
dp[5][268]=-4.2e+11
dp[6][268]=-4.2e+11
dp[7][268]=-4.2e+11
dp[8][268]=-4.2e+11
dp[9][268]=-4.2e+11
dp[10][268]=-4.2e+11
dp[11][268]=-4.2e+11
dp[12][268]=-4.2e+11
dp[13][268]=-4.2e+11
dp[14][268]=-4.2e+11
dp[15][268]=-4.2e+11
dp[16][268]=-4.2e+11
Select best dp
Best k=6
Stratifying 3-th numerical feature ...
dp[2][268]=-72.9293
dp[3][268]=-4.4e+11
dp[4][268]=-8.3e+11
dp[5][268]=-1.15e+12
dp[6][268]=-1.47e+12
dp[7][268]=-1.79e+12
dp[8][268]=-1.97e+12
dp[9][268]=-2.14e+12
dp[10][268]=-2.14e+12
dp[11][268]=-2.14e+12
dp[12][268]=-2.14e+12
dp[13][268]=-2.14e+12
dp[14][268]=-2.14e+12
dp[15][268]=-1.98e+12
dp[16][268]=-1.82e+12
Select best dp
Best k=9
Stratifying 4-th numerical feature ...
dp[2][268]=-25.0812
dp[3][268]=-2.5e+11
dp[4][268]=-2.5e+11
dp[5][268]=-2.5e+11
dp[6][268]=-2.5e+11
dp[7][268]=-2.5e+11
dp[8][268]=-2.5e+11
dp[9][268]=-2.5e+11
dp[10][268]=-2.5e+11
Select best dp
Best k=6
Stratifying 5-th numerical feature ...
dp[2][268]=-61.7034
dp[3][268]=-2.8e+11
dp[4][268]=-2.8e+11
dp[5][268]=-5.4e+11
dp[6][268]=-5.4e+11
dp[7][268]=-7.8e+11
dp[8][268]=-7.8e+11
dp[9][268]=-9.2e+11
dp[10][268]=-9.2e+11
dp[11][268]=-1.03e+12
dp[12][268]=-1.03e+12
dp[13][268]=-1.03e+12
dp[14][268]=-1.03e+12
dp[15][268]=-1.03e+12
dp[16][268]=-9e+11
Select best dp
Best k=11
Stratifying 2-th numerical feature ...
dp[2][268]=-25.0812
dp[3][268]=-2.5e+11
dp[4][268]=-2.5e+11
dp[5][268]=-2.5e+11
dp[6][268]=-2.5e+11
dp[7][268]=-2.5e+11
dp[8][268]=-2.5e+11
dp[9][268]=-2.5e+11
dp[10][268]=-2.5e+11
dp[11][268]=-2.5e+11
dp[12][268]=-2.5e+11
dp[13][268]=-2.5e+11
dp[14][268]=-2.5e+11
dp[15][268]=-2.5e+11
dp[16][268]=-2.5e+11
Select best dp
Best k=6
Stratifying 5-th numerical feature ...
dp[2][268]=-262.762
dp[3][268]=-5e+11
dp[4][268]=-5e+11
dp[5][268]=-5e+11
dp[6][268]=-5e+11
dp[7][268]=-5e+11
dp[8][268]=-5e+11
dp[9][268]=-5e+11
dp[10][268]=-5e+11
dp[11][268]=-5e+11
dp[12][268]=-5e+11
dp[13][268]=-5e+11
dp[14][268]=-5e+11
dp[15][268]=-5e+11
dp[16][268]=-5e+11
Select best dp
Best k=11
Stratifying 5-th numerical feature ...
dp[2][268]=212.599
dp[3][268]=318.899
dp[4][268]=425.198
dp[5][268]=531.498
dp[6][268]=637.797
dp[7][268]=744.097
dp[8][268]=850.396
dp[9][268]=956.696
dp[10][268]=1063
dp[11][268]=1169.29
dp[12][268]=1275.59
dp[13][268]=1381.89
dp[14][268]=1488.19
dp[15][268]=1594.49
dp[16][268]=1700.79
Select best dp
Best k=2
Stratifying 3-th numerical feature ...
dp[2][268]=-154.648
dp[3][268]=-2.1e+11
dp[4][268]=-2.1e+11
dp[5][268]=-2.1e+11
dp[6][268]=-2.1e+11
dp[7][268]=-2.1e+11
dp[8][268]=-2.1e+11
dp[9][268]=-2.1e+11
dp[10][268]=-2.1e+11
dp[11][268]=-2.1e+11
dp[12][268]=-2.1e+11
dp[13][268]=-2.1e+11
dp[14][268]=-2.1e+11
dp[15][268]=-2.1e+11
dp[16][268]=-1.85e+11
Select best dp
Best k=4
Stratifying 3-th numerical feature ...
dp[2][268]=-521.896
dp[3][268]=-4.2e+11
dp[4][268]=-4.2e+11
dp[5][268]=-4.2e+11
dp[6][268]=-4.2e+11
dp[7][268]=-4.2e+11
dp[8][268]=-4.2e+11
dp[9][268]=-4.2e+11
dp[10][268]=-4.2e+11
dp[11][268]=-4.2e+11
dp[12][268]=-4.2e+11
dp[13][268]=-4.2e+11
dp[14][268]=-4.2e+11
dp[15][268]=-4.2e+11
dp[16][268]=-3.7e+11
Select best dp
Best k=6
Stratifying 3-th numerical feature ...
dp[2][268]=-25.0812
dp[3][268]=-2.5e+11
dp[4][268]=-2.5e+11
dp[5][268]=-2.5e+11
dp[6][268]=-2.5e+11
dp[7][268]=-2.5e+11
dp[8][268]=-2.5e+11
dp[9][268]=-2.5e+11
dp[10][268]=-2.5e+11
dp[11][268]=-2.5e+11
dp[12][268]=-2.5e+11
dp[13][268]=-2.5e+11
dp[14][268]=-2.5e+11
dp[15][268]=-2.5e+11
dp[16][268]=-2.5e+11
Select best dp
Best k=6
Stratifying 5-th numerical feature ...
dp[2][268]=-521.896
dp[3][268]=-4.2e+11
dp[4][268]=-4.2e+11
dp[5][268]=-4.2e+11
dp[6][268]=-4.2e+11
dp[7][268]=-4.2e+11
dp[8][268]=-4.2e+11
dp[9][268]=-4.2e+11
dp[10][268]=-4.2e+11
dp[11][268]=-4.2e+11
dp[12][268]=-4.2e+11
dp[13][268]=-4.2e+11
dp[14][268]=-4.2e+11
dp[15][268]=-4.2e+11
dp[16][268]=-3.7e+11
Select best dp
Best k=6
Stratifying 3-th numerical feature ...
dp[2][268]=-521.896
dp[3][268]=-4.2e+11
dp[4][268]=-4.2e+11
dp[5][268]=-4.2e+11
dp[6][268]=-4.2e+11
dp[7][268]=-4.2e+11
dp[8][268]=-4.2e+11
dp[9][268]=-4.2e+11
dp[10][268]=-4.2e+11
dp[11][268]=-4.2e+11
dp[12][268]=-4.2e+11
dp[13][268]=-4.2e+11
dp[14][268]=-4.2e+11
dp[15][268]=-4.2e+11
dp[16][268]=-3.7e+11
Select best dp
Best k=6
Stratifying 3-th numerical feature ...
dp[2][268]=-411.038
dp[3][268]=-4.5e+11
dp[4][268]=-7.5e+11
dp[5][268]=-1.01e+12
dp[6][268]=-1.01e+12
dp[7][268]=-1.01e+12
dp[8][268]=-1.01e+12
dp[9][268]=-1.01e+12
dp[10][268]=-9.6e+11
Select best dp
Best k=8
Stratifying 6-th numerical feature ...
dp[2][268]=-25.0812
dp[3][268]=-2.5e+11
dp[4][268]=-2.5e+11
dp[5][268]=-2.5e+11
dp[6][268]=-2.5e+11
dp[7][268]=-2.5e+11
dp[8][268]=-2.5e+11
dp[9][268]=-2.5e+11
dp[10][268]=-2.5e+11
dp[11][268]=-2.5e+11
dp[12][268]=-2.5e+11
dp[13][268]=-2.5e+11
dp[14][268]=-2.5e+11
dp[15][268]=-2.5e+11
dp[16][268]=-2.5e+11
Select best dp
Best k=6
Stratifying 5-th numerical feature ...
dp[2][268]=-72.9293
dp[3][268]=-4.4e+11
dp[4][268]=-8.3e+11
dp[5][268]=-1.15e+12
dp[6][268]=-1.47e+12
dp[7][268]=-1.79e+12
dp[8][268]=-1.97e+12
dp[9][268]=-2.14e+12
dp[10][268]=-2.3e+12
dp[11][268]=-2.39e+12
dp[12][268]=-2.54e+12
dp[13][268]=-2.54e+12
dp[14][268]=-2.54e+12
dp[15][268]=-2.54e+12
dp[16][268]=-2.54e+12
Select best dp
Best k=12
Stratifying 4-th numerical feature ...
dp[2][268]=-411.038
dp[3][268]=-4.5e+11
dp[4][268]=-7.5e+11
dp[5][268]=-1.01e+12
dp[6][268]=-1.22e+12
dp[7][268]=-1.22e+12
dp[8][268]=-1.39e+12
dp[9][268]=-1.55e+12
dp[10][268]=-1.55e+12
dp[11][268]=-1.55e+12
dp[12][268]=-1.55e+12
dp[13][268]=-1.55e+12
dp[14][268]=-1.39e+12
dp[15][268]=-1.23e+12
dp[16][268]=-1.03e+12
Select best dp
Best k=10
Stratifying 6-th numerical feature ...
dp[2][268]=-1034.68
dp[3][268]=-9e+11
dp[4][268]=-1.5e+12
dp[5][268]=-2.02e+12
dp[6][268]=-2.44e+12
dp[7][268]=-2.44e+12
dp[8][268]=-2.78e+12
dp[9][268]=-3.1e+12
dp[10][268]=-3.1e+12
dp[11][268]=-3.1e+12
dp[12][268]=-3.1e+12
dp[13][268]=-3.1e+12
dp[14][268]=-2.78e+12
dp[15][268]=-2.46e+12
dp[16][268]=-2.06e+12
Select best dp
Best k=12
Stratifying 6-th numerical feature ...
dp[2][268]=-10.9293
dp[3][268]=-3.7e+11
dp[4][268]=-7.1e+11
dp[5][268]=-7.1e+11
dp[6][268]=-9.9e+11
dp[7][268]=-9.9e+11
dp[8][268]=-1.21e+12
dp[9][268]=-1.19e+12
dp[10][268]=-1.12e+12
Select best dp
Best k=8
dp[2][268]=-521.896
dp[3][268]=-4.2e+11
dp[4][268]=-4.2e+11
dp[5][268]=-4.2e+11
dp[6][268]=-4.2e+11
dp[7][268]=-4.2e+11
dp[8][268]=-4.2e+11
dp[9][268]=-4.2e+11
dp[10][268]=-4.2e+11
dp[11][268]=-4.2e+11
dp[12][268]=-4.2e+11
dp[13][268]=-4.2e+11
dp[14][268]=-4.2e+11
dp[15][268]=-4.2e+11
dp[16][268]=-4.2e+11
Select best dp
Best k=6
Stratifying 7-th numerical feature ...
Stratifying 3-th numerical feature ...
dp[2][268]=-411.038
dp[3][268]=-4.5e+11
dp[4][268]=-7.5e+11
dp[5][268]=-1.01e+12
dp[6][268]=-1.22e+12
dp[7][268]=-1.22e+12
dp[8][268]=-1.39e+12
dp[9][268]=-1.55e+12
dp[10][268]=-1.55e+12
dp[11][268]=-1.55e+12
dp[12][268]=-1.55e+12
dp[13][268]=-1.55e+12
dp[14][268]=-1.39e+12
dp[15][268]=-1.23e+12
dp[16][268]=-1.03e+12
Select best dp
Best k=10
Stratifying 6-th numerical feature ...
dp[2][268]=-411.038
dp[3][268]=-4.5e+11
dp[4][268]=-7.5e+11
dp[5][268]=-1.01e+12
dp[6][268]=-1.22e+12
dp[7][268]=-1.22e+12
dp[8][268]=-1.39e+12
dp[9][268]=-1.55e+12
dp[10][268]=-1.55e+12
dp[11][268]=-1.55e+12
dp[12][268]=-1.55e+12
dp[13][268]=-1.55e+12
dp[14][268]=-1.39e+12
dp[15][268]=-1.23e+12
dp[16][268]=-1.03e+12
Select best dp
Best k=10
Stratifying 6-th numerical feature ...
dp[2][268]=-211.054
dp[3][268]=-328.181
dp[4][268]=-373.888
dp[5][268]=-411.854
dp[6][268]=-426.523
dp[7][268]=-402.973
dp[8][268]=-376.232
dp[9][268]=-332.526
dp[10][268]=-251.675
Select best dp
Best k=6
dp[2][268]=-521.896
dp[3][268]=-4.2e+11
dp[4][268]=-4.2e+11
dp[5][268]=-4.2e+11
dp[6][268]=-4.2e+11
dp[7][268]=-4.2e+11
dp[8][268]=-4.2e+11
dp[9][268]=-4.2e+11
dp[10][268]=-4.2e+11
dp[11][268]=-4.2e+11
dp[12][268]=-4.2e+11
dp[13][268]=-4.2e+11
dp[14][268]=-4.2e+11
dp[15][268]=-4.2e+11
dp[16][268]=-4.2e+11
Select best dp
Best k=6
Stratifying 3-th numerical feature ...
dp[2][268]=-10.9293
dp[3][268]=-3.7e+11
dp[4][268]=-7.1e+11
dp[5][268]=-9.2e+11
dp[6][268]=-1.17e+12
dp[7][268]=-1.4e+12
dp[8][268]=-1.58e+12
dp[9][268]=-1.86e+12
dp[10][268]=-1.86e+12
dp[11][268]=-1.86e+12
dp[12][268]=-1.86e+12
dp[13][268]=-1.86e+12
dp[14][268]=-1.84e+12
dp[15][268]=-1.73e+12
dp[16][268]=-1.41e+12
Select best dp
Best k=9
Stratifying 7-th numerical feature ...
dp[2][268]=-234.458
dp[3][268]=-7.4e+11
dp[4][268]=-1.42e+12
dp[5][268]=-1.84e+12
dp[6][268]=-2.34e+12
dp[7][268]=-2.8e+12
dp[8][268]=-3.16e+12
dp[9][268]=-3.72e+12
dp[10][268]=-3.72e+12
dp[11][268]=-3.72e+12
dp[12][268]=-3.72e+12
dp[13][268]=-3.72e+12
dp[14][268]=-3.68e+12
dp[15][268]=-3.46e+12
dp[16][268]=-2.82e+12
Select best dp
Best k=11
Stratifying 7-th numerical feature ...
dp[2][268]=212.599
dp[3][268]=318.899
dp[4][268]=425.198
dp[5][268]=531.498
dp[6][268]=637.797
dp[7][268]=744.097
dp[8][268]=850.396
dp[9][268]=956.696
dp[10][268]=1063
dp[11][268]=1169.29
dp[12][268]=1275.59
dp[13][268]=1381.89
dp[14][268]=1488.19
dp[15][268]=1594.49
dp[16][268]=1700.79
Select best dp
Best k=2
Stratifying 4-th numerical feature ...
dp[2][268]=69.8349
dp[3][268]=-2.2e+11
dp[4][268]=-4.15e+11
dp[5][268]=-5.75e+11
dp[6][268]=-7.35e+11
dp[7][268]=-8.95e+11
dp[8][268]=-9.85e+11
dp[9][268]=-1.07e+12
dp[10][268]=-1.07e+12
dp[11][268]=-1.07e+12
dp[12][268]=-1.07e+12
dp[13][268]=-1.07e+12
dp[14][268]=-1.07e+12
dp[15][268]=-9.9e+11
dp[16][268]=-9.1e+11
Select best dp
Best k=9
Stratifying 4-th numerical feature ...
dp[2][268]=-72.9293
dp[3][268]=-4.4e+11
dp[4][268]=-8.3e+11
dp[5][268]=-1.15e+12
dp[6][268]=-1.47e+12
dp[7][268]=-1.79e+12
dp[8][268]=-1.97e+12
dp[9][268]=-2.14e+12
dp[10][268]=-2.14e+12
dp[11][268]=-2.14e+12
dp[12][268]=-2.14e+12
dp[13][268]=-2.14e+12
dp[14][268]=-2.14e+12
dp[15][268]=-1.98e+12
dp[16][268]=-1.82e+12
Select best dp
Best k=9
Stratifying 4-th numerical feature ...
dp[2][268]=-10.9293
dp[3][268]=-3.7e+11
dp[4][268]=-7.1e+11
dp[5][268]=-9.2e+11
dp[6][268]=-1.17e+12
dp[7][268]=-1.4e+12
dp[8][268]=-1.58e+12
dp[9][268]=-1.86e+12
dp[10][268]=-1.86e+12
dp[11][268]=-1.86e+12
dp[12][268]=-1.86e+12
dp[13][268]=-1.86e+12
dp[14][268]=-1.84e+12
dp[15][268]=-1.73e+12
dp[16][268]=-1.41e+12
Select best dp
Best k=9
Stratifying 7-th numerical feature ...
dp[2][268]=-25.0812
dp[3][268]=-2.5e+11
dp[4][268]=-2.5e+11
dp[5][268]=-2.5e+11
dp[6][268]=-2.5e+11
dp[7][268]=-2.5e+11
dp[8][268]=-2.5e+11
dp[9][268]=-2.5e+11
dp[10][268]=-2.5e+11
dp[11][268]=-2.5e+11
dp[12][268]=-2.5e+11
dp[13][268]=-2.5e+11
dp[14][268]=-2.5e+11
dp[15][268]=-2.5e+11
dp[16][268]=-2.5e+11
Select best dp
Best k=6
Stratifying 5-th numerical feature ...
dp[2][268]=-72.9293
dp[3][268]=-4.4e+11
dp[4][268]=-8.3e+11
dp[5][268]=-1.15e+12
dp[6][268]=-1.47e+12
dp[7][268]=-1.79e+12
dp[8][268]=-1.97e+12
dp[9][268]=-2.14e+12
dp[10][268]=-2.14e+12
dp[11][268]=-2.14e+12
dp[12][268]=-2.14e+12
dp[13][268]=-2.14e+12
dp[14][268]=-2.14e+12
dp[15][268]=-1.98e+12
dp[16][268]=-1.82e+12
Select best dp
Best k=9
Stratifying 4-th numerical feature ...
dp[2][268]=-72.9293
dp[3][268]=-4.4e+11
dp[4][268]=-8.3e+11
dp[5][268]=-1.15e+12
dp[6][268]=-1.47e+12
dp[7][268]=-1.79e+12
dp[8][268]=-1.97e+12
dp[9][268]=-2.14e+12
dp[10][268]=-2.14e+12
dp[11][268]=-2.14e+12
dp[12][268]=-2.14e+12
dp[13][268]=-2.14e+12
dp[14][268]=-2.14e+12
dp[15][268]=-1.98e+12
dp[16][268]=-1.82e+12
Select best dp
Best k=9
Stratifying 4-th numerical feature ...
dp[2][268]=-10.9293
dp[3][268]=-3.7e+11
dp[4][268]=-7.1e+11
dp[5][268]=-9.2e+11
dp[6][268]=-1.17e+12
dp[7][268]=-1.4e+12
dp[8][268]=-1.58e+12
dp[9][268]=-1.86e+12
dp[10][268]=-1.86e+12
dp[11][268]=-1.86e+12
dp[12][268]=-1.86e+12
dp[13][268]=-1.86e+12
dp[14][268]=-1.84e+12
dp[15][268]=-1.73e+12
dp[16][268]=-1.41e+12
Select best dp
Best k=9
Stratifying 7-th numerical feature ...
dp[2][268]=-211.054
dp[3][268]=-328.181
dp[4][268]=-373.888
dp[5][268]=-411.854
dp[6][268]=-426.523
dp[7][268]=-402.973
dp[8][268]=-378.667
dp[9][268]=-348.967
dp[10][268]=-300.435
dp[11][268]=-250.232
dp[12][268]=-186.722
dp[13][268]=-117.943
dp[14][268]=-48.7412
dp[15][268]=23.8798
dp[16][268]=108.573
Select best dp
Best k=6
dp[2][268]=-634.707
dp[3][268]=-975.261
dp[4][268]=-1172.97
dp[5][268]=-1355.21
dp[6][268]=-1490.84
dp[7][268]=-1550.04
dp[8][268]=-1607.73
dp[9][268]=-1654.63
dp[10][268]=-1663.87
dp[11][268]=-1669.76
dp[12][268]=-1649.04
dp[13][268]=-1617.78
dp[14][268]=-1585.68
dp[15][268]=-1546.73
dp[16][268]=-1483.65
Select best dp
Best k=11
dp[2][268]=-211.054
dp[3][268]=-328.181
dp[4][268]=-373.888
dp[5][268]=-411.854
dp[6][268]=-426.523
dp[7][268]=-402.973
dp[8][268]=-378.667
dp[9][268]=-348.967
dp[10][268]=-300.435
dp[11][268]=-250.232
dp[12][268]=-186.722
dp[13][268]=-117.943
dp[14][268]=-48.7412
dp[15][268]=23.8798
dp[16][268]=108.573
Select best dp
Best k=6
dp[2][268]=-211.054
dp[3][268]=-328.181
dp[4][268]=-373.888
dp[5][268]=-411.854
dp[6][268]=-426.523
dp[7][268]=-402.973
dp[8][268]=-378.667
dp[9][268]=-348.967
dp[10][268]=-300.435
dp[11][268]=-250.232
dp[12][268]=-186.722
dp[13][268]=-117.943
dp[14][268]=-48.7412
dp[15][268]=23.8798
dp[16][268]=108.573
Select best dp
Best k=6
dp[2][268]=-72.9293
dp[3][268]=-4.4e+11
dp[4][268]=-8.3e+11
dp[5][268]=-1.15e+12
dp[6][268]=-1.47e+12
dp[7][268]=-1.79e+12
dp[8][268]=-1.97e+12
dp[9][268]=-2.14e+12
dp[10][268]=-2.25e+12
dp[11][268]=-2.29e+12
dp[12][268]=-2.39e+12
dp[13][268]=-2.39e+12
dp[14][268]=-2.39e+12
dp[15][268]=-2.39e+12
dp[16][268]=-2.39e+12
Select best dp
Best k=12
Stratifying 4-th numerical feature ...
dp[2][268]=-411.038
dp[3][268]=-4.5e+11
dp[4][268]=-7.5e+11
dp[5][268]=-1.01e+12
dp[6][268]=-1.22e+12
dp[7][268]=-1.34e+12
dp[8][268]=-1.55e+12
dp[9][268]=-1.71e+12
dp[10][268]=-1.79e+12
dp[11][268]=-1.84e+12
dp[12][268]=-1.91e+12
dp[13][268]=-1.99e+12
dp[14][268]=-2.02e+12
dp[15][268]=-2.11e+12
dp[16][268]=-2.11e+12
Select best dp
Best k=16
Stratifying 6-th numerical feature ...
dp[2][268]=-464.016
dp[3][268]=-4.2e+11
dp[4][268]=-4.2e+11
dp[5][268]=-4.2e+11
dp[6][268]=-4.2e+11
dp[7][268]=-4.2e+11
dp[8][268]=-4.2e+11
dp[9][268]=-4.2e+11
dp[10][268]=-4.2e+11
dp[11][268]=-4.2e+11
dp[12][268]=-4.2e+11
dp[13][268]=-4.2e+11
dp[14][268]=-4.2e+11
dp[15][268]=-4.2e+11
dp[16][268]=-3.7e+11
Select best dp
Best k=7
Stratifying 3-th numerical feature ...
dp[2][268]=212.599
dp[3][268]=318.899
dp[4][268]=425.198
dp[5][268]=531.498
dp[6][268]=637.797
dp[7][268]=744.097
dp[8][268]=850.396
dp[9][268]=956.696
dp[10][268]=1063
dp[11][268]=1169.29
dp[12][268]=1275.59
dp[13][268]=1381.89
dp[14][268]=1488.19
dp[15][268]=1594.49
dp[16][268]=1700.79
Select best dp
Best k=2
Stratifying 5-th numerical feature ...
dp[2][268]=93.7589
dp[3][268]=-1.25e+11
dp[4][268]=-1.25e+11
dp[5][268]=-1.25e+11
dp[6][268]=-1.25e+11
dp[7][268]=-1.25e+11
dp[8][268]=-1.25e+11
dp[9][268]=-1.25e+11
dp[10][268]=-1.25e+11
dp[11][268]=-1.25e+11
dp[12][268]=-1.25e+11
dp[13][268]=-1.25e+11
dp[14][268]=-1.25e+11
dp[15][268]=-1.25e+11
dp[16][268]=-1.25e+11
Select best dp
Best k=3
Stratifying 5-th numerical feature ...
dp[2][268]=-25.0812
dp[3][268]=-2.5e+11
dp[4][268]=-2.5e+11
dp[5][268]=-2.5e+11
dp[6][268]=-2.5e+11
dp[7][268]=-2.5e+11
dp[8][268]=-2.5e+11
dp[9][268]=-2.5e+11
dp[10][268]=-2.5e+11
dp[11][268]=-2.5e+11
dp[12][268]=-2.5e+11
dp[13][268]=-2.5e+11
dp[14][268]=-2.5e+11
dp[15][268]=-2.5e+11
dp[16][268]=-2.5e+11
Select best dp
Best k=6
Stratifying 5-th numerical feature ...
dp[2][268]=-25.0812
dp[3][268]=-2.5e+11
dp[4][268]=-2.5e+11
dp[5][268]=-2.5e+11
dp[6][268]=-2.5e+11
dp[7][268]=-2.5e+11
dp[8][268]=-2.5e+11
dp[9][268]=-2.5e+11
dp[10][268]=-2.5e+11
dp[11][268]=-2.5e+11
dp[12][268]=-2.5e+11
dp[13][268]=-2.5e+11
dp[14][268]=-2.5e+11
dp[15][268]=-2.5e+11
dp[16][268]=-2.5e+11
Select best dp
Best k=6
Stratifying 5-th numerical feature ...
dp[2][268]=-25.0812
dp[3][268]=-2.5e+11
dp[4][268]=-2.5e+11
dp[5][268]=-2.5e+11
dp[6][268]=-2.5e+11
dp[7][268]=-2.5e+11
dp[8][268]=-2.5e+11
dp[9][268]=-2.5e+11
dp[10][268]=-2.5e+11
dp[11][268]=-2.5e+11
dp[12][268]=-2.5e+11
dp[13][268]=-2.5e+11
dp[14][268]=-2.5e+11
dp[15][268]=-2.5e+11
dp[16][268]=-2.5e+11
Select best dp
Best k=6
Stratifying 5-th numerical feature ...
dp[2][268]=-72.9293
dp[3][268]=-4.4e+11
dp[4][268]=-8.3e+11
dp[5][268]=-1.15e+12
dp[6][268]=-1.47e+12
dp[7][268]=-1.79e+12
dp[8][268]=-1.97e+12
dp[9][268]=-2.14e+12
dp[10][268]=-2.27e+12
dp[11][268]=-2.33e+12
dp[12][268]=-2.45e+12
dp[13][268]=-2.45e+12
dp[14][268]=-2.45e+12
dp[15][268]=-2.45e+12
dp[16][268]=-2.45e+12
Select best dp
Best k=12
Stratifying 4-th numerical feature ...
dp[2][268]=212.599
dp[3][268]=318.899
dp[4][268]=425.198
dp[5][268]=531.498
dp[6][268]=637.797
dp[7][268]=744.097
dp[8][268]=850.396
dp[9][268]=956.696
dp[10][268]=1063
dp[11][268]=1169.29
dp[12][268]=1275.59
dp[13][268]=1381.89
dp[14][268]=1488.19
dp[15][268]=1594.49
dp[16][268]=1700.79
Select best dp
Best k=2
Stratifying 6-th numerical feature ...
dp[2][268]=-10.9293
dp[3][268]=-3.7e+11
dp[4][268]=-7.1e+11
dp[5][268]=-9.2e+11
dp[6][268]=-1.17e+12
dp[7][268]=-1.4e+12
dp[8][268]=-1.58e+12
dp[9][268]=-1.86e+12
dp[10][268]=-1.97e+12
dp[11][268]=-2.08e+12
dp[12][268]=-2.19e+12
dp[13][268]=-2.29e+12
dp[14][268]=-2.29e+12
dp[15][268]=-2.37e+12
dp[16][268]=-2.37e+12
Select best dp
Best k=15
Stratifying 7-th numerical feature ...
dp[2][268]=-411.038
dp[3][268]=-4.5e+11
dp[4][268]=-7.5e+11
dp[5][268]=-1.01e+12
dp[6][268]=-1.22e+12
dp[7][268]=-1.22e+12
dp[8][268]=-1.39e+12
dp[9][268]=-1.55e+12
dp[10][268]=-1.55e+12
dp[11][268]=-1.55e+12
dp[12][268]=-1.55e+12
dp[13][268]=-1.55e+12
dp[14][268]=-1.39e+12
dp[15][268]=-1.23e+12
dp[16][268]=-1.03e+12
Select best dp
Best k=10
Stratifying 6-th numerical feature ...
dp[2][268]=-411.038
dp[3][268]=-4.5e+11
dp[4][268]=-7.5e+11
dp[5][268]=-1.01e+12
dp[6][268]=-1.22e+12
dp[7][268]=-1.22e+12
dp[8][268]=-1.39e+12
dp[9][268]=-1.55e+12
dp[10][268]=-1.55e+12
dp[11][268]=-1.55e+12
dp[12][268]=-1.55e+12
dp[13][268]=-1.55e+12
dp[14][268]=-1.39e+12
dp[15][268]=-1.23e+12
dp[16][268]=-1.03e+12
Select best dp
Best k=10
Stratifying 6-th numerical feature ...
dp[2][268]=-33.8197
dp[3][268]=-4.4e+11
dp[4][268]=-8.3e+11
dp[5][268]=-1.15e+12
dp[6][268]=-1.47e+12
dp[7][268]=-1.79e+12
dp[8][268]=-1.97e+12
dp[9][268]=-2.14e+12
dp[10][268]=-2.14e+12
dp[11][268]=-2.14e+12
dp[12][268]=-2.14e+12
dp[13][268]=-2.14e+12
dp[14][268]=-2.14e+12
dp[15][268]=-1.98e+12
dp[16][268]=-1.82e+12
Select best dp
Best k=9
Stratifying 4-th numerical feature ...
dp[2][268]=212.599
dp[3][268]=318.899
dp[4][268]=425.198
dp[5][268]=531.498
dp[6][268]=637.797
dp[7][268]=744.097
dp[8][268]=850.396
dp[9][268]=956.696
dp[10][268]=1063
dp[11][268]=1169.29
dp[12][268]=1275.59
dp[13][268]=1381.89
dp[14][268]=1488.19
dp[15][268]=1594.49
dp[16][268]=1700.79
Select best dp
Best k=2
Stratifying 7-th numerical feature ...
dp[2][268]=-99.2196
dp[3][268]=-2.25e+11
dp[4][268]=-3.75e+11
dp[5][268]=-5.05e+11
dp[6][268]=-6.1e+11
dp[7][268]=-6.1e+11
dp[8][268]=-6.95e+11
dp[9][268]=-7.75e+11
dp[10][268]=-7.75e+11
dp[11][268]=-7.75e+11
dp[12][268]=-7.75e+11
dp[13][268]=-7.75e+11
dp[14][268]=-6.95e+11
dp[15][268]=-6.15e+11
dp[16][268]=-5.15e+11
Select best dp
Best k=9
Stratifying 6-th numerical feature ...
dp[2][268]=-411.038
dp[3][268]=-4.5e+11
dp[4][268]=-7.5e+11
dp[5][268]=-1.01e+12
dp[6][268]=-1.22e+12
dp[7][268]=-1.22e+12
dp[8][268]=-1.39e+12
dp[9][268]=-1.55e+12
dp[10][268]=-1.55e+12
dp[11][268]=-1.55e+12
dp[12][268]=-1.55e+12
dp[13][268]=-1.55e+12
dp[14][268]=-1.39e+12
dp[15][268]=-1.23e+12
dp[16][268]=-1.03e+12
Select best dp
Best k=10
Stratifying 6-th numerical feature ...
dp[2][268]=-25.0812
dp[3][268]=-2.5e+11
dp[4][268]=-2.5e+11
dp[5][268]=-2.5e+11
dp[6][268]=-2.5e+11
dp[7][268]=-2.5e+11
dp[8][268]=-2.5e+11
dp[9][268]=-2.5e+11
dp[10][268]=-2.5e+11
dp[11][268]=-2.5e+11
dp[12][268]=-2.5e+11
dp[13][268]=-2.5e+11
dp[14][268]=-2.5e+11
dp[15][268]=-2.5e+11
dp[16][268]=-2.5e+11
Select best dp
Best k=6
Stratifying 5-th numerical feature ...
dp[2][268]=-10.9293
dp[3][268]=-3.7e+11
dp[4][268]=-7.1e+11
dp[5][268]=-9.2e+11
dp[6][268]=-1.17e+12
dp[7][268]=-1.4e+12
dp[8][268]=-1.58e+12
dp[9][268]=-1.86e+12
dp[10][268]=-1.86e+12
dp[11][268]=-1.86e+12
dp[12][268]=-1.86e+12
dp[13][268]=-1.86e+12
dp[14][268]=-1.84e+12
dp[15][268]=-1.73e+12
dp[16][268]=-1.41e+12
Select best dp
Best k=9
Stratifying 7-th numerical feature ...
dp[2][268]=-211.054
dp[3][268]=-7e+10
dp[4][268]=-1.3e+11
dp[5][268]=-1.3e+11
dp[6][268]=-1.9e+11
dp[7][268]=-1.9e+11
dp[8][268]=-2.4e+11
dp[9][268]=-2.4e+11
dp[10][268]=-2.9e+11
dp[11][268]=-2.9e+11
dp[12][268]=-3.4e+11
dp[13][268]=-3.4e+11
dp[14][268]=-3.9e+11
dp[15][268]=-3.9e+11
dp[16][268]=-4.4e+11
Select best dp
Best k=16
dp[2][268]=-10.9293
dp[3][268]=-3.7e+11
dp[4][268]=-7.1e+11
dp[5][268]=-9.2e+11
dp[6][268]=-1.17e+12
dp[7][268]=-1.4e+12
dp[8][268]=-1.58e+12
dp[9][268]=-1.86e+12
dp[10][268]=-1.86e+12
dp[11][268]=-1.86e+12
dp[12][268]=-1.86e+12
dp[13][268]=-1.86e+12
dp[14][268]=-1.84e+12
dp[15][268]=-1.73e+12
dp[16][268]=-1.41e+12
Select best dp
Best k=9
Stratifying 7-th numerical feature ...
dp[2][268]=212.599
dp[3][268]=318.899
dp[4][268]=425.198
dp[5][268]=531.498
dp[6][268]=637.797
dp[7][268]=744.097
dp[8][268]=850.396
dp[9][268]=956.696
dp[10][268]=1063
dp[11][268]=1169.29
dp[12][268]=1275.59
dp[13][268]=1381.89
dp[14][268]=1488.19
dp[15][268]=1594.49
dp[16][268]=1700.79
Select best dp
Best k=2
dp[2][268]=-25.0812
dp[3][268]=-2.5e+11
dp[4][268]=-2.5e+11
dp[5][268]=-2.5e+11
dp[6][268]=-2.5e+11
dp[7][268]=-2.5e+11
dp[8][268]=-2.5e+11
dp[9][268]=-2.5e+11
dp[10][268]=-2.5e+11
dp[11][268]=-2.5e+11
dp[12][268]=-2.5e+11
dp[13][268]=-2.5e+11
dp[14][268]=-2.5e+11
dp[15][268]=-2.5e+11
dp[16][268]=-2.5e+11
Select best dp
Best k=6
Stratifying 5-th numerical feature ...
dp[2][268]=-211.054
dp[3][268]=-328.181
dp[4][268]=-373.888
dp[5][268]=-411.854
dp[6][268]=-426.523
dp[7][268]=-402.973
dp[8][268]=-378.667
dp[9][268]=-348.967
dp[10][268]=-300.435
dp[11][268]=-250.232
dp[12][268]=-186.722
dp[13][268]=-117.943
dp[14][268]=-48.7412
dp[15][268]=23.8798
dp[16][268]=108.573
Select best dp
Best k=6
dp[2][268]=-211.054
dp[3][268]=-328.181
dp[4][268]=-373.888
dp[5][268]=-411.854
dp[6][268]=-426.523
dp[7][268]=-402.973
dp[8][268]=-378.667
dp[9][268]=-348.967
dp[10][268]=-300.435
dp[11][268]=-250.232
dp[12][268]=-186.722
dp[13][268]=-117.943
dp[14][268]=-48.7412
dp[15][268]=23.8798
dp[16][268]=108.573
Select best dp
Best k=6
dp[2][268]=100.835
dp[3][268]=-1.85e+11
dp[4][268]=-3.55e+11
dp[5][268]=-4.6e+11
dp[6][268]=-5.85e+11
dp[7][268]=-7e+11
dp[8][268]=-7.9e+11
dp[9][268]=-9.3e+11
dp[10][268]=-9.3e+11
dp[11][268]=-9.3e+11
dp[12][268]=-9.3e+11
dp[13][268]=-9.3e+11
dp[14][268]=-9.2e+11
dp[15][268]=-8.65e+11
dp[16][268]=-7.05e+11
Select best dp
Best k=9
Stratifying 7-th numerical feature ...
dp[2][268]=-10.9293
dp[3][268]=-3.7e+11
dp[4][268]=-7.1e+11
dp[5][268]=-9.2e+11
dp[6][268]=-1.17e+12
dp[7][268]=-1.4e+12
dp[8][268]=-1.58e+12
dp[9][268]=-1.86e+12
dp[10][268]=-1.86e+12
dp[11][268]=-1.86e+12
dp[12][268]=-1.86e+12
dp[13][268]=-1.86e+12
dp[14][268]=-1.84e+12
dp[15][268]=-1.73e+12
dp[16][268]=-1.41e+12
Select best dp
Best k=9
Stratifying 7-th numerical feature ...
dp[2][268]=21.9298
dp[3][268]=-2.5e+11
dp[4][268]=-2.5e+11
dp[5][268]=-2.5e+11
dp[6][268]=-2.5e+11
dp[7][268]=-2.5e+11
dp[8][268]=-2.5e+11
dp[9][268]=-2.5e+11
dp[10][268]=-2.5e+11
dp[11][268]=-2.5e+11
dp[12][268]=-2.5e+11
dp[13][268]=-2.5e+11
dp[14][268]=-2.5e+11
dp[15][268]=-2.5e+11
dp[16][268]=-2.5e+11
Select best dp
Best k=6
dp[2][268]=-411.038
dp[3][268]=-4.5e+11
dp[4][268]=-7.5e+11
dp[5][268]=-1.01e+12
dp[6][268]=-1.22e+12
dp[7][268]=-1.34e+12
dp[8][268]=-1.55e+12
dp[9][268]=-1.71e+12
dp[10][268]=-1.71e+12
dp[11][268]=-1.73e+12
dp[12][268]=-1.73e+12
dp[13][268]=-1.73e+12
dp[14][268]=-1.73e+12
dp[15][268]=-1.73e+12
Stratifying 5-th numerical feature ...
dp[16][268]=-1.73e+12
Select best dp
Best k=12
Stratifying 6-th numerical feature ...
dp[2][268]=0.772487
dp[3][268]=-4.64145
dp[4][268]=25.655
dp[5][268]=59.8216
dp[6][268]=105.637
dp[7][268]=170.562
dp[8][268]=235.865
dp[9][268]=303.864
dp[10][268]=381.28
dp[11][268]=459.531
dp[12][268]=544.436
dp[13][268]=631.975
dp[14][268]=719.726
dp[15][268]=809.186
dp[16][268]=904.682
Select best dp
Best k=3
dp[2][268]=-211.054
dp[3][268]=-328.181
dp[4][268]=-373.888
dp[5][268]=-411.854
dp[6][268]=-426.523
dp[7][268]=-402.973
dp[8][268]=-378.667
dp[9][268]=-348.967
dp[10][268]=-300.435
dp[11][268]=-250.232
dp[12][268]=-186.722
dp[13][268]=-117.943
dp[14][268]=-48.7412
dp[15][268]=23.8798
dp[16][268]=108.573
Select best dp
Best k=6
dp[2][268]=-10.9293
dp[3][268]=-3.7e+11
dp[4][268]=-7.1e+11
dp[5][268]=-9.2e+11
dp[6][268]=-1.17e+12
dp[7][268]=-1.4e+12
dp[8][268]=-1.58e+12
dp[9][268]=-1.86e+12
dp[10][268]=-1.97e+12
dp[11][268]=-2.07e+12
dp[12][268]=-2.09e+12
dp[13][268]=-2.19e+12
dp[14][268]=-2.19e+12
dp[15][268]=-2.19e+12
dp[16][268]=-2.19e+12
Select best dp
Best k=13
Stratifying 7-th numerical feature ...
dp[2][268]=-411.038
dp[3][268]=-4.5e+11
dp[4][268]=-7.5e+11
dp[5][268]=-1.01e+12
dp[6][268]=-1.22e+12
dp[7][268]=-1.34e+12
dp[8][268]=-1.55e+12
dp[9][268]=-1.71e+12
dp[10][268]=-1.79e+12
dp[11][268]=-1.8e+12
dp[12][268]=-1.88e+12
dp[13][268]=-1.88e+12
dp[14][268]=-1.94e+12
dp[15][268]=-1.94e+12
dp[16][268]=-1.94e+12
Select best dp
Best k=15
Stratifying 6-th numerical feature ...
dp[2][268]=-372.085
dp[3][268]=-4.5e+11
dp[4][268]=-7.5e+11
dp[5][268]=-1.01e+12
dp[6][268]=-1.22e+12
dp[7][268]=-1.22e+12
dp[8][268]=-1.39e+12
dp[9][268]=-1.55e+12
dp[10][268]=-1.55e+12
dp[11][268]=-1.55e+12
dp[12][268]=-1.55e+12
dp[13][268]=-1.55e+12
dp[14][268]=-1.39e+12
dp[15][268]=-1.23e+12
dp[16][268]=-1.03e+12
Select best dp
Best k=10
Stratifying 6-th numerical feature ...
dp[2][268]=-211.054
dp[3][268]=-328.181
dp[4][268]=-373.888
dp[5][268]=-411.854
dp[6][268]=-426.523
dp[7][268]=-403.222
dp[8][268]=-379.672
dp[9][268]=-349.973
dp[10][268]=-308.263
dp[11][268]=-262.859
dp[12][268]=-215.57
dp[13][268]=-165.67
dp[14][268]=-108.215
dp[15][268]=-48.3909
dp[16][268]=18.7831
Select best dp
Best k=6
dp[2][268]=-10.9293
dp[3][268]=-3.7e+11
dp[4][268]=-7.1e+11
dp[5][268]=-9.2e+11
dp[6][268]=-1.17e+12
dp[7][268]=-1.4e+12
dp[8][268]=-1.58e+12
dp[9][268]=-1.86e+12
dp[10][268]=-1.97e+12
dp[11][268]=-2.08e+12
dp[12][268]=-2.19e+12
dp[13][268]=-2.29e+12
dp[14][268]=-2.29e+12
dp[15][268]=-2.34e+12
dp[16][268]=-2.34e+12
Select best dp
Best k=15
Stratifying 7-th numerical feature ...
dp[2][268]=-211.054
dp[3][268]=-328.181
dp[4][268]=-373.888
dp[5][268]=-411.854
dp[6][268]=-426.523
dp[7][268]=-403.222
dp[8][268]=-379.672
dp[9][268]=-349.973
dp[10][268]=-308.263
dp[11][268]=-262.859
dp[12][268]=-215.57
dp[13][268]=-165.67
dp[14][268]=-109.302
dp[15][268]=-49.4777
dp[16][268]=13.7873
Select best dp
Best k=6
dp[2][268]=14.3863
dp[3][268]=-3.7e+11
dp[4][268]=-7.1e+11
dp[5][268]=-9.2e+11
dp[6][268]=-1.17e+12
dp[7][268]=-1.4e+12
dp[8][268]=-1.58e+12
dp[9][268]=-1.86e+12
dp[10][268]=-1.86e+12
dp[11][268]=-1.86e+12
dp[12][268]=-1.86e+12
dp[13][268]=-1.86e+12
dp[14][268]=-1.84e+12
dp[15][268]=-1.73e+12
dp[16][268]=-1.41e+12
Select best dp
Best k=9
Stratifying 7-th numerical feature ...
dp[2][268]=-165.205
dp[3][268]=-294.366
dp[4][268]=-348.751
dp[5][268]=-391.894
dp[6][268]=-408.905
dp[7][268]=-389.562
dp[8][268]=-368.707
dp[9][268]=-343.463
dp[10][268]=-301.777
dp[11][268]=-255.239
dp[12][268]=-198.845
dp[13][268]=-134.536
dp[14][268]=-70.2206
dp[15][268]=1.12657
dp[16][268]=81.5063
Select best dp
Best k=6
