Standardize ...
Stratifying 1-th numerical feature ...
Standardize ...
Stratifying 1-th numerical feature ...
Standardize ...
Stratifying 1-th numerical feature ...
Standardize ...
Stratifying 1-th numerical feature ...
Standardize ...
Stratifying 1-th numerical feature ...
Standardize ...
Stratifying 1-th numerical feature ...
Standardize ...
Stratifying 1-th numerical feature ...
Standardize ...
Stratifying 1-th numerical feature ...
Standardize ...
Stratifying 1-th numerical feature ...
Standardize ...
Stratifying 1-th numerical feature ...
Standardize ...
Stratifying 1-th numerical feature ...
Standardize ...
Stratifying 1-th numerical feature ...
Standardize ...
Stratifying 1-th numerical feature ...
Standardize ...
Stratifying 1-th numerical feature ...
dp[2][188]=-172.698
dp[3][188]=-325.333
dp[4][188]=-375.579
dp[5][188]=-375.611
dp[6][188]=-341.244
dp[7][188]=-284.936
dp[8][188]=-206.583
dp[9][188]=-118.58
dp[10][188]=-29.0381
dp[11][188]=86.3061
dp[12][188]=205.906
dp[13][188]=346.902
Select best dp
Best k=5
dp[2][188]=97.1121
dp[3][188]=112.525
dp[4][188]=179.133
dp[5][188]=270.847
dp[6][188]=379.761
dp[7][188]=502.963
dp[8][188]=650.189
dp[9][188]=798.141
Select best dp
Best k=2
Stratifying 2-th numerical feature ...
Stratifying 2-th numerical feature ...
dp[2][188]=97.1121
dp[3][188]=112.525
dp[4][188]=179.133
dp[5][188]=270.847
dp[6][188]=379.761
dp[7][188]=499.646
dp[8][188]=630.553
dp[9][188]=766.285
dp[10][188]=902.787
dp[11][188]=1052.19
dp[12][188]=1203.72
dp[13][188]=1365.95
Select best dp
Best k=2
Stratifying 2-th numerical feature ...
dp[2][188]=97.1121
dp[3][188]=112.525
dp[4][188]=179.133
dp[5][188]=270.847
dp[6][188]=379.761
dp[7][188]=499.646
dp[8][188]=630.553
dp[9][188]=761.748
dp[10][188]=898.249
dp[11][188]=1035.51
dp[12][188]=1182.88
dp[13][188]=1332.05
Select best dp
Best k=2
Stratifying 2-th numerical feature ...
dp[2][188]=97.1121
dp[3][188]=112.525
dp[4][188]=179.133
dp[5][188]=270.847
dp[6][188]=379.761
dp[7][188]=499.646
dp[8][188]=630.553
dp[9][188]=761.748
dp[10][188]=898.249
dp[11][188]=1035.51
dp[12][188]=1182.29
dp[13][188]=1331.46
Select best dp
Best k=2
Stratifying 2-th numerical feature ...
dp[2][188]=144.13
dp[3][188]=156.515
dp[4][188]=221.397
dp[5][188]=325.828
dp[6][188]=440.017
dp[7][188]=561.018
dp[8][188]=686.052
dp[9][188]=840.365
Select best dp
Best k=2
Stratifying 3-th numerical feature ...
dp[2][188]=97.1121
dp[3][188]=112.525
dp[4][188]=179.133
dp[5][188]=270.847
dp[6][188]=379.761
dp[7][188]=499.646
dp[8][188]=630.553
dp[9][188]=766.285
dp[10][188]=902.787
dp[11][188]=1052.19
dp[12][188]=1203.72
dp[13][188]=1365.95
Select best dp
Best k=2
Stratifying 2-th numerical feature ...
dp[2][188]=-78.6622
dp[3][188]=-237.353
dp[4][188]=-291.051
dp[5][188]=-265.651
dp[6][188]=-232.578
dp[7][188]=-178.629
dp[8][188]=-113.544
dp[9][188]=-21.7289
dp[10][188]=72.3008
dp[11][188]=170.682
dp[12][188]=309.751
dp[13][188]=459.974
Select best dp
Best k=4
Stratifying 3-th numerical feature ...
dp[2][188]=144.13
dp[3][188]=156.515
dp[4][188]=221.397
dp[5][188]=325.828
dp[6][188]=434.095
dp[7][188]=552.799
dp[8][188]=677.073
dp[9][188]=814.711
dp[10][188]=953.456
dp[11][188]=1094.38
dp[12][188]=1255.64
dp[13][188]=1422.48
Select best dp
Best k=2
Stratifying 3-th numerical feature ...
dp[2][188]=97.1121
dp[3][188]=112.525
dp[4][188]=179.133
dp[5][188]=270.847
dp[6][188]=379.761
dp[7][188]=499.646
dp[8][188]=630.553
dp[9][188]=766.285
dp[10][188]=902.787
dp[11][188]=1052.19
dp[12][188]=1203.72
dp[2][188]=232.017
dp[13][188]=1365.95
Select best dp
dp[3][188]=331.454
Best k=2
dp[4][188]=456.489
dp[5][188]=594.077
dp[6][188]=740.264
dp[7][188]=891.937
dp[8][188]=1049.12
dp[9][188]=1208.72
dp[10][188]=1368.7
dp[11][188]=1535.13
dp[12][188]=1702.63
dp[13][188]=1875.47
Select best dp
Best k=2
dp[2][188]=97.1121
dp[3][188]=112.525
dp[4][188]=179.133
dp[5][188]=270.847
dp[6][188]=379.761
dp[7][188]=499.646
dp[8][188]=630.553
dp[9][188]=766.285
dp[10][188]=902.787
dp[11][188]=1052.19
dp[12][188]=1203.72
dp[13][188]=1365.95
Select best dp
Best k=2
dp[2][188]=366.922
dp[3][188]=550.383
dp[4][188]=733.845
dp[5][188]=917.306
dp[6][188]=1100.77
dp[7][188]=1284.23
Stratifying 2-th numerical feature ...
dp[8][188]=1467.69
dp[9][188]=1651.15
dp[10][188]=1834.61
dp[11][188]=2018.07
dp[12][188]=2201.53
dp[13][188]=2384.99
Select best dp
Best k=2
Stratifying 2-th numerical feature ...
Stratifying 2-th numerical feature ...
Stratifying 2-th numerical feature ...
dp[2][188]=97.1121
dp[3][188]=112.525
dp[4][188]=179.133
dp[5][188]=270.847
dp[6][188]=379.761
dp[7][188]=499.646
dp[8][188]=630.553
dp[9][188]=766.285
dp[10][188]=902.787
dp[11][188]=1052.19
dp[12][188]=1203.72
dp[13][188]=1365.95
Select best dp
Best k=2
dp[2][188]=91.431
dp[3][188]=88.6967
dp[4][188]=143.394
dp[5][188]=235.022
dp[6][188]=339.32
dp[7][188]=455.985
dp[8][188]=579.859
dp[9][188]=706.981
dp[10][188]=839.59
dp[11][188]=982.719
dp[12][188]=1129.86
dp[13][188]=1284.71
Select best dp
Best k=3
Stratifying 2-th numerical feature ...
Stratifying 2-th numerical feature ...
dp[2][188]=97.1121
dp[3][188]=112.525
dp[4][188]=179.133
dp[5][188]=270.847
dp[6][188]=379.761
dp[7][188]=499.646
dp[8][188]=630.553
dp[9][188]=766.285
dp[10][188]=902.787
dp[11][188]=1052.19
dp[12][188]=1203.72
dp[13][188]=1365.95
Select best dp
Best k=2
Stratifying 2-th numerical feature ...
dp[2][188]=144.13
dp[3][188]=156.515
dp[4][188]=221.397
dp[5][188]=325.828
dp[6][188]=434.095
dp[7][188]=552.799
dp[8][188]=677.073
dp[9][188]=812.914
dp[10][188]=950.551
dp[11][188]=1091.47
dp[12][188]=1236.54
dp[13][188]=1390.14
Select best dp
Best k=2
Stratifying 3-th numerical feature ...
dp[2][188]=-48.7623
dp[3][188]=-69.3545
dp[4][188]=-2.23525
dp[5][188]=89.8878
dp[6][188]=199.275
dp[7][188]=309.09
dp[8][188]=439.41
dp[9][188]=575.981
Select best dp
Best k=3
Stratifying 4-th numerical feature ...
dp[2][188]=144.13
dp[3][188]=156.515
dp[4][188]=221.397
dp[5][188]=325.828
dp[6][188]=434.095
dp[7][188]=552.799
dp[8][188]=677.073
dp[9][188]=812.914
dp[10][188]=950.551
dp[11][188]=1091.47
dp[12][188]=1236.54
dp[13][188]=1387.5
Select best dp
Best k=2
Stratifying 3-th numerical feature ...
dp[2][188]=-464.447
dp[3][188]=-689.092
dp[4][188]=-738.315
dp[5][188]=-741.48
dp[6][188]=-722.63
dp[7][188]=-687.317
dp[8][188]=-628.86
dp[9][188]=-548.678
dp[10][188]=-465.22
dp[11][188]=-373.755
dp[12][188]=-213.234
dp[13][188]=-51.1032
Select best dp
Best k=5
Stratifying 4-th numerical feature ...
dp[2][188]=-48.7623
dp[3][188]=-69.3545
dp[4][188]=-2.23525
dp[5][188]=87.9131
dp[6][188]=189.068
dp[7][188]=298.456
dp[8][188]=419.415
dp[9][188]=551.236
dp[10][188]=684.696
dp[11][188]=822.159
dp[12][188]=994.15
dp[13][188]=1166.95
Select best dp
Best k=3
Stratifying 4-th numerical feature ...
dp[2][188]=97.1121
dp[3][188]=-5e+10
dp[4][188]=-5e+10
dp[5][188]=-5e+10
dp[6][188]=-5e+10
dp[7][188]=-5e+10
dp[8][188]=-5e+10
dp[9][188]=-5e+10
dp[10][188]=-5e+10
dp[11][188]=-5e+10
dp[12][188]=-5e+10
dp[13][188]=-5e+10
Select best dp
Best k=3
Stratifying 2-th numerical feature ...
dp[2][188]=144.13
dp[3][188]=156.515
dp[4][188]=221.397
dp[5][188]=325.828
dp[6][188]=434.095
dp[7][188]=552.799
dp[8][188]=677.073
dp[9][188]=814.711
dp[10][188]=953.456
dp[11][188]=1094.38
dp[12][188]=1255.64
dp[13][188]=1422.48
Select best dp
Best k=2
Stratifying 3-th numerical feature ...
dp[2][188]=-688.711
dp[3][188]=-732.353
dp[4][188]=-684.746
dp[5][188]=-618.196
dp[6][188]=-517.87
dp[7][188]=-404.111
dp[8][188]=-273.155
dp[9][188]=-139.229
Select best dp
Best k=3
Stratifying 5-th numerical feature ...
dp[2][188]=-48.7623
dp[3][188]=-1e+11
dp[4][188]=-1e+11
dp[5][188]=-1e+11
dp[6][188]=-1e+11
dp[7][188]=-1e+11
dp[8][188]=-1e+11
dp[9][188]=-1e+11
dp[10][188]=-1e+11
dp[11][188]=-1e+11
dp[12][188]=-1e+11
dp[13][188]=-1e+11
Select best dp
Best k=4
Stratifying 4-th numerical feature ...
dp[2][188]=-1744.34
dp[3][188]=-2015.09
dp[4][188]=-2132.44
dp[5][188]=-2182.8
dp[6][188]=-2197.26
dp[7][188]=-2153.2
dp[8][188]=-2081.23
dp[9][188]=-2005.21
dp[10][188]=-1914.08
dp[11][188]=-1809.27
dp[12][188]=-1681.49
dp[13][188]=-1533.83
Select best dp
Best k=6
Stratifying 5-th numerical feature ...
dp[2][188]=-688.711
dp[3][188]=-732.353
dp[4][188]=-699.298
dp[5][188]=-632.748
dp[6][188]=-548.247
dp[7][188]=-434.487
dp[8][188]=-306.768
dp[9][188]=-177.028
dp[10][188]=-39.7319
dp[11][188]=104.4
dp[12][188]=260.022
dp[13][188]=425.583
Select best dp
Best k=3
Stratifying 5-th numerical feature ...
dp[2][188]=-48.7623
dp[3][188]=-1e+11
dp[4][188]=-1.7e+11
dp[5][188]=-1.9e+11
dp[6][188]=-2.6e+11
dp[7][188]=-2.7e+11
dp[8][188]=-3.4e+11
dp[9][188]=-3.4e+11
dp[10][188]=-4.1e+11
dp[11][188]=-4.1e+11
dp[12][188]=-4.7e+11
dp[13][188]=-4.7e+11
Select best dp
Best k=12
Stratifying 4-th numerical feature ...
dp[2][188]=366.922
dp[3][188]=550.383
dp[4][188]=733.845
dp[5][188]=917.306
dp[6][188]=1100.77
dp[7][188]=1284.23
dp[8][188]=1467.69
dp[9][188]=1651.15
dp[10][188]=1834.61
dp[11][188]=2018.07
dp[12][188]=2201.53
dp[13][188]=2384.99
Select best dp
Best k=2
dp[2][188]=255.526
dp[3][188]=353.449
dp[4][188]=477.621
dp[5][188]=621.567
dp[6][188]=767.431
dp[7][188]=918.514
dp[8][188]=1072.38
dp[9][188]=1232.93
dp[10][188]=1394.03
dp[11][188]=1556.23
dp[12][188]=1728.59
dp[13][188]=1903.74
Select best dp
Best k=2
dp[2][188]=-1027.29
dp[3][188]=-1268.46
dp[4][188]=-1269.52
dp[5][188]=-1214.95
dp[6][188]=-1125.28
dp[7][188]=-1010.81
dp[8][188]=-879.792
dp[9][188]=-726.377
Select best dp
Best k=4
dp[2][188]=144.13
dp[2][188]=144.13
dp[3][188]=156.515
dp[3][188]=156.515
dp[4][188]=221.397
dp[4][188]=221.397
dp[5][188]=325.828
dp[5][188]=325.828
dp[6][188]=434.095
dp[6][188]=434.095
dp[7][188]=552.799
dp[7][188]=552.799
dp[8][188]=677.073
dp[8][188]=677.073
dp[9][188]=814.711
dp[9][188]=814.711
dp[10][188]=953.456
dp[10][188]=953.456
dp[11][188]=1094.38
dp[11][188]=1094.38
dp[12][188]=1255.64
dp[12][188]=1255.64
dp[13][188]=1422.48
dp[13][188]=1422.48
Select best dp
Select best dp
Best k=2
Best k=2
Stratifying 6-th numerical feature ...
Stratifying 3-th numerical feature ...
Stratifying 3-th numerical feature ...
Stratifying 3-th numerical feature ...
Stratifying 3-th numerical feature ...
dp[2][188]=42.897
dp[3][188]=-5.50935
dp[4][188]=42.3961
dp[5][188]=140.399
dp[6][188]=238.184
dp[7][188]=349.244
dp[8][188]=462.204
dp[9][188]=590.164
dp[10][188]=723.833
dp[11][188]=860.662
dp[12][188]=1018.16
dp[13][188]=1180.47
Select best dp
Best k=3
Stratifying 3-th numerical feature ...
dp[2][188]=144.13
dp[3][188]=156.515
dp[4][188]=221.397
dp[5][188]=325.828
dp[6][188]=434.095
dp[7][188]=552.799
dp[8][188]=677.073
dp[9][188]=814.711
dp[10][188]=953.456
dp[11][188]=1094.38
dp[12][188]=1255.64
dp[13][188]=1422.48
Select best dp
Best k=2
Stratifying 3-th numerical feature ...
dp[2][188]=-48.7623
dp[3][188]=-69.3545
dp[4][188]=-2.23525
dp[5][188]=87.9131
dp[6][188]=189.068
dp[7][188]=298.456
dp[8][188]=419.415
dp[9][188]=551.236
dp[10][188]=684.696
dp[11][188]=822.159
dp[12][188]=994.15
dp[13][188]=1166.95
Select best dp
Best k=3
Stratifying 4-th numerical feature ...
dp[2][188]=56.0979
dp[3][188]=15.7718
dp[4][188]=57.2416
dp[5][188]=154.477
dp[6][188]=254.643
dp[7][188]=364.886
dp[8][188]=475.725
dp[9][188]=603.204
dp[10][188]=733.845
dp[11][188]=868.753
dp[12][188]=1025.6
dp[13][188]=1186.73
Select best dp
Best k=3
Stratifying 3-th numerical feature ...
dp[2][188]=-688.711
dp[3][188]=-732.353
dp[4][188]=-702.382
dp[5][188]=-635.832
dp[6][188]=-561.193
dp[7][188]=-447.434
dp[8][188]=-319.776
dp[9][188]=-190.036
dp[10][188]=-52.7396
dp[11][188]=84.8507
dp[12][188]=234.593
dp[13][188]=387.556
Select best dp
Best k=3
Stratifying 5-th numerical feature ...
dp[2][188]=-576.344
dp[3][188]=-818.449
dp[4][188]=-893.965
dp[5][188]=-901.839
dp[6][188]=-881.782
dp[7][188]=-822.367
dp[8][188]=-744.68
dp[9][188]=-665.348
dp[10][188]=-580.058
dp[11][188]=-487.418
dp[12][188]=-376.528
dp[13][188]=-231.279
Select best dp
Best k=5
Stratifying 6-th numerical feature ...
dp[2][188]=-104.711
dp[3][188]=-134.033
dp[4][188]=-80.0601
dp[5][188]=7.73335
dp[6][188]=109.492
dp[7][188]=230.93
dp[8][188]=361.505
dp[9][188]=492.901
dp[10][188]=627.276
dp[11][188]=765.328
dp[12][188]=912.503
dp[13][188]=1076.86
Select best dp
Best k=3
Stratifying 6-th numerical feature ...
dp[2][188]=-1083.62
dp[3][188]=-1311.2
dp[4][188]=-1304.43
dp[5][188]=-1234.28
dp[6][188]=-1151.35
dp[7][188]=-1056.32
dp[8][188]=-945.984
dp[9][188]=-785.821
Select best dp
Best k=3
Stratifying 7-th numerical feature ...
dp[2][188]=-688.711
dp[3][188]=-732.353
dp[4][188]=-699.298
dp[5][188]=-632.748
dp[6][188]=-548.247
dp[7][188]=-434.487
dp[8][188]=-306.768
dp[9][188]=-177.028
dp[10][188]=-39.7319
dp[11][188]=104.4
dp[12][188]=260.022
dp[13][188]=425.583
Select best dp
Best k=3
Stratifying 5-th numerical feature ...
dp[2][188]=-688.711
dp[3][188]=-732.353
dp[4][188]=-705.484
dp[5][188]=-639.135
dp[6][188]=-566.194
dp[7][188]=-452.435
dp[8][188]=-324.776
dp[9][188]=-195.036
dp[10][188]=-61.1868
dp[11][188]=76.1096
dp[12][188]=223.204
dp[13][188]=373.631
Select best dp
Best k=3
Stratifying 5-th numerical feature ...
dp[2][188]=-291.144
dp[3][188]=-442.586
dp[4][188]=-591.558
dp[5][188]=-564.683
dp[6][188]=-491.494
dp[7][188]=-416.517
dp[8][188]=-288.783
dp[9][188]=-143.24
Select best dp
Best k=4
Stratifying 8-th numerical feature ...
dp[2][188]=-104.711
dp[3][188]=-134.033
dp[4][188]=-80.0601
dp[5][188]=7.73335
dp[6][188]=109.492
dp[7][188]=230.93
dp[8][188]=357.337
dp[9][188]=484.397
dp[10][188]=614.643
dp[11][188]=749.018
dp[12][188]=892.455
dp[13][188]=1041.21
Select best dp
Best k=3
Stratifying 6-th numerical feature ...
dp[2][188]=-1727.61
dp[3][188]=-2061.94
dp[4][188]=-2173.21
dp[5][188]=-2169
dp[6][188]=-2143.95
dp[7][188]=-2115.57
dp[8][188]=-2053.29
dp[9][188]=-1975.97
dp[10][188]=-1877.77
dp[11][188]=-1772.84
dp[12][188]=-1634.65
dp[13][188]=-1490.38
Select best dp
Best k=4
Stratifying 7-th numerical feature ...
dp[2][188]=144.13
dp[3][188]=-5e+10
dp[4][188]=-5e+10
dp[5][188]=-5e+10
dp[6][188]=-5e+10
dp[7][188]=-5e+10
dp[8][188]=-5e+10
dp[9][188]=-5e+10
dp[10][188]=-5e+10
dp[11][188]=-5e+10
dp[12][188]=-5e+10
dp[13][188]=-5e+10
Select best dp
Best k=3
dp[2][188]=-680.342
dp[3][188]=-755.778
dp[4][188]=-719.685
dp[5][188]=-625.845
dp[6][188]=-521.592
dp[7][188]=-415.672
dp[8][188]=-292.798
dp[9][188]=-162.411
dp[10][188]=-21.5778
dp[11][188]=122.617
dp[12][188]=283.44
dp[13][188]=447.309
Select best dp
Best k=3
Stratifying 7-th numerical feature ...
Stratifying 3-th numerical feature ...
dp[2][188]=366.922
dp[3][188]=550.383
dp[4][188]=733.845
dp[5][188]=917.306
dp[6][188]=1100.77
dp[7][188]=1284.23
dp[8][188]=1467.69
dp[9][188]=1651.15
dp[10][188]=1834.61
dp[11][188]=2018.07
dp[12][188]=2201.53
dp[13][188]=2384.99
Select best dp
Best k=2
Stratifying 4-th numerical feature ...
dp[2][188]=-48.7623
dp[3][188]=-69.3545
dp[4][188]=-2.23525
dp[5][188]=87.9131
dp[6][188]=189.068
dp[7][188]=298.456
dp[8][188]=419.415
dp[9][188]=551.236
dp[10][188]=684.696
dp[11][188]=822.159
dp[12][188]=994.15
dp[13][188]=1166.95
Select best dp
Best k=3
dp[2][188]=159.08
dp[3][188]=240.514
dp[4][188]=365.805
dp[5][188]=502.609
dp[6][188]=644.918
dp[7][188]=791.342
dp[8][188]=943.552
dp[9][188]=1101.19
dp[10][188]=1259.65
dp[11][188]=1420.12
dp[12][188]=1597.84
dp[13][188]=1775.97
Select best dp
Best k=2
Stratifying 4-th numerical feature ...
Stratifying 4-th numerical feature ...
dp[2][188]=-48.7623
dp[3][188]=-69.3545
dp[4][188]=-2.23525
dp[5][188]=87.9131
dp[6][188]=189.068
dp[7][188]=298.456
dp[8][188]=419.415
dp[9][188]=551.236
dp[10][188]=684.696
dp[11][188]=822.159
dp[12][188]=994.15
dp[13][188]=1166.95
Select best dp
Best k=3
Stratifying 4-th numerical feature ...
dp[2][188]=-179.8
dp[3][188]=-321.058
dp[4][188]=-433.192
dp[5][188]=-450.816
dp[6][188]=-390.244
dp[7][188]=-327.825
dp[8][188]=-249.723
dp[9][188]=-130.548
dp[10][188]=-3.74818
dp[11][188]=126.876
dp[12][188]=274.457
dp[13][188]=437.933
Select best dp
Best k=5
Stratifying 4-th numerical feature ...
dp[2][188]=-104.711
dp[3][188]=-134.033
dp[4][188]=-80.0601
dp[5][188]=7.73335
dp[6][188]=109.492
dp[7][188]=230.93
dp[8][188]=361.505
dp[9][188]=492.901
dp[10][188]=627.276
dp[11][188]=765.328
dp[12][188]=912.503
dp[13][188]=1076.86
Select best dp
Best k=3
Stratifying 6-th numerical feature ...
dp[2][188]=-48.7623
dp[3][188]=-69.3545
dp[4][188]=-2.23525
dp[5][188]=87.9131
dp[6][188]=189.068
dp[7][188]=298.456
dp[8][188]=419.415
dp[9][188]=551.236
dp[10][188]=684.696
dp[11][188]=822.159
dp[12][188]=994.15
dp[13][188]=1166.95
Select best dp
Best k=3
Stratifying 4-th numerical feature ...
dp[2][188]=-295.503
dp[3][188]=-441.88
dp[4][188]=-559.326
dp[5][188]=-581.829
dp[6][188]=-505.555
dp[7][188]=-425.878
dp[8][188]=-290.304
dp[9][188]=-154.248
Select best dp
Best k=5
Stratifying 9-th numerical feature ...
dp[2][188]=-104.711
dp[3][188]=-9e+10
dp[4][188]=-1.5e+11
dp[5][188]=-1.7e+11
dp[6][188]=-2.3e+11
dp[7][188]=-2.9e+11
dp[8][188]=-2.9e+11
dp[9][188]=-3.5e+11
dp[10][188]=-3.5e+11
dp[11][188]=-4.1e+11
dp[12][188]=-4.1e+11
dp[13][188]=-4.1e+11
Select best dp
Best k=12
Stratifying 6-th numerical feature ...
dp[2][188]=-638.472
dp[3][188]=-976.706
dp[4][188]=-1304.92
dp[5][188]=-1371.82
dp[6][188]=-1365.12
dp[7][188]=-1350.98
dp[8][188]=-1294.29
dp[9][188]=-1235.65
dp[10][188]=-1154.65
dp[11][188]=-1066.31
dp[12][188]=-950.557
dp[13][188]=-810.949
Select best dp
Best k=5
Stratifying 8-th numerical feature ...
dp[2][188]=-341.939
dp[3][188]=-534.753
dp[4][188]=-718.789
dp[5][188]=-709.69
dp[6][188]=-649.278
dp[7][188]=-587.359
dp[8][188]=-488.726
dp[9][188]=-382.474
dp[10][188]=-265.034
dp[11][188]=-145.356
dp[12][188]=-8.61827
dp[13][188]=150.384
Select best dp
Best k=4
Stratifying 8-th numerical feature ...
dp[2][188]=-680.342
dp[3][188]=-755.778
dp[4][188]=-719.685
dp[5][188]=-625.845
dp[6][188]=-521.592
dp[7][188]=-416.092
dp[8][188]=-295.302
dp[9][188]=-172.429
dp[10][188]=-32.2832
dp[11][188]=107.872
dp[12][188]=252.067
dp[13][188]=398.153
Select best dp
Best k=3
Stratifying 7-th numerical feature ...
dp[2][188]=-120.578
dp[3][188]=-159.102
dp[4][188]=-124.566
dp[5][188]=-57.6544
dp[6][188]=27.5777
dp[7][188]=117.98
dp[8][188]=222.799
dp[9][188]=343.999
dp[10][188]=473.134
dp[11][188]=606.183
dp[12][188]=760.553
dp[13][188]=930.514
Select best dp
Best k=3
Stratifying 4-th numerical feature ...
dp[2][188]=-680.342
dp[3][188]=-755.778
dp[4][188]=-719.685
dp[5][188]=-625.845
dp[6][188]=-521.592
dp[7][188]=-415.672
dp[8][188]=-292.798
dp[9][188]=-162.411
dp[10][188]=-21.5778
dp[11][188]=122.617
dp[12][188]=283.44
dp[13][188]=447.309
Select best dp
Best k=3
Stratifying 7-th numerical feature ...
dp[2][188]=-289.522
dp[3][188]=-446.579
dp[4][188]=-548.985
dp[5][188]=-508.966
dp[6][188]=-433.065
dp[7][188]=-351.515
dp[8][188]=-230.481
dp[9][188]=-55.4018
Select best dp
Best k=4
Stratifying 10-th numerical feature ...
dp[2][188]=-647.455
dp[3][188]=-960.306
dp[4][188]=-1273.3
dp[5][188]=-1407.97
dp[6][188]=-1404.28
dp[7][188]=-1389.57
dp[8][188]=-1332.29
dp[9][188]=-1260.33
dp[10][188]=-1181.17
dp[11][188]=-1099.67
dp[12][188]=-993.537
dp[13][188]=-852.598
Select best dp
Best k=5
Stratifying 9-th numerical feature ...
dp[2][188]=-345.487
dp[3][188]=-532.423
dp[4][188]=-681.524
dp[5][188]=-717.216
dp[6][188]=-655.382
dp[7][188]=-583.852
dp[8][188]=-479.449
dp[9][188]=-369.121
dp[10][188]=-248.369
dp[11][188]=-114.478
dp[12][188]=19.8431
dp[13][188]=185.656
Select best dp
Best k=5
Stratifying 9-th numerical feature ...
dp[2][188]=-680.342
dp[3][188]=-755.778
dp[4][188]=-719.685
dp[5][188]=-625.845
dp[6][188]=-521.592
dp[7][188]=-416.092
dp[8][188]=-295.302
dp[9][188]=-172.429
dp[10][188]=-32.2832
dp[11][188]=107.872
dp[12][188]=251.148
dp[13][188]=394.774
Select best dp
Best k=3
Stratifying 7-th numerical feature ...
dp[2][188]=-277.717
dp[3][188]=-419.487
dp[4][188]=-560.636
dp[5][188]=-531.935
dp[6][188]=-456.659
dp[7][188]=-379.089
dp[8][188]=-275.313
dp[9][188]=-169.457
dp[10][188]=-58.6754
dp[11][188]=53.8145
dp[12][188]=173.775
dp[13][188]=315.485
Select best dp
Best k=4
Stratifying 8-th numerical feature ...
dp[2][188]=-257.001
dp[3][188]=-451.798
dp[4][188]=-608.449
dp[5][188]=-578.883
dp[6][188]=-506.825
dp[7][188]=-408.009
dp[8][188]=-285.336
dp[9][188]=-111.793
Select best dp
Best k=4
Stratifying 11-th numerical feature ...
dp[2][188]=366.922
dp[3][188]=550.383
dp[4][188]=733.845
dp[5][188]=917.306
dp[6][188]=1100.77
dp[7][188]=1284.23
dp[8][188]=1467.69
dp[9][188]=1651.15
dp[10][188]=1834.61
dp[11][188]=2018.07
dp[12][188]=2201.53
dp[13][188]=2384.99
Select best dp
Best k=2
Stratifying 5-th numerical feature ...
dp[2][188]=-160.894
dp[3][188]=-90.9849
dp[4][188]=17.2733
dp[5][188]=142.279
dp[6][188]=276.26
dp[7][188]=424.87
dp[8][188]=580.461
dp[9][188]=737.061
dp[10][188]=897.44
dp[11][188]=1061.24
dp[12][188]=1230.78
dp[13][188]=1405.29
Select best dp
Best k=2
Stratifying 5-th numerical feature ...
dp[2][188]=-688.711
dp[3][188]=-732.353
dp[4][188]=-699.298
dp[5][188]=-632.748
dp[6][188]=-548.247
dp[7][188]=-434.487
dp[8][188]=-306.768
dp[9][188]=-177.028
dp[10][188]=-39.7319
dp[11][188]=104.4
dp[12][188]=260.022
dp[13][188]=425.583
Select best dp
Best k=3
Stratifying 5-th numerical feature ...
dp[2][188]=-688.711
dp[3][188]=-732.353
dp[4][188]=-699.298
dp[5][188]=-632.748
dp[6][188]=-548.247
dp[7][188]=-434.487
dp[8][188]=-306.768
dp[9][188]=-177.028
dp[10][188]=-39.7319
dp[11][188]=104.4
dp[12][188]=260.022
dp[13][188]=425.583
Select best dp
Best k=3
Stratifying 5-th numerical feature ...
dp[2][188]=-277.717
dp[3][188]=-419.487
dp[4][188]=-560.636
dp[5][188]=-531.935
dp[6][188]=-456.659
dp[7][188]=-379.089
dp[8][188]=-275.313
dp[9][188]=-166.967
dp[10][188]=-43.8046
dp[11][188]=80.3013
dp[12][188]=219.545
dp[13][188]=380.869
Select best dp
Best k=4
Stratifying 8-th numerical feature ...
dp[2][188]=-688.711
dp[3][188]=-732.353
dp[4][188]=-699.298
dp[5][188]=-632.748
dp[6][188]=-548.247
dp[7][188]=-434.487
dp[8][188]=-306.768
dp[9][188]=-177.028
dp[10][188]=-39.7319
dp[11][188]=104.4
dp[12][188]=260.022
dp[13][188]=425.583
Select best dp
Best k=3
Stratifying 5-th numerical feature ...
dp[2][188]=-688.711
dp[3][188]=-732.353
dp[4][188]=-699.298
dp[5][188]=-632.748
dp[6][188]=-548.247
dp[7][188]=-434.487
dp[8][188]=-306.768
dp[9][188]=-177.028
dp[10][188]=-39.7319
dp[11][188]=104.4
dp[12][188]=260.022
dp[13][188]=425.583
Select best dp
Best k=3
Stratifying 5-th numerical feature ...
dp[2][188]=-633.888
dp[3][188]=-995.263
dp[4][188]=-1234
dp[5][188]=-1293.81
dp[6][188]=-1314.08
dp[7][188]=-1287.37
dp[8][188]=-1250.56
dp[9][188]=-1161.36
dp[10][188]=-1060.48
dp[11][188]=-959.486
dp[12][188]=-837.206
dp[13][188]=-695.057
Select best dp
Best k=6
Stratifying 10-th numerical feature ...
dp[2][188]=-48.7623
dp[3][188]=-1e+11
dp[4][188]=-1.7e+11
dp[5][188]=-1.9e+11
dp[6][188]=-2.6e+11
dp[7][188]=-3.1e+11
dp[8][188]=-3.6e+11
dp[9][188]=-3.9e+11
dp[10][188]=-4.3e+11
dp[11][188]=-4.7e+11
dp[12][188]=-5e+11
dp[13][188]=-5.4e+11
Select best dp
Best k=13
Stratifying 4-th numerical feature ...
dp[2][188]=-339.372
dp[3][188]=-537.274
dp[4][188]=-669.61
dp[5][188]=-636.695
dp[6][188]=-599.127
dp[7][188]=-532.515
dp[8][188]=-442.304
dp[9][188]=-314.529
dp[10][188]=-180.568
dp[11][188]=-41.8441
dp[12][188]=98.1123
dp[13][188]=260.321
Select best dp
Best k=4
Stratifying 10-th numerical feature ...
dp[2][188]=-88.3783
dp[3][188]=-116.817
dp[4][188]=-91.4523
dp[5][188]=-24.2486
dp[6][188]=55.2545
dp[7][188]=152.397
dp[8][188]=283.951
dp[9][188]=426.802
Select best dp
Best k=3
Stratifying 12-th numerical feature ...
dp[2][188]=-281.67
dp[3][188]=-415.992
dp[4][188]=-531.418
dp[5][188]=-548.265
dp[6][188]=-469.503
dp[7][188]=-389.194
dp[8][188]=-281.4
dp[9][188]=-167.685
dp[10][188]=-53.2898
dp[11][188]=66.8715
dp[12][188]=190.986
dp[13][188]=334.792
Select best dp
Best k=5
Stratifying 9-th numerical feature ...
dp[2][188]=-281.67
dp[3][188]=-415.992
dp[4][188]=-531.418
dp[5][188]=-548.265
dp[6][188]=-469.503
dp[7][188]=-389.194
dp[8][188]=-276.12
dp[9][188]=-161.724
dp[10][188]=-35.5119
dp[11][188]=92.0093
dp[12][188]=226.91
dp[13][188]=389.164
Select best dp
Best k=5
Stratifying 9-th numerical feature ...
dp[2][188]=-1.88641e+10
dp[3][188]=-1.88641e+10
dp[4][188]=-1.88641e+10
dp[5][188]=-1.88641e+10
dp[6][188]=-1.88641e+10
dp[7][188]=-1.88641e+10
dp[8][188]=-1.88641e+10
dp[9][188]=-1.88641e+10
dp[10][188]=-1.88641e+10
dp[11][188]=-1.88641e+10
dp[12][188]=-1.88641e+10
dp[13][188]=-1.88641e+10
Select best dp
Best k=5
Stratifying 8-th numerical feature ...
dp[2][188]=-839.189
dp[3][188]=-1053.42
dp[4][188]=-1086.13
dp[5][188]=-1040.47
dp[6][188]=-966.687
dp[7][188]=-872.274
dp[8][188]=-776.316
dp[9][188]=-665.667
dp[2][188]=-574.114
dp[10][188]=-543.486
dp[3][188]=-1016.09
dp[11][188]=-413.418
dp[4][188]=-1357.13
dp[5][188]=-1424.92
dp[12][188]=-263.135
dp[6][188]=-1418.65
dp[7][188]=-1392.48
dp[13][188]=-103.031
dp[8][188]=-1332.82
Select best dp
dp[9][188]=-1265.46
Best k=4
dp[10][188]=-1168.95
dp[11][188]=-1071.36
dp[12][188]=-955.951
dp[13][188]=-799.828
Select best dp
Best k=5
Stratifying 11-th numerical feature ...
Stratifying 5-th numerical feature ...
dp[2][188]=-149.659
dp[3][188]=-135.334
dp[4][188]=-97.0959
dp[5][188]=-55.4693
dp[6][188]=-7.76576
dp[7][188]=96.7022
dp[8][188]=217.966
dp[9][188]=408.82
Select best dp
Best k=2
Stratifying 13-th numerical feature ...
dp[2][188]=-313.147
dp[3][188]=-538.067
dp[4][188]=-738.581
dp[5][188]=-728.653
dp[6][188]=-672.147
dp[7][188]=-582.715
dp[8][188]=-461.538
dp[9][188]=-347.253
dp[10][188]=-224.959
dp[11][188]=-88.3918
dp[12][188]=48.63
dp[13][188]=215.638
Select best dp
Best k=4
Stratifying 11-th numerical feature ...
dp[2][188]=-276.046
dp[3][188]=-422.28
dp[4][188]=-517.416
dp[5][188]=-476.817
dp[6][188]=-422.316
dp[7][188]=-339.037
dp[8][188]=-243.64
dp[9][188]=-113.915
dp[10][188]=23.105
dp[11][188]=162.688
dp[12][188]=304.764
dp[13][188]=464.658
Select best dp
Best k=4
Stratifying 10-th numerical feature ...
dp[2][188]=131.106
dp[3][188]=208.175
dp[4][188]=326.892
dp[2][188]=366.922
dp[5][188]=462.52
dp[3][188]=550.383
dp[6][188]=605.13
dp[4][188]=733.845
dp[7][188]=757.579
dp[5][188]=917.306
dp[8][188]=914.597
dp[6][188]=1100.77
dp[9][188]=1072.03
dp[7][188]=1284.23
dp[10][188]=1230.94
dp[8][188]=1467.69
dp[11][188]=1391.7
dp[9][188]=1651.15
dp[12][188]=1557.02
dp[10][188]=1834.61
dp[13][188]=1730.93
dp[11][188]=2018.07
Select best dp
dp[12][188]=2201.53
Best k=2
dp[13][188]=2384.99
Select best dp
Best k=2
Stratifying 6-th numerical feature ...
Stratifying 6-th numerical feature ...
dp[2][188]=-104.711
dp[3][188]=-134.033
dp[4][188]=-80.0601
dp[5][188]=7.73335
dp[6][188]=109.492
dp[7][188]=230.93
dp[8][188]=361.505
dp[9][188]=492.901
dp[10][188]=627.276
dp[11][188]=765.328
dp[12][188]=912.503
dp[13][188]=1076.86
Select best dp
Best k=3
dp[2][188]=-1027.29
dp[3][188]=-1287.18
dp[4][188]=-1295.06
dp[5][188]=-1240.49
dp[6][188]=-1158.73
dp[7][188]=-1050.94
dp[8][188]=-938.472
dp[9][188]=-821.883
dp[10][188]=-702.913
dp[11][188]=-575.589
dp[12][188]=-439.988
dp[13][188]=-267.166
Select best dp
Best k=4
Stratifying 6-th numerical feature ...
Stratifying 6-th numerical feature ...
dp[2][188]=-104.711
dp[3][188]=-134.033
dp[4][188]=-80.0601
dp[5][188]=7.73335
dp[6][188]=109.492
dp[7][188]=230.93
dp[8][188]=361.505
dp[9][188]=492.901
dp[10][188]=627.276
dp[11][188]=765.328
dp[12][188]=912.503
dp[13][188]=1076.86
Select best dp
Best k=3
Stratifying 6-th numerical feature ...
dp[2][188]=-276.046
dp[3][188]=-422.28
dp[4][188]=-517.416
dp[5][188]=-476.817
dp[6][188]=-422.316
dp[7][188]=-339.037
dp[8][188]=-244.228
dp[9][188]=-143.555
dp[10][188]=-21.2762
dp[11][188]=108.578
dp[12][188]=243.804
dp[13][188]=381.603
Select best dp
Best k=4
Stratifying 10-th numerical feature ...
dp[2][188]=-104.711
dp[3][188]=-134.033
dp[4][188]=-80.0601
dp[5][188]=7.73335
dp[6][188]=109.492
dp[7][188]=230.93
dp[8][188]=361.505
dp[9][188]=492.901
dp[10][188]=627.276
dp[11][188]=765.328
dp[12][188]=912.503
dp[13][188]=1076.86
Select best dp
Best k=3
Stratifying 6-th numerical feature ...
dp[2][188]=-9e+10
dp[3][188]=-9e+10
dp[4][188]=-9e+10
dp[5][188]=-9e+10
dp[6][188]=-9e+10
dp[7][188]=-9e+10
dp[8][188]=-9e+10
dp[9][188]=-9e+10
dp[10][188]=-9e+10
dp[11][188]=-9e+10
dp[12][188]=-9e+10
dp[13][188]=-9e+10
Select best dp
Best k=5
Stratifying 9-th numerical feature ...
dp[2][188]=-60.4457
dp[3][188]=-162.311
dp[4][188]=-124.094
dp[5][188]=-50.6363
dp[6][188]=45.5454
dp[7][188]=151.963
dp[8][188]=271.614
dp[9][188]=396.876
Select best dp
Best k=3
Stratifying 14-th numerical feature ...
dp[2][188]=-304.236
dp[3][188]=-486.755
dp[4][188]=-569.145
dp[5][188]=-608.636
dp[6][188]=-632.964
dp[7][188]=-631.422
dp[8][188]=-562.855
dp[9][188]=-487.438
dp[10][188]=-402.003
dp[11][188]=-300.55
dp[12][188]=-151.778
dp[13][188]=22.6452
Select best dp
Best k=6
Stratifying 12-th numerical feature ...
dp[2][188]=151.693
dp[3][188]=173.189
dp[4][188]=230.006
dp[5][188]=319.96
dp[6][188]=415.693
dp[7][188]=516.918
dp[8][188]=646.64
dp[9][188]=777.373
dp[10][188]=911.774
dp[11][188]=1056.86
dp[12][188]=1222.55
dp[13][188]=1398.89
Select best dp
Best k=2
Stratifying 12-th numerical feature ...
dp[2][188]=-243.933
dp[3][188]=-437.85
dp[4][188]=-583.874
dp[5][188]=-553.577
dp[6][188]=-479.138
dp[7][188]=-382.569
dp[8][188]=-263.561
dp[9][188]=-146.609
dp[10][188]=-15.4546
dp[11][188]=121.839
dp[12][188]=260.943
dp[13][188]=430.597
Select best dp
Best k=4
Stratifying 11-th numerical feature ...
dp[2][188]=-277.596
dp[3][188]=-434.081
dp[4][188]=-569.481
dp[5][188]=-506.684
dp[6][188]=-437.746
dp[7][188]=-356.369
dp[8][188]=-234.039
dp[9][188]=-102.628
Select best dp
Best k=4
Stratifying 15-th numerical feature ...
dp[2][188]=-243.933
dp[3][188]=-437.85
dp[4][188]=-583.874
dp[5][188]=-553.577
dp[6][188]=-479.138
dp[7][188]=-382.569
dp[8][188]=-271.979
dp[9][188]=-158.045
dp[10][188]=-43.8481
dp[11][188]=72.6449
dp[12][188]=202.696
dp[13][188]=340.258
Select best dp
Best k=4
Stratifying 11-th numerical feature ...
dp[2][188]=-688.711
dp[3][188]=-732.353
dp[4][188]=-705.484
dp[5][188]=-639.135
dp[6][188]=-566.194
dp[7][188]=-452.435
dp[8][188]=-324.776
dp[9][188]=-195.036
dp[10][188]=-61.1868
dp[11][188]=76.1096
dp[12][188]=223.204
dp[13][188]=371.933
Select best dp
Best k=3
Stratifying 5-th numerical feature ...
dp[2][188]=-398.506
dp[3][188]=-532.974
dp[4][188]=-598.964
dp[5][188]=-638.693
dp[6][188]=-676.076
dp[7][188]=-636.528
dp[8][188]=-579.66
dp[9][188]=-491.233
dp[10][188]=-388.911
dp[11][188]=-271.851
dp[12][188]=-137.785
dp[13][188]=25.9134
Select best dp
Best k=6
Stratifying 13-th numerical feature ...
dp[2][188]=114.129
dp[3][188]=151.105
dp[4][188]=224.188
dp[5][188]=319.221
dp[6][188]=414.843
dp[7][188]=533.057
dp[8][188]=655.347
dp[9][188]=796.063
dp[10][188]=939.381
dp[11][188]=1091.23
dp[12][188]=1255.81
dp[13][188]=1428.09
Select best dp
Best k=2
Stratifying 13-th numerical feature ...
dp[2][188]=-276.046
dp[3][188]=-422.28
dp[4][188]=-517.416
dp[5][188]=-476.817
dp[6][188]=-422.316
dp[7][188]=-339.037
dp[8][188]=-244.228
dp[9][188]=-143.555
dp[10][188]=-21.2762
dp[11][188]=106.617
dp[12][188]=236.471
dp[13][188]=371.696
Select best dp
Best k=4
Stratifying 10-th numerical feature ...
dp[2][188]=-89.225
dp[3][188]=-118.242
dp[4][188]=-93.2583
dp[5][188]=-32.3443
dp[6][188]=42.7685
dp[7][188]=128.596
dp[8][188]=256.181
dp[9][188]=384.131
dp[10][188]=517.493
dp[11][188]=658.661
dp[12][188]=824.361
dp[13][188]=1007.92
Select best dp
Best k=3
Stratifying 12-th numerical feature ...
dp[2][188]=-149.89
dp[3][188]=-229.554
dp[4][188]=-244.161
dp[5][188]=-241.476
dp[6][188]=-134.677
dp[7][188]=-22.5529
dp[8][188]=117.392
dp[9][188]=301.38
Select best dp
Best k=4
Stratifying 16-th numerical feature ...
dp[2][188]=-156.71
dp[3][188]=-102.697
dp[4][188]=7.07985
dp[5][188]=145.73
dp[6][188]=289.588
dp[7][188]=434.278
dp[8][188]=587.446
dp[9][188]=744.37
dp[10][188]=906.517
dp[11][188]=1070.35
dp[12][188]=1242.49
dp[13][188]=1416.15
Select best dp
Best k=2
Stratifying 7-th numerical feature ...
dp[2][188]=-291.005
dp[3][188]=-369.527
dp[4][188]=-328.086
dp[5][188]=-257.436
dp[6][188]=-158.607
dp[7][188]=-42.8384
dp[8][188]=74.945
dp[9][188]=194.431
dp[10][188]=323.046
dp[11][188]=452.629
dp[12][188]=596.515
dp[13][188]=759.87
Select best dp
Best k=3
dp[2][188]=366.922
dp[3][188]=550.383
dp[4][188]=733.845
dp[5][188]=917.306
dp[6][188]=1100.77
dp[7][188]=1284.23
dp[8][188]=1467.69
dp[9][188]=1651.15
dp[10][188]=1834.61
dp[11][188]=2018.07
dp[12][188]=2201.53
dp[13][188]=2384.99
Select best dp
Best k=2
Stratifying 6-th numerical feature ...
Stratifying 7-th numerical feature ...
dp[2][188]=-680.342
dp[3][188]=-755.778
dp[4][188]=-719.685
dp[5][188]=-625.845
dp[6][188]=-521.592
dp[7][188]=-415.672
dp[8][188]=-292.798
dp[9][188]=-162.411
dp[10][188]=-21.5778
dp[11][188]=122.617
dp[12][188]=283.44
dp[13][188]=447.309
Select best dp
Best k=3
dp[2][188]=-1004.19
dp[3][188]=-1191.03
dp[4][188]=-1175.86
dp[5][188]=-1123.56
dp[6][188]=-1044.71
dp[7][188]=-950.882
dp[8][188]=-839.784
dp[9][188]=-708.328
dp[10][188]=-573.901
dp[11][188]=-439.305
dp[12][188]=-282.881
dp[13][188]=-123.159
Select best dp
Best k=3
Stratifying 7-th numerical feature ...
dp[2][188]=-680.342
dp[3][188]=-755.778
dp[4][188]=-719.685
dp[5][188]=-625.845
dp[6][188]=-521.592
dp[7][188]=-415.672
dp[8][188]=-292.798
dp[9][188]=-162.411
dp[10][188]=-21.5778
dp[11][188]=122.617
dp[12][188]=283.44
dp[13][188]=447.309
Select best dp
Best k=3
Stratifying 7-th numerical feature ...
Stratifying 7-th numerical feature ...
dp[2][188]=-680.342
dp[3][188]=-755.778
dp[4][188]=-719.685
dp[5][188]=-625.845
dp[6][188]=-521.592
dp[7][188]=-415.672
dp[8][188]=-292.798
dp[9][188]=-162.411
dp[10][188]=-21.5778
dp[11][188]=122.617
dp[12][188]=283.44
dp[13][188]=447.309
Select best dp
Best k=3
Stratifying 7-th numerical feature ...
dp[2][188]=-89.225
dp[3][188]=-118.242
dp[4][188]=-96.0837
dp[5][188]=-55.3861
dp[6][188]=19.786
dp[7][188]=110.872
dp[8][188]=231.52
dp[9][188]=356.973
dp[10][188]=484.802
dp[11][188]=618.682
dp[12][188]=759.363
dp[13][188]=908.829
Select best dp
Best k=3
Stratifying 12-th numerical feature ...
dp[2][188]=-244.248
dp[3][188]=-564.348
dp[4][188]=-663.513
dp[5][188]=-725.323
dp[6][188]=-716.369
dp[7][188]=-693.646
dp[8][188]=-641.208
dp[9][188]=-564.383
dp[10][188]=-459.872
dp[11][188]=-348.387
dp[12][188]=-178.147
dp[13][188]=6.19848
Select best dp
Best k=5
Stratifying 14-th numerical feature ...
dp[2][188]=139.486
dp[3][188]=125.671
dp[4][188]=179.373
dp[5][188]=248.415
dp[6][188]=354.686
dp[7][188]=484.383
dp[8][188]=617.058
dp[9][188]=751.123
dp[10][188]=895.965
dp[11][188]=1043.04
dp[12][188]=1224.91
dp[13][188]=1420.61
Select best dp
Best k=3
Stratifying 14-th numerical feature ...
dp[2][188]=-218.822
dp[3][188]=-215.68
dp[4][188]=-203.267
dp[5][188]=-112.965
dp[6][188]=-9.14852
dp[7][188]=107.877
dp[8][188]=237.355
dp[9][188]=382.902
Select best dp
Best k=2
dp[2][188]=-148.687
dp[3][188]=-134.679
dp[4][188]=-97.4653
dp[5][188]=-55.2592
dp[6][188]=-6.8627
dp[7][188]=97.5728
dp[8][188]=208.478
dp[9][188]=345.607
dp[10][188]=486.791
dp[11][188]=638.371
dp[12][188]=798.703
dp[13][188]=982.47
Select best dp
Best k=2
Stratifying 13-th numerical feature ...
dp[2][188]=-8e+10
dp[3][188]=-8e+10
dp[4][188]=-8e+10
dp[5][188]=-8e+10
dp[6][188]=-8e+10
dp[7][188]=-8e+10
dp[8][188]=-8e+10
dp[9][188]=-8e+10
dp[10][188]=-8e+10
dp[11][188]=-8e+10
dp[12][188]=-8e+10
dp[13][188]=-8e+10
Select best dp
Best k=5
Stratifying 11-th numerical feature ...
dp[2][188]=-610.941
dp[3][188]=-951.972
dp[4][188]=-1264.55
dp[5][188]=-1283.53
dp[6][188]=-1291.69
dp[7][188]=-1267.66
dp[8][188]=-1230.75
dp[9][188]=-1190.95
dp[10][188]=-1111.31
dp[11][188]=-1012.61
dp[12][188]=-890.388
dp[13][188]=-761.398
Select best dp
Best k=6
Stratifying 15-th numerical feature ...
dp[2][188]=-148.687
dp[3][188]=-134.679
dp[4][188]=-97.4653
dp[5][188]=-55.2592
dp[6][188]=-6.8627
dp[7][188]=94.3567
dp[8][188]=198.792
dp[9][188]=333.066
dp[10][188]=474.25
dp[11][188]=615.739
dp[12][188]=759.867
dp[13][188]=905.373
Select best dp
Best k=2
Stratifying 13-th numerical feature ...
dp[2][188]=-330.685
dp[3][188]=-528.894
dp[4][188]=-699.717
dp[5][188]=-665.616
dp[6][188]=-608.465
dp[7][188]=-541.886
dp[8][188]=-454.968
dp[9][188]=-358.445
dp[10][188]=-237.131
dp[11][188]=-107.121
dp[12][188]=32.8466
dp[13][188]=184.51
Select best dp
Best k=4
Stratifying 15-th numerical feature ...
dp[2][188]=-39.0429
dp[3][188]=-145.937
dp[4][188]=-114.582
dp[5][188]=-70.117
dp[6][188]=-9.22892
dp[7][188]=78.724
dp[8][188]=193.017
dp[9][188]=314.874
dp[10][188]=453.225
dp[11][188]=603.647
dp[12][188]=784.075
dp[13][188]=967.877
Select best dp
Best k=3
Stratifying 14-th numerical feature ...
dp[2][188]=-97.3404
dp[3][188]=-143.997
dp[4][188]=-189.351
dp[5][188]=-111.991
dp[6][188]=-2.60729
dp[7][188]=106.857
dp[8][188]=234.174
dp[9][188]=366.34
dp[10][188]=506.919
dp[11][188]=653.559
dp[12][188]=804.546
dp[13][188]=976.778
Select best dp
Best k=4
Stratifying 8-th numerical feature ...
dp[2][188]=6.16818
dp[3][188]=-6.84034
dp[4][188]=-10.4452
dp[5][188]=76.1085
dp[6][188]=190.103
dp[7][188]=311.14
dp[8][188]=442.16
dp[9][188]=579.428
dp[10][188]=721.713
dp[11][188]=870.332
dp[12][188]=1030.22
dp[13][188]=1193.03
Select best dp
Best k=4
Stratifying 8-th numerical feature ...
dp[2][188]=-264.997
dp[3][188]=-397.222
dp[4][188]=-529.263
dp[5][188]=-495.096
dp[6][188]=-416.633
dp[7][188]=-334.965
dp[8][188]=-229.14
dp[9][188]=-119.537
dp[10][188]=4.57462
dp[11][188]=131.246
dp[12][188]=272.379
dp[13][188]=434.745
Select best dp
Best k=4
Stratifying 8-th numerical feature ...
dp[2][188]=83.0111
dp[3][188]=129.783
dp[4][188]=181.333
dp[5][188]=306.773
dp[6][188]=447.193
dp[7][188]=588.069
dp[8][188]=737.853
dp[9][188]=892.339
dp[10][188]=1055.56
dp[11][188]=1219.21
dp[12][188]=1388.16
dp[13][188]=1572.69
Select best dp
Best k=2
dp[2][188]=-277.717
dp[3][188]=-419.487
dp[4][188]=-560.636
dp[5][188]=-531.935
dp[6][188]=-456.659
dp[7][188]=-379.089
dp[8][188]=-275.313
dp[9][188]=-166.967
dp[10][188]=-43.8046
dp[11][188]=80.3013
dp[12][188]=219.545
dp[13][188]=380.869
Select best dp
Best k=4
Stratifying 8-th numerical feature ...
Stratifying 8-th numerical feature ...
dp[2][188]=-104.711
dp[3][188]=-9e+10
dp[4][188]=-1.5e+11
dp[5][188]=-2e+11
dp[6][188]=-2.5e+11
dp[7][188]=-2.9e+11
dp[8][188]=-3.4e+11
dp[9][188]=-3.9e+11
dp[10][188]=-4e+11
dp[11][188]=-4.5e+11
dp[12][188]=-4.6e+11
dp[13][188]=-5.1e+11
Select best dp
Best k=13
Stratifying 6-th numerical feature ...
dp[2][188]=-277.717
dp[3][188]=-419.487
dp[4][188]=-560.636
dp[5][188]=-531.935
dp[6][188]=-456.659
dp[7][188]=-379.089
dp[8][188]=-275.313
dp[9][188]=-166.967
dp[10][188]=-43.8046
dp[11][188]=80.3013
dp[12][188]=219.545
dp[13][188]=380.869
Select best dp
Best k=4
dp[2][188]=-89.225
dp[3][188]=-118.242
dp[4][188]=-96.0837
dp[5][188]=-55.3861
dp[6][188]=19.786
dp[7][188]=110.872
dp[8][188]=223.518
dp[9][188]=344.529
dp[10][188]=469.982
dp[11][188]=603.148
dp[12][188]=738.272
dp[13][188]=872.438
Select best dp
Best k=3
Stratifying 8-th numerical feature ...
Stratifying 12-th numerical feature ...
dp[2][188]=-369.249
dp[3][188]=-615.748
dp[4][188]=-756.9
dp[5][188]=-872.375
dp[6][188]=-848.321
dp[7][188]=-804.301
dp[8][188]=-718.205
dp[9][188]=-644.016
dp[10][188]=-549.041
dp[11][188]=-443.276
dp[12][188]=-312.193
dp[13][188]=-132.599
Select best dp
Best k=5
Stratifying 16-th numerical feature ...
dp[2][188]=134.408
dp[3][188]=164.567
dp[4][188]=216.945
dp[5][188]=278.162
dp[6][188]=382.383
dp[7][188]=503.826
dp[8][188]=638.184
dp[9][188]=772.968
dp[10][188]=915.916
dp[11][188]=1063.16
dp[12][188]=1222.45
dp[13][188]=1388.54
Select best dp
Best k=2
Stratifying 16-th numerical feature ...
dp[2][188]=-856.138
dp[3][188]=-978.304
dp[4][188]=-958.425
dp[5][188]=-879.397
dp[6][188]=-788.396
dp[7][188]=-690.141
dp[8][188]=-571.056
dp[9][188]=-441.933
dp[10][188]=-308.321
dp[11][188]=-173.235
dp[12][188]=-13.6205
dp[13][188]=147.95
Select best dp
Best k=3
Stratifying 7-th numerical feature ...
dp[2][188]=-39.0429
dp[3][188]=-145.937
dp[4][188]=-114.582
dp[5][188]=-70.117
dp[6][188]=-9.22892
dp[7][188]=78.724
dp[8][188]=193.017
dp[9][188]=314.874
dp[10][188]=444.763
dp[11][188]=579.178
dp[12][188]=715.231
dp[13][188]=861.151
Select best dp
Best k=3
Stratifying 14-th numerical feature ...
dp[2][188]=-265.989
dp[3][188]=-412.794
dp[4][188]=-542.489
dp[5][188]=-489.386
dp[6][188]=-419.095
dp[7][188]=-336.93
dp[8][188]=-243.851
dp[9][188]=-145.419
dp[10][188]=-23.838
dp[11][188]=110.722
dp[12][188]=252.757
dp[13][188]=404.947
Select best dp
Best k=4
Stratifying 15-th numerical feature ...
dp[2][188]=-930.689
dp[3][188]=-1217.02
dp[4][188]=-1383.33
dp[5][188]=-1389.11
dp[6][188]=-1374.46
dp[7][188]=-1344.61
dp[8][188]=-1276.7
dp[9][188]=-1201.5
dp[10][188]=-1094.09
dp[11][188]=-976.547
dp[12][188]=-830.589
dp[13][188]=-677.712
Select best dp
Best k=5
dp[2][188]=-218.822
dp[3][188]=-215.68
dp[4][188]=-203.267
dp[5][188]=-112.965
dp[6][188]=-9.14852
dp[7][188]=107.281
dp[8][188]=233.281
dp[9][188]=365.694
dp[10][188]=517.104
dp[11][188]=670.265
dp[12][188]=842.281
dp[13][188]=1016.82
Select best dp
Best k=2
dp[2][188]=-148.687
dp[3][188]=-134.679
dp[4][188]=-97.4653
dp[5][188]=-55.2592
dp[6][188]=-6.8627
dp[7][188]=94.3567
dp[8][188]=198.792
dp[9][188]=327.871
dp[10][188]=465.976
dp[11][188]=607.161
dp[12][188]=749.319
dp[13][188]=894.825
Select best dp
Best k=2
Stratifying 13-th numerical feature ...
dp[2][188]=0.530642
dp[3][188]=-12.719
dp[4][188]=-8.46569
dp[5][188]=54.1791
dp[6][188]=164.391
dp[7][188]=283.795
dp[8][188]=410.057
dp[9][188]=545.383
dp[10][188]=682.829
dp[11][188]=821.842
dp[12][188]=976.993
dp[13][188]=1141.28
Select best dp
Best k=3
Stratifying 9-th numerical feature ...
dp[2][188]=-265.989
dp[3][188]=-412.794
dp[4][188]=-542.489
dp[5][188]=-489.386
dp[6][188]=-419.095
dp[7][188]=-336.93
dp[8][188]=-244.43
dp[9][188]=-151.192
dp[10][188]=-50.5028
dp[11][188]=66.5246
dp[12][188]=191.595
dp[13][188]=321.458
Select best dp
Best k=4
Stratifying 15-th numerical feature ...
dp[2][188]=-150.279
dp[3][188]=-230.367
dp[4][188]=-245.293
dp[5][188]=-242.886
dp[6][188]=-136.092
dp[7][188]=-30.691
dp[8][188]=103.24
dp[9][188]=224.522
dp[10][188]=359.05
dp[11][188]=502.705
dp[12][188]=658.827
dp[13][188]=862.774
Select best dp
Best k=4
Stratifying 16-th numerical feature ...
dp[2][188]=-281.67
dp[3][188]=-415.992
dp[4][188]=-531.418
dp[5][188]=-548.265
dp[6][188]=-469.503
dp[7][188]=-389.194
dp[8][188]=-276.12
dp[9][188]=-161.724
dp[10][188]=-35.5119
dp[11][188]=92.0093
dp[12][188]=226.91
dp[13][188]=389.164
Select best dp
Best k=5
Stratifying 9-th numerical feature ...
dp[2][188]=-98.7778
dp[3][188]=-143.835
dp[4][188]=-171.248
dp[5][188]=-118.414
dp[6][188]=-8.63702
dp[7][188]=109.645
dp[8][188]=245.72
dp[9][188]=385.376
dp[10][188]=534.729
dp[11][188]=684.376
dp[12][188]=834.905
dp[13][188]=1008.73
Select best dp
Best k=4
Stratifying 9-th numerical feature ...
dp[2][188]=-268.553
dp[3][188]=-395.211
dp[4][188]=-503.466
dp[5][188]=-511.345
dp[6][188]=-429.847
dp[7][188]=-347.633
dp[8][188]=-234.925
dp[9][188]=-118.616
dp[10][188]=6.56768
dp[11][188]=132.684
dp[12][188]=269.385
dp[13][188]=432.158
Select best dp
Best k=5
Stratifying 9-th numerical feature ...
dp[2][188]=-281.67
dp[3][188]=-415.992
dp[4][188]=-531.418
dp[5][188]=-548.265
dp[6][188]=-469.503
dp[7][188]=-389.194
dp[8][188]=-276.12
dp[9][188]=-161.724
dp[10][188]=-35.5119
dp[11][188]=92.0093
dp[12][188]=226.91
dp[13][188]=389.164
Select best dp
Best k=5
Stratifying 9-th numerical feature ...
dp[2][188]=84.1145
dp[3][188]=128.322
dp[4][188]=179.158
dp[5][188]=311.438
dp[6][188]=451.893
dp[7][188]=607.476
dp[8][188]=765.754
dp[9][188]=928.949
dp[10][188]=1095.19
dp[11][188]=1268.17
dp[12][188]=1441.7
dp[13][188]=1627.78
Select best dp
Best k=2
Stratifying 9-th numerical feature ...
dp[2][188]=2.72882
dp[3][188]=-24.8462
dp[4][188]=8.3452
dp[5][188]=98.7098
dp[6][188]=200.884
dp[7][188]=326.276
dp[8][188]=453.968
dp[9][188]=595.958
dp[10][188]=742.768
dp[11][188]=890.729
dp[12][188]=1052.76
dp[13][188]=1220.74
Select best dp
Best k=3
Stratifying 10-th numerical feature ...
dp[2][188]=-351.921
dp[3][188]=-450.955
dp[4][188]=-446.946
dp[5][188]=-364.918
dp[6][188]=-271.856
dp[7][188]=-172.923
dp[8][188]=-47.0069
dp[9][188]=79.5171
dp[10][188]=217.595
dp[11][188]=367.897
dp[12][188]=523.133
dp[13][188]=690.463
Select best dp
Best k=3
dp[2][188]=-276.046
dp[3][188]=-422.28
dp[4][188]=-517.416
dp[5][188]=-476.817
dp[6][188]=-422.316
dp[7][188]=-339.037
dp[8][188]=-243.64
dp[9][188]=-113.915
dp[10][188]=23.105
dp[11][188]=162.688
dp[12][188]=304.764
dp[13][188]=464.658
Select best dp
Best k=4
Stratifying 10-th numerical feature ...
dp[2][188]=-150.279
dp[3][188]=-230.367
dp[4][188]=-245.293
dp[5][188]=-242.886
dp[6][188]=-136.092
dp[7][188]=-30.691
dp[8][188]=99.5976
dp[9][188]=224.522
dp[10][188]=354.811
dp[11][188]=489.338
dp[12][188]=627.386
dp[13][188]=770.8
Select best dp
Best k=4
Stratifying 16-th numerical feature ...
dp[2][188]=-39.0429
dp[3][188]=-145.937
dp[4][188]=-114.582
dp[5][188]=-70.117
dp[6][188]=-9.22892
dp[7][188]=78.724
dp[8][188]=193.017
dp[9][188]=314.874
dp[10][188]=442.734
dp[11][188]=569.043
dp[12][188]=703.458
dp[13][188]=839.511
Select best dp
Best k=3
Stratifying 14-th numerical feature ...
dp[2][188]=-680.342
dp[3][188]=-755.778
dp[4][188]=-719.685
dp[5][188]=-625.845
dp[6][188]=-521.592
dp[7][188]=-416.092
dp[8][188]=-295.302
dp[9][188]=-172.429
dp[10][188]=-32.2832
dp[11][188]=107.872
dp[12][188]=251.148
dp[13][188]=394.774
Select best dp
Best k=3
Stratifying 7-th numerical feature ...
dp[2][188]=-242.409
dp[3][188]=-368.535
dp[4][188]=-491.354
dp[5][188]=-454.855
dp[6][188]=-374.704
dp[7][188]=-289.703
dp[8][188]=-182.048
dp[9][188]=-71.2222
dp[10][188]=52.162
dp[11][188]=179.594
dp[12][188]=321.72
dp[13][188]=483.37
Select best dp
Best k=4
Stratifying 8-th numerical feature ...
dp[2][188]=32.5841
dp[3][188]=-32.977
dp[4][188]=-41.7835
dp[5][188]=43.5845
dp[6][188]=156.372
dp[7][188]=273.408
dp[8][188]=396.32
dp[9][188]=531.183
dp[10][188]=674.456
dp[11][188]=823.808
dp[12][188]=983.575
dp[13][188]=1153.78
Select best dp
Best k=4
Stratifying 11-th numerical feature ...
dp[2][188]=-243.933
dp[3][188]=-437.85
dp[4][188]=-583.874
dp[5][188]=-553.577
dp[6][188]=-479.138
dp[7][188]=-382.569
dp[8][188]=-263.561
dp[9][188]=-146.609
dp[10][188]=-15.4546
dp[11][188]=121.839
dp[12][188]=260.943
dp[13][188]=430.597
Select best dp
Best k=4
Stratifying 11-th numerical feature ...
dp[2][188]=-97.4214
dp[3][188]=-146.829
dp[4][188]=-160.627
dp[5][188]=-69.4508
dp[6][188]=23.5674
dp[7][188]=134.932
dp[8][188]=259.818
dp[9][188]=408.448
dp[10][188]=560.584
dp[11][188]=716.094
dp[12][188]=873.542
dp[13][188]=1044.51
Select best dp
Best k=4
Stratifying 10-th numerical feature ...
dp[2][188]=-351.921
dp[3][188]=-450.955
dp[4][188]=-446.946
dp[5][188]=-364.918
dp[6][188]=-271.856
dp[7][188]=-172.923
dp[8][188]=-53.7122
dp[9][188]=70.2796
dp[10][188]=194.372
dp[11][188]=319.096
dp[12][188]=463.866
dp[13][188]=613.032
Select best dp
Best k=3
dp[2][188]=-263.92
dp[3][188]=-402.918
dp[4][188]=-485.723
dp[5][188]=-443.643
dp[6][188]=-383.772
dp[7][188]=-296.554
dp[8][188]=-199.449
dp[9][188]=-70.9522
dp[10][188]=67.7895
dp[11][188]=207.806
dp[12][188]=352.186
dp[13][188]=512.51
Select best dp
Best k=4
Stratifying 10-th numerical feature ...
dp[2][188]=-276.046
dp[3][188]=-422.28
dp[4][188]=-517.416
dp[5][188]=-476.817
dp[6][188]=-422.316
dp[7][188]=-339.037
dp[8][188]=-243.64
dp[9][188]=-113.915
dp[10][188]=23.105
dp[11][188]=162.688
dp[12][188]=304.764
dp[13][188]=464.658
Select best dp
Best k=4
Stratifying 10-th numerical feature ...
dp[2][188]=81.0791
dp[3][188]=128.602
dp[4][188]=195.54
dp[5][188]=322.384
dp[6][188]=461.833
dp[7][188]=607.096
dp[8][188]=760.685
dp[9][188]=923.938
dp[10][188]=1090.18
dp[11][188]=1264.49
dp[12][188]=1439.55
dp[13][188]=1623.3
Select best dp
Best k=2
Stratifying 10-th numerical feature ...
dp[2][188]=-265.989
dp[3][188]=-412.794
dp[4][188]=-542.489
dp[5][188]=-489.386
dp[6][188]=-419.095
dp[7][188]=-336.93
dp[8][188]=-244.43
dp[9][188]=-151.192
dp[10][188]=-50.5028
dp[11][188]=66.5246
dp[12][188]=191.595
dp[13][188]=319.481
Select best dp
Best k=4
Stratifying 15-th numerical feature ...
dp[2][188]=151.693
dp[3][188]=173.189
dp[4][188]=230.006
dp[5][188]=319.96
dp[6][188]=415.693
dp[7][188]=516.918
dp[8][188]=646.64
dp[9][188]=777.373
dp[10][188]=911.774
dp[11][188]=1056.86
dp[12][188]=1222.55
dp[13][188]=1398.89
Select best dp
Best k=2
Stratifying 12-th numerical feature ...
dp[2][188]=-89.225
dp[3][188]=-118.242
dp[4][188]=-93.2583
dp[5][188]=-32.3443
dp[6][188]=42.7685
dp[7][188]=128.596
dp[8][188]=256.181
dp[9][188]=384.131
dp[10][188]=517.493
dp[11][188]=658.661
dp[12][188]=824.361
dp[13][188]=1007.92
Select best dp
Best k=3
dp[2][188]=-78.8431
dp[3][188]=-148.73
dp[4][188]=-197.247
dp[5][188]=-118.794
dp[6][188]=-10.6624
dp[7][188]=120.044
dp[8][188]=267.584
dp[9][188]=408.44
dp[10][188]=557.308
dp[11][188]=708.259
dp[12][188]=865.419
dp[13][188]=1043.57
Select best dp
Best k=4
Stratifying 12-th numerical feature ...
Stratifying 11-th numerical feature ...
dp[2][188]=-243.933
dp[2][188]=114.129
dp[3][188]=151.105
dp[3][188]=-437.85
dp[4][188]=224.188
dp[4][188]=-583.874
dp[5][188]=319.221
dp[5][188]=-553.577
dp[6][188]=414.843
dp[6][188]=-479.138
dp[7][188]=533.057
dp[7][188]=-382.569
dp[8][188]=655.347
dp[8][188]=-263.561
dp[9][188]=796.063
dp[9][188]=-146.609
dp[10][188]=939.381
dp[10][188]=-15.4546
dp[11][188]=1091.23
dp[11][188]=121.839
dp[12][188]=1255.81
dp[12][188]=260.943
dp[13][188]=1428.09
dp[13][188]=430.597
Select best dp
Select best dp
Best k=2
Best k=4
Stratifying 13-th numerical feature ...
Stratifying 11-th numerical feature ...
dp[2][188]=-150.279
dp[3][188]=-230.367
dp[4][188]=-245.293
dp[5][188]=-242.886
dp[6][188]=-136.092
dp[7][188]=-30.691
dp[8][188]=94.0898
dp[9][188]=224.522
dp[10][188]=349.303
dp[11][188]=482.992
dp[12][188]=617.63
dp[13][188]=752.475
Select best dp
Best k=4
Stratifying 16-th numerical feature ...
dp[2][188]=-245.882
dp[3][188]=-365.904
dp[4][188]=-469.023
dp[5][188]=-470.198
dp[6][188]=-388.32
dp[7][188]=-303.138
dp[8][188]=-189.973
dp[9][188]=-72.5509
dp[10][188]=52.8753
dp[11][188]=179.396
dp[12][188]=317.783
dp[13][188]=480.34
Select best dp
Best k=5
Stratifying 9-th numerical feature ...
dp[2][188]=-148.687
dp[3][188]=-134.679
dp[4][188]=-97.4653
dp[5][188]=-55.2592
dp[6][188]=-6.8627
dp[7][188]=97.5728
dp[8][188]=208.478
dp[9][188]=345.607
dp[10][188]=486.791
dp[11][188]=638.371
dp[12][188]=798.703
dp[13][188]=982.47
Select best dp
Best k=2
Stratifying 13-th numerical feature ...
dp[2][188]=18.2803
dp[3][188]=57.3316
dp[4][188]=139.327
dp[5][188]=250.186
dp[6][188]=372.625
dp[7][188]=505.526
dp[8][188]=659.307
dp[9][188]=813.614
dp[10][188]=968.811
dp[11][188]=1128.03
dp[12][188]=1299.24
dp[13][188]=1494.51
Select best dp
Best k=2
Stratifying 12-th numerical feature ...
dp[2][188]=-1.88641e+10
dp[3][188]=-1.88641e+10
dp[4][188]=-1.88641e+10
dp[5][188]=-1.88641e+10
dp[6][188]=-1.88641e+10
dp[7][188]=-1.88641e+10
dp[8][188]=-1.88641e+10
dp[9][188]=-1.88641e+10
dp[10][188]=-1.88641e+10
dp[11][188]=-1.88641e+10
dp[12][188]=-1.88641e+10
dp[13][188]=-1.88641e+10
Select best dp
Best k=5
Stratifying 8-th numerical feature ...
dp[2][188]=-229.467
dp[3][188]=-415.263
dp[4][188]=-553.539
dp[5][188]=-517.341
dp[6][188]=-438.66
dp[7][188]=-340.346
dp[8][188]=-221.145
dp[9][188]=-102.6
dp[10][188]=30.3285
dp[11][188]=167.003
dp[12][188]=308.104
dp[13][188]=479.016
Select best dp
Best k=4
Stratifying 11-th numerical feature ...
dp[2][188]=86.2471
dp[3][188]=135.237
dp[4][188]=189.379
dp[5][188]=314.587
dp[6][188]=456.411
dp[7][188]=619.091
dp[8][188]=781.864
dp[9][188]=946.707
dp[10][188]=1113.41
dp[11][188]=1285.36
dp[12][188]=1463.13
dp[13][188]=1653.6
Select best dp
Best k=2
Stratifying 11-th numerical feature ...
dp[2][188]=139.486
dp[3][188]=125.671
dp[4][188]=179.373
dp[5][188]=248.415
dp[6][188]=354.686
dp[7][188]=484.383
dp[8][188]=617.058
dp[9][188]=751.123
dp[10][188]=895.965
dp[11][188]=1043.04
dp[12][188]=1224.91
dp[13][188]=1420.61
Select best dp
Best k=3
Stratifying 14-th numerical feature ...
dp[2][188]=-89.225
dp[3][188]=-118.242
dp[4][188]=-93.2583
dp[5][188]=-32.3443
dp[6][188]=42.7685
dp[7][188]=128.596
dp[8][188]=256.181
dp[9][188]=384.131
dp[10][188]=517.493
dp[11][188]=658.661
dp[12][188]=824.361
dp[13][188]=1007.92
Select best dp
Best k=3
Stratifying 12-th numerical feature ...
dp[2][188]=-23.8119
dp[3][188]=55.6113
dp[4][188]=143.221
dp[5][188]=229.039
dp[6][188]=327.303
dp[7][188]=464.323
dp[2][188]=-39.0429
dp[8][188]=602.247
dp[3][188]=-145.937
dp[9][188]=762.53
dp[4][188]=-114.582
dp[10][188]=923.145
dp[5][188]=-70.117
dp[11][188]=1093.04
dp[6][188]=-9.22892
dp[12][188]=1266.26
dp[7][188]=78.724
dp[13][188]=1460.75
dp[8][188]=193.017
Select best dp
dp[9][188]=314.874
Best k=2
dp[10][188]=453.225
dp[11][188]=603.647
dp[12][188]=784.075
dp[13][188]=967.877
Select best dp
Best k=3
Stratifying 13-th numerical feature ...
Stratifying 14-th numerical feature ...
dp[2][188]=-351.921
dp[3][188]=-450.955
dp[4][188]=-446.946
dp[5][188]=-364.918
dp[6][188]=-271.856
dp[7][188]=-181.457
dp[8][188]=-82.5234
dp[9][188]=36.6871
dp[10][188]=160.679
dp[11][188]=285.403
dp[12][188]=426.988
dp[13][188]=569.296
Select best dp
Best k=3
dp[2][188]=21.971
dp[3][188]=11.2056
dp[4][188]=11.7814
dp[5][188]=115.945
dp[6][188]=227.519
dp[7][188]=350.978
dp[8][188]=476.37
dp[9][188]=604.062
dp[10][188]=747.143
dp[11][188]=893.459
dp[12][188]=1054.73
dp[13][188]=1216.93
Select best dp
Best k=3
Stratifying 15-th numerical feature ...
dp[2][188]=-148.687
dp[3][188]=-134.679
dp[4][188]=-97.4653
dp[5][188]=-55.2592
dp[6][188]=-6.8627
dp[7][188]=97.5728
dp[8][188]=208.478
dp[9][188]=345.607
dp[10][188]=486.791
dp[11][188]=638.371
dp[12][188]=798.703
dp[13][188]=982.47
Select best dp
Best k=2
Stratifying 13-th numerical feature ...
dp[2][188]=-265.989
dp[3][188]=-412.794
dp[4][188]=-542.489
dp[5][188]=-489.386
dp[6][188]=-419.095
dp[7][188]=-336.93
dp[8][188]=-243.851
dp[9][188]=-145.419
dp[10][188]=-23.838
dp[11][188]=110.722
dp[12][188]=252.757
dp[13][188]=404.947
Select best dp
Best k=4
Stratifying 15-th numerical feature ...
dp[2][188]=63.5597
dp[3][188]=62.2026
dp[4][188]=147.688
dp[5][188]=243.368
dp[6][188]=343.346
dp[7][188]=459.509
dp[8][188]=598.333
dp[9][188]=748.694
dp[10][188]=908.822
dp[11][188]=1069
dp[12][188]=1253.12
dp[13][188]=1445.09
Select best dp
Best k=3
Stratifying 14-th numerical feature ...
dp[2][188]=-9e+10
dp[3][188]=-9e+10
dp[4][188]=-9e+10
dp[5][188]=-9e+10
dp[6][188]=-9e+10
dp[7][188]=-9e+10
dp[8][188]=-9e+10
dp[9][188]=-9e+10
dp[10][188]=-9e+10
dp[11][188]=-9e+10
dp[12][188]=-9e+10
dp[13][188]=-9e+10
Select best dp
Best k=5
Stratifying 9-th numerical feature ...
dp[2][188]=-28.027
dp[3][188]=-50.6362
dp[4][188]=-19.2776
dp[5][188]=42.4795
dp[6][188]=118.909
dp[7][188]=203.667
dp[8][188]=327.929
dp[9][188]=454.475
dp[10][188]=588.461
dp[11][188]=725.52
dp[12][188]=887.294
dp[13][188]=1070.02
Select best dp
Best k=3
Stratifying 12-th numerical feature ...
dp[2][188]=-240.538
dp[3][188]=-373.157
dp[4][188]=-448.441
dp[5][188]=-408.568
dp[6][188]=-344.949
dp[7][188]=-256.5
dp[8][188]=-157.28
dp[9][188]=-29.583
dp[10][188]=108.568
dp[11][188]=248.598
dp[12][188]=395.635
dp[13][188]=556.621
Select best dp
Best k=4
Stratifying 10-th numerical feature ...
dp[2][188]=125.786
dp[3][188]=231.15
dp[4][188]=371.56
dp[5][188]=532.298
dp[6][188]=700.7
dp[7][188]=875.969
dp[8][188]=1051.45
dp[9][188]=1227.11
dp[10][188]=1408.1
dp[11][188]=1589.14
dp[12][188]=1770.25
dp[13][188]=1976.52
Select best dp
Best k=2
Stratifying 12-th numerical feature ...
dp[2][188]=134.408
dp[3][188]=164.567
dp[4][188]=216.945
dp[5][188]=278.162
dp[6][188]=382.383
dp[7][188]=503.826
dp[8][188]=638.184
dp[9][188]=772.968
dp[10][188]=915.916
dp[11][188]=1063.16
dp[12][188]=1222.45
dp[13][188]=1388.54
Select best dp
Best k=2
Stratifying 16-th numerical feature ...
dp[2][188]=-39.0429
dp[3][188]=-145.937
dp[4][188]=-114.582
dp[5][188]=-70.117
dp[6][188]=-9.22892
dp[7][188]=78.724
dp[8][188]=193.017
dp[9][188]=314.874
dp[10][188]=453.225
dp[11][188]=603.647
dp[12][188]=784.075
dp[13][188]=967.877
Select best dp
Best k=3
Stratifying 14-th numerical feature ...
dp[2][188]=-150.279
dp[3][188]=-230.367
dp[4][188]=-245.293
dp[5][188]=-242.886
dp[6][188]=-136.092
dp[7][188]=-30.691
dp[8][188]=103.24
dp[9][188]=224.522
dp[10][188]=359.05
dp[11][188]=502.705
dp[12][188]=658.827
dp[13][188]=862.774
Select best dp
Best k=4
dp[2][188]=-93.5137
dp[3][188]=-143.205
dp[4][188]=-182.665
dp[5][188]=-93.9145
dp[6][188]=14.5001
dp[7][188]=125.856
dp[8][188]=249.396
dp[9][188]=376.947
dp[10][188]=519.896
dp[11][188]=669.805
dp[12][188]=821.942
dp[13][188]=986.769
Select best dp
Best k=4
Stratifying 16-th numerical feature ...
Stratifying 15-th numerical feature ...
dp[2][188]=-7.73456e+09
dp[3][188]=-7.73456e+09
dp[4][188]=-7.73456e+09
dp[5][188]=-7.73456e+09
dp[6][188]=-7.73456e+09
dp[7][188]=-7.73456e+09
dp[8][188]=-7.73456e+09
dp[9][188]=-7.73456e+09
dp[10][188]=-7.73456e+09
dp[11][188]=-7.73456e+09
dp[12][188]=-7.73456e+09
dp[13][188]=-7.73456e+09
Select best dp
Best k=5
Stratifying 10-th numerical feature ...
dp[2][188]=-218.822
dp[3][188]=-215.68
dp[4][188]=-203.267
dp[5][188]=-112.965
dp[6][188]=-9.14852
dp[7][188]=107.281
dp[8][188]=233.281
dp[9][188]=365.694
dp[10][188]=517.104
dp[11][188]=670.265
dp[12][188]=842.281
dp[13][188]=1016.82
Select best dp
Best k=2
dp[2][188]=-265.989
dp[3][188]=-412.794
dp[4][188]=-542.489
dp[5][188]=-489.386
dp[6][188]=-419.095
dp[7][188]=-336.93
dp[8][188]=-243.851
dp[9][188]=-145.419
dp[10][188]=-23.838
dp[11][188]=110.722
dp[12][188]=252.757
dp[13][188]=404.947
Select best dp
Best k=4
Stratifying 15-th numerical feature ...
dp[2][188]=-351.921
dp[3][188]=-450.955
dp[4][188]=-446.946
dp[5][188]=-364.918
dp[6][188]=-271.856
dp[7][188]=-172.923
dp[8][188]=-47.0069
dp[9][188]=79.5171
dp[10][188]=217.595
dp[11][188]=367.897
dp[12][188]=523.133
dp[13][188]=690.463
Select best dp
Best k=3
dp[2][188]=-40.7934
dp[3][188]=-37.6768
dp[4][188]=10.5113
dp[5][188]=71.8584
dp[6][188]=212.818
dp[7][188]=354.903
dp[8][188]=509.542
dp[9][188]=656.862
dp[10][188]=812.126
dp[11][188]=974.975
dp[12][188]=1143.99
dp[13][188]=1360.46
Select best dp
Best k=2
Stratifying 16-th numerical feature ...
dp[2][188]=-128.357
dp[3][188]=-116.568
dp[4][188]=-90.275
dp[5][188]=-38.3863
dp[6][188]=15.5419
dp[7][188]=120.847
dp[8][188]=232.289
dp[9][188]=367.023
dp[10][188]=508.7
dp[11][188]=657.944
dp[12][188]=817.1
dp[13][188]=995.844
Select best dp
Best k=2
Stratifying 13-th numerical feature ...
dp[2][188]=-204.639
dp[3][188]=-380.558
dp[4][188]=-512.05
dp[5][188]=-473.885
dp[6][188]=-392.185
dp[7][188]=-293.3
dp[8][188]=-175.098
dp[9][188]=-58.2911
dp[10][188]=75.4844
dp[11][188]=210.822
dp[12][188]=353.055
dp[13][188]=522.101
Select best dp
Best k=4
Stratifying 11-th numerical feature ...
dp[2][188]=100.925
dp[3][188]=233.72
dp[4][188]=369.91
dp[5][188]=513.283
dp[6][188]=658.453
dp[7][188]=823.396
dp[8][188]=995.635
dp[9][188]=1172.89
dp[10][188]=1351.73
dp[11][188]=1533.08
dp[12][188]=1719.2
dp[13][188]=1927.56
Select best dp
Best k=2
Stratifying 13-th numerical feature ...
dp[2][188]=-150.279
dp[3][188]=-230.367
dp[4][188]=-245.293
dp[5][188]=-242.886
dp[6][188]=-136.092
dp[7][188]=-30.691
dp[8][188]=103.24
dp[9][188]=224.522
dp[10][188]=359.05
dp[11][188]=502.705
dp[12][188]=658.827
dp[13][188]=862.774
Select best dp
Best k=4
Stratifying 16-th numerical feature ...
dp[2][188]=-8e+10
dp[3][188]=-8e+10
dp[4][188]=-8e+10
dp[5][188]=-8e+10
dp[6][188]=-8e+10
dp[7][188]=-8e+10
dp[8][188]=-8e+10
dp[9][188]=-8e+10
dp[10][188]=-8e+10
dp[11][188]=-8e+10
dp[12][188]=-8e+10
dp[13][188]=-8e+10
Select best dp
Best k=5
Stratifying 11-th numerical feature ...
dp[2][188]=-97.0004
dp[3][188]=-67.9235
dp[4][188]=20.9597
dp[5][188]=145.147
dp[6][188]=271.22
dp[7][188]=411.257
dp[8][188]=561.135
dp[9][188]=716.246
dp[10][188]=872.233
dp[11][188]=1033.49
dp[12][188]=1198.34
dp[13][188]=1374.08
Select best dp
Best k=2
dp[2][188]=-12.3396
dp[3][188]=-113.707
dp[4][188]=-81.616
dp[5][188]=-33.3474
dp[6][188]=41.6932
dp[7][188]=137.332
dp[8][188]=249.938
dp[9][188]=376.142
dp[10][188]=514.872
dp[11][188]=667.831
dp[12][188]=843.714
dp[13][188]=1027.24
Select best dp
Best k=3
Stratifying 14-th numerical feature ...
dp[2][188]=-351.921
dp[3][188]=-450.955
dp[4][188]=-446.946
dp[5][188]=-364.918
dp[6][188]=-271.856
dp[7][188]=-172.923
dp[8][188]=-47.0069
dp[9][188]=79.5171
dp[10][188]=217.595
dp[11][188]=367.897
dp[12][188]=523.133
dp[13][188]=690.463
Select best dp
Best k=3
dp[2][188]=-9.6547
dp[3][188]=-28.766
dp[4][188]=-3.67746
dp[5][188]=63.2592
dp[6][188]=136.771
dp[7][188]=223.403
dp[8][188]=347.304
dp[9][188]=471.918
dp[10][188]=605.37
dp[11][188]=740.49
dp[12][188]=903.629
dp[13][188]=1084.85
Select best dp
Best k=3
Stratifying 12-th numerical feature ...
dp[2][188]=166.162
dp[3][188]=270.343
dp[4][188]=390.742
dp[5][188]=523.514
dp[6][188]=682.626
dp[7][188]=826.522
dp[8][188]=991.18
dp[9][188]=1169.66
dp[10][188]=1350.63
dp[11][188]=1532.78
dp[12][188]=1717.58
dp[13][188]=1922.3
Select best dp
Best k=2
Stratifying 14-th numerical feature ...
dp[2][188]=-89.225
dp[3][188]=-118.242
dp[4][188]=-96.0837
dp[5][188]=-55.3861
dp[6][188]=19.786
dp[7][188]=110.872
dp[8][188]=223.518
dp[9][188]=344.529
dp[10][188]=469.982
dp[11][188]=603.148
dp[12][188]=738.272
dp[13][188]=872.438
Select best dp
Best k=3
Stratifying 12-th numerical feature ...
dp[2][188]=-252.911
dp[3][188]=-392.454
dp[4][188]=-510.832
dp[5][188]=-452.27
dp[6][188]=-379.693
dp[7][188]=-293.979
dp[8][188]=-197.685
dp[9][188]=-99.451
dp[10][188]=23.2835
dp[11][188]=160.073
dp[12][188]=304.418
dp[13][188]=456.277
Select best dp
Best k=4
Stratifying 15-th numerical feature ...
dp[2][188]=78.9157
dp[3][188]=126.384
dp[4][188]=176.179
dp[5][188]=300.577
dp[6][188]=440.019
dp[7][188]=585.145
dp[8][188]=738.71
dp[9][188]=894.935
dp[10][188]=1058.19
dp[11][188]=1221.73
dp[12][188]=1386.71
dp[13][188]=1568.43
Select best dp
Best k=2
Stratifying 15-th numerical feature ...
dp[2][188]=-110.232
dp[3][188]=-97.5417
dp[4][188]=-66.5201
dp[5][188]=-15.523
dp[6][188]=36.4465
dp[7][188]=143.183
dp[8][188]=255.438
dp[9][188]=389.765
dp[10][188]=530.596
dp[11][188]=678.771
dp[12][188]=837.162
dp[13][188]=1011.69
Select best dp
Best k=2
Stratifying 13-th numerical feature ...
dp[2][188]=-52.8246
dp[3][188]=-114.908
dp[4][188]=-108.421
dp[5][188]=-84.7765
dp[6][188]=13.323
dp[7][188]=116.141
dp[8][188]=247.492
dp[9][188]=372.094
dp[10][188]=504.835
dp[11][188]=647.489
dp[12][188]=798.816
dp[13][188]=993.554
Select best dp
Best k=3
Stratifying 16-th numerical feature ...
dp[2][188]=-148.687
dp[3][188]=-134.679
dp[4][188]=-97.4653
dp[5][188]=-55.2592
dp[6][188]=-6.8627
dp[7][188]=94.3567
dp[8][188]=198.792
dp[9][188]=326.332
dp[10][188]=453.73
dp[11][188]=594.915
dp[12][188]=737.073
dp[13][188]=882.368
Select best dp
Best k=2
Stratifying 13-th numerical feature ...
dp[2][188]=68.6917
dp[3][188]=154.288
dp[4][188]=265.589
dp[5][188]=386.603
dp[6][188]=558.099
dp[7][188]=730.964
dp[8][188]=906.25
dp[9][188]=1079.53
dp[10][188]=1259.04
dp[11][188]=1441.2
dp[12][188]=1629.15
dp[13][188]=1858.15
Select best dp
Best k=2
Stratifying 16-th numerical feature ...
dp[2][188]=-334.478
dp[3][188]=-381.926
dp[4][188]=-412.139
dp[5][188]=-334.315
dp[6][188]=-251.864
dp[7][188]=-147.94
dp[8][188]=-29.4869
dp[9][188]=92.327
dp[10][188]=237.465
dp[11][188]=384.737
dp[12][188]=533.399
dp[13][188]=703.418
Select best dp
Best k=4
dp[2][188]=5.23932
dp[3][188]=-91.0312
dp[4][188]=-62.4451
dp[5][188]=-16.0097
dp[6][188]=61.4204
dp[7][188]=158.298
dp[8][188]=271.258
dp[9][188]=397.295
dp[10][188]=535.597
dp[11][188]=688.065
dp[12][188]=860.602
dp[13][188]=1045.27
Select best dp
Best k=3
Stratifying 14-th numerical feature ...
dp[2][188]=139.486
dp[3][188]=289.772
dp[4][188]=454.685
dp[5][188]=625.527
dp[6][188]=798.678
dp[7][188]=974.484
dp[8][188]=1150.57
dp[9][188]=1325.5
dp[10][188]=1505.65
dp[11][188]=1686.48
dp[12][188]=1868.98
dp[13][188]=2055.31
Select best dp
Best k=2
dp[2][188]=-39.0429
dp[3][188]=-145.937
dp[4][188]=-114.582
dp[5][188]=-70.117
dp[6][188]=-9.22892
dp[7][188]=78.724
dp[8][188]=193.017
dp[9][188]=314.874
dp[10][188]=442.734
dp[11][188]=567.361
dp[12][188]=701.776
dp[13][188]=837.829
Select best dp
Best k=3
Stratifying 14-th numerical feature ...
dp[2][188]=-229.145
dp[3][188]=-362.191
dp[4][188]=-471.259
dp[5][188]=-410.167
dp[6][188]=-337.738
dp[7][188]=-250.553
dp[8][188]=-151.806
dp[9][188]=-53.0481
dp[10][188]=71.2323
dp[11][188]=206.385
dp[12][188]=353.414
dp[13][188]=505.491
Select best dp
Best k=4
Stratifying 15-th numerical feature ...
dp[2][188]=-7.59861e+09
dp[3][188]=-7.59861e+09
dp[4][188]=-7.59861e+09
dp[5][188]=-7.59861e+09
dp[6][188]=-7.59861e+09
dp[7][188]=-7.59861e+09
dp[8][188]=-7.59861e+09
dp[9][188]=-7.59861e+09
dp[10][188]=-7.59861e+09
dp[11][188]=-7.59861e+09
dp[12][188]=-7.59861e+09
dp[13][188]=-7.59861e+09
Select best dp
Best k=5
Stratifying 15-th numerical feature ...
dp[2][188]=-32.7773
dp[3][188]=-89.0401
dp[4][188]=-78.6388
dp[5][188]=-56.0896
dp[6][188]=40.2371
dp[7][188]=144.674
dp[8][188]=276.335
dp[9][188]=397.962
dp[10][188]=531.442
dp[11][188]=673.253
dp[12][188]=823.529
dp[13][188]=1015.62
Select best dp
Best k=3
Stratifying 16-th numerical feature ...
dp[2][188]=-150.279
dp[3][188]=-230.367
dp[4][188]=-245.293
dp[5][188]=-242.886
dp[6][188]=-136.092
dp[7][188]=-30.691
dp[8][188]=94.0898
dp[9][188]=224.522
dp[10][188]=349.303
dp[11][188]=482.992
dp[12][188]=617.532
dp[13][188]=752.377
Select best dp
Best k=4
Stratifying 16-th numerical feature ...
dp[2][188]=-327.574
dp[3][188]=-371.87
dp[4][188]=-399.841
dp[5][188]=-318.525
dp[6][188]=-236.854
dp[7][188]=-135.807
dp[8][188]=-16.8259
dp[9][188]=102.476
dp[10][188]=249.753
dp[11][188]=397.811
dp[12][188]=546.189
dp[13][188]=715.23
Select best dp
Best k=4
dp[2][188]=-351.921
dp[3][188]=-450.955
dp[4][188]=-446.946
dp[5][188]=-364.918
dp[6][188]=-273.19
dp[7][188]=-190.674
dp[8][188]=-91.7404
dp[9][188]=27.4702
dp[10][188]=148.37
dp[11][188]=269.796
dp[12][188]=394.236
dp[13][188]=535.622
Select best dp
Best k=3
