Standardize ...
Stratifying 1-th numerical feature ...
Standardize ...
Stratifying 1-th numerical feature ...
Standardize ...
Stratifying 1-th numerical feature ...
Standardize ...
Stratifying 1-th numerical feature ...
Standardize ...
Stratifying 1-th numerical feature ...
Standardize ...
Stratifying 1-th numerical feature ...
Standardize ...
Stratifying 1-th numerical feature ...
Standardize ...
Stratifying 1-th numerical feature ...
Standardize ...
Stratifying 1-th numerical feature ...
Standardize ...
Stratifying 1-th numerical feature ...
Standardize ...
Stratifying 1-th numerical feature ...
Standardize ...
Stratifying 1-th numerical feature ...
Standardize ...
Stratifying 1-th numerical feature ...
Standardize ...
Stratifying 1-th numerical feature ...
dp[2][422]=-182.008
dp[3][422]=-323.354
dp[4][422]=-414.483
dp[5][422]=-425.46
dp[6][422]=-432.605
dp[7][422]=-400.529
dp[8][422]=-359.36
dp[9][422]=-297.142
dp[10][422]=-232.209
dp[11][422]=-153.47
dp[12][422]=-58.479
dp[13][422]=43.7131
Select best dp
Best k=6
Stratifying 2-th numerical feature ...
dp[2][422]=-690.575
dp[3][422]=-1136.55
dp[4][422]=-1482.08
dp[5][422]=-1667.32
dp[6][422]=-1844.89
dp[7][422]=-1944.01
dp[8][422]=-2024.95
dp[9][422]=-2063.79
dp[10][422]=-2097.21
dp[11][422]=-2109.16
dp[12][422]=-2105.99
dp[13][422]=-2091.25
dp[14][422]=-2073.9
dp[15][422]=-2052.57
dp[16][422]=-2017.13
dp[17][422]=-1950.38
dp[18][422]=-1872.06
dp[19][422]=-1749.34
dp[20][422]=-1473.99
Select best dp
Best k=11
Stratifying 2-th numerical feature ...
dp[2][422]=-182.008
dp[3][422]=-323.354
dp[4][422]=-414.483
dp[5][422]=-425.46
dp[6][422]=-432.605
dp[7][422]=-400.529
dp[8][422]=-359.36
dp[9][422]=-297.142
dp[10][422]=-232.209
dp[11][422]=-156.547
dp[12][422]=-73.3188
dp[13][422]=15.6877
dp[14][422]=106.004
dp[15][422]=198.306
dp[16][422]=297.668
dp[17][422]=412.681
dp[18][422]=533.48
dp[19][422]=676.48
dp[20][422]=895.798
Select best dp
Best k=6
dp[2][422]=-182.008
dp[3][422]=-323.354
dp[4][422]=-414.483
dp[5][422]=-425.46
dp[6][422]=-432.605
dp[7][422]=-400.529
dp[8][422]=-359.36
dp[9][422]=-297.142
dp[10][422]=-232.209
dp[11][422]=-156.547
dp[12][422]=-73.3188
dp[13][422]=15.6877
dp[14][422]=106.004
dp[15][422]=198.306
dp[16][422]=297.668
dp[17][422]=412.681
dp[18][422]=533.48
dp[19][422]=676.48
dp[20][422]=895.798
Select best dp
Best k=6
Stratifying 2-th numerical feature ...
Stratifying 2-th numerical feature ...
dp[2][422]=-182.008
dp[3][422]=-323.354
dp[4][422]=-414.483
dp[5][422]=-425.46
dp[6][422]=-432.605
dp[7][422]=-400.529
dp[8][422]=-359.36
dp[9][422]=-297.142
dp[10][422]=-232.209
dp[11][422]=-156.547
dp[12][422]=-73.3188
dp[13][422]=15.6877
dp[14][422]=106.004
dp[15][422]=198.306
dp[16][422]=297.668
dp[17][422]=412.681
dp[18][422]=533.48
dp[19][422]=676.48
dp[20][422]=895.798
Select best dp
Best k=6
Stratifying 2-th numerical feature ...
dp[2][422]=-1871.55
dp[3][422]=-2171.03
dp[4][422]=-2302.54
dp[5][422]=-2364.06
dp[6][422]=-2388.21
dp[7][422]=-2367.07
dp[8][422]=-2345.73
dp[9][422]=-2302.47
dp[10][422]=-2253.8
dp[11][422]=-2161.83
dp[12][422]=-2070.03
dp[13][422]=-1960.08
Select best dp
Best k=6
Stratifying 3-th numerical feature ...
dp[2][422]=326.558
dp[3][422]=489.837
dp[4][422]=653.116
dp[5][422]=816.395
dp[6][422]=979.674
dp[7][422]=1142.95
dp[8][422]=1306.23
dp[9][422]=1469.51
dp[10][422]=1632.79
dp[11][422]=1796.07
dp[12][422]=1959.35
dp[13][422]=2122.63
dp[14][422]=2285.91
dp[15][422]=2449.19
dp[16][422]=2612.46
dp[17][422]=2775.74
dp[18][422]=2939.02
dp[19][422]=3102.3
dp[20][422]=3265.58
Select best dp
Best k=2
Stratifying 2-th numerical feature ...
dp[2][422]=-182.008
dp[2][422]=-182.008
dp[3][422]=-323.354
dp[3][422]=-323.354
dp[4][422]=-414.483
dp[4][422]=-414.483
dp[5][422]=-425.46
dp[5][422]=-425.46
dp[6][422]=-432.605
dp[6][422]=-432.605
dp[7][422]=-400.529
dp[7][422]=-400.529
dp[8][422]=-359.36
dp[8][422]=-359.36
dp[9][422]=-297.142
dp[9][422]=-297.142
dp[10][422]=-232.209
dp[10][422]=-232.209
dp[11][422]=-156.547
dp[11][422]=-156.547
dp[12][422]=-73.3188
dp[12][422]=-73.3188
dp[13][422]=15.6877
dp[13][422]=15.6877
dp[14][422]=106.004
dp[14][422]=106.004
dp[15][422]=198.306
dp[15][422]=198.306
dp[16][422]=297.668
dp[16][422]=297.668
dp[17][422]=412.681
dp[17][422]=412.681
dp[18][422]=533.48
dp[18][422]=533.48
dp[19][422]=676.48
dp[19][422]=676.48
dp[20][422]=895.798
dp[20][422]=895.798
Select best dp
Select best dp
Best k=6
Best k=6
Stratifying 2-th numerical feature ...
Stratifying 2-th numerical feature ...
dp[2][422]=-4112.21
dp[3][422]=-4895.9
dp[4][422]=-5327.55
dp[5][422]=-5636.29
dp[6][422]=-5855.71
dp[7][422]=-6004.58
dp[8][422]=-6125.18
dp[9][422]=-6205.59
dp[10][422]=-6271.53
dp[11][422]=-6263.61
dp[12][422]=-6254.67
dp[13][422]=-6242.17
dp[14][422]=-6227.95
dp[15][422]=-6210.24
dp[16][422]=-6169.44
dp[17][422]=-6126.93
dp[18][422]=-6041.73
dp[19][422]=-5875.19
dp[20][422]=-5621.78
Select best dp
Best k=10
dp[2][422]=-182.008
dp[3][422]=-323.354
dp[4][422]=-414.483
dp[5][422]=-425.46
dp[6][422]=-432.605
dp[7][422]=-400.529
dp[8][422]=-359.36
dp[9][422]=-297.142
dp[10][422]=-232.209
Stratifying 3-th numerical feature ...
dp[11][422]=-156.547
dp[12][422]=-73.3188
dp[13][422]=15.6877
dp[14][422]=106.004
dp[15][422]=198.306
dp[16][422]=297.668
dp[17][422]=412.681
dp[18][422]=533.48
dp[19][422]=676.48
dp[20][422]=895.798
Select best dp
Best k=6
Stratifying 2-th numerical feature ...
dp[2][422]=-1892.82
dp[3][422]=-2203.03
dp[4][422]=-2337.22
dp[5][422]=-2409.95
dp[6][422]=-2438.02
dp[7][422]=-2430.81
dp[8][422]=-2409.48
dp[9][422]=-2368.04
dp[10][422]=-2319.37
dp[11][422]=-2233.77
dp[12][422]=-2147.66
dp[13][422]=-2059.77
dp[14][422]=-1971.02
dp[15][422]=-1880.53
dp[16][422]=-1778.49
dp[17][422]=-1675.59
dp[18][422]=-1551.35
dp[19][422]=-1386.44
dp[20][422]=-1178.1
Select best dp
Best k=6
Stratifying 3-th numerical feature ...
dp[2][422]=-1892.82
dp[3][422]=-2203.03
dp[4][422]=-2337.22
dp[5][422]=-2409.95
dp[6][422]=-2438.02
dp[7][422]=-2430.81
dp[8][422]=-2409.48
dp[9][422]=-2368.04
dp[10][422]=-2319.37
dp[11][422]=-2233.77
dp[12][422]=-2147.66
dp[13][422]=-2059.77
dp[14][422]=-1971.02
dp[15][422]=-1880.53
dp[16][422]=-1778.49
dp[17][422]=-1675.59
dp[18][422]=-1551.35
dp[19][422]=-1386.44
dp[20][422]=-1178.1
Select best dp
Best k=6
dp[2][422]=72.2749
dp[3][422]=83.2416
dp[4][422]=119.316
dp[5][422]=195.467
dp[6][422]=273.534
dp[7][422]=371.212
dp[8][422]=473.436
dp[9][422]=586.185
dp[10][422]=700.291
dp[11][422]=819.761
dp[12][422]=943.015
dp[13][422]=1069.16
dp[14][422]=1195.96
dp[15][422]=1323.75
dp[16][422]=1455.07
dp[17][422]=1594.21
dp[18][422]=1736.25
dp[19][422]=1889.39
dp[20][422]=2080.69
Select best dp
Best k=2
Stratifying 3-th numerical feature ...
Stratifying 2-th numerical feature ...
dp[2][422]=-1892.82
dp[3][422]=-2203.03
dp[4][422]=-2337.22
dp[5][422]=-2409.95
dp[6][422]=-2438.02
dp[7][422]=-2430.81
dp[8][422]=-2409.48
dp[9][422]=-2368.04
dp[10][422]=-2319.37
dp[11][422]=-2233.77
dp[12][422]=-2147.66
dp[13][422]=-2059.77
dp[14][422]=-1971.02
dp[15][422]=-1880.53
dp[16][422]=-1778.49
dp[17][422]=-1675.59
dp[18][422]=-1551.35
dp[19][422]=-1386.44
dp[20][422]=-1178.1
Select best dp
Best k=6
Stratifying 3-th numerical feature ...
dp[2][422]=-147.926
dp[3][422]=-339.65
dp[4][422]=-390.033
dp[5][422]=-418.257
dp[6][422]=-432.16
dp[7][422]=-405.191
dp[8][422]=-375.979
dp[9][422]=-316.563
dp[10][422]=-244.97
dp[11][422]=-165.65
dp[12][422]=-55.6454
dp[13][422]=84.0612
Select best dp
Best k=6
dp[2][422]=-622.41
dp[3][422]=-4.8e+11
dp[4][422]=-9.6e+11
dp[5][422]=-1.42e+12
dp[6][422]=-1.86e+12
dp[7][422]=-2.3e+12
dp[8][422]=-2.3e+12
dp[9][422]=-2.74e+12
dp[10][422]=-2.74e+12
dp[11][422]=-2.74e+12
dp[12][422]=-2.74e+12
dp[13][422]=-2.74e+12
dp[14][422]=-2.74e+12
dp[15][422]=-2.74e+12
dp[16][422]=-2.74e+12
dp[17][422]=-2.74e+12
dp[18][422]=-2.74e+12
dp[19][422]=-2.72e+12
dp[20][422]=-4.2e+11
Select best dp
Best k=15
dp[2][422]=-147.926
dp[3][422]=-2.4e+11
dp[4][422]=-4.8e+11
dp[5][422]=-7.1e+11
dp[6][422]=-9.3e+11
dp[7][422]=-1.15e+12
dp[8][422]=-1.15e+12
dp[9][422]=-1.37e+12
dp[10][422]=-1.37e+12
dp[11][422]=-1.37e+12
dp[12][422]=-1.37e+12
dp[13][422]=-1.37e+12
dp[14][422]=-1.37e+12
dp[15][422]=-1.37e+12
dp[16][422]=-1.37e+12
dp[17][422]=-1.37e+12
dp[18][422]=-1.37e+12
dp[19][422]=-1.36e+12
dp[20][422]=-2.1e+11
Select best dp
Best k=10
dp[2][422]=-147.926
dp[3][422]=-2.4e+11
dp[4][422]=-4.8e+11
dp[5][422]=-7.1e+11
dp[6][422]=-9.3e+11
dp[7][422]=-1.15e+12
dp[8][422]=-1.15e+12
dp[9][422]=-1.37e+12
dp[10][422]=-1.37e+12
dp[11][422]=-1.37e+12
dp[12][422]=-1.37e+12
dp[13][422]=-1.37e+12
dp[14][422]=-1.37e+12
dp[15][422]=-1.37e+12
dp[16][422]=-1.37e+12
dp[17][422]=-1.37e+12
dp[18][422]=-1.37e+12
dp[19][422]=-1.36e+12
dp[20][422]=-2.1e+11
Select best dp
Best k=10
dp[2][422]=-182.008
dp[3][422]=-1.1e+11
dp[4][422]=-1.1e+11
dp[5][422]=-2.2e+11
dp[6][422]=-2.2e+11
dp[7][422]=-3.3e+11
dp[8][422]=-3.3e+11
dp[9][422]=-4.4e+11
dp[10][422]=-4.4e+11
dp[11][422]=-4.4e+11
dp[12][422]=-4.4e+11
dp[13][422]=-4.4e+11
dp[14][422]=-4.4e+11
dp[15][422]=-4.4e+11
dp[16][422]=-4.4e+11
dp[17][422]=-4.4e+11
dp[18][422]=-4.4e+11
dp[19][422]=-4.4e+11
dp[20][422]=-4.4e+11
Select best dp
Best k=10
Stratifying 2-th numerical feature ...
dp[2][422]=-147.926
dp[3][422]=-2.4e+11
dp[4][422]=-4.8e+11
dp[5][422]=-7.1e+11
dp[6][422]=-9.3e+11
dp[7][422]=-1.15e+12
dp[8][422]=-1.15e+12
dp[9][422]=-1.37e+12
dp[10][422]=-1.37e+12
dp[11][422]=-1.37e+12
dp[12][422]=-1.37e+12
dp[13][422]=-1.37e+12
dp[14][422]=-1.37e+12
dp[15][422]=-1.37e+12
dp[16][422]=-1.37e+12
dp[17][422]=-1.37e+12
dp[18][422]=-1.37e+12
dp[19][422]=-1.36e+12
dp[20][422]=-2.1e+11
Select best dp
Best k=10
dp[2][422]=-182.008
dp[3][422]=-1.1e+11
dp[4][422]=-1.1e+11
dp[5][422]=-2.2e+11
dp[6][422]=-2.2e+11
dp[7][422]=-3.3e+11
dp[8][422]=-3.3e+11
dp[9][422]=-4.4e+11
dp[10][422]=-4.4e+11
dp[11][422]=-4.4e+11
dp[12][422]=-4.4e+11
dp[13][422]=-4.4e+11
dp[14][422]=-4.4e+11
dp[15][422]=-4.4e+11
dp[16][422]=-4.4e+11
dp[17][422]=-4.4e+11
dp[18][422]=-4.4e+11
dp[19][422]=-4.4e+11
dp[20][422]=-4.4e+11
Select best dp
Best k=10
Stratifying 2-th numerical feature ...
dp[2][422]=-182.008
dp[3][422]=-1.1e+11
dp[4][422]=-1.6e+11
dp[5][422]=-2.2e+11
dp[6][422]=-2.7e+11
dp[7][422]=-3.3e+11
dp[8][422]=-3.8e+11
dp[9][422]=-4.4e+11
dp[10][422]=-4.9e+11
dp[11][422]=-5.4e+11
dp[12][422]=-5.9e+11
dp[13][422]=-6.3e+11
dp[14][422]=-6.8e+11
dp[15][422]=-7.3e+11
dp[16][422]=-7.7e+11
dp[17][422]=-8.2e+11
dp[18][422]=-8.7e+11
dp[19][422]=-9.1e+11
dp[20][422]=-9.6e+11
Select best dp
Best k=20
Stratifying 2-th numerical feature ...
dp[2][422]=-783.133
dp[3][422]=-856.597
dp[4][422]=-842.05
dp[5][422]=-796.777
dp[6][422]=-729.172
dp[7][422]=-643.931
dp[8][422]=-551.622
dp[9][422]=-449.264
dp[10][422]=-343.291
dp[11][422]=-218.851
dp[12][422]=-94.1551
dp[13][422]=31.4293
dp[14][422]=157.443
dp[15][422]=284.33
dp[16][422]=416.989
dp[17][422]=550.076
dp[18][422]=693.835
dp[19][422]=857.93
dp[20][422]=1043.74
Select best dp
Best k=3
Stratifying 3-th numerical feature ...
dp[2][422]=326.558
dp[3][422]=489.837
dp[4][422]=653.116
dp[5][422]=816.395
dp[6][422]=979.674
dp[7][422]=1142.95
dp[8][422]=1306.23
dp[9][422]=1469.51
dp[10][422]=1632.79
dp[11][422]=1796.07
dp[12][422]=1959.35
dp[13][422]=2122.63
dp[14][422]=2285.91
dp[15][422]=2449.19
dp[16][422]=2612.46
dp[17][422]=2775.74
dp[18][422]=2939.02
dp[19][422]=3102.3
dp[20][422]=3265.58
Select best dp
Best k=2
Stratifying 3-th numerical feature ...
dp[2][422]=-1892.82
dp[3][422]=-2203.03
dp[4][422]=-2337.22
dp[5][422]=-2409.95
dp[6][422]=-2438.02
dp[7][422]=-2430.81
dp[8][422]=-2409.48
dp[9][422]=-2368.04
dp[10][422]=-2319.37
dp[11][422]=-2233.77
dp[12][422]=-2147.66
dp[13][422]=-2059.77
dp[14][422]=-1971.02
dp[15][422]=-1880.53
dp[16][422]=-1778.49
dp[17][422]=-1675.59
dp[18][422]=-1551.35
dp[19][422]=-1386.44
dp[20][422]=-1178.1
Select best dp
Best k=6
dp[2][422]=-1892.82
dp[3][422]=-2203.03
dp[4][422]=-2337.22
dp[5][422]=-2409.95
dp[6][422]=-2438.02
dp[7][422]=-2430.81
dp[8][422]=-2409.48
dp[9][422]=-2368.04
dp[10][422]=-2319.37
dp[11][422]=-2233.77
dp[12][422]=-2147.66
dp[13][422]=-2059.77
dp[14][422]=-1971.02
dp[15][422]=-1880.53
dp[16][422]=-1778.49
dp[17][422]=-1675.59
dp[18][422]=-1551.35
dp[19][422]=-1386.44
dp[20][422]=-1178.1
Select best dp
Best k=6
Stratifying 3-th numerical feature ...
Stratifying 3-th numerical feature ...
dp[2][422]=-1892.82
dp[3][422]=-2203.03
dp[4][422]=-2337.22
dp[5][422]=-2409.95
dp[6][422]=-2438.02
dp[7][422]=-2430.81
dp[8][422]=-2409.48
dp[9][422]=-2368.04
dp[10][422]=-2319.37
dp[11][422]=-2233.77
dp[12][422]=-2147.66
dp[13][422]=-2059.77
dp[14][422]=-1971.02
dp[15][422]=-1880.53
dp[16][422]=-1778.49
dp[17][422]=-1675.59
dp[18][422]=-1551.35
dp[19][422]=-1386.44
dp[20][422]=-1178.1
Select best dp
Best k=6
Stratifying 3-th numerical feature ...
dp[2][422]=89.316
dp[3][422]=-1.2e+11
dp[4][422]=-2.4e+11
dp[5][422]=-3.55e+11
dp[6][422]=-4.65e+11
dp[7][422]=-5.75e+11
dp[8][422]=-5.75e+11
dp[9][422]=-6.85e+11
dp[10][422]=-6.85e+11
dp[11][422]=-6.85e+11
dp[12][422]=-6.85e+11
dp[13][422]=-6.85e+11
dp[14][422]=-6.85e+11
dp[15][422]=-6.85e+11
dp[16][422]=-6.85e+11
dp[17][422]=-6.85e+11
dp[18][422]=-6.85e+11
dp[19][422]=-6.8e+11
dp[20][422]=-1.05e+11
Select best dp
Best k=9
dp[2][422]=-1902.22
dp[3][422]=-1.4e+11
dp[4][422]=-1.4e+11
dp[5][422]=-2.7e+11
dp[6][422]=-2.7e+11
dp[7][422]=-3.9e+11
dp[8][422]=-3.9e+11
dp[9][422]=-5e+11
dp[10][422]=-5e+11
dp[11][422]=-6.1e+11
dp[12][422]=-6.1e+11
dp[13][422]=-6.1e+11
dp[14][422]=-6.1e+11
dp[15][422]=-6.1e+11
dp[16][422]=-6.1e+11
dp[17][422]=-6.1e+11
dp[18][422]=-6.1e+11
dp[19][422]=-6.1e+11
dp[20][422]=-6.1e+11
Select best dp
Best k=14
Stratifying 3-th numerical feature ...
dp[2][422]=326.558
dp[3][422]=489.837
dp[4][422]=653.116
dp[5][422]=816.395
dp[6][422]=979.674
dp[7][422]=1142.95
dp[8][422]=1306.23
dp[9][422]=1469.51
dp[10][422]=1632.79
dp[11][422]=1796.07
dp[12][422]=1959.35
dp[13][422]=2122.63
dp[14][422]=2285.91
dp[15][422]=2449.19
dp[16][422]=2612.46
dp[17][422]=2775.74
dp[18][422]=2939.02
dp[19][422]=3102.3
dp[20][422]=3265.58
Select best dp
Best k=2
dp[2][422]=-147.926
dp[3][422]=-2.4e+11
dp[4][422]=-4.8e+11
dp[5][422]=-7.1e+11
dp[6][422]=-9.3e+11
dp[7][422]=-1.15e+12
dp[8][422]=-1.15e+12
dp[9][422]=-1.37e+12
dp[10][422]=-1.37e+12
dp[11][422]=-1.37e+12
dp[12][422]=-1.37e+12
dp[13][422]=-1.37e+12
dp[14][422]=-1.37e+12
dp[15][422]=-1.37e+12
dp[16][422]=-1.37e+12
dp[17][422]=-1.37e+12
dp[18][422]=-1.37e+12
dp[19][422]=-1.36e+12
dp[20][422]=-2.1e+11
Select best dp
Best k=10
dp[2][422]=-1902.22
dp[3][422]=-1.4e+11
dp[4][422]=-2.1e+11
dp[5][422]=-2.8e+11
dp[6][422]=-3.6e+11
dp[7][422]=-4.1e+11
dp[8][422]=-4.9e+11
dp[9][422]=-5.6e+11
dp[10][422]=-6.1e+11
dp[11][422]=-6.8e+11
dp[12][422]=-7.3e+11
dp[13][422]=-7.9e+11
dp[14][422]=-8.5e+11
dp[15][422]=-9.1e+11
dp[16][422]=-9.7e+11
dp[17][422]=-1.02e+12
dp[18][422]=-1.08e+12
dp[19][422]=-1.14e+12
dp[20][422]=-1.19e+12
Select best dp
Best k=20
Stratifying 3-th numerical feature ...
dp[2][422]=-1902.22
dp[3][422]=-1.4e+11
dp[4][422]=-1.4e+11
dp[5][422]=-2.7e+11
dp[6][422]=-2.7e+11
dp[7][422]=-3.9e+11
dp[8][422]=-3.9e+11
dp[9][422]=-5e+11
dp[10][422]=-5e+11
dp[11][422]=-6.1e+11
dp[12][422]=-6.1e+11
dp[13][422]=-6.1e+11
dp[14][422]=-6.1e+11
dp[15][422]=-6.1e+11
dp[16][422]=-6.1e+11
dp[17][422]=-6.1e+11
dp[18][422]=-6.1e+11
dp[19][422]=-6.1e+11
dp[20][422]=-6.1e+11
Select best dp
Best k=14
Stratifying 3-th numerical feature ...
dp[2][422]=-147.926
dp[3][422]=-2.4e+11
dp[4][422]=-4.8e+11
dp[5][422]=-7.1e+11
dp[6][422]=-9.3e+11
dp[7][422]=-1.15e+12
dp[8][422]=-1.15e+12
dp[9][422]=-1.37e+12
dp[10][422]=-1.37e+12
dp[11][422]=-1.37e+12
dp[12][422]=-1.37e+12
dp[13][422]=-1.37e+12
dp[14][422]=-1.37e+12
dp[15][422]=-1.37e+12
dp[16][422]=-1.37e+12
dp[17][422]=-1.37e+12
dp[18][422]=-1.37e+12
dp[19][422]=-1.36e+12
dp[20][422]=-2.1e+11
Select best dp
Best k=10
dp[2][422]=-147.926
dp[3][422]=-2.4e+11
dp[4][422]=-4.8e+11
dp[5][422]=-7.1e+11
dp[6][422]=-9.3e+11
dp[7][422]=-1.15e+12
dp[8][422]=-1.15e+12
dp[9][422]=-1.37e+12
dp[10][422]=-1.37e+12
dp[11][422]=-1.37e+12
dp[12][422]=-1.37e+12
dp[13][422]=-1.37e+12
dp[14][422]=-1.37e+12
dp[15][422]=-1.37e+12
dp[16][422]=-1.37e+12
dp[17][422]=-1.37e+12
dp[18][422]=-1.37e+12
dp[19][422]=-1.36e+12
dp[20][422]=-2.1e+11
Select best dp
Best k=10
dp[2][422]=92.716
dp[3][422]=-63.3873
dp[4][422]=-144.783
dp[5][422]=-180.308
dp[6][422]=-190.693
dp[7][422]=-198.717
dp[8][422]=-170.85
dp[9][422]=-138.224
dp[10][422]=-82.9311
dp[11][422]=-14.9409
dp[12][422]=56.8566
dp[13][422]=131.992
dp[14][422]=221.779
dp[15][422]=311.692
dp[16][422]=403.675
dp[17][422]=511.891
dp[18][422]=633.226
dp[19][422]=767.126
dp[20][422]=1016.63
Select best dp
Best k=7
Stratifying 2-th numerical feature ...
dp[2][422]=-147.926
dp[3][422]=-2.4e+11
dp[4][422]=-4.8e+11
dp[5][422]=-7.1e+11
dp[6][422]=-9.3e+11
dp[7][422]=-1.15e+12
dp[8][422]=-1.33e+12
dp[9][422]=-1.5e+12
dp[10][422]=-1.68e+12
dp[11][422]=-1.85e+12
dp[12][422]=-2.02e+12
dp[13][422]=-2.16e+12
dp[14][422]=-2.2e+12
dp[15][422]=-2.34e+12
dp[16][422]=-2.5e+12
dp[17][422]=-2.64e+12
dp[18][422]=-2.64e+12
dp[19][422]=-2.76e+12
dp[20][422]=-2.87e+12
Select best dp
Best k=20
dp[2][422]=-147.926
dp[3][422]=-2.4e+11
dp[4][422]=-4.8e+11
dp[5][422]=-7.1e+11
dp[6][422]=-9.3e+11
dp[7][422]=-1.15e+12
dp[8][422]=-1.33e+12
dp[9][422]=-1.5e+12
dp[10][422]=-1.68e+12
dp[11][422]=-1.85e+12
dp[12][422]=-2.02e+12
dp[13][422]=-2.16e+12
dp[14][422]=-2.2e+12
dp[15][422]=-2.34e+12
dp[16][422]=-2.5e+12
dp[17][422]=-2.64e+12
dp[18][422]=-2.64e+12
dp[19][422]=-2.76e+12
dp[20][422]=-2.87e+12
Select best dp
Best k=20
dp[2][422]=-147.926
dp[3][422]=-2.4e+11
dp[4][422]=-4.8e+11
dp[5][422]=-7.1e+11
dp[6][422]=-9.3e+11
dp[7][422]=-1.15e+12
dp[8][422]=-1.33e+12
dp[9][422]=-1.5e+12
dp[10][422]=-1.68e+12
dp[11][422]=-1.85e+12
dp[12][422]=-2.02e+12
dp[13][422]=-2.16e+12
dp[14][422]=-2.24e+12
dp[15][422]=-2.34e+12
dp[16][422]=-2.5e+12
dp[17][422]=-2.64e+12
dp[18][422]=-2.73e+12
dp[19][422]=-2.86e+12
dp[20][422]=-2.97e+12
Select best dp
Best k=20
dp[2][422]=-1569.6
dp[3][422]=-1913.98
dp[4][422]=-2058.84
dp[5][422]=-2142.33
dp[6][422]=-2176.3
dp[7][422]=-2172.1
dp[8][422]=-2153.17
dp[9][422]=-2114.8
dp[10][422]=-2067.96
dp[11][422]=-1984.57
dp[12][422]=-1899.29
dp[13][422]=-1813.97
dp[14][422]=-1727.32
dp[15][422]=-1640.66
dp[16][422]=-1540.84
dp[17][422]=-1440.94
dp[18][422]=-1318.67
dp[19][422]=-1154.33
dp[20][422]=-948.068
Select best dp
Best k=6
Stratifying 3-th numerical feature ...
dp[2][422]=146.723
dp[3][422]=-2.4e+11
dp[4][422]=-4.8e+11
dp[5][422]=-7.1e+11
dp[6][422]=-9.3e+11
dp[7][422]=-1.15e+12
dp[8][422]=-1.15e+12
dp[9][422]=-1.37e+12
dp[10][422]=-1.37e+12
dp[11][422]=-1.37e+12
dp[12][422]=-1.37e+12
dp[13][422]=-1.37e+12
dp[14][422]=-1.37e+12
dp[15][422]=-1.37e+12
dp[16][422]=-1.37e+12
dp[17][422]=-1.37e+12
dp[18][422]=-1.37e+12
dp[19][422]=-1.36e+12
dp[20][422]=-2.1e+11
Select best dp
Best k=11
