Standardize ...
Stratifying 1-th numerical feature ...
Standardize ...
Stratifying 1-th numerical feature ...
Standardize ...
Stratifying 1-th numerical feature ...
Standardize ...
Stratifying 1-th numerical feature ...
Standardize ...
Stratifying 1-th numerical feature ...
Standardize ...
Stratifying 1-th numerical feature ...
Standardize ...
Stratifying 1-th numerical feature ...
Standardize ...
Stratifying 1-th numerical feature ...
Standardize ...
Stratifying 1-th numerical feature ...
Standardize ...
Stratifying 1-th numerical feature ...
Standardize ...
Stratifying 1-th numerical feature ...
Standardize ...
Stratifying 1-th numerical feature ...
Standardize ...
Stratifying 1-th numerical feature ...
Standardize ...
Stratifying 1-th numerical feature ...
dp[2][268]=-93.5229
dp[3][268]=-2.8e+11
dp[4][268]=-2.8e+11
dp[5][268]=-5.4e+11
dp[6][268]=-5.4e+11
dp[7][268]=-7.9e+11
dp[8][268]=-7.9e+11
dp[9][268]=-9.7e+11
dp[10][268]=-9.7e+11
dp[11][268]=-1.13e+12
dp[12][268]=-1.13e+12
dp[13][268]=-1.22e+12
dp[14][268]=-1.22e+12
dp[15][268]=-1.2e+12
dp[16][268]=-1.06e+12
Select best dp
Best k=13
Stratifying 2-th numerical feature ...
dp[2][268]=-93.5229
dp[3][268]=-2.8e+11
dp[4][268]=-2.8e+11
dp[5][268]=-5.4e+11
dp[6][268]=-5.4e+11
dp[7][268]=-7.9e+11
dp[8][268]=-7.9e+11
dp[9][268]=-9.7e+11
dp[10][268]=-9.7e+11
dp[11][268]=-1.13e+12
dp[12][268]=-1.13e+12
dp[13][268]=-1.22e+12
dp[14][268]=-1.22e+12
dp[15][268]=-1.2e+12
dp[16][268]=-1.06e+12
Select best dp
Best k=13
Stratifying 2-th numerical feature ...
dp[2][268]=-93.5229
dp[3][268]=-2.8e+11
dp[4][268]=-2.8e+11
dp[5][268]=-5.4e+11
dp[6][268]=-5.4e+11
dp[7][268]=-7.9e+11
dp[8][268]=-7.9e+11
dp[9][268]=-9.7e+11
dp[10][268]=-9.7e+11
dp[11][268]=-1.13e+12
dp[12][268]=-1.13e+12
dp[13][268]=-1.22e+12
dp[14][268]=-1.22e+12
dp[15][268]=-1.2e+12
dp[16][268]=-1.06e+12
Select best dp
Best k=13
Stratifying 2-th numerical feature ...
dp[2][268]=-93.5229
dp[3][268]=-2.8e+11
dp[4][268]=-2.8e+11
dp[5][268]=-5.4e+11
dp[6][268]=-5.4e+11
dp[7][268]=-7.9e+11
dp[8][268]=-7.9e+11
dp[9][268]=-9.7e+11
dp[10][268]=-9.7e+11
dp[11][268]=-1.13e+12
dp[12][268]=-1.13e+12
dp[13][268]=-1.22e+12
dp[14][268]=-1.22e+12
dp[15][268]=-1.2e+12
dp[16][268]=-1.06e+12
Select best dp
Best k=13
Stratifying 2-th numerical feature ...
dp[2][268]=-93.5229
dp[3][268]=-2.8e+11
dp[4][268]=-2.8e+11
dp[5][268]=-5.4e+11
dp[6][268]=-5.4e+11
dp[7][268]=-7.9e+11
dp[8][268]=-7.9e+11
dp[9][268]=-1.02e+12
dp[10][268]=-1.02e+12
dp[11][268]=-1.18e+12
dp[12][268]=-1.18e+12
dp[13][268]=-1.33e+12
dp[14][268]=-1.33e+12
dp[15][268]=-1.43e+12
dp[16][268]=-1.43e+12
Select best dp
Best k=15
Stratifying 2-th numerical feature ...
dp[2][268]=-93.5229
dp[3][268]=-2.8e+11
dp[4][268]=-2.8e+11
dp[5][268]=-5.4e+11
dp[6][268]=-5.4e+11
dp[7][268]=-7.9e+11
dp[8][268]=-7.9e+11
dp[9][268]=-1.02e+12
dp[10][268]=-1.02e+12
dp[11][268]=-1.19e+12
dp[12][268]=-1.19e+12
dp[13][268]=-1.35e+12
dp[14][268]=-1.35e+12
dp[15][268]=-1.46e+12
dp[16][268]=-1.46e+12
Select best dp
Best k=15
Stratifying 2-th numerical feature ...
dp[2][268]=-93.5229
dp[3][268]=-2.8e+11
dp[4][268]=-2.8e+11
dp[5][268]=-5.4e+11
dp[6][268]=-5.4e+11
dp[7][268]=-7.9e+11
dp[8][268]=-7.9e+11
dp[9][268]=-9.7e+11
dp[10][268]=-9.7e+11
dp[11][268]=-1.13e+12
dp[12][268]=-1.13e+12
dp[13][268]=-1.22e+12
dp[14][268]=-1.22e+12
dp[15][268]=-1.2e+12
dp[16][268]=-1.06e+12
Select best dp
Best k=13
Stratifying 2-th numerical feature ...
dp[2][268]=-93.5229
dp[3][268]=-2.8e+11
dp[4][268]=-2.8e+11
dp[5][268]=-5.4e+11
dp[6][268]=-5.4e+11
dp[7][268]=-5.4e+11
dp[8][268]=-5.4e+11
dp[9][268]=-5.4e+11
dp[10][268]=-5.4e+11
Select best dp
Best k=7
Stratifying 2-th numerical feature ...
dp[2][268]=212.599
dp[3][268]=318.899
dp[4][268]=425.198
dp[5][268]=531.498
dp[6][268]=637.797
dp[7][268]=744.097
dp[8][268]=850.396
dp[9][268]=956.696
dp[10][268]=1063
dp[11][268]=1169.29
dp[12][268]=1275.59
dp[13][268]=1381.89
dp[14][268]=1488.19
dp[15][268]=1594.49
dp[16][268]=1700.79
Select best dp
Best k=2
Stratifying 2-th numerical feature ...
dp[2][268]=-399.645
dp[3][268]=-5.6e+11
dp[4][268]=-5.6e+11
dp[5][268]=-1.08e+12
dp[6][268]=-1.08e+12
dp[7][268]=-1.58e+12
dp[8][268]=-1.58e+12
dp[9][268]=-1.94e+12
dp[10][268]=-1.94e+12
dp[11][268]=-2.26e+12
dp[2][268]=-515.996
dp[12][268]=-2.26e+12
dp[3][268]=-4.2e+11
dp[13][268]=-2.44e+12
dp[4][268]=-4.2e+11
dp[14][268]=-2.44e+12
dp[5][268]=-4.2e+11
dp[15][268]=-2.4e+12
dp[6][268]=-4.2e+11
dp[16][268]=-2.12e+12
dp[7][268]=-4.2e+11
Select best dp
dp[8][268]=-4.2e+11
Best k=14
dp[9][268]=-4.2e+11
dp[10][268]=-4.2e+11
dp[11][268]=-4.2e+11
dp[12][268]=-4.2e+11
dp[13][268]=-4.2e+11
dp[14][268]=-4.2e+11
dp[15][268]=-4.2e+11
dp[16][268]=-3.7e+11
Select best dp
Best k=6
Stratifying 3-th numerical feature ...
dp[2][268]=-93.5229
dp[3][268]=-2.8e+11
dp[4][268]=-2.8e+11
dp[5][268]=-5.4e+11
dp[6][268]=-5.4e+11
dp[7][268]=-7.9e+11
dp[8][268]=-7.9e+11
dp[9][268]=-9.7e+11
dp[10][268]=-9.7e+11
dp[11][268]=-1.13e+12
dp[12][268]=-1.13e+12
dp[13][268]=-1.22e+12
dp[14][268]=-1.22e+12
dp[15][268]=-1.2e+12
dp[16][268]=-1.06e+12
Select best dp
Best k=13
dp[2][268]=59.5381
dp[3][268]=-1.4e+11
dp[4][268]=-1.4e+11
dp[5][268]=-2.7e+11
dp[6][268]=-2.7e+11
dp[7][268]=-3.95e+11
dp[8][268]=-3.95e+11
dp[9][268]=-4.85e+11
dp[10][268]=-4.85e+11
dp[11][268]=-5.65e+11
dp[12][268]=-5.65e+11
dp[13][268]=-6.1e+11
dp[14][268]=-6.1e+11
dp[15][268]=-6e+11
dp[16][268]=-5.3e+11
Stratifying 2-th numerical feature ...
Select best dp
Best k=13
Stratifying 2-th numerical feature ...
Stratifying 2-th numerical feature ...
dp[2][268]=-515.996
dp[3][268]=-4.2e+11
dp[4][268]=-4.2e+11
dp[5][268]=-4.2e+11
dp[6][268]=-4.2e+11
dp[7][268]=-4.2e+11
dp[8][268]=-4.2e+11
dp[9][268]=-4.2e+11
dp[10][268]=-4.2e+11
dp[11][268]=-4.2e+11
dp[12][268]=-4.2e+11
dp[13][268]=-4.2e+11
dp[14][268]=-4.2e+11
dp[15][268]=-4.2e+11
dp[16][268]=-3.7e+11
Select best dp
Best k=6
Stratifying 3-th numerical feature ...
dp[2][268]=-515.996
dp[3][268]=-4.2e+11
dp[4][268]=-4.2e+11
dp[5][268]=-4.2e+11
dp[6][268]=-4.2e+11
dp[7][268]=-4.2e+11
dp[8][268]=-4.2e+11
dp[9][268]=-4.2e+11
dp[10][268]=-4.2e+11
dp[11][268]=-4.2e+11
dp[12][268]=-4.2e+11
dp[13][268]=-4.2e+11
dp[14][268]=-4.2e+11
dp[15][268]=-4.2e+11
dp[16][268]=-3.7e+11
Select best dp
Best k=6
Stratifying 3-th numerical feature ...
dp[2][268]=-515.996
dp[3][268]=-4.2e+11
dp[4][268]=-4.2e+11
dp[5][268]=-4.2e+11
dp[6][268]=-4.2e+11
dp[7][268]=-4.2e+11
dp[8][268]=-4.2e+11
dp[9][268]=-4.2e+11
dp[10][268]=-4.2e+11
dp[11][268]=-4.2e+11
dp[12][268]=-4.2e+11
dp[13][268]=-4.2e+11
dp[14][268]=-4.2e+11
dp[15][268]=-4.2e+11
dp[16][268]=-3.7e+11
Select best dp
Best k=6
Stratifying 3-th numerical feature ...
dp[2][268]=-515.996
dp[3][268]=-4.2e+11
dp[4][268]=-4.2e+11
dp[5][268]=-4.2e+11
dp[6][268]=-4.2e+11
dp[7][268]=-4.2e+11
dp[8][268]=-4.2e+11
dp[9][268]=-4.2e+11
dp[10][268]=-4.2e+11
dp[11][268]=-4.2e+11
dp[12][268]=-4.2e+11
dp[13][268]=-4.2e+11
dp[14][268]=-4.2e+11
dp[15][268]=-4.2e+11
dp[16][268]=-4.2e+11
Select best dp
Best k=6
Stratifying 3-th numerical feature ...
dp[2][268]=-515.996
dp[3][268]=-4.2e+11
dp[4][268]=-4.2e+11
dp[5][268]=-4.2e+11
dp[6][268]=-4.2e+11
dp[7][268]=-4.2e+11
dp[8][268]=-4.2e+11
dp[9][268]=-4.2e+11
dp[10][268]=-4.2e+11
dp[11][268]=-4.2e+11
dp[12][268]=-4.2e+11
dp[13][268]=-4.2e+11
dp[14][268]=-4.2e+11
dp[15][268]=-4.2e+11
dp[16][268]=-4.2e+11
Select best dp
Best k=6
dp[2][268]=-81.8594
dp[3][268]=-4.8e+11
dp[4][268]=-8.3e+11
dp[5][268]=-1.16e+12
dp[6][268]=-1.48e+12
dp[7][268]=-1.79e+12
dp[8][268]=-1.95e+12
dp[9][268]=-2.13e+12
dp[10][268]=-2.13e+12
dp[11][268]=-2.13e+12
dp[12][268]=-2.13e+12
dp[13][268]=-2.13e+12
dp[14][268]=-2.13e+12
dp[15][268]=-2.13e+12
dp[16][268]=-1.97e+12
Select best dp
Best k=9
Stratifying 3-th numerical feature ...
Stratifying 4-th numerical feature ...
dp[2][268]=-81.8594
dp[3][268]=-4.8e+11
dp[4][268]=-8.3e+11
dp[5][268]=-1.16e+12
dp[6][268]=-1.48e+12
dp[7][268]=-1.79e+12
dp[8][268]=-1.95e+12
dp[9][268]=-2.13e+12
dp[10][268]=-2.13e+12
dp[11][268]=-2.13e+12
dp[12][268]=-2.13e+12
dp[13][268]=-2.13e+12
dp[14][268]=-2.13e+12
dp[15][268]=-2.13e+12
dp[16][268]=-1.97e+12
Select best dp
Best k=9
Stratifying 4-th numerical feature ...
dp[2][268]=-81.8594
dp[3][268]=-4.8e+11
dp[4][268]=-8.3e+11
dp[5][268]=-1.16e+12
dp[6][268]=-1.48e+12
dp[7][268]=-1.79e+12
dp[8][268]=-1.95e+12
dp[9][268]=-2.13e+12
dp[10][268]=-2.13e+12
dp[11][268]=-2.13e+12
dp[12][268]=-2.13e+12
dp[13][268]=-2.13e+12
dp[14][268]=-2.13e+12
dp[15][268]=-2.13e+12
dp[16][268]=-1.97e+12
Select best dp
Best k=9
Stratifying 4-th numerical feature ...
dp[2][268]=-6e+10
dp[3][268]=-2.8e+11
dp[4][268]=-3.4e+11
dp[5][268]=-5.4e+11
dp[6][268]=-6e+11
dp[7][268]=-7.9e+11
dp[8][268]=-8.5e+11
dp[9][268]=-1.02e+12
dp[10][268]=-1.08e+12
dp[11][268]=-1.19e+12
dp[12][268]=-1.25e+12
dp[13][268]=-1.35e+12
dp[14][268]=-1.41e+12
dp[15][268]=-1.46e+12
dp[16][268]=-1.52e+12
Select best dp
Best k=16
Stratifying 2-th numerical feature ...
dp[2][268]=-515.996
dp[3][268]=-4.2e+11
dp[4][268]=-4.2e+11
dp[5][268]=-4.2e+11
dp[6][268]=-4.2e+11
dp[7][268]=-4.2e+11
dp[8][268]=-4.2e+11
dp[9][268]=-4.2e+11
dp[10][268]=-4.2e+11
Select best dp
Best k=6
Stratifying 3-th numerical feature ...
dp[2][268]=-81.8594
dp[3][268]=-4.8e+11
dp[4][268]=-8.3e+11
dp[5][268]=-1.16e+12
dp[6][268]=-1.48e+12
dp[7][268]=-1.79e+12
dp[8][268]=-1.95e+12
dp[9][268]=-2.13e+12
dp[10][268]=-2.13e+12
dp[11][268]=-2.13e+12
dp[12][268]=-2.13e+12
dp[13][268]=-2.13e+12
dp[14][268]=-2.13e+12
dp[15][268]=-2.13e+12
dp[16][268]=-1.97e+12
Select best dp
Best k=9
Stratifying 4-th numerical feature ...
dp[2][268]=-515.996
dp[3][268]=-4.2e+11
dp[4][268]=-4.2e+11
dp[5][268]=-4.2e+11
dp[6][268]=-4.2e+11
dp[7][268]=-4.2e+11
dp[8][268]=-4.2e+11
dp[9][268]=-4.2e+11
dp[10][268]=-4.2e+11
dp[11][268]=-4.2e+11
dp[12][268]=-4.2e+11
dp[13][268]=-4.2e+11
dp[14][268]=-4.2e+11
dp[15][268]=-4.2e+11
dp[16][268]=-3.7e+11
Select best dp
Best k=6
Stratifying 3-th numerical feature ...
dp[2][268]=-81.8594
dp[3][268]=-4.8e+11
dp[4][268]=-8.3e+11
dp[5][268]=-1.16e+12
dp[6][268]=-1.48e+12
dp[7][268]=-1.79e+12
dp[8][268]=-1.95e+12
dp[9][268]=-2.13e+12
dp[10][268]=-2.24e+12
dp[11][268]=-2.29e+12
dp[12][268]=-2.39e+12
dp[13][268]=-2.39e+12
dp[14][268]=-2.39e+12
dp[15][268]=-2.39e+12
dp[16][268]=-2.39e+12
Select best dp
Best k=12
Stratifying 4-th numerical feature ...
dp[2][268]=212.599
dp[3][268]=318.899
dp[4][268]=425.198
dp[5][268]=531.498
dp[6][268]=637.797
dp[7][268]=744.097
dp[8][268]=850.396
dp[9][268]=956.696
dp[10][268]=1063
dp[11][268]=1169.29
dp[12][268]=1275.59
dp[13][268]=1381.89
dp[14][268]=1488.19
dp[15][268]=1594.49
dp[16][268]=1700.79
Select best dp
Best k=2
Stratifying 3-th numerical feature ...
dp[2][268]=-59.0457
dp[3][268]=-2.8e+11
dp[4][268]=-2.8e+11
dp[5][268]=-5.4e+11
dp[6][268]=-5.4e+11
dp[7][268]=-7.9e+11
dp[8][268]=-7.9e+11
dp[9][268]=-9.7e+11
dp[10][268]=-9.7e+11
dp[11][268]=-1.13e+12
dp[12][268]=-1.13e+12
dp[13][268]=-1.22e+12
dp[14][268]=-1.22e+12
dp[15][268]=-1.2e+12
dp[16][268]=-1.06e+12
Select best dp
Best k=13
Stratifying 2-th numerical feature ...
dp[2][268]=-151.699
dp[3][268]=-2.1e+11
dp[4][268]=-2.1e+11
dp[5][268]=-2.1e+11
dp[6][268]=-2.1e+11
dp[7][268]=-2.1e+11
dp[8][268]=-2.1e+11
dp[9][268]=-2.1e+11
dp[10][268]=-2.1e+11
dp[11][268]=-2.1e+11
dp[12][268]=-2.1e+11
dp[13][268]=-2.1e+11
dp[14][268]=-2.1e+11
dp[15][268]=-2.1e+11
dp[16][268]=-1.85e+11
Select best dp
Best k=4
dp[2][268]=-22.3289
dp[3][268]=-2.4e+11
dp[4][268]=-2.4e+11
dp[5][268]=-2.4e+11
dp[6][268]=-2.4e+11
dp[7][268]=-2.4e+11
dp[8][268]=-2.4e+11
dp[9][268]=-2.4e+11
dp[10][268]=-2.4e+11
dp[11][268]=-2.4e+11
dp[12][268]=-2.4e+11
dp[13][268]=-2.4e+11
dp[14][268]=-2.4e+11
dp[15][268]=-2.4e+11
dp[16][268]=-1.9e+11
Select best dp
Best k=7
Stratifying 3-th numerical feature ...
Stratifying 5-th numerical feature ...
dp[2][268]=-1244.59
dp[3][268]=-8.4e+11
dp[4][268]=-8.4e+11
dp[5][268]=-8.4e+11
dp[6][268]=-8.4e+11
dp[7][268]=-8.4e+11
dp[8][268]=-8.4e+11
dp[9][268]=-8.4e+11
dp[10][268]=-8.4e+11
dp[11][268]=-8.4e+11
dp[12][268]=-8.4e+11
dp[13][268]=-8.4e+11
dp[14][268]=-8.4e+11
dp[15][268]=-8.4e+11
dp[16][268]=-7.4e+11
Select best dp
Best k=10
Stratifying 3-th numerical feature ...
dp[2][268]=-22.3289
dp[3][268]=-2.4e+11
dp[4][268]=-2.4e+11
dp[5][268]=-2.4e+11
dp[6][268]=-2.4e+11
dp[7][268]=-2.4e+11
dp[8][268]=-2.4e+11
dp[9][268]=-2.4e+11
dp[10][268]=-2.4e+11
dp[11][268]=-2.4e+11
dp[12][268]=-2.4e+11
dp[13][268]=-2.4e+11
dp[14][268]=-2.4e+11
dp[15][268]=-2.4e+11
dp[16][268]=-1.9e+11
Select best dp
Best k=7
Stratifying 5-th numerical feature ...
dp[2][268]=-515.996
dp[3][268]=-4.2e+11
dp[4][268]=-4.2e+11
dp[5][268]=-4.2e+11
dp[6][268]=-4.2e+11
dp[7][268]=-4.2e+11
dp[8][268]=-4.2e+11
dp[9][268]=-4.2e+11
dp[10][268]=-4.2e+11
dp[11][268]=-4.2e+11
dp[12][268]=-4.2e+11
dp[13][268]=-4.2e+11
dp[14][268]=-4.2e+11
dp[15][268]=-4.2e+11
dp[16][268]=-3.7e+11
Select best dp
Best k=6
Stratifying 3-th numerical feature ...
dp[2][268]=-22.3289
dp[3][268]=-2.4e+11
dp[4][268]=-2.4e+11
dp[5][268]=-2.4e+11
dp[6][268]=-2.4e+11
dp[7][268]=-2.4e+11
dp[8][268]=-2.4e+11
dp[9][268]=-2.4e+11
dp[10][268]=-2.4e+11
dp[11][268]=-2.4e+11
dp[12][268]=-2.4e+11
dp[13][268]=-2.4e+11
dp[14][268]=-2.4e+11
dp[15][268]=-2.4e+11
dp[16][268]=-1.9e+11
Select best dp
Best k=7
Stratifying 5-th numerical feature ...
dp[2][268]=-81.8594
dp[3][268]=-4.8e+11
dp[4][268]=-8.3e+11
dp[5][268]=-1.16e+12
dp[6][268]=-1.48e+12
dp[7][268]=-1.79e+12
dp[8][268]=-1.95e+12
dp[9][268]=-2.13e+12
dp[10][268]=-2.26e+12
dp[11][268]=-2.33e+12
dp[12][268]=-2.45e+12
dp[13][268]=-2.45e+12
dp[14][268]=-2.45e+12
dp[15][268]=-2.45e+12
dp[16][268]=-2.45e+12
Select best dp
Best k=12
Stratifying 4-th numerical feature ...
dp[2][268]=-22.3289
dp[3][268]=-2.4e+11
dp[4][268]=-2.4e+11
dp[5][268]=-2.4e+11
dp[6][268]=-2.4e+11
dp[7][268]=-2.4e+11
dp[8][268]=-2.4e+11
dp[9][268]=-2.4e+11
dp[10][268]=-2.4e+11
dp[11][268]=-2.4e+11
dp[12][268]=-2.4e+11
dp[13][268]=-2.4e+11
dp[14][268]=-2.4e+11
dp[15][268]=-2.4e+11
dp[16][268]=-1.9e+11
Select best dp
Best k=7
Stratifying 5-th numerical feature ...
dp[2][268]=-81.8594
dp[3][268]=-4.8e+11
dp[4][268]=-8.3e+11
dp[5][268]=-1.16e+12
dp[6][268]=-1.47e+12
dp[7][268]=-1.76e+12
dp[8][268]=-1.76e+12
dp[9][268]=-1.76e+12
dp[10][268]=-1.73e+12
Select best dp
Best k=8
Stratifying 4-th numerical feature ...
dp[2][268]=-418.846
dp[3][268]=-4.5e+11
dp[4][268]=-7.7e+11
dp[5][268]=-1.05e+12
dp[6][268]=-1.27e+12
dp[7][268]=-1.27e+12
dp[8][268]=-1.47e+12
dp[9][268]=-1.63e+12
dp[10][268]=-1.63e+12
dp[11][268]=-1.63e+12
dp[12][268]=-1.63e+12
dp[13][268]=-1.63e+12
dp[14][268]=-1.63e+12
dp[15][268]=-1.47e+12
dp[16][268]=-1.19e+12
Select best dp
Best k=10
Stratifying 6-th numerical feature ...
dp[2][268]=-418.846
dp[3][268]=-4.5e+11
dp[4][268]=-7.7e+11
dp[5][268]=-1.05e+12
dp[6][268]=-1.27e+12
dp[7][268]=-1.27e+12
dp[8][268]=-1.47e+12
dp[9][268]=-1.63e+12
dp[10][268]=-1.63e+12
dp[11][268]=-1.63e+12
dp[12][268]=-1.63e+12
dp[13][268]=-1.63e+12
dp[14][268]=-1.63e+12
dp[15][268]=-1.47e+12
dp[16][268]=-1.19e+12
Select best dp
Best k=10
Stratifying 6-th numerical feature ...
dp[2][268]=-418.846
dp[3][268]=-4.5e+11
dp[4][268]=-7.7e+11
dp[5][268]=-1.05e+12
dp[6][268]=-1.27e+12
dp[7][268]=-1.27e+12
dp[8][268]=-1.47e+12
dp[9][268]=-1.63e+12
dp[10][268]=-1.63e+12
dp[11][268]=-1.63e+12
dp[12][268]=-1.63e+12
dp[13][268]=-1.63e+12
dp[14][268]=-1.63e+12
dp[15][268]=-1.47e+12
dp[16][268]=-1.19e+12
Select best dp
Best k=10
dp[2][268]=-22.3289
dp[3][268]=-2.4e+11
dp[4][268]=-2.4e+11
dp[5][268]=-2.4e+11
dp[6][268]=-2.4e+11
dp[7][268]=-2.4e+11
dp[8][268]=-2.4e+11
dp[9][268]=-2.4e+11
dp[10][268]=-2.4e+11
dp[11][268]=-2.4e+11
dp[12][268]=-2.4e+11
dp[13][268]=-2.4e+11
dp[14][268]=-2.4e+11
dp[15][268]=-2.4e+11
dp[16][268]=-2.4e+11
Select best dp
Best k=7
Stratifying 6-th numerical feature ...
Stratifying 5-th numerical feature ...
dp[2][268]=-418.846
dp[3][268]=-4.5e+11
dp[4][268]=-7.7e+11
dp[5][268]=-1.05e+12
dp[6][268]=-1.27e+12
dp[7][268]=-1.27e+12
dp[8][268]=-1.47e+12
dp[9][268]=-1.63e+12
dp[10][268]=-1.63e+12
dp[11][268]=-1.63e+12
dp[12][268]=-1.63e+12
dp[13][268]=-1.63e+12
dp[14][268]=-1.63e+12
dp[15][268]=-1.47e+12
dp[16][268]=-1.19e+12
Select best dp
Best k=10
Stratifying 6-th numerical feature ...
dp[2][268]=-81.8594
dp[3][268]=-4.8e+11
dp[4][268]=-8.3e+11
dp[5][268]=-1.16e+12
dp[6][268]=-1.48e+12
dp[7][268]=-1.79e+12
dp[8][268]=-1.95e+12
dp[9][268]=-2.13e+12
dp[10][268]=-2.13e+12
dp[11][268]=-2.13e+12
dp[12][268]=-2.13e+12
dp[13][268]=-2.13e+12
dp[14][268]=-2.13e+12
dp[15][268]=-2.13e+12
dp[16][268]=-1.97e+12
Select best dp
Best k=9
Stratifying 4-th numerical feature ...
dp[2][268]=-22.3289
dp[3][268]=-2.4e+11
dp[4][268]=-2.4e+11
dp[5][268]=-2.4e+11
dp[6][268]=-2.4e+11
dp[7][268]=-2.4e+11
dp[8][268]=-2.4e+11
dp[9][268]=-2.4e+11
dp[10][268]=-2.4e+11
dp[11][268]=-2.4e+11
dp[12][268]=-2.4e+11
dp[13][268]=-2.4e+11
dp[14][268]=-2.4e+11
dp[15][268]=-2.4e+11
dp[16][268]=-2.4e+11
Select best dp
Best k=7
Stratifying 5-th numerical feature ...
dp[2][268]=212.599
dp[3][268]=318.899
dp[4][268]=425.198
dp[5][268]=531.498
dp[6][268]=637.797
dp[7][268]=744.097
dp[8][268]=850.396
dp[9][268]=956.696
dp[10][268]=1063
dp[11][268]=1169.29
dp[12][268]=1275.59
dp[13][268]=1381.89
dp[14][268]=1488.19
dp[15][268]=1594.49
dp[16][268]=1700.79
Select best dp
Best k=2
Stratifying 4-th numerical feature ...
dp[2][268]=65.3698
dp[3][268]=-2.4e+11
dp[4][268]=-4.15e+11
dp[5][268]=-5.8e+11
dp[6][268]=-7.4e+11
dp[7][268]=-8.95e+11
dp[8][268]=-9.75e+11
dp[9][268]=-1.065e+12
dp[10][268]=-1.065e+12
dp[11][268]=-1.065e+12
dp[12][268]=-1.065e+12
dp[13][268]=-1.065e+12
dp[14][268]=-1.065e+12
dp[15][268]=-1.065e+12
dp[16][268]=-9.85e+11
Select best dp
Best k=9
Stratifying 4-th numerical feature ...
dp[2][268]=-7.645
dp[3][268]=-3.7e+11
dp[4][268]=-7.2e+11
dp[5][268]=-9.3e+11
dp[6][268]=-1.11e+12
dp[7][268]=-1.43e+12
dp[8][268]=-1.43e+12
dp[9][268]=-1.73e+12
dp[10][268]=-1.73e+12
dp[11][268]=-1.73e+12
dp[12][268]=-1.73e+12
dp[13][268]=-1.73e+12
dp[14][268]=-1.73e+12
dp[15][268]=-1.73e+12
dp[16][268]=-1.36e+12
Select best dp
Best k=9
Stratifying 7-th numerical feature ...
dp[2][268]=-376.318
dp[3][268]=-9.6e+11
dp[4][268]=-1.66e+12
dp[5][268]=-2.32e+12
dp[6][268]=-2.96e+12
dp[7][268]=-3.58e+12
dp[8][268]=-3.9e+12
dp[9][268]=-4.26e+12
dp[10][268]=-4.26e+12
dp[11][268]=-4.26e+12
dp[12][268]=-4.26e+12
dp[13][268]=-4.26e+12
dp[14][268]=-4.26e+12
dp[15][268]=-4.26e+12
dp[16][268]=-3.94e+12
Select best dp
Best k=9
Stratifying 4-th numerical feature ...
dp[2][268]=-7.645
dp[3][268]=-3.7e+11
dp[4][268]=-7.2e+11
dp[5][268]=-9.3e+11
dp[6][268]=-1.11e+12
dp[7][268]=-1.43e+12
dp[8][268]=-1.43e+12
dp[9][268]=-1.73e+12
dp[10][268]=-1.73e+12
dp[11][268]=-1.73e+12
dp[12][268]=-1.73e+12
dp[13][268]=-1.73e+12
dp[14][268]=-1.73e+12
dp[15][268]=-1.73e+12
dp[16][268]=-1.36e+12
Select best dp
Best k=9
Stratifying 7-th numerical feature ...
dp[2][268]=-7.645
dp[3][268]=-3.7e+11
dp[4][268]=-7.2e+11
dp[5][268]=-9.3e+11
dp[6][268]=-1.11e+12
dp[7][268]=-1.43e+12
dp[8][268]=-1.43e+12
dp[9][268]=-1.73e+12
dp[10][268]=-1.73e+12
dp[11][268]=-1.73e+12
dp[12][268]=-1.73e+12
dp[13][268]=-1.73e+12
dp[14][268]=-1.73e+12
dp[15][268]=-1.73e+12
dp[16][268]=-1.36e+12
Select best dp
Best k=9
Stratifying 7-th numerical feature ...
dp[2][268]=-81.8594
dp[3][268]=-4.8e+11
dp[4][268]=-8.3e+11
dp[5][268]=-1.16e+12
dp[6][268]=-1.48e+12
dp[7][268]=-1.79e+12
dp[8][268]=-1.95e+12
dp[9][268]=-2.13e+12
dp[10][268]=-2.13e+12
dp[11][268]=-2.13e+12
dp[12][268]=-2.13e+12
dp[13][268]=-2.13e+12
dp[14][268]=-2.13e+12
dp[15][268]=-2.13e+12
dp[16][268]=-1.97e+12
Select best dp
Best k=9
Stratifying 4-th numerical feature ...
dp[2][268]=-7.645
dp[3][268]=-3.7e+11
dp[4][268]=-7.2e+11
dp[5][268]=-9.3e+11
dp[6][268]=-1.11e+12
dp[7][268]=-1.43e+12
dp[8][268]=-1.43e+12
dp[9][268]=-1.73e+12
dp[10][268]=-1.73e+12
dp[11][268]=-1.73e+12
dp[12][268]=-1.73e+12
dp[13][268]=-1.73e+12
dp[14][268]=-1.73e+12
dp[15][268]=-1.73e+12
dp[16][268]=-1.36e+12
Select best dp
Best k=9
dp[2][268]=-22.3289
dp[3][268]=-2.4e+11
dp[4][268]=-2.4e+11
dp[5][268]=-2.4e+11
dp[6][268]=-2.4e+11
dp[7][268]=-2.4e+11
dp[8][268]=-2.4e+11
dp[9][268]=-2.4e+11
dp[10][268]=-2.4e+11
Select best dp
Best k=7
Stratifying 7-th numerical feature ...
Stratifying 5-th numerical feature ...
dp[2][268]=-515.996
dp[3][268]=-4.2e+11
dp[4][268]=-4.2e+11
dp[5][268]=-4.2e+11
dp[6][268]=-4.2e+11
dp[7][268]=-4.2e+11
dp[8][268]=-4.2e+11
dp[9][268]=-4.2e+11
dp[10][268]=-4.2e+11
dp[11][268]=-4.2e+11
dp[12][268]=-4.2e+11
dp[13][268]=-4.2e+11
dp[14][268]=-4.2e+11
dp[15][268]=-4.2e+11
dp[16][268]=-4.2e+11
Select best dp
Best k=6
Stratifying 3-th numerical feature ...
dp[2][268]=-418.846
dp[3][268]=-4.5e+11
dp[4][268]=-7.7e+11
dp[5][268]=-1.05e+12
dp[6][268]=-1.27e+12
dp[7][268]=-1.37e+12
dp[8][268]=-1.59e+12
dp[9][268]=-1.79e+12
dp[10][268]=-1.79e+12
dp[11][268]=-1.79e+12
dp[12][268]=-1.79e+12
dp[13][268]=-1.79e+12
dp[14][268]=-1.79e+12
dp[15][268]=-1.79e+12
dp[16][268]=-1.79e+12
Select best dp
Best k=10
Stratifying 6-th numerical feature ...
dp[2][268]=-206.536
dp[3][268]=-331.09
dp[4][268]=-370.196
dp[5][268]=-405.363
dp[6][268]=-422.234
dp[7][268]=-407.86
dp[8][268]=-390.283
dp[9][268]=-363.596
dp[10][268]=-321.537
dp[11][268]=-263.134
dp[12][268]=-201.191
dp[13][268]=-137.388
dp[14][268]=-70.492
dp[15][268]=-2.50348
dp[16][268]=88.8071
Select best dp
Best k=6
dp[2][268]=-418.846
dp[3][268]=-4.5e+11
dp[4][268]=-7.7e+11
dp[5][268]=-1.05e+12
dp[6][268]=-1.27e+12
dp[7][268]=-1.37e+12
dp[8][268]=-1.59e+12
dp[9][268]=-1.79e+12
dp[10][268]=-1.87e+12
dp[11][268]=-1.87e+12
dp[12][268]=-1.95e+12
dp[13][268]=-1.95e+12
dp[14][268]=-1.99e+12
dp[15][268]=-1.99e+12
dp[16][268]=-1.99e+12
Select best dp
Best k=14
Stratifying 6-th numerical feature ...
dp[2][268]=-206.536
dp[3][268]=-331.09
dp[4][268]=-370.196
dp[5][268]=-405.363
dp[6][268]=-422.234
dp[7][268]=-407.86
dp[8][268]=-390.283
dp[9][268]=-363.596
dp[10][268]=-321.537
dp[11][268]=-263.134
dp[12][268]=-201.191
dp[13][268]=-137.388
dp[14][268]=-70.492
dp[15][268]=-2.50348
dp[16][268]=88.8071
Select best dp
Best k=6
dp[2][268]=-206.536
dp[3][268]=-331.09
dp[4][268]=-370.196
dp[5][268]=-405.363
dp[6][268]=-422.234
dp[7][268]=-407.86
dp[8][268]=-390.283
dp[9][268]=-363.596
dp[10][268]=-321.537
dp[11][268]=-263.134
dp[12][268]=-201.191
dp[13][268]=-137.388
dp[14][268]=-70.492
dp[15][268]=-2.50348
dp[16][268]=88.8071
Select best dp
Best k=6
dp[2][268]=-206.536
dp[3][268]=-331.09
dp[4][268]=-370.196
dp[5][268]=-405.363
dp[6][268]=-422.234
dp[7][268]=-407.86
dp[8][268]=-390.283
dp[9][268]=-363.596
dp[10][268]=-321.537
dp[11][268]=-263.134
dp[12][268]=-201.191
dp[13][268]=-137.388
dp[14][268]=-70.492
dp[15][268]=-2.50348
dp[16][268]=88.8071
Select best dp
Best k=6
dp[2][268]=-453.859
dp[3][268]=-4.2e+11
dp[4][268]=-4.2e+11
dp[5][268]=-4.2e+11
dp[6][268]=-4.2e+11
dp[7][268]=-4.2e+11
dp[8][268]=-4.2e+11
dp[9][268]=-4.2e+11
dp[10][268]=-4.2e+11
dp[11][268]=-4.2e+11
dp[12][268]=-4.2e+11
dp[13][268]=-4.2e+11
dp[14][268]=-4.2e+11
dp[15][268]=-4.2e+11
dp[16][268]=-3.7e+11
Select best dp
Best k=7
Stratifying 3-th numerical feature ...
dp[2][268]=-22.3289
dp[3][268]=-2.4e+11
dp[4][268]=-2.4e+11
dp[5][268]=-2.4e+11
dp[6][268]=-2.4e+11
dp[7][268]=-2.4e+11
dp[8][268]=-2.4e+11
dp[9][268]=-2.4e+11
dp[10][268]=-2.4e+11
dp[11][268]=-2.4e+11
dp[12][268]=-2.4e+11
dp[13][268]=-2.4e+11
dp[14][268]=-2.4e+11
dp[15][268]=-2.4e+11
dp[16][268]=-1.9e+11
Select best dp
Best k=7
Stratifying 5-th numerical feature ...
dp[2][268]=-7.645
dp[3][268]=-3.7e+11
dp[4][268]=-7.2e+11
dp[5][268]=-9.3e+11
dp[6][268]=-1.18e+12
dp[7][268]=-1.43e+12
dp[8][268]=-1.57e+12
dp[9][268]=-1.89e+12
dp[10][268]=-1.99e+12
dp[11][268]=-1.99e+12
dp[12][268]=-2.08e+12
dp[13][268]=-2.08e+12
dp[14][268]=-2.08e+12
dp[15][268]=-2.08e+12
dp[16][268]=-2.08e+12
Select best dp
Best k=12
Stratifying 7-th numerical feature ...
dp[2][268]=212.599
dp[3][268]=318.899
dp[4][268]=425.198
dp[5][268]=531.498
dp[6][268]=637.797
dp[7][268]=744.097
dp[8][268]=850.396
dp[9][268]=956.696
dp[10][268]=1063
dp[11][268]=1169.29
dp[12][268]=1275.59
dp[13][268]=1381.89
dp[14][268]=1488.19
dp[15][268]=1594.49
dp[16][268]=1700.79
Select best dp
Best k=2
Stratifying 5-th numerical feature ...
dp[2][268]=-418.846
dp[3][268]=-4.5e+11
dp[4][268]=-7.7e+11
dp[5][268]=-1.05e+12
dp[6][268]=-1.05e+12
dp[7][268]=-1.05e+12
dp[8][268]=-1.05e+12
dp[9][268]=-1.05e+12
dp[10][268]=-8.1e+11
Select best dp
Best k=8
Stratifying 6-th numerical feature ...
dp[2][268]=95.1351
dp[3][268]=-1.2e+11
dp[4][268]=-1.2e+11
dp[5][268]=-1.2e+11
dp[6][268]=-1.2e+11
dp[7][268]=-1.2e+11
dp[8][268]=-1.2e+11
dp[9][268]=-1.2e+11
dp[10][268]=-1.2e+11
dp[11][268]=-1.2e+11
dp[12][268]=-1.2e+11
dp[13][268]=-1.2e+11
dp[14][268]=-1.2e+11
dp[15][268]=-1.2e+11
dp[16][268]=-9.5e+10
Select best dp
Best k=3
Stratifying 5-th numerical feature ...
dp[2][268]=-257.257
dp[3][268]=-4.8e+11
dp[4][268]=-4.8e+11
dp[5][268]=-4.8e+11
dp[6][268]=-4.8e+11
dp[7][268]=-4.8e+11
dp[8][268]=-4.8e+11
dp[9][268]=-4.8e+11
dp[10][268]=-4.8e+11
dp[11][268]=-4.8e+11
dp[12][268]=-4.8e+11
dp[13][268]=-4.8e+11
dp[14][268]=-4.8e+11
dp[15][268]=-4.8e+11
dp[16][268]=-3.8e+11
Select best dp
Best k=12
Stratifying 5-th numerical feature ...
dp[2][268]=-22.3289
dp[3][268]=-2.4e+11
dp[4][268]=-2.4e+11
dp[5][268]=-2.4e+11
dp[6][268]=-2.4e+11
dp[7][268]=-2.4e+11
dp[8][268]=-2.4e+11
dp[9][268]=-2.4e+11
dp[10][268]=-2.4e+11
dp[11][268]=-2.4e+11
dp[12][268]=-2.4e+11
dp[13][268]=-2.4e+11
dp[14][268]=-2.4e+11
dp[15][268]=-2.4e+11
dp[16][268]=-1.9e+11
Select best dp
Best k=7
Stratifying 5-th numerical feature ...
dp[2][268]=-7.645
dp[3][268]=-3.7e+11
dp[4][268]=-7.2e+11
dp[5][268]=-9.3e+11
dp[6][268]=-1.18e+12
dp[7][268]=-1.43e+12
dp[8][268]=-1.57e+12
dp[9][268]=-1.89e+12
dp[10][268]=-1.99e+12
dp[11][268]=-2.07e+12
dp[12][268]=-2.1e+12
dp[13][268]=-2.18e+12
dp[14][268]=-2.18e+12
dp[15][268]=-2.22e+12
dp[16][268]=-2.22e+12
Select best dp
Best k=15
Stratifying 7-th numerical feature ...
dp[2][268]=-206.536
dp[3][268]=-331.09
dp[4][268]=-370.196
dp[5][268]=-405.363
dp[6][268]=-422.234
dp[7][268]=-409.454
dp[8][268]=-395.121
dp[9][268]=-368.435
dp[10][268]=-326.376
dp[11][268]=-277.636
dp[12][268]=-235.577
dp[13][268]=-185.665
dp[14][268]=-128.68
dp[15][268]=-71.9344
dp[16][268]=-14.9494
Select best dp
Best k=6
dp[2][268]=-418.846
dp[3][268]=-4.5e+11
dp[4][268]=-7.7e+11
dp[5][268]=-1.05e+12
dp[6][268]=-1.27e+12
dp[7][268]=-1.27e+12
dp[8][268]=-1.47e+12
dp[9][268]=-1.63e+12
dp[10][268]=-1.63e+12
dp[11][268]=-1.63e+12
dp[12][268]=-1.63e+12
dp[13][268]=-1.63e+12
dp[14][268]=-1.63e+12
dp[15][268]=-1.47e+12
dp[16][268]=-1.19e+12
Select best dp
Best k=10
Stratifying 6-th numerical feature ...
dp[2][268]=-81.8594
dp[3][268]=-4.8e+11
dp[4][268]=-8.3e+11
dp[5][268]=-1.16e+12
dp[6][268]=-1.48e+12
dp[7][268]=-1.79e+12
dp[8][268]=-1.95e+12
dp[9][268]=-2.13e+12
dp[10][268]=-2.29e+12
dp[11][268]=-2.39e+12
dp[12][268]=-2.54e+12
dp[13][268]=-2.54e+12
dp[14][268]=-2.54e+12
dp[15][268]=-2.54e+12
dp[16][268]=-2.54e+12
Select best dp
Best k=12
Stratifying 4-th numerical feature ...
dp[2][268]=-7.645
dp[3][268]=-3.7e+11
dp[4][268]=-7.2e+11
dp[5][268]=-7.2e+11
dp[6][268]=-1.04e+12
dp[7][268]=-1.04e+12
dp[8][268]=-1.26e+12
dp[9][268]=-1.21e+12
dp[10][268]=-1.12e+12
Select best dp
Best k=8
Stratifying 7-th numerical feature ...
dp[2][268]=-418.846
dp[3][268]=-4.5e+11
dp[4][268]=-7.7e+11
dp[5][268]=-1.05e+12
dp[6][268]=-1.27e+12
dp[7][268]=-1.27e+12
dp[8][268]=-1.47e+12
dp[9][268]=-1.63e+12
dp[10][268]=-1.63e+12
dp[11][268]=-1.63e+12
dp[12][268]=-1.63e+12
dp[13][268]=-1.63e+12
dp[14][268]=-1.63e+12
dp[15][268]=-1.47e+12
dp[16][268]=-1.19e+12
Select best dp
Best k=10
Stratifying 6-th numerical feature ...
dp[2][268]=-41.0834
dp[3][268]=-4.8e+11
dp[4][268]=-8.3e+11
dp[5][268]=-1.16e+12
dp[6][268]=-1.48e+12
dp[7][268]=-1.79e+12
dp[8][268]=-1.95e+12
dp[9][268]=-2.13e+12
dp[10][268]=-2.13e+12
dp[11][268]=-2.13e+12
dp[12][268]=-2.13e+12
dp[13][268]=-2.13e+12
dp[14][268]=-2.13e+12
dp[15][268]=-2.13e+12
dp[16][268]=-1.97e+12
Select best dp
Best k=9
Stratifying 4-th numerical feature ...
dp[2][268]=-206.536
dp[3][268]=-331.09
dp[4][268]=-370.196
dp[5][268]=-405.363
dp[6][268]=-422.234
dp[7][268]=-409.454
dp[8][268]=-395.121
dp[9][268]=-368.435
dp[10][268]=-326.376
dp[11][268]=-277.636
dp[12][268]=-235.577
dp[13][268]=-185.665
dp[14][268]=-128.68
dp[15][268]=-71.9344
dp[16][268]=-14.9494
Select best dp
Best k=6
dp[2][268]=212.599
dp[3][268]=318.899
dp[4][268]=425.198
dp[5][268]=531.498
dp[6][268]=637.797
dp[7][268]=744.097
dp[8][268]=850.396
dp[9][268]=956.696
dp[10][268]=1063
dp[11][268]=1169.29
dp[12][268]=1275.59
dp[13][268]=1381.89
dp[14][268]=1488.19
dp[15][268]=1594.49
dp[16][268]=1700.79
Select best dp
Best k=2
Stratifying 6-th numerical feature ...
dp[2][268]=-103.123
dp[3][268]=-2.25e+11
dp[4][268]=-3.85e+11
dp[5][268]=-5.25e+11
dp[6][268]=-6.35e+11
dp[7][268]=-6.35e+11
dp[8][268]=-7.35e+11
dp[9][268]=-8.15e+11
dp[10][268]=-8.15e+11
dp[11][268]=-8.15e+11
dp[12][268]=-8.15e+11
dp[13][268]=-8.15e+11
dp[14][268]=-8.15e+11
dp[15][268]=-7.35e+11
dp[16][268]=-5.95e+11
Select best dp
Best k=9
Stratifying 6-th numerical feature ...
dp[2][268]=-1050.29
dp[3][268]=-9e+11
dp[4][268]=-1.54e+12
dp[5][268]=-2.1e+12
dp[6][268]=-2.54e+12
dp[7][268]=-2.54e+12
dp[8][268]=-2.94e+12
dp[9][268]=-3.26e+12
dp[10][268]=-3.26e+12
dp[11][268]=-3.26e+12
dp[12][268]=-3.26e+12
dp[13][268]=-3.26e+12
dp[14][268]=-3.26e+12
dp[15][268]=-2.94e+12
dp[16][268]=-2.38e+12
Select best dp
Best k=11
Stratifying 6-th numerical feature ...
dp[2][268]=-7.645
dp[3][268]=-3.7e+11
dp[4][268]=-7.2e+11
dp[5][268]=-9.3e+11
dp[6][268]=-1.11e+12
dp[7][268]=-1.43e+12
dp[8][268]=-1.43e+12
dp[9][268]=-1.73e+12
dp[10][268]=-1.73e+12
dp[11][268]=-1.73e+12
dp[12][268]=-1.73e+12
dp[13][268]=-1.73e+12
dp[14][268]=-1.73e+12
dp[15][268]=-1.73e+12
dp[16][268]=-1.36e+12
Select best dp
Best k=9
Stratifying 7-th numerical feature ...
dp[2][268]=-206.536
dp[3][268]=-331.09
dp[4][268]=-370.196
dp[5][268]=-405.363
dp[6][268]=-422.234
dp[7][268]=-407.86
dp[8][268]=-380.456
dp[9][268]=-341.806
dp[10][268]=-256.992
Select best dp
Best k=6
dp[2][268]=-206.536
dp[3][268]=-331.09
dp[4][268]=-370.196
dp[5][268]=-405.363
dp[6][268]=-422.234
dp[7][268]=-407.86
dp[8][268]=-390.283
dp[9][268]=-363.596
dp[10][268]=-321.537
dp[11][268]=-263.134
dp[12][268]=-201.191
dp[13][268]=-137.388
dp[14][268]=-70.492
dp[15][268]=-2.50348
dp[16][268]=88.8071
Select best dp
Best k=6
dp[2][268]=-7.645
dp[3][268]=-3.7e+11
dp[4][268]=-7.2e+11
dp[5][268]=-9.3e+11
dp[6][268]=-1.11e+12
dp[7][268]=-1.43e+12
dp[8][268]=-1.43e+12
dp[9][268]=-1.73e+12
dp[10][268]=-1.73e+12
dp[11][268]=-1.73e+12
dp[12][268]=-1.73e+12
dp[13][268]=-1.73e+12
dp[14][268]=-1.73e+12
dp[15][268]=-1.73e+12
dp[16][268]=-1.36e+12
Select best dp
Best k=9
Stratifying 7-th numerical feature ...
dp[2][268]=25.8477
dp[3][268]=-2.4e+11
dp[4][268]=-2.4e+11
dp[5][268]=-2.4e+11
dp[6][268]=-2.4e+11
dp[7][268]=-2.4e+11
dp[8][268]=-2.4e+11
dp[9][268]=-2.4e+11
dp[10][268]=-2.4e+11
dp[11][268]=-2.4e+11
dp[12][268]=-2.4e+11
dp[13][268]=-2.4e+11
dp[14][268]=-2.4e+11
dp[15][268]=-2.4e+11
dp[16][268]=-1.9e+11
Select best dp
Best k=7
Stratifying 5-th numerical feature ...
dp[2][268]=212.599
dp[3][268]=318.899
dp[4][268]=425.198
dp[5][268]=531.498
dp[6][268]=637.797
dp[7][268]=744.097
dp[8][268]=850.396
dp[9][268]=956.696
dp[10][268]=1063
dp[11][268]=1169.29
dp[12][268]=1275.59
dp[13][268]=1381.89
dp[14][268]=1488.19
dp[15][268]=1594.49
dp[16][268]=1700.79
Select best dp
Best k=2
Stratifying 7-th numerical feature ...
dp[2][268]=-22.3289
dp[3][268]=-2.4e+11
dp[4][268]=-2.4e+11
dp[5][268]=-2.4e+11
dp[6][268]=-2.4e+11
dp[7][268]=-2.4e+11
dp[8][268]=-2.4e+11
dp[9][268]=-2.4e+11
dp[10][268]=-2.4e+11
dp[11][268]=-2.4e+11
dp[12][268]=-2.4e+11
dp[13][268]=-2.4e+11
dp[14][268]=-2.4e+11
dp[15][268]=-2.4e+11
dp[16][268]=-2.4e+11
Select best dp
Best k=7
Stratifying 5-th numerical feature ...
dp[2][268]=102.477
dp[3][268]=-1.85e+11
dp[4][268]=-3.6e+11
dp[5][268]=-4.65e+11
dp[6][268]=-5.55e+11
dp[7][268]=-7.15e+11
dp[8][268]=-7.15e+11
dp[9][268]=-8.65e+11
dp[10][268]=-8.65e+11
dp[11][268]=-8.65e+11
dp[12][268]=-8.65e+11
dp[13][268]=-8.65e+11
dp[14][268]=-8.65e+11
dp[15][268]=-8.65e+11
dp[16][268]=-6.8e+11
Select best dp
Best k=9
Stratifying 7-th numerical feature ...
dp[2][268]=-227.889
dp[3][268]=-7.4e+11
dp[4][268]=-1.44e+12
dp[5][268]=-1.86e+12
dp[6][268]=-2.22e+12
dp[7][268]=-2.86e+12
dp[8][268]=-2.86e+12
dp[9][268]=-3.46e+12
dp[10][268]=-3.46e+12
dp[11][268]=-3.46e+12
dp[12][268]=-3.46e+12
dp[13][268]=-3.46e+12
dp[14][268]=-3.46e+12
dp[15][268]=-3.46e+12
dp[16][268]=-2.72e+12
Select best dp
Best k=11
Stratifying 7-th numerical feature ...
dp[2][268]=212.599
dp[3][268]=318.899
dp[4][268]=425.198
dp[5][268]=531.498
dp[6][268]=637.797
dp[7][268]=744.097
dp[8][268]=850.396
dp[9][268]=956.696
dp[10][268]=1063
dp[11][268]=1169.29
dp[12][268]=1275.59
dp[13][268]=1381.89
dp[14][268]=1488.19
dp[15][268]=1594.49
dp[16][268]=1700.79
Select best dp
Best k=2
dp[2][268]=-625.672
dp[3][268]=-981.079
dp[4][268]=-1165.59
dp[5][268]=-1342.22
dp[6][268]=-1482.27
dp[7][268]=-1559.82
dp[8][268]=-1630.96
dp[9][268]=-1683.89
dp[10][268]=-1706.07
dp[11][268]=-1695.56
dp[12][268]=-1677.98
dp[13][268]=-1656.67
dp[14][268]=-1629.18
dp[15][268]=-1599.5
dp[16][268]=-1523.18
Select best dp
Best k=10
dp[2][268]=-418.846
dp[3][268]=-4.5e+11
dp[4][268]=-7.7e+11
dp[5][268]=-1.05e+12
dp[6][268]=-1.27e+12
dp[7][268]=-1.37e+12
dp[8][268]=-1.59e+12
dp[9][268]=-1.79e+12
dp[10][268]=-1.87e+12
dp[11][268]=-1.92e+12
dp[12][268]=-1.98e+12
dp[13][268]=-2.03e+12
dp[14][268]=-2.08e+12
dp[15][268]=-2.13e+12
dp[16][268]=-2.16e+12
Select best dp
Best k=16
Stratifying 6-th numerical feature ...
dp[2][268]=-206.536
dp[3][268]=-331.09
dp[4][268]=-370.196
dp[5][268]=-405.363
dp[6][268]=-422.234
dp[7][268]=-407.86
dp[8][268]=-390.283
dp[9][268]=-363.596
dp[10][268]=-321.537
dp[11][268]=-263.134
dp[12][268]=-201.191
dp[13][268]=-137.388
dp[14][268]=-70.492
dp[15][268]=-2.50348
dp[16][268]=88.8071
Select best dp
Best k=6
dp[2][268]=-377.829
dp[3][268]=-4.5e+11
dp[4][268]=-7.7e+11
dp[5][268]=-1.05e+12
dp[6][268]=-1.27e+12
dp[7][268]=-1.27e+12
dp[8][268]=-1.47e+12
dp[9][268]=-1.63e+12
dp[10][268]=-1.63e+12
dp[11][268]=-1.63e+12
dp[12][268]=-1.63e+12
dp[13][268]=-1.63e+12
dp[14][268]=-1.63e+12
dp[15][268]=-1.47e+12
dp[16][268]=-1.19e+12
Select best dp
Best k=10
Stratifying 6-th numerical feature ...
dp[2][268]=3.03129
dp[3][268]=-6.09579
dp[4][268]=27.501
dp[5][268]=63.0674
dp[6][268]=107.781
dp[7][268]=168.118
dp[8][268]=230.057
dp[9][268]=296.55
dp[10][268]=370.729
dp[11][268]=453.081
dp[12][268]=537.201
dp[13][268]=622.253
dp[14][268]=708.851
dp[15][268]=795.995
dp[16][268]=894.8
Select best dp
Best k=3
dp[2][268]=-7.645
dp[3][268]=-3.7e+11
dp[4][268]=-7.2e+11
dp[5][268]=-9.3e+11
dp[6][268]=-1.18e+12
dp[7][268]=-1.43e+12
dp[8][268]=-1.57e+12
dp[9][268]=-1.89e+12
dp[10][268]=-1.99e+12
dp[11][268]=-2.08e+12
dp[12][268]=-2.18e+12
dp[13][268]=-2.26e+12
dp[14][268]=-2.26e+12
dp[15][268]=-2.33e+12
dp[16][268]=-2.35e+12
Select best dp
Best k=16
Stratifying 7-th numerical feature ...
dp[2][268]=21.1262
dp[3][268]=-3.7e+11
dp[4][268]=-7.2e+11
dp[5][268]=-9.3e+11
dp[6][268]=-1.11e+12
dp[7][268]=-1.43e+12
dp[8][268]=-1.43e+12
dp[9][268]=-1.73e+12
dp[10][268]=-1.73e+12
dp[11][268]=-1.73e+12
dp[12][268]=-1.73e+12
dp[13][268]=-1.73e+12
dp[14][268]=-1.73e+12
dp[15][268]=-1.73e+12
dp[16][268]=-1.36e+12
Select best dp
Best k=9
Stratifying 7-th numerical feature ...
dp[2][268]=-206.536
dp[3][268]=-7e+10
dp[4][268]=-1.2e+11
dp[5][268]=-1.3e+11
dp[6][268]=-1.8e+11
dp[7][268]=-2.2e+11
dp[8][268]=-2.3e+11
dp[9][268]=-2.8e+11
dp[10][268]=-2.8e+11
dp[11][268]=-3.3e+11
dp[12][268]=-3.3e+11
dp[13][268]=-3.8e+11
dp[14][268]=-3.8e+11
dp[15][268]=-4.3e+11
dp[16][268]=-4.3e+11
Select best dp
Best k=15
dp[2][268]=-143.522
dp[3][268]=-279.167
dp[4][268]=-326.028
dp[5][268]=-365.146
dp[6][268]=-384.829
dp[7][268]=-372.765
dp[8][268]=-355.722
dp[9][268]=-335.664
dp[10][268]=-301.316
dp[11][268]=-246.701
dp[12][268]=-190.17
dp[13][268]=-133.558
dp[14][268]=-71.4196
dp[15][268]=-5.36965
dp[16][268]=75.9242
Select best dp
Best k=6
