Standardize ...
Stratifying 1-th numerical feature ...
Standardize ...
Stratifying 1-th numerical feature ...
Standardize ...
Stratifying 1-th numerical feature ...
Standardize ...
Stratifying 1-th numerical feature ...
Standardize ...
Stratifying 1-th numerical feature ...
Standardize ...
Stratifying 1-th numerical feature ...
Standardize ...
Stratifying 1-th numerical feature ...
Standardize ...
Stratifying 1-th numerical feature ...
Standardize ...
Stratifying 1-th numerical feature ...
Standardize ...
Stratifying 1-th numerical feature ...
Standardize ...
Stratifying 1-th numerical feature ...
Standardize ...
Stratifying 1-th numerical feature ...
Standardize ...
Stratifying 1-th numerical feature ...
Standardize ...
Stratifying 1-th numerical feature ...
dp[2][188]=-173.274
dp[3][188]=-325.532
dp[4][188]=-374.06
dp[5][188]=-383.246
dp[6][188]=-359.805
dp[7][188]=-292.016
dp[8][188]=-211.654
dp[9][188]=-125.665
dp[10][188]=-31.5946
dp[11][188]=84.8003
dp[12][188]=201.212
dp[13][188]=355.495
Select best dp
Best k=5
dp[2][188]=91.4118
dp[3][188]=97.7774
dp[4][188]=161.607
dp[5][188]=250.538
dp[6][188]=352.849
dp[7][188]=475.871
dp[8][188]=602.417
dp[9][188]=733.94
dp[10][188]=868.033
dp[11][188]=1011.55
dp[12][188]=1156.63
dp[13][188]=1320.16
Select best dp
Best k=2
Stratifying 2-th numerical feature ...
Stratifying 2-th numerical feature ...
dp[2][188]=96.8241
dp[3][188]=112.426
dp[4][188]=179.892
dp[5][188]=267.03
dp[6][188]=370.481
dp[7][188]=496.106
dp[8][188]=628.017
dp[9][188]=762.743
dp[10][188]=901.508
dp[11][188]=1051.44
dp[12][188]=1201.37
dp[13][188]=1370.25
Select best dp
Best k=2
Stratifying 2-th numerical feature ...
dp[2][188]=96.8241
dp[3][188]=112.426
dp[4][188]=179.892
dp[5][188]=267.03
dp[6][188]=370.481
dp[7][188]=496.106
dp[8][188]=628.017
dp[9][188]=762.743
dp[10][188]=901.508
dp[11][188]=1051.44
dp[12][188]=1201.37
dp[13][188]=1370.25
Select best dp
Best k=2
Stratifying 2-th numerical feature ...
dp[2][188]=96.8241
dp[3][188]=112.426
dp[4][188]=179.892
dp[5][188]=267.03
dp[6][188]=370.481
dp[7][188]=496.106
dp[8][188]=625.207
dp[9][188]=758.615
dp[10][188]=897.956
dp[11][188]=1042.99
dp[12][188]=1190.89
dp[13][188]=1339.77
Select best dp
Best k=2
Stratifying 2-th numerical feature ...
dp[2][188]=87.6142
dp[3][188]=90.6405
dp[4][188]=157.554
dp[5][188]=244.118
dp[6][188]=339.602
dp[7][188]=460.284
dp[8][188]=584.643
dp[9][188]=712.793
dp[10][188]=844.203
dp[11][188]=985.303
dp[12][188]=1129.86
dp[13][188]=1290.92
Select best dp
Best k=2
Stratifying 2-th numerical feature ...
dp[2][188]=96.8241
dp[3][188]=112.426
dp[4][188]=179.892
dp[5][188]=267.03
dp[6][188]=370.481
dp[7][188]=498.821
dp[8][188]=643.701
dp[9][188]=794.88
Select best dp
Best k=2
dp[2][188]=53.3179
dp[3][188]=2.55083
dp[4][188]=50.0197
dp[5][188]=139.237
Stratifying 2-th numerical feature ...
dp[6][188]=235.648
dp[7][188]=348.769
dp[8][188]=471.702
dp[9][188]=606.928
dp[10][188]=743.808
dp[11][188]=883.721
dp[12][188]=1035.54
dp[13][188]=1209.31
Select best dp
Best k=3
dp[2][188]=-70.7145
dp[3][188]=-234.41
dp[4][188]=-280.955
dp[5][188]=-268.296
dp[6][188]=-238.622
dp[7][188]=-175.458
dp[8][188]=-105.669
dp[9][188]=-16.3782
dp[10][188]=79.5923
dp[11][188]=188.551
dp[12][188]=313.611
dp[13][188]=483.58
Select best dp
Best k=4
Stratifying 3-th numerical feature ...
Stratifying 3-th numerical feature ...
dp[2][188]=148.104
dp[3][188]=157.987
dp[4][188]=226.445
dp[5][188]=324.505
dp[6][188]=431.073
dp[7][188]=554.385
dp[8][188]=681.01
dp[9][188]=817.386
dp[10][188]=957.102
dp[11][188]=1103.31
dp[12][188]=1257.57
dp[13][188]=1434.29
Select best dp
Best k=2
Stratifying 3-th numerical feature ...
dp[2][188]=148.104
dp[3][188]=157.987
dp[4][188]=226.445
dp[5][188]=324.505
dp[6][188]=431.073
dp[7][188]=554.385
dp[8][188]=681.01
dp[9][188]=817.386
dp[10][188]=957.102
dp[11][188]=1103.31
dp[12][188]=1257.57
dp[13][188]=1434.29
Select best dp
Best k=2
Stratifying 3-th numerical feature ...
dp[2][188]=231.873
dp[3][188]=331.405
dp[4][188]=456.868
dp[5][188]=592.168
dp[6][188]=735.624
dp[7][188]=890.167
dp[8][188]=1047.85
dp[9][188]=1206.95
dp[10][188]=1368.06
dp[11][188]=1534.75
dp[12][188]=1701.45
dp[13][188]=1877.62
Select best dp
Best k=2
dp[2][188]=366.922
dp[3][188]=550.383
dp[4][188]=733.845
dp[5][188]=917.306
dp[6][188]=1100.77
dp[7][188]=1284.23
dp[8][188]=1467.69
dp[9][188]=1651.15
dp[10][188]=1834.61
dp[11][188]=2018.07
dp[12][188]=2201.53
dp[13][188]=2384.99
Select best dp
Best k=2
Stratifying 2-th numerical feature ...
Stratifying 2-th numerical feature ...
dp[2][188]=96.8241
dp[3][188]=112.426
dp[4][188]=179.892
dp[5][188]=267.03
dp[6][188]=370.481
dp[7][188]=496.106
dp[8][188]=628.017
dp[9][188]=762.743
dp[10][188]=901.508
dp[11][188]=1051.44
dp[12][188]=1201.37
dp[13][188]=1370.25
Select best dp
Best k=2
Stratifying 2-th numerical feature ...
dp[2][188]=96.8241
dp[3][188]=112.426
dp[4][188]=179.892
dp[5][188]=267.03
dp[6][188]=370.481
dp[7][188]=496.106
dp[8][188]=628.017
dp[9][188]=762.743
dp[10][188]=901.508
dp[11][188]=1051.44
dp[12][188]=1201.37
dp[13][188]=1370.25
Select best dp
Best k=2
Stratifying 2-th numerical feature ...
dp[2][188]=148.104
dp[3][188]=157.987
dp[4][188]=226.445
dp[5][188]=324.505
dp[6][188]=431.073
dp[7][188]=554.385
dp[8][188]=681.01
dp[9][188]=817.386
dp[10][188]=955.739
dp[11][188]=1096.39
dp[12][188]=1244.72
dp[13][188]=1393.38
Select best dp
Best k=2
Stratifying 3-th numerical feature ...
dp[2][188]=96.8241
dp[3][188]=112.426
dp[4][188]=179.892
dp[5][188]=267.03
dp[6][188]=370.481
dp[7][188]=496.106
dp[8][188]=628.017
dp[9][188]=762.743
dp[10][188]=901.508
dp[11][188]=1051.44
dp[12][188]=1201.37
dp[13][188]=1370.25
Select best dp
Best k=2
Stratifying 2-th numerical feature ...
dp[2][188]=62.2783
dp[3][188]=18.4355
dp[4][188]=62.6638
dp[5][188]=149.328
dp[6][188]=247.197
dp[7][188]=362.623
dp[8][188]=482.67
dp[9][188]=613.99
dp[10][188]=750.143
dp[11][188]=886.641
dp[12][188]=1037.77
dp[13][188]=1209.68
Select best dp
Best k=3
Stratifying 3-th numerical feature ...
dp[2][188]=-320.925
dp[3][188]=-440.418
dp[4][188]=-406.534
dp[5][188]=-353.443
dp[6][188]=-288.866
dp[7][188]=-206.482
dp[8][188]=-113.176
dp[9][188]=4.2475
dp[10][188]=125.698
dp[11][188]=262.202
dp[12][188]=414.581
dp[13][188]=595.807
Select best dp
Best k=3
Stratifying 4-th numerical feature ...
dp[2][188]=-666.777
dp[3][188]=-904.051
dp[4][188]=-962.761
dp[5][188]=-966.183
dp[6][188]=-949.741
dp[7][188]=-929.286
dp[8][188]=-855.596
dp[9][188]=-779.882
dp[10][188]=-691.067
dp[11][188]=-588.617
dp[12][188]=-449.874
dp[13][188]=-281.841
Select best dp
Best k=5
Stratifying 4-th numerical feature ...
dp[2][188]=-149.927
dp[3][188]=-176.834
dp[4][188]=-114.458
dp[5][188]=-24.4388
dp[6][188]=75.513
dp[7][188]=177.471
dp[8][188]=306.047
dp[9][188]=435.634
dp[10][188]=571.772
dp[11][188]=714.728
dp[12][188]=875.83
dp[13][188]=1051.58
Select best dp
Best k=3
Stratifying 4-th numerical feature ...
dp[2][188]=-149.927
dp[3][188]=-176.834
dp[4][188]=-114.458
dp[5][188]=-24.4388
dp[6][188]=75.513
dp[7][188]=177.471
dp[8][188]=306.047
dp[9][188]=435.634
dp[10][188]=571.772
dp[11][188]=714.728
dp[12][188]=875.83
dp[13][188]=1051.58
Select best dp
Best k=3
Stratifying 4-th numerical feature ...
dp[2][188]=96.8241
dp[3][188]=-5e+10
dp[4][188]=-5e+10
dp[5][188]=-5e+10
dp[6][188]=-5e+10
dp[7][188]=-5e+10
dp[8][188]=-5e+10
dp[9][188]=-5e+10
dp[10][188]=-5e+10
dp[11][188]=-5e+10
dp[12][188]=-5e+10
dp[13][188]=-5e+10
Select best dp
Best k=3
Stratifying 2-th numerical feature ...
dp[2][188]=96.8241
dp[3][188]=112.426
dp[4][188]=179.892
dp[5][188]=267.03
dp[6][188]=370.481
dp[7][188]=496.106
dp[8][188]=625.207
dp[9][188]=758.615
dp[10][188]=897.956
dp[11][188]=1041.59
dp[12][188]=1187.09
dp[13][188]=1335.97
Select best dp
Best k=2
Stratifying 2-th numerical feature ...
dp[2][188]=-149.927
dp[3][188]=-1e+11
dp[4][188]=-1e+11
dp[5][188]=-1e+11
dp[6][188]=-1e+11
dp[7][188]=-1e+11
dp[8][188]=-1e+11
dp[9][188]=-1e+11
dp[10][188]=-1e+11
dp[11][188]=-1e+11
dp[12][188]=-1e+11
dp[13][188]=-1e+11
Select best dp
Best k=4
Stratifying 4-th numerical feature ...
dp[2][188]=148.104
dp[3][188]=157.987
dp[4][188]=226.445
dp[5][188]=324.505
dp[6][188]=438.349
dp[7][188]=562.768
dp[8][188]=690.434
dp[9][188]=835.476
Select best dp
Best k=2
Stratifying 3-th numerical feature ...
dp[2][188]=-1678.74
dp[3][188]=-2053.64
dp[4][188]=-2065.66
dp[5][188]=-2108.11
dp[6][188]=-2080.01
dp[7][188]=-2034.99
dp[8][188]=-1962.56
dp[9][188]=-1852.85
dp[10][188]=-1743.38
dp[11][188]=-1604.48
dp[12][188]=-1451.37
dp[13][188]=-1269.93
Select best dp
Best k=5
Stratifying 5-th numerical feature ...
dp[2][188]=-3008.7
dp[3][188]=-3613.7
dp[4][188]=-3784.97
dp[5][188]=-3913.55
dp[6][188]=-3990.15
dp[7][188]=-4008.9
dp[8][188]=-3995.7
dp[9][188]=-3953.43
dp[10][188]=-3887.92
dp[11][188]=-3792.37
dp[12][188]=-3677.26
dp[13][188]=-3524.39
Select best dp
Best k=7
Stratifying 5-th numerical feature ...
dp[2][188]=-1678.74
dp[3][188]=-2053.64
dp[4][188]=-2065.66
dp[5][188]=-2108.11
dp[6][188]=-2080.01
dp[7][188]=-2034.99
dp[8][188]=-1962.56
dp[9][188]=-1852.85
dp[10][188]=-1743.38
dp[11][188]=-1604.48
dp[12][188]=-1451.37
dp[13][188]=-1269.93
Select best dp
Best k=5
dp[2][188]=-287.796
dp[3][188]=-350.158
dp[4][188]=-307.657
Stratifying 5-th numerical feature ...
dp[5][188]=-239.76
dp[6][188]=-156.597
dp[7][188]=-60.187
dp[8][188]=50.7749
dp[9][188]=179.497
dp[10][188]=312.72
dp[11][188]=447.134
dp[12][188]=605.932
dp[13][188]=772.397
Select best dp
Best k=3
Stratifying 4-th numerical feature ...
dp[2][188]=-1678.74
dp[3][188]=-2053.64
dp[4][188]=-2065.66
dp[5][188]=-2108.11
dp[6][188]=-2080.01
dp[7][188]=-2034.99
dp[8][188]=-1962.56
dp[9][188]=-1852.85
dp[10][188]=-1743.38
dp[11][188]=-1604.48
dp[12][188]=-1451.37
dp[13][188]=-1269.93
Select best dp
Best k=5
Stratifying 5-th numerical feature ...
dp[2][188]=366.922
dp[3][188]=550.383
dp[4][188]=733.845
dp[5][188]=917.306
dp[6][188]=1100.77
dp[7][188]=1284.23
dp[8][188]=1467.69
dp[9][188]=1651.15
dp[10][188]=1834.61
dp[11][188]=2018.07
dp[12][188]=2201.53
dp[13][188]=2384.99
Select best dp
Best k=2
dp[2][188]=257.513
dp[3][188]=354.185
dp[4][188]=480.145
dp[5][188]=620.905
dp[6][188]=765.92
dp[7][188]=919.307
dp[8][188]=1074.35
dp[9][188]=1234.27
dp[10][188]=1395.86
dp[11][188]=1560.69
dp[12][188]=1729.55
dp[13][188]=1909.64
Select best dp
Stratifying 3-th numerical feature ...
Best k=2
Stratifying 3-th numerical feature ...
dp[2][188]=148.104
dp[3][188]=157.987
dp[4][188]=226.445
dp[5][188]=324.505
dp[6][188]=431.073
dp[7][188]=554.385
dp[8][188]=681.01
dp[9][188]=817.386
dp[10][188]=957.102
dp[11][188]=1103.31
dp[12][188]=1257.57
dp[13][188]=1434.29
Select best dp
Best k=2
Stratifying 3-th numerical feature ...
dp[2][188]=148.104
dp[3][188]=157.987
dp[4][188]=226.445
dp[5][188]=324.505
dp[6][188]=431.073
dp[7][188]=554.385
dp[8][188]=681.01
dp[9][188]=817.386
dp[10][188]=957.102
dp[11][188]=1103.31
dp[12][188]=1257.57
dp[13][188]=1434.29
Select best dp
Best k=2
Stratifying 3-th numerical feature ...
dp[2][188]=148.104
dp[3][188]=157.987
dp[4][188]=226.445
dp[5][188]=324.505
dp[6][188]=431.073
dp[7][188]=554.385
dp[8][188]=681.01
dp[9][188]=817.386
dp[10][188]=957.102
dp[11][188]=1103.31
dp[12][188]=1257.57
dp[13][188]=1434.29
Select best dp
Best k=2
Stratifying 3-th numerical feature ...
dp[2][188]=-1678.74
dp[3][188]=-2064.77
dp[4][188]=-2089.43
dp[5][188]=-2147.24
dp[6][188]=-2119.77
dp[7][188]=-2089.83
dp[8][188]=-2026.17
dp[9][188]=-1918.3
dp[10][188]=-1810.82
dp[11][188]=-1685.06
dp[12][188]=-1547.79
dp[13][188]=-1405.31
Select best dp
Best k=5
Stratifying 5-th numerical feature ...
dp[2][188]=-718.991
dp[3][188]=-996.846
dp[4][188]=-1084.41
dp[5][188]=-1095.77
dp[6][188]=-1068.56
dp[7][188]=-1018.94
dp[8][188]=-940.558
dp[9][188]=-856.942
dp[10][188]=-762.56
dp[11][188]=-662.002
dp[12][188]=-548.087
dp[13][188]=-398.271
Select best dp
Best k=5
Stratifying 6-th numerical feature ...
dp[2][188]=-176.034
dp[3][188]=-223.231
dp[4][188]=-175.282
dp[5][188]=-89.2344
dp[6][188]=16.1024
dp[7][188]=132.642
dp[8][188]=263.565
dp[9][188]=397.104
dp[10][188]=536.026
dp[11][188]=678.035
dp[12][188]=826.723
dp[13][188]=993.362
Select best dp
Best k=3
Stratifying 6-th numerical feature ...
dp[2][188]=-176.034
dp[3][188]=-223.231
dp[4][188]=-175.282
dp[5][188]=-89.2344
dp[6][188]=16.1024
dp[7][188]=132.642
dp[8][188]=263.565
dp[9][188]=397.104
dp[10][188]=536.026
dp[11][188]=678.035
dp[12][188]=826.723
dp[13][188]=993.362
Select best dp
Best k=3
Stratifying 6-th numerical feature ...
dp[2][188]=-638.315
dp[3][188]=-785.705
dp[4][188]=-762.112
dp[5][188]=-716.776
dp[6][188]=-621.873
dp[7][188]=-510.376
dp[8][188]=-383.601
dp[9][188]=-254.863
dp[10][188]=-122.703
dp[11][188]=14.1502
dp[12][188]=154.362
dp[13][188]=322.948
Select best dp
Best k=3
Stratifying 6-th numerical feature ...
dp[2][188]=-149.927
dp[3][188]=-176.834
dp[4][188]=-114.458
dp[5][188]=-17.1612
dp[6][188]=84.7968
dp[7][188]=194.627
dp[8][188]=335.893
dp[9][188]=483.525
Select best dp
Best k=3
Stratifying 4-th numerical feature ...
dp[2][188]=-1377.9
dp[3][188]=-1624.68
dp[4][188]=-1625.85
dp[5][188]=-1606.18
dp[6][188]=-1559.49
dp[7][188]=-1481.59
dp[8][188]=-1388.66
dp[9][188]=-1276.58
dp[10][188]=-1155.88
dp[11][188]=-1018.32
dp[12][188]=-869.708
dp[13][188]=-702.761
Select best dp
Best k=4
Stratifying 5-th numerical feature ...
dp[2][188]=-176.034
dp[3][188]=-223.231
dp[4][188]=-175.282
dp[5][188]=-89.2344
dp[6][188]=16.1024
dp[7][188]=132.642
dp[8][188]=263.184
dp[9][188]=393.724
dp[10][188]=526.05
dp[11][188]=659.588
dp[12][188]=800.384
dp[13][188]=947.682
Select best dp
Best k=3
Stratifying 6-th numerical feature ...
dp[2][188]=-3824.4
dp[3][188]=-4277.64
dp[4][188]=-4460.61
dp[5][188]=-4477.54
dp[6][188]=-4491.24
dp[7][188]=-4472.02
dp[8][188]=-4428.35
dp[9][188]=-4358.97
dp[10][188]=-4286.69
dp[11][188]=-4190.92
dp[12][188]=-4049.59
dp[13][188]=-3880.49
Select best dp
Best k=6
dp[2][188]=148.104
dp[3][188]=157.987
Stratifying 7-th numerical feature ...
dp[4][188]=226.445
dp[5][188]=324.505
dp[6][188]=431.073
dp[7][188]=554.385
dp[8][188]=681.01
dp[9][188]=817.386
dp[10][188]=955.739
dp[11][188]=1096.39
dp[12][188]=1243.53
dp[13][188]=1391.08
Select best dp
Best k=2
Stratifying 3-th numerical feature ...
dp[2][188]=-2253.97
dp[3][188]=-2455.16
dp[4][188]=-2467.72
dp[5][188]=-2414.35
dp[6][188]=-2341.58
dp[7][188]=-2246.98
dp[8][188]=-2141.6
dp[9][188]=-2017.98
dp[10][188]=-1890.85
dp[11][188]=-1748.07
dp[12][188]=-1585.49
dp[13][188]=-1408.28
Select best dp
Best k=4
Stratifying 7-th numerical feature ...
dp[2][188]=148.104
dp[2][188]=-2253.97
dp[3][188]=-2455.16
dp[3][188]=157.987
dp[4][188]=-2467.72
dp[5][188]=-2414.35
dp[4][188]=226.445
dp[6][188]=-2341.58
dp[7][188]=-2246.98
dp[5][188]=324.505
dp[8][188]=-2141.6
dp[9][188]=-2017.98
dp[6][188]=431.073
dp[10][188]=-1890.85
dp[11][188]=-1748.07
dp[7][188]=554.385
dp[12][188]=-1585.49
dp[13][188]=-1408.28
dp[8][188]=681.01
Select best dp
Best k=4
dp[9][188]=817.386
dp[10][188]=955.739
dp[11][188]=1096.39
dp[12][188]=1243.53
dp[13][188]=1391.08
Select best dp
Best k=2
Stratifying 7-th numerical feature ...
Stratifying 3-th numerical feature ...
dp[2][188]=-2116.73
dp[3][188]=-2326.53
dp[4][188]=-2347.57
dp[5][188]=-2280.59
dp[6][188]=-2209.47
dp[7][188]=-2113.77
dp[8][188]=-2010.21
dp[9][188]=-1886.04
dp[10][188]=-1756.44
dp[11][188]=-1615.02
dp[12][188]=-1454.08
dp[13][188]=-1280.14
Select best dp
Best k=4
Stratifying 7-th numerical feature ...
dp[2][188]=366.922
dp[3][188]=550.383
dp[4][188]=733.845
dp[5][188]=917.306
dp[6][188]=1100.77
dp[7][188]=1284.23
dp[8][188]=1467.69
dp[9][188]=1651.15
dp[10][188]=1834.61
dp[11][188]=2018.07
dp[12][188]=2201.53
dp[13][188]=2384.99
Select best dp
Best k=2
Stratifying 4-th numerical feature ...
dp[2][188]=108.497
dp[3][188]=186.775
dp[4][188]=309.693
dp[5][188]=446.433
dp[6][188]=588.14
dp[7][188]=730.85
dp[8][188]=886.868
dp[9][188]=1043.39
dp[10][188]=1203.19
dp[11][188]=1366.4
dp[12][188]=1538.68
dp[13][188]=1718.29
Select best dp
Best k=2
Stratifying 4-th numerical feature ...
dp[2][188]=-149.927
dp[3][188]=-176.834
dp[4][188]=-114.458
dp[5][188]=-24.4388
dp[6][188]=75.513
dp[7][188]=177.471
dp[8][188]=306.047
dp[9][188]=435.634
dp[10][188]=571.772
dp[11][188]=714.728
dp[12][188]=875.83
dp[13][188]=1051.58
Select best dp
Best k=3
Stratifying 4-th numerical feature ...
dp[2][188]=-149.927
dp[3][188]=-176.834
dp[4][188]=-114.458
dp[5][188]=-24.4388
dp[6][188]=75.513
dp[7][188]=177.471
dp[8][188]=306.047
dp[9][188]=435.634
dp[10][188]=571.772
dp[11][188]=714.728
dp[12][188]=875.83
dp[13][188]=1051.58
Select best dp
Best k=3
Stratifying 4-th numerical feature ...
dp[2][188]=-149.927
dp[3][188]=-176.834
dp[4][188]=-114.458
dp[5][188]=-24.4388
dp[6][188]=75.513
dp[7][188]=177.471
dp[8][188]=306.047
dp[9][188]=435.634
dp[10][188]=571.772
dp[11][188]=714.728
dp[12][188]=875.83
dp[13][188]=1051.58
Select best dp
Best k=3
Stratifying 4-th numerical feature ...
dp[2][188]=-420.588
dp[3][188]=-508.873
dp[4][188]=-476.208
dp[5][188]=-414.418
dp[6][188]=-311.751
dp[7][188]=-198.676
dp[8][188]=-72.9934
dp[9][188]=54.7722
dp[10][188]=184.91
dp[11][188]=322.489
dp[12][188]=464.047
dp[13][188]=632.825
Select best dp
Best k=3
Stratifying 6-th numerical feature ...
dp[2][188]=-635.038
dp[3][188]=-982.761
dp[4][188]=-1315.69
dp[5][188]=-1390.24
dp[6][188]=-1388.94
dp[7][188]=-1351.63
dp[8][188]=-1297.38
dp[9][188]=-1241.2
dp[10][188]=-1165.8
dp[11][188]=-1061.07
dp[12][188]=-927.918
dp[13][188]=-747.531
Select best dp
Best k=5
Stratifying 8-th numerical feature ...
dp[2][188]=-1674.61
dp[3][188]=-2038.59
dp[4][188]=-2049.96
dp[5][188]=-2064.4
dp[6][188]=-2032.61
dp[7][188]=-1937.39
dp[8][188]=-1826.28
dp[9][188]=-1715.12
Select best dp
dp[2][188]=-2253.97
Best k=5
dp[3][188]=-2455.16
dp[4][188]=-2467.72
dp[5][188]=-2414.35
dp[6][188]=-2341.58
dp[7][188]=-2257.05
dp[8][188]=-2162.45
dp[9][188]=-2048.03
dp[10][188]=-1924.41
dp[11][188]=-1796.07
dp[12][188]=-1657.13
dp[13][188]=-1516.73
Select best dp
Best k=4
Stratifying 7-th numerical feature ...
Stratifying 5-th numerical feature ...
dp[2][188]=-336.98
dp[3][188]=-544.917
dp[4][188]=-722.787
dp[5][188]=-716.779
dp[6][188]=-665.108
dp[7][188]=-579.199
dp[8][188]=-485.423
dp[9][188]=-382.133
dp[10][188]=-269.356
dp[11][188]=-133.908
dp[12][188]=17.9658
dp[13][188]=196.564
Select best dp
Best k=4
Stratifying 8-th numerical feature ...
dp[2][188]=-276.664
dp[3][188]=-429.943
dp[4][188]=-567.171
dp[5][188]=-540.552
dp[6][188]=-471.929
dp[7][188]=-375.383
dp[8][188]=-274.405
dp[9][188]=-168.536
dp[10][188]=-45.952
dp[11][188]=90.9461
dp[12][188]=241.554
dp[13][188]=421.163
Select best dp
Best k=4
Stratifying 8-th numerical feature ...
dp[2][188]=-264.611
dp[3][188]=-409.952
dp[4][188]=-535.37
dp[5][188]=-505.265
dp[6][188]=-431.973
dp[7][188]=-333.973
dp[8][188]=-230.821
dp[9][188]=-122.786
dp[10][188]=2.59022
dp[11][188]=140.129
dp[12][188]=291.529
dp[13][188]=469.439
Select best dp
Best k=4
Stratifying 8-th numerical feature ...
dp[2][188]=-646.47
dp[3][188]=-993.765
dp[4][188]=-1317.64
dp[5][188]=-1449.73
dp[6][188]=-1446.51
dp[7][188]=-1423.41
dp[8][188]=-1359.91
dp[9][188]=-1293.64
dp[10][188]=-1214.81
dp[11][188]=-1125.53
dp[12][188]=-1000.84
dp[13][188]=-829.555
Select best dp
Best k=5
Stratifying 9-th numerical feature ...
dp[2][188]=-335.573
dp[3][188]=-538.302
dp[4][188]=-683.893
dp[5][188]=-726.835
dp[6][188]=-674.404
dp[7][188]=-588.886
dp[8][188]=-484.25
dp[9][188]=-370.912
dp[10][188]=-255.451
dp[11][188]=-120.252
dp[12][188]=30.7713
dp[13][188]=221.237
Select best dp
Best k=5
Stratifying 9-th numerical feature ...
dp[2][188]=-288.328
dp[3][188]=-449.163
dp[4][188]=-571.287
dp[5][188]=-588.53
dp[6][188]=-520.288
dp[7][188]=-428.108
dp[8][188]=-315.175
dp[9][188]=-199.98
dp[10][188]=-76.8701
dp[11][188]=54.1103
dp[12][188]=202.231
dp[13][188]=385.574
Select best dp
Best k=5
dp[2][188]=-1798.4
dp[3][188]=-1967.68
dp[4][188]=-1979.46
dp[5][188]=-1904.65
dp[6][188]=-1826.17
dp[7][188]=-1728.79
dp[8][188]=-1619.21
dp[9][188]=-1495.52
dp[10][188]=-1367.56
dp[11][188]=-1229.11
dp[12][188]=-1070.27
dp[13][188]=-894.452
Stratifying 9-th numerical feature ...
Select best dp
Best k=4
Stratifying 7-th numerical feature ...
dp[2][188]=-252.682
dp[3][188]=-387.984
dp[4][188]=-498.147
dp[5][188]=-498.534
dp[6][188]=-421.14
dp[7][188]=-325.63
dp[8][188]=-209.81
dp[9][188]=-93.5357
dp[10][188]=29.9055
dp[11][188]=154.412
dp[12][188]=304.722
dp[13][188]=486.124
Select best dp
Best k=5
Stratifying 9-th numerical feature ...
dp[2][188]=-276.664
dp[3][188]=-429.943
dp[4][188]=-567.171
dp[5][188]=-540.552
dp[6][188]=-471.929
dp[7][188]=-375.383
dp[8][188]=-274.405
dp[9][188]=-170.416
dp[10][188]=-61.5012
dp[11][188]=49.4156
dp[12][188]=173.964
dp[13][188]=310.333
Select best dp
Best k=4
Stratifying 8-th numerical feature ...
dp[2][188]=-359.276
dp[3][188]=-495.479
dp[4][188]=-418.403
dp[5][188]=-334.702
dp[6][188]=-203.084
dp[7][188]=-63.5276
dp[8][188]=68.0909
dp[9][188]=240.777
dp[10][188]=398.727
dp[11][188]=572.858
dp[12][188]=763.899
dp[13][188]=975.715
Select best dp
Best k=3
Stratifying 5-th numerical feature ...
dp[2][188]=-1018.01
dp[3][188]=-1274.56
dp[4][188]=-1237.73
dp[5][188]=-1219.43
dp[6][188]=-1139.65
dp[7][188]=-1048.36
dp[8][188]=-946.06
dp[9][188]=-803.109
dp[10][188]=-671.69
dp[11][188]=-513.836
dp[12][188]=-338.427
dp[13][188]=-147.106
Select best dp
Best k=3
Stratifying 5-th numerical feature ...
dp[2][188]=-1678.74
dp[3][188]=-2053.64
dp[4][188]=-2065.66
dp[5][188]=-2108.11
dp[6][188]=-2080.01
dp[7][188]=-2034.99
dp[8][188]=-1962.56
dp[9][188]=-1852.85
dp[10][188]=-1743.38
dp[11][188]=-1604.48
dp[12][188]=-1451.37
dp[13][188]=-1269.93
Select best dp
Best k=5
Stratifying 5-th numerical feature ...
dp[2][188]=-978.404
dp[3][188]=-1033.01
dp[4][188]=-999.076
dp[5][188]=-925.117
dp[6][188]=-833.842
dp[7][188]=-729.365
dp[8][188]=-607.674
dp[9][188]=-481.576
dp[10][188]=-344.741
dp[11][188]=-204.616
dp[12][188]=-44.3636
dp[13][188]=121.821
Select best dp
Best k=3
Stratifying 5-th numerical feature ...
dp[2][188]=-1678.74
dp[3][188]=-2053.64
dp[4][188]=-2065.66
dp[5][188]=-2108.11
dp[6][188]=-2080.01
dp[7][188]=-2034.99
dp[8][188]=-1962.56
dp[9][188]=-1852.85
dp[10][188]=-1743.38
dp[11][188]=-1604.48
dp[12][188]=-1451.37
dp[13][188]=-1269.93
Select best dp
Best k=5
Stratifying 5-th numerical feature ...
dp[2][188]=-176.034
dp[3][188]=-222.4
dp[4][188]=-173.615
dp[5][188]=-87.5404
dp[6][188]=19.3034
dp[7][188]=135.843
dp[8][188]=274.229
dp[9][188]=414.982
Select best dp
Best k=3
Stratifying 6-th numerical feature ...
dp[2][188]=-149.927
dp[3][188]=-1e+11
dp[4][188]=-1.6e+11
dp[5][188]=-2.1e+11
dp[6][188]=-2.6e+11
dp[7][188]=-3.2e+11
dp[8][188]=-3.7e+11
dp[9][188]=-4.1e+11
dp[10][188]=-4.5e+11
dp[11][188]=-5e+11
dp[12][188]=-5.5e+11
dp[13][188]=-5.9e+11
Select best dp
Best k=13
Stratifying 4-th numerical feature ...
dp[2][188]=-149.927
dp[3][188]=-1e+11
dp[4][188]=-1.6e+11
dp[5][188]=-1.9e+11
dp[6][188]=-2.6e+11
dp[7][188]=-3.2e+11
dp[8][188]=-3.4e+11
dp[9][188]=-4e+11
dp[10][188]=-4.1e+11
dp[11][188]=-4.7e+11
dp[12][188]=-4.7e+11
dp[13][188]=-5.3e+11
Select best dp
Best k=13
Stratifying 4-th numerical feature ...
dp[2][188]=-636.064
dp[3][188]=-1003.43
dp[4][188]=-1260.09
dp[5][188]=-1292.76
dp[6][188]=-1308.2
dp[7][188]=-1308.01
dp[8][188]=-1264.15
dp[9][188]=-1176.56
dp[10][188]=-1082.63
dp[11][188]=-985.928
dp[12][188]=-829.361
dp[13][188]=-659.213
Select best dp
Best k=6
Stratifying 10-th numerical feature ...
dp[2][188]=-336.845
dp[3][188]=-550.846
dp[4][188]=-679.366
dp[5][188]=-632.956
dp[6][188]=-589.462
dp[7][188]=-537.566
dp[8][188]=-446.391
dp[9][188]=-326.629
dp[10][188]=-189.144
dp[11][188]=-50.2157
dp[12][188]=111.107
dp[13][188]=294.128
Select best dp
Best k=4
Stratifying 10-th numerical feature ...
dp[2][188]=-277.378
dp[3][188]=-438.349
dp[4][188]=-530.303
dp[5][188]=-473.569
dp[6][188]=-414.867
dp[7][188]=-347.391
dp[8][188]=-249.084
dp[9][188]=-122.926
dp[10][188]=14.5937
dp[11][188]=152.83
dp[12][188]=315.926
dp[13][188]=496.232
Select best dp
Best k=4
Stratifying 10-th numerical feature ...
dp[2][188]=-265.463
dp[3][188]=-418.407
dp[4][188]=-499.726
dp[5][188]=-441.079
dp[6][188]=-377.699
dp[7][188]=-305.492
dp[8][188]=-204.23
dp[9][188]=-77.4515
dp[10][188]=60.1458
dp[11][188]=198.181
dp[12][188]=362.613
dp[13][188]=542.698
Select best dp
Best k=4
Stratifying 10-th numerical feature ...
dp[2][188]=-288.328
dp[3][188]=-449.163
dp[4][188]=-571.287
dp[5][188]=-588.53
dp[6][188]=-520.288
dp[7][188]=-428.108
dp[8][188]=-318.397
dp[9][188]=-207.588
dp[10][188]=-92.9865
dp[11][188]=25.9095
dp[12][188]=156.89
dp[13][188]=300.208
Select best dp
Best k=5
Stratifying 9-th numerical feature ...
dp[2][188]=-243.981
dp[3][188]=-384.299
dp[4][188]=-501.343
dp[5][188]=-467.554
dp[6][188]=-392.398
dp[7][188]=-292.993
dp[8][188]=-187.29
dp[9][188]=-77.052
dp[10][188]=48.6085
dp[11][188]=185.941
dp[12][188]=341.817
dp[13][188]=518.03
Select best dp
Best k=4
Stratifying 8-th numerical feature ...
dp[2][188]=-565.273
dp[3][188]=-998.053
dp[4][188]=-1325.96
dp[5][188]=-1381.53
dp[6][188]=-1385.46
dp[7][188]=-1372.8
dp[8][188]=-1316.09
dp[9][188]=-1245.75
dp[10][188]=-1165.43
dp[11][188]=-1068.33
dp[12][188]=-953.785
dp[13][188]=-779.233
Select best dp
Best k=6
Stratifying 11-th numerical feature ...
dp[2][188]=-304.286
dp[3][188]=-535.098
dp[4][188]=-720.017
dp[5][188]=-702.341
dp[6][188]=-652.241
dp[7][188]=-569.435
dp[8][188]=-464.305
dp[9][188]=-346.84
dp[10][188]=-232.838
dp[11][188]=-97.3733
dp[12][188]=45.9157
dp[13][188]=230.68
Select best dp
Best k=4
Stratifying 11-th numerical feature ...
dp[2][188]=-238.851
dp[3][188]=-421.052
dp[4][188]=-568.853
dp[5][188]=-530.016
dp[6][188]=-462.707
dp[7][188]=-373.306
dp[8][188]=-255.98
dp[9][188]=-137.591
dp[10][188]=-18.3488
dp[11][188]=114.935
dp[12][188]=257.275
dp[13][188]=440.496
Select best dp
Best k=4
Stratifying 11-th numerical feature ...
dp[2][188]=-224.59
dp[3][188]=-393.26
dp[4][188]=-537.25
dp[5][188]=-494.66
dp[6][188]=-422.607
dp[7][188]=-330.021
dp[8][188]=-213.397
dp[9][188]=-92.5571
dp[10][188]=28.5268
dp[11][188]=162.019
dp[12][188]=304.885
dp[13][188]=486.812
Select best dp
Best k=4
Stratifying 11-th numerical feature ...
dp[2][188]=366.922
dp[3][188]=550.383
dp[4][188]=733.845
dp[5][188]=917.306
dp[6][188]=1100.77
dp[7][188]=1284.23
dp[8][188]=1467.69
dp[9][188]=1651.15
dp[10][188]=1834.61
dp[11][188]=2018.07
dp[12][188]=2201.53
dp[13][188]=2384.99
Select best dp
Best k=2
Stratifying 6-th numerical feature ...
dp[2][188]=95.444
dp[3][188]=163.576
dp[4][188]=279.281
dp[5][188]=414.036
dp[6][188]=558.435
dp[7][188]=708.435
dp[8][188]=865.627
dp[9][188]=1024.13
dp[10][188]=1185.32
dp[11][188]=1348.05
dp[12][188]=1514.13
dp[13][188]=1689.18
Select best dp
Best k=2
Stratifying 6-th numerical feature ...
dp[2][188]=-176.034
dp[3][188]=-223.231
dp[4][188]=-175.282
dp[5][188]=-89.2344
dp[6][188]=16.1024
dp[7][188]=132.642
dp[8][188]=263.565
dp[9][188]=397.104
dp[10][188]=536.026
dp[11][188]=678.035
dp[12][188]=826.723
dp[13][188]=993.362
Select best dp
Best k=3
Stratifying 6-th numerical feature ...
dp[2][188]=-2240.07
dp[3][188]=-2427.85
dp[2][188]=-277.378
dp[4][188]=-2433.97
dp[3][188]=-438.349
dp[4][188]=-530.303
dp[5][188]=-2380.6
dp[5][188]=-473.569
dp[6][188]=-414.867
dp[6][188]=-2297.19
dp[7][188]=-347.391
dp[8][188]=-252.977
dp[7][188]=-2191.26
dp[9][188]=-154.481
dp[10][188]=-29.929
dp[8][188]=-2065.37
dp[11][188]=100.5
dp[9][188]=-1936.52
dp[12][188]=235.948
Select best dp
dp[13][188]=373.228
Select best dp
Best k=4
Best k=4
dp[2][188]=-176.034
dp[3][188]=-223.231
dp[4][188]=-175.282
dp[5][188]=-89.2344
dp[6][188]=16.1024
dp[7][188]=132.642
dp[8][188]=263.565
dp[9][188]=397.104
dp[10][188]=536.026
dp[11][188]=678.035
dp[12][188]=826.723
dp[13][188]=993.362
Select best dp
Best k=3
Stratifying 10-th numerical feature ...
Stratifying 7-th numerical feature ...
Stratifying 6-th numerical feature ...
dp[2][188]=-176.034
dp[3][188]=-223.231
dp[4][188]=-175.282
dp[5][188]=-89.2344
dp[6][188]=16.1024
dp[7][188]=132.642
dp[8][188]=263.565
dp[9][188]=397.104
dp[10][188]=536.026
dp[11][188]=678.035
dp[12][188]=826.723
dp[13][188]=993.362
Select best dp
Best k=3
dp[2][188]=-243.021
dp[3][188]=-377.015
dp[4][188]=-483.861
dp[5][188]=-481.163
dp[6][188]=-402.689
dp[7][188]=-307.273
dp[8][188]=-191.205
dp[9][188]=-74.9868
dp[10][188]=48.9739
dp[11][188]=174.182
dp[12][188]=324.629
dp[13][188]=504.122
Select best dp
Best k=4
Stratifying 6-th numerical feature ...
Stratifying 9-th numerical feature ...
dp[2][188]=-314.645
dp[3][188]=-496.659
dp[4][188]=-585.574
dp[5][188]=-633.985
dp[6][188]=-646.446
dp[7][188]=-627.461
dp[8][188]=-572.046
dp[9][188]=-500.572
dp[10][188]=-414.371
dp[11][188]=-309.723
dp[12][188]=-180.777
dp[13][188]=3.06233
Select best dp
Best k=6
Stratifying 12-th numerical feature ...
dp[2][188]=144.916
dp[3][188]=170.548
dp[4][188]=230.16
dp[5][188]=320.392
dp[6][188]=413.005
dp[7][188]=518.064
dp[8][188]=643.826
dp[9][188]=774.659
dp[10][188]=911.095
dp[11][188]=1058.52
dp[12][188]=1215.38
dp[13][188]=1396.69
Select best dp
Best k=2
Stratifying 12-th numerical feature ...
dp[2][188]=-92.701
dp[3][188]=-132.02
dp[4][188]=-112.57
dp[5][188]=-48.6044
dp[6][188]=29.5891
dp[7][188]=126.096
dp[8][188]=246.908
dp[9][188]=369.561
dp[10][188]=503.088
dp[11][188]=645.791
dp[12][188]=802.034
dp[13][188]=988.364
Select best dp
Best k=3
Stratifying 12-th numerical feature ...
dp[2][188]=-25.0006
dp[3][188]=-49.8619
dp[4][188]=-16.0721
dp[5][188]=43.227
dp[6][188]=121.576
dp[7][188]=218.832
dp[8][188]=337.158
dp[9][188]=461.326
dp[10][188]=595.459
dp[11][188]=733.65
dp[12][188]=885.712
dp[13][188]=1067.6
Select best dp
Best k=3
Stratifying 12-th numerical feature ...
dp[2][188]=-238.851
dp[3][188]=-421.052
dp[4][188]=-568.853
dp[5][188]=-530.016
dp[6][188]=-462.707
dp[7][188]=-373.306
dp[8][188]=-262.622
dp[9][188]=-149.737
dp[10][188]=-32.4106
dp[11][188]=85.9934
dp[12][188]=218.007
dp[13][188]=363.028
Select best dp
Best k=4
Stratifying 11-th numerical feature ...
dp[2][188]=-1678.74
dp[3][188]=-2067.4
dp[4][188]=-2100.19
dp[5][188]=-2175.21
dp[6][188]=-2150.16
dp[7][188]=-2122.5
dp[8][188]=-2055.17
dp[9][188]=-1947.3
dp[10][188]=-1839.82
dp[11][188]=-1715.52
dp[12][188]=-1586.96
dp[13][188]=-1455.45
Select best dp
Best k=5
Stratifying 5-th numerical feature ...
dp[2][188]=-1678.74
dp[3][188]=-2067.4
dp[4][188]=-2100.19
dp[5][188]=-2169.08
dp[6][188]=-2144.03
dp[7][188]=-2116.09
dp[8][188]=-2049.04
dp[9][188]=-1941.17
dp[10][188]=-1833.7
dp[11][188]=-1709.39
dp[12][188]=-1578.29
dp[13][188]=-1441.03
Select best dp
Best k=5
Stratifying 5-th numerical feature ...
dp[2][188]=-406.388
dp[3][188]=-535.863
dp[4][188]=-612.553
dp[5][188]=-642.984
dp[6][188]=-662.354
dp[7][188]=-622.186
dp[8][188]=-578.547
dp[9][188]=-474.024
dp[10][188]=-368.777
dp[11][188]=-258.352
dp[12][188]=-144.754
dp[13][188]=17.3113
Select best dp
Best k=6
Stratifying 13-th numerical feature ...
dp[2][188]=111.132
dp[3][188]=150.055
dp[4][188]=216.1
dp[5][188]=314.965
dp[6][188]=416.095
dp[7][188]=533.84
dp[8][188]=653.752
dp[9][188]=796.902
dp[10][188]=942.48
dp[11][188]=1090.5
dp[12][188]=1249.83
dp[13][188]=1423.8
Select best dp
Best k=2
Stratifying 13-th numerical feature ...
dp[2][188]=-152.793
dp[3][188]=-141.015
dp[4][188]=-104.325
dp[5][188]=-47.4506
dp[6][188]=10.173
dp[7][188]=111.488
dp[8][188]=217.845
dp[9][188]=359.527
dp[10][188]=502.905
dp[11][188]=649.333
dp[12][188]=797.104
dp[13][188]=976.474
Select best dp
Best k=2
dp[2][188]=-245.364
dp[3][188]=-392.842
dp[4][188]=-467.584
dp[5][188]=-408.214
dp[6][188]=-341.285
dp[7][188]=-266.74
dp[8][188]=-163.231
dp[9][188]=-36.2877
dp[10][188]=101.082
Stratifying 13-th numerical feature ...
dp[11][188]=238.892
dp[12][188]=405.426
dp[13][188]=584.955
Select best dp
Best k=4
Stratifying 10-th numerical feature ...
dp[2][188]=-132.384
dp[3][188]=-118.639
dp[4][188]=-87.8554
dp[5][188]=-33.4501
dp[6][188]=28.3943
dp[7][188]=129.33
dp[8][188]=235.377
dp[9][188]=377.531
dp[10][188]=520.873
dp[11][188]=665.905
dp[12][188]=812.776
dp[13][188]=992.607
Select best dp
Best k=2
Stratifying 13-th numerical feature ...
dp[2][188]=-290.22
dp[3][188]=-456.063
dp[4][188]=-600.139
dp[5][188]=-575.21
dp[6][188]=-509.517
dp[7][188]=-411.905
dp[8][188]=-281.73
dp[9][188]=-139.689
Select best dp
Best k=4
Stratifying 8-th numerical feature ...
dp[2][188]=-694.162
dp[3][188]=-634.156
dp[4][188]=-527.147
dp[5][188]=-375.194
dp[6][188]=-217.913
dp[7][188]=-45.8177
dp[8][188]=131.725
dp[9][188]=311.31
dp[10][188]=490.929
dp[11][188]=674.203
dp[12][188]=863.414
dp[13][188]=1056.89
Select best dp
Best k=2
Stratifying 7-th numerical feature ...
dp[2][188]=-1217.41
dp[3][188]=-1290.04
dp[4][188]=-1266.37
dp[5][188]=-1182.73
dp[6][188]=-1081.07
dp[7][188]=-972.245
dp[8][188]=-847.817
dp[9][188]=-721.962
dp[10][188]=-588.54
dp[11][188]=-441.462
dp[12][188]=-275.597
dp[13][188]=-97.9382
Select best dp
Best k=3
dp[2][188]=-1472.01
dp[3][188]=-1544.66
dp[4][188]=-1491.19
dp[5][188]=-1389.91
dp[6][188]=-1278.67
dp[7][188]=-1146.31
dp[8][188]=-1000.06
dp[9][188]=-849.315
dp[10][188]=-698.03
Stratifying 7-th numerical feature ...
dp[11][188]=-533.411
dp[12][188]=-356.777
dp[13][188]=-173.842
Select best dp
Best k=3
Stratifying 7-th numerical feature ...
dp[2][188]=-2253.97
dp[3][188]=-2455.16
dp[4][188]=-2467.72
dp[5][188]=-2414.35
dp[6][188]=-2341.58
dp[7][188]=-2246.98
dp[8][188]=-2141.6
dp[9][188]=-2017.98
dp[10][188]=-1890.85
dp[11][188]=-1748.07
dp[12][188]=-1585.49
dp[13][188]=-1408.28
Select best dp
Best k=4
Stratifying 7-th numerical feature ...
dp[2][188]=-92.701
dp[3][188]=-132.02
dp[4][188]=-112.57
dp[5][188]=-48.6044
dp[6][188]=29.5891
dp[7][188]=126.096
dp[8][188]=238.763
dp[9][188]=359.307
dp[10][188]=485.83
dp[11][188]=619.357
dp[12][188]=760.836
dp[13][188]=907.921
Select best dp
Best k=3
Stratifying 12-th numerical feature ...
dp[2][188]=-2253.97
dp[3][188]=-2455.16
dp[4][188]=-2467.72
dp[5][188]=-2414.35
dp[6][188]=-2341.58
dp[7][188]=-2246.98
dp[8][188]=-2141.6
dp[9][188]=-2017.98
dp[10][188]=-1890.85
dp[11][188]=-1748.07
dp[12][188]=-1585.49
dp[13][188]=-1408.28
Select best dp
Best k=4
Stratifying 7-th numerical feature ...
dp[2][188]=-229.572
dp[3][188]=-494.506
dp[4][188]=-582.401
dp[5][188]=-632.335
dp[6][188]=-617.607
dp[7][188]=-589.614
dp[8][188]=-527.294
dp[9][188]=-445.994
dp[10][188]=-344.761
dp[11][188]=-241.833
dp[12][188]=-80.6341
dp[13][188]=102.876
Select best dp
Best k=5
Stratifying 14-th numerical feature ...
dp[2][188]=142.298
dp[3][188]=126.261
dp[4][188]=182.133
dp[5][188]=250.593
dp[6][188]=356.66
dp[7][188]=485.991
dp[8][188]=620.007
dp[9][188]=760.184
dp[10][188]=901.581
dp[11][188]=1049.63
dp[12][188]=1213.31
dp[13][188]=1395.85
Select best dp
Best k=3
Stratifying 14-th numerical feature ...
dp[2][188]=-18.2459
dp[3][188]=-83.4828
dp[4][188]=-44.6713
dp[5][188]=13.1354
dp[6][188]=88.9059
dp[7][188]=186.588
dp[8][188]=299.351
dp[9][188]=426.382
dp[10][188]=564.779
dp[11][188]=711.042
dp[12][188]=876.573
dp[13][188]=1053.51
Select best dp
Best k=3
Stratifying 14-th numerical feature ...
dp[2][188]=-12.9256
dp[3][188]=-95.692
dp[4][188]=-59.0169
dp[5][188]=-0.173314
dp[6][188]=88.4056
dp[7][188]=182.895
dp[8][188]=301.574
dp[9][188]=428.56
dp[10][188]=567.947
dp[11][188]=715.082
dp[12][188]=883.193
dp[13][188]=1066.02
Select best dp
Best k=3
Stratifying 14-th numerical feature ...
dp[2][188]=-204.102
dp[3][188]=-368.26
dp[4][188]=-502.733
dp[5][188]=-457.03
dp[6][188]=-383.38
dp[7][188]=-290.055
dp[8][188]=-173.97
dp[9][188]=-53.8213
dp[10][188]=69.7435
dp[11][188]=203.974
dp[12][188]=351.599
dp[13][188]=532.015
Select best dp
Best k=4
Stratifying 11-th numerical feature ...
dp[2][188]=-288.54
dp[3][188]=-449.407
dp[4][188]=-571.602
dp[5][188]=-588.511
dp[6][188]=-520.281
dp[7][188]=-427.89
dp[8][188]=-288.305
dp[9][188]=-133.641
Select best dp
Best k=5
Stratifying 9-th numerical feature ...
dp[2][188]=-152.793
dp[3][188]=-141.015
dp[4][188]=-104.325
dp[5][188]=-47.4506
dp[6][188]=10.173
dp[7][188]=102.942
dp[8][188]=209.299
dp[9][188]=345.126
dp[10][188]=486.935
dp[11][188]=630.312
dp[12][188]=775.429
dp[13][188]=923.299
Select best dp
Best k=2
Stratifying 13-th numerical feature ...
dp[2][188]=-611.17
dp[3][188]=-974.82
dp[4][188]=-1283.77
dp[5][188]=-1292.05
dp[6][188]=-1291.92
dp[7][188]=-1277.09
dp[8][188]=-1247.41
dp[9][188]=-1204.55
dp[10][188]=-1132.33
dp[11][188]=-1042.06
dp[12][188]=-888.15
dp[13][188]=-731.661
Select best dp
Best k=5
Stratifying 15-th numerical feature ...
dp[2][188]=-327.139
dp[3][188]=-541.189
dp[4][188]=-708.667
dp[5][188]=-666.898
dp[6][188]=-615.001
dp[7][188]=-533.316
dp[8][188]=-445.533
dp[9][188]=-354.518
dp[10][188]=-243.256
dp[11][188]=-124.765
dp[12][188]=36.4952
dp[13][188]=202.262
Select best dp
Best k=4
Stratifying 15-th numerical feature ...
dp[2][188]=-266.763
dp[3][188]=-428.328
dp[4][188]=-553.969
dp[5][188]=-494.007
dp[6][188]=-426.599
dp[7][188]=-343.476
dp[8][188]=-246.134
dp[9][188]=-148.573
dp[10][188]=-34.0372
dp[11][188]=93.9798
dp[12][188]=256.997
dp[13][188]=421.653
Select best dp
Best k=4
dp[2][188]=-254.382
dp[3][188]=-408.119
dp[4][188]=-522.362
dp[5][188]=-457.574
dp[6][188]=-385.505
dp[7][188]=-302.383
dp[8][188]=-203.019
dp[9][188]=-102.604
dp[10][188]=13.3396
dp[11][188]=143.497
dp[12][188]=307.829
dp[13][188]=473.391
Select best dp
Best k=4
Stratifying 15-th numerical feature ...
Stratifying 15-th numerical feature ...
dp[2][188]=81.7096
dp[3][188]=122.875
dp[4][188]=180.425
dp[5][188]=305.572
dp[6][188]=440.978
dp[7][188]=590.452
dp[8][188]=743.834
dp[9][188]=898.75
dp[10][188]=1062.86
dp[11][188]=1231.88
dp[12][188]=1401.34
dp[13][188]=1584.05
Select best dp
Best k=2
Stratifying 8-th numerical feature ...
dp[2][188]=8.54856
dp[3][188]=-3.61962
dp[4][188]=-14.6723
dp[5][188]=66.9389
dp[6][188]=183.076
dp[7][188]=306.169
dp[8][188]=439.763
dp[9][188]=577.171
dp[10][188]=714.675
dp[11][188]=865.509
dp[12][188]=1031.51
dp[13][188]=1212.89
Select best dp
Best k=4
Stratifying 8-th numerical feature ...
dp[2][188]=-276.664
dp[3][188]=-429.943
dp[4][188]=-567.171
dp[5][188]=-540.552
dp[6][188]=-471.929
dp[7][188]=-375.383
dp[8][188]=-274.405
dp[9][188]=-168.536
dp[10][188]=-45.952
dp[11][188]=90.9461
dp[12][188]=241.554
dp[13][188]=421.163
Select best dp
Best k=4
dp[2][188]=-97.4773
dp[3][188]=-153.534
dp[4][188]=-192.913
dp[5][188]=-117.462
dp[6][188]=-15.428
dp[7][188]=110.523
dp[8][188]=236.621
dp[9][188]=367.439
dp[10][188]=513.024
dp[11][188]=665.97
dp[12][188]=825.308
dp[13][188]=1005.51
Select best dp
Best k=4
Stratifying 8-th numerical feature ...
Stratifying 8-th numerical feature ...
dp[2][188]=-176.034
dp[3][188]=-9e+10
dp[4][188]=-1.5e+11
dp[5][188]=-1.6e+11
dp[6][188]=-2.3e+11
dp[7][188]=-2.9e+11
dp[8][188]=-2.9e+11
dp[9][188]=-3.5e+11
dp[10][188]=-3.5e+11
dp[11][188]=-4.1e+11
dp[12][188]=-4.1e+11
dp[13][188]=-4.5e+11
Select best dp
Best k=13
Stratifying 6-th numerical feature ...
dp[2][188]=-17.6381
dp[3][188]=-47.8599
dp[4][188]=-12.9646
dp[5][188]=46.3112
dp[6][188]=123.973
dp[7][188]=219.495
dp[8][188]=336.699
dp[9][188]=459.831
dp[2][188]=-176.034
dp[10][188]=593.227
dp[11][188]=728.846
dp[3][188]=-9e+10
dp[12][188]=880.93
dp[13][188]=1066.39
dp[4][188]=-1.5e+11
Select best dp
Best k=3
dp[5][188]=-1.6e+11
dp[6][188]=-2.3e+11
dp[7][188]=-2.9e+11
dp[8][188]=-2.9e+11
dp[9][188]=-3.5e+11
dp[10][188]=-3.5e+11
dp[11][188]=-4.1e+11
dp[12][188]=-4.1e+11
dp[13][188]=-4.6e+11
Select best dp
Best k=13
Stratifying 12-th numerical feature ...
Stratifying 6-th numerical feature ...
dp[2][188]=-276.664
dp[3][188]=-429.943
dp[4][188]=-567.171
dp[5][188]=-540.552
dp[6][188]=-471.929
dp[7][188]=-375.383
dp[8][188]=-274.405
dp[9][188]=-168.536
dp[10][188]=-45.952
dp[11][188]=90.9461
dp[12][188]=241.554
dp[13][188]=421.163
Select best dp
Best k=4
Stratifying 8-th numerical feature ...
dp[2][188]=-403.582
dp[3][188]=-646.312
dp[4][188]=-781.975
dp[5][188]=-878.704
dp[6][188]=-865.194
dp[7][188]=-814.481
dp[8][188]=-735.583
dp[9][188]=-656.197
dp[10][188]=-571.889
dp[11][188]=-450.108
dp[12][188]=-311.216
dp[13][188]=-151.247
Select best dp
Best k=5
Stratifying 16-th numerical feature ...
dp[2][188]=119.199
dp[3][188]=147.932
dp[4][188]=202.884
dp[5][188]=273.428
dp[6][188]=373.576
dp[7][188]=501.157
dp[8][188]=635.984
dp[9][188]=771.251
dp[10][188]=909.118
dp[11][188]=1059.51
dp[12][188]=1213.49
dp[13][188]=1382.01
Select best dp
Best k=2
Stratifying 16-th numerical feature ...
dp[2][188]=-18.2459
dp[3][188]=-83.4828
dp[4][188]=-44.6713
dp[5][188]=13.1354
dp[6][188]=88.9059
dp[7][188]=186.588
dp[8][188]=299.351
dp[9][188]=425.272
dp[10][188]=548.877
dp[11][188]=677.989
dp[12][188]=813.674
dp[13][188]=957.857
Select best dp
Best k=3
Stratifying 14-th numerical feature ...
dp[2][188]=-69.5103
dp[3][188]=-130.895
dp[4][188]=-122.924
dp[5][188]=-88.5371
dp[6][188]=3.95738
dp[7][188]=113.727
dp[8][188]=237.007
dp[9][188]=362.266
dp[10][188]=493.806
dp[11][188]=644.429
dp[12][188]=805.732
dp[13][188]=989.079
Select best dp
Best k=3
dp[2][188]=-164.836
dp[3][188]=-244.327
dp[4][188]=-258.032
dp[5][188]=-248.123
dp[6][188]=-149.127
dp[7][188]=-37.0242
dp[8][188]=87.7555
dp[9][188]=213.42
dp[10][188]=347.539
dp[11][188]=503.952
dp[12][188]=670.696
dp[13][188]=850.945
Select best dp
Best k=4
Stratifying 16-th numerical feature ...
Stratifying 16-th numerical feature ...
dp[2][188]=-290.081
dp[3][188]=-462.217
dp[4][188]=-560.658
dp[5][188]=-505.02
dp[6][188]=-440.012
dp[7][188]=-352.353
dp[8][188]=-217.445
dp[9][188]=-45.594
Select best dp
Best k=4
Stratifying 10-th numerical feature ...
dp[2][188]=-790.31
dp[3][188]=-966.277
dp[4][188]=-1131.77
dp[5][188]=-1135.17
dp[6][188]=-1096.48
dp[7][188]=-1041.73
dp[8][188]=-980.224
dp[9][188]=-888.842
dp[10][188]=-786.392
dp[11][188]=-678.432
dp[12][188]=-547.545
dp[13][188]=-382.476
Select best dp
Best k=5
dp[2][188]=-211.694
dp[3][188]=-207.947
dp[4][188]=-198.961
dp[5][188]=-108.932
dp[6][188]=2.14484
dp[7][188]=121.248
dp[8][188]=243.733
dp[9][188]=381.154
dp[10][188]=524.11
dp[11][188]=669.82
dp[12][188]=826.994
dp[13][188]=1001.26
Select best dp
Best k=2
dp[2][188]=-211.694
dp[3][188]=-207.947
dp[4][188]=-198.961
dp[5][188]=-108.932
dp[6][188]=2.14484
dp[7][188]=121.248
dp[2][188]=-326.598
dp[8][188]=243.733
dp[3][188]=-369.105
dp[9][188]=381.154
dp[4][188]=-403.817
dp[10][188]=524.11
dp[5][188]=-325.05
dp[11][188]=669.82
dp[6][188]=-237.639
dp[12][188]=826.994
dp[7][188]=-130.684
dp[13][188]=1001.26
dp[8][188]=-11.8163
Select best dp
dp[9][188]=111.548
Best k=2
dp[10][188]=246.361
dp[11][188]=391.089
dp[12][188]=555.697
dp[13][188]=723.148
Select best dp
Best k=4
dp[2][188]=-118.777
dp[3][188]=-103.364
dp[4][188]=-75.4148
dp[5][188]=-17.4013
dp[6][188]=46.4321
dp[7][188]=149.09
dp[8][188]=255.149
dp[9][188]=396.821
dp[10][188]=539.416
dp[11][188]=683.652
dp[12][188]=829.462
dp[13][188]=1008.79
Select best dp
Best k=2
Stratifying 13-th numerical feature ...
dp[2][188]=-266.763
dp[3][188]=-428.328
dp[4][188]=-553.969
dp[5][188]=-494.007
dp[6][188]=-426.599
dp[7][188]=-343.476
dp[8][188]=-250.201
dp[9][188]=-155.884
dp[10][188]=-57.4405
dp[11][188]=58.415
dp[12][188]=184.638
dp[13][188]=315.035
Select best dp
Best k=4
Stratifying 15-th numerical feature ...
dp[2][188]=-109.256
dp[3][188]=-176.861
dp[4][188]=-208.837
dp[5][188]=-158.231
dp[6][188]=-57.8312
dp[7][188]=69.2233
dp[8][188]=202.293
dp[9][188]=343.336
dp[10][188]=491.701
dp[11][188]=643.536
dp[12][188]=803.368
dp[13][188]=992.98
Select best dp
Best k=4
Stratifying 9-th numerical feature ...
dp[2][188]=69.8147
dp[3][188]=95.4399
dp[4][188]=139.817
dp[5][188]=271.556
dp[6][188]=403.969
dp[7][188]=556.76
dp[8][188]=718.878
dp[9][188]=886.281
dp[10][188]=1057.29
dp[11][188]=1229.98
dp[12][188]=1403.37
dp[13][188]=1595.51
Select best dp
Best k=2
Stratifying 9-th numerical feature ...
dp[2][188]=7.67727
dp[3][188]=-9.51314
dp[4][188]=-12.5123
dp[5][188]=50.7973
dp[6][188]=169.217
dp[7][188]=288.591
dp[8][188]=420.354
dp[9][188]=556.02
dp[10][188]=693.74
dp[11][188]=835.491
dp[12][188]=995.531
dp[13][188]=1166.21
Select best dp
Best k=4
dp[2][188]=-288.328
dp[3][188]=-449.163
dp[4][188]=-571.287
dp[5][188]=-588.53
dp[6][188]=-520.288
dp[7][188]=-428.108
dp[8][188]=-315.175
dp[9][188]=-199.98
dp[10][188]=-76.8701
dp[11][188]=54.1103
Stratifying 9-th numerical feature ...
dp[12][188]=202.231
dp[13][188]=385.574
Select best dp
Best k=5
Stratifying 9-th numerical feature ...
dp[2][188]=-288.328
dp[3][188]=-449.163
dp[4][188]=-571.287
dp[5][188]=-588.53
dp[6][188]=-520.288
dp[7][188]=-428.108
dp[8][188]=-315.175
dp[9][188]=-199.98
dp[10][188]=-76.8701
dp[11][188]=54.1103
dp[12][188]=202.231
dp[13][188]=385.574
Select best dp
Best k=5
Stratifying 9-th numerical feature ...
dp[2][188]=-2253.97
dp[3][188]=-2455.16
dp[4][188]=-2467.72
dp[5][188]=-2420.22
dp[6][188]=-2366.84
dp[7][188]=-2283.43
dp[8][188]=-2188.83
dp[9][188]=-2075.29
dp[10][188]=-1954.28
dp[11][188]=-1830.65
dp[12][188]=-1694.11
dp[13][188]=-1557.49
Select best dp
Best k=4
Stratifying 7-th numerical feature ...
dp[2][188]=-252.468
dp[3][188]=-441.974
dp[4][188]=-593.316
dp[5][188]=-555.99
dp[6][188]=-491.376
dp[7][188]=-393.105
dp[8][188]=-273.731
dp[9][188]=-84.4693
Select best dp
Best k=4
Stratifying 11-th numerical feature ...
dp[2][188]=-164.836
dp[3][188]=-244.327
dp[4][188]=-258.032
dp[5][188]=-248.123
dp[6][188]=-149.127
dp[7][188]=-37.9595
dp[8][188]=84.5319
dp[9][188]=210.116
dp[10][188]=344.036
dp[11][188]=485.407
dp[12][188]=626.91
dp[13][188]=774.51
Select best dp
Best k=4
Stratifying 16-th numerical feature ...
dp[2][188]=-98.3441
dp[3][188]=-158.367
dp[4][188]=-166.521
dp[5][188]=-69.5069
dp[6][188]=31.6081
dp[7][188]=132.739
dp[8][188]=258.242
dp[9][188]=403.712
dp[10][188]=561.649
dp[11][188]=721.158
dp[12][188]=887.519
dp[13][188]=1072.62
Select best dp
Best k=4
Stratifying 10-th numerical feature ...
dp[2][188]=3.05345
dp[3][188]=-74.2432
dp[4][188]=-42.3789
dp[5][188]=16.6995
dp[6][188]=108.634
dp[7][188]=200.743
dp[8][188]=319.581
dp[9][188]=445.672
dp[10][188]=585.136
dp[11][188]=731.276
dp[12][188]=898.387
dp[13][188]=1080.58
Select best dp
Best k=3
Stratifying 14-th numerical feature ...
dp[2][188]=-2253.97
dp[3][188]=-2455.16
dp[4][188]=-2467.72
dp[5][188]=-2432.49
dp[6][188]=-2379.12
dp[7][188]=-2295.71
dp[8][188]=-2201.11
dp[9][188]=-2088.74
dp[10][188]=-1967.72
dp[11][188]=-1844.09
dp[12][188]=-1711.96
dp[13][188]=-1575.42
Select best dp
Best k=4
Stratifying 7-th numerical feature ...
dp[2][188]=-76.2287
dp[3][188]=-133.537
dp[4][188]=-190.301
dp[5][188]=-105.898
dp[6][188]=-3.48204
dp[7][188]=124.011
dp[8][188]=261.862
dp[9][188]=408.532
dp[10][188]=547.61
dp[11][188]=703.845
dp[12][188]=860.209
dp[13][188]=1050.28
Select best dp
Best k=4
Stratifying 11-th numerical feature ...
dp[2][188]=-276.664
dp[3][188]=-429.943
dp[4][188]=-567.171
dp[5][188]=-540.552
dp[6][188]=-471.929
dp[7][188]=-375.383
dp[8][188]=-274.405
dp[9][188]=-170.416
dp[10][188]=-61.5012
dp[11][188]=48.5813
dp[12][188]=173.13
dp[13][188]=307.082
Select best dp
Best k=4
Stratifying 8-th numerical feature ...
dp[2][188]=-211.694
dp[3][188]=-207.947
dp[4][188]=-198.961
dp[5][188]=-108.932
dp[6][188]=2.14484
dp[7][188]=121.248
dp[8][188]=243.733
dp[9][188]=381.154
dp[2][188]=80.6018
dp[10][188]=522.122
dp[11][188]=663.568
dp[3][188]=121.616
dp[12][188]=816.161
dp[4][188]=195.581
dp[13][188]=970.393
Select best dp
dp[5][188]=325.452
Best k=2
dp[6][188]=460.128
dp[7][188]=610.919
dp[8][188]=764.484
dp[9][188]=929.54
dp[10][188]=1099.97
dp[11][188]=1277.15
dp[12][188]=1457.11
dp[13][188]=1645.7
Select best dp
Best k=2
Stratifying 10-th numerical feature ...
dp[2][188]=5.52447
dp[3][188]=-26.2493
dp[4][188]=0.221553
dp[5][188]=97.1366
dp[6][188]=200.346
dp[7][188]=316.529
dp[8][188]=445.537
dp[9][188]=584.042
dp[10][188]=727.192
dp[11][188]=871.203
dp[12][188]=1046.87
dp[13][188]=1227.05
Select best dp
Best k=3
dp[2][188]=-277.378
dp[3][188]=-438.349
dp[4][188]=-530.303
dp[5][188]=-473.569
dp[6][188]=-414.867
dp[7][188]=-347.391
dp[8][188]=-249.084
dp[9][188]=-122.926
dp[10][188]=14.5937
dp[11][188]=152.83
dp[12][188]=315.926
dp[13][188]=496.232
Select best dp
Best k=4
Stratifying 10-th numerical feature ...
Stratifying 10-th numerical feature ...
dp[2][188]=-233.837
dp[3][188]=-381.735
dp[4][188]=-487.325
dp[5][188]=-419.15
dp[6][188]=-344.63
dp[7][188]=-260.661
dp[8][188]=-160.828
dp[9][188]=-58.057
dp[10][188]=60.0762
dp[11][188]=191.024
dp[12][188]=355.571
dp[13][188]=523.297
Select best dp
Best k=4
Stratifying 15-th numerical feature ...
dp[2][188]=-91.9244
dp[3][188]=-130.463
dp[4][188]=-110.72
dp[5][188]=-46.735
dp[6][188]=49.8448
dp[7][188]=155.204
dp[8][188]=283.361
dp[9][188]=428.944
Select best dp
Best k=3
Stratifying 12-th numerical feature ...
dp[2][188]=-277.378
dp[3][188]=-438.349
dp[4][188]=-530.303
dp[5][188]=-473.569
dp[6][188]=-414.867
dp[7][188]=-347.391
dp[8][188]=-249.084
dp[9][188]=-122.926
dp[10][188]=14.5937
dp[11][188]=152.83
dp[12][188]=315.926
dp[13][188]=496.232
Select best dp
Best k=4
Stratifying 10-th numerical feature ...
dp[2][188]=18.2708
dp[3][188]=47.0637
dp[4][188]=123.91
dp[5][188]=242.198
dp[6][188]=367.607
dp[7][188]=500.911
dp[8][188]=650.376
dp[9][188]=804.559
dp[10][188]=961.731
dp[11][188]=1123.46
dp[12][188]=1293.35
dp[13][188]=1480.9
Select best dp
Best k=2
Stratifying 12-th numerical feature ...
dp[2][188]=-7e+10
dp[3][188]=-7e+10
dp[4][188]=-7e+10
dp[5][188]=-7e+10
dp[6][188]=-7e+10
dp[7][188]=-7e+10
dp[8][188]=-7e+10
dp[9][188]=-7e+10
dp[10][188]=-7e+10
dp[11][188]=-7e+10
dp[12][188]=-7e+10
dp[13][188]=-7e+10
Select best dp
Best k=5
Stratifying 9-th numerical feature ...
dp[2][188]=-153.852
dp[3][188]=-142.503
dp[4][188]=-105.629
dp[5][188]=-48.4188
dp[6][188]=19.8525
dp[7][188]=126.075
dp[8][188]=240.56
dp[9][188]=419.887
Select best dp
Best k=2
Stratifying 13-th numerical feature ...
dp[2][188]=34.4808
dp[3][188]=-27.18
dp[4][188]=-31.5425
dp[5][188]=57.3254
dp[6][188]=169.163
dp[7][188]=283.833
dp[8][188]=405.765
dp[9][188]=539.941
dp[10][188]=683.85
dp[11][188]=830.693
dp[12][188]=986.363
dp[13][188]=1163.79
Select best dp
Best k=4
Stratifying 11-th numerical feature ...
dp[2][188]=86.3931
dp[3][188]=129.871
dp[4][188]=188.251
dp[5][188]=317.821
dp[6][188]=455.177
dp[7][188]=612.657
dp[8][188]=778.481
dp[9][188]=944.619
dp[10][188]=1112.85
dp[11][188]=1282.98
dp[12][188]=1460.08
dp[13][188]=1657.92
Select best dp
Best k=2
Stratifying 11-th numerical feature ...
dp[2][188]=-53.8736
dp[3][188]=-108.645
dp[4][188]=-99.9524
dp[5][188]=-64.1353
dp[6][188]=28.0054
dp[7][188]=138.299
dp[8][188]=261.727
dp[9][188]=386.92
dp[10][188]=518.15
dp[11][188]=668.464
dp[12][188]=827.706
dp[13][188]=1008.33
Select best dp
Best k=3
Stratifying 16-th numerical feature ...
dp[2][188]=-25.9954
dp[3][188]=45.9114
dp[4][188]=140.769
dp[5][188]=239.454
dp[6][188]=345.444
dp[7][188]=475.061
dp[8][188]=613.047
dp[9][188]=775.391
dp[10][188]=937.827
dp[11][188]=1100.28
dp[12][188]=1266.38
dp[13][188]=1454.87
Select best dp
Best k=2
Stratifying 13-th numerical feature ...
dp[2][188]=-8.07469e+09
dp[3][188]=-8.0747e+09
dp[4][188]=-8.0747e+09
dp[5][188]=-8.0747e+09
dp[6][188]=-8.0747e+09
dp[7][188]=-8.0747e+09
dp[8][188]=-8.0747e+09
dp[9][188]=-8.0747e+09
dp[10][188]=-8.0747e+09
dp[11][188]=-8.0747e+09
dp[12][188]=-8.0747e+09
dp[13][188]=-8.07469e+09
Select best dp
Best k=5
Stratifying 8-th numerical feature ...
dp[2][188]=-238.851
dp[3][188]=-421.052
dp[4][188]=-568.853
dp[5][188]=-530.016
dp[6][188]=-462.707
dp[7][188]=-373.306
dp[8][188]=-255.98
dp[9][188]=-137.591
dp[10][188]=-18.3488
dp[11][188]=114.935
dp[12][188]=257.275
dp[13][188]=440.496
Select best dp
Best k=4
Stratifying 11-th numerical feature ...
dp[2][188]=-65.7351
dp[3][188]=-154.072
dp[4][188]=-112.061
dp[5][188]=-43.5713
dp[6][188]=58.2581
dp[7][188]=174.771
dp[8][188]=304.237
dp[9][188]=437.963
Select best dp
Best k=3
Stratifying 14-th numerical feature ...
dp[2][188]=-238.851
dp[3][188]=-421.052
dp[4][188]=-568.853
dp[5][188]=-530.016
dp[6][188]=-462.707
dp[7][188]=-373.306
dp[8][188]=-255.98
dp[9][188]=-137.591
dp[10][188]=-18.3488
dp[11][188]=114.935
dp[12][188]=257.275
dp[13][188]=440.496
Select best dp
Best k=4
Stratifying 11-th numerical feature ...
dp[2][188]=144.916
dp[3][188]=170.548
dp[4][188]=230.16
dp[5][188]=320.392
dp[6][188]=413.005
dp[7][188]=518.064
dp[8][188]=643.826
dp[9][188]=774.659
dp[10][188]=911.095
dp[11][188]=1058.52
dp[12][188]=1215.38
dp[13][188]=1396.69
Select best dp
Best k=2
Stratifying 12-th numerical feature ...
dp[2][188]=129.243
dp[3][188]=225.172
dp[4][188]=359.743
dp[5][188]=528.682
dp[6][188]=699.432
dp[7][188]=869.013
dp[8][188]=1044.82
dp[9][188]=1222.9
dp[10][188]=1402.24
dp[11][188]=1583.81
dp[12][188]=1765.42
dp[13][188]=1965.86
Select best dp
Best k=2
Stratifying 12-th numerical feature ...
dp[2][188]=-277.378
dp[3][188]=-438.349
dp[4][188]=-530.303
dp[5][188]=-473.569
dp[6][188]=-414.867
dp[7][188]=-347.391
dp[8][188]=-252.977
dp[9][188]=-154.481
dp[10][188]=-32.9036
dp[11][188]=96.0045
dp[12][188]=230.201
dp[13][188]=367.48
Select best dp
Best k=4
Stratifying 10-th numerical feature ...
dp[2][188]=87.417
dp[3][188]=122.029
dp[4][188]=214.59
dp[5][188]=316.755
dp[6][188]=430.722
dp[7][188]=564.218
dp[8][188]=702.369
dp[9][188]=853.435
dp[10][188]=1011.5
dp[11][188]=1171.14
dp[12][188]=1348.31
dp[13][188]=1527.51
Select best dp
Best k=2
Stratifying 14-th numerical feature ...
dp[2][188]=-318.891
dp[3][188]=-358.443
dp[4][188]=-392.685
dp[5][188]=-313.892
dp[6][188]=-223.204
dp[7][188]=-118.859
dp[8][188]=-1.62092
dp[9][188]=123.526
dp[10][188]=258.618
dp[11][188]=402.287
dp[12][188]=565.23
dp[13][188]=733.375
Select best dp
Best k=4
dp[2][188]=-277.886
dp[3][188]=-449.35
dp[4][188]=-579.935
dp[5][188]=-514.488
dp[6][188]=-448.939
dp[7][188]=-359.324
dp[8][188]=-235.275
dp[9][188]=-97.5687
Select best dp
Best k=4
Stratifying 15-th numerical feature ...
dp[2][188]=111.132
dp[3][188]=150.055
dp[4][188]=216.1
dp[5][188]=314.965
dp[6][188]=416.095
dp[7][188]=533.84
dp[8][188]=653.752
dp[9][188]=796.902
dp[10][188]=942.48
dp[11][188]=1090.5
dp[12][188]=1249.83
dp[13][188]=1423.8
Select best dp
Best k=2
Stratifying 13-th numerical feature ...
dp[2][188]=100.802
dp[3][188]=223.489
dp[4][188]=368.34
dp[5][188]=517.175
dp[6][188]=678.858
dp[7][188]=836.777
dp[8][188]=1007.87
dp[9][188]=1186.13
dp[10][188]=1367.22
dp[11][188]=1548.3
dp[12][188]=1730.92
dp[13][188]=1931.09
Select best dp
Best k=2
Stratifying 13-th numerical feature ...
dp[2][188]=-94.5593
dp[3][188]=-155.081
dp[4][188]=-189.069
dp[5][188]=-94.9845
dp[6][188]=6.06263
dp[7][188]=123.236
dp[8][188]=248.37
dp[9][188]=373.702
dp[10][188]=511.942
dp[11][188]=657.544
dp[12][188]=823.826
dp[13][188]=998.309
Select best dp
Best k=4
Stratifying 15-th numerical feature ...
dp[2][188]=-92.701
dp[3][188]=-132.02
dp[4][188]=-112.57
dp[5][188]=-48.6044
dp[6][188]=29.5891
dp[7][188]=126.096
dp[8][188]=246.908
dp[9][188]=369.561
dp[10][188]=503.088
dp[11][188]=645.791
dp[12][188]=802.034
dp[13][188]=988.364
Select best dp
Best k=3
Stratifying 12-th numerical feature ...
dp[2][188]=-6e+10
dp[3][188]=-6e+10
dp[4][188]=-6e+10
dp[5][188]=-6e+10
dp[6][188]=-6e+10
dp[2][188]=-164.707
dp[7][188]=-6e+10
dp[3][188]=-244.297
dp[8][188]=-6e+10
dp[4][188]=-257.785
dp[9][188]=-6e+10
dp[5][188]=-247.787
dp[10][188]=-6e+10
dp[6][188]=-148.803
dp[11][188]=-6e+10
dp[7][188]=-30.9079
dp[12][188]=-6e+10
dp[8][188]=118.974
dp[13][188]=-6e+10
dp[9][188]=275.557
Select best dp
Select best dp
Best k=5
Best k=4
Stratifying 16-th numerical feature ...
Stratifying 11-th numerical feature ...
dp[2][188]=-92.701
dp[3][188]=-132.02
dp[4][188]=-112.57
dp[5][188]=-48.6044
dp[6][188]=29.5891
dp[7][188]=126.096
dp[8][188]=246.908
dp[9][188]=369.561
dp[10][188]=503.088
dp[11][188]=645.791
dp[12][188]=802.034
dp[13][188]=988.364
Select best dp
Best k=3
Stratifying 12-th numerical feature ...
dp[2][188]=142.298
dp[3][188]=126.261
dp[4][188]=182.133
dp[5][188]=250.593
dp[6][188]=356.66
dp[7][188]=485.991
dp[8][188]=620.007
dp[9][188]=760.184
dp[10][188]=901.581
dp[11][188]=1049.63
dp[12][188]=1213.31
dp[13][188]=1395.85
Select best dp
Best k=3
Stratifying 14-th numerical feature ...
dp[2][188]=193.08
dp[3][188]=327.54
dp[4][188]=449.483
dp[5][188]=595.936
dp[6][188]=759.512
dp[7][188]=912.448
dp[8][188]=1087.33
dp[9][188]=1264.8
dp[10][188]=1443.76
dp[11][188]=1626.53
dp[12][188]=1810.71
dp[13][188]=2000.76
Select best dp
Best k=2
Stratifying 14-th numerical feature ...
dp[2][188]=-211.694
dp[3][188]=-207.947
dp[4][188]=-198.961
dp[5][188]=-108.932
dp[6][188]=2.14484
dp[7][188]=121.248
dp[8][188]=250.276
dp[9][188]=400.94
Select best dp
Best k=2
dp[2][188]=-45.4626
dp[3][188]=-43.3345
dp[4][188]=3.94008
dp[5][188]=67.1671
dp[6][188]=208.771
dp[7][188]=351.364
dp[8][188]=498.614
dp[9][188]=646.894
dp[10][188]=804.276
dp[11][188]=978.25
dp[12][188]=1159.25
dp[13][188]=1350.02
Select best dp
Best k=2
Stratifying 16-th numerical feature ...
dp[2][188]=-152.793
dp[3][188]=-141.015
dp[4][188]=-104.325
dp[5][188]=-47.4506
dp[6][188]=10.173
dp[7][188]=111.488
dp[8][188]=217.845
dp[9][188]=359.527
dp[10][188]=502.905
dp[11][188]=649.333
dp[12][188]=797.104
dp[13][188]=976.474
Select best dp
Best k=2
Stratifying 13-th numerical feature ...
dp[2][188]=-7e+10
dp[3][188]=-7e+10
dp[4][188]=-7e+10
dp[5][188]=-7e+10
dp[6][188]=-7e+10
dp[7][188]=-7e+10
dp[8][188]=-7e+10
dp[9][188]=-7e+10
dp[10][188]=-7e+10
dp[11][188]=-7e+10
dp[12][188]=-7e+10
dp[13][188]=-7e+10
Select best dp
Best k=5
Stratifying 9-th numerical feature ...
dp[2][188]=-92.701
dp[3][188]=-132.02
dp[4][188]=-112.57
dp[5][188]=-48.6044
dp[6][188]=29.5891
dp[7][188]=126.096
dp[8][188]=238.763
dp[9][188]=359.307
dp[10][188]=485.83
dp[11][188]=619.357
dp[12][188]=754.167
dp[13][188]=887.694
Select best dp
Best k=3
Stratifying 12-th numerical feature ...
dp[2][188]=22.5154
dp[3][188]=3.89095
dp[4][188]=4.04588
dp[5][188]=118.669
dp[6][188]=231.535
dp[7][188]=347.753
dp[8][188]=466.249
dp[9][188]=595.082
dp[10][188]=735.002
dp[11][188]=880.811
dp[12][188]=1051.06
dp[13][188]=1227.95
Select best dp
Best k=3
Stratifying 15-th numerical feature ...
dp[2][188]=77.6441
dp[3][188]=118.165
dp[4][188]=174.521
dp[5][188]=302.728
dp[6][188]=437.32
dp[7][188]=586.997
dp[8][188]=738.071
dp[9][188]=892.296
dp[10][188]=1052.43
dp[11][188]=1217.1
dp[12][188]=1387.52
dp[13][188]=1574.97
Select best dp
Best k=2
Stratifying 15-th numerical feature ...
dp[2][188]=77.6142
dp[3][188]=171.218
dp[4][188]=267.442
dp[5][188]=404.187
dp[6][188]=551.456
dp[7][188]=702.738
dp[8][188]=855.711
dp[9][188]=1016.15
dp[10][188]=1179.36
dp[11][188]=1343.95
dp[12][188]=1514.26
dp[13][188]=1693.13
Select best dp
Best k=2
dp[2][188]=-18.2459
dp[3][188]=-83.4828
dp[4][188]=-44.6713
dp[5][188]=13.1354
dp[6][188]=88.9059
dp[7][188]=186.588
dp[8][188]=299.351
dp[9][188]=426.382
dp[10][188]=564.779
dp[11][188]=711.042
dp[12][188]=876.573
dp[13][188]=1053.51
Select best dp
Best k=3
Stratifying 14-th numerical feature ...
dp[2][188]=-152.793
dp[3][188]=-141.015
dp[4][188]=-104.325
dp[5][188]=-47.4506
dp[6][188]=10.173
dp[7][188]=111.488
dp[8][188]=217.845
dp[9][188]=359.527
dp[10][188]=502.905
dp[11][188]=649.333
dp[12][188]=797.104
dp[13][188]=976.474
Select best dp
Best k=2
dp[2][188]=119.199
dp[3][188]=147.932
dp[4][188]=202.884
dp[5][188]=273.428
dp[6][188]=373.576
dp[7][188]=501.157
dp[8][188]=635.984
dp[9][188]=771.251
dp[10][188]=909.118
dp[11][188]=1059.51
dp[12][188]=1213.49
dp[13][188]=1382.01
Select best dp
Stratifying 13-th numerical feature ...
Best k=2
Stratifying 16-th numerical feature ...
dp[2][188]=73.9106
dp[3][188]=153.67
dp[4][188]=261.924
dp[5][188]=382.457
dp[6][188]=552.177
dp[7][188]=727.259
dp[8][188]=900.095
dp[9][188]=1079.65
dp[10][188]=1259.93
dp[11][188]=1445.3
dp[12][188]=1642.15
dp[13][188]=1845.26
Select best dp
Best k=2
Stratifying 16-th numerical feature ...
dp[2][188]=-152.793
dp[3][188]=-141.015
dp[4][188]=-104.325
dp[5][188]=-47.4506
dp[6][188]=10.173
dp[7][188]=102.942
dp[8][188]=209.299
dp[9][188]=335.965
dp[10][188]=477.325
dp[11][188]=620.702
dp[12][188]=764.244
dp[13][188]=909.361
Select best dp
Best k=2
Stratifying 13-th numerical feature ...
dp[2][188]=-266.763
dp[3][188]=-428.328
dp[4][188]=-553.969
dp[5][188]=-494.007
dp[6][188]=-426.599
dp[7][188]=-343.476
dp[8][188]=-246.134
dp[9][188]=-148.573
dp[10][188]=-34.0372
dp[11][188]=93.9798
dp[12][188]=256.997
dp[13][188]=421.653
Select best dp
Best k=4
Stratifying 15-th numerical feature ...
dp[2][188]=-277.378
dp[3][188]=-438.349
dp[4][188]=-530.303
dp[5][188]=-473.569
dp[6][188]=-414.867
dp[7][188]=-347.391
dp[8][188]=-252.977
dp[9][188]=-154.481
dp[10][188]=-32.9036
dp[11][188]=96.0045
dp[12][188]=230.201
dp[13][188]=365.271
Select best dp
Best k=4
Stratifying 10-th numerical feature ...
dp[2][188]=-211.694
dp[3][188]=-207.947
dp[4][188]=-198.961
dp[5][188]=-108.932
dp[6][188]=2.14484
dp[7][188]=121.248
dp[8][188]=243.733
dp[9][188]=381.154
dp[10][188]=524.11
dp[11][188]=669.82
dp[12][188]=826.994
dp[13][188]=1001.26
Select best dp
Best k=2
dp[2][188]=366.922
dp[3][188]=550.383
dp[4][188]=733.845
dp[5][188]=917.306
dp[6][188]=1100.77
dp[7][188]=1284.23
dp[8][188]=1467.69
dp[9][188]=1651.15
dp[10][188]=1834.61
dp[11][188]=2018.07
dp[12][188]=2201.53
dp[13][188]=2384.99
Select best dp
Best k=2
dp[2][188]=-164.836
dp[3][188]=-244.327
dp[4][188]=-258.032
dp[5][188]=-248.123
dp[6][188]=-149.127
dp[7][188]=-37.0242
dp[8][188]=87.7555
dp[9][188]=213.42
dp[10][188]=347.539
dp[11][188]=503.952
dp[12][188]=670.696
dp[13][188]=850.945
Select best dp
Best k=4
Stratifying 16-th numerical feature ...
dp[2][188]=-18.2459
dp[3][188]=-83.4828
dp[4][188]=-44.6713
dp[5][188]=13.1354
dp[6][188]=88.9059
dp[7][188]=186.588
dp[8][188]=299.351
dp[9][188]=420.688
dp[10][188]=543.354
dp[11][188]=666.959
dp[12][188]=801.127
dp[13][188]=937.531
Select best dp
Best k=3
Stratifying 14-th numerical feature ...
dp[2][188]=-18.2459
dp[3][188]=-83.4828
dp[4][188]=-44.6713
dp[5][188]=13.1354
dp[6][188]=88.9059
dp[7][188]=186.588
dp[8][188]=299.351
dp[9][188]=426.382
dp[10][188]=564.779
dp[11][188]=711.042
dp[12][188]=876.573
dp[13][188]=1053.51
Select best dp
Best k=3
Stratifying 14-th numerical feature ...
dp[2][188]=-6e+10
dp[3][188]=-6e+10
dp[4][188]=-6e+10
dp[5][188]=-6e+10
dp[6][188]=-6e+10
dp[7][188]=-6e+10
dp[8][188]=-6e+10
dp[9][188]=-6e+10
dp[10][188]=-6e+10
dp[11][188]=-6e+10
dp[12][188]=-6e+10
dp[13][188]=-6e+10
Select best dp
Best k=5
Stratifying 11-th numerical feature ...
dp[2][188]=-211.694
dp[3][188]=-207.947
dp[4][188]=-198.961
dp[5][188]=-108.932
dp[6][188]=2.14484
dp[7][188]=121.248
dp[8][188]=243.733
dp[9][188]=381.154
dp[10][188]=524.11
dp[11][188]=669.82
dp[12][188]=826.994
dp[13][188]=1001.26
Select best dp
Best k=2
dp[2][188]=-266.763
dp[3][188]=-428.328
dp[4][188]=-553.969
dp[5][188]=-494.007
dp[6][188]=-426.599
dp[7][188]=-343.476
dp[8][188]=-246.134
dp[9][188]=-148.573
dp[10][188]=-34.0372
dp[11][188]=93.9798
dp[12][188]=256.997
dp[13][188]=421.653
Select best dp
Best k=4
Stratifying 15-th numerical feature ...
dp[2][188]=-266.763
dp[3][188]=-428.328
dp[4][188]=-553.969
dp[5][188]=-494.007
dp[6][188]=-426.599
dp[7][188]=-343.476
dp[8][188]=-250.201
dp[9][188]=-155.884
dp[10][188]=-57.4405
dp[11][188]=58.415
dp[12][188]=179.22
dp[13][188]=308.067
Select best dp
Best k=4
Stratifying 15-th numerical feature ...
dp[2][188]=-92.701
dp[3][188]=-132.02
dp[4][188]=-112.57
dp[5][188]=-48.6044
dp[6][188]=29.5891
dp[7][188]=126.096
dp[8][188]=238.763
dp[9][188]=359.307
dp[10][188]=485.83
dp[11][188]=619.357
dp[12][188]=754.167
dp[13][188]=887.694
Select best dp
Best k=3
Stratifying 12-th numerical feature ...
dp[2][188]=-164.836
dp[3][188]=-244.327
dp[4][188]=-258.032
dp[5][188]=-248.123
dp[6][188]=-149.127
dp[7][188]=-37.0242
dp[8][188]=87.7555
dp[9][188]=213.42
dp[10][188]=347.539
dp[11][188]=503.952
dp[12][188]=670.696
dp[13][188]=850.945
Select best dp
Best k=4
Stratifying 16-th numerical feature ...
dp[2][188]=-164.836
dp[3][188]=-244.327
dp[4][188]=-258.032
dp[5][188]=-248.123
dp[6][188]=-149.127
dp[7][188]=-37.9595
dp[8][188]=84.5319
dp[9][188]=210.116
dp[10][188]=341.258
dp[11][188]=472.532
dp[12][188]=606.452
dp[13][188]=749.321
Select best dp
Best k=4
Stratifying 16-th numerical feature ...
dp[2][188]=-211.694
dp[3][188]=-207.947
dp[4][188]=-198.961
dp[5][188]=-108.932
dp[6][188]=2.14484
dp[7][188]=121.248
dp[8][188]=243.733
dp[9][188]=381.154
dp[10][188]=524.11
dp[11][188]=669.82
dp[12][188]=826.994
dp[13][188]=1001.26
Select best dp
Best k=2
dp[2][188]=-152.793
dp[3][188]=-141.015
dp[4][188]=-104.325
dp[5][188]=-47.4506
dp[6][188]=10.173
dp[7][188]=102.942
dp[8][188]=209.299
dp[9][188]=335.965
dp[10][188]=477.325
dp[11][188]=620.702
dp[12][188]=764.244
dp[13][188]=909.361
Select best dp
Best k=2
Stratifying 13-th numerical feature ...
dp[2][188]=-211.694
dp[3][188]=-207.947
dp[4][188]=-198.961
dp[5][188]=-108.932
dp[6][188]=2.14484
dp[7][188]=121.248
dp[8][188]=243.733
dp[9][188]=381.154
dp[10][188]=522.122
dp[11][188]=663.568
dp[12][188]=814.212
dp[13][188]=964.855
Select best dp
Best k=2
dp[2][188]=-18.2459
dp[3][188]=-83.4828
dp[4][188]=-44.6713
dp[5][188]=13.1354
dp[6][188]=88.9059
dp[7][188]=186.588
dp[8][188]=299.351
dp[9][188]=417.399
dp[10][188]=539.105
dp[11][188]=662.71
dp[12][188]=796.878
dp[13][188]=933.395
Select best dp
Best k=3
Stratifying 14-th numerical feature ...
dp[2][188]=-266.763
dp[3][188]=-428.328
dp[4][188]=-553.969
dp[5][188]=-494.007
dp[6][188]=-426.599
dp[7][188]=-343.476
dp[8][188]=-250.201
dp[9][188]=-155.884
dp[10][188]=-57.4405
dp[11][188]=58.415
dp[12][188]=179.22
dp[13][188]=308.067
Select best dp
Best k=4
Stratifying 15-th numerical feature ...
dp[2][188]=-164.836
dp[3][188]=-244.327
dp[4][188]=-258.032
dp[5][188]=-248.123
dp[6][188]=-149.127
dp[7][188]=-37.9595
dp[8][188]=84.5319
dp[9][188]=210.116
dp[10][188]=341.258
dp[11][188]=472.532
dp[12][188]=606.452
dp[13][188]=742.243
Select best dp
Best k=4
Stratifying 16-th numerical feature ...
dp[2][188]=-211.694
dp[3][188]=-207.947
dp[4][188]=-198.961
dp[5][188]=-108.932
dp[6][188]=2.14484
dp[7][188]=121.248
dp[8][188]=243.733
dp[9][188]=381.154
dp[10][188]=522.122
dp[11][188]=663.568
dp[12][188]=814.212
dp[13][188]=964.855
Select best dp
Best k=2
