Standardize ...
Stratifying 1-th numerical feature ...
Standardize ...
Stratifying 1-th numerical feature ...
Standardize ...
Stratifying 1-th numerical feature ...
Standardize ...
Stratifying 1-th numerical feature ...
Standardize ...
Stratifying 1-th numerical feature ...
Standardize ...
Stratifying 1-th numerical feature ...
Standardize ...
Stratifying 1-th numerical feature ...
Standardize ...
Stratifying 1-th numerical feature ...
Standardize ...
Stratifying 1-th numerical feature ...
Standardize ...
Stratifying 1-th numerical feature ...
Standardize ...
Stratifying 1-th numerical feature ...
Standardize ...
Stratifying 1-th numerical feature ...
Standardize ...
Stratifying 1-th numerical feature ...
Standardize ...
Stratifying 1-th numerical feature ...
dp[2][422]=-183.538
dp[3][422]=-326.472
dp[4][422]=-417.886
dp[5][422]=-435.063
dp[6][422]=-423.389
dp[7][422]=-402.427
dp[8][422]=-364.163
dp[9][422]=-305.527
dp[10][422]=-240.97
dp[11][422]=-171.766
dp[12][422]=-71.2269
dp[13][422]=38.7478
Select best dp
Best k=5
Stratifying 2-th numerical feature ...
dp[2][422]=-183.538
dp[3][422]=-326.472
dp[4][422]=-417.886
dp[5][422]=-435.063
dp[6][422]=-423.389
dp[7][422]=-402.427
dp[8][422]=-364.163
dp[9][422]=-305.527
dp[10][422]=-241.453
dp[11][422]=-172.249
dp[12][422]=-87.9449
dp[13][422]=2.08545
dp[14][422]=97.2942
dp[15][422]=194.175
dp[16][422]=292.417
dp[17][422]=400.374
dp[18][422]=538.834
dp[19][422]=684.16
dp[20][422]=873.035
Select best dp
Best k=5
Stratifying 2-th numerical feature ...
dp[2][422]=-183.538
dp[3][422]=-326.472
dp[4][422]=-417.886
dp[5][422]=-435.063
dp[6][422]=-423.389
dp[7][422]=-402.427
dp[8][422]=-364.163
dp[9][422]=-305.527
dp[10][422]=-241.453
dp[11][422]=-172.249
dp[12][422]=-87.9449
dp[13][422]=2.08545
dp[14][422]=97.2942
dp[15][422]=194.175
dp[16][422]=292.417
dp[17][422]=400.374
dp[18][422]=538.834
dp[19][422]=684.16
dp[20][422]=873.035
Select best dp
Best k=5
Stratifying 2-th numerical feature ...
dp[2][422]=-183.538
dp[3][422]=-1.2e+11
dp[4][422]=-1.2e+11
dp[5][422]=-2.3e+11
dp[6][422]=-2.3e+11
dp[7][422]=-3.3e+11
dp[8][422]=-3.3e+11
dp[9][422]=-4.3e+11
dp[10][422]=-4.3e+11
dp[11][422]=-4.3e+11
dp[12][422]=-4.3e+11
dp[13][422]=-4.3e+11
dp[14][422]=-4.3e+11
dp[15][422]=-4.3e+11
dp[16][422]=-4.3e+11
dp[17][422]=-4.3e+11
dp[18][422]=-4.3e+11
dp[19][422]=-4.3e+11
dp[20][422]=-4.3e+11
Select best dp
Best k=10
Stratifying 2-th numerical feature ...
dp[2][422]=-1845
dp[3][422]=-2141.33
dp[4][422]=-2271.25
dp[5][422]=-2344.67
dp[6][422]=-2367.45
dp[7][422]=-2342.49
dp[8][422]=-2316.08
dp[9][422]=-2266.22
dp[10][422]=-2211.32
dp[11][422]=-2134.55
dp[12][422]=-2052.15
dp[13][422]=-1946.86
Select best dp
Best k=6
Stratifying 3-th numerical feature ...
dp[2][422]=-183.538
dp[3][422]=-1.2e+11
dp[4][422]=-1.2e+11
dp[5][422]=-2.3e+11
dp[6][422]=-2.3e+11
dp[7][422]=-3.3e+11
dp[8][422]=-3.3e+11
dp[9][422]=-4.3e+11
dp[10][422]=-4.3e+11
dp[11][422]=-4.3e+11
dp[12][422]=-4.3e+11
dp[13][422]=-4.3e+11
dp[14][422]=-4.3e+11
dp[15][422]=-4.3e+11
dp[16][422]=-4.3e+11
dp[17][422]=-4.3e+11
dp[18][422]=-4.3e+11
dp[19][422]=-4.3e+11
dp[20][422]=-4.3e+11
Select best dp
Best k=10
Stratifying 2-th numerical feature ...
dp[2][422]=-693.634
dp[3][422]=-1142.78
dp[4][422]=-1488.89
dp[5][422]=-1686.52
dp[6][422]=-1826.45
dp[7][422]=-1947.81
dp[8][422]=-2034.56
dp[9][422]=-2080.56
dp[10][422]=-2115.7
dp[11][422]=-2140.57
dp[12][422]=-2135.24
dp[13][422]=-2118.46
dp[14][422]=-2091.32
dp[15][422]=-2060.84
dp[16][422]=-2027.63
dp[17][422]=-1975
dp[18][422]=-1861.35
dp[19][422]=-1733.98
dp[20][422]=-1519.51
Select best dp
Best k=11
Stratifying 2-th numerical feature ...
dp[2][422]=-183.538
dp[3][422]=-326.472
dp[4][422]=-417.886
dp[5][422]=-435.063
dp[6][422]=-423.389
dp[2][422]=-1866.66
dp[7][422]=-402.427
dp[3][422]=-2174.25
dp[8][422]=-364.163
dp[4][422]=-2305.04
dp[9][422]=-305.527
dp[5][422]=-2391.7
dp[6][422]=-2415.86
dp[10][422]=-241.453
dp[7][422]=-2401.33
dp[8][422]=-2376.38
dp[11][422]=-172.249
dp[9][422]=-2330.83
dp[12][422]=-87.9449
dp[10][422]=-2277.15
dp[11][422]=-2201.69
dp[13][422]=2.08545
dp[12][422]=-2124.84
dp[13][422]=-2045.18
dp[14][422]=97.2942
dp[14][422]=-1949.27
dp[15][422]=194.175
dp[15][422]=-1845.79
dp[16][422]=292.417
dp[16][422]=-1739.59
dp[17][422]=-1628.47
dp[17][422]=400.374
dp[18][422]=-1512.3
dp[18][422]=538.834
dp[19][422]=-1369.58
dp[20][422]=-1161.38
dp[19][422]=684.16
Select best dp
Best k=6
dp[20][422]=873.035
Select best dp
Best k=5
Stratifying 3-th numerical feature ...
dp[2][422]=-1866.66
dp[3][422]=-2174.25
dp[4][422]=-2305.04
dp[5][422]=-2391.7
dp[6][422]=-2415.86
dp[7][422]=-2401.33
dp[8][422]=-2376.38
dp[9][422]=-2330.83
dp[10][422]=-2277.15
dp[11][422]=-2201.69
dp[12][422]=-2124.84
dp[13][422]=-2045.18
dp[14][422]=-1949.27
dp[15][422]=-1845.79
dp[16][422]=-1739.59
dp[17][422]=-1628.47
dp[18][422]=-1512.3
dp[19][422]=-1369.58
dp[20][422]=-1161.38
Select best dp
Best k=6
Stratifying 2-th numerical feature ...
dp[2][422]=-183.538
dp[3][422]=-326.472
dp[4][422]=-417.886
dp[5][422]=-435.063
dp[6][422]=-423.389
dp[7][422]=-402.427
dp[8][422]=-364.163
dp[9][422]=-305.527
dp[10][422]=-241.453
dp[11][422]=-172.249
dp[12][422]=-87.9449
dp[13][422]=2.08545
dp[14][422]=97.2942
dp[15][422]=194.175
dp[16][422]=292.417
dp[17][422]=400.374
dp[18][422]=538.834
dp[19][422]=684.16
dp[20][422]=873.035
Select best dp
Best k=5
Stratifying 3-th numerical feature ...
dp[2][422]=326.558
dp[3][422]=489.837
dp[4][422]=653.116
dp[5][422]=816.395
dp[6][422]=979.674
dp[7][422]=1142.95
dp[8][422]=1306.23
dp[9][422]=1469.51
dp[10][422]=1632.79
dp[11][422]=1796.07
dp[12][422]=1959.35
dp[13][422]=2122.63
dp[14][422]=2285.91
dp[15][422]=2449.19
dp[16][422]=2612.46
dp[17][422]=2775.74
dp[18][422]=2939.02
dp[19][422]=3102.3
dp[20][422]=3265.58
Select best dp
Best k=2
Stratifying 2-th numerical feature ...
Stratifying 2-th numerical feature ...
dp[2][422]=-183.538
dp[3][422]=-326.472
dp[4][422]=-417.886
dp[5][422]=-435.063
dp[6][422]=-423.389
dp[7][422]=-402.427
dp[8][422]=-364.163
dp[9][422]=-305.527
dp[10][422]=-241.453
dp[11][422]=-172.249
dp[12][422]=-87.9449
dp[13][422]=2.08545
dp[14][422]=97.2942
dp[15][422]=194.175
dp[16][422]=292.417
dp[17][422]=400.374
dp[18][422]=538.834
dp[19][422]=684.16
dp[20][422]=873.035
Select best dp
Best k=5
dp[2][422]=71.51
dp[3][422]=81.6828
dp[4][422]=117.615
dp[5][422]=190.666
dp[6][422]=278.143
dp[7][422]=370.263
dp[8][422]=471.034
dp[9][422]=581.992
dp[10][422]=695.669
dp[11][422]=811.91
dp[12][422]=935.702
dp[13][422]=1062.36
dp[14][422]=1191.6
dp[15][422]=1321.68
dp[16][422]=1452.44
dp[17][422]=1588.06
dp[18][422]=1738.93
dp[19][422]=1893.23
dp[20][422]=2069.31
Select best dp
Best k=2
Stratifying 2-th numerical feature ...
Stratifying 2-th numerical feature ...
dp[2][422]=-183.538
dp[3][422]=-326.472
dp[4][422]=-417.886
dp[5][422]=-435.063
dp[6][422]=-423.389
dp[7][422]=-402.427
dp[8][422]=-364.163
dp[9][422]=-305.527
dp[10][422]=-241.453
dp[11][422]=-172.249
dp[12][422]=-87.9449
dp[13][422]=2.08545
dp[14][422]=97.2942
dp[15][422]=194.175
dp[16][422]=292.417
dp[17][422]=400.374
dp[18][422]=538.834
dp[19][422]=684.16
dp[20][422]=873.035
Select best dp
Best k=5
Stratifying 2-th numerical feature ...
dp[2][422]=-115.452
dp[3][422]=-318.062
dp[4][422]=-378.558
dp[5][422]=-411.787
dp[6][422]=-427.204
dp[7][422]=-401.49
dp[8][422]=-354.569
dp[9][422]=-303.78
dp[10][422]=-242.118
dp[11][422]=-172.606
dp[12][422]=-74.3243
dp[13][422]=90.5901
Select best dp
Best k=6
dp[2][422]=-115.452
dp[3][422]=-2.8e+11
dp[4][422]=-5.2e+11
dp[5][422]=-7.4e+11
dp[6][422]=-9.7e+11
dp[7][422]=-1.18e+12
dp[8][422]=-1.18e+12
dp[9][422]=-1.18e+12
dp[10][422]=-1.18e+12
dp[11][422]=-1.18e+12
dp[12][422]=-1.18e+12
dp[13][422]=-1.18e+12
dp[14][422]=-1.18e+12
dp[15][422]=-1.18e+12
dp[16][422]=-1.18e+12
dp[17][422]=-1.18e+12
dp[18][422]=-1.18e+12
dp[19][422]=-9.1e+11
dp[20][422]=-2.4e+11
Select best dp
Best k=9
dp[2][422]=-115.452
dp[3][422]=-2.8e+11
dp[4][422]=-5.2e+11
dp[5][422]=-7.4e+11
dp[6][422]=-9.7e+11
dp[7][422]=-1.18e+12
dp[8][422]=-1.18e+12
dp[9][422]=-1.18e+12
dp[10][422]=-1.18e+12
dp[11][422]=-1.18e+12
dp[12][422]=-1.18e+12
dp[13][422]=-1.18e+12
dp[14][422]=-1.18e+12
dp[15][422]=-1.18e+12
dp[16][422]=-1.18e+12
dp[17][422]=-1.18e+12
dp[18][422]=-1.18e+12
dp[19][422]=-9.1e+11
dp[20][422]=-2.4e+11
Select best dp
Best k=9
dp[2][422]=-1878.04
dp[3][422]=-1.6e+11
dp[4][422]=-1.6e+11
dp[5][422]=-3e+11
dp[6][422]=-3e+11
dp[7][422]=-4.2e+11
dp[8][422]=-4.2e+11
dp[9][422]=-5.2e+11
dp[10][422]=-5.2e+11
dp[11][422]=-6.2e+11
dp[12][422]=-6.2e+11
dp[13][422]=-6.2e+11
dp[14][422]=-6.2e+11
dp[15][422]=-6.2e+11
dp[16][422]=-6.2e+11
dp[17][422]=-6.2e+11
dp[18][422]=-6.2e+11
dp[19][422]=-6.2e+11
dp[20][422]=-6.2e+11
Select best dp
Best k=13
Stratifying 3-th numerical feature ...
dp[2][422]=-1878.04
dp[3][422]=-1.6e+11
dp[4][422]=-1.6e+11
dp[5][422]=-3e+11
dp[6][422]=-3e+11
dp[7][422]=-4.2e+11
dp[8][422]=-4.2e+11
dp[9][422]=-5.2e+11
dp[10][422]=-5.2e+11
dp[11][422]=-6.2e+11
dp[12][422]=-6.2e+11
dp[13][422]=-6.2e+11
dp[14][422]=-6.2e+11
dp[15][422]=-6.2e+11
dp[16][422]=-6.2e+11
dp[17][422]=-6.2e+11
dp[18][422]=-6.2e+11
dp[19][422]=-6.2e+11
dp[20][422]=-6.2e+11
Select best dp
Best k=13
Stratifying 3-th numerical feature ...
dp[2][422]=-1866.66
dp[3][422]=-2174.25
dp[4][422]=-2305.04
dp[5][422]=-2391.7
dp[6][422]=-2415.86
dp[7][422]=-2401.33
dp[8][422]=-2376.38
dp[9][422]=-2330.83
dp[10][422]=-2277.15
dp[11][422]=-2201.69
dp[12][422]=-2124.84
dp[13][422]=-2045.18
dp[14][422]=-1949.27
dp[15][422]=-1845.79
dp[16][422]=-1739.59
dp[17][422]=-1628.47
dp[18][422]=-1512.3
dp[19][422]=-1369.58
dp[20][422]=-1161.38
Select best dp
Best k=6
Stratifying 3-th numerical feature ...
dp[2][422]=326.558
dp[3][422]=489.837
dp[4][422]=653.116
dp[5][422]=816.395
dp[6][422]=979.674
dp[7][422]=1142.95
dp[8][422]=1306.23
dp[9][422]=1469.51
dp[10][422]=1632.79
dp[11][422]=1796.07
dp[12][422]=1959.35
dp[13][422]=2122.63
dp[14][422]=2285.91
dp[15][422]=2449.19
dp[16][422]=2612.46
dp[17][422]=2775.74
dp[18][422]=2939.02
dp[19][422]=3102.3
dp[20][422]=3265.58
Select best dp
Best k=2
Stratifying 3-th numerical feature ...
dp[2][422]=-4059.87
dp[3][422]=-4838.34
dp[4][422]=-5263.19
dp[5][422]=-5599.79
dp[6][422]=-5811.4
dp[7][422]=-5945.62
dp[8][422]=-6058.99
dp[9][422]=-6131.17
dp[10][422]=-6187.09
dp[11][422]=-6199.45
dp[12][422]=-6209.03
dp[13][422]=-6212.99
dp[14][422]=-6184.45
dp[15][422]=-6140.77
dp[16][422]=-6091.65
dp[17][422]=-6032.69
dp[18][422]=-5963.63
dp[19][422]=-5841.47
dp[20][422]=-5588.34
Select best dp
Best k=13
Stratifying 3-th numerical feature ...
dp[2][422]=-1866.66
dp[3][422]=-2174.25
dp[4][422]=-2305.04
dp[5][422]=-2391.7
dp[6][422]=-2415.86
dp[7][422]=-2401.33
dp[8][422]=-2376.38
dp[9][422]=-2330.83
dp[10][422]=-2277.15
dp[11][422]=-2201.69
dp[12][422]=-2124.84
dp[13][422]=-2045.18
dp[14][422]=-1949.27
dp[15][422]=-1845.79
dp[16][422]=-1739.59
dp[17][422]=-1628.47
dp[18][422]=-1512.3
dp[19][422]=-1369.58
dp[20][422]=-1161.38
Select best dp
Best k=6
dp[2][422]=-1866.66
dp[3][422]=-2174.25
dp[4][422]=-2305.04
dp[5][422]=-2391.7
dp[6][422]=-2415.86
dp[7][422]=-2401.33
dp[8][422]=-2376.38
dp[9][422]=-2330.83
dp[10][422]=-2277.15
dp[11][422]=-2201.69
dp[12][422]=-2124.84
dp[13][422]=-2045.18
dp[14][422]=-1949.27
dp[15][422]=-1845.79
dp[16][422]=-1739.59
dp[17][422]=-1628.47
dp[18][422]=-1512.3
dp[19][422]=-1369.58
dp[20][422]=-1161.38
Select best dp
Best k=6
Stratifying 3-th numerical feature ...
Stratifying 3-th numerical feature ...
dp[2][422]=-183.538
dp[3][422]=-1.2e+11
dp[4][422]=-1.6e+11
dp[5][422]=-2.5e+11
dp[6][422]=-2.8e+11
dp[7][422]=-3.7e+11
dp[8][422]=-4.1e+11
dp[9][422]=-4.7e+11
dp[10][422]=-5.3e+11
dp[11][422]=-5.8e+11
dp[12][422]=-6.5e+11
dp[13][422]=-6.9e+11
dp[14][422]=-7.5e+11
dp[15][422]=-8.1e+11
dp[16][422]=-8.5e+11
dp[17][422]=-9.1e+11
dp[18][422]=-9.6e+11
dp[19][422]=-1e+12
dp[20][422]=-1.06e+12
Select best dp
Best k=20
Stratifying 2-th numerical feature ...
dp[2][422]=-770.05
dp[3][422]=-842.208
dp[4][422]=-825.961
dp[5][422]=-787.652
dp[6][422]=-718.094
dp[7][422]=-629.191
dp[8][422]=-535.072
dp[9][422]=-430.659
dp[10][422]=-322.18
dp[11][422]=-202.811
dp[12][422]=-82.7466
dp[13][422]=38.7242
dp[14][422]=168.317
dp[15][422]=301.697
dp[16][422]=436.436
dp[17][422]=573.636
dp[18][422]=713.36
dp[19][422]=866.359
dp[20][422]=1052.1
Select best dp
Best k=3
Stratifying 3-th numerical feature ...
dp[2][422]=-1866.66
dp[3][422]=-2174.25
dp[4][422]=-2305.04
dp[5][422]=-2391.7
dp[6][422]=-2415.86
dp[7][422]=-2401.33
dp[8][422]=-2376.38
dp[9][422]=-2330.83
dp[10][422]=-2277.15
dp[11][422]=-2201.69
dp[12][422]=-2124.84
dp[13][422]=-2045.18
dp[14][422]=-1949.27
dp[15][422]=-1845.79
dp[16][422]=-1739.59
dp[17][422]=-1628.47
dp[18][422]=-1512.3
dp[19][422]=-1369.58
dp[20][422]=-1161.38
Select best dp
Best k=6
Stratifying 3-th numerical feature ...
dp[2][422]=-115.452
dp[3][422]=-2.8e+11
dp[4][422]=-5.2e+11
dp[5][422]=-7.4e+11
dp[6][422]=-9.7e+11
dp[7][422]=-1.18e+12
dp[8][422]=-1.38e+12
dp[9][422]=-1.55e+12
dp[10][422]=-1.71e+12
dp[11][422]=-1.9e+12
dp[12][422]=-2.07e+12
dp[13][422]=-2.24e+12
dp[14][422]=-2.27e+12
dp[15][422]=-2.44e+12
dp[16][422]=-2.56e+12
dp[17][422]=-2.69e+12
dp[18][422]=-2.81e+12
dp[19][422]=-2.83e+12
dp[20][422]=-2.95e+12
Select best dp
Best k=20
dp[2][422]=-115.452
dp[3][422]=-2.8e+11
dp[4][422]=-5.2e+11
dp[5][422]=-7.4e+11
dp[6][422]=-9.7e+11
dp[7][422]=-1.18e+12
dp[8][422]=-1.18e+12
dp[9][422]=-1.18e+12
dp[10][422]=-1.18e+12
dp[11][422]=-1.18e+12
dp[12][422]=-1.18e+12
dp[13][422]=-1.18e+12
dp[14][422]=-1.18e+12
dp[15][422]=-1.18e+12
dp[16][422]=-1.18e+12
dp[17][422]=-1.18e+12
dp[18][422]=-1.18e+12
dp[19][422]=-9.1e+11
dp[20][422]=-2.4e+11
Select best dp
Best k=9
dp[2][422]=326.558
dp[3][422]=489.837
dp[4][422]=653.116
dp[5][422]=816.395
dp[6][422]=979.674
dp[7][422]=1142.95
dp[8][422]=1306.23
dp[9][422]=1469.51
dp[10][422]=1632.79
dp[11][422]=1796.07
dp[12][422]=1959.35
dp[13][422]=2122.63
dp[14][422]=2285.91
dp[15][422]=2449.19
dp[16][422]=2612.46
dp[17][422]=2775.74
dp[18][422]=2939.02
dp[19][422]=3102.3
dp[20][422]=3265.58
Select best dp
Best k=2
dp[2][422]=-115.452
dp[3][422]=-2.8e+11
dp[4][422]=-5.2e+11
dp[5][422]=-7.4e+11
dp[6][422]=-9.7e+11
dp[7][422]=-1.18e+12
dp[8][422]=-1.38e+12
dp[9][422]=-1.55e+12
dp[10][422]=-1.71e+12
dp[11][422]=-1.9e+12
dp[12][422]=-2.07e+12
dp[13][422]=-2.24e+12
dp[14][422]=-2.27e+12
dp[15][422]=-2.44e+12
dp[16][422]=-2.56e+12
dp[17][422]=-2.69e+12
dp[18][422]=-2.81e+12
dp[19][422]=-2.83e+12
dp[20][422]=-2.95e+12
Select best dp
Best k=20
dp[2][422]=-115.452
dp[3][422]=-2.8e+11
dp[4][422]=-5.2e+11
dp[5][422]=-7.4e+11
dp[6][422]=-9.7e+11
dp[7][422]=-1.18e+12
dp[8][422]=-1.18e+12
dp[9][422]=-1.18e+12
dp[10][422]=-1.18e+12
dp[11][422]=-1.18e+12
dp[12][422]=-1.18e+12
dp[13][422]=-1.18e+12
dp[14][422]=-1.18e+12
dp[15][422]=-1.18e+12
dp[16][422]=-1.18e+12
dp[17][422]=-1.18e+12
dp[18][422]=-1.18e+12
dp[19][422]=-9.1e+11
dp[20][422]=-2.4e+11
Select best dp
Best k=9
dp[2][422]=-115.452
dp[3][422]=-2.8e+11
dp[4][422]=-5.2e+11
dp[5][422]=-7.4e+11
dp[6][422]=-9.7e+11
dp[7][422]=-1.18e+12
dp[8][422]=-1.18e+12
dp[9][422]=-1.18e+12
dp[10][422]=-1.18e+12
dp[11][422]=-1.18e+12
dp[12][422]=-1.18e+12
dp[13][422]=-1.18e+12
dp[14][422]=-1.18e+12
dp[15][422]=-1.18e+12
dp[16][422]=-1.18e+12
dp[17][422]=-1.18e+12
dp[18][422]=-1.18e+12
dp[19][422]=-9.1e+11
dp[20][422]=-2.4e+11
Select best dp
Best k=9
dp[2][422]=-557.462
dp[3][422]=-5.6e+11
dp[4][422]=-1.04e+12
dp[5][422]=-1.48e+12
dp[6][422]=-1.94e+12
dp[7][422]=-2.36e+12
dp[8][422]=-2.36e+12
dp[9][422]=-2.36e+12
dp[10][422]=-2.36e+12
dp[11][422]=-2.36e+12
dp[12][422]=-2.36e+12
dp[13][422]=-2.36e+12
dp[14][422]=-2.36e+12
dp[15][422]=-2.36e+12
dp[16][422]=-2.36e+12
dp[17][422]=-2.36e+12
dp[18][422]=-2.36e+12
dp[19][422]=-1.82e+12
dp[20][422]=-4.8e+11
Select best dp
Best k=15
dp[2][422]=-115.452
dp[3][422]=-2.8e+11
dp[4][422]=-5.2e+11
dp[5][422]=-7.4e+11
dp[6][422]=-9.7e+11
dp[7][422]=-1.18e+12
dp[8][422]=-1.18e+12
dp[9][422]=-1.18e+12
dp[10][422]=-1.18e+12
dp[11][422]=-1.18e+12
dp[12][422]=-1.18e+12
dp[13][422]=-1.18e+12
dp[14][422]=-1.18e+12
dp[15][422]=-1.18e+12
dp[16][422]=-1.18e+12
dp[17][422]=-1.18e+12
dp[18][422]=-1.18e+12
dp[19][422]=-9.1e+11
dp[20][422]=-2.4e+11
Select best dp
Best k=9
dp[2][422]=105.553
dp[3][422]=-1.4e+11
dp[4][422]=-2.6e+11
dp[5][422]=-3.7e+11
dp[6][422]=-4.85e+11
dp[7][422]=-5.9e+11
dp[8][422]=-5.9e+11
dp[9][422]=-5.9e+11
dp[10][422]=-5.9e+11
dp[11][422]=-5.9e+11
dp[12][422]=-5.9e+11
dp[13][422]=-5.9e+11
dp[14][422]=-5.9e+11
dp[15][422]=-5.9e+11
dp[16][422]=-5.9e+11
dp[17][422]=-5.9e+11
dp[18][422]=-5.9e+11
dp[19][422]=-4.55e+11
dp[20][422]=-1.2e+11
Select best dp
Best k=7
dp[2][422]=-1878.04
dp[3][422]=-1.6e+11
dp[4][422]=-2.2e+11
dp[5][422]=-3e+11
dp[6][422]=-3.7e+11
dp[7][422]=-4.4e+11
dp[8][422]=-5e+11
dp[9][422]=-5.7e+11
dp[10][422]=-6.4e+11
dp[11][422]=-6.9e+11
dp[12][422]=-7.6e+11
dp[13][422]=-8.2e+11
dp[14][422]=-8.6e+11
dp[15][422]=-9.2e+11
dp[16][422]=-9.8e+11
dp[17][422]=-1.02e+12
dp[18][422]=-1.08e+12
dp[19][422]=-1.12e+12
dp[20][422]=-1.18e+12
Select best dp
Best k=20
Stratifying 3-th numerical feature ...
dp[2][422]=103.222
dp[3][422]=-50.2429
dp[4][422]=-138.223
dp[5][422]=-188.104
dp[6][422]=-202.44
dp[7][422]=-215.122
dp[8][422]=-187.703
dp[9][422]=-151.622
dp[10][422]=-108.428
dp[11][422]=-44.7066
dp[12][422]=24.0185
dp[13][422]=105.915
dp[14][422]=193.114
dp[15][422]=284.324
dp[16][422]=380.232
dp[17][422]=478.469
dp[18][422]=598.729
dp[19][422]=731.055
dp[20][422]=940.624
Select best dp
Best k=7
Stratifying 2-th numerical feature ...
dp[2][422]=-115.452
dp[3][422]=-2.8e+11
dp[4][422]=-5.2e+11
dp[5][422]=-7.4e+11
dp[6][422]=-9.7e+11
dp[7][422]=-1.18e+12
dp[8][422]=-1.38e+12
dp[9][422]=-1.55e+12
dp[10][422]=-1.71e+12
dp[11][422]=-1.9e+12
dp[12][422]=-2.07e+12
dp[13][422]=-2.24e+12
dp[14][422]=-2.3e+12
dp[15][422]=-2.44e+12
dp[16][422]=-2.56e+12
dp[17][422]=-2.69e+12
dp[18][422]=-2.81e+12
dp[19][422]=-2.93e+12
dp[20][422]=-3.05e+12
Select best dp
Best k=20
dp[2][422]=-1558.32
dp[3][422]=-1906.18
dp[4][422]=-2048.63
dp[5][422]=-2149.39
dp[6][422]=-2181.51
dp[7][422]=-2170.89
dp[8][422]=-2147.25
dp[9][422]=-2105.12
dp[10][422]=-2052.23
dp[11][422]=-1978.97
dp[12][422]=-1905.06
dp[13][422]=-1827.03
dp[14][422]=-1734.49
dp[15][422]=-1632.69
dp[16][422]=-1528.82
dp[17][422]=-1419.27
dp[18][422]=-1304.69
dp[19][422]=-1166.49
dp[20][422]=-959.951
Select best dp
Best k=6
Stratifying 3-th numerical feature ...
dp[2][422]=152.383
dp[3][422]=-2.8e+11
dp[4][422]=-5.2e+11
dp[5][422]=-7.4e+11
dp[6][422]=-9.7e+11
dp[7][422]=-1.18e+12
dp[8][422]=-1.18e+12
dp[9][422]=-1.18e+12
dp[10][422]=-1.18e+12
dp[11][422]=-1.18e+12
dp[12][422]=-1.18e+12
dp[13][422]=-1.18e+12
dp[14][422]=-1.18e+12
dp[15][422]=-1.18e+12
dp[16][422]=-1.18e+12
dp[17][422]=-1.18e+12
dp[18][422]=-1.18e+12
dp[19][422]=-9.1e+11
dp[20][422]=-2.4e+11
Select best dp
Best k=10
