Standardize ...
Stratifying 1-th numerical feature ...
Standardize ...
Stratifying 1-th numerical feature ...
Standardize ...
Stratifying 1-th numerical feature ...
Standardize ...
Stratifying 1-th numerical feature ...
Standardize ...
Stratifying 1-th numerical feature ...
Standardize ...
Stratifying 1-th numerical feature ...
Standardize ...
Stratifying 1-th numerical feature ...
Standardize ...
Stratifying 1-th numerical feature ...
Standardize ...
Stratifying 1-th numerical feature ...
Standardize ...
Stratifying 1-th numerical feature ...
Standardize ...
Stratifying 1-th numerical feature ...
Standardize ...
Stratifying 1-th numerical feature ...
Standardize ...
Stratifying 1-th numerical feature ...
Standardize ...
Stratifying 1-th numerical feature ...
dp[2][754]=-588.254
dp[3][754]=-986.788
dp[4][754]=-1223.06
dp[5][754]=-1409.4
dp[6][754]=-1489.09
dp[7][754]=-1560.18
dp[8][754]=-1595.82
dp[9][754]=-1603.43
dp[10][754]=-1594.89
dp[11][754]=-1569.89
dp[12][754]=-1541.09
dp[13][754]=-1493.74
dp[14][754]=-1443.24
dp[15][754]=-1390.37
dp[16][754]=-1333.71
dp[17][754]=-1259.61
dp[18][754]=-1178.9
dp[19][754]=-1088.7
dp[20][754]=-993.362
dp[21][754]=-897.421
dp[22][754]=-796.981
dp[23][754]=-689.408
dp[24][754]=-580.798
dp[25][754]=-467.959
dp[26][754]=-346.529
dp[27][754]=-200.417
Select best dp
Best k=9
dp[2][754]=-588.254
dp[3][754]=-986.788
dp[4][754]=-1223.06
dp[5][754]=-1409.4
dp[6][754]=-1489.09
dp[7][754]=-1560.18
dp[8][754]=-1595.82
dp[9][754]=-1603.43
dp[10][754]=-1594.89
dp[11][754]=-1569.89
dp[12][754]=-1541.09
dp[13][754]=-1493.74
dp[14][754]=-1443.24
dp[15][754]=-1390.37
dp[16][754]=-1333.71
dp[17][754]=-1259.61
dp[18][754]=-1178.9
dp[19][754]=-1088.7
dp[20][754]=-993.362
dp[21][754]=-897.421
dp[22][754]=-796.981
dp[23][754]=-689.408
dp[24][754]=-580.798
dp[25][754]=-467.959
dp[26][754]=-346.529
dp[27][754]=-200.417
Select best dp
Best k=9
dp[2][754]=-588.254
dp[3][754]=-986.788
dp[4][754]=-1223.06
dp[5][754]=-1409.4
dp[6][754]=-1489.09
dp[7][754]=-1560.18
dp[8][754]=-1595.82
dp[9][754]=-1603.43
dp[10][754]=-1594.89
dp[11][754]=-1569.89
dp[12][754]=-1541.09
dp[13][754]=-1493.74
dp[14][754]=-1443.24
dp[15][754]=-1390.37
dp[16][754]=-1333.71
dp[17][754]=-1259.61
dp[18][754]=-1178.9
dp[19][754]=-1088.7
dp[20][754]=-993.362
dp[21][754]=-897.421
dp[22][754]=-796.981
dp[23][754]=-689.408
dp[24][754]=-580.798
dp[25][754]=-467.959
dp[26][754]=-346.529
dp[27][754]=-200.417
Select best dp
Best k=9
dp[2][754]=-588.254
dp[3][754]=-986.788
dp[4][754]=-1223.06
dp[5][754]=-1409.4
dp[6][754]=-1489.09
dp[7][754]=-1560.18
dp[8][754]=-1595.82
dp[9][754]=-1603.43
dp[10][754]=-1594.89
dp[11][754]=-1569.89
dp[12][754]=-1541.09
dp[13][754]=-1493.74
dp[14][754]=-1443.24
dp[15][754]=-1390.37
dp[16][754]=-1333.71
dp[17][754]=-1259.61
dp[18][754]=-1178.9
dp[19][754]=-1088.7
dp[20][754]=-993.362
dp[21][754]=-897.421
dp[22][754]=-796.981
dp[23][754]=-689.408
dp[24][754]=-580.798
dp[25][754]=-467.959
dp[26][754]=-346.529
dp[27][754]=-200.417
Select best dp
Best k=9
dp[2][754]=318.082
dp[3][754]=477.124
dp[4][754]=636.165
dp[5][754]=795.206
dp[6][754]=954.247
dp[7][754]=1113.29
dp[8][754]=1272.33
dp[9][754]=1431.37
dp[10][754]=1590.41
dp[11][754]=1749.45
dp[12][754]=1908.49
dp[13][754]=2067.54
dp[14][754]=2226.58
dp[15][754]=2385.62
dp[16][754]=2544.66
dp[17][754]=2703.7
dp[18][754]=2862.74
dp[19][754]=3021.78
dp[20][754]=3180.82
dp[21][754]=3339.87
dp[22][754]=3498.91
dp[23][754]=3657.95
dp[24][754]=3816.99
dp[25][754]=3976.03
dp[26][754]=4135.07
dp[27][754]=4294.11
Select best dp
Best k=2
dp[2][754]=-588.254
dp[3][754]=-986.788
dp[4][754]=-1223.06
dp[5][754]=-1409.4
dp[6][754]=-1489.09
dp[7][754]=-1560.18
dp[8][754]=-1595.82
dp[9][754]=-1603.43
dp[10][754]=-1594.89
dp[11][754]=-1569.89
dp[12][754]=-1541.09
dp[13][754]=-1490.6
dp[14][754]=-1437.2
dp[15][754]=-1383.73
dp[16][754]=-1315.3
dp[17][754]=-1225.38
dp[18][754]=-1123.13
Select best dp
Best k=9
dp[2][754]=-121.832
dp[3][754]=-234.952
dp[4][754]=-266.94
dp[5][754]=-273.964
dp[6][754]=-227.661
dp[7][754]=-177.06
dp[8][754]=-108.733
dp[9][754]=-26.3893
dp[10][754]=64.03
dp[11][754]=162.676
dp[12][754]=263.223
dp[13][754]=373.047
dp[14][754]=484.441
dp[15][754]=597.024
dp[16][754]=711.502
dp[17][754]=834.702
dp[18][754]=961.203
dp[19][754]=1092.45
dp[20][754]=1226.27
dp[21][754]=1360.38
dp[22][754]=1496.75
dp[23][754]=1636.68
dp[24][754]=1777.14
dp[25][754]=1919.7
dp[26][754]=2066.57
dp[27][754]=2225.77
Select best dp
Best k=5
dp[2][754]=-1521.1
dp[3][754]=-2490.46
dp[4][754]=-3135.3
dp[5][754]=-3680.28
dp[6][754]=-4011.95
dp[7][754]=-4326.43
dp[8][754]=-4570.01
dp[9][754]=-4757.51
dp[10][754]=-4912.72
dp[11][754]=-5035.02
dp[12][754]=-5149.71
dp[13][754]=-5227.3
dp[14][754]=-5298.61
dp[15][754]=-5365.16
dp[16][754]=-5424.13
dp[17][754]=-5448.22
dp[18][754]=-5459.1
dp[19][754]=-5451
dp[20][754]=-5432.62
dp[21][754]=-5413.03
dp[22][754]=-5384.44
dp[23][754]=-5341.59
dp[24][754]=-5296.67
dp[25][754]=-5243.29
dp[26][754]=-5172.72
dp[27][754]=-5052.79
Select best dp
Best k=18
dp[2][754]=-588.254
dp[3][754]=-986.788
dp[4][754]=-1223.06
dp[5][754]=-1409.4
dp[6][754]=-1489.09
dp[7][754]=-1560.18
dp[8][754]=-1595.82
dp[9][754]=-1603.43
dp[10][754]=-1594.89
dp[11][754]=-1569.89
dp[12][754]=-1541.09
dp[13][754]=-1493.74
dp[14][754]=-1443.24
dp[15][754]=-1390.37
dp[16][754]=-1333.71
dp[17][754]=-1259.98
dp[18][754]=-1179.27
dp[19][754]=-1089.07
dp[20][754]=-996.009
dp[21][754]=-901.204
dp[22][754]=-802.038
dp[23][754]=-696.124
dp[24][754]=-590.165
dp[25][754]=-482.657
dp[26][754]=-373.96
dp[27][754]=-263.249
Select best dp
Best k=9
dp[2][754]=-588.254
dp[3][754]=-986.788
dp[4][754]=-1223.06
dp[5][754]=-1409.4
dp[6][754]=-1489.09
dp[7][754]=-1560.18
dp[8][754]=-1595.82
dp[9][754]=-1603.43
dp[10][754]=-1594.89
dp[11][754]=-1569.89
dp[12][754]=-1541.09
dp[13][754]=-1493.74
dp[14][754]=-1443.24
dp[15][754]=-1390.37
dp[16][754]=-1333.71
dp[17][754]=-1259.61
dp[18][754]=-1178.9
dp[19][754]=-1088.7
dp[20][754]=-993.362
dp[21][754]=-897.421
dp[22][754]=-796.981
dp[23][754]=-689.408
dp[24][754]=-580.798
dp[25][754]=-467.959
dp[26][754]=-346.529
dp[27][754]=-200.417
Select best dp
Best k=9
dp[2][754]=-588.254
dp[3][754]=-986.788
dp[4][754]=-1223.06
dp[5][754]=-1409.4
dp[6][754]=-1489.09
dp[7][754]=-1560.18
dp[8][754]=-1595.82
dp[9][754]=-1603.43
dp[10][754]=-1594.89
dp[11][754]=-1569.89
dp[12][754]=-1541.09
dp[13][754]=-1493.74
dp[14][754]=-1443.24
dp[15][754]=-1390.37
dp[16][754]=-1333.71
dp[17][754]=-1259.61
dp[18][754]=-1178.9
dp[19][754]=-1088.7
dp[20][754]=-993.362
dp[21][754]=-897.421
dp[22][754]=-796.981
dp[23][754]=-689.408
dp[24][754]=-580.798
dp[25][754]=-467.959
dp[26][754]=-346.529
dp[27][754]=-200.417
Select best dp
Best k=9
dp[2][754]=-588.254
dp[3][754]=-986.788
dp[4][754]=-1223.06
dp[5][754]=-1409.4
dp[6][754]=-1489.09
dp[7][754]=-1560.18
dp[8][754]=-1595.82
dp[9][754]=-1603.43
dp[10][754]=-1594.89
dp[11][754]=-1569.89
dp[12][754]=-1541.09
dp[13][754]=-1493.74
dp[14][754]=-1443.24
dp[15][754]=-1390.37
dp[16][754]=-1333.71
dp[17][754]=-1259.98
dp[18][754]=-1179.27
dp[19][754]=-1089.07
dp[20][754]=-996.009
dp[21][754]=-901.204
dp[22][754]=-802.038
dp[23][754]=-696.124
dp[24][754]=-590.165
dp[25][754]=-482.657
dp[26][754]=-373.96
dp[27][754]=-263.249
Select best dp
Best k=9
dp[2][754]=-588.254
dp[3][754]=-986.788
dp[4][754]=-1223.06
dp[5][754]=-1409.4
dp[6][754]=-1489.09
dp[7][754]=-1560.18
dp[8][754]=-1595.82
dp[9][754]=-1603.43
dp[10][754]=-1594.89
dp[11][754]=-1569.89
dp[12][754]=-1541.09
dp[13][754]=-1493.74
dp[14][754]=-1443.24
dp[15][754]=-1390.37
dp[16][754]=-1333.71
dp[17][754]=-1259.98
dp[18][754]=-1179.27
dp[19][754]=-1089.07
dp[20][754]=-996.009
dp[21][754]=-901.204
dp[22][754]=-802.038
dp[23][754]=-696.124
dp[24][754]=-590.165
dp[25][754]=-482.657
dp[26][754]=-373.96
dp[27][754]=-263.249
Select best dp
Best k=9
dp[2][754]=-9.20863
dp[3][754]=-425.346
dp[4][754]=-659.386
dp[5][754]=-852.93
dp[6][754]=-931.94
dp[7][754]=-1002.9
dp[8][754]=-1039.65
dp[9][754]=-1050.87
dp[10][754]=-1043.17
dp[11][754]=-1019.46
dp[12][754]=-991.593
dp[13][754]=-947.057
dp[14][754]=-897.922
dp[15][754]=-846.293
dp[16][754]=-790.529
dp[17][754]=-717.613
dp[18][754]=-637.326
dp[19][754]=-548.327
dp[20][754]=-454.459
dp[21][754]=-359.668
dp[22][754]=-260.585
dp[23][754]=-153.998
dp[24][754]=-45.8194
dp[25][754]=65.3649
dp[26][754]=184.312
dp[27][754]=330.002
Select best dp
Best k=9
