Standardize ...
Stratifying 1-th numerical feature ...
Standardize ...
Stratifying 1-th numerical feature ...
Standardize ...
Stratifying 1-th numerical feature ...
Standardize ...
Stratifying 1-th numerical feature ...
Standardize ...
Stratifying 1-th numerical feature ...
Standardize ...
Stratifying 1-th numerical feature ...
Standardize ...
Stratifying 1-th numerical feature ...
Standardize ...
Stratifying 1-th numerical feature ...
Standardize ...
Stratifying 1-th numerical feature ...
Standardize ...
Stratifying 1-th numerical feature ...
Standardize ...
Stratifying 1-th numerical feature ...
Standardize ...
Stratifying 1-th numerical feature ...
Standardize ...
Stratifying 1-th numerical feature ...
Standardize ...
Stratifying 1-th numerical feature ...
dp[2][395]=-485.352
dp[3][395]=-781.988
dp[4][395]=-953.422
dp[5][395]=-1073.14
dp[6][395]=-1174.76
dp[7][395]=-1242.83
dp[8][395]=-1284.31
dp[9][395]=-1299.82
dp[10][395]=-1314.7
dp[11][395]=-1307.59
dp[12][395]=-1300.7
dp[13][395]=-1253.96
Select best dp
Best k=10
Stratifying 2-th numerical feature ...
dp[2][395]=-485.352
dp[3][395]=-781.988
dp[4][395]=-953.422
dp[5][395]=-1073.14
dp[6][395]=-1174.76
dp[7][395]=-1242.83
dp[8][395]=-1285.69
dp[9][395]=-1301.21
dp[10][395]=-1316.08
dp[11][395]=-1315.06
dp[12][395]=-1309.04
dp[13][395]=-1303.03
dp[14][395]=-1284.77
dp[15][395]=-1263.85
dp[16][395]=-1241.7
dp[17][395]=-1212.5
dp[18][395]=-1178.65
dp[19][395]=-1131.67
Select best dp
Best k=10
Stratifying 2-th numerical feature ...
dp[2][395]=-485.352
dp[3][395]=-781.988
dp[4][395]=-953.422
dp[5][395]=-1073.14
dp[6][395]=-1174.76
dp[7][395]=-1242.83
dp[8][395]=-1285.69
dp[9][395]=-1301.21
dp[10][395]=-1316.08
dp[11][395]=-1315.06
dp[12][395]=-1309.04
dp[13][395]=-1303.03
dp[14][395]=-1284.77
dp[15][395]=-1263.85
dp[16][395]=-1241.7
dp[17][395]=-1212.5
dp[18][395]=-1178.65
dp[19][395]=-1131.67
Select best dp
Best k=10
Stratifying 2-th numerical feature ...
dp[2][395]=-485.352
dp[3][395]=-781.988
dp[4][395]=-953.422
dp[5][395]=-1073.14
dp[6][395]=-1174.76
dp[7][395]=-1242.83
dp[8][395]=-1285.69
dp[9][395]=-1301.21
dp[10][395]=-1316.08
dp[11][395]=-1315.06
dp[12][395]=-1309.04
dp[13][395]=-1303.03
dp[14][395]=-1284.77
dp[15][395]=-1263.85
dp[16][395]=-1241.7
dp[17][395]=-1212.5
dp[18][395]=-1178.65
dp[19][395]=-1131.67
Select best dp
Best k=10
Stratifying 2-th numerical feature ...
dp[2][395]=-485.352
dp[3][395]=-781.988
dp[4][395]=-953.422
dp[5][395]=-1073.14
dp[6][395]=-1174.76
dp[7][395]=-1242.83
dp[8][395]=-1285.69
dp[9][395]=-1301.21
dp[10][395]=-1316.08
dp[11][395]=-1315.06
dp[12][395]=-1309.04
dp[13][395]=-1303.03
dp[14][395]=-1289.14
dp[15][395]=-1268.22
dp[16][395]=-1246.74
dp[17][395]=-1224.64
dp[18][395]=-1197.19
dp[19][395]=-1167.86
Select best dp
Best k=10
Stratifying 2-th numerical feature ...
dp[2][395]=-485.352
dp[3][395]=-781.988
dp[4][395]=-953.422
dp[5][395]=-1073.14
dp[6][395]=-1174.76
dp[7][395]=-1242.83
dp[8][395]=-1285.69
dp[9][395]=-1301.21
dp[10][395]=-1316.08
dp[11][395]=-1315.06
dp[12][395]=-1309.04
dp[13][395]=-1303.03
dp[14][395]=-1289.14
dp[15][395]=-1268.22
dp[16][395]=-1246.74
dp[17][395]=-1224.64
dp[18][395]=-1197.19
dp[19][395]=-1168.89
Select best dp
Best k=10
Stratifying 2-th numerical feature ...
dp[2][395]=-620.986
dp[3][395]=-989.441
dp[4][395]=-1169.56
dp[5][395]=-1300.91
dp[6][395]=-1394.39
dp[7][395]=-1462.96
dp[8][395]=-1502.45
dp[9][395]=-1516.87
dp[10][395]=-1530.7
dp[11][395]=-1537.74
dp[12][395]=-1525.75
dp[13][395]=-1489.96
Select best dp
Best k=11
Stratifying 3-th numerical feature ...
dp[2][395]=-485.352
dp[3][395]=-781.988
dp[4][395]=-953.422
dp[5][395]=-1073.14
dp[6][395]=-1174.76
dp[7][395]=-1242.83
dp[8][395]=-1285.69
dp[9][395]=-1301.21
dp[10][395]=-1316.08
dp[11][395]=-1315.06
dp[12][395]=-1309.04
dp[13][395]=-1303.03
dp[14][395]=-1284.77
dp[15][395]=-1263.85
dp[16][395]=-1241.7
dp[17][395]=-1212.5
dp[18][395]=-1178.65
dp[19][395]=-1131.67
Select best dp
Best k=10
dp[2][395]=-620.986
dp[3][395]=-989.441
dp[4][395]=-1169.56
dp[5][395]=-1300.91
dp[6][395]=-1394.63
dp[7][395]=-1463.3
dp[8][395]=-1502.78
dp[9][395]=-1517.21
dp[10][395]=-1531.04
dp[11][395]=-1540.9
dp[12][395]=-1537.03
dp[13][395]=-1528.69
dp[14][395]=-1519.62
dp[15][395]=-1500.76
dp[16][395]=-1472.3
dp[17][395]=-1433.36
dp[18][395]=-1384.63
dp[19][395]=-1334.63
Select best dp
Best k=11
Stratifying 3-th numerical feature ...
Stratifying 2-th numerical feature ...
dp[2][395]=-1126.22
dp[3][395]=-1797.25
dp[4][395]=-2217.88
dp[5][395]=-2535.08
dp[6][395]=-2816.06
dp[7][395]=-3029.96
dp[8][395]=-3193.45
dp[9][395]=-3302.24
dp[10][395]=-3409.75
dp[11][395]=-3485.47
dp[12][395]=-3551.18
dp[13][395]=-3616.92
dp[14][395]=-3658.15
dp[15][395]=-3694.07
dp[16][395]=-3727.54
dp[17][395]=-3746.89
dp[18][395]=-3756.95
dp[19][395]=-3740.75
Select best dp
Best k=18
dp[2][395]=-164.918
dp[3][395]=-274.357
dp[4][395]=-321.194
dp[5][395]=-342.175
dp[6][395]=-354.102
dp[7][395]=-349.258
dp[8][395]=-331.813
dp[9][395]=-300.69
dp[10][395]=-269.25
dp[11][395]=-229.861
dp[12][395]=-187.97
dp[13][395]=-146.086
dp[14][395]=-98.0746
dp[15][395]=-48.7348
dp[16][395]=1.21554
dp[17][395]=54.6971
dp[18][395]=110.501
dp[19][395]=172.869
Select best dp
Best k=6
dp[2][395]=155.517
dp[3][395]=233.275
dp[4][395]=311.034
dp[5][395]=388.792
dp[6][395]=466.55
dp[7][395]=544.309
dp[8][395]=622.067
dp[9][395]=699.825
dp[10][395]=777.584
dp[11][395]=855.342
dp[12][395]=933.101
dp[13][395]=1010.86
dp[14][395]=1088.62
dp[15][395]=1166.38
dp[16][395]=1244.13
dp[17][395]=1321.89
dp[18][395]=1399.65
dp[19][395]=1477.41
Select best dp
Best k=2
dp[2][395]=-620.986
dp[3][395]=-989.441
dp[4][395]=-1169.56
dp[5][395]=-1300.91
dp[6][395]=-1394.63
dp[7][395]=-1463.3
dp[8][395]=-1502.78
dp[9][395]=-1517.21
dp[10][395]=-1531.04
dp[11][395]=-1540.9
dp[12][395]=-1537.03
dp[13][395]=-1528.69
dp[14][395]=-1519.62
dp[15][395]=-1500.76
dp[16][395]=-1472.3
dp[17][395]=-1433.36
dp[18][395]=-1384.63
dp[19][395]=-1334.63
Select best dp
Best k=11
Stratifying 2-th numerical feature ...
Stratifying 3-th numerical feature ...
dp[2][395]=-620.986
dp[3][395]=-989.441
Stratifying 2-th numerical feature ...
dp[4][395]=-1169.56
dp[5][395]=-1300.91
dp[6][395]=-1394.63
dp[7][395]=-1463.3
dp[8][395]=-1502.78
dp[9][395]=-1517.21
dp[10][395]=-1531.04
dp[11][395]=-1540.9
dp[12][395]=-1537.03
dp[13][395]=-1528.69
dp[14][395]=-1519.62
dp[15][395]=-1500.76
dp[16][395]=-1472.3
dp[17][395]=-1433.36
dp[18][395]=-1384.63
dp[19][395]=-1334.63
Select best dp
Best k=11
Stratifying 2-th numerical feature ...
Stratifying 3-th numerical feature ...
dp[2][395]=-485.352
dp[3][395]=-781.988
dp[4][395]=-953.422
dp[5][395]=-1073.14
dp[6][395]=-1174.76
dp[2][395]=-485.352
dp[7][395]=-1242.83
dp[3][395]=-781.988
dp[8][395]=-1285.69
dp[4][395]=-953.422
dp[9][395]=-1301.21
dp[5][395]=-1073.14
dp[10][395]=-1316.08
dp[6][395]=-1174.76
dp[11][395]=-1315.06
dp[7][395]=-1242.83
dp[12][395]=-1309.04
dp[8][395]=-1285.69
dp[13][395]=-1303.03
dp[9][395]=-1301.21
dp[14][395]=-1284.77
dp[10][395]=-1316.08
dp[15][395]=-1263.85
dp[11][395]=-1315.06
dp[16][395]=-1241.7
dp[12][395]=-1309.04
dp[17][395]=-1212.5
dp[13][395]=-1303.03
dp[18][395]=-1178.65
dp[14][395]=-1284.77
dp[19][395]=-1131.67
dp[15][395]=-1263.85
Select best dp
dp[16][395]=-1241.7
Best k=10
dp[17][395]=-1212.5
dp[18][395]=-1178.65
dp[19][395]=-1131.67
Select best dp
Best k=10
Stratifying 2-th numerical feature ...
Stratifying 2-th numerical feature ...
dp[2][395]=-1511.81
dp[3][395]=-1969.19
dp[4][395]=-2219.14
dp[5][395]=-2362.87
dp[6][395]=-2505.35
dp[7][395]=-2582.59
dp[8][395]=-2659.88
dp[9][395]=-2717.5
dp[10][395]=-2759.53
dp[11][395]=-2772.57
dp[12][395]=-2750.14
dp[13][395]=-2712.12
Select best dp
Best k=11
Stratifying 4-th numerical feature ...
dp[2][395]=-576.26
dp[3][395]=-907.664
dp[4][395]=-1101.37
dp[5][395]=-1238.5
dp[6][395]=-1344.1
dp[7][395]=-1424.31
dp[8][395]=-1480.36
dp[9][395]=-1513.55
dp[10][395]=-1541.92
dp[11][395]=-1565.53
dp[12][395]=-1575.78
dp[13][395]=-1578.79
dp[14][395]=-1563.39
dp[15][395]=-1546.47
dp[16][395]=-1527.38
dp[17][395]=-1505.77
dp[18][395]=-1475.22
dp[19][395]=-1440.44
Select best dp
Best k=13
Stratifying 2-th numerical feature ...
dp[2][395]=-620.986
dp[3][395]=-989.441
dp[4][395]=-1169.56
dp[5][395]=-1300.91
dp[6][395]=-1394.63
dp[7][395]=-1463.3
dp[8][395]=-1502.78
dp[9][395]=-1517.21
dp[10][395]=-1531.04
dp[11][395]=-1540.9
dp[12][395]=-1537.03
dp[13][395]=-1528.69
dp[14][395]=-1519.62
dp[15][395]=-1502.84
dp[16][395]=-1485.59
dp[17][395]=-1460.17
dp[18][395]=-1429.59
dp[19][395]=-1398.79
Select best dp
Best k=11
Stratifying 3-th numerical feature ...
dp[2][395]=-1511.81
dp[3][395]=-1969.19
dp[4][395]=-2219.14
dp[5][395]=-2362.87
dp[6][395]=-2505.35
dp[7][395]=-2587.47
dp[8][395]=-2669.43
dp[9][395]=-2749.6
dp[10][395]=-2791.64
dp[11][395]=-2804.67
dp[12][395]=-2809.52
dp[13][395]=-2807.94
dp[14][395]=-2797.92
dp[15][395]=-2785.35
dp[16][395]=-2761.76
dp[17][395]=-2732.45
dp[18][395]=-2701.9
dp[19][395]=-2636.08
Select best dp
Best k=12
Stratifying 4-th numerical feature ...
dp[2][395]=-620.986
dp[3][395]=-989.441
dp[4][395]=-1169.56
dp[5][395]=-1300.91
dp[6][395]=-1394.63
dp[7][395]=-1463.3
dp[8][395]=-1502.78
dp[9][395]=-1517.21
dp[10][395]=-1531.04
dp[11][395]=-1540.9
dp[12][395]=-1537.03
dp[13][395]=-1528.69
dp[14][395]=-1519.62
dp[15][395]=-1502.84
dp[16][395]=-1485.59
dp[17][395]=-1460.17
dp[18][395]=-1429.59
dp[19][395]=-1398.79
Select best dp
Best k=11
dp[2][395]=-664.641
dp[3][395]=-960.335
dp[4][395]=-1121.33
dp[5][395]=-1232.13
dp[6][395]=-1314.24
dp[7][395]=-1384.83
dp[8][395]=-1422.71
dp[9][395]=-1457.26
dp[10][395]=-1483.05
dp[11][395]=-1499.76
dp[12][395]=-1497.6
dp[13][395]=-1488.91
dp[14][395]=-1472.1
dp[15][395]=-1447.43
dp[16][395]=-1418.75
dp[17][395]=-1389.15
dp[18][395]=-1355.14
dp[19][395]=-1284.84
Select best dp
Best k=11
Stratifying 3-th numerical feature ...
Stratifying 4-th numerical feature ...
dp[2][395]=-1511.81
dp[3][395]=-1969.19
dp[4][395]=-2219.14
dp[5][395]=-2362.87
dp[6][395]=-2505.35
dp[7][395]=-2587.47
dp[8][395]=-2669.43
dp[9][395]=-2749.6
dp[10][395]=-2791.64
dp[11][395]=-2804.67
dp[12][395]=-2809.52
dp[13][395]=-2807.94
dp[14][395]=-2797.92
dp[15][395]=-2785.35
dp[16][395]=-2761.76
dp[17][395]=-2732.45
dp[18][395]=-2701.9
dp[19][395]=-2636.08
Select best dp
Best k=12
Stratifying 4-th numerical feature ...
dp[2][395]=-792.721
dp[3][395]=-1125.35
dp[4][395]=-1323.02
dp[5][395]=-1446.14
dp[6][395]=-1529.51
dp[7][395]=-1588.69
dp[8][395]=-1639.48
dp[9][395]=-1665.79
dp[10][395]=-1669.38
dp[11][395]=-1667.35
dp[12][395]=-1665.21
dp[13][395]=-1639.04
Select best dp
Best k=10
Stratifying 5-th numerical feature ...
dp[2][395]=-485.352
dp[3][395]=-781.988
dp[4][395]=-953.422
dp[5][395]=-1073.14
dp[6][395]=-1174.76
dp[7][395]=-1242.83
dp[8][395]=-1285.69
dp[9][395]=-1301.21
dp[10][395]=-1316.08
dp[11][395]=-1315.06
dp[12][395]=-1309.04
dp[13][395]=-1303.03
dp[14][395]=-1289.14
dp[15][395]=-1268.22
dp[16][395]=-1246.74
dp[17][395]=-1224.64
dp[18][395]=-1197.19
dp[19][395]=-1169.68
Select best dp
Best k=10
Stratifying 2-th numerical feature ...
dp[2][395]=-792.721
dp[3][395]=-1125.35
dp[4][395]=-1323.02
dp[5][395]=-1446.14
dp[6][395]=-1529.51
dp[7][395]=-1588.69
dp[8][395]=-1644.71
dp[9][395]=-1671.44
dp[10][395]=-1683.99
dp[11][395]=-1686.99
dp[12][395]=-1685.24
dp[13][395]=-1676.55
dp[14][395]=-1665.94
dp[15][395]=-1650.38
dp[16][395]=-1632.39
dp[17][395]=-1604.29
dp[18][395]=-1561.5
dp[19][395]=-1503.38
Select best dp
Best k=11
Stratifying 5-th numerical feature ...
dp[2][395]=-792.721
dp[3][395]=-1125.35
dp[4][395]=-1323.02
dp[5][395]=-1446.14
dp[6][395]=-1529.51
dp[7][395]=-1588.69
dp[8][395]=-1644.71
dp[9][395]=-1671.44
dp[10][395]=-1683.99
dp[11][395]=-1686.99
dp[12][395]=-1685.24
dp[13][395]=-1676.55
dp[14][395]=-1665.94
dp[15][395]=-1650.38
dp[16][395]=-1632.39
dp[17][395]=-1604.29
dp[18][395]=-1561.5
dp[19][395]=-1503.38
Select best dp
Best k=11
Stratifying 5-th numerical feature ...
dp[2][395]=-792.721
dp[3][395]=-1125.35
dp[4][395]=-1323.02
dp[5][395]=-1446.14
dp[6][395]=-1529.51
dp[7][395]=-1588.69
dp[8][395]=-1644.71
dp[9][395]=-1671.44
dp[10][395]=-1683.99
dp[11][395]=-1686.99
dp[12][395]=-1685.24
dp[13][395]=-1676.55
dp[14][395]=-1665.94
dp[15][395]=-1650.38
dp[16][395]=-1632.39
dp[17][395]=-1604.29
dp[18][395]=-1561.5
dp[19][395]=-1503.38
Select best dp
Best k=11
Stratifying 5-th numerical feature ...
dp[2][395]=155.517
dp[3][395]=233.275
dp[4][395]=311.034
dp[5][395]=388.792
dp[6][395]=466.55
dp[7][395]=544.309
dp[8][395]=622.067
dp[9][395]=699.825
dp[10][395]=777.584
dp[11][395]=855.342
dp[12][395]=933.101
dp[13][395]=1010.86
dp[14][395]=1088.62
dp[15][395]=1166.38
dp[16][395]=1244.13
dp[17][395]=1321.89
dp[18][395]=1399.65
dp[19][395]=1477.41
Select best dp
Best k=2
Stratifying 3-th numerical feature ...
dp[2][395]=-620.986
dp[3][395]=-989.441
dp[4][395]=-1169.56
dp[5][395]=-1300.91
dp[6][395]=-1394.63
dp[7][395]=-1463.3
dp[8][395]=-1502.78
dp[9][395]=-1517.21
dp[10][395]=-1531.04
dp[11][395]=-1540.9
dp[12][395]=-1537.03
dp[13][395]=-1528.69
dp[14][395]=-1519.62
dp[15][395]=-1500.76
dp[16][395]=-1472.3
dp[17][395]=-1433.36
dp[18][395]=-1384.63
dp[19][395]=-1334.63
Select best dp
Best k=11
dp[2][395]=-620.986
dp[3][395]=-989.441
dp[4][395]=-1169.56
dp[5][395]=-1300.91
dp[6][395]=-1394.63
dp[7][395]=-1463.3
dp[8][395]=-1502.78
dp[9][395]=-1517.21
dp[10][395]=-1531.04
dp[11][395]=-1540.9
dp[12][395]=-1537.03
dp[13][395]=-1528.69
dp[14][395]=-1519.62
dp[15][395]=-1500.76
dp[16][395]=-1472.3
dp[17][395]=-1433.36
dp[18][395]=-1384.63
dp[19][395]=-1334.63
Select best dp
Best k=11
dp[2][395]=-232.735
dp[3][395]=-378.083
dp[4][395]=-429.261
dp[5][395]=-456.058
dp[6][395]=-464.042
dp[7][395]=-459.494
dp[8][395]=-440.358
dp[9][395]=-408.692
dp[10][395]=-376.726
dp[11][395]=-342.777
dp[12][395]=-301.966
dp[13][395]=-258.914
dp[14][395]=-215.502
dp[15][395]=-167.192
dp[16][395]=-114.081
dp[17][395]=-55.7331
dp[18][395]=7.50955
dp[19][395]=71.3878
Select best dp
Best k=6
Stratifying 3-th numerical feature ...
Stratifying 3-th numerical feature ...
Stratifying 3-th numerical feature ...
dp[2][395]=-1397.49
dp[3][395]=-2212.16
dp[4][395]=-2650.14
dp[5][395]=-2990.61
dp[6][395]=-3255.82
dp[7][395]=-3470.9
dp[8][395]=-3627.63
dp[9][395]=-3734.25
dp[10][395]=-3839.66
dp[11][395]=-3937.13
dp[12][395]=-4007.17
dp[13][395]=-4068.23
dp[14][395]=-4127.86
dp[15][395]=-4167.9
dp[16][395]=-4188.73
dp[17][395]=-4188.61
dp[18][395]=-4168.91
dp[19][395]=-4146.68
Select best dp
Best k=16
Stratifying 3-th numerical feature ...
dp[2][395]=-1186.31
dp[3][395]=-1558.84
dp[4][395]=-1840.27
dp[5][395]=-1994.45
dp[6][395]=-2116.34
dp[7][395]=-2199.76
dp[8][395]=-2260.97
dp[9][395]=-2295.66
dp[10][395]=-2327.83
dp[11][395]=-2336.31
dp[12][395]=-2317.85
dp[13][395]=-2297.78
Select best dp
Best k=11
Stratifying 6-th numerical feature ...
dp[2][395]=-1511.81
dp[3][395]=-1969.19
dp[4][395]=-2219.14
dp[5][395]=-2362.87
dp[6][395]=-2505.35
dp[7][395]=-2587.47
dp[8][395]=-2669.43
dp[9][395]=-2749.6
dp[10][395]=-2791.64
dp[11][395]=-2808.32
dp[12][395]=-2812.95
dp[13][395]=-2812
dp[14][395]=-2807.94
dp[15][395]=-2798.41
dp[16][395]=-2783.71
dp[17][395]=-2766.67
dp[18][395]=-2745.84
dp[19][395]=-2724.03
Select best dp
Best k=12
Stratifying 4-th numerical feature ...
dp[2][395]=-1511.81
dp[3][395]=-1969.19
dp[4][395]=-2219.14
dp[5][395]=-2362.87
dp[6][395]=-2505.35
dp[7][395]=-2587.47
dp[8][395]=-2669.43
dp[9][395]=-2749.6
dp[10][395]=-2791.64
dp[11][395]=-2808.32
dp[12][395]=-2812.95
dp[13][395]=-2812
dp[14][395]=-2807.94
dp[15][395]=-2798.41
dp[16][395]=-2787.59
dp[17][395]=-2772.88
dp[18][395]=-2752.5
dp[19][395]=-2731.67
Select best dp
Best k=12
dp[2][395]=-854.735
dp[3][395]=-1294.86
dp[4][395]=-1533.03
dp[5][395]=-1682.61
dp[6][395]=-1792.91
dp[7][395]=-1872.31
dp[8][395]=-1936.45
dp[9][395]=-1967.95
dp[10][395]=-1995.25
dp[11][395]=-2016.42
dp[12][395]=-2033.33
dp[13][395]=-2038.28
dp[14][395]=-2030.59
dp[15][395]=-2021.07
dp[16][395]=-1997.73
dp[17][395]=-1963.32
dp[18][395]=-1920.98
dp[19][395]=-1877.67
Select best dp
Best k=13
Stratifying 4-th numerical feature ...
Stratifying 3-th numerical feature ...
dp[2][395]=-1495.05
dp[3][395]=-1950.6
dp[4][395]=-2235.58
dp[5][395]=-2411.89
dp[6][395]=-2571.4
dp[7][395]=-2671.51
dp[8][395]=-2734.41
dp[9][395]=-2769.49
dp[10][395]=-2801.89
dp[11][395]=-2814.73
dp[12][395]=-2819.7
dp[13][395]=-2817.74
dp[14][395]=-2812.47
dp[15][395]=-2803.59
dp[16][395]=-2794.4
dp[17][395]=-2785.12
dp[18][395]=-2742.31
dp[19][395]=-2690.76
Select best dp
Best k=12
Stratifying 6-th numerical feature ...
dp[2][395]=-1069.36
dp[3][395]=-1367.18
dp[4][395]=-1556.79
dp[5][395]=-1679.88
dp[6][395]=-1767.88
dp[7][395]=-1840.38
dp[8][395]=-1905.81
dp[9][395]=-1923.54
dp[10][395]=-1940.96
dp[11][395]=-1953.09
dp[12][395]=-1940.44
dp[13][395]=-1924.65
dp[14][395]=-1907.18
dp[15][395]=-1889.63
dp[16][395]=-1862.75
dp[17][395]=-1829.76
dp[18][395]=-1793.07
dp[19][395]=-1750.24
Select best dp
Best k=11
Stratifying 6-th numerical feature ...
dp[2][395]=-1495.05
dp[3][395]=-1950.6
dp[4][395]=-2235.58
dp[5][395]=-2411.89
dp[6][395]=-2571.4
dp[7][395]=-2671.51
dp[8][395]=-2734.41
dp[9][395]=-2769.49
dp[10][395]=-2801.89
dp[11][395]=-2814.73
dp[12][395]=-2819.7
dp[13][395]=-2817.74
dp[14][395]=-2812.47
dp[15][395]=-2803.59
dp[16][395]=-2794.4
dp[17][395]=-2785.12
dp[18][395]=-2742.31
dp[19][395]=-2690.76
Select best dp
Best k=12
Stratifying 6-th numerical feature ...
dp[2][395]=-827.631
dp[3][395]=-1267.77
dp[4][395]=-1504.62
dp[5][395]=-1653.57
dp[6][395]=-1770.48
dp[7][395]=-1849.58
dp[8][395]=-1915.73
dp[9][395]=-1946.51
dp[10][395]=-1971.13
dp[11][395]=-1990.68
dp[12][395]=-2006.95
dp[13][395]=-2005.65
dp[14][395]=-2003.1
dp[15][395]=-1995.71
dp[16][395]=-1976.39
dp[17][395]=-1941.65
dp[18][395]=-1900.48
dp[19][395]=-1857.43
Select best dp
Best k=12
Stratifying 3-th numerical feature ...
dp[2][395]=-813.81
dp[3][395]=-1206.21
dp[4][395]=-1414.38
dp[5][395]=-1562.31
dp[6][395]=-1643.02
dp[7][395]=-1716.8
dp[8][395]=-1758.04
dp[9][395]=-1791.19
dp[10][395]=-1816.29
dp[11][395]=-1809.74
dp[12][395]=-1793.41
dp[13][395]=-1763.46
Select best dp
Best k=10
dp[2][395]=-792.721
dp[3][395]=-1125.35
dp[4][395]=-1323.02
dp[5][395]=-1446.14
dp[6][395]=-1529.51
dp[7][395]=-1588.69
dp[8][395]=-1646.91
dp[9][395]=-1673.64
dp[10][395]=-1690.22
dp[11][395]=-1693.21
dp[12][395]=-1691.46
dp[13][395]=-1682.84
dp[14][395]=-1673.24
dp[15][395]=-1659.39
dp[16][395]=-1641.5
dp[17][395]=-1618.99
dp[18][395]=-1593.82
dp[19][395]=-1566.13
Select best dp
Best k=11
Stratifying 5-th numerical feature ...
dp[2][395]=-664.641
dp[3][395]=-960.335
dp[4][395]=-1121.33
dp[5][395]=-1232.13
dp[6][395]=-1314.24
dp[7][395]=-1384.83
dp[8][395]=-1422.71
dp[9][395]=-1457.26
dp[10][395]=-1483.05
dp[11][395]=-1499.76
dp[12][395]=-1497.6
dp[13][395]=-1488.91
dp[14][395]=-1472.1
dp[15][395]=-1447.43
dp[16][395]=-1418.75
dp[17][395]=-1389.15
dp[18][395]=-1355.14
dp[19][395]=-1284.84
Select best dp
Best k=11
Stratifying 4-th numerical feature ...
dp[2][395]=-792.721
dp[3][395]=-1125.35
dp[4][395]=-1323.02
dp[5][395]=-1446.14
dp[6][395]=-1529.51
dp[7][395]=-1588.69
dp[8][395]=-1646.91
dp[9][395]=-1673.64
dp[10][395]=-1690.22
dp[11][395]=-1693.21
dp[12][395]=-1691.46
dp[13][395]=-1682.84
dp[14][395]=-1673.24
dp[15][395]=-1659.39
dp[16][395]=-1641.5
dp[17][395]=-1618.99
dp[18][395]=-1593.82
dp[19][395]=-1566.13
Select best dp
Best k=11
dp[2][395]=-813.81
dp[3][395]=-1206.21
dp[4][395]=-1414.74
dp[5][395]=-1564.57
dp[6][395]=-1649.68
dp[7][395]=-1723.46
dp[8][395]=-1764.69
dp[9][395]=-1798.68
dp[10][395]=-1823.78
dp[11][395]=-1828.11
dp[12][395]=-1827.1
dp[13][395]=-1822.9
dp[14][395]=-1808.94
dp[15][395]=-1788.25
dp[16][395]=-1763.42
dp[17][395]=-1735.74
dp[18][395]=-1704.32
dp[19][395]=-1655.25
Select best dp
Best k=11
Stratifying 5-th numerical feature ...
dp[2][395]=-813.81
dp[3][395]=-1206.21
dp[4][395]=-1414.74
dp[5][395]=-1564.57
dp[6][395]=-1649.68
dp[7][395]=-1723.46
dp[8][395]=-1764.69
dp[9][395]=-1798.68
dp[10][395]=-1823.78
dp[11][395]=-1828.11
dp[12][395]=-1827.1
dp[13][395]=-1822.9
dp[14][395]=-1808.94
dp[15][395]=-1788.25
dp[16][395]=-1763.42
dp[17][395]=-1735.74
dp[18][395]=-1704.32
dp[19][395]=-1655.25
Select best dp
Best k=11
dp[2][395]=-813.81
dp[3][395]=-1206.21
dp[4][395]=-1414.74
dp[5][395]=-1564.57
dp[6][395]=-1649.68
dp[7][395]=-1723.46
dp[8][395]=-1764.69
dp[9][395]=-1798.68
dp[10][395]=-1823.78
dp[11][395]=-1828.11
dp[12][395]=-1827.1
dp[13][395]=-1822.9
dp[14][395]=-1808.94
dp[15][395]=-1788.25
dp[16][395]=-1763.42
dp[17][395]=-1735.74
dp[18][395]=-1704.32
dp[19][395]=-1655.25
Select best dp
Best k=11
dp[2][395]=-691.655
dp[3][395]=-829.18
dp[4][395]=-836.603
dp[5][395]=-792.629
dp[6][395]=-788.053
dp[7][395]=-740.271
dp[8][395]=-690.39
dp[9][395]=-630.6
dp[10][395]=-565.512
dp[11][395]=-494.602
dp[12][395]=-421.828
dp[13][395]=-348.452
dp[14][395]=-274.608
dp[15][395]=-199.07
dp[16][395]=-123.106
dp[17][395]=-45.166
dp[18][395]=32.8128
dp[19][395]=117.455
Select best dp
Best k=4
Stratifying 4-th numerical feature ...
dp[2][395]=-1511.81
dp[3][395]=-1969.19
dp[4][395]=-2219.14
dp[5][395]=-2362.87
dp[6][395]=-2505.35
dp[7][395]=-2587.47
dp[8][395]=-2669.43
dp[9][395]=-2749.6
dp[10][395]=-2791.64
dp[11][395]=-2804.67
dp[12][395]=-2809.52
dp[13][395]=-2807.94
dp[14][395]=-2797.92
dp[15][395]=-2785.35
dp[16][395]=-2761.76
dp[17][395]=-2732.45
dp[18][395]=-2701.9
dp[19][395]=-2636.08
Select best dp
Best k=12
Stratifying 4-th numerical feature ...
dp[2][395]=-1101.73
dp[3][395]=-1398.4
dp[4][395]=-1514.04
dp[5][395]=-1567.29
dp[6][395]=-1621.66
dp[7][395]=-1653.87
dp[8][395]=-1675.4
dp[9][395]=-1681.75
dp[10][395]=-1673.71
dp[11][395]=-1643.59
dp[12][395]=-1608.96
dp[13][395]=-1573.47
dp[14][395]=-1533.01
dp[15][395]=-1489.74
dp[16][395]=-1440.3
dp[17][395]=-1386.6
dp[18][395]=-1331.31
dp[19][395]=-1257.88
Select best dp
Best k=9
Stratifying 4-th numerical feature ...
dp[2][395]=-2331.97
dp[3][395]=-3148.39
dp[4][395]=-3640.64
dp[5][395]=-3972.11
dp[6][395]=-4281.88
dp[7][395]=-4505.16
dp[8][395]=-4703.09
dp[9][395]=-4897.76
dp[10][395]=-5040.48
dp[11][395]=-5147.71
dp[12][395]=-5232.6
dp[13][395]=-5301.57
dp[14][395]=-5349.23
dp[15][395]=-5389.29
dp[16][395]=-5410.21
dp[17][395]=-5430.03
dp[18][395]=-5444.39
dp[19][395]=-5393.13
Select best dp
Best k=18
Stratifying 4-th numerical feature ...
dp[2][395]=-792.721
dp[3][395]=-1125.35
dp[4][395]=-1323.02
dp[5][395]=-1446.14
dp[6][395]=-1529.51
dp[7][395]=-1588.69
dp[8][395]=-1644.71
dp[9][395]=-1671.44
dp[10][395]=-1683.99
dp[11][395]=-1686.99
dp[12][395]=-1685.24
dp[13][395]=-1676.55
dp[14][395]=-1665.94
dp[15][395]=-1650.38
dp[16][395]=-1632.39
dp[17][395]=-1604.29
dp[18][395]=-1561.5
dp[19][395]=-1503.38
Select best dp
Best k=11
Stratifying 5-th numerical feature ...
dp[2][395]=-1082.75
dp[3][395]=-1526.8
dp[4][395]=-1759.66
dp[5][395]=-1891.85
dp[6][395]=-1999.43
dp[7][395]=-2076.65
dp[8][395]=-2143.45
dp[9][395]=-2204.68
dp[10][395]=-2238.15
dp[11][395]=-2254.86
dp[12][395]=-2257.37
dp[13][395]=-2254.06
dp[14][395]=-2239.03
dp[15][395]=-2218.18
dp[16][395]=-2194.17
dp[17][395]=-2165.55
dp[18][395]=-2135.29
dp[19][395]=-2069.52
Select best dp
Best k=12
Stratifying 4-th numerical feature ...
dp[2][395]=-1495.05
dp[3][395]=-1950.6
dp[4][395]=-2235.58
dp[5][395]=-2411.89
dp[6][395]=-2571.4
dp[7][395]=-2671.51
dp[8][395]=-2734.41
dp[9][395]=-2769.49
dp[10][395]=-2801.89
dp[11][395]=-2819.02
dp[12][395]=-2831.86
dp[13][395]=-2836.83
dp[14][395]=-2838.45
dp[15][395]=-2838.51
dp[16][395]=-2833.98
dp[17][395]=-2827.2
dp[18][395]=-2811.78
dp[19][395]=-2787.95
Select best dp
Best k=15
Stratifying 6-th numerical feature ...
dp[2][395]=-620.986
dp[3][395]=-989.441
dp[4][395]=-1169.56
dp[5][395]=-1300.91
dp[6][395]=-1394.63
dp[7][395]=-1463.3
dp[8][395]=-1502.78
dp[9][395]=-1517.21
dp[10][395]=-1531.04
dp[11][395]=-1540.9
dp[12][395]=-1537.03
dp[13][395]=-1528.69
dp[14][395]=-1519.62
dp[15][395]=-1502.84
dp[16][395]=-1485.59
dp[17][395]=-1460.17
dp[18][395]=-1429.59
dp[19][395]=-1398.79
Select best dp
Best k=11
Stratifying 3-th numerical feature ...
dp[2][395]=-1495.05
dp[3][395]=-1950.6
dp[4][395]=-2235.58
dp[5][395]=-2411.89
dp[6][395]=-2571.4
dp[7][395]=-2671.51
dp[8][395]=-2734.41
dp[9][395]=-2769.49
dp[10][395]=-2801.89
dp[11][395]=-2820.34
dp[12][395]=-2833.18
dp[13][395]=-2838.15
dp[14][395]=-2839.77
dp[15][395]=-2839.83
dp[16][395]=-2835.29
dp[17][395]=-2828.51
dp[18][395]=-2813.09
dp[19][395]=-2789.27
Select best dp
Best k=15
Stratifying 6-th numerical feature ...
dp[2][395]=-1740.96
dp[3][395]=-2483.98
dp[4][395]=-2957.06
dp[5][395]=-3281.08
dp[6][395]=-3525.56
dp[7][395]=-3721.69
dp[8][395]=-3911.49
dp[9][395]=-4042.7
dp[10][395]=-4145.57
dp[11][395]=-4229.32
dp[12][395]=-4303.58
dp[13][395]=-4363.97
dp[14][395]=-4420.5
dp[15][395]=-4467.14
dp[16][395]=-4508.91
dp[17][395]=-4530.47
dp[18][395]=-4522.66
dp[19][395]=-4484.16
Select best dp
Best k=17
Stratifying 5-th numerical feature ...
dp[2][395]=-318.602
dp[3][395]=-446.037
dp[4][395]=-505.991
dp[5][395]=-528.676
dp[6][395]=-531.478
dp[7][395]=-522.191
dp[8][395]=-511.323
dp[9][395]=-485.807
dp[10][395]=-453.205
dp[11][395]=-415.823
dp[12][395]=-376.069
dp[13][395]=-332.848
dp[14][395]=-288.662
dp[15][395]=-242.003
dp[16][395]=-194.127
dp[17][395]=-141.197
dp[18][395]=-80.9266
dp[19][395]=-12.9837
Select best dp
Best k=6
Stratifying 5-th numerical feature ...
dp[2][395]=-1038.4
dp[3][395]=-1469.17
dp[4][395]=-1690.02
dp[5][395]=-1820.49
dp[6][395]=-1925.65
dp[7][395]=-2003.07
dp[8][395]=-2071.35
dp[9][395]=-2129.59
dp[10][395]=-2161.62
dp[11][395]=-2179.32
dp[12][395]=-2186.81
dp[13][395]=-2183.41
dp[14][395]=-2168.23
dp[15][395]=-2147.4
dp[16][395]=-2126.05
dp[17][395]=-2097.65
dp[18][395]=-2068.08
dp[19][395]=-2002.37
Select best dp
Best k=12
Stratifying 4-th numerical feature ...
dp[2][395]=-1069.36
dp[3][395]=-1367.18
dp[4][395]=-1556.79
dp[5][395]=-1679.88
dp[6][395]=-1767.88
dp[7][395]=-1840.38
dp[8][395]=-1905.81
dp[9][395]=-1923.54
dp[10][395]=-1940.96
dp[11][395]=-1953.09
dp[12][395]=-1940.44
dp[13][395]=-1924.65
dp[14][395]=-1907.18
dp[15][395]=-1889.63
dp[16][395]=-1862.75
dp[17][395]=-1829.76
dp[18][395]=-1793.07
dp[19][395]=-1750.24
Select best dp
Best k=11
Stratifying 6-th numerical feature ...
dp[2][395]=155.517
dp[3][395]=233.275
dp[4][395]=311.034
dp[5][395]=388.792
dp[6][395]=466.55
dp[7][395]=544.309
dp[8][395]=622.067
dp[9][395]=699.825
dp[10][395]=777.584
dp[11][395]=855.342
dp[12][395]=933.101
dp[13][395]=1010.86
dp[14][395]=1088.62
dp[15][395]=1166.38
dp[16][395]=1244.13
dp[17][395]=1321.89
dp[18][395]=1399.65
dp[19][395]=1477.41
Select best dp
Best k=2
Stratifying 5-th numerical feature ...
dp[2][395]=-792.721
dp[3][395]=-1125.35
dp[4][395]=-1323.02
dp[5][395]=-1446.14
dp[6][395]=-1529.51
dp[7][395]=-1588.69
dp[8][395]=-1644.71
dp[9][395]=-1671.44
dp[10][395]=-1683.99
dp[11][395]=-1686.99
dp[12][395]=-1685.24
dp[13][395]=-1676.55
dp[14][395]=-1665.94
dp[15][395]=-1650.38
dp[16][395]=-1632.39
dp[17][395]=-1604.29
dp[18][395]=-1561.5
dp[19][395]=-1503.38
Select best dp
Best k=11
Stratifying 5-th numerical feature ...
dp[2][395]=-2715.74
dp[3][395]=-3502.01
dp[4][395]=-4093.34
dp[5][395]=-4473.28
dp[6][395]=-4797.97
dp[7][395]=-5024.51
dp[8][395]=-5237.57
dp[9][395]=-5384.29
dp[10][395]=-5510.12
dp[11][395]=-5604.75
dp[12][395]=-5676.56
dp[13][395]=-5739.5
dp[14][395]=-5799.9
dp[15][395]=-5842.26
dp[16][395]=-5883.28
dp[17][395]=-5922.97
dp[18][395]=-5925.55
dp[19][395]=-5913.88
Select best dp
Best k=18
Stratifying 6-th numerical feature ...
dp[2][395]=-899.963
dp[3][395]=-1175.91
dp[4][395]=-1314.62
dp[5][395]=-1400.17
dp[6][395]=-1459.84
dp[7][395]=-1499.12
dp[8][395]=-1502.17
dp[9][395]=-1485.35
dp[10][395]=-1463.24
dp[11][395]=-1440
dp[12][395]=-1410.4
dp[13][395]=-1376.15
dp[14][395]=-1340.29
dp[15][395]=-1301.37
dp[16][395]=-1260.95
dp[17][395]=-1219.68
dp[18][395]=-1151.93
dp[19][395]=-1080.07
Select best dp
Best k=8
Stratifying 6-th numerical feature ...
dp[2][395]=-813.81
dp[3][395]=-1206.21
dp[4][395]=-1414.74
dp[5][395]=-1564.57
dp[6][395]=-1649.68
dp[7][395]=-1723.46
dp[8][395]=-1764.69
dp[9][395]=-1798.68
dp[10][395]=-1823.78
dp[11][395]=-1830.61
dp[12][395]=-1829.6
dp[13][395]=-1827.72
dp[14][395]=-1823.51
dp[15][395]=-1811.41
dp[16][395]=-1797.42
dp[17][395]=-1776.7
dp[18][395]=-1753.49
dp[19][395]=-1726.09
Select best dp
Best k=11
dp[2][395]=-813.81
dp[3][395]=-1206.21
dp[4][395]=-1414.74
dp[5][395]=-1564.57
dp[6][395]=-1649.68
dp[7][395]=-1723.46
dp[8][395]=-1764.69
dp[9][395]=-1798.68
dp[10][395]=-1823.78
dp[11][395]=-1828.11
dp[12][395]=-1827.1
dp[13][395]=-1822.9
dp[14][395]=-1808.94
dp[15][395]=-1788.25
dp[16][395]=-1763.42
dp[17][395]=-1735.74
dp[18][395]=-1704.32
dp[19][395]=-1655.25
Select best dp
Best k=11
dp[2][395]=-792.721
dp[3][395]=-1125.35
dp[4][395]=-1323.02
dp[5][395]=-1446.14
dp[6][395]=-1529.51
dp[7][395]=-1588.69
dp[8][395]=-1644.71
dp[9][395]=-1671.44
dp[10][395]=-1683.99
dp[11][395]=-1686.99
dp[12][395]=-1685.24
dp[13][395]=-1676.55
dp[14][395]=-1665.94
dp[15][395]=-1650.38
dp[16][395]=-1632.39
dp[17][395]=-1604.29
dp[18][395]=-1561.5
dp[19][395]=-1503.38
Select best dp
Best k=11
Stratifying 5-th numerical feature ...
dp[2][395]=-813.81
dp[3][395]=-1206.21
dp[4][395]=-1414.74
dp[5][395]=-1564.57
dp[6][395]=-1649.68
dp[7][395]=-1723.46
dp[8][395]=-1764.69
dp[9][395]=-1798.68
dp[10][395]=-1823.78
dp[11][395]=-1830.61
dp[12][395]=-1831.78
dp[13][395]=-1830.76
dp[14][395]=-1826.56
dp[15][395]=-1814.45
dp[16][395]=-1800.47
dp[17][395]=-1779.74
dp[18][395]=-1756.54
dp[19][395]=-1729.14
Select best dp
Best k=12
dp[2][395]=-1511.81
dp[3][395]=-1969.19
dp[4][395]=-2219.14
dp[5][395]=-2362.87
dp[6][395]=-2505.35
dp[7][395]=-2587.47
dp[8][395]=-2669.43
dp[9][395]=-2749.6
dp[10][395]=-2791.64
dp[11][395]=-2808.32
dp[12][395]=-2812.95
dp[13][395]=-2814.7
dp[14][395]=-2814.51
dp[15][395]=-2813.56
dp[16][395]=-2804.69
dp[17][395]=-2795.16
dp[18][395]=-2776.12
dp[19][395]=-2755.28
Select best dp
Best k=13
Stratifying 4-th numerical feature ...
dp[2][395]=-1783.14
dp[3][395]=-2645.69
dp[4][395]=-3140.51
dp[5][395]=-3517.94
dp[6][395]=-3765.9
dp[7][395]=-3991.23
dp[8][395]=-4151.45
dp[9][395]=-4297.2
dp[10][395]=-4425.15
dp[11][395]=-4511.57
dp[12][395]=-4587.31
dp[13][395]=-4656.66
dp[14][395]=-4706.51
dp[15][395]=-4742.87
dp[16][395]=-4770.97
dp[17][395]=-4793.38
dp[18][395]=-4808.28
dp[19][395]=-4787.92
Select best dp
Best k=18
dp[2][395]=-329.147
dp[3][395]=-486.467
dp[4][395]=-551.852
dp[5][395]=-587.891
dp[6][395]=-591.563
dp[7][395]=-589.575
dp[8][395]=-571.313
dp[9][395]=-549.43
dp[10][395]=-523.1
dp[11][395]=-486.386
dp[12][395]=-447.001
dp[13][395]=-406.02
dp[14][395]=-360.163
dp[15][395]=-310.937
dp[16][395]=-259.642
dp[17][395]=-206.925
dp[18][395]=-152.332
dp[19][395]=-88.9219
Select best dp
Best k=6
dp[2][395]=-888.268
dp[3][395]=-1253.93
dp[4][395]=-1463.34
dp[5][395]=-1597.33
dp[6][395]=-1694.96
dp[7][395]=-1773.11
dp[8][395]=-1845.1
dp[9][395]=-1882.76
dp[10][395]=-1896.77
dp[11][395]=-1908.45
dp[12][395]=-1913.49
dp[13][395]=-1916.85
dp[14][395]=-1910.87
dp[15][395]=-1901.08
dp[16][395]=-1883.16
dp[17][395]=-1849.77
dp[18][395]=-1813.23
dp[19][395]=-1762.68
Select best dp
Best k=13
Stratifying 5-th numerical feature ...
dp[2][395]=-395.435
dp[3][395]=-442.845
dp[4][395]=-446.64
dp[5][395]=-430.751
dp[6][395]=-372.044
dp[7][395]=-331.058
dp[8][395]=-281.461
dp[9][395]=-221.382
dp[10][395]=-158.746
dp[11][395]=-95.5789
dp[12][395]=-24.6801
dp[13][395]=47.0006
dp[14][395]=118.467
dp[15][395]=190.237
dp[16][395]=262.128
dp[17][395]=334.068
dp[18][395]=427.447
dp[19][395]=524.312
Select best dp
Best k=4
Stratifying 6-th numerical feature ...
dp[2][395]=-1495.05
dp[3][395]=-1950.6
dp[4][395]=-2235.58
dp[5][395]=-2411.89
dp[6][395]=-2571.4
dp[7][395]=-2671.51
dp[8][395]=-2734.41
dp[9][395]=-2769.49
dp[10][395]=-2801.89
dp[11][395]=-2814.73
dp[12][395]=-2819.7
dp[13][395]=-2817.74
dp[14][395]=-2812.47
dp[15][395]=-2803.59
dp[16][395]=-2794.4
dp[17][395]=-2785.12
dp[18][395]=-2742.31
dp[19][395]=-2690.76
Select best dp
Best k=12
Stratifying 6-th numerical feature ...
dp[2][395]=-1206.2
dp[3][395]=-1577.68
dp[4][395]=-1853.63
dp[5][395]=-2012.47
dp[6][395]=-2135.66
dp[7][395]=-2218.81
dp[8][395]=-2279.78
dp[9][395]=-2319.28
dp[10][395]=-2352.33
dp[11][395]=-2366.96
dp[12][395]=-2367.92
dp[13][395]=-2361.91
dp[14][395]=-2354.59
dp[15][395]=-2343.31
dp[16][395]=-2329.5
dp[17][395]=-2310.88
dp[18][395]=-2266.65
dp[19][395]=-2222.08
Select best dp
Best k=12
Stratifying 6-th numerical feature ...
dp[2][395]=155.517
dp[3][395]=233.275
dp[4][395]=311.034
dp[5][395]=388.792
dp[6][395]=466.55
dp[7][395]=544.309
dp[8][395]=622.067
dp[9][395]=699.825
dp[10][395]=777.584
dp[11][395]=855.342
dp[12][395]=933.101
dp[13][395]=1010.86
dp[14][395]=1088.62
dp[15][395]=1166.38
dp[16][395]=1244.13
dp[17][395]=1321.89
dp[18][395]=1399.65
dp[19][395]=1477.41
Select best dp
Best k=2
dp[2][395]=-813.81
dp[3][395]=-1206.21
dp[4][395]=-1414.74
dp[5][395]=-1564.57
dp[6][395]=-1649.68
dp[7][395]=-1723.46
dp[8][395]=-1764.69
dp[9][395]=-1798.68
dp[10][395]=-1823.78
dp[11][395]=-1828.11
dp[12][395]=-1827.1
dp[13][395]=-1822.9
dp[14][395]=-1808.94
dp[15][395]=-1788.25
dp[16][395]=-1763.42
dp[17][395]=-1735.74
dp[18][395]=-1704.32
dp[19][395]=-1655.25
Select best dp
Best k=11
dp[2][395]=-1189.41
dp[3][395]=-1548.7
dp[4][395]=-1821.19
dp[5][395]=-1983.87
dp[6][395]=-2102.02
dp[7][395]=-2190.75
dp[8][395]=-2255.9
dp[9][395]=-2296.21
dp[10][395]=-2332.36
dp[11][395]=-2349.36
dp[12][395]=-2348.07
dp[13][395]=-2342.73
dp[14][395]=-2336.23
dp[15][395]=-2324.07
dp[16][395]=-2309.34
dp[17][395]=-2289.89
dp[18][395]=-2247.67
dp[19][395]=-2204.31
Select best dp
Best k=11
Stratifying 6-th numerical feature ...
dp[2][395]=-792.721
dp[3][395]=-1125.35
dp[4][395]=-1323.02
dp[5][395]=-1446.14
dp[6][395]=-1529.51
dp[7][395]=-1588.69
dp[8][395]=-1646.91
dp[9][395]=-1673.64
dp[10][395]=-1690.22
dp[11][395]=-1693.21
dp[12][395]=-1691.46
dp[13][395]=-1682.84
dp[14][395]=-1673.24
dp[2][395]=-813.81
dp[15][395]=-1659.39
dp[3][395]=-1206.21
dp[16][395]=-1641.5
dp[4][395]=-1414.74
dp[17][395]=-1618.99
dp[5][395]=-1564.57
dp[18][395]=-1593.82
dp[6][395]=-1649.68
dp[19][395]=-1566.13
dp[7][395]=-1723.46
Select best dp
dp[8][395]=-1764.69
Best k=11
dp[9][395]=-1798.68
dp[10][395]=-1823.78
dp[11][395]=-1828.11
dp[12][395]=-1827.1
dp[13][395]=-1822.9
dp[14][395]=-1808.94
dp[15][395]=-1788.25
dp[16][395]=-1763.42
dp[17][395]=-1735.74
dp[18][395]=-1704.32
dp[19][395]=-1655.25
Select best dp
Best k=11
Stratifying 5-th numerical feature ...
dp[2][395]=-908.398
dp[3][395]=-1347.5
dp[4][395]=-1542.92
dp[5][395]=-1700.44
dp[6][395]=-1805.74
dp[7][395]=-1893.43
dp[8][395]=-1938.16
dp[9][395]=-1981.86
dp[10][395]=-2012.91
dp[11][395]=-2024.7
dp[12][395]=-2034.16
dp[13][395]=-2031.96
dp[14][395]=-2021.72
dp[15][395]=-2010.44
dp[16][395]=-1995.13
dp[17][395]=-1977.26
dp[18][395]=-1947.36
dp[19][395]=-1906.39
Select best dp
Best k=12
dp[2][395]=-1495.05
dp[3][395]=-1950.6
dp[4][395]=-2235.58
dp[5][395]=-2411.89
dp[6][395]=-2571.4
dp[7][395]=-2671.51
dp[8][395]=-2734.41
dp[9][395]=-2769.49
dp[10][395]=-2801.89
dp[11][395]=-2820.34
dp[12][395]=-2833.18
dp[13][395]=-2838.15
dp[14][395]=-2839.77
dp[15][395]=-2839.83
dp[16][395]=-2835.29
dp[17][395]=-2828.51
dp[18][395]=-2813.09
dp[19][395]=-2789.27
Select best dp
Best k=15
Stratifying 6-th numerical feature ...
dp[2][395]=-813.81
dp[3][395]=-1206.21
dp[4][395]=-1414.74
dp[5][395]=-1564.57
dp[6][395]=-1649.68
dp[7][395]=-1723.46
dp[8][395]=-1764.69
dp[9][395]=-1798.68
dp[10][395]=-1823.78
dp[11][395]=-1836.23
dp[12][395]=-1840.41
dp[13][395]=-1839.4
dp[14][395]=-1835.2
dp[15][395]=-1823.09
dp[16][395]=-1809.11
dp[17][395]=-1787.27
dp[18][395]=-1764.07
dp[19][395]=-1736.67
Select best dp
Best k=12
