Standardize ...
Stratifying 1-th numerical feature ...
Standardize ...
Stratifying 1-th numerical feature ...
Standardize ...
Stratifying 1-th numerical feature ...
Standardize ...
Stratifying 1-th numerical feature ...
Standardize ...
Stratifying 1-th numerical feature ...
Standardize ...
Stratifying 1-th numerical feature ...
Standardize ...
Stratifying 1-th numerical feature ...
Standardize ...
Stratifying 1-th numerical feature ...
Standardize ...
Stratifying 1-th numerical feature ...
Standardize ...
Stratifying 1-th numerical feature ...
Standardize ...
Stratifying 1-th numerical feature ...
Standardize ...
Stratifying 1-th numerical feature ...
Standardize ...
Stratifying 1-th numerical feature ...
Standardize ...
Stratifying 1-th numerical feature ...
dp[2][1325]=-1467.45
dp[3][1325]=-7.5e+11
dp[4][1325]=-1.41e+12
dp[5][1325]=-1.97e+12
dp[6][1325]=-2.54e+12
dp[7][1325]=-3.06e+12
dp[8][1325]=-3.6e+12
dp[9][1325]=-4.11e+12
dp[10][1325]=-4.56e+12
dp[11][1325]=-5.07e+12
dp[12][1325]=-5.56e+12
dp[13][1325]=-6.08e+12
dp[14][1325]=-6.59e+12
dp[15][1325]=-7.08e+12
dp[16][1325]=-7.56e+12
dp[17][1325]=-8.04e+12
dp[18][1325]=-8.52e+12
dp[19][1325]=-8.92e+12
dp[20][1325]=-9.31e+12
dp[21][1325]=-9.31e+12
dp[22][1325]=-9.7e+12
dp[23][1325]=-1.003e+13
dp[24][1325]=-1.006e+13
dp[25][1325]=-1.006e+13
dp[26][1325]=-1.006e+13
dp[27][1325]=-1.006e+13
dp[28][1325]=-1.006e+13
dp[29][1325]=-9.7e+12
dp[30][1325]=-9.34e+12
dp[31][1325]=-8.98e+12
dp[32][1325]=-8.48e+12
dp[33][1325]=-7.76e+12
dp[34][1325]=-7.04e+12
dp[35][1325]=-5.96e+12
dp[36][1325]=-4.88e+12
Select best dp
Best k=25
dp[2][1325]=-1467.45
dp[3][1325]=-7.5e+11
dp[4][1325]=-1.41e+12
dp[5][1325]=-1.97e+12
dp[6][1325]=-2.54e+12
dp[7][1325]=-3.06e+12
dp[8][1325]=-3.6e+12
dp[9][1325]=-4.11e+12
dp[10][1325]=-4.56e+12
dp[11][1325]=-5.07e+12
dp[12][1325]=-5.56e+12
dp[13][1325]=-6.08e+12
dp[14][1325]=-6.59e+12
dp[15][1325]=-7.08e+12
dp[16][1325]=-7.56e+12
dp[17][1325]=-8.04e+12
dp[18][1325]=-8.52e+12
dp[19][1325]=-8.92e+12
dp[20][1325]=-9.31e+12
dp[21][1325]=-9.31e+12
dp[22][1325]=-9.7e+12
dp[23][1325]=-1.003e+13
dp[24][1325]=-1.006e+13
dp[25][1325]=-1.006e+13
dp[26][1325]=-1.006e+13
dp[27][1325]=-1.006e+13
dp[28][1325]=-1.006e+13
dp[29][1325]=-9.7e+12
dp[30][1325]=-9.34e+12
dp[31][1325]=-8.98e+12
dp[32][1325]=-8.48e+12
dp[33][1325]=-7.76e+12
dp[34][1325]=-7.04e+12
dp[35][1325]=-5.96e+12
dp[36][1325]=-4.88e+12
Select best dp
Best k=25
Stratifying 2-th numerical feature ...
dp[2][1325]=-1467.45
dp[3][1325]=-7.5e+11
dp[4][1325]=-1.41e+12
dp[5][1325]=-1.97e+12
dp[6][1325]=-2.54e+12
dp[7][1325]=-3.06e+12
dp[8][1325]=-3.6e+12
dp[9][1325]=-4.11e+12
dp[10][1325]=-4.56e+12
dp[11][1325]=-5.07e+12
dp[12][1325]=-5.56e+12
dp[13][1325]=-6.08e+12
dp[14][1325]=-6.59e+12
dp[15][1325]=-7.08e+12
dp[16][1325]=-7.56e+12
dp[17][1325]=-8.04e+12
dp[18][1325]=-8.52e+12
dp[19][1325]=-8.92e+12
dp[20][1325]=-9.31e+12
dp[21][1325]=-9.31e+12
dp[22][1325]=-9.7e+12
dp[23][1325]=-1.003e+13
dp[24][1325]=-1.006e+13
dp[25][1325]=-1.006e+13
dp[26][1325]=-1.006e+13
dp[27][1325]=-1.006e+13
dp[28][1325]=-1.006e+13
dp[29][1325]=-9.7e+12
dp[30][1325]=-9.34e+12
dp[31][1325]=-8.98e+12
dp[32][1325]=-8.48e+12
dp[33][1325]=-7.76e+12
dp[34][1325]=-7.04e+12
dp[35][1325]=-5.96e+12
dp[36][1325]=-4.88e+12
Select best dp
Best k=25
Stratifying 2-th numerical feature ...
Stratifying 2-th numerical feature ...
dp[2][1325]=-1467.45
dp[3][1325]=-7.5e+11
dp[4][1325]=-1.41e+12
dp[5][1325]=-1.97e+12
dp[6][1325]=-2.54e+12
dp[7][1325]=-3.06e+12
dp[8][1325]=-3.6e+12
dp[9][1325]=-4.11e+12
dp[10][1325]=-4.56e+12
dp[11][1325]=-5.07e+12
dp[12][1325]=-5.56e+12
dp[13][1325]=-6.08e+12
dp[14][1325]=-6.59e+12
dp[15][1325]=-7.08e+12
dp[16][1325]=-7.56e+12
dp[17][1325]=-8.04e+12
dp[18][1325]=-8.52e+12
dp[19][1325]=-8.92e+12
dp[20][1325]=-9.31e+12
dp[21][1325]=-9.31e+12
dp[22][1325]=-9.7e+12
dp[23][1325]=-1.003e+13
dp[24][1325]=-1.006e+13
dp[25][1325]=-1.006e+13
dp[26][1325]=-1.006e+13
dp[27][1325]=-1.006e+13
dp[28][1325]=-1.006e+13
dp[29][1325]=-9.7e+12
dp[30][1325]=-9.34e+12
dp[31][1325]=-8.98e+12
dp[32][1325]=-8.48e+12
dp[33][1325]=-7.76e+12
dp[34][1325]=-7.04e+12
dp[35][1325]=-5.96e+12
dp[36][1325]=-4.88e+12
Select best dp
Best k=25
Stratifying 2-th numerical feature ...
dp[2][1325]=-1467.45
dp[3][1325]=-7.5e+11
dp[4][1325]=-1.41e+12
dp[5][1325]=-1.97e+12
dp[6][1325]=-2.54e+12
dp[7][1325]=-2.54e+12
dp[8][1325]=-3.11e+12
dp[9][1325]=-3.11e+12
dp[10][1325]=-3.68e+12
dp[11][1325]=-3.68e+12
dp[12][1325]=-4.22e+12
dp[13][1325]=-4.22e+12
dp[14][1325]=-4.22e+12
dp[15][1325]=-4.22e+12
dp[16][1325]=-4.22e+12
dp[17][1325]=-4.22e+12
dp[18][1325]=-4.22e+12
dp[19][1325]=-4.22e+12
dp[20][1325]=-4.22e+12
dp[21][1325]=-4.17e+12
dp[22][1325]=-4.02e+12
dp[23][1325]=-3.45e+12
dp[24][1325]=-2.26e+12
Select best dp
Best k=18
Stratifying 2-th numerical feature ...
dp[2][1325]=273.217
dp[3][1325]=409.826
dp[4][1325]=546.434
dp[5][1325]=683.043
dp[6][1325]=819.651
dp[7][1325]=956.26
dp[8][1325]=1092.87
dp[9][1325]=1229.48
dp[10][1325]=1366.09
dp[11][1325]=1502.69
dp[12][1325]=1639.3
dp[13][1325]=1775.91
dp[14][1325]=1912.52
dp[15][1325]=2049.13
dp[16][1325]=2185.74
dp[17][1325]=2322.34
dp[18][1325]=2458.95
dp[19][1325]=2595.56
dp[20][1325]=2732.17
dp[21][1325]=2868.78
dp[22][1325]=3005.39
dp[23][1325]=3142
dp[24][1325]=3278.6
dp[25][1325]=3415.21
dp[26][1325]=3551.82
dp[27][1325]=3688.43
dp[28][1325]=3825.04
dp[29][1325]=3961.65
dp[30][1325]=4098.26
dp[31][1325]=4234.86
dp[32][1325]=4371.47
dp[33][1325]=4508.08
dp[34][1325]=4644.69
dp[35][1325]=4781.3
dp[36][1325]=4917.91
Select best dp
Best k=2
Stratifying 2-th numerical feature ...
dp[2][1325]=-1467.45
dp[3][1325]=-7.5e+11
dp[4][1325]=-1.41e+12
dp[5][1325]=-1.97e+12
dp[6][1325]=-2.54e+12
dp[7][1325]=-3.06e+12
dp[8][1325]=-3.6e+12
dp[9][1325]=-4.11e+12
dp[10][1325]=-4.56e+12
dp[11][1325]=-5.07e+12
dp[12][1325]=-5.56e+12
dp[13][1325]=-6.08e+12
dp[14][1325]=-6.59e+12
dp[15][1325]=-7.08e+12
dp[16][1325]=-7.56e+12
dp[17][1325]=-8.04e+12
dp[18][1325]=-8.52e+12
dp[19][1325]=-8.92e+12
dp[20][1325]=-9.31e+12
dp[21][1325]=-9.31e+12
dp[22][1325]=-9.7e+12
dp[23][1325]=-1.003e+13
dp[24][1325]=-1.006e+13
dp[25][1325]=-1.006e+13
dp[26][1325]=-1.006e+13
dp[27][1325]=-1.006e+13
dp[28][1325]=-1.006e+13
dp[29][1325]=-9.7e+12
dp[30][1325]=-9.34e+12
dp[31][1325]=-8.98e+12
dp[32][1325]=-8.48e+12
dp[33][1325]=-7.76e+12
dp[34][1325]=-7.04e+12
dp[35][1325]=-5.96e+12
dp[36][1325]=-4.88e+12
Select best dp
Best k=25
Stratifying 2-th numerical feature ...
dp[2][1325]=-597.115
dp[3][1325]=-3.75e+11
dp[4][1325]=-7.05e+11
dp[5][1325]=-9.85e+11
dp[6][1325]=-1.27e+12
dp[7][1325]=-1.53e+12
dp[8][1325]=-1.8e+12
dp[9][1325]=-2.055e+12
dp[10][1325]=-2.28e+12
dp[11][1325]=-2.535e+12
dp[12][1325]=-2.78e+12
dp[13][1325]=-3.04e+12
dp[14][1325]=-3.295e+12
dp[15][1325]=-3.54e+12
dp[16][1325]=-3.78e+12
dp[17][1325]=-4.02e+12
dp[18][1325]=-4.26e+12
dp[19][1325]=-4.46e+12
dp[20][1325]=-4.655e+12
dp[21][1325]=-4.655e+12
dp[22][1325]=-4.85e+12
dp[23][1325]=-5.015e+12
dp[24][1325]=-5.03e+12
dp[25][1325]=-5.03e+12
dp[26][1325]=-5.03e+12
dp[27][1325]=-5.03e+12
dp[28][1325]=-5.03e+12
dp[29][1325]=-4.85e+12
dp[30][1325]=-4.67e+12
dp[31][1325]=-4.49e+12
dp[32][1325]=-4.24e+12
dp[33][1325]=-3.88e+12
dp[34][1325]=-3.52e+12
dp[35][1325]=-2.98e+12
dp[36][1325]=-2.44e+12
Select best dp
Best k=24
Stratifying 2-th numerical feature ...
dp[2][1325]=-1467.45
dp[3][1325]=-7.5e+11
dp[4][1325]=-1.41e+12
dp[5][1325]=-1.97e+12
dp[6][1325]=-2.54e+12
dp[7][1325]=-3.06e+12
dp[8][1325]=-3.6e+12
dp[9][1325]=-4.11e+12
dp[10][1325]=-4.56e+12
dp[11][1325]=-5.07e+12
dp[12][1325]=-5.56e+12
dp[13][1325]=-6.08e+12
dp[14][1325]=-6.59e+12
dp[15][1325]=-7.08e+12
dp[16][1325]=-7.56e+12
dp[17][1325]=-8.04e+12
dp[18][1325]=-8.52e+12
dp[19][1325]=-8.92e+12
dp[20][1325]=-9.31e+12
dp[21][1325]=-9.31e+12
dp[22][1325]=-9.7e+12
dp[23][1325]=-1.003e+13
dp[24][1325]=-1.006e+13
dp[25][1325]=-1.006e+13
dp[26][1325]=-1.006e+13
dp[27][1325]=-1.006e+13
dp[28][1325]=-1.006e+13
dp[29][1325]=-9.7e+12
dp[30][1325]=-9.34e+12
dp[31][1325]=-8.98e+12
dp[32][1325]=-8.48e+12
dp[33][1325]=-7.76e+12
dp[34][1325]=-7.04e+12
dp[35][1325]=-5.96e+12
dp[36][1325]=-4.88e+12
Select best dp
Best k=25
Stratifying 2-th numerical feature ...
dp[2][1325]=-3208.11
dp[3][1325]=-1.5e+12
dp[4][1325]=-2.82e+12
dp[5][1325]=-3.94e+12
dp[6][1325]=-5.08e+12
dp[7][1325]=-6.12e+12
dp[8][1325]=-7.2e+12
dp[9][1325]=-8.22e+12
dp[10][1325]=-9.12e+12
dp[11][1325]=-1.014e+13
dp[12][1325]=-1.112e+13
dp[13][1325]=-1.216e+13
dp[14][1325]=-1.318e+13
dp[15][1325]=-1.416e+13
dp[16][1325]=-1.512e+13
dp[17][1325]=-1.608e+13
dp[18][1325]=-1.704e+13
dp[19][1325]=-1.784e+13
dp[20][1325]=-1.862e+13
dp[21][1325]=-1.862e+13
dp[22][1325]=-1.94e+13
dp[23][1325]=-2.006e+13
dp[24][1325]=-2.012e+13
dp[25][1325]=-2.012e+13
dp[26][1325]=-2.012e+13
dp[27][1325]=-2.012e+13
dp[28][1325]=-2.012e+13
dp[29][1325]=-1.94e+13
dp[30][1325]=-1.868e+13
dp[31][1325]=-1.796e+13
dp[32][1325]=-1.696e+13
dp[33][1325]=-1.552e+13
dp[34][1325]=-1.408e+13
dp[35][1325]=-1.192e+13
dp[36][1325]=-9.76e+12
Select best dp
Best k=27
Stratifying 2-th numerical feature ...
dp[2][1325]=-8.6e+11
dp[3][1325]=-3.31e+12
dp[4][1325]=-5.8e+12
dp[5][1325]=-8.12e+12
dp[6][1325]=-9.98e+12
dp[7][1325]=-1.115e+13
dp[8][1325]=-1.198e+13
dp[9][1325]=-1.242e+13
dp[10][1325]=-1.285e+13
dp[11][1325]=-1.285e+13
dp[12][1325]=-1.285e+13
dp[13][1325]=-1.285e+13
dp[14][1325]=-1.285e+13
dp[15][1325]=-1.285e+13
dp[16][1325]=-1.285e+13
dp[17][1325]=-1.285e+13
dp[18][1325]=-1.285e+13
dp[19][1325]=-1.285e+13
dp[20][1325]=-1.285e+13
dp[21][1325]=-1.285e+13
dp[22][1325]=-1.285e+13
dp[23][1325]=-1.285e+13
dp[24][1325]=-1.285e+13
dp[25][1325]=-1.285e+13
dp[26][1325]=-1.285e+13
dp[27][1325]=-1.285e+13
dp[28][1325]=-1.285e+13
dp[29][1325]=-1.285e+13
dp[30][1325]=-1.285e+13
dp[31][1325]=-1.285e+13
dp[32][1325]=-1.285e+13
dp[33][1325]=-1.285e+13
dp[34][1325]=-1.249e+13
dp[35][1325]=-1.213e+13
dp[36][1325]=-1.105e+13
Select best dp
Best k=10
dp[2][1325]=-8.6e+11
dp[3][1325]=-3.31e+12
dp[4][1325]=-5.8e+12
dp[5][1325]=-8.12e+12
dp[6][1325]=-9.98e+12
dp[7][1325]=-1.115e+13
dp[8][1325]=-1.198e+13
dp[9][1325]=-1.242e+13
dp[10][1325]=-1.285e+13
dp[11][1325]=-1.285e+13
dp[12][1325]=-1.285e+13
dp[13][1325]=-1.285e+13
dp[14][1325]=-1.285e+13
dp[15][1325]=-1.285e+13
dp[16][1325]=-1.285e+13
dp[17][1325]=-1.285e+13
dp[18][1325]=-1.285e+13
dp[19][1325]=-1.285e+13
dp[20][1325]=-1.285e+13
dp[21][1325]=-1.285e+13
dp[22][1325]=-1.285e+13
dp[23][1325]=-1.285e+13
dp[24][1325]=-1.285e+13
dp[25][1325]=-1.285e+13
dp[26][1325]=-1.285e+13
dp[27][1325]=-1.285e+13
dp[28][1325]=-1.285e+13
dp[29][1325]=-1.285e+13
dp[30][1325]=-1.285e+13
dp[31][1325]=-1.285e+13
dp[32][1325]=-1.285e+13
dp[33][1325]=-1.285e+13
dp[34][1325]=-1.249e+13
dp[35][1325]=-1.213e+13
dp[36][1325]=-1.105e+13
Select best dp
Best k=10
dp[2][1325]=-8.6e+11
dp[3][1325]=-3.31e+12
dp[4][1325]=-5.8e+12
dp[5][1325]=-8.12e+12
dp[6][1325]=-9.98e+12
dp[7][1325]=-1.115e+13
dp[8][1325]=-1.198e+13
dp[9][1325]=-1.242e+13
dp[10][1325]=-1.285e+13
dp[11][1325]=-1.285e+13
dp[12][1325]=-1.285e+13
dp[13][1325]=-1.285e+13
dp[14][1325]=-1.285e+13
dp[15][1325]=-1.285e+13
dp[16][1325]=-1.285e+13
dp[17][1325]=-1.285e+13
dp[18][1325]=-1.285e+13
dp[19][1325]=-1.285e+13
dp[20][1325]=-1.285e+13
dp[21][1325]=-1.285e+13
dp[22][1325]=-1.285e+13
dp[23][1325]=-1.285e+13
dp[24][1325]=-1.285e+13
dp[25][1325]=-1.285e+13
dp[26][1325]=-1.285e+13
dp[27][1325]=-1.285e+13
dp[28][1325]=-1.285e+13
dp[29][1325]=-1.285e+13
dp[30][1325]=-1.285e+13
dp[31][1325]=-1.285e+13
dp[32][1325]=-1.285e+13
dp[33][1325]=-1.285e+13
dp[34][1325]=-1.249e+13
dp[35][1325]=-1.213e+13
dp[36][1325]=-1.105e+13
Select best dp
Best k=10
dp[2][1325]=-8.6e+11
dp[3][1325]=-3.31e+12
dp[4][1325]=-5.8e+12
dp[5][1325]=-8.12e+12
dp[6][1325]=-9.98e+12
dp[7][1325]=-1.115e+13
dp[8][1325]=-1.198e+13
dp[9][1325]=-1.242e+13
dp[10][1325]=-1.285e+13
dp[11][1325]=-1.285e+13
dp[12][1325]=-1.285e+13
dp[13][1325]=-1.285e+13
dp[14][1325]=-1.285e+13
dp[15][1325]=-1.285e+13
dp[16][1325]=-1.285e+13
dp[17][1325]=-1.285e+13
dp[18][1325]=-1.285e+13
dp[19][1325]=-1.285e+13
dp[20][1325]=-1.285e+13
dp[21][1325]=-1.285e+13
dp[22][1325]=-1.285e+13
dp[23][1325]=-1.285e+13
dp[24][1325]=-1.285e+13
dp[25][1325]=-1.285e+13
dp[26][1325]=-1.285e+13
dp[27][1325]=-1.285e+13
dp[28][1325]=-1.285e+13
dp[29][1325]=-1.285e+13
dp[30][1325]=-1.285e+13
dp[31][1325]=-1.285e+13
dp[32][1325]=-1.285e+13
dp[33][1325]=-1.285e+13
dp[34][1325]=-1.249e+13
dp[35][1325]=-1.213e+13
dp[36][1325]=-1.105e+13
Select best dp
Best k=10
dp[2][1325]=-1.9e+11
dp[3][1325]=-7.5e+11
dp[4][1325]=-1.41e+12
dp[5][1325]=-1.97e+12
dp[6][1325]=-2.54e+12
dp[7][1325]=-3.06e+12
dp[8][1325]=-3.6e+12
dp[9][1325]=-4.11e+12
dp[10][1325]=-4.56e+12
dp[11][1325]=-5.07e+12
dp[12][1325]=-5.56e+12
dp[13][1325]=-6.08e+12
dp[14][1325]=-6.59e+12
dp[15][1325]=-7.08e+12
dp[16][1325]=-7.56e+12
dp[17][1325]=-8.04e+12
dp[18][1325]=-8.52e+12
dp[19][1325]=-8.92e+12
dp[20][1325]=-9.31e+12
dp[21][1325]=-9.62e+12
dp[22][1325]=-9.92e+12
dp[23][1325]=-1.022e+13
dp[24][1325]=-1.058e+13
dp[25][1325]=-1.091e+13
dp[26][1325]=-1.127e+13
dp[27][1325]=-1.163e+13
dp[28][1325]=-1.187e+13
dp[29][1325]=-1.229e+13
dp[30][1325]=-1.268e+13
dp[31][1325]=-1.292e+13
dp[32][1325]=-1.308e+13
dp[33][1325]=-1.308e+13
dp[34][1325]=-1.308e+13
dp[35][1325]=-1.308e+13
dp[36][1325]=-1.308e+13
Select best dp
Best k=32
Stratifying 2-th numerical feature ...
dp[2][1325]=-8.6e+11
dp[3][1325]=-3.31e+12
dp[4][1325]=-5.8e+12
dp[5][1325]=-8.12e+12
dp[6][1325]=-9.98e+12
dp[7][1325]=-1.115e+13
dp[8][1325]=-1.198e+13
dp[9][1325]=-1.198e+13
dp[10][1325]=-1.198e+13
dp[11][1325]=-1.198e+13
dp[12][1325]=-1.198e+13
dp[13][1325]=-1.198e+13
dp[14][1325]=-1.198e+13
dp[15][1325]=-1.198e+13
dp[16][1325]=-1.198e+13
dp[17][1325]=-1.198e+13
dp[18][1325]=-1.198e+13
dp[19][1325]=-1.198e+13
dp[20][1325]=-1.198e+13
dp[21][1325]=-1.198e+13
dp[22][1325]=-1.144e+13
dp[23][1325]=-1.056e+13
dp[24][1325]=-9.48e+12
Select best dp
Best k=9
dp[2][1325]=-1.9e+11
dp[3][1325]=-7.5e+11
dp[4][1325]=-1.41e+12
dp[5][1325]=-1.97e+12
dp[6][1325]=-2.54e+12
dp[7][1325]=-3.06e+12
dp[8][1325]=-3.6e+12
dp[9][1325]=-4.11e+12
dp[10][1325]=-4.56e+12
dp[11][1325]=-5.07e+12
dp[12][1325]=-5.56e+12
dp[13][1325]=-6.08e+12
dp[14][1325]=-6.59e+12
dp[15][1325]=-7.08e+12
dp[16][1325]=-7.56e+12
dp[17][1325]=-8.04e+12
dp[18][1325]=-8.52e+12
dp[19][1325]=-8.92e+12
dp[20][1325]=-9.31e+12
dp[21][1325]=-9.62e+12
dp[22][1325]=-9.92e+12
dp[23][1325]=-1.022e+13
dp[24][1325]=-1.058e+13
dp[25][1325]=-1.091e+13
dp[26][1325]=-1.127e+13
dp[27][1325]=-1.163e+13
dp[28][1325]=-1.187e+13
dp[29][1325]=-1.229e+13
dp[30][1325]=-1.268e+13
dp[31][1325]=-1.292e+13
dp[32][1325]=-1.292e+13
dp[33][1325]=-1.292e+13
dp[34][1325]=-1.292e+13
dp[35][1325]=-1.292e+13
dp[36][1325]=-1.292e+13
Select best dp
Best k=31
Stratifying 2-th numerical feature ...
dp[2][1325]=-8.6e+11
dp[3][1325]=-3.31e+12
dp[4][1325]=-5.8e+12
dp[5][1325]=-8.12e+12
dp[6][1325]=-9.98e+12
dp[7][1325]=-1.115e+13
dp[8][1325]=-1.198e+13
dp[9][1325]=-1.242e+13
dp[10][1325]=-1.285e+13
dp[11][1325]=-1.285e+13
dp[12][1325]=-1.285e+13
dp[13][1325]=-1.285e+13
dp[14][1325]=-1.285e+13
dp[15][1325]=-1.285e+13
dp[16][1325]=-1.285e+13
dp[17][1325]=-1.285e+13
dp[18][1325]=-1.285e+13
dp[19][1325]=-1.285e+13
dp[20][1325]=-1.285e+13
dp[21][1325]=-1.285e+13
dp[22][1325]=-1.285e+13
dp[23][1325]=-1.285e+13
dp[24][1325]=-1.285e+13
dp[25][1325]=-1.285e+13
dp[26][1325]=-1.285e+13
dp[27][1325]=-1.285e+13
dp[28][1325]=-1.285e+13
dp[29][1325]=-1.285e+13
dp[30][1325]=-1.285e+13
dp[31][1325]=-1.285e+13
dp[32][1325]=-1.285e+13
dp[33][1325]=-1.285e+13
dp[34][1325]=-1.249e+13
dp[35][1325]=-1.213e+13
dp[36][1325]=-1.105e+13
Select best dp
Best k=10
dp[2][1325]=-1.72e+12
dp[3][1325]=-6.62e+12
dp[4][1325]=-1.16e+13
dp[5][1325]=-1.624e+13
dp[6][1325]=-1.996e+13
dp[7][1325]=-2.23e+13
dp[8][1325]=-2.396e+13
dp[9][1325]=-2.484e+13
dp[10][1325]=-2.57e+13
dp[11][1325]=-2.57e+13
dp[12][1325]=-2.57e+13
dp[13][1325]=-2.57e+13
dp[14][1325]=-2.57e+13
dp[15][1325]=-2.57e+13
dp[16][1325]=-2.57e+13
dp[17][1325]=-2.57e+13
dp[18][1325]=-2.57e+13
dp[19][1325]=-2.57e+13
dp[20][1325]=-2.57e+13
dp[21][1325]=-2.57e+13
dp[22][1325]=-2.57e+13
dp[23][1325]=-2.57e+13
dp[24][1325]=-2.57e+13
dp[25][1325]=-2.57e+13
dp[26][1325]=-2.57e+13
dp[27][1325]=-2.57e+13
dp[28][1325]=-2.57e+13
dp[29][1325]=-2.57e+13
dp[30][1325]=-2.57e+13
dp[31][1325]=-2.57e+13
dp[32][1325]=-2.57e+13
dp[33][1325]=-2.57e+13
dp[34][1325]=-2.498e+13
dp[35][1325]=-2.426e+13
dp[36][1325]=-2.21e+13
Select best dp
Best k=10
dp[2][1325]=-4.3e+11
dp[3][1325]=-1.655e+12
dp[4][1325]=-2.9e+12
dp[5][1325]=-4.06e+12
dp[6][1325]=-4.99e+12
dp[7][1325]=-5.575e+12
dp[8][1325]=-5.99e+12
dp[9][1325]=-6.21e+12
dp[10][1325]=-6.425e+12
dp[11][1325]=-6.425e+12
dp[12][1325]=-6.425e+12
dp[13][1325]=-6.425e+12
dp[14][1325]=-6.425e+12
dp[15][1325]=-6.425e+12
dp[16][1325]=-6.425e+12
dp[17][1325]=-6.425e+12
dp[18][1325]=-6.425e+12
dp[19][1325]=-6.425e+12
dp[20][1325]=-6.425e+12
dp[21][1325]=-6.425e+12
dp[22][1325]=-6.425e+12
dp[23][1325]=-6.425e+12
dp[24][1325]=-6.425e+12
dp[25][1325]=-6.425e+12
dp[26][1325]=-6.425e+12
dp[27][1325]=-6.425e+12
dp[28][1325]=-6.425e+12
dp[29][1325]=-6.425e+12
dp[30][1325]=-6.425e+12
dp[31][1325]=-6.425e+12
dp[32][1325]=-6.425e+12
dp[33][1325]=-6.425e+12
dp[34][1325]=-6.245e+12
dp[35][1325]=-6.065e+12
dp[36][1325]=-5.525e+12
Select best dp
Best k=10
dp[2][1325]=273.217
dp[3][1325]=409.826
dp[4][1325]=546.434
dp[5][1325]=683.043
dp[6][1325]=819.651
dp[7][1325]=956.26
dp[8][1325]=1092.87
dp[9][1325]=1229.48
dp[10][1325]=1366.09
dp[11][1325]=1502.69
dp[12][1325]=1639.3
dp[13][1325]=1775.91
dp[14][1325]=1912.52
dp[15][1325]=2049.13
dp[16][1325]=2185.74
dp[17][1325]=2322.34
dp[18][1325]=2458.95
dp[19][1325]=2595.56
dp[20][1325]=2732.17
dp[21][1325]=2868.78
dp[22][1325]=3005.39
dp[23][1325]=3142
dp[24][1325]=3278.6
dp[25][1325]=3415.21
dp[26][1325]=3551.82
dp[27][1325]=3688.43
dp[28][1325]=3825.04
dp[29][1325]=3961.65
dp[30][1325]=4098.26
dp[31][1325]=4234.86
dp[32][1325]=4371.47
dp[33][1325]=4508.08
dp[34][1325]=4644.69
dp[35][1325]=4781.3
dp[36][1325]=4917.91
Select best dp
Best k=2
dp[2][1325]=-357.691
dp[3][1325]=-7.5e+11
dp[4][1325]=-1.41e+12
dp[5][1325]=-1.97e+12
dp[6][1325]=-2.54e+12
dp[7][1325]=-3.06e+12
dp[8][1325]=-3.6e+12
dp[9][1325]=-4.11e+12
dp[10][1325]=-4.56e+12
dp[11][1325]=-5.07e+12
dp[12][1325]=-5.56e+12
dp[13][1325]=-6.08e+12
dp[14][1325]=-6.59e+12
dp[15][1325]=-7.08e+12
dp[16][1325]=-7.56e+12
dp[17][1325]=-8.04e+12
dp[18][1325]=-8.52e+12
dp[19][1325]=-8.92e+12
dp[20][1325]=-9.31e+12
dp[21][1325]=-9.31e+12
dp[22][1325]=-9.7e+12
dp[23][1325]=-1.003e+13
dp[24][1325]=-1.006e+13
dp[25][1325]=-1.006e+13
dp[26][1325]=-1.006e+13
dp[27][1325]=-1.006e+13
dp[28][1325]=-1.006e+13
dp[29][1325]=-9.7e+12
dp[30][1325]=-9.34e+12
dp[31][1325]=-8.98e+12
dp[32][1325]=-8.48e+12
dp[33][1325]=-7.76e+12
dp[34][1325]=-7.04e+12
dp[35][1325]=-5.96e+12
dp[36][1325]=-4.88e+12
Select best dp
Best k=25
Stratifying 2-th numerical feature ...
dp[2][1325]=-1.9e+11
dp[3][1325]=-7.5e+11
dp[4][1325]=-1.41e+12
dp[5][1325]=-1.97e+12
dp[6][1325]=-2.54e+12
dp[7][1325]=-3.06e+12
dp[8][1325]=-3.6e+12
dp[9][1325]=-4.11e+12
dp[10][1325]=-4.56e+12
dp[11][1325]=-5.07e+12
dp[12][1325]=-5.56e+12
dp[13][1325]=-6.08e+12
dp[14][1325]=-6.59e+12
dp[15][1325]=-7.08e+12
dp[16][1325]=-7.56e+12
dp[17][1325]=-8.04e+12
dp[18][1325]=-8.52e+12
dp[19][1325]=-8.92e+12
dp[20][1325]=-9.31e+12
dp[21][1325]=-9.62e+12
dp[22][1325]=-9.92e+12
dp[23][1325]=-1.022e+13
dp[24][1325]=-1.058e+13
dp[25][1325]=-1.091e+13
dp[26][1325]=-1.127e+13
dp[27][1325]=-1.163e+13
dp[28][1325]=-1.187e+13
dp[29][1325]=-1.229e+13
dp[30][1325]=-1.268e+13
dp[31][1325]=-1.292e+13
dp[32][1325]=-1.308e+13
dp[33][1325]=-1.315e+13
dp[34][1325]=-1.321e+13
dp[35][1325]=-1.321e+13
dp[36][1325]=-1.321e+13
Select best dp
Best k=34
Stratifying 2-th numerical feature ...
dp[2][1325]=-8.6e+11
dp[3][1325]=-3.31e+12
dp[4][1325]=-5.8e+12
dp[5][1325]=-8.12e+12
dp[6][1325]=-9.98e+12
dp[7][1325]=-1.115e+13
dp[8][1325]=-1.198e+13
dp[9][1325]=-1.242e+13
dp[10][1325]=-1.285e+13
dp[11][1325]=-1.285e+13
dp[12][1325]=-1.285e+13
dp[13][1325]=-1.285e+13
dp[14][1325]=-1.285e+13
dp[15][1325]=-1.285e+13
dp[16][1325]=-1.285e+13
dp[17][1325]=-1.285e+13
dp[18][1325]=-1.285e+13
dp[19][1325]=-1.285e+13
dp[20][1325]=-1.285e+13
dp[21][1325]=-1.285e+13
dp[22][1325]=-1.285e+13
dp[23][1325]=-1.285e+13
dp[24][1325]=-1.285e+13
dp[25][1325]=-1.285e+13
dp[26][1325]=-1.285e+13
dp[27][1325]=-1.285e+13
dp[28][1325]=-1.285e+13
dp[29][1325]=-1.285e+13
dp[30][1325]=-1.285e+13
dp[31][1325]=-1.285e+13
dp[32][1325]=-1.285e+13
dp[33][1325]=-1.285e+13
dp[34][1325]=-1.249e+13
dp[35][1325]=-1.213e+13
dp[36][1325]=-1.105e+13
Select best dp
Best k=10
dp[2][1325]=-8.6e+11
dp[3][1325]=-3.31e+12
dp[4][1325]=-5.8e+12
dp[5][1325]=-8.12e+12
dp[6][1325]=-9.98e+12
dp[7][1325]=-1.115e+13
dp[8][1325]=-1.198e+13
dp[9][1325]=-1.242e+13
dp[10][1325]=-1.285e+13
dp[11][1325]=-1.285e+13
dp[12][1325]=-1.285e+13
dp[13][1325]=-1.285e+13
dp[14][1325]=-1.285e+13
dp[15][1325]=-1.285e+13
dp[16][1325]=-1.285e+13
dp[17][1325]=-1.285e+13
dp[18][1325]=-1.285e+13
dp[19][1325]=-1.285e+13
dp[20][1325]=-1.285e+13
dp[21][1325]=-1.285e+13
dp[22][1325]=-1.285e+13
dp[23][1325]=-1.285e+13
dp[24][1325]=-1.285e+13
dp[25][1325]=-1.285e+13
dp[26][1325]=-1.285e+13
dp[27][1325]=-1.285e+13
dp[28][1325]=-1.285e+13
dp[29][1325]=-1.285e+13
dp[30][1325]=-1.285e+13
dp[31][1325]=-1.285e+13
dp[32][1325]=-1.285e+13
dp[33][1325]=-1.285e+13
dp[34][1325]=-1.285e+13
dp[35][1325]=-1.285e+13
dp[36][1325]=-1.285e+13
Select best dp
Best k=10
dp[2][1325]=-8.6e+11
dp[3][1325]=-3.31e+12
dp[4][1325]=-5.8e+12
dp[5][1325]=-8.12e+12
dp[6][1325]=-9.98e+12
dp[7][1325]=-1.115e+13
dp[8][1325]=-1.198e+13
dp[9][1325]=-1.242e+13
dp[10][1325]=-1.285e+13
dp[11][1325]=-1.3e+13
dp[12][1325]=-1.31e+13
dp[13][1325]=-1.31e+13
dp[14][1325]=-1.31e+13
dp[15][1325]=-1.31e+13
dp[16][1325]=-1.31e+13
dp[17][1325]=-1.31e+13
dp[18][1325]=-1.31e+13
dp[19][1325]=-1.31e+13
dp[20][1325]=-1.31e+13
dp[21][1325]=-1.31e+13
dp[22][1325]=-1.31e+13
dp[23][1325]=-1.31e+13
dp[24][1325]=-1.31e+13
dp[25][1325]=-1.31e+13
dp[26][1325]=-1.31e+13
dp[27][1325]=-1.31e+13
dp[28][1325]=-1.31e+13
dp[29][1325]=-1.31e+13
dp[30][1325]=-1.31e+13
dp[31][1325]=-1.31e+13
dp[32][1325]=-1.31e+13
dp[33][1325]=-1.31e+13
dp[34][1325]=-1.31e+13
dp[35][1325]=-1.31e+13
dp[36][1325]=-1.31e+13
Select best dp
Best k=12
dp[2][1325]=-8.6e+11
dp[3][1325]=-3.31e+12
dp[4][1325]=-5.8e+12
dp[5][1325]=-8.12e+12
dp[6][1325]=-9.98e+12
dp[7][1325]=-1.115e+13
dp[8][1325]=-1.198e+13
dp[9][1325]=-1.242e+13
dp[10][1325]=-1.285e+13
dp[11][1325]=-1.3e+13
dp[12][1325]=-1.31e+13
dp[13][1325]=-1.32e+13
dp[14][1325]=-1.32e+13
dp[15][1325]=-1.32e+13
dp[16][1325]=-1.32e+13
dp[17][1325]=-1.32e+13
dp[18][1325]=-1.32e+13
dp[19][1325]=-1.32e+13
dp[20][1325]=-1.32e+13
dp[21][1325]=-1.32e+13
dp[22][1325]=-1.32e+13
dp[23][1325]=-1.32e+13
dp[24][1325]=-1.32e+13
dp[25][1325]=-1.32e+13
dp[26][1325]=-1.32e+13
dp[27][1325]=-1.32e+13
dp[28][1325]=-1.32e+13
dp[29][1325]=-1.32e+13
dp[30][1325]=-1.32e+13
dp[31][1325]=-1.32e+13
dp[32][1325]=-1.32e+13
dp[33][1325]=-1.32e+13
dp[34][1325]=-1.32e+13
dp[35][1325]=-1.32e+13
dp[36][1325]=-1.32e+13
Select best dp
Best k=13
dp[2][1325]=-8.6e+11
dp[3][1325]=-3.31e+12
dp[4][1325]=-5.8e+12
dp[5][1325]=-8.12e+12
dp[6][1325]=-9.98e+12
dp[7][1325]=-1.115e+13
dp[8][1325]=-1.198e+13
dp[9][1325]=-1.242e+13
dp[10][1325]=-1.285e+13
dp[11][1325]=-1.285e+13
dp[12][1325]=-1.285e+13
dp[13][1325]=-1.285e+13
dp[14][1325]=-1.285e+13
dp[15][1325]=-1.285e+13
dp[16][1325]=-1.285e+13
dp[17][1325]=-1.285e+13
dp[18][1325]=-1.285e+13
dp[19][1325]=-1.285e+13
dp[20][1325]=-1.285e+13
dp[21][1325]=-1.285e+13
dp[22][1325]=-1.285e+13
dp[23][1325]=-1.285e+13
dp[24][1325]=-1.285e+13
dp[25][1325]=-1.285e+13
dp[26][1325]=-1.285e+13
dp[27][1325]=-1.285e+13
dp[28][1325]=-1.285e+13
dp[29][1325]=-1.285e+13
dp[30][1325]=-1.285e+13
dp[31][1325]=-1.285e+13
dp[32][1325]=-1.285e+13
dp[33][1325]=-1.285e+13
dp[34][1325]=-1.249e+13
dp[35][1325]=-1.213e+13
dp[36][1325]=-1.105e+13
Select best dp
Best k=10
