Standardize ...
Stratifying 1-th numerical feature ...
Standardize ...
Stratifying 1-th numerical feature ...
Standardize ...
Stratifying 1-th numerical feature ...
Standardize ...
Stratifying 1-th numerical feature ...
Standardize ...
Stratifying 1-th numerical feature ...
Standardize ...
Stratifying 1-th numerical feature ...
Standardize ...
Stratifying 1-th numerical feature ...
Standardize ...
Stratifying 1-th numerical feature ...
Standardize ...
Stratifying 1-th numerical feature ...
Standardize ...
Stratifying 1-th numerical feature ...
Standardize ...
Stratifying 1-th numerical feature ...
Standardize ...
Stratifying 1-th numerical feature ...
Standardize ...
Stratifying 1-th numerical feature ...
Standardize ...
Stratifying 1-th numerical feature ...
dp[2][620]=-342.916
dp[3][620]=-623.663
dp[4][620]=-701.754
dp[5][620]=-741.014
dp[6][620]=-750.717
dp[7][620]=-698.105
dp[8][620]=-603.051
dp[9][620]=-495.492
dp[10][620]=-370.02
dp[11][620]=-231.053
dp[12][620]=-88.4252
dp[13][620]=62.8932
dp[14][620]=217.234
dp[15][620]=389.971
dp[16][620]=576.998
Select best dp
Best k=6
Stratifying 2-th numerical feature ...
dp[2][620]=-342.916
dp[3][620]=-623.663
dp[4][620]=-701.754
dp[5][620]=-741.014
dp[6][620]=-750.717
dp[7][620]=-698.105
dp[8][620]=-603.051
dp[9][620]=-495.492
dp[10][620]=-370.02
dp[11][620]=-234.206
dp[12][620]=-91.5781
dp[13][620]=59.7403
dp[14][620]=211.941
dp[15][620]=381.024
dp[16][620]=559.201
dp[17][620]=740.201
dp[18][620]=924.461
dp[19][620]=1112.35
dp[20][620]=1307.94
dp[21][620]=1503.56
dp[22][620]=1700.25
dp[23][620]=1909.48
dp[24][620]=2130.36
Select best dp
Best k=6
Stratifying 2-th numerical feature ...
dp[2][620]=-342.916
dp[3][620]=-623.663
dp[4][620]=-701.754
dp[5][620]=-741.014
dp[6][620]=-750.717
dp[7][620]=-698.105
dp[8][620]=-603.051
dp[9][620]=-495.492
dp[10][620]=-370.02
dp[11][620]=-234.206
dp[12][620]=-91.5781
dp[13][620]=59.7403
dp[14][620]=211.941
dp[15][620]=381.024
dp[16][620]=559.201
dp[17][620]=740.201
dp[18][620]=924.461
dp[19][620]=1112.35
dp[20][620]=1307.94
dp[21][620]=1503.56
dp[22][620]=1700.25
dp[23][620]=1909.48
dp[24][620]=2130.36
Select best dp
Best k=6
Stratifying 2-th numerical feature ...
dp[2][620]=-342.916
dp[3][620]=-1.2e+11
dp[4][620]=-1.2e+11
dp[5][620]=-1.2e+11
dp[6][620]=-1.2e+11
dp[7][620]=-1.2e+11
dp[8][620]=-1.2e+11
dp[9][620]=-1.2e+11
dp[10][620]=-1.2e+11
dp[11][620]=-1.2e+11
dp[12][620]=-1.2e+11
dp[13][620]=-1.2e+11
dp[14][620]=-1.2e+11
dp[15][620]=-1.2e+11
dp[16][620]=-1.2e+11
dp[17][620]=-1.2e+11
dp[18][620]=-1.2e+11
dp[19][620]=-1.2e+11
dp[20][620]=-1.2e+11
dp[21][620]=-1.2e+11
dp[22][620]=-1.2e+11
dp[23][620]=-1.2e+11
dp[24][620]=-1.2e+11
Select best dp
Best k=6
Stratifying 2-th numerical feature ...
dp[2][620]=-342.916
dp[3][620]=-1.2e+11
dp[4][620]=-1.2e+11
dp[5][620]=-1.2e+11
dp[6][620]=-1.2e+11
dp[7][620]=-1.2e+11
dp[8][620]=-1.2e+11
dp[9][620]=-1.2e+11
dp[10][620]=-1.2e+11
dp[11][620]=-1.2e+11
dp[12][620]=-1.2e+11
dp[13][620]=-1.2e+11
dp[14][620]=-1.2e+11
dp[15][620]=-1.2e+11
dp[16][620]=-1.2e+11
dp[17][620]=-1.2e+11
dp[18][620]=-1.2e+11
dp[19][620]=-1.2e+11
dp[20][620]=-1.2e+11
dp[21][620]=-1.2e+11
dp[22][620]=-1.2e+11
dp[23][620]=-1.2e+11
dp[24][620]=-1.2e+11
Select best dp
Best k=6
Stratifying 2-th numerical feature ...
dp[2][620]=-681.481
dp[3][620]=-955.79
dp[4][620]=-1069.49
dp[5][620]=-1104.75
dp[6][620]=-1056.59
dp[7][620]=-1000
dp[8][620]=-917.33
dp[9][620]=-820.086
dp[10][620]=-705.106
dp[11][620]=-589.51
dp[12][620]=-470.408
dp[13][620]=-330.147
dp[14][620]=-172.438
dp[15][620]=-6.71075
dp[16][620]=183.006
Select best dp
Best k=5
Stratifying 3-th numerical feature ...
dp[2][620]=-342.916
dp[3][620]=-623.663
dp[4][620]=-701.754
dp[5][620]=-741.014
dp[6][620]=-750.717
dp[7][620]=-698.105
dp[8][620]=-603.051
dp[9][620]=-495.492
dp[10][620]=-370.02
dp[11][620]=-234.206
dp[12][620]=-91.5781
dp[13][620]=59.7403
dp[14][620]=211.941
dp[15][620]=381.024
dp[16][620]=559.201
dp[17][620]=740.201
dp[18][620]=924.461
dp[19][620]=1112.35
dp[20][620]=1307.94
dp[21][620]=1503.56
dp[22][620]=1700.25
dp[23][620]=1909.48
dp[24][620]=2130.36
Select best dp
Best k=6
dp[2][620]=-342.916
dp[3][620]=-623.663
dp[4][620]=-701.754
dp[5][620]=-741.014
dp[6][620]=-750.717
dp[7][620]=-698.105
dp[8][620]=-603.051
dp[9][620]=-495.492
dp[10][620]=-370.02
dp[11][620]=-234.206
dp[12][620]=-91.5781
dp[13][620]=59.7403
dp[14][620]=211.941
dp[15][620]=381.024
dp[16][620]=559.201
dp[17][620]=740.201
dp[18][620]=924.461
dp[19][620]=1112.35
dp[20][620]=1307.94
dp[21][620]=1503.56
dp[22][620]=1700.25
dp[23][620]=1909.48
dp[24][620]=2130.36
Select best dp
Best k=6
Stratifying 2-th numerical feature ...
Stratifying 2-th numerical feature ...
dp[2][620]=514.506
dp[3][620]=771.76
dp[4][620]=1029.01
dp[5][620]=1286.27
dp[6][620]=1543.52
dp[7][620]=1800.77
dp[8][620]=2058.03
dp[9][620]=2315.28
dp[10][620]=2572.53
dp[11][620]=2829.79
dp[12][620]=3087.04
dp[13][620]=3344.29
dp[14][620]=3601.55
dp[15][620]=3858.8
dp[16][620]=4116.05
dp[17][620]=4373.31
dp[18][620]=4630.56
dp[19][620]=4887.81
dp[20][620]=5145.06
dp[21][620]=5402.32
dp[22][620]=5659.57
dp[23][620]=5916.82
dp[24][620]=6174.08
Select best dp
Best k=2
Stratifying 2-th numerical feature ...
dp[2][620]=-342.916
dp[3][620]=-623.663
dp[4][620]=-701.754
dp[5][620]=-741.014
dp[6][620]=-750.717
dp[7][620]=-698.105
dp[8][620]=-603.051
dp[9][620]=-495.492
dp[10][620]=-370.02
dp[11][620]=-234.206
dp[12][620]=-91.5781
dp[13][620]=59.7403
dp[14][620]=211.941
dp[15][620]=381.024
dp[16][620]=559.201
dp[17][620]=740.201
dp[18][620]=924.461
dp[19][620]=1112.35
dp[20][620]=1307.94
dp[21][620]=1503.56
dp[22][620]=1700.25
dp[23][620]=1909.48
dp[24][620]=2130.36
Select best dp
Best k=6
Stratifying 2-th numerical feature ...
dp[2][620]=-1200.34
dp[3][620]=-2019.09
dp[4][620]=-2432.52
dp[5][620]=-2768.29
dp[6][620]=-3044.95
dp[7][620]=-3196.98
dp[8][620]=-3264.13
dp[9][620]=-3306.26
dp[10][620]=-3312.57
dp[11][620]=-3298.2
dp[12][620]=-3270.2
dp[13][620]=-3224.81
dp[14][620]=-3177.66
dp[15][620]=-3096.75
dp[16][620]=-2997.65
dp[17][620]=-2892.9
dp[18][620]=-2781.64
dp[19][620]=-2663.12
dp[20][620]=-2529.19
dp[21][620]=-2395.2
dp[22][620]=-2259.07
dp[23][620]=-2097.87
dp[24][620]=-1913.36
Select best dp
Best k=10
Stratifying 2-th numerical feature ...
dp[2][620]=-342.916
dp[3][620]=-623.663
dp[4][620]=-701.754
dp[5][620]=-741.014
dp[6][620]=-750.717
dp[7][620]=-698.105
dp[8][620]=-603.051
dp[9][620]=-495.492
dp[10][620]=-370.02
dp[11][620]=-234.206
dp[12][620]=-91.5781
dp[13][620]=59.7403
dp[14][620]=211.941
dp[15][620]=381.024
dp[16][620]=559.201
dp[17][620]=740.201
dp[18][620]=924.461
dp[19][620]=1112.35
dp[20][620]=1307.94
dp[21][620]=1503.56
dp[22][620]=1700.25
dp[23][620]=1909.48
dp[24][620]=2130.36
Select best dp
Best k=6
Stratifying 2-th numerical feature ...
dp[2][620]=-681.481
dp[3][620]=-955.79
dp[4][620]=-1069.49
dp[5][620]=-1104.75
dp[6][620]=-1056.59
dp[7][620]=-1000
dp[8][620]=-917.33
dp[9][620]=-820.086
dp[10][620]=-705.106
dp[11][620]=-589.51
dp[12][620]=-470.654
dp[13][620]=-355.058
dp[14][620]=-216.652
dp[15][620]=-62.842
dp[16][620]=96.7742
dp[17][620]=273.688
dp[18][620]=453.278
dp[19][620]=640.731
dp[20][620]=829.835
dp[21][620]=1019.62
dp[22][620]=1214.61
dp[23][620]=1449.49
dp[24][620]=1704.14
Select best dp
Best k=5
Stratifying 3-th numerical feature ...
dp[2][620]=85.7952
dp[3][620]=74.0484
dp[4][620]=163.629
dp[5][620]=272.626
dp[6][620]=396.401
dp[7][620]=551.334
dp[8][620]=727.487
dp[9][620]=909.894
dp[10][620]=1101.26
dp[11][620]=1297.79
dp[12][620]=1497.73
dp[13][620]=1702.02
dp[14][620]=1906.74
dp[15][620]=2119.91
dp[16][620]=2337.63
dp[17][620]=2556.75
dp[18][620]=2777.51
dp[19][620]=3000.08
dp[20][620]=3226.5
dp[21][620]=3452.94
dp[22][620]=3679.91
dp[23][620]=3913.15
dp[24][620]=4152.22
Select best dp
Best k=3
Stratifying 2-th numerical feature ...
dp[2][620]=-681.481
dp[3][620]=-955.79
dp[4][620]=-1069.49
dp[5][620]=-1104.75
dp[6][620]=-1056.59
dp[7][620]=-1000
dp[8][620]=-917.33
dp[9][620]=-820.086
dp[10][620]=-705.106
dp[11][620]=-589.51
dp[12][620]=-470.654
dp[13][620]=-355.058
dp[14][620]=-216.652
dp[15][620]=-62.842
dp[16][620]=96.7742
dp[17][620]=273.688
dp[18][620]=453.278
dp[19][620]=640.731
dp[20][620]=829.835
dp[21][620]=1019.62
dp[22][620]=1214.61
dp[23][620]=1449.49
dp[24][620]=1704.14
Select best dp
Best k=5
Stratifying 3-th numerical feature ...
dp[2][620]=-6.5e+11
dp[3][620]=-6.5e+11
dp[4][620]=-6.5e+11
dp[5][620]=-6.5e+11
dp[6][620]=-6.5e+11
dp[7][620]=-6.5e+11
dp[8][620]=-6.5e+11
dp[9][620]=-6.5e+11
dp[10][620]=-6.5e+11
dp[11][620]=-6.5e+11
dp[12][620]=-6.5e+11
dp[13][620]=-6.5e+11
dp[14][620]=-6.5e+11
dp[15][620]=-6.5e+11
dp[16][620]=-6.5e+11
Select best dp
Best k=6
Stratifying 4-th numerical feature ...
dp[2][620]=-1.7e+11
dp[3][620]=-1.9e+11
dp[4][620]=-3.6e+11
dp[5][620]=-3.6e+11
dp[6][620]=-5.3e+11
dp[7][620]=-5.3e+11
dp[8][620]=-6.8e+11
dp[9][620]=-6.8e+11
dp[10][620]=-8.2e+11
dp[11][620]=-8.2e+11
dp[12][620]=-9.5e+11
dp[13][620]=-9.5e+11
dp[14][620]=-1.07e+12
dp[15][620]=-1.07e+12
dp[16][620]=-1.17e+12
dp[17][620]=-1.17e+12
dp[18][620]=-1.17e+12
dp[19][620]=-1.17e+12
dp[20][620]=-1.17e+12
dp[21][620]=-1.17e+12
dp[22][620]=-1.17e+12
dp[23][620]=-1.17e+12
dp[24][620]=-1.17e+12
Select best dp
Best k=17
Stratifying 3-th numerical feature ...
dp[2][620]=-6.5e+11
dp[3][620]=-9.6e+11
dp[4][620]=-1.22e+12
dp[5][620]=-1.5e+12
dp[6][620]=-1.51e+12
dp[7][620]=-1.78e+12
dp[8][620]=-1.79e+12
dp[9][620]=-2.05e+12
dp[10][620]=-2.05e+12
dp[11][620]=-2.31e+12
dp[12][620]=-2.31e+12
dp[13][620]=-2.31e+12
dp[14][620]=-2.31e+12
dp[15][620]=-2.31e+12
dp[16][620]=-2.31e+12
dp[17][620]=-2.31e+12
dp[18][620]=-2.31e+12
dp[19][620]=-2.31e+12
dp[20][620]=-2.31e+12
dp[21][620]=-2.31e+12
dp[22][620]=-2.31e+12
dp[23][620]=-2.05e+12
dp[24][620]=-1.3e+12
Select best dp
Best k=13
Stratifying 4-th numerical feature ...
dp[2][620]=-1.7e+11
dp[3][620]=-1.9e+11
dp[4][620]=-3.6e+11
dp[5][620]=-3.6e+11
dp[6][620]=-5.3e+11
dp[7][620]=-5.3e+11
dp[8][620]=-6.8e+11
dp[9][620]=-6.8e+11
dp[10][620]=-8.2e+11
dp[11][620]=-8.2e+11
dp[12][620]=-9.5e+11
dp[13][620]=-9.5e+11
dp[14][620]=-1.07e+12
dp[15][620]=-1.07e+12
dp[16][620]=-1.19e+12
dp[17][620]=-1.19e+12
dp[18][620]=-1.3e+12
dp[19][620]=-1.3e+12
dp[20][620]=-1.41e+12
dp[21][620]=-1.41e+12
dp[22][620]=-1.51e+12
dp[23][620]=-1.51e+12
dp[24][620]=-1.61e+12
Select best dp
Best k=24
Stratifying 3-th numerical feature ...
dp[2][620]=-6.5e+11
dp[3][620]=-9.6e+11
dp[4][620]=-1.22e+12
dp[5][620]=-1.5e+12
dp[6][620]=-1.51e+12
dp[7][620]=-1.78e+12
dp[8][620]=-1.79e+12
dp[9][620]=-2.05e+12
dp[10][620]=-2.05e+12
dp[11][620]=-2.31e+12
dp[12][620]=-2.31e+12
dp[13][620]=-2.31e+12
dp[14][620]=-2.31e+12
dp[15][620]=-2.31e+12
dp[16][620]=-2.31e+12
dp[17][620]=-2.31e+12
dp[18][620]=-2.31e+12
dp[19][620]=-2.31e+12
dp[20][620]=-2.31e+12
dp[21][620]=-2.31e+12
dp[22][620]=-2.31e+12
dp[23][620]=-2.05e+12
dp[24][620]=-1.3e+12
Select best dp
Best k=13
Stratifying 4-th numerical feature ...
dp[2][620]=-3.55e+12
dp[3][620]=-4.21e+12
dp[4][620]=-4.62e+12
dp[5][620]=-4.62e+12
dp[6][620]=-4.62e+12
dp[7][620]=-4.62e+12
dp[8][620]=-4.62e+12
dp[9][620]=-4.62e+12
dp[10][620]=-4.62e+12
dp[11][620]=-4.62e+12
dp[12][620]=-4.62e+12
dp[13][620]=-4.62e+12
dp[14][620]=-4.62e+12
dp[15][620]=-4.62e+12
dp[16][620]=-4.25e+12
Select best dp
Best k=4
Stratifying 5-th numerical feature ...
dp[2][620]=-342.916
dp[3][620]=-1.2e+11
dp[4][620]=-1.2e+11
dp[5][620]=-1.9e+11
dp[6][620]=-2.2e+11
dp[7][620]=-2.5e+11
dp[8][620]=-2.9e+11
dp[9][620]=-3.1e+11
dp[10][620]=-3.5e+11
dp[11][620]=-3.7e+11
dp[12][620]=-4.1e+11
dp[13][620]=-4.2e+11
dp[14][620]=-4.7e+11
dp[15][620]=-4.7e+11
dp[16][620]=-5.2e+11
dp[17][620]=-5.2e+11
dp[18][620]=-5.7e+11
dp[19][620]=-5.7e+11
dp[20][620]=-6.2e+11
dp[21][620]=-6.2e+11
dp[22][620]=-6.7e+11
dp[23][620]=-6.7e+11
dp[24][620]=-7e+11
Select best dp
Best k=24
Stratifying 2-th numerical feature ...
dp[2][620]=514.506
dp[3][620]=771.76
dp[4][620]=1029.01
dp[5][620]=1286.27
dp[6][620]=1543.52
dp[7][620]=1800.77
dp[8][620]=2058.03
dp[9][620]=2315.28
dp[10][620]=2572.53
dp[11][620]=2829.79
dp[12][620]=3087.04
dp[13][620]=3344.29
dp[14][620]=3601.55
dp[15][620]=3858.8
dp[16][620]=4116.05
dp[17][620]=4373.31
dp[18][620]=4630.56
dp[19][620]=4887.81
dp[20][620]=5145.06
dp[21][620]=5402.32
dp[22][620]=5659.57
dp[23][620]=5916.82
dp[24][620]=6174.08
Select best dp
Best k=2
Stratifying 3-th numerical feature ...
dp[2][620]=-681.481
dp[3][620]=-955.79
dp[4][620]=-1069.49
dp[5][620]=-1104.75
dp[6][620]=-1056.59
dp[7][620]=-1000
dp[8][620]=-917.33
dp[9][620]=-820.086
dp[10][620]=-705.106
dp[11][620]=-589.51
dp[12][620]=-470.654
dp[13][620]=-355.058
dp[14][620]=-216.652
dp[15][620]=-62.842
dp[16][620]=96.7742
dp[17][620]=273.688
dp[18][620]=453.278
dp[19][620]=640.731
dp[20][620]=829.835
dp[21][620]=1019.62
dp[22][620]=1214.61
dp[23][620]=1449.49
dp[24][620]=1704.14
Select best dp
Best k=5
Stratifying 3-th numerical feature ...
dp[2][620]=-681.481
dp[3][620]=-955.79
dp[4][620]=-1069.49
dp[5][620]=-1104.75
dp[6][620]=-1056.59
dp[7][620]=-1000
dp[8][620]=-917.33
dp[9][620]=-820.086
dp[10][620]=-705.106
dp[11][620]=-589.51
dp[12][620]=-470.654
dp[13][620]=-355.058
dp[14][620]=-216.652
dp[15][620]=-62.842
dp[16][620]=96.7742
dp[17][620]=273.688
dp[18][620]=453.278
dp[19][620]=640.731
dp[20][620]=829.835
dp[21][620]=1019.62
dp[22][620]=1214.61
dp[23][620]=1449.49
dp[24][620]=1704.14
Select best dp
Best k=5
Stratifying 3-th numerical feature ...
dp[2][620]=-3.55e+12
dp[3][620]=-4.21e+12
dp[4][620]=-4.62e+12
dp[5][620]=-4.62e+12
dp[6][620]=-4.62e+12
dp[7][620]=-4.62e+12
dp[8][620]=-4.62e+12
dp[9][620]=-4.62e+12
dp[10][620]=-4.62e+12
dp[11][620]=-4.62e+12
dp[12][620]=-4.62e+12
dp[13][620]=-4.62e+12
dp[14][620]=-4.62e+12
dp[15][620]=-4.62e+12
dp[16][620]=-4.62e+12
dp[17][620]=-4.62e+12
dp[18][620]=-4.62e+12
dp[19][620]=-4.62e+12
dp[20][620]=-4.62e+12
dp[21][620]=-4.62e+12
dp[22][620]=-4.62e+12
dp[23][620]=-4.62e+12
dp[24][620]=-4.46e+12
Select best dp
Best k=4
dp[2][620]=-681.481
dp[3][620]=-955.79
dp[4][620]=-1069.49
dp[5][620]=-1104.75
dp[6][620]=-1056.59
dp[7][620]=-1000
dp[8][620]=-917.33
dp[9][620]=-820.086
dp[10][620]=-705.106
dp[11][620]=-589.51
dp[12][620]=-470.654
dp[13][620]=-355.058
dp[14][620]=-216.652
dp[15][620]=-62.842
dp[16][620]=96.7742
dp[17][620]=273.688
dp[18][620]=453.278
dp[19][620]=640.731
Stratifying 5-th numerical feature ...
dp[20][620]=829.835
dp[21][620]=1019.62
dp[22][620]=1214.61
dp[23][620]=1449.49
dp[24][620]=1704.14
Select best dp
Best k=5
Stratifying 3-th numerical feature ...
dp[2][620]=-1.17e+12
dp[3][620]=-1.17e+12
dp[4][620]=-1.17e+12
dp[5][620]=-1.17e+12
dp[6][620]=-1.17e+12
dp[7][620]=-1.17e+12
dp[8][620]=-1.17e+12
dp[9][620]=-1.17e+12
dp[10][620]=-1.17e+12
dp[11][620]=-1.17e+12
dp[12][620]=-1.17e+12
dp[13][620]=-1.17e+12
dp[14][620]=-1.17e+12
dp[15][620]=-1.17e+12
dp[16][620]=-1.17e+12
Select best dp
Best k=5
Stratifying 6-th numerical feature ...
dp[2][620]=-1877.47
dp[3][620]=-2683.34
dp[4][620]=-3168
dp[5][620]=-3495.77
dp[6][620]=-3656.69
dp[7][620]=-3800.78
dp[8][620]=-3892.69
dp[9][620]=-3955.45
dp[10][620]=-3982.74
dp[11][620]=-4008.81
dp[12][620]=-4028.35
dp[13][620]=-4054.41
dp[14][620]=-4034.85
dp[15][620]=-3984.48
dp[16][620]=-3922.5
dp[17][620]=-3825.93
dp[18][620]=-3724
dp[19][620]=-3606.35
dp[20][620]=-3485.39
dp[21][620]=-3363.09
dp[22][620]=-3230.36
dp[23][620]=-3017.84
dp[24][620]=-2765.8
Select best dp
Best k=13
Stratifying 3-th numerical feature ...
dp[2][620]=-681.481
dp[3][620]=-955.79
dp[4][620]=-1069.49
dp[5][620]=-1104.75
dp[6][620]=-1056.59
dp[7][620]=-1000
dp[8][620]=-917.33
dp[9][620]=-820.086
dp[10][620]=-705.106
dp[11][620]=-589.51
dp[12][620]=-470.654
dp[13][620]=-355.058
dp[14][620]=-216.652
dp[15][620]=-62.842
dp[16][620]=96.7742
dp[17][620]=273.688
dp[18][620]=453.278
dp[19][620]=640.731
dp[20][620]=829.835
dp[21][620]=1019.62
dp[22][620]=1214.61
dp[23][620]=1449.49
dp[24][620]=1704.14
Select best dp
Best k=5
Stratifying 3-th numerical feature ...
dp[2][620]=-3.55e+12
dp[3][620]=-4.21e+12
dp[4][620]=-4.62e+12
dp[5][620]=-4.62e+12
dp[6][620]=-4.62e+12
dp[7][620]=-4.62e+12
dp[8][620]=-4.62e+12
dp[9][620]=-4.62e+12
dp[10][620]=-4.62e+12
dp[11][620]=-4.62e+12
dp[12][620]=-4.62e+12
dp[13][620]=-4.62e+12
dp[14][620]=-4.62e+12
dp[15][620]=-4.62e+12
dp[16][620]=-4.62e+12
dp[17][620]=-4.62e+12
dp[18][620]=-4.62e+12
dp[19][620]=-4.62e+12
dp[20][620]=-4.62e+12
dp[21][620]=-4.62e+12
dp[22][620]=-4.62e+12
dp[23][620]=-4.62e+12
dp[24][620]=-4.46e+12
Select best dp
Best k=4
Stratifying 5-th numerical feature ...
dp[2][620]=-83.487
dp[3][620]=-92.0152
dp[4][620]=-20.241
dp[5][620]=90.7567
dp[6][620]=243.466
dp[7][620]=400.385
dp[8][620]=570.348
dp[9][620]=747.597
dp[10][620]=933.713
dp[11][620]=1120.14
dp[12][620]=1308.19
dp[13][620]=1494.62
dp[14][620]=1692.45
dp[15][620]=1897.98
dp[16][620]=2106.41
dp[17][620]=2323.5
dp[18][620]=2541.92
dp[19][620]=2764.27
dp[20][620]=2987.45
dp[21][620]=3210.97
dp[22][620]=3437.09
dp[23][620]=3683.16
dp[24][620]=3939.11
Select best dp
Best k=3
Stratifying 3-th numerical feature ...
dp[2][620]=-6.5e+11
dp[3][620]=-9.6e+11
dp[4][620]=-1.22e+12
dp[5][620]=-1.5e+12
dp[6][620]=-1.68e+12
dp[7][620]=-1.79e+12
dp[8][620]=-1.96e+12
dp[9][620]=-2.07e+12
dp[10][620]=-2.22e+12
dp[11][620]=-2.33e+12
dp[12][620]=-2.45e+12
dp[13][620]=-2.56e+12
dp[14][620]=-2.67e+12
dp[15][620]=-2.78e+12
dp[16][620]=-2.83e+12
dp[17][620]=-2.94e+12
dp[18][620]=-2.97e+12
dp[19][620]=-3.08e+12
dp[20][620]=-3.09e+12
dp[21][620]=-3.2e+12
dp[22][620]=-3.2e+12
dp[23][620]=-3.2e+12
dp[24][620]=-3.2e+12
Select best dp
Best k=21
Stratifying 4-th numerical feature ...
dp[2][620]=160.854
dp[3][620]=-160.909
dp[4][620]=-262.764
dp[5][620]=-320.426
dp[6][620]=-350.989
dp[7][620]=-302.405
dp[8][620]=-214.699
dp[9][620]=-124.198
dp[10][620]=-8.61523
dp[11][620]=120.572
dp[12][620]=253.339
dp[13][620]=395.638
dp[14][620]=541.497
dp[15][620]=702.416
dp[16][620]=869.682
dp[17][620]=1040.51
dp[18][620]=1219.03
dp[19][620]=1402.5
dp[20][620]=1586.32
dp[21][620]=1772.38
dp[22][620]=1967.28
dp[23][620]=2168.05
dp[24][620]=2381.16
Select best dp
Best k=6
Stratifying 2-th numerical feature ...
dp[2][620]=-6.5e+11
dp[3][620]=-9.6e+11
dp[4][620]=-1.22e+12
dp[5][620]=-1.5e+12
dp[6][620]=-1.68e+12
dp[7][620]=-1.79e+12
dp[8][620]=-1.96e+12
dp[9][620]=-2.07e+12
dp[10][620]=-2.22e+12
dp[11][620]=-2.33e+12
dp[12][620]=-2.46e+12
dp[13][620]=-2.58e+12
dp[14][620]=-2.68e+12
dp[15][620]=-2.8e+12
dp[16][620]=-2.84e+12
dp[17][620]=-2.96e+12
dp[18][620]=-2.98e+12
dp[19][620]=-3.1e+12
dp[20][620]=-3.1e+12
dp[21][620]=-3.22e+12
dp[22][620]=-3.22e+12
dp[23][620]=-3.33e+12
dp[24][620]=-3.33e+12
Select best dp
Best k=23
Stratifying 4-th numerical feature ...
dp[2][620]=-2.65e+12
dp[3][620]=-2.65e+12
dp[4][620]=-2.65e+12
dp[5][620]=-2.65e+12
dp[6][620]=-2.65e+12
dp[7][620]=-2.65e+12
dp[8][620]=-2.65e+12
dp[9][620]=-2.65e+12
dp[10][620]=-2.65e+12
dp[11][620]=-2.65e+12
dp[12][620]=-2.65e+12
dp[13][620]=-2.65e+12
dp[14][620]=-2.65e+12
dp[15][620]=-2.65e+12
dp[16][620]=-2.65e+12
Select best dp
Best k=5
dp[2][620]=-1.17e+12
dp[3][620]=-1.17e+12
dp[4][620]=-1.5e+12
dp[5][620]=-1.5e+12
dp[6][620]=-1.81e+12
dp[7][620]=-1.81e+12
dp[8][620]=-2.1e+12
dp[9][620]=-2.1e+12
dp[10][620]=-2.35e+12
dp[11][620]=-2.35e+12
dp[12][620]=-2.35e+12
dp[13][620]=-2.35e+12
dp[14][620]=-2.35e+12
dp[15][620]=-2.35e+12
dp[16][620]=-2.35e+12
dp[17][620]=-2.35e+12
dp[18][620]=-2.35e+12
dp[19][620]=-2.35e+12
dp[20][620]=-2.35e+12
dp[21][620]=-2.35e+12
dp[22][620]=-2.32e+12
dp[23][620]=-2.16e+12
dp[24][620]=-1.96e+12
Select best dp
Best k=11
Stratifying 6-th numerical feature ...
dp[2][620]=-1.17e+12
dp[3][620]=-1.17e+12
dp[4][620]=-1.5e+12
dp[5][620]=-1.5e+12
dp[6][620]=-1.81e+12
dp[7][620]=-1.81e+12
dp[8][620]=-2.1e+12
dp[9][620]=-2.1e+12
dp[10][620]=-2.35e+12
dp[11][620]=-2.35e+12
dp[12][620]=-2.35e+12
dp[13][620]=-2.35e+12
dp[14][620]=-2.35e+12
dp[15][620]=-2.35e+12
dp[16][620]=-2.35e+12
dp[17][620]=-2.35e+12
dp[18][620]=-2.35e+12
dp[19][620]=-2.35e+12
dp[20][620]=-2.35e+12
dp[21][620]=-2.35e+12
dp[22][620]=-2.32e+12
dp[23][620]=-2.16e+12
dp[24][620]=-1.96e+12
Select best dp
Best k=11
Stratifying 6-th numerical feature ...
dp[2][620]=-6.5e+11
dp[3][620]=-9.6e+11
dp[4][620]=-1.22e+12
dp[5][620]=-1.5e+12
dp[6][620]=-1.51e+12
dp[7][620]=-1.78e+12
dp[8][620]=-1.79e+12
dp[9][620]=-2.05e+12
dp[10][620]=-2.05e+12
dp[11][620]=-2.31e+12
dp[12][620]=-2.31e+12
dp[13][620]=-2.31e+12
dp[14][620]=-2.31e+12
dp[15][620]=-2.31e+12
dp[16][620]=-2.31e+12
dp[17][620]=-2.31e+12
dp[18][620]=-2.31e+12
dp[19][620]=-2.31e+12
dp[20][620]=-2.31e+12
dp[21][620]=-2.31e+12
dp[22][620]=-2.31e+12
dp[23][620]=-2.05e+12
dp[24][620]=-1.3e+12
Select best dp
Best k=13
Stratifying 4-th numerical feature ...
dp[2][620]=-3.55e+12
dp[3][620]=-4.21e+12
dp[4][620]=-4.62e+12
dp[5][620]=-4.86e+12
dp[6][620]=-4.99e+12
dp[7][620]=-5.14e+12
dp[8][620]=-5.35e+12
dp[9][620]=-5.5e+12
dp[10][620]=-5.53e+12
dp[11][620]=-5.68e+12
dp[12][620]=-5.68e+12
dp[13][620]=-5.68e+12
dp[14][620]=-5.68e+12
dp[15][620]=-5.68e+12
dp[16][620]=-5.68e+12
dp[17][620]=-5.68e+12
dp[18][620]=-5.68e+12
dp[19][620]=-5.68e+12
dp[20][620]=-5.68e+12
dp[21][620]=-5.68e+12
dp[22][620]=-5.68e+12
dp[23][620]=-5.68e+12
dp[24][620]=-5.68e+12
Select best dp
Best k=11
Stratifying 5-th numerical feature ...
dp[2][620]=514.506
dp[3][620]=771.76
dp[4][620]=1029.01
dp[5][620]=1286.27
dp[6][620]=1543.52
dp[7][620]=1800.77
dp[8][620]=2058.03
dp[9][620]=2315.28
dp[10][620]=2572.53
dp[11][620]=2829.79
dp[12][620]=3087.04
dp[13][620]=3344.29
dp[14][620]=3601.55
dp[15][620]=3858.8
dp[16][620]=4116.05
dp[17][620]=4373.31
dp[18][620]=4630.56
dp[19][620]=4887.81
dp[20][620]=5145.06
dp[21][620]=5402.32
dp[22][620]=5659.57
dp[23][620]=5916.82
dp[24][620]=6174.08
Select best dp
Best k=2
Stratifying 4-th numerical feature ...
dp[2][620]=-6.5e+11
dp[3][620]=-9.6e+11
dp[4][620]=-1.22e+12
dp[5][620]=-1.5e+12
dp[6][620]=-1.51e+12
dp[7][620]=-1.78e+12
dp[8][620]=-1.79e+12
dp[9][620]=-2.05e+12
dp[10][620]=-2.05e+12
dp[11][620]=-2.31e+12
dp[12][620]=-2.31e+12
dp[13][620]=-2.31e+12
dp[14][620]=-2.31e+12
dp[15][620]=-2.31e+12
dp[16][620]=-2.31e+12
dp[17][620]=-2.31e+12
dp[18][620]=-2.31e+12
dp[19][620]=-2.31e+12
dp[20][620]=-2.31e+12
dp[21][620]=-2.31e+12
dp[22][620]=-2.31e+12
dp[23][620]=-2.05e+12
dp[24][620]=-1.3e+12
Select best dp
Best k=13
Stratifying 4-th numerical feature ...
dp[2][620]=-2.65e+12
dp[3][620]=-2.9e+12
dp[4][620]=-2.9e+12
dp[5][620]=-2.9e+12
dp[6][620]=-2.9e+12
dp[7][620]=-2.9e+12
dp[8][620]=-2.9e+12
dp[9][620]=-2.9e+12
dp[10][620]=-2.9e+12
dp[11][620]=-2.9e+12
dp[12][620]=-2.9e+12
dp[13][620]=-2.9e+12
dp[14][620]=-2.9e+12
dp[15][620]=-2.9e+12
dp[16][620]=-2.9e+12
dp[17][620]=-2.9e+12
dp[18][620]=-2.9e+12
dp[19][620]=-2.9e+12
dp[20][620]=-2.9e+12
dp[21][620]=-2.9e+12
dp[22][620]=-2.9e+12
dp[23][620]=-2.9e+12
dp[24][620]=-2.9e+12
Select best dp
Best k=6
dp[2][620]=-6.5e+11
dp[3][620]=-9.6e+11
dp[4][620]=-1.22e+12
dp[5][620]=-1.5e+12
dp[6][620]=-1.51e+12
dp[7][620]=-1.78e+12
dp[8][620]=-1.79e+12
dp[9][620]=-2.05e+12
dp[10][620]=-2.05e+12
dp[11][620]=-2.31e+12
dp[12][620]=-2.31e+12
dp[13][620]=-2.31e+12
dp[14][620]=-2.31e+12
dp[15][620]=-2.31e+12
dp[16][620]=-2.31e+12
dp[17][620]=-2.31e+12
dp[18][620]=-2.31e+12
dp[19][620]=-2.31e+12
dp[20][620]=-2.31e+12
dp[21][620]=-2.31e+12
dp[22][620]=-2.31e+12
dp[23][620]=-2.05e+12
dp[24][620]=-1.3e+12
Select best dp
Best k=13
dp[2][620]=-3.55e+12
dp[3][620]=-4.21e+12
dp[4][620]=-4.62e+12
dp[5][620]=-4.86e+12
dp[6][620]=-4.99e+12
dp[7][620]=-5.14e+12
dp[8][620]=-5.35e+12
dp[9][620]=-5.5e+12
dp[10][620]=-5.53e+12
dp[11][620]=-5.68e+12
dp[12][620]=-5.68e+12
dp[13][620]=-5.73e+12
dp[14][620]=-5.73e+12
dp[15][620]=-5.73e+12
dp[16][620]=-5.73e+12
dp[17][620]=-5.73e+12
dp[18][620]=-5.73e+12
Stratifying 4-th numerical feature ...
dp[19][620]=-5.73e+12
dp[20][620]=-5.73e+12
dp[21][620]=-5.73e+12
dp[22][620]=-5.73e+12
dp[23][620]=-5.73e+12
dp[24][620]=-5.73e+12
Select best dp
Best k=13
Stratifying 5-th numerical feature ...
dp[2][620]=-6.5e+11
dp[3][620]=-9.6e+11
dp[4][620]=-1.22e+12
dp[5][620]=-1.5e+12
dp[6][620]=-1.51e+12
dp[7][620]=-1.78e+12
dp[8][620]=-1.79e+12
dp[9][620]=-2.05e+12
dp[10][620]=-2.05e+12
dp[11][620]=-2.31e+12
dp[12][620]=-2.31e+12
dp[13][620]=-2.31e+12
dp[14][620]=-2.31e+12
dp[15][620]=-2.31e+12
dp[16][620]=-2.31e+12
dp[17][620]=-2.31e+12
dp[18][620]=-2.31e+12
dp[19][620]=-2.31e+12
dp[20][620]=-2.31e+12
dp[21][620]=-2.31e+12
dp[22][620]=-2.31e+12
dp[23][620]=-2.05e+12
dp[24][620]=-1.3e+12
Select best dp
Best k=13
Stratifying 4-th numerical feature ...
dp[2][620]=-1.3e+12
dp[3][620]=-1.92e+12
dp[4][620]=-2.44e+12
dp[5][620]=-3e+12
dp[6][620]=-3.02e+12
dp[7][620]=-3.56e+12
dp[8][620]=-3.58e+12
dp[9][620]=-4.1e+12
dp[10][620]=-4.1e+12
dp[11][620]=-4.62e+12
dp[12][620]=-4.62e+12
dp[13][620]=-4.62e+12
dp[14][620]=-4.62e+12
dp[15][620]=-4.62e+12
dp[16][620]=-4.62e+12
dp[17][620]=-4.62e+12
dp[18][620]=-4.62e+12
dp[19][620]=-4.62e+12
dp[20][620]=-4.62e+12
dp[21][620]=-4.62e+12
dp[22][620]=-4.62e+12
dp[23][620]=-4.1e+12
dp[24][620]=-2.6e+12
Select best dp
Best k=15
Stratifying 4-th numerical feature ...
dp[2][620]=-2.65e+12
dp[3][620]=-2.9e+12
dp[4][620]=-2.9e+12
dp[5][620]=-2.9e+12
dp[6][620]=-2.9e+12
dp[7][620]=-2.9e+12
dp[8][620]=-2.9e+12
dp[9][620]=-2.9e+12
dp[10][620]=-2.9e+12
dp[11][620]=-2.9e+12
dp[12][620]=-2.9e+12
dp[13][620]=-2.9e+12
dp[14][620]=-2.9e+12
dp[15][620]=-2.9e+12
dp[16][620]=-2.9e+12
dp[17][620]=-2.9e+12
dp[18][620]=-2.9e+12
dp[19][620]=-2.9e+12
dp[20][620]=-2.9e+12
dp[21][620]=-2.9e+12
dp[22][620]=-2.9e+12
dp[23][620]=-2.9e+12
dp[24][620]=-2.9e+12
Select best dp
Best k=6
dp[2][620]=-3.25e+11
dp[3][620]=-4.8e+11
dp[4][620]=-6.1e+11
dp[5][620]=-7.5e+11
dp[6][620]=-7.55e+11
dp[7][620]=-8.9e+11
dp[8][620]=-8.95e+11
dp[9][620]=-1.025e+12
dp[10][620]=-1.025e+12
dp[11][620]=-1.155e+12
dp[12][620]=-1.155e+12
dp[13][620]=-1.155e+12
dp[14][620]=-1.155e+12
dp[15][620]=-1.155e+12
dp[16][620]=-1.155e+12
dp[17][620]=-1.155e+12
dp[18][620]=-1.155e+12
dp[19][620]=-1.155e+12
dp[20][620]=-1.155e+12
dp[21][620]=-1.155e+12
dp[22][620]=-1.155e+12
dp[23][620]=-1.025e+12
dp[24][620]=-6.5e+11
Select best dp
Best k=12
Stratifying 4-th numerical feature ...
dp[2][620]=-3.55e+12
dp[3][620]=-4.21e+12
dp[4][620]=-4.62e+12
dp[5][620]=-4.62e+12
dp[6][620]=-4.62e+12
dp[7][620]=-4.62e+12
dp[8][620]=-4.62e+12
dp[9][620]=-4.62e+12
dp[10][620]=-4.62e+12
dp[11][620]=-4.62e+12
dp[12][620]=-4.62e+12
dp[13][620]=-4.62e+12
dp[14][620]=-4.62e+12
dp[15][620]=-4.62e+12
dp[16][620]=-4.62e+12
dp[17][620]=-4.62e+12
dp[18][620]=-4.62e+12
dp[19][620]=-4.62e+12
dp[20][620]=-4.62e+12
dp[21][620]=-4.62e+12
dp[22][620]=-4.62e+12
dp[23][620]=-4.62e+12
dp[24][620]=-4.46e+12
Select best dp
Best k=4
Stratifying 5-th numerical feature ...
dp[2][620]=-1.775e+12
dp[3][620]=-2.105e+12
dp[4][620]=-2.31e+12
dp[5][620]=-2.31e+12
dp[6][620]=-2.31e+12
dp[7][620]=-2.31e+12
dp[8][620]=-2.31e+12
dp[9][620]=-2.31e+12
dp[10][620]=-2.31e+12
dp[11][620]=-2.31e+12
dp[12][620]=-2.31e+12
dp[13][620]=-2.31e+12
dp[14][620]=-2.31e+12
dp[15][620]=-2.31e+12
dp[16][620]=-2.31e+12
dp[17][620]=-2.31e+12
dp[18][620]=-2.31e+12
dp[19][620]=-2.31e+12
dp[20][620]=-2.31e+12
dp[21][620]=-2.31e+12
dp[22][620]=-2.31e+12
dp[23][620]=-2.31e+12
dp[24][620]=-2.23e+12
Select best dp
Best k=4
Stratifying 5-th numerical feature ...
dp[2][620]=-1.17e+12
dp[3][620]=-1.17e+12
dp[4][620]=-1.5e+12
dp[5][620]=-1.5e+12
dp[6][620]=-1.81e+12
dp[7][620]=-1.81e+12
dp[8][620]=-2.1e+12
dp[9][620]=-2.1e+12
dp[10][620]=-2.35e+12
dp[11][620]=-2.35e+12
dp[12][620]=-2.56e+12
dp[13][620]=-2.56e+12
dp[14][620]=-2.75e+12
dp[15][620]=-2.75e+12
dp[16][620]=-2.93e+12
dp[17][620]=-2.93e+12
dp[18][620]=-3.07e+12
dp[19][620]=-3.07e+12
dp[20][620]=-3.2e+12
dp[21][620]=-3.2e+12
dp[22][620]=-3.32e+12
dp[23][620]=-3.32e+12
dp[24][620]=-3.32e+12
Select best dp
Best k=22
Stratifying 6-th numerical feature ...
dp[2][620]=-3.55e+12
dp[3][620]=-4.21e+12
dp[4][620]=-4.62e+12
dp[5][620]=-4.62e+12
dp[6][620]=-4.62e+12
dp[7][620]=-4.62e+12
dp[8][620]=-4.62e+12
dp[9][620]=-4.62e+12
dp[10][620]=-4.62e+12
dp[11][620]=-4.62e+12
dp[12][620]=-4.62e+12
dp[13][620]=-4.62e+12
dp[14][620]=-4.62e+12
dp[15][620]=-4.62e+12
dp[16][620]=-4.62e+12
dp[17][620]=-4.62e+12
dp[18][620]=-4.62e+12
dp[19][620]=-4.62e+12
dp[20][620]=-4.62e+12
dp[21][620]=-4.62e+12
dp[22][620]=-4.62e+12
dp[23][620]=-4.62e+12
dp[24][620]=-4.46e+12
Select best dp
Best k=4
Stratifying 5-th numerical feature ...
dp[2][620]=-1.7e+11
dp[3][620]=-1.9e+11
dp[4][620]=-3.6e+11
dp[5][620]=-4.2e+11
dp[6][620]=-5.3e+11
dp[7][620]=-5.9e+11
dp[8][620]=-6.8e+11
dp[9][620]=-7.4e+11
dp[10][620]=-8.2e+11
dp[11][620]=-8.8e+11
dp[12][620]=-9.6e+11
dp[13][620]=-1.02e+12
dp[14][620]=-1.09e+12
dp[15][620]=-1.15e+12
dp[16][620]=-1.21e+12
dp[17][620]=-1.27e+12
dp[18][620]=-1.33e+12
dp[19][620]=-1.38e+12
dp[20][620]=-1.44e+12
dp[21][620]=-1.49e+12
dp[22][620]=-1.55e+12
dp[23][620]=-1.59e+12
dp[24][620]=-1.65e+12
Select best dp
Best k=24
Stratifying 3-th numerical feature ...
dp[2][620]=-1.17e+12
dp[3][620]=-1.17e+12
dp[4][620]=-1.5e+12
dp[5][620]=-1.5e+12
dp[6][620]=-1.81e+12
dp[7][620]=-1.81e+12
dp[8][620]=-2.1e+12
dp[9][620]=-2.1e+12
dp[10][620]=-2.35e+12
dp[11][620]=-2.35e+12
dp[12][620]=-2.58e+12
dp[13][620]=-2.58e+12
dp[14][620]=-2.79e+12
dp[15][620]=-2.79e+12
dp[16][620]=-2.97e+12
dp[17][620]=-2.97e+12
dp[18][620]=-3.11e+12
dp[19][620]=-3.11e+12
dp[20][620]=-3.25e+12
dp[21][620]=-3.25e+12
dp[22][620]=-3.37e+12
dp[23][620]=-3.37e+12
dp[24][620]=-3.37e+12
Select best dp
Best k=22
Stratifying 6-th numerical feature ...
dp[2][620]=-1.17e+12
dp[3][620]=-1.17e+12
dp[4][620]=-1.5e+12
dp[5][620]=-1.5e+12
dp[6][620]=-1.81e+12
dp[7][620]=-1.81e+12
dp[8][620]=-2.1e+12
dp[9][620]=-2.1e+12
dp[10][620]=-2.35e+12
dp[11][620]=-2.35e+12
dp[12][620]=-2.35e+12
dp[13][620]=-2.35e+12
dp[14][620]=-2.35e+12
dp[15][620]=-2.35e+12
dp[16][620]=-2.35e+12
dp[17][620]=-2.35e+12
dp[18][620]=-2.35e+12
dp[19][620]=-2.35e+12
dp[20][620]=-2.35e+12
dp[21][620]=-2.35e+12
dp[22][620]=-2.32e+12
dp[23][620]=-2.16e+12
dp[24][620]=-1.96e+12
Select best dp
Best k=11
Stratifying 6-th numerical feature ...
dp[2][620]=-3.55e+12
dp[3][620]=-4.21e+12
dp[4][620]=-4.62e+12
dp[5][620]=-4.62e+12
dp[6][620]=-4.62e+12
dp[7][620]=-4.62e+12
dp[8][620]=-4.62e+12
dp[9][620]=-4.62e+12
dp[10][620]=-4.62e+12
dp[11][620]=-4.62e+12
dp[12][620]=-4.62e+12
dp[13][620]=-4.62e+12
dp[14][620]=-4.62e+12
dp[15][620]=-4.62e+12
dp[16][620]=-4.62e+12
dp[17][620]=-4.62e+12
dp[18][620]=-4.62e+12
dp[19][620]=-4.62e+12
dp[20][620]=-4.62e+12
dp[21][620]=-4.62e+12
dp[22][620]=-4.62e+12
dp[23][620]=-4.62e+12
dp[24][620]=-4.46e+12
Select best dp
Best k=4
dp[2][620]=-3.55e+12
dp[3][620]=-4.21e+12
dp[4][620]=-4.62e+12
dp[5][620]=-4.62e+12
dp[6][620]=-4.62e+12
dp[7][620]=-4.62e+12
dp[8][620]=-4.62e+12
dp[9][620]=-4.62e+12
dp[10][620]=-4.62e+12
dp[11][620]=-4.62e+12
dp[12][620]=-4.62e+12
dp[13][620]=-4.62e+12
dp[14][620]=-4.62e+12
dp[15][620]=-4.62e+12
dp[16][620]=-4.62e+12
dp[17][620]=-4.62e+12
dp[18][620]=-4.62e+12
dp[19][620]=-4.62e+12
dp[20][620]=-4.62e+12
dp[21][620]=-4.62e+12
dp[22][620]=-4.62e+12
dp[23][620]=-4.62e+12
dp[24][620]=-4.46e+12
Select best dp
Best k=4
Stratifying 5-th numerical feature ...
Stratifying 5-th numerical feature ...
dp[2][620]=-7.1e+12
dp[3][620]=-8.42e+12
dp[4][620]=-9.24e+12
dp[5][620]=-9.24e+12
dp[6][620]=-9.24e+12
dp[7][620]=-9.24e+12
dp[8][620]=-9.24e+12
dp[9][620]=-9.24e+12
dp[10][620]=-9.24e+12
dp[11][620]=-9.24e+12
dp[12][620]=-9.24e+12
dp[13][620]=-9.24e+12
dp[14][620]=-9.24e+12
dp[15][620]=-9.24e+12
dp[16][620]=-9.24e+12
dp[17][620]=-9.24e+12
dp[18][620]=-9.24e+12
dp[19][620]=-9.24e+12
dp[20][620]=-9.24e+12
dp[21][620]=-9.24e+12
dp[22][620]=-9.24e+12
dp[23][620]=-9.24e+12
dp[24][620]=-8.92e+12
Select best dp
Best k=6
Stratifying 5-th numerical feature ...
dp[2][620]=514.506
dp[3][620]=771.76
dp[4][620]=1029.01
dp[5][620]=1286.27
dp[6][620]=1543.52
dp[7][620]=1800.77
dp[8][620]=2058.03
dp[9][620]=2315.28
dp[10][620]=2572.53
dp[11][620]=2829.79
dp[12][620]=3087.04
dp[13][620]=3344.29
dp[14][620]=3601.55
dp[15][620]=3858.8
dp[16][620]=4116.05
dp[17][620]=4373.31
dp[18][620]=4630.56
dp[19][620]=4887.81
dp[20][620]=5145.06
dp[21][620]=5402.32
dp[22][620]=5659.57
dp[23][620]=5916.82
dp[24][620]=6174.08
Select best dp
Best k=2
Stratifying 5-th numerical feature ...
dp[2][620]=-5.85e+11
dp[3][620]=-5.85e+11
dp[4][620]=-7.5e+11
dp[5][620]=-7.5e+11
dp[6][620]=-9.05e+11
dp[7][620]=-9.05e+11
dp[8][620]=-1.05e+12
dp[9][620]=-1.05e+12
dp[10][620]=-1.175e+12
dp[11][620]=-1.175e+12
dp[12][620]=-1.175e+12
dp[13][620]=-1.175e+12
dp[14][620]=-1.175e+12
dp[15][620]=-1.175e+12
dp[16][620]=-1.175e+12
dp[17][620]=-1.175e+12
dp[18][620]=-1.175e+12
dp[19][620]=-1.175e+12
dp[20][620]=-1.175e+12
dp[21][620]=-1.175e+12
dp[22][620]=-1.16e+12
dp[23][620]=-1.08e+12
dp[24][620]=-9.8e+11
Select best dp
Best k=10
Stratifying 6-th numerical feature ...
dp[2][620]=-1.17e+12
dp[3][620]=-1.17e+12
dp[4][620]=-1.5e+12
dp[5][620]=-1.5e+12
dp[6][620]=-1.81e+12
dp[7][620]=-1.81e+12
dp[8][620]=-2.1e+12
dp[9][620]=-2.1e+12
dp[10][620]=-2.35e+12
dp[11][620]=-2.35e+12
dp[12][620]=-2.35e+12
dp[13][620]=-2.35e+12
dp[14][620]=-2.35e+12
dp[15][620]=-2.35e+12
dp[16][620]=-2.35e+12
dp[17][620]=-2.35e+12
dp[18][620]=-2.35e+12
dp[19][620]=-2.35e+12
dp[20][620]=-2.35e+12
dp[21][620]=-2.35e+12
dp[22][620]=-2.32e+12
dp[23][620]=-2.16e+12
dp[24][620]=-1.96e+12
Select best dp
Best k=11
Stratifying 6-th numerical feature ...
dp[2][620]=-2.65e+12
dp[3][620]=-2.9e+12
dp[4][620]=-2.9e+12
dp[5][620]=-2.9e+12
dp[6][620]=-2.9e+12
dp[7][620]=-2.9e+12
dp[8][620]=-2.9e+12
dp[9][620]=-2.9e+12
dp[10][620]=-2.9e+12
dp[11][620]=-2.9e+12
dp[12][620]=-2.9e+12
dp[13][620]=-2.9e+12
dp[14][620]=-2.9e+12
dp[15][620]=-2.9e+12
dp[16][620]=-2.9e+12
dp[17][620]=-2.9e+12
dp[18][620]=-2.9e+12
dp[19][620]=-2.9e+12
dp[20][620]=-2.9e+12
dp[21][620]=-2.9e+12
dp[22][620]=-2.9e+12
dp[23][620]=-2.9e+12
dp[24][620]=-2.9e+12
Select best dp
Best k=6
dp[2][620]=-2.65e+12
dp[3][620]=-2.9e+12
dp[4][620]=-2.9e+12
dp[5][620]=-2.9e+12
dp[6][620]=-2.9e+12
dp[7][620]=-2.9e+12
dp[8][620]=-2.9e+12
dp[9][620]=-2.9e+12
dp[10][620]=-2.9e+12
dp[11][620]=-2.9e+12
dp[12][620]=-2.9e+12
dp[13][620]=-2.9e+12
dp[14][620]=-2.9e+12
dp[15][620]=-2.9e+12
dp[16][620]=-2.9e+12
dp[17][620]=-2.9e+12
dp[18][620]=-2.9e+12
dp[19][620]=-2.9e+12
dp[20][620]=-2.9e+12
dp[21][620]=-2.9e+12
dp[22][620]=-2.9e+12
dp[23][620]=-2.9e+12
dp[24][620]=-2.9e+12
Select best dp
Best k=6
dp[2][620]=-2.65e+12
dp[3][620]=-2.9e+12
dp[4][620]=-2.9e+12
dp[5][620]=-3e+12
dp[6][620]=-3e+12
dp[7][620]=-3e+12
dp[8][620]=-3e+12
dp[9][620]=-3e+12
dp[10][620]=-3e+12
dp[11][620]=-3e+12
dp[12][620]=-3e+12
dp[13][620]=-3e+12
dp[14][620]=-3e+12
dp[15][620]=-3e+12
dp[16][620]=-3e+12
dp[17][620]=-3e+12
dp[18][620]=-3e+12
dp[19][620]=-3e+12
dp[20][620]=-3e+12
dp[21][620]=-3e+12
dp[22][620]=-3e+12
dp[23][620]=-3e+12
dp[24][620]=-3e+12
Select best dp
Best k=7
dp[2][620]=-1.325e+12
dp[3][620]=-1.45e+12
dp[4][620]=-1.45e+12
dp[5][620]=-1.45e+12
dp[6][620]=-1.45e+12
dp[7][620]=-1.45e+12
dp[8][620]=-1.45e+12
dp[9][620]=-1.45e+12
dp[10][620]=-1.45e+12
dp[11][620]=-1.45e+12
dp[12][620]=-1.45e+12
dp[13][620]=-1.45e+12
dp[14][620]=-1.45e+12
dp[15][620]=-1.45e+12
dp[16][620]=-1.45e+12
dp[17][620]=-1.45e+12
dp[18][620]=-1.45e+12
dp[19][620]=-1.45e+12
dp[20][620]=-1.45e+12
dp[21][620]=-1.45e+12
dp[22][620]=-1.45e+12
dp[23][620]=-1.45e+12
dp[24][620]=-1.45e+12
Select best dp
Best k=5
dp[2][620]=-185.974
dp[3][620]=-490.905
dp[4][620]=-619.856
dp[5][620]=-670.147
dp[6][620]=-646.431
dp[7][620]=-604.921
dp[8][620]=-544.854
dp[9][620]=-448.913
dp[10][620]=-342.703
dp[11][620]=-236.337
dp[12][620]=-127.687
dp[13][620]=-17.5008
dp[14][620]=117.246
dp[15][620]=262.929
dp[16][620]=418.473
dp[17][620]=587.709
dp[18][620]=760.543
dp[19][620]=939.072
dp[20][620]=1120.47
dp[21][620]=1305.51
dp[22][620]=1493.47
dp[23][620]=1730.99
dp[24][620]=1977.8
Select best dp
Best k=5
Stratifying 3-th numerical feature ...
dp[2][620]=-2.65e+12
dp[3][620]=-2.9e+12
dp[4][620]=-2.9e+12
dp[5][620]=-2.9e+12
dp[6][620]=-2.9e+12
dp[7][620]=-2.9e+12
dp[8][620]=-2.9e+12
dp[9][620]=-2.9e+12
dp[10][620]=-2.9e+12
dp[11][620]=-2.9e+12
dp[12][620]=-2.9e+12
dp[13][620]=-2.9e+12
dp[14][620]=-2.9e+12
dp[15][620]=-2.9e+12
dp[16][620]=-2.9e+12
dp[17][620]=-2.9e+12
dp[18][620]=-2.9e+12
dp[19][620]=-2.9e+12
dp[20][620]=-2.9e+12
dp[21][620]=-2.9e+12
dp[22][620]=-2.9e+12
dp[23][620]=-2.9e+12
dp[24][620]=-2.9e+12
Select best dp
Best k=6
dp[2][620]=514.506
dp[3][620]=771.76
dp[4][620]=1029.01
dp[5][620]=1286.27
dp[6][620]=1543.52
dp[7][620]=1800.77
dp[8][620]=2058.03
dp[9][620]=2315.28
dp[10][620]=2572.53
dp[11][620]=2829.79
dp[12][620]=3087.04
dp[13][620]=3344.29
dp[14][620]=3601.55
dp[15][620]=3858.8
dp[16][620]=4116.05
dp[17][620]=4373.31
dp[18][620]=4630.56
dp[19][620]=4887.81
dp[20][620]=5145.06
dp[21][620]=5402.32
dp[22][620]=5659.57
dp[23][620]=5916.82
dp[24][620]=6174.08
Select best dp
Best k=2
Stratifying 6-th numerical feature ...
dp[2][620]=-1.17e+12
dp[3][620]=-1.17e+12
dp[4][620]=-1.5e+12
dp[5][620]=-1.5e+12
dp[6][620]=-1.81e+12
dp[7][620]=-1.81e+12
dp[8][620]=-2.1e+12
dp[9][620]=-2.1e+12
dp[10][620]=-2.35e+12
dp[11][620]=-2.35e+12
dp[12][620]=-2.35e+12
dp[13][620]=-2.35e+12
dp[14][620]=-2.35e+12
dp[15][620]=-2.35e+12
dp[16][620]=-2.35e+12
dp[17][620]=-2.35e+12
dp[18][620]=-2.35e+12
dp[19][620]=-2.35e+12
dp[20][620]=-2.35e+12
dp[21][620]=-2.35e+12
dp[22][620]=-2.32e+12
dp[23][620]=-2.16e+12
dp[24][620]=-1.96e+12
Select best dp
Best k=11
Stratifying 6-th numerical feature ...
dp[2][620]=-1.17e+12
dp[3][620]=-1.17e+12
dp[4][620]=-1.5e+12
dp[5][620]=-1.5e+12
dp[6][620]=-1.81e+12
dp[7][620]=-1.81e+12
dp[8][620]=-2.1e+12
dp[9][620]=-2.1e+12
dp[10][620]=-2.35e+12
dp[11][620]=-2.35e+12
dp[12][620]=-2.35e+12
dp[13][620]=-2.35e+12
dp[14][620]=-2.35e+12
dp[15][620]=-2.35e+12
dp[16][620]=-2.35e+12
dp[17][620]=-2.35e+12
dp[18][620]=-2.35e+12
dp[19][620]=-2.35e+12
dp[20][620]=-2.35e+12
dp[21][620]=-2.35e+12
dp[22][620]=-2.32e+12
dp[23][620]=-2.16e+12
dp[24][620]=-1.96e+12
Select best dp
Best k=11
Stratifying 6-th numerical feature ...
dp[2][620]=-2.34e+12
dp[3][620]=-2.34e+12
dp[4][620]=-3e+12
dp[5][620]=-3e+12
dp[6][620]=-3.62e+12
dp[7][620]=-3.62e+12
dp[8][620]=-4.2e+12
dp[9][620]=-4.2e+12
dp[10][620]=-4.7e+12
dp[11][620]=-4.7e+12
dp[12][620]=-4.7e+12
dp[13][620]=-4.7e+12
dp[14][620]=-4.7e+12
dp[15][620]=-4.7e+12
dp[16][620]=-4.7e+12
dp[17][620]=-4.7e+12
dp[18][620]=-4.7e+12
dp[19][620]=-4.7e+12
dp[20][620]=-4.7e+12
dp[21][620]=-4.7e+12
dp[22][620]=-4.64e+12
dp[23][620]=-4.32e+12
dp[24][620]=-3.92e+12
Select best dp
Best k=13
Stratifying 6-th numerical feature ...
dp[2][620]=-6.5e+11
dp[3][620]=-9.6e+11
dp[4][620]=-1.22e+12
dp[5][620]=-1.5e+12
dp[6][620]=-1.68e+12
dp[7][620]=-1.79e+12
dp[8][620]=-2.02e+12
dp[9][620]=-2.14e+12
dp[10][620]=-2.3e+12
dp[11][620]=-2.42e+12
dp[12][620]=-2.56e+12
dp[13][620]=-2.68e+12
dp[14][620]=-2.78e+12
dp[15][620]=-2.9e+12
dp[16][620]=-2.96e+12
dp[17][620]=-3.06e+12
dp[18][620]=-3.12e+12
dp[19][620]=-3.2e+12
dp[20][620]=-3.26e+12
dp[21][620]=-3.32e+12
dp[22][620]=-3.38e+12
dp[23][620]=-3.44e+12
dp[24][620]=-3.5e+12
Select best dp
Best k=24
Stratifying 4-th numerical feature ...
dp[2][620]=514.506
dp[3][620]=771.76
dp[4][620]=1029.01
dp[5][620]=1286.27
dp[6][620]=1543.52
dp[7][620]=1800.77
dp[8][620]=2058.03
dp[9][620]=2315.28
dp[10][620]=2572.53
dp[11][620]=2829.79
dp[12][620]=3087.04
dp[13][620]=3344.29
dp[14][620]=3601.55
dp[15][620]=3858.8
dp[16][620]=4116.05
dp[17][620]=4373.31
dp[18][620]=4630.56
dp[19][620]=4887.81
dp[20][620]=5145.06
dp[21][620]=5402.32
dp[22][620]=5659.57
dp[23][620]=5916.82
dp[24][620]=6174.08
Select best dp
Best k=2
dp[2][620]=-2.65e+12
dp[3][620]=-2.9e+12
dp[4][620]=-2.9e+12
dp[5][620]=-2.9e+12
dp[6][620]=-2.9e+12
dp[7][620]=-2.9e+12
dp[8][620]=-2.9e+12
dp[9][620]=-2.9e+12
dp[10][620]=-2.9e+12
dp[11][620]=-2.9e+12
dp[12][620]=-2.9e+12
dp[13][620]=-2.9e+12
dp[14][620]=-2.9e+12
dp[15][620]=-2.9e+12
dp[16][620]=-2.9e+12
dp[17][620]=-2.9e+12
dp[18][620]=-2.9e+12
dp[19][620]=-2.9e+12
dp[20][620]=-2.9e+12
dp[21][620]=-2.9e+12
dp[22][620]=-2.9e+12
dp[23][620]=-2.9e+12
dp[24][620]=-2.9e+12
Select best dp
Best k=6
dp[2][620]=-2.65e+12
dp[3][620]=-2.9e+12
dp[4][620]=-2.9e+12
dp[5][620]=-2.9e+12
dp[6][620]=-2.9e+12
dp[7][620]=-2.9e+12
dp[8][620]=-2.9e+12
dp[9][620]=-2.9e+12
dp[10][620]=-2.9e+12
dp[11][620]=-2.9e+12
dp[12][620]=-2.9e+12
dp[13][620]=-2.9e+12
dp[14][620]=-2.9e+12
dp[15][620]=-2.9e+12
dp[16][620]=-2.9e+12
dp[17][620]=-2.9e+12
dp[18][620]=-2.9e+12
dp[19][620]=-2.9e+12
dp[20][620]=-2.9e+12
dp[21][620]=-2.9e+12
dp[22][620]=-2.9e+12
dp[23][620]=-2.9e+12
dp[24][620]=-2.9e+12
Select best dp
Best k=6
dp[2][620]=-5.3e+12
dp[3][620]=-5.8e+12
dp[4][620]=-5.8e+12
dp[5][620]=-5.8e+12
dp[6][620]=-5.8e+12
dp[7][620]=-5.8e+12
dp[8][620]=-5.8e+12
dp[9][620]=-5.8e+12
dp[10][620]=-5.8e+12
dp[11][620]=-5.8e+12
dp[12][620]=-5.8e+12
dp[13][620]=-5.8e+12
dp[14][620]=-5.8e+12
dp[15][620]=-5.8e+12
dp[16][620]=-5.8e+12
dp[17][620]=-5.8e+12
dp[18][620]=-5.8e+12
dp[19][620]=-5.8e+12
dp[20][620]=-5.8e+12
dp[21][620]=-5.8e+12
dp[22][620]=-5.8e+12
dp[23][620]=-5.8e+12
dp[24][620]=-5.8e+12
Select best dp
Best k=9
dp[2][620]=-3.55e+12
dp[3][620]=-4.21e+12
dp[4][620]=-4.62e+12
dp[5][620]=-4.86e+12
dp[6][620]=-4.99e+12
dp[7][620]=-5.14e+12
dp[8][620]=-5.35e+12
dp[9][620]=-5.5e+12
dp[10][620]=-5.59e+12
dp[11][620]=-5.69e+12
dp[12][620]=-5.77e+12
dp[13][620]=-5.93e+12
dp[14][620]=-6e+12
dp[15][620]=-6e+12
dp[16][620]=-6.03e+12
dp[17][620]=-6.03e+12
dp[18][620]=-6.03e+12
dp[19][620]=-6.03e+12
dp[20][620]=-6.03e+12
dp[21][620]=-6.03e+12
dp[22][620]=-6.03e+12
dp[23][620]=-6.03e+12
dp[24][620]=-6.03e+12
Select best dp
Best k=16
Stratifying 5-th numerical feature ...
dp[2][620]=-1.17e+12
dp[3][620]=-1.17e+12
dp[4][620]=-1.5e+12
dp[5][620]=-1.5e+12
dp[6][620]=-1.81e+12
dp[7][620]=-1.81e+12
dp[8][620]=-2.1e+12
dp[9][620]=-2.1e+12
dp[10][620]=-2.36e+12
dp[11][620]=-2.36e+12
dp[12][620]=-2.61e+12
dp[13][620]=-2.61e+12
dp[14][620]=-2.82e+12
dp[15][620]=-2.82e+12
dp[16][620]=-3e+12
dp[17][620]=-3e+12
dp[18][620]=-3.14e+12
dp[19][620]=-3.14e+12
dp[20][620]=-3.28e+12
dp[21][620]=-3.28e+12
dp[22][620]=-3.4e+12
dp[23][620]=-3.4e+12
dp[24][620]=-3.5e+12
Select best dp
Best k=24
Stratifying 6-th numerical feature ...
dp[2][620]=-6.5e+11
dp[3][620]=-9.6e+11
dp[4][620]=-1.22e+12
dp[5][620]=-1.5e+12
dp[6][620]=-1.51e+12
dp[7][620]=-1.78e+12
dp[8][620]=-1.79e+12
dp[9][620]=-2.05e+12
dp[10][620]=-2.05e+12
dp[11][620]=-2.31e+12
dp[12][620]=-2.31e+12
dp[13][620]=-2.31e+12
dp[14][620]=-2.31e+12
dp[15][620]=-2.31e+12
dp[16][620]=-2.31e+12
dp[17][620]=-2.31e+12
dp[18][620]=-2.31e+12
dp[19][620]=-2.31e+12
dp[20][620]=-2.31e+12
dp[21][620]=-2.31e+12
dp[22][620]=-2.31e+12
dp[23][620]=-2.05e+12
dp[24][620]=-1.3e+12
Select best dp
Best k=13
Stratifying 4-th numerical feature ...
dp[2][620]=-2.65e+12
dp[3][620]=-2.9e+12
dp[4][620]=-2.96e+12
dp[5][620]=-3.02e+12
dp[6][620]=-3.07e+12
dp[7][620]=-3.15e+12
dp[8][620]=-3.22e+12
dp[9][620]=-3.25e+12
dp[10][620]=-3.32e+12
dp[11][620]=-3.32e+12
dp[12][620]=-3.39e+12
dp[13][620]=-3.39e+12
dp[14][620]=-3.46e+12
dp[15][620]=-3.46e+12
dp[16][620]=-3.52e+12
dp[17][620]=-3.52e+12
dp[18][620]=-3.58e+12
dp[19][620]=-3.58e+12
dp[20][620]=-3.63e+12
dp[21][620]=-3.63e+12
dp[22][620]=-3.63e+12
dp[23][620]=-3.63e+12
dp[24][620]=-3.63e+12
Select best dp
Best k=21
dp[2][620]=-3.55e+12
dp[3][620]=-4.21e+12
dp[4][620]=-4.62e+12
dp[5][620]=-4.62e+12
dp[6][620]=-4.62e+12
dp[7][620]=-4.62e+12
dp[8][620]=-4.62e+12
dp[9][620]=-4.62e+12
dp[10][620]=-4.62e+12
dp[11][620]=-4.62e+12
dp[12][620]=-4.62e+12
dp[13][620]=-4.62e+12
dp[14][620]=-4.62e+12
dp[15][620]=-4.62e+12
dp[16][620]=-4.62e+12
dp[17][620]=-4.62e+12
dp[18][620]=-4.62e+12
dp[19][620]=-4.62e+12
dp[20][620]=-4.62e+12
dp[21][620]=-4.62e+12
dp[22][620]=-4.62e+12
dp[23][620]=-4.62e+12
dp[24][620]=-4.46e+12
Select best dp
Best k=4
Stratifying 5-th numerical feature ...
dp[2][620]=-1.17e+12
dp[3][620]=-1.17e+12
dp[4][620]=-1.5e+12
dp[5][620]=-1.5e+12
dp[6][620]=-1.81e+12
dp[7][620]=-1.81e+12
dp[8][620]=-2.1e+12
dp[9][620]=-2.1e+12
dp[10][620]=-2.35e+12
dp[11][620]=-2.35e+12
dp[12][620]=-2.35e+12
dp[13][620]=-2.35e+12
dp[14][620]=-2.35e+12
dp[15][620]=-2.35e+12
dp[16][620]=-2.35e+12
dp[17][620]=-2.35e+12
dp[18][620]=-2.35e+12
dp[19][620]=-2.35e+12
dp[20][620]=-2.35e+12
dp[21][620]=-2.35e+12
dp[22][620]=-2.32e+12
dp[23][620]=-2.16e+12
dp[24][620]=-1.96e+12
Select best dp
Best k=11
Stratifying 6-th numerical feature ...
dp[2][620]=-2.65e+12
dp[3][620]=-2.9e+12
dp[4][620]=-2.9e+12
dp[5][620]=-2.9e+12
dp[6][620]=-2.9e+12
dp[7][620]=-2.9e+12
dp[8][620]=-2.9e+12
dp[9][620]=-2.9e+12
dp[10][620]=-2.9e+12
dp[11][620]=-2.9e+12
dp[12][620]=-2.9e+12
dp[13][620]=-2.9e+12
dp[14][620]=-2.9e+12
dp[15][620]=-2.9e+12
dp[16][620]=-2.9e+12
dp[17][620]=-2.9e+12
dp[18][620]=-2.9e+12
dp[19][620]=-2.9e+12
dp[20][620]=-2.9e+12
dp[21][620]=-2.9e+12
dp[22][620]=-2.9e+12
dp[23][620]=-2.9e+12
dp[24][620]=-2.9e+12
Select best dp
Best k=6
