Standardize ...
Stratifying 1-th numerical feature ...
Standardize ...
Stratifying 1-th numerical feature ...
Standardize ...
Stratifying 1-th numerical feature ...
Standardize ...
Stratifying 1-th numerical feature ...
Standardize ...
Stratifying 1-th numerical feature ...
Standardize ...
Stratifying 1-th numerical feature ...
Standardize ...
Stratifying 1-th numerical feature ...
Standardize ...
Stratifying 1-th numerical feature ...
Standardize ...
Stratifying 1-th numerical feature ...
Standardize ...
Stratifying 1-th numerical feature ...
Standardize ...
Stratifying 1-th numerical feature ...
Standardize ...
Stratifying 1-th numerical feature ...
Standardize ...
Stratifying 1-th numerical feature ...
Standardize ...
Stratifying 1-th numerical feature ...
dp[2][467]=184.454
dp[3][467]=276.681
dp[4][467]=368.908
dp[5][467]=461.135
dp[6][467]=553.362
dp[7][467]=645.589
dp[8][467]=737.816
dp[9][467]=830.043
dp[10][467]=922.27
dp[11][467]=1014.5
dp[12][467]=1106.72
dp[13][467]=1198.95
dp[14][467]=1291.18
dp[15][467]=1383.41
dp[16][467]=1475.63
dp[17][467]=1567.86
dp[18][467]=1660.09
dp[19][467]=1752.31
dp[20][467]=1844.54
dp[21][467]=1936.77
Select best dp
Best k=2
dp[2][467]=-340.871
dp[3][467]=-614.949
dp[4][467]=-773.933
dp[5][467]=-897.394
dp[6][467]=-982.861
dp[7][467]=-1043.22
dp[8][467]=-1100.81
dp[9][467]=-1110.36
dp[10][467]=-1112.78
dp[11][467]=-1104.98
dp[12][467]=-1071.25
dp[13][467]=-1005.52
dp[14][467]=-847.094
Select best dp
Best k=10
dp[2][467]=-340.871
dp[3][467]=-2.4e+11
dp[4][467]=-2.4e+11
dp[5][467]=-4.7e+11
dp[6][467]=-4.7e+11
dp[7][467]=-7e+11
dp[8][467]=-7e+11
dp[9][467]=-7e+11
dp[10][467]=-7e+11
dp[11][467]=-7e+11
dp[12][467]=-7e+11
dp[13][467]=-7e+11
dp[14][467]=-7e+11
dp[15][467]=-7e+11
dp[16][467]=-7e+11
dp[17][467]=-7e+11
dp[18][467]=-7e+11
dp[19][467]=-7e+11
dp[20][467]=-4.6e+11
dp[21][467]=-495.003
Select best dp
Best k=11
dp[2][467]=-340.871
dp[3][467]=-2.4e+11
dp[4][467]=-2.4e+11
dp[5][467]=-4.7e+11
dp[6][467]=-4.7e+11
dp[7][467]=-7e+11
dp[8][467]=-7e+11
dp[9][467]=-7e+11
dp[10][467]=-7e+11
dp[11][467]=-7e+11
dp[12][467]=-7e+11
dp[13][467]=-7e+11
dp[14][467]=-7e+11
dp[15][467]=-7e+11
dp[16][467]=-7e+11
dp[17][467]=-7e+11
dp[18][467]=-7e+11
dp[19][467]=-7e+11
dp[20][467]=-4.6e+11
dp[21][467]=-495.003
Select best dp
Best k=11
dp[2][467]=-340.871
dp[3][467]=-2.4e+11
dp[4][467]=-2.4e+11
dp[5][467]=-4.7e+11
dp[6][467]=-4.7e+11
dp[7][467]=-7e+11
dp[8][467]=-7e+11
dp[9][467]=-7e+11
dp[10][467]=-7e+11
dp[11][467]=-7e+11
dp[12][467]=-7e+11
dp[13][467]=-7e+11
dp[14][467]=-7e+11
dp[15][467]=-7e+11
dp[16][467]=-7e+11
dp[17][467]=-7e+11
dp[18][467]=-7e+11
dp[19][467]=-7e+11
dp[20][467]=-4.6e+11
dp[21][467]=-495.003
Select best dp
Best k=11
dp[2][467]=-340.871
dp[3][467]=-2.4e+11
dp[4][467]=-2.4e+11
dp[5][467]=-4.7e+11
dp[6][467]=-4.7e+11
dp[7][467]=-7e+11
dp[8][467]=-7e+11
dp[9][467]=-7e+11
dp[10][467]=-7e+11
dp[11][467]=-7e+11
dp[12][467]=-7e+11
dp[13][467]=-7e+11
dp[14][467]=-7e+11
dp[15][467]=-7e+11
dp[16][467]=-7e+11
dp[17][467]=-7e+11
dp[18][467]=-7e+11
dp[19][467]=-7e+11
dp[20][467]=-4.6e+11
dp[21][467]=-495.003
Select best dp
Best k=11
dp[2][467]=-340.871
dp[3][467]=-2.4e+11
dp[4][467]=-4.1e+11
dp[5][467]=-5.5e+11
dp[6][467]=-6.5e+11
dp[7][467]=-7.9e+11
dp[8][467]=-9.6e+11
dp[9][467]=-1.06e+12
dp[10][467]=-1.2e+12
dp[11][467]=-1.3e+12
dp[12][467]=-1.47e+12
dp[13][467]=-1.54e+12
dp[14][467]=-1.71e+12
dp[15][467]=-1.77e+12
dp[16][467]=-1.94e+12
dp[17][467]=-1.99e+12
dp[18][467]=-2.16e+12
dp[19][467]=-2.2e+12
dp[20][467]=-2.32e+12
dp[21][467]=-2.42e+12
Select best dp
Best k=21
dp[2][467]=-340.871
dp[3][467]=-2.4e+11
dp[4][467]=-4.1e+11
dp[5][467]=-5.5e+11
dp[6][467]=-6.5e+11
dp[7][467]=-7.9e+11
dp[8][467]=-9.6e+11
dp[9][467]=-1.06e+12
dp[10][467]=-1.2e+12
dp[11][467]=-1.3e+12
dp[12][467]=-1.47e+12
dp[13][467]=-1.54e+12
dp[14][467]=-1.71e+12
dp[15][467]=-1.77e+12
dp[16][467]=-1.94e+12
dp[17][467]=-1.99e+12
dp[18][467]=-2.16e+12
dp[19][467]=-2.2e+12
dp[20][467]=-2.32e+12
dp[21][467]=-2.42e+12
Select best dp
Best k=21
dp[2][467]=-340.871
dp[3][467]=-2.4e+11
dp[4][467]=-2.4e+11
dp[5][467]=-4.7e+11
dp[6][467]=-4.7e+11
dp[7][467]=-7e+11
dp[8][467]=-7e+11
dp[9][467]=-7e+11
dp[10][467]=-7e+11
dp[11][467]=-7e+11
dp[12][467]=-7e+11
dp[13][467]=-7e+11
dp[14][467]=-7e+11
dp[15][467]=-7e+11
dp[16][467]=-7e+11
dp[17][467]=-7e+11
dp[18][467]=-7e+11
dp[19][467]=-7e+11
dp[20][467]=-4.6e+11
dp[21][467]=-495.003
Select best dp
Best k=11
dp[2][467]=-340.871
dp[3][467]=-2.4e+11
dp[4][467]=-2.4e+11
dp[5][467]=-4.7e+11
dp[6][467]=-4.7e+11
dp[7][467]=-7e+11
dp[8][467]=-7e+11
dp[9][467]=-7e+11
dp[10][467]=-7e+11
dp[11][467]=-7e+11
dp[12][467]=-7e+11
dp[13][467]=-7e+11
dp[14][467]=-7e+11
dp[15][467]=-7e+11
dp[16][467]=-7e+11
dp[17][467]=-7e+11
dp[18][467]=-7e+11
dp[19][467]=-7e+11
dp[20][467]=-4.6e+11
dp[21][467]=-495.003
Select best dp
Best k=11
dp[2][467]=-890.791
dp[3][467]=-4.8e+11
dp[4][467]=-4.8e+11
dp[5][467]=-9.4e+11
dp[6][467]=-9.4e+11
dp[7][467]=-1.4e+12
dp[8][467]=-1.4e+12
dp[9][467]=-1.4e+12
dp[10][467]=-1.4e+12
dp[11][467]=-1.4e+12
dp[12][467]=-1.4e+12
dp[13][467]=-1.4e+12
dp[14][467]=-1.4e+12
dp[15][467]=-1.4e+12
dp[16][467]=-1.4e+12
dp[17][467]=-1.4e+12
dp[18][467]=-1.4e+12
dp[19][467]=-1.4e+12
dp[20][467]=-9.2e+11
dp[21][467]=-3185.01
Select best dp
Best k=15
dp[2][467]=-65.9118
dp[3][467]=-1.2e+11
dp[4][467]=-1.2e+11
dp[5][467]=-2.35e+11
dp[6][467]=-2.35e+11
dp[7][467]=-3.5e+11
dp[8][467]=-3.5e+11
dp[9][467]=-3.5e+11
dp[10][467]=-3.5e+11
dp[11][467]=-3.5e+11
dp[12][467]=-3.5e+11
dp[13][467]=-3.5e+11
dp[14][467]=-3.5e+11
dp[15][467]=-3.5e+11
dp[16][467]=-3.5e+11
dp[17][467]=-3.5e+11
dp[18][467]=-3.5e+11
dp[19][467]=-3.5e+11
dp[20][467]=-2.3e+11
dp[21][467]=850
Select best dp
Best k=8
dp[2][467]=-340.871
dp[3][467]=-2.4e+11
dp[4][467]=-4.1e+11
dp[5][467]=-5.5e+11
dp[6][467]=-6.7e+11
dp[7][467]=-7.9e+11
dp[8][467]=-9.7e+11
dp[9][467]=-1.06e+12
dp[10][467]=-1.22e+12
dp[11][467]=-1.34e+12
dp[12][467]=-1.52e+12
dp[13][467]=-1.6e+12
dp[14][467]=-1.76e+12
dp[15][467]=-1.9e+12
dp[16][467]=-2.03e+12
dp[17][467]=-2.13e+12
dp[18][467]=-2.27e+12
dp[19][467]=-2.41e+12
dp[20][467]=-2.5e+12
dp[21][467]=-2.64e+12
Select best dp
Best k=21
dp[2][467]=243.816
dp[3][467]=-2.4e+11
dp[4][467]=-2.4e+11
dp[5][467]=-4.7e+11
dp[6][467]=-4.7e+11
dp[7][467]=-7e+11
dp[8][467]=-7e+11
dp[9][467]=-7e+11
dp[10][467]=-7e+11
dp[11][467]=-7e+11
dp[12][467]=-7e+11
dp[13][467]=-7e+11
dp[14][467]=-7e+11
dp[15][467]=-7e+11
dp[16][467]=-7e+11
dp[17][467]=-7e+11
dp[18][467]=-7e+11
dp[19][467]=-7e+11
dp[20][467]=-4.6e+11
dp[21][467]=38.0946
Select best dp
Best k=11
