Standardize ...
Stratifying 1-th numerical feature ...
Standardize ...
Stratifying 1-th numerical feature ...
Standardize ...
Stratifying 1-th numerical feature ...
Standardize ...
Stratifying 1-th numerical feature ...
Standardize ...
Stratifying 1-th numerical feature ...
Standardize ...
Stratifying 1-th numerical feature ...
Standardize ...
Stratifying 1-th numerical feature ...
Standardize ...
Stratifying 1-th numerical feature ...
Standardize ...
Stratifying 1-th numerical feature ...
Standardize ...
Stratifying 1-th numerical feature ...
Standardize ...
Stratifying 1-th numerical feature ...
Standardize ...
Stratifying 1-th numerical feature ...
Standardize ...
Stratifying 1-th numerical feature ...
Standardize ...
Stratifying 1-th numerical feature ...
dp[2][395]=-484.36
dp[3][395]=-788.74
dp[4][395]=-948.596
dp[5][395]=-1065.52
dp[6][395]=-1169.44
dp[7][395]=-1227.3
dp[8][395]=-1255.82
dp[9][395]=-1274.7
dp[10][395]=-1288.73
dp[11][395]=-1290.12
dp[12][395]=-1290.01
dp[13][395]=-1241.44
Select best dp
Best k=11
Stratifying 2-th numerical feature ...
dp[2][395]=-484.36
dp[3][395]=-788.74
dp[4][395]=-948.596
dp[5][395]=-1065.52
dp[6][395]=-1169.44
dp[7][395]=-1227.3
dp[8][395]=-1258.84
dp[9][395]=-1277.72
dp[10][395]=-1291.75
dp[11][395]=-1294.22
dp[12][395]=-1294.69
dp[13][395]=-1278.86
dp[14][395]=-1262.87
dp[15][395]=-1245.36
dp[16][395]=-1219.62
dp[17][395]=-1191.37
dp[18][395]=-1155.14
dp[19][395]=-1108.79
Select best dp
Best k=12
Stratifying 2-th numerical feature ...
dp[2][395]=-484.36
dp[3][395]=-788.74
dp[4][395]=-948.596
dp[5][395]=-1065.52
dp[6][395]=-1169.44
dp[7][395]=-1227.3
dp[8][395]=-1258.84
dp[9][395]=-1277.72
dp[10][395]=-1291.75
dp[11][395]=-1294.22
dp[12][395]=-1294.69
dp[13][395]=-1278.86
dp[14][395]=-1262.87
dp[15][395]=-1245.36
dp[16][395]=-1219.62
dp[17][395]=-1191.37
dp[18][395]=-1155.14
dp[19][395]=-1108.79
Select best dp
Best k=12
Stratifying 2-th numerical feature ...
dp[2][395]=-484.36
dp[3][395]=-788.74
dp[4][395]=-948.596
dp[5][395]=-1065.52
dp[6][395]=-1169.44
dp[7][395]=-1227.3
dp[8][395]=-1258.84
dp[9][395]=-1277.72
dp[10][395]=-1291.75
dp[11][395]=-1294.22
dp[12][395]=-1294.69
dp[13][395]=-1278.86
dp[14][395]=-1262.87
dp[15][395]=-1245.36
dp[16][395]=-1219.62
dp[17][395]=-1191.37
dp[18][395]=-1155.14
dp[19][395]=-1108.79
Select best dp
Best k=12
Stratifying 2-th numerical feature ...
dp[2][395]=-484.36
dp[3][395]=-788.74
dp[4][395]=-948.596
dp[5][395]=-1065.52
dp[6][395]=-1169.44
dp[7][395]=-1227.3
dp[8][395]=-1258.84
dp[9][395]=-1277.72
dp[10][395]=-1291.75
dp[11][395]=-1294.22
dp[12][395]=-1294.69
dp[13][395]=-1280.76
dp[14][395]=-1266.1
dp[15][395]=-1250.11
dp[16][395]=-1229.33
dp[17][395]=-1205.78
dp[18][395]=-1179.95
dp[19][395]=-1153.92
Select best dp
Best k=12
Stratifying 2-th numerical feature ...
dp[2][395]=-484.36
dp[3][395]=-788.74
dp[4][395]=-948.596
dp[5][395]=-1065.52
dp[6][395]=-1169.44
dp[7][395]=-1227.3
dp[8][395]=-1258.84
dp[9][395]=-1277.72
dp[10][395]=-1291.75
dp[11][395]=-1294.22
dp[12][395]=-1294.69
dp[13][395]=-1280.76
dp[14][395]=-1266.1
dp[15][395]=-1250.11
dp[16][395]=-1229.33
dp[17][395]=-1205.78
dp[18][395]=-1179.95
dp[19][395]=-1153.92
Select best dp
Best k=12
Stratifying 2-th numerical feature ...
dp[2][395]=-613.137
dp[3][395]=-978.359
dp[4][395]=-1153.22
dp[5][395]=-1269.5
dp[6][395]=-1369.37
dp[7][395]=-1431.6
dp[8][395]=-1473.03
dp[9][395]=-1494.95
dp[10][395]=-1508.1
dp[11][395]=-1521.16
dp[12][395]=-1499.88
dp[13][395]=-1456.73
Select best dp
Best k=11
Stratifying 3-th numerical feature ...
dp[2][395]=-613.137
dp[3][395]=-978.359
dp[4][395]=-1153.22
dp[5][395]=-1269.5
dp[6][395]=-1369.37
dp[7][395]=-1431.6
dp[8][395]=-1473.03
dp[9][395]=-1494.95
dp[10][395]=-1509.29
dp[11][395]=-1522.34
dp[12][395]=-1514.87
dp[13][395]=-1505
dp[14][395]=-1492.3
dp[15][395]=-1476.87
dp[16][395]=-1451.92
dp[17][395]=-1413.18
dp[18][395]=-1366.12
dp[19][395]=-1303.76
Select best dp
Best k=11
Stratifying 3-th numerical feature ...
dp[2][395]=-613.137
dp[3][395]=-978.359
dp[4][395]=-1153.22
dp[5][395]=-1269.5
dp[6][395]=-1369.37
dp[7][395]=-1431.6
dp[8][395]=-1473.03
dp[9][395]=-1494.95
dp[10][395]=-1509.29
dp[11][395]=-1522.34
dp[12][395]=-1514.87
dp[13][395]=-1505
dp[14][395]=-1492.3
dp[15][395]=-1476.87
dp[16][395]=-1451.92
dp[17][395]=-1413.18
dp[18][395]=-1366.12
dp[19][395]=-1303.76
Select best dp
Best k=11
Stratifying 3-th numerical feature ...
dp[2][395]=-484.36
dp[3][395]=-788.74
dp[4][395]=-948.596
dp[5][395]=-1065.52
dp[6][395]=-1169.44
dp[7][395]=-1227.3
dp[8][395]=-1258.84
dp[9][395]=-1277.72
dp[10][395]=-1291.75
dp[11][395]=-1294.22
dp[12][395]=-1294.69
dp[13][395]=-1278.86
dp[14][395]=-1262.87
dp[15][395]=-1245.36
dp[16][395]=-1219.62
dp[17][395]=-1191.37
dp[18][395]=-1155.14
dp[19][395]=-1108.79
Select best dp
Best k=12
Stratifying 2-th numerical feature ...
dp[2][395]=-613.137
dp[3][395]=-978.359
dp[4][395]=-1153.22
dp[5][395]=-1269.5
dp[6][395]=-1369.37
dp[7][395]=-1431.6
dp[8][395]=-1473.03
dp[9][395]=-1494.95
dp[10][395]=-1509.29
dp[11][395]=-1522.34
dp[12][395]=-1514.87
dp[13][395]=-1505
dp[14][395]=-1492.3
dp[15][395]=-1476.87
dp[16][395]=-1451.92
dp[17][395]=-1413.18
dp[18][395]=-1366.12
dp[19][395]=-1303.76
Select best dp
Best k=11
Stratifying 3-th numerical feature ...
dp[2][395]=155.517
dp[3][395]=233.275
dp[4][395]=311.034
dp[5][395]=388.792
dp[6][395]=466.55
dp[7][395]=544.309
dp[8][395]=622.067
dp[9][395]=699.825
dp[10][395]=777.584
dp[11][395]=855.342
dp[12][395]=933.101
dp[13][395]=1010.86
dp[14][395]=1088.62
dp[15][395]=1166.38
dp[16][395]=1244.13
dp[17][395]=1321.89
dp[18][395]=1399.65
dp[19][395]=1477.41
Select best dp
Best k=2
Stratifying 2-th numerical feature ...
dp[2][395]=-484.36
dp[3][395]=-788.74
dp[4][395]=-948.596
dp[5][395]=-1065.52
dp[6][395]=-1169.44
dp[7][395]=-1227.3
dp[8][395]=-1258.84
dp[9][395]=-1277.72
dp[10][395]=-1291.75
dp[11][395]=-1294.22
dp[12][395]=-1294.69
dp[13][395]=-1278.86
dp[14][395]=-1262.87
dp[15][395]=-1245.36
dp[16][395]=-1219.62
dp[17][395]=-1191.37
dp[18][395]=-1155.14
dp[19][395]=-1108.79
Select best dp
Best k=12
dp[2][395]=-164.422
dp[3][395]=-277.733
dp[4][395]=-318.781
dp[5][395]=-338.362
dp[6][395]=-351.446
dp[7][395]=-341.495
dp[8][395]=-318.386
dp[9][395]=-288.949
dp[10][395]=-257.083
dp[11][395]=-219.441
dp[12][395]=-180.792
dp[13][395]=-133.999
dp[14][395]=-87.124
dp[15][395]=-39.4933
dp[16][395]=12.2563
dp[17][395]=65.2606
dp[18][395]=122.253
dp[19][395]=184.311
Select best dp
Best k=6
Stratifying 2-th numerical feature ...
dp[2][395]=-1124.24
dp[3][395]=-1810.76
dp[4][395]=-2208.22
dp[5][395]=-2519.82
dp[6][395]=-2805.43
dp[7][395]=-2998.91
dp[8][395]=-3139.74
dp[9][395]=-3255.27
dp[10][395]=-3361.08
dp[11][395]=-3443.79
dp[12][395]=-3522.47
dp[13][395]=-3568.57
dp[14][395]=-3614.35
dp[15][395]=-3657.1
dp[16][395]=-3683.38
dp[17][395]=-3704.64
dp[18][395]=-3709.94
dp[19][395]=-3694.98
Select best dp
Best k=18
Stratifying 2-th numerical feature ...
Stratifying 2-th numerical feature ...
dp[2][395]=-484.36
dp[3][395]=-788.74
dp[4][395]=-948.596
dp[5][395]=-1065.52
dp[6][395]=-1169.44
dp[7][395]=-1227.3
dp[8][395]=-1258.84
dp[9][395]=-1277.72
dp[10][395]=-1291.75
dp[11][395]=-1294.22
dp[12][395]=-1294.69
dp[13][395]=-1278.86
dp[14][395]=-1262.87
dp[15][395]=-1245.36
dp[16][395]=-1219.62
dp[17][395]=-1191.37
dp[18][395]=-1155.14
dp[19][395]=-1108.79
Select best dp
Best k=12
Stratifying 2-th numerical feature ...
dp[2][395]=-1521.67
dp[3][395]=-1983.16
dp[4][395]=-2243.47
dp[5][395]=-2395.48
dp[6][395]=-2528.64
dp[7][395]=-2611.44
dp[8][395]=-2686.17
dp[9][395]=-2731.19
dp[10][395]=-2762.26
dp[11][395]=-2763.54
dp[12][395]=-2741.32
dp[13][395]=-2697.49
Select best dp
Best k=11
Stratifying 4-th numerical feature ...
dp[2][395]=-562.571
dp[3][395]=-889.835
dp[4][395]=-1075.24
dp[5][395]=-1212.57
dp[6][395]=-1325.15
dp[7][395]=-1396.23
dp[8][395]=-1448.47
dp[9][395]=-1495.25
dp[10][395]=-1524.65
dp[11][395]=-1548.15
dp[12][395]=-1554.33
dp[13][395]=-1550.54
dp[14][395]=-1540.14
dp[15][395]=-1523.66
dp[16][395]=-1504.34
dp[17][395]=-1483.85
dp[18][395]=-1447.87
dp[19][395]=-1389.31
Select best dp
Best k=12
Stratifying 2-th numerical feature ...
dp[2][395]=-613.137
dp[3][395]=-978.359
dp[4][395]=-1153.22
dp[5][395]=-1269.5
dp[6][395]=-1369.37
dp[7][395]=-1431.6
dp[8][395]=-1473.03
dp[9][395]=-1494.95
dp[10][395]=-1509.29
dp[11][395]=-1522.34
dp[12][395]=-1514.87
dp[13][395]=-1505
dp[14][395]=-1492.79
dp[15][395]=-1477.56
dp[16][395]=-1460.85
dp[17][395]=-1435.96
dp[18][395]=-1409.65
dp[19][395]=-1381.63
Select best dp
Best k=11
Stratifying 3-th numerical feature ...
dp[2][395]=-1521.67
dp[3][395]=-1983.16
dp[4][395]=-2243.47
dp[5][395]=-2395.48
dp[6][395]=-2528.64
dp[7][395]=-2611.44
dp[8][395]=-2686.17
dp[9][395]=-2756.9
dp[10][395]=-2787.97
dp[11][395]=-2806.42
dp[12][395]=-2805.98
dp[13][395]=-2805.11
dp[14][395]=-2801.6
dp[15][395]=-2784.71
dp[16][395]=-2762.45
dp[17][395]=-2739.22
dp[18][395]=-2702.8
dp[19][395]=-2630.34
Select best dp
Best k=11
Stratifying 4-th numerical feature ...
dp[2][395]=-613.137
dp[3][395]=-978.359
dp[4][395]=-1153.22
dp[5][395]=-1269.5
dp[6][395]=-1369.37
dp[7][395]=-1431.6
dp[8][395]=-1473.03
dp[9][395]=-1494.95
dp[10][395]=-1509.29
dp[11][395]=-1522.34
dp[12][395]=-1514.87
dp[13][395]=-1505
dp[14][395]=-1492.79
dp[15][395]=-1477.56
dp[16][395]=-1460.85
dp[17][395]=-1435.96
dp[18][395]=-1409.65
dp[19][395]=-1381.63
Select best dp
Best k=11
Stratifying 3-th numerical feature ...
dp[2][395]=-1521.67
dp[3][395]=-1983.16
dp[4][395]=-2243.47
dp[5][395]=-2395.48
dp[6][395]=-2528.64
dp[7][395]=-2611.44
dp[8][395]=-2686.17
dp[9][395]=-2756.9
dp[10][395]=-2787.97
dp[11][395]=-2806.42
dp[12][395]=-2805.98
dp[13][395]=-2805.11
dp[14][395]=-2801.6
dp[15][395]=-2784.71
dp[16][395]=-2762.45
dp[17][395]=-2739.22
dp[18][395]=-2702.8
dp[19][395]=-2630.34
Select best dp
Best k=11
Stratifying 4-th numerical feature ...
dp[2][395]=-1521.67
dp[3][395]=-1983.16
dp[4][395]=-2243.47
dp[5][395]=-2395.48
dp[6][395]=-2528.64
dp[7][395]=-2611.44
dp[8][395]=-2686.17
dp[9][395]=-2756.9
dp[10][395]=-2787.97
dp[11][395]=-2806.42
dp[12][395]=-2805.98
dp[13][395]=-2805.11
dp[14][395]=-2801.6
dp[15][395]=-2784.71
dp[16][395]=-2762.45
dp[17][395]=-2739.22
dp[18][395]=-2702.8
dp[19][395]=-2630.34
Select best dp
Best k=11
Stratifying 4-th numerical feature ...
dp[2][395]=-794.063
dp[3][395]=-1123.49
dp[4][395]=-1321.7
dp[5][395]=-1439.52
dp[6][395]=-1529.15
dp[7][395]=-1588.32
dp[8][395]=-1630.78
dp[9][395]=-1665.04
dp[10][395]=-1679.99
dp[11][395]=-1686.68
dp[12][395]=-1676.04
dp[13][395]=-1633.16
Select best dp
Best k=11
Stratifying 5-th numerical feature ...
dp[2][395]=-484.36
dp[3][395]=-788.74
dp[4][395]=-948.596
dp[5][395]=-1065.52
dp[6][395]=-1169.44
dp[7][395]=-1227.3
dp[8][395]=-1258.84
dp[9][395]=-1277.72
dp[10][395]=-1291.75
dp[11][395]=-1294.22
dp[12][395]=-1294.69
dp[13][395]=-1280.76
dp[14][395]=-1266.1
dp[15][395]=-1250.11
dp[16][395]=-1229.33
dp[17][395]=-1205.78
dp[18][395]=-1179.95
dp[19][395]=-1153.92
Select best dp
Best k=12
Stratifying 2-th numerical feature ...
dp[2][395]=-794.063
dp[3][395]=-1123.49
dp[4][395]=-1321.7
dp[5][395]=-1439.52
dp[6][395]=-1530.27
dp[7][395]=-1589.39
dp[8][395]=-1642.38
dp[9][395]=-1676.65
dp[10][395]=-1693.81
dp[11][395]=-1700.5
dp[12][395]=-1701.18
dp[13][395]=-1699.33
dp[14][395]=-1684.29
dp[15][395]=-1667.77
dp[16][395]=-1642.34
dp[17][395]=-1614.34
dp[18][395]=-1573.2
dp[19][395]=-1522.02
Select best dp
Best k=12
Stratifying 5-th numerical feature ...
dp[2][395]=-794.063
dp[3][395]=-1123.49
dp[4][395]=-1321.7
dp[5][395]=-1439.52
dp[6][395]=-1530.27
dp[7][395]=-1589.39
dp[8][395]=-1642.38
dp[9][395]=-1676.65
dp[10][395]=-1693.81
dp[11][395]=-1700.5
dp[12][395]=-1701.18
dp[13][395]=-1699.33
dp[14][395]=-1684.29
dp[15][395]=-1667.77
dp[16][395]=-1642.34
dp[17][395]=-1614.34
dp[18][395]=-1573.2
dp[19][395]=-1522.02
Select best dp
Best k=12
Stratifying 5-th numerical feature ...
dp[2][395]=-794.063
dp[3][395]=-1123.49
dp[4][395]=-1321.7
dp[5][395]=-1439.52
dp[6][395]=-1530.27
dp[7][395]=-1589.39
dp[8][395]=-1642.38
dp[9][395]=-1676.65
dp[10][395]=-1693.81
dp[11][395]=-1700.5
dp[12][395]=-1701.18
dp[13][395]=-1699.33
dp[14][395]=-1684.29
dp[15][395]=-1667.77
dp[16][395]=-1642.34
dp[17][395]=-1614.34
dp[18][395]=-1573.2
dp[19][395]=-1522.02
Select best dp
Best k=12
Stratifying 5-th numerical feature ...
dp[2][395]=155.517
dp[3][395]=233.275
dp[4][395]=311.034
dp[5][395]=388.792
dp[6][395]=466.55
dp[7][395]=544.309
dp[8][395]=622.067
dp[9][395]=699.825
dp[10][395]=777.584
dp[11][395]=855.342
dp[12][395]=933.101
dp[13][395]=1010.86
dp[14][395]=1088.62
dp[15][395]=1166.38
dp[16][395]=1244.13
dp[17][395]=1321.89
dp[18][395]=1399.65
dp[19][395]=1477.41
Select best dp
Best k=2
Stratifying 3-th numerical feature ...
dp[2][395]=-613.137
dp[3][395]=-978.359
dp[4][395]=-1153.22
dp[5][395]=-1269.5
dp[6][395]=-1369.37
dp[7][395]=-1431.6
dp[8][395]=-1473.03
dp[9][395]=-1494.95
dp[10][395]=-1509.29
dp[11][395]=-1522.34
dp[12][395]=-1514.87
dp[13][395]=-1505
dp[14][395]=-1492.3
dp[15][395]=-1476.87
dp[16][395]=-1451.92
dp[17][395]=-1413.18
dp[18][395]=-1366.12
dp[19][395]=-1303.76
Select best dp
Best k=11
Stratifying 3-th numerical feature ...
dp[2][395]=-228.81
dp[3][395]=-372.542
dp[4][395]=-421.091
dp[5][395]=-440.354
dp[6][395]=-451.408
dp[7][395]=-443.645
dp[8][395]=-425.481
dp[9][395]=-397.56
dp[10][395]=-365.852
dp[11][395]=-333.499
dp[12][395]=-290.885
dp[13][395]=-247.07
dp[14][395]=-201.84
dp[15][395]=-155.248
dp[16][395]=-103.894
dp[17][395]=-45.6443
dp[18][395]=16.7638
dp[19][395]=86.8267
Select best dp
Best k=6
Stratifying 3-th numerical feature ...
dp[2][395]=-1521.67
dp[3][395]=-1983.16
dp[4][395]=-2243.47
dp[5][395]=-2395.48
dp[6][395]=-2528.64
dp[7][395]=-2611.44
dp[8][395]=-2686.17
dp[9][395]=-2756.9
dp[10][395]=-2787.97
dp[11][395]=-2811.29
dp[12][395]=-2811.23
dp[13][395]=-2810.78
dp[14][395]=-2808.7
dp[15][395]=-2799.08
dp[16][395]=-2784.38
dp[17][395]=-2765.19
dp[18][395]=-2744
dp[19][395]=-2722.6
Select best dp
Best k=11
Stratifying 4-th numerical feature ...
dp[2][395]=-613.137
dp[3][395]=-978.359
dp[4][395]=-1153.22
dp[5][395]=-1269.5
dp[6][395]=-1369.37
dp[7][395]=-1431.6
dp[8][395]=-1473.03
dp[9][395]=-1494.95
dp[10][395]=-1509.29
dp[11][395]=-1522.34
dp[12][395]=-1514.87
dp[13][395]=-1505
dp[14][395]=-1492.3
dp[15][395]=-1476.87
dp[16][395]=-1451.92
dp[17][395]=-1413.18
dp[18][395]=-1366.12
dp[19][395]=-1303.76
Select best dp
Best k=11
dp[2][395]=-1203.31
dp[3][395]=-1551.74
dp[4][395]=-1841.38
dp[5][395]=-1998.52
dp[6][395]=-2117.54
dp[7][395]=-2196.1
dp[8][395]=-2267.85
dp[9][395]=-2295.66
dp[10][395]=-2310.34
dp[11][395]=-2319.78
dp[12][395]=-2310.9
dp[13][395]=-2296.18
Select best dp
Best k=11
Stratifying 6-th numerical feature ...
Stratifying 3-th numerical feature ...
dp[2][395]=-1521.67
dp[3][395]=-1983.16
dp[4][395]=-2243.47
dp[5][395]=-2395.48
dp[6][395]=-2528.64
dp[7][395]=-2611.44
dp[8][395]=-2686.17
dp[9][395]=-2756.9
dp[10][395]=-2787.97
dp[11][395]=-2811.29
dp[12][395]=-2811.23
dp[13][395]=-2810.78
dp[14][395]=-2808.7
dp[15][395]=-2799.08
dp[16][395]=-2784.38
dp[17][395]=-2765.74
dp[18][395]=-2746.16
dp[19][395]=-2724.98
Select best dp
Best k=11
Stratifying 4-th numerical feature ...
dp[2][395]=-1381.79
dp[3][395]=-2189.99
dp[4][395]=-2617.47
dp[5][395]=-2927.79
dp[6][395]=-3205.28
dp[7][395]=-3407.51
dp[8][395]=-3568.13
dp[9][395]=-3689.72
dp[10][395]=-3796.16
dp[11][395]=-3900.02
dp[12][395]=-3962.84
dp[13][395]=-4020.86
dp[14][395]=-4073.21
dp[15][395]=-4120.12
dp[16][395]=-4147.98
dp[17][395]=-4148.25
dp[18][395]=-4131.9
dp[19][395]=-4084.92
Select best dp
Best k=17
Stratifying 3-th numerical feature ...
dp[2][395]=-841.389
dp[3][395]=-1282.91
dp[4][395]=-1501.46
dp[5][395]=-1639.91
dp[6][395]=-1759.83
dp[7][395]=-1828.99
dp[8][395]=-1886.99
dp[9][395]=-1922.54
dp[10][395]=-1950.83
dp[11][395]=-1971.71
dp[12][395]=-1979.34
dp[13][395]=-1986.54
dp[14][395]=-1979.73
dp[15][395]=-1970.43
dp[16][395]=-1950.44
dp[17][395]=-1915.35
dp[18][395]=-1877.57
dp[19][395]=-1830.62
Select best dp
Best k=13
Stratifying 3-th numerical feature ...
dp[2][395]=-1504.36
dp[3][395]=-1935.09
dp[4][395]=-2226.92
dp[5][395]=-2403.75
dp[6][395]=-2558.01
dp[7][395]=-2663.01
dp[8][395]=-2737.37
dp[9][395]=-2761.78
dp[10][395]=-2784.37
dp[11][395]=-2798.93
dp[12][395]=-2812.58
dp[13][395]=-2813.58
dp[14][395]=-2810.54
dp[15][395]=-2797.3
dp[16][395]=-2784.82
dp[17][395]=-2767.87
dp[18][395]=-2721.85
dp[19][395]=-2670.54
Select best dp
Best k=13
Stratifying 6-th numerical feature ...
dp[2][395]=-1504.36
dp[3][395]=-1935.09
dp[4][395]=-2226.92
dp[5][395]=-2403.75
dp[6][395]=-2558.01
dp[7][395]=-2663.01
dp[8][395]=-2737.37
dp[9][395]=-2761.78
dp[10][395]=-2784.37
dp[11][395]=-2798.93
dp[12][395]=-2812.58
dp[13][395]=-2813.58
dp[14][395]=-2810.54
dp[15][395]=-2797.3
dp[16][395]=-2784.82
dp[17][395]=-2767.87
dp[18][395]=-2721.85
dp[19][395]=-2670.54
Select best dp
Best k=13
Stratifying 6-th numerical feature ...
dp[2][395]=-790.66
dp[3][395]=-1164.51
dp[4][395]=-1390.08
dp[5][395]=-1543.27
dp[6][395]=-1632.9
dp[7][395]=-1707.65
dp[8][395]=-1740.41
dp[9][395]=-1772.81
dp[10][395]=-1788.13
dp[11][395]=-1778.32
dp[12][395]=-1767.58
dp[13][395]=-1752.06
Select best dp
Best k=10
dp[2][395]=-1504.36
dp[3][395]=-1935.09
dp[4][395]=-2226.92
dp[5][395]=-2403.75
dp[6][395]=-2558.01
dp[7][395]=-2663.01
dp[8][395]=-2737.37
dp[9][395]=-2761.78
dp[10][395]=-2784.37
dp[11][395]=-2798.93
dp[12][395]=-2812.58
dp[13][395]=-2813.58
dp[14][395]=-2810.54
dp[15][395]=-2797.3
dp[16][395]=-2784.82
dp[17][395]=-2767.87
dp[18][395]=-2721.85
dp[19][395]=-2670.54
Select best dp
Best k=13
Stratifying 6-th numerical feature ...
dp[2][395]=-808.22
dp[3][395]=-1249.11
dp[4][395]=-1469.64
dp[5][395]=-1607.73
dp[6][395]=-1730.72
dp[7][395]=-1798.58
dp[8][395]=-1858.28
dp[9][395]=-1893.79
dp[10][395]=-1922.16
dp[11][395]=-1942.98
dp[12][395]=-1947.71
dp[13][395]=-1948.89
dp[14][395]=-1944.66
dp[15][395]=-1937.86
dp[16][395]=-1919.24
dp[17][395]=-1883.47
dp[18][395]=-1846.49
dp[19][395]=-1802.33
Select best dp
Best k=13
Stratifying 3-th numerical feature ...
dp[2][395]=-794.063
dp[3][395]=-1123.49
dp[4][395]=-1321.7
dp[5][395]=-1439.52
dp[6][395]=-1530.27
dp[7][395]=-1589.39
dp[8][395]=-1645.71
dp[9][395]=-1679.97
dp[10][395]=-1699.59
dp[11][395]=-1706.28
dp[12][395]=-1707.11
dp[13][395]=-1707.78
dp[14][395]=-1694.73
dp[15][395]=-1678.23
dp[16][395]=-1657.78
dp[17][395]=-1633.78
dp[18][395]=-1607.19
dp[19][395]=-1573.54
Select best dp
Best k=13
Stratifying 5-th numerical feature ...
dp[2][395]=-794.063
dp[3][395]=-1123.49
dp[4][395]=-1321.7
dp[5][395]=-1439.52
dp[6][395]=-1530.27
dp[7][395]=-1589.39
dp[8][395]=-1645.71
dp[9][395]=-1679.97
dp[10][395]=-1699.59
dp[11][395]=-1706.28
dp[12][395]=-1707.11
dp[13][395]=-1707.78
dp[14][395]=-1694.73
dp[15][395]=-1678.23
dp[16][395]=-1657.78
dp[17][395]=-1633.78
dp[18][395]=-1607.19
dp[19][395]=-1574.43
Select best dp
Best k=13
Stratifying 5-th numerical feature ...
dp[2][395]=-790.66
dp[3][395]=-1164.51
dp[4][395]=-1391.93
dp[5][395]=-1547.95
dp[6][395]=-1637.58
dp[7][395]=-1716.53
dp[8][395]=-1751.36
dp[9][395]=-1785.69
dp[10][395]=-1805.11
dp[11][395]=-1814.69
dp[12][395]=-1819.25
dp[13][395]=-1815.26
dp[14][395]=-1807.17
dp[15][395]=-1786.19
dp[16][395]=-1760.97
dp[17][395]=-1734.46
dp[18][395]=-1692.59
dp[19][395]=-1633.78
Select best dp
Best k=12
dp[2][395]=-790.66
dp[3][395]=-1164.51
dp[4][395]=-1391.93
dp[5][395]=-1547.95
dp[6][395]=-1637.58
dp[7][395]=-1716.53
dp[8][395]=-1751.36
dp[9][395]=-1785.69
dp[10][395]=-1805.11
dp[11][395]=-1814.69
dp[12][395]=-1819.25
dp[13][395]=-1815.26
dp[14][395]=-1807.17
dp[15][395]=-1786.19
dp[16][395]=-1760.97
dp[17][395]=-1734.46
dp[18][395]=-1692.59
dp[19][395]=-1633.78
Select best dp
Best k=12
dp[2][395]=-790.66
dp[3][395]=-1164.51
dp[4][395]=-1391.93
dp[5][395]=-1547.95
dp[6][395]=-1637.58
dp[7][395]=-1716.53
dp[8][395]=-1751.36
dp[9][395]=-1785.69
dp[10][395]=-1805.11
dp[11][395]=-1814.69
dp[12][395]=-1819.25
dp[13][395]=-1815.26
dp[14][395]=-1807.17
dp[15][395]=-1786.19
dp[16][395]=-1760.97
dp[17][395]=-1734.46
dp[18][395]=-1692.59
dp[19][395]=-1633.78
Select best dp
Best k=12
dp[2][395]=-2343.3
dp[3][395]=-3160.69
dp[4][395]=-3667.67
dp[5][395]=-4006.35
dp[6][395]=-4318.57
dp[7][395]=-4538.46
dp[8][395]=-4731.07
dp[9][395]=-4906.9
dp[10][395]=-5040.7
dp[11][395]=-5152.36
dp[12][395]=-5229.07
dp[13][395]=-5295.07
dp[14][395]=-5358.2
dp[15][395]=-5391.4
dp[16][395]=-5418.45
dp[17][395]=-5442.96
dp[18][395]=-5450.95
dp[19][395]=-5376.26
Select best dp
Best k=18
Stratifying 4-th numerical feature ...
dp[2][395]=-666.119
dp[3][395]=-953.424
dp[4][395]=-1124.81
dp[5][395]=-1235.97
dp[6][395]=-1327.29
dp[7][395]=-1390.51
dp[8][395]=-1425.21
dp[9][395]=-1455
dp[10][395]=-1480.06
dp[11][395]=-1493.42
dp[12][395]=-1493.47
dp[13][395]=-1484.86
dp[14][395]=-1474.5
dp[15][395]=-1452.47
dp[16][395]=-1423.98
dp[17][395]=-1394.38
dp[18][395]=-1357.83
dp[19][395]=-1285.74
Select best dp
Best k=12
Stratifying 4-th numerical feature ...
dp[2][395]=-700.033
dp[3][395]=-838.71
dp[4][395]=-839.359
dp[5][395]=-806.202
dp[6][395]=-773.666
dp[7][395]=-733.94
dp[8][395]=-687.783
dp[9][395]=-629.958
dp[10][395]=-574.722
dp[11][395]=-515.707
dp[12][395]=-443.392
dp[13][395]=-369.614
dp[14][395]=-294.566
dp[15][395]=-218.196
dp[16][395]=-140.902
dp[17][395]=-63.3397
dp[18][395]=19.1231
dp[19][395]=105.721
Select best dp
Best k=4
Stratifying 4-th numerical feature ...
dp[2][395]=-1110.85
dp[3][395]=-1405.19
dp[4][395]=-1537.64
dp[5][395]=-1592.1
dp[6][395]=-1635.65
dp[7][395]=-1656.61
dp[8][395]=-1672.9
dp[9][395]=-1683.15
dp[10][395]=-1667.63
dp[11][395]=-1639.47
dp[12][395]=-1608.64
dp[13][395]=-1574.97
dp[14][395]=-1537.73
dp[15][395]=-1494.58
dp[16][395]=-1444.88
dp[17][395]=-1394.89
dp[18][395]=-1337.27
dp[19][395]=-1258.82
Select best dp
Best k=9
Stratifying 4-th numerical feature ...
dp[2][395]=-666.119
dp[3][395]=-953.424
dp[4][395]=-1124.81
dp[5][395]=-1235.97
dp[6][395]=-1327.29
dp[7][395]=-1390.51
dp[8][395]=-1425.21
dp[9][395]=-1455
dp[10][395]=-1480.06
dp[11][395]=-1493.42
dp[12][395]=-1493.47
dp[13][395]=-1484.86
dp[14][395]=-1474.5
dp[15][395]=-1452.47
dp[16][395]=-1423.98
dp[17][395]=-1394.38
dp[18][395]=-1357.83
dp[19][395]=-1285.74
Select best dp
Best k=12
Stratifying 4-th numerical feature ...
dp[2][395]=-1015.03
dp[3][395]=-1437.05
dp[4][395]=-1656.26
dp[5][395]=-1786.59
dp[6][395]=-1893.81
dp[7][395]=-1967.69
dp[8][395]=-2028.32
dp[9][395]=-2086.5
dp[10][395]=-2115.48
dp[11][395]=-2139.02
dp[12][395]=-2141.31
dp[13][395]=-2142.99
dp[14][395]=-2138.12
dp[15][395]=-2117.13
dp[16][395]=-2093.47
dp[17][395]=-2064.7
dp[18][395]=-2031.37
dp[19][395]=-1957.35
Select best dp
Best k=13
Stratifying 4-th numerical feature ...
dp[2][395]=-1060.82
dp[3][395]=-1498.4
dp[4][395]=-1726.53
dp[5][395]=-1859.16
dp[6][395]=-1967.85
dp[7][395]=-2042.57
dp[8][395]=-2106.53
dp[9][395]=-2161.59
dp[10][395]=-2190.96
dp[11][395]=-2212.01
dp[12][395]=-2213.87
dp[13][395]=-2215.63
dp[14][395]=-2211.24
dp[15][395]=-2189.75
dp[16][395]=-2165.72
dp[17][395]=-2137.48
dp[18][395]=-2100.97
dp[19][395]=-2025.88
Select best dp
Best k=13
Stratifying 4-th numerical feature ...
dp[2][395]=-613.137
dp[3][395]=-978.359
dp[4][395]=-1153.22
dp[5][395]=-1269.5
dp[6][395]=-1369.37
dp[7][395]=-1431.6
dp[8][395]=-1473.03
dp[9][395]=-1494.95
dp[10][395]=-1509.29
dp[11][395]=-1522.34
dp[12][395]=-1514.87
dp[13][395]=-1505
dp[14][395]=-1492.79
dp[15][395]=-1477.56
dp[16][395]=-1460.85
dp[17][395]=-1435.96
dp[18][395]=-1409.65
dp[19][395]=-1381.63
Select best dp
Best k=11
Stratifying 3-th numerical feature ...
dp[2][395]=-1504.36
dp[3][395]=-1935.09
dp[4][395]=-2226.92
dp[5][395]=-2403.75
dp[6][395]=-2558.01
dp[7][395]=-2663.01
dp[8][395]=-2737.37
dp[9][395]=-2761.78
dp[10][395]=-2784.37
dp[11][395]=-2801.33
dp[12][395]=-2815.89
dp[13][395]=-2829.54
dp[14][395]=-2830.54
dp[15][395]=-2831.08
dp[16][395]=-2820.68
dp[17][395]=-2805.12
dp[18][395]=-2789.31
dp[19][395]=-2766.15
Select best dp
Best k=15
Stratifying 6-th numerical feature ...
dp[2][395]=-1743.64
dp[3][395]=-2480.26
dp[4][395]=-2954.44
dp[5][395]=-3267.83
dp[6][395]=-3527.09
dp[7][395]=-3723.08
dp[8][395]=-3906.83
dp[9][395]=-4053.12
dp[10][395]=-4165.21
dp[11][395]=-4256.35
dp[12][395]=-4335.45
dp[13][395]=-4409.52
dp[14][395]=-4457.19
dp[15][395]=-4501.92
dp[16][395]=-4528.82
dp[17][395]=-4550.56
dp[18][395]=-4546.04
dp[19][395]=-4521.46
Select best dp
Best k=17
Stratifying 5-th numerical feature ...
dp[2][395]=-1504.36
dp[3][395]=-1935.09
dp[4][395]=-2226.92
dp[5][395]=-2403.75
dp[6][395]=-2558.01
dp[7][395]=-2663.01
dp[8][395]=-2737.37
dp[9][395]=-2761.78
dp[10][395]=-2784.37
dp[11][395]=-2802.1
dp[12][395]=-2816.66
dp[13][395]=-2830.31
dp[14][395]=-2831.31
dp[15][395]=-2831.85
dp[16][395]=-2821.45
dp[17][395]=-2805.89
dp[18][395]=-2790.08
dp[19][395]=-2766.92
Select best dp
Best k=15
Stratifying 6-th numerical feature ...
dp[2][395]=-794.063
dp[3][395]=-1123.49
dp[4][395]=-1321.7
dp[5][395]=-1439.52
dp[6][395]=-1530.27
dp[7][395]=-1589.39
dp[8][395]=-1642.38
dp[9][395]=-1676.65
dp[10][395]=-1693.81
dp[11][395]=-1700.5
dp[12][395]=-1701.18
dp[13][395]=-1699.33
dp[14][395]=-1684.29
dp[15][395]=-1667.77
dp[16][395]=-1642.34
dp[17][395]=-1614.34
dp[18][395]=-1573.2
dp[19][395]=-1522.02
Select best dp
Best k=12
Stratifying 5-th numerical feature ...
dp[2][395]=-836.051
dp[3][395]=-1198.71
dp[4][395]=-1407.8
dp[5][395]=-1548.64
dp[6][395]=-1647.34
dp[7][395]=-1713.47
dp[8][395]=-1777.36
dp[9][395]=-1822.55
dp[10][395]=-1843.94
dp[11][395]=-1855.4
dp[12][395]=-1864.83
dp[13][395]=-1870.52
dp[14][395]=-1861.71
dp[15][395]=-1846.8
dp[16][395]=-1828.84
dp[17][395]=-1800.8
dp[18][395]=-1771.35
dp[19][395]=-1716.83
Select best dp
Best k=13
Stratifying 5-th numerical feature ...
dp[2][395]=-2737.61
dp[3][395]=-3468.75
dp[4][395]=-4078.93
dp[5][395]=-4466.73
dp[6][395]=-4780.58
dp[7][395]=-5008.71
dp[8][395]=-5234.26
dp[9][395]=-5366.42
dp[10][395]=-5464.9
dp[11][395]=-5562.6
dp[12][395]=-5643.12
dp[13][395]=-5702.49
dp[14][395]=-5760.42
dp[15][395]=-5811.85
dp[16][395]=-5855.28
dp[17][395]=-5894.56
dp[18][395]=-5883.93
dp[19][395]=-5871.56
Select best dp
Best k=17
Stratifying 6-th numerical feature ...
dp[2][395]=155.517
dp[3][395]=233.275
dp[4][395]=311.034
dp[5][395]=388.792
dp[6][395]=466.55
dp[7][395]=544.309
dp[8][395]=622.067
dp[9][395]=699.825
dp[10][395]=777.584
dp[11][395]=855.342
dp[12][395]=933.101
dp[13][395]=1010.86
dp[14][395]=1088.62
dp[15][395]=1166.38
dp[16][395]=1244.13
dp[17][395]=1321.89
dp[18][395]=1399.65
dp[19][395]=1477.41
Select best dp
Best k=2
Stratifying 5-th numerical feature ...
dp[2][395]=-794.063
dp[3][395]=-1123.49
dp[4][395]=-1321.7
dp[5][395]=-1439.52
dp[6][395]=-1530.27
dp[7][395]=-1589.39
dp[8][395]=-1642.38
dp[9][395]=-1676.65
dp[10][395]=-1693.81
dp[11][395]=-1700.5
dp[12][395]=-1701.18
dp[13][395]=-1699.33
dp[14][395]=-1684.29
dp[15][395]=-1667.77
dp[16][395]=-1642.34
dp[17][395]=-1614.34
dp[18][395]=-1573.2
dp[19][395]=-1522.02
Select best dp
Best k=12
Stratifying 5-th numerical feature ...
dp[2][395]=-319.273
dp[3][395]=-445.108
dp[4][395]=-505.334
dp[5][395]=-525.363
dp[6][395]=-531.859
dp[7][395]=-522.539
dp[8][395]=-510.158
dp[9][395]=-488.41
dp[10][395]=-458.114
dp[11][395]=-422.58
dp[12][395]=-384.037
dp[13][395]=-344.235
dp[14][395]=-297.834
dp[15][395]=-250.697
dp[16][395]=-199.105
dp[17][395]=-146.221
dp[18][395]=-86.7728
dp[19][395]=-22.3078
Select best dp
Best k=6
Stratifying 5-th numerical feature ...
dp[2][395]=-794.063
dp[3][395]=-1123.49
dp[4][395]=-1321.7
dp[5][395]=-1439.52
dp[6][395]=-1530.27
dp[7][395]=-1589.39
dp[8][395]=-1642.38
dp[9][395]=-1676.65
dp[10][395]=-1693.81
dp[11][395]=-1700.5
dp[12][395]=-1701.18
dp[13][395]=-1699.33
dp[14][395]=-1684.29
dp[15][395]=-1667.77
dp[16][395]=-1642.34
dp[17][395]=-1614.34
dp[18][395]=-1573.2
dp[19][395]=-1522.02
Select best dp
Best k=12
dp[2][395]=-1521.67
dp[3][395]=-1983.16
dp[4][395]=-2243.47
dp[5][395]=-2395.48
dp[6][395]=-2528.64
dp[7][395]=-2611.44
dp[8][395]=-2686.17
dp[9][395]=-2756.9
dp[10][395]=-2787.97
dp[11][395]=-2811.29
dp[12][395]=-2811.23
dp[13][395]=-2810.78
dp[14][395]=-2808.7
dp[15][395]=-2804.37
dp[16][395]=-2794.75
dp[17][395]=-2780.05
dp[18][395]=-2763.8
dp[19][395]=-2746.47
Select best dp
Best k=11
Stratifying 4-th numerical feature ...
Stratifying 5-th numerical feature ...
dp[2][395]=-790.66
dp[3][395]=-1164.51
dp[4][395]=-1391.93
dp[5][395]=-1547.95
dp[6][395]=-1637.58
dp[7][395]=-1716.53
dp[8][395]=-1751.36
dp[9][395]=-1785.69
dp[10][395]=-1805.11
dp[11][395]=-1814.73
dp[12][395]=-1819.3
dp[13][395]=-1816.25
dp[14][395]=-1811.61
dp[15][395]=-1803.51
dp[16][395]=-1791.75
dp[17][395]=-1774.76
dp[18][395]=-1748.9
dp[19][395]=-1721.49
Select best dp
Best k=12
dp[2][395]=-790.66
dp[3][395]=-1164.51
dp[4][395]=-1391.93
dp[5][395]=-1547.95
dp[6][395]=-1637.58
dp[7][395]=-1716.53
dp[8][395]=-1751.36
dp[9][395]=-1785.69
dp[10][395]=-1805.11
dp[11][395]=-1814.73
dp[12][395]=-1819.3
dp[13][395]=-1817.66
dp[14][395]=-1814.62
dp[15][395]=-1806.53
dp[16][395]=-1794.64
dp[17][395]=-1777.65
dp[18][395]=-1751.79
dp[19][395]=-1724.38
Select best dp
Best k=12
dp[2][395]=-1211.83
dp[3][395]=-1559.08
dp[4][395]=-1852.83
dp[5][395]=-2014.33
dp[6][395]=-2125.6
dp[7][395]=-2208.49
dp[8][395]=-2285.51
dp[9][395]=-2313.68
dp[10][395]=-2332.89
dp[11][395]=-2346.24
dp[12][395]=-2348.21
dp[13][395]=-2341.89
dp[14][395]=-2332.42
dp[15][395]=-2319.18
dp[16][395]=-2304.46
dp[17][395]=-2287.42
dp[18][395]=-2247.87
dp[19][395]=-2208.15
Select best dp
Best k=12
Stratifying 6-th numerical feature ...
dp[2][395]=-1201.07
dp[3][395]=-1541.9
dp[4][395]=-1826.36
dp[5][395]=-1990.66
dp[6][395]=-2098.17
dp[7][395]=-2184.73
dp[8][395]=-2264.57
dp[9][395]=-2291.11
dp[10][395]=-2313.61
dp[11][395]=-2325.34
dp[12][395]=-2325.8
dp[13][395]=-2318.94
dp[14][395]=-2309.17
dp[15][395]=-2295.62
dp[16][395]=-2281.36
dp[17][395]=-2263.8
dp[18][395]=-2223.7
dp[19][395]=-2183.6
Select best dp
Best k=12
Stratifying 6-th numerical feature ...
dp[2][395]=-1736.84
dp[3][395]=-2562.3
dp[4][395]=-3094.9
dp[5][395]=-3484.69
dp[6][395]=-3741.72
dp[7][395]=-3977.37
dp[8][395]=-4124.8
dp[9][395]=-4271.2
dp[10][395]=-4387.81
dp[11][395]=-4484.72
dp[12][395]=-4571.61
dp[13][395]=-4641.38
dp[14][395]=-4702.95
dp[15][395]=-4738.76
dp[16][395]=-4766.07
dp[17][395]=-4790.82
dp[18][395]=-4784.84
dp[19][395]=-4744.97
Select best dp
Best k=17
dp[2][395]=-374.366
dp[3][395]=-442.881
dp[4][395]=-437.852
dp[5][395]=-411.108
dp[6][395]=-371.424
dp[7][395]=-325.254
dp[8][395]=-275.106
dp[9][395]=-221.866
dp[10][395]=-158.434
dp[11][395]=-93.2885
dp[12][395]=-23.5196
dp[13][395]=48.603
dp[14][395]=120.009
dp[15][395]=192.406
dp[16][395]=266.189
dp[17][395]=341.018
dp[18][395]=427.497
dp[19][395]=519.476
Select best dp
Best k=3
Stratifying 6-th numerical feature ...
dp[2][395]=-1079.65
dp[3][395]=-1364.47
dp[4][395]=-1552.21
dp[5][395]=-1681.17
dp[6][395]=-1763.58
dp[7][395]=-1836.87
dp[8][395]=-1904.27
dp[9][395]=-1920.14
dp[10][395]=-1928.49
dp[11][395]=-1930.34
dp[12][395]=-1916.39
dp[13][395]=-1901.22
dp[14][395]=-1884.05
dp[15][395]=-1866.49
dp[16][395]=-1848.16
dp[17][395]=-1818.82
dp[18][395]=-1774.01
dp[19][395]=-1728.73
Select best dp
Best k=11
Stratifying 6-th numerical feature ...
dp[2][395]=-790.66
dp[3][395]=-1164.51
dp[4][395]=-1391.93
dp[5][395]=-1547.95
dp[6][395]=-1637.58
dp[7][395]=-1716.53
dp[8][395]=-1751.36
dp[9][395]=-1785.69
dp[10][395]=-1805.11
dp[11][395]=-1814.69
dp[12][395]=-1819.25
dp[13][395]=-1815.26
dp[14][395]=-1807.17
dp[15][395]=-1786.19
dp[16][395]=-1760.97
dp[17][395]=-1734.46
dp[18][395]=-1692.59
dp[19][395]=-1633.78
Select best dp
Best k=12
dp[2][395]=-794.063
dp[3][395]=-1123.49
dp[4][395]=-1321.7
dp[5][395]=-1439.52
dp[6][395]=-1530.27
dp[7][395]=-1589.39
dp[8][395]=-1645.71
dp[9][395]=-1679.97
dp[10][395]=-1699.59
dp[11][395]=-1706.28
dp[12][395]=-1707.11
dp[13][395]=-1707.78
dp[14][395]=-1694.73
dp[15][395]=-1678.23
dp[16][395]=-1657.78
dp[17][395]=-1633.78
dp[18][395]=-1607.19
dp[19][395]=-1574.43
Select best dp
Best k=13
Stratifying 5-th numerical feature ...
dp[2][395]=-860.28
dp[3][395]=-1284.91
dp[4][395]=-1494.19
dp[5][395]=-1664.04
dp[6][395]=-1763.69
dp[7][395]=-1857.55
dp[8][395]=-1899.02
dp[9][395]=-1937.35
dp[10][395]=-1962.16
dp[11][395]=-1985.89
dp[12][395]=-1997.47
dp[13][395]=-2003.48
dp[14][395]=-1994.35
dp[15][395]=-1978.98
dp[16][395]=-1961.6
dp[17][395]=-1938.66
dp[18][395]=-1897.66
dp[19][395]=-1844.66
Select best dp
Best k=13
dp[2][395]=-897.739
dp[3][395]=-1168.26
dp[4][395]=-1308.81
dp[5][395]=-1384.87
dp[6][395]=-1447.88
dp[7][395]=-1494.07
dp[8][395]=-1495.75
dp[9][395]=-1482.35
dp[10][395]=-1458.77
dp[11][395]=-1434.58
dp[12][395]=-1405.32
dp[13][395]=-1373.69
dp[14][395]=-1339.34
dp[15][395]=-1298
dp[16][395]=-1255.95
dp[17][395]=-1210.76
dp[18][395]=-1145.15
dp[19][395]=-1073.65
Select best dp
Best k=8
Stratifying 6-th numerical feature ...
dp[2][395]=-1079.65
dp[3][395]=-1364.47
dp[4][395]=-1552.21
dp[5][395]=-1681.17
dp[6][395]=-1763.58
dp[7][395]=-1836.87
dp[8][395]=-1904.27
dp[9][395]=-1920.14
dp[10][395]=-1928.49
dp[11][395]=-1930.34
dp[12][395]=-1916.39
dp[13][395]=-1901.22
dp[14][395]=-1884.05
dp[15][395]=-1866.49
dp[16][395]=-1848.16
dp[17][395]=-1818.82
dp[18][395]=-1774.01
dp[19][395]=-1728.73
Select best dp
Best k=11
Stratifying 6-th numerical feature ...
dp[2][395]=155.517
dp[3][395]=233.275
dp[4][395]=311.034
dp[5][395]=388.792
dp[6][395]=466.55
dp[7][395]=544.309
dp[8][395]=622.067
dp[9][395]=699.825
dp[10][395]=777.584
dp[11][395]=855.342
dp[12][395]=933.101
dp[13][395]=1010.86
dp[14][395]=1088.62
dp[15][395]=1166.38
dp[16][395]=1244.13
dp[17][395]=1321.89
dp[18][395]=1399.65
dp[19][395]=1477.41
Select best dp
Best k=2
dp[2][395]=-790.66
dp[3][395]=-1164.51
dp[4][395]=-1391.93
dp[5][395]=-1547.95
dp[6][395]=-1637.58
dp[7][395]=-1716.53
dp[8][395]=-1751.36
dp[9][395]=-1785.69
dp[10][395]=-1805.11
dp[11][395]=-1814.69
dp[12][395]=-1819.25
dp[13][395]=-1815.26
dp[14][395]=-1807.17
dp[15][395]=-1786.19
dp[16][395]=-1760.97
dp[17][395]=-1734.46
dp[18][395]=-1692.59
dp[19][395]=-1633.78
Select best dp
Best k=12
dp[2][395]=-317.572
dp[3][395]=-465.618
dp[4][395]=-540.45
dp[5][395]=-579.579
dp[6][395]=-585.516
dp[7][395]=-586.111
dp[8][395]=-564.649
dp[9][395]=-542.931
dp[10][395]=-513.764
dp[11][395]=-479.673
dp[12][395]=-443.076
dp[13][395]=-402.201
dp[14][395]=-359.275
dp[15][395]=-309.907
dp[16][395]=-258.416
dp[17][395]=-206.285
dp[18][395]=-146.471
dp[19][395]=-78.1857
Select best dp
Best k=7
dp[2][395]=-790.66
dp[3][395]=-1164.51
dp[4][395]=-1391.93
dp[5][395]=-1547.95
dp[6][395]=-1637.58
dp[7][395]=-1716.53
dp[8][395]=-1751.36
dp[9][395]=-1785.69
dp[10][395]=-1805.11
dp[11][395]=-1814.69
dp[12][395]=-1819.25
dp[13][395]=-1815.26
dp[14][395]=-1807.17
dp[15][395]=-1786.19
dp[16][395]=-1760.97
dp[17][395]=-1734.46
dp[18][395]=-1692.59
dp[19][395]=-1633.78
Select best dp
Best k=12
dp[2][395]=-1504.36
dp[3][395]=-1935.09
dp[4][395]=-2226.92
dp[5][395]=-2403.75
dp[6][395]=-2558.01
dp[7][395]=-2663.01
dp[8][395]=-2737.37
dp[9][395]=-2761.78
dp[10][395]=-2784.37
dp[11][395]=-2802.1
dp[12][395]=-2816.66
dp[13][395]=-2830.31
dp[14][395]=-2831.31
dp[15][395]=-2831.85
dp[16][395]=-2821.7
dp[17][395]=-2805.89
dp[18][395]=-2790.08
dp[19][395]=-2768.77
Select best dp
Best k=15
Stratifying 6-th numerical feature ...
dp[2][395]=-790.66
dp[3][395]=-1164.51
dp[4][395]=-1391.93
dp[5][395]=-1547.95
dp[6][395]=-1637.58
dp[7][395]=-1716.53
dp[8][395]=-1751.36
dp[9][395]=-1785.69
dp[10][395]=-1805.11
dp[11][395]=-1814.73
dp[12][395]=-1824.07
dp[13][395]=-1828.64
dp[14][395]=-1825.6
dp[15][395]=-1817.5
dp[16][395]=-1805.11
dp[17][395]=-1788.12
dp[18][395]=-1762.26
dp[19][395]=-1734.85
Select best dp
Best k=13
