Standardize ...
Stratifying 1-th numerical feature ...
Standardize ...
Stratifying 1-th numerical feature ...
Standardize ...
Stratifying 1-th numerical feature ...
Standardize ...
Stratifying 1-th numerical feature ...
Standardize ...
Stratifying 1-th numerical feature ...
Standardize ...
Stratifying 1-th numerical feature ...
Standardize ...
Stratifying 1-th numerical feature ...
Standardize ...
Stratifying 1-th numerical feature ...
Standardize ...
Stratifying 1-th numerical feature ...
Standardize ...
Stratifying 1-th numerical feature ...
Standardize ...
Stratifying 1-th numerical feature ...
Standardize ...
Stratifying 1-th numerical feature ...
Standardize ...
Stratifying 1-th numerical feature ...
Standardize ...
Stratifying 1-th numerical feature ...
dp[2][754]=-133.323
dp[3][754]=-245.059
dp[4][754]=-269.9
dp[5][754]=-277.657
dp[6][754]=-236.547
dp[7][754]=-182.528
dp[8][754]=-122.718
dp[9][754]=-35.5201
dp[10][754]=56.139
dp[11][754]=148.947
dp[12][754]=251.444
dp[13][754]=362.01
dp[14][754]=473.57
dp[15][754]=586.757
dp[16][754]=710.675
dp[17][754]=836.961
dp[18][754]=964.648
dp[19][754]=1093.48
dp[20][754]=1224.31
dp[21][754]=1357.53
dp[22][754]=1491.96
dp[23][754]=1628.09
dp[24][754]=1767.83
dp[25][754]=1909.87
dp[26][754]=2056.15
dp[27][754]=2209.45
Select best dp
Best k=5
dp[2][754]=-611.235
dp[3][754]=-1007
dp[4][754]=-1228.98
dp[5][754]=-1416.79
dp[6][754]=-1506.86
dp[7][754]=-1571.12
dp[8][754]=-1623.79
dp[9][754]=-1621.69
dp[10][754]=-1610.67
dp[11][754]=-1597.35
dp[12][754]=-1564.65
dp[13][754]=-1515.81
dp[14][754]=-1464.99
dp[15][754]=-1410.91
dp[16][754]=-1335.37
dp[17][754]=-1255.09
dp[18][754]=-1172.01
dp[19][754]=-1086.64
dp[20][754]=-997.268
dp[21][754]=-903.137
dp[22][754]=-806.56
dp[23][754]=-706.59
dp[24][754]=-599.407
dp[25][754]=-487.631
dp[26][754]=-367.358
dp[27][754]=-233.065
Select best dp
Best k=8
dp[2][754]=-611.235
dp[3][754]=-1007
dp[4][754]=-1228.98
dp[5][754]=-1416.79
dp[6][754]=-1506.86
dp[7][754]=-1571.12
dp[8][754]=-1623.79
dp[9][754]=-1621.69
dp[10][754]=-1610.67
dp[11][754]=-1597.35
dp[12][754]=-1564.65
dp[13][754]=-1515.81
dp[14][754]=-1464.99
dp[15][754]=-1410.91
dp[16][754]=-1335.37
dp[17][754]=-1255.09
dp[18][754]=-1172.01
dp[19][754]=-1086.64
dp[20][754]=-997.268
dp[21][754]=-903.137
dp[22][754]=-806.56
dp[23][754]=-706.59
dp[24][754]=-599.407
dp[25][754]=-487.631
dp[26][754]=-367.358
dp[27][754]=-233.065
Select best dp
Best k=8
dp[2][754]=-611.235
dp[3][754]=-1007
dp[4][754]=-1228.98
dp[5][754]=-1416.79
dp[6][754]=-1506.86
dp[7][754]=-1571.12
dp[8][754]=-1623.79
dp[9][754]=-1621.69
dp[10][754]=-1610.67
dp[11][754]=-1597.35
dp[12][754]=-1564.65
dp[13][754]=-1515.77
dp[14][754]=-1464.94
dp[15][754]=-1406.93
dp[16][754]=-1317.91
dp[17][754]=-1222.84
dp[18][754]=-1112.75
Select best dp
Best k=8
dp[2][754]=318.082
dp[3][754]=477.124
dp[4][754]=636.165
dp[5][754]=795.206
dp[6][754]=954.247
dp[7][754]=1113.29
dp[8][754]=1272.33
dp[9][754]=1431.37
dp[10][754]=1590.41
dp[11][754]=1749.45
dp[12][754]=1908.49
dp[13][754]=2067.54
dp[14][754]=2226.58
dp[15][754]=2385.62
dp[16][754]=2544.66
dp[17][754]=2703.7
dp[18][754]=2862.74
dp[19][754]=3021.78
dp[20][754]=3180.82
dp[21][754]=3339.87
dp[22][754]=3498.91
dp[23][754]=3657.95
dp[24][754]=3816.99
dp[25][754]=3976.03
dp[26][754]=4135.07
dp[27][754]=4294.11
Select best dp
Best k=2
dp[2][754]=-611.235
dp[3][754]=-1007
dp[4][754]=-1228.98
dp[5][754]=-1416.79
dp[6][754]=-1506.86
dp[7][754]=-1571.12
dp[8][754]=-1623.79
dp[9][754]=-1621.69
dp[10][754]=-1610.67
dp[11][754]=-1597.35
dp[12][754]=-1564.65
dp[13][754]=-1515.81
dp[14][754]=-1464.99
dp[15][754]=-1410.91
dp[16][754]=-1335.37
dp[17][754]=-1255.09
dp[18][754]=-1172.01
dp[19][754]=-1086.64
dp[20][754]=-997.268
dp[21][754]=-903.137
dp[22][754]=-806.56
dp[23][754]=-706.59
dp[24][754]=-599.407
dp[25][754]=-487.631
dp[26][754]=-367.358
dp[27][754]=-233.065
Select best dp
Best k=8
dp[2][754]=-1567.06
dp[3][754]=-2530.89
dp[4][754]=-3147.14
dp[5][754]=-3695.05
dp[6][754]=-4047.49
dp[7][754]=-4348.3
dp[8][754]=-4625.94
dp[9][754]=-4794.04
dp[10][754]=-4944.28
dp[11][754]=-5089.94
dp[12][754]=-5196.83
dp[13][754]=-5271.45
dp[14][754]=-5342.1
dp[15][754]=-5406.23
dp[16][754]=-5427.45
dp[17][754]=-5439.18
dp[18][754]=-5445.32
dp[19][754]=-5446.89
dp[20][754]=-5440.43
dp[21][754]=-5424.46
dp[22][754]=-5403.6
dp[23][754]=-5375.96
dp[24][754]=-5333.89
dp[25][754]=-5282.63
dp[26][754]=-5214.38
dp[27][754]=-5118.09
Select best dp
Best k=19
dp[2][754]=-611.235
dp[3][754]=-1007
dp[4][754]=-1228.98
dp[5][754]=-1416.79
dp[6][754]=-1506.86
dp[7][754]=-1571.12
dp[8][754]=-1623.79
dp[9][754]=-1621.69
dp[10][754]=-1610.67
dp[11][754]=-1597.35
dp[12][754]=-1564.65
dp[13][754]=-1515.81
dp[14][754]=-1464.99
dp[15][754]=-1410.91
dp[16][754]=-1335.37
dp[17][754]=-1255.36
dp[18][754]=-1173.11
dp[19][754]=-1087.74
dp[20][754]=-998.745
dp[21][754]=-907.956
dp[22][754]=-813.655
dp[23][754]=-717.763
dp[24][754]=-618.75
dp[25][754]=-515.279
dp[26][754]=-408.682
dp[27][754]=-298.221
Select best dp
Best k=8
dp[2][754]=-611.235
dp[3][754]=-1007
dp[4][754]=-1228.98
dp[5][754]=-1416.79
dp[6][754]=-1506.86
dp[7][754]=-1571.12
dp[8][754]=-1623.79
dp[9][754]=-1621.69
dp[10][754]=-1610.67
dp[11][754]=-1597.35
dp[12][754]=-1564.65
dp[13][754]=-1515.81
dp[14][754]=-1464.99
dp[15][754]=-1410.91
dp[16][754]=-1335.37
dp[17][754]=-1255.09
dp[18][754]=-1172.01
dp[19][754]=-1086.64
dp[20][754]=-997.268
dp[21][754]=-903.137
dp[22][754]=-806.56
dp[23][754]=-706.59
dp[24][754]=-599.407
dp[25][754]=-487.631
dp[26][754]=-367.358
dp[27][754]=-233.065
Select best dp
Best k=8
dp[2][754]=-611.235
dp[3][754]=-1007
dp[4][754]=-1228.98
dp[5][754]=-1416.79
dp[6][754]=-1506.86
dp[7][754]=-1571.12
dp[8][754]=-1623.79
dp[9][754]=-1621.69
dp[10][754]=-1610.67
dp[11][754]=-1597.35
dp[12][754]=-1564.65
dp[13][754]=-1515.81
dp[14][754]=-1464.99
dp[15][754]=-1410.91
dp[16][754]=-1335.37
dp[17][754]=-1255.09
dp[18][754]=-1172.01
dp[19][754]=-1086.64
dp[20][754]=-997.268
dp[21][754]=-903.137
dp[22][754]=-806.56
dp[23][754]=-706.59
dp[24][754]=-599.407
dp[25][754]=-487.631
dp[26][754]=-367.358
dp[27][754]=-233.065
Select best dp
Best k=8
dp[2][754]=-611.235
dp[3][754]=-1007
dp[4][754]=-1228.98
dp[5][754]=-1416.79
dp[6][754]=-1506.86
dp[7][754]=-1571.12
dp[8][754]=-1623.79
dp[9][754]=-1621.69
dp[10][754]=-1610.67
dp[11][754]=-1597.35
dp[12][754]=-1564.65
dp[13][754]=-1515.81
dp[14][754]=-1464.99
dp[15][754]=-1410.91
dp[16][754]=-1335.37
dp[17][754]=-1255.09
dp[18][754]=-1172.01
dp[19][754]=-1086.64
dp[20][754]=-997.268
dp[21][754]=-903.137
dp[22][754]=-806.56
dp[23][754]=-706.59
dp[24][754]=-599.407
dp[25][754]=-487.631
dp[26][754]=-367.358
dp[27][754]=-233.065
Select best dp
Best k=8
dp[2][754]=-611.235
dp[3][754]=-1007
dp[4][754]=-1228.98
dp[5][754]=-1416.79
dp[6][754]=-1506.86
dp[7][754]=-1571.12
dp[8][754]=-1623.79
dp[9][754]=-1621.69
dp[10][754]=-1610.67
dp[11][754]=-1597.35
dp[12][754]=-1564.65
dp[13][754]=-1515.81
dp[14][754]=-1464.99
dp[15][754]=-1410.91
dp[16][754]=-1335.37
dp[17][754]=-1255.36
dp[18][754]=-1173.11
dp[19][754]=-1087.74
dp[20][754]=-998.745
dp[21][754]=-907.956
dp[22][754]=-813.655
dp[23][754]=-717.763
dp[24][754]=-618.75
dp[25][754]=-515.279
dp[26][754]=-408.682
dp[27][754]=-298.221
Select best dp
Best k=8
dp[2][754]=-611.235
dp[3][754]=-1007
dp[4][754]=-1228.98
dp[5][754]=-1416.79
dp[6][754]=-1506.86
dp[7][754]=-1571.12
dp[8][754]=-1623.79
dp[9][754]=-1621.69
dp[10][754]=-1610.67
dp[11][754]=-1597.35
dp[12][754]=-1564.65
dp[13][754]=-1515.81
dp[14][754]=-1464.99
dp[15][754]=-1410.91
dp[16][754]=-1335.37
dp[17][754]=-1255.36
dp[18][754]=-1173.11
dp[19][754]=-1087.74
dp[20][754]=-998.745
dp[21][754]=-907.956
dp[22][754]=-813.655
dp[23][754]=-717.763
dp[24][754]=-618.75
dp[25][754]=-515.279
dp[26][754]=-408.682
dp[27][754]=-298.221
Select best dp
Best k=8
dp[2][754]=-20.7618
dp[3][754]=-431.622
dp[4][754]=-652.636
dp[5][754]=-846.605
dp[6][754]=-935.378
dp[7][754]=-1001.57
dp[8][754]=-1055.09
dp[9][754]=-1055.63
dp[10][754]=-1046.52
dp[11][754]=-1033.48
dp[12][754]=-1002.17
dp[13][754]=-955.452
dp[14][754]=-906.165
dp[15][754]=-854.007
dp[16][754]=-778.568
dp[17][754]=-699.319
dp[18][754]=-618.524
dp[19][754]=-534.133
dp[20][754]=-445.83
dp[21][754]=-352.741
dp[22][754]=-258.01
dp[23][754]=-158.625
dp[24][754]=-51.7986
dp[25][754]=57.115
dp[26][754]=179.163
dp[27][754]=311.142
Select best dp
Best k=9
