Standardize ...
Stratifying 1-th numerical feature ...
Standardize ...
Stratifying 1-th numerical feature ...
Standardize ...
Stratifying 1-th numerical feature ...
Standardize ...
Stratifying 1-th numerical feature ...
Standardize ...
Stratifying 1-th numerical feature ...
Standardize ...
Stratifying 1-th numerical feature ...
Standardize ...
Stratifying 1-th numerical feature ...
Standardize ...
Stratifying 1-th numerical feature ...
Standardize ...
Stratifying 1-th numerical feature ...
Standardize ...
Stratifying 1-th numerical feature ...
Standardize ...
Stratifying 1-th numerical feature ...
Standardize ...
Stratifying 1-th numerical feature ...
Standardize ...
Stratifying 1-th numerical feature ...
Standardize ...
Stratifying 1-th numerical feature ...
dp[2][422]=-184.078
dp[3][422]=-319.586
dp[4][422]=-422.529
dp[5][422]=-438.649
dp[6][422]=-427.589
dp[7][422]=-395.662
dp[8][422]=-362.943
dp[9][422]=-307.241
dp[10][422]=-235.57
dp[11][422]=-162.609
dp[12][422]=-78.1004
dp[13][422]=11.7073
dp[14][422]=102.326
dp[15][422]=196.246
dp[16][422]=290.887
dp[17][422]=402.374
dp[18][422]=515.014
dp[19][422]=672.958
dp[20][422]=845.218
Select best dp
Best k=5
Stratifying 2-th numerical feature ...
dp[2][422]=-184.078
dp[3][422]=-319.586
dp[4][422]=-422.529
dp[5][422]=-438.649
dp[6][422]=-427.589
dp[7][422]=-395.662
dp[8][422]=-362.943
dp[9][422]=-307.241
dp[10][422]=-235.57
dp[11][422]=-162.609
dp[12][422]=-78.1004
dp[13][422]=11.7073
dp[14][422]=102.326
dp[15][422]=196.246
dp[16][422]=290.887
dp[17][422]=402.374
dp[18][422]=515.014
dp[19][422]=672.958
dp[20][422]=845.218
Select best dp
Best k=5
Stratifying 2-th numerical feature ...
dp[2][422]=-184.078
dp[3][422]=-1.2e+11
dp[4][422]=-1.2e+11
dp[5][422]=-2.3e+11
dp[6][422]=-2.3e+11
dp[7][422]=-3.3e+11
dp[8][422]=-3.3e+11
dp[9][422]=-3.3e+11
dp[10][422]=-3.3e+11
dp[11][422]=-3.3e+11
dp[12][422]=-3.3e+11
dp[13][422]=-3.3e+11
dp[14][422]=-3.3e+11
dp[15][422]=-3.3e+11
dp[16][422]=-3.3e+11
dp[17][422]=-3.3e+11
dp[18][422]=-3.3e+11
dp[19][422]=-3.3e+11
dp[20][422]=-3.3e+11
Select best dp
Best k=8
Stratifying 2-th numerical feature ...
dp[2][422]=-184.078
dp[3][422]=-319.586
dp[4][422]=-422.529
dp[5][422]=-438.649
dp[6][422]=-427.589
dp[7][422]=-395.662
dp[8][422]=-362.943
dp[9][422]=-307.241
dp[10][422]=-235.57
dp[11][422]=-162.609
dp[12][422]=-78.1004
dp[13][422]=11.7073
dp[14][422]=102.326
dp[15][422]=196.246
dp[16][422]=290.887
dp[17][422]=402.374
dp[18][422]=515.014
dp[19][422]=672.958
dp[20][422]=845.218
Select best dp
Best k=5
Stratifying 2-th numerical feature ...
dp[2][422]=-184.078
dp[3][422]=-319.586
dp[4][422]=-422.529
dp[5][422]=-438.649
dp[6][422]=-427.589
dp[7][422]=-395.662
dp[8][422]=-362.943
dp[9][422]=-307.241
dp[10][422]=-233.322
dp[11][422]=-153.396
dp[12][422]=-62.4252
dp[13][422]=43.3729
Select best dp
Best k=5
Stratifying 2-th numerical feature ...
dp[2][422]=-184.078
dp[3][422]=-1.2e+11
dp[4][422]=-1.6e+11
dp[5][422]=-2.3e+11
dp[6][422]=-2.8e+11
dp[7][422]=-3.5e+11
dp[8][422]=-3.9e+11
dp[9][422]=-4.6e+11
dp[10][422]=-5.1e+11
dp[11][422]=-5.6e+11
dp[12][422]=-6.2e+11
dp[13][422]=-6.7e+11
dp[14][422]=-7.1e+11
dp[15][422]=-7.7e+11
dp[16][422]=-8.2e+11
dp[17][422]=-8.6e+11
dp[18][422]=-9.1e+11
dp[19][422]=-9.6e+11
dp[20][422]=-1e+12
Select best dp
Best k=20
Stratifying 2-th numerical feature ...
dp[2][422]=-184.078
dp[3][422]=-319.586
dp[4][422]=-422.529
dp[5][422]=-438.649
dp[6][422]=-427.589
dp[7][422]=-395.662
dp[8][422]=-362.943
dp[9][422]=-307.241
dp[10][422]=-235.57
dp[11][422]=-162.609
dp[12][422]=-78.1004
dp[13][422]=11.7073
dp[14][422]=102.326
dp[15][422]=196.246
dp[16][422]=290.887
dp[17][422]=402.374
dp[18][422]=515.014
dp[19][422]=672.958
dp[20][422]=845.218
Select best dp
Best k=5
Stratifying 2-th numerical feature ...
dp[2][422]=326.558
dp[3][422]=489.837
dp[4][422]=653.116
dp[5][422]=816.395
dp[6][422]=979.674
dp[7][422]=1142.95
dp[8][422]=1306.23
dp[9][422]=1469.51
dp[10][422]=1632.79
dp[11][422]=1796.07
dp[12][422]=1959.35
dp[13][422]=2122.63
dp[14][422]=2285.91
dp[15][422]=2449.19
dp[16][422]=2612.46
dp[17][422]=2775.74
dp[18][422]=2939.02
dp[19][422]=3102.3
dp[20][422]=3265.58
Select best dp
Best k=2
Stratifying 2-th numerical feature ...
dp[2][422]=-184.078
dp[3][422]=-319.586
dp[4][422]=-422.529
dp[5][422]=-438.649
dp[6][422]=-427.589
dp[7][422]=-395.662
dp[8][422]=-362.943
dp[9][422]=-307.241
dp[10][422]=-235.57
dp[11][422]=-162.609
dp[12][422]=-78.1004
dp[13][422]=11.7073
dp[14][422]=102.326
dp[15][422]=196.246
dp[16][422]=290.887
dp[17][422]=402.374
dp[18][422]=515.014
dp[19][422]=672.958
dp[20][422]=845.218
Select best dp
Best k=5
dp[2][422]=71.2402
dp[3][422]=85.1254
dp[4][422]=115.294
dp[5][422]=188.873
dp[6][422]=276.043
dp[7][422]=373.646
dp[8][422]=471.645
dp[9][422]=581.135
dp[10][422]=698.61
dp[11][422]=816.73
dp[12][422]=940.624
dp[13][422]=1067.17
dp[14][422]=1194.12
dp[15][422]=1322.72
dp[16][422]=1451.68
dp[17][422]=1589.06
dp[18][422]=1727.02
dp[19][422]=1887.63
dp[20][422]=2055.4
Select best dp
Best k=2
dp[2][422]=-1831.09
dp[3][422]=-2132.01
dp[4][422]=-2278.83
dp[5][422]=-2360.66
dp[6][422]=-2367.66
dp[7][422]=-2350.62
dp[8][422]=-2331.61
dp[9][422]=-2292.59
dp[10][422]=-2243.7
dp[11][422]=-2167.49
dp[12][422]=-2090.68
dp[2][422]=-184.078
dp[13][422]=-2000.29
dp[14][422]=-1909.1
dp[3][422]=-319.586
dp[15][422]=-1807.98
dp[16][422]=-1702.3
dp[4][422]=-422.529
dp[17][422]=-1591.69
dp[5][422]=-438.649
dp[18][422]=-1471.12
dp[19][422]=-1324.16
dp[6][422]=-427.589
dp[20][422]=-1143.52
Select best dp
dp[7][422]=-395.662
Best k=6
dp[8][422]=-362.943
dp[9][422]=-307.241
dp[10][422]=-235.57
dp[11][422]=-162.609
dp[12][422]=-78.1004
dp[13][422]=11.7073
dp[14][422]=102.326
dp[15][422]=196.246
dp[16][422]=290.887
dp[17][422]=402.374
dp[18][422]=515.014
dp[19][422]=672.958
dp[20][422]=845.218
Select best dp
Best k=5
Stratifying 2-th numerical feature ...
Stratifying 3-th numerical feature ...
Stratifying 2-th numerical feature ...
Stratifying 2-th numerical feature ...
dp[2][422]=-694.714
dp[3][422]=-1129.01
dp[4][422]=-1498.17
dp[5][422]=-1693.69
dp[6][422]=-1834.85
dp[7][422]=-1934.28
dp[8][422]=-2032.12
dp[9][422]=-2083.99
dp[10][422]=-2103.93
dp[11][422]=-2121.29
dp[12][422]=-2115.55
dp[13][422]=-2099.21
dp[14][422]=-2081.25
dp[15][422]=-2056.69
dp[16][422]=-2030.69
dp[17][422]=-1970.99
dp[18][422]=-1909
dp[19][422]=-1756.39
dp[20][422]=-1575.15
Select best dp
Best k=11
dp[2][422]=-1831.09
dp[3][422]=-2132.01
dp[4][422]=-2278.83
dp[5][422]=-2360.66
dp[6][422]=-2367.66
dp[7][422]=-2350.62
dp[8][422]=-2331.61
dp[9][422]=-2292.59
dp[10][422]=-2243.7
dp[11][422]=-2167.49
dp[12][422]=-2090.68
dp[13][422]=-2000.29
dp[14][422]=-1909.1
dp[15][422]=-1807.98
dp[16][422]=-1702.3
dp[17][422]=-1591.69
dp[18][422]=-1471.12
dp[19][422]=-1324.16
dp[20][422]=-1143.52
Select best dp
Best k=6
Stratifying 3-th numerical feature ...
Stratifying 2-th numerical feature ...
dp[2][422]=-1831.09
dp[3][422]=-2132.01
dp[4][422]=-2278.83
dp[5][422]=-2360.66
dp[6][422]=-2367.66
dp[7][422]=-2350.62
dp[8][422]=-2331.61
dp[9][422]=-2292.59
dp[10][422]=-2243.7
dp[11][422]=-2167.49
dp[12][422]=-2090.68
dp[13][422]=-2000.29
dp[14][422]=-1909.1
dp[15][422]=-1807.98
dp[16][422]=-1702.3
dp[17][422]=-1591.69
dp[18][422]=-1471.12
dp[19][422]=-1324.16
dp[20][422]=-1143.52
Select best dp
Best k=6
Stratifying 3-th numerical feature ...
dp[2][422]=-130.64
dp[3][422]=-2.7e+11
dp[4][422]=-4.9e+11
dp[5][422]=-7.2e+11
dp[6][422]=-9.4e+11
dp[7][422]=-1.15e+12
dp[8][422]=-1.15e+12
dp[9][422]=-1.15e+12
dp[10][422]=-1.15e+12
dp[11][422]=-1.15e+12
dp[12][422]=-1.15e+12
dp[13][422]=-1.15e+12
dp[14][422]=-1.15e+12
dp[15][422]=-1.15e+12
dp[16][422]=-1.15e+12
dp[17][422]=-1.15e+12
dp[18][422]=-1.15e+12
dp[19][422]=-1.15e+12
dp[20][422]=1008.39
Select best dp
Best k=9
dp[2][422]=-1847.98
dp[3][422]=-1.4e+11
dp[4][422]=-1.4e+11
dp[5][422]=-2.7e+11
dp[6][422]=-2.7e+11
dp[7][422]=-3.9e+11
dp[8][422]=-3.9e+11
dp[9][422]=-5e+11
dp[10][422]=-5e+11
dp[11][422]=-6.1e+11
dp[12][422]=-6.1e+11
dp[13][422]=-6.1e+11
dp[14][422]=-6.1e+11
dp[15][422]=-6.1e+11
dp[16][422]=-6.1e+11
dp[17][422]=-6.1e+11
dp[18][422]=-6.1e+11
dp[19][422]=-6.1e+11
dp[20][422]=-6.1e+11
Select best dp
Best k=13
Stratifying 3-th numerical feature ...
dp[2][422]=-130.64
dp[3][422]=-2.7e+11
dp[4][422]=-4.9e+11
dp[5][422]=-7.2e+11
dp[6][422]=-9.4e+11
dp[7][422]=-1.15e+12
dp[8][422]=-1.15e+12
dp[9][422]=-1.15e+12
dp[10][422]=-1.15e+12
dp[11][422]=-1.15e+12
dp[12][422]=-1.15e+12
dp[13][422]=-1.15e+12
dp[14][422]=-1.15e+12
dp[15][422]=-1.15e+12
dp[16][422]=-1.15e+12
dp[17][422]=-1.15e+12
dp[18][422]=-1.15e+12
dp[19][422]=-1.15e+12
dp[20][422]=1008.39
Select best dp
Best k=9
dp[2][422]=-184.078
dp[3][422]=-1.2e+11
dp[4][422]=-1.2e+11
dp[5][422]=-2.3e+11
dp[6][422]=-2.3e+11
dp[7][422]=-3.3e+11
dp[8][422]=-3.3e+11
dp[9][422]=-3.3e+11
dp[10][422]=-3.3e+11
dp[11][422]=-3.3e+11
dp[12][422]=-3.3e+11
dp[13][422]=-3.3e+11
dp[14][422]=-3.3e+11
dp[15][422]=-3.3e+11
dp[16][422]=-3.3e+11
dp[17][422]=-3.3e+11
dp[18][422]=-3.3e+11
dp[19][422]=-3.3e+11
dp[20][422]=-3.3e+11
Select best dp
Best k=8
Stratifying 2-th numerical feature ...
dp[2][422]=-1814.8
dp[3][422]=-2105.37
dp[4][422]=-2248.81
dp[5][422]=-2316.79
dp[6][422]=-2323.37
dp[7][422]=-2304.22
dp[8][422]=-2274.59
dp[9][422]=-2234.54
dp[10][422]=-2185.29
dp[11][422]=-2108.48
dp[12][422]=-2031.17
dp[13][422]=-1900.31
Select best dp
Best k=6
Stratifying 3-th numerical feature ...
dp[2][422]=-1847.98
dp[3][422]=-1.4e+11
dp[4][422]=-2e+11
dp[5][422]=-2.7e+11
dp[6][422]=-3.4e+11
dp[7][422]=-4e+11
dp[8][422]=-4.6e+11
dp[9][422]=-5.3e+11
dp[10][422]=-5.8e+11
dp[11][422]=-6.5e+11
dp[12][422]=-7e+11
dp[13][422]=-7.7e+11
dp[14][422]=-8.3e+11
dp[15][422]=-8.9e+11
dp[16][422]=-9.5e+11
dp[17][422]=-1e+12
dp[18][422]=-1.07e+12
dp[19][422]=-1.12e+12
dp[20][422]=-1.19e+12
Select best dp
Best k=20
Stratifying 3-th numerical feature ...
dp[2][422]=-130.64
dp[3][422]=-2.7e+11
dp[4][422]=-4.9e+11
dp[5][422]=-7.2e+11
dp[6][422]=-9.4e+11
dp[7][422]=-1.15e+12
dp[8][422]=-1.15e+12
dp[9][422]=-1.15e+12
dp[10][422]=-1.15e+12
dp[11][422]=-1.15e+12
dp[12][422]=-1.15e+12
dp[13][422]=-1.15e+12
dp[14][422]=-1.15e+12
dp[15][422]=-1.15e+12
dp[16][422]=-1.15e+12
dp[17][422]=-1.15e+12
dp[18][422]=-1.15e+12
dp[19][422]=-1.15e+12
dp[20][422]=1008.39
Select best dp
Best k=9
dp[2][422]=-1831.09
dp[3][422]=-2132.01
dp[4][422]=-2278.83
dp[5][422]=-2360.66
dp[6][422]=-2367.66
dp[7][422]=-2350.62
dp[8][422]=-2331.61
dp[9][422]=-2292.59
dp[10][422]=-2243.7
dp[11][422]=-2167.49
dp[12][422]=-2090.68
dp[13][422]=-2000.29
dp[14][422]=-1909.1
dp[15][422]=-1807.98
dp[16][422]=-1702.3
dp[17][422]=-1591.69
dp[18][422]=-1471.12
dp[19][422]=-1324.16
dp[20][422]=-1143.52
Select best dp
Best k=6
Stratifying 3-th numerical feature ...
dp[2][422]=326.558
dp[3][422]=489.837
dp[4][422]=653.116
dp[5][422]=816.395
dp[6][422]=979.674
dp[7][422]=1142.95
dp[8][422]=1306.23
dp[9][422]=1469.51
dp[10][422]=1632.79
dp[11][422]=1796.07
dp[12][422]=1959.35
dp[13][422]=2122.63
dp[14][422]=2285.91
dp[15][422]=2449.19
dp[16][422]=2612.46
dp[17][422]=2775.74
dp[18][422]=2939.02
dp[19][422]=3102.3
dp[20][422]=3265.58
Select best dp
Best k=2
Stratifying 3-th numerical feature ...
dp[2][422]=-1831.09
dp[3][422]=-2132.01
dp[4][422]=-2278.83
dp[5][422]=-2360.66
dp[6][422]=-2367.66
dp[7][422]=-2350.62
dp[8][422]=-2331.61
dp[9][422]=-2292.59
dp[10][422]=-2243.7
dp[11][422]=-2167.49
dp[12][422]=-2090.68
dp[13][422]=-2000.29
dp[14][422]=-1909.1
dp[15][422]=-1807.98
dp[16][422]=-1702.3
dp[17][422]=-1591.69
dp[18][422]=-1471.12
dp[19][422]=-1324.16
dp[20][422]=-1143.52
Select best dp
Best k=6
dp[2][422]=-752.268
dp[3][422]=-821.088
dp[4][422]=-812.857
dp[5][422]=-772.134
dp[6][422]=-693.993
dp[7][422]=-603.835
dp[8][422]=-512.687
dp[9][422]=-411.539
dp[10][422]=-305.455
dp[11][422]=-185.71
dp[12][422]=-65.6637
dp[13][422]=61.1693
dp[14][422]=188.402
dp[15][422]=320.605
dp[16][422]=455.081
dp[17][422]=592.029
dp[18][422]=733.95
dp[19][422]=889.072
dp[20][422]=1061.03
Select best dp
Best k=3
Stratifying 3-th numerical feature ...
dp[2][422]=-1831.09
dp[3][422]=-2132.01
dp[4][422]=-2278.83
dp[5][422]=-2360.66
dp[6][422]=-2367.66
dp[7][422]=-2350.62
dp[8][422]=-2331.61
dp[9][422]=-2292.59
dp[10][422]=-2243.7
dp[11][422]=-2167.49
dp[12][422]=-2090.68
dp[13][422]=-2000.29
dp[14][422]=-1909.1
dp[15][422]=-1807.98
dp[16][422]=-1702.3
dp[17][422]=-1591.69
dp[18][422]=-1471.12
dp[19][422]=-1324.16
dp[20][422]=-1143.52
Select best dp
Best k=6
Stratifying 3-th numerical feature ...
Stratifying 3-th numerical feature ...
dp[2][422]=-3988.75
dp[3][422]=-4753.86
dp[4][422]=-5210.78
dp[5][422]=-5537.72
dp[6][422]=-5714.99
dp[7][422]=-5844.2
dp[8][422]=-5969.45
dp[9][422]=-6054.69
dp[10][422]=-6120.19
dp[11][422]=-6131.05
dp[12][422]=-6140.7
dp[13][422]=-6123.21
dp[14][422]=-6104.11
dp[15][422]=-6065.14
dp[16][422]=-6017.07
dp[17][422]=-5959.11
dp[18][422]=-5881.27
dp[19][422]=-5750.62
dp[20][422]=-5552.62
Select best dp
Best k=12
Stratifying 3-th numerical feature ...
dp[2][422]=-130.64
dp[3][422]=-2.7e+11
dp[4][422]=-4.9e+11
dp[5][422]=-7.2e+11
dp[6][422]=-9.4e+11
dp[7][422]=-1.15e+12
dp[8][422]=-1.35e+12
dp[9][422]=-1.53e+12
dp[10][422]=-1.67e+12
dp[11][422]=-1.85e+12
dp[12][422]=-2.03e+12
dp[13][422]=-2.18e+12
dp[14][422]=-2.23e+12
dp[15][422]=-2.38e+12
dp[16][422]=-2.52e+12
dp[17][422]=-2.67e+12
dp[18][422]=-2.8e+12
dp[19][422]=-2.94e+12
dp[20][422]=-3.04e+12
Select best dp
Best k=20
dp[2][422]=-130.64
dp[3][422]=-2.7e+11
dp[4][422]=-4.9e+11
dp[5][422]=-7.2e+11
dp[6][422]=-9.4e+11
dp[7][422]=-1.15e+12
dp[8][422]=-1.15e+12
dp[9][422]=-1.15e+12
dp[10][422]=-1.15e+12
dp[11][422]=-1.15e+12
dp[12][422]=-1.15e+12
dp[13][422]=-1.15e+12
dp[14][422]=-1.15e+12
dp[15][422]=-1.15e+12
dp[16][422]=-1.15e+12
dp[17][422]=-1.15e+12
dp[18][422]=-1.15e+12
dp[19][422]=-1.15e+12
dp[20][422]=1008.39
Select best dp
Best k=9
dp[2][422]=-1847.98
dp[3][422]=-1.4e+11
dp[4][422]=-1.4e+11
dp[5][422]=-2.7e+11
dp[6][422]=-2.7e+11
dp[7][422]=-3.9e+11
dp[8][422]=-3.9e+11
dp[9][422]=-5e+11
dp[10][422]=-5e+11
dp[11][422]=-6.1e+11
dp[12][422]=-6.1e+11
dp[13][422]=-6.1e+11
dp[14][422]=-6.1e+11
dp[15][422]=-6.1e+11
dp[16][422]=-6.1e+11
dp[17][422]=-6.1e+11
dp[18][422]=-6.1e+11
dp[19][422]=-6.1e+11
dp[20][422]=-6.1e+11
Select best dp
Best k=13
Stratifying 3-th numerical feature ...
dp[2][422]=-130.64
dp[3][422]=-314.69
dp[4][422]=-368.148
dp[5][422]=-396.841
dp[6][422]=-425.17
dp[7][422]=-396.208
dp[8][422]=-360.53
dp[9][422]=-310.728
dp[10][422]=-244.032
dp[11][422]=-175.342
dp[12][422]=-47.6254
dp[13][422]=94.4961
Select best dp
Best k=6
dp[2][422]=-130.64
dp[3][422]=-2.7e+11
dp[4][422]=-4.9e+11
dp[5][422]=-7.2e+11
dp[6][422]=-9.4e+11
dp[7][422]=-1.15e+12
dp[8][422]=-1.35e+12
dp[9][422]=-1.53e+12
dp[10][422]=-1.67e+12
dp[11][422]=-1.85e+12
dp[12][422]=-2.03e+12
dp[13][422]=-2.18e+12
dp[14][422]=-2.26e+12
dp[15][422]=-2.38e+12
dp[16][422]=-2.52e+12
dp[17][422]=-2.67e+12
dp[18][422]=-2.8e+12
dp[19][422]=-2.94e+12
dp[20][422]=-3.04e+12
Select best dp
Best k=20
dp[2][422]=97.9588
dp[3][422]=-1.35e+11
dp[4][422]=-2.45e+11
dp[5][422]=-3.6e+11
dp[6][422]=-4.7e+11
dp[7][422]=-5.75e+11
dp[8][422]=-5.75e+11
dp[9][422]=-5.75e+11
dp[10][422]=-5.75e+11
dp[11][422]=-5.75e+11
dp[12][422]=-5.75e+11
dp[13][422]=-5.75e+11
dp[14][422]=-5.75e+11
dp[15][422]=-5.75e+11
dp[16][422]=-5.75e+11
dp[17][422]=-5.75e+11
dp[18][422]=-5.75e+11
dp[19][422]=-5.75e+11
dp[20][422]=2136.99
Select best dp
Best k=7
dp[2][422]=-587.839
dp[3][422]=-5.4e+11
dp[4][422]=-9.8e+11
dp[5][422]=-1.44e+12
dp[6][422]=-1.88e+12
dp[7][422]=-2.3e+12
dp[8][422]=-2.3e+12
dp[9][422]=-2.3e+12
dp[10][422]=-2.3e+12
dp[11][422]=-2.3e+12
dp[12][422]=-2.3e+12
dp[13][422]=-2.3e+12
dp[14][422]=-2.3e+12
dp[15][422]=-2.3e+12
dp[16][422]=-2.3e+12
dp[17][422]=-2.3e+12
dp[18][422]=-2.3e+12
dp[19][422]=-2.3e+12
dp[20][422]=-1248.8
Select best dp
Best k=15
dp[2][422]=326.558
dp[3][422]=489.837
dp[4][422]=653.116
dp[5][422]=816.395
dp[6][422]=979.674
dp[7][422]=1142.95
dp[8][422]=1306.23
dp[9][422]=1469.51
dp[10][422]=1632.79
dp[11][422]=1796.07
dp[12][422]=1959.35
dp[13][422]=2122.63
dp[14][422]=2285.91
dp[15][422]=2449.19
dp[16][422]=2612.46
dp[17][422]=2775.74
dp[18][422]=2939.02
dp[19][422]=3102.3
dp[20][422]=3265.58
Select best dp
Best k=2
dp[2][422]=109.183
dp[3][422]=-72.9211
dp[4][422]=-179.111
dp[5][422]=-220.035
dp[6][422]=-235.509
dp[7][422]=-221.203
dp[8][422]=-187.53
dp[9][422]=-152.103
dp[10][422]=-100.084
dp[11][422]=-33.9976
dp[12][422]=33.9632
dp[13][422]=117.405
dp[14][422]=206.556
dp[15][422]=296.381
dp[16][422]=388.624
dp[17][422]=495.767
dp[18][422]=610.064
dp[19][422]=759.652
dp[20][422]=936.821
Select best dp
Best k=6
Stratifying 2-th numerical feature ...
dp[2][422]=-130.64
dp[3][422]=-2.7e+11
dp[4][422]=-4.9e+11
dp[5][422]=-7.2e+11
dp[6][422]=-9.4e+11
dp[7][422]=-1.15e+12
dp[8][422]=-1.15e+12
dp[9][422]=-1.15e+12
dp[10][422]=-1.15e+12
dp[11][422]=-1.15e+12
dp[12][422]=-1.15e+12
dp[13][422]=-1.15e+12
dp[14][422]=-1.15e+12
dp[15][422]=-1.15e+12
dp[16][422]=-1.15e+12
dp[17][422]=-1.15e+12
dp[18][422]=-1.15e+12
dp[19][422]=-1.15e+12
dp[20][422]=1008.39
Select best dp
Best k=9
dp[2][422]=-130.64
dp[3][422]=-2.7e+11
dp[4][422]=-4.9e+11
dp[5][422]=-7.2e+11
dp[6][422]=-9.4e+11
dp[7][422]=-1.15e+12
dp[8][422]=-1.15e+12
dp[9][422]=-1.15e+12
dp[10][422]=-1.15e+12
dp[11][422]=-1.15e+12
dp[12][422]=-1.15e+12
dp[13][422]=-1.15e+12
dp[14][422]=-1.15e+12
dp[15][422]=-1.15e+12
dp[16][422]=-1.15e+12
dp[17][422]=-1.15e+12
dp[18][422]=-1.15e+12
dp[19][422]=-1.15e+12
dp[20][422]=1008.39
Select best dp
Best k=9
dp[2][422]=-130.64
dp[3][422]=-2.7e+11
dp[4][422]=-4.9e+11
dp[5][422]=-7.2e+11
dp[6][422]=-9.4e+11
dp[7][422]=-1.15e+12
dp[8][422]=-1.35e+12
dp[9][422]=-1.53e+12
dp[10][422]=-1.67e+12
dp[11][422]=-1.85e+12
dp[12][422]=-2.03e+12
dp[13][422]=-2.18e+12
dp[14][422]=-2.23e+12
dp[15][422]=-2.38e+12
dp[16][422]=-2.52e+12
dp[17][422]=-2.67e+12
dp[18][422]=-2.8e+12
dp[19][422]=-2.94e+12
dp[20][422]=-3.04e+12
Select best dp
Best k=20
dp[2][422]=-1501.66
dp[3][422]=-1830.06
dp[4][422]=-1986.25
dp[5][422]=-2077.07
dp[6][422]=-2086.69
dp[7][422]=-2074.42
dp[8][422]=-2058.1
dp[9][422]=-2021.5
dp[10][422]=-1974.25
dp[11][422]=-1901.72
dp[12][422]=-1826.43
dp[13][422]=-1737.94
dp[14][422]=-1648.85
dp[15][422]=-1549.38
dp[16][422]=-1444.77
dp[17][422]=-1336.37
dp[18][422]=-1219.72
dp[19][422]=-1074.09
dp[20][422]=-894.008
Select best dp
Best k=6
Stratifying 3-th numerical feature ...
dp[2][422]=164.227
dp[3][422]=-2.7e+11
dp[4][422]=-4.9e+11
dp[5][422]=-7.2e+11
dp[6][422]=-9.4e+11
dp[7][422]=-1.15e+12
dp[8][422]=-1.15e+12
dp[9][422]=-1.15e+12
dp[10][422]=-1.15e+12
dp[11][422]=-1.15e+12
dp[12][422]=-1.15e+12
dp[13][422]=-1.15e+12
dp[14][422]=-1.15e+12
dp[15][422]=-1.15e+12
dp[16][422]=-1.15e+12
dp[17][422]=-1.15e+12
dp[18][422]=-1.15e+12
dp[19][422]=-1.15e+12
dp[20][422]=1147.4
Select best dp
Best k=10
