Standardize ...
Stratifying 1-th numerical feature ...
Standardize ...
Stratifying 1-th numerical feature ...
Standardize ...
Stratifying 1-th numerical feature ...
Standardize ...
Stratifying 1-th numerical feature ...
Standardize ...
Stratifying 1-th numerical feature ...
Standardize ...
Stratifying 1-th numerical feature ...
Standardize ...
Stratifying 1-th numerical feature ...
Standardize ...
Stratifying 1-th numerical feature ...
Standardize ...
Stratifying 1-th numerical feature ...
Standardize ...
Stratifying 1-th numerical feature ...
Standardize ...
Stratifying 1-th numerical feature ...
Standardize ...
Stratifying 1-th numerical feature ...
Standardize ...
Stratifying 1-th numerical feature ...
Standardize ...
Stratifying 1-th numerical feature ...
dp[2][1325]=-3166.69
dp[3][1325]=-1.46e+12
dp[4][1325]=-2.64e+12
dp[5][1325]=-3.74e+12
dp[6][1325]=-4.88e+12
dp[7][1325]=-5.94e+12
dp[8][1325]=-7.12e+12
dp[9][1325]=-8.18e+12
dp[10][1325]=-9.12e+12
dp[11][1325]=-1.018e+13
dp[12][1325]=-1.118e+13
dp[13][1325]=-1.214e+13
dp[14][1325]=-1.32e+13
dp[15][1325]=-1.422e+13
dp[16][1325]=-1.51e+13
dp[17][1325]=-1.61e+13
dp[18][1325]=-1.698e+13
dp[19][1325]=-1.786e+13
dp[20][1325]=-1.866e+13
dp[21][1325]=-1.866e+13
dp[22][1325]=-1.94e+13
dp[23][1325]=-1.94e+13
dp[24][1325]=-2.014e+13
dp[25][1325]=-2.014e+13
dp[26][1325]=-2.014e+13
dp[27][1325]=-2.014e+13
dp[28][1325]=-2.014e+13
dp[29][1325]=-1.942e+13
dp[30][1325]=-1.87e+13
dp[31][1325]=-1.798e+13
dp[32][1325]=-1.726e+13
dp[33][1325]=-1.63e+13
dp[34][1325]=-1.486e+13
dp[35][1325]=-1.338e+13
dp[36][1325]=-1.05e+13
Select best dp
Best k=26
dp[2][1325]=-1446.74
dp[3][1325]=-7.3e+11
dp[4][1325]=-1.32e+12
dp[5][1325]=-1.87e+12
dp[6][1325]=-2.44e+12
dp[7][1325]=-2.97e+12
dp[8][1325]=-3.56e+12
dp[9][1325]=-4.09e+12
dp[10][1325]=-4.56e+12
dp[11][1325]=-5.09e+12
dp[12][1325]=-5.59e+12
dp[13][1325]=-6.07e+12
dp[14][1325]=-6.6e+12
dp[15][1325]=-7.11e+12
dp[16][1325]=-7.55e+12
dp[17][1325]=-8.05e+12
dp[18][1325]=-8.49e+12
dp[19][1325]=-8.93e+12
dp[20][1325]=-9.33e+12
dp[21][1325]=-9.33e+12
dp[22][1325]=-9.7e+12
dp[23][1325]=-9.7e+12
dp[24][1325]=-1.007e+13
dp[25][1325]=-1.007e+13
dp[26][1325]=-1.007e+13
dp[27][1325]=-1.007e+13
dp[28][1325]=-1.007e+13
dp[29][1325]=-9.71e+12
dp[30][1325]=-9.35e+12
dp[31][1325]=-8.99e+12
dp[32][1325]=-8.63e+12
dp[33][1325]=-8.15e+12
dp[34][1325]=-7.43e+12
dp[35][1325]=-6.69e+12
dp[36][1325]=-5.25e+12
Select best dp
Best k=25
Stratifying 2-th numerical feature ...
Stratifying 2-th numerical feature ...
dp[2][1325]=-1446.74
dp[3][1325]=-7.3e+11
dp[4][1325]=-1.32e+12
dp[5][1325]=-1.87e+12
dp[6][1325]=-2.44e+12
dp[7][1325]=-2.97e+12
dp[8][1325]=-3.56e+12
dp[9][1325]=-4.09e+12
dp[10][1325]=-4.56e+12
dp[11][1325]=-5.09e+12
dp[12][1325]=-5.59e+12
dp[13][1325]=-6.07e+12
dp[14][1325]=-6.6e+12
dp[15][1325]=-7.11e+12
dp[16][1325]=-7.55e+12
dp[17][1325]=-8.05e+12
dp[18][1325]=-8.49e+12
dp[19][1325]=-8.93e+12
dp[20][1325]=-9.33e+12
dp[21][1325]=-9.33e+12
dp[22][1325]=-9.7e+12
dp[23][1325]=-9.7e+12
dp[24][1325]=-1.007e+13
dp[25][1325]=-1.007e+13
dp[26][1325]=-1.007e+13
dp[27][1325]=-1.007e+13
dp[28][1325]=-1.007e+13
dp[29][1325]=-9.71e+12
dp[30][1325]=-9.35e+12
dp[31][1325]=-8.99e+12
dp[32][1325]=-8.63e+12
dp[33][1325]=-8.15e+12
dp[34][1325]=-7.43e+12
dp[35][1325]=-6.69e+12
dp[36][1325]=-5.25e+12
Select best dp
Best k=25
Stratifying 2-th numerical feature ...
dp[2][1325]=-1446.74
dp[3][1325]=-7.3e+11
dp[4][1325]=-1.32e+12
dp[5][1325]=-1.87e+12
dp[6][1325]=-2.44e+12
dp[7][1325]=-2.97e+12
dp[8][1325]=-3.56e+12
dp[9][1325]=-4.09e+12
dp[10][1325]=-4.56e+12
dp[11][1325]=-5.09e+12
dp[12][1325]=-5.59e+12
dp[13][1325]=-6.07e+12
dp[14][1325]=-6.6e+12
dp[15][1325]=-7.11e+12
dp[16][1325]=-7.55e+12
dp[17][1325]=-8.05e+12
dp[18][1325]=-8.49e+12
dp[19][1325]=-8.93e+12
dp[20][1325]=-9.33e+12
dp[21][1325]=-9.33e+12
dp[22][1325]=-9.7e+12
dp[23][1325]=-9.7e+12
dp[24][1325]=-1.007e+13
dp[25][1325]=-1.007e+13
dp[26][1325]=-1.007e+13
dp[27][1325]=-1.007e+13
dp[28][1325]=-1.007e+13
dp[29][1325]=-9.71e+12
dp[30][1325]=-9.35e+12
dp[31][1325]=-8.99e+12
dp[32][1325]=-8.63e+12
dp[33][1325]=-8.15e+12
dp[34][1325]=-7.43e+12
dp[35][1325]=-6.69e+12
dp[36][1325]=-5.25e+12
Select best dp
Best k=25
Stratifying 2-th numerical feature ...
dp[2][1325]=-1446.74
dp[3][1325]=-7.3e+11
dp[4][1325]=-1.32e+12
dp[5][1325]=-1.87e+12
dp[6][1325]=-2.44e+12
dp[7][1325]=-2.47e+12
dp[8][1325]=-3.02e+12
dp[9][1325]=-3.05e+12
dp[10][1325]=-3.6e+12
dp[11][1325]=-3.6e+12
dp[12][1325]=-4.14e+12
dp[13][1325]=-4.14e+12
dp[14][1325]=-4.14e+12
dp[15][1325]=-4.14e+12
dp[16][1325]=-4.14e+12
dp[17][1325]=-4.14e+12
dp[18][1325]=-4.14e+12
dp[19][1325]=-4.14e+12
dp[20][1325]=-4.14e+12
dp[21][1325]=-4.14e+12
dp[22][1325]=-3.99e+12
dp[23][1325]=-3.41e+12
dp[24][1325]=-2.83e+12
Select best dp
Best k=19
Stratifying 2-th numerical feature ...
dp[2][1325]=-1446.74
dp[3][1325]=-7.3e+11
dp[4][1325]=-1.32e+12
dp[5][1325]=-1.87e+12
dp[6][1325]=-2.44e+12
dp[7][1325]=-2.97e+12
dp[8][1325]=-3.56e+12
dp[9][1325]=-4.09e+12
dp[10][1325]=-4.56e+12
dp[11][1325]=-5.09e+12
dp[12][1325]=-5.59e+12
dp[13][1325]=-6.07e+12
dp[14][1325]=-6.6e+12
dp[15][1325]=-7.11e+12
dp[16][1325]=-7.55e+12
dp[17][1325]=-8.05e+12
dp[18][1325]=-8.49e+12
dp[19][1325]=-8.93e+12
dp[20][1325]=-9.33e+12
dp[21][1325]=-9.33e+12
dp[22][1325]=-9.7e+12
dp[23][1325]=-9.7e+12
dp[24][1325]=-1.007e+13
dp[25][1325]=-1.007e+13
dp[26][1325]=-1.007e+13
dp[27][1325]=-1.007e+13
dp[28][1325]=-1.007e+13
dp[29][1325]=-9.71e+12
dp[30][1325]=-9.35e+12
dp[31][1325]=-8.99e+12
dp[32][1325]=-8.63e+12
dp[33][1325]=-8.15e+12
dp[34][1325]=-7.43e+12
dp[35][1325]=-6.69e+12
dp[36][1325]=-5.25e+12
Select best dp
Best k=25
Stratifying 2-th numerical feature ...
dp[2][1325]=273.217
dp[3][1325]=409.826
dp[4][1325]=546.434
dp[5][1325]=683.043
dp[6][1325]=819.651
dp[7][1325]=956.26
dp[8][1325]=1092.87
dp[9][1325]=1229.48
dp[10][1325]=1366.09
dp[11][1325]=1502.69
dp[12][1325]=1639.3
dp[13][1325]=1775.91
dp[14][1325]=1912.52
dp[15][1325]=2049.13
dp[16][1325]=2185.74
dp[17][1325]=2322.34
dp[18][1325]=2458.95
dp[19][1325]=2595.56
dp[20][1325]=2732.17
dp[21][1325]=2868.78
dp[22][1325]=3005.39
dp[23][1325]=3142
dp[24][1325]=3278.6
dp[25][1325]=3415.21
dp[26][1325]=3551.82
dp[27][1325]=3688.43
dp[28][1325]=3825.04
dp[29][1325]=3961.65
dp[30][1325]=4098.26
dp[31][1325]=4234.86
dp[32][1325]=4371.47
dp[33][1325]=4508.08
dp[34][1325]=4644.69
dp[35][1325]=4781.3
dp[36][1325]=4917.91
Select best dp
Best k=2
dp[2][1325]=-1446.74
dp[3][1325]=-7.3e+11
dp[4][1325]=-1.32e+12
dp[5][1325]=-1.87e+12
dp[6][1325]=-2.44e+12
dp[7][1325]=-2.97e+12
dp[8][1325]=-3.56e+12
dp[9][1325]=-4.09e+12
dp[10][1325]=-4.56e+12
dp[11][1325]=-5.09e+12
dp[12][1325]=-5.59e+12
dp[13][1325]=-6.07e+12
dp[14][1325]=-6.6e+12
dp[15][1325]=-7.11e+12
dp[16][1325]=-7.55e+12
dp[17][1325]=-8.05e+12
dp[18][1325]=-8.49e+12
dp[19][1325]=-8.93e+12
dp[20][1325]=-9.33e+12
dp[21][1325]=-9.33e+12
dp[22][1325]=-9.7e+12
dp[23][1325]=-9.7e+12
dp[24][1325]=-1.007e+13
dp[25][1325]=-1.007e+13
dp[26][1325]=-1.007e+13
dp[27][1325]=-1.007e+13
dp[28][1325]=-1.007e+13
dp[29][1325]=-9.71e+12
dp[30][1325]=-9.35e+12
dp[31][1325]=-8.99e+12
dp[32][1325]=-8.63e+12
dp[33][1325]=-8.15e+12
dp[34][1325]=-7.43e+12
dp[35][1325]=-6.69e+12
dp[36][1325]=-5.25e+12
Select best dp
Best k=25
Stratifying 2-th numerical feature ...
dp[2][1325]=-1446.74
dp[3][1325]=-7.3e+11
dp[4][1325]=-1.32e+12
dp[5][1325]=-1.87e+12
dp[6][1325]=-2.44e+12
dp[7][1325]=-2.97e+12
dp[8][1325]=-3.56e+12
dp[9][1325]=-4.09e+12
dp[10][1325]=-4.56e+12
dp[11][1325]=-5.09e+12
dp[12][1325]=-5.59e+12
dp[13][1325]=-6.07e+12
dp[14][1325]=-6.6e+12
dp[15][1325]=-7.11e+12
dp[16][1325]=-7.55e+12
dp[17][1325]=-8.05e+12
dp[18][1325]=-8.49e+12
dp[19][1325]=-8.93e+12
dp[20][1325]=-9.33e+12
dp[21][1325]=-9.33e+12
dp[22][1325]=-9.7e+12
dp[23][1325]=-9.7e+12
dp[24][1325]=-1.007e+13
dp[25][1325]=-1.007e+13
dp[26][1325]=-1.007e+13
dp[27][1325]=-1.007e+13
dp[28][1325]=-1.007e+13
dp[29][1325]=-9.71e+12
dp[30][1325]=-9.35e+12
dp[31][1325]=-8.99e+12
dp[32][1325]=-8.63e+12
dp[33][1325]=-8.15e+12
dp[34][1325]=-7.43e+12
dp[35][1325]=-6.69e+12
dp[36][1325]=-5.25e+12
Select best dp
Best k=25
Stratifying 2-th numerical feature ...
dp[2][1325]=-586.76
dp[3][1325]=-3.65e+11
dp[4][1325]=-6.6e+11
dp[5][1325]=-9.35e+11
dp[6][1325]=-1.22e+12
dp[7][1325]=-1.485e+12
dp[8][1325]=-1.78e+12
dp[9][1325]=-2.045e+12
dp[10][1325]=-2.28e+12
dp[11][1325]=-2.545e+12
dp[12][1325]=-2.795e+12
dp[13][1325]=-3.035e+12
dp[14][1325]=-3.3e+12
dp[15][1325]=-3.555e+12
dp[16][1325]=-3.775e+12
dp[17][1325]=-4.025e+12
dp[18][1325]=-4.245e+12
dp[19][1325]=-4.465e+12
dp[20][1325]=-4.665e+12
dp[21][1325]=-4.665e+12
dp[22][1325]=-4.85e+12
dp[23][1325]=-4.85e+12
dp[24][1325]=-5.035e+12
dp[25][1325]=-5.035e+12
dp[26][1325]=-5.035e+12
dp[27][1325]=-5.035e+12
dp[28][1325]=-5.035e+12
dp[29][1325]=-4.855e+12
dp[30][1325]=-4.675e+12
dp[31][1325]=-4.495e+12
dp[32][1325]=-4.315e+12
dp[33][1325]=-4.075e+12
dp[34][1325]=-3.715e+12
dp[35][1325]=-3.345e+12
dp[36][1325]=-2.625e+12
Select best dp
Best k=24
Stratifying 2-th numerical feature ...
Stratifying 2-th numerical feature ...
dp[2][1325]=-8.8e+11
dp[3][1325]=-3.37e+12
dp[4][1325]=-5.9e+12
dp[5][1325]=-8.22e+12
dp[6][1325]=-1.004e+13
dp[7][1325]=-1.122e+13
dp[8][1325]=-1.206e+13
dp[9][1325]=-1.248e+13
dp[10][1325]=-1.288e+13
dp[11][1325]=-1.288e+13
dp[12][1325]=-1.288e+13
dp[13][1325]=-1.288e+13
dp[14][1325]=-1.288e+13
dp[15][1325]=-1.288e+13
dp[16][1325]=-1.288e+13
dp[17][1325]=-1.288e+13
dp[18][1325]=-1.288e+13
dp[19][1325]=-1.288e+13
dp[20][1325]=-1.288e+13
dp[21][1325]=-1.288e+13
dp[22][1325]=-1.288e+13
dp[23][1325]=-1.288e+13
dp[24][1325]=-1.288e+13
dp[25][1325]=-1.288e+13
dp[26][1325]=-1.288e+13
dp[27][1325]=-1.288e+13
dp[28][1325]=-1.288e+13
dp[29][1325]=-1.288e+13
dp[30][1325]=-1.288e+13
dp[31][1325]=-1.288e+13
dp[32][1325]=-1.288e+13
dp[33][1325]=-1.288e+13
dp[34][1325]=-1.288e+13
dp[35][1325]=-1.252e+13
dp[36][1325]=-1.144e+13
Select best dp
Best k=10
dp[2][1325]=-1.76e+12
dp[3][1325]=-6.74e+12
dp[4][1325]=-1.18e+13
dp[5][1325]=-1.644e+13
dp[6][1325]=-2.008e+13
dp[7][1325]=-2.244e+13
dp[8][1325]=-2.412e+13
dp[9][1325]=-2.496e+13
dp[10][1325]=-2.576e+13
dp[11][1325]=-2.576e+13
dp[12][1325]=-2.576e+13
dp[13][1325]=-2.576e+13
dp[14][1325]=-2.576e+13
dp[15][1325]=-2.576e+13
dp[16][1325]=-2.576e+13
dp[17][1325]=-2.576e+13
dp[18][1325]=-2.576e+13
dp[19][1325]=-2.576e+13
dp[20][1325]=-2.576e+13
dp[21][1325]=-2.576e+13
dp[22][1325]=-2.576e+13
dp[23][1325]=-2.576e+13
dp[24][1325]=-2.576e+13
dp[25][1325]=-2.576e+13
dp[26][1325]=-2.576e+13
dp[27][1325]=-2.576e+13
dp[28][1325]=-2.576e+13
dp[29][1325]=-2.576e+13
dp[30][1325]=-2.576e+13
dp[31][1325]=-2.576e+13
dp[32][1325]=-2.576e+13
dp[33][1325]=-2.576e+13
dp[34][1325]=-2.576e+13
dp[35][1325]=-2.504e+13
dp[36][1325]=-2.288e+13
Select best dp
Best k=10
dp[2][1325]=-8.8e+11
dp[3][1325]=-3.37e+12
dp[4][1325]=-5.9e+12
dp[5][1325]=-8.22e+12
dp[6][1325]=-1.004e+13
dp[7][1325]=-1.122e+13
dp[8][1325]=-1.206e+13
dp[9][1325]=-1.248e+13
dp[10][1325]=-1.288e+13
dp[11][1325]=-1.288e+13
dp[12][1325]=-1.288e+13
dp[13][1325]=-1.288e+13
dp[14][1325]=-1.288e+13
dp[15][1325]=-1.288e+13
dp[16][1325]=-1.288e+13
dp[17][1325]=-1.288e+13
dp[18][1325]=-1.288e+13
dp[19][1325]=-1.288e+13
dp[20][1325]=-1.288e+13
dp[21][1325]=-1.288e+13
dp[22][1325]=-1.288e+13
dp[23][1325]=-1.288e+13
dp[24][1325]=-1.288e+13
dp[25][1325]=-1.288e+13
dp[26][1325]=-1.288e+13
dp[27][1325]=-1.288e+13
dp[28][1325]=-1.288e+13
dp[29][1325]=-1.288e+13
dp[30][1325]=-1.288e+13
dp[31][1325]=-1.288e+13
dp[32][1325]=-1.288e+13
dp[33][1325]=-1.288e+13
dp[34][1325]=-1.288e+13
dp[35][1325]=-1.252e+13
dp[36][1325]=-1.144e+13
Select best dp
Best k=10
dp[2][1325]=-8.8e+11
dp[3][1325]=-3.37e+12
dp[4][1325]=-5.9e+12
dp[5][1325]=-8.22e+12
dp[6][1325]=-1.004e+13
dp[7][1325]=-1.122e+13
dp[8][1325]=-1.206e+13
dp[9][1325]=-1.248e+13
dp[10][1325]=-1.288e+13
dp[11][1325]=-1.288e+13
dp[12][1325]=-1.288e+13
dp[13][1325]=-1.288e+13
dp[14][1325]=-1.288e+13
dp[15][1325]=-1.288e+13
dp[16][1325]=-1.288e+13
dp[17][1325]=-1.288e+13
dp[18][1325]=-1.288e+13
dp[19][1325]=-1.288e+13
dp[20][1325]=-1.288e+13
dp[21][1325]=-1.288e+13
dp[22][1325]=-1.288e+13
dp[23][1325]=-1.288e+13
dp[24][1325]=-1.288e+13
dp[25][1325]=-1.288e+13
dp[26][1325]=-1.288e+13
dp[27][1325]=-1.288e+13
dp[28][1325]=-1.288e+13
dp[29][1325]=-1.288e+13
dp[30][1325]=-1.288e+13
dp[31][1325]=-1.288e+13
dp[32][1325]=-1.288e+13
dp[33][1325]=-1.288e+13
dp[34][1325]=-1.288e+13
dp[35][1325]=-1.252e+13
dp[36][1325]=-1.144e+13
Select best dp
Best k=10
dp[2][1325]=-2e+11
dp[3][1325]=-7.3e+11
dp[4][1325]=-1.32e+12
dp[5][1325]=-1.87e+12
dp[6][1325]=-2.44e+12
dp[7][1325]=-2.97e+12
dp[8][1325]=-3.56e+12
dp[9][1325]=-4.09e+12
dp[10][1325]=-4.56e+12
dp[11][1325]=-5.09e+12
dp[12][1325]=-5.59e+12
dp[13][1325]=-6.07e+12
dp[14][1325]=-6.6e+12
dp[15][1325]=-7.11e+12
dp[16][1325]=-7.55e+12
dp[17][1325]=-8.05e+12
dp[18][1325]=-8.49e+12
dp[19][1325]=-8.93e+12
dp[20][1325]=-9.33e+12
dp[21][1325]=-9.64e+12
dp[22][1325]=-9.96e+12
dp[23][1325]=-1.027e+13
dp[24][1325]=-1.064e+13
dp[25][1325]=-1.093e+13
dp[26][1325]=-1.127e+13
dp[27][1325]=-1.161e+13
dp[28][1325]=-1.188e+13
dp[29][1325]=-1.222e+13
dp[30][1325]=-1.266e+13
dp[31][1325]=-1.293e+13
dp[32][1325]=-1.311e+13
dp[33][1325]=-1.311e+13
dp[34][1325]=-1.311e+13
dp[35][1325]=-1.311e+13
dp[36][1325]=-1.311e+13
Select best dp
Best k=32
Stratifying 2-th numerical feature ...
dp[2][1325]=-2e+11
dp[3][1325]=-7.3e+11
dp[4][1325]=-1.32e+12
dp[5][1325]=-1.87e+12
dp[6][1325]=-2.44e+12
dp[7][1325]=-2.97e+12
dp[8][1325]=-3.56e+12
dp[9][1325]=-4.09e+12
dp[10][1325]=-4.56e+12
dp[11][1325]=-5.09e+12
dp[12][1325]=-5.59e+12
dp[13][1325]=-6.07e+12
dp[14][1325]=-6.6e+12
dp[15][1325]=-7.11e+12
dp[16][1325]=-7.55e+12
dp[17][1325]=-8.05e+12
dp[18][1325]=-8.49e+12
dp[19][1325]=-8.93e+12
dp[20][1325]=-9.33e+12
dp[21][1325]=-9.64e+12
dp[22][1325]=-9.96e+12
dp[23][1325]=-1.027e+13
dp[24][1325]=-1.064e+13
dp[25][1325]=-1.093e+13
dp[26][1325]=-1.127e+13
dp[27][1325]=-1.161e+13
dp[28][1325]=-1.188e+13
dp[29][1325]=-1.222e+13
dp[30][1325]=-1.266e+13
dp[31][1325]=-1.293e+13
dp[32][1325]=-1.293e+13
dp[33][1325]=-1.293e+13
dp[34][1325]=-1.293e+13
dp[35][1325]=-1.293e+13
dp[36][1325]=-1.293e+13
Select best dp
Best k=31
Stratifying 2-th numerical feature ...
dp[2][1325]=-8.8e+11
dp[3][1325]=-3.37e+12
dp[4][1325]=-5.9e+12
dp[5][1325]=-8.22e+12
dp[6][1325]=-1.004e+13
dp[7][1325]=-1.122e+13
dp[8][1325]=-1.206e+13
dp[9][1325]=-1.206e+13
dp[10][1325]=-1.206e+13
dp[11][1325]=-1.206e+13
dp[12][1325]=-1.206e+13
dp[13][1325]=-1.206e+13
dp[14][1325]=-1.206e+13
dp[15][1325]=-1.206e+13
dp[16][1325]=-1.206e+13
dp[17][1325]=-1.206e+13
dp[18][1325]=-1.206e+13
dp[19][1325]=-1.206e+13
dp[20][1325]=-1.206e+13
dp[21][1325]=-1.206e+13
dp[22][1325]=-1.152e+13
dp[23][1325]=-1.044e+13
dp[24][1325]=-9.36e+12
Select best dp
Best k=9
dp[2][1325]=-4.4e+11
dp[3][1325]=-1.685e+12
dp[4][1325]=-2.95e+12
dp[5][1325]=-4.11e+12
dp[6][1325]=-5.02e+12
dp[7][1325]=-5.61e+12
dp[8][1325]=-6.03e+12
dp[9][1325]=-6.24e+12
dp[10][1325]=-6.44e+12
dp[11][1325]=-6.44e+12
dp[12][1325]=-6.44e+12
dp[13][1325]=-6.44e+12
dp[14][1325]=-6.44e+12
dp[15][1325]=-6.44e+12
dp[16][1325]=-6.44e+12
dp[17][1325]=-6.44e+12
dp[18][1325]=-6.44e+12
dp[19][1325]=-6.44e+12
dp[20][1325]=-6.44e+12
dp[21][1325]=-6.44e+12
dp[22][1325]=-6.44e+12
dp[23][1325]=-6.44e+12
dp[24][1325]=-6.44e+12
dp[25][1325]=-6.44e+12
dp[26][1325]=-6.44e+12
dp[27][1325]=-6.44e+12
dp[28][1325]=-6.44e+12
dp[29][1325]=-6.44e+12
dp[30][1325]=-6.44e+12
dp[31][1325]=-6.44e+12
dp[32][1325]=-6.44e+12
dp[33][1325]=-6.44e+12
dp[34][1325]=-6.44e+12
dp[35][1325]=-6.26e+12
dp[36][1325]=-5.72e+12
Select best dp
Best k=10
dp[2][1325]=-8.8e+11
dp[3][1325]=-3.37e+12
dp[4][1325]=-5.9e+12
dp[5][1325]=-8.22e+12
dp[6][1325]=-1.004e+13
dp[7][1325]=-1.122e+13
dp[8][1325]=-1.206e+13
dp[9][1325]=-1.248e+13
dp[10][1325]=-1.288e+13
dp[11][1325]=-1.288e+13
dp[12][1325]=-1.288e+13
dp[13][1325]=-1.288e+13
dp[14][1325]=-1.288e+13
dp[15][1325]=-1.288e+13
dp[16][1325]=-1.288e+13
dp[17][1325]=-1.288e+13
dp[18][1325]=-1.288e+13
dp[19][1325]=-1.288e+13
dp[20][1325]=-1.288e+13
dp[21][1325]=-1.288e+13
dp[22][1325]=-1.288e+13
dp[23][1325]=-1.288e+13
dp[24][1325]=-1.288e+13
dp[25][1325]=-1.288e+13
dp[26][1325]=-1.288e+13
dp[27][1325]=-1.288e+13
dp[28][1325]=-1.288e+13
dp[29][1325]=-1.288e+13
dp[30][1325]=-1.288e+13
dp[31][1325]=-1.288e+13
dp[32][1325]=-1.288e+13
dp[33][1325]=-1.288e+13
dp[34][1325]=-1.288e+13
dp[35][1325]=-1.252e+13
dp[36][1325]=-1.144e+13
Select best dp
Best k=10
dp[2][1325]=273.217
dp[3][1325]=409.826
dp[4][1325]=546.434
dp[5][1325]=683.043
dp[6][1325]=819.651
dp[7][1325]=956.26
dp[8][1325]=1092.87
dp[9][1325]=1229.48
dp[10][1325]=1366.09
dp[11][1325]=1502.69
dp[12][1325]=1639.3
dp[13][1325]=1775.91
dp[14][1325]=1912.52
dp[15][1325]=2049.13
dp[16][1325]=2185.74
dp[17][1325]=2322.34
dp[18][1325]=2458.95
dp[19][1325]=2595.56
dp[20][1325]=2732.17
dp[21][1325]=2868.78
dp[22][1325]=3005.39
dp[23][1325]=3142
dp[24][1325]=3278.6
dp[25][1325]=3415.21
dp[26][1325]=3551.82
dp[27][1325]=3688.43
dp[28][1325]=3825.04
dp[29][1325]=3961.65
dp[30][1325]=4098.26
dp[31][1325]=4234.86
dp[32][1325]=4371.47
dp[33][1325]=4508.08
dp[34][1325]=4644.69
dp[35][1325]=4781.3
dp[36][1325]=4917.91
Select best dp
Best k=2
dp[2][1325]=-8.8e+11
dp[3][1325]=-3.37e+12
dp[4][1325]=-5.9e+12
dp[5][1325]=-8.22e+12
dp[6][1325]=-1.004e+13
dp[7][1325]=-1.122e+13
dp[8][1325]=-1.206e+13
dp[9][1325]=-1.248e+13
dp[10][1325]=-1.288e+13
dp[11][1325]=-1.288e+13
dp[12][1325]=-1.288e+13
dp[13][1325]=-1.288e+13
dp[14][1325]=-1.288e+13
dp[15][1325]=-1.288e+13
dp[16][1325]=-1.288e+13
dp[17][1325]=-1.288e+13
dp[18][1325]=-1.288e+13
dp[19][1325]=-1.288e+13
dp[20][1325]=-1.288e+13
dp[21][1325]=-1.288e+13
dp[22][1325]=-1.288e+13
dp[23][1325]=-1.288e+13
dp[24][1325]=-1.288e+13
dp[25][1325]=-1.288e+13
dp[26][1325]=-1.288e+13
dp[27][1325]=-1.288e+13
dp[28][1325]=-1.288e+13
dp[29][1325]=-1.288e+13
dp[30][1325]=-1.288e+13
dp[31][1325]=-1.288e+13
dp[32][1325]=-1.288e+13
dp[33][1325]=-1.288e+13
dp[34][1325]=-1.288e+13
dp[35][1325]=-1.252e+13
dp[36][1325]=-1.144e+13
Select best dp
Best k=10
dp[2][1325]=-8.8e+11
dp[3][1325]=-3.37e+12
dp[4][1325]=-5.9e+12
dp[5][1325]=-8.22e+12
dp[6][1325]=-1.004e+13
dp[7][1325]=-1.122e+13
dp[8][1325]=-1.206e+13
dp[9][1325]=-1.248e+13
dp[10][1325]=-1.288e+13
dp[11][1325]=-1.288e+13
dp[12][1325]=-1.288e+13
dp[13][1325]=-1.288e+13
dp[14][1325]=-1.288e+13
dp[15][1325]=-1.288e+13
dp[16][1325]=-1.288e+13
dp[17][1325]=-1.288e+13
dp[18][1325]=-1.288e+13
dp[19][1325]=-1.288e+13
dp[20][1325]=-1.288e+13
dp[21][1325]=-1.288e+13
dp[22][1325]=-1.288e+13
dp[23][1325]=-1.288e+13
dp[24][1325]=-1.288e+13
dp[25][1325]=-1.288e+13
dp[26][1325]=-1.288e+13
dp[27][1325]=-1.288e+13
dp[28][1325]=-1.288e+13
dp[29][1325]=-1.288e+13
dp[30][1325]=-1.288e+13
dp[31][1325]=-1.288e+13
dp[32][1325]=-1.288e+13
dp[33][1325]=-1.288e+13
dp[34][1325]=-1.288e+13
dp[35][1325]=-1.252e+13
dp[36][1325]=-1.144e+13
Select best dp
Best k=10
dp[2][1325]=-307.301
dp[3][1325]=-7.3e+11
dp[4][1325]=-1.32e+12
dp[5][1325]=-1.87e+12
dp[6][1325]=-2.44e+12
dp[7][1325]=-2.97e+12
dp[8][1325]=-3.56e+12
dp[9][1325]=-4.09e+12
dp[10][1325]=-4.56e+12
dp[11][1325]=-5.09e+12
dp[12][1325]=-5.59e+12
dp[13][1325]=-6.07e+12
dp[14][1325]=-6.6e+12
dp[15][1325]=-7.11e+12
dp[16][1325]=-7.55e+12
dp[17][1325]=-8.05e+12
dp[18][1325]=-8.49e+12
dp[19][1325]=-8.93e+12
dp[20][1325]=-9.33e+12
dp[21][1325]=-9.33e+12
dp[22][1325]=-9.7e+12
dp[23][1325]=-9.7e+12
dp[24][1325]=-1.007e+13
dp[25][1325]=-1.007e+13
dp[26][1325]=-1.007e+13
dp[27][1325]=-1.007e+13
dp[28][1325]=-1.007e+13
dp[29][1325]=-9.71e+12
dp[30][1325]=-9.35e+12
dp[31][1325]=-8.99e+12
dp[32][1325]=-8.63e+12
dp[33][1325]=-8.15e+12
dp[34][1325]=-7.43e+12
dp[35][1325]=-6.69e+12
dp[36][1325]=-5.25e+12
Select best dp
Best k=25
Stratifying 2-th numerical feature ...
dp[2][1325]=-2e+11
dp[3][1325]=-7.3e+11
dp[4][1325]=-1.32e+12
dp[5][1325]=-1.87e+12
dp[6][1325]=-2.44e+12
dp[7][1325]=-2.97e+12
dp[8][1325]=-3.56e+12
dp[9][1325]=-4.09e+12
dp[10][1325]=-4.56e+12
dp[11][1325]=-5.09e+12
dp[12][1325]=-5.59e+12
dp[13][1325]=-6.07e+12
dp[14][1325]=-6.6e+12
dp[15][1325]=-7.11e+12
dp[16][1325]=-7.55e+12
dp[17][1325]=-8.05e+12
dp[18][1325]=-8.49e+12
dp[19][1325]=-8.93e+12
dp[20][1325]=-9.33e+12
dp[21][1325]=-9.64e+12
dp[22][1325]=-9.96e+12
dp[23][1325]=-1.027e+13
dp[24][1325]=-1.064e+13
dp[25][1325]=-1.093e+13
dp[26][1325]=-1.127e+13
dp[27][1325]=-1.161e+13
dp[28][1325]=-1.188e+13
dp[29][1325]=-1.222e+13
dp[30][1325]=-1.266e+13
dp[31][1325]=-1.293e+13
dp[32][1325]=-1.311e+13
dp[33][1325]=-1.316e+13
dp[34][1325]=-1.321e+13
dp[35][1325]=-1.321e+13
dp[36][1325]=-1.321e+13
Select best dp
Best k=34
Stratifying 2-th numerical feature ...
dp[2][1325]=-8.8e+11
dp[3][1325]=-3.37e+12
dp[4][1325]=-5.9e+12
dp[5][1325]=-8.22e+12
dp[6][1325]=-1.004e+13
dp[7][1325]=-1.122e+13
dp[8][1325]=-1.206e+13
dp[9][1325]=-1.248e+13
dp[10][1325]=-1.288e+13
dp[11][1325]=-1.288e+13
dp[12][1325]=-1.288e+13
dp[13][1325]=-1.288e+13
dp[14][1325]=-1.288e+13
dp[15][1325]=-1.288e+13
dp[16][1325]=-1.288e+13
dp[17][1325]=-1.288e+13
dp[18][1325]=-1.288e+13
dp[19][1325]=-1.288e+13
dp[20][1325]=-1.288e+13
dp[21][1325]=-1.288e+13
dp[22][1325]=-1.288e+13
dp[23][1325]=-1.288e+13
dp[24][1325]=-1.288e+13
dp[25][1325]=-1.288e+13
dp[26][1325]=-1.288e+13
dp[27][1325]=-1.288e+13
dp[28][1325]=-1.288e+13
dp[29][1325]=-1.288e+13
dp[30][1325]=-1.288e+13
dp[31][1325]=-1.288e+13
dp[32][1325]=-1.288e+13
dp[33][1325]=-1.288e+13
dp[34][1325]=-1.288e+13
dp[35][1325]=-1.288e+13
dp[36][1325]=-1.288e+13
Select best dp
Best k=10
dp[2][1325]=-8.8e+11
dp[3][1325]=-3.37e+12
dp[4][1325]=-5.9e+12
dp[5][1325]=-8.22e+12
dp[6][1325]=-1.004e+13
dp[7][1325]=-1.122e+13
dp[8][1325]=-1.206e+13
dp[9][1325]=-1.248e+13
dp[10][1325]=-1.288e+13
dp[11][1325]=-1.302e+13
dp[12][1325]=-1.302e+13
dp[13][1325]=-1.302e+13
dp[14][1325]=-1.302e+13
dp[15][1325]=-1.302e+13
dp[16][1325]=-1.302e+13
dp[17][1325]=-1.302e+13
dp[18][1325]=-1.302e+13
dp[19][1325]=-1.302e+13
dp[20][1325]=-1.302e+13
dp[21][1325]=-1.302e+13
dp[22][1325]=-1.302e+13
dp[23][1325]=-1.302e+13
dp[24][1325]=-1.302e+13
dp[25][1325]=-1.302e+13
dp[26][1325]=-1.302e+13
dp[27][1325]=-1.302e+13
dp[28][1325]=-1.302e+13
dp[29][1325]=-1.302e+13
dp[30][1325]=-1.302e+13
dp[31][1325]=-1.302e+13
dp[32][1325]=-1.302e+13
dp[33][1325]=-1.302e+13
dp[34][1325]=-1.302e+13
dp[35][1325]=-1.302e+13
dp[36][1325]=-1.302e+13
Select best dp
Best k=11
dp[2][1325]=-8.8e+11
dp[3][1325]=-3.37e+12
dp[4][1325]=-5.9e+12
dp[5][1325]=-8.22e+12
dp[6][1325]=-1.004e+13
dp[7][1325]=-1.122e+13
dp[8][1325]=-1.206e+13
dp[9][1325]=-1.248e+13
dp[10][1325]=-1.288e+13
dp[11][1325]=-1.302e+13
dp[12][1325]=-1.31e+13
dp[13][1325]=-1.32e+13
dp[14][1325]=-1.32e+13
dp[15][1325]=-1.32e+13
dp[16][1325]=-1.32e+13
dp[17][1325]=-1.32e+13
dp[18][1325]=-1.32e+13
dp[19][1325]=-1.32e+13
dp[20][1325]=-1.32e+13
dp[21][1325]=-1.32e+13
dp[22][1325]=-1.32e+13
dp[23][1325]=-1.32e+13
dp[24][1325]=-1.32e+13
dp[25][1325]=-1.32e+13
dp[26][1325]=-1.32e+13
dp[27][1325]=-1.32e+13
dp[28][1325]=-1.32e+13
dp[29][1325]=-1.32e+13
dp[30][1325]=-1.32e+13
dp[31][1325]=-1.32e+13
dp[32][1325]=-1.32e+13
dp[33][1325]=-1.32e+13
dp[34][1325]=-1.32e+13
dp[35][1325]=-1.32e+13
dp[36][1325]=-1.32e+13
Select best dp
Best k=13
dp[2][1325]=-8.8e+11
dp[3][1325]=-3.37e+12
dp[4][1325]=-5.9e+12
dp[5][1325]=-8.22e+12
dp[6][1325]=-1.004e+13
dp[7][1325]=-1.122e+13
dp[8][1325]=-1.206e+13
dp[9][1325]=-1.248e+13
dp[10][1325]=-1.288e+13
dp[11][1325]=-1.288e+13
dp[12][1325]=-1.288e+13
dp[13][1325]=-1.288e+13
dp[14][1325]=-1.288e+13
dp[15][1325]=-1.288e+13
dp[16][1325]=-1.288e+13
dp[17][1325]=-1.288e+13
dp[18][1325]=-1.288e+13
dp[19][1325]=-1.288e+13
dp[20][1325]=-1.288e+13
dp[21][1325]=-1.288e+13
dp[22][1325]=-1.288e+13
dp[23][1325]=-1.288e+13
dp[24][1325]=-1.288e+13
dp[25][1325]=-1.288e+13
dp[26][1325]=-1.288e+13
dp[27][1325]=-1.288e+13
dp[28][1325]=-1.288e+13
dp[29][1325]=-1.288e+13
dp[30][1325]=-1.288e+13
dp[31][1325]=-1.288e+13
dp[32][1325]=-1.288e+13
dp[33][1325]=-1.288e+13
dp[34][1325]=-1.288e+13
dp[35][1325]=-1.252e+13
dp[36][1325]=-1.144e+13
Select best dp
Best k=10
