Standardize ...
Stratifying 1-th numerical feature ...
Standardize ...
Stratifying 1-th numerical feature ...
Standardize ...
Stratifying 1-th numerical feature ...
Standardize ...
Stratifying 1-th numerical feature ...
Standardize ...
Stratifying 1-th numerical feature ...
Standardize ...
Stratifying 1-th numerical feature ...
Standardize ...
Stratifying 1-th numerical feature ...
Standardize ...
Stratifying 1-th numerical feature ...
Standardize ...
Stratifying 1-th numerical feature ...
Standardize ...
Stratifying 1-th numerical feature ...
Standardize ...
Stratifying 1-th numerical feature ...
Standardize ...
Stratifying 1-th numerical feature ...
Standardize ...
Stratifying 1-th numerical feature ...
Standardize ...
Stratifying 1-th numerical feature ...
dp[2][620]=-356.861
dp[3][620]=-622.775
dp[4][620]=-713.202
dp[5][620]=-749.824
dp[6][620]=-754.825
dp[7][620]=-695.3
dp[8][620]=-601.949
dp[9][620]=-505.273
dp[10][620]=-373.374
dp[11][620]=-230.884
dp[12][620]=-83.6848
dp[13][620]=66.2389
dp[14][620]=223.605
dp[15][620]=397.608
dp[16][620]=577.063
Select best dp
Best k=6
Stratifying 2-th numerical feature ...
dp[2][620]=-356.861
dp[3][620]=-622.775
dp[4][620]=-713.202
dp[5][620]=-749.824
dp[6][620]=-754.825
dp[7][620]=-695.3
dp[8][620]=-601.949
dp[9][620]=-505.273
dp[10][620]=-373.374
dp[11][620]=-231.817
dp[12][620]=-84.6177
dp[13][620]=65.0157
dp[14][620]=222.382
dp[15][620]=391.885
dp[16][620]=566.724
dp[17][620]=753.162
dp[18][620]=943.176
dp[19][620]=1133.65
dp[20][620]=1326.26
dp[21][620]=1523.18
dp[22][620]=1722.21
dp[23][620]=1931.73
dp[24][620]=2145.82
Select best dp
Best k=6
Stratifying 2-th numerical feature ...
dp[2][620]=-356.861
dp[3][620]=-622.775
dp[4][620]=-713.202
dp[5][620]=-749.824
dp[6][620]=-754.825
dp[7][620]=-695.3
dp[2][620]=-356.861
dp[8][620]=-601.949
dp[9][620]=-505.273
dp[3][620]=-622.775
dp[10][620]=-373.374
dp[4][620]=-713.202
dp[11][620]=-231.817
dp[5][620]=-749.824
dp[12][620]=-84.6177
dp[6][620]=-754.825
dp[13][620]=65.0157
dp[7][620]=-695.3
dp[14][620]=222.382
dp[8][620]=-601.949
dp[15][620]=391.885
dp[9][620]=-505.273
dp[16][620]=566.724
dp[10][620]=-373.374
dp[17][620]=753.162
dp[11][620]=-231.817
dp[18][620]=943.176
dp[12][620]=-84.6177
dp[19][620]=1133.65
dp[13][620]=65.0157
dp[20][620]=1326.26
dp[14][620]=222.382
dp[21][620]=1523.18
dp[15][620]=391.885
dp[22][620]=1722.21
dp[16][620]=566.724
dp[23][620]=1931.73
dp[17][620]=753.162
dp[24][620]=2145.82
dp[18][620]=943.176
Select best dp
dp[19][620]=1133.65
Best k=6
dp[20][620]=1326.26
dp[21][620]=1523.18
dp[22][620]=1722.21
dp[23][620]=1931.73
dp[24][620]=2145.82
Select best dp
Best k=6
Stratifying 2-th numerical feature ...
Stratifying 2-th numerical feature ...
dp[2][620]=-356.861
dp[3][620]=-622.775
dp[4][620]=-713.202
dp[5][620]=-749.824
dp[6][620]=-754.825
dp[7][620]=-695.3
dp[8][620]=-601.949
dp[9][620]=-505.273
dp[10][620]=-373.374
dp[11][620]=-231.817
dp[12][620]=-84.6177
dp[13][620]=65.0157
dp[14][620]=222.382
dp[15][620]=391.885
dp[16][620]=566.724
dp[17][620]=750.764
dp[18][620]=936.052
dp[19][620]=1125.01
dp[20][620]=1314.34
dp[21][620]=1506.01
dp[22][620]=1698.95
dp[23][620]=1892.76
dp[24][620]=2090
Select best dp
Best k=6
Stratifying 2-th numerical feature ...
dp[2][620]=-356.861
dp[3][620]=-1e+11
dp[4][620]=-1e+11
dp[5][620]=-1e+11
dp[6][620]=-1e+11
dp[7][620]=-1e+11
dp[8][620]=-1e+11
dp[9][620]=-1e+11
dp[10][620]=-1e+11
dp[11][620]=-1e+11
dp[12][620]=-1e+11
dp[13][620]=-1e+11
dp[14][620]=-1e+11
dp[15][620]=-1e+11
dp[16][620]=-1e+11
dp[17][620]=-1e+11
dp[18][620]=-1e+11
dp[19][620]=-1e+11
dp[20][620]=-1e+11
dp[21][620]=-1e+11
dp[22][620]=-1e+11
dp[23][620]=-1e+11
dp[24][620]=-1e+11
Select best dp
Best k=6
Stratifying 2-th numerical feature ...
dp[2][620]=-676.789
dp[3][620]=-949.907
dp[4][620]=-1061.55
dp[5][620]=-1097.11
dp[6][620]=-1059.3
dp[7][620]=-1007.08
dp[8][620]=-923.788
dp[9][620]=-823.524
dp[10][620]=-714.983
dp[11][620]=-598.019
dp[12][620]=-472.991
dp[13][620]=-325.936
dp[14][620]=-160.094
dp[15][620]=8.01852
dp[16][620]=193.943
Select best dp
Best k=5
Stratifying 3-th numerical feature ...
dp[2][620]=-356.861
dp[3][620]=-622.775
dp[4][620]=-713.202
dp[5][620]=-749.824
dp[6][620]=-754.825
dp[7][620]=-695.3
dp[8][620]=-601.949
dp[9][620]=-505.273
dp[10][620]=-373.374
dp[11][620]=-231.817
dp[12][620]=-84.6177
dp[13][620]=65.0157
dp[14][620]=222.382
dp[15][620]=391.885
dp[16][620]=566.724
dp[17][620]=753.162
dp[18][620]=943.176
dp[19][620]=1133.65
dp[20][620]=1326.26
dp[21][620]=1523.18
dp[22][620]=1722.21
dp[23][620]=1931.73
dp[24][620]=2145.82
Select best dp
Best k=6
Stratifying 2-th numerical feature ...
dp[2][620]=78.8229
dp[3][620]=74.4922
dp[4][620]=157.906
dp[5][620]=268.221
dp[6][620]=394.347
dp[7][620]=552.736
dp[8][620]=728.039
dp[9][620]=905.003
dp[10][620]=1099.58
dp[11][620]=1298.98
dp[12][620]=1501.21
dp[13][620]=1704.65
dp[14][620]=1911.96
dp[15][620]=2125.34
dp[16][620]=2341.39
dp[17][620]=2563.23
dp[18][620]=2786.87
dp[19][620]=3010.73
dp[20][620]=3235.66
dp[21][620]=3462.75
dp[22][620]=3690.89
dp[23][620]=3924.28
dp[24][620]=4159.95
Select best dp
Best k=3
Stratifying 2-th numerical feature ...
dp[2][620]=514.506
dp[3][620]=771.76
dp[4][620]=1029.01
dp[5][620]=1286.27
dp[6][620]=1543.52
dp[7][620]=1800.77
dp[8][620]=2058.03
dp[9][620]=2315.28
dp[10][620]=2572.53
dp[11][620]=2829.79
dp[12][620]=3087.04
dp[13][620]=3344.29
dp[14][620]=3601.55
dp[15][620]=3858.8
dp[16][620]=4116.05
dp[17][620]=4373.31
dp[18][620]=4630.56
dp[19][620]=4887.81
dp[20][620]=5145.06
dp[21][620]=5402.32
dp[22][620]=5659.57
dp[23][620]=5916.82
dp[24][620]=6174.08
Select best dp
Best k=2
Stratifying 2-th numerical feature ...
dp[2][620]=-356.861
dp[3][620]=-622.775
dp[4][620]=-713.202
dp[5][620]=-749.824
dp[6][620]=-754.825
dp[7][620]=-695.3
dp[8][620]=-601.949
dp[9][620]=-505.273
dp[10][620]=-373.374
dp[11][620]=-231.817
dp[12][620]=-84.6177
dp[13][620]=65.0157
dp[14][620]=222.382
dp[15][620]=391.885
dp[16][620]=566.724
dp[17][620]=753.162
dp[18][620]=943.176
dp[19][620]=1133.65
dp[20][620]=1326.26
dp[21][620]=1523.18
dp[22][620]=1722.21
dp[23][620]=1931.73
dp[24][620]=2145.82
Select best dp
Best k=6
dp[2][620]=-1228.23
dp[3][620]=-2017.31
dp[4][620]=-2455.42
dp[5][620]=-2785.91
dp[6][620]=-3053.17
dp[7][620]=-3191.37
dp[8][620]=-3261.92
dp[9][620]=-3325.82
dp[10][620]=-3319.28
dp[11][620]=-3293.42
dp[12][620]=-3256.27
dp[13][620]=-3214.26
dp[2][620]=-356.861
dp[14][620]=-3156.78
dp[15][620]=-3075.03
dp[3][620]=-622.775
dp[16][620]=-2982.6
dp[4][620]=-713.202
dp[17][620]=-2866.98
dp[5][620]=-749.824
dp[18][620]=-2744.21
dp[6][620]=-754.825
dp[19][620]=-2620.5
dp[7][620]=-695.3
dp[20][620]=-2492.54
dp[8][620]=-601.949
dp[21][620]=-2355.96
dp[9][620]=-505.273
dp[22][620]=-2215.16
dp[10][620]=-373.374
dp[23][620]=-2053.37
dp[11][620]=-231.817
dp[24][620]=-1882.43
dp[12][620]=-84.6177
Select best dp
dp[13][620]=65.0157
Best k=9
dp[14][620]=222.382
dp[15][620]=391.885
dp[16][620]=566.724
dp[17][620]=753.162
dp[18][620]=943.176
dp[19][620]=1133.65
dp[20][620]=1326.26
dp[21][620]=1523.18
dp[22][620]=1722.21
dp[23][620]=1931.73
dp[24][620]=2145.82
Select best dp
Best k=6
Stratifying 2-th numerical feature ...
Stratifying 2-th numerical feature ...
Stratifying 2-th numerical feature ...
dp[2][620]=-676.789
dp[3][620]=-949.907
dp[4][620]=-1061.55
dp[5][620]=-1097.11
dp[6][620]=-1059.3
dp[7][620]=-1007.08
dp[8][620]=-923.788
dp[9][620]=-823.524
dp[10][620]=-714.983
dp[11][620]=-599.013
dp[12][620]=-473.985
dp[13][620]=-338.499
dp[14][620]=-193.029
dp[15][620]=-47.5347
dp[16][620]=111.095
dp[17][620]=286.322
dp[18][620]=463.027
dp[19][620]=646.819
dp[20][620]=836.628
dp[21][620]=1035.68
dp[22][620]=1237.97
dp[23][620]=1468.4
dp[24][620]=1764.52
Select best dp
Best k=5
Stratifying 3-th numerical feature ...
dp[2][620]=-676.789
dp[3][620]=-949.907
dp[4][620]=-1061.55
dp[5][620]=-1097.11
dp[6][620]=-1059.3
dp[7][620]=-1007.08
dp[8][620]=-923.788
dp[9][620]=-823.524
dp[10][620]=-714.983
dp[11][620]=-599.013
dp[12][620]=-473.985
dp[13][620]=-338.499
dp[14][620]=-193.029
dp[15][620]=-47.5347
dp[16][620]=111.095
dp[17][620]=286.322
dp[18][620]=463.027
dp[19][620]=646.819
dp[20][620]=836.628
dp[21][620]=1035.68
dp[22][620]=1237.97
dp[23][620]=1468.4
dp[24][620]=1764.52
Select best dp
Best k=5
Stratifying 3-th numerical feature ...
dp[2][620]=-676.789
dp[3][620]=-949.907
dp[4][620]=-1061.55
dp[5][620]=-1097.11
dp[6][620]=-1059.3
dp[7][620]=-1007.08
dp[8][620]=-923.788
dp[9][620]=-823.524
dp[10][620]=-714.983
dp[11][620]=-599.013
dp[12][620]=-473.985
dp[13][620]=-338.499
dp[14][620]=-193.029
dp[15][620]=-47.5347
dp[16][620]=111.095
dp[17][620]=286.322
dp[18][620]=463.027
dp[19][620]=646.819
dp[20][620]=836.628
dp[21][620]=1035.68
dp[22][620]=1237.97
dp[23][620]=1468.4
dp[24][620]=1764.52
Select best dp
Best k=5
Stratifying 3-th numerical feature ...
dp[2][620]=-6.3e+11
dp[3][620]=-6.3e+11
dp[4][620]=-6.3e+11
dp[5][620]=-6.3e+11
dp[6][620]=-6.3e+11
dp[7][620]=-6.3e+11
dp[8][620]=-6.3e+11
dp[9][620]=-6.3e+11
dp[10][620]=-6.3e+11
dp[11][620]=-6.3e+11
dp[12][620]=-6.3e+11
dp[13][620]=-6.3e+11
dp[14][620]=-6.3e+11
dp[15][620]=-6.3e+11
dp[16][620]=-6.3e+11
Select best dp
Best k=6
Stratifying 4-th numerical feature ...
dp[2][620]=-1.8e+11
dp[3][620]=-1.8e+11
dp[4][620]=-3.6e+11
dp[5][620]=-3.6e+11
dp[6][620]=-5.4e+11
dp[7][620]=-5.4e+11
dp[8][620]=-7.2e+11
dp[9][620]=-7.2e+11
dp[10][620]=-8.8e+11
dp[11][620]=-8.8e+11
dp[12][620]=-1.01e+12
dp[13][620]=-1.01e+12
dp[14][620]=-1.14e+12
dp[15][620]=-1.14e+12
dp[16][620]=-1.25e+12
dp[17][620]=-1.25e+12
dp[18][620]=-1.25e+12
dp[19][620]=-1.25e+12
dp[20][620]=-1.25e+12
dp[21][620]=-1.25e+12
dp[22][620]=-1.25e+12
dp[23][620]=-1.25e+12
dp[24][620]=-1.25e+12
Select best dp
Best k=16
Stratifying 3-th numerical feature ...
dp[2][620]=-6.3e+11
dp[3][620]=-9.2e+11
dp[4][620]=-1.17e+12
dp[5][620]=-1.43e+12
dp[6][620]=-1.49e+12
dp[7][620]=-1.75e+12
dp[8][620]=-1.77e+12
dp[9][620]=-2.03e+12
dp[10][620]=-2.03e+12
dp[11][620]=-2.03e+12
dp[12][620]=-2.03e+12
dp[13][620]=-2.03e+12
dp[14][620]=-2.03e+12
dp[15][620]=-2.03e+12
dp[16][620]=-2.03e+12
dp[17][620]=-2.03e+12
dp[18][620]=-2.03e+12
dp[19][620]=-2.03e+12
dp[20][620]=-2.03e+12
dp[21][620]=-2.03e+12
dp[22][620]=-2.03e+12
dp[23][620]=-2.01e+12
dp[24][620]=-1.96e+12
Select best dp
Best k=11
Stratifying 4-th numerical feature ...
dp[2][620]=-1.8e+11
dp[3][620]=-1.8e+11
dp[4][620]=-3.6e+11
dp[5][620]=-3.6e+11
dp[6][620]=-5.4e+11
dp[7][620]=-5.4e+11
dp[8][620]=-7.2e+11
dp[9][620]=-7.2e+11
dp[10][620]=-8.8e+11
dp[11][620]=-8.8e+11
dp[12][620]=-1.01e+12
dp[13][620]=-1.01e+12
dp[14][620]=-1.14e+12
dp[15][620]=-1.14e+12
dp[16][620]=-1.27e+12
dp[17][620]=-1.27e+12
dp[18][620]=-1.38e+12
dp[19][620]=-1.38e+12
dp[20][620]=-1.49e+12
dp[21][620]=-1.49e+12
dp[22][620]=-1.6e+12
dp[23][620]=-1.6e+12
dp[24][620]=-1.7e+12
Select best dp
Best k=24
Stratifying 3-th numerical feature ...
dp[2][620]=-6.3e+11
dp[3][620]=-9.2e+11
dp[4][620]=-1.17e+12
dp[5][620]=-1.43e+12
dp[6][620]=-1.49e+12
dp[7][620]=-1.75e+12
dp[8][620]=-1.77e+12
dp[9][620]=-2.03e+12
dp[10][620]=-2.03e+12
dp[11][620]=-2.03e+12
dp[12][620]=-2.03e+12
dp[13][620]=-2.03e+12
dp[14][620]=-2.03e+12
dp[15][620]=-2.03e+12
dp[16][620]=-2.03e+12
dp[17][620]=-2.03e+12
dp[18][620]=-2.03e+12
dp[19][620]=-2.03e+12
dp[20][620]=-2.03e+12
dp[21][620]=-2.03e+12
dp[22][620]=-2.03e+12
dp[23][620]=-2.01e+12
dp[24][620]=-1.96e+12
Select best dp
Best k=11
Stratifying 4-th numerical feature ...
dp[2][620]=-6.3e+11
dp[3][620]=-9.2e+11
dp[4][620]=-1.17e+12
dp[5][620]=-1.43e+12
dp[6][620]=-1.49e+12
dp[7][620]=-1.75e+12
dp[8][620]=-1.77e+12
dp[9][620]=-2.03e+12
dp[10][620]=-2.03e+12
dp[11][620]=-2.03e+12
dp[12][620]=-2.03e+12
dp[13][620]=-2.03e+12
dp[14][620]=-2.03e+12
dp[15][620]=-2.03e+12
dp[16][620]=-2.03e+12
dp[17][620]=-2.03e+12
dp[18][620]=-2.03e+12
dp[19][620]=-2.03e+12
dp[20][620]=-2.03e+12
dp[21][620]=-2.03e+12
dp[22][620]=-2.03e+12
dp[23][620]=-2.01e+12
dp[24][620]=-1.96e+12
Select best dp
Best k=11
Stratifying 4-th numerical feature ...
dp[2][620]=-3.53e+12
dp[3][620]=-4.18e+12
dp[4][620]=-4.58e+12
dp[5][620]=-4.58e+12
dp[6][620]=-4.58e+12
dp[7][620]=-4.58e+12
dp[8][620]=-4.58e+12
dp[9][620]=-4.58e+12
dp[10][620]=-4.58e+12
dp[11][620]=-4.58e+12
dp[12][620]=-4.58e+12
dp[13][620]=-4.58e+12
dp[14][620]=-4.58e+12
dp[15][620]=-4.58e+12
dp[16][620]=-4.21e+12
Select best dp
Best k=5
Stratifying 5-th numerical feature ...
dp[2][620]=-356.861
dp[3][620]=-1e+11
dp[4][620]=-1e+11
dp[5][620]=-1.8e+11
dp[6][620]=-2e+11
dp[7][620]=-2.5e+11
dp[8][620]=-2.8e+11
dp[9][620]=-3.1e+11
dp[10][620]=-3.5e+11
dp[11][620]=-3.7e+11
dp[12][620]=-4.1e+11
dp[13][620]=-4.2e+11
dp[14][620]=-4.7e+11
dp[15][620]=-4.7e+11
dp[16][620]=-5.2e+11
dp[17][620]=-5.2e+11
dp[18][620]=-5.7e+11
dp[19][620]=-5.7e+11
dp[20][620]=-6.2e+11
dp[21][620]=-6.2e+11
dp[22][620]=-6.6e+11
dp[23][620]=-6.6e+11
dp[24][620]=-7e+11
Select best dp
Best k=24
Stratifying 2-th numerical feature ...
dp[2][620]=-3.53e+12
dp[3][620]=-4.18e+12
dp[4][620]=-4.58e+12
dp[5][620]=-4.84e+12
dp[6][620]=-4.84e+12
dp[7][620]=-4.84e+12
dp[8][620]=-4.84e+12
dp[9][620]=-4.84e+12
dp[10][620]=-4.84e+12
dp[11][620]=-4.84e+12
dp[12][620]=-4.84e+12
dp[13][620]=-4.84e+12
dp[14][620]=-4.84e+12
dp[15][620]=-4.84e+12
dp[16][620]=-4.84e+12
dp[17][620]=-4.84e+12
dp[18][620]=-4.84e+12
dp[19][620]=-4.84e+12
dp[20][620]=-4.84e+12
dp[21][620]=-4.84e+12
dp[22][620]=-4.84e+12
dp[23][620]=-4.84e+12
dp[24][620]=-4.59e+12
Select best dp
Best k=5
dp[2][620]=514.506
dp[3][620]=771.76
dp[4][620]=1029.01
dp[5][620]=1286.27
dp[6][620]=1543.52
dp[7][620]=1800.77
dp[8][620]=2058.03
dp[9][620]=2315.28
dp[10][620]=2572.53
dp[11][620]=2829.79
dp[12][620]=3087.04
dp[13][620]=3344.29
dp[14][620]=3601.55
dp[15][620]=3858.8
dp[16][620]=4116.05
dp[17][620]=4373.31
dp[18][620]=4630.56
dp[19][620]=4887.81
dp[20][620]=5145.06
dp[21][620]=5402.32
dp[22][620]=5659.57
dp[23][620]=5916.82
dp[24][620]=6174.08
Select best dp
Best k=2
Stratifying 5-th numerical feature ...
Stratifying 3-th numerical feature ...
dp[2][620]=-676.789
dp[3][620]=-949.907
dp[4][620]=-1061.55
dp[5][620]=-1097.11
dp[6][620]=-1059.3
dp[7][620]=-1007.08
dp[8][620]=-923.788
dp[9][620]=-823.524
dp[10][620]=-714.983
dp[11][620]=-599.013
dp[12][620]=-473.985
dp[13][620]=-338.499
dp[14][620]=-193.029
dp[15][620]=-47.5347
dp[16][620]=111.095
dp[17][620]=286.322
dp[18][620]=463.027
dp[19][620]=646.819
dp[20][620]=836.628
dp[21][620]=1035.68
dp[22][620]=1237.97
dp[23][620]=1468.4
dp[24][620]=1764.52
Select best dp
Best k=5
Stratifying 3-th numerical feature ...
dp[2][620]=-81.1413
dp[3][620]=-89.0735
dp[4][620]=-16.2701
dp[5][620]=94.5762
dp[6][620]=242.112
dp[7][620]=396.848
dp[8][620]=567.119
dp[9][620]=745.878
dp[10][620]=928.775
dp[11][620]=1115.39
dp[12][620]=1306.53
dp[13][620]=1502.9
dp[14][620]=1704.26
dp[15][620]=1905.63
dp[16][620]=2113.57
dp[17][620]=2329.81
dp[18][620]=2546.79
dp[19][620]=2767.32
dp[20][620]=2990.85
dp[21][620]=3219
dp[22][620]=3448.77
dp[23][620]=3692.61
dp[24][620]=3969.3
Select best dp
Best k=3
Stratifying 3-th numerical feature ...
dp[2][620]=-676.789
dp[3][620]=-949.907
dp[4][620]=-1061.55
dp[5][620]=-1097.11
dp[6][620]=-1059.3
dp[7][620]=-1007.08
dp[8][620]=-923.788
dp[9][620]=-823.524
dp[10][620]=-714.983
dp[11][620]=-599.013
dp[12][620]=-473.985
dp[13][620]=-338.499
dp[14][620]=-193.029
dp[15][620]=-47.5347
dp[16][620]=111.095
dp[17][620]=286.322
dp[18][620]=463.027
dp[19][620]=646.819
dp[20][620]=836.628
dp[21][620]=1035.68
dp[22][620]=1237.97
dp[23][620]=1468.4
dp[24][620]=1764.52
Select best dp
Best k=5
dp[2][620]=-3.53e+12
dp[3][620]=-4.18e+12
dp[4][620]=-4.58e+12
dp[5][620]=-4.84e+12
dp[6][620]=-4.84e+12
dp[7][620]=-4.84e+12
dp[8][620]=-4.84e+12
dp[9][620]=-4.84e+12
dp[10][620]=-4.84e+12
dp[11][620]=-4.84e+12
dp[12][620]=-4.84e+12
dp[13][620]=-4.84e+12
dp[14][620]=-4.84e+12
dp[15][620]=-4.84e+12
dp[16][620]=-4.84e+12
dp[17][620]=-4.84e+12
dp[18][620]=-4.84e+12
dp[19][620]=-4.84e+12
dp[20][620]=-4.84e+12
dp[21][620]=-4.84e+12
dp[22][620]=-4.84e+12
dp[23][620]=-4.84e+12
dp[24][620]=-4.59e+12
Select best dp
Best k=5
dp[2][620]=-1.22e+12
dp[3][620]=-1.22e+12
dp[4][620]=-1.22e+12
dp[5][620]=-1.22e+12
dp[6][620]=-1.22e+12
dp[7][620]=-1.22e+12
dp[8][620]=-1.22e+12
dp[9][620]=-1.22e+12
dp[10][620]=-1.22e+12
dp[11][620]=-1.22e+12
dp[12][620]=-1.22e+12
dp[13][620]=-1.22e+12
dp[14][620]=-1.22e+12
dp[15][620]=-1.22e+12
dp[16][620]=-1.22e+12
Select best dp
Best k=5
dp[2][620]=-676.789
dp[3][620]=-949.907
dp[4][620]=-1061.55
dp[5][620]=-1097.11
dp[6][620]=-1059.3
dp[7][620]=-1007.08
dp[8][620]=-923.788
dp[9][620]=-823.524
dp[10][620]=-714.983
Stratifying 5-th numerical feature ...
dp[11][620]=-599.013
dp[12][620]=-473.985
dp[13][620]=-338.499
dp[14][620]=-193.029
dp[15][620]=-47.5347
dp[16][620]=111.095
dp[17][620]=286.322
dp[18][620]=463.027
dp[19][620]=646.819
dp[20][620]=836.628
dp[21][620]=1035.68
dp[22][620]=1237.97
dp[23][620]=1468.4
dp[24][620]=1764.52
Select best dp
Best k=5
dp[2][620]=-1868.08
dp[3][620]=-2671.57
dp[4][620]=-3152.12
dp[5][620]=-3480.49
dp[6][620]=-3662.11
dp[7][620]=-3814.93
dp[8][620]=-3905.6
dp[9][620]=-3962.33
dp[10][620]=-4002.5
dp[11][620]=-4027.81
dp[12][620]=-4035.01
dp[13][620]=-4021.29
dp[14][620]=-3987.6
dp[15][620]=-3953.87
dp[16][620]=-3893.86
dp[17][620]=-3800.66
dp[18][620]=-3704.5
dp[19][620]=-3594.17
dp[20][620]=-3471.81
dp[21][620]=-3330.95
dp[22][620]=-3183.62
dp[23][620]=-2980.02
dp[24][620]=-2645.04
Select best dp
Best k=12
Stratifying 3-th numerical feature ...
Stratifying 6-th numerical feature ...
Stratifying 3-th numerical feature ...
Stratifying 3-th numerical feature ...
dp[2][620]=-3.53e+12
dp[3][620]=-4.18e+12
dp[4][620]=-4.58e+12
dp[5][620]=-4.84e+12
dp[6][620]=-4.84e+12
dp[7][620]=-4.84e+12
dp[8][620]=-4.84e+12
dp[9][620]=-4.84e+12
dp[10][620]=-4.84e+12
dp[11][620]=-4.84e+12
dp[12][620]=-4.84e+12
dp[13][620]=-4.84e+12
dp[14][620]=-4.84e+12
dp[15][620]=-4.84e+12
dp[16][620]=-4.84e+12
dp[17][620]=-4.84e+12
dp[18][620]=-4.84e+12
dp[19][620]=-4.84e+12
dp[20][620]=-4.84e+12
dp[21][620]=-4.84e+12
dp[22][620]=-4.84e+12
dp[23][620]=-4.84e+12
dp[24][620]=-4.59e+12
Select best dp
Best k=5
Stratifying 5-th numerical feature ...
dp[2][620]=-6.3e+11
dp[3][620]=-9.2e+11
dp[4][620]=-1.17e+12
dp[5][620]=-1.43e+12
dp[6][620]=-1.62e+12
dp[7][620]=-1.75e+12
dp[8][620]=-1.9e+12
dp[9][620]=-2.03e+12
dp[10][620]=-2.16e+12
dp[11][620]=-2.25e+12
dp[12][620]=-2.38e+12
dp[13][620]=-2.45e+12
dp[14][620]=-2.58e+12
dp[15][620]=-2.6e+12
dp[16][620]=-2.73e+12
dp[17][620]=-2.75e+12
dp[18][620]=-2.88e+12
dp[19][620]=-2.88e+12
dp[20][620]=-2.99e+12
dp[21][620]=-2.99e+12
dp[22][620]=-2.99e+12
dp[23][620]=-2.99e+12
dp[24][620]=-2.99e+12
Select best dp
Best k=21
Stratifying 4-th numerical feature ...
dp[2][620]=-6.3e+11
dp[3][620]=-9.2e+11
dp[4][620]=-1.17e+12
dp[5][620]=-1.43e+12
dp[6][620]=-1.62e+12
dp[7][620]=-1.75e+12
dp[8][620]=-1.9e+12
dp[9][620]=-2.03e+12
dp[10][620]=-2.18e+12
dp[11][620]=-2.29e+12
dp[12][620]=-2.4e+12
dp[13][620]=-2.51e+12
dp[14][620]=-2.6e+12
dp[15][620]=-2.71e+12
dp[16][620]=-2.75e+12
dp[17][620]=-2.86e+12
dp[18][620]=-2.9e+12
dp[19][620]=-3.01e+12
dp[20][620]=-3.02e+12
dp[21][620]=-3.13e+12
dp[22][620]=-3.13e+12
dp[23][620]=-3.24e+12
dp[24][620]=-3.24e+12
Select best dp
Best k=23
Stratifying 4-th numerical feature ...
dp[2][620]=-2.69e+12
dp[3][620]=-2.69e+12
dp[4][620]=-2.69e+12
dp[5][620]=-2.69e+12
dp[6][620]=-2.69e+12
dp[7][620]=-2.69e+12
dp[8][620]=-2.69e+12
dp[9][620]=-2.69e+12
dp[10][620]=-2.69e+12
dp[11][620]=-2.69e+12
dp[12][620]=-2.69e+12
dp[13][620]=-2.69e+12
dp[14][620]=-2.69e+12
dp[15][620]=-2.69e+12
dp[16][620]=-2.69e+12
Select best dp
Best k=5
dp[2][620]=-1.22e+12
dp[3][620]=-1.22e+12
dp[4][620]=-1.55e+12
dp[5][620]=-1.55e+12
dp[6][620]=-1.84e+12
dp[7][620]=-1.84e+12
dp[8][620]=-2.13e+12
dp[9][620]=-2.13e+12
dp[10][620]=-2.4e+12
dp[11][620]=-2.4e+12
dp[12][620]=-2.4e+12
dp[13][620]=-2.4e+12
dp[14][620]=-2.4e+12
dp[15][620]=-2.4e+12
dp[16][620]=-2.4e+12
dp[17][620]=-2.4e+12
dp[18][620]=-2.4e+12
dp[19][620]=-2.4e+12
dp[20][620]=-2.4e+12
dp[21][620]=-2.39e+12
dp[22][620]=-2.36e+12
dp[23][620]=-2.23e+12
dp[24][620]=-1.87e+12
Select best dp
Best k=11
Stratifying 6-th numerical feature ...
dp[2][620]=-1.22e+12
dp[3][620]=-1.22e+12
dp[4][620]=-1.55e+12
dp[5][620]=-1.55e+12
dp[6][620]=-1.84e+12
dp[7][620]=-1.84e+12
dp[8][620]=-2.13e+12
dp[9][620]=-2.13e+12
dp[10][620]=-2.4e+12
dp[11][620]=-2.4e+12
dp[12][620]=-2.4e+12
dp[13][620]=-2.4e+12
dp[14][620]=-2.4e+12
dp[15][620]=-2.4e+12
dp[16][620]=-2.4e+12
dp[17][620]=-2.4e+12
dp[18][620]=-2.4e+12
dp[19][620]=-2.4e+12
dp[20][620]=-2.4e+12
dp[21][620]=-2.39e+12
dp[22][620]=-2.36e+12
dp[23][620]=-2.23e+12
dp[24][620]=-1.87e+12
Select best dp
Best k=11
Stratifying 6-th numerical feature ...
dp[2][620]=-1.22e+12
dp[3][620]=-1.22e+12
dp[4][620]=-1.55e+12
dp[5][620]=-1.55e+12
dp[6][620]=-1.84e+12
dp[7][620]=-1.84e+12
dp[8][620]=-2.13e+12
dp[9][620]=-2.13e+12
dp[10][620]=-2.4e+12
dp[11][620]=-2.4e+12
dp[12][620]=-2.4e+12
dp[13][620]=-2.4e+12
dp[14][620]=-2.4e+12
dp[15][620]=-2.4e+12
dp[16][620]=-2.4e+12
dp[17][620]=-2.4e+12
dp[18][620]=-2.4e+12
dp[19][620]=-2.4e+12
dp[20][620]=-2.4e+12
dp[21][620]=-2.39e+12
dp[22][620]=-2.36e+12
dp[23][620]=-2.23e+12
dp[24][620]=-1.87e+12
Select best dp
Best k=11
Stratifying 6-th numerical feature ...
dp[2][620]=-3.53e+12
dp[3][620]=-4.18e+12
dp[4][620]=-4.58e+12
dp[5][620]=-4.84e+12
dp[6][620]=-4.99e+12
dp[7][620]=-5.16e+12
dp[8][620]=-5.35e+12
dp[9][620]=-5.5e+12
dp[10][620]=-5.52e+12
dp[11][620]=-5.67e+12
dp[12][620]=-5.67e+12
dp[13][620]=-5.67e+12
dp[14][620]=-5.67e+12
dp[15][620]=-5.67e+12
dp[16][620]=-5.67e+12
dp[17][620]=-5.67e+12
dp[18][620]=-5.67e+12
dp[19][620]=-5.67e+12
dp[20][620]=-5.67e+12
dp[21][620]=-5.67e+12
dp[22][620]=-5.67e+12
dp[23][620]=-5.67e+12
dp[24][620]=-5.67e+12
Select best dp
Best k=11
Stratifying 5-th numerical feature ...
dp[2][620]=-2.69e+12
dp[3][620]=-2.94e+12
dp[4][620]=-2.94e+12
dp[5][620]=-2.94e+12
dp[6][620]=-2.94e+12
dp[7][620]=-2.94e+12
dp[8][620]=-2.94e+12
dp[9][620]=-2.94e+12
dp[10][620]=-2.94e+12
dp[11][620]=-2.94e+12
dp[12][620]=-2.94e+12
dp[13][620]=-2.94e+12
dp[14][620]=-2.94e+12
dp[15][620]=-2.94e+12
dp[16][620]=-2.94e+12
dp[17][620]=-2.94e+12
dp[18][620]=-2.94e+12
dp[19][620]=-2.94e+12
dp[20][620]=-2.94e+12
dp[21][620]=-2.94e+12
dp[22][620]=-2.94e+12
dp[23][620]=-2.94e+12
dp[24][620]=-2.94e+12
Select best dp
Best k=6
dp[2][620]=-3.15e+11
dp[3][620]=-4.6e+11
dp[4][620]=-5.85e+11
dp[5][620]=-7.15e+11
dp[6][620]=-7.45e+11
dp[7][620]=-8.75e+11
dp[8][620]=-8.85e+11
dp[9][620]=-1.015e+12
dp[10][620]=-1.015e+12
dp[11][620]=-1.015e+12
dp[12][620]=-1.015e+12
dp[13][620]=-1.015e+12
dp[14][620]=-1.015e+12
dp[15][620]=-1.015e+12
dp[16][620]=-1.015e+12
dp[17][620]=-1.015e+12
dp[18][620]=-1.015e+12
dp[19][620]=-1.015e+12
dp[20][620]=-1.015e+12
dp[21][620]=-1.015e+12
dp[22][620]=-1.015e+12
dp[23][620]=-1.005e+12
dp[24][620]=-9.8e+11
Select best dp
Best k=10
dp[2][620]=514.506
dp[3][620]=771.76
dp[4][620]=1029.01
dp[5][620]=1286.27
dp[6][620]=1543.52
dp[7][620]=1800.77
dp[8][620]=2058.03
dp[9][620]=2315.28
dp[10][620]=2572.53
dp[11][620]=2829.79
dp[12][620]=3087.04
dp[13][620]=3344.29
dp[14][620]=3601.55
dp[15][620]=3858.8
dp[16][620]=4116.05
dp[17][620]=4373.31
dp[18][620]=4630.56
dp[19][620]=4887.81
dp[20][620]=5145.06
dp[21][620]=5402.32
dp[22][620]=5659.57
dp[23][620]=5916.82
dp[24][620]=6174.08
Select best dp
Best k=2
dp[2][620]=-6.3e+11
dp[3][620]=-9.2e+11
dp[4][620]=-1.17e+12
dp[5][620]=-1.43e+12
dp[6][620]=-1.49e+12
dp[7][620]=-1.75e+12
dp[8][620]=-1.77e+12
dp[9][620]=-2.03e+12
dp[10][620]=-2.03e+12
dp[11][620]=-2.03e+12
dp[12][620]=-2.03e+12
dp[13][620]=-2.03e+12
dp[14][620]=-2.03e+12
dp[15][620]=-2.03e+12
dp[16][620]=-2.03e+12
dp[17][620]=-2.03e+12
dp[18][620]=-2.03e+12
dp[19][620]=-2.03e+12
dp[20][620]=-2.03e+12
dp[21][620]=-2.03e+12
dp[22][620]=-2.03e+12
dp[23][620]=-2.01e+12
dp[24][620]=-1.96e+12
Select best dp
Best k=11
Stratifying 4-th numerical feature ...
Stratifying 4-th numerical feature ...
Stratifying 4-th numerical feature ...
dp[2][620]=-6.3e+11
dp[3][620]=-9.2e+11
dp[4][620]=-1.17e+12
dp[5][620]=-1.43e+12
dp[6][620]=-1.49e+12
dp[7][620]=-1.75e+12
dp[8][620]=-1.77e+12
dp[9][620]=-2.03e+12
dp[10][620]=-2.03e+12
dp[11][620]=-2.03e+12
dp[12][620]=-2.03e+12
dp[13][620]=-2.03e+12
dp[14][620]=-2.03e+12
dp[15][620]=-2.03e+12
dp[16][620]=-2.03e+12
dp[17][620]=-2.03e+12
dp[18][620]=-2.03e+12
dp[19][620]=-2.03e+12
dp[20][620]=-2.03e+12
dp[21][620]=-2.03e+12
dp[22][620]=-2.03e+12
dp[23][620]=-2.01e+12
dp[24][620]=-1.96e+12
Select best dp
Best k=11
Stratifying 4-th numerical feature ...
dp[2][620]=-6.3e+11
dp[3][620]=-9.2e+11
dp[4][620]=-1.17e+12
dp[5][620]=-1.43e+12
dp[6][620]=-1.49e+12
dp[7][620]=-1.75e+12
dp[8][620]=-1.77e+12
dp[9][620]=-2.03e+12
dp[10][620]=-2.03e+12
dp[11][620]=-2.03e+12
dp[12][620]=-2.03e+12
dp[13][620]=-2.03e+12
dp[14][620]=-2.03e+12
dp[15][620]=-2.03e+12
dp[16][620]=-2.03e+12
dp[17][620]=-2.03e+12
dp[18][620]=-2.03e+12
dp[19][620]=-2.03e+12
dp[20][620]=-2.03e+12
dp[2][620]=-1.26e+12
dp[21][620]=-2.03e+12
dp[22][620]=-2.03e+12
dp[3][620]=-1.84e+12
dp[23][620]=-2.01e+12
dp[4][620]=-2.34e+12
dp[24][620]=-1.96e+12
dp[5][620]=-2.86e+12
Select best dp
dp[6][620]=-2.98e+12
Best k=11
dp[7][620]=-3.5e+12
dp[8][620]=-3.54e+12
dp[9][620]=-4.06e+12
dp[10][620]=-4.06e+12
dp[11][620]=-4.06e+12
dp[12][620]=-4.06e+12
dp[13][620]=-4.06e+12
dp[14][620]=-4.06e+12
dp[15][620]=-4.06e+12
dp[16][620]=-4.06e+12
dp[17][620]=-4.06e+12
dp[18][620]=-4.06e+12
dp[19][620]=-4.06e+12
dp[20][620]=-4.06e+12
dp[21][620]=-4.06e+12
dp[22][620]=-4.06e+12
dp[23][620]=-4.02e+12
dp[24][620]=-3.92e+12
Select best dp
Best k=13
dp[2][620]=-3.53e+12
dp[3][620]=-4.18e+12
dp[4][620]=-4.58e+12
dp[5][620]=-4.84e+12
dp[6][620]=-4.99e+12
dp[7][620]=-5.16e+12
dp[8][620]=-5.35e+12
dp[9][620]=-5.5e+12
dp[10][620]=-5.52e+12
dp[11][620]=-5.67e+12
dp[12][620]=-5.67e+12
dp[13][620]=-5.67e+12
dp[14][620]=-5.67e+12
dp[15][620]=-5.67e+12
dp[16][620]=-5.67e+12
dp[17][620]=-5.67e+12
dp[18][620]=-5.67e+12
dp[19][620]=-5.67e+12
dp[20][620]=-5.67e+12
dp[21][620]=-5.67e+12
dp[22][620]=-5.67e+12
dp[23][620]=-5.67e+12
dp[24][620]=-5.67e+12
Select best dp
Best k=11
dp[2][620]=-2.69e+12
dp[3][620]=-2.94e+12
dp[4][620]=-2.94e+12
dp[5][620]=-2.94e+12
dp[6][620]=-2.94e+12
dp[7][620]=-2.94e+12
dp[8][620]=-2.94e+12
dp[9][620]=-2.94e+12
dp[10][620]=-2.94e+12
dp[11][620]=-2.94e+12
dp[12][620]=-2.94e+12
dp[13][620]=-2.94e+12
dp[14][620]=-2.94e+12
dp[15][620]=-2.94e+12
dp[16][620]=-2.94e+12
dp[17][620]=-2.94e+12
dp[18][620]=-2.94e+12
dp[19][620]=-2.94e+12
dp[20][620]=-2.94e+12
dp[21][620]=-2.94e+12
dp[22][620]=-2.94e+12
dp[23][620]=-2.94e+12
dp[24][620]=-2.94e+12
Select best dp
Best k=6
Stratifying 5-th numerical feature ...
Stratifying 4-th numerical feature ...
Stratifying 4-th numerical feature ...
dp[2][620]=-2.69e+12
dp[3][620]=-2.94e+12
dp[4][620]=-2.94e+12
dp[5][620]=-2.94e+12
dp[6][620]=-2.94e+12
dp[7][620]=-2.94e+12
dp[8][620]=-2.94e+12
dp[9][620]=-2.94e+12
dp[10][620]=-2.94e+12
dp[11][620]=-2.94e+12
dp[12][620]=-2.94e+12
dp[13][620]=-2.94e+12
dp[14][620]=-2.94e+12
dp[15][620]=-2.94e+12
dp[16][620]=-2.94e+12
dp[17][620]=-2.94e+12
dp[18][620]=-2.94e+12
dp[19][620]=-2.94e+12
dp[20][620]=-2.94e+12
dp[21][620]=-2.94e+12
dp[22][620]=-2.94e+12
dp[23][620]=-2.94e+12
dp[24][620]=-2.94e+12
Select best dp
Best k=6
dp[2][620]=181.801
dp[3][620]=-132.572
dp[4][620]=-254.869
dp[5][620]=-301.39
dp[6][620]=-332.328
dp[7][620]=-285.961
dp[8][620]=-206.24
dp[9][620]=-122.004
dp[10][620]=-0.56246
dp[11][620]=132.6
dp[12][620]=265.933
dp[13][620]=406.694
dp[14][620]=560.375
dp[15][620]=723.819
dp[16][620]=894.047
dp[17][620]=1067.98
dp[18][620]=1251.25
dp[19][620]=1436.02
dp[20][620]=1621.48
dp[21][620]=1807.49
dp[22][620]=1998.65
dp[23][620]=2197.61
dp[24][620]=2411.08
Select best dp
Best k=6
Stratifying 2-th numerical feature ...
dp[2][620]=-1.8e+11
dp[3][620]=-2.3e+11
dp[4][620]=-3.6e+11
dp[5][620]=-4.1e+11
dp[6][620]=-5.4e+11
dp[7][620]=-5.9e+11
dp[8][620]=-7.2e+11
dp[9][620]=-7.7e+11
dp[10][620]=-8.8e+11
dp[11][620]=-9.3e+11
dp[12][620]=-1.03e+12
dp[13][620]=-1.08e+12
dp[14][620]=-1.16e+12
dp[15][620]=-1.22e+12
dp[16][620]=-1.29e+12
dp[17][620]=-1.35e+12
dp[18][620]=-1.4e+12
dp[19][620]=-1.46e+12
dp[20][620]=-1.51e+12
dp[21][620]=-1.57e+12
dp[22][620]=-1.62e+12
dp[23][620]=-1.68e+12
dp[24][620]=-1.73e+12
Select best dp
Best k=24
Stratifying 3-th numerical feature ...
dp[2][620]=-7.06e+12
dp[3][620]=-8.36e+12
dp[4][620]=-9.16e+12
dp[5][620]=-9.68e+12
dp[6][620]=-9.68e+12
dp[7][620]=-9.68e+12
dp[8][620]=-9.68e+12
dp[9][620]=-9.68e+12
dp[10][620]=-9.68e+12
dp[11][620]=-9.68e+12
dp[12][620]=-9.68e+12
dp[13][620]=-9.68e+12
dp[14][620]=-9.68e+12
dp[15][620]=-9.68e+12
dp[16][620]=-9.68e+12
dp[17][620]=-9.68e+12
dp[18][620]=-9.68e+12
dp[19][620]=-9.68e+12
dp[20][620]=-9.68e+12
dp[21][620]=-9.68e+12
dp[22][620]=-9.68e+12
dp[23][620]=-9.68e+12
dp[24][620]=-9.18e+12
Select best dp
Best k=7
Stratifying 5-th numerical feature ...
dp[2][620]=-1.22e+12
dp[3][620]=-1.22e+12
dp[4][620]=-1.55e+12
dp[5][620]=-1.55e+12
dp[6][620]=-1.84e+12
dp[7][620]=-1.84e+12
dp[8][620]=-2.13e+12
dp[9][620]=-2.13e+12
dp[10][620]=-2.4e+12
dp[11][620]=-2.4e+12
dp[12][620]=-2.65e+12
dp[13][620]=-2.65e+12
dp[14][620]=-2.85e+12
dp[15][620]=-2.85e+12
dp[16][620]=-3.02e+12
dp[17][620]=-3.02e+12
dp[18][620]=-3.17e+12
dp[19][620]=-3.17e+12
dp[20][620]=-3.31e+12
dp[21][620]=-3.31e+12
dp[22][620]=-3.43e+12
dp[23][620]=-3.43e+12
dp[24][620]=-3.43e+12
Select best dp
Best k=22
Stratifying 6-th numerical feature ...
dp[2][620]=-1.22e+12
dp[3][620]=-1.22e+12
dp[4][620]=-1.55e+12
dp[5][620]=-1.55e+12
dp[6][620]=-1.84e+12
dp[7][620]=-1.84e+12
dp[8][620]=-2.13e+12
dp[9][620]=-2.13e+12
dp[10][620]=-2.41e+12
dp[11][620]=-2.41e+12
dp[12][620]=-2.68e+12
dp[13][620]=-2.68e+12
dp[14][620]=-2.88e+12
dp[15][620]=-2.88e+12
dp[16][620]=-3.05e+12
dp[17][620]=-3.05e+12
dp[18][620]=-3.21e+12
dp[19][620]=-3.21e+12
dp[20][620]=-3.35e+12
dp[21][620]=-3.35e+12
dp[22][620]=-3.47e+12
dp[23][620]=-3.47e+12
dp[24][620]=-3.49e+12
Select best dp
Best k=24
Stratifying 6-th numerical feature ...
dp[2][620]=-1.765e+12
dp[3][620]=-2.09e+12
dp[4][620]=-2.29e+12
dp[5][620]=-2.42e+12
dp[6][620]=-2.42e+12
dp[7][620]=-2.42e+12
dp[8][620]=-2.42e+12
dp[9][620]=-2.42e+12
dp[10][620]=-2.42e+12
dp[11][620]=-2.42e+12
dp[12][620]=-2.42e+12
dp[13][620]=-2.42e+12
dp[14][620]=-2.42e+12
dp[15][620]=-2.42e+12
dp[16][620]=-2.42e+12
dp[17][620]=-2.42e+12
dp[18][620]=-2.42e+12
dp[19][620]=-2.42e+12
dp[20][620]=-2.42e+12
dp[21][620]=-2.42e+12
dp[22][620]=-2.42e+12
dp[23][620]=-2.42e+12
dp[24][620]=-2.295e+12
Select best dp
Best k=5
dp[2][620]=-3.53e+12
dp[3][620]=-4.18e+12
dp[4][620]=-4.58e+12
dp[5][620]=-4.84e+12
dp[6][620]=-4.84e+12
dp[7][620]=-4.84e+12
dp[8][620]=-4.84e+12
dp[9][620]=-4.84e+12
dp[10][620]=-4.84e+12
dp[11][620]=-4.84e+12
dp[12][620]=-4.84e+12
dp[13][620]=-4.84e+12
dp[14][620]=-4.84e+12
dp[15][620]=-4.84e+12
dp[16][620]=-4.84e+12
dp[17][620]=-4.84e+12
dp[18][620]=-4.84e+12
dp[19][620]=-4.84e+12
dp[20][620]=-4.84e+12
dp[21][620]=-4.84e+12
dp[22][620]=-4.84e+12
dp[23][620]=-4.84e+12
dp[24][620]=-4.59e+12
Select best dp
Best k=5
Stratifying 5-th numerical feature ...
Stratifying 5-th numerical feature ...
dp[2][620]=-3.53e+12
dp[3][620]=-4.18e+12
dp[4][620]=-4.58e+12
dp[5][620]=-4.84e+12
dp[6][620]=-4.84e+12
dp[7][620]=-4.84e+12
dp[8][620]=-4.84e+12
dp[9][620]=-4.84e+12
dp[10][620]=-4.84e+12
dp[11][620]=-4.84e+12
dp[12][620]=-4.84e+12
dp[13][620]=-4.84e+12
dp[14][620]=-4.84e+12
dp[15][620]=-4.84e+12
dp[16][620]=-4.84e+12
dp[17][620]=-4.84e+12
dp[18][620]=-4.84e+12
dp[19][620]=-4.84e+12
dp[20][620]=-4.84e+12
dp[21][620]=-4.84e+12
dp[22][620]=-4.84e+12
dp[23][620]=-4.84e+12
dp[24][620]=-4.59e+12
Select best dp
Best k=5
Stratifying 5-th numerical feature ...
dp[2][620]=514.506
dp[3][620]=771.76
dp[4][620]=1029.01
dp[5][620]=1286.27
dp[6][620]=1543.52
dp[7][620]=1800.77
dp[8][620]=2058.03
dp[9][620]=2315.28
dp[10][620]=2572.53
dp[11][620]=2829.79
dp[12][620]=3087.04
dp[13][620]=3344.29
dp[14][620]=3601.55
dp[15][620]=3858.8
dp[16][620]=4116.05
dp[17][620]=4373.31
dp[18][620]=4630.56
dp[19][620]=4887.81
dp[20][620]=5145.06
dp[21][620]=5402.32
dp[22][620]=5659.57
dp[23][620]=5916.82
dp[24][620]=6174.08
Select best dp
Best k=2
Stratifying 5-th numerical feature ...
dp[2][620]=-2.44e+12
dp[3][620]=-2.44e+12
dp[4][620]=-3.1e+12
dp[5][620]=-3.1e+12
dp[6][620]=-3.68e+12
dp[7][620]=-3.68e+12
dp[8][620]=-4.26e+12
dp[9][620]=-4.26e+12
dp[10][620]=-4.8e+12
dp[11][620]=-4.8e+12
dp[12][620]=-4.8e+12
dp[13][620]=-4.8e+12
dp[14][620]=-4.8e+12
dp[15][620]=-4.8e+12
dp[16][620]=-4.8e+12
dp[17][620]=-4.8e+12
dp[18][620]=-4.8e+12
dp[19][620]=-4.8e+12
dp[20][620]=-4.8e+12
dp[21][620]=-4.78e+12
dp[22][620]=-4.72e+12
dp[23][620]=-4.46e+12
dp[24][620]=-3.74e+12
Select best dp
Best k=13
Stratifying 6-th numerical feature ...
dp[2][620]=-3.53e+12
dp[3][620]=-4.18e+12
dp[4][620]=-4.58e+12
dp[5][620]=-4.84e+12
dp[6][620]=-4.84e+12
dp[7][620]=-4.84e+12
dp[8][620]=-4.84e+12
dp[9][620]=-4.84e+12
dp[10][620]=-4.84e+12
dp[11][620]=-4.84e+12
dp[12][620]=-4.84e+12
dp[13][620]=-4.84e+12
dp[14][620]=-4.84e+12
dp[15][620]=-4.84e+12
dp[16][620]=-4.84e+12
dp[17][620]=-4.84e+12
dp[18][620]=-4.84e+12
dp[19][620]=-4.84e+12
dp[20][620]=-4.84e+12
dp[21][620]=-4.84e+12
dp[22][620]=-4.84e+12
dp[23][620]=-4.84e+12
dp[24][620]=-4.59e+12
Select best dp
Best k=5
Stratifying 5-th numerical feature ...
dp[2][620]=-2.69e+12
dp[3][620]=-2.94e+12
dp[4][620]=-2.94e+12
dp[5][620]=-2.94e+12
dp[6][620]=-2.94e+12
dp[7][620]=-2.94e+12
dp[8][620]=-2.94e+12
dp[9][620]=-2.94e+12
dp[10][620]=-2.94e+12
dp[11][620]=-2.94e+12
dp[12][620]=-2.94e+12
dp[13][620]=-2.94e+12
dp[14][620]=-2.94e+12
dp[15][620]=-2.94e+12
dp[16][620]=-2.94e+12
dp[17][620]=-2.94e+12
dp[18][620]=-2.94e+12
dp[19][620]=-2.94e+12
dp[20][620]=-2.94e+12
dp[21][620]=-2.94e+12
dp[22][620]=-2.94e+12
dp[23][620]=-2.94e+12
dp[24][620]=-2.94e+12
Select best dp
Best k=6
dp[2][620]=-6.3e+11
dp[3][620]=-9.2e+11
dp[4][620]=-1.17e+12
dp[5][620]=-1.43e+12
dp[6][620]=-1.62e+12
dp[7][620]=-1.75e+12
dp[8][620]=-2e+12
dp[9][620]=-2.11e+12
dp[10][620]=-2.28e+12
dp[11][620]=-2.39e+12
dp[12][620]=-2.5e+12
dp[13][620]=-2.61e+12
dp[14][620]=-2.7e+12
dp[15][620]=-2.81e+12
dp[16][620]=-2.87e+12
dp[17][620]=-2.96e+12
dp[18][620]=-3.02e+12
dp[19][620]=-3.11e+12
dp[20][620]=-3.17e+12
dp[21][620]=-3.24e+12
dp[22][620]=-3.3e+12
dp[23][620]=-3.36e+12
dp[24][620]=-3.42e+12
Select best dp
Best k=24
Stratifying 4-th numerical feature ...
dp[2][620]=-5.38e+12
dp[3][620]=-5.88e+12
dp[4][620]=-5.88e+12
dp[5][620]=-5.88e+12
dp[6][620]=-5.88e+12
dp[7][620]=-5.88e+12
dp[8][620]=-5.88e+12
dp[9][620]=-5.88e+12
dp[10][620]=-5.88e+12
dp[11][620]=-5.88e+12
dp[12][620]=-5.88e+12
dp[13][620]=-5.88e+12
dp[14][620]=-5.88e+12
dp[15][620]=-5.88e+12
dp[16][620]=-5.88e+12
dp[17][620]=-5.88e+12
dp[18][620]=-5.88e+12
dp[19][620]=-5.88e+12
dp[20][620]=-5.88e+12
dp[21][620]=-5.88e+12
dp[22][620]=-5.88e+12
dp[23][620]=-5.88e+12
dp[24][620]=-5.88e+12
Select best dp
Best k=9
dp[2][620]=-2.69e+12
dp[3][620]=-2.94e+12
dp[4][620]=-2.94e+12
dp[5][620]=-2.94e+12
dp[6][620]=-2.94e+12
dp[7][620]=-2.94e+12
dp[8][620]=-2.94e+12
dp[9][620]=-2.94e+12
dp[10][620]=-2.94e+12
dp[11][620]=-2.94e+12
dp[12][620]=-2.94e+12
dp[13][620]=-2.94e+12
dp[14][620]=-2.94e+12
dp[15][620]=-2.94e+12
dp[16][620]=-2.94e+12
dp[17][620]=-2.94e+12
dp[18][620]=-2.94e+12
dp[19][620]=-2.94e+12
dp[20][620]=-2.94e+12
dp[21][620]=-2.94e+12
dp[22][620]=-2.94e+12
dp[23][620]=-2.94e+12
dp[24][620]=-2.94e+12
Select best dp
Best k=6
dp[2][620]=514.506
dp[3][620]=771.76
dp[4][620]=1029.01
dp[5][620]=1286.27
dp[6][620]=1543.52
dp[7][620]=1800.77
dp[8][620]=2058.03
dp[9][620]=2315.28
dp[10][620]=2572.53
dp[11][620]=2829.79
dp[12][620]=3087.04
dp[13][620]=3344.29
dp[14][620]=3601.55
dp[15][620]=3858.8
dp[16][620]=4116.05
dp[17][620]=4373.31
dp[18][620]=4630.56
dp[19][620]=4887.81
dp[20][620]=5145.06
dp[21][620]=5402.32
dp[22][620]=5659.57
dp[23][620]=5916.82
dp[24][620]=6174.08
Select best dp
Best k=2
Stratifying 6-th numerical feature ...
dp[2][620]=-6.1e+11
dp[3][620]=-6.1e+11
dp[4][620]=-7.75e+11
dp[5][620]=-7.75e+11
dp[6][620]=-9.2e+11
dp[7][620]=-9.2e+11
dp[8][620]=-1.065e+12
dp[9][620]=-1.065e+12
dp[10][620]=-1.2e+12
dp[11][620]=-1.2e+12
dp[12][620]=-1.2e+12
dp[13][620]=-1.2e+12
dp[14][620]=-1.2e+12
dp[15][620]=-1.2e+12
dp[16][620]=-1.2e+12
dp[17][620]=-1.2e+12
dp[18][620]=-1.2e+12
dp[19][620]=-1.2e+12
dp[20][620]=-1.2e+12
dp[21][620]=-1.195e+12
dp[22][620]=-1.18e+12
dp[23][620]=-1.115e+12
dp[24][620]=-9.35e+11
Select best dp
Best k=10
Stratifying 6-th numerical feature ...
dp[2][620]=-1.22e+12
dp[3][620]=-1.22e+12
dp[4][620]=-1.55e+12
dp[5][620]=-1.55e+12
dp[6][620]=-1.84e+12
dp[7][620]=-1.84e+12
dp[8][620]=-2.13e+12
dp[9][620]=-2.13e+12
dp[10][620]=-2.4e+12
dp[11][620]=-2.4e+12
dp[12][620]=-2.4e+12
dp[13][620]=-2.4e+12
dp[14][620]=-2.4e+12
dp[15][620]=-2.4e+12
dp[16][620]=-2.4e+12
dp[17][620]=-2.4e+12
dp[18][620]=-2.4e+12
dp[19][620]=-2.4e+12
dp[20][620]=-2.4e+12
dp[21][620]=-2.39e+12
dp[22][620]=-2.36e+12
dp[23][620]=-2.23e+12
dp[24][620]=-1.87e+12
Select best dp
Best k=11
Stratifying 6-th numerical feature ...
dp[2][620]=-1.22e+12
dp[3][620]=-1.22e+12
dp[4][620]=-1.55e+12
dp[5][620]=-1.55e+12
dp[6][620]=-1.84e+12
dp[7][620]=-1.84e+12
dp[8][620]=-2.13e+12
dp[9][620]=-2.13e+12
dp[10][620]=-2.4e+12
dp[11][620]=-2.4e+12
dp[12][620]=-2.4e+12
dp[13][620]=-2.4e+12
dp[14][620]=-2.4e+12
dp[15][620]=-2.4e+12
dp[16][620]=-2.4e+12
dp[17][620]=-2.4e+12
dp[18][620]=-2.4e+12
dp[19][620]=-2.4e+12
dp[20][620]=-2.4e+12
dp[21][620]=-2.39e+12
dp[22][620]=-2.36e+12
dp[23][620]=-2.23e+12
dp[24][620]=-1.87e+12
Select best dp
Best k=11
Stratifying 6-th numerical feature ...
dp[2][620]=-1.22e+12
dp[3][620]=-1.22e+12
dp[4][620]=-1.55e+12
dp[5][620]=-1.55e+12
dp[6][620]=-1.84e+12
dp[7][620]=-1.84e+12
dp[8][620]=-2.13e+12
dp[9][620]=-2.13e+12
dp[10][620]=-2.4e+12
dp[11][620]=-2.4e+12
dp[12][620]=-2.4e+12
dp[13][620]=-2.4e+12
dp[14][620]=-2.4e+12
dp[15][620]=-2.4e+12
dp[16][620]=-2.4e+12
dp[17][620]=-2.4e+12
dp[18][620]=-2.4e+12
dp[19][620]=-2.4e+12
dp[20][620]=-2.4e+12
dp[21][620]=-2.39e+12
dp[22][620]=-2.36e+12
dp[23][620]=-2.23e+12
dp[24][620]=-1.87e+12
Select best dp
Best k=11
Stratifying 6-th numerical feature ...
dp[2][620]=-1.345e+12
dp[3][620]=-1.47e+12
dp[4][620]=-1.47e+12
dp[5][620]=-1.47e+12
dp[6][620]=-1.47e+12
dp[7][620]=-1.47e+12
dp[8][620]=-1.47e+12
dp[9][620]=-1.47e+12
dp[10][620]=-1.47e+12
dp[11][620]=-1.47e+12
dp[12][620]=-1.47e+12
dp[13][620]=-1.47e+12
dp[14][620]=-1.47e+12
dp[15][620]=-1.47e+12
dp[16][620]=-1.47e+12
dp[17][620]=-1.47e+12
dp[18][620]=-1.47e+12
dp[19][620]=-1.47e+12
dp[20][620]=-1.47e+12
dp[21][620]=-1.47e+12
dp[22][620]=-1.47e+12
dp[23][620]=-1.47e+12
dp[24][620]=-1.47e+12
Select best dp
Best k=5
dp[2][620]=514.506
dp[3][620]=771.76
dp[4][620]=1029.01
dp[5][620]=1286.27
dp[6][620]=1543.52
dp[7][620]=1800.77
dp[8][620]=2058.03
dp[9][620]=2315.28
dp[10][620]=2572.53
dp[11][620]=2829.79
dp[12][620]=3087.04
dp[13][620]=3344.29
dp[14][620]=3601.55
dp[15][620]=3858.8
dp[16][620]=4116.05
dp[17][620]=4373.31
dp[18][620]=4630.56
dp[19][620]=4887.81
dp[20][620]=5145.06
dp[21][620]=5402.32
dp[22][620]=5659.57
dp[23][620]=5916.82
dp[24][620]=6174.08
Select best dp
Best k=2
dp[2][620]=-2.69e+12
dp[3][620]=-2.94e+12
dp[4][620]=-2.94e+12
dp[5][620]=-2.94e+12
dp[6][620]=-2.94e+12
dp[7][620]=-2.94e+12
dp[8][620]=-2.94e+12
dp[9][620]=-2.94e+12
dp[10][620]=-2.94e+12
dp[11][620]=-2.94e+12
dp[12][620]=-2.94e+12
dp[13][620]=-2.94e+12
dp[14][620]=-2.94e+12
dp[15][620]=-2.94e+12
dp[16][620]=-2.94e+12
dp[17][620]=-2.94e+12
dp[18][620]=-2.94e+12
dp[19][620]=-2.94e+12
dp[20][620]=-2.94e+12
dp[21][620]=-2.94e+12
dp[22][620]=-2.94e+12
dp[23][620]=-2.94e+12
dp[24][620]=-2.94e+12
Select best dp
Best k=6
dp[2][620]=-3.53e+12
dp[3][620]=-4.18e+12
dp[4][620]=-4.58e+12
dp[5][620]=-4.84e+12
dp[6][620]=-4.99e+12
dp[7][620]=-5.16e+12
dp[8][620]=-5.35e+12
dp[9][620]=-5.5e+12
dp[10][620]=-5.58e+12
dp[11][620]=-5.67e+12
dp[12][620]=-5.75e+12
dp[13][620]=-5.91e+12
dp[14][620]=-5.99e+12
dp[15][620]=-5.99e+12
dp[16][620]=-6.01e+12
dp[17][620]=-6.01e+12
dp[18][620]=-6.01e+12
dp[19][620]=-6.01e+12
dp[20][620]=-6.01e+12
dp[21][620]=-6.01e+12
dp[22][620]=-6.01e+12
dp[23][620]=-6.01e+12
dp[24][620]=-6.01e+12
Select best dp
Best k=16
Stratifying 5-th numerical feature ...
dp[2][620]=-2.69e+12
dp[3][620]=-2.94e+12
dp[4][620]=-2.94e+12
dp[5][620]=-2.94e+12
dp[6][620]=-2.94e+12
dp[7][620]=-2.94e+12
dp[8][620]=-2.94e+12
dp[9][620]=-2.94e+12
dp[10][620]=-2.94e+12
dp[11][620]=-2.94e+12
dp[12][620]=-2.94e+12
dp[13][620]=-2.94e+12
dp[14][620]=-2.94e+12
dp[15][620]=-2.94e+12
dp[16][620]=-2.94e+12
dp[17][620]=-2.94e+12
dp[18][620]=-2.94e+12
dp[19][620]=-2.94e+12
dp[20][620]=-2.94e+12
dp[21][620]=-2.94e+12
dp[22][620]=-2.94e+12
dp[23][620]=-2.94e+12
dp[24][620]=-2.94e+12
Select best dp
Best k=6
dp[2][620]=-201.754
dp[3][620]=-507.798
dp[4][620]=-630.289
dp[5][620]=-682.935
dp[6][620]=-668.336
dp[7][620]=-625.785
dp[8][620]=-563.8
dp[9][620]=-469.429
dp[10][620]=-375.018
dp[11][620]=-265.748
dp[12][620]=-155.92
dp[13][620]=-28.0527
dp[14][620]=108.969
dp[15][620]=254.772
dp[16][620]=409.276
dp[17][620]=577.882
dp[18][620]=747.366
dp[19][620]=917.087
dp[20][620]=1098.35
dp[21][620]=1282.68
dp[22][620]=1476.9
dp[23][620]=1708.43
dp[24][620]=1999.35
Select best dp
Best k=5
dp[2][620]=-2.69e+12
dp[3][620]=-2.94e+12
dp[4][620]=-2.94e+12
dp[5][620]=-2.94e+12
dp[6][620]=-2.94e+12
dp[7][620]=-2.94e+12
dp[8][620]=-2.94e+12
dp[9][620]=-2.94e+12
dp[10][620]=-2.94e+12
dp[11][620]=-2.94e+12
dp[12][620]=-2.94e+12
dp[13][620]=-2.94e+12
dp[14][620]=-2.94e+12
dp[15][620]=-2.94e+12
dp[16][620]=-2.94e+12
dp[17][620]=-2.94e+12
dp[18][620]=-2.94e+12
dp[19][620]=-2.94e+12
dp[20][620]=-2.94e+12
dp[21][620]=-2.94e+12
dp[22][620]=-2.94e+12
dp[23][620]=-2.94e+12
dp[24][620]=-2.94e+12
Select best dp
Best k=6
Stratifying 3-th numerical feature ...
dp[2][620]=-1.22e+12
dp[3][620]=-1.22e+12
dp[4][620]=-1.55e+12
dp[5][620]=-1.55e+12
dp[6][620]=-1.84e+12
dp[7][620]=-1.84e+12
dp[8][620]=-2.13e+12
dp[9][620]=-2.13e+12
dp[10][620]=-2.42e+12
dp[11][620]=-2.42e+12
dp[12][620]=-2.69e+12
dp[13][620]=-2.69e+12
dp[14][620]=-2.89e+12
dp[15][620]=-2.89e+12
dp[16][620]=-3.06e+12
dp[17][620]=-3.06e+12
dp[18][620]=-3.22e+12
dp[19][620]=-3.22e+12
dp[20][620]=-3.36e+12
dp[21][620]=-3.36e+12
dp[22][620]=-3.48e+12
dp[23][620]=-3.48e+12
dp[24][620]=-3.6e+12
Select best dp
Best k=24
Stratifying 6-th numerical feature ...
dp[2][620]=-2.69e+12
dp[3][620]=-2.94e+12
dp[4][620]=-3.02e+12
dp[5][620]=-3.08e+12
dp[6][620]=-3.13e+12
dp[7][620]=-3.18e+12
dp[8][620]=-3.26e+12
dp[9][620]=-3.27e+12
dp[10][620]=-3.35e+12
dp[11][620]=-3.36e+12
dp[12][620]=-3.44e+12
dp[13][620]=-3.44e+12
dp[14][620]=-3.5e+12
dp[15][620]=-3.5e+12
dp[16][620]=-3.56e+12
dp[17][620]=-3.56e+12
dp[18][620]=-3.61e+12
dp[19][620]=-3.61e+12
dp[20][620]=-3.66e+12
dp[21][620]=-3.66e+12
dp[22][620]=-3.66e+12
dp[23][620]=-3.66e+12
dp[24][620]=-3.66e+12
Select best dp
Best k=21
dp[2][620]=-6.3e+11
dp[3][620]=-9.2e+11
dp[4][620]=-1.17e+12
dp[5][620]=-1.43e+12
dp[6][620]=-1.49e+12
dp[7][620]=-1.75e+12
dp[8][620]=-1.77e+12
dp[9][620]=-2.03e+12
dp[10][620]=-2.03e+12
dp[11][620]=-2.03e+12
dp[12][620]=-2.03e+12
dp[13][620]=-2.03e+12
dp[14][620]=-2.03e+12
dp[15][620]=-2.03e+12
dp[16][620]=-2.03e+12
dp[17][620]=-2.03e+12
dp[18][620]=-2.03e+12
dp[19][620]=-2.03e+12
dp[20][620]=-2.03e+12
dp[21][620]=-2.03e+12
dp[22][620]=-2.03e+12
dp[23][620]=-2.01e+12
dp[24][620]=-1.96e+12
Select best dp
Best k=11
Stratifying 4-th numerical feature ...
dp[2][620]=-3.53e+12
dp[3][620]=-4.18e+12
dp[4][620]=-4.58e+12
dp[5][620]=-4.84e+12
dp[6][620]=-4.84e+12
dp[7][620]=-4.84e+12
dp[8][620]=-4.84e+12
dp[9][620]=-4.84e+12
dp[10][620]=-4.84e+12
dp[11][620]=-4.84e+12
dp[12][620]=-4.84e+12
dp[13][620]=-4.84e+12
dp[14][620]=-4.84e+12
dp[15][620]=-4.84e+12
dp[16][620]=-4.84e+12
dp[17][620]=-4.84e+12
dp[18][620]=-4.84e+12
dp[19][620]=-4.84e+12
dp[20][620]=-4.84e+12
dp[21][620]=-4.84e+12
dp[22][620]=-4.84e+12
dp[23][620]=-4.84e+12
dp[24][620]=-4.59e+12
Select best dp
Best k=5
Stratifying 5-th numerical feature ...
dp[2][620]=-1.22e+12
dp[3][620]=-1.22e+12
dp[4][620]=-1.55e+12
dp[5][620]=-1.55e+12
dp[6][620]=-1.84e+12
dp[7][620]=-1.84e+12
dp[8][620]=-2.13e+12
dp[9][620]=-2.13e+12
dp[10][620]=-2.4e+12
dp[11][620]=-2.4e+12
dp[12][620]=-2.4e+12
dp[13][620]=-2.4e+12
dp[14][620]=-2.4e+12
dp[15][620]=-2.4e+12
dp[16][620]=-2.4e+12
dp[17][620]=-2.4e+12
dp[18][620]=-2.4e+12
dp[19][620]=-2.4e+12
dp[20][620]=-2.4e+12
dp[21][620]=-2.39e+12
dp[22][620]=-2.36e+12
dp[23][620]=-2.23e+12
dp[24][620]=-1.87e+12
Select best dp
Best k=11
Stratifying 6-th numerical feature ...
dp[2][620]=-2.69e+12
dp[3][620]=-2.94e+12
dp[4][620]=-2.94e+12
dp[5][620]=-2.94e+12
dp[6][620]=-2.94e+12
dp[7][620]=-2.94e+12
dp[8][620]=-2.94e+12
dp[9][620]=-2.94e+12
dp[10][620]=-2.94e+12
dp[11][620]=-2.94e+12
dp[12][620]=-2.94e+12
dp[13][620]=-2.94e+12
dp[14][620]=-2.94e+12
dp[15][620]=-2.94e+12
dp[16][620]=-2.94e+12
dp[17][620]=-2.94e+12
dp[18][620]=-2.94e+12
dp[19][620]=-2.94e+12
dp[20][620]=-2.94e+12
dp[21][620]=-2.94e+12
dp[22][620]=-2.94e+12
dp[23][620]=-2.94e+12
dp[24][620]=-2.94e+12
Select best dp
Best k=6
