Standardize ...
Stratifying 1-th numerical feature ...
Standardize ...
Stratifying 1-th numerical feature ...
Standardize ...
Stratifying 1-th numerical feature ...
Standardize ...
Stratifying 1-th numerical feature ...
Standardize ...
Stratifying 1-th numerical feature ...
Standardize ...
Stratifying 1-th numerical feature ...
Standardize ...
Stratifying 1-th numerical feature ...
Standardize ...
Stratifying 1-th numerical feature ...
Standardize ...
Stratifying 1-th numerical feature ...
Standardize ...
Stratifying 1-th numerical feature ...
Standardize ...
Stratifying 1-th numerical feature ...
Standardize ...
Stratifying 1-th numerical feature ...
Standardize ...
Stratifying 1-th numerical feature ...
Standardize ...
Stratifying 1-th numerical feature ...
dp[2][268]=-91.9798
dp[3][268]=-2.9e+11
dp[4][268]=-2.9e+11
dp[5][268]=-5.1e+11
dp[6][268]=-5.1e+11
dp[7][268]=-7.3e+11
dp[8][268]=-7.3e+11
dp[9][268]=-9e+11
dp[10][268]=-9e+11
dp[11][268]=-1.04e+12
dp[12][268]=-1.04e+12
dp[13][268]=-1.15e+12
dp[14][268]=-1.15e+12
dp[15][268]=-1.15e+12
dp[16][268]=-1.03e+12
Select best dp
Best k=13
Stratifying 2-th numerical feature ...
dp[2][268]=-91.9798
dp[3][268]=-2.9e+11
dp[4][268]=-2.9e+11
dp[5][268]=-5.1e+11
dp[6][268]=-5.1e+11
dp[7][268]=-7.3e+11
dp[8][268]=-7.3e+11
dp[9][268]=-9e+11
dp[10][268]=-9e+11
dp[11][268]=-1.04e+12
dp[12][268]=-1.04e+12
dp[13][268]=-1.15e+12
dp[14][268]=-1.15e+12
dp[15][268]=-1.15e+12
dp[16][268]=-1.03e+12
Select best dp
Best k=13
dp[2][268]=-91.9798
dp[3][268]=-2.9e+11
dp[4][268]=-2.9e+11
dp[5][268]=-2.9e+11
dp[6][268]=-2.9e+11
dp[7][268]=-2.9e+11
dp[8][268]=-2.9e+11
dp[9][268]=-2.9e+11
dp[10][268]=-2.9e+11
Select best dp
Best k=7
Stratifying 2-th numerical feature ...
Stratifying 2-th numerical feature ...
dp[2][268]=-91.9798
dp[3][268]=-2.9e+11
dp[4][268]=-2.9e+11
dp[5][268]=-5.1e+11
dp[6][268]=-5.1e+11
dp[7][268]=-7.3e+11
dp[8][268]=-7.3e+11
dp[9][268]=-9.5e+11
dp[10][268]=-9.5e+11
dp[11][268]=-1.12e+12
dp[12][268]=-1.12e+12
dp[13][268]=-1.28e+12
dp[14][268]=-1.28e+12
dp[15][268]=-1.38e+12
dp[16][268]=-1.38e+12
Select best dp
Best k=15
Stratifying 2-th numerical feature ...
dp[2][268]=-7e+10
dp[3][268]=-2.9e+11
dp[4][268]=-3.6e+11
dp[5][268]=-5.1e+11
dp[6][268]=-5.8e+11
dp[7][268]=-7.3e+11
dp[8][268]=-8e+11
dp[9][268]=-9.5e+11
dp[10][268]=-1.02e+12
dp[11][268]=-1.12e+12
dp[12][268]=-1.19e+12
dp[13][268]=-1.28e+12
dp[14][268]=-1.35e+12
dp[15][268]=-1.41e+12
dp[16][268]=-1.45e+12
Select best dp
Best k=16
Stratifying 2-th numerical feature ...
dp[2][268]=-91.9798
dp[3][268]=-2.9e+11
dp[4][268]=-2.9e+11
dp[5][268]=-5.1e+11
dp[6][268]=-5.1e+11
dp[7][268]=-7.3e+11
dp[8][268]=-7.3e+11
dp[9][268]=-9e+11
dp[10][268]=-9e+11
dp[11][268]=-1.04e+12
dp[12][268]=-1.04e+12
dp[13][268]=-1.15e+12
dp[14][268]=-1.15e+12
dp[15][268]=-1.15e+12
dp[16][268]=-1.03e+12
Select best dp
Best k=13
Stratifying 2-th numerical feature ...
dp[2][268]=-459.324
dp[3][268]=-4.4e+11
dp[4][268]=-4.4e+11
dp[5][268]=-4.4e+11
dp[6][268]=-4.4e+11
dp[7][268]=-4.4e+11
dp[8][268]=-4.4e+11
dp[9][268]=-4.4e+11
dp[10][268]=-4.1e+11
Select best dp
Best k=6
Stratifying 3-th numerical feature ...
dp[2][268]=212.599
dp[3][268]=318.899
dp[4][268]=425.198
dp[5][268]=531.498
dp[6][268]=637.797
dp[7][268]=744.097
dp[8][268]=850.396
dp[9][268]=956.696
dp[10][268]=1063
dp[11][268]=1169.29
dp[12][268]=1275.59
dp[13][268]=1381.89
dp[14][268]=1488.19
dp[15][268]=1594.49
dp[16][268]=1700.79
Select best dp
Best k=2
dp[2][268]=60.3096
dp[3][268]=-1.45e+11
dp[4][268]=-1.45e+11
dp[5][268]=-2.55e+11
dp[6][268]=-2.55e+11
dp[7][268]=-3.65e+11
dp[8][268]=-3.65e+11
dp[9][268]=-4.5e+11
dp[10][268]=-4.5e+11
dp[11][268]=-5.2e+11
dp[12][268]=-5.2e+11
dp[13][268]=-5.75e+11
dp[14][268]=-5.75e+11
dp[15][268]=-5.75e+11
dp[16][268]=-5.15e+11
Select best dp
Best k=13
dp[2][268]=-459.324
dp[3][268]=-4.4e+11
dp[4][268]=-4.4e+11
dp[5][268]=-4.4e+11
dp[6][268]=-4.4e+11
dp[7][268]=-4.4e+11
dp[8][268]=-4.4e+11
dp[9][268]=-4.4e+11
dp[10][268]=-4.4e+11
dp[11][268]=-4.4e+11
dp[12][268]=-4.4e+11
dp[13][268]=-4.4e+11
dp[14][268]=-4.4e+11
dp[15][268]=-4.4e+11
dp[16][268]=-4e+11
Select best dp
Best k=6
Stratifying 2-th numerical feature ...
Stratifying 3-th numerical feature ...
Stratifying 2-th numerical feature ...
dp[2][268]=-396.559
dp[3][268]=-5.8e+11
dp[4][268]=-5.8e+11
dp[5][268]=-1.02e+12
dp[6][268]=-1.02e+12
dp[7][268]=-1.46e+12
dp[8][268]=-1.46e+12
dp[9][268]=-1.8e+12
dp[10][268]=-1.8e+12
dp[11][268]=-2.08e+12
dp[12][268]=-2.08e+12
dp[13][268]=-2.3e+12
dp[14][268]=-2.3e+12
dp[15][268]=-2.3e+12
dp[16][268]=-2.06e+12
Select best dp
Best k=14
dp[2][268]=-91.9798
dp[3][268]=-2.9e+11
dp[4][268]=-2.9e+11
dp[5][268]=-5.1e+11
dp[6][268]=-5.1e+11
dp[7][268]=-7.3e+11
dp[8][268]=-7.3e+11
dp[9][268]=-9e+11
dp[10][268]=-9e+11
dp[11][268]=-1.04e+12
dp[12][268]=-1.04e+12
dp[13][268]=-1.15e+12
dp[14][268]=-1.15e+12
dp[15][268]=-1.15e+12
dp[16][268]=-1.03e+12
Select best dp
Best k=13
Stratifying 2-th numerical feature ...
Stratifying 2-th numerical feature ...
dp[2][268]=-91.9798
dp[3][268]=-2.9e+11
dp[4][268]=-2.9e+11
dp[5][268]=-5.1e+11
dp[2][268]=-459.324
dp[6][268]=-5.1e+11
dp[7][268]=-7.3e+11
dp[3][268]=-4.4e+11
dp[8][268]=-7.3e+11
dp[4][268]=-4.4e+11
dp[9][268]=-9.5e+11
dp[5][268]=-4.4e+11
dp[10][268]=-9.5e+11
dp[6][268]=-4.4e+11
dp[11][268]=-1.12e+12
dp[7][268]=-4.4e+11
dp[12][268]=-1.12e+12
dp[8][268]=-4.4e+11
dp[13][268]=-1.28e+12
dp[9][268]=-4.4e+11
dp[14][268]=-1.28e+12
dp[10][268]=-4.4e+11
dp[15][268]=-1.38e+12
dp[11][268]=-4.4e+11
dp[16][268]=-1.38e+12
dp[12][268]=-4.4e+11
Select best dp
dp[13][268]=-4.4e+11
Best k=15
dp[14][268]=-4.4e+11
dp[15][268]=-4.4e+11
dp[16][268]=-4e+11
Select best dp
Best k=6
Stratifying 3-th numerical feature ...
Stratifying 2-th numerical feature ...
dp[2][268]=-91.9798
dp[3][268]=-2.9e+11
dp[4][268]=-2.9e+11
dp[5][268]=-5.1e+11
dp[6][268]=-5.1e+11
dp[7][268]=-7.3e+11
dp[8][268]=-7.3e+11
dp[9][268]=-9e+11
dp[10][268]=-9e+11
dp[11][268]=-1.04e+12
dp[12][268]=-1.04e+12
dp[13][268]=-1.15e+12
dp[14][268]=-1.15e+12
dp[15][268]=-1.15e+12
dp[16][268]=-1.03e+12
Select best dp
Best k=13
dp[2][268]=-91.9798
dp[3][268]=-2.9e+11
dp[4][268]=-2.9e+11
dp[5][268]=-5.1e+11
dp[6][268]=-5.1e+11
dp[7][268]=-7.3e+11
dp[8][268]=-7.3e+11
dp[9][268]=-9e+11
dp[10][268]=-9e+11
dp[11][268]=-1.04e+12
dp[12][268]=-1.04e+12
dp[13][268]=-1.15e+12
dp[14][268]=-1.15e+12
dp[15][268]=-1.15e+12
dp[16][268]=-1.03e+12
Select best dp
Best k=13
Stratifying 2-th numerical feature ...
Stratifying 2-th numerical feature ...
dp[2][268]=-459.324
dp[3][268]=-4.4e+11
dp[4][268]=-4.4e+11
dp[5][268]=-4.4e+11
dp[6][268]=-4.4e+11
dp[7][268]=-4.4e+11
dp[8][268]=-4.4e+11
dp[9][268]=-4.4e+11
dp[10][268]=-4.4e+11
dp[11][268]=-4.4e+11
dp[12][268]=-4.4e+11
dp[13][268]=-4.4e+11
dp[14][268]=-4.4e+11
dp[15][268]=-4.4e+11
dp[16][268]=-4.4e+11
Select best dp
Best k=6
Stratifying 3-th numerical feature ...
dp[2][268]=-79.0785
dp[3][268]=-4.3e+11
dp[4][268]=-8e+11
dp[5][268]=-1.12e+12
dp[6][268]=-1.44e+12
dp[7][268]=-1.72e+12
dp[8][268]=-1.72e+12
dp[9][268]=-1.72e+12
dp[10][268]=-1.48e+12
Select best dp
Best k=8
Stratifying 4-th numerical feature ...
dp[2][268]=-79.0785
dp[3][268]=-4.3e+11
dp[4][268]=-8e+11
dp[5][268]=-1.12e+12
dp[6][268]=-1.47e+12
dp[7][268]=-1.79e+12
dp[8][268]=-1.98e+12
dp[9][268]=-2.18e+12
dp[10][268]=-2.18e+12
dp[11][268]=-2.18e+12
dp[12][268]=-2.18e+12
dp[13][268]=-2.18e+12
dp[14][268]=-2.18e+12
dp[15][268]=-2.18e+12
dp[16][268]=-2.02e+12
Select best dp
Best k=9
Stratifying 4-th numerical feature ...
dp[2][268]=-79.0785
dp[3][268]=-4.3e+11
dp[4][268]=-8e+11
dp[5][268]=-1.12e+12
dp[6][268]=-1.47e+12
dp[7][268]=-1.79e+12
dp[8][268]=-1.98e+12
dp[9][268]=-2.18e+12
dp[10][268]=-2.18e+12
dp[11][268]=-2.18e+12
dp[12][268]=-2.18e+12
dp[13][268]=-2.18e+12
dp[14][268]=-2.18e+12
dp[15][268]=-2.18e+12
dp[16][268]=-2.02e+12
Select best dp
Best k=9
Stratifying 4-th numerical feature ...
dp[2][268]=-459.324
dp[3][268]=-4.4e+11
dp[4][268]=-4.4e+11
dp[5][268]=-4.4e+11
dp[6][268]=-4.4e+11
dp[7][268]=-4.4e+11
dp[8][268]=-4.4e+11
dp[9][268]=-4.4e+11
dp[10][268]=-4.4e+11
dp[11][268]=-4.4e+11
dp[12][268]=-4.4e+11
dp[13][268]=-4.4e+11
dp[14][268]=-4.4e+11
dp[15][268]=-4.4e+11
dp[16][268]=-4.4e+11
Select best dp
Best k=6
Stratifying 3-th numerical feature ...
dp[2][268]=-34.4493
dp[3][268]=-2.4e+11
dp[4][268]=-2.4e+11
dp[5][268]=-2.4e+11
dp[6][268]=-2.4e+11
dp[7][268]=-2.4e+11
dp[8][268]=-2.4e+11
dp[9][268]=-2.4e+11
dp[10][268]=-2.4e+11
Select best dp
Best k=6
Stratifying 5-th numerical feature ...
dp[2][268]=-459.324
dp[3][268]=-4.4e+11
dp[4][268]=-4.4e+11
dp[5][268]=-4.4e+11
dp[6][268]=-4.4e+11
dp[7][268]=-4.4e+11
dp[8][268]=-4.4e+11
dp[9][268]=-4.4e+11
dp[10][268]=-4.4e+11
dp[11][268]=-4.4e+11
dp[12][268]=-4.4e+11
dp[13][268]=-4.4e+11
dp[14][268]=-4.4e+11
dp[15][268]=-4.4e+11
dp[16][268]=-4.4e+11
Select best dp
Best k=6
Stratifying 3-th numerical feature ...
dp[2][268]=-459.324
dp[3][268]=-4.4e+11
dp[4][268]=-4.4e+11
dp[5][268]=-4.4e+11
dp[6][268]=-4.4e+11
dp[7][268]=-4.4e+11
dp[8][268]=-4.4e+11
dp[9][268]=-4.4e+11
dp[10][268]=-4.4e+11
dp[11][268]=-4.4e+11
dp[12][268]=-4.4e+11
dp[13][268]=-4.4e+11
dp[14][268]=-4.4e+11
dp[15][268]=-4.4e+11
dp[16][268]=-4e+11
Select best dp
Best k=6
Stratifying 3-th numerical feature ...
dp[2][268]=-79.0785
dp[3][268]=-4.3e+11
dp[4][268]=-8e+11
dp[5][268]=-1.12e+12
dp[6][268]=-1.47e+12
dp[7][268]=-1.79e+12
dp[8][268]=-1.98e+12
dp[9][268]=-2.18e+12
dp[10][268]=-2.19e+12
dp[11][268]=-2.32e+12
dp[12][268]=-2.32e+12
dp[13][268]=-2.32e+12
dp[14][268]=-2.32e+12
dp[15][268]=-2.32e+12
dp[16][268]=-2.32e+12
Select best dp
Best k=11
Stratifying 4-th numerical feature ...
dp[2][268]=-50.3197
dp[3][268]=-2.9e+11
dp[4][268]=-2.9e+11
dp[5][268]=-5.1e+11
dp[6][268]=-5.1e+11
dp[7][268]=-7.3e+11
dp[8][268]=-7.3e+11
dp[9][268]=-9e+11
dp[10][268]=-9e+11
dp[11][268]=-1.04e+12
dp[12][268]=-1.04e+12
dp[13][268]=-1.15e+12
dp[14][268]=-1.15e+12
dp[15][268]=-1.15e+12
dp[16][268]=-1.03e+12
Select best dp
Best k=13
Stratifying 2-th numerical feature ...
dp[2][268]=-123.362
dp[3][268]=-2.2e+11
dp[4][268]=-2.2e+11
dp[5][268]=-2.2e+11
dp[6][268]=-2.2e+11
dp[7][268]=-2.2e+11
dp[8][268]=-2.2e+11
dp[9][268]=-2.2e+11
dp[10][268]=-2.2e+11
dp[11][268]=-2.2e+11
dp[12][268]=-2.2e+11
dp[13][268]=-2.2e+11
dp[14][268]=-2.2e+11
dp[15][268]=-2.2e+11
dp[16][268]=-2e+11
Select best dp
Best k=4
Stratifying 3-th numerical feature ...
dp[2][268]=212.599
dp[3][268]=318.899
dp[4][268]=425.198
dp[5][268]=531.498
dp[6][268]=637.797
dp[7][268]=744.097
dp[8][268]=850.396
dp[9][268]=956.696
dp[10][268]=1063
dp[11][268]=1169.29
dp[12][268]=1275.59
dp[13][268]=1381.89
dp[14][268]=1488.19
dp[15][268]=1594.49
dp[16][268]=1700.79
Select best dp
Best k=2
Stratifying 3-th numerical feature ...
dp[2][268]=-1131.25
dp[3][268]=-8.8e+11
dp[4][268]=-8.8e+11
dp[5][268]=-8.8e+11
dp[6][268]=-8.8e+11
dp[7][268]=-8.8e+11
dp[8][268]=-8.8e+11
dp[9][268]=-8.8e+11
dp[10][268]=-8.8e+11
dp[11][268]=-8.8e+11
dp[12][268]=-8.8e+11
dp[13][268]=-8.8e+11
dp[14][268]=-8.8e+11
dp[15][268]=-8.8e+11
dp[16][268]=-8e+11
Select best dp
Best k=9
dp[2][268]=-34.4493
dp[3][268]=-2.4e+11
dp[4][268]=-2.4e+11
dp[5][268]=-2.4e+11
dp[6][268]=-2.4e+11
dp[7][268]=-2.4e+11
dp[8][268]=-2.4e+11
dp[9][268]=-2.4e+11
dp[10][268]=-2.4e+11
dp[11][268]=-2.4e+11
dp[12][268]=-2.4e+11
dp[13][268]=-2.4e+11
dp[14][268]=-2.4e+11
dp[15][268]=-2.4e+11
dp[16][268]=-2.1e+11
Select best dp
Best k=6
Stratifying 3-th numerical feature ...
Stratifying 5-th numerical feature ...
dp[2][268]=-459.324
dp[3][268]=-4.4e+11
dp[4][268]=-4.4e+11
dp[5][268]=-4.4e+11
dp[6][268]=-4.4e+11
dp[7][268]=-4.4e+11
dp[8][268]=-4.4e+11
dp[9][268]=-4.4e+11
dp[10][268]=-4.4e+11
dp[11][268]=-4.4e+11
dp[12][268]=-4.4e+11
dp[13][268]=-4.4e+11
dp[14][268]=-4.4e+11
dp[15][268]=-4.4e+11
dp[16][268]=-4e+11
Select best dp
Best k=6
Stratifying 3-th numerical feature ...
dp[2][268]=-34.4493
dp[3][268]=-2.4e+11
dp[4][268]=-2.4e+11
dp[5][268]=-2.4e+11
dp[6][268]=-2.4e+11
dp[7][268]=-2.4e+11
dp[8][268]=-2.4e+11
dp[9][268]=-2.4e+11
dp[10][268]=-2.4e+11
dp[11][268]=-2.4e+11
dp[12][268]=-2.4e+11
dp[13][268]=-2.4e+11
dp[14][268]=-2.4e+11
dp[15][268]=-2.4e+11
dp[16][268]=-2.1e+11
Select best dp
Best k=6
Stratifying 5-th numerical feature ...
dp[2][268]=-459.324
dp[3][268]=-4.4e+11
dp[4][268]=-4.4e+11
dp[5][268]=-4.4e+11
dp[6][268]=-4.4e+11
dp[7][268]=-4.4e+11
dp[8][268]=-4.4e+11
dp[9][268]=-4.4e+11
dp[10][268]=-4.4e+11
dp[11][268]=-4.4e+11
dp[12][268]=-4.4e+11
dp[13][268]=-4.4e+11
dp[14][268]=-4.4e+11
dp[15][268]=-4.4e+11
dp[16][268]=-4e+11
Select best dp
Best k=6
dp[2][268]=-459.324
dp[3][268]=-4.4e+11
dp[4][268]=-4.4e+11
dp[5][268]=-4.4e+11
dp[6][268]=-4.4e+11
dp[7][268]=-4.4e+11
dp[8][268]=-4.4e+11
dp[9][268]=-4.4e+11
dp[10][268]=-4.4e+11
dp[11][268]=-4.4e+11
dp[12][268]=-4.4e+11
dp[13][268]=-4.4e+11
dp[14][268]=-4.4e+11
dp[15][268]=-4.4e+11
dp[16][268]=-4e+11
Select best dp
Best k=6
Stratifying 3-th numerical feature ...
Stratifying 3-th numerical feature ...
dp[2][268]=-431.2
dp[3][268]=-4.4e+11
dp[4][268]=-7.5e+11
dp[5][268]=-1.03e+12
dp[6][268]=-1.03e+12
dp[7][268]=-1.03e+12
dp[8][268]=-1.03e+12
dp[9][268]=-1.03e+12
dp[10][268]=-7.9e+11
Select best dp
Best k=8
Stratifying 6-th numerical feature ...
dp[2][268]=-79.0785
dp[3][268]=-4.3e+11
dp[4][268]=-8e+11
dp[5][268]=-1.12e+12
dp[6][268]=-1.47e+12
dp[7][268]=-1.79e+12
dp[8][268]=-1.98e+12
dp[9][268]=-2.18e+12
dp[10][268]=-2.3e+12
dp[11][268]=-2.42e+12
dp[12][268]=-2.54e+12
dp[13][268]=-2.54e+12
dp[14][268]=-2.54e+12
dp[15][268]=-2.54e+12
dp[16][268]=-2.54e+12
Select best dp
Best k=12
Stratifying 4-th numerical feature ...
dp[2][268]=-79.0785
dp[3][268]=-4.3e+11
dp[4][268]=-8e+11
dp[5][268]=-1.12e+12
dp[6][268]=-1.47e+12
dp[7][268]=-1.79e+12
dp[8][268]=-1.98e+12
dp[9][268]=-2.18e+12
dp[10][268]=-2.27e+12
dp[11][268]=-2.36e+12
dp[12][268]=-2.45e+12
dp[13][268]=-2.45e+12
dp[14][268]=-2.45e+12
dp[15][268]=-2.45e+12
dp[16][268]=-2.45e+12
Select best dp
Best k=12
Stratifying 4-th numerical feature ...
dp[2][268]=-11.3365
dp[3][268]=-3.8e+11
dp[4][268]=-7.2e+11
dp[5][268]=-7.2e+11
dp[6][268]=-1.03e+12
dp[7][268]=-1.03e+12
dp[8][268]=-1.22e+12
dp[9][268]=-1.19e+12
dp[10][268]=-1.09e+12
Select best dp
Best k=8
Stratifying 7-th numerical feature ...
dp[2][268]=-431.2
dp[3][268]=-4.4e+11
dp[4][268]=-7.5e+11
dp[5][268]=-1.03e+12
dp[6][268]=-1.24e+12
dp[7][268]=-1.24e+12
dp[8][268]=-1.42e+12
dp[9][268]=-1.59e+12
dp[10][268]=-1.59e+12
dp[11][268]=-1.59e+12
dp[12][268]=-1.59e+12
dp[13][268]=-1.59e+12
dp[14][268]=-1.43e+12
dp[15][268]=-1.27e+12
dp[16][268]=-1.03e+12
Select best dp
Best k=10
Stratifying 6-th numerical feature ...
dp[2][268]=-34.4493
dp[3][268]=-2.4e+11
dp[4][268]=-2.4e+11
dp[5][268]=-2.4e+11
dp[6][268]=-2.4e+11
dp[7][268]=-2.4e+11
dp[8][268]=-2.4e+11
dp[9][268]=-2.4e+11
dp[10][268]=-2.4e+11
dp[11][268]=-2.4e+11
dp[12][268]=-2.4e+11
dp[13][268]=-2.4e+11
dp[14][268]=-2.4e+11
dp[15][268]=-2.4e+11
dp[16][268]=-2.4e+11
Select best dp
Best k=6
Stratifying 5-th numerical feature ...
dp[2][268]=-431.2
dp[3][268]=-4.4e+11
dp[4][268]=-7.5e+11
dp[5][268]=-1.03e+12
dp[6][268]=-1.24e+12
dp[7][268]=-1.24e+12
dp[8][268]=-1.42e+12
dp[9][268]=-1.59e+12
dp[10][268]=-1.59e+12
dp[11][268]=-1.59e+12
dp[12][268]=-1.59e+12
dp[13][268]=-1.59e+12
dp[14][268]=-1.43e+12
dp[15][268]=-1.27e+12
dp[16][268]=-1.03e+12
Select best dp
Best k=10
Stratifying 6-th numerical feature ...
dp[2][268]=-79.0785
dp[3][268]=-4.3e+11
dp[4][268]=-8e+11
dp[5][268]=-1.12e+12
dp[6][268]=-1.47e+12
dp[7][268]=-1.79e+12
dp[8][268]=-1.98e+12
dp[9][268]=-2.18e+12
dp[10][268]=-2.18e+12
dp[11][268]=-2.18e+12
dp[12][268]=-2.18e+12
dp[13][268]=-2.18e+12
dp[14][268]=-2.18e+12
dp[15][268]=-2.18e+12
dp[16][268]=-2.02e+12
Select best dp
Best k=9
Stratifying 4-th numerical feature ...
dp[2][268]=-205.905
dp[3][268]=-331.282
dp[4][268]=-367.345
dp[5][268]=-409.283
dp[6][268]=-420.481
dp[7][268]=-405.581
dp[8][268]=-380.505
dp[9][268]=-340.109
dp[10][268]=-257.225
Select best dp
Best k=6
dp[2][268]=66.7603
dp[3][268]=-2.15e+11
dp[4][268]=-4e+11
dp[5][268]=-5.6e+11
dp[6][268]=-7.35e+11
dp[7][268]=-8.95e+11
dp[8][268]=-9.9e+11
dp[9][268]=-1.09e+12
dp[10][268]=-1.09e+12
dp[11][268]=-1.09e+12
dp[12][268]=-1.09e+12
dp[13][268]=-1.09e+12
dp[14][268]=-1.09e+12
dp[15][268]=-1.09e+12
dp[16][268]=-1.01e+12
Select best dp
Best k=9
Stratifying 4-th numerical feature ...
dp[2][268]=-370.756
dp[3][268]=-8.6e+11
dp[4][268]=-1.6e+12
dp[5][268]=-2.24e+12
dp[6][268]=-2.94e+12
dp[7][268]=-3.58e+12
dp[8][268]=-3.96e+12
dp[9][268]=-4.36e+12
dp[10][268]=-4.36e+12
dp[11][268]=-4.36e+12
dp[12][268]=-4.36e+12
dp[13][268]=-4.36e+12
dp[14][268]=-4.36e+12
dp[15][268]=-4.36e+12
dp[16][268]=-4.04e+12
Select best dp
Best k=9
Stratifying 4-th numerical feature ...
dp[2][268]=212.599
dp[3][268]=318.899
dp[4][268]=425.198
dp[5][268]=531.498
dp[6][268]=637.797
dp[7][268]=744.097
dp[8][268]=850.396
dp[9][268]=956.696
dp[10][268]=1063
dp[11][268]=1169.29
dp[12][268]=1275.59
dp[13][268]=1381.89
dp[14][268]=1488.19
dp[15][268]=1594.49
dp[16][268]=1700.79
Select best dp
Best k=2
Stratifying 4-th numerical feature ...
dp[2][268]=-79.0785
dp[3][268]=-4.3e+11
dp[4][268]=-8e+11
dp[5][268]=-1.12e+12
dp[6][268]=-1.47e+12
dp[7][268]=-1.79e+12
dp[8][268]=-1.98e+12
dp[9][268]=-2.18e+12
dp[10][268]=-2.18e+12
dp[11][268]=-2.18e+12
dp[12][268]=-2.18e+12
dp[13][268]=-2.18e+12
dp[14][268]=-2.18e+12
dp[15][268]=-2.18e+12
dp[16][268]=-2.02e+12
Select best dp
Best k=9
Stratifying 4-th numerical feature ...
dp[2][268]=-11.3365
dp[3][268]=-3.8e+11
dp[4][268]=-7.2e+11
dp[5][268]=-9.2e+11
dp[6][268]=-1.1e+12
dp[7][268]=-1.41e+12
dp[8][268]=-1.41e+12
dp[9][268]=-1.68e+12
dp[10][268]=-1.68e+12
dp[11][268]=-1.68e+12
dp[12][268]=-1.68e+12
dp[13][268]=-1.68e+12
dp[14][268]=-1.65e+12
dp[15][268]=-1.57e+12
dp[16][268]=-1.25e+12
Select best dp
Best k=9
dp[2][268]=-11.3365
dp[3][268]=-3.8e+11
dp[4][268]=-7.2e+11
dp[5][268]=-9.2e+11
dp[6][268]=-1.1e+12
dp[7][268]=-1.41e+12
dp[8][268]=-1.41e+12
dp[9][268]=-1.68e+12
dp[10][268]=-1.68e+12
dp[11][268]=-1.68e+12
dp[12][268]=-1.68e+12
dp[13][268]=-1.68e+12
dp[14][268]=-1.65e+12
dp[15][268]=-1.57e+12
dp[16][268]=-1.25e+12
Select best dp
Best k=9
Stratifying 7-th numerical feature ...
Stratifying 7-th numerical feature ...
dp[2][268]=-79.0785
dp[3][268]=-4.3e+11
dp[4][268]=-8e+11
dp[5][268]=-1.12e+12
dp[6][268]=-1.47e+12
dp[7][268]=-1.79e+12
dp[8][268]=-1.98e+12
dp[9][268]=-2.18e+12
dp[10][268]=-2.18e+12
dp[11][268]=-2.18e+12
dp[12][268]=-2.18e+12
dp[13][268]=-2.18e+12
dp[14][268]=-2.18e+12
dp[15][268]=-2.18e+12
dp[16][268]=-2.02e+12
Select best dp
Best k=9
Stratifying 4-th numerical feature ...
dp[2][268]=-34.4493
dp[3][268]=-2.4e+11
dp[4][268]=-2.4e+11
dp[5][268]=-2.4e+11
dp[6][268]=-2.4e+11
dp[7][268]=-2.4e+11
dp[8][268]=-2.4e+11
dp[9][268]=-2.4e+11
dp[10][268]=-2.4e+11
dp[11][268]=-2.4e+11
dp[12][268]=-2.4e+11
dp[13][268]=-2.4e+11
dp[14][268]=-2.4e+11
dp[15][268]=-2.4e+11
dp[16][268]=-2.4e+11
Select best dp
Best k=6
Stratifying 5-th numerical feature ...
dp[2][268]=-34.4493
dp[3][268]=-2.4e+11
dp[4][268]=-2.4e+11
dp[5][268]=-2.4e+11
dp[6][268]=-2.4e+11
dp[7][268]=-2.4e+11
dp[8][268]=-2.4e+11
dp[9][268]=-2.4e+11
dp[10][268]=-2.4e+11
dp[11][268]=-2.4e+11
dp[12][268]=-2.4e+11
dp[13][268]=-2.4e+11
dp[14][268]=-2.4e+11
dp[15][268]=-2.4e+11
dp[16][268]=-2.4e+11
Select best dp
Best k=6
Stratifying 5-th numerical feature ...
dp[2][268]=-79.0785
dp[3][268]=-4.3e+11
dp[4][268]=-8e+11
dp[5][268]=-1.12e+12
dp[6][268]=-1.47e+12
dp[7][268]=-1.79e+12
dp[8][268]=-1.98e+12
dp[9][268]=-2.18e+12
dp[10][268]=-2.18e+12
dp[11][268]=-2.18e+12
dp[12][268]=-2.18e+12
dp[13][268]=-2.18e+12
dp[14][268]=-2.18e+12
dp[15][268]=-2.18e+12
dp[16][268]=-2.02e+12
Select best dp
Best k=9
dp[2][268]=-431.2
dp[3][268]=-4.4e+11
dp[4][268]=-7.5e+11
dp[5][268]=-1.03e+12
dp[6][268]=-1.24e+12
dp[7][268]=-1.36e+12
dp[8][268]=-1.57e+12
dp[9][268]=-1.75e+12
dp[10][268]=-1.75e+12
dp[11][268]=-1.77e+12
dp[12][268]=-1.77e+12
dp[13][268]=-1.77e+12
dp[14][268]=-1.77e+12
dp[15][268]=-1.77e+12
dp[16][268]=-1.77e+12
Select best dp
Best k=12
Stratifying 4-th numerical feature ...
Stratifying 6-th numerical feature ...
dp[2][268]=-205.905
dp[3][268]=-331.282
dp[4][268]=-367.345
dp[5][268]=-409.283
dp[6][268]=-420.481
dp[7][268]=-408.58
dp[8][268]=-383.504
dp[9][268]=-354.337
dp[10][268]=-308.163
dp[11][268]=-257.262
dp[12][268]=-194.781
dp[13][268]=-127.045
dp[14][268]=-56.436
dp[15][268]=15.7929
dp[16][268]=93.3572
Select best dp
Best k=6
dp[2][268]=-205.905
dp[3][268]=-331.282
dp[4][268]=-367.345
dp[5][268]=-409.283
dp[6][268]=-420.481
dp[7][268]=-408.58
dp[8][268]=-383.504
dp[9][268]=-354.337
dp[10][268]=-308.163
dp[11][268]=-257.262
dp[12][268]=-194.781
dp[13][268]=-127.045
dp[14][268]=-56.436
dp[15][268]=15.7929
dp[16][268]=93.3572
Select best dp
Best k=6
dp[2][268]=-431.2
dp[3][268]=-4.4e+11
dp[4][268]=-7.5e+11
dp[5][268]=-1.03e+12
dp[6][268]=-1.24e+12
dp[7][268]=-1.36e+12
dp[8][268]=-1.57e+12
dp[9][268]=-1.75e+12
dp[10][268]=-1.75e+12
dp[11][268]=-1.81e+12
dp[12][268]=-1.81e+12
dp[13][268]=-1.81e+12
dp[14][268]=-1.81e+12
dp[15][268]=-1.81e+12
dp[16][268]=-1.81e+12
Select best dp
Best k=12
Stratifying 6-th numerical feature ...
dp[2][268]=-11.3365
dp[3][268]=-3.8e+11
dp[4][268]=-7.2e+11
dp[5][268]=-9.2e+11
dp[6][268]=-1.15e+12
dp[7][268]=-1.41e+12
dp[8][268]=-1.55e+12
dp[9][268]=-1.84e+12
dp[10][268]=-1.96e+12
dp[11][268]=-2.06e+12
dp[12][268]=-2.07e+12
dp[13][268]=-2.17e+12
dp[14][268]=-2.17e+12
dp[15][268]=-2.17e+12
dp[16][268]=-2.17e+12
Select best dp
Best k=13
Stratifying 7-th numerical feature ...
dp[2][268]=-34.4493
dp[3][268]=-2.4e+11
dp[4][268]=-2.4e+11
dp[5][268]=-2.4e+11
dp[6][268]=-2.4e+11
dp[7][268]=-2.4e+11
dp[8][268]=-2.4e+11
dp[9][268]=-2.4e+11
dp[10][268]=-2.4e+11
dp[11][268]=-2.4e+11
dp[12][268]=-2.4e+11
dp[13][268]=-2.4e+11
dp[14][268]=-2.4e+11
dp[15][268]=-2.4e+11
dp[16][268]=-2.1e+11
Select best dp
Best k=6
Stratifying 5-th numerical feature ...
dp[2][268]=-431.2
dp[3][268]=-4.4e+11
dp[4][268]=-7.5e+11
dp[5][268]=-1.03e+12
dp[6][268]=-1.24e+12
dp[7][268]=-1.36e+12
dp[8][268]=-1.57e+12
dp[9][268]=-1.75e+12
dp[10][268]=-1.82e+12
dp[11][268]=-1.87e+12
dp[12][268]=-1.94e+12
dp[13][268]=-1.94e+12
dp[14][268]=-2.01e+12
dp[15][268]=-2.06e+12
dp[16][268]=-2.07e+12
Select best dp
Best k=16
Stratifying 6-th numerical feature ...
dp[2][268]=-281.498
dp[3][268]=-4.8e+11
dp[4][268]=-4.8e+11
dp[5][268]=-4.8e+11
dp[6][268]=-4.8e+11
dp[7][268]=-4.8e+11
dp[8][268]=-4.8e+11
dp[9][268]=-4.8e+11
dp[10][268]=-4.8e+11
dp[11][268]=-4.8e+11
dp[12][268]=-4.8e+11
dp[13][268]=-4.8e+11
dp[14][268]=-4.8e+11
dp[15][268]=-4.8e+11
dp[16][268]=-4.2e+11
Select best dp
Best k=12
Stratifying 5-th numerical feature ...
dp[2][268]=-34.4493
dp[3][268]=-2.4e+11
dp[4][268]=-2.4e+11
dp[5][268]=-2.4e+11
dp[6][268]=-2.4e+11
dp[7][268]=-2.4e+11
dp[8][268]=-2.4e+11
dp[9][268]=-2.4e+11
dp[10][268]=-2.4e+11
dp[11][268]=-2.4e+11
dp[12][268]=-2.4e+11
dp[13][268]=-2.4e+11
dp[14][268]=-2.4e+11
dp[15][268]=-2.4e+11
dp[16][268]=-2.1e+11
Select best dp
Best k=6
Stratifying 5-th numerical feature ...
dp[2][268]=-404.359
dp[3][268]=-4.4e+11
dp[4][268]=-4.4e+11
dp[5][268]=-4.4e+11
dp[6][268]=-4.4e+11
dp[7][268]=-4.4e+11
dp[8][268]=-4.4e+11
dp[9][268]=-4.4e+11
dp[10][268]=-4.4e+11
dp[11][268]=-4.4e+11
dp[12][268]=-4.4e+11
dp[13][268]=-4.4e+11
dp[14][268]=-4.4e+11
dp[15][268]=-4.4e+11
dp[16][268]=-4e+11
Select best dp
Best k=7
Stratifying 3-th numerical feature ...
dp[2][268]=89.0749
dp[3][268]=-1.2e+11
dp[4][268]=-1.2e+11
dp[5][268]=-1.2e+11
dp[6][268]=-1.2e+11
dp[7][268]=-1.2e+11
dp[8][268]=-1.2e+11
dp[9][268]=-1.2e+11
dp[10][268]=-1.2e+11
dp[11][268]=-1.2e+11
dp[12][268]=-1.2e+11
dp[13][268]=-1.2e+11
dp[14][268]=-1.2e+11
dp[15][268]=-1.2e+11
dp[16][268]=-1.05e+11
Select best dp
Best k=3
Stratifying 5-th numerical feature ...
dp[2][268]=212.599
dp[3][268]=318.899
dp[4][268]=425.198
dp[5][268]=531.498
dp[6][268]=637.797
dp[7][268]=744.097
dp[8][268]=850.396
dp[9][268]=956.696
dp[10][268]=1063
dp[11][268]=1169.29
dp[12][268]=1275.59
dp[13][268]=1381.89
dp[14][268]=1488.19
dp[15][268]=1594.49
dp[16][268]=1700.79
Select best dp
Best k=2
Stratifying 5-th numerical feature ...
dp[2][268]=-34.4493
dp[3][268]=-2.4e+11
dp[4][268]=-2.4e+11
dp[5][268]=-2.4e+11
dp[6][268]=-2.4e+11
dp[7][268]=-2.4e+11
dp[8][268]=-2.4e+11
dp[9][268]=-2.4e+11
dp[10][268]=-2.4e+11
dp[11][268]=-2.4e+11
dp[12][268]=-2.4e+11
dp[13][268]=-2.4e+11
dp[14][268]=-2.4e+11
dp[15][268]=-2.4e+11
dp[16][268]=-2.1e+11
Select best dp
Best k=6
Stratifying 5-th numerical feature ...
dp[2][268]=-34.4493
dp[3][268]=-2.4e+11
dp[4][268]=-2.4e+11
dp[5][268]=-2.4e+11
dp[6][268]=-2.4e+11
dp[7][268]=-2.4e+11
dp[8][268]=-2.4e+11
dp[9][268]=-2.4e+11
dp[10][268]=-2.4e+11
dp[11][268]=-2.4e+11
dp[12][268]=-2.4e+11
dp[13][268]=-2.4e+11
dp[14][268]=-2.4e+11
dp[15][268]=-2.4e+11
dp[16][268]=-2.1e+11
Select best dp
Best k=6
Stratifying 5-th numerical feature ...
dp[2][268]=-205.905
dp[3][268]=-331.282
dp[4][268]=-367.345
dp[5][268]=-409.283
dp[6][268]=-420.481
dp[7][268]=-420.371
dp[8][268]=-395.294
dp[9][268]=-366.127
dp[10][268]=-319.954
dp[11][268]=-271.946
dp[12][268]=-223.011
dp[13][268]=-175.003
dp[14][268]=-116.424
dp[15][268]=-55.7584
dp[16][268]=6.31322
Select best dp
Best k=6
dp[2][268]=-11.3365
dp[3][268]=-3.8e+11
dp[4][268]=-7.2e+11
dp[5][268]=-9.2e+11
dp[6][268]=-1.15e+12
dp[7][268]=-1.41e+12
dp[8][268]=-1.55e+12
dp[9][268]=-1.84e+12
dp[10][268]=-1.96e+12
dp[11][268]=-2.06e+12
dp[12][268]=-2.17e+12
dp[13][268]=-2.27e+12
dp[14][268]=-2.27e+12
dp[15][268]=-2.32e+12
dp[16][268]=-2.32e+12
Select best dp
Best k=15
Stratifying 7-th numerical feature ...
dp[2][268]=-431.2
dp[3][268]=-4.4e+11
dp[4][268]=-7.5e+11
dp[5][268]=-1.03e+12
dp[6][268]=-1.24e+12
dp[7][268]=-1.24e+12
dp[8][268]=-1.42e+12
dp[9][268]=-1.59e+12
dp[10][268]=-1.59e+12
dp[11][268]=-1.59e+12
dp[12][268]=-1.59e+12
dp[13][268]=-1.59e+12
dp[14][268]=-1.43e+12
dp[15][268]=-1.27e+12
dp[16][268]=-1.03e+12
Select best dp
Best k=10
Stratifying 6-th numerical feature ...
dp[2][268]=-11.3365
dp[3][268]=-3.8e+11
dp[4][268]=-7.2e+11
dp[5][268]=-9.2e+11
dp[6][268]=-1.15e+12
dp[7][268]=-1.41e+12
dp[8][268]=-1.55e+12
dp[9][268]=-1.84e+12
dp[10][268]=-1.96e+12
dp[11][268]=-2.06e+12
dp[12][268]=-2.17e+12
dp[13][268]=-2.27e+12
dp[14][268]=-2.32e+12
dp[15][268]=-2.4e+12
dp[16][268]=-2.4e+12
Select best dp
Best k=15
Stratifying 7-th numerical feature ...
dp[2][268]=-1075
dp[3][268]=-8.8e+11
dp[4][268]=-1.5e+12
dp[5][268]=-2.06e+12
dp[6][268]=-2.48e+12
dp[7][268]=-2.48e+12
dp[8][268]=-2.84e+12
dp[9][268]=-3.18e+12
dp[10][268]=-3.18e+12
dp[11][268]=-3.18e+12
dp[12][268]=-3.18e+12
dp[13][268]=-3.18e+12
dp[14][268]=-2.86e+12
dp[15][268]=-2.54e+12
dp[16][268]=-2.06e+12
Select best dp
Best k=12
Stratifying 6-th numerical feature ...
dp[2][268]=-431.2
dp[3][268]=-4.4e+11
dp[4][268]=-7.5e+11
dp[5][268]=-1.03e+12
dp[6][268]=-1.24e+12
dp[7][268]=-1.24e+12
dp[8][268]=-1.42e+12
dp[9][268]=-1.59e+12
dp[10][268]=-1.59e+12
dp[11][268]=-1.59e+12
dp[12][268]=-1.59e+12
dp[13][268]=-1.59e+12
dp[14][268]=-1.43e+12
dp[15][268]=-1.27e+12
dp[16][268]=-1.03e+12
Select best dp
Best k=10
Stratifying 6-th numerical feature ...
dp[2][268]=-11.3365
dp[3][268]=-3.8e+11
dp[4][268]=-7.2e+11
dp[5][268]=-9.2e+11
dp[6][268]=-1.1e+12
dp[7][268]=-1.41e+12
dp[8][268]=-1.41e+12
dp[9][268]=-1.68e+12
dp[10][268]=-1.68e+12
dp[11][268]=-1.68e+12
dp[12][268]=-1.68e+12
dp[13][268]=-1.68e+12
dp[14][268]=-1.65e+12
dp[15][268]=-1.57e+12
dp[16][268]=-1.25e+12
Select best dp
Best k=9
Stratifying 7-th numerical feature ...
dp[2][268]=-109.301
dp[3][268]=-2.2e+11
dp[4][268]=-3.75e+11
dp[5][268]=-5.15e+11
dp[6][268]=-6.2e+11
dp[7][268]=-6.2e+11
dp[8][268]=-7.1e+11
dp[9][268]=-7.95e+11
dp[10][268]=-7.95e+11
dp[11][268]=-7.95e+11
dp[12][268]=-7.95e+11
dp[13][268]=-7.95e+11
dp[14][268]=-7.15e+11
dp[15][268]=-6.35e+11
dp[16][268]=-5.15e+11
Select best dp
Best k=9
Stratifying 6-th numerical feature ...
dp[2][268]=212.599
dp[3][268]=318.899
dp[4][268]=425.198
dp[5][268]=531.498
dp[6][268]=637.797
dp[7][268]=744.097
dp[8][268]=850.396
dp[9][268]=956.696
dp[10][268]=1063
dp[11][268]=1169.29
dp[12][268]=1275.59
dp[13][268]=1381.89
dp[14][268]=1488.19
dp[15][268]=1594.49
dp[16][268]=1700.79
Select best dp
Best k=2
Stratifying 6-th numerical feature ...
dp[2][268]=-431.2
dp[3][268]=-4.4e+11
dp[4][268]=-7.5e+11
dp[5][268]=-1.03e+12
dp[6][268]=-1.24e+12
dp[7][268]=-1.24e+12
dp[8][268]=-1.42e+12
dp[9][268]=-1.59e+12
dp[10][268]=-1.59e+12
dp[11][268]=-1.59e+12
dp[12][268]=-1.59e+12
dp[13][268]=-1.59e+12
dp[14][268]=-1.43e+12
dp[15][268]=-1.27e+12
dp[16][268]=-1.03e+12
Select best dp
Best k=10
Stratifying 6-th numerical feature ...
dp[2][268]=-431.2
dp[3][268]=-4.4e+11
dp[4][268]=-7.5e+11
dp[5][268]=-1.03e+12
dp[6][268]=-1.24e+12
dp[7][268]=-1.24e+12
dp[8][268]=-1.42e+12
dp[9][268]=-1.59e+12
dp[10][268]=-1.59e+12
dp[11][268]=-1.59e+12
dp[12][268]=-1.59e+12
dp[13][268]=-1.59e+12
dp[14][268]=-1.43e+12
dp[15][268]=-1.27e+12
dp[16][268]=-1.03e+12
Select best dp
Best k=10
Stratifying 6-th numerical feature ...
dp[2][268]=-205.905
dp[3][268]=-331.282
dp[4][268]=-367.345
dp[5][268]=-409.283
dp[6][268]=-420.481
dp[7][268]=-420.371
dp[8][268]=-395.294
dp[9][268]=-366.127
dp[10][268]=-319.954
dp[11][268]=-271.946
dp[12][268]=-223.011
dp[13][268]=-175.003
dp[14][268]=-116.424
dp[15][268]=-57.7406
dp[16][268]=1.94815
Select best dp
Best k=6
dp[2][268]=-235.272
dp[3][268]=-7.6e+11
dp[4][268]=-1.44e+12
dp[5][268]=-1.84e+12
dp[6][268]=-2.2e+12
dp[7][268]=-2.82e+12
dp[8][268]=-2.82e+12
dp[9][268]=-3.36e+12
dp[10][268]=-3.36e+12
dp[11][268]=-3.36e+12
dp[12][268]=-3.36e+12
dp[13][268]=-3.36e+12
dp[14][268]=-3.3e+12
dp[15][268]=-3.14e+12
dp[16][268]=-2.5e+12
Select best dp
Best k=11
Stratifying 7-th numerical feature ...
dp[2][268]=-205.905
dp[3][268]=-7e+10
dp[4][268]=-1.2e+11
dp[5][268]=-1.3e+11
dp[6][268]=-1.8e+11
dp[7][268]=-1.9e+11
dp[8][268]=-2.4e+11
dp[9][268]=-2.4e+11
dp[10][268]=-2.9e+11
dp[11][268]=-2.9e+11
dp[12][268]=-3.4e+11
dp[13][268]=-3.4e+11
dp[14][268]=-3.9e+11
dp[15][268]=-3.9e+11
dp[16][268]=-4.4e+11
Select best dp
Best k=16
dp[2][268]=-205.905
dp[3][268]=-331.282
dp[4][268]=-367.345
dp[5][268]=-409.283
dp[6][268]=-420.481
dp[7][268]=-408.58
dp[8][268]=-383.504
dp[9][268]=-354.337
dp[10][268]=-308.163
dp[11][268]=-257.262
dp[12][268]=-194.781
dp[13][268]=-127.045
dp[14][268]=-56.436
dp[15][268]=15.7929
dp[16][268]=93.3572
Select best dp
Best k=6
dp[2][268]=100.631
dp[3][268]=-1.9e+11
dp[4][268]=-3.6e+11
dp[5][268]=-4.6e+11
dp[6][268]=-5.5e+11
dp[7][268]=-7.05e+11
dp[8][268]=-7.05e+11
dp[9][268]=-8.4e+11
dp[10][268]=-8.4e+11
dp[11][268]=-8.4e+11
dp[12][268]=-8.4e+11
dp[13][268]=-8.4e+11
dp[14][268]=-8.25e+11
dp[15][268]=-7.85e+11
dp[16][268]=-6.25e+11
Select best dp
Best k=9
Stratifying 7-th numerical feature ...
dp[2][268]=-624.41
dp[3][268]=-981.462
dp[4][268]=-1159.89
dp[5][268]=-1350.06
dp[6][268]=-1478.76
dp[7][268]=-1561.26
dp[8][268]=-1617.4
dp[9][268]=-1665.37
dp[10][268]=-1679.32
dp[11][268]=-1683.82
dp[12][268]=-1665.16
dp[13][268]=-1635.98
dp[14][268]=-1601.07
dp[15][268]=-1562.91
dp[16][268]=-1514.08
Select best dp
Best k=11
dp[2][268]=-11.3365
dp[3][268]=-3.8e+11
dp[4][268]=-7.2e+11
dp[5][268]=-9.2e+11
dp[6][268]=-1.1e+12
dp[7][268]=-1.41e+12
dp[8][268]=-1.41e+12
dp[9][268]=-1.68e+12
dp[10][268]=-1.68e+12
dp[11][268]=-1.68e+12
dp[12][268]=-1.68e+12
dp[13][268]=-1.68e+12
dp[14][268]=-1.65e+12
dp[15][268]=-1.57e+12
dp[16][268]=-1.25e+12
Select best dp
Best k=9
Stratifying 7-th numerical feature ...
dp[2][268]=-37.0823
dp[3][268]=-4.3e+11
dp[4][268]=-8e+11
dp[5][268]=-1.12e+12
dp[6][268]=-1.47e+12
dp[7][268]=-1.79e+12
dp[8][268]=-1.98e+12
dp[9][268]=-2.18e+12
dp[10][268]=-2.18e+12
dp[11][268]=-2.18e+12
dp[12][268]=-2.18e+12
dp[13][268]=-2.18e+12
dp[14][268]=-2.18e+12
dp[15][268]=-2.18e+12
dp[16][268]=-2.02e+12
Select best dp
Best k=9
Stratifying 4-th numerical feature ...
dp[2][268]=-11.3365
dp[3][268]=-3.8e+11
dp[4][268]=-7.2e+11
dp[5][268]=-9.2e+11
dp[6][268]=-1.1e+12
dp[7][268]=-1.41e+12
dp[8][268]=-1.41e+12
dp[9][268]=-1.68e+12
dp[10][268]=-1.68e+12
dp[11][268]=-1.68e+12
dp[12][268]=-1.68e+12
dp[13][268]=-1.68e+12
dp[14][268]=-1.65e+12
dp[15][268]=-1.57e+12
dp[16][268]=-1.25e+12
Select best dp
Best k=9
Stratifying 7-th numerical feature ...
dp[2][268]=212.599
dp[3][268]=318.899
dp[4][268]=425.198
dp[5][268]=531.498
dp[6][268]=637.797
dp[7][268]=744.097
dp[8][268]=850.396
dp[9][268]=956.696
dp[10][268]=1063
dp[11][268]=1169.29
dp[12][268]=1275.59
dp[13][268]=1381.89
dp[14][268]=1488.19
dp[15][268]=1594.49
dp[16][268]=1700.79
Select best dp
Best k=2
Stratifying 7-th numerical feature ...
dp[2][268]=3.34679
dp[3][268]=-6.19169
dp[4][268]=28.9264
dp[5][268]=61.107
dp[6][268]=108.658
dp[7][268]=167.758
dp[8][268]=233.446
dp[9][268]=301.179
dp[10][268]=377.416
dp[11][268]=456.017
dp[12][268]=540.407
dp[13][268]=627.424
dp[14][268]=715.879
dp[15][268]=805.143
dp[16][268]=897.075
Select best dp
Best k=3
dp[2][268]=-11.3365
dp[3][268]=-3.8e+11
dp[4][268]=-7.2e+11
dp[5][268]=-9.2e+11
dp[6][268]=-1.1e+12
dp[7][268]=-1.41e+12
dp[8][268]=-1.41e+12
dp[9][268]=-1.68e+12
dp[10][268]=-1.68e+12
dp[11][268]=-1.68e+12
dp[12][268]=-1.68e+12
dp[13][268]=-1.68e+12
dp[14][268]=-1.65e+12
dp[15][268]=-1.57e+12
dp[16][268]=-1.25e+12
Select best dp
Best k=9
Stratifying 7-th numerical feature ...
dp[2][268]=-205.905
dp[3][268]=-331.282
dp[4][268]=-367.345
dp[5][268]=-409.283
dp[6][268]=-420.481
dp[7][268]=-408.58
dp[8][268]=-383.504
dp[9][268]=-354.337
dp[10][268]=-308.163
dp[11][268]=-257.262
dp[12][268]=-194.781
dp[13][268]=-127.045
dp[14][268]=-56.436
dp[15][268]=15.7929
dp[16][268]=93.3572
Select best dp
Best k=6
dp[2][268]=-205.905
dp[3][268]=-331.282
dp[4][268]=-367.345
dp[5][268]=-409.283
dp[6][268]=-420.481
dp[7][268]=-408.58
dp[8][268]=-383.504
dp[9][268]=-354.337
dp[10][268]=-308.163
dp[11][268]=-257.262
dp[12][268]=-194.781
dp[13][268]=-127.045
dp[14][268]=-56.436
dp[15][268]=15.7929
dp[16][268]=93.3572
Select best dp
Best k=6
dp[2][268]=212.599
dp[3][268]=318.899
dp[4][268]=425.198
dp[5][268]=531.498
dp[6][268]=637.797
dp[7][268]=744.097
dp[8][268]=850.396
dp[9][268]=956.696
dp[10][268]=1063
dp[11][268]=1169.29
dp[12][268]=1275.59
dp[13][268]=1381.89
dp[14][268]=1488.19
dp[15][268]=1594.49
dp[16][268]=1700.79
Select best dp
Best k=2
dp[2][268]=-205.905
dp[3][268]=-331.282
dp[4][268]=-367.345
dp[5][268]=-409.283
dp[6][268]=-420.481
dp[7][268]=-408.58
dp[8][268]=-383.504
dp[9][268]=-354.337
dp[10][268]=-308.163
dp[11][268]=-257.262
dp[12][268]=-194.781
dp[13][268]=-127.045
dp[14][268]=-56.436
dp[15][268]=15.7929
dp[16][268]=93.3572
Select best dp
Best k=6
dp[2][268]=9.81745
dp[3][268]=-2.4e+11
dp[4][268]=-2.4e+11
dp[5][268]=-2.4e+11
dp[6][268]=-2.4e+11
dp[7][268]=-2.4e+11
dp[8][268]=-2.4e+11
dp[9][268]=-2.4e+11
dp[10][268]=-2.4e+11
dp[11][268]=-2.4e+11
dp[12][268]=-2.4e+11
dp[13][268]=-2.4e+11
dp[14][268]=-2.4e+11
dp[15][268]=-2.4e+11
dp[16][268]=-2.1e+11
Select best dp
Best k=6
Stratifying 5-th numerical feature ...
dp[2][268]=-389.073
dp[3][268]=-4.4e+11
dp[4][268]=-7.5e+11
dp[5][268]=-1.03e+12
dp[6][268]=-1.24e+12
dp[7][268]=-1.24e+12
dp[8][268]=-1.42e+12
dp[9][268]=-1.59e+12
dp[10][268]=-1.59e+12
dp[11][268]=-1.59e+12
dp[12][268]=-1.59e+12
dp[13][268]=-1.59e+12
dp[14][268]=-1.43e+12
dp[15][268]=-1.27e+12
dp[16][268]=-1.03e+12
Select best dp
Best k=10
Stratifying 6-th numerical feature ...
dp[2][268]=22.9055
dp[3][268]=-3.8e+11
dp[4][268]=-7.2e+11
dp[5][268]=-9.2e+11
dp[6][268]=-1.1e+12
dp[7][268]=-1.41e+12
dp[8][268]=-1.41e+12
dp[9][268]=-1.68e+12
dp[10][268]=-1.68e+12
dp[11][268]=-1.68e+12
dp[12][268]=-1.68e+12
dp[13][268]=-1.68e+12
dp[14][268]=-1.65e+12
dp[15][268]=-1.57e+12
dp[16][268]=-1.25e+12
Select best dp
Best k=9
Stratifying 7-th numerical feature ...
dp[2][268]=-157.4
dp[3][268]=-293.833
dp[4][268]=-338.065
dp[5][268]=-383.829
dp[6][268]=-397.311
dp[7][268]=-388.517
dp[8][268]=-369.58
dp[9][268]=-345.067
dp[10][268]=-307.146
dp[11][268]=-260.55
dp[12][268]=-201.279
dp[13][268]=-136.164
dp[14][268]=-70.8096
dp[15][268]=-4.70323
dp[16][268]=68.7219
Select best dp
Best k=6
