Standardize ...
Stratifying 1-th numerical feature ...
Standardize ...
Stratifying 1-th numerical feature ...
Standardize ...
Stratifying 1-th numerical feature ...
Standardize ...
Stratifying 1-th numerical feature ...
Standardize ...
Stratifying 1-th numerical feature ...
Standardize ...
Stratifying 1-th numerical feature ...
Standardize ...
Stratifying 1-th numerical feature ...
Standardize ...
Stratifying 1-th numerical feature ...
Standardize ...
Stratifying 1-th numerical feature ...
Standardize ...
Stratifying 1-th numerical feature ...
Standardize ...
Stratifying 1-th numerical feature ...
Standardize ...
Stratifying 1-th numerical feature ...
Standardize ...
Stratifying 1-th numerical feature ...
Standardize ...
Stratifying 1-th numerical feature ...
dp[2][188]=84.827
dp[3][188]=84.2018
dp[4][188]=144.088
dp[5][188]=229.564
dp[6][188]=330.03
dp[7][188]=454.817
dp[8][188]=588.513
dp[9][188]=722.868
dp[10][188]=867.054
dp[11][188]=1012.79
dp[12][188]=1161.86
dp[13][188]=1316.13
Select best dp
Best k=3
Stratifying 2-th numerical feature ...
dp[2][188]=90.6386
dp[3][188]=117.5
dp[4][188]=179.875
dp[5][188]=264.838
dp[6][188]=365.809
dp[7][188]=491.034
dp[8][188]=626.812
dp[9][188]=768.484
dp[10][188]=909.886
dp[11][188]=1058.76
dp[12][188]=1210.91
dp[13][188]=1368.23
Select best dp
Best k=2
Stratifying 2-th numerical feature ...
dp[2][188]=90.6386
dp[3][188]=117.5
dp[4][188]=179.875
dp[5][188]=264.838
dp[6][188]=365.809
dp[7][188]=491.034
dp[8][188]=626.812
dp[9][188]=768.484
dp[10][188]=909.886
dp[11][188]=1058.76
dp[12][188]=1210.91
dp[13][188]=1368.23
Select best dp
Best k=2
Stratifying 2-th numerical feature ...
dp[2][188]=90.6386
dp[3][188]=117.5
dp[4][188]=179.875
dp[5][188]=264.838
dp[6][188]=365.809
dp[7][188]=491.034
dp[8][188]=621.2
dp[9][188]=756.977
dp[10][188]=896.296
dp[11][188]=1037.72
dp[12][188]=1184.83
dp[13][188]=1332.85
Select best dp
Best k=2
Stratifying 2-th numerical feature ...
dp[2][188]=90.6386
dp[3][188]=-5e+10
dp[4][188]=-5e+10
dp[5][188]=-5e+10
dp[6][188]=-5e+10
dp[7][188]=-5e+10
dp[8][188]=-5e+10
dp[9][188]=-5e+10
dp[10][188]=-5e+10
dp[11][188]=-5e+10
dp[12][188]=-5e+10
dp[13][188]=-5e+10
Select best dp
Best k=3
Stratifying 2-th numerical feature ...
dp[2][188]=81.2189
dp[3][188]=87.9283
dp[4][188]=147.976
dp[5][188]=231.324
dp[6][188]=324.068
dp[7][188]=444.239
dp[8][188]=573.536
dp[9][188]=705.713
dp[10][188]=846.106
dp[11][188]=987.34
dp[12][188]=1135.32
dp[13][188]=1286.02
Select best dp
Best k=2
Stratifying 2-th numerical feature ...
dp[2][188]=52.3526
dp[3][188]=12.8992
dp[4][188]=47.2862
dp[5][188]=117.031
dp[6][188]=209.031
dp[7][188]=318.736
dp[8][188]=431.985
dp[9][188]=557.926
dp[10][188]=688.781
dp[11][188]=826.961
dp[12][188]=976.01
dp[13][188]=1165.28
Select best dp
Best k=3
Stratifying 3-th numerical feature ...
dp[2][188]=149.573
dp[3][188]=165.915
dp[4][188]=224.066
dp[5][188]=324.201
dp[6][188]=426.756
dp[7][188]=547.498
dp[8][188]=669.234
dp[9][188]=802.705
dp[10][188]=939.894
dp[11][188]=1084.52
dp[12][188]=1238.76
dp[13][188]=1425.17
Select best dp
Best k=2
Stratifying 3-th numerical feature ...
dp[2][188]=90.6386
dp[3][188]=117.5
dp[4][188]=179.875
dp[5][188]=264.838
dp[6][188]=365.809
dp[7][188]=491.935
dp[8][188]=636.227
dp[9][188]=787.174
Select best dp
Best k=2
Stratifying 2-th numerical feature ...
dp[2][188]=149.573
dp[3][188]=165.915
dp[4][188]=224.066
dp[5][188]=324.201
dp[6][188]=426.756
dp[7][188]=547.498
dp[8][188]=669.234
dp[9][188]=802.705
dp[10][188]=939.894
dp[11][188]=1084.52
dp[12][188]=1238.76
dp[13][188]=1425.17
Select best dp
Best k=2
Stratifying 3-th numerical feature ...
dp[2][188]=228.78
dp[3][188]=333.942
dp[4][188]=456.86
dp[5][188]=591.072
dp[6][188]=733.288
dp[7][188]=887.631
dp[8][188]=1047.25
dp[9][188]=1209.82
dp[10][188]=1372.25
dp[11][188]=1538.42
dp[12][188]=1706.22
dp[13][188]=1876.61
Select best dp
Best k=2
Stratifying 2-th numerical feature ...
dp[2][188]=-185.645
dp[3][188]=-315.383
dp[4][188]=-374.095
dp[5][188]=-387.629
dp[6][188]=-369.148
dp[7][188]=-302.159
dp[8][188]=-214.065
dp[9][188]=-114.183
dp[10][188]=-14.84
dp[11][188]=99.4454
dp[12][188]=220.295
dp[13][188]=351.463
Select best dp
Best k=5
dp[2][188]=90.6386
dp[3][188]=117.5
dp[4][188]=179.875
dp[5][188]=264.838
dp[6][188]=365.809
dp[7][188]=491.034
dp[8][188]=626.812
dp[9][188]=768.484
dp[10][188]=909.886
dp[11][188]=1058.76
dp[12][188]=1210.91
dp[13][188]=1368.23
Select best dp
Best k=2
dp[2][188]=366.922
dp[3][188]=550.383
dp[4][188]=733.845
dp[5][188]=917.306
dp[6][188]=1100.77
dp[7][188]=1284.23
dp[8][188]=1467.69
dp[9][188]=1651.15
dp[10][188]=1834.61
dp[11][188]=2018.07
dp[12][188]=2201.53
dp[13][188]=2384.99
Select best dp
Best k=2
Stratifying 2-th numerical feature ...
Stratifying 2-th numerical feature ...
Stratifying 2-th numerical feature ...
dp[2][188]=90.6386
dp[3][188]=117.5
dp[4][188]=179.875
dp[5][188]=264.838
dp[6][188]=365.809
dp[7][188]=491.034
dp[8][188]=626.812
dp[9][188]=768.484
dp[10][188]=909.886
dp[11][188]=1058.76
dp[12][188]=1210.91
dp[13][188]=1368.23
Select best dp
Best k=2
Stratifying 2-th numerical feature ...
dp[2][188]=90.6386
dp[3][188]=117.5
dp[4][188]=179.875
dp[5][188]=264.838
dp[6][188]=365.809
dp[7][188]=491.034
dp[8][188]=626.812
dp[9][188]=768.484
dp[10][188]=909.886
dp[11][188]=1058.76
dp[12][188]=1210.91
dp[13][188]=1368.23
Select best dp
Best k=2
Stratifying 2-th numerical feature ...
dp[2][188]=149.573
dp[3][188]=165.915
dp[4][188]=224.066
dp[5][188]=324.201
dp[6][188]=426.756
dp[7][188]=547.498
dp[8][188]=669.234
dp[9][188]=802.705
dp[10][188]=939.894
dp[11][188]=1083.66
dp[12][188]=1231.11
dp[13][188]=1386.67
Select best dp
Best k=2
Stratifying 3-th numerical feature ...
dp[2][188]=60.7325
dp[3][188]=27.9635
dp[4][188]=59.4256
dp[5][188]=133.126
dp[6][188]=225.638
dp[7][188]=335.592
dp[8][188]=446.656
dp[2][188]=149.573
dp[9][188]=570.689
dp[3][188]=-5e+10
dp[10][188]=700.937
dp[4][188]=-5e+10
dp[11][188]=835.582
dp[5][188]=-5e+10
dp[12][188]=986.813
dp[6][188]=-5e+10
dp[13][188]=1172.65
dp[7][188]=-5e+10
Select best dp
dp[8][188]=-5e+10
Best k=3
dp[9][188]=-5e+10
dp[10][188]=-5e+10
dp[11][188]=-5e+10
dp[12][188]=-5e+10
dp[13][188]=-5e+10
Select best dp
Best k=3
Stratifying 3-th numerical feature ...
Stratifying 3-th numerical feature ...
dp[2][188]=-277.394
dp[3][188]=-394.115
dp[4][188]=-358.464
dp[5][188]=-299.725
dp[6][188]=-223.068
dp[7][188]=-146.527
dp[8][188]=-59.5344
dp[9][188]=54.6177
dp[10][188]=180.178
dp[11][188]=316.038
dp[12][188]=477.199
dp[13][188]=656.112
Select best dp
Best k=3
Stratifying 4-th numerical feature ...
dp[2][188]=-129.75
dp[3][188]=-137.641
dp[4][188]=-71.1018
dp[5][188]=-0.930054
dp[6][188]=95.5415
dp[7][188]=206.173
dp[8][188]=332.136
dp[9][188]=465.667
dp[10][188]=601.246
dp[11][188]=739.024
dp[12][188]=896.101
dp[13][188]=1074.29
Select best dp
Best k=3
Stratifying 4-th numerical feature ...
dp[2][188]=90.6386
dp[3][188]=117.5
dp[4][188]=179.875
dp[5][188]=264.838
dp[6][188]=365.809
dp[7][188]=491.034
dp[8][188]=621.2
dp[9][188]=756.977
dp[10][188]=896.296
dp[11][188]=1037.72
dp[12][188]=1184.61
dp[13][188]=1331.72
Select best dp
Best k=2
Stratifying 2-th numerical feature ...
dp[2][188]=-129.75
dp[3][188]=-137.641
dp[4][188]=-71.1018
dp[5][188]=-0.930054
dp[6][188]=95.5415
dp[7][188]=206.173
dp[8][188]=332.136
dp[9][188]=465.667
dp[10][188]=601.246
dp[11][188]=739.024
dp[12][188]=896.101
dp[13][188]=1074.29
Select best dp
Best k=3
Stratifying 4-th numerical feature ...
dp[2][188]=-129.75
dp[3][188]=-137.641
dp[4][188]=-77.2189
dp[5][188]=-7.61549
dp[6][188]=85.8046
dp[7][188]=196.436
dp[8][188]=322.399
dp[9][188]=455.93
dp[10][188]=591.107
dp[11][188]=728.203
dp[12][188]=878.26
dp[13][188]=1028.36
Select best dp
Best k=3
Stratifying 4-th numerical feature ...
dp[2][188]=149.573
dp[3][188]=165.915
dp[4][188]=224.066
dp[5][188]=324.201
dp[6][188]=435.871
dp[7][188]=559.117
dp[8][188]=684.641
dp[9][188]=832.679
Select best dp
Best k=2
Stratifying 3-th numerical feature ...
dp[2][188]=-1622.22
dp[3][188]=-1960.35
dp[4][188]=-1975.34
dp[5][188]=-2032.84
dp[6][188]=-2011.32
dp[7][188]=-1982.38
dp[8][188]=-1904.8
dp[9][188]=-1786.58
dp[10][188]=-1675.91
dp[11][188]=-1535.14
dp[12][188]=-1386.24
dp[13][188]=-1205.69
Select best dp
Best k=5
Stratifying 5-th numerical feature ...
dp[2][188]=-1622.22
dp[3][188]=-1960.35
dp[4][188]=-1975.34
dp[5][188]=-2032.84
dp[6][188]=-2011.32
dp[7][188]=-1982.38
dp[8][188]=-1904.8
dp[9][188]=-1786.58
dp[10][188]=-1675.91
dp[11][188]=-1535.14
dp[12][188]=-1386.24
dp[13][188]=-1205.69
Select best dp
Best k=5
Stratifying 5-th numerical feature ...
dp[2][188]=-1622.22
dp[3][188]=-1960.35
dp[4][188]=-1975.34
dp[5][188]=-2032.84
dp[6][188]=-2011.32
dp[7][188]=-1982.38
dp[8][188]=-1904.8
dp[9][188]=-1786.58
dp[10][188]=-1675.91
dp[11][188]=-1535.14
dp[12][188]=-1386.24
dp[13][188]=-1205.69
Select best dp
Best k=5
Stratifying 5-th numerical feature ...
dp[2][188]=-251.479
dp[3][188]=-291.343
dp[4][188]=-253.59
dp[5][188]=-199.219
dp[6][188]=-105.9
dp[7][188]=-7.93185
dp[8][188]=99.6259
dp[9][188]=220.327
dp[10][188]=348.265
dp[11][188]=482.225
dp[12][188]=639.932
dp[13][188]=819.198
Select best dp
Best k=3
Stratifying 4-th numerical feature ...
dp[2][188]=258.248
dp[2][188]=149.573
dp[3][188]=358.149
dp[3][188]=165.915
dp[4][188]=478.955
dp[4][188]=224.066
dp[5][188]=620.753
dp[5][188]=324.201
dp[6][188]=763.761
dp[6][188]=426.756
dp[7][188]=915.863
dp[7][188]=547.498
dp[8][188]=1068.46
dp[8][188]=669.234
dp[9][188]=1226.93
dp[9][188]=802.705
dp[10][188]=1387.25
dp[10][188]=939.894
dp[11][188]=1551.29
dp[11][188]=1084.52
dp[12][188]=1720.15
dp[12][188]=1238.76
dp[13][188]=1905.08
dp[13][188]=1425.17
Select best dp
Select best dp
Best k=2
Best k=2
dp[2][188]=-5e+10
dp[3][188]=-9e+10
dp[4][188]=-1.5e+11
dp[5][188]=-2e+11
dp[6][188]=-2.4e+11
dp[7][188]=-2.9e+11
dp[8][188]=-3.3e+11
dp[9][188]=-3.8e+11
dp[10][188]=-4.2e+11
dp[11][188]=-4.7e+11
dp[12][188]=-4.9e+11
dp[13][188]=-5.3e+11
Select best dp
Best k=13
Stratifying 3-th numerical feature ...
Stratifying 3-th numerical feature ...
Stratifying 4-th numerical feature ...
dp[2][188]=366.922
dp[3][188]=550.383
dp[4][188]=733.845
dp[5][188]=917.306
dp[6][188]=1100.77
dp[7][188]=1284.23
dp[8][188]=1467.69
dp[9][188]=1651.15
dp[10][188]=1834.61
dp[11][188]=2018.07
dp[12][188]=2201.53
dp[13][188]=2384.99
Select best dp
Best k=2
Stratifying 3-th numerical feature ...
dp[2][188]=-67.7757
dp[3][188]=-218.554
dp[4][188]=-285.712
dp[5][188]=-268.903
dp[6][188]=-247.255
dp[7][188]=-189.232
dp[8][188]=-129.22
dp[9][188]=-45.7395
dp[10][188]=45.1773
dp[11][188]=150.958
dp[12][188]=275.979
dp[13][188]=465.337
Select best dp
Best k=4
Stratifying 3-th numerical feature ...
dp[2][188]=149.573
dp[3][188]=165.915
dp[4][188]=224.066
dp[5][188]=324.201
dp[6][188]=426.756
dp[7][188]=547.498
dp[8][188]=669.234
dp[9][188]=802.705
dp[10][188]=939.894
dp[11][188]=1084.52
dp[12][188]=1238.76
dp[13][188]=1425.17
Select best dp
Best k=2
Stratifying 3-th numerical feature ...
dp[2][188]=149.573
dp[3][188]=165.915
dp[4][188]=224.066
dp[5][188]=324.201
dp[6][188]=426.756
dp[7][188]=547.498
dp[8][188]=669.234
dp[9][188]=802.705
dp[10][188]=939.894
dp[11][188]=1084.52
dp[12][188]=1238.76
dp[13][188]=1425.17
Select best dp
Best k=2
Stratifying 3-th numerical feature ...
dp[2][188]=-1622.22
dp[3][188]=-1964.06
dp[4][188]=-2003.19
dp[5][188]=-2066.92
dp[6][188]=-2054.88
dp[7][188]=-2034.39
dp[8][188]=-1965.64
dp[9][188]=-1848.11
dp[10][188]=-1745.94
dp[11][188]=-1615.6
dp[12][188]=-1479.81
dp[13][188]=-1339.8
Select best dp
Best k=5
Stratifying 5-th numerical feature ...
dp[2][188]=-167.154
dp[3][188]=-223.647
dp[4][188]=-164.331
dp[5][188]=-81.0359
dp[6][188]=26.4236
dp[7][188]=145.34
dp[8][188]=278.428
dp[9][188]=413.376
dp[10][188]=548.43
dp[11][188]=686.895
dp[12][188]=829.19
dp[13][188]=982.479
Select best dp
Best k=3
Stratifying 6-th numerical feature ...
dp[2][188]=-167.154
dp[3][188]=-223.647
dp[4][188]=-164.331
dp[5][188]=-81.0359
dp[6][188]=26.4236
dp[7][188]=145.34
dp[8][188]=278.428
dp[9][188]=413.376
dp[10][188]=548.43
dp[11][188]=686.895
dp[12][188]=829.19
dp[13][188]=982.479
Select best dp
Best k=3
Stratifying 6-th numerical feature ...
dp[2][188]=-667.899
dp[3][188]=-826.68
dp[4][188]=-801.44
dp[5][188]=-752.276
dp[6][188]=-658.971
dp[7][188]=-547
dp[8][188]=-432.463
dp[9][188]=-310.398
dp[10][188]=-175.979
dp[11][188]=-41.3143
dp[12][188]=93.6844
dp[13][188]=247.492
Select best dp
Best k=3
Stratifying 6-th numerical feature ...
dp[2][188]=-1304.35
dp[3][188]=-1519.79
dp[4][188]=-1542.1
dp[5][188]=-1516.19
dp[6][188]=-1472.64
dp[7][188]=-1401.91
dp[8][188]=-1306.94
dp[9][188]=-1187.8
dp[10][188]=-1062.31
dp[11][188]=-921.871
dp[12][188]=-781.33
dp[13][188]=-616.252
Select best dp
Best k=4
Stratifying 5-th numerical feature ...
dp[2][188]=-129.75
dp[3][188]=-137.641
dp[4][188]=-71.1018
dp[5][188]=13.0257
dp[6][188]=119.767
dp[7][188]=230.398
dp[8][188]=368.135
dp[9][188]=524.249
Select best dp
Best k=3
Stratifying 4-th numerical feature ...
dp[2][188]=-5e+10
dp[3][188]=-5e+10
dp[4][188]=-5e+10
dp[5][188]=-5e+10
dp[6][188]=-5e+10
dp[7][188]=-5e+10
dp[8][188]=-5e+10
dp[9][188]=-5e+10
dp[10][188]=-5e+10
dp[11][188]=-5e+10
dp[12][188]=-5e+10
dp[13][188]=-5e+10
Select best dp
Best k=6
Stratifying 5-th numerical feature ...
dp[2][188]=149.573
dp[3][188]=165.915
dp[4][188]=224.066
dp[5][188]=324.201
dp[6][188]=426.756
dp[7][188]=547.498
dp[8][188]=669.234
dp[9][188]=802.705
dp[10][188]=939.894
dp[11][188]=1083.66
dp[12][188]=1231.06
dp[13][188]=1380.36
Select best dp
Best k=2
Stratifying 3-th numerical feature ...
dp[2][188]=-167.154
dp[3][188]=-223.647
dp[4][188]=-164.331
dp[5][188]=-81.0359
dp[6][188]=26.4236
dp[7][188]=145.34
dp[8][188]=274.26
dp[9][188]=404.904
dp[10][188]=537.358
dp[11][188]=675.503
dp[12][188]=815.945
dp[13][188]=961.561
Select best dp
Best k=3
Stratifying 6-th numerical feature ...
dp[2][188]=-2207.33
dp[3][188]=-2393.18
dp[4][188]=-2401.44
dp[5][188]=-2354.91
dp[6][188]=-2274.56
dp[7][188]=-2175.14
dp[8][188]=-2070.63
dp[9][188]=-1958.55
dp[10][188]=-1834.21
dp[11][188]=-1690.85
dp[12][188]=-1539.08
dp[13][188]=-1375.47
Select best dp
Best k=4
Stratifying 7-th numerical feature ...
dp[2][188]=-2207.33
dp[3][188]=-2393.18
dp[4][188]=-2401.44
dp[5][188]=-2354.91
dp[6][188]=-2274.56
dp[7][188]=-2175.14
dp[8][188]=-2070.63
dp[9][188]=-1958.55
dp[10][188]=-1834.21
dp[11][188]=-1690.85
dp[12][188]=-1539.08
dp[13][188]=-1375.47
Select best dp
Best k=4
Stratifying 7-th numerical feature ...
dp[2][188]=-2039.77
dp[3][188]=-2240.04
dp[4][188]=-2250.06
dp[5][188]=-2198.68
dp[6][188]=-2119.56
dp[7][188]=-2018.78
dp[8][188]=-1910.14
dp[9][188]=-1799.32
dp[10][188]=-1678.18
dp[11][188]=-1538.09
dp[12][188]=-1387.1
dp[13][188]=-1223.78
Select best dp
Best k=4
Stratifying 7-th numerical feature ...
dp[2][188]=118.586
dp[3][188]=206.371
dp[4][188]=331.371
dp[5][188]=458.188
dp[6][188]=598.154
dp[7][188]=745.2
dp[8][188]=899.913
dp[9][188]=1058.41
dp[10][188]=1217.93
dp[11][188]=1378.55
dp[12][188]=1548.82
dp[13][188]=1729.64
Select best dp
Best k=2
dp[2][188]=366.922
dp[3][188]=550.383
dp[4][188]=733.845
dp[5][188]=917.306
dp[6][188]=1100.77
dp[7][188]=1284.23
dp[8][188]=1467.69
dp[9][188]=1651.15
dp[10][188]=1834.61
dp[11][188]=2018.07
dp[12][188]=2201.53
dp[13][188]=2384.99
Select best dp
Best k=2
Stratifying 4-th numerical feature ...
Stratifying 4-th numerical feature ...
dp[2][188]=-129.75
dp[3][188]=-137.641
dp[4][188]=-71.1018
dp[5][188]=-0.930054
dp[6][188]=95.5415
dp[7][188]=206.173
dp[8][188]=332.136
dp[9][188]=465.667
dp[10][188]=601.246
dp[11][188]=739.024
dp[12][188]=896.101
dp[13][188]=1074.29
Select best dp
Best k=3
Stratifying 4-th numerical feature ...
dp[2][188]=-626.423
dp[3][188]=-825.665
dp[4][188]=-876.048
dp[5][188]=-919.166
dp[6][188]=-909.684
dp[7][188]=-871.883
dp[8][188]=-803.417
dp[9][188]=-719.817
dp[10][188]=-632.119
dp[11][188]=-540.024
dp[12][188]=-409.331
dp[13][188]=-236.423
Select best dp
Best k=5
dp[2][188]=-129.75
dp[3][188]=-137.641
dp[4][188]=-71.1018
dp[5][188]=-0.930054
dp[6][188]=95.5415
dp[7][188]=206.173
dp[8][188]=332.136
dp[9][188]=465.667
dp[10][188]=601.246
dp[11][188]=739.024
dp[12][188]=896.101
dp[13][188]=1074.29
Select best dp
Best k=3
Stratifying 4-th numerical feature ...
Stratifying 4-th numerical feature ...
dp[2][188]=-129.75
dp[3][188]=-137.641
dp[4][188]=-71.1018
dp[5][188]=-0.930054
dp[6][188]=95.5415
dp[7][188]=206.173
dp[8][188]=332.136
dp[9][188]=465.667
dp[10][188]=601.246
dp[11][188]=739.024
dp[12][188]=896.101
dp[13][188]=1074.29
Select best dp
Best k=3
Stratifying 4-th numerical feature ...
dp[2][188]=-420.825
dp[3][188]=-520.828
dp[4][188]=-478.683
dp[5][188]=-418.847
dp[6][188]=-313.435
dp[7][188]=-199.902
dp[8][188]=-84.6317
dp[9][188]=41.729
dp[10][188]=173.193
dp[11][188]=306.652
dp[12][188]=444.174
dp[13][188]=595.725
Select best dp
Best k=3
Stratifying 6-th numerical feature ...
dp[2][188]=-330.791
dp[3][188]=-527.756
dp[4][188]=-703.886
dp[5][188]=-685.777
dp[6][188]=-641.071
dp[7][188]=-565.989
dp[8][188]=-471.873
dp[9][188]=-372.206
dp[10][188]=-253.975
dp[11][188]=-134.518
dp[12][188]=12.5268
dp[13][188]=181.456
Select best dp
Best k=4
Stratifying 8-th numerical feature ...
dp[2][188]=-5e+10
dp[3][188]=-8e+10
dp[4][188]=-1.5e+11
dp[5][188]=-2e+11
dp[6][188]=-2.7e+11
dp[7][188]=-3.2e+11
dp[8][188]=-3.4e+11
dp[9][188]=-3.9e+11
dp[10][188]=-4.4e+11
dp[11][188]=-4.5e+11
dp[12][188]=-5e+11
dp[13][188]=-5.1e+11
Select best dp
Best k=13
Stratifying 6-th numerical feature ...
dp[2][188]=-268.479
dp[3][188]=-412.461
dp[4][188]=-547.57
dp[5][188]=-509.956
dp[6][188]=-445.704
dp[7][188]=-358.823
dp[8][188]=-259.942
dp[9][188]=-155.025
dp[10][188]=-33.9725
dp[11][188]=90.5161
dp[12][188]=236.187
dp[13][188]=406.201
Select best dp
Best k=4
Stratifying 8-th numerical feature ...
dp[2][188]=-255.776
dp[3][188]=-391.426
dp[4][188]=-514.682
dp[5][188]=-473.206
dp[6][188]=-403.35
dp[7][188]=-314.744
dp[8][188]=-214.173
dp[9][188]=-106.322
dp[10][188]=15.5877
dp[11][188]=141.382
dp[12][188]=288.044
dp[13][188]=458.413
Select best dp
Best k=4
Stratifying 8-th numerical feature ...
dp[2][188]=-2207.33
dp[3][188]=-2393.18
dp[4][188]=-2401.44
dp[5][188]=-2354.91
dp[6][188]=-2286.84
dp[7][188]=-2197.99
dp[8][188]=-2093.48
dp[9][188]=-1987.23
dp[10][188]=-1875.15
dp[11][188]=-1740.55
dp[12][188]=-1604.81
dp[13][188]=-1464.84
Select best dp
Best k=4
Stratifying 7-th numerical feature ...
dp[2][188]=-1622.22
dp[3][188]=-1960.35
dp[4][188]=-1975.34
dp[5][188]=-2018.97
dp[6][188]=-1985.71
dp[7][188]=-1887.54
dp[8][188]=-1783.16
dp[9][188]=-1653.86
Select best dp
Best k=5
Stratifying 5-th numerical feature ...
dp[2][188]=-332.285
dp[3][188]=-524.069
dp[4][188]=-664.796
dp[5][188]=-692.359
dp[6][188]=-645.298
dp[7][188]=-564.042
dp[8][188]=-463.637
dp[9][188]=-360.816
dp[10][188]=-246.287
dp[11][188]=-114.052
dp[12][188]=31.7903
dp[13][188]=209.981
Select best dp
Best k=5
Stratifying 9-th numerical feature ...
dp[2][188]=-270.498
dp[3][188]=-409.924
dp[4][188]=-508.951
dp[5][188]=-524.369
dp[6][188]=-458.633
dp[7][188]=-370.341
dp[8][188]=-265.388
dp[9][188]=-153.305
dp[10][188]=-35.9398
dp[11][188]=88.3567
dp[12][188]=232.194
dp[13][188]=410.189
Select best dp
Best k=5
Stratifying 9-th numerical feature ...
dp[2][188]=-247.858
dp[3][188]=-374.496
dp[4][188]=-463.727
dp[5][188]=-467.878
dp[6][188]=-395.704
dp[7][188]=-305.874
dp[8][188]=-200.86
dp[9][188]=-86.1871
dp[10][188]=30.4955
dp[11][188]=153.581
dp[12][188]=299.216
dp[13][188]=477.741
Select best dp
Best k=5
Stratifying 9-th numerical feature ...
dp[2][188]=-1714.86
dp[3][188]=-1875.64
dp[4][188]=-1879.21
dp[5][188]=-1812.6
dp[6][188]=-1735.86
dp[7][188]=-1630.53
dp[8][188]=-1518.62
dp[9][188]=-1404.87
dp[10][188]=-1282.77
dp[11][188]=-1143.73
dp[12][188]=-991.08
dp[13][188]=-823.188
Select best dp
Best k=4
Stratifying 7-th numerical feature ...
dp[2][188]=-977.078
dp[3][188]=-1202.55
dp[4][188]=-1173.71
dp[5][188]=-1168.36
dp[6][188]=-1092.93
dp[7][188]=-1003.9
dp[8][188]=-894.729
dp[9][188]=-746.185
dp[10][188]=-619.845
dp[11][188]=-462.236
dp[12][188]=-288.366
dp[13][188]=-88.953
Select best dp
Best k=3
Stratifying 5-th numerical feature ...
dp[2][188]=-268.479
dp[3][188]=-412.461
dp[4][188]=-547.57
dp[5][188]=-509.956
dp[6][188]=-445.704
dp[7][188]=-358.823
dp[8][188]=-263.167
dp[9][188]=-164.664
dp[10][188]=-55.0742
dp[11][188]=63.0205
dp[12][188]=182.902
dp[13][188]=324.646
Select best dp
Best k=4
Stratifying 8-th numerical feature ...
dp[2][188]=-331.939
dp[3][188]=-444.746
dp[4][188]=-377.07
dp[5][188]=-303.933
dp[6][188]=-175.821
dp[7][188]=-26.7157
dp[8][188]=111.897
dp[9][188]=286.815
dp[10][188]=433.848
dp[11][188]=608.455
dp[12][188]=805.657
dp[13][188]=1024.22
Select best dp
Best k=3
Stratifying 5-th numerical feature ...
dp[2][188]=-1622.22
dp[3][188]=-1960.35
dp[4][188]=-1975.34
dp[5][188]=-2032.84
dp[6][188]=-2011.32
dp[7][188]=-1982.38
dp[8][188]=-1904.8
dp[9][188]=-1786.58
dp[10][188]=-1675.91
dp[11][188]=-1535.14
dp[12][188]=-1386.24
dp[13][188]=-1205.69
Select best dp
Best k=5
Stratifying 5-th numerical feature ...
dp[2][188]=-5e+10
dp[3][188]=-5e+10
dp[4][188]=-5e+10
dp[5][188]=-5e+10
dp[6][188]=-5e+10
dp[7][188]=-5e+10
dp[8][188]=-5e+10
dp[9][188]=-5e+10
dp[10][188]=-5e+10
dp[11][188]=-5e+10
dp[12][188]=-5e+10
dp[13][188]=-5e+10
Select best dp
Best k=5
Stratifying 7-th numerical feature ...
dp[2][188]=-2912.49
dp[3][188]=-3475.96
dp[4][188]=-3682.99
dp[5][188]=-3812.89
dp[6][188]=-3901.19
dp[7][188]=-3939.33
dp[8][188]=-3924.95
dp[9][188]=-3868.88
dp[10][188]=-3790.69
dp[11][188]=-3688.81
dp[12][188]=-3586.65
dp[13][188]=-3441.2
Select best dp
Best k=7
Stratifying 5-th numerical feature ...
dp[2][188]=-1622.22
dp[3][188]=-1960.35
dp[4][188]=-1975.34
dp[5][188]=-2032.84
dp[6][188]=-2011.32
dp[7][188]=-1982.38
dp[8][188]=-1904.8
dp[9][188]=-1786.58
dp[10][188]=-1675.91
dp[11][188]=-1535.14
dp[12][188]=-1386.24
dp[13][188]=-1205.69
Select best dp
Best k=5
dp[2][188]=-936.645
dp[3][188]=-996.037
dp[4][188]=-981.352
dp[5][188]=-913.283
dp[6][188]=-817.42
dp[7][188]=-703.218
dp[8][188]=-585.021
dp[9][188]=-451.498
dp[10][188]=-314.32
dp[11][188]=-175.365
dp[12][188]=-22.3566
dp[13][188]=138.109
Select best dp
Best k=3
Stratifying 5-th numerical feature ...
Stratifying 5-th numerical feature ...
dp[2][188]=-129.75
dp[3][188]=-9e+10
dp[4][188]=-1.5e+11
dp[5][188]=-1.8e+11
dp[6][188]=-2.4e+11
dp[7][188]=-2.6e+11
dp[8][188]=-3.2e+11
dp[9][188]=-3.2e+11
dp[10][188]=-3.8e+11
dp[11][188]=-3.8e+11
dp[12][188]=-4.4e+11
dp[13][188]=-4.4e+11
Select best dp
Best k=12
Stratifying 4-th numerical feature ...
dp[2][188]=-326.844
dp[3][188]=-529.886
dp[4][188]=-666.65
dp[5][188]=-623.629
dp[6][188]=-576.642
dp[7][188]=-522.473
dp[8][188]=-437.089
dp[9][188]=-325.758
dp[10][188]=-185.65
dp[11][188]=-44.247
dp[12][188]=110.369
dp[13][188]=267.239
Select best dp
Best k=4
Stratifying 10-th numerical feature ...
dp[2][188]=-265.626
dp[3][188]=-417.299
dp[4][188]=-515.421
dp[5][188]=-455.284
dp[6][188]=-397.35
dp[7][188]=-332.321
dp[8][188]=-238.209
dp[9][188]=-120.52
dp[10][188]=19.4804
dp[11][188]=161.169
dp[12][188]=315.613
dp[13][188]=471.632
Select best dp
Best k=4
Stratifying 10-th numerical feature ...
dp[2][188]=-253.065
dp[3][188]=-396.879
dp[4][188]=-483.174
dp[5][188]=-418.482
dp[6][188]=-360.822
dp[7][188]=-289.671
dp[8][188]=-192.592
dp[9][188]=-74.9258
dp[10][188]=65.8
dp[11][188]=207.502
dp[12][188]=362.918
dp[13][188]=519.639
Select best dp
Best k=4
Stratifying 10-th numerical feature ...
dp[2][188]=-167.154
dp[3][188]=-223.647
dp[4][188]=-164.331
dp[5][188]=-81.0359
dp[6][188]=26.4236
dp[7][188]=145.34
dp[8][188]=281.229
dp[9][188]=432.005
Select best dp
Best k=3
Stratifying 6-th numerical feature ...
dp[2][188]=-1e+11
dp[3][188]=-1e+11
dp[4][188]=-1e+11
dp[5][188]=-1e+11
dp[6][188]=-1e+11
dp[7][188]=-1e+11
dp[8][188]=-1e+11
dp[9][188]=-1e+11
dp[10][188]=-1e+11
dp[11][188]=-1e+11
dp[12][188]=-1e+11
dp[13][188]=-1e+11
Select best dp
Best k=5
Stratifying 9-th numerical feature ...
dp[2][188]=-234.605
dp[3][188]=-366.307
dp[4][188]=-481.576
dp[5][188]=-436.542
dp[6][188]=-364.819
dp[7][188]=-274.647
dp[8][188]=-172.103
dp[9][188]=-61.7987
dp[10][188]=60.4934
dp[11][188]=186.449
dp[12][188]=337.933
dp[13][188]=507.157
Select best dp
Best k=4
Stratifying 8-th numerical feature ...
dp[2][188]=-5e+10
dp[3][188]=-5e+10
dp[4][188]=-5e+10
dp[5][188]=-5e+10
dp[6][188]=-5e+10
dp[7][188]=-5e+10
dp[8][188]=-5e+10
dp[9][188]=-5e+10
dp[10][188]=-5e+10
dp[11][188]=-5e+10
dp[12][188]=-5e+10
dp[13][188]=-5e+10
Select best dp
Best k=5
Stratifying 8-th numerical feature ...
dp[2][188]=-307.865
dp[3][188]=-509.712
dp[4][188]=-707.743
dp[5][188]=-683.919
dp[6][188]=-636.299
dp[7][188]=-535.599
dp[8][188]=-435.781
dp[9][188]=-332.519
dp[10][188]=-229.918
dp[11][188]=-96.4875
dp[12][188]=41.9283
dp[13][188]=226.863
Select best dp
Best k=4
Stratifying 11-th numerical feature ...
dp[2][188]=-240.925
dp[3][188]=-407.924
dp[4][188]=-555.763
dp[5][188]=-511.502
dp[6][188]=-446.751
dp[7][188]=-342.178
dp[8][188]=-240.081
dp[9][188]=-133.566
dp[10][188]=-21.5624
dp[11][188]=114.422
dp[12][188]=253.8
dp[13][188]=436.607
Select best dp
Best k=4
Stratifying 11-th numerical feature ...
dp[2][188]=-226.653
dp[3][188]=-384.491
dp[4][188]=-524.239
dp[5][188]=-476.432
dp[6][188]=-406.701
dp[7][188]=-300.957
dp[8][188]=-197.092
dp[9][188]=-89.8528
dp[10][188]=24.5353
dp[11][188]=161.05
dp[12][188]=300.642
dp[13][188]=483.373
Select best dp
Best k=4
Stratifying 11-th numerical feature ...
dp[2][188]=99.8842
dp[3][188]=163.368
dp[4][188]=284.757
dp[5][188]=418.135
dp[6][188]=563.595
dp[7][188]=714.784
dp[8][188]=873.058
dp[9][188]=1032.26
dp[10][188]=1191.52
dp[11][188]=1352.48
dp[12][188]=1515.36
dp[13][188]=1683.74
Select best dp
Best k=2
Stratifying 6-th numerical feature ...
dp[2][188]=366.922
dp[3][188]=550.383
dp[4][188]=733.845
dp[5][188]=917.306
dp[6][188]=1100.77
dp[7][188]=1284.23
dp[8][188]=1467.69
dp[9][188]=1651.15
dp[10][188]=1834.61
dp[11][188]=2018.07
dp[12][188]=2201.53
dp[13][188]=2384.99
Select best dp
Best k=2
Stratifying 6-th numerical feature ...
dp[2][188]=-167.154
dp[3][188]=-223.647
dp[4][188]=-164.331
dp[5][188]=-81.0359
dp[6][188]=26.4236
dp[7][188]=145.34
dp[8][188]=278.428
dp[9][188]=413.376
dp[10][188]=548.43
dp[11][188]=686.895
dp[12][188]=829.19
dp[13][188]=982.479
Select best dp
Best k=3
Stratifying 6-th numerical feature ...
dp[2][188]=-167.154
dp[3][188]=-223.647
dp[4][188]=-164.331
dp[5][188]=-81.0359
dp[6][188]=26.4236
dp[7][188]=145.34
dp[8][188]=278.428
dp[9][188]=413.376
dp[10][188]=548.43
dp[11][188]=686.895
dp[12][188]=829.19
dp[13][188]=982.479
Select best dp
Best k=3
dp[2][188]=-701.23
dp[3][188]=-997.677
dp[4][188]=-1062.51
dp[5][188]=-1079.38
dp[6][188]=-1047.92
dp[7][188]=-993.548
dp[8][188]=-910.834
dp[9][188]=-824.398
dp[10][188]=-737.75
dp[11][188]=-644.282
dp[12][188]=-543.154
dp[13][188]=-420.036
Select best dp
Best k=5
Stratifying 6-th numerical feature ...
Stratifying 6-th numerical feature ...
dp[2][188]=-167.154
dp[3][188]=-223.647
dp[4][188]=-164.331
dp[5][188]=-81.0359
dp[6][188]=26.4236
dp[7][188]=145.34
dp[8][188]=278.428
dp[9][188]=413.376
dp[10][188]=548.43
dp[11][188]=686.895
dp[12][188]=829.19
dp[13][188]=982.479
Select best dp
Best k=3
Stratifying 6-th numerical feature ...
dp[2][188]=-265.626
dp[3][188]=-417.299
dp[4][188]=-515.421
dp[5][188]=-455.284
dp[6][188]=-397.35
dp[7][188]=-332.321
dp[8][188]=-238.209
dp[9][188]=-138.335
dp[10][188]=-20.6465
dp[11][188]=114.181
dp[12][188]=251.507
dp[13][188]=393.195
Select best dp
Best k=4
Stratifying 10-th numerical feature ...
dp[2][188]=-237.656
dp[3][188]=-363.503
dp[4][188]=-450.194
dp[5][188]=-451.402
dp[6][188]=-378.091
dp[7][188]=-287.936
dp[8][188]=-183.155
dp[9][188]=-67.5803
dp[10][188]=49.4433
dp[11][188]=172.944
dp[12][188]=318.682
dp[13][188]=496.595
Select best dp
Best k=5
Stratifying 9-th numerical feature ...
dp[2][188]=-2199.45
dp[3][188]=-2375.48
dp[4][188]=-2381.29
dp[5][188]=-2334.76
dp[6][188]=-2247.37
dp[7][188]=-2135.94
dp[8][188]=-2023.51
dp[9][188]=-1900.95
Select best dp
Best k=4
Stratifying 7-th numerical feature ...
dp[2][188]=150.298
dp[3][188]=173.051
dp[4][188]=231.767
dp[5][188]=321.772
dp[6][188]=419.235
dp[7][188]=520.378
dp[8][188]=647.947
dp[9][188]=778.279
dp[10][188]=918.254
dp[11][188]=1063.96
dp[12][188]=1226.62
dp[13][188]=1405.29
Select best dp
Best k=2
Stratifying 12-th numerical feature ...
dp[2][188]=-82.6099
dp[3][188]=-112.68
dp[4][188]=-97.2001
dp[5][188]=-28.8765
dp[6][188]=54.8835
dp[7][188]=142.756
dp[8][188]=265.443
dp[9][188]=393.497
dp[10][188]=529.311
dp[11][188]=667.699
dp[12][188]=830.107
dp[13][188]=1027.03
Select best dp
Best k=3
Stratifying 12-th numerical feature ...
dp[2][188]=-25.752
dp[3][188]=-45.3208
dp[4][188]=-20.7872
dp[5][188]=43.1422
dp[6][188]=126.855
dp[7][188]=215.289
dp[8][188]=331.622
dp[9][188]=460.337
dp[10][188]=592.404
dp[11][188]=730.67
dp[12][188]=888.789
dp[13][188]=1086.37
Select best dp
Best k=3
Stratifying 12-th numerical feature ...
dp[2][188]=-1e+11
dp[3][188]=-1e+11
dp[4][188]=-1e+11
dp[5][188]=-1e+11
dp[6][188]=-1e+11
dp[7][188]=-1e+11
dp[8][188]=-1e+11
dp[9][188]=-1e+11
dp[10][188]=-1e+11
dp[11][188]=-1e+11
dp[12][188]=-1e+11
dp[13][188]=-1e+11
Select best dp
Best k=5
Stratifying 9-th numerical feature ...
dp[2][188]=-1622.22
dp[3][188]=-1964.06
dp[4][188]=-2005.66
dp[5][188]=-2072.01
dp[6][188]=-2059.97
dp[7][188]=-2039.48
dp[8][188]=-1970.74
dp[9][188]=-1853.2
dp[10][188]=-1751.03
dp[11][188]=-1630.28
dp[12][188]=-1501.76
dp[13][188]=-1365.01
Select best dp
Best k=5
Stratifying 5-th numerical feature ...
dp[2][188]=-240.925
dp[3][188]=-407.924
dp[4][188]=-555.763
dp[5][188]=-518.019
dp[6][188]=-453.268
dp[7][188]=-360.456
dp[8][188]=-258.359
dp[9][188]=-151.844
dp[10][188]=-44.7994
dp[11][188]=68.2902
dp[12][188]=202.938
dp[13][188]=351.585
Select best dp
Best k=4
Stratifying 11-th numerical feature ...
dp[2][188]=115.035
dp[3][188]=151.325
dp[4][188]=217.527
dp[5][188]=312.913
dp[6][188]=413.401
dp[7][188]=526.685
dp[8][188]=646.106
dp[9][188]=785.358
dp[10][188]=929.162
dp[11][188]=1079.57
dp[12][188]=1237.92
dp[13][188]=1413.42
Select best dp
Best k=2
Stratifying 13-th numerical feature ...
dp[2][188]=-139.463
dp[3][188]=-134.028
dp[4][188]=-100.264
dp[5][188]=-54.0034
dp[6][188]=0.891709
dp[7][188]=100.295
dp[8][188]=207.529
dp[9][188]=343.28
dp[10][188]=485.031
dp[11][188]=637.969
dp[12][188]=810.631
dp[13][188]=988.477
Select best dp
Best k=2
Stratifying 13-th numerical feature ...
dp[2][188]=-121.056
dp[3][188]=-117.552
dp[4][188]=-88.0976
dp[5][188]=-38.9461
dp[6][188]=17.9913
dp[7][188]=116.856
dp[8][188]=223.92
dp[9][188]=360.459
dp[10][188]=502.299
dp[11][188]=652.15
dp[12][188]=821.004
dp[13][188]=997.085
Select best dp
Best k=2
Stratifying 13-th numerical feature ...
dp[2][188]=-232.29
dp[3][188]=-371.335
dp[4][188]=-450.541
dp[5][188]=-386.577
dp[6][188]=-325.511
dp[7][188]=-251.679
dp[8][188]=-152.431
dp[9][188]=-34.2725
dp[10][188]=105.911
dp[11][188]=247.493
dp[12][188]=403.546
dp[13][188]=561.134
Select best dp
Best k=4
Stratifying 10-th numerical feature ...
dp[2][188]=-1438.67
dp[3][188]=-1494.81
dp[4][188]=-1437.46
dp[5][188]=-1344.2
dp[6][188]=-1230.35
dp[7][188]=-1091.78
dp[8][188]=-948.269
dp[9][188]=-803.896
dp[10][188]=-646.841
dp[11][188]=-484.413
dp[12][188]=-318.648
dp[13][188]=-144.131
Select best dp
Best k=3
Stratifying 7-th numerical feature ...
dp[2][188]=-673.987
dp[3][188]=-596.447
dp[4][188]=-486.611
dp[5][188]=-342.839
dp[6][188]=-187.641
dp[7][188]=-13.5187
dp[8][188]=161.044
dp[9][188]=341.894
dp[10][188]=523.393
dp[11][188]=706.429
dp[12][188]=893.957
dp[13][188]=1081.49
Select best dp
Best k=2
Stratifying 7-th numerical feature ...
dp[2][188]=-2207.33
dp[3][188]=-2393.18
dp[4][188]=-2401.44
dp[5][188]=-2354.91
dp[6][188]=-2274.56
dp[7][188]=-2175.14
dp[8][188]=-2070.63
dp[9][188]=-1958.55
dp[10][188]=-1834.21
dp[11][188]=-1690.85
dp[12][188]=-1539.08
dp[13][188]=-1375.47
Select best dp
Best k=4
Stratifying 7-th numerical feature ...
dp[2][188]=-2207.33
dp[3][188]=-2393.18
dp[4][188]=-2401.44
dp[5][188]=-2354.91
dp[6][188]=-2274.56
dp[7][188]=-2175.14
dp[8][188]=-2070.63
dp[9][188]=-1958.55
dp[10][188]=-1834.21
dp[11][188]=-1690.85
dp[12][188]=-1539.08
dp[13][188]=-1375.47
Select best dp
Best k=4
dp[2][188]=-3747.17
Stratifying 7-th numerical feature ...
dp[3][188]=-4191.4
dp[4][188]=-4363.01
dp[5][188]=-4396.96
dp[6][188]=-4405.08
dp[7][188]=-4370.56
dp[8][188]=-4326.54
dp[9][188]=-4278.08
dp[10][188]=-4215.64
dp[11][188]=-4117.32
dp[12][188]=-3990.45
dp[13][188]=-3838.16
Select best dp
Best k=6
dp[2][188]=-1188.62
dp[3][188]=-1261.72
dp[4][188]=-1238.06
dp[5][188]=-1158.45
dp[6][188]=-1055.76
dp[7][188]=-946.514
dp[8][188]=-822.391
dp[9][188]=-693.816
dp[10][188]=-559.177
dp[11][188]=-415.762
dp[12][188]=-257.195
dp[13][188]=-85.6335
Select best dp
Best k=3
dp[2][188]=-5e+10
dp[3][188]=-5e+10
dp[4][188]=-5e+10
dp[5][188]=-5e+10
dp[6][188]=-5e+10
Stratifying 7-th numerical feature ...
dp[7][188]=-5e+10
dp[8][188]=-5e+10
dp[9][188]=-5e+10
dp[10][188]=-5e+10
dp[11][188]=-5e+10
dp[12][188]=-5e+10
dp[13][188]=-5e+10
Select best dp
Best k=5
Stratifying 7-th numerical feature ...
Stratifying 10-th numerical feature ...
dp[2][188]=-282.435
dp[3][188]=-438.94
dp[4][188]=-581.574
dp[5][188]=-546.453
dp[6][188]=-485.771
dp[7][188]=-400.545
dp[8][188]=-262.576
dp[9][188]=-104.523
Select best dp
Best k=4
Stratifying 8-th numerical feature ...
dp[2][188]=147.66
dp[3][188]=130.282
dp[4][188]=190.879
dp[5][188]=266.35
dp[6][188]=374.573
dp[7][188]=498.394
dp[8][188]=629.73
dp[9][188]=765.211
dp[10][188]=911.1
dp[11][188]=1059.65
dp[12][188]=1232.77
dp[13][188]=1414.78
Select best dp
Best k=3
Stratifying 14-th numerical feature ...
dp[2][188]=-82.6099
dp[3][188]=-112.68
dp[4][188]=-97.2001
dp[5][188]=-28.8765
dp[6][188]=54.8835
dp[7][188]=142.756
dp[8][188]=263.006
dp[9][188]=385.693
dp[10][188]=513.746
dp[11][188]=647.831
dp[12][188]=786.22
dp[13][188]=930.929
Select best dp
Best k=3
Stratifying 12-th numerical feature ...
dp[2][188]=-33.9727
dp[3][188]=-124.756
dp[4][188]=-85.5079
dp[5][188]=-29.4844
dp[6][188]=46.7564
dp[7][188]=144.138
dp[8][188]=246.268
dp[9][188]=370.258
dp[10][188]=511.999
dp[11][188]=668.307
dp[12][188]=841.939
dp[13][188]=1044.8
Select best dp
Best k=3
Stratifying 14-th numerical feature ...
dp[2][188]=-7.24793
dp[3][188]=-91.5176
dp[4][188]=-52.3658
dp[5][188]=13.6638
dp[6][188]=92.9666
dp[7][188]=191.202
dp[8][188]=298.191
dp[9][188]=421.027
dp[10][188]=563.776
dp[11][188]=722.559
dp[12][188]=892.217
dp[13][188]=1090.73
Select best dp
Best k=3
Stratifying 14-th numerical feature ...
dp[2][188]=-205.619
dp[3][188]=-355.565
dp[4][188]=-490.616
dp[5][188]=-440.641
dp[6][188]=-369.754
dp[7][188]=-265.274
dp[8][188]=-160.445
dp[9][188]=-53.478
dp[10][188]=61.8509
dp[11][188]=198.21
dp[12][188]=342.842
dp[13][188]=524.717
Select best dp
Best k=4
Stratifying 11-th numerical feature ...
dp[2][188]=-319.472
dp[3][188]=-522.899
dp[4][188]=-687.852
dp[5][188]=-646.894
dp[6][188]=-597.047
dp[7][188]=-524.482
dp[8][188]=-438.993
dp[9][188]=-342.743
dp[10][188]=-227.338
dp[11][188]=-104.727
dp[12][188]=37.2743
dp[13][188]=191.913
Select best dp
Best k=4
Stratifying 15-th numerical feature ...
dp[2][188]=-9e+10
dp[3][188]=-9e+10
dp[4][188]=-9e+10
dp[5][188]=-9e+10
dp[6][188]=-9e+10
dp[7][188]=-9e+10
dp[8][188]=-9e+10
dp[9][188]=-9e+10
dp[10][188]=-9e+10
dp[11][188]=-9e+10
dp[12][188]=-9e+10
dp[13][188]=-9e+10
Select best dp
Best k=5
Stratifying 11-th numerical feature ...
dp[2][188]=-139.463
dp[3][188]=-134.028
dp[4][188]=-100.264
dp[5][188]=-54.0034
dp[6][188]=0.891709
dp[7][188]=90.0809
dp[8][188]=197.314
dp[9][188]=331.607
dp[10][188]=473.203
dp[11][188]=614.954
dp[12][188]=758.043
dp[13][188]=905.222
Select best dp
Best k=2
Stratifying 13-th numerical feature ...
dp[2][188]=-257.428
dp[3][188]=-409.873
dp[4][188]=-533.824
dp[5][188]=-476.125
dp[6][188]=-409.392
dp[7][188]=-326.222
dp[8][188]=-232.787
dp[9][188]=-134.784
dp[10][188]=-13.2354
dp[11][188]=113.492
dp[12][188]=256.688
dp[13][188]=411.142
Select best dp
Best k=4
dp[2][188]=-244.326
dp[3][188]=-388.923
dp[4][188]=-501.05
dp[5][188]=-439.01
dp[6][188]=-367.343
dp[7][188]=-282.731
Stratifying 15-th numerical feature ...
dp[8][188]=-186.318
dp[9][188]=-87.1262
dp[10][188]=34.8465
dp[11][188]=162.389
dp[12][188]=306.07
dp[13][188]=461.466
Select best dp
Best k=4
Stratifying 15-th numerical feature ...
dp[2][188]=-167.154
dp[3][188]=-8e+10
dp[4][188]=-1.5e+11
dp[5][188]=-1.5e+11
dp[6][188]=-2.2e+11
dp[7][188]=-2.2e+11
dp[8][188]=-2.8e+11
dp[9][188]=-2.8e+11
dp[10][188]=-3.4e+11
dp[11][188]=-3.4e+11
dp[12][188]=-4e+11
dp[13][188]=-4e+11
Select best dp
Best k=13
Stratifying 6-th numerical feature ...
dp[2][188]=-298.144
dp[3][188]=-456.09
dp[4][188]=-570.159
dp[5][188]=-590.801
dp[6][188]=-531.039
dp[7][188]=-444.795
dp[8][188]=-301.236
dp[9][188]=-156.915
Select best dp
Best k=5
Stratifying 9-th numerical feature ...
dp[2][188]=86.7432
dp[3][188]=131.473
dp[4][188]=189.476
dp[5][188]=318.5
dp[6][188]=452.442
dp[7][188]=598.334
dp[8][188]=751.773
dp[9][188]=906.28
dp[10][188]=1062.61
dp[11][188]=1228.32
dp[12][188]=1398.91
dp[13][188]=1584.23
Select best dp
Best k=2
Stratifying 8-th numerical feature ...
dp[2][188]=-90.8679
dp[3][188]=-140.494
dp[4][188]=-178.627
dp[5][188]=-95.5762
dp[6][188]=3.52027
dp[2][188]=-268.479
dp[7][188]=122.517
dp[3][188]=-412.461
dp[8][188]=246.45
dp[4][188]=-547.57
dp[9][188]=375.627
dp[5][188]=-509.956
dp[10][188]=514.318
dp[6][188]=-445.704
dp[11][188]=661.859
dp[7][188]=-358.823
dp[12][188]=817.551
dp[8][188]=-259.942
dp[13][188]=995.214
dp[9][188]=-155.025
Select best dp
dp[10][188]=-33.9725
Best k=4
dp[11][188]=90.5161
dp[12][188]=236.187
dp[13][188]=406.201
Select best dp
Best k=4
Stratifying 8-th numerical feature ...
Stratifying 8-th numerical feature ...
dp[2][188]=-268.479
dp[3][188]=-412.461
dp[4][188]=-547.57
dp[5][188]=-509.956
dp[6][188]=-445.704
dp[7][188]=-358.823
dp[8][188]=-259.942
dp[9][188]=-155.025
dp[10][188]=-33.9725
dp[11][188]=90.5161
dp[12][188]=236.187
dp[13][188]=406.201
Select best dp
Best k=4
Stratifying 8-th numerical feature ...
dp[2][188]=-623.701
dp[3][188]=-956.395
dp[4][188]=-1285.46
dp[5][188]=-1338.71
dp[6][188]=-1344.15
dp[7][188]=-1322.28
dp[8][188]=-1273.5
dp[9][188]=-1217.1
dp[10][188]=-1138.6
dp[11][188]=-1052.82
dp[12][188]=-927.193
dp[13][188]=-771.826
Select best dp
Best k=6
Stratifying 8-th numerical feature ...
dp[2][188]=11.7
dp[3][188]=1.6174
dp[4][188]=-4.04323
dp[5][188]=86.3912
dp[6][188]=199.867
dp[7][188]=317.623
dp[8][188]=452.563
dp[9][188]=588.061
dp[10][188]=725.858
dp[11][188]=872.156
dp[12][188]=1035.58
dp[13][188]=1206.97
Select best dp
Best k=4
Stratifying 8-th numerical feature ...
dp[2][188]=-10.057
dp[3][188]=-34.0521
dp[4][188]=-7.99898
dp[5][188]=56.7157
dp[6][188]=139.379
dp[7][188]=228.625
dp[8][188]=344.634
dp[9][188]=471.589
dp[10][188]=602.277
dp[11][188]=739.182
dp[12][188]=897.815
dp[13][188]=1096.08
Select best dp
Best k=3
Stratifying 12-th numerical feature ...
dp[2][188]=136.373
dp[3][188]=176.243
dp[4][188]=212.313
dp[5][188]=277.604
dp[6][188]=383.932
dp[7][188]=510.009
dp[8][188]=646.129
dp[9][188]=783.71
dp[10][188]=923.65
dp[11][188]=1072.18
dp[12][188]=1223.16
dp[13][188]=1380.79
Select best dp
Best k=2
Stratifying 16-th numerical feature ...
dp[2][188]=-44.4981
dp[3][188]=-90.7092
dp[4][188]=-91.9015
dp[5][188]=-59.7224
dp[6][188]=37.209
dp[7][188]=144.091
dp[8][188]=268.571
dp[9][188]=399.609
dp[10][188]=525.076
dp[11][188]=670.038
dp[12][188]=820.094
dp[13][188]=993.077
Select best dp
Best k=4
dp[2][188]=-137.823
dp[3][188]=-201.372
dp[4][188]=-223.267
dp[5][188]=-212.059
dp[6][188]=-108.149
dp[7][188]=-1.03642
dp[8][188]=126.117
dp[9][188]=254.974
dp[10][188]=382.128
dp[11][188]=527.431
dp[12][188]=679.438
dp[13][188]=858.463
Select best dp
Best k=4
Stratifying 16-th numerical feature ...
Stratifying 16-th numerical feature ...
dp[2][188]=-33.9727
dp[3][188]=-124.756
dp[4][188]=-85.5079
dp[5][188]=-29.4844
dp[6][188]=46.7564
dp[7][188]=144.138
dp[8][188]=246.268
dp[9][188]=370.258
dp[10][188]=500.042
dp[11][188]=638.722
dp[12][188]=784.348
dp[13][188]=934.559
Select best dp
Best k=3
Stratifying 14-th numerical feature ...
dp[2][188]=-82.6099
dp[3][188]=-5e+10
dp[4][188]=-5e+10
dp[5][188]=-5e+10
dp[6][188]=-5e+10
dp[7][188]=-5e+10
dp[8][188]=-5e+10
dp[9][188]=-5e+10
dp[10][188]=-5e+10
dp[11][188]=-5e+10
dp[12][188]=-5e+10
dp[13][188]=-5e+10
Select best dp
Best k=5
Stratifying 12-th numerical feature ...
dp[2][188]=-212.949
dp[3][188]=-209.967
dp[4][188]=-198.648
dp[5][188]=-112.451
dp[6][188]=-5.30705
dp[7][188]=113.855
dp[8][188]=238.919
dp[9][188]=375.706
dp[10][188]=521.223
dp[11][188]=670.801
dp[12][188]=839.127
dp[13][188]=1012.74
Select best dp
Best k=2
dp[2][188]=-278.041
dp[3][188]=-440.252
dp[4][188]=-544.801
dp[5][188]=-482.613
dp[6][188]=-418.149
dp[7][188]=-330.767
dp[8][188]=-207.855
dp[9][188]=-35.7397
Select best dp
Best k=4
Stratifying 10-th numerical feature ...
dp[2][188]=-330.921
dp[3][188]=-373.703
dp[4][188]=-404.7
dp[5][188]=-325.925
dp[6][188]=-245.375
dp[7][188]=-140.638
dp[8][188]=-19.9576
dp[9][188]=103.358
dp[10][188]=247.604
dp[11][188]=394.625
dp[12][188]=562.678
dp[13][188]=743.812
Select best dp
Best k=4
dp[2][188]=-348.215
dp[3][188]=-429.293
dp[4][188]=-423.554
dp[5][188]=-346.833
dp[6][188]=-257.251
dp[7][188]=-153.846
dp[8][188]=-30.4256
dp[9][188]=96.3382
dp[10][188]=233.296
dp[11][188]=381.278
dp[12][188]=551.039
dp[13][188]=729.266
Select best dp
Best k=3
dp[2][188]=-108.14
dp[3][188]=-100.408
dp[4][188]=-72.2271
dp[5][188]=-19.7504
dp[6][188]=36.0727
dp[7][188]=135.373
dp[8][188]=243.458
dp[9][188]=380.671
dp[10][188]=521.047
dp[11][188]=669.416
dp[12][188]=836.193
dp[13][188]=1010.99
Select best dp
Best k=2
Stratifying 13-th numerical feature ...
dp[2][188]=-270.498
dp[3][188]=-409.924
dp[4][188]=-508.951
dp[5][188]=-524.369
dp[6][188]=-458.633
dp[7][188]=-370.341
dp[8][188]=-265.388
dp[9][188]=-153.305
dp[10][188]=-35.9398
dp[11][188]=88.3567
dp[12][188]=232.194
dp[13][188]=410.189
Select best dp
Best k=5
Stratifying 9-th numerical feature ...
dp[2][188]=-257.428
dp[3][188]=-409.873
dp[4][188]=-533.824
dp[5][188]=-476.125
dp[6][188]=-409.392
dp[7][188]=-326.222
dp[8][188]=-232.787
dp[9][188]=-139.183
dp[10][188]=-39.3494
dp[11][188]=81.4103
dp[12][188]=202.959
dp[13][188]=337.796
Select best dp
Best k=4
Stratifying 15-th numerical feature ...
dp[2][188]=-270.498
dp[3][188]=-409.924
dp[4][188]=-508.951
dp[5][188]=-524.369
dp[6][188]=-458.633
dp[7][188]=-370.341
dp[8][188]=-265.388
dp[9][188]=-153.305
dp[10][188]=-35.9398
dp[2][188]=87.0815
dp[11][188]=88.3567
dp[3][188]=128.966
dp[12][188]=232.194
dp[4][188]=184.388
dp[13][188]=410.189
dp[5][188]=317.933
Select best dp
dp[6][188]=454.926
Best k=5
dp[7][188]=608.387
dp[8][188]=769.913
dp[9][188]=933.617
dp[10][188]=1102.64
dp[11][188]=1272.24
dp[12][188]=1446.39
dp[13][188]=1634.68
Select best dp
Best k=2
Stratifying 9-th numerical feature ...
Stratifying 9-th numerical feature ...
dp[2][188]=-628.077
dp[3][188]=-948.813
dp[4][188]=-1234.71
dp[5][188]=-1371.12
dp[6][188]=-1372.52
dp[7][188]=-1357.29
dp[8][188]=-1315.96
dp[9][188]=-1253.97
dp[10][188]=-1186.44
dp[11][188]=-1109.52
dp[12][188]=-991.412
dp[13][188]=-822.323
Select best dp
Best k=6
dp[2][188]=-91.7082
dp[3][188]=-140.479
dp[4][188]=-161.015
dp[5][188]=-100.991
dp[6][188]=-1.68787
dp[7][188]=122.866
dp[2][188]=8.69234
dp[8][188]=257.837
dp[3][188]=5.9295
dp[9][188]=394.602
dp[4][188]=7.51001
dp[10][188]=536.992
dp[5][188]=64.9858
dp[11][188]=684.976
dp[6][188]=178.63
dp[12][188]=841.415
dp[7][188]=294.602
dp[13][188]=1024.02
dp[8][188]=414.438
Select best dp
dp[9][188]=547.493
Best k=4
dp[10][188]=682.234
dp[11][188]=818.32
dp[12][188]=976.356
dp[13][188]=1151.14
Select best dp
Best k=3
Stratifying 9-th numerical feature ...
Stratifying 9-th numerical feature ...
Stratifying 9-th numerical feature ...
dp[2][188]=-139.463
dp[3][188]=-5e+10
dp[4][188]=-5e+10
dp[5][188]=-5e+10
dp[6][188]=-5e+10
dp[7][188]=-5e+10
dp[8][188]=-5e+10
dp[9][188]=-5e+10
dp[10][188]=-5e+10
dp[11][188]=-5e+10
dp[12][188]=-5e+10
dp[13][188]=-5e+10
Select best dp
Best k=4
Stratifying 13-th numerical feature ...
dp[2][188]=-2207.33
dp[3][188]=-2393.18
dp[4][188]=-2401.44
dp[5][188]=-2367.63
dp[6][188]=-2321.09
dp[7][188]=-2232.24
dp[8][188]=-2139.45
dp[9][188]=-2036.66
dp[10][188]=-1932.15
dp[11][188]=-1805.62
dp[12][188]=-1673.5
dp[13][188]=-1537.77
Select best dp
Best k=4
Stratifying 7-th numerical feature ...
dp[2][188]=-265.626
dp[3][188]=-417.299
dp[4][188]=-515.421
dp[5][188]=-455.284
dp[6][188]=-397.35
dp[7][188]=-332.321
dp[8][188]=-238.209
dp[9][188]=-120.52
dp[10][188]=19.4804
dp[11][188]=161.169
dp[12][188]=315.613
dp[13][188]=471.632
Select best dp
Best k=4
Stratifying 10-th numerical feature ...
dp[2][188]=9.16907
dp[3][188]=-69.8288
dp[4][188]=-35.4939
dp[5][188]=30.8003
dp[6][188]=113.27
dp[7][188]=208.681
dp[8][188]=317.341
dp[9][188]=438.613
dp[10][188]=581.229
dp[11][188]=739.369
dp[12][188]=906.727
dp[13][188]=1104.23
Select best dp
Best k=3
Stratifying 14-th numerical feature ...
dp[2][188]=-137.823
dp[3][188]=-201.372
dp[4][188]=-223.267
dp[5][188]=-212.059
dp[6][188]=-108.149
dp[7][188]=-1.03642
dp[8][188]=124.753
dp[9][188]=251.551
dp[10][188]=380.763
dp[11][188]=507.562
dp[12][188]=647.929
dp[13][188]=790.131
Select best dp
Best k=4
Stratifying 16-th numerical feature ...
dp[2][188]=-253.443
dp[3][188]=-421.722
dp[4][188]=-580.517
dp[5][188]=-538.305
dp[6][188]=-476.285
dp[7][188]=-371.874
dp[8][188]=-259.932
dp[9][188]=-64.0417
Select best dp
Best k=4
Stratifying 11-th numerical feature ...
dp[2][188]=-33.9727
dp[3][188]=-5e+10
dp[4][188]=-5e+10
dp[5][188]=-5e+10
dp[6][188]=-5e+10
dp[7][188]=-5e+10
dp[8][188]=-5e+10
dp[9][188]=-5e+10
dp[10][188]=-5e+10
dp[11][188]=-5e+10
dp[12][188]=-5e+10
dp[13][188]=-5e+10
Select best dp
Best k=4
Stratifying 14-th numerical feature ...
dp[2][188]=-240.925
dp[3][188]=-407.924
dp[4][188]=-555.763
dp[5][188]=-511.502
dp[6][188]=-446.751
dp[7][188]=-342.178
dp[8][188]=-240.081
dp[9][188]=-133.566
dp[10][188]=-21.5624
dp[11][188]=114.422
dp[12][188]=253.8
dp[13][188]=436.607
Select best dp
Best k=4
Stratifying 11-th numerical feature ...
dp[2][188]=-82.2007
dp[3][188]=-114.245
dp[4][188]=-99.1349
dp[5][188]=-29.8788
dp[6][188]=56.896
dp[7][188]=161.944
dp[8][188]=294.711
dp[9][188]=440.335
Select best dp
Best k=3
Stratifying 12-th numerical feature ...
dp[2][188]=-265.626
dp[3][188]=-417.299
dp[4][188]=-515.421
dp[5][188]=-455.284
dp[6][188]=-397.35
dp[7][188]=-332.321
dp[8][188]=-238.209
dp[9][188]=-120.52
dp[10][188]=19.4804
dp[11][188]=161.169
dp[12][188]=315.613
dp[13][188]=471.632
Select best dp
Best k=4
Stratifying 10-th numerical feature ...
dp[2][188]=-348.215
dp[3][188]=-429.293
dp[4][188]=-423.554
dp[5][188]=-346.833
dp[6][188]=-257.251
dp[7][188]=-153.846
dp[8][188]=-43.0782
dp[9][188]=80.3426
dp[10][188]=205.004
dp[11][188]=331.08
dp[12][188]=472.079
dp[13][188]=619.939
Select best dp
Best k=3
dp[2][188]=84.1846
dp[3][188]=129.429
dp[4][188]=193.709
dp[5][188]=321.649
dp[6][188]=454.19
dp[7][188]=605.187
dp[8][188]=757.791
dp[9][188]=925.803
dp[10][188]=1093.82
dp[11][188]=1270.29
dp[12][188]=1448.23
dp[13][188]=1627.76
Select best dp
Best k=2
Stratifying 10-th numerical feature ...
dp[2][188]=-615.932
dp[3][188]=-967.478
dp[4][188]=-1227.11
dp[5][188]=-1254.13
dp[6][188]=-1278.09
dp[7][188]=-1278.79
dp[8][188]=-1240.94
dp[9][188]=-1169.19
dp[10][188]=-1066.28
dp[11][188]=-961.681
dp[12][188]=-825.373
dp[2][188]=15.5372
dp[13][188]=-684.497
Select best dp
dp[3][188]=-13.2446
Best k=7
dp[4][188]=17.3877
dp[5][188]=113.533
dp[6][188]=215.934
dp[7][188]=331.901
dp[8][188]=459.78
dp[9][188]=598.422
dp[10][188]=741.264
dp[11][188]=887.96
dp[12][188]=1057.85
dp[13][188]=1228.03
Select best dp
Best k=3
Stratifying 10-th numerical feature ...
Stratifying 10-th numerical feature ...
dp[2][188]=-90.6815
dp[3][188]=-143.893
dp[4][188]=-160.529
dp[5][188]=-66.4909
dp[6][188]=32.252
dp[7][188]=139.736
dp[8][188]=262.639
dp[9][188]=403.395
dp[10][188]=562
dp[11][188]=721.343
dp[12][188]=882.571
dp[13][188]=1049.7
Select best dp
Best k=4
Stratifying 10-th numerical feature ...
dp[2][188]=-223.119
dp[3][188]=-362.72
dp[4][188]=-466.561
dp[5][188]=-401.294
dp[6][188]=-327.448
dp[7][188]=-242.241
dp[8][188]=-142.987
dp[9][188]=-43.0721
dp[10][188]=79.5553
dp[11][188]=208.093
dp[12][188]=352.33
dp[13][188]=508.407
Select best dp
Best k=4
Stratifying 15-th numerical feature ...
dp[2][188]=-156.43
dp[3][188]=-154.02
dp[4][188]=-114.553
dp[5][188]=-71.2441
dp[6][188]=-12.5152
dp[7][188]=94.8075
dp[8][188]=220.095
dp[9][188]=402.97
Select best dp
Best k=2
Stratifying 13-th numerical feature ...
dp[2][188]=-82.6099
dp[3][188]=-112.68
dp[4][188]=-97.2001
dp[5][188]=-28.8765
dp[6][188]=54.8835
dp[7][188]=142.756
dp[8][188]=265.443
dp[9][188]=393.497
dp[10][188]=529.311
dp[11][188]=667.699
dp[12][188]=830.107
dp[13][188]=1027.03
Select best dp
Best k=3
Stratifying 12-th numerical feature ...
dp[2][188]=-5e+10
dp[3][188]=-5e+10
dp[4][188]=-5e+10
dp[5][188]=-5e+10
dp[6][188]=-5e+10
dp[7][188]=-5e+10
dp[8][188]=-5e+10
dp[9][188]=-5e+10
dp[10][188]=-5e+10
dp[11][188]=-5e+10
dp[12][188]=-5e+10
dp[13][188]=-5e+10
Select best dp
Best k=5
Stratifying 15-th numerical feature ...
dp[2][188]=-2.19608e+10
dp[3][188]=-2.19608e+10
dp[4][188]=-2.19608e+10
dp[5][188]=-2.19608e+10
dp[6][188]=-2.19608e+10
dp[7][188]=-2.19608e+10
dp[8][188]=-2.19608e+10
dp[9][188]=-2.19608e+10
dp[10][188]=-2.19608e+10
dp[11][188]=-2.19608e+10
dp[12][188]=-2.19608e+10
dp[13][188]=-2.19608e+10
Select best dp
Best k=5
Stratifying 8-th numerical feature ...
dp[2][188]=147.66
dp[3][188]=130.282
dp[4][188]=190.879
dp[5][188]=266.35
dp[6][188]=374.573
dp[7][188]=505.909
dp[8][188]=637.425
dp[9][188]=785.156
Select best dp
Best k=3
Stratifying 14-th numerical feature ...
dp[2][188]=-29.0418
dp[3][188]=-69.5645
dp[4][188]=-70.7751
dp[5][188]=-38.0471
dp[6][188]=58.7625
dp[7][188]=166.421
dp[8][188]=291.143
dp[9][188]=421.142
dp[10][188]=545.864
dp[11][188]=690.576
dp[12][188]=839.372
dp[13][188]=1011.12
Select best dp
Best k=4
Stratifying 16-th numerical feature ...
dp[2][188]=-139.463
dp[3][188]=-134.028
dp[4][188]=-100.264
dp[5][188]=-54.0034
dp[6][188]=0.891709
dp[7][188]=100.295
dp[8][188]=207.529
dp[9][188]=343.28
dp[10][188]=485.031
dp[11][188]=637.969
dp[12][188]=810.631
dp[13][188]=988.477
Select best dp
Best k=2
Stratifying 13-th numerical feature ...
dp[2][188]=-240.925
dp[3][188]=-407.924
dp[4][188]=-555.763
dp[5][188]=-511.502
dp[6][188]=-446.751
dp[7][188]=-342.178
dp[8][188]=-240.081
dp[9][188]=-133.566
dp[10][188]=-21.5624
dp[11][188]=114.422
dp[12][188]=253.8
dp[13][188]=436.607
Select best dp
Best k=4
Stratifying 11-th numerical feature ...
dp[2][188]=87.5311
dp[3][188]=134.005
dp[4][188]=195.786
dp[5][188]=328.344
dp[6][188]=464.808
dp[7][188]=620.027
dp[8][188]=779.351
dp[9][188]=944.289
dp[10][188]=1111.67
dp[11][188]=1286.27
dp[12][188]=1465.22
dp[13][188]=1656.38
Select best dp
Best k=2
dp[2][188]=-569.382
dp[3][188]=-965.16
dp[4][188]=-1307.31
dp[5][188]=-1355.79
dp[6][188]=-1362.99
dp[7][188]=-1324.77
dp[8][188]=-1288.73
dp[9][188]=-1244.61
dp[10][188]=-1176.51
dp[11][188]=-1075.59
Stratifying 11-th numerical feature ...
dp[12][188]=-964.615
dp[13][188]=-789.324
Select best dp
Best k=6
dp[2][188]=37.0502
dp[3][188]=-10.5714
dp[4][188]=-18.851
dp[5][188]=66.9995
dp[6][188]=177.638
dp[7][188]=295.628
dp[8][188]=410.846
dp[9][188]=539.738
dp[10][188]=679.286
dp[11][188]=827.799
dp[12][188]=981.387
dp[13][188]=1157.59
Select best dp
Best k=4
Stratifying 11-th numerical feature ...
Stratifying 11-th numerical feature ...
dp[2][188]=-268.065
dp[3][188]=-429.784
dp[4][188]=-558.955
dp[5][188]=-494.261
dp[6][188]=-423.061
dp[7][188]=-340.239
dp[8][188]=-217.503
dp[9][188]=-81.0968
Select best dp
Best k=4
Stratifying 15-th numerical feature ...
dp[2][188]=-76.6971
dp[3][188]=-129.306
dp[4][188]=-179.988
dp[5][188]=-90.653
dp[6][188]=9.95488
dp[7][188]=144.845
dp[8][188]=277.958
dp[9][188]=412.847
dp[10][188]=553.224
dp[11][188]=706.637
dp[12][188]=862.442
dp[13][188]=1048.03
Select best dp
Best k=4
Stratifying 11-th numerical feature ...
dp[2][188]=-5e+10
dp[3][188]=-5e+10
dp[4][188]=-5e+10
dp[5][188]=-5e+10
dp[6][188]=-5e+10
dp[7][188]=-5e+10
dp[8][188]=-5e+10
dp[9][188]=-5e+10
dp[10][188]=-5e+10
dp[11][188]=-5e+10
dp[12][188]=-5e+10
dp[13][188]=-5e+10
Select best dp
Best k=5
Stratifying 16-th numerical feature ...
dp[2][188]=-33.9727
dp[3][188]=-124.756
dp[4][188]=-85.5079
dp[5][188]=-29.4844
dp[6][188]=46.7564
dp[7][188]=144.138
dp[8][188]=246.268
dp[9][188]=370.258
dp[10][188]=511.999
dp[11][188]=668.307
dp[12][188]=841.939
dp[13][188]=1044.8
Select best dp
Best k=3
Stratifying 14-th numerical feature ...
dp[2][188]=-322.797
dp[3][188]=-362.577
dp[4][188]=-392.942
dp[5][188]=-314.593
dp[6][188]=-230.854
dp[7][188]=-129.231
dp[8][188]=-9.28008
dp[9][188]=115.361
dp[10][188]=258.504
dp[11][188]=405.842
dp[12][188]=574.435
dp[13][188]=752.847
Select best dp
Best k=4
dp[2][188]=-137.61
dp[3][188]=-201.15
dp[4][188]=-222.91
dp[5][188]=-211.684
dp[6][188]=-107.784
dp[7][188]=5.09143
dp[8][188]=146.366
dp[9][188]=308.906
Select best dp
Best k=4
Stratifying 16-th numerical feature ...
dp[2][188]=-257.428
dp[3][188]=-409.873
dp[4][188]=-533.824
dp[5][188]=-476.125
dp[6][188]=-409.392
dp[7][188]=-326.222
dp[8][188]=-232.787
dp[9][188]=-134.784
dp[10][188]=-13.2354
dp[11][188]=113.492
dp[12][188]=256.688
dp[13][188]=411.142
Select best dp
Best k=4
Stratifying 15-th numerical feature ...
dp[2][188]=-348.215
dp[3][188]=-5e+10
dp[4][188]=-5e+10
dp[5][188]=-5e+10
dp[6][188]=-5e+10
dp[7][188]=-5e+10
dp[8][188]=-5e+10
dp[9][188]=-5e+10
dp[10][188]=-5e+10
dp[11][188]=-5e+10
dp[12][188]=-5e+10
dp[13][188]=-5e+10
Select best dp
Best k=4
dp[2][188]=-212.949
dp[3][188]=-209.967
dp[4][188]=-198.648
dp[5][188]=-112.451
dp[6][188]=-5.30705
dp[7][188]=114.03
dp[8][188]=242.583
dp[9][188]=395.819
Select best dp
Best k=2
dp[2][188]=-1e+11
dp[3][188]=-1e+11
dp[4][188]=-1e+11
dp[5][188]=-1e+11
dp[6][188]=-1e+11
dp[7][188]=-1e+11
dp[8][188]=-1e+11
dp[9][188]=-1e+11
dp[10][188]=-1e+11
dp[11][188]=-1e+11
dp[12][188]=-1e+11
dp[13][188]=-1e+11
Select best dp
Best k=5
Stratifying 9-th numerical feature ...
dp[2][188]=-82.6099
dp[3][188]=-112.68
dp[4][188]=-97.2001
dp[5][188]=-28.8765
dp[6][188]=54.8835
dp[7][188]=142.756
dp[8][188]=265.443
dp[9][188]=393.497
dp[10][188]=529.311
dp[11][188]=667.699
dp[12][188]=830.107
dp[13][188]=1027.03
Select best dp
Best k=3
Stratifying 12-th numerical feature ...
dp[2][188]=133.86
dp[3][188]=233.662
dp[4][188]=373.744
dp[5][188]=541.832
dp[6][188]=712.04
dp[7][188]=883.037
dp[8][188]=1058.96
dp[9][188]=1240.02
dp[10][188]=1421.35
dp[11][188]=1604.07
dp[12][188]=1787.9
dp[13][188]=1993.99
Select best dp
Best k=2
Stratifying 12-th numerical feature ...
dp[2][188]=-299.079
dp[3][188]=-483.239
dp[4][188]=-573.336
dp[5][188]=-613.791
dp[6][188]=-616.119
dp[7][188]=-610.562
dp[8][188]=-548.106
dp[9][188]=-473.808
dp[10][188]=-379.696
dp[11][188]=-284.714
dp[12][188]=-143.187
dp[13][188]=49.811
Select best dp
Best k=6
Stratifying 12-th numerical feature ...
dp[2][188]=25.6248
dp[3][188]=60.6844
dp[4][188]=138.582
dp[5][188]=258.139
dp[6][188]=385.702
dp[7][188]=517.833
dp[8][188]=669.434
dp[9][188]=824.193
dp[10][188]=983.331
dp[11][188]=1143.58
dp[12][188]=1316.58
dp[13][188]=1514.3
Select best dp
Best k=2
Stratifying 12-th numerical feature ...
dp[2][188]=150.298
dp[3][188]=173.051
dp[4][188]=231.767
dp[5][188]=321.772
dp[6][188]=419.235
dp[7][188]=520.378
dp[8][188]=647.947
dp[9][188]=778.279
dp[10][188]=918.254
dp[11][188]=1063.96
dp[12][188]=1226.62
dp[13][188]=1405.29
Select best dp
Best k=2
Stratifying 12-th numerical feature ...
dp[2][188]=-137.823
dp[3][188]=-201.372
dp[4][188]=-223.267
dp[5][188]=-212.059
dp[6][188]=-108.149
dp[7][188]=-1.03642
dp[8][188]=126.117
dp[9][188]=254.974
dp[10][188]=382.128
dp[11][188]=527.431
dp[12][188]=679.438
dp[13][188]=858.463
Select best dp
Best k=4
Stratifying 16-th numerical feature ...
dp[2][188]=-348.215
dp[3][188]=-429.293
dp[4][188]=-423.554
dp[5][188]=-346.833
dp[6][188]=-257.251
dp[7][188]=-153.846
dp[8][188]=-30.4256
dp[9][188]=96.3382
dp[10][188]=233.296
dp[11][188]=381.278
dp[12][188]=551.039
dp[13][188]=729.266
Select best dp
Best k=3
dp[2][188]=-386.806
dp[3][188]=-532.431
dp[4][188]=-607.417
dp[5][188]=-655.492
dp[6][188]=-677.143
dp[7][188]=-647.691
dp[8][188]=-606.846
dp[9][188]=-511.494
dp[10][188]=-409.073
dp[11][188]=-292.026
dp[12][188]=-147.59
dp[13][188]=22.0782
Select best dp
Best k=6
Stratifying 13-th numerical feature ...
dp[2][188]=-16.1349
dp[3][188]=52.8771
dp[4][188]=144.326
dp[5][188]=235.848
dp[6][188]=337.533
dp[7][188]=471.701
dp[8][188]=610.421
dp[9][188]=769.069
dp[10][188]=930.485
dp[11][188]=1099.36
dp[12][188]=1280.75
dp[13][188]=1470.02
Select best dp
Best k=2
Stratifying 13-th numerical feature ...
dp[2][188]=-9.4074e+09
dp[3][188]=-9.4074e+09
dp[4][188]=-9.4074e+09
dp[5][188]=-9.4074e+09
dp[6][188]=-9.4074e+09
dp[7][188]=-9.4074e+09
dp[8][188]=-9.4074e+09
dp[9][188]=-9.4074e+09
dp[10][188]=-9.4074e+09
dp[11][188]=-9.4074e+09
dp[12][188]=-9.4074e+09
dp[13][188]=-9.4074e+09
Select best dp
Best k=5
Stratifying 10-th numerical feature ...
dp[2][188]=-139.463
dp[3][188]=-134.028
dp[4][188]=-100.264
dp[5][188]=-54.0034
dp[6][188]=0.891709
dp[7][188]=100.295
dp[8][188]=207.529
dp[9][188]=343.28
dp[10][188]=485.031
dp[11][188]=637.969
dp[12][188]=810.631
dp[13][188]=988.477
Select best dp
Best k=2
Stratifying 13-th numerical feature ...
dp[2][188]=107.193
dp[3][188]=234.054
dp[4][188]=376.785
dp[5][188]=519.581
dp[6][188]=669.542
dp[7][188]=837.487
dp[8][188]=1007.3
dp[9][188]=1185.92
dp[10][188]=1366.1
dp[11][188]=1548.74
dp[12][188]=1739.03
dp[13][188]=1946.53
Select best dp
Best k=2
Stratifying 13-th numerical feature ...
dp[2][188]=115.035
dp[3][188]=151.325
dp[4][188]=217.527
dp[5][188]=312.913
dp[6][188]=413.401
dp[7][188]=526.685
dp[8][188]=646.106
dp[9][188]=785.358
dp[10][188]=929.162
dp[11][188]=1079.57
dp[12][188]=1237.92
dp[13][188]=1413.42
Select best dp
Best k=2
Stratifying 13-th numerical feature ...
dp[2][188]=-241.117
dp[3][188]=-530.976
dp[4][188]=-616.844
dp[5][188]=-653.025
dp[6][188]=-638.544
dp[7][188]=-620.64
dp[8][188]=-571.217
dp[9][188]=-507.017
dp[10][188]=-399.231
dp[11][188]=-265.223
dp[12][188]=-121.858
dp[13][188]=82.9023
Select best dp
Best k=5
Stratifying 14-th numerical feature ...
dp[2][188]=69.5994
dp[3][188]=78.1376
dp[4][188]=167.092
dp[5][188]=267.597
dp[6][188]=385.588
dp[7][188]=513.372
dp[8][188]=650.611
dp[9][188]=802.114
dp[10][188]=962.301
dp[11][188]=1124.93
dp[12][188]=1310.92
dp[13][188]=1517.42
Select best dp
Best k=2
Stratifying 14-th numerical feature ...
dp[2][188]=147.66
dp[3][188]=130.282
dp[4][188]=190.879
dp[5][188]=266.35
dp[6][188]=374.573
dp[7][188]=498.394
dp[8][188]=629.73
dp[9][188]=765.211
dp[10][188]=911.1
dp[11][188]=1059.65
dp[12][188]=1232.77
dp[13][188]=1414.78
Select best dp
Best k=3
Stratifying 14-th numerical feature ...
dp[2][188]=-596.955
dp[3][188]=-946.684
dp[4][188]=-1251.83
dp[5][188]=-1265.97
dp[6][188]=-1266.74
dp[7][188]=-1255.73
dp[8][188]=-1217.85
dp[9][188]=-1179.45
dp[10][188]=-1098.07
dp[11][188]=-1009.99
dp[12][188]=-896.146
dp[13][188]=-755.26
Select best dp
Best k=6
Stratifying 15-th numerical feature ...
dp[2][188]=-9e+10
dp[3][188]=-9e+10
dp[4][188]=-9e+10
dp[5][188]=-9e+10
dp[6][188]=-9e+10
dp[7][188]=-9e+10
dp[8][188]=-9e+10
dp[9][188]=-9e+10
dp[10][188]=-9e+10
dp[11][188]=-9e+10
dp[12][188]=-9e+10
dp[13][188]=-9e+10
Select best dp
Best k=5
Stratifying 11-th numerical feature ...
dp[2][188]=-87.6652
dp[3][188]=-141.468
dp[4][188]=-174.823
dp[5][188]=-81.9203
dp[6][188]=17.182
dp[7][188]=133.903
dp[8][188]=256.8
dp[9][188]=385.548
dp[10][188]=526.174
dp[11][188]=672.993
dp[12][188]=833.105
dp[13][188]=994.343
Select best dp
Best k=4
Stratifying 15-th numerical feature ...
dp[2][188]=27.396
dp[3][188]=13.5727
dp[4][188]=15.8423
dp[5][188]=126.858
dp[6][188]=238.755
dp[7][188]=354.718
dp[8][188]=478.097
dp[9][188]=606.004
dp[10][188]=748.845
dp[11][188]=893.226
dp[12][188]=1047.79
dp[13][188]=1217.68
Select best dp
Best k=3
Stratifying 15-th numerical feature ...
dp[2][188]=-33.9727
dp[3][188]=-124.756
dp[4][188]=-85.5079
dp[5][188]=-29.4844
dp[6][188]=46.7564
dp[7][188]=144.138
dp[8][188]=246.268
dp[9][188]=370.258
dp[10][188]=511.999
dp[11][188]=668.307
dp[12][188]=841.939
dp[13][188]=1044.8
Select best dp
Best k=3
Stratifying 14-th numerical feature ...
dp[2][188]=173.172
dp[3][188]=278.818
dp[4][188]=402.578
dp[5][188]=553.693
dp[6][188]=714.662
dp[7][188]=866.168
dp[8][188]=1040.87
dp[9][188]=1216.96
dp[10][188]=1395.36
dp[11][188]=1578.04
dp[12][188]=1774.22
dp[13][188]=1987.75
Select best dp
Best k=2
Stratifying 14-th numerical feature ...
dp[2][188]=-356.55
dp[3][188]=-575.018
dp[4][188]=-734.881
dp[5][188]=-836.195
dp[6][188]=-811.833
dp[7][188]=-766.958
dp[8][188]=-685.771
dp[9][188]=-604.602
dp[10][188]=-523.415
dp[11][188]=-413.389
dp[12][188]=-294.034
dp[13][188]=-140.34
Select best dp
Best k=5
Stratifying 16-th numerical feature ...
dp[2][188]=-82.6099
dp[3][188]=-112.68
dp[4][188]=-97.2001
dp[5][188]=-28.8765
dp[6][188]=54.8835
dp[7][188]=142.756
dp[8][188]=263.006
dp[9][188]=385.693
dp[10][188]=509.551
dp[11][188]=637.605
dp[12][188]=770.957
dp[13][188]=907.924
Select best dp
Best k=3
Stratifying 12-th numerical feature ...
dp[2][188]=-28.4594
dp[3][188]=-14.5486
dp[4][188]=32.4582
dp[5][188]=99.927
dp[6][188]=243.221
dp[7][188]=381.894
dp[8][188]=530.615
dp[9][188]=684.468
dp[10][188]=833.189
dp[11][188]=996.394
dp[12][188]=1165.76
dp[13][188]=1357.86
Select best dp
Best k=2
Stratifying 16-th numerical feature ...
dp[2][188]=136.373
dp[3][188]=176.243
dp[4][188]=212.313
dp[5][188]=277.604
dp[6][188]=383.932
dp[7][188]=510.009
dp[8][188]=646.129
dp[9][188]=783.71
dp[10][188]=923.65
dp[11][188]=1072.18
dp[12][188]=1223.16
dp[13][188]=1380.79
Select best dp
Best k=2
Stratifying 16-th numerical feature ...
dp[2][188]=-923.244
dp[3][188]=-1189.64
dp[4][188]=-1354.96
dp[5][188]=-1369.48
dp[6][188]=-1349.16
dp[7][188]=-1317.45
dp[8][188]=-1252.24
dp[9][188]=-1171.53
dp[10][188]=-1067.02
dp[11][188]=-960.186
dp[12][188]=-803.319
dp[13][188]=-640.202
Select best dp
Best k=5
dp[2][188]=-257.428
dp[3][188]=-409.873
dp[4][188]=-533.824
dp[5][188]=-476.125
dp[6][188]=-409.392
dp[7][188]=-326.222
dp[8][188]=-232.787
dp[9][188]=-134.784
dp[10][188]=-13.2354
dp[11][188]=113.492
dp[12][188]=256.688
dp[13][188]=411.142
Select best dp
Best k=4
Stratifying 15-th numerical feature ...
dp[2][188]=-76.9259
dp[3][188]=-49.1179
dp[4][188]=39.3979
dp[5][188]=155.286
dp[6][188]=279.971
dp[7][188]=422.772
dp[8][188]=572.995
dp[9][188]=724.518
dp[10][188]=879.944
dp[11][188]=1046.79
dp[12][188]=1222.51
dp[13][188]=1407.58
Select best dp
Best k=2
dp[2][188]=-139.463
dp[3][188]=-134.028
dp[4][188]=-100.264
dp[5][188]=-54.0034
dp[6][188]=0.891709
dp[7][188]=90.0809
dp[8][188]=197.314
dp[9][188]=314.134
dp[10][188]=442.867
dp[11][188]=584.618
dp[12][188]=727.494
dp[13][188]=871.048
Select best dp
Best k=2
Stratifying 13-th numerical feature ...
dp[2][188]=-212.949
dp[3][188]=-209.967
dp[4][188]=-198.648
dp[5][188]=-112.451
dp[6][188]=-5.30705
dp[7][188]=113.855
dp[8][188]=238.919
dp[9][188]=375.706
dp[10][188]=521.223
dp[11][188]=670.801
dp[12][188]=839.127
dp[13][188]=1012.74
Select best dp
Best k=2
dp[2][188]=82.021
dp[3][188]=126.864
dp[4][188]=181.436
dp[5][188]=309.362
dp[6][188]=441.836
dp[7][188]=591.049
dp[8][188]=742.042
dp[9][188]=900.069
dp[10][188]=1062.88
dp[11][188]=1228.95
dp[12][188]=1396.97
dp[13][188]=1577.54
Select best dp
Best k=2
Stratifying 15-th numerical feature ...
dp[2][188]=-137.823
dp[3][188]=-201.372
dp[4][188]=-223.267
dp[5][188]=-212.059
dp[6][188]=-108.149
dp[7][188]=-1.03642
dp[8][188]=126.117
dp[9][188]=254.974
dp[10][188]=382.128
dp[11][188]=527.431
dp[12][188]=679.438
dp[13][188]=858.463
Select best dp
Best k=4
Stratifying 16-th numerical feature ...
dp[2][188]=80.9042
dp[3][188]=172.274
dp[4][188]=288.183
dp[5][188]=411.913
dp[6][188]=586.42
dp[7][188]=757.042
dp[8][188]=932.259
dp[9][188]=1106
dp[10][188]=1282.7
dp[11][188]=1463.86
dp[12][188]=1651.85
dp[13][188]=1857.27
Select best dp
Best k=2
Stratifying 16-th numerical feature ...
dp[2][188]=-33.9727
dp[3][188]=-8.31637e+09
dp[4][188]=-8.31637e+09
dp[5][188]=-8.31637e+09
dp[6][188]=-8.31637e+09
dp[7][188]=-8.31637e+09
dp[8][188]=-8.31637e+09
dp[9][188]=-8.31637e+09
dp[10][188]=-8.31637e+09
dp[11][188]=-8.31637e+09
dp[12][188]=-8.31637e+09
dp[13][188]=-8.31637e+09
Select best dp
Best k=4
Stratifying 14-th numerical feature ...
dp[2][188]=-348.215
dp[3][188]=-429.293
dp[4][188]=-423.554
dp[5][188]=-346.833
dp[6][188]=-257.251
dp[7][188]=-153.846
dp[8][188]=-30.4256
dp[9][188]=96.3382
dp[10][188]=233.296
dp[11][188]=381.278
dp[12][188]=551.039
dp[13][188]=729.266
Select best dp
Best k=3
dp[2][188]=147.66
dp[3][188]=298.25
dp[4][188]=463.33
dp[5][188]=633.048
dp[6][188]=808.315
dp[7][188]=983.486
dp[8][188]=1157.99
dp[9][188]=1339.67
dp[10][188]=1520.6
dp[11][188]=1704.78
dp[12][188]=1889.89
dp[13][188]=2084.69
Select best dp
Best k=2
dp[2][188]=-9.18311e+09
dp[3][188]=-9.18311e+09
dp[4][188]=-9.18311e+09
dp[5][188]=-9.18311e+09
dp[6][188]=-9.18311e+09
dp[7][188]=-9.18311e+09
dp[8][188]=-9.18311e+09
dp[9][188]=-9.18311e+09
dp[10][188]=-9.18311e+09
dp[11][188]=-9.18311e+09
dp[12][188]=-9.18311e+09
dp[13][188]=-9.18311e+09
Select best dp
Best k=5
Stratifying 15-th numerical feature ...
dp[2][188]=-137.823
dp[3][188]=-201.372
dp[4][188]=-223.267
dp[5][188]=-212.059
dp[6][188]=-108.149
dp[7][188]=-1.03642
dp[8][188]=119.343
dp[9][188]=245.133
dp[10][188]=375.354
dp[11][188]=501.143
dp[12][188]=631.901
dp[13][188]=770.855
Select best dp
Best k=4
Stratifying 16-th numerical feature ...
dp[2][188]=-348.215
dp[3][188]=-429.293
dp[4][188]=-423.554
dp[5][188]=-346.833
dp[6][188]=-257.251
dp[7][188]=-176.893
dp[8][188]=-73.4879
dp[9][188]=49.933
dp[10][188]=174.595
dp[11][188]=300.67
dp[12][188]=441.669
dp[13][188]=583.698
Select best dp
Best k=3
