Standardize ...
Stratifying 1-th numerical feature ...
Standardize ...
Stratifying 1-th numerical feature ...
Standardize ...
Stratifying 1-th numerical feature ...
Standardize ...
Stratifying 1-th numerical feature ...
Standardize ...
Stratifying 1-th numerical feature ...
Standardize ...
Stratifying 1-th numerical feature ...
Standardize ...
Stratifying 1-th numerical feature ...
Standardize ...
Stratifying 1-th numerical feature ...
Standardize ...
Stratifying 1-th numerical feature ...
Standardize ...
Stratifying 1-th numerical feature ...
Standardize ...
Stratifying 1-th numerical feature ...
Standardize ...
Stratifying 1-th numerical feature ...
Standardize ...
Stratifying 1-th numerical feature ...
Standardize ...
Stratifying 1-th numerical feature ...
dp[2][188]=90.0709
dp[3][188]=116.84
dp[4][188]=183.23
dp[5][188]=271.502
dp[6][188]=383.294
dp[7][188]=508.762
dp[8][188]=636.04
dp[9][188]=767.12
dp[10][188]=903.218
dp[11][188]=1052.59
dp[12][188]=1203.9
dp[13][188]=1370.54
Select best dp
Best k=2
dp[2][188]=90.0709
dp[3][188]=116.84
dp[4][188]=183.23
dp[5][188]=271.502
dp[6][188]=383.294
dp[7][188]=508.762
dp[8][188]=636.04
dp[9][188]=767.12
dp[10][188]=903.218
dp[11][188]=1052.59
dp[12][188]=1203.9
dp[13][188]=1370.54
Select best dp
Best k=2
Stratifying 2-th numerical feature ...
Stratifying 2-th numerical feature ...
dp[2][188]=90.0709
dp[3][188]=116.84
dp[4][188]=183.23
dp[5][188]=271.502
dp[6][188]=383.294
dp[7][188]=512.034
dp[8][188]=655.028
dp[9][188]=802.01
Select best dp
Best k=2
Stratifying 2-th numerical feature ...
dp[2][188]=90.0709
dp[3][188]=116.84
dp[4][188]=183.23
dp[5][188]=271.502
dp[6][188]=383.294
dp[7][188]=508.531
dp[8][188]=636.04
dp[9][188]=764.376
dp[10][188]=899.149
dp[11][188]=1035.25
dp[12][188]=1183.2
dp[13][188]=1331.15
Select best dp
Best k=2
Stratifying 2-th numerical feature ...
dp[2][188]=90.0709
dp[3][188]=116.84
dp[4][188]=183.23
dp[5][188]=271.502
dp[6][188]=383.294
dp[7][188]=508.531
dp[8][188]=636.04
dp[9][188]=764.376
dp[10][188]=899.149
dp[11][188]=1035.25
dp[12][188]=1183.09
dp[13][188]=1331.04
Select best dp
Best k=2
Stratifying 2-th numerical feature ...
dp[2][188]=146.643
dp[3][188]=149.871
dp[4][188]=216.36
dp[5][188]=326.244
dp[6][188]=443.408
dp[7][188]=566.077
dp[8][188]=691.356
dp[9][188]=832.168
Select best dp
Best k=2
Stratifying 3-th numerical feature ...
dp[2][188]=90.0709
dp[3][188]=116.84
dp[4][188]=183.23
dp[5][188]=271.502
dp[6][188]=383.294
dp[7][188]=508.762
dp[8][188]=636.04
dp[9][188]=767.12
dp[10][188]=903.218
dp[11][188]=1052.59
dp[12][188]=1203.9
dp[13][188]=1370.54
Select best dp
Best k=2
Stratifying 2-th numerical feature ...
dp[2][188]=146.643
dp[3][188]=149.871
dp[4][188]=216.36
dp[5][188]=326.244
dp[6][188]=437.861
dp[7][188]=560.043
dp[8][188]=682.988
dp[9][188]=817.221
dp[10][188]=953.104
dp[11][188]=1096.89
dp[12][188]=1252.27
dp[13][188]=1428.67
Select best dp
dp[2][188]=146.643
Best k=2
dp[3][188]=149.871
dp[4][188]=216.36
dp[5][188]=326.244
dp[6][188]=437.861
dp[7][188]=560.043
dp[8][188]=682.988
dp[9][188]=817.221
dp[10][188]=953.104
dp[11][188]=1096.89
dp[12][188]=1252.27
dp[13][188]=1428.67
Select best dp
Best k=2
Stratifying 3-th numerical feature ...
Stratifying 3-th numerical feature ...
dp[2][188]=87.9861
dp[3][188]=90.5026
dp[4][188]=156.248
dp[5][188]=250.716
dp[6][188]=360.423
dp[7][188]=479.915
dp[8][188]=602.806
dp[9][188]=733.876
dp[10][188]=868.643
dp[11][188]=1011.7
dp[12][188]=1160.21
dp[13][188]=1327.91
Select best dp
Best k=2
Stratifying 2-th numerical feature ...
dp[2][188]=366.922
dp[3][188]=550.383
dp[4][188]=733.845
dp[5][188]=917.306
dp[6][188]=1100.77
dp[7][188]=1284.23
dp[8][188]=1467.69
dp[9][188]=1651.15
dp[10][188]=1834.61
dp[11][188]=2018.07
dp[12][188]=2201.53
dp[13][188]=2384.99
Select best dp
Best k=2
Stratifying 2-th numerical feature ...
dp[2][188]=-186.781
dp[3][188]=-316.703
dp[4][188]=-367.384
dp[5][188]=-374.302
dp[6][188]=-334.18
dp[7][188]=-266.705
dp[8][188]=-195.609
dp[9][188]=-116.91
dp[10][188]=-28.1757
dp[11][188]=87.1095
dp[12][188]=206.259
dp[13][188]=356.095
Select best dp
Best k=5
Stratifying 2-th numerical feature ...
dp[2][188]=90.0709
dp[3][188]=116.84
dp[4][188]=183.23
dp[5][188]=271.502
dp[6][188]=383.294
dp[7][188]=508.762
dp[8][188]=636.04
dp[9][188]=767.12
dp[10][188]=903.218
dp[11][188]=1052.59
dp[12][188]=1203.9
dp[13][188]=1370.54
Select best dp
Best k=2
dp[2][188]=228.497
dp[3][188]=333.612
dp[4][188]=458.537
dp[5][188]=594.404
dp[6][188]=742.03
dp[7][188]=896.495
dp[8][188]=1051.86
dp[9][188]=1209.14
dp[10][188]=1368.91
dp[11][188]=1535.33
dp[12][188]=1702.72
dp[13][188]=1877.77
Select best dp
Best k=2
Stratifying 2-th numerical feature ...
Stratifying 2-th numerical feature ...
dp[2][188]=90.0709
dp[3][188]=116.84
dp[4][188]=183.23
dp[5][188]=271.502
dp[6][188]=383.294
dp[7][188]=508.762
dp[8][188]=636.04
dp[9][188]=767.12
dp[10][188]=903.218
dp[11][188]=1052.59
dp[12][188]=1203.9
dp[13][188]=1370.54
Select best dp
Best k=2
dp[2][188]=78.2303
dp[3][188]=87.5145
dp[4][188]=151.89
dp[5][188]=240.765
dp[6][188]=342.441
dp[7][188]=459.544
dp[8][188]=578.67
dp[9][188]=706.707
dp[10][188]=835.743
dp[11][188]=977.82
dp[12][188]=1125.65
dp[13][188]=1287.81
Select best dp
Best k=2
Stratifying 2-th numerical feature ...
Stratifying 2-th numerical feature ...
dp[2][188]=146.643
dp[3][188]=149.871
dp[4][188]=216.36
dp[5][188]=326.244
dp[6][188]=436.137
dp[7][188]=558.318
dp[8][188]=681.264
dp[9][188]=815.418
dp[10][188]=950.176
dp[11][188]=1086.46
dp[12][188]=1236.65
dp[13][188]=1390
Select best dp
Best k=2
Stratifying 3-th numerical feature ...
dp[2][188]=-135.68
dp[3][188]=-151.658
dp[4][188]=-89.4246
dp[5][188]=8.9353
dp[6][188]=111.2
dp[7][188]=219
dp[8][188]=359.509
dp[9][188]=510.971
Select best dp
Best k=3
Stratifying 4-th numerical feature ...
dp[2][188]=146.643
dp[3][188]=149.871
dp[4][188]=216.36
dp[5][188]=326.244
dp[6][188]=436.137
dp[7][188]=558.318
dp[8][188]=681.264
dp[9][188]=815.418
dp[10][188]=950.176
dp[11][188]=1086.46
dp[12][188]=1234.18
dp[13][188]=1386.02
Select best dp
Best k=2
Stratifying 3-th numerical feature ...
dp[2][188]=-135.68
dp[3][188]=-151.658
dp[4][188]=-89.4246
dp[5][188]=-11.8705
dp[6][188]=90.319
dp[7][188]=196.909
dp[8][188]=326.503
dp[9][188]=458.961
dp[10][188]=593.523
dp[11][188]=736.68
dp[12][188]=891.979
dp[13][188]=1057.27
Select best dp
Best k=3
dp[2][188]=-135.68
dp[3][188]=-151.658
dp[4][188]=-89.4246
dp[5][188]=-11.8705
dp[6][188]=90.319
dp[7][188]=196.909
dp[8][188]=326.503
dp[9][188]=458.961
dp[10][188]=593.523
dp[11][188]=736.68
dp[12][188]=891.979
dp[13][188]=1057.27
Select best dp
Best k=3
Stratifying 4-th numerical feature ...
Stratifying 4-th numerical feature ...
dp[2][188]=90.0709
dp[3][188]=-5e+10
dp[4][188]=-5e+10
dp[5][188]=-5e+10
dp[6][188]=-5e+10
dp[7][188]=-5e+10
dp[8][188]=-5e+10
dp[9][188]=-5e+10
dp[10][188]=-5e+10
dp[11][188]=-5e+10
dp[12][188]=-5e+10
dp[13][188]=-5e+10
Select best dp
Best k=3
Stratifying 2-th numerical feature ...
dp[2][188]=146.643
dp[3][188]=149.871
dp[4][188]=216.36
dp[5][188]=326.244
dp[6][188]=437.861
dp[7][188]=560.043
dp[8][188]=682.988
dp[9][188]=817.221
dp[10][188]=953.104
dp[11][188]=1096.89
dp[12][188]=1252.27
dp[13][188]=1428.67
Select best dp
Best k=2
Stratifying 3-th numerical feature ...
dp[2][188]=-135.68
dp[3][188]=-151.658
dp[4][188]=-89.4246
dp[5][188]=-21.835
dp[6][188]=80.3544
dp[7][188]=186.944
dp[8][188]=316.538
dp[9][188]=448.996
dp[10][188]=583.558
dp[11][188]=726.652
dp[12][188]=870.1
dp[13][188]=1016.17
Select best dp
Best k=3
Stratifying 4-th numerical feature ...
dp[2][188]=-1653.31
dp[3][188]=-2000.71
dp[4][188]=-2031.66
dp[5][188]=-2053.98
dp[6][188]=-2006.77
dp[7][188]=-1907.25
dp[8][188]=-1806.09
dp[9][188]=-1699.68
Select best dp
Best k=5
Stratifying 5-th numerical feature ...
dp[2][188]=-1653.31
dp[3][188]=-2000.71
dp[4][188]=-2031.66
dp[5][188]=-2065.47
dp[6][188]=-2026.05
dp[7][188]=-1986.35
dp[8][188]=-1916.75
dp[9][188]=-1804.4
dp[10][188]=-1681.53
dp[11][188]=-1539.59
dp[12][188]=-1382.68
dp[13][188]=-1216.86
Select best dp
Best k=5
Stratifying 5-th numerical feature ...
dp[2][188]=-1653.31
dp[3][188]=-2000.71
dp[4][188]=-2031.66
dp[5][188]=-2065.47
dp[6][188]=-2026.05
dp[7][188]=-1986.35
dp[8][188]=-1916.75
dp[9][188]=-1804.4
dp[10][188]=-1681.53
dp[11][188]=-1539.59
dp[12][188]=-1382.68
dp[13][188]=-1216.86
Select best dp
Best k=5
Stratifying 5-th numerical feature ...
dp[2][188]=-135.68
dp[3][188]=-9e+10
dp[4][188]=-1.5e+11
dp[5][188]=-2.1e+11
dp[6][188]=-2.4e+11
dp[7][188]=-3e+11
dp[8][188]=-3.5e+11
dp[9][188]=-3.8e+11
dp[10][188]=-4.4e+11
dp[11][188]=-4.4e+11
dp[12][188]=-5e+11
dp[13][188]=-5e+11
Select best dp
Best k=12
Stratifying 4-th numerical feature ...
dp[2][188]=53.2792
dp[3][188]=-2.71064
dp[4][188]=39.0063
dp[5][188]=129.926
dp[6][188]=232.001
dp[7][188]=347.507
dp[8][188]=467.5
dp[9][188]=596.952
dp[10][188]=734.509
dp[11][188]=872.07
dp[12][188]=1026.34
dp[13][188]=1206.62
Select best dp
Best k=3
Stratifying 3-th numerical feature ...
dp[2][188]=366.922
dp[3][188]=550.383
dp[4][188]=733.845
dp[5][188]=917.306
dp[6][188]=1100.77
dp[7][188]=1284.23
dp[8][188]=1467.69
dp[9][188]=1651.15
dp[10][188]=1834.61
dp[11][188]=2018.07
dp[12][188]=2201.53
dp[13][188]=2384.99
Select best dp
Best k=2
Stratifying 3-th numerical feature ...
dp[2][188]=-73.6362
dp[3][188]=-250.641
dp[4][188]=-301.126
dp[5][188]=-264.817
dp[6][188]=-225.045
dp[7][188]=-164.143
dp[8][188]=-101.713
dp[9][188]=-16.7079
dp[10][188]=71.5962
dp[11][188]=175.711
dp[12][188]=303.008
dp[13][188]=472.351
Select best dp
Best k=4
dp[2][188]=256.783
dp[3][188]=350.127
dp[4][188]=475.102
dp[5][188]=621.775
dp[6][188]=769.314
dp[7][188]=922.135
dp[8][188]=1075.34
dp[9][188]=1234.19
dp[10][188]=1393.86
dp[11][188]=1557.48
dp[12][188]=1726.9
dp[13][188]=1906.83
Select best dp
Best k=2
Stratifying 3-th numerical feature ...
Stratifying 3-th numerical feature ...
dp[2][188]=146.643
dp[3][188]=149.871
dp[4][188]=216.36
dp[5][188]=326.244
dp[6][188]=437.861
dp[7][188]=560.043
dp[8][188]=682.988
dp[9][188]=817.221
dp[10][188]=953.104
dp[11][188]=1096.89
dp[12][188]=1252.27
dp[13][188]=1428.67
Select best dp
Best k=2
Stratifying 3-th numerical feature ...
dp[2][188]=-135.68
dp[3][188]=-151.658
dp[4][188]=-89.4246
dp[5][188]=-11.8705
dp[6][188]=90.319
dp[7][188]=196.909
dp[8][188]=326.503
dp[9][188]=458.961
dp[10][188]=593.523
dp[11][188]=736.68
dp[12][188]=891.979
dp[13][188]=1057.27
Select best dp
Best k=3
Stratifying 4-th numerical feature ...
dp[2][188]=146.643
dp[3][188]=149.871
dp[4][188]=216.36
dp[5][188]=326.244
dp[6][188]=437.861
dp[7][188]=560.043
dp[8][188]=682.988
dp[9][188]=817.221
dp[10][188]=953.104
dp[11][188]=1096.89
dp[12][188]=1252.27
dp[13][188]=1428.67
Select best dp
Best k=2
Stratifying 3-th numerical feature ...
dp[2][188]=-169.951
dp[3][188]=-223.591
dp[4][188]=-160.503
dp[5][188]=-79.4887
dp[6][188]=21.3084
dp[7][188]=149.82
dp[8][188]=286.847
dp[9][188]=440.779
Select best dp
Best k=3
Stratifying 6-th numerical feature ...
dp[2][188]=-1653.31
dp[3][188]=-2000.71
dp[4][188]=-2031.66
dp[5][188]=-2104.24
dp[6][188]=-2078.17
dp[7][188]=-2039.51
dp[8][188]=-1979.39
dp[9][188]=-1865.11
dp[10][188]=-1762.14
dp[11][188]=-1630.46
dp[12][188]=-1493.31
dp[13][188]=-1352.79
Select best dp
Best k=5
Stratifying 5-th numerical feature ...
dp[2][188]=63.1933
dp[3][188]=14.1237
dp[4][188]=48.6271
dp[5][188]=142.608
dp[6][188]=246.462
dp[7][188]=360.995
dp[8][188]=478.771
dp[9][188]=603.947
dp[10][188]=737.646
dp[11][188]=874.532
dp[12][188]=1030.25
dp[13][188]=1208.43
Select best dp
Best k=3
Stratifying 3-th numerical feature ...
dp[2][188]=-169.951
dp[3][188]=-223.591
dp[4][188]=-160.503
dp[5][188]=-79.4887
dp[6][188]=21.3084
dp[7][188]=149.584
dp[8][188]=280.455
dp[9][188]=412.443
dp[10][188]=547.237
dp[11][188]=683.963
dp[12][188]=821.032
dp[13][188]=974.868
Select best dp
Best k=3
Stratifying 6-th numerical feature ...
dp[2][188]=-169.951
dp[3][188]=-223.591
dp[4][188]=-160.503
dp[5][188]=-79.4887
dp[6][188]=21.3084
dp[7][188]=149.584
dp[8][188]=280.455
dp[9][188]=412.443
dp[10][188]=547.237
dp[11][188]=683.963
dp[12][188]=821.032
dp[13][188]=974.868
Select best dp
Best k=3
Stratifying 6-th numerical feature ...
dp[2][188]=-2229.57
dp[3][188]=-2400.77
dp[4][188]=-2410.76
dp[5][188]=-2365.34
dp[6][188]=-2276.62
dp[7][188]=-2163.15
dp[8][188]=-2048.77
dp[9][188]=-1930.15
Select best dp
Best k=4
Stratifying 7-th numerical feature ...
dp[2][188]=-1653.31
dp[3][188]=-2000.71
dp[4][188]=-2031.66
dp[5][188]=-2065.47
dp[6][188]=-2026.05
dp[7][188]=-1986.35
dp[8][188]=-1916.75
dp[9][188]=-1804.4
dp[10][188]=-1681.53
dp[11][188]=-1539.59
dp[12][188]=-1382.68
dp[13][188]=-1216.86
Select best dp
Best k=5
Stratifying 5-th numerical feature ...
dp[2][188]=-1653.31
dp[3][188]=-2000.71
dp[4][188]=-2033.22
dp[5][188]=-2119.72
dp[6][188]=-2094.8
dp[7][188]=-2055.75
dp[8][188]=-1995.2
dp[9][188]=-1880.92
dp[10][188]=-1777.95
dp[11][188]=-1649.62
dp[12][188]=-1525.49
dp[13][188]=-1395.53
Select best dp
Best k=5
Stratifying 5-th numerical feature ...
dp[2][188]=-169.951
dp[3][188]=-223.591
dp[4][188]=-160.503
dp[5][188]=-79.4887
dp[6][188]=21.3084
dp[7][188]=142.152
dp[8][188]=270.34
dp[9][188]=398.902
dp[10][188]=532.582
dp[11][188]=666.35
dp[12][188]=803.183
dp[13][188]=949.259
Select best dp
Best k=3
Stratifying 6-th numerical feature ...
dp[2][188]=-276.072
dp[3][188]=-445.918
dp[4][188]=-603.693
dp[5][188]=-574.629
dp[6][188]=-511.7
dp[7][188]=-430.914
dp[8][188]=-311.022
dp[9][188]=-125.812
Select best dp
Best k=4
Stratifying 8-th numerical feature ...
dp[2][188]=-2246.76
dp[3][188]=-2429.53
dp[4][188]=-2445.18
dp[5][188]=-2399.76
dp[6][188]=-2322.77
dp[7][188]=-2221.84
dp[8][188]=-2110.44
dp[9][188]=-1996.36
dp[10][188]=-1873.43
dp[11][188]=-1724.18
dp[12][188]=-1568.65
dp[13][188]=-1401.41
Select best dp
Best k=4
Stratifying 7-th numerical feature ...
dp[2][188]=146.643
dp[3][188]=-5e+10
dp[4][188]=-5e+10
dp[5][188]=-5e+10
dp[6][188]=-5e+10
dp[7][188]=-5e+10
dp[8][188]=-5e+10
dp[9][188]=-5e+10
dp[10][188]=-5e+10
dp[11][188]=-5e+10
dp[12][188]=-5e+10
dp[13][188]=-5e+10
Select best dp
Best k=3
Stratifying 3-th numerical feature ...
dp[2][188]=-2246.76
dp[3][188]=-2429.53
dp[4][188]=-2445.18
dp[5][188]=-2399.76
dp[6][188]=-2322.77
dp[7][188]=-2221.84
dp[8][188]=-2110.44
dp[9][188]=-1996.36
dp[10][188]=-1873.43
dp[11][188]=-1724.18
dp[12][188]=-1568.65
dp[13][188]=-1401.41
Select best dp
Best k=4
Stratifying 7-th numerical feature ...
dp[2][188]=-307.367
dp[3][188]=-414.134
dp[4][188]=-374.809
dp[5][188]=-313.698
dp[6][188]=-244.261
dp[7][188]=-162.529
dp[8][188]=-76.5385
dp[9][188]=46.9373
dp[10][188]=178.098
dp[11][188]=313.711
dp[12][188]=461.133
dp[13][188]=625.729
Select best dp
Best k=3
Stratifying 4-th numerical feature ...
dp[2][188]=366.922
dp[3][188]=550.383
dp[4][188]=733.845
dp[5][188]=917.306
dp[6][188]=1100.77
dp[7][188]=1284.23
dp[8][188]=1467.69
dp[9][188]=1651.15
dp[10][188]=1834.61
dp[11][188]=2018.07
dp[12][188]=2201.53
dp[13][188]=2384.99
Select best dp
Best k=2
Stratifying 4-th numerical feature ...
dp[2][188]=115.621
dp[3][188]=199.363
dp[4][188]=322.21
dp[5][188]=452.718
dp[6][188]=595.543
dp[7][188]=740.568
dp[8][188]=897.096
dp[9][188]=1055.06
dp[10][188]=1214.07
dp[11][188]=1377.38
dp[12][188]=1546.76
dp[13][188]=1721.13
Select best dp
Best k=2
Stratifying 4-th numerical feature ...
dp[2][188]=-638.283
dp[3][188]=-853.699
dp[4][188]=-912.694
dp[5][188]=-941.047
dp[6][188]=-920.129
dp[7][188]=-890.411
dp[8][188]=-814.684
dp[9][188]=-733.229
dp[10][188]=-647.565
dp[11][188]=-544.712
dp[12][188]=-417.576
dp[13][188]=-270.454
Select best dp
Best k=5
dp[2][188]=-169.951
dp[3][188]=-223.591
dp[4][188]=-160.503
dp[5][188]=-79.4887
dp[6][188]=21.3084
dp[7][188]=149.584
dp[8][188]=280.455
dp[9][188]=412.443
dp[10][188]=547.237
dp[11][188]=683.963
dp[12][188]=821.032
dp[13][188]=974.868
Select best dp
Best k=3
Stratifying 6-th numerical feature ...
Stratifying 4-th numerical feature ...
dp[2][188]=-135.68
dp[3][188]=-151.658
dp[4][188]=-89.4246
dp[5][188]=-11.8705
dp[6][188]=90.319
dp[7][188]=196.909
dp[8][188]=326.503
dp[9][188]=458.961
dp[10][188]=593.523
dp[11][188]=736.68
dp[12][188]=891.979
dp[13][188]=1057.27
Select best dp
Best k=3
Stratifying 4-th numerical feature ...
dp[2][188]=-135.68
dp[3][188]=-151.658
dp[4][188]=-89.4246
dp[5][188]=-11.8705
dp[6][188]=90.319
dp[7][188]=196.909
dp[8][188]=326.503
dp[9][188]=458.961
dp[10][188]=593.523
dp[11][188]=736.68
dp[12][188]=891.979
dp[13][188]=1057.27
Select best dp
Best k=3
Stratifying 4-th numerical feature ...
dp[2][188]=-169.951
dp[3][188]=-8e+10
dp[4][188]=-1.4e+11
dp[5][188]=-1.5e+11
dp[6][188]=-2.1e+11
dp[7][188]=-2.7e+11
dp[8][188]=-2.7e+11
dp[9][188]=-3.3e+11
dp[10][188]=-3.3e+11
dp[11][188]=-3.9e+11
dp[12][188]=-3.9e+11
dp[13][188]=-3.9e+11
Select best dp
Best k=12
Stratifying 6-th numerical feature ...
dp[2][188]=-295.979
dp[3][188]=-468.292
dp[4][188]=-596.826
dp[5][188]=-613.3
dp[6][188]=-551.795
dp[7][188]=-468.698
dp[8][188]=-339.685
dp[9][188]=-164.708
Select best dp
Best k=5
Stratifying 9-th numerical feature ...
dp[2][188]=-321.95
dp[3][188]=-533.205
dp[4][188]=-725.086
dp[5][188]=-712.635
dp[6][188]=-664.245
dp[7][188]=-595.08
dp[8][188]=-499.623
dp[9][188]=-398.945
dp[10][188]=-277.355
dp[11][188]=-137.262
dp[12][188]=7.5719
dp[13][188]=156.453
Select best dp
Best k=4
Stratifying 8-th numerical feature ...
dp[2][188]=-2246.76
dp[3][188]=-2429.53
dp[4][188]=-2445.18
dp[5][188]=-2399.76
dp[6][188]=-2322.77
dp[7][188]=-2221.84
dp[8][188]=-2110.44
dp[9][188]=-1998.77
dp[10][188]=-1884.7
dp[11][188]=-1764.65
dp[12][188]=-1624.96
dp[13][188]=-1484.21
Select best dp
Best k=4
Stratifying 7-th numerical feature ...
dp[2][188]=-263.153
dp[3][188]=-420.102
dp[4][188]=-570.437
dp[5][188]=-538.745
dp[6][188]=-472.72
dp[7][188]=-389.824
dp[8][188]=-295.504
dp[9][188]=-186.265
dp[10][188]=-57.8263
dp[11][188]=83.7602
dp[12][188]=234.059
dp[13][188]=385.98
Select best dp
Best k=4
Stratifying 8-th numerical feature ...
dp[2][188]=-2246.76
dp[3][188]=-2429.53
dp[4][188]=-2445.18
dp[5][188]=-2399.76
dp[6][188]=-2322.77
dp[7][188]=-2221.84
dp[8][188]=-2110.44
dp[9][188]=-1996.36
dp[10][188]=-1873.43
dp[11][188]=-1724.18
dp[12][188]=-1568.65
dp[13][188]=-1401.41
Select best dp
Best k=4
Stratifying 7-th numerical feature ...
dp[2][188]=-260.855
dp[3][188]=-309.829
dp[4][188]=-271.186
dp[5][188]=-214.187
dp[6][188]=-140.529
dp[7][188]=-44.0508
dp[8][188]=60.5381
dp[9][188]=189.384
dp[10][188]=322.567
dp[11][188]=458.889
dp[12][188]=608.718
dp[13][188]=772.596
Select best dp
Best k=3
Stratifying 4-th numerical feature ...
dp[2][188]=-273.546
dp[3][188]=-446.511
dp[4][188]=-562.421
dp[5][188]=-501.512
dp[6][188]=-435.505
dp[7][188]=-357.159
dp[8][188]=-238.997
dp[9][188]=-53.7233
Select best dp
Best k=4
Stratifying 10-th numerical feature ...
dp[2][188]=-325.772
dp[3][188]=-531.304
dp[4][188]=-682.84
dp[5][188]=-709.485
dp[6][188]=-660.08
dp[7][188]=-581.579
dp[8][188]=-472.619
dp[9][188]=-358.339
dp[10][188]=-243.286
dp[11][188]=-102.032
dp[12][188]=40.7182
dp[13][188]=202.893
Select best dp
Best k=5
Stratifying 9-th numerical feature ...
dp[2][188]=-294.933
dp[3][188]=-465.929
dp[4][188]=-593.672
dp[5][188]=-609.696
dp[6][188]=-547.875
dp[7][188]=-464.742
dp[8][188]=-350.448
dp[9][188]=-235.909
dp[10][188]=-115.808
dp[11][188]=24.2294
dp[12][188]=164.966
dp[13][188]=325.773
Select best dp
Best k=5
Stratifying 9-th numerical feature ...
dp[2][188]=-2246.76
dp[3][188]=-2429.53
dp[4][188]=-2445.18
dp[5][188]=-2399.76
dp[6][188]=-2346.71
dp[7][188]=-2257.99
dp[8][188]=-2152.31
dp[9][188]=-2040.91
dp[10][188]=-1926.83
dp[11][188]=-1809.2
dp[12][188]=-1680.23
dp[13][188]=-1545.75
Select best dp
Best k=4
Stratifying 7-th numerical feature ...
dp[2][188]=-263.153
dp[3][188]=-420.102
dp[4][188]=-570.437
dp[5][188]=-538.745
dp[6][188]=-472.72
dp[7][188]=-389.824
dp[8][188]=-295.504
dp[9][188]=-191.571
dp[10][188]=-82.3324
dp[11][188]=29.6132
dp[12][188]=161.796
dp[13][188]=295.869
Select best dp
Best k=4
Stratifying 8-th numerical feature ...
dp[2][188]=-1653.31
dp[3][188]=-2000.71
dp[4][188]=-2031.66
dp[5][188]=-2065.47
dp[6][188]=-2026.05
dp[7][188]=-1986.35
dp[8][188]=-1916.75
dp[9][188]=-1804.4
dp[10][188]=-1681.53
dp[11][188]=-1539.59
dp[12][188]=-1382.68
dp[13][188]=-1216.86
Select best dp
Best k=5
Stratifying 5-th numerical feature ...
dp[2][188]=-263.153
dp[3][188]=-420.102
dp[4][188]=-570.437
dp[5][188]=-538.745
dp[6][188]=-472.72
dp[7][188]=-389.824
dp[8][188]=-295.504
dp[9][188]=-186.265
dp[2][188]=-345.445
dp[10][188]=-57.8263
dp[11][188]=83.7602
dp[3][188]=-459.251
dp[12][188]=234.059
dp[13][188]=385.98
dp[4][188]=-410.786
Select best dp
Best k=4
dp[5][188]=-320.315
dp[6][188]=-188.185
dp[7][188]=-32.8642
dp[8][188]=99.2665
dp[9][188]=273.809
dp[10][188]=440.394
dp[11][188]=618.052
dp[12][188]=807.934
dp[13][188]=1007.83
Select best dp
Best k=3
Stratifying 8-th numerical feature ...
Stratifying 5-th numerical feature ...
dp[2][188]=-999.379
dp[3][188]=-1229.98
dp[4][188]=-1219.56
dp[5][188]=-1191.98
dp[6][188]=-1106.03
dp[7][188]=-1006.92
dp[8][188]=-906.614
dp[9][188]=-759.659
dp[10][188]=-618.805
dp[11][188]=-458.75
dp[12][188]=-287.374
dp[13][188]=-104.515
Select best dp
Best k=3
Stratifying 5-th numerical feature ...
dp[2][188]=-1653.31
dp[3][188]=-2000.71
dp[4][188]=-2031.66
dp[5][188]=-2065.47
dp[6][188]=-2026.05
dp[7][188]=-1986.35
dp[8][188]=-1916.75
dp[9][188]=-1804.4
dp[10][188]=-1681.53
dp[11][188]=-1539.59
dp[12][188]=-1382.68
dp[13][188]=-1216.86
Select best dp
Best k=5
Stratifying 5-th numerical feature ...
dp[2][188]=-2963.45
dp[3][188]=-3542.17
dp[4][188]=-3714.07
dp[5][188]=-3871.78
dp[6][188]=-3930.66
dp[7][188]=-3949.85
dp[8][188]=-3941.34
dp[9][188]=-3897.94
dp[10][188]=-3808.68
dp[11][188]=-3703.48
dp[12][188]=-3586.09
dp[13][188]=-3463.75
Select best dp
Best k=7
Stratifying 5-th numerical feature ...
dp[2][188]=-260.689
dp[3][188]=-462.607
dp[4][188]=-642.385
dp[5][188]=-613.793
dp[6][188]=-551.129
dp[7][188]=-453.404
dp[8][188]=-333.4
dp[9][188]=-129.693
Select best dp
Best k=4
Stratifying 11-th numerical feature ...
dp[2][188]=-958.148
dp[3][188]=-1020.08
dp[4][188]=-990.456
dp[5][188]=-911.007
dp[6][188]=-823.869
dp[7][188]=-717.858
dp[8][188]=-594.888
dp[9][188]=-466.145
dp[10][188]=-330.067
dp[11][188]=-191.287
dp[12][188]=-37.328
dp[13][188]=135.211
Select best dp
Best k=3
Stratifying 5-th numerical feature ...
dp[2][188]=-318.677
dp[3][188]=-533.637
dp[4][188]=-680.302
dp[5][188]=-653.161
dp[6][188]=-601.402
dp[7][188]=-547.063
dp[8][188]=-454.249
dp[9][188]=-332.339
dp[10][188]=-201.854
dp[11][188]=-67.3706
dp[12][188]=82.7283
dp[13][188]=272.346
Select best dp
Best k=4
dp[2][188]=-135.68
dp[3][188]=-9e+10
dp[4][188]=-1.5e+11
dp[5][188]=-2.1e+11
dp[6][188]=-2.6e+11
dp[7][188]=-3e+11
dp[8][188]=-3.5e+11
dp[9][188]=-4e+11
dp[10][188]=-4.5e+11
dp[11][188]=-4.9e+11
dp[12][188]=-5.4e+11
dp[13][188]=-5.8e+11
Select best dp
Best k=13
Stratifying 10-th numerical feature ...
Stratifying 4-th numerical feature ...
dp[2][188]=-260.592
dp[3][188]=-421.594
dp[4][188]=-529.161
dp[5][188]=-486.281
dp[6][188]=-426.603
dp[7][188]=-358.394
dp[8][188]=-260.405
dp[9][188]=-133.727
dp[10][188]=-2.10418
dp[11][188]=134.314
dp[12][188]=284.472
dp[13][188]=470.533
Select best dp
Best k=4
Stratifying 10-th numerical feature ...
dp[2][188]=-62.8766
dp[3][188]=-94.3228
dp[4][188]=-69.8908
dp[5][188]=-9.17376
dp[6][188]=83.9587
dp[7][188]=182.47
dp[8][188]=305.714
dp[9][188]=451.731
Select best dp
Best k=3
Stratifying 12-th numerical feature ...
dp[2][188]=-294.933
dp[3][188]=-465.929
dp[4][188]=-593.672
dp[5][188]=-609.696
dp[6][188]=-547.875
dp[7][188]=-464.742
dp[8][188]=-350.448
dp[9][188]=-235.909
dp[10][188]=-115.808
dp[11][188]=24.2294
dp[12][188]=164.966
dp[13][188]=325.773
Select best dp
Best k=5
Stratifying 9-th numerical feature ...
dp[2][188]=-294.933
dp[3][188]=-465.929
dp[4][188]=-593.672
dp[5][188]=-609.696
dp[6][188]=-547.875
dp[7][188]=-464.742
dp[8][188]=-362.653
dp[9][188]=-252.252
dp[10][188]=-140.051
dp[11][188]=-20.1239
dp[12][188]=109.212
dp[13][188]=254.678
Select best dp
Best k=5
Stratifying 9-th numerical feature ...
dp[2][188]=-1.89607e+10
dp[3][188]=-1.89607e+10
dp[4][188]=-1.89607e+10
dp[5][188]=-1.89607e+10
dp[6][188]=-1.89607e+10
dp[7][188]=-1.89607e+10
dp[8][188]=-1.89607e+10
dp[9][188]=-1.89607e+10
dp[10][188]=-1.89607e+10
dp[11][188]=-1.89607e+10
dp[12][188]=-1.89607e+10
dp[13][188]=-1.89607e+10
Select best dp
Best k=5
Stratifying 8-th numerical feature ...
dp[2][188]=-294.815
dp[3][188]=-533.409
dp[4][188]=-734.177
dp[5][188]=-718.249
dp[6][188]=-667.593
dp[7][188]=-576.513
dp[8][188]=-464.879
dp[9][188]=-348.043
dp[10][188]=-233.54
dp[11][188]=-101.091
dp[12][188]=34.2968
dp[13][188]=227.712
Select best dp
Best k=4
Stratifying 11-th numerical feature ...
dp[2][188]=-245.238
dp[3][188]=-444.135
dp[4][188]=-610.961
dp[5][188]=-578.971
dp[2][188]=-1333.39
dp[6][188]=-513.975
dp[7][188]=-417.348
dp[3][188]=-1557.09
dp[8][188]=-303.85
dp[9][188]=-187.242
dp[4][188]=-1557.1
dp[10][188]=-65.0584
dp[5][188]=-1549.49
dp[11][188]=67.7803
dp[6][188]=-1491.03
dp[12][188]=204.154
dp[7][188]=-1409.69
dp[13][188]=398.12
Select best dp
dp[8][188]=-1317.97
Best k=4
dp[9][188]=-1208.45
dp[10][188]=-1074.87
dp[11][188]=-932.145
dp[12][188]=-783.918
dp[13][188]=-631.802
Select best dp
Best k=4
Stratifying 11-th numerical feature ...
Stratifying 5-th numerical feature ...
dp[2][188]=-146.147
dp[3][188]=-145.896
dp[4][188]=-105.903
dp[5][188]=-68.0468
dp[6][188]=1.29547
dp[7][188]=120.939
dp[8][188]=247.595
dp[9][188]=439.403
Select best dp
Best k=2
Stratifying 13-th numerical feature ...
dp[2][188]=-260.592
dp[3][188]=-421.594
dp[4][188]=-529.161
dp[5][188]=-486.281
dp[6][188]=-426.603
dp[7][188]=-358.394
dp[8][188]=-260.405
dp[9][188]=-133.727
dp[10][188]=-2.10418
dp[11][188]=134.314
dp[12][188]=284.472
dp[13][188]=470.533
Select best dp
Best k=4
Stratifying 10-th numerical feature ...
dp[2][188]=366.922
dp[3][188]=550.383
dp[4][188]=733.845
dp[5][188]=917.306
dp[6][188]=1100.77
dp[7][188]=1284.23
dp[8][188]=1467.69
dp[9][188]=1651.15
dp[10][188]=1834.61
dp[11][188]=2018.07
dp[12][188]=2201.53
dp[13][188]=2384.99
Select best dp
Best k=2
Stratifying 6-th numerical feature ...
dp[2][188]=98.4855
dp[3][188]=163.396
dp[4][188]=286.671
dp[5][188]=418.909
dp[6][188]=561.038
dp[7][188]=716.906
dp[8][188]=874.072
dp[9][188]=1031.8
dp[10][188]=1190.92
dp[11][188]=1351.02
dp[12][188]=1511.28
dp[13][188]=1679.93
Select best dp
Best k=2
Stratifying 6-th numerical feature ...
dp[2][188]=-260.592
dp[3][188]=-421.594
dp[4][188]=-529.161
dp[5][188]=-486.281
dp[6][188]=-426.603
dp[7][188]=-358.394
dp[8][188]=-263.919
dp[9][188]=-165.93
dp[10][188]=-49.9369
dp[11][188]=74.8167
dp[12][188]=206.44
dp[13][188]=342.674
Select best dp
Best k=4
Stratifying 10-th numerical feature ...
dp[2][188]=-706.825
dp[3][188]=-997.565
dp[4][188]=-1054.85
dp[5][188]=-1076.28
dp[6][188]=-1058.15
dp[7][188]=-985.06
dp[8][188]=-906.78
dp[9][188]=-826.264
dp[10][188]=-740.137
dp[11][188]=-650.146
dp[12][188]=-559.469
dp[13][188]=-435.259
Select best dp
Best k=5
Stratifying 6-th numerical feature ...
dp[2][188]=-169.951
dp[3][188]=-223.591
dp[4][188]=-160.503
dp[5][188]=-79.4887
dp[6][188]=21.3084
dp[7][188]=149.584
dp[8][188]=280.455
dp[9][188]=412.443
dp[10][188]=547.237
dp[11][188]=683.963
dp[12][188]=821.032
dp[13][188]=974.868
Select best dp
Best k=3
dp[2][188]=-665.559
dp[3][188]=-803.893
dp[4][188]=-778.645
dp[5][188]=-724.358
dp[6][188]=-639.129
dp[7][188]=-533.163
dp[8][188]=-413.45
dp[9][188]=-291.369
dp[10][188]=-163.208
dp[11][188]=-30.353
dp[12][188]=110.808
dp[13][188]=263.979
Select best dp
Best k=3
Stratifying 6-th numerical feature ...
Stratifying 6-th numerical feature ...
dp[2][188]=-8e+10
dp[3][188]=-8e+10
dp[4][188]=-8e+10
dp[5][188]=-8e+10
dp[6][188]=-8e+10
dp[7][188]=-8e+10
dp[8][188]=-8e+10
dp[9][188]=-8e+10
dp[10][188]=-8e+10
dp[11][188]=-8e+10
dp[12][188]=-8e+10
dp[13][188]=-8e+10
Select best dp
Best k=5
Stratifying 9-th numerical feature ...
dp[2][188]=-69.4801
dp[3][188]=-161.9
dp[4][188]=-125.33
dp[5][188]=-50.8712
dp[6][188]=48.5069
dp[7][188]=154.382
dp[8][188]=268.15
dp[9][188]=404.508
Select best dp
Best k=3
Stratifying 14-th numerical feature ...
dp[2][188]=156.278
dp[3][188]=174.991
dp[4][188]=232.835
dp[5][188]=322.655
dp[6][188]=413.291
dp[7][188]=516.487
dp[8][188]=644.621
dp[9][188]=778.535
dp[10][188]=919.355
dp[11][188]=1060.41
dp[12][188]=1229.83
dp[13][188]=1405.55
Select best dp
Best k=2
Stratifying 12-th numerical feature ...
dp[2][188]=-169.951
dp[3][188]=-223.591
dp[4][188]=-160.503
dp[5][188]=-79.4887
dp[6][188]=21.3084
dp[7][188]=149.584
dp[8][188]=280.455
dp[9][188]=412.443
dp[10][188]=547.237
dp[11][188]=683.963
dp[12][188]=821.032
dp[13][188]=974.868
Select best dp
Best k=3
Stratifying 6-th numerical feature ...
dp[2][188]=-72.2308
dp[3][188]=-111.654
dp[4][188]=-96.8163
dp[5][188]=-33.6525
dp[6][188]=42.2136
dp[7][188]=132.982
dp[8][188]=257.089
dp[9][188]=388.1
dp[10][188]=524.525
dp[11][188]=663.516
dp[12][188]=829.269
dp[13][188]=996.572
Select best dp
Best k=3
Stratifying 12-th numerical feature ...
dp[2][188]=-245.238
dp[3][188]=-444.135
dp[4][188]=-610.961
dp[5][188]=-578.971
dp[6][188]=-513.975
dp[7][188]=-417.348
dp[8][188]=-303.85
dp[9][188]=-187.242
dp[10][188]=-65.0584
dp[11][188]=67.7803
dp[12][188]=204.154
dp[13][188]=398.12
Select best dp
Best k=4
Stratifying 11-th numerical feature ...
dp[2][188]=-245.238
dp[3][188]=-444.135
dp[4][188]=-610.961
dp[5][188]=-578.971
dp[6][188]=-513.975
dp[7][188]=-417.348
dp[8][188]=-311.528
dp[9][188]=-202.299
dp[10][188]=-91.5778
dp[11][188]=23.1246
dp[12][188]=153.602
dp[13][188]=286.299
Select best dp
Best k=4
Stratifying 11-th numerical feature ...
dp[2][188]=-276.646
dp[3][188]=-455.618
dp[4][188]=-610.917
dp[5][188]=-550.233
dp[6][188]=-481.459
dp[7][188]=-404.585
dp[8][188]=-278.91
dp[9][188]=-126.374
Select best dp
Best k=4
Stratifying 15-th numerical feature ...
dp[2][188]=103.402
dp[3][188]=139.528
dp[4][188]=205.623
dp[5][188]=301.086
dp[6][188]=396.835
dp[7][188]=518.076
dp[8][188]=642.475
dp[9][188]=783.315
dp[10][188]=927.471
dp[11][188]=1086.16
dp[12][188]=1248.02
dp[13][188]=1413.54
Select best dp
Best k=2
Stratifying 13-th numerical feature ...
dp[2][188]=-1653.31
dp[3][188]=-2000.71
dp[4][188]=-2033.22
dp[5][188]=-2121.24
dp[6][188]=-2096.31
dp[7][188]=-2057.35
dp[8][188]=-1996.71
dp[9][188]=-1882.43
dp[10][188]=-1779.46
dp[11][188]=-1655.44
dp[12][188]=-1532.34
dp[13][188]=-1402.39
Select best dp
Best k=5
Stratifying 5-th numerical feature ...
dp[2][188]=-147.34
dp[3][188]=-146.929
dp[4][188]=-106.941
dp[5][188]=-68.498
dp[6][188]=-16.3559
dp[7][188]=92.4312
dp[8][188]=207.661
dp[9][188]=349.207
dp[10][188]=495.206
dp[11][188]=649.564
dp[12][188]=807.466
dp[13][188]=978.746
Select best dp
Best k=2
Stratifying 13-th numerical feature ...
dp[2][188]=-260.592
dp[3][188]=-421.594
dp[4][188]=-529.161
dp[5][188]=-486.281
dp[6][188]=-426.603
dp[7][188]=-358.394
dp[8][188]=-263.919
dp[9][188]=-165.93
dp[10][188]=-49.9369
dp[11][188]=74.8167
dp[12][188]=206.44
dp[13][188]=339.768
Select best dp
Best k=4
Stratifying 10-th numerical feature ...
dp[2][188]=-72.2308
dp[3][188]=-111.654
dp[4][188]=-96.8163
dp[5][188]=-33.6525
dp[6][188]=42.2136
dp[7][188]=132.982
dp[8][188]=257.089
dp[9][188]=388.1
dp[10][188]=524.525
dp[11][188]=663.516
dp[12][188]=829.269
dp[13][188]=996.572
Select best dp
Best k=3
Stratifying 12-th numerical feature ...
dp[2][188]=-691.755
dp[3][188]=-620.192
dp[4][188]=-504.608
dp[5][188]=-365.175
dp[6][188]=-209.694
dp[7][188]=-33.7515
dp[8][188]=145.954
dp[9][188]=323.048
dp[10][188]=502.754
dp[11][188]=685.166
dp[12][188]=867.948
dp[13][188]=1064.23
Select best dp
Best k=2
Stratifying 7-th numerical feature ...
dp[2][188]=-1467.41
dp[3][188]=-1520.2
dp[4][188]=-1467.65
dp[5][188]=-1377.78
dp[6][188]=-1264.06
dp[7][188]=-1122.16
dp[8][188]=-976.38
dp[9][188]=-830.01
dp[10][188]=-680.079
dp[11][188]=-514.831
dp[12][188]=-346.648
dp[13][188]=-167.939
Select best dp
Best k=3
Stratifying 7-th numerical feature ...
dp[2][188]=-3806.03
dp[3][188]=-4249.47
dp[4][188]=-4434.96
dp[5][188]=-4460.98
dp[6][188]=-4480.85
dp[7][188]=-4439.11
dp[8][188]=-4387.75
dp[9][188]=-4335.79
dp[10][188]=-4263.23
dp[11][188]=-4149.4
dp[12][188]=-4015.84
dp[13][188]=-3871.65
Select best dp
Best k=6
dp[2][188]=-146.194
dp[3][188]=-213.287
dp[4][188]=-244.323
dp[5][188]=-242.912
dp[6][188]=-141.541
dp[7][188]=-21.9392
dp[8][188]=118.641
dp[9][188]=281.92
Select best dp
Best k=4
Stratifying 16-th numerical feature ...
Stratifying 7-th numerical feature ...
dp[2][188]=-429.787
dp[3][188]=-519.425
dp[4][188]=-479.862
dp[5][188]=-416.391
dp[6][188]=-318.219
dp[7][188]=-214.455
dp[8][188]=-104.538
dp[9][188]=17.662
dp[10][188]=147.792
dp[11][188]=279.937
dp[12][188]=419.37
dp[13][188]=572.413
Select best dp
Best k=3
dp[2][188]=-2067.92
dp[3][188]=-2263.68
dp[4][188]=-2285.78
dp[5][188]=-2226.08
dp[6][188]=-2157.41
dp[7][188]=-2051.85
dp[8][188]=-1939.81
dp[9][188]=-1826.02
dp[10][188]=-1698.67
dp[11][188]=-1550.21
dp[12][188]=-1394.79
dp[13][188]=-1230.44
Select best dp
Best k=4
Stratifying 6-th numerical feature ...
Stratifying 7-th numerical feature ...
dp[2][188]=-1209.35
dp[3][188]=-1283.15
dp[4][188]=-1263.68
dp[5][188]=-1182.08
dp[6][188]=-1079.94
dp[7][188]=-962.512
dp[8][188]=-836.79
dp[9][188]=-709.138
dp[10][188]=-573.728
dp[11][188]=-428.96
dp[12][188]=-266.716
dp[13][188]=-98.6541
Select best dp
Best k=3
Stratifying 7-th numerical feature ...
dp[2][188]=-72.2308
dp[3][188]=-111.654
dp[4][188]=-96.8163
dp[5][188]=-33.6525
dp[6][188]=42.2136
dp[7][188]=132.982
dp[8][188]=257.089
dp[9][188]=383.014
dp[10][188]=514.024
dp[11][188]=650.216
dp[12][188]=786.631
dp[13][188]=930.495
Select best dp
Best k=3
Stratifying 12-th numerical feature ...
dp[2][188]=132.637
dp[3][188]=117.798
dp[4][188]=174.482
dp[5][188]=243.629
dp[6][188]=344.496
dp[7][188]=469.112
dp[8][188]=600.932
dp[9][188]=742.342
dp[10][188]=887.523
dp[11][188]=1044.73
dp[12][188]=1214.6
dp[13][188]=1403.79
Select best dp
Best k=3
Stratifying 14-th numerical feature ...
dp[2][188]=-62.2358
dp[3][188]=-167.58
dp[4][188]=-139.091
dp[5][188]=-77.2241
dp[6][188]=-2.19112
dp[7][188]=87.8089
dp[8][188]=199.387
dp[9][188]=332.06
dp[10][188]=473.156
dp[11][188]=631.606
dp[12][188]=800.171
dp[13][188]=988.086
Select best dp
Best k=3
Stratifying 14-th numerical feature ...
dp[2][188]=-2246.76
dp[3][188]=-2429.53
dp[4][188]=-2445.18
dp[5][188]=-2399.76
dp[6][188]=-2322.77
dp[7][188]=-2221.84
dp[8][188]=-2110.44
dp[9][188]=-1996.36
dp[10][188]=-1873.43
dp[11][188]=-1724.18
dp[12][188]=-1568.65
dp[13][188]=-1401.41
Select best dp
Best k=4
Stratifying 7-th numerical feature ...
dp[2][188]=-147.34
dp[3][188]=-146.929
dp[4][188]=-106.941
dp[5][188]=-68.498
dp[6][188]=-16.3559
dp[7][188]=92.4312
dp[8][188]=207.661
dp[9][188]=349.207
dp[10][188]=495.206
dp[11][188]=649.564
dp[12][188]=807.466
dp[13][188]=978.746
Select best dp
Best k=2
Stratifying 13-th numerical feature ...
dp[2][188]=-213.277
dp[3][188]=-207.883
dp[4][188]=-203.686
dp[5][188]=-116.234
dp[6][188]=-1.96362
dp[7][188]=118.782
dp[8][188]=246.45
dp[9][188]=393.795
Select best dp
Best k=2
dp[2][188]=-7e+10
dp[3][188]=-7e+10
dp[4][188]=-7e+10
dp[5][188]=-7e+10
dp[6][188]=-7e+10
dp[7][188]=-7e+10
dp[8][188]=-7e+10
dp[9][188]=-7e+10
dp[10][188]=-7e+10
dp[11][188]=-7e+10
dp[12][188]=-7e+10
dp[13][188]=-7e+10
Select best dp
Best k=5
Stratifying 11-th numerical feature ...
dp[2][188]=-310.199
dp[3][188]=-525.204
dp[4][188]=-707.141
dp[5][188]=-671.951
dp[6][188]=-622.279
dp[7][188]=-551.732
dp[8][188]=-460.143
dp[9][188]=-348.344
dp[10][188]=-234.487
dp[11][188]=-107.674
dp[12][188]=32.8085
dp[13][188]=182.926
Select best dp
Best k=4
Stratifying 15-th numerical feature ...
dp[2][188]=-147.34
dp[3][188]=-146.929
dp[4][188]=-106.941
dp[5][188]=-68.498
dp[6][188]=-16.3559
dp[7][188]=80.7405
dp[8][188]=195.971
dp[9][188]=331.727
dp[10][188]=473.273
dp[11][188]=619.175
dp[12][188]=768.748
dp[13][188]=918.775
Select best dp
Best k=2
Stratifying 13-th numerical feature ...
dp[2][188]=-251.235
dp[3][188]=-413.016
dp[4][188]=-553.265
dp[5][188]=-503.912
dp[6][188]=-438.301
dp[7][188]=-356.416
dp[8][188]=-258.325
dp[9][188]=-144.849
dp[10][188]=-27.6696
dp[11][188]=105.363
dp[12][188]=248.783
dp[13][188]=398.92
Select best dp
Best k=4
Stratifying 15-th numerical feature ...
dp[2][188]=-62.2358
dp[3][188]=-167.58
dp[4][188]=-139.091
dp[5][188]=-77.2241
dp[6][188]=-2.19112
dp[7][188]=87.8089
dp[8][188]=199.387
dp[9][188]=332.06
dp[10][188]=473.156
dp[11][188]=631.606
dp[12][188]=800.171
dp[13][188]=988.086
Select best dp
Best k=3
Stratifying 14-th numerical feature ...
dp[2][188]=87.3857
dp[3][188]=126.974
dp[4][188]=176.806
dp[5][188]=303.669
dp[6][188]=438.854
dp[7][188]=585.011
dp[8][188]=736.897
dp[9][188]=891.516
dp[10][188]=1054.02
dp[11][188]=1219.07
dp[12][188]=1389.28
dp[13][188]=1566.31
Select best dp
Best k=2
Stratifying 8-th numerical feature ...
dp[2][188]=-613.691
dp[3][188]=-967.179
dp[4][188]=-1319.81
dp[5][188]=-1389.64
dp[6][188]=-1392.57
dp[7][188]=-1372.55
dp[8][188]=-1331.03
dp[9][188]=-1268.87
dp[10][188]=-1183.98
dp[11][188]=-1064.2
dp[12][188]=-933.583
dp[13][188]=-796.048
Select best dp
Best k=6
dp[2][188]=-87.8836
dp[3][188]=-146.564
dp[4][188]=-196.197
dp[5][188]=-116.736
dp[6][188]=-16.234
dp[7][188]=100.712
dp[8][188]=221.626
dp[9][188]=354.077
dp[10][188]=503.707
dp[11][188]=655.294
dp[12][188]=812.106
dp[13][188]=976.144
Select best dp
Best k=4
Stratifying 8-th numerical feature ...
Stratifying 8-th numerical feature ...
dp[2][188]=-252.077
dp[3][188]=-400.359
dp[4][188]=-538.472
dp[5][188]=-503.843
dp[6][188]=-432.924
dp[7][188]=-346.64
dp[8][188]=-249.903
dp[9][188]=-138.351
dp[10][188]=-8.73379
dp[11][188]=133.951
dp[12][188]=282.499
dp[13][188]=436.28
Select best dp
Best k=4
Stratifying 8-th numerical feature ...
dp[2][188]=16.3496
dp[3][188]=-2.49076
dp[4][188]=-15.5334
dp[5][188]=66.3672
dp[6][188]=180.875
dp[7][188]=297.998
dp[8][188]=429.719
dp[9][188]=562.75
dp[10][188]=707.299
dp[11][188]=868.954
dp[12][188]=1031.35
dp[13][188]=1202.44
Select best dp
Best k=4
Stratifying 8-th numerical feature ...
dp[2][188]=-72.2308
dp[3][188]=-111.654
dp[4][188]=-96.8163
dp[5][188]=-33.6525
dp[6][188]=42.2136
dp[7][188]=132.982
dp[8][188]=253.678
dp[9][188]=377.786
dp[10][188]=503.71
dp[11][188]=634.721
dp[12][188]=765.916
dp[13][188]=896.926
Select best dp
Best k=3
Stratifying 12-th numerical feature ...
dp[2][188]=-169.951
dp[3][188]=-8e+10
dp[4][188]=-1.4e+11
dp[5][188]=-1.5e+11
dp[6][188]=-2.1e+11
dp[7][188]=-2.7e+11
dp[8][188]=-2.8e+11
dp[9][188]=-3.4e+11
dp[10][188]=-3.4e+11
dp[11][188]=-4e+11
dp[12][188]=-4e+11
dp[13][188]=-4.5e+11
Select best dp
Best k=13
Stratifying 6-th numerical feature ...
dp[2][188]=128.107
dp[3][188]=168.727
dp[4][188]=211.813
dp[5][188]=272
dp[6][188]=369.106
dp[7][188]=496.156
dp[8][188]=630.764
dp[9][188]=770.176
dp[10][188]=909.707
dp[11][188]=1060.04
dp[12][188]=1217.47
dp[13][188]=1380.99
Select best dp
Best k=2
Stratifying 16-th numerical feature ...
dp[2][188]=-146.421
dp[3][188]=-213.889
dp[4][188]=-245.28
dp[5][188]=-243.932
dp[6][188]=-142.533
dp[7][188]=-27.4567
dp[8][188]=88.1621
dp[9][188]=205.515
dp[10][188]=340.584
dp[11][188]=491.081
dp[12][188]=651.546
dp[13][188]=829.824
Select best dp
Best k=4
Stratifying 16-th numerical feature ...
dp[2][188]=-62.2358
dp[3][188]=-167.58
dp[4][188]=-139.091
dp[5][188]=-77.2241
dp[6][188]=-2.19112
dp[7][188]=87.8089
dp[8][188]=199.387
dp[9][188]=331.259
dp[10][188]=466.02
dp[11][188]=604.742
dp[12][188]=746.776
dp[13][188]=894.667
Select best dp
Best k=3
Stratifying 14-th numerical feature ...
dp[2][188]=-263.153
dp[3][188]=-420.102
dp[4][188]=-570.437
dp[5][188]=-538.745
dp[6][188]=-472.72
dp[7][188]=-389.824
dp[8][188]=-295.504
dp[9][188]=-186.265
dp[10][188]=-57.8263
dp[11][188]=83.7602
dp[12][188]=234.059
dp[13][188]=385.98
Select best dp
Best k=4
Stratifying 8-th numerical feature ...
dp[2][188]=-251.235
dp[3][188]=-413.016
dp[4][188]=-553.265
dp[5][188]=-503.912
dp[6][188]=-438.301
dp[7][188]=-356.416
dp[8][188]=-258.325
dp[9][188]=-144.849
dp[10][188]=-27.6696
dp[11][188]=105.363
dp[12][188]=248.783
dp[13][188]=398.92
Select best dp
Best k=4
Stratifying 15-th numerical feature ...
dp[2][188]=-1742.74
dp[3][188]=-1902.05
dp[4][188]=-1915.72
dp[5][188]=-1842.66
dp[6][188]=-1769.21
dp[7][188]=-1662.85
dp[8][188]=-1550.7
dp[9][188]=-1431.94
dp[10][188]=-1303
dp[11][188]=-1155.04
dp[12][188]=-997.583
dp[13][188]=-838.068
Select best dp
Best k=4
Stratifying 7-th numerical feature ...
dp[2][188]=-213.277
dp[3][188]=-207.883
dp[4][188]=-203.686
dp[5][188]=-116.234
dp[6][188]=-1.96362
dp[7][188]=117.554
dp[8][188]=241.515
dp[9][188]=377.483
dp[10][188]=516.764
dp[11][188]=675.16
dp[12][188]=841.834
dp[13][188]=1009.6
Select best dp
Best k=2
dp[2][188]=-345.801
dp[3][188]=-438.389
dp[4][188]=-448.477
dp[5][188]=-371.545
dp[6][188]=-268.547
dp[7][188]=-158.797
dp[8][188]=-40.158
dp[9][188]=84.499
dp[10][188]=210.954
dp[11][188]=351.246
dp[12][188]=500.934
dp[13][188]=666.236
Select best dp
Best k=4
dp[2][188]=-147.34
dp[3][188]=-146.929
dp[4][188]=-106.941
dp[5][188]=-68.498
dp[6][188]=-16.3559
dp[7][188]=80.7405
dp[8][188]=195.971
dp[9][188]=331.727
dp[10][188]=473.273
dp[11][188]=616.874
dp[12][188]=761.262
dp[13][188]=906.202
Select best dp
Best k=2
Stratifying 13-th numerical feature ...
dp[2][188]=-251.235
dp[3][188]=-413.016
dp[4][188]=-553.265
dp[5][188]=-503.912
dp[6][188]=-438.301
dp[7][188]=-356.416
dp[8][188]=-262.003
dp[9][188]=-163.912
dp[10][188]=-60.2389
dp[11][188]=43.1035
dp[12][188]=163.424
dp[13][188]=288.135
Select best dp
Best k=4
Stratifying 15-th numerical feature ...
dp[2][188]=60.9881
dp[3][188]=78.5282
dp[4][188]=109.717
dp[5][188]=238.636
dp[6][188]=369.468
dp[7][188]=523.846
dp[8][188]=681.682
dp[9][188]=846.286
dp[10][188]=1013.8
dp[11][188]=1183.24
dp[12][188]=1364.73
dp[13][188]=1549.24
Select best dp
Best k=2
dp[2][188]=-146.421
dp[3][188]=-213.889
dp[4][188]=-245.28
dp[5][188]=-243.932
dp[6][188]=-142.533
dp[7][188]=-27.4567
dp[8][188]=88.1621
dp[9][188]=205.515
dp[10][188]=340.584
dp[11][188]=491.081
dp[12][188]=651.546
dp[13][188]=829.824
Select best dp
Best k=4
Stratifying 9-th numerical feature ...
Stratifying 16-th numerical feature ...
dp[2][188]=-650.855
dp[3][188]=-1010.39
dp[4][188]=-1337.13
dp[5][188]=-1462.42
dp[6][188]=-1467.71
dp[7][188]=-1458.31
dp[8][188]=-1398.99
dp[9][188]=-1329.48
dp[10][188]=-1255.82
dp[11][188]=-1155.52
dp[12][188]=-1040.59
dp[13][188]=-900.467
Select best dp
Best k=6
Stratifying 9-th numerical feature ...
dp[2][188]=-116.973
dp[3][188]=-193.701
dp[4][188]=-240.267
dp[5][188]=-183.438
dp[6][188]=-87.9582
dp[7][188]=31.8494
dp[8][188]=167.963
dp[9][188]=309.191
dp[10][188]=452.284
dp[11][188]=604.877
dp[12][188]=766.349
dp[13][188]=938.487
Select best dp
Best k=4
Stratifying 9-th numerical feature ...
dp[2][188]=-294.933
dp[3][188]=-465.929
dp[4][188]=-593.672
dp[5][188]=-609.696
dp[6][188]=-547.875
dp[7][188]=-464.742
dp[8][188]=-350.448
dp[9][188]=-235.909
dp[10][188]=-115.808
dp[11][188]=24.2294
dp[12][188]=164.966
dp[13][188]=325.773
Select best dp
Best k=5
Stratifying 9-th numerical feature ...
dp[2][188]=11.001
dp[3][188]=-3.7713
dp[4][188]=-9.60904
dp[5][188]=58.1835
dp[6][188]=172.045
dp[7][188]=288.084
dp[8][188]=414.585
dp[9][188]=550.751
dp[10][188]=690.989
dp[11][188]=832.719
dp[12][188]=991.07
dp[13][188]=1158.28
Select best dp
Best k=4
Stratifying 9-th numerical feature ...
dp[2][188]=-255.381
dp[3][188]=-398.023
dp[4][188]=-508.987
dp[5][188]=-504.822
dp[6][188]=-431.735
dp[7][188]=-344.297
dp[8][188]=-228.738
dp[9][188]=-110.678
dp[10][188]=10.1778
dp[11][188]=143.744
dp[12][188]=287.03
dp[13][188]=448.627
Select best dp
Best k=4
Stratifying 9-th numerical feature ...
dp[2][188]=-345.801
dp[3][188]=-438.389
dp[4][188]=-448.477
dp[5][188]=-371.545
dp[6][188]=-268.547
dp[7][188]=-158.797
dp[8][188]=-40.158
dp[9][188]=84.499
dp[10][188]=210.954
dp[2][188]=85.8681
dp[11][188]=351.246
dp[3][188]=126.383
dp[12][188]=500.934
dp[4][188]=185.713
dp[13][188]=666.236
dp[5][188]=312.337
Select best dp
dp[6][188]=446.835
Best k=4
dp[7][188]=597.484
dp[8][188]=753.726
dp[9][188]=919.704
dp[10][188]=1086.23
dp[11][188]=1261.35
dp[12][188]=1436.85
dp[13][188]=1628.31
Select best dp
Best k=2
Stratifying 10-th numerical feature ...
dp[2][188]=-146.421
dp[3][188]=-213.889
dp[4][188]=-245.28
dp[5][188]=-243.932
dp[6][188]=-142.533
dp[7][188]=-27.4567
dp[8][188]=88.1621
dp[9][188]=205.515
dp[10][188]=338.09
dp[11][188]=473.159
dp[12][188]=613.431
dp[13][188]=755.168
Select best dp
Best k=4
Stratifying 16-th numerical feature ...
dp[2][188]=-62.2358
dp[3][188]=-167.58
dp[4][188]=-139.091
dp[5][188]=-77.2241
dp[6][188]=-2.19112
dp[7][188]=87.8089
dp[8][188]=199.387
dp[9][188]=331.259
dp[10][188]=464.366
dp[11][188]=598.223
dp[12][188]=734.087
dp[13][188]=870.922
Select best dp
Best k=3
Stratifying 14-th numerical feature ...
dp[2][188]=-260.592
dp[3][188]=-421.594
dp[4][188]=-529.161
dp[5][188]=-486.281
dp[6][188]=-426.603
dp[7][188]=-358.394
dp[8][188]=-260.405
dp[9][188]=-133.727
dp[10][188]=-2.10418
dp[11][188]=134.314
dp[12][188]=284.472
dp[13][188]=470.533
Select best dp
Best k=4
Stratifying 10-th numerical feature ...
dp[2][188]=-229.536
dp[3][188]=-372.984
dp[4][188]=-502.537
dp[5][188]=-464.603
dp[6][188]=-391.429
dp[7][188]=-303.154
dp[8][188]=-204
dp[9][188]=-90.318
dp[10][188]=39.3752
dp[11][188]=186.985
dp[12][188]=335.808
dp[13][188]=487.838
Select best dp
Best k=4
Stratifying 8-th numerical feature ...
dp[2][188]=-2246.76
dp[3][188]=-2429.53
dp[4][188]=-2445.18
dp[5][188]=-2399.76
dp[6][188]=-2353.45
dp[7][188]=-2264.73
dp[8][188]=-2160.24
dp[9][188]=-2051.13
dp[10][188]=-1939.73
dp[11][188]=-1822.1
dp[12][188]=-1697.84
dp[13][188]=-1567.26
Select best dp
Best k=4
Stratifying 7-th numerical feature ...
dp[2][188]=76.4841
dp[3][188]=106.352
dp[4][188]=156.37
dp[5][188]=284.016
dp[6][188]=418.843
dp[7][188]=578.876
dp[8][188]=743.054
dp[9][188]=907.485
dp[10][188]=1072.09
dp[11][188]=1244
dp[12][188]=1417.39
dp[13][188]=1616.33
Select best dp
Best k=2
Stratifying 11-th numerical feature ...
dp[2][188]=-345.801
dp[3][188]=-438.389
dp[4][188]=-448.477
dp[5][188]=-371.545
dp[6][188]=-268.547
dp[7][188]=-159.7
dp[8][188]=-49.9496
dp[9][188]=68.6889
dp[10][188]=193.346
dp[11][188]=319.801
dp[12][188]=454.478
dp[13][188]=599.216
Select best dp
Best k=4
dp[2][188]=-245.238
dp[3][188]=-444.135
dp[4][188]=-610.961
dp[5][188]=-578.971
dp[6][188]=-513.975
dp[7][188]=-417.348
dp[8][188]=-303.85
dp[9][188]=-187.242
dp[10][188]=-65.0584
dp[11][188]=67.7803
dp[12][188]=204.154
dp[13][188]=398.12
Select best dp
Best k=4
Stratifying 11-th numerical feature ...
dp[2][188]=-607.259
dp[3][188]=-972.563
dp[4][188]=-1245.89
dp[5][188]=-1285.7
dp[6][188]=-1318.24
dp[7][188]=-1319.93
dp[8][188]=-1277.23
dp[9][188]=-1193.31
dp[10][188]=-1105.85
dp[11][188]=-1004.88
dp[12][188]=-871.066
dp[13][188]=-688.622
Select best dp
Best k=7
Stratifying 10-th numerical feature ...
dp[2][188]=-87.2586
dp[3][188]=-147.605
dp[4][188]=-171.059
dp[5][188]=-86.9722
dp[6][188]=14.7686
dp[7][188]=120.957
dp[8][188]=247.724
dp[9][188]=393.933
dp[10][188]=547.495
dp[11][188]=703.327
dp[12][188]=861.684
dp[13][188]=1050.11
Select best dp
Best k=4
Stratifying 10-th numerical feature ...
dp[2][188]=19.4086
dp[3][188]=-15.6125
dp[4][188]=9.46375
dp[5][188]=108.68
dp[6][188]=206.747
dp[7][188]=322.371
dp[8][188]=450.548
dp[9][188]=588.377
dp[10][188]=728.979
dp[11][188]=877.085
dp[12][188]=1044.21
dp[13][188]=1225.83
Select best dp
Best k=3
Stratifying 10-th numerical feature ...
dp[2][188]=-251.235
dp[3][188]=-413.016
dp[4][188]=-553.265
dp[5][188]=-503.912
dp[6][188]=-438.301
dp[7][188]=-356.416
dp[8][188]=-262.003
dp[9][188]=-163.912
dp[10][188]=-62.6813
dp[11][188]=41.6554
dp[12][188]=161.975
dp[13][188]=286.687
Select best dp
Best k=4
Stratifying 15-th numerical feature ...
dp[2][188]=-249.41
dp[3][188]=-402.155
dp[4][188]=-496.396
dp[5][188]=-448.536
dp[6][188]=-387.213
dp[7][188]=-315.51
dp[8][188]=-214.537
dp[9][188]=-89.4368
dp[10][188]=42.6697
dp[11][188]=181.04
dp[12][188]=332.932
dp[13][188]=518.752
Select best dp
Best k=4
Stratifying 10-th numerical feature ...
dp[2][188]=-235.608
dp[3][188]=-372.496
dp[4][188]=-477.122
dp[5][188]=-467.523
dp[6][188]=-391.937
dp[7][188]=-303.489
dp[8][188]=-187.651
dp[9][188]=-68.7154
dp[10][188]=53.4789
dp[11][188]=187.48
dp[12][188]=331.541
dp[13][188]=492.616
Select best dp
Best k=4
Stratifying 9-th numerical feature ...
dp[2][188]=138.258
dp[3][188]=234.287
dp[4][188]=369.919
dp[5][188]=531.754
dp[6][188]=702.099
dp[7][188]=875.555
dp[8][188]=1053.14
dp[9][188]=1231.11
dp[10][188]=1410.49
dp[11][188]=1589.94
dp[12][188]=1773.42
dp[13][188]=1968.47
Select best dp
Best k=2
Stratifying 12-th numerical feature ...
dp[2][188]=-72.2308
dp[3][188]=-111.654
dp[4][188]=-96.8163
dp[5][188]=-33.6525
dp[6][188]=42.2136
dp[7][188]=132.982
dp[8][188]=257.089
dp[9][188]=388.1
dp[10][188]=524.525
dp[11][188]=663.516
dp[12][188]=829.269
dp[13][188]=996.572
Select best dp
Best k=3
Stratifying 12-th numerical feature ...
dp[2][188]=111.374
dp[3][188]=244.582
dp[4][188]=381.361
dp[5][188]=516.511
dp[6][188]=669.323
dp[7][188]=831.685
dp[8][188]=1000.17
dp[9][188]=1179.35
dp[10][188]=1358.54
dp[11][188]=1539.9
dp[12][188]=1724.28
dp[13][188]=1934.23
Select best dp
Best k=2
Stratifying 13-th numerical feature ...
dp[2][188]=-146.421
dp[3][188]=-213.889
dp[4][188]=-245.28
dp[5][188]=-243.932
dp[6][188]=-142.533
dp[7][188]=-27.4567
dp[8][188]=88.1621
dp[9][188]=205.515
dp[10][188]=333.183
dp[11][188]=464.655
dp[12][188]=599.724
dp[13][188]=738.415
Select best dp
Best k=4
Stratifying 16-th numerical feature ...
dp[2][188]=42.8447
dp[3][188]=-29.7977
dp[4][188]=-36.0296
dp[5][188]=45.0129
dp[6][188]=157.51
dp[7][188]=275.457
dp[8][188]=396.719
dp[9][188]=532.515
dp[10][188]=676.642
dp[11][188]=822.986
dp[12][188]=974.855
dp[13][188]=1163.34
Select best dp
Best k=4
Stratifying 11-th numerical feature ...
dp[2][188]=-567.572
dp[3][188]=-1022.73
dp[4][188]=-1378.29
dp[5][188]=-1447.75
dp[6][188]=-1453.31
dp[7][188]=-1424.01
dp[8][188]=-1371.72
dp[9][188]=-1304.73
dp[10][188]=-1219.66
dp[11][188]=-1119.04
dp[12][188]=-1017.8
dp[13][188]=-822.682
Select best dp
Best k=6
dp[2][188]=-228.398
dp[3][188]=-375.787
dp[4][188]=-464.483
dp[5][188]=-413.15
dp[6][188]=-350.504
dp[7][188]=-276.494
dp[8][188]=-173.438
dp[9][188]=-48.163
dp[10][188]=84.2303
dp[11][188]=222.604
dp[12][188]=375.554
dp[13][188]=559.034
Select best dp
Best k=4
Stratifying 11-th numerical feature ...
Stratifying 10-th numerical feature ...
dp[2][188]=-147.34
dp[3][188]=-146.929
dp[4][188]=-106.941
dp[5][188]=-68.498
dp[6][188]=-16.3559
dp[7][188]=92.4312
dp[8][188]=207.661
dp[9][188]=349.207
dp[10][188]=495.206
dp[11][188]=649.564
dp[12][188]=807.466
dp[13][188]=978.746
Select best dp
Best k=2
Stratifying 13-th numerical feature ...
dp[2][188]=-84.3767
dp[3][188]=-156.347
dp[4][188]=-227.295
dp[5][188]=-145.432
dp[6][188]=-45.1547
dp[7][188]=84.7591
dp[8][188]=225.501
dp[9][188]=368.629
dp[10][188]=509.371
dp[11][188]=658.006
dp[12][188]=812.283
dp[13][188]=1008.17
Select best dp
Best k=4
Stratifying 11-th numerical feature ...
dp[2][188]=-1.89607e+10
dp[3][188]=-1.89607e+10
dp[4][188]=-1.89607e+10
dp[5][188]=-1.89607e+10
dp[6][188]=-1.89607e+10
dp[7][188]=-1.89607e+10
dp[8][188]=-1.89607e+10
dp[9][188]=-1.89607e+10
dp[10][188]=-1.89607e+10
dp[11][188]=-1.89607e+10
dp[12][188]=-1.89607e+10
dp[13][188]=-1.89607e+10
Select best dp
Best k=5
Stratifying 8-th numerical feature ...
dp[2][188]=-219.155
dp[3][188]=-398.033
dp[4][188]=-551.479
dp[5][188]=-514.605
dp[6][188]=-441.941
dp[7][188]=-341.706
dp[8][188]=-227.407
dp[9][188]=-109.611
dp[10][188]=16.1818
dp[11][188]=150.497
dp[12][188]=285.679
dp[13][188]=481.772
Select best dp
Best k=4
Stratifying 11-th numerical feature ...
dp[2][188]=152.21
dp[3][188]=248.384
dp[4][188]=378.737
dp[5][188]=530.939
dp[6][188]=687.898
dp[7][188]=847.01
dp[8][188]=1022.77
dp[9][188]=1199.32
dp[10][188]=1379.73
dp[11][188]=1561.62
dp[12][188]=1746.2
dp[13][188]=1935.81
Select best dp
Best k=2
Stratifying 14-th numerical feature ...
dp[2][188]=156.278
dp[3][188]=174.991
dp[4][188]=232.835
dp[5][188]=322.655
dp[6][188]=413.291
dp[7][188]=516.487
dp[8][188]=644.621
dp[9][188]=778.535
dp[10][188]=919.355
dp[11][188]=1060.41
dp[12][188]=1229.83
dp[13][188]=1405.55
Select best dp
Best k=2
Stratifying 12-th numerical feature ...
dp[2][188]=-282.719
dp[3][188]=-476.596
dp[4][188]=-565.231
dp[5][188]=-620.115
dp[6][188]=-637.074
dp[7][188]=-623.948
dp[8][188]=-561.526
dp[9][188]=-479.269
dp[10][188]=-385.57
dp[11][188]=-288.389
dp[12][188]=-135.572
dp[13][188]=22.4359
Select best dp
Best k=6
Stratifying 12-th numerical feature ...
dp[2][188]=-345.801
dp[3][188]=-438.389
dp[4][188]=-448.477
dp[5][188]=-371.545
dp[6][188]=-268.547
dp[7][188]=-189.183
dp[8][188]=-79.4331
dp[9][188]=39.2055
dp[10][188]=163.862
dp[11][188]=290.318
dp[12][188]=424.995
dp[13][188]=565.999
Select best dp
Best k=4
dp[2][188]=-62.2358
dp[3][188]=-167.58
dp[4][188]=-139.091
dp[5][188]=-77.2241
dp[6][188]=-2.19112
dp[7][188]=87.8089
dp[8][188]=199.387
dp[9][188]=332.06
dp[10][188]=473.156
dp[11][188]=631.606
dp[12][188]=800.171
dp[13][188]=988.086
Select best dp
Best k=3
Stratifying 14-th numerical feature ...
dp[2][188]=-197.437
dp[3][188]=-368.868
dp[4][188]=-515.987
dp[5][188]=-477.954
dp[6][188]=-403.493
dp[7][188]=-301.46
dp[8][188]=-187.855
dp[9][188]=-69.9685
dp[10][188]=57.8127
dp[11][188]=192.612
dp[12][188]=331.888
dp[13][188]=526.501
Select best dp
Best k=4
Stratifying 11-th numerical feature ...
dp[2][188]=83.1989
dp[3][188]=123.2
dp[4][188]=170.995
dp[5][188]=296.36
dp[6][188]=430.78
dp[7][188]=580.206
dp[8][188]=732.389
dp[9][188]=888.189
dp[10][188]=1053.66
dp[11][188]=1219.79
dp[12][188]=1388.11
dp[13][188]=1567.99
Select best dp
Best k=2
Stratifying 15-th numerical feature ...
dp[2][188]=103.402
dp[3][188]=139.528
dp[4][188]=205.623
dp[5][188]=301.086
dp[6][188]=396.835
dp[7][188]=518.076
dp[8][188]=642.475
dp[9][188]=783.315
dp[10][188]=927.471
dp[11][188]=1086.16
dp[12][188]=1248.02
dp[13][188]=1413.54
Select best dp
Best k=2
Stratifying 13-th numerical feature ...
dp[2][188]=-407.413
dp[3][188]=-557.188
dp[4][188]=-626.364
dp[5][188]=-672.386
dp[6][188]=-702.035
dp[7][188]=-647.937
dp[8][188]=-588.01
dp[9][188]=-490.007
dp[10][188]=-387.889
dp[11][188]=-264.243
dp[12][188]=-140.027
dp[13][188]=9.90348
Select best dp
Best k=6
Stratifying 13-th numerical feature ...
dp[2][188]=-8e+10
dp[3][188]=-8e+10
dp[4][188]=-8e+10
dp[5][188]=-8e+10
dp[6][188]=-8e+10
dp[7][188]=-8e+10
dp[8][188]=-8e+10
dp[9][188]=-8e+10
dp[10][188]=-8e+10
dp[11][188]=-8e+10
dp[12][188]=-8e+10
dp[13][188]=-8e+10
Select best dp
Best k=5
Stratifying 9-th numerical feature ...
dp[2][188]=-251.235
dp[3][188]=-413.016
dp[4][188]=-553.265
dp[5][188]=-503.912
dp[6][188]=-438.301
dp[7][188]=-356.416
dp[8][188]=-258.325
dp[9][188]=-144.849
dp[10][188]=-27.6696
dp[11][188]=105.363
dp[12][188]=248.783
dp[13][188]=398.92
Select best dp
Best k=4
Stratifying 15-th numerical feature ...
dp[2][188]=33.0136
dp[3][188]=61.6258
dp[4][188]=136.784
dp[5][188]=253.052
dp[6][188]=380.636
dp[7][188]=510.647
dp[8][188]=663.236
dp[9][188]=819.304
dp[10][188]=979.201
dp[11][188]=1139.22
dp[12][188]=1308.84
dp[13][188]=1483.64
Select best dp
Best k=2
Stratifying 12-th numerical feature ...
dp[2][188]=-0.516058
dp[3][188]=-32.9413
dp[4][188]=-3.30611
dp[5][188]=51.7953
dp[6][188]=125.806
dp[7][188]=219.972
dp[8][188]=340.553
dp[9][188]=470.28
dp[10][188]=600.511
dp[11][188]=737.608
dp[12][188]=902.905
dp[13][188]=1069.34
Select best dp
Best k=3
Stratifying 12-th numerical feature ...
dp[2][188]=-14.4248
dp[3][188]=-45.6964
dp[4][188]=-16.2062
dp[5][188]=43.148
dp[6][188]=115.639
dp[7][188]=209.09
dp[8][188]=330.607
dp[9][188]=461.273
dp[10][188]=593.615
dp[11][188]=731.974
dp[12][188]=896.623
dp[13][188]=1065.14
Select best dp
Best k=3
Stratifying 12-th numerical feature ...
dp[2][188]=79.8184
dp[3][188]=162.47
dp[4][188]=261.509
dp[5][188]=387.276
dp[6][188]=552.289
dp[7][188]=722.694
dp[8][188]=896.088
dp[9][188]=1073.78
dp[10][188]=1252.64
dp[11][188]=1437.46
dp[12][188]=1623.32
dp[13][188]=1829.06
Select best dp
Best k=2
Stratifying 16-th numerical feature ...
dp[2][188]=132.637
dp[3][188]=117.798
dp[4][188]=174.482
dp[5][188]=243.629
dp[6][188]=344.496
dp[7][188]=469.112
dp[8][188]=600.932
dp[9][188]=742.342
dp[10][188]=887.523
dp[11][188]=1044.73
dp[12][188]=1214.6
dp[13][188]=1403.79
Select best dp
Best k=3
Stratifying 14-th numerical feature ...
dp[2][188]=-276.681
dp[3][188]=-587.083
dp[4][188]=-688.881
dp[5][188]=-733.854
dp[6][188]=-722.216
dp[7][188]=-709.58
dp[8][188]=-645.875
dp[9][188]=-558.763
dp[10][188]=-456.073
dp[11][188]=-334.701
dp[12][188]=-168.497
dp[13][188]=28.1204
Select best dp
Best k=5
Stratifying 14-th numerical feature ...
dp[2][188]=-146.421
dp[3][188]=-213.889
dp[4][188]=-245.28
dp[5][188]=-243.932
dp[6][188]=-142.533
dp[7][188]=-27.4567
dp[8][188]=88.1621
dp[9][188]=205.515
dp[10][188]=340.584
dp[11][188]=491.081
dp[12][188]=651.546
dp[13][188]=829.824
Select best dp
Best k=4
Stratifying 16-th numerical feature ...
dp[2][188]=-7.75552e+09
dp[3][188]=-7.75552e+09
dp[4][188]=-7.75552e+09
dp[5][188]=-7.75552e+09
dp[6][188]=-7.75552e+09
dp[7][188]=-7.75552e+09
dp[8][188]=-7.75552e+09
dp[9][188]=-7.75552e+09
dp[10][188]=-7.75552e+09
dp[11][188]=-7.75552e+09
dp[12][188]=-7.75552e+09
dp[13][188]=-7.75552e+09
Select best dp
Best k=5
Stratifying 10-th numerical feature ...
dp[2][188]=132.637
dp[3][188]=286.248
dp[4][188]=447.931
dp[5][188]=613.76
dp[6][188]=780.886
dp[7][188]=950.361
dp[8][188]=1123.05
dp[9][188]=1298.82
dp[10][188]=1480.23
dp[11][188]=1658.74
dp[12][188]=1843.05
dp[13][188]=2033.03
Select best dp
Best k=2
dp[2][188]=32.4888
dp[3][188]=14.167
dp[4][188]=6.43868
dp[5][188]=112.537
dp[6][188]=223.686
dp[7][188]=339.311
dp[8][188]=467.518
dp[9][188]=603.804
dp[10][188]=744.81
dp[11][188]=889.797
dp[12][188]=1048.03
dp[13][188]=1215.16
Select best dp
Best k=4
Stratifying 15-th numerical feature ...
dp[2][188]=-585.668
dp[3][188]=-949.233
dp[4][188]=-1280.67
dp[5][188]=-1308.68
dp[6][188]=-1310.91
dp[7][188]=-1301.33
dp[8][188]=-1258.5
dp[9][188]=-1190.92
dp[10][188]=-1117.47
dp[11][188]=-1019.94
dp[12][188]=-904.097
dp[13][188]=-770.3
Select best dp
Best k=6
dp[2][188]=-117.875
dp[3][188]=-112.459
dp[4][188]=-80.6327
dp[5][188]=-33.1916
dp[6][188]=22.8017
dp[7][188]=131.783
dp[8][188]=247.124
dp[9][188]=387.182
dp[10][188]=529.377
Stratifying 15-th numerical feature ...
dp[11][188]=682.473
dp[12][188]=837.307
dp[13][188]=1006.35
Select best dp
Best k=2
Stratifying 13-th numerical feature ...
dp[2][188]=-345.801
dp[3][188]=-438.389
dp[4][188]=-448.477
dp[5][188]=-371.545
dp[6][188]=-268.547
dp[7][188]=-158.797
dp[8][188]=-40.158
dp[9][188]=84.499
dp[10][188]=210.954
dp[11][188]=351.246
dp[12][188]=500.934
dp[13][188]=666.236
Select best dp
Best k=4
dp[2][188]=-132.309
dp[3][188]=-131.27
dp[4][188]=-105.422
dp[5][188]=-56.6414
dp[6][188]=3.65735
dp[7][188]=111.423
dp[8][188]=225.467
dp[9][188]=367.141
dp[10][188]=509.912
dp[11][188]=664.048
dp[12][188]=820.253
dp[13][188]=989.317
Select best dp
Best k=2
Stratifying 13-th numerical feature ...
dp[2][188]=-17.844
dp[3][188]=55.3899
dp[4][188]=140.804
dp[5][188]=228.758
dp[6][188]=326.483
dp[7][188]=462.615
dp[8][188]=604.704
dp[9][188]=766.272
dp[10][188]=928.864
dp[11][188]=1096.17
dp[12][188]=1271.36
dp[13][188]=1460.87
Select best dp
Best k=2
Stratifying 13-th numerical feature ...
dp[2][188]=128.107
dp[3][188]=168.727
dp[4][188]=211.813
dp[5][188]=272
dp[6][188]=369.106
dp[7][188]=496.156
dp[8][188]=630.764
dp[9][188]=770.176
dp[10][188]=909.707
dp[11][188]=1060.04
dp[12][188]=1217.47
dp[13][188]=1380.99
Select best dp
Best k=2
Stratifying 16-th numerical feature ...
dp[2][188]=-7e+10
dp[3][188]=-7e+10
dp[4][188]=-7e+10
dp[5][188]=-7e+10
dp[6][188]=-7e+10
dp[7][188]=-7e+10
dp[8][188]=-7e+10
dp[9][188]=-7e+10
dp[10][188]=-7e+10
dp[11][188]=-7e+10
dp[12][188]=-7e+10
dp[13][188]=-7e+10
Select best dp
Best k=5
Stratifying 11-th numerical feature ...
dp[2][188]=-372.661
dp[3][188]=-592.645
dp[4][188]=-754.868
dp[5][188]=-878.246
dp[6][188]=-868.259
dp[7][188]=-810.331
dp[8][188]=-740.639
dp[9][188]=-668.626
dp[10][188]=-577.553
dp[11][188]=-460.461
dp[12][188]=-323.062
dp[13][188]=-169.416
Select best dp
Best k=5
Stratifying 16-th numerical feature ...
dp[2][188]=-15.0433
dp[3][188]=-105.275
dp[4][188]=-76.9764
dp[5][188]=-10.8643
dp[6][188]=65.3787
dp[7][188]=157.28
dp[8][188]=272.962
dp[9][188]=405.443
dp[10][188]=548.542
dp[11][188]=706.206
dp[12][188]=876.954
dp[13][188]=1060.31
Select best dp
Best k=3
Stratifying 14-th numerical feature ...
dp[2][188]=2.05703
dp[3][188]=-83.295
dp[4][188]=-59.2856
dp[5][188]=6.86692
dp[6][188]=86.2026
dp[7][188]=174.611
dp[8][188]=292.041
dp[9][188]=423.277
dp[10][188]=565.301
dp[11][188]=721.457
dp[12][188]=891.395
dp[13][188]=1076.59
Select best dp
Best k=3
Stratifying 14-th numerical feature ...
dp[2][188]=-213.277
dp[3][188]=-207.883
dp[4][188]=-203.686
dp[5][188]=-116.234
dp[6][188]=-1.96362
dp[7][188]=117.554
dp[8][188]=241.515
dp[9][188]=377.483
dp[10][188]=516.764
dp[11][188]=675.16
dp[12][188]=841.834
dp[13][188]=1009.6
Select best dp
Best k=2
dp[2][188]=-918.135
dp[3][188]=-1196.6
dp[4][188]=-1381.72
dp[5][188]=-1403.72
dp[6][188]=-1363.12
dp[7][188]=-1321.33
dp[8][188]=-1256.4
dp[9][188]=-1180.22
dp[10][188]=-1100.99
dp[11][188]=-973.783
dp[12][188]=-847.721
dp[13][188]=-700.951
Select best dp
Best k=5
dp[2][188]=44.987
dp[3][188]=42.1713
dp[4][188]=135.615
dp[5][188]=232.647
dp[6][188]=352.338
dp[7][188]=485.319
dp[8][188]=620.878
dp[9][188]=774.611
dp[10][188]=936.482
dp[11][188]=1101.47
dp[12][188]=1280.5
dp[13][188]=1462.69
Select best dp
Best k=3
Stratifying 14-th numerical feature ...
dp[2][188]=-230.37
dp[3][188]=-379.683
dp[4][188]=-503.736
dp[5][188]=-447.557
dp[6][188]=-375.872
dp[7][188]=-291.117
dp[8][188]=-189.193
dp[9][188]=-75.8867
dp[10][188]=44.8166
dp[11][188]=180.596
dp[12][188]=325.172
dp[13][188]=477.474
Select best dp
Best k=4
Stratifying 15-th numerical feature ...
dp[2][188]=-72.2308
dp[3][188]=-111.654
dp[4][188]=-96.8163
dp[5][188]=-33.6525
dp[6][188]=42.2136
dp[7][188]=132.982
dp[8][188]=253.678
dp[9][188]=377.786
dp[10][188]=503.71
dp[11][188]=634.721
dp[12][188]=765.916
dp[13][188]=896.926
Select best dp
Best k=3
Stratifying 12-th numerical feature ...
dp[2][188]=-217.909
dp[3][188]=-365.924
dp[4][188]=-485.502
dp[5][188]=-427.164
dp[6][188]=-353.989
dp[7][188]=-269.146
dp[8][188]=-165.974
dp[9][188]=-52.5918
dp[10][188]=69.3201
dp[11][188]=204.149
dp[12][188]=350.218
dp[13][188]=503.161
Select best dp
Best k=4
Stratifying 15-th numerical feature ...
dp[2][188]=-84.0178
dp[3][188]=-144.908
dp[4][188]=-189.932
dp[5][188]=-102.463
dp[6][188]=-1.99815
dp[7][188]=115.204
dp[8][188]=241.449
dp[9][188]=375.925
dp[10][188]=516.92
dp[11][188]=664.886
dp[12][188]=823.252
dp[13][188]=983.53
Select best dp
Best k=4
Stratifying 15-th numerical feature ...
dp[2][188]=-54.2125
dp[3][188]=-103.7
dp[4][188]=-113.403
dp[5][188]=-93.0197
dp[6][188]=0.217189
dp[7][188]=114.7
dp[8][188]=233.347
dp[9][188]=352.535
dp[10][188]=487.989
dp[11][188]=638.699
dp[12][188]=795.414
dp[13][188]=965.232
Select best dp
Best k=4
Stratifying 16-th numerical feature ...
dp[2][188]=-147.34
dp[3][188]=-146.929
dp[4][188]=-106.941
dp[5][188]=-68.498
dp[6][188]=-16.3559
dp[7][188]=80.7405
dp[8][188]=195.971
dp[9][188]=325.169
dp[10][188]=466.715
dp[11][188]=610.317
dp[12][188]=754.705
dp[13][188]=898.887
Select best dp
Best k=2
Stratifying 13-th numerical feature ...
dp[2][188]=-37.9808
dp[3][188]=-80.8233
dp[4][188]=-87.1303
dp[5][188]=-65.2789
dp[6][188]=26.0847
dp[7][188]=138.735
dp[8][188]=257.167
dp[9][188]=377.387
dp[10][188]=511.844
dp[11][188]=661.34
dp[12][188]=817.502
dp[13][188]=986.553
Select best dp
Best k=4
Stratifying 16-th numerical feature ...
dp[2][188]=-33.3015
dp[3][188]=-25.7097
dp[4][188]=8.11468
dp[5][188]=73.0244
dp[6][188]=211.988
dp[7][188]=354.106
dp[8][188]=496.531
dp[9][188]=640.899
dp[10][188]=797.28
dp[11][188]=964.547
dp[12][188]=1137.76
dp[13][188]=1329.44
Select best dp
Best k=2
Stratifying 16-th numerical feature ...
dp[2][188]=-332.361
dp[3][188]=-371.44
dp[4][188]=-412.618
dp[5][188]=-331.78
dp[6][188]=-248.931
dp[7][188]=-135.072
dp[8][188]=-15.1017
dp[9][188]=107.149
dp[10][188]=230.32
dp[11][188]=369.14
dp[12][188]=519.886
dp[13][188]=688.091
Select best dp
Best k=4
dp[2][188]=-90.963
dp[3][188]=-62.1241
dp[4][188]=14.0318
dp[5][188]=141.254
dp[6][188]=271.562
dp[7][188]=412.101
dp[8][188]=555.792
dp[9][188]=705.896
dp[10][188]=856.623
dp[11][188]=1009.49
dp[12][188]=1173.7
dp[13][188]=1349.63
Select best dp
Best k=2
dp[2][188]=-62.2358
dp[3][188]=-167.58
dp[4][188]=-139.091
dp[5][188]=-77.2241
dp[6][188]=-2.19112
dp[7][188]=87.8089
dp[8][188]=199.387
dp[9][188]=331.259
dp[10][188]=464.366
dp[11][188]=596.425
dp[12][188]=730.281
dp[13][188]=866.146
Select best dp
Best k=3
Stratifying 14-th numerical feature ...
dp[2][188]=-325.445
dp[3][188]=-361.577
dp[4][188]=-402.427
dp[5][188]=-321.675
dp[6][188]=-235.678
dp[7][188]=-122.512
dp[8][188]=-2.94763
dp[9][188]=119.388
dp[10][188]=242.938
dp[11][188]=385.108
dp[12][188]=534.588
dp[13][188]=701.586
Select best dp
Best k=4
dp[2][188]=-7.68879e+09
dp[3][188]=-7.68879e+09
dp[4][188]=-7.6888e+09
dp[5][188]=-7.6888e+09
dp[6][188]=-7.6888e+09
dp[7][188]=-7.6888e+09
dp[8][188]=-7.68879e+09
dp[9][188]=-7.68879e+09
dp[10][188]=-7.68879e+09
dp[11][188]=-7.68879e+09
dp[12][188]=-7.68879e+09
dp[13][188]=-7.68879e+09
Select best dp
Best k=5
Stratifying 15-th numerical feature ...
dp[2][188]=-146.421
dp[3][188]=-213.889
dp[4][188]=-245.28
dp[5][188]=-243.932
dp[6][188]=-142.533
dp[7][188]=-27.4567
dp[8][188]=88.1621
dp[9][188]=205.515
dp[10][188]=333.183
dp[11][188]=461.842
dp[12][188]=593.315
dp[13][188]=728.384
Select best dp
Best k=4
Stratifying 16-th numerical feature ...
dp[2][188]=-345.801
dp[3][188]=-438.389
dp[4][188]=-448.477
dp[5][188]=-371.545
dp[6][188]=-268.547
dp[7][188]=-189.183
dp[8][188]=-79.4331
dp[9][188]=39.2055
dp[10][188]=163.862
dp[11][188]=290.318
dp[12][188]=424.995
dp[13][188]=565.999
Select best dp
Best k=4
