Standardize ...
Stratifying 1-th numerical feature ...
Standardize ...
Stratifying 1-th numerical feature ...
Standardize ...
Stratifying 1-th numerical feature ...
Standardize ...
Stratifying 1-th numerical feature ...
Standardize ...
Stratifying 1-th numerical feature ...
Standardize ...
Stratifying 1-th numerical feature ...
Standardize ...
Stratifying 1-th numerical feature ...
Standardize ...
Stratifying 1-th numerical feature ...
Standardize ...
Stratifying 1-th numerical feature ...
Standardize ...
Stratifying 1-th numerical feature ...
Standardize ...
Stratifying 1-th numerical feature ...
Standardize ...
Stratifying 1-th numerical feature ...
Standardize ...
Stratifying 1-th numerical feature ...
Standardize ...
Stratifying 1-th numerical feature ...
dp[2][755]=-621.536
dp[3][755]=-1025.01
dp[4][755]=-1264.6
dp[5][755]=-1448.87
dp[6][755]=-1536.98
dp[7][755]=-1606.83
dp[8][755]=-1652.46
dp[9][755]=-1673.58
dp[10][755]=-1674.12
dp[11][755]=-1674.12
dp[12][755]=-1647.32
dp[13][755]=-1608.56
dp[14][755]=-1566.01
dp[15][755]=-1520.61
dp[16][755]=-1462.35
dp[17][755]=-1387.66
dp[18][755]=-1306.2
dp[19][755]=-1222.62
dp[20][755]=-1138.26
dp[21][755]=-1052.9
dp[22][755]=-959.815
dp[23][755]=-857.519
dp[24][755]=-749.164
dp[25][755]=-639.489
dp[26][755]=-510.572
dp[27][755]=-305.644
Select best dp
Best k=11
dp[2][755]=-621.536
dp[3][755]=-1025.01
dp[4][755]=-1264.6
dp[5][755]=-1448.87
dp[6][755]=-1536.98
dp[7][755]=-1606.83
dp[8][755]=-1652.46
dp[9][755]=-1673.58
dp[10][755]=-1674.12
dp[11][755]=-1674.12
dp[12][755]=-1647.32
dp[13][755]=-1608.56
dp[14][755]=-1566.01
dp[15][755]=-1520.61
dp[16][755]=-1462.35
dp[17][755]=-1387.66
dp[18][755]=-1306.2
dp[19][755]=-1222.62
dp[20][755]=-1138.26
dp[21][755]=-1052.9
dp[22][755]=-959.815
dp[23][755]=-857.519
dp[24][755]=-749.164
dp[25][755]=-639.489
dp[26][755]=-510.572
dp[27][755]=-305.644
Select best dp
Best k=11
dp[2][755]=-621.536
dp[3][755]=-1025.01
dp[4][755]=-1264.6
dp[5][755]=-1448.87
dp[6][755]=-1536.98
dp[7][755]=-1606.83
dp[8][755]=-1652.46
dp[9][755]=-1673.58
dp[10][755]=-1674.12
dp[11][755]=-1674.12
dp[12][755]=-1647.32
dp[13][755]=-1608.56
dp[14][755]=-1566.01
dp[15][755]=-1520.61
dp[16][755]=-1462.35
dp[17][755]=-1387.66
dp[18][755]=-1306.2
dp[19][755]=-1222.62
dp[20][755]=-1138.26
dp[21][755]=-1052.9
dp[22][755]=-959.815
dp[23][755]=-857.519
dp[24][755]=-749.164
dp[25][755]=-639.489
dp[26][755]=-510.572
dp[27][755]=-305.644
Select best dp
Best k=11
dp[2][755]=-621.536
dp[3][755]=-1025.01
dp[4][755]=-1264.6
dp[5][755]=-1448.87
dp[6][755]=-1536.98
dp[7][755]=-1606.83
dp[8][755]=-1652.46
dp[9][755]=-1673.58
dp[10][755]=-1674.12
dp[11][755]=-1674.12
dp[12][755]=-1647.32
dp[13][755]=-1608.56
dp[14][755]=-1566.01
dp[15][755]=-1520.61
dp[16][755]=-1462.35
dp[17][755]=-1387.66
dp[18][755]=-1306.2
dp[19][755]=-1222.62
dp[20][755]=-1138.26
dp[21][755]=-1052.9
dp[22][755]=-959.815
dp[23][755]=-857.519
dp[24][755]=-749.164
dp[25][755]=-639.489
dp[26][755]=-510.572
dp[27][755]=-305.644
Select best dp
Best k=11
dp[2][755]=304.89
dp[3][755]=457.335
dp[4][755]=609.78
dp[5][755]=762.225
dp[6][755]=914.67
dp[7][755]=1067.11
dp[8][755]=1219.56
dp[9][755]=1372
dp[10][755]=1524.45
dp[11][755]=1676.89
dp[12][755]=1829.34
dp[13][755]=1981.78
dp[14][755]=2134.23
dp[15][755]=2286.67
dp[16][755]=2439.12
dp[17][755]=2591.56
dp[18][755]=2744.01
dp[19][755]=2896.45
dp[20][755]=3048.9
dp[21][755]=3201.34
dp[22][755]=3353.79
dp[23][755]=3506.23
dp[24][755]=3658.68
dp[25][755]=3811.12
dp[26][755]=3963.57
dp[27][755]=4116.01
Select best dp
Best k=2
dp[2][755]=-621.536
dp[3][755]=-1025.01
dp[4][755]=-1264.6
dp[5][755]=-1448.87
dp[6][755]=-1536.98
dp[7][755]=-1606.83
dp[8][755]=-1652.46
dp[9][755]=-1673.58
dp[10][755]=-1674.12
dp[11][755]=-1674.12
dp[12][755]=-1647.32
dp[13][755]=-1605.54
dp[14][755]=-1562.98
dp[15][755]=-1513.18
dp[16][755]=-1447.84
dp[17][755]=-1352.8
dp[18][755]=-1248.01
Select best dp
Best k=11
dp[2][755]=-145.067
dp[3][755]=-263.956
dp[4][755]=-300.9
dp[5][755]=-310.182
dp[6][755]=-271.387
dp[7][755]=-223.461
dp[8][755]=-163.428
dp[9][755]=-91.1331
dp[10][755]=-8.55427
dp[11][755]=74.294
dp[12][755]=170.545
dp[13][755]=272.775
dp[14][755]=376.903
dp[15][755]=482.452
dp[16][755]=594.435
dp[17][755]=714.631
dp[18][755]=838.209
dp[19][755]=962.851
dp[20][755]=1087.88
dp[21][755]=1213.41
dp[22][755]=1342.8
dp[23][755]=1476.8
dp[24][755]=1613.83
dp[25][755]=1751.52
dp[26][755]=1898.83
dp[27][755]=2084.14
Select best dp
Best k=5
dp[2][755]=-621.536
dp[3][755]=-1025.01
dp[4][755]=-1264.6
dp[5][755]=-1448.87
dp[6][755]=-1536.98
dp[7][755]=-1606.83
dp[8][755]=-1652.46
dp[9][755]=-1673.58
dp[10][755]=-1674.12
dp[11][755]=-1674.12
dp[12][755]=-1647.32
dp[13][755]=-1608.56
dp[14][755]=-1566.01
dp[15][755]=-1520.61
dp[16][755]=-1462.35
dp[17][755]=-1387.66
dp[18][755]=-1306.2
dp[19][755]=-1222.62
dp[20][755]=-1138.26
dp[21][755]=-1052.9
dp[22][755]=-959.815
dp[23][755]=-857.519
dp[24][755]=-749.164
dp[25][755]=-639.489
dp[26][755]=-510.572
dp[27][755]=-305.644
Select best dp
Best k=11
dp[2][755]=-1574.47
dp[3][755]=-2547.13
dp[4][755]=-3192.01
dp[5][755]=-3726.24
dp[6][755]=-4068.17
dp[7][755]=-4373.56
dp[8][755]=-4630.54
dp[9][755]=-4838.46
dp[10][755]=-5005.25
dp[11][755]=-5170.96
dp[12][755]=-5283.06
dp[13][755]=-5371.24
dp[14][755]=-5451.83
dp[15][755]=-5526.74
dp[16][755]=-5575.91
dp[17][755]=-5592.23
dp[18][755]=-5595.02
dp[19][755]=-5593.55
dp[20][755]=-5590.54
dp[21][755]=-5585.53
dp[22][755]=-5565.05
dp[23][755]=-5526.16
dp[24][755]=-5475.15
dp[25][755]=-5421.5
dp[26][755]=-5329.37
dp[27][755]=-5085.22
Select best dp
Best k=18
dp[2][755]=-621.536
dp[3][755]=-1025.01
dp[4][755]=-1264.6
dp[5][755]=-1448.87
dp[6][755]=-1536.98
dp[7][755]=-1606.83
dp[8][755]=-1652.46
dp[9][755]=-1673.58
dp[10][755]=-1674.12
dp[11][755]=-1674.12
dp[12][755]=-1647.32
dp[13][755]=-1608.56
dp[14][755]=-1566.01
dp[15][755]=-1520.61
dp[16][755]=-1462.35
dp[17][755]=-1387.66
dp[18][755]=-1306.2
dp[19][755]=-1222.62
dp[20][755]=-1138.26
dp[21][755]=-1052.9
dp[22][755]=-959.815
dp[23][755]=-857.519
dp[24][755]=-749.164
dp[25][755]=-639.489
dp[26][755]=-510.572
dp[27][755]=-305.644
Select best dp
Best k=11
dp[2][755]=-621.536
dp[3][755]=-1025.01
dp[4][755]=-1264.6
dp[5][755]=-1448.87
dp[6][755]=-1536.98
dp[7][755]=-1606.83
dp[8][755]=-1652.46
dp[9][755]=-1673.58
dp[10][755]=-1674.12
dp[11][755]=-1674.12
dp[12][755]=-1647.32
dp[13][755]=-1608.56
dp[14][755]=-1566.01
dp[15][755]=-1520.61
dp[16][755]=-1462.35
dp[17][755]=-1387.66
dp[18][755]=-1306.83
dp[19][755]=-1223.25
dp[20][755]=-1139.66
dp[21][755]=-1055.37
dp[22][755]=-966.632
dp[23][755]=-877.259
dp[24][755]=-781.78
dp[25][755]=-682.402
dp[26][755]=-580.409
dp[27][755]=-478.182
Select best dp
Best k=11
dp[2][755]=-621.536
dp[3][755]=-1025.01
dp[4][755]=-1264.6
dp[5][755]=-1448.87
dp[6][755]=-1536.98
dp[7][755]=-1606.83
dp[8][755]=-1652.46
dp[9][755]=-1673.58
dp[10][755]=-1674.12
dp[11][755]=-1674.12
dp[12][755]=-1647.32
dp[13][755]=-1608.56
dp[14][755]=-1566.01
dp[15][755]=-1520.61
dp[16][755]=-1462.35
dp[17][755]=-1387.66
dp[18][755]=-1306.83
dp[19][755]=-1223.25
dp[20][755]=-1139.66
dp[21][755]=-1055.37
dp[22][755]=-966.632
dp[23][755]=-877.259
dp[24][755]=-781.78
dp[25][755]=-685.098
dp[26][755]=-585.72
dp[27][755]=-483.727
Select best dp
Best k=11
dp[2][755]=-621.536
dp[3][755]=-1025.01
dp[4][755]=-1264.6
dp[5][755]=-1448.87
dp[6][755]=-1536.98
dp[7][755]=-1606.83
dp[8][755]=-1652.46
dp[9][755]=-1673.58
dp[10][755]=-1674.12
dp[11][755]=-1674.12
dp[12][755]=-1647.32
dp[13][755]=-1608.56
dp[14][755]=-1566.01
dp[15][755]=-1520.61
dp[16][755]=-1462.35
dp[17][755]=-1387.66
dp[18][755]=-1306.83
dp[19][755]=-1223.25
dp[20][755]=-1139.66
dp[21][755]=-1055.37
dp[22][755]=-966.632
dp[23][755]=-877.259
dp[24][755]=-781.78
dp[25][755]=-685.098
dp[26][755]=-585.72
dp[27][755]=-483.727
Select best dp
Best k=11
dp[2][755]=-29.4933
dp[3][755]=-445.494
dp[4][755]=-684.285
dp[5][755]=-874.711
dp[6][755]=-964.606
dp[7][755]=-1034.08
dp[8][755]=-1080.79
dp[9][755]=-1103.55
dp[10][755]=-1106.04
dp[11][755]=-1107.74
dp[12][755]=-1081.88
dp[13][755]=-1044.5
dp[14][755]=-1003.76
dp[15][755]=-960.905
dp[16][755]=-902.886
dp[17][755]=-829.033
dp[18][755]=-747.354
dp[19][755]=-665.011
dp[20][755]=-581.951
dp[21][755]=-497.804
dp[22][755]=-406.107
dp[23][755]=-305.801
dp[24][755]=-198.552
dp[25][755]=-88.6794
dp[26][755]=39.6374
dp[27][755]=240.731
Select best dp
Best k=11
