Standardize ...
Stratifying 1-th numerical feature ...
Standardize ...
Stratifying 1-th numerical feature ...
Standardize ...
Stratifying 1-th numerical feature ...
Standardize ...
Stratifying 1-th numerical feature ...
Standardize ...
Stratifying 1-th numerical feature ...
Standardize ...
Stratifying 1-th numerical feature ...
Standardize ...
Stratifying 1-th numerical feature ...
Standardize ...
Stratifying 1-th numerical feature ...
Standardize ...
Stratifying 1-th numerical feature ...
Standardize ...
Stratifying 1-th numerical feature ...
Standardize ...
Stratifying 1-th numerical feature ...
Standardize ...
Stratifying 1-th numerical feature ...
Standardize ...
Stratifying 1-th numerical feature ...
Standardize ...
Stratifying 1-th numerical feature ...
dp[2][467]=-325.085
dp[3][467]=-590.87
dp[4][467]=-763.014
dp[5][467]=-881.252
dp[6][467]=-962.675
dp[7][467]=-1033.57
dp[8][467]=-1099.85
dp[9][467]=-1111.39
dp[10][467]=-1103.47
dp[11][467]=-1082.81
dp[12][467]=-1055.53
dp[13][467]=-1009.74
dp[14][467]=-875.802
Select best dp
Best k=9
dp[2][467]=-325.085
dp[3][467]=-2.8e+11
dp[4][467]=-2.8e+11
dp[5][467]=-5.5e+11
dp[6][467]=-5.5e+11
dp[7][467]=-7.8e+11
dp[8][467]=-7.8e+11
dp[9][467]=-7.8e+11
dp[10][467]=-7.8e+11
dp[11][467]=-7.8e+11
dp[12][467]=-7.8e+11
dp[13][467]=-7.8e+11
dp[14][467]=-7.8e+11
dp[15][467]=-7.8e+11
dp[16][467]=-7.8e+11
dp[17][467]=-7.8e+11
dp[18][467]=-7.8e+11
dp[19][467]=-7.8e+11
dp[20][467]=-5e+11
dp[21][467]=-2.2e+11
Select best dp
Best k=10
dp[2][467]=184.454
dp[3][467]=276.681
dp[4][467]=368.908
dp[5][467]=461.135
dp[6][467]=553.362
dp[7][467]=645.589
dp[8][467]=737.816
dp[9][467]=830.043
dp[10][467]=922.27
dp[11][467]=1014.5
dp[12][467]=1106.72
dp[13][467]=1198.95
dp[14][467]=1291.18
dp[15][467]=1383.41
dp[16][467]=1475.63
dp[17][467]=1567.86
dp[18][467]=1660.09
dp[19][467]=1752.31
dp[20][467]=1844.54
dp[21][467]=1936.77
Select best dp
Best k=2
dp[2][467]=-325.085
dp[3][467]=-2.8e+11
dp[4][467]=-4.4e+11
dp[5][467]=-5.5e+11
dp[6][467]=-7.2e+11
dp[7][467]=-8.1e+11
dp[8][467]=-9.7e+11
dp[9][467]=-1.08e+12
dp[10][467]=-1.25e+12
dp[11][467]=-1.34e+12
dp[12][467]=-1.5e+12
dp[13][467]=-1.61e+12
dp[14][467]=-1.78e+12
dp[15][467]=-1.84e+12
dp[16][467]=-2.01e+12
dp[17][467]=-2.05e+12
dp[18][467]=-2.2e+12
dp[19][467]=-2.28e+12
dp[20][467]=-2.37e+12
dp[21][467]=-2.47e+12
Select best dp
Best k=21
dp[2][467]=-325.085
dp[3][467]=-2.8e+11
dp[4][467]=-4.4e+11
dp[5][467]=-5.5e+11
dp[6][467]=-7.2e+11
dp[7][467]=-8.1e+11
dp[8][467]=-9.7e+11
dp[9][467]=-1.08e+12
dp[10][467]=-1.25e+12
dp[11][467]=-1.34e+12
dp[12][467]=-1.5e+12
dp[13][467]=-1.61e+12
dp[14][467]=-1.78e+12
dp[15][467]=-1.84e+12
dp[16][467]=-2.01e+12
dp[17][467]=-2.05e+12
dp[18][467]=-2.2e+12
dp[19][467]=-2.28e+12
dp[20][467]=-2.37e+12
dp[21][467]=-2.47e+12
Select best dp
Best k=21
dp[2][467]=-325.085
dp[3][467]=-2.8e+11
dp[4][467]=-2.8e+11
dp[5][467]=-5.5e+11
dp[6][467]=-5.5e+11
dp[7][467]=-7.8e+11
dp[8][467]=-7.8e+11
dp[9][467]=-7.8e+11
dp[10][467]=-7.8e+11
dp[11][467]=-7.8e+11
dp[12][467]=-7.8e+11
dp[13][467]=-7.8e+11
dp[14][467]=-7.8e+11
dp[15][467]=-7.8e+11
dp[16][467]=-7.8e+11
dp[17][467]=-7.8e+11
dp[18][467]=-7.8e+11
dp[19][467]=-7.8e+11
dp[20][467]=-5e+11
dp[21][467]=-2.2e+11
Select best dp
Best k=10
dp[2][467]=-325.085
dp[3][467]=-2.8e+11
dp[4][467]=-2.8e+11
dp[5][467]=-5.5e+11
dp[6][467]=-5.5e+11
dp[7][467]=-7.8e+11
dp[8][467]=-7.8e+11
dp[9][467]=-7.8e+11
dp[10][467]=-7.8e+11
dp[11][467]=-7.8e+11
dp[12][467]=-7.8e+11
dp[13][467]=-7.8e+11
dp[14][467]=-7.8e+11
dp[15][467]=-7.8e+11
dp[16][467]=-7.8e+11
dp[17][467]=-7.8e+11
dp[18][467]=-7.8e+11
dp[19][467]=-7.8e+11
dp[20][467]=-5e+11
dp[21][467]=-2.2e+11
Select best dp
Best k=10
dp[2][467]=-859.218
dp[3][467]=-5.6e+11
dp[4][467]=-5.6e+11
dp[5][467]=-1.1e+12
dp[6][467]=-1.1e+12
dp[7][467]=-1.56e+12
dp[8][467]=-1.56e+12
dp[9][467]=-1.56e+12
dp[10][467]=-1.56e+12
dp[11][467]=-1.56e+12
dp[12][467]=-1.56e+12
dp[13][467]=-1.56e+12
dp[14][467]=-1.56e+12
dp[15][467]=-1.56e+12
dp[16][467]=-1.56e+12
dp[17][467]=-1.56e+12
dp[18][467]=-1.56e+12
dp[19][467]=-1.56e+12
dp[20][467]=-1e+12
dp[21][467]=-4.4e+11
Select best dp
Best k=15
dp[2][467]=-325.085
dp[3][467]=-2.8e+11
dp[4][467]=-2.8e+11
dp[5][467]=-5.5e+11
dp[6][467]=-5.5e+11
dp[7][467]=-7.8e+11
dp[8][467]=-7.8e+11
dp[9][467]=-7.8e+11
dp[10][467]=-7.8e+11
dp[11][467]=-7.8e+11
dp[12][467]=-7.8e+11
dp[13][467]=-7.8e+11
dp[14][467]=-7.8e+11
dp[15][467]=-7.8e+11
dp[16][467]=-7.8e+11
dp[17][467]=-7.8e+11
dp[18][467]=-7.8e+11
dp[19][467]=-7.8e+11
dp[20][467]=-5e+11
dp[21][467]=-2.2e+11
Select best dp
Best k=10
dp[2][467]=-58.0186
dp[3][467]=-1.4e+11
dp[4][467]=-1.4e+11
dp[5][467]=-2.75e+11
dp[6][467]=-2.75e+11
dp[7][467]=-3.9e+11
dp[8][467]=-3.9e+11
dp[9][467]=-3.9e+11
dp[10][467]=-3.9e+11
dp[11][467]=-3.9e+11
dp[12][467]=-3.9e+11
dp[13][467]=-3.9e+11
dp[14][467]=-3.9e+11
dp[15][467]=-3.9e+11
dp[16][467]=-3.9e+11
dp[17][467]=-3.9e+11
dp[18][467]=-3.9e+11
dp[19][467]=-3.9e+11
dp[20][467]=-2.5e+11
dp[21][467]=-1.1e+11
Select best dp
Best k=8
dp[2][467]=-325.085
dp[3][467]=-2.8e+11
dp[4][467]=-2.8e+11
dp[5][467]=-5.5e+11
dp[6][467]=-5.5e+11
dp[7][467]=-7.8e+11
dp[8][467]=-7.8e+11
dp[9][467]=-7.8e+11
dp[10][467]=-7.8e+11
dp[11][467]=-7.8e+11
dp[12][467]=-7.8e+11
dp[13][467]=-7.8e+11
dp[14][467]=-7.8e+11
dp[15][467]=-7.8e+11
dp[16][467]=-7.8e+11
dp[17][467]=-7.8e+11
dp[18][467]=-7.8e+11
dp[19][467]=-7.8e+11
dp[20][467]=-5e+11
dp[21][467]=-2.2e+11
Select best dp
Best k=10
dp[2][467]=-325.085
dp[3][467]=-2.8e+11
dp[4][467]=-2.8e+11
dp[5][467]=-5.5e+11
dp[6][467]=-5.5e+11
dp[7][467]=-7.8e+11
dp[8][467]=-7.8e+11
dp[9][467]=-7.8e+11
dp[10][467]=-7.8e+11
dp[11][467]=-7.8e+11
dp[12][467]=-7.8e+11
dp[13][467]=-7.8e+11
dp[14][467]=-7.8e+11
dp[15][467]=-7.8e+11
dp[16][467]=-7.8e+11
dp[17][467]=-7.8e+11
dp[18][467]=-7.8e+11
dp[19][467]=-7.8e+11
dp[20][467]=-5e+11
dp[21][467]=-2.2e+11
Select best dp
Best k=10
dp[2][467]=-325.085
dp[3][467]=-2.8e+11
dp[4][467]=-4.4e+11
dp[5][467]=-5.5e+11
dp[6][467]=-7.2e+11
dp[7][467]=-8.1e+11
dp[8][467]=-9.7e+11
dp[9][467]=-1.08e+12
dp[10][467]=-1.25e+12
dp[11][467]=-1.39e+12
dp[12][467]=-1.5e+12
dp[13][467]=-1.62e+12
dp[14][467]=-1.78e+12
dp[15][467]=-1.92e+12
dp[16][467]=-2.02e+12
dp[17][467]=-2.15e+12
dp[18][467]=-2.3e+12
dp[19][467]=-2.44e+12
dp[20][467]=-2.53e+12
dp[21][467]=-2.67e+12
Select best dp
Best k=21
dp[2][467]=262.176
dp[3][467]=-2.8e+11
dp[4][467]=-2.8e+11
dp[5][467]=-5.5e+11
dp[6][467]=-5.5e+11
dp[7][467]=-7.8e+11
dp[8][467]=-7.8e+11
dp[9][467]=-7.8e+11
dp[10][467]=-7.8e+11
dp[11][467]=-7.8e+11
dp[12][467]=-7.8e+11
dp[13][467]=-7.8e+11
dp[14][467]=-7.8e+11
dp[15][467]=-7.8e+11
dp[16][467]=-7.8e+11
dp[17][467]=-7.8e+11
dp[18][467]=-7.8e+11
dp[19][467]=-7.8e+11
dp[20][467]=-5e+11
dp[21][467]=-2.2e+11
Select best dp
Best k=10
