Standardize ...
Stratifying 1-th numerical feature ...
Standardize ...
Stratifying 1-th numerical feature ...
Standardize ...
Stratifying 1-th numerical feature ...
Standardize ...
Stratifying 1-th numerical feature ...
Standardize ...
Stratifying 1-th numerical feature ...
Standardize ...
Stratifying 1-th numerical feature ...
Standardize ...
Stratifying 1-th numerical feature ...
Standardize ...
Stratifying 1-th numerical feature ...
Standardize ...
Stratifying 1-th numerical feature ...
Standardize ...
Stratifying 1-th numerical feature ...
Standardize ...
Stratifying 1-th numerical feature ...
Standardize ...
Stratifying 1-th numerical feature ...
Standardize ...
Stratifying 1-th numerical feature ...
Standardize ...
Stratifying 1-th numerical feature ...
dp[2][1325]=-1453.85
dp[3][1325]=-7.4e+11
dp[4][1325]=-1.35e+12
dp[5][1325]=-1.91e+12
dp[6][1325]=-2.48e+12
dp[7][1325]=-3.04e+12
dp[8][1325]=-3.58e+12
dp[9][1325]=-4.14e+12
dp[10][1325]=-4.58e+12
dp[11][1325]=-5.14e+12
dp[12][1325]=-5.63e+12
dp[13][1325]=-6.08e+12
dp[14][1325]=-6.64e+12
dp[15][1325]=-7.15e+12
dp[16][1325]=-7.6e+12
dp[17][1325]=-7.99e+12
dp[18][1325]=-8.12e+12
dp[19][1325]=-8.53e+12
dp[20][1325]=-8.92e+12
dp[21][1325]=-8.93e+12
dp[22][1325]=-9.32e+12
dp[23][1325]=-9.32e+12
dp[24][1325]=-9.69e+12
dp[25][1325]=-9.69e+12
dp[26][1325]=-9.69e+12
dp[27][1325]=-9.69e+12
dp[28][1325]=-9.69e+12
dp[29][1325]=-9.33e+12
dp[30][1325]=-8.97e+12
dp[31][1325]=-8.61e+12
dp[32][1325]=-8.25e+12
dp[33][1325]=-7.89e+12
dp[34][1325]=-7.52e+12
dp[35][1325]=-6.64e+12
dp[36][1325]=-5.33e+12
Select best dp
Best k=25
Stratifying 2-th numerical feature ...
dp[2][1325]=-1453.85
dp[3][1325]=-7.4e+11
dp[4][1325]=-1.35e+12
dp[5][1325]=-1.91e+12
dp[6][1325]=-2.48e+12
dp[7][1325]=-3.04e+12
dp[8][1325]=-3.58e+12
dp[9][1325]=-4.14e+12
dp[10][1325]=-4.58e+12
dp[11][1325]=-5.14e+12
dp[12][1325]=-5.63e+12
dp[13][1325]=-6.08e+12
dp[14][1325]=-6.64e+12
dp[15][1325]=-7.15e+12
dp[16][1325]=-7.6e+12
dp[17][1325]=-7.99e+12
dp[18][1325]=-8.12e+12
dp[19][1325]=-8.53e+12
dp[20][1325]=-8.92e+12
dp[21][1325]=-8.93e+12
dp[22][1325]=-9.32e+12
dp[23][1325]=-9.32e+12
dp[24][1325]=-9.69e+12
dp[25][1325]=-9.69e+12
dp[26][1325]=-9.69e+12
dp[27][1325]=-9.69e+12
dp[28][1325]=-9.69e+12
dp[29][1325]=-9.33e+12
dp[30][1325]=-8.97e+12
dp[31][1325]=-8.61e+12
dp[32][1325]=-8.25e+12
dp[33][1325]=-7.89e+12
dp[34][1325]=-7.52e+12
dp[35][1325]=-6.64e+12
dp[36][1325]=-5.33e+12
Select best dp
Best k=25
dp[2][1325]=-1453.85
dp[3][1325]=-7.4e+11
dp[4][1325]=-1.35e+12
dp[5][1325]=-1.91e+12
dp[6][1325]=-2.48e+12
dp[7][1325]=-3.04e+12
dp[8][1325]=-3.58e+12
dp[9][1325]=-4.14e+12
dp[10][1325]=-4.58e+12
dp[11][1325]=-5.14e+12
dp[12][1325]=-5.63e+12
dp[13][1325]=-6.08e+12
dp[14][1325]=-6.64e+12
dp[15][1325]=-7.15e+12
dp[16][1325]=-7.6e+12
dp[17][1325]=-7.99e+12
dp[18][1325]=-8.12e+12
dp[19][1325]=-8.53e+12
dp[20][1325]=-8.92e+12
dp[21][1325]=-8.93e+12
dp[22][1325]=-9.32e+12
dp[23][1325]=-9.32e+12
dp[24][1325]=-9.69e+12
dp[25][1325]=-9.69e+12
dp[26][1325]=-9.69e+12
dp[27][1325]=-9.69e+12
dp[28][1325]=-9.69e+12
dp[29][1325]=-9.33e+12
dp[30][1325]=-8.97e+12
dp[31][1325]=-8.61e+12
dp[32][1325]=-8.25e+12
dp[33][1325]=-7.89e+12
dp[34][1325]=-7.52e+12
dp[35][1325]=-6.64e+12
dp[36][1325]=-5.33e+12
Select best dp
Best k=25
Stratifying 2-th numerical feature ...
Stratifying 2-th numerical feature ...
dp[2][1325]=-1453.85
dp[3][1325]=-7.4e+11
dp[4][1325]=-1.35e+12
dp[5][1325]=-1.91e+12
dp[6][1325]=-2.48e+12
dp[7][1325]=-3.04e+12
dp[8][1325]=-3.08e+12
dp[9][1325]=-3.64e+12
dp[10][1325]=-3.66e+12
dp[11][1325]=-4.22e+12
dp[12][1325]=-4.22e+12
dp[13][1325]=-4.22e+12
dp[14][1325]=-4.22e+12
dp[15][1325]=-4.22e+12
dp[16][1325]=-4.22e+12
dp[17][1325]=-4.22e+12
dp[18][1325]=-4.22e+12
dp[19][1325]=-4.22e+12
dp[20][1325]=-4.22e+12
dp[21][1325]=-4.22e+12
dp[22][1325]=-4.18e+12
dp[23][1325]=-3.6e+12
dp[24][1325]=-1.15e+12
Select best dp
Best k=19
Stratifying 2-th numerical feature ...
dp[2][1325]=-2.2e+11
dp[3][1325]=-7.4e+11
dp[4][1325]=-1.35e+12
dp[5][1325]=-1.91e+12
dp[6][1325]=-2.48e+12
dp[7][1325]=-3.04e+12
dp[8][1325]=-3.58e+12
dp[9][1325]=-4.14e+12
dp[10][1325]=-4.58e+12
dp[11][1325]=-5.14e+12
dp[12][1325]=-5.63e+12
dp[13][1325]=-6.08e+12
dp[14][1325]=-6.64e+12
dp[15][1325]=-7.15e+12
dp[16][1325]=-7.6e+12
dp[17][1325]=-8.03e+12
dp[18][1325]=-8.48e+12
dp[19][1325]=-8.89e+12
dp[20][1325]=-9.28e+12
dp[21][1325]=-9.57e+12
dp[22][1325]=-9.89e+12
dp[23][1325]=-1.018e+13
dp[24][1325]=-1.053e+13
dp[25][1325]=-1.086e+13
dp[26][1325]=-1.121e+13
dp[27][1325]=-1.159e+13
dp[28][1325]=-1.184e+13
dp[29][1325]=-1.229e+13
dp[30][1325]=-1.27e+13
dp[31][1325]=-1.295e+13
dp[32][1325]=-1.295e+13
dp[33][1325]=-1.295e+13
dp[34][1325]=-1.295e+13
dp[35][1325]=-1.295e+13
dp[36][1325]=-1.295e+13
Select best dp
Best k=31
Stratifying 2-th numerical feature ...
dp[2][1325]=-3180.91
dp[3][1325]=-1.48e+12
dp[4][1325]=-2.7e+12
dp[5][1325]=-3.82e+12
dp[6][1325]=-4.96e+12
dp[7][1325]=-6.08e+12
dp[8][1325]=-7.16e+12
dp[9][1325]=-8.28e+12
dp[10][1325]=-9.16e+12
dp[11][1325]=-1.028e+13
dp[12][1325]=-1.126e+13
dp[13][1325]=-1.216e+13
dp[14][1325]=-1.328e+13
dp[15][1325]=-1.43e+13
dp[16][1325]=-1.52e+13
dp[17][1325]=-1.598e+13
dp[18][1325]=-1.624e+13
dp[19][1325]=-1.706e+13
dp[20][1325]=-1.784e+13
dp[21][1325]=-1.786e+13
dp[22][1325]=-1.864e+13
dp[23][1325]=-1.864e+13
dp[24][1325]=-1.938e+13
dp[25][1325]=-1.938e+13
dp[26][1325]=-1.938e+13
dp[27][1325]=-1.938e+13
dp[28][1325]=-1.938e+13
dp[29][1325]=-1.866e+13
dp[30][1325]=-1.794e+13
dp[31][1325]=-1.722e+13
dp[32][1325]=-1.65e+13
dp[33][1325]=-1.578e+13
dp[34][1325]=-1.504e+13
dp[35][1325]=-1.328e+13
dp[36][1325]=-1.066e+13
Select best dp
Best k=27
dp[2][1325]=-1453.85
dp[3][1325]=-7.4e+11
dp[4][1325]=-1.35e+12
dp[5][1325]=-1.91e+12
dp[6][1325]=-2.48e+12
dp[7][1325]=-3.04e+12
dp[8][1325]=-3.58e+12
dp[9][1325]=-4.14e+12
dp[10][1325]=-4.58e+12
dp[11][1325]=-5.14e+12
dp[12][1325]=-5.63e+12
dp[13][1325]=-6.08e+12
dp[14][1325]=-6.64e+12
dp[15][1325]=-7.15e+12
dp[16][1325]=-7.6e+12
dp[17][1325]=-7.99e+12
dp[18][1325]=-8.12e+12
dp[19][1325]=-8.53e+12
dp[20][1325]=-8.92e+12
dp[21][1325]=-8.93e+12
dp[22][1325]=-9.32e+12
dp[23][1325]=-9.32e+12
dp[24][1325]=-9.69e+12
dp[25][1325]=-9.69e+12
dp[26][1325]=-9.69e+12
dp[27][1325]=-9.69e+12
dp[28][1325]=-9.69e+12
dp[29][1325]=-9.33e+12
dp[30][1325]=-8.97e+12
dp[31][1325]=-8.61e+12
dp[32][1325]=-8.25e+12
dp[33][1325]=-7.89e+12
dp[34][1325]=-7.52e+12
dp[35][1325]=-6.64e+12
dp[36][1325]=-5.33e+12
Select best dp
Best k=25
dp[2][1325]=-590.315
dp[3][1325]=-3.7e+11
dp[4][1325]=-6.75e+11
dp[5][1325]=-9.55e+11
dp[6][1325]=-1.24e+12
dp[7][1325]=-1.52e+12
dp[8][1325]=-1.79e+12
dp[9][1325]=-2.07e+12
dp[10][1325]=-2.29e+12
dp[11][1325]=-2.57e+12
dp[12][1325]=-2.815e+12
dp[13][1325]=-3.04e+12
dp[14][1325]=-3.32e+12
dp[15][1325]=-3.575e+12
dp[16][1325]=-3.8e+12
dp[17][1325]=-3.995e+12
dp[18][1325]=-4.06e+12
dp[19][1325]=-4.265e+12
dp[20][1325]=-4.46e+12
dp[21][1325]=-4.465e+12
dp[22][1325]=-4.66e+12
dp[23][1325]=-4.66e+12
dp[24][1325]=-4.845e+12
dp[25][1325]=-4.845e+12
dp[26][1325]=-4.845e+12
dp[27][1325]=-4.845e+12
dp[28][1325]=-4.845e+12
dp[29][1325]=-4.665e+12
dp[30][1325]=-4.485e+12
dp[31][1325]=-4.305e+12
dp[32][1325]=-4.125e+12
dp[33][1325]=-3.945e+12
dp[34][1325]=-3.76e+12
dp[35][1325]=-3.32e+12
dp[36][1325]=-2.665e+12
Select best dp
Best k=24
Stratifying 2-th numerical feature ...
Stratifying 2-th numerical feature ...
Stratifying 2-th numerical feature ...
dp[2][1325]=273.217
dp[3][1325]=409.826
dp[4][1325]=546.434
dp[5][1325]=683.043
dp[6][1325]=819.651
dp[7][1325]=956.26
dp[8][1325]=1092.87
dp[9][1325]=1229.48
dp[10][1325]=1366.09
dp[11][1325]=1502.69
dp[12][1325]=1639.3
dp[13][1325]=1775.91
dp[14][1325]=1912.52
dp[15][1325]=2049.13
dp[16][1325]=2185.74
dp[17][1325]=2322.34
dp[18][1325]=2458.95
dp[19][1325]=2595.56
dp[20][1325]=2732.17
dp[21][1325]=2868.78
dp[22][1325]=3005.39
dp[23][1325]=3142
dp[24][1325]=3278.6
dp[25][1325]=3415.21
dp[26][1325]=3551.82
dp[27][1325]=3688.43
dp[28][1325]=3825.04
dp[29][1325]=3961.65
dp[30][1325]=4098.26
dp[31][1325]=4234.86
dp[32][1325]=4371.47
dp[33][1325]=4508.08
dp[34][1325]=4644.69
dp[35][1325]=4781.3
dp[36][1325]=4917.91
Select best dp
Best k=2
Stratifying 2-th numerical feature ...
dp[2][1325]=-1453.85
dp[3][1325]=-7.4e+11
dp[4][1325]=-1.35e+12
dp[5][1325]=-1.91e+12
dp[6][1325]=-2.48e+12
dp[7][1325]=-3.04e+12
dp[8][1325]=-3.58e+12
dp[9][1325]=-4.14e+12
dp[10][1325]=-4.58e+12
dp[11][1325]=-5.14e+12
dp[12][1325]=-5.63e+12
dp[13][1325]=-6.08e+12
dp[14][1325]=-6.64e+12
dp[15][1325]=-7.15e+12
dp[16][1325]=-7.6e+12
dp[17][1325]=-7.99e+12
dp[18][1325]=-8.12e+12
dp[19][1325]=-8.53e+12
dp[20][1325]=-8.92e+12
dp[21][1325]=-8.93e+12
dp[22][1325]=-9.32e+12
dp[23][1325]=-9.32e+12
dp[24][1325]=-9.69e+12
dp[25][1325]=-9.69e+12
dp[26][1325]=-9.69e+12
dp[27][1325]=-9.69e+12
dp[28][1325]=-9.69e+12
dp[29][1325]=-9.33e+12
dp[30][1325]=-8.97e+12
dp[31][1325]=-8.61e+12
dp[32][1325]=-8.25e+12
dp[33][1325]=-7.89e+12
dp[34][1325]=-7.52e+12
dp[35][1325]=-6.64e+12
dp[36][1325]=-5.33e+12
Select best dp
Best k=25
Stratifying 2-th numerical feature ...
dp[2][1325]=-1453.85
dp[3][1325]=-7.4e+11
dp[4][1325]=-1.35e+12
dp[5][1325]=-1.91e+12
dp[6][1325]=-2.48e+12
dp[7][1325]=-3.04e+12
dp[8][1325]=-3.58e+12
dp[9][1325]=-4.14e+12
dp[10][1325]=-4.58e+12
dp[11][1325]=-5.14e+12
dp[12][1325]=-5.63e+12
dp[13][1325]=-6.08e+12
dp[14][1325]=-6.64e+12
dp[15][1325]=-7.15e+12
dp[16][1325]=-7.6e+12
dp[17][1325]=-7.99e+12
dp[18][1325]=-8.12e+12
dp[19][1325]=-8.53e+12
dp[20][1325]=-8.92e+12
dp[21][1325]=-8.93e+12
dp[22][1325]=-9.32e+12
dp[23][1325]=-9.32e+12
dp[24][1325]=-9.69e+12
dp[25][1325]=-9.69e+12
dp[26][1325]=-9.69e+12
dp[27][1325]=-9.69e+12
dp[28][1325]=-9.69e+12
dp[29][1325]=-9.33e+12
dp[30][1325]=-8.97e+12
dp[31][1325]=-8.61e+12
dp[32][1325]=-8.25e+12
dp[33][1325]=-7.89e+12
dp[34][1325]=-7.52e+12
dp[35][1325]=-6.64e+12
dp[36][1325]=-5.33e+12
Select best dp
Best k=25
Stratifying 2-th numerical feature ...
dp[2][1325]=-8.5e+11
dp[3][1325]=-3.32e+12
dp[4][1325]=-5.81e+12
dp[5][1325]=-8.19e+12
dp[6][1325]=-9.91e+12
dp[7][1325]=-1.113e+13
dp[8][1325]=-1.196e+13
dp[9][1325]=-1.24e+13
dp[10][1325]=-1.286e+13
dp[11][1325]=-1.286e+13
dp[12][1325]=-1.286e+13
dp[13][1325]=-1.286e+13
dp[14][1325]=-1.286e+13
dp[15][1325]=-1.286e+13
dp[16][1325]=-1.286e+13
dp[17][1325]=-1.286e+13
dp[18][1325]=-1.286e+13
dp[19][1325]=-1.286e+13
dp[20][1325]=-1.286e+13
dp[21][1325]=-1.286e+13
dp[22][1325]=-1.286e+13
dp[23][1325]=-1.286e+13
dp[24][1325]=-1.286e+13
dp[25][1325]=-1.286e+13
dp[26][1325]=-1.286e+13
dp[27][1325]=-1.286e+13
dp[28][1325]=-1.286e+13
dp[29][1325]=-1.286e+13
dp[30][1325]=-1.286e+13
dp[31][1325]=-1.286e+13
dp[32][1325]=-1.286e+13
dp[33][1325]=-1.25e+13
dp[34][1325]=-1.214e+13
dp[35][1325]=-1.178e+13
dp[36][1325]=-1.106e+13
Select best dp
Best k=10
dp[2][1325]=-8.5e+11
dp[3][1325]=-3.32e+12
dp[4][1325]=-5.81e+12
dp[5][1325]=-8.19e+12
dp[6][1325]=-9.91e+12
dp[7][1325]=-1.113e+13
dp[8][1325]=-1.196e+13
dp[9][1325]=-1.24e+13
dp[10][1325]=-1.286e+13
dp[11][1325]=-1.286e+13
dp[12][1325]=-1.286e+13
dp[13][1325]=-1.286e+13
dp[14][1325]=-1.286e+13
dp[15][1325]=-1.286e+13
dp[16][1325]=-1.286e+13
dp[17][1325]=-1.286e+13
dp[18][1325]=-1.286e+13
dp[19][1325]=-1.286e+13
dp[20][1325]=-1.286e+13
dp[21][1325]=-1.286e+13
dp[22][1325]=-1.286e+13
dp[23][1325]=-1.286e+13
dp[24][1325]=-1.286e+13
dp[25][1325]=-1.286e+13
dp[26][1325]=-1.286e+13
dp[27][1325]=-1.286e+13
dp[28][1325]=-1.286e+13
dp[29][1325]=-1.286e+13
dp[30][1325]=-1.286e+13
dp[31][1325]=-1.286e+13
dp[32][1325]=-1.286e+13
dp[33][1325]=-1.25e+13
dp[34][1325]=-1.214e+13
dp[35][1325]=-1.178e+13
dp[36][1325]=-1.106e+13
Select best dp
Best k=10
dp[2][1325]=-8.5e+11
dp[3][1325]=-3.32e+12
dp[4][1325]=-5.81e+12
dp[5][1325]=-8.19e+12
dp[6][1325]=-9.91e+12
dp[7][1325]=-1.113e+13
dp[8][1325]=-1.196e+13
dp[9][1325]=-1.24e+13
dp[10][1325]=-1.286e+13
dp[11][1325]=-1.286e+13
dp[12][1325]=-1.286e+13
dp[13][1325]=-1.286e+13
dp[14][1325]=-1.286e+13
dp[15][1325]=-1.286e+13
dp[16][1325]=-1.286e+13
dp[17][1325]=-1.286e+13
dp[18][1325]=-1.286e+13
dp[19][1325]=-1.286e+13
dp[20][1325]=-1.286e+13
dp[21][1325]=-1.286e+13
dp[22][1325]=-1.286e+13
dp[23][1325]=-1.286e+13
dp[24][1325]=-1.286e+13
dp[25][1325]=-1.286e+13
dp[26][1325]=-1.286e+13
dp[27][1325]=-1.286e+13
dp[28][1325]=-1.286e+13
dp[29][1325]=-1.286e+13
dp[30][1325]=-1.286e+13
dp[31][1325]=-1.286e+13
dp[32][1325]=-1.286e+13
dp[33][1325]=-1.25e+13
dp[34][1325]=-1.214e+13
dp[35][1325]=-1.178e+13
dp[36][1325]=-1.106e+13
Select best dp
Best k=10
dp[2][1325]=-2.2e+11
dp[3][1325]=-7.4e+11
dp[4][1325]=-1.35e+12
dp[5][1325]=-1.91e+12
dp[6][1325]=-2.48e+12
dp[7][1325]=-3.04e+12
dp[8][1325]=-3.58e+12
dp[9][1325]=-4.14e+12
dp[10][1325]=-4.58e+12
dp[11][1325]=-5.14e+12
dp[12][1325]=-5.63e+12
dp[13][1325]=-6.08e+12
dp[14][1325]=-6.64e+12
dp[15][1325]=-7.15e+12
dp[16][1325]=-7.6e+12
dp[17][1325]=-8.03e+12
dp[18][1325]=-8.48e+12
dp[19][1325]=-8.89e+12
dp[20][1325]=-9.28e+12
dp[21][1325]=-9.57e+12
dp[22][1325]=-9.89e+12
dp[23][1325]=-1.018e+13
dp[24][1325]=-1.053e+13
dp[25][1325]=-1.086e+13
dp[26][1325]=-1.121e+13
dp[27][1325]=-1.159e+13
dp[28][1325]=-1.184e+13
dp[29][1325]=-1.229e+13
dp[30][1325]=-1.27e+13
dp[31][1325]=-1.295e+13
dp[32][1325]=-1.309e+13
dp[33][1325]=-1.309e+13
dp[34][1325]=-1.309e+13
dp[35][1325]=-1.309e+13
dp[36][1325]=-1.309e+13
Select best dp
Best k=32
Stratifying 2-th numerical feature ...
dp[2][1325]=-8.5e+11
dp[3][1325]=-3.32e+12
dp[4][1325]=-5.81e+12
dp[5][1325]=-8.19e+12
dp[6][1325]=-9.91e+12
dp[7][1325]=-1.113e+13
dp[8][1325]=-1.196e+13
dp[9][1325]=-1.196e+13
dp[10][1325]=-1.196e+13
dp[11][1325]=-1.196e+13
dp[12][1325]=-1.196e+13
dp[13][1325]=-1.196e+13
dp[14][1325]=-1.196e+13
dp[15][1325]=-1.196e+13
dp[16][1325]=-1.196e+13
dp[17][1325]=-1.196e+13
dp[18][1325]=-1.196e+13
dp[19][1325]=-1.196e+13
dp[20][1325]=-1.196e+13
dp[21][1325]=-1.196e+13
dp[22][1325]=-1.142e+13
dp[23][1325]=-1.088e+13
dp[24][1325]=-1.002e+13
Select best dp
Best k=9
dp[2][1325]=-8.5e+11
dp[3][1325]=-3.32e+12
dp[4][1325]=-5.81e+12
dp[5][1325]=-8.19e+12
dp[6][1325]=-9.91e+12
dp[7][1325]=-1.113e+13
dp[8][1325]=-1.196e+13
dp[9][1325]=-1.24e+13
dp[10][1325]=-1.286e+13
dp[11][1325]=-1.286e+13
dp[12][1325]=-1.286e+13
dp[13][1325]=-1.286e+13
dp[14][1325]=-1.286e+13
dp[15][1325]=-1.286e+13
dp[16][1325]=-1.286e+13
dp[17][1325]=-1.286e+13
dp[18][1325]=-1.286e+13
dp[19][1325]=-1.286e+13
dp[20][1325]=-1.286e+13
dp[21][1325]=-1.286e+13
dp[22][1325]=-1.286e+13
dp[23][1325]=-1.286e+13
dp[24][1325]=-1.286e+13
dp[25][1325]=-1.286e+13
dp[26][1325]=-1.286e+13
dp[27][1325]=-1.286e+13
dp[28][1325]=-1.286e+13
dp[29][1325]=-1.286e+13
dp[30][1325]=-1.286e+13
dp[31][1325]=-1.286e+13
dp[32][1325]=-1.286e+13
dp[33][1325]=-1.25e+13
dp[34][1325]=-1.214e+13
dp[35][1325]=-1.178e+13
dp[36][1325]=-1.106e+13
Select best dp
Best k=10
dp[2][1325]=-1.7e+12
dp[3][1325]=-6.64e+12
dp[4][1325]=-1.162e+13
dp[5][1325]=-1.638e+13
dp[6][1325]=-1.982e+13
dp[7][1325]=-2.226e+13
dp[8][1325]=-2.392e+13
dp[9][1325]=-2.48e+13
dp[10][1325]=-2.572e+13
dp[11][1325]=-2.572e+13
dp[12][1325]=-2.572e+13
dp[13][1325]=-2.572e+13
dp[14][1325]=-2.572e+13
dp[15][1325]=-2.572e+13
dp[16][1325]=-2.572e+13
dp[17][1325]=-2.572e+13
dp[18][1325]=-2.572e+13
dp[19][1325]=-2.572e+13
dp[20][1325]=-2.572e+13
dp[21][1325]=-2.572e+13
dp[22][1325]=-2.572e+13
dp[23][1325]=-2.572e+13
dp[24][1325]=-2.572e+13
dp[25][1325]=-2.572e+13
dp[26][1325]=-2.572e+13
dp[27][1325]=-2.572e+13
dp[28][1325]=-2.572e+13
dp[29][1325]=-2.572e+13
dp[30][1325]=-2.572e+13
dp[31][1325]=-2.572e+13
dp[32][1325]=-2.572e+13
dp[33][1325]=-2.5e+13
dp[34][1325]=-2.428e+13
dp[35][1325]=-2.356e+13
dp[36][1325]=-2.212e+13
Select best dp
Best k=10
dp[2][1325]=-4.25e+11
dp[3][1325]=-1.66e+12
dp[4][1325]=-2.905e+12
dp[5][1325]=-4.095e+12
dp[6][1325]=-4.955e+12
dp[7][1325]=-5.565e+12
dp[8][1325]=-5.98e+12
dp[9][1325]=-6.2e+12
dp[10][1325]=-6.43e+12
dp[11][1325]=-6.43e+12
dp[12][1325]=-6.43e+12
dp[13][1325]=-6.43e+12
dp[14][1325]=-6.43e+12
dp[15][1325]=-6.43e+12
dp[16][1325]=-6.43e+12
dp[17][1325]=-6.43e+12
dp[18][1325]=-6.43e+12
dp[19][1325]=-6.43e+12
dp[20][1325]=-6.43e+12
dp[21][1325]=-6.43e+12
dp[22][1325]=-6.43e+12
dp[23][1325]=-6.43e+12
dp[24][1325]=-6.43e+12
dp[25][1325]=-6.43e+12
dp[26][1325]=-6.43e+12
dp[27][1325]=-6.43e+12
dp[28][1325]=-6.43e+12
dp[29][1325]=-6.43e+12
dp[30][1325]=-6.43e+12
dp[31][1325]=-6.43e+12
dp[32][1325]=-6.43e+12
dp[33][1325]=-6.25e+12
dp[34][1325]=-6.07e+12
dp[35][1325]=-5.89e+12
dp[36][1325]=-5.53e+12
Select best dp
Best k=10
dp[2][1325]=273.217
dp[3][1325]=409.826
dp[4][1325]=546.434
dp[5][1325]=683.043
dp[6][1325]=819.651
dp[7][1325]=956.26
dp[8][1325]=1092.87
dp[9][1325]=1229.48
dp[10][1325]=1366.09
dp[11][1325]=1502.69
dp[12][1325]=1639.3
dp[13][1325]=1775.91
dp[14][1325]=1912.52
dp[15][1325]=2049.13
dp[16][1325]=2185.74
dp[17][1325]=2322.34
dp[18][1325]=2458.95
dp[19][1325]=2595.56
dp[20][1325]=2732.17
dp[21][1325]=2868.78
dp[22][1325]=3005.39
dp[23][1325]=3142
dp[24][1325]=3278.6
dp[25][1325]=3415.21
dp[26][1325]=3551.82
dp[27][1325]=3688.43
dp[28][1325]=3825.04
dp[29][1325]=3961.65
dp[30][1325]=4098.26
dp[31][1325]=4234.86
dp[32][1325]=4371.47
dp[33][1325]=4508.08
dp[34][1325]=4644.69
dp[35][1325]=4781.3
dp[36][1325]=4917.91
Select best dp
Best k=2
dp[2][1325]=-8.5e+11
dp[3][1325]=-3.32e+12
dp[4][1325]=-5.81e+12
dp[5][1325]=-8.19e+12
dp[6][1325]=-9.91e+12
dp[7][1325]=-1.113e+13
dp[8][1325]=-1.196e+13
dp[9][1325]=-1.24e+13
dp[10][1325]=-1.286e+13
dp[11][1325]=-1.286e+13
dp[12][1325]=-1.286e+13
dp[13][1325]=-1.286e+13
dp[14][1325]=-1.286e+13
dp[15][1325]=-1.286e+13
dp[16][1325]=-1.286e+13
dp[17][1325]=-1.286e+13
dp[18][1325]=-1.286e+13
dp[19][1325]=-1.286e+13
dp[20][1325]=-1.286e+13
dp[21][1325]=-1.286e+13
dp[22][1325]=-1.286e+13
dp[23][1325]=-1.286e+13
dp[24][1325]=-1.286e+13
dp[25][1325]=-1.286e+13
dp[26][1325]=-1.286e+13
dp[27][1325]=-1.286e+13
dp[28][1325]=-1.286e+13
dp[29][1325]=-1.286e+13
dp[30][1325]=-1.286e+13
dp[31][1325]=-1.286e+13
dp[32][1325]=-1.286e+13
dp[33][1325]=-1.25e+13
dp[34][1325]=-1.214e+13
dp[35][1325]=-1.178e+13
dp[36][1325]=-1.106e+13
Select best dp
Best k=10
dp[2][1325]=-310.282
dp[3][1325]=-7.4e+11
dp[4][1325]=-1.35e+12
dp[5][1325]=-1.91e+12
dp[6][1325]=-2.48e+12
dp[7][1325]=-3.04e+12
dp[8][1325]=-3.58e+12
dp[9][1325]=-4.14e+12
dp[10][1325]=-4.58e+12
dp[11][1325]=-5.14e+12
dp[12][1325]=-5.63e+12
dp[13][1325]=-6.08e+12
dp[14][1325]=-6.64e+12
dp[15][1325]=-7.15e+12
dp[16][1325]=-7.6e+12
dp[17][1325]=-7.99e+12
dp[18][1325]=-8.12e+12
dp[19][1325]=-8.53e+12
dp[20][1325]=-8.92e+12
dp[21][1325]=-8.93e+12
dp[22][1325]=-9.32e+12
dp[23][1325]=-9.32e+12
dp[24][1325]=-9.69e+12
dp[25][1325]=-9.69e+12
dp[26][1325]=-9.69e+12
dp[27][1325]=-9.69e+12
dp[28][1325]=-9.69e+12
dp[29][1325]=-9.33e+12
dp[30][1325]=-8.97e+12
dp[31][1325]=-8.61e+12
dp[32][1325]=-8.25e+12
dp[33][1325]=-7.89e+12
dp[34][1325]=-7.52e+12
dp[35][1325]=-6.64e+12
dp[36][1325]=-5.33e+12
Select best dp
Best k=25
Stratifying 2-th numerical feature ...
dp[2][1325]=-8.5e+11
dp[3][1325]=-3.32e+12
dp[4][1325]=-5.81e+12
dp[5][1325]=-8.19e+12
dp[6][1325]=-9.91e+12
dp[7][1325]=-1.113e+13
dp[8][1325]=-1.196e+13
dp[9][1325]=-1.24e+13
dp[10][1325]=-1.286e+13
dp[11][1325]=-1.286e+13
dp[12][1325]=-1.286e+13
dp[13][1325]=-1.286e+13
dp[14][1325]=-1.286e+13
dp[15][1325]=-1.286e+13
dp[16][1325]=-1.286e+13
dp[17][1325]=-1.286e+13
dp[18][1325]=-1.286e+13
dp[19][1325]=-1.286e+13
dp[20][1325]=-1.286e+13
dp[21][1325]=-1.286e+13
dp[22][1325]=-1.286e+13
dp[23][1325]=-1.286e+13
dp[24][1325]=-1.286e+13
dp[25][1325]=-1.286e+13
dp[26][1325]=-1.286e+13
dp[27][1325]=-1.286e+13
dp[28][1325]=-1.286e+13
dp[29][1325]=-1.286e+13
dp[30][1325]=-1.286e+13
dp[31][1325]=-1.286e+13
dp[32][1325]=-1.286e+13
dp[33][1325]=-1.25e+13
dp[34][1325]=-1.214e+13
dp[35][1325]=-1.178e+13
dp[36][1325]=-1.106e+13
Select best dp
Best k=10
dp[2][1325]=-2.2e+11
dp[3][1325]=-7.4e+11
dp[4][1325]=-1.35e+12
dp[5][1325]=-1.91e+12
dp[6][1325]=-2.48e+12
dp[7][1325]=-3.04e+12
dp[8][1325]=-3.58e+12
dp[9][1325]=-4.14e+12
dp[10][1325]=-4.58e+12
dp[11][1325]=-5.14e+12
dp[12][1325]=-5.63e+12
dp[13][1325]=-6.08e+12
dp[14][1325]=-6.64e+12
dp[15][1325]=-7.15e+12
dp[16][1325]=-7.6e+12
dp[17][1325]=-8.03e+12
dp[18][1325]=-8.48e+12
dp[19][1325]=-8.89e+12
dp[20][1325]=-9.28e+12
dp[21][1325]=-9.57e+12
dp[22][1325]=-9.89e+12
dp[23][1325]=-1.018e+13
dp[24][1325]=-1.053e+13
dp[25][1325]=-1.086e+13
dp[26][1325]=-1.121e+13
dp[27][1325]=-1.159e+13
dp[28][1325]=-1.184e+13
dp[29][1325]=-1.229e+13
dp[30][1325]=-1.27e+13
dp[31][1325]=-1.295e+13
dp[32][1325]=-1.309e+13
dp[33][1325]=-1.315e+13
dp[34][1325]=-1.321e+13
dp[35][1325]=-1.321e+13
dp[36][1325]=-1.321e+13
Select best dp
Best k=34
Stratifying 2-th numerical feature ...
dp[2][1325]=-8.5e+11
dp[3][1325]=-3.32e+12
dp[4][1325]=-5.81e+12
dp[5][1325]=-8.19e+12
dp[6][1325]=-9.91e+12
dp[7][1325]=-1.113e+13
dp[8][1325]=-1.196e+13
dp[9][1325]=-1.24e+13
dp[10][1325]=-1.286e+13
dp[11][1325]=-1.286e+13
dp[12][1325]=-1.286e+13
dp[13][1325]=-1.286e+13
dp[14][1325]=-1.286e+13
dp[15][1325]=-1.286e+13
dp[16][1325]=-1.286e+13
dp[17][1325]=-1.286e+13
dp[18][1325]=-1.286e+13
dp[19][1325]=-1.286e+13
dp[20][1325]=-1.286e+13
dp[21][1325]=-1.286e+13
dp[22][1325]=-1.286e+13
dp[23][1325]=-1.286e+13
dp[24][1325]=-1.286e+13
dp[25][1325]=-1.286e+13
dp[26][1325]=-1.286e+13
dp[27][1325]=-1.286e+13
dp[28][1325]=-1.286e+13
dp[29][1325]=-1.286e+13
dp[30][1325]=-1.286e+13
dp[31][1325]=-1.286e+13
dp[32][1325]=-1.286e+13
dp[33][1325]=-1.286e+13
dp[34][1325]=-1.286e+13
dp[35][1325]=-1.286e+13
dp[36][1325]=-1.286e+13
Select best dp
Best k=10
dp[2][1325]=-8.5e+11
dp[3][1325]=-3.32e+12
dp[4][1325]=-5.81e+12
dp[5][1325]=-8.19e+12
dp[6][1325]=-9.91e+12
dp[7][1325]=-1.113e+13
dp[8][1325]=-1.196e+13
dp[9][1325]=-1.24e+13
dp[10][1325]=-1.286e+13
dp[11][1325]=-1.3e+13
dp[12][1325]=-1.31e+13
dp[13][1325]=-1.31e+13
dp[14][1325]=-1.31e+13
dp[15][1325]=-1.31e+13
dp[16][1325]=-1.31e+13
dp[17][1325]=-1.31e+13
dp[18][1325]=-1.31e+13
dp[19][1325]=-1.31e+13
dp[20][1325]=-1.31e+13
dp[21][1325]=-1.31e+13
dp[22][1325]=-1.31e+13
dp[23][1325]=-1.31e+13
dp[24][1325]=-1.31e+13
dp[25][1325]=-1.31e+13
dp[26][1325]=-1.31e+13
dp[27][1325]=-1.31e+13
dp[28][1325]=-1.31e+13
dp[29][1325]=-1.31e+13
dp[30][1325]=-1.31e+13
dp[31][1325]=-1.31e+13
dp[32][1325]=-1.31e+13
dp[33][1325]=-1.31e+13
dp[34][1325]=-1.31e+13
dp[35][1325]=-1.31e+13
dp[36][1325]=-1.31e+13
Select best dp
Best k=12
dp[2][1325]=-8.5e+11
dp[3][1325]=-3.32e+12
dp[4][1325]=-5.81e+12
dp[5][1325]=-8.19e+12
dp[6][1325]=-9.91e+12
dp[7][1325]=-1.113e+13
dp[8][1325]=-1.196e+13
dp[9][1325]=-1.24e+13
dp[10][1325]=-1.286e+13
dp[11][1325]=-1.3e+13
dp[12][1325]=-1.31e+13
dp[13][1325]=-1.32e+13
dp[14][1325]=-1.32e+13
dp[15][1325]=-1.32e+13
dp[16][1325]=-1.32e+13
dp[17][1325]=-1.32e+13
dp[18][1325]=-1.32e+13
dp[19][1325]=-1.32e+13
dp[20][1325]=-1.32e+13
dp[21][1325]=-1.32e+13
dp[22][1325]=-1.32e+13
dp[23][1325]=-1.32e+13
dp[24][1325]=-1.32e+13
dp[25][1325]=-1.32e+13
dp[26][1325]=-1.32e+13
dp[27][1325]=-1.32e+13
dp[28][1325]=-1.32e+13
dp[29][1325]=-1.32e+13
dp[30][1325]=-1.32e+13
dp[31][1325]=-1.32e+13
dp[32][1325]=-1.32e+13
dp[33][1325]=-1.32e+13
dp[34][1325]=-1.32e+13
dp[35][1325]=-1.32e+13
dp[36][1325]=-1.32e+13
Select best dp
Best k=13
dp[2][1325]=-8.5e+11
dp[3][1325]=-3.32e+12
dp[4][1325]=-5.81e+12
dp[5][1325]=-8.19e+12
dp[6][1325]=-9.91e+12
dp[7][1325]=-1.113e+13
dp[8][1325]=-1.196e+13
dp[9][1325]=-1.24e+13
dp[10][1325]=-1.286e+13
dp[11][1325]=-1.286e+13
dp[12][1325]=-1.286e+13
dp[13][1325]=-1.286e+13
dp[14][1325]=-1.286e+13
dp[15][1325]=-1.286e+13
dp[16][1325]=-1.286e+13
dp[17][1325]=-1.286e+13
dp[18][1325]=-1.286e+13
dp[19][1325]=-1.286e+13
dp[20][1325]=-1.286e+13
dp[21][1325]=-1.286e+13
dp[22][1325]=-1.286e+13
dp[23][1325]=-1.286e+13
dp[24][1325]=-1.286e+13
dp[25][1325]=-1.286e+13
dp[26][1325]=-1.286e+13
dp[27][1325]=-1.286e+13
dp[28][1325]=-1.286e+13
dp[29][1325]=-1.286e+13
dp[30][1325]=-1.286e+13
dp[31][1325]=-1.286e+13
dp[32][1325]=-1.286e+13
dp[33][1325]=-1.25e+13
dp[34][1325]=-1.214e+13
dp[35][1325]=-1.178e+13
dp[36][1325]=-1.106e+13
Select best dp
Best k=10
