Standardize ...
Stratifying 1-th numerical feature ...
Standardize ...
Stratifying 1-th numerical feature ...
Standardize ...
Stratifying 1-th numerical feature ...
Standardize ...
Stratifying 1-th numerical feature ...
Standardize ...
Stratifying 1-th numerical feature ...
Standardize ...
Stratifying 1-th numerical feature ...
Standardize ...
Stratifying 1-th numerical feature ...
Standardize ...
Stratifying 1-th numerical feature ...
Standardize ...
Stratifying 1-th numerical feature ...
Standardize ...
Stratifying 1-th numerical feature ...
Standardize ...
Stratifying 1-th numerical feature ...
Standardize ...
Stratifying 1-th numerical feature ...
Standardize ...
Stratifying 1-th numerical feature ...
Standardize ...
Stratifying 1-th numerical feature ...
dp[2][269]=-102.497
dp[3][269]=-3.1e+11
dp[4][269]=-3.1e+11
dp[5][269]=-5.7e+11
dp[6][269]=-5.7e+11
dp[7][269]=-8.2e+11
dp[8][269]=-8.2e+11
dp[9][269]=-9.8e+11
dp[10][269]=-9.8e+11
dp[11][269]=-1.09e+12
dp[12][269]=-1.09e+12
dp[13][269]=-1.09e+12
dp[14][269]=-1.09e+12
dp[15][269]=-1.06e+12
dp[16][269]=-9.3e+11
Select best dp
Best k=11
Stratifying 2-th numerical feature ...
dp[2][269]=-102.497
dp[3][269]=-3.1e+11
dp[4][269]=-3.1e+11
dp[5][269]=-5.7e+11
dp[6][269]=-5.7e+11
dp[7][269]=-8.2e+11
dp[8][269]=-8.2e+11
dp[9][269]=-1.02e+12
dp[10][269]=-1.02e+12
dp[11][269]=-1.19e+12
dp[12][269]=-1.19e+12
dp[13][269]=-1.33e+12
dp[14][269]=-1.33e+12
dp[15][269]=-1.43e+12
dp[16][269]=-1.43e+12
Select best dp
Best k=15
Stratifying 2-th numerical feature ...
dp[2][269]=-102.497
dp[3][269]=-3.1e+11
dp[4][269]=-3.1e+11
dp[5][269]=-5.7e+11
dp[6][269]=-5.7e+11
dp[7][269]=-7.7e+11
dp[8][269]=-7.7e+11
dp[9][269]=-7.7e+11
dp[10][269]=-7.4e+11
Select best dp
Best k=8
Stratifying 2-th numerical feature ...
dp[2][269]=-102.497
dp[3][269]=-3.1e+11
dp[4][269]=-3.1e+11
dp[5][269]=-5.7e+11
dp[6][269]=-5.7e+11
dp[7][269]=-8.2e+11
dp[8][269]=-8.2e+11
dp[9][269]=-1.02e+12
dp[10][269]=-1.02e+12
dp[11][269]=-1.2e+12
dp[12][269]=-1.2e+12
dp[13][269]=-1.34e+12
dp[14][269]=-1.34e+12
dp[15][269]=-1.45e+12
dp[16][269]=-1.45e+12
Select best dp
Best k=15
Stratifying 2-th numerical feature ...
dp[2][269]=-102.497
dp[3][269]=-3.1e+11
dp[4][269]=-3.1e+11
dp[5][269]=-5.7e+11
dp[6][269]=-5.7e+11
dp[7][269]=-8.2e+11
dp[8][269]=-8.2e+11
dp[9][269]=-9.8e+11
dp[10][269]=-9.8e+11
dp[11][269]=-1.09e+12
dp[12][269]=-1.09e+12
dp[13][269]=-1.09e+12
dp[14][269]=-1.09e+12
dp[15][269]=-1.06e+12
dp[16][269]=-9.3e+11
Select best dp
Best k=11
dp[2][269]=-102.497
dp[3][269]=-3.1e+11
dp[4][269]=-3.1e+11
dp[5][269]=-5.7e+11
dp[6][269]=-5.7e+11
dp[7][269]=-8.2e+11
dp[8][269]=-8.2e+11
dp[9][269]=-9.8e+11
dp[10][269]=-9.8e+11
dp[11][269]=-1.09e+12
dp[12][269]=-1.09e+12
dp[13][269]=-1.09e+12
dp[14][269]=-1.09e+12
dp[15][269]=-1.06e+12
dp[16][269]=-9.3e+11
Select best dp
Best k=11
Stratifying 2-th numerical feature ...
Stratifying 2-th numerical feature ...
dp[2][269]=-102.497
dp[3][269]=-3.1e+11
dp[4][269]=-3.1e+11
dp[5][269]=-5.7e+11
dp[6][269]=-5.7e+11
dp[7][269]=-8.2e+11
dp[8][269]=-8.2e+11
dp[9][269]=-9.8e+11
dp[10][269]=-9.8e+11
dp[11][269]=-1.09e+12
dp[12][269]=-1.09e+12
dp[13][269]=-1.09e+12
dp[14][269]=-1.09e+12
dp[15][269]=-1.06e+12
dp[16][269]=-9.3e+11
Select best dp
Best k=11
Stratifying 2-th numerical feature ...
dp[2][269]=-483.35
dp[3][269]=-4.4e+11
dp[4][269]=-4.4e+11
dp[5][269]=-4.4e+11
dp[6][269]=-4.4e+11
dp[7][269]=-4.4e+11
dp[8][269]=-4.4e+11
dp[9][269]=-4.4e+11
dp[10][269]=-4.4e+11
dp[11][269]=-4.4e+11
dp[12][269]=-4.4e+11
dp[13][269]=-4.4e+11
dp[14][269]=-4.4e+11
dp[15][269]=-4.4e+11
dp[16][269]=-4.1e+11
Select best dp
Best k=6
Stratifying 3-th numerical feature ...
dp[2][269]=212.74
dp[3][269]=319.11
dp[4][269]=425.48
dp[5][269]=531.85
dp[6][269]=638.22
dp[7][269]=744.59
dp[8][269]=850.96
dp[9][269]=957.33
dp[10][269]=1063.7
dp[11][269]=1170.07
dp[12][269]=1276.44
dp[13][269]=1382.81
dp[14][269]=1489.18
dp[15][269]=1595.55
dp[16][269]=1701.92
Select best dp
Best k=2
dp[2][269]=55.1216
dp[3][269]=-1.55e+11
dp[4][269]=-1.55e+11
dp[5][269]=-2.85e+11
dp[6][269]=-2.85e+11
dp[7][269]=-4.1e+11
dp[8][269]=-4.1e+11
dp[9][269]=-4.9e+11
dp[10][269]=-4.9e+11
dp[11][269]=-5.45e+11
dp[12][269]=-5.45e+11
dp[13][269]=-5.45e+11
dp[14][269]=-5.45e+11
dp[15][269]=-5.3e+11
dp[16][269]=-4.65e+11
Select best dp
Best k=11
Stratifying 2-th numerical feature ...
dp[2][269]=-102.497
dp[2][269]=-417.734
dp[3][269]=-3.1e+11
dp[3][269]=-6.2e+11
dp[4][269]=-3.1e+11
dp[4][269]=-6.2e+11
dp[5][269]=-5.7e+11
dp[5][269]=-1.14e+12
dp[6][269]=-5.7e+11
dp[6][269]=-1.14e+12
dp[7][269]=-8.2e+11
dp[7][269]=-1.64e+12
dp[8][269]=-8.2e+11
dp[8][269]=-1.64e+12
dp[9][269]=-9.8e+11
dp[9][269]=-1.96e+12
dp[10][269]=-9.8e+11
dp[10][269]=-1.96e+12
dp[11][269]=-1.09e+12
dp[11][269]=-2.18e+12
dp[12][269]=-1.09e+12
dp[12][269]=-2.18e+12
dp[13][269]=-1.09e+12
dp[13][269]=-2.18e+12
dp[14][269]=-1.09e+12
dp[14][269]=-2.18e+12
dp[15][269]=-1.06e+12
dp[15][269]=-2.12e+12
dp[16][269]=-9.3e+11
dp[16][269]=-1.86e+12
Select best dp
Select best dp
Best k=11
Best k=13
Stratifying 2-th numerical feature ...
dp[2][269]=-102.497
dp[3][269]=-3.1e+11
dp[4][269]=-3.1e+11
dp[5][269]=-5.7e+11
dp[6][269]=-5.7e+11
dp[7][269]=-8.2e+11
dp[8][269]=-8.2e+11
dp[9][269]=-9.8e+11
dp[10][269]=-9.8e+11
dp[11][269]=-1.09e+12
dp[12][269]=-1.09e+12
dp[13][269]=-1.09e+12
dp[14][269]=-1.09e+12
dp[15][269]=-1.06e+12
dp[16][269]=-9.3e+11
Select best dp
Best k=11
Stratifying 2-th numerical feature ...
Stratifying 2-th numerical feature ...
Stratifying 2-th numerical feature ...
dp[2][269]=-80.2459
dp[3][269]=-3.1e+11
dp[4][269]=-3.1e+11
dp[5][269]=-5.7e+11
dp[6][269]=-5.7e+11
dp[7][269]=-8.2e+11
dp[8][269]=-8.2e+11
dp[9][269]=-9.8e+11
dp[10][269]=-9.8e+11
dp[11][269]=-1.09e+12
dp[12][269]=-1.09e+12
dp[13][269]=-1.09e+12
dp[14][269]=-1.09e+12
dp[15][269]=-1.06e+12
dp[16][269]=-9.3e+11
Select best dp
Best k=11
Stratifying 2-th numerical feature ...
dp[2][269]=-483.35
dp[3][269]=-4.4e+11
dp[4][269]=-4.4e+11
dp[5][269]=-4.4e+11
dp[6][269]=-4.4e+11
dp[7][269]=-4.4e+11
dp[8][269]=-4.4e+11
dp[9][269]=-4.4e+11
dp[10][269]=-4.1e+11
Select best dp
Best k=6
Stratifying 3-th numerical feature ...
dp[2][269]=-483.35
dp[3][269]=-4.4e+11
dp[4][269]=-4.4e+11
dp[5][269]=-4.4e+11
dp[6][269]=-4.4e+11
dp[7][269]=-4.4e+11
dp[8][269]=-4.4e+11
dp[9][269]=-4.4e+11
dp[10][269]=-4.4e+11
dp[11][269]=-4.4e+11
dp[12][269]=-4.4e+11
dp[13][269]=-4.4e+11
dp[14][269]=-4.4e+11
dp[15][269]=-4.4e+11
dp[16][269]=-4.4e+11
Select best dp
Best k=6
Stratifying 3-th numerical feature ...
dp[2][269]=-483.35
dp[2][269]=-483.35
dp[3][269]=-4.4e+11
dp[3][269]=-4.4e+11
dp[4][269]=-4.4e+11
dp[4][269]=-4.4e+11
dp[5][269]=-4.4e+11
dp[5][269]=-4.4e+11
dp[6][269]=-4.4e+11
dp[6][269]=-4.4e+11
dp[7][269]=-4.4e+11
dp[7][269]=-4.4e+11
dp[8][269]=-4.4e+11
dp[8][269]=-4.4e+11
dp[9][269]=-4.4e+11
dp[9][269]=-4.4e+11
dp[10][269]=-4.4e+11
dp[10][269]=-4.4e+11
dp[11][269]=-4.4e+11
dp[11][269]=-4.4e+11
dp[12][269]=-4.4e+11
dp[12][269]=-4.4e+11
dp[13][269]=-4.4e+11
dp[13][269]=-4.4e+11
dp[14][269]=-4.4e+11
dp[14][269]=-4.4e+11
dp[15][269]=-4.4e+11
dp[15][269]=-4.4e+11
dp[16][269]=-4.1e+11
dp[16][269]=-4.4e+11
Select best dp
Select best dp
Best k=6
Best k=6
Stratifying 3-th numerical feature ...
Stratifying 3-th numerical feature ...
dp[2][269]=-75.6393
dp[3][269]=-4.4e+11
dp[4][269]=-7.9e+11
dp[5][269]=-1.12e+12
dp[6][269]=-1.42e+12
dp[7][269]=-1.75e+12
dp[8][269]=-1.93e+12
dp[9][269]=-2.14e+12
dp[10][269]=-2.14e+12
dp[11][269]=-2.14e+12
dp[12][269]=-2.14e+12
dp[13][269]=-2.14e+12
dp[14][269]=-2.14e+12
dp[15][269]=-1.98e+12
dp[16][269]=-1.72e+12
Select best dp
Best k=9
Stratifying 4-th numerical feature ...
dp[2][269]=-75.6393
dp[3][269]=-4.4e+11
dp[4][269]=-7.9e+11
dp[5][269]=-1.12e+12
dp[6][269]=-1.42e+12
dp[7][269]=-1.73e+12
dp[8][269]=-1.73e+12
dp[9][269]=-1.73e+12
dp[10][269]=-1.49e+12
Select best dp
Best k=8
Stratifying 4-th numerical feature ...
dp[2][269]=-6e+10
dp[3][269]=-3.1e+11
dp[4][269]=-3.7e+11
dp[5][269]=-5.7e+11
dp[6][269]=-6.3e+11
dp[7][269]=-8.2e+11
dp[8][269]=-8.8e+11
dp[9][269]=-1.02e+12
dp[10][269]=-1.08e+12
dp[11][269]=-1.2e+12
dp[12][269]=-1.26e+12
dp[13][269]=-1.34e+12
dp[14][269]=-1.4e+12
dp[15][269]=-1.46e+12
dp[16][269]=-1.51e+12
Select best dp
Best k=16
Stratifying 2-th numerical feature ...
dp[2][269]=-483.35
dp[3][269]=-4.4e+11
dp[4][269]=-4.4e+11
dp[5][269]=-4.4e+11
dp[6][269]=-4.4e+11
dp[7][269]=-4.4e+11
dp[8][269]=-4.4e+11
dp[9][269]=-4.4e+11
dp[10][269]=-4.4e+11
dp[11][269]=-4.4e+11
dp[12][269]=-4.4e+11
dp[13][269]=-4.4e+11
dp[14][269]=-4.4e+11
dp[15][269]=-4.4e+11
dp[16][269]=-4.1e+11
Select best dp
Best k=6
dp[2][269]=-483.35
dp[3][269]=-4.4e+11
dp[4][269]=-4.4e+11
dp[5][269]=-4.4e+11
dp[6][269]=-4.4e+11
dp[7][269]=-4.4e+11
dp[8][269]=-4.4e+11
dp[9][269]=-4.4e+11
dp[10][269]=-4.4e+11
dp[11][269]=-4.4e+11
dp[12][269]=-4.4e+11
dp[13][269]=-4.4e+11
dp[14][269]=-4.4e+11
dp[15][269]=-4.4e+11
dp[16][269]=-4.1e+11
Select best dp
Best k=6
Stratifying 3-th numerical feature ...
Stratifying 3-th numerical feature ...
dp[2][269]=-75.6393
dp[3][269]=-4.4e+11
dp[4][269]=-7.9e+11
dp[5][269]=-1.12e+12
dp[6][269]=-1.42e+12
dp[7][269]=-1.75e+12
dp[8][269]=-1.93e+12
dp[9][269]=-2.14e+12
dp[10][269]=-2.26e+12
dp[11][269]=-2.28e+12
dp[12][269]=-2.4e+12
dp[13][269]=-2.4e+12
dp[14][269]=-2.4e+12
dp[15][269]=-2.4e+12
dp[16][269]=-2.4e+12
Select best dp
Best k=12
Stratifying 4-th numerical feature ...
dp[2][269]=-75.6393
dp[3][269]=-4.4e+11
dp[4][269]=-7.9e+11
dp[5][269]=-1.12e+12
dp[6][269]=-1.42e+12
dp[7][269]=-1.75e+12
dp[8][269]=-1.93e+12
dp[9][269]=-2.14e+12
dp[10][269]=-2.14e+12
dp[11][269]=-2.14e+12
dp[12][269]=-2.14e+12
dp[13][269]=-2.14e+12
dp[14][269]=-2.14e+12
dp[15][269]=-1.98e+12
dp[16][269]=-1.72e+12
Select best dp
Best k=9
dp[2][269]=-8.65457
dp[3][269]=-2.4e+11
dp[4][269]=-2.4e+11
dp[5][269]=-2.4e+11
dp[6][269]=-2.4e+11
dp[7][269]=-2.4e+11
dp[8][269]=-2.4e+11
dp[9][269]=-2.4e+11
dp[10][269]=-2.4e+11
Select best dp
Best k=6
Stratifying 4-th numerical feature ...
Stratifying 5-th numerical feature ...
dp[2][269]=212.74
dp[3][269]=319.11
dp[4][269]=425.48
dp[5][269]=531.85
dp[6][269]=638.22
dp[7][269]=744.59
dp[8][269]=850.96
dp[9][269]=957.33
dp[10][269]=1063.7
dp[11][269]=1170.07
dp[12][269]=1276.44
dp[13][269]=1382.81
dp[14][269]=1489.18
dp[15][269]=1595.55
dp[16][269]=1701.92
Select best dp
Best k=2
Stratifying 3-th numerical feature ...
dp[2][269]=-8.65457
dp[3][269]=-2.4e+11
dp[4][269]=-2.4e+11
dp[5][269]=-2.4e+11
dp[6][269]=-2.4e+11
dp[7][269]=-2.4e+11
dp[8][269]=-2.4e+11
dp[9][269]=-2.4e+11
dp[10][269]=-2.4e+11
dp[11][269]=-2.4e+11
dp[12][269]=-2.4e+11
dp[13][269]=-2.4e+11
dp[14][269]=-2.4e+11
dp[15][269]=-2.4e+11
dp[16][269]=-2e+11
Select best dp
Best k=6
Stratifying 5-th numerical feature ...
dp[2][269]=-483.35
dp[3][269]=-4.4e+11
dp[4][269]=-4.4e+11
dp[5][269]=-4.4e+11
dp[6][269]=-4.4e+11
dp[7][269]=-4.4e+11
dp[8][269]=-4.4e+11
dp[9][269]=-4.4e+11
dp[10][269]=-4.4e+11
dp[11][269]=-4.4e+11
dp[12][269]=-4.4e+11
dp[13][269]=-4.4e+11
dp[14][269]=-4.4e+11
dp[15][269]=-4.4e+11
dp[16][269]=-4.1e+11
Select best dp
Best k=6
Stratifying 3-th numerical feature ...
dp[2][269]=-1179.44
dp[3][269]=-8.8e+11
dp[4][269]=-8.8e+11
dp[5][269]=-8.8e+11
dp[6][269]=-8.8e+11
dp[7][269]=-8.8e+11
dp[8][269]=-8.8e+11
dp[9][269]=-8.8e+11
dp[10][269]=-8.8e+11
dp[11][269]=-8.8e+11
dp[12][269]=-8.8e+11
dp[13][269]=-8.8e+11
dp[14][269]=-8.8e+11
dp[15][269]=-8.8e+11
dp[16][269]=-8.2e+11
Select best dp
Best k=9
dp[2][269]=-483.35
dp[3][269]=-4.4e+11
dp[4][269]=-4.4e+11
dp[5][269]=-4.4e+11
dp[6][269]=-4.4e+11
dp[7][269]=-4.4e+11
dp[8][269]=-4.4e+11
dp[9][269]=-4.4e+11
dp[10][269]=-4.4e+11
dp[11][269]=-4.4e+11
dp[12][269]=-4.4e+11
dp[13][269]=-4.4e+11
dp[14][269]=-4.4e+11
dp[15][269]=-4.4e+11
dp[16][269]=-4.1e+11
Select best dp
Best k=6
Stratifying 3-th numerical feature ...
Stratifying 3-th numerical feature ...
dp[2][269]=-135.305
dp[3][269]=-2.2e+11
dp[4][269]=-2.2e+11
dp[5][269]=-2.2e+11
dp[6][269]=-2.2e+11
dp[7][269]=-2.2e+11
dp[8][269]=-2.2e+11
dp[9][269]=-2.2e+11
dp[10][269]=-2.2e+11
dp[11][269]=-2.2e+11
dp[12][269]=-2.2e+11
dp[13][269]=-2.2e+11
dp[14][269]=-2.2e+11
dp[15][269]=-2.2e+11
dp[16][269]=-2.05e+11
Select best dp
Best k=4
Stratifying 3-th numerical feature ...
dp[2][269]=-75.6393
dp[3][269]=-4.4e+11
dp[4][269]=-7.9e+11
dp[5][269]=-1.12e+12
dp[6][269]=-1.42e+12
dp[7][269]=-1.75e+12
dp[8][269]=-1.93e+12
dp[9][269]=-2.14e+12
dp[10][269]=-2.28e+12
dp[11][269]=-2.32e+12
dp[12][269]=-2.46e+12
dp[13][269]=-2.46e+12
dp[14][269]=-2.46e+12
dp[15][269]=-2.46e+12
dp[16][269]=-2.46e+12
Select best dp
Best k=12
Stratifying 4-th numerical feature ...
dp[2][269]=-431.798
dp[3][269]=-4.4e+11
dp[4][269]=-4.4e+11
dp[5][269]=-4.4e+11
dp[6][269]=-4.4e+11
dp[7][269]=-4.4e+11
dp[8][269]=-4.4e+11
dp[9][269]=-4.4e+11
dp[10][269]=-4.4e+11
dp[11][269]=-4.4e+11
dp[12][269]=-4.4e+11
dp[13][269]=-4.4e+11
dp[14][269]=-4.4e+11
dp[15][269]=-4.4e+11
dp[16][269]=-4.1e+11
Select best dp
Best k=7
Stratifying 3-th numerical feature ...
dp[2][269]=-385.811
dp[3][269]=-4.5e+11
dp[4][269]=-7.5e+11
dp[5][269]=-1.02e+12
dp[6][269]=-1.02e+12
dp[7][269]=-1.02e+12
dp[8][269]=-1.02e+12
dp[9][269]=-1.02e+12
dp[10][269]=-9.9e+11
Select best dp
Best k=8
Stratifying 6-th numerical feature ...
dp[2][269]=-8.65457
dp[3][269]=-2.4e+11
dp[4][269]=-2.4e+11
dp[5][269]=-2.4e+11
dp[6][269]=-2.4e+11
dp[7][269]=-2.4e+11
dp[8][269]=-2.4e+11
dp[9][269]=-2.4e+11
dp[10][269]=-2.4e+11
dp[11][269]=-2.4e+11
dp[12][269]=-2.4e+11
dp[13][269]=-2.4e+11
dp[14][269]=-2.4e+11
dp[15][269]=-2.4e+11
dp[16][269]=-2e+11
Select best dp
Best k=6
Stratifying 5-th numerical feature ...
dp[2][269]=-385.811
dp[3][269]=-4.5e+11
dp[4][269]=-7.5e+11
dp[5][269]=-1.02e+12
dp[6][269]=-1.24e+12
dp[7][269]=-1.24e+12
dp[8][269]=-1.41e+12
dp[9][269]=-1.55e+12
dp[10][269]=-1.55e+12
dp[11][269]=-1.55e+12
dp[12][269]=-1.55e+12
dp[13][269]=-1.55e+12
dp[14][269]=-1.39e+12
dp[15][269]=-1.23e+12
dp[16][269]=-1.03e+12
Select best dp
Best k=10
Stratifying 6-th numerical feature ...
dp[2][269]=-8.65457
dp[3][269]=-2.4e+11
dp[4][269]=-2.4e+11
dp[5][269]=-2.4e+11
dp[6][269]=-2.4e+11
dp[7][269]=-2.4e+11
dp[8][269]=-2.4e+11
dp[9][269]=-2.4e+11
dp[10][269]=-2.4e+11
dp[11][269]=-2.4e+11
dp[12][269]=-2.4e+11
dp[13][269]=-2.4e+11
dp[14][269]=-2.4e+11
dp[15][269]=-2.4e+11
dp[16][269]=-2.4e+11
Select best dp
Best k=6
Stratifying 5-th numerical feature ...
dp[2][269]=-20.5245
dp[3][269]=-3.5e+11
dp[4][269]=-6.6e+11
dp[5][269]=-6.8e+11
dp[6][269]=-9.9e+11
dp[7][269]=-9.9e+11
dp[8][269]=-1.21e+12
dp[9][269]=-1.21e+12
dp[10][269]=-1.13e+12
Select best dp
Best k=8
Stratifying 7-th numerical feature ...
dp[2][269]=-8.65457
dp[3][269]=-2.4e+11
dp[4][269]=-2.4e+11
dp[5][269]=-2.4e+11
dp[6][269]=-2.4e+11
dp[7][269]=-2.4e+11
dp[8][269]=-2.4e+11
dp[9][269]=-2.4e+11
dp[10][269]=-2.4e+11
dp[11][269]=-2.4e+11
dp[12][269]=-2.4e+11
dp[13][269]=-2.4e+11
dp[14][269]=-2.4e+11
dp[15][269]=-2.4e+11
dp[16][269]=-2.4e+11
Select best dp
Best k=6
Stratifying 5-th numerical feature ...
dp[2][269]=-75.6393
dp[3][269]=-4.4e+11
dp[4][269]=-7.9e+11
dp[5][269]=-1.12e+12
dp[6][269]=-1.42e+12
dp[7][269]=-1.75e+12
dp[8][269]=-1.93e+12
dp[9][269]=-2.14e+12
dp[10][269]=-2.14e+12
dp[11][269]=-2.14e+12
dp[12][269]=-2.14e+12
dp[13][269]=-2.14e+12
dp[14][269]=-2.14e+12
dp[15][269]=-1.98e+12
dp[16][269]=-1.72e+12
Select best dp
Best k=9
Stratifying 4-th numerical feature ...
dp[2][269]=-75.6393
dp[3][269]=-4.4e+11
dp[4][269]=-7.9e+11
dp[5][269]=-1.12e+12
dp[6][269]=-1.42e+12
dp[7][269]=-1.75e+12
dp[8][269]=-1.93e+12
dp[9][269]=-2.14e+12
dp[10][269]=-2.14e+12
dp[11][269]=-2.14e+12
dp[12][269]=-2.14e+12
dp[13][269]=-2.14e+12
dp[14][269]=-2.14e+12
dp[15][269]=-1.98e+12
dp[16][269]=-1.72e+12
Select best dp
Best k=9
Stratifying 4-th numerical feature ...
dp[2][269]=-385.811
dp[3][269]=-4.5e+11
dp[4][269]=-7.5e+11
dp[5][269]=-1.02e+12
dp[6][269]=-1.24e+12
dp[7][269]=-1.24e+12
dp[8][269]=-1.41e+12
dp[9][269]=-1.55e+12
dp[10][269]=-1.55e+12
dp[11][269]=-1.55e+12
dp[12][269]=-1.55e+12
dp[13][269]=-1.55e+12
dp[14][269]=-1.39e+12
dp[15][269]=-1.23e+12
dp[16][269]=-1.03e+12
Select best dp
Best k=10
Stratifying 6-th numerical feature ...
dp[2][269]=212.74
dp[3][269]=319.11
dp[4][269]=425.48
dp[5][269]=531.85
dp[6][269]=638.22
dp[7][269]=744.59
dp[8][269]=850.96
dp[9][269]=957.33
dp[10][269]=1063.7
dp[11][269]=1170.07
dp[12][269]=1276.44
dp[13][269]=1382.81
dp[14][269]=1489.18
dp[15][269]=1595.55
dp[16][269]=1701.92
Select best dp
Best k=2
Stratifying 4-th numerical feature ...
dp[2][269]=-75.6393
dp[3][269]=-4.4e+11
dp[4][269]=-7.9e+11
dp[5][269]=-1.12e+12
dp[6][269]=-1.42e+12
dp[7][269]=-1.75e+12
dp[8][269]=-1.93e+12
dp[9][269]=-2.14e+12
dp[10][269]=-2.14e+12
dp[11][269]=-2.14e+12
dp[12][269]=-2.14e+12
dp[13][269]=-2.14e+12
dp[14][269]=-2.14e+12
dp[15][269]=-1.98e+12
dp[16][269]=-1.72e+12
Select best dp
Best k=9
Stratifying 4-th numerical feature ...
dp[2][269]=-364.019
dp[3][269]=-8.8e+11
dp[4][269]=-1.58e+12
dp[5][269]=-2.24e+12
dp[6][269]=-2.84e+12
dp[7][269]=-3.5e+12
dp[8][269]=-3.86e+12
dp[2][269]=-75.6393
dp[9][269]=-4.28e+12
dp[3][269]=-4.4e+11
dp[10][269]=-4.28e+12
dp[4][269]=-7.9e+11
dp[11][269]=-4.28e+12
dp[5][269]=-1.12e+12
dp[12][269]=-4.28e+12
dp[6][269]=-1.42e+12
dp[13][269]=-4.28e+12
dp[7][269]=-1.75e+12
dp[14][269]=-4.28e+12
dp[8][269]=-1.93e+12
dp[15][269]=-3.96e+12
dp[9][269]=-2.14e+12
dp[16][269]=-3.44e+12
dp[10][269]=-2.14e+12
Select best dp
dp[11][269]=-2.14e+12
Best k=9
dp[12][269]=-2.14e+12
dp[13][269]=-2.14e+12
dp[14][269]=-2.14e+12
dp[15][269]=-1.98e+12
dp[16][269]=-1.72e+12
Select best dp
Best k=9
Stratifying 4-th numerical feature ...
Stratifying 4-th numerical feature ...
dp[2][269]=-20.5245
dp[3][269]=-3.5e+11
dp[4][269]=-6.6e+11
dp[5][269]=-8.5e+11
dp[6][269]=-1.12e+12
dp[7][269]=-1.35e+12
dp[8][269]=-1.51e+12
dp[9][269]=-1.81e+12
dp[10][269]=-1.81e+12
dp[11][269]=-1.81e+12
dp[12][269]=-1.81e+12
dp[13][269]=-1.81e+12
dp[14][269]=-1.81e+12
dp[15][269]=-1.65e+12
dp[16][269]=-1.33e+12
Select best dp
Best k=9
Stratifying 7-th numerical feature ...
dp[2][269]=68.5504
dp[3][269]=-2.2e+11
dp[4][269]=-3.95e+11
dp[5][269]=-5.6e+11
dp[6][269]=-7.1e+11
dp[7][269]=-8.75e+11
dp[8][269]=-9.65e+11
dp[9][269]=-1.07e+12
dp[10][269]=-1.07e+12
dp[11][269]=-1.07e+12
dp[12][269]=-1.07e+12
dp[13][269]=-1.07e+12
dp[14][269]=-1.07e+12
dp[15][269]=-9.9e+11
dp[16][269]=-8.6e+11
Select best dp
Best k=9
Stratifying 4-th numerical feature ...
dp[2][269]=-198.705
dp[3][269]=-331.309
dp[4][269]=-380.766
dp[5][269]=-417.563
dp[6][269]=-416.115
dp[7][269]=-399.564
dp[8][269]=-375.422
dp[9][269]=-349.205
dp[10][269]=-271.198
Select best dp
Best k=5
dp[2][269]=-385.811
dp[3][269]=-4.5e+11
dp[4][269]=-7.5e+11
dp[5][269]=-1.02e+12
dp[6][269]=-1.24e+12
dp[7][269]=-1.37e+12
dp[8][269]=-1.54e+12
dp[9][269]=-1.71e+12
dp[10][269]=-1.84e+12
dp[11][269]=-1.84e+12
dp[12][269]=-1.84e+12
dp[13][269]=-1.84e+12
dp[14][269]=-1.84e+12
dp[15][269]=-1.84e+12
dp[16][269]=-1.84e+12
Select best dp
Best k=11
Stratifying 6-th numerical feature ...
dp[2][269]=-41.4883
dp[3][269]=-4.4e+11
dp[4][269]=-7.9e+11
dp[5][269]=-1.12e+12
dp[6][269]=-1.42e+12
dp[7][269]=-1.75e+12
dp[8][269]=-1.93e+12
dp[9][269]=-2.14e+12
dp[10][269]=-2.14e+12
dp[11][269]=-2.14e+12
dp[12][269]=-2.14e+12
dp[13][269]=-2.14e+12
dp[14][269]=-2.14e+12
dp[15][269]=-1.98e+12
dp[16][269]=-1.72e+12
Select best dp
Best k=9
Stratifying 4-th numerical feature ...
dp[2][269]=-483.35
dp[3][269]=-4.4e+11
dp[4][269]=-4.4e+11
dp[5][269]=-4.4e+11
dp[6][269]=-4.4e+11
dp[7][269]=-4.4e+11
dp[8][269]=-4.4e+11
dp[9][269]=-4.4e+11
dp[10][269]=-4.4e+11
dp[11][269]=-4.4e+11
dp[12][269]=-4.4e+11
dp[13][269]=-4.4e+11
dp[14][269]=-4.4e+11
dp[15][269]=-4.4e+11
dp[16][269]=-4.4e+11
Select best dp
Best k=6
Stratifying 3-th numerical feature ...
dp[2][269]=-20.5245
dp[3][269]=-3.5e+11
dp[4][269]=-6.6e+11
dp[5][269]=-8.5e+11
dp[6][269]=-1.12e+12
dp[7][269]=-1.35e+12
dp[8][269]=-1.51e+12
dp[9][269]=-1.81e+12
dp[10][269]=-1.81e+12
dp[11][269]=-1.81e+12
dp[12][269]=-1.81e+12
dp[13][269]=-1.81e+12
dp[14][269]=-1.81e+12
dp[15][269]=-1.65e+12
dp[16][269]=-1.33e+12
Select best dp
Best k=9
Stratifying 7-th numerical feature ...
dp[2][269]=-385.811
dp[3][269]=-4.5e+11
dp[4][269]=-7.5e+11
dp[5][269]=-1.02e+12
dp[6][269]=-1.24e+12
dp[7][269]=-1.39e+12
dp[8][269]=-1.54e+12
dp[9][269]=-1.71e+12
dp[10][269]=-1.86e+12
dp[11][269]=-1.86e+12
dp[12][269]=-1.94e+12
dp[13][269]=-1.94e+12
dp[14][269]=-1.94e+12
dp[15][269]=-1.94e+12
dp[16][269]=-1.94e+12
Select best dp
Best k=12
Stratifying 6-th numerical feature ...
dp[2][269]=-198.705
dp[3][269]=-331.309
dp[4][269]=-380.766
dp[5][269]=-417.563
dp[6][269]=-416.115
dp[7][269]=-408.032
dp[8][269]=-388.557
dp[9][269]=-364.651
dp[10][269]=-319.839
dp[11][269]=-274.142
dp[12][269]=-208.195
dp[13][269]=-137.998
dp[14][269]=-65.9833
dp[15][269]=17.1357
dp[16][269]=112.298
Select best dp
Best k=5
dp[2][269]=-230.049
dp[3][269]=-4.8e+11
dp[4][269]=-4.8e+11
dp[5][269]=-4.8e+11
dp[6][269]=-4.8e+11
dp[7][269]=-4.8e+11
dp[8][269]=-4.8e+11
dp[9][269]=-4.8e+11
dp[10][269]=-4.8e+11
dp[11][269]=-4.8e+11
dp[12][269]=-4.8e+11
dp[13][269]=-4.8e+11
dp[14][269]=-4.8e+11
dp[15][269]=-4.8e+11
dp[16][269]=-4e+11
Select best dp
Best k=12
Stratifying 5-th numerical feature ...
dp[2][269]=-20.5245
dp[3][269]=-3.5e+11
dp[4][269]=-6.6e+11
dp[5][269]=-8.5e+11
dp[6][269]=-1.12e+12
dp[7][269]=-1.35e+12
dp[8][269]=-1.51e+12
dp[9][269]=-1.81e+12
dp[10][269]=-1.93e+12
dp[11][269]=-2.04e+12
dp[12][269]=-2.16e+12
dp[13][269]=-2.26e+12
dp[14][269]=-2.26e+12
dp[15][269]=-2.26e+12
dp[16][269]=-2.26e+12
Select best dp
Best k=13
Stratifying 7-th numerical feature ...
dp[2][269]=-8.65457
dp[3][269]=-2.4e+11
dp[4][269]=-2.4e+11
dp[5][269]=-2.4e+11
dp[6][269]=-2.4e+11
dp[7][269]=-2.4e+11
dp[8][269]=-2.4e+11
dp[9][269]=-2.4e+11
dp[10][269]=-2.4e+11
dp[11][269]=-2.4e+11
dp[12][269]=-2.4e+11
dp[13][269]=-2.4e+11
dp[14][269]=-2.4e+11
dp[15][269]=-2.4e+11
dp[16][269]=-2e+11
Select best dp
Best k=6
Stratifying 5-th numerical feature ...
dp[2][269]=-8.65457
dp[3][269]=-2.4e+11
dp[4][269]=-2.4e+11
dp[5][269]=-2.4e+11
dp[6][269]=-2.4e+11
dp[7][269]=-2.4e+11
dp[8][269]=-2.4e+11
dp[9][269]=-2.4e+11
dp[10][269]=-2.4e+11
dp[11][269]=-2.4e+11
dp[12][269]=-2.4e+11
dp[13][269]=-2.4e+11
dp[14][269]=-2.4e+11
dp[15][269]=-2.4e+11
dp[16][269]=-2e+11
Select best dp
Best k=6
Stratifying 5-th numerical feature ...
dp[2][269]=212.74
dp[3][269]=319.11
dp[4][269]=425.48
dp[5][269]=531.85
dp[6][269]=638.22
dp[7][269]=744.59
dp[8][269]=850.96
dp[9][269]=957.33
dp[10][269]=1063.7
dp[11][269]=1170.07
dp[12][269]=1276.44
dp[13][269]=1382.81
dp[14][269]=1489.18
dp[15][269]=1595.55
dp[16][269]=1701.92
Select best dp
Best k=2
dp[2][269]=-198.705
dp[3][269]=-331.309
dp[4][269]=-380.766
dp[5][269]=-417.563
dp[6][269]=-416.115
dp[7][269]=-408.032
dp[8][269]=-388.557
dp[9][269]=-364.651
dp[10][269]=-319.839
dp[11][269]=-274.142
dp[12][269]=-208.195
dp[13][269]=-137.998
dp[14][269]=-65.9833
dp[15][269]=17.1357
dp[16][269]=112.298
Select best dp
Best k=5
Stratifying 5-th numerical feature ...
dp[2][269]=-8.65457
dp[3][269]=-2.4e+11
dp[4][269]=-2.4e+11
dp[5][269]=-2.4e+11
dp[6][269]=-2.4e+11
dp[7][269]=-2.4e+11
dp[8][269]=-2.4e+11
dp[9][269]=-2.4e+11
dp[10][269]=-2.4e+11
dp[11][269]=-2.4e+11
dp[12][269]=-2.4e+11
dp[13][269]=-2.4e+11
dp[14][269]=-2.4e+11
dp[15][269]=-2.4e+11
dp[16][269]=-2e+11
Select best dp
Best k=6
Stratifying 5-th numerical feature ...
dp[2][269]=-8.65457
dp[3][269]=-2.4e+11
dp[4][269]=-2.4e+11
dp[5][269]=-2.4e+11
dp[6][269]=-2.4e+11
dp[7][269]=-2.4e+11
dp[8][269]=-2.4e+11
dp[9][269]=-2.4e+11
dp[10][269]=-2.4e+11
dp[11][269]=-2.4e+11
dp[12][269]=-2.4e+11
dp[13][269]=-2.4e+11
dp[14][269]=-2.4e+11
dp[15][269]=-2.4e+11
dp[16][269]=-2e+11
Select best dp
Best k=6
Stratifying 5-th numerical feature ...
dp[2][269]=102.043
dp[3][269]=-1.2e+11
dp[4][269]=-1.2e+11
dp[5][269]=-1.2e+11
dp[6][269]=-1.2e+11
dp[7][269]=-1.2e+11
dp[8][269]=-1.2e+11
dp[9][269]=-1.2e+11
dp[10][269]=-1.2e+11
dp[11][269]=-1.2e+11
dp[12][269]=-1.2e+11
dp[13][269]=-1.2e+11
dp[14][269]=-1.2e+11
dp[15][269]=-1.2e+11
dp[16][269]=-1e+11
Select best dp
Best k=3
Stratifying 5-th numerical feature ...
dp[2][269]=-20.5245
dp[3][269]=-3.5e+11
dp[4][269]=-6.6e+11
dp[5][269]=-8.5e+11
dp[6][269]=-1.12e+12
dp[7][269]=-1.35e+12
dp[8][269]=-1.51e+12
dp[9][269]=-1.81e+12
dp[10][269]=-1.93e+12
dp[11][269]=-2.04e+12
dp[12][269]=-2.16e+12
dp[13][269]=-2.26e+12
dp[14][269]=-2.26e+12
dp[15][269]=-2.31e+12
dp[16][269]=-2.31e+12
Select best dp
Best k=15
Stratifying 7-th numerical feature ...
dp[2][269]=-984.361
dp[3][269]=-9e+11
dp[4][269]=-1.5e+12
dp[5][269]=-2.04e+12
dp[6][269]=-2.48e+12
dp[7][269]=-2.48e+12
dp[8][269]=-2.82e+12
dp[9][269]=-3.1e+12
dp[10][269]=-3.1e+12
dp[11][269]=-3.1e+12
dp[12][269]=-3.1e+12
dp[13][269]=-3.1e+12
dp[14][269]=-2.78e+12
dp[15][269]=-2.46e+12
dp[16][269]=-2.06e+12
Select best dp
Best k=12
Stratifying 6-th numerical feature ...
dp[2][269]=28.5544
dp[3][269]=-2.4e+11
dp[4][269]=-2.4e+11
dp[5][269]=-2.4e+11
dp[6][269]=-2.4e+11
dp[7][269]=-2.4e+11
dp[8][269]=-2.4e+11
dp[9][269]=-2.4e+11
dp[10][269]=-2.4e+11
dp[11][269]=-2.4e+11
dp[12][269]=-2.4e+11
dp[13][269]=-2.4e+11
dp[14][269]=-2.4e+11
dp[15][269]=-2.4e+11
dp[16][269]=-2e+11
Select best dp
Best k=7
Stratifying 5-th numerical feature ...
dp[2][269]=-198.705
dp[3][269]=-331.309
dp[4][269]=-380.766
dp[5][269]=-417.563
dp[6][269]=-416.115
dp[7][269]=-408.121
dp[8][269]=-388.646
dp[9][269]=-364.741
dp[10][269]=-322.46
dp[11][269]=-276.763
dp[12][269]=-220.221
dp[13][269]=-169.177
dp[14][269]=-110.393
dp[15][269]=-48.3521
dp[16][269]=9.73385
Select best dp
Best k=5
dp[2][269]=-86.5353
dp[3][269]=-2.25e+11
dp[4][269]=-3.75e+11
dp[5][269]=-5.1e+11
dp[6][269]=-6.2e+11
dp[7][269]=-6.2e+11
dp[8][269]=-7.05e+11
dp[9][269]=-7.75e+11
dp[10][269]=-7.75e+11
dp[11][269]=-7.75e+11
dp[12][269]=-7.75e+11
dp[13][269]=-7.75e+11
dp[14][269]=-6.95e+11
dp[15][269]=-6.15e+11
dp[16][269]=-5.15e+11
Select best dp
Best k=9
Stratifying 6-th numerical feature ...
dp[2][269]=-253.789
dp[3][269]=-7e+11
dp[4][269]=-1.32e+12
dp[5][269]=-1.7e+12
dp[6][269]=-2.24e+12
dp[7][269]=-2.7e+12
dp[8][269]=-3.02e+12
dp[9][269]=-3.62e+12
dp[10][269]=-3.62e+12
dp[11][269]=-3.62e+12
dp[12][269]=-3.62e+12
dp[13][269]=-3.62e+12
dp[14][269]=-3.62e+12
dp[15][269]=-3.3e+12
dp[16][269]=-2.66e+12
Select best dp
Best k=11
Stratifying 7-th numerical feature ...
dp[2][269]=-75.6393
dp[3][269]=-4.4e+11
dp[4][269]=-7.9e+11
dp[5][269]=-1.12e+12
dp[6][269]=-1.42e+12
dp[7][269]=-1.75e+12
dp[8][269]=-1.93e+12
dp[9][269]=-2.14e+12
dp[10][269]=-2.31e+12
dp[11][269]=-2.38e+12
dp[12][269]=-2.55e+12
dp[13][269]=-2.55e+12
dp[14][269]=-2.55e+12
dp[15][269]=-2.55e+12
dp[16][269]=-2.55e+12
Select best dp
Best k=12
Stratifying 4-th numerical feature ...
dp[2][269]=-385.811
dp[3][269]=-4.5e+11
dp[4][269]=-7.5e+11
dp[5][269]=-1.02e+12
dp[6][269]=-1.24e+12
dp[7][269]=-1.24e+12
dp[8][269]=-1.41e+12
dp[9][269]=-1.55e+12
dp[10][269]=-1.55e+12
dp[11][269]=-1.55e+12
dp[12][269]=-1.55e+12
dp[13][269]=-1.55e+12
dp[14][269]=-1.39e+12
dp[15][269]=-1.23e+12
dp[16][269]=-1.03e+12
Select best dp
Best k=10
Stratifying 6-th numerical feature ...
dp[2][269]=-385.811
dp[3][269]=-4.5e+11
dp[4][269]=-7.5e+11
dp[5][269]=-1.02e+12
dp[6][269]=-1.24e+12
dp[7][269]=-1.24e+12
dp[8][269]=-1.41e+12
dp[9][269]=-1.55e+12
dp[10][269]=-1.55e+12
dp[11][269]=-1.55e+12
dp[12][269]=-1.55e+12
dp[13][269]=-1.55e+12
dp[14][269]=-1.39e+12
dp[15][269]=-1.23e+12
dp[16][269]=-1.03e+12
Select best dp
Best k=10
Stratifying 6-th numerical feature ...
dp[2][269]=-198.705
dp[3][269]=-331.309
dp[4][269]=-380.766
dp[5][269]=-417.563
dp[6][269]=-416.115
dp[7][269]=-408.121
dp[8][269]=-388.646
dp[9][269]=-364.741
dp[10][269]=-322.46
dp[11][269]=-276.763
dp[12][269]=-220.221
dp[13][269]=-169.177
dp[14][269]=-110.393
dp[15][269]=-51.9601
dp[16][269]=9.73385
Select best dp
Best k=5
dp[2][269]=212.74
dp[3][269]=319.11
dp[4][269]=425.48
dp[5][269]=531.85
dp[6][269]=638.22
dp[7][269]=744.59
dp[8][269]=850.96
dp[9][269]=957.33
dp[10][269]=1063.7
dp[11][269]=1170.07
dp[12][269]=1276.44
dp[13][269]=1382.81
dp[14][269]=1489.18
dp[15][269]=1595.55
dp[16][269]=1701.92
Select best dp
Best k=2
Stratifying 6-th numerical feature ...
dp[2][269]=-385.811
dp[3][269]=-4.5e+11
dp[4][269]=-7.5e+11
dp[5][269]=-1.02e+12
dp[6][269]=-1.24e+12
dp[7][269]=-1.24e+12
dp[8][269]=-1.41e+12
dp[9][269]=-1.55e+12
dp[10][269]=-1.55e+12
dp[11][269]=-1.55e+12
dp[12][269]=-1.55e+12
dp[13][269]=-1.55e+12
dp[14][269]=-1.39e+12
dp[15][269]=-1.23e+12
dp[16][269]=-1.03e+12
Select best dp
Best k=10
Stratifying 6-th numerical feature ...
dp[2][269]=-385.811
dp[3][269]=-4.5e+11
dp[4][269]=-7.5e+11
dp[5][269]=-1.02e+12
dp[6][269]=-1.24e+12
dp[7][269]=-1.24e+12
dp[8][269]=-1.41e+12
dp[9][269]=-1.55e+12
dp[10][269]=-1.55e+12
dp[11][269]=-1.55e+12
dp[12][269]=-1.55e+12
dp[13][269]=-1.55e+12
dp[14][269]=-1.39e+12
dp[15][269]=-1.23e+12
dp[16][269]=-1.03e+12
Select best dp
Best k=10
Stratifying 6-th numerical feature ...
dp[2][269]=96.1078
dp[3][269]=-1.75e+11
dp[4][269]=-3.3e+11
dp[5][269]=-4.25e+11
dp[6][269]=-5.6e+11
dp[7][269]=-6.75e+11
dp[8][269]=-7.55e+11
dp[9][269]=-9.05e+11
dp[10][269]=-9.05e+11
dp[11][269]=-9.05e+11
dp[12][269]=-9.05e+11
dp[13][269]=-9.05e+11
dp[14][269]=-9.05e+11
dp[15][269]=-8.25e+11
dp[16][269]=-6.65e+11
Select best dp
Best k=9
Stratifying 7-th numerical feature ...
dp[2][269]=-610.15
dp[3][269]=-981.729
dp[4][269]=-1187.01
dp[5][269]=-1366.98
dp[6][269]=-1470.45
dp[7][269]=-1560.65
dp[8][269]=-1628.07
dp[9][269]=-1686.63
dp[10][269]=-1703.38
dp[11][269]=-1718.35
dp[12][269]=-1692.83
dp[13][269]=-1658.81
dp[14][269]=-1621.15
dp[15][269]=-1561.28
dp[16][269]=-1477.32
Select best dp
Best k=11
dp[2][269]=-20.5245
dp[3][269]=-3.5e+11
dp[4][269]=-6.6e+11
dp[5][269]=-8.5e+11
dp[6][269]=-1.12e+12
dp[7][269]=-1.35e+12
dp[8][269]=-1.51e+12
dp[9][269]=-1.81e+12
dp[10][269]=-1.81e+12
dp[11][269]=-1.81e+12
dp[12][269]=-1.81e+12
dp[13][269]=-1.81e+12
dp[14][269]=-1.81e+12
dp[15][269]=-1.65e+12
dp[16][269]=-1.33e+12
Select best dp
Best k=9
Stratifying 7-th numerical feature ...
dp[2][269]=-346.655
dp[3][269]=-4.5e+11
dp[4][269]=-7.5e+11
dp[5][269]=-1.02e+12
dp[6][269]=-1.24e+12
dp[7][269]=-1.24e+12
dp[8][269]=-1.41e+12
dp[9][269]=-1.55e+12
dp[10][269]=-1.55e+12
dp[11][269]=-1.55e+12
dp[12][269]=-1.55e+12
dp[13][269]=-1.55e+12
dp[14][269]=-1.39e+12
dp[15][269]=-1.23e+12
dp[16][269]=-1.03e+12
Select best dp
Best k=10
Stratifying 6-th numerical feature ...
dp[2][269]=7.01747
dp[3][269]=-6.09959
dp[4][269]=22.3569
dp[5][269]=57.1436
dp[6][269]=111.052
dp[7][269]=168.279
dp[8][269]=231.202
dp[9][269]=296.339
dp[10][269]=371.93
dp[11][269]=447.964
dp[12][269]=534.122
dp[13][269]=622.406
dp[14][269]=711.598
dp[15][269]=806.343
dp[16][269]=907.109
Select best dp
Best k=3
dp[2][269]=-8.65457
dp[3][269]=-2.4e+11
dp[4][269]=-2.4e+11
dp[5][269]=-2.4e+11
dp[6][269]=-2.4e+11
dp[7][269]=-2.4e+11
dp[8][269]=-2.4e+11
dp[9][269]=-2.4e+11
dp[10][269]=-2.4e+11
dp[11][269]=-2.4e+11
dp[12][269]=-2.4e+11
dp[13][269]=-2.4e+11
dp[14][269]=-2.4e+11
dp[15][269]=-2.4e+11
dp[16][269]=-2.4e+11
Select best dp
Best k=6
Stratifying 5-th numerical feature ...
dp[2][269]=-198.705
dp[3][269]=-331.309
dp[4][269]=-380.766
dp[5][269]=-417.563
dp[6][269]=-416.115
dp[7][269]=-408.032
dp[8][269]=-388.557
dp[9][269]=-364.651
dp[10][269]=-319.839
dp[11][269]=-274.142
dp[12][269]=-208.195
dp[13][269]=-137.998
dp[14][269]=-65.9833
dp[15][269]=17.1357
dp[16][269]=112.298
Select best dp
Best k=5
dp[2][269]=212.74
dp[3][269]=319.11
dp[4][269]=425.48
dp[5][269]=531.85
dp[6][269]=638.22
dp[7][269]=744.59
dp[8][269]=850.96
dp[9][269]=957.33
dp[10][269]=1063.7
dp[11][269]=1170.07
dp[12][269]=1276.44
dp[13][269]=1382.81
dp[14][269]=1489.18
dp[15][269]=1595.55
dp[16][269]=1701.92
Select best dp
Best k=2
dp[2][269]=-20.5245
dp[3][269]=-3.5e+11
dp[4][269]=-6.6e+11
dp[5][269]=-8.5e+11
dp[6][269]=-1.12e+12
dp[7][269]=-1.35e+12
dp[8][269]=-1.51e+12
dp[9][269]=-1.81e+12
dp[10][269]=-1.81e+12
dp[11][269]=-1.81e+12
dp[12][269]=-1.81e+12
dp[13][269]=-1.81e+12
dp[14][269]=-1.81e+12
dp[15][269]=-1.65e+12
dp[16][269]=-1.33e+12
Select best dp
Best k=9
Stratifying 7-th numerical feature ...
Stratifying 7-th numerical feature ...
dp[2][269]=-20.5245
dp[3][269]=-3.5e+11
dp[4][269]=-6.6e+11
dp[5][269]=-8.5e+11
dp[6][269]=-1.12e+12
dp[7][269]=-1.35e+12
dp[8][269]=-1.51e+12
dp[9][269]=-1.81e+12
dp[10][269]=-1.81e+12
dp[11][269]=-1.81e+12
dp[12][269]=-1.81e+12
dp[13][269]=-1.81e+12
dp[14][269]=-1.81e+12
dp[15][269]=-1.65e+12
dp[16][269]=-1.33e+12
Select best dp
Best k=9
Stratifying 7-th numerical feature ...
dp[2][269]=-20.5245
dp[3][269]=-3.5e+11
dp[4][269]=-6.6e+11
dp[5][269]=-8.5e+11
dp[6][269]=-1.12e+12
dp[7][269]=-1.35e+12
dp[8][269]=-1.51e+12
dp[9][269]=-1.81e+12
dp[10][269]=-1.81e+12
dp[11][269]=-1.81e+12
dp[12][269]=-1.81e+12
dp[13][269]=-1.81e+12
dp[14][269]=-1.81e+12
dp[15][269]=-1.65e+12
dp[16][269]=-1.33e+12
Select best dp
Best k=9
Stratifying 7-th numerical feature ...
dp[2][269]=212.74
dp[3][269]=319.11
dp[4][269]=425.48
dp[5][269]=531.85
dp[6][269]=638.22
dp[7][269]=744.59
dp[8][269]=850.96
dp[9][269]=957.33
dp[10][269]=1063.7
dp[11][269]=1170.07
dp[12][269]=1276.44
dp[13][269]=1382.81
dp[14][269]=1489.18
dp[15][269]=1595.55
dp[16][269]=1701.92
Select best dp
Best k=2
dp[2][269]=-198.705
dp[3][269]=-331.309
dp[4][269]=-380.766
dp[5][269]=-417.563
dp[6][269]=-416.115
dp[7][269]=-408.032
dp[8][269]=-388.557
dp[9][269]=-364.651
dp[10][269]=-319.839
dp[11][269]=-274.142
dp[12][269]=-208.195
dp[13][269]=-137.998
dp[14][269]=-65.9833
dp[15][269]=17.1357
dp[16][269]=112.298
Select best dp
Best k=5
dp[2][269]=0.345421
dp[3][269]=-3.5e+11
dp[4][269]=-6.6e+11
dp[5][269]=-8.5e+11
dp[6][269]=-1.12e+12
dp[7][269]=-1.35e+12
dp[8][269]=-1.51e+12
dp[9][269]=-1.81e+12
dp[10][269]=-1.81e+12
dp[11][269]=-1.81e+12
dp[12][269]=-1.81e+12
dp[13][269]=-1.81e+12
dp[14][269]=-1.81e+12
dp[15][269]=-1.65e+12
dp[16][269]=-1.33e+12
Select best dp
Best k=9
Stratifying 7-th numerical feature ...
dp[2][269]=-385.811
dp[3][269]=-4.5e+11
dp[4][269]=-7.5e+11
dp[5][269]=-1.02e+12
dp[6][269]=-1.24e+12
dp[7][269]=-1.42e+12
dp[8][269]=-1.54e+12
dp[9][269]=-1.72e+12
dp[10][269]=-1.89e+12
dp[11][269]=-1.96e+12
dp[12][269]=-1.97e+12
dp[13][269]=-2.04e+12
dp[14][269]=-2.09e+12
dp[15][269]=-2.11e+12
dp[16][269]=-2.16e+12
Select best dp
Best k=16
Stratifying 6-th numerical feature ...
dp[2][269]=-198.705
dp[3][269]=-331.309
dp[4][269]=-380.766
dp[5][269]=-417.563
dp[6][269]=-416.115
dp[7][269]=-408.032
dp[8][269]=-388.557
dp[9][269]=-364.651
dp[10][269]=-319.839
dp[11][269]=-274.142
dp[12][269]=-208.195
dp[13][269]=-137.998
dp[14][269]=-65.9833
dp[15][269]=17.1357
dp[16][269]=112.298
Select best dp
Best k=5
dp[2][269]=-198.705
dp[3][269]=-331.309
dp[4][269]=-380.766
dp[5][269]=-417.563
dp[6][269]=-416.115
dp[7][269]=-408.032
dp[8][269]=-388.557
dp[9][269]=-364.651
dp[10][269]=-319.839
dp[11][269]=-274.142
dp[12][269]=-208.195
dp[13][269]=-137.998
dp[14][269]=-65.9833
dp[15][269]=17.1357
dp[16][269]=112.298
Select best dp
Best k=5
dp[2][269]=-20.5245
dp[3][269]=-3.5e+11
dp[4][269]=-6.6e+11
dp[5][269]=-8.5e+11
dp[6][269]=-1.12e+12
dp[7][269]=-1.35e+12
dp[8][269]=-1.51e+12
dp[9][269]=-1.81e+12
dp[10][269]=-1.93e+12
dp[11][269]=-2.04e+12
dp[12][269]=-2.16e+12
dp[13][269]=-2.26e+12
dp[14][269]=-2.31e+12
dp[15][269]=-2.39e+12
dp[16][269]=-2.39e+12
Select best dp
Best k=15
Stratifying 7-th numerical feature ...
dp[2][269]=-148.917
dp[3][269]=-294.136
dp[4][269]=-347.528
dp[5][269]=-388.389
dp[6][269]=-388.484
dp[7][269]=-382.718
dp[8][269]=-367.835
dp[9][269]=-346.462
dp[10][269]=-310.022
dp[11][269]=-270.66
dp[12][269]=-210.459
dp[13][269]=-142.663
dp[14][269]=-73.136
dp[15][269]=0.39903
dp[16][269]=92.8963
Select best dp
Best k=6
dp[2][269]=-198.705
dp[3][269]=-6e+10
dp[4][269]=-1.1e+11
dp[5][269]=-1.2e+11
dp[6][269]=-1.7e+11
dp[7][269]=-1.8e+11
dp[8][269]=-2.3e+11
dp[9][269]=-2.3e+11
dp[10][269]=-2.8e+11
dp[11][269]=-2.8e+11
dp[12][269]=-3.3e+11
dp[13][269]=-3.3e+11
dp[14][269]=-3.8e+11
dp[15][269]=-3.8e+11
dp[16][269]=-4.3e+11
Select best dp
Best k=16
