Standardize ...
Stratifying 1-th numerical feature ...
Standardize ...
Stratifying 1-th numerical feature ...
Standardize ...
Stratifying 1-th numerical feature ...
Standardize ...
Stratifying 1-th numerical feature ...
Standardize ...
Stratifying 1-th numerical feature ...
Standardize ...
Stratifying 1-th numerical feature ...
Standardize ...
Stratifying 1-th numerical feature ...
Standardize ...
Stratifying 1-th numerical feature ...
Standardize ...
Stratifying 1-th numerical feature ...
Standardize ...
Stratifying 1-th numerical feature ...
Standardize ...
Stratifying 1-th numerical feature ...
Standardize ...
Stratifying 1-th numerical feature ...
Standardize ...
Stratifying 1-th numerical feature ...
Standardize ...
Stratifying 1-th numerical feature ...
dp[2][395]=-483.5
dp[3][395]=-773.195
dp[4][395]=-950.549
dp[5][395]=-1079.76
dp[6][395]=-1188.48
dp[7][395]=-1258.85
dp[8][395]=-1286.71
dp[9][395]=-1303.48
dp[10][395]=-1309.59
dp[11][395]=-1314.07
dp[12][395]=-1315.25
dp[13][395]=-1309.63
dp[14][395]=-1293.45
dp[15][395]=-1275.58
dp[16][395]=-1250.23
dp[17][395]=-1221.35
dp[18][395]=-1187.42
dp[19][395]=-1148.17
Select best dp
Best k=12
Stratifying 2-th numerical feature ...
dp[2][395]=-483.5
dp[3][395]=-773.195
dp[4][395]=-950.549
dp[5][395]=-1079.76
dp[6][395]=-1188.48
dp[7][395]=-1258.85
dp[8][395]=-1286.71
dp[9][395]=-1303.48
dp[10][395]=-1309.59
dp[11][395]=-1314.07
dp[12][395]=-1315.25
dp[13][395]=-1309.63
dp[14][395]=-1293.45
dp[15][395]=-1275.58
dp[16][395]=-1250.23
dp[17][395]=-1221.35
dp[18][395]=-1187.42
dp[19][395]=-1148.17
Select best dp
Best k=12
Stratifying 2-th numerical feature ...
dp[2][395]=-483.5
dp[3][395]=-773.195
dp[4][395]=-950.549
dp[5][395]=-1079.76
dp[6][395]=-1188.48
dp[7][395]=-1258.85
dp[8][395]=-1286.71
dp[9][395]=-1303.48
dp[10][395]=-1309.59
dp[11][395]=-1314.07
dp[12][395]=-1315.25
dp[13][395]=-1309.63
dp[14][395]=-1293.45
dp[15][395]=-1275.58
dp[16][395]=-1250.23
dp[17][395]=-1221.35
dp[18][395]=-1187.42
dp[19][395]=-1148.17
Select best dp
Best k=12
Stratifying 2-th numerical feature ...
dp[2][395]=-483.5
dp[3][395]=-773.195
dp[4][395]=-950.549
dp[5][395]=-1079.76
dp[6][395]=-1188.48
dp[7][395]=-1258.85
dp[8][395]=-1286.71
dp[9][395]=-1303.48
dp[10][395]=-1309.59
dp[11][395]=-1314.07
dp[12][395]=-1315.25
dp[13][395]=-1309.63
dp[14][395]=-1293.45
dp[15][395]=-1275.58
dp[16][395]=-1250.23
dp[17][395]=-1221.35
dp[18][395]=-1187.42
dp[19][395]=-1148.17
Select best dp
Best k=12
Stratifying 2-th numerical feature ...
dp[2][395]=-483.5
dp[3][395]=-773.195
dp[4][395]=-950.549
dp[5][395]=-1079.76
dp[6][395]=-1188.48
dp[7][395]=-1258.85
dp[8][395]=-1286.71
dp[9][395]=-1303.48
dp[10][395]=-1309.59
dp[11][395]=-1314.07
dp[12][395]=-1315.25
dp[13][395]=-1309.63
dp[14][395]=-1293.45
dp[15][395]=-1275.58
dp[16][395]=-1250.23
dp[17][395]=-1221.35
dp[18][395]=-1187.42
dp[19][395]=-1148.17
Select best dp
Best k=12
Stratifying 2-th numerical feature ...
dp[2][395]=-483.5
dp[3][395]=-773.195
dp[4][395]=-950.549
dp[5][395]=-1079.76
dp[6][395]=-1188.48
dp[7][395]=-1258.85
dp[8][395]=-1286.71
dp[9][395]=-1303.48
dp[10][395]=-1309.59
dp[11][395]=-1314.07
dp[12][395]=-1315.25
dp[13][395]=-1309.63
dp[14][395]=-1293.54
dp[15][395]=-1277.39
dp[16][395]=-1255.4
dp[17][395]=-1231.79
dp[18][395]=-1203.91
dp[19][395]=-1175.48
Select best dp
Best k=12
Stratifying 2-th numerical feature ...
dp[2][395]=-483.5
dp[3][395]=-773.195
dp[4][395]=-950.549
dp[5][395]=-1079.76
dp[6][395]=-1188.48
dp[7][395]=-1258.85
dp[8][395]=-1286.71
dp[9][395]=-1303.48
dp[10][395]=-1309.32
dp[11][395]=-1313.46
dp[12][395]=-1307.09
dp[13][395]=-1268.3
Select best dp
Best k=11
Stratifying 2-th numerical feature ...
dp[2][395]=-611.643
dp[3][395]=-958.631
dp[4][395]=-1135.1
dp[5][395]=-1253.77
dp[6][395]=-1345.36
dp[7][395]=-1402.15
dp[8][395]=-1446.08
dp[9][395]=-1468.29
dp[10][395]=-1487.74
dp[11][395]=-1497.44
dp[12][395]=-1498.8
dp[13][395]=-1499.67
dp[14][395]=-1486.53
dp[15][395]=-1463.91
dp[16][395]=-1438.61
dp[17][395]=-1406.26
dp[18][395]=-1362.08
dp[19][395]=-1307.54
Select best dp
Best k=13
Stratifying 3-th numerical feature ...
dp[2][395]=-611.643
dp[3][395]=-958.631
dp[4][395]=-1135.1
dp[5][395]=-1253.77
dp[6][395]=-1345.36
dp[7][395]=-1402.15
dp[8][395]=-1446.08
dp[9][395]=-1468.29
dp[10][395]=-1487.74
dp[11][395]=-1497.44
dp[12][395]=-1498.8
dp[13][395]=-1499.67
dp[14][395]=-1486.53
dp[15][395]=-1463.91
dp[16][395]=-1438.61
dp[17][395]=-1406.26
dp[18][395]=-1362.08
dp[19][395]=-1307.54
Select best dp
Best k=13
Stratifying 3-th numerical feature ...
dp[2][395]=-611.643
dp[3][395]=-958.631
dp[4][395]=-1135.1
dp[5][395]=-1253.77
dp[6][395]=-1345.36
dp[7][395]=-1402.15
dp[8][395]=-1446.08
dp[9][395]=-1468.29
dp[10][395]=-1487.74
dp[11][395]=-1497.44
dp[12][395]=-1498.8
dp[13][395]=-1499.67
dp[14][395]=-1486.53
dp[15][395]=-1463.91
dp[16][395]=-1438.61
dp[17][395]=-1406.26
dp[18][395]=-1362.08
dp[19][395]=-1307.54
Select best dp
Best k=13
dp[2][395]=155.517
dp[3][395]=233.275
dp[4][395]=311.034
dp[5][395]=388.792
dp[6][395]=466.55
dp[7][395]=544.309
dp[8][395]=622.067
dp[9][395]=699.825
dp[10][395]=777.584
dp[11][395]=855.342
dp[12][395]=933.101
dp[13][395]=1010.86
dp[14][395]=1088.62
dp[15][395]=1166.38
dp[16][395]=1244.13
dp[17][395]=1321.89
dp[18][395]=1399.65
dp[19][395]=1477.41
Select best dp
Best k=2
Stratifying 3-th numerical feature ...
Stratifying 2-th numerical feature ...
dp[2][395]=-163.992
dp[3][395]=-269.96
dp[4][395]=-319.758
dp[5][395]=-345.487
dp[6][395]=-360.966
dp[7][395]=-357.27
dp[8][395]=-332.323
dp[2][395]=-1122.52
dp[9][395]=-301.826
dp[3][395]=-1779.67
dp[10][395]=-266.001
dp[4][395]=-2212.13
dp[11][395]=-229.363
dp[5][395]=-2548.32
dp[12][395]=-191.076
dp[6][395]=-2843.52
dp[13][395]=-149.383
dp[7][395]=-3062
dp[14][395]=-102.414
dp[8][395]=-3195.49
dp[15][395]=-54.6009
dp[9][395]=-3306.78
dp[16][395]=-3.04783
dp[10][395]=-3396.76
dp[17][395]=50.2724
dp[11][395]=-3483.48
dp[18][395]=106.115
dp[12][395]=-3563.61
dp[19][395]=164.622
dp[13][395]=-3630.11
Select best dp
dp[14][395]=-3675.51
Best k=6
dp[15][395]=-3717.53
dp[16][395]=-3744.59
dp[17][395]=-3764.59
dp[18][395]=-3774.49
dp[19][395]=-3773.74
Select best dp
Best k=18
Stratifying 2-th numerical feature ...
Stratifying 2-th numerical feature ...
dp[2][395]=-611.643
dp[3][395]=-958.631
dp[4][395]=-1135.1
dp[5][395]=-1253.77
dp[6][395]=-1345.36
dp[7][395]=-1402.15
dp[8][395]=-1446.08
dp[9][395]=-1468.29
dp[10][395]=-1487.74
dp[11][395]=-1497.44
dp[12][395]=-1498.8
dp[13][395]=-1499.67
dp[14][395]=-1486.53
dp[15][395]=-1463.91
dp[16][395]=-1438.61
dp[17][395]=-1406.26
dp[18][395]=-1362.08
dp[19][395]=-1307.54
Select best dp
Best k=13
Stratifying 3-th numerical feature ...
dp[2][395]=-483.5
dp[3][395]=-773.195
dp[4][395]=-950.549
dp[5][395]=-1079.76
dp[6][395]=-1188.48
dp[7][395]=-1258.85
dp[8][395]=-1286.71
dp[9][395]=-1303.48
dp[10][395]=-1309.59
dp[11][395]=-1314.07
dp[12][395]=-1315.25
dp[13][395]=-1309.63
dp[14][395]=-1293.45
dp[15][395]=-1275.58
dp[16][395]=-1250.23
dp[17][395]=-1221.35
dp[18][395]=-1187.42
dp[19][395]=-1148.17
Select best dp
Best k=12
Stratifying 2-th numerical feature ...
dp[2][395]=-860.373
dp[3][395]=-1258.36
dp[4][395]=-1474.8
dp[5][395]=-1611.38
dp[6][395]=-1732.13
dp[7][395]=-1805.35
dp[8][395]=-1876.93
dp[9][395]=-1915.39
dp[10][395]=-1952.13
dp[11][395]=-1972.15
dp[12][395]=-1983.93
dp[13][395]=-1984.97
dp[14][395]=-1981.46
dp[15][395]=-1970.37
dp[16][395]=-1952.63
dp[17][395]=-1926.55
dp[18][395]=-1886.54
dp[19][395]=-1836.35
Select best dp
Best k=13
Stratifying 3-th numerical feature ...
dp[2][395]=-549.186
dp[3][395]=-867.148
dp[4][395]=-1068.43
dp[5][395]=-1221.03
dp[6][395]=-1338.92
dp[7][395]=-1427.34
dp[8][395]=-1468.66
dp[9][395]=-1509.35
dp[10][395]=-1536.97
dp[11][395]=-1555.36
dp[12][395]=-1563.96
dp[13][395]=-1569.57
dp[14][395]=-1557.91
dp[15][395]=-1541.22
dp[16][395]=-1519.43
dp[17][395]=-1496.36
dp[18][395]=-1468.95
dp[19][395]=-1434.81
Select best dp
Best k=13
Stratifying 2-th numerical feature ...
dp[2][395]=-611.643
dp[3][395]=-958.631
dp[4][395]=-1135.1
dp[5][395]=-1253.77
dp[6][395]=-1345.36
dp[7][395]=-1402.15
dp[8][395]=-1446.08
dp[9][395]=-1468.29
dp[10][395]=-1487.74
dp[11][395]=-1497.44
dp[12][395]=-1498.8
dp[13][395]=-1499.67
dp[14][395]=-1486.53
dp[15][395]=-1469.3
dp[16][395]=-1450.69
dp[17][395]=-1426.97
dp[18][395]=-1398
dp[19][395]=-1368.5
Select best dp
Best k=13
Stratifying 3-th numerical feature ...
dp[2][395]=-1522.85
dp[3][395]=-1999.77
dp[4][395]=-2234.91
dp[5][395]=-2383.12
dp[6][395]=-2514.37
dp[7][395]=-2610.5
dp[8][395]=-2695.36
dp[9][395]=-2776.92
dp[10][395]=-2814.8
dp[11][395]=-2825.95
dp[12][395]=-2822.18
dp[13][395]=-2815.07
dp[14][395]=-2807.91
dp[15][395]=-2782.73
dp[16][395]=-2754.67
dp[17][395]=-2724.3
dp[18][395]=-2688.79
dp[19][395]=-2637.09
Select best dp
Best k=11
Stratifying 4-th numerical feature ...
dp[2][395]=-659.724
dp[3][395]=-962.396
dp[4][395]=-1130.27
dp[5][395]=-1238.56
dp[6][395]=-1323.99
dp[7][395]=-1390.58
dp[8][395]=-1434.58
dp[9][395]=-1468.14
dp[10][395]=-1498.56
dp[11][395]=-1506.36
dp[12][395]=-1499.67
dp[13][395]=-1491.01
dp[14][395]=-1478.25
dp[15][395]=-1454.58
dp[16][395]=-1430.45
dp[17][395]=-1397.07
dp[18][395]=-1354.78
dp[19][395]=-1296.87
Select best dp
Best k=11
Stratifying 4-th numerical feature ...
dp[2][395]=-1522.85
dp[3][395]=-1999.77
dp[4][395]=-2234.91
dp[5][395]=-2383.12
dp[6][395]=-2514.37
dp[7][395]=-2610.5
dp[8][395]=-2695.36
dp[9][395]=-2776.92
dp[10][395]=-2814.8
dp[11][395]=-2825.95
dp[12][395]=-2822.18
dp[13][395]=-2815.07
dp[14][395]=-2807.91
dp[15][395]=-2782.73
dp[16][395]=-2754.67
dp[17][395]=-2724.3
dp[18][395]=-2688.79
dp[19][395]=-2637.09
Select best dp
Best k=11
Stratifying 4-th numerical feature ...
dp[2][395]=-483.5
dp[3][395]=-773.195
dp[4][395]=-950.549
dp[5][395]=-1079.76
dp[6][395]=-1188.48
dp[7][395]=-1258.85
dp[8][395]=-1286.71
dp[9][395]=-1303.48
dp[10][395]=-1309.59
dp[11][395]=-1314.07
dp[12][395]=-1315.25
dp[13][395]=-1309.63
dp[14][395]=-1293.54
dp[15][395]=-1277.39
dp[16][395]=-1255.4
dp[17][395]=-1231.79
dp[18][395]=-1205.36
dp[19][395]=-1176.93
Select best dp
Best k=12
Stratifying 2-th numerical feature ...
dp[2][395]=-1522.85
dp[3][395]=-1999.77
dp[4][395]=-2234.91
dp[5][395]=-2383.12
dp[6][395]=-2514.37
dp[7][395]=-2610.5
dp[8][395]=-2695.36
dp[9][395]=-2776.92
dp[10][395]=-2814.8
dp[11][395]=-2825.95
dp[12][395]=-2822.18
dp[13][395]=-2815.07
dp[14][395]=-2807.91
dp[15][395]=-2782.73
dp[16][395]=-2754.67
dp[17][395]=-2724.3
dp[18][395]=-2688.79
dp[19][395]=-2637.09
Select best dp
Best k=11
Stratifying 4-th numerical feature ...
dp[2][395]=-611.643
dp[3][395]=-958.631
dp[4][395]=-1135.1
dp[5][395]=-1253.77
dp[6][395]=-1345.36
dp[7][395]=-1402.15
dp[8][395]=-1446.08
dp[9][395]=-1468.29
dp[10][395]=-1487.74
dp[11][395]=-1495.94
dp[12][395]=-1494.25
dp[13][395]=-1443.85
Select best dp
Best k=11
Stratifying 3-th numerical feature ...
dp[2][395]=-1084.07
dp[3][395]=-1524.65
dp[4][395]=-1726.96
dp[5][395]=-1868.32
dp[6][395]=-1972.42
dp[7][395]=-2048.43
dp[8][395]=-2128.26
dp[9][395]=-2189.13
dp[10][395]=-2224.13
dp[11][395]=-2232.01
dp[12][395]=-2232.42
dp[13][395]=-2232.51
dp[14][395]=-2227.45
dp[15][395]=-2203.12
dp[16][395]=-2176.06
dp[17][395]=-2148.91
dp[18][395]=-2108.91
dp[19][395]=-2053.96
Select best dp
Best k=13
Stratifying 4-th numerical feature ...
dp[2][395]=-483.5
dp[3][395]=-773.195
dp[4][395]=-950.549
dp[5][395]=-1079.76
dp[6][395]=-1188.48
dp[7][395]=-1258.85
dp[8][395]=-1286.71
dp[9][395]=-1303.48
dp[10][395]=-1309.59
dp[11][395]=-1314.07
dp[12][395]=-1315.25
dp[13][395]=-1309.63
dp[14][395]=-1293.54
dp[15][395]=-1277.39
dp[16][395]=-1255.4
dp[17][395]=-1231.79
dp[18][395]=-1206.24
dp[19][395]=-1177.81
Select best dp
Best k=12
Stratifying 2-th numerical feature ...
dp[2][395]=-704.739
dp[3][395]=-1011.31
dp[4][395]=-1185.97
dp[5][395]=-1304.51
dp[6][395]=-1391.89
dp[7][395]=-1447.6
dp[8][395]=-1493.78
dp[9][395]=-1535.87
dp[10][395]=-1547.27
dp[11][395]=-1551.32
dp[12][395]=-1552.74
dp[13][395]=-1549.28
dp[14][395]=-1533.27
dp[15][395]=-1512.94
dp[16][395]=-1492.58
dp[17][395]=-1461.64
dp[18][395]=-1414.75
dp[19][395]=-1356.28
Select best dp
Best k=12
Stratifying 5-th numerical feature ...
dp[2][395]=-704.739
dp[3][395]=-1011.31
dp[4][395]=-1185.97
dp[5][395]=-1304.51
dp[6][395]=-1391.89
dp[7][395]=-1447.6
dp[8][395]=-1493.78
dp[9][395]=-1535.87
dp[10][395]=-1547.27
dp[11][395]=-1551.32
dp[12][395]=-1552.74
dp[13][395]=-1549.28
dp[14][395]=-1533.27
dp[15][395]=-1512.94
dp[16][395]=-1492.58
dp[17][395]=-1461.64
dp[18][395]=-1414.75
dp[19][395]=-1356.28
Select best dp
Best k=12
Stratifying 5-th numerical feature ...
dp[2][395]=-704.739
dp[3][395]=-1011.31
dp[4][395]=-1185.97
dp[5][395]=-1304.51
dp[6][395]=-1391.89
dp[7][395]=-1447.6
dp[8][395]=-1493.78
dp[9][395]=-1535.87
dp[10][395]=-1547.27
dp[11][395]=-1551.32
dp[12][395]=-1552.74
dp[13][395]=-1549.28
dp[14][395]=-1533.27
dp[15][395]=-1512.94
dp[16][395]=-1492.58
dp[17][395]=-1461.64
dp[18][395]=-1414.75
dp[19][395]=-1356.28
Select best dp
Best k=12
Stratifying 5-th numerical feature ...
dp[2][395]=155.517
dp[3][395]=233.275
dp[4][395]=311.034
dp[5][395]=388.792
dp[6][395]=466.55
dp[7][395]=544.309
dp[8][395]=622.067
dp[9][395]=699.825
dp[10][395]=777.584
dp[11][395]=855.342
dp[12][395]=933.101
dp[13][395]=1010.86
dp[14][395]=1088.62
dp[15][395]=1166.38
dp[16][395]=1244.13
dp[17][395]=1321.89
dp[18][395]=1399.65
dp[19][395]=1477.41
Select best dp
Best k=2
dp[2][395]=-1378.8
dp[3][395]=-2150.54
dp[2][395]=-704.739
dp[4][395]=-2581.24
dp[3][395]=-1011.31
dp[5][395]=-2896.33
dp[4][395]=-1185.97
dp[6][395]=-3157.27
dp[5][395]=-1304.51
dp[6][395]=-1391.89
dp[7][395]=-3348.62
dp[7][395]=-1447.6
dp[8][395]=-3514.24
dp[8][395]=-1493.78
dp[9][395]=-1535.87
dp[9][395]=-3636.41
dp[10][395]=-1547.27
dp[11][395]=-1551.32
dp[10][395]=-3753.07
dp[12][395]=-1552.74
dp[13][395]=-1549.28
dp[11][395]=-3850.22
dp[14][395]=-1533.27
dp[15][395]=-1512.94
dp[12][395]=-3930.71
dp[16][395]=-1492.58
dp[17][395]=-1461.64
dp[13][395]=-4010.2
dp[18][395]=-1414.75
dp[19][395]=-1356.28
dp[14][395]=-4061.68
Select best dp
Best k=12
dp[15][395]=-4094.2
dp[16][395]=-4121.35
dp[17][395]=-4134.41
dp[18][395]=-4123.81
dp[19][395]=-4092.5
Select best dp
Best k=17
dp[2][395]=-228.063
dp[3][395]=-362.678
dp[4][395]=-412.034
dp[5][395]=-432.488
dp[6][395]=-439.405
dp[7][395]=-428.923
dp[8][395]=-412.009
dp[9][395]=-384.233
dp[10][395]=-355.08
dp[11][395]=-321.048
dp[12][395]=-282.851
dp[13][395]=-244.405
dp[14][395]=-198.958
dp[15][395]=-148.768
dp[16][395]=-97.2371
dp[17][395]=-42.1824
dp[18][395]=18.7866
dp[19][395]=84.933
Select best dp
Best k=6
Stratifying 5-th numerical feature ...
Stratifying 3-th numerical feature ...
Stratifying 3-th numerical feature ...
Stratifying 3-th numerical feature ...
dp[2][395]=-611.643
dp[3][395]=-958.631
dp[4][395]=-1135.1
dp[5][395]=-1253.77
dp[6][395]=-1345.36
dp[7][395]=-1402.15
dp[8][395]=-1446.08
dp[9][395]=-1468.29
dp[10][395]=-1487.74
dp[11][395]=-1497.44
dp[12][395]=-1498.8
dp[13][395]=-1499.67
dp[14][395]=-1486.53
dp[15][395]=-1463.91
dp[16][395]=-1438.61
dp[17][395]=-1406.26
dp[18][395]=-1362.08
dp[19][395]=-1307.54
Select best dp
Best k=13
Stratifying 3-th numerical feature ...
dp[2][395]=-1522.85
dp[3][395]=-1999.77
dp[4][395]=-2234.91
dp[5][395]=-2383.12
dp[6][395]=-2514.37
dp[7][395]=-2610.5
dp[8][395]=-2703.66
dp[9][395]=-2788.52
dp[10][395]=-2826.4
dp[11][395]=-2837.55
dp[12][395]=-2837.97
dp[13][395]=-2835.45
dp[14][395]=-2832.27
dp[15][395]=-2817.49
dp[16][395]=-2801.61
dp[17][395]=-2784.37
dp[18][395]=-2762.78
dp[19][395]=-2738.39
Select best dp
Best k=12
Stratifying 4-th numerical feature ...
dp[2][395]=-704.739
dp[3][395]=-1011.31
dp[4][395]=-1185.97
dp[5][395]=-1304.51
dp[6][395]=-1391.89
dp[7][395]=-1447.6
dp[8][395]=-1493.78
dp[9][395]=-1535.87
dp[10][395]=-1547.27
dp[11][395]=-1551.32
dp[12][395]=-1552.74
dp[13][395]=-1549.28
dp[14][395]=-1533.27
dp[15][395]=-1512.94
dp[16][395]=-1492.58
dp[17][395]=-1461.64
dp[18][395]=-1414.75
dp[19][395]=-1356.28
Select best dp
Best k=12
Stratifying 5-th numerical feature ...
dp[2][395]=-1570.44
dp[3][395]=-1989.08
dp[4][395]=-2287.99
dp[5][395]=-2453.43
dp[6][395]=-2612.19
dp[7][395]=-2721.37
dp[8][395]=-2785.44
dp[9][395]=-2815.1
dp[10][395]=-2839.94
dp[11][395]=-2860.11
dp[12][395]=-2871.87
dp[13][395]=-2867.02
dp[14][395]=-2861
dp[15][395]=-2846.56
dp[16][395]=-2836.75
dp[17][395]=-2821.51
dp[18][395]=-2763.86
dp[19][395]=-2705.69
Select best dp
Best k=12
Stratifying 6-th numerical feature ...
dp[2][395]=-1058.63
dp[3][395]=-1339.62
dp[4][395]=-1546.88
dp[5][395]=-1666.16
dp[6][395]=-1745.4
dp[7][395]=-1814.88
dp[8][395]=-1881.4
dp[9][395]=-1898.47
dp[10][395]=-1906.81
dp[11][395]=-1912.13
dp[12][395]=-1907.15
dp[13][395]=-1896.6
dp[14][395]=-1881.73
dp[15][395]=-1866.29
dp[16][395]=-1846.68
dp[17][395]=-1812.38
dp[18][395]=-1766.51
dp[19][395]=-1715.91
Select best dp
Best k=11
Stratifying 6-th numerical feature ...
dp[2][395]=-1522.85
dp[3][395]=-1999.77
dp[4][395]=-2234.91
dp[5][395]=-2383.12
dp[6][395]=-2514.37
dp[7][395]=-2610.5
dp[8][395]=-2695.36
dp[9][395]=-2740.95
dp[10][395]=-2778.84
dp[11][395]=-2789.98
dp[12][395]=-2759.11
dp[13][395]=-2694.2
Select best dp
Best k=11
Stratifying 4-th numerical feature ...
dp[2][395]=-1570.44
dp[3][395]=-1989.08
dp[4][395]=-2287.99
dp[5][395]=-2453.43
dp[6][395]=-2612.19
dp[7][395]=-2721.37
dp[8][395]=-2785.44
dp[9][395]=-2815.1
dp[10][395]=-2839.94
dp[11][395]=-2860.11
dp[12][395]=-2871.87
dp[13][395]=-2867.02
dp[14][395]=-2861
dp[15][395]=-2846.56
dp[16][395]=-2836.75
dp[17][395]=-2821.51
dp[18][395]=-2763.86
dp[19][395]=-2705.69
Select best dp
Best k=12
Stratifying 6-th numerical feature ...
dp[2][395]=-1570.44
dp[3][395]=-1989.08
dp[4][395]=-2287.99
dp[5][395]=-2453.43
dp[6][395]=-2612.19
dp[7][395]=-2721.37
dp[8][395]=-2785.44
dp[9][395]=-2815.1
dp[10][395]=-2839.94
dp[11][395]=-2860.11
dp[12][395]=-2871.87
dp[13][395]=-2867.02
dp[14][395]=-2861
dp[15][395]=-2846.56
dp[16][395]=-2836.75
dp[17][395]=-2821.51
dp[18][395]=-2763.86
dp[19][395]=-2705.69
Select best dp
Best k=12
Stratifying 6-th numerical feature ...
dp[2][395]=-818.093
dp[3][395]=-1223.78
dp[4][395]=-1439.16
dp[5][395]=-1579.37
dp[6][395]=-1705.83
dp[7][395]=-1777.22
dp[8][395]=-1847.48
dp[9][395]=-1885.51
dp[10][395]=-1921.03
dp[11][395]=-1941.61
dp[12][395]=-1954.55
dp[13][395]=-1951.93
dp[14][395]=-1946.69
dp[15][395]=-1939.3
dp[16][395]=-1924.15
dp[17][395]=-1897.48
dp[18][395]=-1856.83
dp[19][395]=-1809.44
Select best dp
Best k=12
Stratifying 3-th numerical feature ...
dp[2][395]=-704.739
dp[3][395]=-1011.31
dp[4][395]=-1185.97
dp[5][395]=-1304.51
dp[6][395]=-1391.89
dp[7][395]=-1447.6
dp[8][395]=-1493.78
dp[9][395]=-1535.87
dp[10][395]=-1547.27
dp[11][395]=-1556.12
dp[12][395]=-1557.55
dp[13][395]=-1554.93
dp[14][395]=-1538.92
dp[15][395]=-1519.49
dp[16][395]=-1499.17
dp[17][395]=-1473.55
dp[18][395]=-1444.07
dp[19][395]=-1409.51
Select best dp
Best k=12
Stratifying 5-th numerical feature ...
dp[2][395]=-1233.4
dp[3][395]=-1579.09
dp[4][395]=-1853.12
dp[5][395]=-2005.9
dp[6][395]=-2130.95
dp[7][395]=-2227.6
dp[8][395]=-2294.94
dp[9][395]=-2320.47
dp[10][395]=-2342.02
dp[11][395]=-2356.57
dp[12][395]=-2366.5
dp[13][395]=-2357.04
dp[14][395]=-2347.37
dp[15][395]=-2335.57
dp[16][395]=-2321.87
dp[17][395]=-2308.09
dp[18][395]=-2260.29
dp[19][395]=-2209.51
Select best dp
Best k=12
Stratifying 6-th numerical feature ...
dp[2][395]=-796.859
dp[3][395]=-1179.43
dp[4][395]=-1410.13
dp[5][395]=-1552.62
dp[6][395]=-1641.33
dp[7][395]=-1714.47
dp[8][395]=-1760.69
dp[9][395]=-1792.55
dp[10][395]=-1805.54
dp[11][395]=-1816.14
dp[12][395]=-1811.47
dp[13][395]=-1804.98
dp[14][395]=-1797.63
dp[15][395]=-1785.23
dp[16][395]=-1765.44
dp[17][395]=-1743.08
dp[18][395]=-1701.63
dp[19][395]=-1644.02
Select best dp
Best k=11
dp[2][395]=-796.859
dp[3][395]=-1179.43
dp[4][395]=-1410.13
dp[5][395]=-1552.62
dp[6][395]=-1641.33
dp[7][395]=-1714.47
dp[8][395]=-1760.69
dp[9][395]=-1792.55
dp[10][395]=-1805.54
dp[11][395]=-1816.14
dp[12][395]=-1811.47
dp[13][395]=-1804.98
dp[14][395]=-1797.63
dp[15][395]=-1785.23
dp[16][395]=-1765.44
dp[17][395]=-1743.08
dp[18][395]=-1701.63
dp[19][395]=-1644.02
Select best dp
Best k=11
dp[2][395]=-796.859
dp[3][395]=-1179.43
dp[4][395]=-1410.13
dp[5][395]=-1552.62
dp[6][395]=-1641.33
dp[7][395]=-1714.47
dp[8][395]=-1760.69
dp[9][395]=-1792.55
dp[10][395]=-1805.54
dp[11][395]=-1816.14
dp[12][395]=-1811.47
dp[13][395]=-1804.98
dp[14][395]=-1797.63
dp[15][395]=-1785.23
dp[16][395]=-1765.44
dp[17][395]=-1743.08
dp[18][395]=-1701.63
dp[19][395]=-1644.02
Select best dp
Best k=11
dp[2][395]=-611.643
dp[3][395]=-958.631
dp[4][395]=-1135.1
dp[5][395]=-1253.77
dp[6][395]=-1345.36
dp[7][395]=-1402.15
dp[8][395]=-1446.08
dp[9][395]=-1468.29
dp[10][395]=-1487.74
dp[11][395]=-1497.44
dp[12][395]=-1498.8
dp[13][395]=-1499.67
dp[14][395]=-1486.53
dp[15][395]=-1469.3
dp[16][395]=-1450.69
dp[17][395]=-1426.97
dp[18][395]=-1398
dp[19][395]=-1368.5
Select best dp
Best k=13
Stratifying 3-th numerical feature ...
dp[2][395]=-796.859
dp[3][395]=-1179.43
dp[4][395]=-1410.13
dp[5][395]=-1552.62
dp[6][395]=-1641.33
dp[7][395]=-1714.47
dp[8][395]=-1760.69
dp[9][395]=-1792.55
dp[10][395]=-1805.54
dp[11][395]=-1816.14
dp[12][395]=-1811.47
dp[13][395]=-1804.98
dp[14][395]=-1797.63
dp[15][395]=-1785.23
dp[16][395]=-1765.44
dp[17][395]=-1743.08
dp[18][395]=-1701.63
dp[19][395]=-1644.02
Select best dp
Best k=11
dp[2][395]=-2338.09
dp[3][395]=-3185.41
dp[4][395]=-3672.02
dp[5][395]=-3999.89
dp[6][395]=-4298.11
dp[7][395]=-4519.77
dp[8][395]=-4745.26
dp[9][395]=-4940.43
dp[10][395]=-5085.02
dp[11][395]=-5177.97
dp[12][395]=-5246.9
dp[13][395]=-5309.44
dp[14][395]=-5363.73
dp[15][395]=-5389.63
dp[16][395]=-5416.49
dp[17][395]=-5434.17
dp[18][395]=-5433.9
dp[19][395]=-5409.32
Select best dp
Best k=17
Stratifying 4-th numerical feature ...
dp[2][395]=-659.724
dp[3][395]=-962.396
dp[4][395]=-1130.27
dp[5][395]=-1238.56
dp[6][395]=-1323.99
dp[7][395]=-1390.58
dp[8][395]=-1434.58
dp[9][395]=-1468.14
dp[10][395]=-1498.56
dp[11][395]=-1506.36
dp[12][395]=-1499.67
dp[13][395]=-1491.01
dp[14][395]=-1478.25
dp[15][395]=-1454.58
dp[16][395]=-1430.45
dp[17][395]=-1397.07
dp[18][395]=-1354.78
dp[19][395]=-1296.87
Select best dp
Best k=11
dp[2][395]=-1115.23
dp[3][395]=-1425.76
dp[4][395]=-1526.2
dp[5][395]=-1581.9
dp[6][395]=-1623.88
dp[7][395]=-1660.03
dp[8][395]=-1683.57
dp[9][395]=-1697.42
dp[10][395]=-1680.37
dp[11][395]=-1650.79
dp[12][395]=-1617.84
dp[13][395]=-1577.92
dp[14][395]=-1535.84
dp[15][395]=-1486.22
dp[16][395]=-1432.39
dp[17][395]=-1377.76
dp[18][395]=-1322.79
dp[19][395]=-1254.24
Select best dp
Best k=9
Stratifying 4-th numerical feature ...
Stratifying 4-th numerical feature ...
dp[2][395]=-707.609
dp[3][395]=-853.282
dp[4][395]=-842.161
dp[5][395]=-801.512
dp[6][395]=-782.91
dp[7][395]=-742.261
dp[8][395]=-693.081
dp[9][395]=-631.222
dp[10][395]=-568.553
dp[11][395]=-496.896
dp[12][395]=-424.297
dp[13][395]=-349.356
dp[14][395]=-274.409
dp[15][395]=-198.776
dp[16][395]=-122.239
dp[17][395]=-44.4919
dp[18][395]=36.2624
dp[19][395]=122.861
Select best dp
Best k=3
Stratifying 4-th numerical feature ...
dp[2][395]=-704.739
dp[3][395]=-1011.31
dp[4][395]=-1185.97
dp[5][395]=-1304.51
dp[6][395]=-1391.89
dp[7][395]=-1447.6
dp[8][395]=-1489.74
dp[9][395]=-1530.87
dp[10][395]=-1537.25
dp[11][395]=-1537.52
dp[12][395]=-1534.39
dp[13][395]=-1484.86
Select best dp
Best k=11
Stratifying 5-th numerical feature ...
dp[2][395]=-796.859
dp[3][395]=-1179.43
dp[4][395]=-1410.13
dp[5][395]=-1552.62
dp[6][395]=-1641.33
dp[7][395]=-1714.47
dp[8][395]=-1760.69
dp[9][395]=-1792.55
dp[10][395]=-1805.54
dp[11][395]=-1816.14
dp[12][395]=-1811.47
dp[13][395]=-1804.98
dp[14][395]=-1797.63
dp[15][395]=-1785.23
dp[16][395]=-1765.44
dp[17][395]=-1743.08
dp[18][395]=-1701.63
dp[19][395]=-1644.02
Select best dp
Best k=11
dp[2][395]=-1032.42
dp[3][395]=-1457.63
dp[4][395]=-1657.01
dp[5][395]=-1795.89
dp[6][395]=-1898.75
dp[7][395]=-1974.79
dp[8][395]=-2048.99
dp[9][395]=-2107.54
dp[10][395]=-2142.28
dp[11][395]=-2151.13
dp[12][395]=-2156.99
dp[13][395]=-2155.9
dp[14][395]=-2151.23
dp[15][395]=-2129.43
dp[16][395]=-2101.97
dp[17][395]=-2071.26
dp[18][395]=-2034.36
dp[19][395]=-1977.21
Select best dp
Best k=12
Stratifying 4-th numerical feature ...
dp[2][395]=-611.643
dp[3][395]=-958.631
dp[4][395]=-1135.1
dp[5][395]=-1253.77
dp[6][395]=-1345.36
dp[7][395]=-1402.15
dp[8][395]=-1446.08
dp[9][395]=-1468.29
dp[10][395]=-1487.74
dp[11][395]=-1497.44
dp[12][395]=-1498.8
dp[13][395]=-1499.67
dp[14][395]=-1486.53
dp[15][395]=-1469.3
dp[16][395]=-1450.69
dp[17][395]=-1426.97
dp[18][395]=-1398
dp[19][395]=-1368.5
Select best dp
Best k=13
Stratifying 3-th numerical feature ...
dp[2][395]=-1570.44
dp[3][395]=-1989.08
dp[4][395]=-2287.99
dp[5][395]=-2449.03
dp[6][395]=-2607.38
dp[7][395]=-2716.57
dp[8][395]=-2776.19
dp[9][395]=-2805.14
dp[10][395]=-2824.35
dp[11][395]=-2832.05
dp[12][395]=-2838.78
dp[13][395]=-2812.66
Select best dp
Best k=12
Stratifying 6-th numerical feature ...
dp[2][395]=-1570.44
dp[3][395]=-1989.08
dp[4][395]=-2287.99
dp[5][395]=-2453.43
dp[6][395]=-2612.19
dp[7][395]=-2721.37
dp[8][395]=-2785.44
dp[9][395]=-2815.1
dp[10][395]=-2839.94
dp[11][395]=-2860.11
dp[12][395]=-2877.83
dp[13][395]=-2889.58
dp[14][395]=-2886.37
dp[15][395]=-2880.35
dp[16][395]=-2868.79
dp[17][395]=-2856.73
dp[18][395]=-2844.43
dp[19][395]=-2832.37
Select best dp
Best k=13
Stratifying 6-th numerical feature ...
dp[2][395]=-796.859
dp[3][395]=-1179.43
dp[4][395]=-1409.76
dp[5][395]=-1551.13
dp[6][395]=-1636.33
dp[7][395]=-1709.47
dp[8][395]=-1755.7
dp[9][395]=-1782.44
dp[10][395]=-1794.27
dp[11][395]=-1802.48
dp[12][395]=-1793.21
dp[13][395]=-1760.38
Select best dp
Best k=11
dp[2][395]=155.517
dp[3][395]=233.275
dp[4][395]=311.034
dp[5][395]=388.792
dp[6][395]=466.55
dp[7][395]=544.309
dp[8][395]=622.067
dp[9][395]=699.825
dp[10][395]=777.584
dp[11][395]=855.342
dp[12][395]=933.101
dp[13][395]=1010.86
dp[14][395]=1088.62
dp[15][395]=1166.38
dp[16][395]=1244.13
dp[17][395]=1321.89
dp[18][395]=1399.65
dp[19][395]=1477.41
Select best dp
Best k=2
Stratifying 5-th numerical feature ...
dp[2][395]=-1565
dp[3][395]=-2255.9
dp[4][395]=-2682.98
dp[5][395]=-2997.81
dp[6][395]=-3250.34
dp[7][395]=-3439.51
dp[8][395]=-3609.62
dp[9][395]=-3771.56
dp[10][395]=-3872.12
dp[11][395]=-3957.97
dp[12][395]=-4038.58
dp[13][395]=-4109.42
dp[14][395]=-4155.15
dp[15][395]=-4192.26
dp[16][395]=-4229.3
dp[17][395]=-4245.18
dp[18][395]=-4229.14
dp[19][395]=-4189.97
Select best dp
Best k=17
Stratifying 5-th numerical feature ...
dp[2][395]=-704.739
dp[3][395]=-1011.31
dp[4][395]=-1185.97
dp[5][395]=-1304.51
dp[6][395]=-1391.89
dp[7][395]=-1447.6
dp[8][395]=-1493.78
dp[9][395]=-1535.87
dp[10][395]=-1547.27
dp[11][395]=-1551.32
dp[12][395]=-1552.74
dp[13][395]=-1549.28
dp[14][395]=-1533.27
dp[15][395]=-1512.94
dp[16][395]=-1492.58
dp[17][395]=-1461.64
dp[18][395]=-1414.75
dp[19][395]=-1356.28
Select best dp
Best k=12
Stratifying 5-th numerical feature ...
dp[2][395]=-758.559
dp[3][395]=-1092.21
dp[4][395]=-1273.63
dp[5][395]=-1406.38
dp[6][395]=-1505.22
dp[7][395]=-1570.82
dp[8][395]=-1628.26
dp[9][395]=-1684.51
dp[10][395]=-1700.39
dp[11][395]=-1712.81
dp[12][395]=-1722.79
dp[13][395]=-1730.39
dp[14][395]=-1716.49
dp[15][395]=-1700.38
dp[16][395]=-1681.5
dp[17][395]=-1649.71
dp[18][395]=-1607.05
dp[19][395]=-1563.82
Select best dp
Best k=13
Stratifying 5-th numerical feature ...
dp[2][395]=-274.611
dp[3][395]=-389.018
dp[4][395]=-437.471
dp[5][395]=-457.859
dp[6][395]=-462.672
dp[7][395]=-451.647
dp[8][395]=-435.854
dp[9][395]=-418.021
dp[10][395]=-384.843
dp[11][395]=-347.987
dp[12][395]=-309.819
dp[13][395]=-269.21
dp[14][395]=-222.325
dp[15][395]=-173.284
dp[16][395]=-124.225
dp[17][395]=-69.8748
dp[18][395]=-7.54754
dp[19][395]=60.5637
Select best dp
Best k=6
Stratifying 5-th numerical feature ...
dp[2][395]=-796.859
dp[3][395]=-1179.43
dp[4][395]=-1410.13
dp[5][395]=-1552.62
dp[6][395]=-1641.33
dp[7][395]=-1714.47
dp[8][395]=-1760.69
dp[9][395]=-1792.55
dp[10][395]=-1805.54
dp[11][395]=-1816.14
dp[12][395]=-1816.9
dp[13][395]=-1812.23
dp[14][395]=-1805.73
dp[15][395]=-1798.39
dp[16][395]=-1787.17
dp[17][395]=-1769.16
dp[18][395]=-1747.46
dp[19][395]=-1714.74
Select best dp
Best k=12
dp[2][395]=-1522.85
dp[3][395]=-1999.77
dp[4][395]=-2234.91
dp[5][395]=-2383.12
dp[6][395]=-2514.37
dp[7][395]=-2610.5
dp[8][395]=-2703.66
dp[9][395]=-2788.52
dp[10][395]=-2826.4
dp[11][395]=-2837.55
dp[12][395]=-2840.02
dp[13][395]=-2843.12
dp[14][395]=-2843.54
dp[15][395]=-2841.01
dp[16][395]=-2825.14
dp[17][395]=-2808.04
dp[18][395]=-2788.4
dp[19][395]=-2766.82
Select best dp
Best k=14
Stratifying 4-th numerical feature ...
dp[2][395]=-444.791
dp[3][395]=-516.272
dp[4][395]=-528.961
dp[5][395]=-495.855
dp[6][395]=-449.437
dp[7][395]=-404.488
dp[8][395]=-347.497
dp[9][395]=-282.682
dp[10][395]=-218.415
dp[11][395]=-151.952
dp[12][395]=-83.3818
dp[13][395]=-11.534
dp[14][395]=62.1882
dp[15][395]=136.443
dp[16][395]=209.832
dp[17][395]=285.735
dp[18][395]=373.54
dp[19][395]=470.104
Select best dp
Best k=4
Stratifying 6-th numerical feature ...
dp[2][395]=-2772.68
dp[3][395]=-3518.16
dp[4][395]=-4133.75
dp[5][395]=-4488.57
dp[6][395]=-4803.93
dp[7][395]=-5063.14
dp[8][395]=-5273.96
dp[9][395]=-5396.06
dp[10][395]=-5512.66
dp[11][395]=-5605.12
dp[12][395]=-5695.26
dp[13][395]=-5754.15
dp[14][395]=-5809.5
dp[15][395]=-5864.06
dp[16][395]=-5910.76
dp[17][395]=-5950.97
dp[18][395]=-5927.16
dp[19][395]=-5890.76
Select best dp
Best k=17
Stratifying 6-th numerical feature ...
dp[2][395]=-1058.63
dp[3][395]=-1339.62
dp[4][395]=-1546.88
dp[5][395]=-1666.16
dp[6][395]=-1745.4
dp[7][395]=-1814.88
dp[8][395]=-1881.4
dp[9][395]=-1898.47
dp[10][395]=-1906.81
dp[11][395]=-1912.13
dp[12][395]=-1907.15
dp[13][395]=-1896.6
dp[14][395]=-1881.73
dp[15][395]=-1866.29
dp[16][395]=-1846.68
dp[17][395]=-1812.38
dp[18][395]=-1766.51
dp[19][395]=-1715.91
Select best dp
Best k=11
Stratifying 6-th numerical feature ...
dp[2][395]=-1522.85
dp[3][395]=-1999.77
dp[4][395]=-2234.91
dp[5][395]=-2383.12
dp[6][395]=-2514.37
dp[7][395]=-2610.5
dp[8][395]=-2703.66
dp[9][395]=-2788.52
dp[10][395]=-2826.4
dp[11][395]=-2837.55
dp[12][395]=-2837.97
dp[13][395]=-2835.45
dp[14][395]=-2832.27
dp[15][395]=-2822.87
dp[16][395]=-2806.99
dp[17][395]=-2789.89
dp[18][395]=-2768.31
dp[19][395]=-2743.92
Select best dp
Best k=12
Stratifying 4-th numerical feature ...
dp[2][395]=-1210.55
dp[3][395]=-1539.7
dp[4][395]=-1818.86
dp[5][395]=-1972.64
dp[6][395]=-2088.18
dp[7][395]=-2186.78
dp[8][395]=-2259.81
dp[9][395]=-2284.34
dp[10][395]=-2306.12
dp[11][395]=-2325.16
dp[12][395]=-2336.75
dp[13][395]=-2327.29
dp[14][395]=-2317.19
dp[15][395]=-2306.72
dp[16][395]=-2293.47
dp[17][395]=-2279.79
dp[18][395]=-2231.62
dp[19][395]=-2181.38
Select best dp
Best k=12
Stratifying 6-th numerical feature ...
dp[2][395]=155.517
dp[3][395]=233.275
dp[4][395]=311.034
dp[5][395]=388.792
dp[6][395]=466.55
dp[7][395]=544.309
dp[8][395]=622.067
dp[9][395]=699.825
dp[10][395]=777.584
dp[11][395]=855.342
dp[12][395]=933.101
dp[13][395]=1010.86
dp[14][395]=1088.62
dp[15][395]=1166.38
dp[16][395]=1244.13
dp[17][395]=1321.89
dp[18][395]=1399.65
dp[19][395]=1477.41
Select best dp
Best k=2
dp[2][395]=-1749.24
dp[3][395]=-2592.14
dp[4][395]=-3131.3
dp[5][395]=-3494.04
dp[6][395]=-3749.21
dp[7][395]=-3973.24
dp[8][395]=-4143.45
dp[9][395]=-4284.93
dp[10][395]=-4388.67
dp[11][395]=-4487.62
dp[12][395]=-4556.04
dp[13][395]=-4620.81
dp[14][395]=-4683.89
dp[15][395]=-4736.83
dp[16][395]=-4775.02
dp[17][395]=-4808.05
dp[18][395]=-4802.91
dp[19][395]=-4765.45
Select best dp
Best k=17
dp[2][395]=-796.859
dp[3][395]=-1179.43
dp[4][395]=-1410.13
dp[5][395]=-1552.62
dp[6][395]=-1641.33
dp[7][395]=-1714.47
dp[8][395]=-1760.69
dp[9][395]=-1792.55
dp[10][395]=-1805.54
dp[11][395]=-1816.14
dp[12][395]=-1811.47
dp[13][395]=-1804.98
dp[14][395]=-1797.63
dp[15][395]=-1785.23
dp[16][395]=-1765.44
dp[17][395]=-1743.08
dp[18][395]=-1701.63
dp[19][395]=-1644.02
Select best dp
Best k=11
dp[2][395]=-973.108
dp[3][395]=-1241.55
dp[4][395]=-1374.09
dp[5][395]=-1458.37
dp[6][395]=-1517.54
dp[7][395]=-1557.39
dp[8][395]=-1546.55
dp[9][395]=-1530.41
dp[10][395]=-1513.44
dp[11][395]=-1492.83
dp[12][395]=-1465.47
dp[13][395]=-1431.71
dp[14][395]=-1392.88
dp[15][395]=-1349.39
dp[16][395]=-1308.21
dp[17][395]=-1262.86
dp[18][395]=-1191.08
dp[19][395]=-1115.26
Select best dp
Best k=7
Stratifying 6-th numerical feature ...
dp[2][395]=-704.739
dp[3][395]=-1011.31
dp[4][395]=-1185.97
dp[5][395]=-1304.51
dp[6][395]=-1391.89
dp[7][395]=-1447.6
dp[8][395]=-1493.78
dp[9][395]=-1535.87
dp[10][395]=-1547.27
dp[11][395]=-1556.12
dp[12][395]=-1557.55
dp[13][395]=-1554.93
dp[14][395]=-1538.92
dp[15][395]=-1519.49
dp[16][395]=-1499.17
dp[17][395]=-1473.55
dp[18][395]=-1444.07
dp[19][395]=-1409.51
Select best dp
Best k=12
Stratifying 5-th numerical feature ...
dp[2][395]=-876.864
dp[3][395]=-1294.2
dp[4][395]=-1528.3
dp[5][395]=-1665.2
dp[6][395]=-1775.39
dp[7][395]=-1851.31
dp[8][395]=-1903.41
dp[9][395]=-1942.2
dp[10][395]=-1963.37
dp[11][395]=-1981.97
dp[12][395]=-1981.65
dp[13][395]=-1978.37
dp[14][395]=-1971.64
dp[15][395]=-1962.37
dp[16][395]=-1952.99
dp[17][395]=-1943.09
dp[18][395]=-1902.73
dp[19][395]=-1858.52
Select best dp
Best k=11
dp[2][395]=-704.739
dp[3][395]=-1011.31
dp[4][395]=-1185.97
dp[5][395]=-1304.51
dp[6][395]=-1391.89
dp[7][395]=-1447.6
dp[8][395]=-1493.78
dp[9][395]=-1535.87
dp[10][395]=-1547.27
dp[11][395]=-1556.12
dp[12][395]=-1557.55
dp[13][395]=-1554.93
dp[14][395]=-1538.92
dp[15][395]=-1519.49
dp[16][395]=-1499.17
dp[17][395]=-1473.55
dp[18][395]=-1444.07
dp[19][395]=-1409.51
Select best dp
Best k=12
Stratifying 5-th numerical feature ...
dp[2][395]=-320.671
dp[3][395]=-473.079
dp[4][395]=-549.551
dp[5][395]=-581.915
dp[6][395]=-587.389
dp[7][395]=-585.079
dp[8][395]=-569.313
dp[9][395]=-546.363
dp[10][395]=-513.98
dp[11][395]=-480.399
dp[12][395]=-439.185
dp[13][395]=-397.058
dp[14][395]=-354.508
dp[15][395]=-309.426
dp[16][395]=-260.654
dp[17][395]=-210.594
dp[18][395]=-150.989
dp[19][395]=-83.305
Select best dp
Best k=6
dp[2][395]=-1570.44
dp[3][395]=-1989.08
dp[4][395]=-2287.99
dp[5][395]=-2453.43
dp[6][395]=-2612.19
dp[7][395]=-2721.37
dp[8][395]=-2785.44
dp[9][395]=-2815.1
dp[10][395]=-2839.94
dp[11][395]=-2860.11
dp[12][395]=-2878.59
dp[13][395]=-2890.35
dp[14][395]=-2887.13
dp[15][395]=-2881.11
dp[16][395]=-2872.14
dp[17][395]=-2860.08
dp[18][395]=-2848.15
dp[19][395]=-2836.09
Select best dp
Best k=13
Stratifying 6-th numerical feature ...
dp[2][395]=-1570.44
dp[3][395]=-1989.08
dp[4][395]=-2287.99
dp[5][395]=-2453.43
dp[6][395]=-2612.19
dp[7][395]=-2721.37
dp[8][395]=-2785.44
dp[9][395]=-2815.1
dp[10][395]=-2839.94
dp[11][395]=-2860.11
dp[12][395]=-2878.18
dp[13][395]=-2889.94
dp[14][395]=-2886.72
dp[15][395]=-2880.7
dp[16][395]=-2871.74
dp[17][395]=-2859.68
dp[18][395]=-2847.74
dp[19][395]=-2835.68
Select best dp
Best k=13
Stratifying 6-th numerical feature ...
dp[2][395]=-796.859
dp[3][395]=-1179.43
dp[4][395]=-1410.13
dp[5][395]=-1552.62
dp[6][395]=-1641.33
dp[7][395]=-1714.47
dp[8][395]=-1760.69
dp[9][395]=-1792.55
dp[10][395]=-1805.54
dp[11][395]=-1816.14
dp[12][395]=-1826.12
dp[13][395]=-1821.45
dp[14][395]=-1814.96
dp[15][395]=-1807.62
dp[16][395]=-1796.39
dp[17][395]=-1776.68
dp[18][395]=-1754.98
dp[19][395]=-1722.85
Select best dp
Best k=12
dp[2][395]=-796.859
dp[3][395]=-1179.43
dp[4][395]=-1410.13
dp[5][395]=-1552.62
dp[6][395]=-1641.33
dp[7][395]=-1714.47
dp[8][395]=-1760.69
dp[9][395]=-1792.55
dp[10][395]=-1805.54
dp[11][395]=-1816.14
dp[12][395]=-1819.52
dp[13][395]=-1814.85
dp[14][395]=-1808.36
dp[15][395]=-1801.02
dp[16][395]=-1789.79
dp[17][395]=-1771.07
dp[18][395]=-1749.37
dp[19][395]=-1716.65
Select best dp
Best k=12
