Standardize ...
Stratifying 1-th numerical feature ...
Standardize ...
Stratifying 1-th numerical feature ...
Standardize ...
Stratifying 1-th numerical feature ...
Standardize ...
Stratifying 1-th numerical feature ...
Standardize ...
Stratifying 1-th numerical feature ...
Standardize ...
Stratifying 1-th numerical feature ...
Standardize ...
Stratifying 1-th numerical feature ...
Standardize ...
Stratifying 1-th numerical feature ...
Standardize ...
Stratifying 1-th numerical feature ...
Standardize ...
Stratifying 1-th numerical feature ...
Standardize ...
Stratifying 1-th numerical feature ...
Standardize ...
Stratifying 1-th numerical feature ...
Standardize ...
Stratifying 1-th numerical feature ...
Standardize ...
Stratifying 1-th numerical feature ...
dp[2][620]=-362.269
dp[3][620]=-634.21
dp[4][620]=-710.834
dp[5][620]=-732.678
dp[6][620]=-737.226
dp[7][620]=-677.682
dp[8][620]=-587.071
dp[9][620]=-495.713
dp[10][620]=-380.505
dp[11][620]=-241.307
dp[12][620]=-93.9976
dp[13][620]=63.5767
dp[14][620]=221.174
dp[15][620]=401.229
dp[16][620]=605.522
Select best dp
Best k=6
Stratifying 2-th numerical feature ...
dp[2][620]=-1239.05
dp[3][620]=-2040.18
dp[4][620]=-2450.68
dp[5][620]=-2751.62
dp[6][620]=-3017.97
dp[7][620]=-3156.14
dp[8][620]=-3232.17
dp[9][620]=-3306.7
dp[10][620]=-3333.54
dp[11][620]=-3314.93
dp[12][620]=-3277.57
dp[13][620]=-3219.67
dp[14][620]=-3161.73
dp[15][620]=-3078.84
dp[16][620]=-2984.12
dp[17][620]=-2880.8
dp[18][620]=-2770.02
dp[19][620]=-2658.59
dp[20][620]=-2536.53
dp[21][620]=-2402.64
dp[22][620]=-2263.91
dp[23][620]=-2076.25
dp[24][620]=-1888.53
Select best dp
Best k=10
Stratifying 2-th numerical feature ...
dp[2][620]=-362.269
dp[3][620]=-634.21
dp[4][620]=-710.834
dp[5][620]=-732.678
dp[6][620]=-737.226
dp[7][620]=-677.682
dp[8][620]=-587.071
dp[9][620]=-495.713
dp[10][620]=-380.505
dp[11][620]=-242.575
dp[12][620]=-95.265
dp[13][620]=62.3093
dp[14][620]=219.906
dp[15][620]=389.977
dp[16][620]=565.967
dp[17][620]=746.255
dp[18][620]=930.267
dp[19][620]=1114.61
dp[20][620]=1304.27
dp[21][620]=1499.84
dp[22][620]=1697.83
dp[23][620]=1920.29
dp[24][620]=2142.77
Select best dp
Best k=6
dp[2][620]=-362.269
dp[3][620]=-634.21
dp[4][620]=-710.834
dp[5][620]=-732.678
dp[6][620]=-737.226
dp[7][620]=-677.682
dp[8][620]=-587.071
dp[9][620]=-495.713
dp[10][620]=-380.505
dp[11][620]=-242.575
dp[12][620]=-95.265
dp[13][620]=62.3093
dp[14][620]=219.906
dp[15][620]=389.977
dp[16][620]=565.967
dp[17][620]=746.255
dp[18][620]=930.267
dp[19][620]=1114.61
dp[20][620]=1304.27
dp[21][620]=1499.84
dp[22][620]=1697.83
dp[23][620]=1920.29
dp[24][620]=2142.77
Select best dp
Best k=6
Stratifying 2-th numerical feature ...
Stratifying 2-th numerical feature ...
dp[2][620]=-362.269
dp[3][620]=-1.2e+11
dp[4][620]=-1.2e+11
dp[5][620]=-1.2e+11
dp[6][620]=-1.2e+11
dp[7][620]=-1.2e+11
dp[8][620]=-1.2e+11
dp[9][620]=-1.2e+11
dp[10][620]=-1.2e+11
dp[11][620]=-1.2e+11
dp[12][620]=-1.2e+11
dp[13][620]=-1.2e+11
dp[14][620]=-1.2e+11
dp[15][620]=-1.2e+11
dp[16][620]=-1.2e+11
dp[17][620]=-1.2e+11
dp[18][620]=-1.2e+11
dp[19][620]=-1.2e+11
dp[20][620]=-1.2e+11
dp[21][620]=-1.2e+11
dp[22][620]=-1.2e+11
dp[23][620]=-1.2e+11
dp[24][620]=-1.2e+11
Select best dp
Best k=6
Stratifying 2-th numerical feature ...
dp[2][620]=-680.547
dp[3][620]=-965.936
dp[4][620]=-1066.36
dp[5][620]=-1112.54
dp[6][620]=-1081.99
dp[7][620]=-1021.43
dp[8][620]=-936.477
dp[9][620]=-831.334
dp[10][620]=-719.674
dp[11][620]=-605.437
dp[12][620]=-482.458
dp[13][620]=-338.239
dp[14][620]=-192.522
dp[15][620]=-16.1342
dp[16][620]=177.943
Select best dp
Best k=5
Stratifying 3-th numerical feature ...
dp[2][620]=-362.269
dp[3][620]=-634.21
dp[4][620]=-710.834
dp[5][620]=-732.678
dp[6][620]=-737.226
dp[7][620]=-677.682
dp[8][620]=-587.071
dp[9][620]=-495.713
dp[10][620]=-380.505
dp[11][620]=-242.575
dp[12][620]=-95.265
dp[13][620]=62.3093
dp[14][620]=219.906
dp[15][620]=389.977
dp[16][620]=565.967
dp[17][620]=746.255
dp[18][620]=930.267
dp[19][620]=1114.61
dp[20][620]=1304.27
dp[21][620]=1499.84
dp[22][620]=1697.83
dp[23][620]=1920.29
dp[24][620]=2142.77
Select best dp
Best k=6
Stratifying 2-th numerical feature ...
dp[2][620]=-362.269
dp[3][620]=-634.21
dp[4][620]=-710.834
dp[5][620]=-732.678
dp[6][620]=-737.226
dp[7][620]=-677.682
dp[8][620]=-587.071
dp[9][620]=-495.713
dp[10][620]=-380.505
dp[11][620]=-242.575
dp[12][620]=-95.265
dp[13][620]=62.3093
dp[14][620]=219.906
dp[15][620]=389.977
dp[16][620]=565.967
dp[17][620]=746.255
dp[18][620]=930.267
dp[19][620]=1114.61
dp[20][620]=1304.27
dp[21][620]=1499.84
dp[22][620]=1697.83
dp[23][620]=1920.29
dp[24][620]=2142.77
Select best dp
Best k=6
Stratifying 2-th numerical feature ...
dp[2][620]=514.506
dp[3][620]=771.76
dp[4][620]=1029.01
dp[5][620]=1286.27
dp[6][620]=1543.52
dp[7][620]=1800.77
dp[8][620]=2058.03
dp[9][620]=2315.28
dp[10][620]=2572.53
dp[11][620]=2829.79
dp[12][620]=3087.04
dp[13][620]=3344.29
dp[14][620]=3601.55
dp[15][620]=3858.8
dp[16][620]=4116.05
dp[17][620]=4373.31
dp[18][620]=4630.56
dp[19][620]=4887.81
dp[20][620]=5145.06
dp[21][620]=5402.32
dp[22][620]=5659.57
dp[23][620]=5916.82
dp[24][620]=6174.08
Select best dp
Best k=2
dp[2][620]=-362.269
dp[3][620]=-634.21
dp[4][620]=-710.834
dp[5][620]=-732.678
dp[6][620]=-737.226
dp[7][620]=-677.682
dp[8][620]=-587.071
dp[9][620]=-495.713
dp[10][620]=-380.505
dp[11][620]=-242.575
dp[12][620]=-95.265
dp[13][620]=62.3093
dp[14][620]=219.906
dp[15][620]=389.977
dp[16][620]=565.967
dp[17][620]=746.255
dp[18][620]=930.267
dp[19][620]=1114.61
dp[20][620]=1304.27
dp[21][620]=1499.84
dp[22][620]=1697.83
dp[23][620]=1920.29
dp[24][620]=2142.77
Select best dp
Best k=6
dp[2][620]=-362.269
dp[3][620]=-634.21
dp[4][620]=-710.834
dp[5][620]=-732.678
dp[6][620]=-737.226
dp[7][620]=-677.682
dp[8][620]=-587.071
dp[9][620]=-495.713
dp[10][620]=-380.505
dp[11][620]=-242.575
dp[12][620]=-95.265
dp[13][620]=62.3093
dp[14][620]=219.906
dp[15][620]=389.977
dp[16][620]=565.967
dp[17][620]=746.255
dp[18][620]=930.267
dp[19][620]=1114.61
dp[20][620]=1304.27
dp[21][620]=1499.84
dp[22][620]=1697.83
dp[23][620]=1920.29
dp[24][620]=2142.77
Select best dp
Best k=6
Stratifying 2-th numerical feature ...
Stratifying 2-th numerical feature ...
Stratifying 2-th numerical feature ...
dp[2][620]=-1875.6
dp[3][620]=-2703.63
dp[4][620]=-3161.74
dp[5][620]=-3511.35
dp[6][620]=-3707.5
dp[7][620]=-3843.64
dp[8][620]=-3930.98
dp[9][620]=-3977.95
dp[10][620]=-4026.1
dp[11][620]=-4065.74
dp[12][620]=-4094.51
dp[13][620]=-4113.47
dp[14][620]=-4084.71
dp[15][620]=-4033.21
dp[16][620]=-3960.1
dp[17][620]=-3867.31
dp[18][620]=-3756.42
dp[19][620]=-3635.87
dp[20][620]=-3507.46
dp[21][620]=-3372.76
dp[22][620]=-3215.95
dp[23][620]=-2997.31
dp[24][620]=-2700.31
Select best dp
Best k=13
Stratifying 3-th numerical feature ...
dp[2][620]=-680.547
dp[3][620]=-965.936
dp[4][620]=-1066.36
dp[5][620]=-1112.54
dp[6][620]=-1081.99
dp[7][620]=-1021.43
dp[8][620]=-936.477
dp[9][620]=-831.334
dp[10][620]=-726.783
dp[11][620]=-617.975
dp[12][620]=-503.738
dp[13][620]=-384.589
dp[14][620]=-241.581
dp[15][620]=-87.2051
dp[16][620]=77.9737
dp[17][620]=252.999
dp[18][620]=437.069
dp[19][620]=625.971
dp[20][620]=818.8
dp[21][620]=1014.78
dp[22][620]=1221.81
dp[23][620]=1459.76
dp[24][620]=1736.89
Select best dp
Best k=5
dp[2][620]=-680.547
dp[3][620]=-965.936
dp[4][620]=-1066.36
dp[5][620]=-1112.54
dp[6][620]=-1081.99
dp[7][620]=-1021.43
dp[8][620]=-936.477
dp[9][620]=-831.334
dp[10][620]=-726.783
dp[11][620]=-617.975
dp[12][620]=-503.738
dp[13][620]=-384.589
dp[14][620]=-241.581
dp[15][620]=-87.2051
dp[16][620]=77.9737
dp[17][620]=252.999
dp[18][620]=437.069
dp[19][620]=625.971
dp[20][620]=818.8
dp[21][620]=1014.78
dp[22][620]=1221.81
dp[23][620]=1459.76
dp[24][620]=1736.89
Select best dp
Best k=5
Stratifying 3-th numerical feature ...
Stratifying 3-th numerical feature ...
dp[2][620]=76.1185
dp[3][620]=68.775
dp[4][620]=159.089
dp[5][620]=276.794
dp[6][620]=403.147
dp[7][620]=561.545
dp[8][620]=735.478
dp[9][620]=909.783
dp[10][620]=1096.01
dp[11][620]=1293.61
dp[12][620]=1495.89
dp[13][620]=1703.3
dp[14][620]=1910.73
dp[15][620]=2124.39
dp[16][620]=2341.01
dp[17][620]=2559.78
dp[18][620]=2780.41
dp[19][620]=3001.21
dp[20][620]=3224.67
dp[21][620]=3451.08
dp[22][620]=3678.7
dp[23][620]=3918.56
dp[24][620]=4158.43
Select best dp
Best k=3
Stratifying 2-th numerical feature ...
dp[2][620]=-6.6e+11
dp[3][620]=-6.6e+11
dp[4][620]=-6.6e+11
dp[5][620]=-6.6e+11
dp[6][620]=-6.6e+11
dp[7][620]=-6.6e+11
dp[8][620]=-6.6e+11
dp[9][620]=-6.6e+11
dp[10][620]=-6.6e+11
dp[11][620]=-6.6e+11
dp[12][620]=-6.6e+11
dp[13][620]=-6.6e+11
dp[14][620]=-6.6e+11
dp[15][620]=-6.6e+11
dp[16][620]=-6.6e+11
Select best dp
Best k=6
Stratifying 4-th numerical feature ...
dp[2][620]=-362.269
dp[3][620]=-1.2e+11
dp[4][620]=-1.2e+11
dp[5][620]=-1.2e+11
dp[6][620]=-1.2e+11
dp[7][620]=-1.2e+11
dp[8][620]=-1.2e+11
dp[9][620]=-1.2e+11
dp[10][620]=-1.2e+11
dp[11][620]=-1.2e+11
dp[12][620]=-1.2e+11
dp[13][620]=-1.2e+11
dp[14][620]=-1.2e+11
dp[15][620]=-1.2e+11
dp[16][620]=-1.2e+11
dp[17][620]=-1.2e+11
dp[18][620]=-1.2e+11
dp[19][620]=-1.2e+11
dp[20][620]=-1.2e+11
dp[21][620]=-1.2e+11
dp[22][620]=-1.2e+11
dp[23][620]=-1.2e+11
dp[24][620]=-1.2e+11
Select best dp
Best k=6
Stratifying 2-th numerical feature ...
dp[2][620]=-1.32e+12
dp[3][620]=-1.9e+12
dp[4][620]=-1.94e+12
dp[5][620]=-2.52e+12
dp[6][620]=-2.52e+12
dp[7][620]=-3.1e+12
dp[8][620]=-3.1e+12
dp[9][620]=-3.62e+12
dp[10][620]=-3.62e+12
dp[11][620]=-3.62e+12
dp[12][620]=-3.62e+12
dp[13][620]=-3.62e+12
dp[14][620]=-3.62e+12
dp[15][620]=-3.62e+12
dp[16][620]=-3.62e+12
dp[17][620]=-3.62e+12
dp[18][620]=-3.62e+12
dp[19][620]=-3.62e+12
dp[20][620]=-3.62e+12
dp[21][620]=-3.62e+12
dp[22][620]=-3.56e+12
dp[23][620]=-3.48e+12
dp[24][620]=-2.92e+12
Select best dp
Best k=15
Stratifying 4-th numerical feature ...
dp[2][620]=-1.5e+11
dp[3][620]=-2.1e+11
dp[4][620]=-3.6e+11
dp[5][620]=-4e+11
dp[6][620]=-5.5e+11
dp[7][620]=-5.8e+11
dp[8][620]=-7.3e+11
dp[9][620]=-7.3e+11
dp[10][620]=-8.7e+11
dp[11][620]=-8.7e+11
dp[12][620]=-1.01e+12
dp[13][620]=-1.01e+12
dp[14][620]=-1.12e+12
dp[15][620]=-1.12e+12
dp[16][620]=-1.23e+12
dp[17][620]=-1.23e+12
dp[18][620]=-1.34e+12
dp[19][620]=-1.34e+12
dp[20][620]=-1.45e+12
dp[21][620]=-1.45e+12
dp[22][620]=-1.55e+12
dp[23][620]=-1.55e+12
dp[24][620]=-1.55e+12
Select best dp
Best k=22
Stratifying 3-th numerical feature ...
dp[2][620]=-6.6e+11
dp[3][620]=-9.5e+11
dp[4][620]=-9.7e+11
dp[5][620]=-1.26e+12
dp[6][620]=-1.26e+12
dp[7][620]=-1.55e+12
dp[8][620]=-1.55e+12
dp[9][620]=-1.81e+12
dp[10][620]=-1.81e+12
dp[11][620]=-1.81e+12
dp[12][620]=-1.81e+12
dp[13][620]=-1.81e+12
dp[14][620]=-1.81e+12
dp[15][620]=-1.81e+12
dp[16][620]=-1.81e+12
dp[17][620]=-1.81e+12
dp[18][620]=-1.81e+12
dp[19][620]=-1.81e+12
dp[20][620]=-1.81e+12
dp[21][620]=-1.81e+12
dp[22][620]=-1.78e+12
dp[23][620]=-1.74e+12
dp[24][620]=-1.46e+12
Select best dp
Best k=11
Stratifying 4-th numerical feature ...
dp[2][620]=-6.6e+11
dp[3][620]=-9.5e+11
dp[4][620]=-9.7e+11
dp[5][620]=-1.26e+12
dp[6][620]=-1.26e+12
dp[7][620]=-1.55e+12
dp[8][620]=-1.55e+12
dp[9][620]=-1.81e+12
dp[10][620]=-1.81e+12
dp[11][620]=-1.81e+12
dp[12][620]=-1.81e+12
dp[13][620]=-1.81e+12
dp[14][620]=-1.81e+12
dp[15][620]=-1.81e+12
dp[16][620]=-1.81e+12
dp[17][620]=-1.81e+12
dp[18][620]=-1.81e+12
dp[19][620]=-1.81e+12
dp[20][620]=-1.81e+12
dp[21][620]=-1.81e+12
dp[22][620]=-1.78e+12
dp[23][620]=-1.74e+12
dp[24][620]=-1.46e+12
Select best dp
Best k=11
Stratifying 4-th numerical feature ...
dp[2][620]=-3.5e+12
dp[3][620]=-4.18e+12
dp[4][620]=-4.58e+12
dp[5][620]=-4.58e+12
dp[6][620]=-4.58e+12
dp[7][620]=-4.58e+12
dp[8][620]=-4.58e+12
dp[9][620]=-4.58e+12
dp[10][620]=-4.58e+12
dp[11][620]=-4.58e+12
dp[12][620]=-4.58e+12
dp[13][620]=-4.58e+12
dp[14][620]=-4.58e+12
dp[15][620]=-4.58e+12
dp[16][620]=-4.21e+12
Select best dp
Best k=4
Stratifying 5-th numerical feature ...
dp[2][620]=-362.269
dp[3][620]=-1.2e+11
dp[4][620]=-1.2e+11
dp[5][620]=-2.1e+11
dp[6][620]=-2.2e+11
dp[7][620]=-2.8e+11
dp[8][620]=-3.1e+11
dp[9][620]=-3.4e+11
dp[10][620]=-3.8e+11
dp[11][620]=-4e+11
dp[12][620]=-4.4e+11
dp[13][620]=-4.6e+11
dp[14][620]=-5e+11
dp[15][620]=-5.1e+11
dp[16][620]=-5.6e+11
dp[17][620]=-5.6e+11
dp[18][620]=-6.1e+11
dp[19][620]=-6.1e+11
dp[20][620]=-6.6e+11
dp[21][620]=-6.6e+11
dp[22][620]=-7.1e+11
dp[23][620]=-7.1e+11
dp[24][620]=-7.5e+11
Select best dp
Best k=24
Stratifying 2-th numerical feature ...
dp[2][620]=-680.547
dp[3][620]=-965.936
dp[4][620]=-1066.36
dp[5][620]=-1112.54
dp[6][620]=-1081.99
dp[7][620]=-1021.43
dp[8][620]=-936.477
dp[9][620]=-831.334
dp[10][620]=-726.783
dp[11][620]=-617.975
dp[12][620]=-503.738
dp[13][620]=-384.589
dp[14][620]=-241.581
dp[15][620]=-87.2051
dp[16][620]=77.9737
dp[17][620]=252.999
dp[18][620]=437.069
dp[19][620]=625.971
dp[20][620]=818.8
dp[21][620]=1014.78
dp[22][620]=1221.81
dp[23][620]=1459.76
dp[24][620]=1736.89
Select best dp
Best k=5
Stratifying 3-th numerical feature ...
dp[2][620]=-7e+12
dp[3][620]=-8.36e+12
dp[4][620]=-9.16e+12
dp[5][620]=-9.7e+12
dp[6][620]=-9.7e+12
dp[7][620]=-9.7e+12
dp[8][620]=-9.7e+12
dp[9][620]=-9.7e+12
dp[10][620]=-9.7e+12
dp[11][620]=-9.7e+12
dp[12][620]=-9.7e+12
dp[13][620]=-9.7e+12
dp[14][620]=-9.7e+12
dp[15][620]=-9.7e+12
dp[16][620]=-9.7e+12
dp[17][620]=-9.7e+12
dp[18][620]=-9.7e+12
dp[19][620]=-9.7e+12
dp[20][620]=-9.7e+12
dp[21][620]=-9.7e+12
dp[22][620]=-9.7e+12
dp[23][620]=-9.7e+12
dp[24][620]=-9.2e+12
Select best dp
Best k=7
Stratifying 5-th numerical feature ...
dp[2][620]=514.506
dp[3][620]=771.76
dp[4][620]=1029.01
dp[5][620]=1286.27
dp[6][620]=1543.52
dp[7][620]=1800.77
dp[8][620]=2058.03
dp[9][620]=2315.28
dp[10][620]=2572.53
dp[11][620]=2829.79
dp[12][620]=3087.04
dp[13][620]=3344.29
dp[14][620]=3601.55
dp[15][620]=3858.8
dp[16][620]=4116.05
dp[17][620]=4373.31
dp[18][620]=4630.56
dp[19][620]=4887.81
dp[20][620]=5145.06
dp[21][620]=5402.32
dp[22][620]=5659.57
dp[23][620]=5916.82
dp[24][620]=6174.08
Select best dp
Best k=2
dp[2][620]=-3.5e+12
dp[3][620]=-4.18e+12
dp[4][620]=-4.58e+12
dp[5][620]=-4.85e+12
dp[6][620]=-4.85e+12
dp[7][620]=-4.85e+12
dp[8][620]=-4.85e+12
dp[9][620]=-4.85e+12
dp[10][620]=-4.85e+12
dp[11][620]=-4.85e+12
dp[12][620]=-4.85e+12
dp[13][620]=-4.85e+12
dp[14][620]=-4.85e+12
dp[15][620]=-4.85e+12
dp[16][620]=-4.85e+12
dp[17][620]=-4.85e+12
dp[18][620]=-4.85e+12
dp[19][620]=-4.85e+12
dp[20][620]=-4.85e+12
dp[21][620]=-4.85e+12
dp[22][620]=-4.85e+12
dp[23][620]=-4.85e+12
dp[24][620]=-4.6e+12
Select best dp
Best k=5
dp[2][620]=-680.547
dp[3][620]=-965.936
dp[4][620]=-1066.36
dp[5][620]=-1112.54
dp[6][620]=-1081.99
dp[7][620]=-1021.43
dp[8][620]=-936.477
dp[9][620]=-831.334
dp[10][620]=-726.783
dp[11][620]=-617.975
dp[12][620]=-503.738
dp[13][620]=-384.589
dp[14][620]=-241.581
dp[15][620]=-87.2051
dp[16][620]=77.9737
dp[17][620]=252.999
dp[18][620]=437.069
dp[19][620]=625.971
dp[20][620]=818.8
dp[21][620]=1014.78
dp[22][620]=1221.81
dp[23][620]=1459.76
dp[24][620]=1736.89
Select best dp
Best k=5
Stratifying 3-th numerical feature ...
Stratifying 3-th numerical feature ...
Stratifying 5-th numerical feature ...
dp[2][620]=-1.22e+12
dp[3][620]=-1.22e+12
dp[4][620]=-1.22e+12
dp[5][620]=-1.22e+12
dp[6][620]=-1.22e+12
dp[7][620]=-1.22e+12
dp[8][620]=-1.22e+12
dp[9][620]=-1.22e+12
dp[10][620]=-1.22e+12
dp[11][620]=-1.22e+12
dp[12][620]=-1.22e+12
dp[13][620]=-1.22e+12
dp[14][620]=-1.22e+12
dp[15][620]=-1.22e+12
dp[16][620]=-1.22e+12
Select best dp
Best k=5
Stratifying 6-th numerical feature ...
dp[2][620]=-680.547
dp[3][620]=-965.936
dp[4][620]=-1066.36
dp[5][620]=-1112.54
dp[6][620]=-1081.99
dp[7][620]=-1021.43
dp[8][620]=-936.477
dp[9][620]=-831.334
dp[10][620]=-726.783
dp[11][620]=-617.975
dp[12][620]=-503.738
dp[13][620]=-384.589
dp[14][620]=-241.581
dp[15][620]=-87.2051
dp[16][620]=77.9737
dp[17][620]=252.999
dp[18][620]=437.069
dp[19][620]=625.971
dp[20][620]=818.8
dp[21][620]=1014.78
dp[22][620]=1221.81
dp[23][620]=1459.76
dp[24][620]=1736.89
Select best dp
Best k=5
dp[2][620]=-680.547
dp[3][620]=-965.936
dp[4][620]=-1066.36
dp[5][620]=-1112.54
dp[6][620]=-1081.99
dp[7][620]=-1021.43
dp[8][620]=-936.477
dp[9][620]=-831.334
dp[10][620]=-726.783
dp[11][620]=-617.975
dp[12][620]=-503.738
dp[13][620]=-384.589
dp[14][620]=-241.581
dp[15][620]=-87.2051
dp[16][620]=77.9737
dp[17][620]=252.999
dp[18][620]=437.069
dp[19][620]=625.971
dp[20][620]=818.8
dp[21][620]=1014.78
dp[22][620]=1221.81
dp[23][620]=1459.76
dp[24][620]=1736.89
Select best dp
Best k=5
Stratifying 3-th numerical feature ...
Stratifying 3-th numerical feature ...
dp[2][620]=-83.0202
dp[3][620]=-97.088
dp[4][620]=-18.674
dp[5][620]=86.861
dp[6][620]=230.765
dp[7][620]=389.67
dp[8][620]=560.774
dp[9][620]=741.972
dp[10][620]=922.875
dp[11][620]=1105.91
dp[12][620]=1291.65
dp[13][620]=1479.85
dp[14][620]=1679.98
dp[15][620]=1885.8
dp[16][620]=2097.01
dp[17][620]=2313.15
dp[18][620]=2533.81
dp[19][620]=2756.89
dp[20][620]=2981.93
dp[21][620]=3208.55
dp[22][620]=3440.69
dp[23][620]=3688.29
dp[24][620]=3955.48
Select best dp
Best k=3
Stratifying 3-th numerical feature ...
dp[2][620]=-3.5e+12
dp[3][620]=-4.18e+12
dp[4][620]=-4.58e+12
dp[5][620]=-4.85e+12
dp[6][620]=-4.85e+12
dp[7][620]=-4.85e+12
dp[8][620]=-4.85e+12
dp[9][620]=-4.85e+12
dp[10][620]=-4.85e+12
dp[11][620]=-4.85e+12
dp[12][620]=-4.85e+12
dp[13][620]=-4.85e+12
dp[14][620]=-4.85e+12
dp[15][620]=-4.85e+12
dp[16][620]=-4.85e+12
dp[17][620]=-4.85e+12
dp[18][620]=-4.85e+12
dp[19][620]=-4.85e+12
dp[20][620]=-4.85e+12
dp[21][620]=-4.85e+12
dp[22][620]=-4.85e+12
dp[23][620]=-4.85e+12
dp[24][620]=-4.6e+12
Select best dp
Best k=5
Stratifying 5-th numerical feature ...
dp[2][620]=-6.6e+11
dp[3][620]=-9.5e+11
dp[4][620]=-1.16e+12
dp[5][620]=-1.4e+12
dp[6][620]=-1.6e+12
dp[7][620]=-1.71e+12
dp[8][620]=-1.89e+12
dp[9][620]=-2e+12
dp[10][620]=-2.16e+12
dp[11][620]=-2.28e+12
dp[12][620]=-2.42e+12
dp[13][620]=-2.54e+12
dp[14][620]=-2.66e+12
dp[15][620]=-2.78e+12
dp[16][620]=-2.82e+12
dp[17][620]=-2.94e+12
dp[18][620]=-2.97e+12
dp[19][620]=-3.09e+12
dp[20][620]=-3.09e+12
dp[21][620]=-3.21e+12
dp[22][620]=-3.21e+12
dp[23][620]=-3.33e+12
dp[24][620]=-3.33e+12
Select best dp
Best k=23
Stratifying 4-th numerical feature ...
dp[2][620]=183.868
dp[3][620]=-139.661
dp[4][620]=-248.932
dp[5][620]=-295.334
dp[6][620]=-305.409
dp[7][620]=-260.093
dp[8][620]=-183.499
dp[9][620]=-99.5574
dp[10][620]=5.66832
dp[11][620]=137.986
dp[12][620]=273.079
dp[13][620]=420.96
dp[14][620]=572.762
dp[15][620]=737.482
dp[16][620]=903.458
dp[17][620]=1079.22
dp[18][620]=1256.71
dp[19][620]=1434.4
dp[20][620]=1616.32
dp[21][620]=1799.99
dp[22][620]=1987.5
dp[23][620]=2202.8
dp[24][620]=2418.5
Select best dp
Best k=6
Stratifying 2-th numerical feature ...
dp[2][620]=-2.68e+12
dp[3][620]=-2.68e+12
dp[4][620]=-2.68e+12
dp[5][620]=-2.68e+12
dp[6][620]=-2.68e+12
dp[7][620]=-2.68e+12
dp[8][620]=-2.68e+12
dp[9][620]=-2.68e+12
dp[10][620]=-2.68e+12
dp[11][620]=-2.68e+12
dp[12][620]=-2.68e+12
dp[13][620]=-2.68e+12
dp[14][620]=-2.68e+12
dp[15][620]=-2.68e+12
dp[16][620]=-2.68e+12
Select best dp
Best k=5
dp[2][620]=-2.44e+12
dp[3][620]=-2.44e+12
dp[4][620]=-3.08e+12
dp[5][620]=-3.08e+12
dp[6][620]=-3.72e+12
dp[7][620]=-3.72e+12
dp[8][620]=-4.34e+12
dp[9][620]=-4.34e+12
dp[10][620]=-4.92e+12
dp[11][620]=-4.92e+12
dp[12][620]=-4.92e+12
dp[13][620]=-4.92e+12
dp[14][620]=-4.92e+12
dp[15][620]=-4.92e+12
dp[16][620]=-4.92e+12
dp[17][620]=-4.92e+12
dp[18][620]=-4.92e+12
dp[19][620]=-4.92e+12
dp[20][620]=-4.92e+12
dp[21][620]=-4.86e+12
dp[22][620]=-4.76e+12
dp[23][620]=-4.56e+12
dp[24][620]=-4.2e+12
Select best dp
Best k=13
Stratifying 6-th numerical feature ...
dp[2][620]=-1.22e+12
dp[3][620]=-1.22e+12
dp[4][620]=-1.54e+12
dp[5][620]=-1.54e+12
dp[6][620]=-1.86e+12
dp[7][620]=-1.86e+12
dp[8][620]=-2.17e+12
dp[9][620]=-2.17e+12
dp[10][620]=-2.46e+12
dp[11][620]=-2.46e+12
dp[12][620]=-2.46e+12
dp[13][620]=-2.46e+12
dp[14][620]=-2.46e+12
dp[15][620]=-2.46e+12
dp[16][620]=-2.46e+12
dp[17][620]=-2.46e+12
dp[18][620]=-2.46e+12
dp[19][620]=-2.46e+12
dp[20][620]=-2.46e+12
dp[21][620]=-2.43e+12
dp[22][620]=-2.38e+12
dp[23][620]=-2.28e+12
dp[24][620]=-2.1e+12
Select best dp
Best k=11
Stratifying 6-th numerical feature ...
dp[2][620]=-1.22e+12
dp[3][620]=-1.22e+12
dp[4][620]=-1.54e+12
dp[5][620]=-1.54e+12
dp[6][620]=-1.86e+12
dp[7][620]=-1.86e+12
dp[8][620]=-2.17e+12
dp[9][620]=-2.17e+12
dp[10][620]=-2.46e+12
dp[11][620]=-2.46e+12
dp[12][620]=-2.46e+12
dp[13][620]=-2.46e+12
dp[14][620]=-2.46e+12
dp[15][620]=-2.46e+12
dp[16][620]=-2.46e+12
dp[17][620]=-2.46e+12
dp[18][620]=-2.46e+12
dp[19][620]=-2.46e+12
dp[20][620]=-2.46e+12
dp[21][620]=-2.43e+12
dp[22][620]=-2.38e+12
dp[23][620]=-2.28e+12
dp[24][620]=-2.1e+12
Select best dp
Best k=11
Stratifying 6-th numerical feature ...
dp[2][620]=-6.6e+11
dp[3][620]=-9.5e+11
dp[4][620]=-9.7e+11
dp[5][620]=-1.26e+12
dp[6][620]=-1.26e+12
dp[7][620]=-1.55e+12
dp[8][620]=-1.55e+12
dp[9][620]=-1.81e+12
dp[10][620]=-1.81e+12
dp[11][620]=-1.81e+12
dp[12][620]=-1.81e+12
dp[13][620]=-1.81e+12
dp[14][620]=-1.81e+12
dp[15][620]=-1.81e+12
dp[16][620]=-1.81e+12
dp[17][620]=-1.81e+12
dp[18][620]=-1.81e+12
dp[19][620]=-1.81e+12
dp[20][620]=-1.81e+12
dp[21][620]=-1.81e+12
dp[22][620]=-1.78e+12
dp[23][620]=-1.74e+12
dp[24][620]=-1.46e+12
Select best dp
Best k=11
Stratifying 4-th numerical feature ...
dp[2][620]=-6.6e+11
dp[3][620]=-9.5e+11
dp[4][620]=-9.7e+11
dp[5][620]=-1.26e+12
dp[6][620]=-1.26e+12
dp[7][620]=-1.55e+12
dp[8][620]=-1.55e+12
dp[9][620]=-1.81e+12
dp[10][620]=-1.81e+12
dp[11][620]=-1.81e+12
dp[12][620]=-1.81e+12
dp[13][620]=-1.81e+12
dp[14][620]=-1.81e+12
dp[15][620]=-1.81e+12
dp[16][620]=-1.81e+12
dp[17][620]=-1.81e+12
dp[18][620]=-1.81e+12
dp[19][620]=-1.81e+12
dp[20][620]=-1.81e+12
dp[21][620]=-1.81e+12
dp[22][620]=-1.78e+12
dp[23][620]=-1.74e+12
dp[24][620]=-1.46e+12
Select best dp
Best k=11
Stratifying 4-th numerical feature ...
dp[2][620]=-1.5e+11
dp[3][620]=-2.1e+11
dp[4][620]=-3.6e+11
dp[5][620]=-4e+11
dp[6][620]=-5.5e+11
dp[7][620]=-5.8e+11
dp[8][620]=-7.3e+11
dp[9][620]=-7.3e+11
dp[10][620]=-8.7e+11
dp[11][620]=-8.7e+11
dp[12][620]=-1.01e+12
dp[13][620]=-1.01e+12
dp[14][620]=-1.1e+12
dp[15][620]=-1.1e+12
dp[16][620]=-1.1e+12
dp[17][620]=-1.1e+12
dp[18][620]=-1.1e+12
dp[19][620]=-1.1e+12
dp[20][620]=-1.1e+12
dp[21][620]=-1.1e+12
dp[22][620]=-1.1e+12
dp[23][620]=-1.1e+12
dp[24][620]=-1.1e+12
Select best dp
Best k=15
Stratifying 3-th numerical feature ...
dp[2][620]=514.506
dp[3][620]=771.76
dp[4][620]=1029.01
dp[5][620]=1286.27
dp[6][620]=1543.52
dp[7][620]=1800.77
dp[8][620]=2058.03
dp[9][620]=2315.28
dp[10][620]=2572.53
dp[11][620]=2829.79
dp[12][620]=3087.04
dp[13][620]=3344.29
dp[14][620]=3601.55
dp[15][620]=3858.8
dp[16][620]=4116.05
dp[17][620]=4373.31
dp[18][620]=4630.56
dp[19][620]=4887.81
dp[20][620]=5145.06
dp[21][620]=5402.32
dp[22][620]=5659.57
dp[23][620]=5916.82
dp[24][620]=6174.08
Select best dp
Best k=2
Stratifying 4-th numerical feature ...
dp[2][620]=-5.36e+12
dp[3][620]=-5.94e+12
dp[4][620]=-5.94e+12
dp[5][620]=-5.94e+12
dp[6][620]=-5.94e+12
dp[7][620]=-5.94e+12
dp[8][620]=-5.94e+12
dp[9][620]=-5.94e+12
dp[10][620]=-5.94e+12
dp[11][620]=-5.94e+12
dp[12][620]=-5.94e+12
dp[13][620]=-5.94e+12
dp[14][620]=-5.94e+12
dp[15][620]=-5.94e+12
dp[16][620]=-5.94e+12
dp[17][620]=-5.94e+12
dp[18][620]=-5.94e+12
dp[19][620]=-5.94e+12
dp[20][620]=-5.94e+12
dp[21][620]=-5.94e+12
dp[22][620]=-5.94e+12
dp[23][620]=-5.94e+12
dp[24][620]=-5.92e+12
Select best dp
Best k=9
dp[2][620]=-6.6e+11
dp[3][620]=-9.5e+11
dp[4][620]=-9.7e+11
dp[5][620]=-1.26e+12
dp[6][620]=-1.26e+12
dp[7][620]=-1.55e+12
dp[8][620]=-1.55e+12
dp[9][620]=-1.81e+12
dp[10][620]=-1.81e+12
dp[11][620]=-1.81e+12
dp[12][620]=-1.81e+12
dp[13][620]=-1.81e+12
dp[14][620]=-1.81e+12
dp[15][620]=-1.81e+12
dp[16][620]=-1.81e+12
dp[17][620]=-1.81e+12
dp[18][620]=-1.81e+12
dp[19][620]=-1.81e+12
dp[20][620]=-1.81e+12
dp[21][620]=-1.81e+12
dp[22][620]=-1.78e+12
dp[23][620]=-1.74e+12
dp[24][620]=-1.46e+12
Select best dp
Best k=11
Stratifying 4-th numerical feature ...
dp[2][620]=-3.3e+11
dp[3][620]=-4.75e+11
dp[4][620]=-4.85e+11
dp[5][620]=-6.3e+11
dp[6][620]=-6.3e+11
dp[7][620]=-7.75e+11
dp[8][620]=-7.75e+11
dp[9][620]=-9.05e+11
dp[10][620]=-9.05e+11
dp[11][620]=-9.05e+11
dp[12][620]=-9.05e+11
dp[13][620]=-9.05e+11
dp[14][620]=-9.05e+11
dp[15][620]=-9.05e+11
dp[16][620]=-9.05e+11
dp[17][620]=-9.05e+11
dp[18][620]=-9.05e+11
dp[19][620]=-9.05e+11
dp[20][620]=-9.05e+11
dp[21][620]=-9.05e+11
dp[22][620]=-8.9e+11
dp[23][620]=-8.7e+11
dp[24][620]=-7.3e+11
Select best dp
Best k=10
Stratifying 4-th numerical feature ...
dp[2][620]=-3.5e+12
dp[3][620]=-4.18e+12
dp[4][620]=-4.58e+12
dp[5][620]=-4.85e+12
dp[6][620]=-4.98e+12
dp[7][620]=-5.11e+12
dp[8][620]=-5.32e+12
dp[9][620]=-5.46e+12
dp[10][620]=-5.51e+12
dp[11][620]=-5.65e+12
dp[12][620]=-5.65e+12
dp[13][620]=-5.65e+12
dp[14][620]=-5.65e+12
dp[15][620]=-5.65e+12
dp[16][620]=-5.65e+12
dp[17][620]=-5.65e+12
dp[18][620]=-5.65e+12
dp[19][620]=-5.65e+12
dp[20][620]=-5.65e+12
dp[21][620]=-5.65e+12
dp[22][620]=-5.65e+12
dp[23][620]=-5.65e+12
dp[24][620]=-5.65e+12
Select best dp
Best k=11
Stratifying 5-th numerical feature ...
dp[2][620]=-6.6e+11
dp[3][620]=-9.5e+11
dp[4][620]=-9.7e+11
dp[5][620]=-1.26e+12
dp[6][620]=-1.26e+12
dp[7][620]=-1.55e+12
dp[8][620]=-1.55e+12
dp[9][620]=-1.81e+12
dp[10][620]=-1.81e+12
dp[11][620]=-1.81e+12
dp[12][620]=-1.81e+12
dp[13][620]=-1.81e+12
dp[14][620]=-1.81e+12
dp[15][620]=-1.81e+12
dp[16][620]=-1.81e+12
dp[17][620]=-1.81e+12
dp[18][620]=-1.81e+12
dp[19][620]=-1.81e+12
dp[20][620]=-1.81e+12
dp[21][620]=-1.81e+12
dp[22][620]=-1.78e+12
dp[23][620]=-1.74e+12
dp[24][620]=-1.46e+12
Select best dp
Best k=11
Stratifying 4-th numerical feature ...
dp[2][620]=-2.68e+12
dp[3][620]=-2.97e+12
dp[4][620]=-2.97e+12
dp[5][620]=-2.97e+12
dp[6][620]=-2.97e+12
dp[7][620]=-2.97e+12
dp[8][620]=-2.97e+12
dp[9][620]=-2.97e+12
dp[10][620]=-2.97e+12
dp[11][620]=-2.97e+12
dp[12][620]=-2.97e+12
dp[13][620]=-2.97e+12
dp[14][620]=-2.97e+12
dp[15][620]=-2.97e+12
dp[16][620]=-2.97e+12
dp[17][620]=-2.97e+12
dp[18][620]=-2.97e+12
dp[19][620]=-2.97e+12
dp[20][620]=-2.97e+12
dp[21][620]=-2.97e+12
dp[22][620]=-2.97e+12
dp[23][620]=-2.97e+12
dp[24][620]=-2.96e+12
Select best dp
Best k=6
dp[2][620]=-2.68e+12
dp[3][620]=-2.97e+12
dp[4][620]=-2.97e+12
dp[5][620]=-2.97e+12
dp[6][620]=-2.97e+12
dp[7][620]=-2.97e+12
dp[8][620]=-2.97e+12
dp[9][620]=-2.97e+12
dp[10][620]=-2.97e+12
dp[11][620]=-2.97e+12
dp[12][620]=-2.97e+12
dp[13][620]=-2.97e+12
dp[14][620]=-2.97e+12
dp[15][620]=-2.97e+12
dp[16][620]=-2.97e+12
dp[17][620]=-2.97e+12
dp[18][620]=-2.97e+12
dp[19][620]=-2.97e+12
dp[20][620]=-2.97e+12
dp[21][620]=-2.97e+12
dp[22][620]=-2.97e+12
dp[23][620]=-2.97e+12
dp[24][620]=-2.96e+12
Select best dp
Best k=6
dp[2][620]=-3.5e+12
dp[3][620]=-4.18e+12
dp[4][620]=-4.58e+12
dp[5][620]=-4.85e+12
dp[6][620]=-4.85e+12
dp[7][620]=-4.85e+12
dp[8][620]=-4.85e+12
dp[9][620]=-4.85e+12
dp[10][620]=-4.85e+12
dp[11][620]=-4.85e+12
dp[12][620]=-4.85e+12
dp[13][620]=-4.85e+12
dp[14][620]=-4.85e+12
dp[15][620]=-4.85e+12
dp[16][620]=-4.85e+12
dp[17][620]=-4.85e+12
dp[18][620]=-4.85e+12
dp[19][620]=-4.85e+12
dp[20][620]=-4.85e+12
dp[21][620]=-4.85e+12
dp[22][620]=-4.85e+12
dp[23][620]=-4.85e+12
dp[24][620]=-4.6e+12
Select best dp
Best k=5
Stratifying 5-th numerical feature ...
dp[2][620]=-1.75e+12
dp[3][620]=-2.09e+12
dp[4][620]=-2.29e+12
dp[5][620]=-2.425e+12
dp[6][620]=-2.425e+12
dp[7][620]=-2.425e+12
dp[8][620]=-2.425e+12
dp[9][620]=-2.425e+12
dp[10][620]=-2.425e+12
dp[11][620]=-2.425e+12
dp[12][620]=-2.425e+12
dp[13][620]=-2.425e+12
dp[14][620]=-2.425e+12
dp[15][620]=-2.425e+12
dp[16][620]=-2.425e+12
dp[17][620]=-2.425e+12
dp[18][620]=-2.425e+12
dp[19][620]=-2.425e+12
dp[20][620]=-2.425e+12
dp[21][620]=-2.425e+12
dp[22][620]=-2.425e+12
dp[23][620]=-2.425e+12
dp[24][620]=-2.3e+12
Select best dp
Best k=5
Stratifying 5-th numerical feature ...
dp[2][620]=-3.5e+12
dp[3][620]=-4.18e+12
dp[4][620]=-4.58e+12
dp[5][620]=-4.85e+12
dp[6][620]=-4.85e+12
dp[7][620]=-4.85e+12
dp[8][620]=-4.85e+12
dp[9][620]=-4.85e+12
dp[10][620]=-4.85e+12
dp[11][620]=-4.85e+12
dp[12][620]=-4.85e+12
dp[13][620]=-4.85e+12
dp[14][620]=-4.85e+12
dp[15][620]=-4.85e+12
dp[16][620]=-4.85e+12
dp[17][620]=-4.85e+12
dp[18][620]=-4.85e+12
dp[19][620]=-4.85e+12
dp[20][620]=-4.85e+12
dp[21][620]=-4.85e+12
dp[22][620]=-4.85e+12
dp[23][620]=-4.85e+12
dp[24][620]=-4.6e+12
Select best dp
Best k=5
Stratifying 5-th numerical feature ...
dp[2][620]=-3.5e+12
dp[3][620]=-4.18e+12
dp[4][620]=-4.58e+12
dp[5][620]=-4.85e+12
dp[6][620]=-4.85e+12
dp[7][620]=-4.85e+12
dp[8][620]=-4.85e+12
dp[9][620]=-4.85e+12
dp[10][620]=-4.85e+12
dp[11][620]=-4.85e+12
dp[12][620]=-4.85e+12
dp[13][620]=-4.85e+12
dp[14][620]=-4.85e+12
dp[15][620]=-4.85e+12
dp[16][620]=-4.85e+12
dp[17][620]=-4.85e+12
dp[18][620]=-4.85e+12
dp[19][620]=-4.85e+12
dp[20][620]=-4.85e+12
dp[21][620]=-4.85e+12
dp[22][620]=-4.85e+12
dp[23][620]=-4.85e+12
dp[24][620]=-4.6e+12
Select best dp
Best k=5
Stratifying 5-th numerical feature ...
dp[2][620]=-1.5e+11
dp[3][620]=-2.1e+11
dp[4][620]=-3.6e+11
dp[5][620]=-4.1e+11
dp[6][620]=-5.5e+11
dp[7][620]=-6e+11
dp[8][620]=-7.3e+11
dp[9][620]=-7.8e+11
dp[10][620]=-8.7e+11
dp[11][620]=-9.5e+11
dp[12][620]=-1.01e+12
dp[13][620]=-1.09e+12
dp[14][620]=-1.14e+12
dp[15][620]=-1.22e+12
dp[16][620]=-1.27e+12
dp[17][620]=-1.33e+12
dp[18][620]=-1.38e+12
dp[19][620]=-1.44e+12
dp[20][620]=-1.49e+12
dp[21][620]=-1.55e+12
dp[22][620]=-1.6e+12
dp[23][620]=-1.65e+12
dp[24][620]=-1.7e+12
Select best dp
Best k=24
Stratifying 3-th numerical feature ...
dp[2][620]=-1.22e+12
dp[3][620]=-1.22e+12
dp[4][620]=-1.54e+12
dp[5][620]=-1.54e+12
dp[6][620]=-1.86e+12
dp[7][620]=-1.86e+12
dp[8][620]=-2.17e+12
dp[9][620]=-2.17e+12
dp[10][620]=-2.46e+12
dp[11][620]=-2.46e+12
dp[12][620]=-2.46e+12
dp[13][620]=-2.46e+12
dp[14][620]=-2.46e+12
dp[15][620]=-2.46e+12
dp[16][620]=-2.46e+12
dp[17][620]=-2.46e+12
dp[18][620]=-2.46e+12
dp[19][620]=-2.46e+12
dp[20][620]=-2.46e+12
dp[21][620]=-2.43e+12
dp[22][620]=-2.38e+12
dp[23][620]=-2.28e+12
dp[24][620]=-2.1e+12
Select best dp
Best k=11
Stratifying 6-th numerical feature ...
dp[2][620]=-1.22e+12
dp[3][620]=-1.22e+12
dp[4][620]=-1.54e+12
dp[5][620]=-1.54e+12
dp[6][620]=-1.86e+12
dp[7][620]=-1.86e+12
dp[8][620]=-2.17e+12
dp[9][620]=-2.17e+12
dp[10][620]=-2.46e+12
dp[11][620]=-2.46e+12
dp[12][620]=-2.71e+12
dp[13][620]=-2.71e+12
dp[14][620]=-2.89e+12
dp[15][620]=-2.89e+12
dp[16][620]=-3.06e+12
dp[17][620]=-3.06e+12
dp[18][620]=-3.2e+12
dp[19][620]=-3.2e+12
dp[20][620]=-3.33e+12
dp[21][620]=-3.33e+12
dp[22][620]=-3.44e+12
dp[23][620]=-3.44e+12
dp[24][620]=-3.44e+12
Select best dp
Best k=22
Stratifying 6-th numerical feature ...
dp[2][620]=-3.5e+12
dp[3][620]=-4.18e+12
dp[4][620]=-4.58e+12
dp[5][620]=-4.85e+12
dp[6][620]=-4.85e+12
dp[7][620]=-4.85e+12
dp[8][620]=-4.85e+12
dp[9][620]=-4.85e+12
dp[10][620]=-4.85e+12
dp[11][620]=-4.85e+12
dp[12][620]=-4.85e+12
dp[13][620]=-4.85e+12
dp[14][620]=-4.85e+12
dp[15][620]=-4.85e+12
dp[16][620]=-4.85e+12
dp[17][620]=-4.85e+12
dp[18][620]=-4.85e+12
dp[19][620]=-4.85e+12
dp[20][620]=-4.85e+12
dp[21][620]=-4.85e+12
dp[22][620]=-4.85e+12
dp[23][620]=-4.85e+12
dp[24][620]=-4.6e+12
Select best dp
Best k=5
Stratifying 5-th numerical feature ...
dp[2][620]=-6.1e+11
dp[3][620]=-6.1e+11
dp[4][620]=-7.7e+11
dp[5][620]=-7.7e+11
dp[6][620]=-9.3e+11
dp[7][620]=-9.3e+11
dp[8][620]=-1.085e+12
dp[9][620]=-1.085e+12
dp[10][620]=-1.23e+12
dp[11][620]=-1.23e+12
dp[12][620]=-1.23e+12
dp[13][620]=-1.23e+12
dp[14][620]=-1.23e+12
dp[15][620]=-1.23e+12
dp[16][620]=-1.23e+12
dp[17][620]=-1.23e+12
dp[18][620]=-1.23e+12
dp[19][620]=-1.23e+12
dp[20][620]=-1.23e+12
dp[21][620]=-1.215e+12
dp[22][620]=-1.19e+12
dp[23][620]=-1.14e+12
dp[24][620]=-1.05e+12
Select best dp
Best k=10
Stratifying 6-th numerical feature ...
dp[2][620]=514.506
dp[3][620]=771.76
dp[4][620]=1029.01
dp[5][620]=1286.27
dp[6][620]=1543.52
dp[7][620]=1800.77
dp[8][620]=2058.03
dp[9][620]=2315.28
dp[10][620]=2572.53
dp[11][620]=2829.79
dp[12][620]=3087.04
dp[13][620]=3344.29
dp[14][620]=3601.55
dp[15][620]=3858.8
dp[16][620]=4116.05
dp[17][620]=4373.31
dp[18][620]=4630.56
dp[19][620]=4887.81
dp[20][620]=5145.06
dp[21][620]=5402.32
dp[22][620]=5659.57
dp[23][620]=5916.82
dp[24][620]=6174.08
Select best dp
Best k=2
Stratifying 5-th numerical feature ...
dp[2][620]=-1.22e+12
dp[3][620]=-1.22e+12
dp[4][620]=-1.54e+12
dp[5][620]=-1.54e+12
dp[6][620]=-1.86e+12
dp[7][620]=-1.86e+12
dp[8][620]=-2.17e+12
dp[9][620]=-2.17e+12
dp[10][620]=-2.46e+12
dp[11][620]=-2.46e+12
dp[12][620]=-2.46e+12
dp[13][620]=-2.46e+12
dp[14][620]=-2.46e+12
dp[15][620]=-2.46e+12
dp[16][620]=-2.46e+12
dp[17][620]=-2.46e+12
dp[18][620]=-2.46e+12
dp[19][620]=-2.46e+12
dp[20][620]=-2.46e+12
dp[21][620]=-2.43e+12
dp[22][620]=-2.38e+12
dp[23][620]=-2.28e+12
dp[24][620]=-2.1e+12
Select best dp
Best k=11
Stratifying 6-th numerical feature ...
dp[2][620]=-1.22e+12
dp[3][620]=-1.22e+12
dp[4][620]=-1.54e+12
dp[5][620]=-1.54e+12
dp[6][620]=-1.86e+12
dp[7][620]=-1.86e+12
dp[8][620]=-2.17e+12
dp[9][620]=-2.17e+12
dp[10][620]=-2.46e+12
dp[11][620]=-2.46e+12
dp[12][620]=-2.46e+12
dp[13][620]=-2.46e+12
dp[14][620]=-2.46e+12
dp[15][620]=-2.46e+12
dp[16][620]=-2.46e+12
dp[17][620]=-2.46e+12
dp[18][620]=-2.46e+12
dp[19][620]=-2.46e+12
dp[20][620]=-2.46e+12
dp[21][620]=-2.43e+12
dp[22][620]=-2.38e+12
dp[23][620]=-2.28e+12
dp[24][620]=-2.1e+12
Select best dp
Best k=11
Stratifying 6-th numerical feature ...
dp[2][620]=-2.68e+12
dp[3][620]=-2.97e+12
dp[4][620]=-2.97e+12
dp[5][620]=-2.97e+12
dp[6][620]=-2.97e+12
dp[7][620]=-2.97e+12
dp[8][620]=-2.97e+12
dp[9][620]=-2.97e+12
dp[10][620]=-2.97e+12
dp[11][620]=-2.97e+12
dp[12][620]=-2.97e+12
dp[13][620]=-2.97e+12
dp[14][620]=-2.97e+12
dp[15][620]=-2.97e+12
dp[16][620]=-2.97e+12
dp[17][620]=-2.97e+12
dp[18][620]=-2.97e+12
dp[19][620]=-2.97e+12
dp[20][620]=-2.97e+12
dp[21][620]=-2.97e+12
dp[22][620]=-2.97e+12
dp[23][620]=-2.97e+12
dp[24][620]=-2.96e+12
Select best dp
Best k=6
dp[2][620]=-6.6e+11
dp[3][620]=-9.5e+11
dp[4][620]=-1.16e+12
dp[5][620]=-1.4e+12
dp[6][620]=-1.6e+12
dp[7][620]=-1.71e+12
dp[8][620]=-1.89e+12
dp[9][620]=-2e+12
dp[10][620]=-2.15e+12
dp[11][620]=-2.26e+12
dp[12][620]=-2.4e+12
dp[13][620]=-2.52e+12
dp[14][620]=-2.64e+12
dp[15][620]=-2.76e+12
dp[16][620]=-2.8e+12
dp[17][620]=-2.92e+12
dp[18][620]=-2.95e+12
dp[19][620]=-3.07e+12
dp[20][620]=-3.07e+12
dp[21][620]=-3.19e+12
dp[22][620]=-3.19e+12
dp[23][620]=-3.31e+12
dp[24][620]=-3.31e+12
Select best dp
Best k=23
Stratifying 4-th numerical feature ...
dp[2][620]=-1.34e+12
dp[3][620]=-1.485e+12
dp[4][620]=-1.485e+12
dp[5][620]=-1.485e+12
dp[6][620]=-1.485e+12
dp[7][620]=-1.485e+12
dp[8][620]=-1.485e+12
dp[9][620]=-1.485e+12
dp[10][620]=-1.485e+12
dp[11][620]=-1.485e+12
dp[12][620]=-1.485e+12
dp[13][620]=-1.485e+12
dp[14][620]=-1.485e+12
dp[15][620]=-1.485e+12
dp[16][620]=-1.485e+12
dp[17][620]=-1.485e+12
dp[18][620]=-1.485e+12
dp[19][620]=-1.485e+12
dp[20][620]=-1.485e+12
dp[21][620]=-1.485e+12
dp[22][620]=-1.485e+12
dp[23][620]=-1.485e+12
dp[24][620]=-1.48e+12
Select best dp
Best k=5
dp[2][620]=-2.68e+12
dp[3][620]=-2.97e+12
dp[4][620]=-2.97e+12
dp[5][620]=-3.07e+12
dp[6][620]=-3.07e+12
dp[7][620]=-3.07e+12
dp[8][620]=-3.07e+12
dp[9][620]=-3.07e+12
dp[10][620]=-3.07e+12
dp[11][620]=-3.07e+12
dp[12][620]=-3.07e+12
dp[13][620]=-3.07e+12
dp[14][620]=-3.07e+12
dp[15][620]=-3.07e+12
dp[16][620]=-3.07e+12
dp[17][620]=-3.07e+12
dp[18][620]=-3.07e+12
dp[19][620]=-3.07e+12
dp[20][620]=-3.07e+12
dp[21][620]=-3.07e+12
dp[22][620]=-3.07e+12
dp[23][620]=-3.07e+12
dp[24][620]=-3.07e+12
Select best dp
Best k=7
dp[2][620]=-2.68e+12
dp[3][620]=-2.97e+12
dp[4][620]=-2.97e+12
dp[5][620]=-2.97e+12
dp[6][620]=-2.97e+12
dp[7][620]=-2.97e+12
dp[8][620]=-2.97e+12
dp[9][620]=-2.97e+12
dp[10][620]=-2.97e+12
dp[11][620]=-2.97e+12
dp[12][620]=-2.97e+12
dp[13][620]=-2.97e+12
dp[14][620]=-2.97e+12
dp[15][620]=-2.97e+12
dp[16][620]=-2.97e+12
dp[17][620]=-2.97e+12
dp[18][620]=-2.97e+12
dp[19][620]=-2.97e+12
dp[20][620]=-2.97e+12
dp[21][620]=-2.97e+12
dp[22][620]=-2.97e+12
dp[23][620]=-2.97e+12
dp[24][620]=-2.96e+12
Select best dp
Best k=6
dp[2][620]=-2.68e+12
dp[3][620]=-2.97e+12
dp[4][620]=-2.97e+12
dp[5][620]=-2.97e+12
dp[6][620]=-2.97e+12
dp[7][620]=-2.97e+12
dp[8][620]=-2.97e+12
dp[9][620]=-2.97e+12
dp[10][620]=-2.97e+12
dp[11][620]=-2.97e+12
dp[12][620]=-2.97e+12
dp[13][620]=-2.97e+12
dp[14][620]=-2.97e+12
dp[15][620]=-2.97e+12
dp[16][620]=-2.97e+12
dp[17][620]=-2.97e+12
dp[18][620]=-2.97e+12
dp[19][620]=-2.97e+12
dp[20][620]=-2.97e+12
dp[21][620]=-2.97e+12
dp[22][620]=-2.97e+12
dp[23][620]=-2.97e+12
dp[24][620]=-2.96e+12
Select best dp
Best k=6
dp[2][620]=-1.22e+12
dp[3][620]=-1.22e+12
dp[4][620]=-1.54e+12
dp[5][620]=-1.54e+12
dp[6][620]=-1.86e+12
dp[7][620]=-1.86e+12
dp[8][620]=-2.17e+12
dp[9][620]=-2.17e+12
dp[10][620]=-2.46e+12
dp[11][620]=-2.46e+12
dp[12][620]=-2.46e+12
dp[13][620]=-2.46e+12
dp[14][620]=-2.46e+12
dp[15][620]=-2.46e+12
dp[16][620]=-2.46e+12
dp[17][620]=-2.46e+12
dp[18][620]=-2.46e+12
dp[19][620]=-2.46e+12
dp[20][620]=-2.46e+12
dp[21][620]=-2.43e+12
dp[22][620]=-2.38e+12
dp[23][620]=-2.28e+12
dp[24][620]=-2.1e+12
Select best dp
Best k=11
Stratifying 6-th numerical feature ...
dp[2][620]=-204.32
dp[3][620]=-516.989
dp[4][620]=-638.307
dp[5][620]=-687.952
dp[6][620]=-679.695
dp[7][620]=-630.552
dp[8][620]=-564.745
dp[9][620]=-475.259
dp[10][620]=-371.262
dp[11][620]=-266.53
dp[12][620]=-161.173
dp[13][620]=-55.7425
dp[14][620]=86.0996
dp[15][620]=234.799
dp[16][620]=395.976
dp[17][620]=562.286
dp[18][620]=739.981
dp[19][620]=917.697
dp[20][620]=1097.13
dp[21][620]=1284.58
dp[22][620]=1476.74
dp[23][620]=1712.53
dp[24][620]=1989.03
Select best dp
Best k=5
Stratifying 3-th numerical feature ...
dp[2][620]=514.506
dp[3][620]=771.76
dp[4][620]=1029.01
dp[5][620]=1286.27
dp[6][620]=1543.52
dp[7][620]=1800.77
dp[8][620]=2058.03
dp[9][620]=2315.28
dp[10][620]=2572.53
dp[11][620]=2829.79
dp[12][620]=3087.04
dp[13][620]=3344.29
dp[14][620]=3601.55
dp[15][620]=3858.8
dp[16][620]=4116.05
dp[17][620]=4373.31
dp[18][620]=4630.56
dp[19][620]=4887.81
dp[20][620]=5145.06
dp[21][620]=5402.32
dp[22][620]=5659.57
dp[23][620]=5916.82
dp[24][620]=6174.08
Select best dp
Best k=2
Stratifying 6-th numerical feature ...
dp[2][620]=-6.6e+11
dp[3][620]=-9.5e+11
dp[4][620]=-1.16e+12
dp[5][620]=-1.4e+12
dp[6][620]=-1.6e+12
dp[7][620]=-1.71e+12
dp[8][620]=-1.97e+12
dp[9][620]=-2.09e+12
dp[10][620]=-2.26e+12
dp[11][620]=-2.38e+12
dp[12][620]=-2.52e+12
dp[13][620]=-2.64e+12
dp[14][620]=-2.76e+12
dp[15][620]=-2.88e+12
dp[16][620]=-2.92e+12
dp[17][620]=-3.04e+12
dp[18][620]=-3.07e+12
dp[19][620]=-3.19e+12
dp[20][620]=-3.22e+12
dp[21][620]=-3.31e+12
dp[22][620]=-3.37e+12
dp[23][620]=-3.43e+12
dp[24][620]=-3.49e+12
Select best dp
Best k=24
Stratifying 4-th numerical feature ...
dp[2][620]=-2.68e+12
dp[3][620]=-2.97e+12
dp[4][620]=-2.97e+12
dp[5][620]=-2.97e+12
dp[6][620]=-2.97e+12
dp[7][620]=-2.97e+12
dp[8][620]=-2.97e+12
dp[9][620]=-2.97e+12
dp[10][620]=-2.97e+12
dp[11][620]=-2.97e+12
dp[12][620]=-2.97e+12
dp[13][620]=-2.97e+12
dp[14][620]=-2.97e+12
dp[15][620]=-2.97e+12
dp[16][620]=-2.97e+12
dp[17][620]=-2.97e+12
dp[18][620]=-2.97e+12
dp[19][620]=-2.97e+12
dp[20][620]=-2.97e+12
dp[21][620]=-2.97e+12
dp[22][620]=-2.97e+12
dp[23][620]=-2.97e+12
dp[24][620]=-2.96e+12
Select best dp
Best k=6
dp[2][620]=-3.5e+12
dp[3][620]=-4.18e+12
dp[4][620]=-4.58e+12
dp[5][620]=-4.85e+12
dp[6][620]=-4.98e+12
dp[7][620]=-5.11e+12
dp[8][620]=-5.32e+12
dp[9][620]=-5.46e+12
dp[10][620]=-5.51e+12
dp[11][620]=-5.65e+12
dp[12][620]=-5.65e+12
dp[13][620]=-5.65e+12
dp[14][620]=-5.65e+12
dp[15][620]=-5.65e+12
dp[16][620]=-5.65e+12
dp[17][620]=-5.65e+12
dp[18][620]=-5.65e+12
dp[19][620]=-5.65e+12
dp[20][620]=-5.65e+12
dp[21][620]=-5.65e+12
dp[22][620]=-5.65e+12
dp[23][620]=-5.65e+12
dp[24][620]=-5.65e+12
Select best dp
Best k=11
Stratifying 5-th numerical feature ...
dp[2][620]=514.506
dp[3][620]=771.76
dp[4][620]=1029.01
dp[5][620]=1286.27
dp[6][620]=1543.52
dp[7][620]=1800.77
dp[8][620]=2058.03
dp[9][620]=2315.28
dp[10][620]=2572.53
dp[11][620]=2829.79
dp[12][620]=3087.04
dp[13][620]=3344.29
dp[14][620]=3601.55
dp[15][620]=3858.8
dp[16][620]=4116.05
dp[17][620]=4373.31
dp[18][620]=4630.56
dp[19][620]=4887.81
dp[20][620]=5145.06
dp[21][620]=5402.32
dp[22][620]=5659.57
dp[23][620]=5916.82
dp[24][620]=6174.08
Select best dp
Best k=2
dp[2][620]=-3.5e+12
dp[3][620]=-4.18e+12
dp[4][620]=-4.58e+12
dp[5][620]=-4.85e+12
dp[6][620]=-4.98e+12
dp[7][620]=-5.11e+12
dp[8][620]=-5.32e+12
dp[9][620]=-5.46e+12
dp[10][620]=-5.55e+12
dp[11][620]=-5.65e+12
dp[12][620]=-5.74e+12
dp[13][620]=-5.91e+12
dp[14][620]=-5.98e+12
dp[15][620]=-5.98e+12
dp[16][620]=-6.01e+12
dp[17][620]=-6.01e+12
dp[18][620]=-6.01e+12
dp[19][620]=-6.01e+12
dp[20][620]=-6.01e+12
dp[21][620]=-6.01e+12
dp[22][620]=-6.01e+12
dp[23][620]=-6.01e+12
dp[24][620]=-6.01e+12
Select best dp
Best k=16
Stratifying 5-th numerical feature ...
dp[2][620]=-1.22e+12
dp[3][620]=-1.22e+12
dp[4][620]=-1.54e+12
dp[5][620]=-1.54e+12
dp[6][620]=-1.86e+12
dp[7][620]=-1.86e+12
dp[8][620]=-2.17e+12
dp[9][620]=-2.17e+12
dp[10][620]=-2.46e+12
dp[11][620]=-2.46e+12
dp[12][620]=-2.67e+12
dp[13][620]=-2.67e+12
dp[14][620]=-2.85e+12
dp[15][620]=-2.85e+12
dp[16][620]=-3.02e+12
dp[17][620]=-3.02e+12
dp[18][620]=-3.16e+12
dp[19][620]=-3.16e+12
dp[20][620]=-3.29e+12
dp[21][620]=-3.29e+12
dp[22][620]=-3.29e+12
dp[23][620]=-3.29e+12
dp[24][620]=-3.29e+12
Select best dp
Best k=21
Stratifying 6-th numerical feature ...
dp[2][620]=-2.68e+12
dp[3][620]=-2.97e+12
dp[4][620]=-2.97e+12
dp[5][620]=-2.97e+12
dp[6][620]=-2.97e+12
dp[7][620]=-2.97e+12
dp[8][620]=-2.97e+12
dp[9][620]=-2.97e+12
dp[10][620]=-2.97e+12
dp[11][620]=-2.97e+12
dp[12][620]=-2.97e+12
dp[13][620]=-2.97e+12
dp[14][620]=-2.97e+12
dp[15][620]=-2.97e+12
dp[16][620]=-2.97e+12
dp[17][620]=-2.97e+12
dp[18][620]=-2.97e+12
dp[19][620]=-2.97e+12
dp[20][620]=-2.97e+12
dp[21][620]=-2.97e+12
dp[22][620]=-2.97e+12
dp[23][620]=-2.97e+12
dp[24][620]=-2.97e+12
Select best dp
Best k=6
dp[2][620]=-1.22e+12
dp[3][620]=-1.22e+12
dp[4][620]=-1.54e+12
dp[5][620]=-1.54e+12
dp[6][620]=-1.86e+12
dp[7][620]=-1.86e+12
dp[8][620]=-2.17e+12
dp[9][620]=-2.17e+12
dp[10][620]=-2.46e+12
dp[11][620]=-2.46e+12
dp[12][620]=-2.73e+12
dp[13][620]=-2.73e+12
dp[14][620]=-2.91e+12
dp[15][620]=-2.91e+12
dp[16][620]=-3.08e+12
dp[17][620]=-3.08e+12
dp[18][620]=-3.22e+12
dp[19][620]=-3.22e+12
dp[20][620]=-3.35e+12
dp[21][620]=-3.35e+12
dp[22][620]=-3.47e+12
dp[23][620]=-3.47e+12
dp[24][620]=-3.58e+12
Select best dp
Best k=24
Stratifying 6-th numerical feature ...
dp[2][620]=-6.6e+11
dp[3][620]=-9.5e+11
dp[4][620]=-9.7e+11
dp[5][620]=-1.26e+12
dp[6][620]=-1.26e+12
dp[7][620]=-1.55e+12
dp[8][620]=-1.55e+12
dp[9][620]=-1.81e+12
dp[10][620]=-1.81e+12
dp[11][620]=-1.81e+12
dp[12][620]=-1.81e+12
dp[13][620]=-1.81e+12
dp[14][620]=-1.81e+12
dp[15][620]=-1.81e+12
dp[16][620]=-1.81e+12
dp[17][620]=-1.81e+12
dp[18][620]=-1.81e+12
dp[19][620]=-1.81e+12
dp[20][620]=-1.81e+12
dp[21][620]=-1.81e+12
dp[22][620]=-1.78e+12
dp[23][620]=-1.74e+12
dp[24][620]=-1.46e+12
Select best dp
Best k=11
Stratifying 4-th numerical feature ...
dp[2][620]=-2.68e+12
dp[3][620]=-2.97e+12
dp[4][620]=-3.05e+12
dp[5][620]=-3.1e+12
dp[6][620]=-3.15e+12
dp[7][620]=-3.2e+12
dp[8][620]=-3.23e+12
dp[9][620]=-3.29e+12
dp[10][620]=-3.33e+12
dp[11][620]=-3.37e+12
dp[12][620]=-3.41e+12
dp[13][620]=-3.44e+12
dp[14][620]=-3.48e+12
dp[15][620]=-3.5e+12
dp[16][620]=-3.54e+12
dp[17][620]=-3.55e+12
dp[18][620]=-3.59e+12
dp[19][620]=-3.59e+12
dp[20][620]=-3.59e+12
dp[21][620]=-3.59e+12
dp[22][620]=-3.59e+12
dp[23][620]=-3.59e+12
dp[24][620]=-3.59e+12
Select best dp
Best k=19
dp[2][620]=-3.5e+12
dp[3][620]=-4.18e+12
dp[4][620]=-4.58e+12
dp[5][620]=-4.85e+12
dp[6][620]=-4.85e+12
dp[7][620]=-4.85e+12
dp[8][620]=-4.85e+12
dp[9][620]=-4.85e+12
dp[10][620]=-4.85e+12
dp[11][620]=-4.85e+12
dp[12][620]=-4.85e+12
dp[13][620]=-4.85e+12
dp[14][620]=-4.85e+12
dp[15][620]=-4.85e+12
dp[16][620]=-4.85e+12
dp[17][620]=-4.85e+12
dp[18][620]=-4.85e+12
dp[19][620]=-4.85e+12
dp[20][620]=-4.85e+12
dp[21][620]=-4.85e+12
dp[22][620]=-4.85e+12
dp[23][620]=-4.85e+12
dp[24][620]=-4.6e+12
Select best dp
Best k=5
Stratifying 5-th numerical feature ...
dp[2][620]=-1.22e+12
dp[3][620]=-1.22e+12
dp[4][620]=-1.54e+12
dp[5][620]=-1.54e+12
dp[6][620]=-1.86e+12
dp[7][620]=-1.86e+12
dp[8][620]=-2.17e+12
dp[9][620]=-2.17e+12
dp[10][620]=-2.46e+12
dp[11][620]=-2.46e+12
dp[12][620]=-2.46e+12
dp[13][620]=-2.46e+12
dp[14][620]=-2.46e+12
dp[15][620]=-2.46e+12
dp[16][620]=-2.46e+12
dp[17][620]=-2.46e+12
dp[18][620]=-2.46e+12
dp[19][620]=-2.46e+12
dp[20][620]=-2.46e+12
dp[21][620]=-2.43e+12
dp[22][620]=-2.38e+12
dp[23][620]=-2.28e+12
dp[24][620]=-2.1e+12
Select best dp
Best k=11
Stratifying 6-th numerical feature ...
dp[2][620]=-2.68e+12
dp[3][620]=-2.97e+12
dp[4][620]=-2.97e+12
dp[5][620]=-2.97e+12
dp[6][620]=-2.97e+12
dp[7][620]=-2.97e+12
dp[8][620]=-2.97e+12
dp[9][620]=-2.97e+12
dp[10][620]=-2.97e+12
dp[11][620]=-2.97e+12
dp[12][620]=-2.97e+12
dp[13][620]=-2.97e+12
dp[14][620]=-2.97e+12
dp[15][620]=-2.97e+12
dp[16][620]=-2.97e+12
dp[17][620]=-2.97e+12
dp[18][620]=-2.97e+12
dp[19][620]=-2.97e+12
dp[20][620]=-2.97e+12
dp[21][620]=-2.97e+12
dp[22][620]=-2.97e+12
dp[23][620]=-2.97e+12
dp[24][620]=-2.96e+12
Select best dp
Best k=6
