Standardize ...
Stratifying 1-th numerical feature ...
Standardize ...
Stratifying 1-th numerical feature ...
Standardize ...
Stratifying 1-th numerical feature ...
Standardize ...
Stratifying 1-th numerical feature ...
Standardize ...
Stratifying 1-th numerical feature ...
Standardize ...
Stratifying 1-th numerical feature ...
Standardize ...
Stratifying 1-th numerical feature ...
Standardize ...
Stratifying 1-th numerical feature ...
Standardize ...
Stratifying 1-th numerical feature ...
Standardize ...
Stratifying 1-th numerical feature ...
Standardize ...
Stratifying 1-th numerical feature ...
Standardize ...
Stratifying 1-th numerical feature ...
Standardize ...
Stratifying 1-th numerical feature ...
Standardize ...
Stratifying 1-th numerical feature ...
dp[2][422]=-198.889
dp[3][422]=-355.196
dp[4][422]=-436.353
dp[5][422]=-463.265
dp[6][422]=-464.606
dp[7][422]=-440.862
dp[8][422]=-415
dp[9][422]=-360.762
dp[10][422]=-302.741
dp[11][422]=-226.367
dp[12][422]=-135.069
dp[13][422]=-37.6398
Select best dp
Best k=6
Stratifying 2-th numerical feature ...
dp[2][422]=-198.889
dp[3][422]=-355.196
dp[4][422]=-436.353
dp[5][422]=-463.265
dp[6][422]=-464.606
dp[7][422]=-440.862
dp[8][422]=-415
dp[9][422]=-360.762
dp[10][422]=-302.741
dp[11][422]=-228.768
dp[12][422]=-152.507
dp[13][422]=-66.2747
dp[14][422]=21.3414
dp[15][422]=109.39
dp[16][422]=198.523
dp[17][422]=305.914
dp[18][422]=425.196
dp[19][422]=559.963
dp[20][422]=760.661
Select best dp
Best k=6
Stratifying 2-th numerical feature ...
dp[2][422]=-198.889
dp[3][422]=-355.196
dp[4][422]=-436.353
dp[5][422]=-463.265
dp[6][422]=-464.606
dp[7][422]=-440.862
dp[8][422]=-415
dp[9][422]=-360.762
dp[10][422]=-302.741
dp[11][422]=-228.768
dp[12][422]=-152.507
dp[13][422]=-66.2747
dp[14][422]=21.3414
dp[15][422]=109.39
dp[16][422]=198.523
dp[17][422]=305.914
dp[18][422]=425.196
dp[19][422]=559.963
dp[20][422]=760.661
Select best dp
Best k=6
Stratifying 2-th numerical feature ...
dp[2][422]=-198.889
dp[3][422]=-1.3e+11
dp[4][422]=-1.3e+11
dp[5][422]=-2.4e+11
dp[6][422]=-2.4e+11
dp[7][422]=-3.4e+11
dp[8][422]=-3.4e+11
dp[9][422]=-3.4e+11
dp[10][422]=-3.4e+11
dp[11][422]=-3.4e+11
dp[12][422]=-3.4e+11
dp[13][422]=-3.4e+11
dp[14][422]=-3.4e+11
dp[15][422]=-3.4e+11
dp[16][422]=-3.4e+11
dp[17][422]=-3.4e+11
dp[18][422]=-3.4e+11
dp[19][422]=-3.4e+11
dp[20][422]=-3.4e+11
Select best dp
Best k=9
Stratifying 2-th numerical feature ...
dp[2][422]=-1927.52
dp[3][422]=-2229.29
dp[4][422]=-2375.5
dp[5][422]=-2451.63
dp[6][422]=-2472.6
dp[7][422]=-2451.43
dp[8][422]=-2420.1
dp[9][422]=-2379.46
dp[10][422]=-2338.81
dp[11][422]=-2267.6
dp[12][422]=-2191.46
dp[13][422]=-2068.7
Select best dp
Best k=6
Stratifying 3-th numerical feature ...
dp[2][422]=-198.889
dp[3][422]=-1.3e+11
dp[4][422]=-1.3e+11
dp[5][422]=-2.4e+11
dp[6][422]=-2.4e+11
dp[7][422]=-3.4e+11
dp[8][422]=-3.4e+11
dp[9][422]=-3.4e+11
dp[10][422]=-3.4e+11
dp[11][422]=-3.4e+11
dp[12][422]=-3.4e+11
dp[13][422]=-3.4e+11
dp[14][422]=-3.4e+11
dp[15][422]=-3.4e+11
dp[16][422]=-3.4e+11
dp[17][422]=-3.4e+11
dp[18][422]=-3.4e+11
dp[19][422]=-3.4e+11
dp[20][422]=-3.4e+11
Select best dp
Best k=9
Stratifying 2-th numerical feature ...
dp[2][422]=314.463
dp[3][422]=471.695
dp[4][422]=628.927
dp[5][422]=786.158
dp[6][422]=943.39
dp[7][422]=1100.62
dp[8][422]=1257.85
dp[9][422]=1415.09
dp[10][422]=1572.32
dp[11][422]=1729.55
dp[12][422]=1886.78
dp[13][422]=2044.01
dp[14][422]=2201.24
dp[15][422]=2358.48
dp[16][422]=2515.71
dp[17][422]=2672.94
dp[18][422]=2830.17
dp[19][422]=2987.4
dp[20][422]=3144.63
Select best dp
Best k=2
dp[2][422]=-198.889
dp[3][422]=-355.196
dp[4][422]=-436.353
dp[5][422]=-463.265
dp[6][422]=-464.606
dp[7][422]=-440.862
dp[8][422]=-415
dp[9][422]=-360.762
dp[10][422]=-302.741
dp[11][422]=-228.768
dp[12][422]=-152.507
dp[13][422]=-66.2747
dp[14][422]=21.3414
dp[15][422]=109.39
dp[16][422]=198.523
dp[17][422]=305.914
dp[18][422]=425.196
dp[19][422]=559.963
dp[20][422]=760.661
Select best dp
Best k=6
Stratifying 2-th numerical feature ...
Stratifying 2-th numerical feature ...
dp[2][422]=-198.889
dp[3][422]=-355.196
dp[4][422]=-436.353
dp[5][422]=-463.265
dp[6][422]=-464.606
dp[7][422]=-440.862
dp[8][422]=-415
dp[9][422]=-360.762
dp[10][422]=-302.741
dp[11][422]=-228.768
dp[12][422]=-152.507
dp[13][422]=-66.2747
dp[14][422]=21.3414
dp[15][422]=109.39
dp[16][422]=198.523
dp[17][422]=305.914
dp[18][422]=425.196
dp[19][422]=559.963
dp[20][422]=760.661
Select best dp
Best k=6
dp[2][422]=-1949.48
dp[3][422]=-2263.54
dp[4][422]=-2412.86
dp[5][422]=-2499.26
dp[6][422]=-2520.44
dp[7][422]=-2505.85
dp[8][422]=-2484.26
dp[9][422]=-2445.1
dp[10][422]=-2404.84
dp[11][422]=-2333.63
dp[12][422]=-2261.22
dp[13][422]=-2183.01
dp[14][422]=-2095.27
dp[15][422]=-2006.16
dp[16][422]=-1914.34
dp[17][422]=-1809.53
dp[18][422]=-1699.95
dp[19][422]=-1553.21
dp[20][422]=-1334.69
Select best dp
Best k=6
dp[2][422]=57.787
dp[3][422]=58.2494
dp[4][422]=96.2867
dp[5][422]=161.447
dp[6][422]=239.392
dp[7][422]=329.88
dp[8][422]=421.427
dp[9][422]=527.162
dp[10][422]=634.788
dp[11][422]=750.39
dp[12][422]=867.137
dp[13][422]=988.869
dp[14][422]=1111.29
dp[15][422]=1233.93
dp[16][422]=1357.11
dp[17][422]=1489.43
dp[18][422]=1627.68
dp[19][422]=1773.68
dp[20][422]=1952.65
Select best dp
Best k=2
dp[2][422]=-1949.48
dp[3][422]=-2263.54
dp[4][422]=-2412.86
dp[5][422]=-2499.26
dp[6][422]=-2520.44
dp[7][422]=-2505.85
dp[8][422]=-2484.26
dp[9][422]=-2445.1
dp[10][422]=-2404.84
dp[11][422]=-2333.63
dp[12][422]=-2261.22
dp[13][422]=-2183.01
dp[14][422]=-2095.27
dp[15][422]=-2006.16
dp[16][422]=-1914.34
dp[17][422]=-1809.53
dp[18][422]=-1699.95
dp[19][422]=-1553.21
dp[20][422]=-1334.69
Select best dp
Best k=6
Stratifying 3-th numerical feature ...
dp[2][422]=-198.889
dp[3][422]=-355.196
dp[4][422]=-436.353
dp[5][422]=-463.265
dp[6][422]=-464.606
dp[7][422]=-440.862
dp[8][422]=-415
dp[9][422]=-360.762
dp[10][422]=-302.741
dp[11][422]=-228.768
dp[12][422]=-152.507
dp[13][422]=-66.2747
dp[14][422]=21.3414
dp[15][422]=109.39
dp[16][422]=198.523
dp[17][422]=305.914
dp[18][422]=425.196
dp[19][422]=559.963
dp[20][422]=760.661
Select best dp
Best k=6
Stratifying 2-th numerical feature ...
Stratifying 3-th numerical feature ...
Stratifying 2-th numerical feature ...
Stratifying 2-th numerical feature ...
dp[2][422]=-198.889
dp[3][422]=-355.196
dp[4][422]=-436.353
dp[5][422]=-463.265
dp[6][422]=-464.606
dp[7][422]=-440.862
dp[8][422]=-415
dp[9][422]=-360.762
dp[10][422]=-302.741
dp[11][422]=-228.768
dp[12][422]=-152.507
dp[13][422]=-66.2747
dp[14][422]=21.3414
dp[15][422]=109.39
dp[16][422]=198.523
dp[17][422]=305.914
dp[18][422]=425.196
dp[19][422]=559.963
dp[20][422]=760.661
Select best dp
Best k=6
dp[2][422]=-712.242
dp[3][422]=-1182.09
dp[4][422]=-1501.63
dp[5][422]=-1712.69
dp[6][422]=-1872.6
dp[7][422]=-1982.35
dp[8][422]=-2087.85
dp[9][422]=-2136.61
dp[10][422]=-2177.8
dp[11][422]=-2187.08
dp[12][422]=-2191.79
dp[13][422]=-2176.56
dp[14][422]=-2158.56
dp[15][422]=-2139.7
dp[16][422]=-2118.66
dp[17][422]=-2061.11
dp[18][422]=-1979.78
dp[19][422]=-1867.48
dp[20][422]=-1623.31
Select best dp
Best k=12
Stratifying 2-th numerical feature ...
Stratifying 2-th numerical feature ...
dp[2][422]=-135.726
dp[3][422]=-314.517
dp[4][422]=-382.729
dp[5][422]=-415.96
dp[6][422]=-447.38
dp[7][422]=-424.651
dp[8][422]=-397.687
dp[9][422]=-349.967
dp[10][422]=-286.104
dp[11][422]=-216.02
dp[12][422]=-101.47
dp[13][422]=48.2166
Select best dp
Best k=6
dp[2][422]=-135.726
dp[3][422]=-2.4e+11
dp[4][422]=-4.7e+11
dp[5][422]=-4.7e+11
dp[6][422]=-6.8e+11
dp[7][422]=-6.8e+11
dp[8][422]=-8.7e+11
dp[9][422]=-8.7e+11
dp[10][422]=-8.7e+11
dp[11][422]=-8.7e+11
dp[12][422]=-8.7e+11
dp[13][422]=-8.7e+11
dp[14][422]=-8.7e+11
dp[15][422]=-8.7e+11
dp[16][422]=-8.7e+11
dp[17][422]=-8.7e+11
dp[18][422]=-8.7e+11
dp[19][422]=-8.7e+11
dp[20][422]=-2.1e+11
Select best dp
Best k=9
dp[2][422]=-135.726
dp[3][422]=-2.4e+11
dp[4][422]=-4.7e+11
dp[5][422]=-4.7e+11
dp[6][422]=-6.8e+11
dp[7][422]=-6.8e+11
dp[8][422]=-8.7e+11
dp[9][422]=-8.7e+11
dp[10][422]=-8.7e+11
dp[11][422]=-8.7e+11
dp[12][422]=-8.7e+11
dp[13][422]=-8.7e+11
dp[14][422]=-8.7e+11
dp[15][422]=-8.7e+11
dp[16][422]=-8.7e+11
dp[17][422]=-8.7e+11
dp[18][422]=-8.7e+11
dp[19][422]=-8.7e+11
dp[20][422]=-2.1e+11
Select best dp
Best k=9
dp[2][422]=-1956.44
dp[3][422]=-1.4e+11
dp[4][422]=-1.4e+11
dp[5][422]=-2.7e+11
dp[6][422]=-2.7e+11
dp[7][422]=-4e+11
dp[8][422]=-4e+11
dp[9][422]=-5e+11
dp[10][422]=-5e+11
dp[11][422]=-6e+11
dp[12][422]=-6e+11
dp[13][422]=-7e+11
dp[14][422]=-7e+11
dp[15][422]=-8e+11
dp[16][422]=-8e+11
dp[17][422]=-8e+11
dp[18][422]=-8e+11
dp[19][422]=-8e+11
dp[20][422]=-8e+11
Select best dp
Best k=17
Stratifying 3-th numerical feature ...
dp[2][422]=-1956.44
dp[3][422]=-1.4e+11
dp[4][422]=-1.4e+11
dp[5][422]=-2.7e+11
dp[6][422]=-2.7e+11
dp[7][422]=-4e+11
dp[8][422]=-4e+11
dp[9][422]=-5e+11
dp[10][422]=-5e+11
dp[11][422]=-6e+11
dp[12][422]=-6e+11
dp[13][422]=-7e+11
dp[14][422]=-7e+11
dp[15][422]=-8e+11
dp[16][422]=-8e+11
dp[17][422]=-8e+11
dp[18][422]=-8e+11
dp[19][422]=-8e+11
dp[20][422]=-8e+11
Select best dp
Best k=17
Stratifying 3-th numerical feature ...
dp[2][422]=-4213.42
dp[3][422]=-4998.77
dp[4][422]=-5454.64
dp[5][422]=-5784.68
dp[6][422]=-5984.28
dp[7][422]=-6112.32
dp[8][422]=-6226.37
dp[9][422]=-6305.28
dp[10][422]=-6382
dp[11][422]=-6396.8
dp[12][422]=-6409.22
dp[13][422]=-6410.02
dp[14][422]=-6391.78
dp[15][422]=-6370.8
dp[16][422]=-6344.38
dp[17][422]=-6292
dp[18][422]=-6230.08
dp[19][422]=-6093.81
dp[20][422]=-5814.01
Select best dp
Best k=13
Stratifying 3-th numerical feature ...
dp[2][422]=-198.889
dp[3][422]=-1.3e+11
dp[4][422]=-1.6e+11
dp[5][422]=-2.4e+11
dp[6][422]=-2.9e+11
dp[7][422]=-3.4e+11
dp[8][422]=-4e+11
dp[9][422]=-4.5e+11
dp[10][422]=-5e+11
dp[11][422]=-5.6e+11
dp[12][422]=-6.1e+11
dp[13][422]=-6.6e+11
dp[14][422]=-7.1e+11
dp[15][422]=-7.5e+11
dp[16][422]=-8e+11
dp[17][422]=-8.5e+11
dp[18][422]=-8.9e+11
dp[19][422]=-9.4e+11
dp[20][422]=-9.9e+11
Select best dp
Best k=20
Stratifying 2-th numerical feature ...
dp[2][422]=-817.508
dp[3][422]=-895.922
dp[4][422]=-891.965
dp[5][422]=-856.551
dp[6][422]=-788.527
dp[7][422]=-702.615
dp[8][422]=-613.203
dp[9][422]=-515.006
dp[10][422]=-416.261
dp[11][422]=-302.04
dp[12][422]=-187.22
dp[13][422]=-69.4973
dp[14][422]=52.9868
dp[15][422]=176.157
dp[16][422]=300.685
dp[17][422]=431.705
dp[18][422]=565.108
dp[19][422]=717.098
dp[20][422]=904.973
Select best dp
Best k=3
Stratifying 3-th numerical feature ...
dp[2][422]=314.463
dp[3][422]=471.695
dp[4][422]=628.927
dp[5][422]=786.158
dp[6][422]=943.39
dp[7][422]=1100.62
dp[8][422]=1257.85
dp[9][422]=1415.09
dp[10][422]=1572.32
dp[11][422]=1729.55
dp[12][422]=1886.78
dp[13][422]=2044.01
dp[14][422]=2201.24
dp[15][422]=2358.48
dp[16][422]=2515.71
dp[17][422]=2672.94
dp[18][422]=2830.17
dp[19][422]=2987.4
dp[20][422]=3144.63
Select best dp
Best k=2
Stratifying 3-th numerical feature ...
dp[2][422]=-1949.48
dp[3][422]=-2263.54
dp[4][422]=-2412.86
dp[5][422]=-2499.26
dp[6][422]=-2520.44
dp[7][422]=-2505.85
dp[8][422]=-2484.26
dp[9][422]=-2445.1
dp[10][422]=-2404.84
dp[11][422]=-2333.63
dp[12][422]=-2261.22
dp[13][422]=-2183.01
dp[14][422]=-2095.27
dp[15][422]=-2006.16
dp[16][422]=-1914.34
dp[17][422]=-1809.53
dp[18][422]=-1699.95
dp[19][422]=-1553.21
dp[20][422]=-1334.69
Select best dp
Best k=6
dp[2][422]=-1949.48
dp[3][422]=-2263.54
dp[4][422]=-2412.86
dp[5][422]=-2499.26
dp[6][422]=-2520.44
dp[7][422]=-2505.85
dp[8][422]=-2484.26
dp[9][422]=-2445.1
dp[10][422]=-2404.84
dp[11][422]=-2333.63
dp[12][422]=-2261.22
dp[13][422]=-2183.01
dp[14][422]=-2095.27
dp[15][422]=-2006.16
dp[16][422]=-1914.34
dp[17][422]=-1809.53
dp[18][422]=-1699.95
dp[19][422]=-1553.21
dp[20][422]=-1334.69
Select best dp
Best k=6
Stratifying 3-th numerical feature ...
Stratifying 3-th numerical feature ...
dp[2][422]=-1949.48
dp[3][422]=-2263.54
dp[4][422]=-2412.86
dp[5][422]=-2499.26
dp[6][422]=-2520.44
dp[7][422]=-2505.85
dp[8][422]=-2484.26
dp[9][422]=-2445.1
dp[10][422]=-2404.84
dp[11][422]=-2333.63
dp[12][422]=-2261.22
dp[13][422]=-2183.01
dp[14][422]=-2095.27
dp[15][422]=-2006.16
dp[16][422]=-1914.34
dp[17][422]=-1809.53
dp[18][422]=-1699.95
dp[19][422]=-1553.21
dp[20][422]=-1334.69
Select best dp
Best k=6
Stratifying 3-th numerical feature ...
dp[2][422]=-1949.48
dp[3][422]=-2263.54
dp[4][422]=-2412.86
dp[5][422]=-2499.26
dp[6][422]=-2520.44
dp[7][422]=-2505.85
dp[8][422]=-2484.26
dp[9][422]=-2445.1
dp[10][422]=-2404.84
dp[11][422]=-2333.63
dp[12][422]=-2261.22
dp[13][422]=-2183.01
dp[14][422]=-2095.27
dp[15][422]=-2006.16
dp[16][422]=-1914.34
dp[17][422]=-1809.53
dp[18][422]=-1699.95
dp[19][422]=-1553.21
dp[20][422]=-1334.69
Select best dp
Best k=6
Stratifying 3-th numerical feature ...
dp[2][422]=-585.914
dp[3][422]=-4.8e+11
dp[4][422]=-9.4e+11
dp[5][422]=-9.4e+11
dp[6][422]=-1.36e+12
dp[7][422]=-1.36e+12
dp[8][422]=-1.74e+12
dp[9][422]=-1.74e+12
dp[10][422]=-1.74e+12
dp[11][422]=-1.74e+12
dp[12][422]=-1.74e+12
dp[13][422]=-1.74e+12
dp[14][422]=-1.74e+12
dp[15][422]=-1.74e+12
dp[16][422]=-1.74e+12
dp[17][422]=-1.74e+12
dp[18][422]=-1.74e+12
dp[19][422]=-1.74e+12
dp[20][422]=-4.2e+11
Select best dp
Best k=14
dp[2][422]=89.3689
dp[3][422]=-1.2e+11
dp[4][422]=-2.35e+11
dp[5][422]=-2.35e+11
dp[6][422]=-3.4e+11
dp[7][422]=-3.4e+11
dp[8][422]=-4.35e+11
dp[9][422]=-4.35e+11
dp[10][422]=-4.35e+11
dp[11][422]=-4.35e+11
dp[12][422]=-4.35e+11
dp[13][422]=-4.35e+11
dp[14][422]=-4.35e+11
dp[15][422]=-4.35e+11
dp[16][422]=-4.35e+11
dp[17][422]=-4.35e+11
dp[18][422]=-4.35e+11
dp[19][422]=-4.35e+11
dp[20][422]=-1.05e+11
Select best dp
Best k=8
dp[2][422]=-135.726
dp[3][422]=-2.4e+11
dp[4][422]=-4.7e+11
dp[5][422]=-6.6e+11
dp[6][422]=-8.7e+11
dp[7][422]=-1.06e+12
dp[8][422]=-1.27e+12
dp[9][422]=-1.46e+12
dp[10][422]=-1.61e+12
dp[11][422]=-1.8e+12
dp[12][422]=-1.98e+12
dp[13][422]=-2.14e+12
dp[14][422]=-2.16e+12
dp[15][422]=-2.32e+12
dp[16][422]=-2.45e+12
dp[17][422]=-2.61e+12
dp[18][422]=-2.72e+12
dp[19][422]=-2.87e+12
dp[20][422]=-3.01e+12
Select best dp
Best k=20
dp[2][422]=-135.726
dp[3][422]=-2.4e+11
dp[4][422]=-4.7e+11
dp[5][422]=-6.6e+11
dp[6][422]=-8.7e+11
dp[7][422]=-1.06e+12
dp[8][422]=-1.27e+12
dp[9][422]=-1.46e+12
dp[10][422]=-1.61e+12
dp[11][422]=-1.8e+12
dp[12][422]=-1.98e+12
dp[13][422]=-2.14e+12
dp[14][422]=-2.16e+12
dp[15][422]=-2.32e+12
dp[16][422]=-2.45e+12
dp[17][422]=-2.61e+12
dp[18][422]=-2.72e+12
dp[19][422]=-2.87e+12
dp[20][422]=-3.01e+12
Select best dp
Best k=20
dp[2][422]=-1956.44
dp[3][422]=-1.4e+11
dp[4][422]=-2e+11
dp[5][422]=-2.8e+11
dp[6][422]=-3.6e+11
dp[7][422]=-4.1e+11
dp[8][422]=-4.9e+11
dp[9][422]=-5.6e+11
dp[10][422]=-6.2e+11
dp[11][422]=-6.9e+11
dp[12][422]=-7.3e+11
dp[13][422]=-8e+11
dp[14][422]=-8.6e+11
dp[15][422]=-9.3e+11
dp[16][422]=-9.8e+11
dp[17][422]=-1.03e+12
dp[18][422]=-1.09e+12
dp[19][422]=-1.16e+12
dp[20][422]=-1.22e+12
Select best dp
Best k=20
Stratifying 3-th numerical feature ...
dp[2][422]=-135.726
dp[3][422]=-2.4e+11
dp[4][422]=-4.7e+11
dp[5][422]=-4.7e+11
dp[6][422]=-6.8e+11
dp[7][422]=-6.8e+11
dp[8][422]=-8.7e+11
dp[9][422]=-8.7e+11
dp[10][422]=-8.7e+11
dp[11][422]=-8.7e+11
dp[12][422]=-8.7e+11
dp[13][422]=-8.7e+11
dp[14][422]=-8.7e+11
dp[15][422]=-8.7e+11
dp[16][422]=-8.7e+11
dp[17][422]=-8.7e+11
dp[18][422]=-8.7e+11
dp[19][422]=-8.7e+11
dp[20][422]=-2.1e+11
Select best dp
Best k=9
dp[2][422]=-135.726
dp[3][422]=-2.4e+11
dp[4][422]=-4.7e+11
dp[5][422]=-4.7e+11
dp[6][422]=-6.8e+11
dp[7][422]=-6.8e+11
dp[8][422]=-8.7e+11
dp[9][422]=-8.7e+11
dp[10][422]=-8.7e+11
dp[11][422]=-8.7e+11
dp[12][422]=-8.7e+11
dp[13][422]=-8.7e+11
dp[14][422]=-8.7e+11
dp[15][422]=-8.7e+11
dp[16][422]=-8.7e+11
dp[17][422]=-8.7e+11
dp[18][422]=-8.7e+11
dp[19][422]=-8.7e+11
dp[20][422]=-2.1e+11
Select best dp
Best k=9
dp[2][422]=79.0752
dp[3][422]=-90.8797
dp[4][422]=-171.513
dp[5][422]=-225.476
dp[6][422]=-255.769
dp[7][422]=-274.61
dp[8][422]=-251.97
dp[9][422]=-216.43
dp[10][422]=-176.922
dp[11][422]=-117.321
dp[12][422]=-47.129
dp[13][422]=29.6374
dp[14][422]=110.046
dp[15][422]=194.108
dp[16][422]=288.248
dp[17][422]=390.899
dp[18][422]=501.878
dp[19][422]=627.522
dp[20][422]=839.227
Select best dp
Best k=7
Stratifying 2-th numerical feature ...
dp[2][422]=-135.726
dp[3][422]=-2.4e+11
dp[4][422]=-4.7e+11
dp[5][422]=-4.7e+11
dp[6][422]=-6.8e+11
dp[7][422]=-6.8e+11
dp[8][422]=-8.7e+11
dp[9][422]=-8.7e+11
dp[10][422]=-8.7e+11
dp[11][422]=-8.7e+11
dp[12][422]=-8.7e+11
dp[13][422]=-8.7e+11
dp[14][422]=-8.7e+11
dp[15][422]=-8.7e+11
dp[16][422]=-8.7e+11
dp[17][422]=-8.7e+11
dp[18][422]=-8.7e+11
dp[19][422]=-8.7e+11
dp[20][422]=-2.1e+11
Select best dp
Best k=9
dp[2][422]=314.463
dp[3][422]=471.695
dp[4][422]=628.927
dp[5][422]=786.158
dp[6][422]=943.39
dp[7][422]=1100.62
dp[8][422]=1257.85
dp[9][422]=1415.09
dp[10][422]=1572.32
dp[11][422]=1729.55
dp[12][422]=1886.78
dp[13][422]=2044.01
dp[14][422]=2201.24
dp[15][422]=2358.48
dp[16][422]=2515.71
dp[17][422]=2672.94
dp[18][422]=2830.17
dp[19][422]=2987.4
dp[20][422]=3144.63
Select best dp
Best k=2
dp[2][422]=-135.726
dp[3][422]=-2.4e+11
dp[4][422]=-4.7e+11
dp[5][422]=-4.7e+11
dp[6][422]=-6.8e+11
dp[7][422]=-6.8e+11
dp[8][422]=-8.7e+11
dp[9][422]=-8.7e+11
dp[10][422]=-8.7e+11
dp[11][422]=-8.7e+11
dp[12][422]=-8.7e+11
dp[13][422]=-8.7e+11
dp[14][422]=-8.7e+11
dp[15][422]=-8.7e+11
dp[16][422]=-8.7e+11
dp[17][422]=-8.7e+11
dp[18][422]=-8.7e+11
dp[19][422]=-8.7e+11
dp[20][422]=-2.1e+11
Select best dp
Best k=9
dp[2][422]=-135.726
dp[3][422]=-2.4e+11
dp[4][422]=-4.7e+11
dp[5][422]=-6.6e+11
dp[6][422]=-8.7e+11
dp[7][422]=-1.06e+12
dp[8][422]=-1.27e+12
dp[9][422]=-1.46e+12
dp[10][422]=-1.61e+12
dp[11][422]=-1.8e+12
dp[12][422]=-1.98e+12
dp[13][422]=-2.14e+12
dp[14][422]=-2.22e+12
dp[15][422]=-2.32e+12
dp[16][422]=-2.45e+12
dp[17][422]=-2.61e+12
dp[18][422]=-2.72e+12
dp[19][422]=-2.87e+12
dp[20][422]=-3.01e+12
Select best dp
Best k=20
dp[2][422]=-1624.52
dp[3][422]=-1972.14
dp[4][422]=-2132.43
dp[5][422]=-2230.84
dp[6][422]=-2254.37
dp[7][422]=-2244.89
dp[8][422]=-2225.67
dp[9][422]=-2188.88
dp[10][422]=-2149.78
dp[11][422]=-2080.11
dp[12][422]=-2009.82
dp[13][422]=-1934.24
dp[14][422]=-1850.02
dp[15][422]=-1763.3
dp[16][422]=-1673.1
dp[17][422]=-1570.17
dp[18][422]=-1462.25
dp[19][422]=-1319.59
dp[20][422]=-1102.53
Select best dp
Best k=6
Stratifying 3-th numerical feature ...
dp[2][422]=148.423
dp[3][422]=-2.4e+11
dp[4][422]=-4.7e+11
dp[5][422]=-4.7e+11
dp[6][422]=-6.8e+11
dp[7][422]=-6.8e+11
dp[8][422]=-8.7e+11
dp[9][422]=-8.7e+11
dp[10][422]=-8.7e+11
dp[11][422]=-8.7e+11
dp[12][422]=-8.7e+11
dp[13][422]=-8.7e+11
dp[14][422]=-8.7e+11
dp[15][422]=-8.7e+11
dp[16][422]=-8.7e+11
dp[17][422]=-8.7e+11
dp[18][422]=-8.7e+11
dp[19][422]=-8.7e+11
dp[20][422]=-2.1e+11
Select best dp
Best k=11
